Using Theano backend.
/usr/local/lib/python3.4/dist-packages/theano/tensor/signal/downsample.py:5: UserWarning: downsample module has been moved to the pool module.
  warnings.warn("downsample module has been moved to the pool module.")
INFO:root:Samples: 141442, no. batches: 10 -> batch size: 14145
INFO:root:Epoch no. 1 of 500 (samples: 141442)
INFO:root:Loss: 6.6633 +/- 0.0016
INFO:root:Epoch no. 2 of 500 (samples: 141442)
INFO:root:Loss: 6.6464 +/- 0.0017
INFO:root:Epoch no. 3 of 500 (samples: 141442)
INFO:root:Loss: 6.6372 +/- 0.0016
INFO:root:Epoch no. 4 of 500 (samples: 141442)
INFO:root:Loss: 6.6287 +/- 0.0014
INFO:root:Epoch no. 5 of 500 (samples: 141442)
INFO:root:Loss: 6.6205 +/- 0.0012
INFO:root:Epoch no. 6 of 500 (samples: 141442)
INFO:root:Loss: 6.6126 +/- 0.0013
INFO:root:Epoch no. 7 of 500 (samples: 141442)
INFO:root:Loss: 6.6051 +/- 0.0013
INFO:root:Epoch no. 8 of 500 (samples: 141442)
INFO:root:Loss: 6.5976 +/- 0.0013
INFO:root:Epoch no. 9 of 500 (samples: 141442)
INFO:root:Loss: 6.5902 +/- 0.0014
INFO:root:Epoch no. 10 of 500 (samples: 141442)
INFO:root:Loss: 6.5833 +/- 0.0014
INFO:root:Epoch no. 11 of 500 (samples: 141442)
INFO:root:Loss: 6.5763 +/- 0.0014
INFO:root:Epoch no. 12 of 500 (samples: 141442)
INFO:root:Loss: 6.5695 +/- 0.0011
INFO:root:Epoch no. 13 of 500 (samples: 141442)
INFO:root:Loss: 6.563 +/- 0.001
INFO:root:Epoch no. 14 of 500 (samples: 141442)
INFO:root:Loss: 6.5566 +/- 0.0015
INFO:root:Epoch no. 15 of 500 (samples: 141442)
INFO:root:Loss: 6.5502 +/- 0.0011
INFO:root:Epoch no. 16 of 500 (samples: 141442)
INFO:root:Loss: 6.544 +/- 0.0013
INFO:root:Epoch no. 17 of 500 (samples: 141442)
INFO:root:Loss: 6.5381 +/- 0.001
INFO:root:Epoch no. 18 of 500 (samples: 141442)
INFO:root:Loss: 6.5319 +/- 0.0012
INFO:root:Epoch no. 19 of 500 (samples: 141442)
INFO:root:Loss: 6.5261 +/- 0.0012
INFO:root:Epoch no. 20 of 500 (samples: 141442)
INFO:root:Loss: 6.5204 +/- 0.001
INFO:root:Epoch no. 21 of 500 (samples: 141442)
INFO:root:Loss: 6.5148 +/- 0.0009
INFO:root:Epoch no. 22 of 500 (samples: 141442)
INFO:root:Loss: 6.5093 +/- 0.0011
INFO:root:Epoch no. 23 of 500 (samples: 141442)
INFO:root:Loss: 6.5038 +/- 0.0008
INFO:root:Epoch no. 24 of 500 (samples: 141442)
INFO:root:Loss: 6.4985 +/- 0.0012
INFO:root:Epoch no. 25 of 500 (samples: 141442)
INFO:root:Loss: 6.4933 +/- 0.001
INFO:root:Epoch no. 26 of 500 (samples: 141442)
INFO:root:Loss: 6.4883 +/- 0.0008
INFO:root:Epoch no. 27 of 500 (samples: 141442)
INFO:root:Loss: 6.4832 +/- 0.0013
INFO:root:Epoch no. 28 of 500 (samples: 141442)
INFO:root:Loss: 6.4783 +/- 0.001
INFO:root:Epoch no. 29 of 500 (samples: 141442)
INFO:root:Loss: 6.4734 +/- 0.0011
INFO:root:Epoch no. 30 of 500 (samples: 141442)
INFO:root:Loss: 6.4684 +/- 0.0013
INFO:root:Epoch no. 31 of 500 (samples: 141442)
INFO:root:Loss: 6.464 +/- 0.001
INFO:root:Epoch no. 32 of 500 (samples: 141442)
INFO:root:Loss: 6.4592 +/- 0.0011
INFO:root:Epoch no. 33 of 500 (samples: 141442)
INFO:root:Loss: 6.4547 +/- 0.001
INFO:root:Epoch no. 34 of 500 (samples: 141442)
INFO:root:Loss: 6.4502 +/- 0.001
INFO:root:Epoch no. 35 of 500 (samples: 141442)
INFO:root:Loss: 6.4457 +/- 0.0008
INFO:root:Epoch no. 36 of 500 (samples: 141442)
INFO:root:Loss: 6.4414 +/- 0.0008
INFO:root:Epoch no. 37 of 500 (samples: 141442)
INFO:root:Loss: 6.4369 +/- 0.0008
INFO:root:Epoch no. 38 of 500 (samples: 141442)
INFO:root:Loss: 6.4327 +/- 0.0008
INFO:root:Epoch no. 39 of 500 (samples: 141442)
INFO:root:Loss: 6.4286 +/- 0.0009
INFO:root:Epoch no. 40 of 500 (samples: 141442)
INFO:root:Loss: 6.4246 +/- 0.0011
INFO:root:Epoch no. 41 of 500 (samples: 141442)
INFO:root:Loss: 6.4203 +/- 0.0008
INFO:root:Epoch no. 42 of 500 (samples: 141442)
INFO:root:Loss: 6.4164 +/- 0.0007
INFO:root:Epoch no. 43 of 500 (samples: 141442)
INFO:root:Loss: 6.4124 +/- 0.0008
INFO:root:Epoch no. 44 of 500 (samples: 141442)
INFO:root:Loss: 6.4085 +/- 0.0006
INFO:root:Epoch no. 45 of 500 (samples: 141442)
INFO:root:Loss: 6.4044 +/- 0.0009
INFO:root:Epoch no. 46 of 500 (samples: 141442)
INFO:root:Loss: 6.4008 +/- 0.0009
INFO:root:Epoch no. 47 of 500 (samples: 141442)
INFO:root:Loss: 6.3967 +/- 0.0009
INFO:root:Epoch no. 48 of 500 (samples: 141442)
INFO:root:Loss: 6.3933 +/- 0.0007
INFO:root:Epoch no. 49 of 500 (samples: 141442)
INFO:root:Loss: 6.3894 +/- 0.0006
INFO:root:Epoch no. 50 of 500 (samples: 141442)
INFO:root:Loss: 6.3858 +/- 0.0005
INFO:root:Epoch no. 51 of 500 (samples: 141442)
INFO:root:Loss: 6.382 +/- 0.0008
INFO:root:Epoch no. 52 of 500 (samples: 141442)
INFO:root:Loss: 6.3785 +/- 0.0011
INFO:root:Epoch no. 53 of 500 (samples: 141442)
INFO:root:Loss: 6.3752 +/- 0.0006
INFO:root:Epoch no. 54 of 500 (samples: 141442)
INFO:root:Loss: 6.3716 +/- 0.0008
INFO:root:Epoch no. 55 of 500 (samples: 141442)
INFO:root:Loss: 6.3682 +/- 0.0008
INFO:root:Epoch no. 56 of 500 (samples: 141442)
INFO:root:Loss: 6.3647 +/- 0.001
INFO:root:Epoch no. 57 of 500 (samples: 141442)
INFO:root:Loss: 6.3612 +/- 0.0008
INFO:root:Epoch no. 58 of 500 (samples: 141442)
INFO:root:Loss: 6.3579 +/- 0.0007
INFO:root:Epoch no. 59 of 500 (samples: 141442)
INFO:root:Loss: 6.3544 +/- 0.0012
INFO:root:Epoch no. 60 of 500 (samples: 141442)
INFO:root:Loss: 6.3514 +/- 0.0012
INFO:root:Epoch no. 61 of 500 (samples: 141442)
INFO:root:Loss: 6.3482 +/- 0.001
INFO:root:Epoch no. 62 of 500 (samples: 141442)
INFO:root:Loss: 6.3449 +/- 0.0012
INFO:root:Epoch no. 63 of 500 (samples: 141442)
INFO:root:Loss: 6.3415 +/- 0.0008
INFO:root:Epoch no. 64 of 500 (samples: 141442)
INFO:root:Loss: 6.3384 +/- 0.0014
INFO:root:Epoch no. 65 of 500 (samples: 141442)
INFO:root:Loss: 6.3351 +/- 0.0007
INFO:root:Epoch no. 66 of 500 (samples: 141442)
INFO:root:Loss: 6.3322 +/- 0.0007
INFO:root:Epoch no. 67 of 500 (samples: 141442)
INFO:root:Loss: 6.3293 +/- 0.0008
INFO:root:Epoch no. 68 of 500 (samples: 141442)
INFO:root:Loss: 6.3258 +/- 0.0007
INFO:root:Epoch no. 69 of 500 (samples: 141442)
INFO:root:Loss: 6.3229 +/- 0.0006
INFO:root:Epoch no. 70 of 500 (samples: 141442)
INFO:root:Loss: 6.3203 +/- 0.001
INFO:root:Epoch no. 71 of 500 (samples: 141442)
INFO:root:Loss: 6.3172 +/- 0.0009
INFO:root:Epoch no. 72 of 500 (samples: 141442)
INFO:root:Loss: 6.314 +/- 0.0009
INFO:root:Epoch no. 73 of 500 (samples: 141442)
INFO:root:Loss: 6.3113 +/- 0.0008
INFO:root:Epoch no. 74 of 500 (samples: 141442)
INFO:root:Loss: 6.3083 +/- 0.0004
INFO:root:Epoch no. 75 of 500 (samples: 141442)
INFO:root:Loss: 6.3055 +/- 0.0005
INFO:root:Epoch no. 76 of 500 (samples: 141442)
INFO:root:Loss: 6.3024 +/- 0.0009
INFO:root:Epoch no. 77 of 500 (samples: 141442)
INFO:root:Loss: 6.2999 +/- 0.0008
INFO:root:Epoch no. 78 of 500 (samples: 141442)
INFO:root:Loss: 6.297 +/- 0.0011
INFO:root:Epoch no. 79 of 500 (samples: 141442)
INFO:root:Loss: 6.2942 +/- 0.001
INFO:root:Epoch no. 80 of 500 (samples: 141442)
INFO:root:Loss: 6.2912 +/- 0.0007
INFO:root:Epoch no. 81 of 500 (samples: 141442)
INFO:root:Loss: 6.2888 +/- 0.0008
INFO:root:Epoch no. 82 of 500 (samples: 141442)
INFO:root:Loss: 6.2858 +/- 0.0007
INFO:root:Epoch no. 83 of 500 (samples: 141442)
INFO:root:Loss: 6.2833 +/- 0.0011
INFO:root:Epoch no. 84 of 500 (samples: 141442)
INFO:root:Loss: 6.2806 +/- 0.0007
INFO:root:Epoch no. 85 of 500 (samples: 141442)
INFO:root:Loss: 6.278 +/- 0.0011
INFO:root:Epoch no. 86 of 500 (samples: 141442)
INFO:root:Loss: 6.2751 +/- 0.0009
INFO:root:Epoch no. 87 of 500 (samples: 141442)
INFO:root:Loss: 6.2728 +/- 0.0009
INFO:root:Epoch no. 88 of 500 (samples: 141442)
INFO:root:Loss: 6.2699 +/- 0.0008
INFO:root:Epoch no. 89 of 500 (samples: 141442)
INFO:root:Loss: 6.2675 +/- 0.0008
INFO:root:Epoch no. 90 of 500 (samples: 141442)
INFO:root:Loss: 6.2647 +/- 0.0008
INFO:root:Epoch no. 91 of 500 (samples: 141442)
INFO:root:Loss: 6.2622 +/- 0.0006
INFO:root:Epoch no. 92 of 500 (samples: 141442)
INFO:root:Loss: 6.2596 +/- 0.0006
INFO:root:Epoch no. 93 of 500 (samples: 141442)
INFO:root:Loss: 6.2569 +/- 0.0011
INFO:root:Epoch no. 94 of 500 (samples: 141442)
INFO:root:Loss: 6.2547 +/- 0.0011
INFO:root:Epoch no. 95 of 500 (samples: 141442)
INFO:root:Loss: 6.252 +/- 0.0011
INFO:root:Epoch no. 96 of 500 (samples: 141442)
INFO:root:Loss: 6.2495 +/- 0.0011
INFO:root:Epoch no. 97 of 500 (samples: 141442)
INFO:root:Loss: 6.2474 +/- 0.001
INFO:root:Epoch no. 98 of 500 (samples: 141442)
INFO:root:Loss: 6.2449 +/- 0.0006
INFO:root:Epoch no. 99 of 500 (samples: 141442)
INFO:root:Loss: 6.2425 +/- 0.0008
INFO:root:Epoch no. 100 of 500 (samples: 141442)
INFO:root:Loss: 6.2401 +/- 0.001
INFO:root:Epoch no. 101 of 500 (samples: 141442)
INFO:root:Loss: 6.2377 +/- 0.0011
INFO:root:Epoch no. 102 of 500 (samples: 141442)
INFO:root:Loss: 6.2351 +/- 0.0008
INFO:root:Epoch no. 103 of 500 (samples: 141442)
INFO:root:Loss: 6.2329 +/- 0.0007
INFO:root:Epoch no. 104 of 500 (samples: 141442)
INFO:root:Loss: 6.2307 +/- 0.0011
INFO:root:Epoch no. 105 of 500 (samples: 141442)
INFO:root:Loss: 6.2282 +/- 0.0011
INFO:root:Epoch no. 106 of 500 (samples: 141442)
INFO:root:Loss: 6.2258 +/- 0.0007
INFO:root:Epoch no. 107 of 500 (samples: 141442)
INFO:root:Loss: 6.2232 +/- 0.0016
INFO:root:Epoch no. 108 of 500 (samples: 141442)
INFO:root:Loss: 6.2212 +/- 0.0007
INFO:root:Epoch no. 109 of 500 (samples: 141442)
INFO:root:Loss: 6.219 +/- 0.0006
INFO:root:Epoch no. 110 of 500 (samples: 141442)
INFO:root:Loss: 6.2165 +/- 0.0014
INFO:root:Epoch no. 111 of 500 (samples: 141442)
INFO:root:Loss: 6.2146 +/- 0.0008
INFO:root:Epoch no. 112 of 500 (samples: 141442)
INFO:root:Loss: 6.2122 +/- 0.0012
INFO:root:Epoch no. 113 of 500 (samples: 141442)
INFO:root:Loss: 6.2099 +/- 0.0008
INFO:root:Epoch no. 114 of 500 (samples: 141442)
INFO:root:Loss: 6.2075 +/- 0.0008
INFO:root:Epoch no. 115 of 500 (samples: 141442)
INFO:root:Loss: 6.2053 +/- 0.0008
INFO:root:Epoch no. 116 of 500 (samples: 141442)
INFO:root:Loss: 6.203 +/- 0.0013
INFO:root:Epoch no. 117 of 500 (samples: 141442)
INFO:root:Loss: 6.201 +/- 0.0011
INFO:root:Epoch no. 118 of 500 (samples: 141442)
INFO:root:Loss: 6.199 +/- 0.0011
INFO:root:Epoch no. 119 of 500 (samples: 141442)
INFO:root:Loss: 6.1965 +/- 0.0012
INFO:root:Epoch no. 120 of 500 (samples: 141442)
INFO:root:Loss: 6.1947 +/- 0.0011
INFO:root:Epoch no. 121 of 500 (samples: 141442)
INFO:root:Loss: 6.1925 +/- 0.001
INFO:root:Epoch no. 122 of 500 (samples: 141442)
INFO:root:Loss: 6.19 +/- 0.0012
INFO:root:Epoch no. 123 of 500 (samples: 141442)
INFO:root:Loss: 6.1879 +/- 0.0016
INFO:root:Epoch no. 124 of 500 (samples: 141442)
INFO:root:Loss: 6.1861 +/- 0.0008
INFO:root:Epoch no. 125 of 500 (samples: 141442)
INFO:root:Loss: 6.1838 +/- 0.0013
INFO:root:Epoch no. 126 of 500 (samples: 141442)
INFO:root:Loss: 6.1818 +/- 0.0006
INFO:root:Epoch no. 127 of 500 (samples: 141442)
INFO:root:Loss: 6.1797 +/- 0.0005
INFO:root:Epoch no. 128 of 500 (samples: 141442)
INFO:root:Loss: 6.1774 +/- 0.0011
INFO:root:Epoch no. 129 of 500 (samples: 141442)
INFO:root:Loss: 6.1753 +/- 0.001
INFO:root:Epoch no. 130 of 500 (samples: 141442)
INFO:root:Loss: 6.1738 +/- 0.0012
INFO:root:Epoch no. 131 of 500 (samples: 141442)
INFO:root:Loss: 6.1715 +/- 0.0009
INFO:root:Epoch no. 132 of 500 (samples: 141442)
INFO:root:Loss: 6.1695 +/- 0.0011
INFO:root:Epoch no. 133 of 500 (samples: 141442)
INFO:root:Loss: 6.1673 +/- 0.0012
INFO:root:Epoch no. 134 of 500 (samples: 141442)
INFO:root:Loss: 6.1656 +/- 0.0011
INFO:root:Epoch no. 135 of 500 (samples: 141442)
INFO:root:Loss: 6.1633 +/- 0.0012
INFO:root:Epoch no. 136 of 500 (samples: 141442)
INFO:root:Loss: 6.1615 +/- 0.0011
INFO:root:Epoch no. 137 of 500 (samples: 141442)
INFO:root:Loss: 6.1599 +/- 0.0013
INFO:root:Epoch no. 138 of 500 (samples: 141442)
INFO:root:Loss: 6.1577 +/- 0.0012
INFO:root:Epoch no. 139 of 500 (samples: 141442)
INFO:root:Loss: 6.1556 +/- 0.0013
INFO:root:Epoch no. 140 of 500 (samples: 141442)
INFO:root:Loss: 6.1534 +/- 0.0013
INFO:root:Epoch no. 141 of 500 (samples: 141442)
INFO:root:Loss: 6.1517 +/- 0.001
INFO:root:Epoch no. 142 of 500 (samples: 141442)
INFO:root:Loss: 6.1497 +/- 0.0017
INFO:root:Epoch no. 143 of 500 (samples: 141442)
INFO:root:Loss: 6.148 +/- 0.0005
INFO:root:Epoch no. 144 of 500 (samples: 141442)
INFO:root:Loss: 6.1459 +/- 0.0012
INFO:root:Epoch no. 145 of 500 (samples: 141442)
INFO:root:Loss: 6.1438 +/- 0.0007
INFO:root:Epoch no. 146 of 500 (samples: 141442)
INFO:root:Loss: 6.1416 +/- 0.0011
INFO:root:Epoch no. 147 of 500 (samples: 141442)
INFO:root:Loss: 6.1401 +/- 0.0012
INFO:root:Epoch no. 148 of 500 (samples: 141442)
INFO:root:Loss: 6.1382 +/- 0.0007
INFO:root:Epoch no. 149 of 500 (samples: 141442)
INFO:root:Loss: 6.1363 +/- 0.001
INFO:root:Epoch no. 150 of 500 (samples: 141442)
INFO:root:Loss: 6.1344 +/- 0.0012
INFO:root:Epoch no. 151 of 500 (samples: 141442)
INFO:root:Loss: 6.1325 +/- 0.0014
INFO:root:Epoch no. 152 of 500 (samples: 141442)
INFO:root:Loss: 6.131 +/- 0.001
INFO:root:Epoch no. 153 of 500 (samples: 141442)
INFO:root:Loss: 6.1287 +/- 0.0012
INFO:root:Epoch no. 154 of 500 (samples: 141442)
INFO:root:Loss: 6.1266 +/- 0.001
INFO:root:Epoch no. 155 of 500 (samples: 141442)
INFO:root:Loss: 6.1247 +/- 0.0011
INFO:root:Epoch no. 156 of 500 (samples: 141442)
INFO:root:Loss: 6.1232 +/- 0.001
INFO:root:Epoch no. 157 of 500 (samples: 141442)
INFO:root:Loss: 6.121 +/- 0.0009
INFO:root:Epoch no. 158 of 500 (samples: 141442)
INFO:root:Loss: 6.1196 +/- 0.0009
INFO:root:Epoch no. 159 of 500 (samples: 141442)
INFO:root:Loss: 6.1181 +/- 0.0012
INFO:root:Epoch no. 160 of 500 (samples: 141442)
INFO:root:Loss: 6.1157 +/- 0.0007
INFO:root:Epoch no. 161 of 500 (samples: 141442)
INFO:root:Loss: 6.114 +/- 0.001
INFO:root:Epoch no. 162 of 500 (samples: 141442)
INFO:root:Loss: 6.1124 +/- 0.0013
INFO:root:Epoch no. 163 of 500 (samples: 141442)
INFO:root:Loss: 6.1106 +/- 0.001
INFO:root:Epoch no. 164 of 500 (samples: 141442)
INFO:root:Loss: 6.1086 +/- 0.0012
INFO:root:Epoch no. 165 of 500 (samples: 141442)
INFO:root:Loss: 6.1072 +/- 0.0013
INFO:root:Epoch no. 166 of 500 (samples: 141442)
INFO:root:Loss: 6.1051 +/- 0.001
INFO:root:Epoch no. 167 of 500 (samples: 141442)
INFO:root:Loss: 6.1034 +/- 0.0008
INFO:root:Epoch no. 168 of 500 (samples: 141442)
INFO:root:Loss: 6.1019 +/- 0.0012
INFO:root:Epoch no. 169 of 500 (samples: 141442)
INFO:root:Loss: 6.1001 +/- 0.0009
INFO:root:Epoch no. 170 of 500 (samples: 141442)
INFO:root:Loss: 6.0979 +/- 0.0016
INFO:root:Epoch no. 171 of 500 (samples: 141442)
INFO:root:Loss: 6.0967 +/- 0.0008
INFO:root:Epoch no. 172 of 500 (samples: 141442)
INFO:root:Loss: 6.0946 +/- 0.001
INFO:root:Epoch no. 173 of 500 (samples: 141442)
INFO:root:Loss: 6.0931 +/- 0.0011
INFO:root:Epoch no. 174 of 500 (samples: 141442)
INFO:root:Loss: 6.0913 +/- 0.0011
INFO:root:Epoch no. 175 of 500 (samples: 141442)
INFO:root:Loss: 6.0891 +/- 0.0017
INFO:root:Epoch no. 176 of 500 (samples: 141442)
INFO:root:Loss: 6.0878 +/- 0.0012
INFO:root:Epoch no. 177 of 500 (samples: 141442)
INFO:root:Loss: 6.0859 +/- 0.0011
INFO:root:Epoch no. 178 of 500 (samples: 141442)
INFO:root:Loss: 6.0843 +/- 0.0009
INFO:root:Epoch no. 179 of 500 (samples: 141442)
INFO:root:Loss: 6.0827 +/- 0.0009
INFO:root:Epoch no. 180 of 500 (samples: 141442)
INFO:root:Loss: 6.081 +/- 0.0011
INFO:root:Epoch no. 181 of 500 (samples: 141442)
INFO:root:Loss: 6.0793 +/- 0.0011
INFO:root:Epoch no. 182 of 500 (samples: 141442)
INFO:root:Loss: 6.0773 +/- 0.001
INFO:root:Epoch no. 183 of 500 (samples: 141442)
INFO:root:Loss: 6.0759 +/- 0.0012
INFO:root:Epoch no. 184 of 500 (samples: 141442)
INFO:root:Loss: 6.0747 +/- 0.0012
INFO:root:Epoch no. 185 of 500 (samples: 141442)
INFO:root:Loss: 6.0729 +/- 0.0011
INFO:root:Epoch no. 186 of 500 (samples: 141442)
INFO:root:Loss: 6.0709 +/- 0.0011
INFO:root:Epoch no. 187 of 500 (samples: 141442)
INFO:root:Loss: 6.0692 +/- 0.0013
INFO:root:Epoch no. 188 of 500 (samples: 141442)
INFO:root:Loss: 6.0678 +/- 0.001
INFO:root:Epoch no. 189 of 500 (samples: 141442)
INFO:root:Loss: 6.0663 +/- 0.001
INFO:root:Epoch no. 190 of 500 (samples: 141442)
INFO:root:Loss: 6.0644 +/- 0.0007
INFO:root:Epoch no. 191 of 500 (samples: 141442)
INFO:root:Loss: 6.063 +/- 0.0012
INFO:root:Epoch no. 192 of 500 (samples: 141442)
INFO:root:Loss: 6.0613 +/- 0.0007
INFO:root:Epoch no. 193 of 500 (samples: 141442)
INFO:root:Loss: 6.0597 +/- 0.0012
INFO:root:Epoch no. 194 of 500 (samples: 141442)
INFO:root:Loss: 6.0579 +/- 0.0012
INFO:root:Epoch no. 195 of 500 (samples: 141442)
INFO:root:Loss: 6.0565 +/- 0.0014
INFO:root:Epoch no. 196 of 500 (samples: 141442)
INFO:root:Loss: 6.0544 +/- 0.0008
INFO:root:Epoch no. 197 of 500 (samples: 141442)
INFO:root:Loss: 6.0531 +/- 0.0015
INFO:root:Epoch no. 198 of 500 (samples: 141442)
INFO:root:Loss: 6.0515 +/- 0.0013
INFO:root:Epoch no. 199 of 500 (samples: 141442)
INFO:root:Loss: 6.0499 +/- 0.0011
INFO:root:Epoch no. 200 of 500 (samples: 141442)
INFO:root:Loss: 6.0483 +/- 0.001
INFO:root:Epoch no. 201 of 500 (samples: 141442)
INFO:root:Loss: 6.0468 +/- 0.0009
INFO:root:Epoch no. 202 of 500 (samples: 141442)
INFO:root:Loss: 6.0455 +/- 0.0012
INFO:root:Epoch no. 203 of 500 (samples: 141442)
INFO:root:Loss: 6.0438 +/- 0.0011
INFO:root:Epoch no. 204 of 500 (samples: 141442)
INFO:root:Loss: 6.0421 +/- 0.001
INFO:root:Epoch no. 205 of 500 (samples: 141442)
INFO:root:Loss: 6.0407 +/- 0.001
INFO:root:Epoch no. 206 of 500 (samples: 141442)
INFO:root:Loss: 6.0389 +/- 0.0013
INFO:root:Epoch no. 207 of 500 (samples: 141442)
INFO:root:Loss: 6.0375 +/- 0.0012
INFO:root:Epoch no. 208 of 500 (samples: 141442)
INFO:root:Loss: 6.0356 +/- 0.0012
INFO:root:Epoch no. 209 of 500 (samples: 141442)
INFO:root:Loss: 6.0344 +/- 0.0008
INFO:root:Epoch no. 210 of 500 (samples: 141442)
INFO:root:Loss: 6.0328 +/- 0.0016
INFO:root:Epoch no. 211 of 500 (samples: 141442)
INFO:root:Loss: 6.0314 +/- 0.001
INFO:root:Epoch no. 212 of 500 (samples: 141442)
INFO:root:Loss: 6.0298 +/- 0.001
INFO:root:Epoch no. 213 of 500 (samples: 141442)
INFO:root:Loss: 6.0284 +/- 0.0011
INFO:root:Epoch no. 214 of 500 (samples: 141442)
INFO:root:Loss: 6.0268 +/- 0.0012
INFO:root:Epoch no. 215 of 500 (samples: 141442)
INFO:root:Loss: 6.0255 +/- 0.0009
INFO:root:Epoch no. 216 of 500 (samples: 141442)
INFO:root:Loss: 6.0236 +/- 0.0011
INFO:root:Epoch no. 217 of 500 (samples: 141442)
INFO:root:Loss: 6.0224 +/- 0.0011
INFO:root:Epoch no. 218 of 500 (samples: 141442)
INFO:root:Loss: 6.0207 +/- 0.001
INFO:root:Epoch no. 219 of 500 (samples: 141442)
INFO:root:Loss: 6.019 +/- 0.0011
INFO:root:Epoch no. 220 of 500 (samples: 141442)
INFO:root:Loss: 6.0179 +/- 0.001
INFO:root:Epoch no. 221 of 500 (samples: 141442)
INFO:root:Loss: 6.016 +/- 0.0012
INFO:root:Epoch no. 222 of 500 (samples: 141442)
INFO:root:Loss: 6.0145 +/- 0.0014
INFO:root:Epoch no. 223 of 500 (samples: 141442)
INFO:root:Loss: 6.0133 +/- 0.0011
INFO:root:Epoch no. 224 of 500 (samples: 141442)
INFO:root:Loss: 6.0118 +/- 0.0011
INFO:root:Epoch no. 225 of 500 (samples: 141442)
INFO:root:Loss: 6.0104 +/- 0.0015
INFO:root:Epoch no. 226 of 500 (samples: 141442)
INFO:root:Loss: 6.0087 +/- 0.0012
INFO:root:Epoch no. 227 of 500 (samples: 141442)
INFO:root:Loss: 6.0074 +/- 0.0007
INFO:root:Epoch no. 228 of 500 (samples: 141442)
INFO:root:Loss: 6.0061 +/- 0.0013
INFO:root:Epoch no. 229 of 500 (samples: 141442)
INFO:root:Loss: 6.0047 +/- 0.001
INFO:root:Epoch no. 230 of 500 (samples: 141442)
INFO:root:Loss: 6.0034 +/- 0.0018
INFO:root:Epoch no. 231 of 500 (samples: 141442)
INFO:root:Loss: 6.0016 +/- 0.0013
INFO:root:Epoch no. 232 of 500 (samples: 141442)
INFO:root:Loss: 6.0 +/- 0.0014
INFO:root:Epoch no. 233 of 500 (samples: 141442)
INFO:root:Loss: 5.9985 +/- 0.0013
INFO:root:Epoch no. 234 of 500 (samples: 141442)
INFO:root:Loss: 5.997 +/- 0.001
INFO:root:Epoch no. 235 of 500 (samples: 141442)
INFO:root:Loss: 5.9961 +/- 0.0014
INFO:root:Epoch no. 236 of 500 (samples: 141442)
INFO:root:Loss: 5.9944 +/- 0.0012
INFO:root:Epoch no. 237 of 500 (samples: 141442)
INFO:root:Loss: 5.9931 +/- 0.0009
INFO:root:Epoch no. 238 of 500 (samples: 141442)
INFO:root:Loss: 5.9915 +/- 0.0012
INFO:root:Epoch no. 239 of 500 (samples: 141442)
INFO:root:Loss: 5.9902 +/- 0.0009
INFO:root:Epoch no. 240 of 500 (samples: 141442)
INFO:root:Loss: 5.9886 +/- 0.0008
INFO:root:Epoch no. 241 of 500 (samples: 141442)
INFO:root:Loss: 5.9877 +/- 0.0011
INFO:root:Epoch no. 242 of 500 (samples: 141442)
INFO:root:Loss: 5.9858 +/- 0.0012
INFO:root:Epoch no. 243 of 500 (samples: 141442)
INFO:root:Loss: 5.9848 +/- 0.0016
INFO:root:Epoch no. 244 of 500 (samples: 141442)
INFO:root:Loss: 5.9828 +/- 0.0015
INFO:root:Epoch no. 245 of 500 (samples: 141442)
INFO:root:Loss: 5.9817 +/- 0.0021
INFO:root:Epoch no. 246 of 500 (samples: 141442)
INFO:root:Loss: 5.9809 +/- 0.0016
INFO:root:Epoch no. 247 of 500 (samples: 141442)
INFO:root:Loss: 5.9791 +/- 0.0009
INFO:root:Epoch no. 248 of 500 (samples: 141442)
INFO:root:Loss: 5.9776 +/- 0.0016
INFO:root:Epoch no. 249 of 500 (samples: 141442)
INFO:root:Loss: 5.9758 +/- 0.0014
INFO:root:Epoch no. 250 of 500 (samples: 141442)
INFO:root:Loss: 5.9748 +/- 0.001
INFO:root:Epoch no. 251 of 500 (samples: 141442)
INFO:root:Loss: 5.9734 +/- 0.0018
INFO:root:Epoch no. 252 of 500 (samples: 141442)
INFO:root:Loss: 5.9725 +/- 0.0008
INFO:root:Epoch no. 253 of 500 (samples: 141442)
INFO:root:Loss: 5.9706 +/- 0.0012
INFO:root:Epoch no. 254 of 500 (samples: 141442)
INFO:root:Loss: 5.9692 +/- 0.0012
INFO:root:Epoch no. 255 of 500 (samples: 141442)
INFO:root:Loss: 5.9682 +/- 0.0012
INFO:root:Epoch no. 256 of 500 (samples: 141442)
INFO:root:Loss: 5.9669 +/- 0.002
INFO:root:Epoch no. 257 of 500 (samples: 141442)
INFO:root:Loss: 5.9655 +/- 0.0014
INFO:root:Epoch no. 258 of 500 (samples: 141442)
INFO:root:Loss: 5.9644 +/- 0.001
INFO:root:Epoch no. 259 of 500 (samples: 141442)
INFO:root:Loss: 5.9631 +/- 0.0015
INFO:root:Epoch no. 260 of 500 (samples: 141442)
INFO:root:Loss: 5.9615 +/- 0.0013
INFO:root:Epoch no. 261 of 500 (samples: 141442)
INFO:root:Loss: 5.9603 +/- 0.0011
INFO:root:Epoch no. 262 of 500 (samples: 141442)
INFO:root:Loss: 5.9591 +/- 0.0017
INFO:root:Epoch no. 263 of 500 (samples: 141442)
INFO:root:Loss: 5.9568 +/- 0.0016
INFO:root:Epoch no. 264 of 500 (samples: 141442)
INFO:root:Loss: 5.9561 +/- 0.0014
INFO:root:Epoch no. 265 of 500 (samples: 141442)
INFO:root:Loss: 5.9545 +/- 0.0014
INFO:root:Epoch no. 266 of 500 (samples: 141442)
INFO:root:Loss: 5.9532 +/- 0.0011
INFO:root:Epoch no. 267 of 500 (samples: 141442)
INFO:root:Loss: 5.9516 +/- 0.0013
INFO:root:Epoch no. 268 of 500 (samples: 141442)
INFO:root:Loss: 5.9511 +/- 0.0022
INFO:root:Epoch no. 269 of 500 (samples: 141442)
INFO:root:Loss: 5.9488 +/- 0.0021
INFO:root:Epoch no. 270 of 500 (samples: 141442)
INFO:root:Loss: 5.9484 +/- 0.0014
INFO:root:Epoch no. 271 of 500 (samples: 141442)
INFO:root:Loss: 5.9465 +/- 0.0007
INFO:root:Epoch no. 272 of 500 (samples: 141442)
INFO:root:Loss: 5.9455 +/- 0.0013
INFO:root:Epoch no. 273 of 500 (samples: 141442)
INFO:root:Loss: 5.9441 +/- 0.0016
INFO:root:Epoch no. 274 of 500 (samples: 141442)
INFO:root:Loss: 5.9427 +/- 0.0014
INFO:root:Epoch no. 275 of 500 (samples: 141442)
INFO:root:Loss: 5.9416 +/- 0.0011
INFO:root:Epoch no. 276 of 500 (samples: 141442)
INFO:root:Loss: 5.9403 +/- 0.0013
INFO:root:Epoch no. 277 of 500 (samples: 141442)
INFO:root:Loss: 5.939 +/- 0.0011
INFO:root:Epoch no. 278 of 500 (samples: 141442)
INFO:root:Loss: 5.9376 +/- 0.0015
INFO:root:Epoch no. 279 of 500 (samples: 141442)
INFO:root:Loss: 5.9365 +/- 0.0017
INFO:root:Epoch no. 280 of 500 (samples: 141442)
INFO:root:Loss: 5.9349 +/- 0.002
INFO:root:Epoch no. 281 of 500 (samples: 141442)
INFO:root:Loss: 5.9336 +/- 0.0012
INFO:root:Epoch no. 282 of 500 (samples: 141442)
INFO:root:Loss: 5.9327 +/- 0.0012
INFO:root:Epoch no. 283 of 500 (samples: 141442)
INFO:root:Loss: 5.9311 +/- 0.0017
INFO:root:Epoch no. 284 of 500 (samples: 141442)
INFO:root:Loss: 5.93 +/- 0.0012
INFO:root:Epoch no. 285 of 500 (samples: 141442)
INFO:root:Loss: 5.9283 +/- 0.0011
INFO:root:Epoch no. 286 of 500 (samples: 141442)
INFO:root:Loss: 5.9272 +/- 0.0015
INFO:root:Epoch no. 287 of 500 (samples: 141442)
INFO:root:Loss: 5.9259 +/- 0.0011
INFO:root:Epoch no. 288 of 500 (samples: 141442)
INFO:root:Loss: 5.9248 +/- 0.0015
INFO:root:Epoch no. 289 of 500 (samples: 141442)
INFO:root:Loss: 5.9237 +/- 0.0021
INFO:root:Epoch no. 290 of 500 (samples: 141442)
INFO:root:Loss: 5.9222 +/- 0.0012
INFO:root:Epoch no. 291 of 500 (samples: 141442)
INFO:root:Loss: 5.9213 +/- 0.0015
INFO:root:Epoch no. 292 of 500 (samples: 141442)
INFO:root:Loss: 5.92 +/- 0.0016
INFO:root:Epoch no. 293 of 500 (samples: 141442)
INFO:root:Loss: 5.9189 +/- 0.0013
INFO:root:Epoch no. 294 of 500 (samples: 141442)
INFO:root:Loss: 5.9177 +/- 0.0013
INFO:root:Epoch no. 295 of 500 (samples: 141442)
INFO:root:Loss: 5.9167 +/- 0.0016
INFO:root:Epoch no. 296 of 500 (samples: 141442)
INFO:root:Loss: 5.9144 +/- 0.0019
INFO:root:Epoch no. 297 of 500 (samples: 141442)
INFO:root:Loss: 5.9136 +/- 0.0014
INFO:root:Epoch no. 298 of 500 (samples: 141442)
INFO:root:Loss: 5.9122 +/- 0.0008
INFO:root:Epoch no. 299 of 500 (samples: 141442)
INFO:root:Loss: 5.9112 +/- 0.0018
INFO:root:Epoch no. 300 of 500 (samples: 141442)
INFO:root:Loss: 5.9103 +/- 0.0015
INFO:root:Epoch no. 301 of 500 (samples: 141442)
INFO:root:Loss: 5.9085 +/- 0.0015
INFO:root:Epoch no. 302 of 500 (samples: 141442)
INFO:root:Loss: 5.9077 +/- 0.0016
INFO:root:Epoch no. 303 of 500 (samples: 141442)
INFO:root:Loss: 5.9064 +/- 0.0011
INFO:root:Epoch no. 304 of 500 (samples: 141442)
INFO:root:Loss: 5.9046 +/- 0.0012
INFO:root:Epoch no. 305 of 500 (samples: 141442)
INFO:root:Loss: 5.9039 +/- 0.001
INFO:root:Epoch no. 306 of 500 (samples: 141442)
INFO:root:Loss: 5.9029 +/- 0.0016
INFO:root:Epoch no. 307 of 500 (samples: 141442)
INFO:root:Loss: 5.9014 +/- 0.0013
INFO:root:Epoch no. 308 of 500 (samples: 141442)
INFO:root:Loss: 5.9 +/- 0.0021
INFO:root:Epoch no. 309 of 500 (samples: 141442)
INFO:root:Loss: 5.8984 +/- 0.0006
INFO:root:Epoch no. 310 of 500 (samples: 141442)
INFO:root:Loss: 5.8973 +/- 0.0015
INFO:root:Epoch no. 311 of 500 (samples: 141442)
INFO:root:Loss: 5.8968 +/- 0.0012
INFO:root:Epoch no. 312 of 500 (samples: 141442)
INFO:root:Loss: 5.8955 +/- 0.0012
INFO:root:Epoch no. 313 of 500 (samples: 141442)
INFO:root:Loss: 5.8943 +/- 0.0012
INFO:root:Epoch no. 314 of 500 (samples: 141442)
INFO:root:Loss: 5.8927 +/- 0.0014
INFO:root:Epoch no. 315 of 500 (samples: 141442)
INFO:root:Loss: 5.8917 +/- 0.0012
INFO:root:Epoch no. 316 of 500 (samples: 141442)
INFO:root:Loss: 5.8904 +/- 0.0016
INFO:root:Epoch no. 317 of 500 (samples: 141442)
INFO:root:Loss: 5.8892 +/- 0.001
INFO:root:Epoch no. 318 of 500 (samples: 141442)
INFO:root:Loss: 5.8879 +/- 0.0015
INFO:root:Epoch no. 319 of 500 (samples: 141442)
INFO:root:Loss: 5.8866 +/- 0.0019
INFO:root:Epoch no. 320 of 500 (samples: 141442)
INFO:root:Loss: 5.8857 +/- 0.0017
INFO:root:Epoch no. 321 of 500 (samples: 141442)
INFO:root:Loss: 5.8846 +/- 0.0012
INFO:root:Epoch no. 322 of 500 (samples: 141442)
INFO:root:Loss: 5.8838 +/- 0.0013
INFO:root:Epoch no. 323 of 500 (samples: 141442)
INFO:root:Loss: 5.8823 +/- 0.0018
INFO:root:Epoch no. 324 of 500 (samples: 141442)
INFO:root:Loss: 5.8806 +/- 0.0016
INFO:root:Epoch no. 325 of 500 (samples: 141442)
INFO:root:Loss: 5.8795 +/- 0.0015
INFO:root:Epoch no. 326 of 500 (samples: 141442)
INFO:root:Loss: 5.8784 +/- 0.0014
INFO:root:Epoch no. 327 of 500 (samples: 141442)
INFO:root:Loss: 5.8776 +/- 0.0018
INFO:root:Epoch no. 328 of 500 (samples: 141442)
INFO:root:Loss: 5.8766 +/- 0.0012
INFO:root:Epoch no. 329 of 500 (samples: 141442)
INFO:root:Loss: 5.8754 +/- 0.0014
INFO:root:Epoch no. 330 of 500 (samples: 141442)
INFO:root:Loss: 5.874 +/- 0.0013
INFO:root:Epoch no. 331 of 500 (samples: 141442)
INFO:root:Loss: 5.8725 +/- 0.0019
INFO:root:Epoch no. 332 of 500 (samples: 141442)
INFO:root:Loss: 5.8715 +/- 0.0011
INFO:root:Epoch no. 333 of 500 (samples: 141442)
INFO:root:Loss: 5.8707 +/- 0.0015
INFO:root:Epoch no. 334 of 500 (samples: 141442)
INFO:root:Loss: 5.8691 +/- 0.0017
INFO:root:Epoch no. 335 of 500 (samples: 141442)
INFO:root:Loss: 5.8681 +/- 0.0015
INFO:root:Epoch no. 336 of 500 (samples: 141442)
INFO:root:Loss: 5.8668 +/- 0.0008
INFO:root:Epoch no. 337 of 500 (samples: 141442)
INFO:root:Loss: 5.8663 +/- 0.0011
INFO:root:Epoch no. 338 of 500 (samples: 141442)
INFO:root:Loss: 5.8645 +/- 0.0013
INFO:root:Epoch no. 339 of 500 (samples: 141442)
INFO:root:Loss: 5.8637 +/- 0.0012
INFO:root:Epoch no. 340 of 500 (samples: 141442)
INFO:root:Loss: 5.8626 +/- 0.0012
INFO:root:Epoch no. 341 of 500 (samples: 141442)
INFO:root:Loss: 5.8614 +/- 0.0016
INFO:root:Epoch no. 342 of 500 (samples: 141442)
INFO:root:Loss: 5.8604 +/- 0.0014
INFO:root:Epoch no. 343 of 500 (samples: 141442)
INFO:root:Loss: 5.8594 +/- 0.0013
INFO:root:Epoch no. 344 of 500 (samples: 141442)
INFO:root:Loss: 5.858 +/- 0.0016
INFO:root:Epoch no. 345 of 500 (samples: 141442)
INFO:root:Loss: 5.8569 +/- 0.0016
INFO:root:Epoch no. 346 of 500 (samples: 141442)
INFO:root:Loss: 5.8559 +/- 0.0017
INFO:root:Epoch no. 347 of 500 (samples: 141442)
INFO:root:Loss: 5.8543 +/- 0.0013
INFO:root:Epoch no. 348 of 500 (samples: 141442)
INFO:root:Loss: 5.854 +/- 0.0017
INFO:root:Epoch no. 349 of 500 (samples: 141442)
INFO:root:Loss: 5.8524 +/- 0.0019
INFO:root:Epoch no. 350 of 500 (samples: 141442)
INFO:root:Loss: 5.8511 +/- 0.0015
INFO:root:Epoch no. 351 of 500 (samples: 141442)
INFO:root:Loss: 5.8499 +/- 0.0013
INFO:root:Epoch no. 352 of 500 (samples: 141442)
INFO:root:Loss: 5.8488 +/- 0.002
INFO:root:Epoch no. 353 of 500 (samples: 141442)
INFO:root:Loss: 5.8479 +/- 0.0017
INFO:root:Epoch no. 354 of 500 (samples: 141442)
INFO:root:Loss: 5.8464 +/- 0.0014
INFO:root:Epoch no. 355 of 500 (samples: 141442)
INFO:root:Loss: 5.8462 +/- 0.0014
INFO:root:Epoch no. 356 of 500 (samples: 141442)
INFO:root:Loss: 5.8449 +/- 0.0018
INFO:root:Epoch no. 357 of 500 (samples: 141442)
INFO:root:Loss: 5.8432 +/- 0.0013
INFO:root:Epoch no. 358 of 500 (samples: 141442)
INFO:root:Loss: 5.8417 +/- 0.0011
INFO:root:Epoch no. 359 of 500 (samples: 141442)
INFO:root:Loss: 5.8413 +/- 0.0012
INFO:root:Epoch no. 360 of 500 (samples: 141442)
INFO:root:Loss: 5.84 +/- 0.0013
INFO:root:Epoch no. 361 of 500 (samples: 141442)
INFO:root:Loss: 5.8386 +/- 0.0021
INFO:root:Epoch no. 362 of 500 (samples: 141442)
INFO:root:Loss: 5.8377 +/- 0.0017
INFO:root:Epoch no. 363 of 500 (samples: 141442)
INFO:root:Loss: 5.837 +/- 0.0015
INFO:root:Epoch no. 364 of 500 (samples: 141442)
INFO:root:Loss: 5.8356 +/- 0.0012
INFO:root:Epoch no. 365 of 500 (samples: 141442)
INFO:root:Loss: 5.8346 +/- 0.0016
INFO:root:Epoch no. 366 of 500 (samples: 141442)
INFO:root:Loss: 5.8333 +/- 0.0018
INFO:root:Epoch no. 367 of 500 (samples: 141442)
INFO:root:Loss: 5.8327 +/- 0.0013
INFO:root:Epoch no. 368 of 500 (samples: 141442)
INFO:root:Loss: 5.8316 +/- 0.0014
INFO:root:Epoch no. 369 of 500 (samples: 141442)
INFO:root:Loss: 5.8303 +/- 0.0016
INFO:root:Epoch no. 370 of 500 (samples: 141442)
INFO:root:Loss: 5.8293 +/- 0.0021
INFO:root:Epoch no. 371 of 500 (samples: 141442)
INFO:root:Loss: 5.8285 +/- 0.0017
INFO:root:Epoch no. 372 of 500 (samples: 141442)
INFO:root:Loss: 5.8267 +/- 0.002
INFO:root:Epoch no. 373 of 500 (samples: 141442)
INFO:root:Loss: 5.8256 +/- 0.0021
INFO:root:Epoch no. 374 of 500 (samples: 141442)
INFO:root:Loss: 5.8248 +/- 0.0011
INFO:root:Epoch no. 375 of 500 (samples: 141442)
INFO:root:Loss: 5.8238 +/- 0.0012
INFO:root:Epoch no. 376 of 500 (samples: 141442)
INFO:root:Loss: 5.8229 +/- 0.0022
INFO:root:Epoch no. 377 of 500 (samples: 141442)
INFO:root:Loss: 5.8217 +/- 0.0013
INFO:root:Epoch no. 378 of 500 (samples: 141442)
INFO:root:Loss: 5.8204 +/- 0.001
INFO:root:Epoch no. 379 of 500 (samples: 141442)
INFO:root:Loss: 5.82 +/- 0.0014
INFO:root:Epoch no. 380 of 500 (samples: 141442)
INFO:root:Loss: 5.8181 +/- 0.0015
INFO:root:Epoch no. 381 of 500 (samples: 141442)
INFO:root:Loss: 5.8173 +/- 0.0017
INFO:root:Epoch no. 382 of 500 (samples: 141442)
INFO:root:Loss: 5.8166 +/- 0.001
INFO:root:Epoch no. 383 of 500 (samples: 141442)
INFO:root:Loss: 5.8157 +/- 0.0014
INFO:root:Epoch no. 384 of 500 (samples: 141442)
INFO:root:Loss: 5.8146 +/- 0.0012
INFO:root:Epoch no. 385 of 500 (samples: 141442)
INFO:root:Loss: 5.8124 +/- 0.0017
INFO:root:Epoch no. 386 of 500 (samples: 141442)
INFO:root:Loss: 5.812 +/- 0.0016
INFO:root:Epoch no. 387 of 500 (samples: 141442)
INFO:root:Loss: 5.8105 +/- 0.0016
INFO:root:Epoch no. 388 of 500 (samples: 141442)
INFO:root:Loss: 5.8101 +/- 0.0014
INFO:root:Epoch no. 389 of 500 (samples: 141442)
INFO:root:Loss: 5.8093 +/- 0.0015
INFO:root:Epoch no. 390 of 500 (samples: 141442)
INFO:root:Loss: 5.8076 +/- 0.0015
INFO:root:Epoch no. 391 of 500 (samples: 141442)
INFO:root:Loss: 5.8066 +/- 0.0017
INFO:root:Epoch no. 392 of 500 (samples: 141442)
INFO:root:Loss: 5.8059 +/- 0.002
INFO:root:Epoch no. 393 of 500 (samples: 141442)
INFO:root:Loss: 5.8043 +/- 0.0019
INFO:root:Epoch no. 394 of 500 (samples: 141442)
INFO:root:Loss: 5.8036 +/- 0.001
INFO:root:Epoch no. 395 of 500 (samples: 141442)
INFO:root:Loss: 5.8019 +/- 0.0018
INFO:root:Epoch no. 396 of 500 (samples: 141442)
INFO:root:Loss: 5.8014 +/- 0.0017
INFO:root:Epoch no. 397 of 500 (samples: 141442)
INFO:root:Loss: 5.8001 +/- 0.0014
INFO:root:Epoch no. 398 of 500 (samples: 141442)
INFO:root:Loss: 5.7992 +/- 0.0018
INFO:root:Epoch no. 399 of 500 (samples: 141442)
INFO:root:Loss: 5.7993 +/- 0.0008
INFO:root:Epoch no. 400 of 500 (samples: 141442)
INFO:root:Loss: 5.7979 +/- 0.0011
INFO:root:Epoch no. 401 of 500 (samples: 141442)
INFO:root:Loss: 5.7968 +/- 0.0013
INFO:root:Epoch no. 402 of 500 (samples: 141442)
INFO:root:Loss: 5.7954 +/- 0.0009
INFO:root:Epoch no. 403 of 500 (samples: 141442)
INFO:root:Loss: 5.7944 +/- 0.0016
INFO:root:Epoch no. 404 of 500 (samples: 141442)
INFO:root:Loss: 5.7934 +/- 0.0009
INFO:root:Epoch no. 405 of 500 (samples: 141442)
INFO:root:Loss: 5.7923 +/- 0.0017
INFO:root:Epoch no. 406 of 500 (samples: 141442)
INFO:root:Loss: 5.7913 +/- 0.0018
INFO:root:Epoch no. 407 of 500 (samples: 141442)
INFO:root:Loss: 5.7898 +/- 0.0015
INFO:root:Epoch no. 408 of 500 (samples: 141442)
INFO:root:Loss: 5.7895 +/- 0.0014
INFO:root:Epoch no. 409 of 500 (samples: 141442)
INFO:root:Loss: 5.7881 +/- 0.0018
INFO:root:Epoch no. 410 of 500 (samples: 141442)
INFO:root:Loss: 5.7872 +/- 0.0015
INFO:root:Epoch no. 411 of 500 (samples: 141442)
INFO:root:Loss: 5.7856 +/- 0.002
INFO:root:Epoch no. 412 of 500 (samples: 141442)
INFO:root:Loss: 5.7849 +/- 0.0012
INFO:root:Epoch no. 413 of 500 (samples: 141442)
INFO:root:Loss: 5.784 +/- 0.0012
INFO:root:Epoch no. 414 of 500 (samples: 141442)
INFO:root:Loss: 5.7824 +/- 0.0011
INFO:root:Epoch no. 415 of 500 (samples: 141442)
INFO:root:Loss: 5.7818 +/- 0.0021
INFO:root:Epoch no. 416 of 500 (samples: 141442)
INFO:root:Loss: 5.7809 +/- 0.0014
INFO:root:Epoch no. 417 of 500 (samples: 141442)
INFO:root:Loss: 5.7806 +/- 0.0015
INFO:root:Epoch no. 418 of 500 (samples: 141442)
INFO:root:Loss: 5.7794 +/- 0.0014
INFO:root:Epoch no. 419 of 500 (samples: 141442)
INFO:root:Loss: 5.7775 +/- 0.0012
INFO:root:Epoch no. 420 of 500 (samples: 141442)
INFO:root:Loss: 5.7768 +/- 0.0014
INFO:root:Epoch no. 421 of 500 (samples: 141442)
INFO:root:Loss: 5.7757 +/- 0.0027
INFO:root:Epoch no. 422 of 500 (samples: 141442)
INFO:root:Loss: 5.7747 +/- 0.0016
INFO:root:Epoch no. 423 of 500 (samples: 141442)
INFO:root:Loss: 5.7738 +/- 0.0014
INFO:root:Epoch no. 424 of 500 (samples: 141442)
INFO:root:Loss: 5.7723 +/- 0.0017
INFO:root:Epoch no. 425 of 500 (samples: 141442)
INFO:root:Loss: 5.7716 +/- 0.0018
INFO:root:Epoch no. 426 of 500 (samples: 141442)
INFO:root:Loss: 5.7705 +/- 0.0016
INFO:root:Epoch no. 427 of 500 (samples: 141442)
INFO:root:Loss: 5.7699 +/- 0.002
INFO:root:Epoch no. 428 of 500 (samples: 141442)
INFO:root:Loss: 5.7686 +/- 0.0017
INFO:root:Epoch no. 429 of 500 (samples: 141442)
INFO:root:Loss: 5.7686 +/- 0.0016
INFO:root:Epoch no. 430 of 500 (samples: 141442)
INFO:root:Loss: 5.7672 +/- 0.0019
INFO:root:Epoch no. 431 of 500 (samples: 141442)
INFO:root:Loss: 5.7659 +/- 0.0015
INFO:root:Epoch no. 432 of 500 (samples: 141442)
INFO:root:Loss: 5.7648 +/- 0.0012
INFO:root:Epoch no. 433 of 500 (samples: 141442)
INFO:root:Loss: 5.764 +/- 0.0018
INFO:root:Epoch no. 434 of 500 (samples: 141442)
INFO:root:Loss: 5.7636 +/- 0.0008
INFO:root:Epoch no. 435 of 500 (samples: 141442)
INFO:root:Loss: 5.7621 +/- 0.0016
INFO:root:Epoch no. 436 of 500 (samples: 141442)
INFO:root:Loss: 5.761 +/- 0.0017
INFO:root:Epoch no. 437 of 500 (samples: 141442)
INFO:root:Loss: 5.7604 +/- 0.0011
INFO:root:Epoch no. 438 of 500 (samples: 141442)
INFO:root:Loss: 5.7593 +/- 0.0012
INFO:root:Epoch no. 439 of 500 (samples: 141442)
INFO:root:Loss: 5.7581 +/- 0.0007
INFO:root:Epoch no. 440 of 500 (samples: 141442)
INFO:root:Loss: 5.7572 +/- 0.001
INFO:root:Epoch no. 441 of 500 (samples: 141442)
INFO:root:Loss: 5.7565 +/- 0.0021
INFO:root:Epoch no. 442 of 500 (samples: 141442)
INFO:root:Loss: 5.7551 +/- 0.0013
INFO:root:Epoch no. 443 of 500 (samples: 141442)
INFO:root:Loss: 5.7539 +/- 0.0013
INFO:root:Epoch no. 444 of 500 (samples: 141442)
INFO:root:Loss: 5.7529 +/- 0.0019
INFO:root:Epoch no. 445 of 500 (samples: 141442)
INFO:root:Loss: 5.7526 +/- 0.002
INFO:root:Epoch no. 446 of 500 (samples: 141442)
INFO:root:Loss: 5.7508 +/- 0.0021
INFO:root:Epoch no. 447 of 500 (samples: 141442)
INFO:root:Loss: 5.7506 +/- 0.0015
INFO:root:Epoch no. 448 of 500 (samples: 141442)
INFO:root:Loss: 5.7493 +/- 0.0015
INFO:root:Epoch no. 449 of 500 (samples: 141442)
INFO:root:Loss: 5.7477 +/- 0.0019
INFO:root:Epoch no. 450 of 500 (samples: 141442)
INFO:root:Loss: 5.7471 +/- 0.0015
INFO:root:Epoch no. 451 of 500 (samples: 141442)
INFO:root:Loss: 5.7466 +/- 0.0017
INFO:root:Epoch no. 452 of 500 (samples: 141442)
INFO:root:Loss: 5.7456 +/- 0.002
INFO:root:Epoch no. 453 of 500 (samples: 141442)
INFO:root:Loss: 5.7449 +/- 0.0019
INFO:root:Epoch no. 454 of 500 (samples: 141442)
INFO:root:Loss: 5.7435 +/- 0.0013
INFO:root:Epoch no. 455 of 500 (samples: 141442)
INFO:root:Loss: 5.7429 +/- 0.0021
INFO:root:Epoch no. 456 of 500 (samples: 141442)
INFO:root:Loss: 5.7417 +/- 0.0011
INFO:root:Epoch no. 457 of 500 (samples: 141442)
INFO:root:Loss: 5.7408 +/- 0.0015
INFO:root:Epoch no. 458 of 500 (samples: 141442)
INFO:root:Loss: 5.7392 +/- 0.0013
INFO:root:Epoch no. 459 of 500 (samples: 141442)
INFO:root:Loss: 5.7381 +/- 0.0015
INFO:root:Epoch no. 460 of 500 (samples: 141442)
INFO:root:Loss: 5.7377 +/- 0.0018
INFO:root:Epoch no. 461 of 500 (samples: 141442)
INFO:root:Loss: 5.7361 +/- 0.0024
INFO:root:Epoch no. 462 of 500 (samples: 141442)
INFO:root:Loss: 5.7354 +/- 0.0014
INFO:root:Epoch no. 463 of 500 (samples: 141442)
INFO:root:Loss: 5.7339 +/- 0.0017
INFO:root:Epoch no. 464 of 500 (samples: 141442)
INFO:root:Loss: 5.734 +/- 0.0013
INFO:root:Epoch no. 465 of 500 (samples: 141442)
INFO:root:Loss: 5.7332 +/- 0.0016
INFO:root:Epoch no. 466 of 500 (samples: 141442)
INFO:root:Loss: 5.7325 +/- 0.002
INFO:root:Epoch no. 467 of 500 (samples: 141442)
INFO:root:Loss: 5.7316 +/- 0.0013
INFO:root:Epoch no. 468 of 500 (samples: 141442)
INFO:root:Loss: 5.7297 +/- 0.0026
INFO:root:Epoch no. 469 of 500 (samples: 141442)
INFO:root:Loss: 5.7298 +/- 0.0014
INFO:root:Epoch no. 470 of 500 (samples: 141442)
INFO:root:Loss: 5.7286 +/- 0.0013
INFO:root:Epoch no. 471 of 500 (samples: 141442)
INFO:root:Loss: 5.7273 +/- 0.0022
INFO:root:Epoch no. 472 of 500 (samples: 141442)
INFO:root:Loss: 5.727 +/- 0.0019
INFO:root:Epoch no. 473 of 500 (samples: 141442)
INFO:root:Loss: 5.7249 +/- 0.0011
INFO:root:Epoch no. 474 of 500 (samples: 141442)
INFO:root:Loss: 5.7248 +/- 0.0018
INFO:root:Epoch no. 475 of 500 (samples: 141442)
INFO:root:Loss: 5.7237 +/- 0.0009
INFO:root:Epoch no. 476 of 500 (samples: 141442)
INFO:root:Loss: 5.7225 +/- 0.0014
INFO:root:Epoch no. 477 of 500 (samples: 141442)
INFO:root:Loss: 5.722 +/- 0.0019
INFO:root:Epoch no. 478 of 500 (samples: 141442)
INFO:root:Loss: 5.7212 +/- 0.0018
INFO:root:Epoch no. 479 of 500 (samples: 141442)
INFO:root:Loss: 5.7201 +/- 0.0014
INFO:root:Epoch no. 480 of 500 (samples: 141442)
INFO:root:Loss: 5.7186 +/- 0.0027
INFO:root:Epoch no. 481 of 500 (samples: 141442)
INFO:root:Loss: 5.718 +/- 0.0012
INFO:root:Epoch no. 482 of 500 (samples: 141442)
INFO:root:Loss: 5.7175 +/- 0.002
INFO:root:Epoch no. 483 of 500 (samples: 141442)
INFO:root:Loss: 5.7161 +/- 0.0022
INFO:root:Epoch no. 484 of 500 (samples: 141442)
INFO:root:Loss: 5.7153 +/- 0.0019
INFO:root:Epoch no. 485 of 500 (samples: 141442)
INFO:root:Loss: 5.7142 +/- 0.0018
INFO:root:Epoch no. 486 of 500 (samples: 141442)
INFO:root:Loss: 5.7137 +/- 0.0015
INFO:root:Epoch no. 487 of 500 (samples: 141442)
INFO:root:Loss: 5.7124 +/- 0.0015
INFO:root:Epoch no. 488 of 500 (samples: 141442)
INFO:root:Loss: 5.7113 +/- 0.0014
INFO:root:Epoch no. 489 of 500 (samples: 141442)
INFO:root:Loss: 5.711 +/- 0.0018
INFO:root:Epoch no. 490 of 500 (samples: 141442)
INFO:root:Loss: 5.7099 +/- 0.0011
INFO:root:Epoch no. 491 of 500 (samples: 141442)
INFO:root:Loss: 5.7084 +/- 0.0018
INFO:root:Epoch no. 492 of 500 (samples: 141442)
INFO:root:Loss: 5.7081 +/- 0.0017
INFO:root:Epoch no. 493 of 500 (samples: 141442)
INFO:root:Loss: 5.7071 +/- 0.0013
INFO:root:Epoch no. 494 of 500 (samples: 141442)
INFO:root:Loss: 5.7057 +/- 0.0022
INFO:root:Epoch no. 495 of 500 (samples: 141442)
INFO:root:Loss: 5.7053 +/- 0.0017
INFO:root:Epoch no. 496 of 500 (samples: 141442)
INFO:root:Loss: 5.7041 +/- 0.0013
INFO:root:Epoch no. 497 of 500 (samples: 141442)
INFO:root:Loss: 5.7032 +/- 0.0011
INFO:root:Epoch no. 498 of 500 (samples: 141442)
INFO:root:Loss: 5.7028 +/- 0.0013
INFO:root:Epoch no. 499 of 500 (samples: 141442)
INFO:root:Loss: 5.7012 +/- 0.001
INFO:root:Epoch no. 500 of 500 (samples: 141442)
INFO:root:Loss: 5.7003 +/- 0.0021
INFO:root:### MICRO (validation raw):
INFO:root:	-- left   >> mean: 877.9852, median: 5.0, hits@10: 61.82%
INFO:root:	-- right  >> mean: 877.7496, median: 5.0, hits@10: 61.34%
INFO:root:	-- global >> mean: 877.8674, median: 5.0, hits@10: 61.58%
INFO:root:### MICRO (validation filtered):
INFO:root:	-- left   >> mean: 865.0166, median: 2.0, hits@10: 71.18%
INFO:root:	-- right  >> mean: 864.7006, median: 2.0, hits@10: 71.22%
INFO:root:	-- global >> mean: 864.8586, median: 2.0, hits@10: 71.2%
INFO:root:### MICRO (test raw):
INFO:root:	-- left   >> mean: 749.3926, median: 5.0, hits@10: 62.14%
INFO:root:	-- right  >> mean: 748.1446, median: 4.0, hits@10: 62.82%
INFO:root:	-- global >> mean: 748.7686, median: 5.0, hits@10: 62.48%
INFO:root:### MICRO (test filtered):
INFO:root:	-- left   >> mean: 735.8886, median: 2.0, hits@10: 71.88%
INFO:root:	-- right  >> mean: 736.0392, median: 2.0, hits@10: 72.1%
INFO:root:	-- global >> mean: 735.9639, median: 2.0, hits@10: 71.99%
