Using Theano backend.
/usr/local/lib/python3.4/dist-packages/theano/tensor/signal/downsample.py:5: UserWarning: downsample module has been moved to the pool module.
  warnings.warn("downsample module has been moved to the pool module.")
INFO:root:Samples: 141442, no. batches: 10 -> batch size: 14145
INFO:root:Epoch no. 1 of 500 (samples: 141442)
INFO:root:Loss: 6.5582 +/- 0.0544
INFO:root:Epoch no. 2 of 500 (samples: 141442)
INFO:root:Loss: 6.3699 +/- 0.0216
INFO:root:Epoch no. 3 of 500 (samples: 141442)
INFO:root:Loss: 6.2685 +/- 0.0174
INFO:root:Epoch no. 4 of 500 (samples: 141442)
INFO:root:Loss: 6.1844 +/- 0.0135
INFO:root:Epoch no. 5 of 500 (samples: 141442)
INFO:root:Loss: 6.1116 +/- 0.0145
INFO:root:Epoch no. 6 of 500 (samples: 141442)
INFO:root:Loss: 6.0466 +/- 0.0139
INFO:root:Epoch no. 7 of 500 (samples: 141442)
INFO:root:Loss: 5.9854 +/- 0.0132
INFO:root:Epoch no. 8 of 500 (samples: 141442)
INFO:root:Loss: 5.9282 +/- 0.0117
INFO:root:Epoch no. 9 of 500 (samples: 141442)
INFO:root:Loss: 5.875 +/- 0.0104
INFO:root:Epoch no. 10 of 500 (samples: 141442)
INFO:root:Loss: 5.8222 +/- 0.0097
INFO:root:Epoch no. 11 of 500 (samples: 141442)
INFO:root:Loss: 5.7738 +/- 0.0097
INFO:root:Epoch no. 12 of 500 (samples: 141442)
INFO:root:Loss: 5.7281 +/- 0.0098
INFO:root:Epoch no. 13 of 500 (samples: 141442)
INFO:root:Loss: 5.6826 +/- 0.01
INFO:root:Epoch no. 14 of 500 (samples: 141442)
INFO:root:Loss: 5.6408 +/- 0.0113
INFO:root:Epoch no. 15 of 500 (samples: 141442)
INFO:root:Loss: 5.5991 +/- 0.0085
INFO:root:Epoch no. 16 of 500 (samples: 141442)
INFO:root:Loss: 5.56 +/- 0.0125
INFO:root:Epoch no. 17 of 500 (samples: 141442)
INFO:root:Loss: 5.521 +/- 0.0121
INFO:root:Epoch no. 18 of 500 (samples: 141442)
INFO:root:Loss: 5.483 +/- 0.0061
INFO:root:Epoch no. 19 of 500 (samples: 141442)
INFO:root:Loss: 5.4471 +/- 0.0081
INFO:root:Epoch no. 20 of 500 (samples: 141442)
INFO:root:Loss: 5.4172 +/- 0.0064
INFO:root:Epoch no. 21 of 500 (samples: 141442)
INFO:root:Loss: 5.3766 +/- 0.0126
INFO:root:Epoch no. 22 of 500 (samples: 141442)
INFO:root:Loss: 5.3482 +/- 0.0081
INFO:root:Epoch no. 23 of 500 (samples: 141442)
INFO:root:Loss: 5.3176 +/- 0.0077
INFO:root:Epoch no. 24 of 500 (samples: 141442)
INFO:root:Loss: 5.2841 +/- 0.0119
INFO:root:Epoch no. 25 of 500 (samples: 141442)
INFO:root:Loss: 5.2541 +/- 0.0094
INFO:root:Epoch no. 26 of 500 (samples: 141442)
INFO:root:Loss: 5.2256 +/- 0.0068
INFO:root:Epoch no. 27 of 500 (samples: 141442)
INFO:root:Loss: 5.2 +/- 0.0112
INFO:root:Epoch no. 28 of 500 (samples: 141442)
INFO:root:Loss: 5.1739 +/- 0.0132
INFO:root:Epoch no. 29 of 500 (samples: 141442)
INFO:root:Loss: 5.1492 +/- 0.0068
INFO:root:Epoch no. 30 of 500 (samples: 141442)
INFO:root:Loss: 5.1242 +/- 0.0093
INFO:root:Epoch no. 31 of 500 (samples: 141442)
INFO:root:Loss: 5.104 +/- 0.0106
INFO:root:Epoch no. 32 of 500 (samples: 141442)
INFO:root:Loss: 5.0832 +/- 0.0088
INFO:root:Epoch no. 33 of 500 (samples: 141442)
INFO:root:Loss: 5.0608 +/- 0.0087
INFO:root:Epoch no. 34 of 500 (samples: 141442)
INFO:root:Loss: 5.0422 +/- 0.0092
INFO:root:Epoch no. 35 of 500 (samples: 141442)
INFO:root:Loss: 5.0251 +/- 0.0148
INFO:root:Epoch no. 36 of 500 (samples: 141442)
INFO:root:Loss: 5.0024 +/- 0.0107
INFO:root:Epoch no. 37 of 500 (samples: 141442)
INFO:root:Loss: 4.9825 +/- 0.0111
INFO:root:Epoch no. 38 of 500 (samples: 141442)
INFO:root:Loss: 4.9716 +/- 0.0109
INFO:root:Epoch no. 39 of 500 (samples: 141442)
INFO:root:Loss: 4.9534 +/- 0.0088
INFO:root:Epoch no. 40 of 500 (samples: 141442)
INFO:root:Loss: 4.936 +/- 0.0116
INFO:root:Epoch no. 41 of 500 (samples: 141442)
INFO:root:Loss: 4.9196 +/- 0.0098
INFO:root:Epoch no. 42 of 500 (samples: 141442)
INFO:root:Loss: 4.9084 +/- 0.0103
INFO:root:Epoch no. 43 of 500 (samples: 141442)
INFO:root:Loss: 4.8959 +/- 0.0093
INFO:root:Epoch no. 44 of 500 (samples: 141442)
INFO:root:Loss: 4.8798 +/- 0.0133
INFO:root:Epoch no. 45 of 500 (samples: 141442)
INFO:root:Loss: 4.8663 +/- 0.0095
INFO:root:Epoch no. 46 of 500 (samples: 141442)
INFO:root:Loss: 4.8574 +/- 0.0095
INFO:root:Epoch no. 47 of 500 (samples: 141442)
INFO:root:Loss: 4.8475 +/- 0.0104
INFO:root:Epoch no. 48 of 500 (samples: 141442)
INFO:root:Loss: 4.8368 +/- 0.0085
INFO:root:Epoch no. 49 of 500 (samples: 141442)
INFO:root:Loss: 4.8221 +/- 0.0097
INFO:root:Epoch no. 50 of 500 (samples: 141442)
INFO:root:Loss: 4.8139 +/- 0.014
INFO:root:Epoch no. 51 of 500 (samples: 141442)
INFO:root:Loss: 4.8032 +/- 0.0137
INFO:root:Epoch no. 52 of 500 (samples: 141442)
INFO:root:Loss: 4.7875 +/- 0.0085
INFO:root:Epoch no. 53 of 500 (samples: 141442)
INFO:root:Loss: 4.7808 +/- 0.0071
INFO:root:Epoch no. 54 of 500 (samples: 141442)
INFO:root:Loss: 4.7707 +/- 0.0124
INFO:root:Epoch no. 55 of 500 (samples: 141442)
INFO:root:Loss: 4.7645 +/- 0.0154
INFO:root:Epoch no. 56 of 500 (samples: 141442)
INFO:root:Loss: 4.7511 +/- 0.0159
INFO:root:Epoch no. 57 of 500 (samples: 141442)
INFO:root:Loss: 4.7451 +/- 0.0106
INFO:root:Epoch no. 58 of 500 (samples: 141442)
INFO:root:Loss: 4.7378 +/- 0.0141
INFO:root:Epoch no. 59 of 500 (samples: 141442)
INFO:root:Loss: 4.7283 +/- 0.0065
INFO:root:Epoch no. 60 of 500 (samples: 141442)
INFO:root:Loss: 4.7244 +/- 0.0137
INFO:root:Epoch no. 61 of 500 (samples: 141442)
INFO:root:Loss: 4.712 +/- 0.0166
INFO:root:Epoch no. 62 of 500 (samples: 141442)
INFO:root:Loss: 4.7084 +/- 0.0114
INFO:root:Epoch no. 63 of 500 (samples: 141442)
INFO:root:Loss: 4.7041 +/- 0.0093
INFO:root:Epoch no. 64 of 500 (samples: 141442)
INFO:root:Loss: 4.6963 +/- 0.0123
INFO:root:Epoch no. 65 of 500 (samples: 141442)
INFO:root:Loss: 4.6845 +/- 0.0145
INFO:root:Epoch no. 66 of 500 (samples: 141442)
INFO:root:Loss: 4.6818 +/- 0.0097
INFO:root:Epoch no. 67 of 500 (samples: 141442)
INFO:root:Loss: 4.6711 +/- 0.0112
INFO:root:Epoch no. 68 of 500 (samples: 141442)
INFO:root:Loss: 4.6713 +/- 0.0113
INFO:root:Epoch no. 69 of 500 (samples: 141442)
INFO:root:Loss: 4.6669 +/- 0.011
INFO:root:Epoch no. 70 of 500 (samples: 141442)
INFO:root:Loss: 4.6527 +/- 0.0098
INFO:root:Epoch no. 71 of 500 (samples: 141442)
INFO:root:Loss: 4.647 +/- 0.0096
INFO:root:Epoch no. 72 of 500 (samples: 141442)
INFO:root:Loss: 4.641 +/- 0.0154
INFO:root:Epoch no. 73 of 500 (samples: 141442)
INFO:root:Loss: 4.6379 +/- 0.0123
INFO:root:Epoch no. 74 of 500 (samples: 141442)
INFO:root:Loss: 4.6336 +/- 0.0081
INFO:root:Epoch no. 75 of 500 (samples: 141442)
INFO:root:Loss: 4.6308 +/- 0.0183
INFO:root:Epoch no. 76 of 500 (samples: 141442)
INFO:root:Loss: 4.6241 +/- 0.0118
INFO:root:Epoch no. 77 of 500 (samples: 141442)
INFO:root:Loss: 4.6187 +/- 0.0135
INFO:root:Epoch no. 78 of 500 (samples: 141442)
INFO:root:Loss: 4.6116 +/- 0.011
INFO:root:Epoch no. 79 of 500 (samples: 141442)
INFO:root:Loss: 4.6142 +/- 0.0112
INFO:root:Epoch no. 80 of 500 (samples: 141442)
INFO:root:Loss: 4.6046 +/- 0.0145
INFO:root:Epoch no. 81 of 500 (samples: 141442)
INFO:root:Loss: 4.5947 +/- 0.0138
INFO:root:Epoch no. 82 of 500 (samples: 141442)
INFO:root:Loss: 4.6003 +/- 0.0072
INFO:root:Epoch no. 83 of 500 (samples: 141442)
INFO:root:Loss: 4.5944 +/- 0.0122
INFO:root:Epoch no. 84 of 500 (samples: 141442)
INFO:root:Loss: 4.5861 +/- 0.0104
INFO:root:Epoch no. 85 of 500 (samples: 141442)
INFO:root:Loss: 4.5788 +/- 0.0088
INFO:root:Epoch no. 86 of 500 (samples: 141442)
INFO:root:Loss: 4.5838 +/- 0.0145
INFO:root:Epoch no. 87 of 500 (samples: 141442)
INFO:root:Loss: 4.5734 +/- 0.0188
INFO:root:Epoch no. 88 of 500 (samples: 141442)
INFO:root:Loss: 4.5739 +/- 0.0093
INFO:root:Epoch no. 89 of 500 (samples: 141442)
INFO:root:Loss: 4.5697 +/- 0.0148
INFO:root:Epoch no. 90 of 500 (samples: 141442)
INFO:root:Loss: 4.5612 +/- 0.0124
INFO:root:Epoch no. 91 of 500 (samples: 141442)
INFO:root:Loss: 4.5666 +/- 0.0081
INFO:root:Epoch no. 92 of 500 (samples: 141442)
INFO:root:Loss: 4.5623 +/- 0.0121
INFO:root:Epoch no. 93 of 500 (samples: 141442)
INFO:root:Loss: 4.5549 +/- 0.0099
INFO:root:Epoch no. 94 of 500 (samples: 141442)
INFO:root:Loss: 4.553 +/- 0.0122
INFO:root:Epoch no. 95 of 500 (samples: 141442)
INFO:root:Loss: 4.5428 +/- 0.0165
INFO:root:Epoch no. 96 of 500 (samples: 141442)
INFO:root:Loss: 4.5454 +/- 0.0132
INFO:root:Epoch no. 97 of 500 (samples: 141442)
INFO:root:Loss: 4.5422 +/- 0.0116
INFO:root:Epoch no. 98 of 500 (samples: 141442)
INFO:root:Loss: 4.5397 +/- 0.014
INFO:root:Epoch no. 99 of 500 (samples: 141442)
INFO:root:Loss: 4.5384 +/- 0.0142
INFO:root:Epoch no. 100 of 500 (samples: 141442)
INFO:root:Loss: 4.5318 +/- 0.0081
INFO:root:Epoch no. 101 of 500 (samples: 141442)
INFO:root:Loss: 4.5334 +/- 0.0122
INFO:root:Epoch no. 102 of 500 (samples: 141442)
INFO:root:Loss: 4.5317 +/- 0.0084
INFO:root:Epoch no. 103 of 500 (samples: 141442)
INFO:root:Loss: 4.5257 +/- 0.0137
INFO:root:Epoch no. 104 of 500 (samples: 141442)
INFO:root:Loss: 4.5266 +/- 0.0112
INFO:root:Epoch no. 105 of 500 (samples: 141442)
INFO:root:Loss: 4.527 +/- 0.0075
INFO:root:Epoch no. 106 of 500 (samples: 141442)
INFO:root:Loss: 4.5182 +/- 0.0138
INFO:root:Epoch no. 107 of 500 (samples: 141442)
INFO:root:Loss: 4.5153 +/- 0.0136
INFO:root:Epoch no. 108 of 500 (samples: 141442)
INFO:root:Loss: 4.5126 +/- 0.0132
INFO:root:Epoch no. 109 of 500 (samples: 141442)
INFO:root:Loss: 4.5093 +/- 0.014
INFO:root:Epoch no. 110 of 500 (samples: 141442)
INFO:root:Loss: 4.5054 +/- 0.0132
INFO:root:Epoch no. 111 of 500 (samples: 141442)
INFO:root:Loss: 4.507 +/- 0.0114
INFO:root:Epoch no. 112 of 500 (samples: 141442)
INFO:root:Loss: 4.508 +/- 0.0103
INFO:root:Epoch no. 113 of 500 (samples: 141442)
INFO:root:Loss: 4.4996 +/- 0.0116
INFO:root:Epoch no. 114 of 500 (samples: 141442)
INFO:root:Loss: 4.5033 +/- 0.0103
INFO:root:Epoch no. 115 of 500 (samples: 141442)
INFO:root:Loss: 4.4989 +/- 0.0097
INFO:root:Epoch no. 116 of 500 (samples: 141442)
INFO:root:Loss: 4.4967 +/- 0.0084
INFO:root:Epoch no. 117 of 500 (samples: 141442)
INFO:root:Loss: 4.4964 +/- 0.0209
INFO:root:Epoch no. 118 of 500 (samples: 141442)
INFO:root:Loss: 4.4896 +/- 0.0118
INFO:root:Epoch no. 119 of 500 (samples: 141442)
INFO:root:Loss: 4.4945 +/- 0.0114
INFO:root:Epoch no. 120 of 500 (samples: 141442)
INFO:root:Loss: 4.4875 +/- 0.0134
INFO:root:Epoch no. 121 of 500 (samples: 141442)
INFO:root:Loss: 4.4912 +/- 0.017
INFO:root:Epoch no. 122 of 500 (samples: 141442)
INFO:root:Loss: 4.4849 +/- 0.0182
INFO:root:Epoch no. 123 of 500 (samples: 141442)
INFO:root:Loss: 4.4854 +/- 0.0096
INFO:root:Epoch no. 124 of 500 (samples: 141442)
INFO:root:Loss: 4.4886 +/- 0.0111
INFO:root:Epoch no. 125 of 500 (samples: 141442)
INFO:root:Loss: 4.4851 +/- 0.0078
INFO:root:Epoch no. 126 of 500 (samples: 141442)
INFO:root:Loss: 4.4787 +/- 0.0146
INFO:root:Epoch no. 127 of 500 (samples: 141442)
INFO:root:Loss: 4.4741 +/- 0.0081
INFO:root:Epoch no. 128 of 500 (samples: 141442)
INFO:root:Loss: 4.4747 +/- 0.0085
INFO:root:Epoch no. 129 of 500 (samples: 141442)
INFO:root:Loss: 4.4769 +/- 0.0075
INFO:root:Epoch no. 130 of 500 (samples: 141442)
INFO:root:Loss: 4.4731 +/- 0.0222
INFO:root:Epoch no. 131 of 500 (samples: 141442)
INFO:root:Loss: 4.464 +/- 0.0181
INFO:root:Epoch no. 132 of 500 (samples: 141442)
INFO:root:Loss: 4.4733 +/- 0.0182
INFO:root:Epoch no. 133 of 500 (samples: 141442)
INFO:root:Loss: 4.4632 +/- 0.0173
INFO:root:Epoch no. 134 of 500 (samples: 141442)
INFO:root:Loss: 4.4625 +/- 0.0178
INFO:root:Epoch no. 135 of 500 (samples: 141442)
INFO:root:Loss: 4.4646 +/- 0.0101
INFO:root:Epoch no. 136 of 500 (samples: 141442)
INFO:root:Loss: 4.4607 +/- 0.0123
INFO:root:Epoch no. 137 of 500 (samples: 141442)
INFO:root:Loss: 4.4623 +/- 0.0082
INFO:root:Epoch no. 138 of 500 (samples: 141442)
INFO:root:Loss: 4.4562 +/- 0.0146
INFO:root:Epoch no. 139 of 500 (samples: 141442)
INFO:root:Loss: 4.464 +/- 0.0092
INFO:root:Epoch no. 140 of 500 (samples: 141442)
INFO:root:Loss: 4.4541 +/- 0.0139
INFO:root:Epoch no. 141 of 500 (samples: 141442)
INFO:root:Loss: 4.4591 +/- 0.0071
INFO:root:Epoch no. 142 of 500 (samples: 141442)
INFO:root:Loss: 4.4547 +/- 0.0138
INFO:root:Epoch no. 143 of 500 (samples: 141442)
INFO:root:Loss: 4.4523 +/- 0.0122
INFO:root:Epoch no. 144 of 500 (samples: 141442)
INFO:root:Loss: 4.4534 +/- 0.0101
INFO:root:Epoch no. 145 of 500 (samples: 141442)
INFO:root:Loss: 4.45 +/- 0.007
INFO:root:Epoch no. 146 of 500 (samples: 141442)
INFO:root:Loss: 4.4445 +/- 0.007
INFO:root:Epoch no. 147 of 500 (samples: 141442)
INFO:root:Loss: 4.446 +/- 0.0146
INFO:root:Epoch no. 148 of 500 (samples: 141442)
INFO:root:Loss: 4.4433 +/- 0.0097
INFO:root:Epoch no. 149 of 500 (samples: 141442)
INFO:root:Loss: 4.442 +/- 0.0127
INFO:root:Epoch no. 150 of 500 (samples: 141442)
INFO:root:Loss: 4.4388 +/- 0.0107
INFO:root:Epoch no. 151 of 500 (samples: 141442)
INFO:root:Loss: 4.4454 +/- 0.0101
INFO:root:Epoch no. 152 of 500 (samples: 141442)
INFO:root:Loss: 4.4385 +/- 0.0123
INFO:root:Epoch no. 153 of 500 (samples: 141442)
INFO:root:Loss: 4.4386 +/- 0.016
INFO:root:Epoch no. 154 of 500 (samples: 141442)
INFO:root:Loss: 4.4347 +/- 0.0126
INFO:root:Epoch no. 155 of 500 (samples: 141442)
INFO:root:Loss: 4.4382 +/- 0.0154
INFO:root:Epoch no. 156 of 500 (samples: 141442)
INFO:root:Loss: 4.4365 +/- 0.0142
INFO:root:Epoch no. 157 of 500 (samples: 141442)
INFO:root:Loss: 4.4323 +/- 0.0159
INFO:root:Epoch no. 158 of 500 (samples: 141442)
INFO:root:Loss: 4.4303 +/- 0.0143
INFO:root:Epoch no. 159 of 500 (samples: 141442)
INFO:root:Loss: 4.4356 +/- 0.0103
INFO:root:Epoch no. 160 of 500 (samples: 141442)
INFO:root:Loss: 4.4318 +/- 0.0153
INFO:root:Epoch no. 161 of 500 (samples: 141442)
INFO:root:Loss: 4.4318 +/- 0.0129
INFO:root:Epoch no. 162 of 500 (samples: 141442)
INFO:root:Loss: 4.4306 +/- 0.0098
INFO:root:Epoch no. 163 of 500 (samples: 141442)
INFO:root:Loss: 4.4308 +/- 0.0103
INFO:root:Epoch no. 164 of 500 (samples: 141442)
INFO:root:Loss: 4.4233 +/- 0.0177
INFO:root:Epoch no. 165 of 500 (samples: 141442)
INFO:root:Loss: 4.4262 +/- 0.0101
INFO:root:Epoch no. 166 of 500 (samples: 141442)
INFO:root:Loss: 4.4269 +/- 0.015
INFO:root:Epoch no. 167 of 500 (samples: 141442)
INFO:root:Loss: 4.4272 +/- 0.0136
INFO:root:Epoch no. 168 of 500 (samples: 141442)
INFO:root:Loss: 4.419 +/- 0.0142
INFO:root:Epoch no. 169 of 500 (samples: 141442)
INFO:root:Loss: 4.4241 +/- 0.0122
INFO:root:Epoch no. 170 of 500 (samples: 141442)
INFO:root:Loss: 4.4208 +/- 0.014
INFO:root:Epoch no. 171 of 500 (samples: 141442)
INFO:root:Loss: 4.4161 +/- 0.0083
INFO:root:Epoch no. 172 of 500 (samples: 141442)
INFO:root:Loss: 4.423 +/- 0.0126
INFO:root:Epoch no. 173 of 500 (samples: 141442)
INFO:root:Loss: 4.4177 +/- 0.0112
INFO:root:Epoch no. 174 of 500 (samples: 141442)
INFO:root:Loss: 4.4174 +/- 0.0093
INFO:root:Epoch no. 175 of 500 (samples: 141442)
INFO:root:Loss: 4.4166 +/- 0.0137
INFO:root:Epoch no. 176 of 500 (samples: 141442)
INFO:root:Loss: 4.4096 +/- 0.0125
INFO:root:Epoch no. 177 of 500 (samples: 141442)
INFO:root:Loss: 4.4147 +/- 0.0102
INFO:root:Epoch no. 178 of 500 (samples: 141442)
INFO:root:Loss: 4.4111 +/- 0.014
INFO:root:Epoch no. 179 of 500 (samples: 141442)
INFO:root:Loss: 4.4128 +/- 0.0149
INFO:root:Epoch no. 180 of 500 (samples: 141442)
INFO:root:Loss: 4.4109 +/- 0.0086
INFO:root:Epoch no. 181 of 500 (samples: 141442)
INFO:root:Loss: 4.4096 +/- 0.01
INFO:root:Epoch no. 182 of 500 (samples: 141442)
INFO:root:Loss: 4.4095 +/- 0.012
INFO:root:Epoch no. 183 of 500 (samples: 141442)
INFO:root:Loss: 4.4067 +/- 0.0077
INFO:root:Epoch no. 184 of 500 (samples: 141442)
INFO:root:Loss: 4.4051 +/- 0.0087
INFO:root:Epoch no. 185 of 500 (samples: 141442)
INFO:root:Loss: 4.4086 +/- 0.0106
INFO:root:Epoch no. 186 of 500 (samples: 141442)
INFO:root:Loss: 4.4024 +/- 0.0166
INFO:root:Epoch no. 187 of 500 (samples: 141442)
INFO:root:Loss: 4.403 +/- 0.0089
INFO:root:Epoch no. 188 of 500 (samples: 141442)
INFO:root:Loss: 4.4079 +/- 0.0123
INFO:root:Epoch no. 189 of 500 (samples: 141442)
INFO:root:Loss: 4.4018 +/- 0.0139
INFO:root:Epoch no. 190 of 500 (samples: 141442)
INFO:root:Loss: 4.4006 +/- 0.0112
INFO:root:Epoch no. 191 of 500 (samples: 141442)
INFO:root:Loss: 4.4025 +/- 0.0208
INFO:root:Epoch no. 192 of 500 (samples: 141442)
INFO:root:Loss: 4.3988 +/- 0.006
INFO:root:Epoch no. 193 of 500 (samples: 141442)
INFO:root:Loss: 4.3995 +/- 0.0083
INFO:root:Epoch no. 194 of 500 (samples: 141442)
INFO:root:Loss: 4.3998 +/- 0.0125
INFO:root:Epoch no. 195 of 500 (samples: 141442)
INFO:root:Loss: 4.3982 +/- 0.0129
INFO:root:Epoch no. 196 of 500 (samples: 141442)
INFO:root:Loss: 4.395 +/- 0.0173
INFO:root:Epoch no. 197 of 500 (samples: 141442)
INFO:root:Loss: 4.3985 +/- 0.0111
INFO:root:Epoch no. 198 of 500 (samples: 141442)
INFO:root:Loss: 4.3967 +/- 0.0106
INFO:root:Epoch no. 199 of 500 (samples: 141442)
INFO:root:Loss: 4.3972 +/- 0.02
INFO:root:Epoch no. 200 of 500 (samples: 141442)
INFO:root:Loss: 4.394 +/- 0.0146
INFO:root:Epoch no. 201 of 500 (samples: 141442)
INFO:root:Loss: 4.3949 +/- 0.0128
INFO:root:Epoch no. 202 of 500 (samples: 141442)
INFO:root:Loss: 4.3886 +/- 0.0196
INFO:root:Epoch no. 203 of 500 (samples: 141442)
INFO:root:Loss: 4.3909 +/- 0.0081
INFO:root:Epoch no. 204 of 500 (samples: 141442)
INFO:root:Loss: 4.3897 +/- 0.0073
INFO:root:Epoch no. 205 of 500 (samples: 141442)
INFO:root:Loss: 4.3901 +/- 0.0096
INFO:root:Epoch no. 206 of 500 (samples: 141442)
INFO:root:Loss: 4.389 +/- 0.0127
INFO:root:Epoch no. 207 of 500 (samples: 141442)
INFO:root:Loss: 4.3855 +/- 0.0164
INFO:root:Epoch no. 208 of 500 (samples: 141442)
INFO:root:Loss: 4.3885 +/- 0.0146
INFO:root:Epoch no. 209 of 500 (samples: 141442)
INFO:root:Loss: 4.3863 +/- 0.0117
INFO:root:Epoch no. 210 of 500 (samples: 141442)
INFO:root:Loss: 4.3842 +/- 0.0137
INFO:root:Epoch no. 211 of 500 (samples: 141442)
INFO:root:Loss: 4.3845 +/- 0.0142
INFO:root:Epoch no. 212 of 500 (samples: 141442)
INFO:root:Loss: 4.3833 +/- 0.0079
INFO:root:Epoch no. 213 of 500 (samples: 141442)
INFO:root:Loss: 4.3765 +/- 0.0105
INFO:root:Epoch no. 214 of 500 (samples: 141442)
INFO:root:Loss: 4.3782 +/- 0.0141
INFO:root:Epoch no. 215 of 500 (samples: 141442)
INFO:root:Loss: 4.3839 +/- 0.0126
INFO:root:Epoch no. 216 of 500 (samples: 141442)
INFO:root:Loss: 4.3799 +/- 0.0139
INFO:root:Epoch no. 217 of 500 (samples: 141442)
INFO:root:Loss: 4.3781 +/- 0.0094
INFO:root:Epoch no. 218 of 500 (samples: 141442)
INFO:root:Loss: 4.3748 +/- 0.0145
INFO:root:Epoch no. 219 of 500 (samples: 141442)
INFO:root:Loss: 4.3772 +/- 0.0122
INFO:root:Epoch no. 220 of 500 (samples: 141442)
INFO:root:Loss: 4.376 +/- 0.0119
INFO:root:Epoch no. 221 of 500 (samples: 141442)
INFO:root:Loss: 4.3799 +/- 0.0137
INFO:root:Epoch no. 222 of 500 (samples: 141442)
INFO:root:Loss: 4.3797 +/- 0.013
INFO:root:Epoch no. 223 of 500 (samples: 141442)
INFO:root:Loss: 4.3811 +/- 0.0136
INFO:root:Epoch no. 224 of 500 (samples: 141442)
INFO:root:Loss: 4.379 +/- 0.0103
INFO:root:Epoch no. 225 of 500 (samples: 141442)
INFO:root:Loss: 4.3766 +/- 0.0122
INFO:root:Epoch no. 226 of 500 (samples: 141442)
INFO:root:Loss: 4.3783 +/- 0.012
INFO:root:Epoch no. 227 of 500 (samples: 141442)
INFO:root:Loss: 4.3714 +/- 0.0125
INFO:root:Epoch no. 228 of 500 (samples: 141442)
INFO:root:Loss: 4.3736 +/- 0.0218
INFO:root:Epoch no. 229 of 500 (samples: 141442)
INFO:root:Loss: 4.3727 +/- 0.0108
INFO:root:Epoch no. 230 of 500 (samples: 141442)
INFO:root:Loss: 4.374 +/- 0.0107
INFO:root:Epoch no. 231 of 500 (samples: 141442)
INFO:root:Loss: 4.3723 +/- 0.0123
INFO:root:Epoch no. 232 of 500 (samples: 141442)
INFO:root:Loss: 4.3715 +/- 0.0125
INFO:root:Epoch no. 233 of 500 (samples: 141442)
INFO:root:Loss: 4.3708 +/- 0.0175
INFO:root:Epoch no. 234 of 500 (samples: 141442)
INFO:root:Loss: 4.3733 +/- 0.011
INFO:root:Epoch no. 235 of 500 (samples: 141442)
INFO:root:Loss: 4.3624 +/- 0.018
INFO:root:Epoch no. 236 of 500 (samples: 141442)
INFO:root:Loss: 4.3713 +/- 0.0118
INFO:root:Epoch no. 237 of 500 (samples: 141442)
INFO:root:Loss: 4.3645 +/- 0.0122
INFO:root:Epoch no. 238 of 500 (samples: 141442)
INFO:root:Loss: 4.3651 +/- 0.0115
INFO:root:Epoch no. 239 of 500 (samples: 141442)
INFO:root:Loss: 4.3708 +/- 0.0109
INFO:root:Epoch no. 240 of 500 (samples: 141442)
INFO:root:Loss: 4.3668 +/- 0.0089
INFO:root:Epoch no. 241 of 500 (samples: 141442)
INFO:root:Loss: 4.3659 +/- 0.0098
INFO:root:Epoch no. 242 of 500 (samples: 141442)
INFO:root:Loss: 4.3649 +/- 0.0169
INFO:root:Epoch no. 243 of 500 (samples: 141442)
INFO:root:Loss: 4.3672 +/- 0.0116
INFO:root:Epoch no. 244 of 500 (samples: 141442)
INFO:root:Loss: 4.3656 +/- 0.0171
INFO:root:Epoch no. 245 of 500 (samples: 141442)
INFO:root:Loss: 4.3594 +/- 0.0155
INFO:root:Epoch no. 246 of 500 (samples: 141442)
INFO:root:Loss: 4.3631 +/- 0.016
INFO:root:Epoch no. 247 of 500 (samples: 141442)
INFO:root:Loss: 4.3617 +/- 0.0167
INFO:root:Epoch no. 248 of 500 (samples: 141442)
INFO:root:Loss: 4.3635 +/- 0.0139
INFO:root:Epoch no. 249 of 500 (samples: 141442)
INFO:root:Loss: 4.3602 +/- 0.0126
INFO:root:Epoch no. 250 of 500 (samples: 141442)
INFO:root:Loss: 4.3601 +/- 0.0162
INFO:root:Epoch no. 251 of 500 (samples: 141442)
INFO:root:Loss: 4.3616 +/- 0.011
INFO:root:Epoch no. 252 of 500 (samples: 141442)
INFO:root:Loss: 4.3565 +/- 0.0091
INFO:root:Epoch no. 253 of 500 (samples: 141442)
INFO:root:Loss: 4.3588 +/- 0.0138
INFO:root:Epoch no. 254 of 500 (samples: 141442)
INFO:root:Loss: 4.3529 +/- 0.0135
INFO:root:Epoch no. 255 of 500 (samples: 141442)
INFO:root:Loss: 4.3544 +/- 0.0083
INFO:root:Epoch no. 256 of 500 (samples: 141442)
INFO:root:Loss: 4.3562 +/- 0.0121
INFO:root:Epoch no. 257 of 500 (samples: 141442)
INFO:root:Loss: 4.3586 +/- 0.0155
INFO:root:Epoch no. 258 of 500 (samples: 141442)
INFO:root:Loss: 4.3524 +/- 0.0186
INFO:root:Epoch no. 259 of 500 (samples: 141442)
INFO:root:Loss: 4.3509 +/- 0.0156
INFO:root:Epoch no. 260 of 500 (samples: 141442)
INFO:root:Loss: 4.3513 +/- 0.0162
INFO:root:Epoch no. 261 of 500 (samples: 141442)
INFO:root:Loss: 4.3523 +/- 0.0143
INFO:root:Epoch no. 262 of 500 (samples: 141442)
INFO:root:Loss: 4.3518 +/- 0.0099
INFO:root:Epoch no. 263 of 500 (samples: 141442)
INFO:root:Loss: 4.3496 +/- 0.0059
INFO:root:Epoch no. 264 of 500 (samples: 141442)
INFO:root:Loss: 4.3517 +/- 0.016
INFO:root:Epoch no. 265 of 500 (samples: 141442)
INFO:root:Loss: 4.3495 +/- 0.0109
INFO:root:Epoch no. 266 of 500 (samples: 141442)
INFO:root:Loss: 4.3483 +/- 0.0125
INFO:root:Epoch no. 267 of 500 (samples: 141442)
INFO:root:Loss: 4.3469 +/- 0.0071
INFO:root:Epoch no. 268 of 500 (samples: 141442)
INFO:root:Loss: 4.345 +/- 0.0107
INFO:root:Epoch no. 269 of 500 (samples: 141442)
INFO:root:Loss: 4.3488 +/- 0.0116
INFO:root:Epoch no. 270 of 500 (samples: 141442)
INFO:root:Loss: 4.3469 +/- 0.0119
INFO:root:Epoch no. 271 of 500 (samples: 141442)
INFO:root:Loss: 4.3478 +/- 0.0134
INFO:root:Epoch no. 272 of 500 (samples: 141442)
INFO:root:Loss: 4.3449 +/- 0.0169
INFO:root:Epoch no. 273 of 500 (samples: 141442)
INFO:root:Loss: 4.3455 +/- 0.0153
INFO:root:Epoch no. 274 of 500 (samples: 141442)
INFO:root:Loss: 4.3455 +/- 0.0121
INFO:root:Epoch no. 275 of 500 (samples: 141442)
INFO:root:Loss: 4.3487 +/- 0.0124
INFO:root:Epoch no. 276 of 500 (samples: 141442)
INFO:root:Loss: 4.3443 +/- 0.0095
INFO:root:Epoch no. 277 of 500 (samples: 141442)
INFO:root:Loss: 4.3416 +/- 0.0079
INFO:root:Epoch no. 278 of 500 (samples: 141442)
INFO:root:Loss: 4.3424 +/- 0.0128
INFO:root:Epoch no. 279 of 500 (samples: 141442)
INFO:root:Loss: 4.3468 +/- 0.0079
INFO:root:Epoch no. 280 of 500 (samples: 141442)
INFO:root:Loss: 4.3391 +/- 0.0134
INFO:root:Epoch no. 281 of 500 (samples: 141442)
INFO:root:Loss: 4.3387 +/- 0.0114
INFO:root:Epoch no. 282 of 500 (samples: 141442)
INFO:root:Loss: 4.3442 +/- 0.0097
INFO:root:Epoch no. 283 of 500 (samples: 141442)
INFO:root:Loss: 4.3403 +/- 0.0119
INFO:root:Epoch no. 284 of 500 (samples: 141442)
INFO:root:Loss: 4.3385 +/- 0.0147
INFO:root:Epoch no. 285 of 500 (samples: 141442)
INFO:root:Loss: 4.3392 +/- 0.0155
INFO:root:Epoch no. 286 of 500 (samples: 141442)
INFO:root:Loss: 4.3388 +/- 0.0127
INFO:root:Epoch no. 287 of 500 (samples: 141442)
INFO:root:Loss: 4.3391 +/- 0.0162
INFO:root:Epoch no. 288 of 500 (samples: 141442)
INFO:root:Loss: 4.3366 +/- 0.0168
INFO:root:Epoch no. 289 of 500 (samples: 141442)
INFO:root:Loss: 4.3362 +/- 0.0115
INFO:root:Epoch no. 290 of 500 (samples: 141442)
INFO:root:Loss: 4.3434 +/- 0.0131
INFO:root:Epoch no. 291 of 500 (samples: 141442)
INFO:root:Loss: 4.338 +/- 0.0114
INFO:root:Epoch no. 292 of 500 (samples: 141442)
INFO:root:Loss: 4.3373 +/- 0.0168
INFO:root:Epoch no. 293 of 500 (samples: 141442)
INFO:root:Loss: 4.3326 +/- 0.0104
INFO:root:Epoch no. 294 of 500 (samples: 141442)
INFO:root:Loss: 4.3336 +/- 0.0134
INFO:root:Epoch no. 295 of 500 (samples: 141442)
INFO:root:Loss: 4.3334 +/- 0.0123
INFO:root:Epoch no. 296 of 500 (samples: 141442)
INFO:root:Loss: 4.3337 +/- 0.0176
INFO:root:Epoch no. 297 of 500 (samples: 141442)
INFO:root:Loss: 4.335 +/- 0.0141
INFO:root:Epoch no. 298 of 500 (samples: 141442)
INFO:root:Loss: 4.3296 +/- 0.0163
INFO:root:Epoch no. 299 of 500 (samples: 141442)
INFO:root:Loss: 4.3339 +/- 0.0154
INFO:root:Epoch no. 300 of 500 (samples: 141442)
INFO:root:Loss: 4.3373 +/- 0.0092
INFO:root:Epoch no. 301 of 500 (samples: 141442)
INFO:root:Loss: 4.3319 +/- 0.015
INFO:root:Epoch no. 302 of 500 (samples: 141442)
INFO:root:Loss: 4.3304 +/- 0.0127
INFO:root:Epoch no. 303 of 500 (samples: 141442)
INFO:root:Loss: 4.3345 +/- 0.0151
INFO:root:Epoch no. 304 of 500 (samples: 141442)
INFO:root:Loss: 4.3333 +/- 0.0188
INFO:root:Epoch no. 305 of 500 (samples: 141442)
INFO:root:Loss: 4.3322 +/- 0.009
INFO:root:Epoch no. 306 of 500 (samples: 141442)
INFO:root:Loss: 4.3248 +/- 0.0117
INFO:root:Epoch no. 307 of 500 (samples: 141442)
INFO:root:Loss: 4.3313 +/- 0.0191
INFO:root:Epoch no. 308 of 500 (samples: 141442)
INFO:root:Loss: 4.3308 +/- 0.0123
INFO:root:Epoch no. 309 of 500 (samples: 141442)
INFO:root:Loss: 4.3271 +/- 0.0208
INFO:root:Epoch no. 310 of 500 (samples: 141442)
INFO:root:Loss: 4.3297 +/- 0.0098
INFO:root:Epoch no. 311 of 500 (samples: 141442)
INFO:root:Loss: 4.3278 +/- 0.0056
INFO:root:Epoch no. 312 of 500 (samples: 141442)
INFO:root:Loss: 4.3282 +/- 0.0102
INFO:root:Epoch no. 313 of 500 (samples: 141442)
INFO:root:Loss: 4.328 +/- 0.0099
INFO:root:Epoch no. 314 of 500 (samples: 141442)
INFO:root:Loss: 4.3254 +/- 0.0126
INFO:root:Epoch no. 315 of 500 (samples: 141442)
INFO:root:Loss: 4.3309 +/- 0.0134
INFO:root:Epoch no. 316 of 500 (samples: 141442)
INFO:root:Loss: 4.3245 +/- 0.0113
INFO:root:Epoch no. 317 of 500 (samples: 141442)
INFO:root:Loss: 4.3266 +/- 0.008
INFO:root:Epoch no. 318 of 500 (samples: 141442)
INFO:root:Loss: 4.3232 +/- 0.0096
INFO:root:Epoch no. 319 of 500 (samples: 141442)
INFO:root:Loss: 4.3229 +/- 0.0156
INFO:root:Epoch no. 320 of 500 (samples: 141442)
INFO:root:Loss: 4.3299 +/- 0.0053
INFO:root:Epoch no. 321 of 500 (samples: 141442)
INFO:root:Loss: 4.3228 +/- 0.0149
INFO:root:Epoch no. 322 of 500 (samples: 141442)
INFO:root:Loss: 4.3227 +/- 0.0127
INFO:root:Epoch no. 323 of 500 (samples: 141442)
INFO:root:Loss: 4.3189 +/- 0.0117
INFO:root:Epoch no. 324 of 500 (samples: 141442)
INFO:root:Loss: 4.3188 +/- 0.0117
INFO:root:Epoch no. 325 of 500 (samples: 141442)
INFO:root:Loss: 4.3237 +/- 0.0093
INFO:root:Epoch no. 326 of 500 (samples: 141442)
INFO:root:Loss: 4.3223 +/- 0.0109
INFO:root:Epoch no. 327 of 500 (samples: 141442)
INFO:root:Loss: 4.3213 +/- 0.0118
INFO:root:Epoch no. 328 of 500 (samples: 141442)
INFO:root:Loss: 4.3226 +/- 0.0089
INFO:root:Epoch no. 329 of 500 (samples: 141442)
INFO:root:Loss: 4.3207 +/- 0.0156
INFO:root:Epoch no. 330 of 500 (samples: 141442)
INFO:root:Loss: 4.3233 +/- 0.0156
INFO:root:Epoch no. 331 of 500 (samples: 141442)
INFO:root:Loss: 4.3175 +/- 0.0158
INFO:root:Epoch no. 332 of 500 (samples: 141442)
INFO:root:Loss: 4.3209 +/- 0.0152
INFO:root:Epoch no. 333 of 500 (samples: 141442)
INFO:root:Loss: 4.317 +/- 0.0186
INFO:root:Epoch no. 334 of 500 (samples: 141442)
INFO:root:Loss: 4.315 +/- 0.0097
INFO:root:Epoch no. 335 of 500 (samples: 141442)
INFO:root:Loss: 4.3176 +/- 0.0125
INFO:root:Epoch no. 336 of 500 (samples: 141442)
INFO:root:Loss: 4.3112 +/- 0.0125
INFO:root:Epoch no. 337 of 500 (samples: 141442)
INFO:root:Loss: 4.3102 +/- 0.013
INFO:root:Epoch no. 338 of 500 (samples: 141442)
INFO:root:Loss: 4.3164 +/- 0.0151
INFO:root:Epoch no. 339 of 500 (samples: 141442)
INFO:root:Loss: 4.3176 +/- 0.0116
INFO:root:Epoch no. 340 of 500 (samples: 141442)
INFO:root:Loss: 4.3196 +/- 0.0064
INFO:root:Epoch no. 341 of 500 (samples: 141442)
INFO:root:Loss: 4.3143 +/- 0.0094
INFO:root:Epoch no. 342 of 500 (samples: 141442)
INFO:root:Loss: 4.3172 +/- 0.0149
INFO:root:Epoch no. 343 of 500 (samples: 141442)
INFO:root:Loss: 4.3164 +/- 0.0126
INFO:root:Epoch no. 344 of 500 (samples: 141442)
INFO:root:Loss: 4.3157 +/- 0.0137
INFO:root:Epoch no. 345 of 500 (samples: 141442)
INFO:root:Loss: 4.3142 +/- 0.0092
INFO:root:Epoch no. 346 of 500 (samples: 141442)
INFO:root:Loss: 4.3057 +/- 0.0147
INFO:root:Epoch no. 347 of 500 (samples: 141442)
INFO:root:Loss: 4.3178 +/- 0.014
INFO:root:Epoch no. 348 of 500 (samples: 141442)
INFO:root:Loss: 4.3142 +/- 0.0085
INFO:root:Epoch no. 349 of 500 (samples: 141442)
INFO:root:Loss: 4.3131 +/- 0.0164
INFO:root:Epoch no. 350 of 500 (samples: 141442)
INFO:root:Loss: 4.3155 +/- 0.0129
INFO:root:Epoch no. 351 of 500 (samples: 141442)
INFO:root:Loss: 4.3131 +/- 0.0079
INFO:root:Epoch no. 352 of 500 (samples: 141442)
INFO:root:Loss: 4.3129 +/- 0.0107
INFO:root:Epoch no. 353 of 500 (samples: 141442)
INFO:root:Loss: 4.3117 +/- 0.0102
INFO:root:Epoch no. 354 of 500 (samples: 141442)
INFO:root:Loss: 4.3099 +/- 0.0162
INFO:root:Epoch no. 355 of 500 (samples: 141442)
INFO:root:Loss: 4.3129 +/- 0.0113
INFO:root:Epoch no. 356 of 500 (samples: 141442)
INFO:root:Loss: 4.3042 +/- 0.013
INFO:root:Epoch no. 357 of 500 (samples: 141442)
INFO:root:Loss: 4.3104 +/- 0.0076
INFO:root:Epoch no. 358 of 500 (samples: 141442)
INFO:root:Loss: 4.3093 +/- 0.018
INFO:root:Epoch no. 359 of 500 (samples: 141442)
INFO:root:Loss: 4.3085 +/- 0.0102
INFO:root:Epoch no. 360 of 500 (samples: 141442)
INFO:root:Loss: 4.3096 +/- 0.0159
INFO:root:Epoch no. 361 of 500 (samples: 141442)
INFO:root:Loss: 4.3026 +/- 0.0107
INFO:root:Epoch no. 362 of 500 (samples: 141442)
INFO:root:Loss: 4.3132 +/- 0.0082
INFO:root:Epoch no. 363 of 500 (samples: 141442)
INFO:root:Loss: 4.306 +/- 0.0157
INFO:root:Epoch no. 364 of 500 (samples: 141442)
INFO:root:Loss: 4.3049 +/- 0.0144
INFO:root:Epoch no. 365 of 500 (samples: 141442)
INFO:root:Loss: 4.3057 +/- 0.0107
INFO:root:Epoch no. 366 of 500 (samples: 141442)
INFO:root:Loss: 4.3057 +/- 0.0112
INFO:root:Epoch no. 367 of 500 (samples: 141442)
INFO:root:Loss: 4.3089 +/- 0.009
INFO:root:Epoch no. 368 of 500 (samples: 141442)
INFO:root:Loss: 4.3042 +/- 0.0115
INFO:root:Epoch no. 369 of 500 (samples: 141442)
INFO:root:Loss: 4.3 +/- 0.0074
INFO:root:Epoch no. 370 of 500 (samples: 141442)
INFO:root:Loss: 4.3066 +/- 0.0176
INFO:root:Epoch no. 371 of 500 (samples: 141442)
INFO:root:Loss: 4.3008 +/- 0.0157
INFO:root:Epoch no. 372 of 500 (samples: 141442)
INFO:root:Loss: 4.302 +/- 0.0117
INFO:root:Epoch no. 373 of 500 (samples: 141442)
INFO:root:Loss: 4.3068 +/- 0.0118
INFO:root:Epoch no. 374 of 500 (samples: 141442)
INFO:root:Loss: 4.304 +/- 0.0123
INFO:root:Epoch no. 375 of 500 (samples: 141442)
INFO:root:Loss: 4.3065 +/- 0.0088
INFO:root:Epoch no. 376 of 500 (samples: 141442)
INFO:root:Loss: 4.2997 +/- 0.0091
INFO:root:Epoch no. 377 of 500 (samples: 141442)
INFO:root:Loss: 4.3028 +/- 0.0067
INFO:root:Epoch no. 378 of 500 (samples: 141442)
INFO:root:Loss: 4.3078 +/- 0.0092
INFO:root:Epoch no. 379 of 500 (samples: 141442)
INFO:root:Loss: 4.3059 +/- 0.0144
INFO:root:Epoch no. 380 of 500 (samples: 141442)
INFO:root:Loss: 4.3026 +/- 0.0097
INFO:root:Epoch no. 381 of 500 (samples: 141442)
INFO:root:Loss: 4.3029 +/- 0.0124
INFO:root:Epoch no. 382 of 500 (samples: 141442)
INFO:root:Loss: 4.3001 +/- 0.013
INFO:root:Epoch no. 383 of 500 (samples: 141442)
INFO:root:Loss: 4.3007 +/- 0.0136
INFO:root:Epoch no. 384 of 500 (samples: 141442)
INFO:root:Loss: 4.3013 +/- 0.0168
INFO:root:Epoch no. 385 of 500 (samples: 141442)
INFO:root:Loss: 4.3039 +/- 0.0098
INFO:root:Epoch no. 386 of 500 (samples: 141442)
INFO:root:Loss: 4.303 +/- 0.009
INFO:root:Epoch no. 387 of 500 (samples: 141442)
INFO:root:Loss: 4.2939 +/- 0.0098
INFO:root:Epoch no. 388 of 500 (samples: 141442)
INFO:root:Loss: 4.2982 +/- 0.0119
INFO:root:Epoch no. 389 of 500 (samples: 141442)
INFO:root:Loss: 4.2949 +/- 0.0142
INFO:root:Epoch no. 390 of 500 (samples: 141442)
INFO:root:Loss: 4.2963 +/- 0.0146
INFO:root:Epoch no. 391 of 500 (samples: 141442)
INFO:root:Loss: 4.2986 +/- 0.0114
INFO:root:Epoch no. 392 of 500 (samples: 141442)
INFO:root:Loss: 4.295 +/- 0.0111
INFO:root:Epoch no. 393 of 500 (samples: 141442)
INFO:root:Loss: 4.2951 +/- 0.0125
INFO:root:Epoch no. 394 of 500 (samples: 141442)
INFO:root:Loss: 4.2947 +/- 0.0144
INFO:root:Epoch no. 395 of 500 (samples: 141442)
INFO:root:Loss: 4.2962 +/- 0.0097
INFO:root:Epoch no. 396 of 500 (samples: 141442)
INFO:root:Loss: 4.2951 +/- 0.0117
INFO:root:Epoch no. 397 of 500 (samples: 141442)
INFO:root:Loss: 4.2899 +/- 0.0104
INFO:root:Epoch no. 398 of 500 (samples: 141442)
INFO:root:Loss: 4.2941 +/- 0.0097
INFO:root:Epoch no. 399 of 500 (samples: 141442)
INFO:root:Loss: 4.2961 +/- 0.0127
INFO:root:Epoch no. 400 of 500 (samples: 141442)
INFO:root:Loss: 4.2926 +/- 0.0125
INFO:root:Epoch no. 401 of 500 (samples: 141442)
INFO:root:Loss: 4.2971 +/- 0.0178
INFO:root:Epoch no. 402 of 500 (samples: 141442)
INFO:root:Loss: 4.2949 +/- 0.0149
INFO:root:Epoch no. 403 of 500 (samples: 141442)
INFO:root:Loss: 4.2911 +/- 0.0154
INFO:root:Epoch no. 404 of 500 (samples: 141442)
INFO:root:Loss: 4.2876 +/- 0.0157
INFO:root:Epoch no. 405 of 500 (samples: 141442)
INFO:root:Loss: 4.2945 +/- 0.0133
INFO:root:Epoch no. 406 of 500 (samples: 141442)
INFO:root:Loss: 4.2941 +/- 0.0113
INFO:root:Epoch no. 407 of 500 (samples: 141442)
INFO:root:Loss: 4.2909 +/- 0.0091
INFO:root:Epoch no. 408 of 500 (samples: 141442)
INFO:root:Loss: 4.2879 +/- 0.0103
INFO:root:Epoch no. 409 of 500 (samples: 141442)
INFO:root:Loss: 4.2945 +/- 0.0143
INFO:root:Epoch no. 410 of 500 (samples: 141442)
INFO:root:Loss: 4.2922 +/- 0.0086
INFO:root:Epoch no. 411 of 500 (samples: 141442)
INFO:root:Loss: 4.2981 +/- 0.016
INFO:root:Epoch no. 412 of 500 (samples: 141442)
INFO:root:Loss: 4.2901 +/- 0.0162
INFO:root:Epoch no. 413 of 500 (samples: 141442)
INFO:root:Loss: 4.2942 +/- 0.0108
INFO:root:Epoch no. 414 of 500 (samples: 141442)
INFO:root:Loss: 4.2945 +/- 0.0179
INFO:root:Epoch no. 415 of 500 (samples: 141442)
INFO:root:Loss: 4.2882 +/- 0.0159
INFO:root:Epoch no. 416 of 500 (samples: 141442)
INFO:root:Loss: 4.2917 +/- 0.0083
INFO:root:Epoch no. 417 of 500 (samples: 141442)
INFO:root:Loss: 4.2936 +/- 0.0078
INFO:root:Epoch no. 418 of 500 (samples: 141442)
INFO:root:Loss: 4.2875 +/- 0.0081
INFO:root:Epoch no. 419 of 500 (samples: 141442)
INFO:root:Loss: 4.2832 +/- 0.0137
INFO:root:Epoch no. 420 of 500 (samples: 141442)
INFO:root:Loss: 4.2839 +/- 0.0084
INFO:root:Epoch no. 421 of 500 (samples: 141442)
INFO:root:Loss: 4.2901 +/- 0.0145
INFO:root:Epoch no. 422 of 500 (samples: 141442)
INFO:root:Loss: 4.2943 +/- 0.0159
INFO:root:Epoch no. 423 of 500 (samples: 141442)
INFO:root:Loss: 4.2856 +/- 0.0061
INFO:root:Epoch no. 424 of 500 (samples: 141442)
INFO:root:Loss: 4.2851 +/- 0.0121
INFO:root:Epoch no. 425 of 500 (samples: 141442)
INFO:root:Loss: 4.2914 +/- 0.0135
INFO:root:Epoch no. 426 of 500 (samples: 141442)
INFO:root:Loss: 4.2813 +/- 0.012
INFO:root:Epoch no. 427 of 500 (samples: 141442)
INFO:root:Loss: 4.2852 +/- 0.0101
INFO:root:Epoch no. 428 of 500 (samples: 141442)
INFO:root:Loss: 4.2888 +/- 0.0065
INFO:root:Epoch no. 429 of 500 (samples: 141442)
INFO:root:Loss: 4.289 +/- 0.0061
INFO:root:Epoch no. 430 of 500 (samples: 141442)
INFO:root:Loss: 4.2861 +/- 0.0187
INFO:root:Epoch no. 431 of 500 (samples: 141442)
INFO:root:Loss: 4.2851 +/- 0.0134
INFO:root:Epoch no. 432 of 500 (samples: 141442)
INFO:root:Loss: 4.2817 +/- 0.0173
INFO:root:Epoch no. 433 of 500 (samples: 141442)
INFO:root:Loss: 4.2857 +/- 0.0092
INFO:root:Epoch no. 434 of 500 (samples: 141442)
INFO:root:Loss: 4.2845 +/- 0.0122
INFO:root:Epoch no. 435 of 500 (samples: 141442)
INFO:root:Loss: 4.2864 +/- 0.0181
INFO:root:Epoch no. 436 of 500 (samples: 141442)
INFO:root:Loss: 4.284 +/- 0.0118
INFO:root:Epoch no. 437 of 500 (samples: 141442)
INFO:root:Loss: 4.2815 +/- 0.0176
INFO:root:Epoch no. 438 of 500 (samples: 141442)
INFO:root:Loss: 4.283 +/- 0.0099
INFO:root:Epoch no. 439 of 500 (samples: 141442)
INFO:root:Loss: 4.2821 +/- 0.0098
INFO:root:Epoch no. 440 of 500 (samples: 141442)
INFO:root:Loss: 4.2785 +/- 0.0115
INFO:root:Epoch no. 441 of 500 (samples: 141442)
INFO:root:Loss: 4.2831 +/- 0.0106
INFO:root:Epoch no. 442 of 500 (samples: 141442)
INFO:root:Loss: 4.2805 +/- 0.017
INFO:root:Epoch no. 443 of 500 (samples: 141442)
INFO:root:Loss: 4.2811 +/- 0.0142
INFO:root:Epoch no. 444 of 500 (samples: 141442)
INFO:root:Loss: 4.2823 +/- 0.0191
INFO:root:Epoch no. 445 of 500 (samples: 141442)
INFO:root:Loss: 4.2816 +/- 0.0143
INFO:root:Epoch no. 446 of 500 (samples: 141442)
INFO:root:Loss: 4.2766 +/- 0.0193
INFO:root:Epoch no. 447 of 500 (samples: 141442)
INFO:root:Loss: 4.2857 +/- 0.0107
INFO:root:Epoch no. 448 of 500 (samples: 141442)
INFO:root:Loss: 4.2823 +/- 0.0127
INFO:root:Epoch no. 449 of 500 (samples: 141442)
INFO:root:Loss: 4.2815 +/- 0.0153
INFO:root:Epoch no. 450 of 500 (samples: 141442)
INFO:root:Loss: 4.2762 +/- 0.0129
INFO:root:Epoch no. 451 of 500 (samples: 141442)
INFO:root:Loss: 4.2791 +/- 0.0154
INFO:root:Epoch no. 452 of 500 (samples: 141442)
INFO:root:Loss: 4.2784 +/- 0.0125
INFO:root:Epoch no. 453 of 500 (samples: 141442)
INFO:root:Loss: 4.2773 +/- 0.0108
INFO:root:Epoch no. 454 of 500 (samples: 141442)
INFO:root:Loss: 4.2787 +/- 0.0175
INFO:root:Epoch no. 455 of 500 (samples: 141442)
INFO:root:Loss: 4.283 +/- 0.0144
INFO:root:Epoch no. 456 of 500 (samples: 141442)
INFO:root:Loss: 4.2789 +/- 0.0177
INFO:root:Epoch no. 457 of 500 (samples: 141442)
INFO:root:Loss: 4.2737 +/- 0.0111
INFO:root:Epoch no. 458 of 500 (samples: 141442)
INFO:root:Loss: 4.2757 +/- 0.0129
INFO:root:Epoch no. 459 of 500 (samples: 141442)
INFO:root:Loss: 4.2836 +/- 0.0145
INFO:root:Epoch no. 460 of 500 (samples: 141442)
INFO:root:Loss: 4.2775 +/- 0.0085
INFO:root:Epoch no. 461 of 500 (samples: 141442)
INFO:root:Loss: 4.2791 +/- 0.0112
INFO:root:Epoch no. 462 of 500 (samples: 141442)
INFO:root:Loss: 4.281 +/- 0.0116
INFO:root:Epoch no. 463 of 500 (samples: 141442)
INFO:root:Loss: 4.276 +/- 0.0175
INFO:root:Epoch no. 464 of 500 (samples: 141442)
INFO:root:Loss: 4.2748 +/- 0.0141
INFO:root:Epoch no. 465 of 500 (samples: 141442)
INFO:root:Loss: 4.2749 +/- 0.0154
INFO:root:Epoch no. 466 of 500 (samples: 141442)
INFO:root:Loss: 4.2769 +/- 0.012
INFO:root:Epoch no. 467 of 500 (samples: 141442)
INFO:root:Loss: 4.2758 +/- 0.0118
INFO:root:Epoch no. 468 of 500 (samples: 141442)
INFO:root:Loss: 4.2769 +/- 0.0138
INFO:root:Epoch no. 469 of 500 (samples: 141442)
INFO:root:Loss: 4.2707 +/- 0.0115
INFO:root:Epoch no. 470 of 500 (samples: 141442)
INFO:root:Loss: 4.2765 +/- 0.01
INFO:root:Epoch no. 471 of 500 (samples: 141442)
INFO:root:Loss: 4.2697 +/- 0.0127
INFO:root:Epoch no. 472 of 500 (samples: 141442)
INFO:root:Loss: 4.2701 +/- 0.0165
INFO:root:Epoch no. 473 of 500 (samples: 141442)
INFO:root:Loss: 4.2719 +/- 0.0111
INFO:root:Epoch no. 474 of 500 (samples: 141442)
INFO:root:Loss: 4.2716 +/- 0.0151
INFO:root:Epoch no. 475 of 500 (samples: 141442)
INFO:root:Loss: 4.2699 +/- 0.0136
INFO:root:Epoch no. 476 of 500 (samples: 141442)
INFO:root:Loss: 4.2692 +/- 0.0163
INFO:root:Epoch no. 477 of 500 (samples: 141442)
INFO:root:Loss: 4.268 +/- 0.0098
INFO:root:Epoch no. 478 of 500 (samples: 141442)
INFO:root:Loss: 4.27 +/- 0.0143
INFO:root:Epoch no. 479 of 500 (samples: 141442)
INFO:root:Loss: 4.2763 +/- 0.0169
INFO:root:Epoch no. 480 of 500 (samples: 141442)
INFO:root:Loss: 4.2672 +/- 0.0133
INFO:root:Epoch no. 481 of 500 (samples: 141442)
INFO:root:Loss: 4.2752 +/- 0.0074
INFO:root:Epoch no. 482 of 500 (samples: 141442)
INFO:root:Loss: 4.2713 +/- 0.0112
INFO:root:Epoch no. 483 of 500 (samples: 141442)
INFO:root:Loss: 4.2697 +/- 0.0116
INFO:root:Epoch no. 484 of 500 (samples: 141442)
INFO:root:Loss: 4.2651 +/- 0.013
INFO:root:Epoch no. 485 of 500 (samples: 141442)
INFO:root:Loss: 4.2728 +/- 0.0139
INFO:root:Epoch no. 486 of 500 (samples: 141442)
INFO:root:Loss: 4.2699 +/- 0.0092
INFO:root:Epoch no. 487 of 500 (samples: 141442)
INFO:root:Loss: 4.2709 +/- 0.0139
INFO:root:Epoch no. 488 of 500 (samples: 141442)
INFO:root:Loss: 4.2644 +/- 0.0156
INFO:root:Epoch no. 489 of 500 (samples: 141442)
INFO:root:Loss: 4.2691 +/- 0.0069
INFO:root:Epoch no. 490 of 500 (samples: 141442)
INFO:root:Loss: 4.2723 +/- 0.0071
INFO:root:Epoch no. 491 of 500 (samples: 141442)
INFO:root:Loss: 4.2699 +/- 0.012
INFO:root:Epoch no. 492 of 500 (samples: 141442)
INFO:root:Loss: 4.2685 +/- 0.012
INFO:root:Epoch no. 493 of 500 (samples: 141442)
INFO:root:Loss: 4.2682 +/- 0.0089
INFO:root:Epoch no. 494 of 500 (samples: 141442)
INFO:root:Loss: 4.2663 +/- 0.0147
INFO:root:Epoch no. 495 of 500 (samples: 141442)
INFO:root:Loss: 4.2644 +/- 0.0108
INFO:root:Epoch no. 496 of 500 (samples: 141442)
INFO:root:Loss: 4.2664 +/- 0.0138
INFO:root:Epoch no. 497 of 500 (samples: 141442)
INFO:root:Loss: 4.2666 +/- 0.0099
INFO:root:Epoch no. 498 of 500 (samples: 141442)
INFO:root:Loss: 4.2629 +/- 0.0141
INFO:root:Epoch no. 499 of 500 (samples: 141442)
INFO:root:Loss: 4.2694 +/- 0.0108
INFO:root:Epoch no. 500 of 500 (samples: 141442)
INFO:root:Loss: 4.2653 +/- 0.014
INFO:root:### MICRO (validation raw):
INFO:root:	-- left   >> mean: 7574.9902, median: 4100.0, hits@10: 5.78%
INFO:root:	-- right  >> mean: 12927.149, median: 6357.5, hits@10: 1.98%
INFO:root:	-- global >> mean: 10251.0696, median: 4816.5, hits@10: 3.88%
INFO:root:### MICRO (validation filtered):
INFO:root:	-- left   >> mean: 7562.491, median: 4092.5, hits@10: 5.8%
INFO:root:	-- right  >> mean: 12910.721, median: 6317.5, hits@10: 1.98%
INFO:root:	-- global >> mean: 10236.606, median: 4776.0, hits@10: 3.89%
INFO:root:### MICRO (test raw):
INFO:root:	-- left   >> mean: 7416.9296, median: 3837.5, hits@10: 5.66%
INFO:root:	-- right  >> mean: 12211.8062, median: 5291.5, hits@10: 2.06%
INFO:root:	-- global >> mean: 9814.3679, median: 4412.5, hits@10: 3.86%
INFO:root:### MICRO (test filtered):
INFO:root:	-- left   >> mean: 7403.166, median: 3797.0, hits@10: 5.76%
INFO:root:	-- right  >> mean: 12196.8102, median: 5273.0, hits@10: 2.08%
INFO:root:	-- global >> mean: 9799.9881, median: 4375.0, hits@10: 3.92%
WARNING (theano.gof.cmodule): Removing key file /home/insight/.theano/compiledir_Linux-3.2--amd64-x86_64-with-debian-8.3--3.4.2-64/tmp55_yztwl/key.pkl because the corresponding module is gone from the file system.
WARNING:theano.gof.cmodule:Removing key file /home/insight/.theano/compiledir_Linux-3.2--amd64-x86_64-with-debian-8.3--3.4.2-64/tmp55_yztwl/key.pkl because the corresponding module is gone from the file system.
WARNING (theano.gof.cmodule): Removing key file /home/insight/.theano/compiledir_Linux-3.2--amd64-x86_64-with-debian-8.3--3.4.2-64/tmpnh796l9z/key.pkl because the corresponding module is gone from the file system.
WARNING:theano.gof.cmodule:Removing key file /home/insight/.theano/compiledir_Linux-3.2--amd64-x86_64-with-debian-8.3--3.4.2-64/tmpnh796l9z/key.pkl because the corresponding module is gone from the file system.
WARNING (theano.gof.cmodule): Removing key file /home/insight/.theano/compiledir_Linux-3.2--amd64-x86_64-with-debian-8.3--3.4.2-64/tmp34oynxat/key.pkl because the corresponding module is gone from the file system.
WARNING:theano.gof.cmodule:Removing key file /home/insight/.theano/compiledir_Linux-3.2--amd64-x86_64-with-debian-8.3--3.4.2-64/tmp34oynxat/key.pkl because the corresponding module is gone from the file system.
WARNING (theano.gof.cmodule): Removing key file /home/insight/.theano/compiledir_Linux-3.2--amd64-x86_64-with-debian-8.3--3.4.2-64/tmpezkfmq22/key.pkl because the corresponding module is gone from the file system.
WARNING:theano.gof.cmodule:Removing key file /home/insight/.theano/compiledir_Linux-3.2--amd64-x86_64-with-debian-8.3--3.4.2-64/tmpezkfmq22/key.pkl because the corresponding module is gone from the file system.
