Using Theano backend.
/usr/local/lib/python3.4/dist-packages/theano/tensor/signal/downsample.py:5: UserWarning: downsample module has been moved to the pool module.
  warnings.warn("downsample module has been moved to the pool module.")
INFO:root:Samples: 141442, no. batches: 10 -> batch size: 14145
INFO:root:Epoch no. 1 of 500 (samples: 141442)
INFO:root:Loss: 6.6496 +/- 0.0413
INFO:root:Epoch no. 2 of 500 (samples: 141442)
INFO:root:Loss: 6.6249 +/- 0.0031
INFO:root:Epoch no. 3 of 500 (samples: 141442)
INFO:root:Loss: 6.6098 +/- 0.0019
INFO:root:Epoch no. 4 of 500 (samples: 141442)
INFO:root:Loss: 6.5985 +/- 0.0022
INFO:root:Epoch no. 5 of 500 (samples: 141442)
INFO:root:Loss: 6.5892 +/- 0.002
INFO:root:Epoch no. 6 of 500 (samples: 141442)
INFO:root:Loss: 6.5807 +/- 0.0016
INFO:root:Epoch no. 7 of 500 (samples: 141442)
INFO:root:Loss: 6.5735 +/- 0.0019
INFO:root:Epoch no. 8 of 500 (samples: 141442)
INFO:root:Loss: 6.5662 +/- 0.0019
INFO:root:Epoch no. 9 of 500 (samples: 141442)
INFO:root:Loss: 6.5597 +/- 0.0034
INFO:root:Epoch no. 10 of 500 (samples: 141442)
INFO:root:Loss: 6.554 +/- 0.0018
INFO:root:Epoch no. 11 of 500 (samples: 141442)
INFO:root:Loss: 6.5476 +/- 0.0025
INFO:root:Epoch no. 12 of 500 (samples: 141442)
INFO:root:Loss: 6.5422 +/- 0.0023
INFO:root:Epoch no. 13 of 500 (samples: 141442)
INFO:root:Loss: 6.5365 +/- 0.0022
INFO:root:Epoch no. 14 of 500 (samples: 141442)
INFO:root:Loss: 6.5305 +/- 0.0024
INFO:root:Epoch no. 15 of 500 (samples: 141442)
INFO:root:Loss: 6.5259 +/- 0.0019
INFO:root:Epoch no. 16 of 500 (samples: 141442)
INFO:root:Loss: 6.5207 +/- 0.0021
INFO:root:Epoch no. 17 of 500 (samples: 141442)
INFO:root:Loss: 6.5155 +/- 0.0025
INFO:root:Epoch no. 18 of 500 (samples: 141442)
INFO:root:Loss: 6.5104 +/- 0.0031
INFO:root:Epoch no. 19 of 500 (samples: 141442)
INFO:root:Loss: 6.5063 +/- 0.0019
INFO:root:Epoch no. 20 of 500 (samples: 141442)
INFO:root:Loss: 6.5014 +/- 0.0027
INFO:root:Epoch no. 21 of 500 (samples: 141442)
INFO:root:Loss: 6.4957 +/- 0.002
INFO:root:Epoch no. 22 of 500 (samples: 141442)
INFO:root:Loss: 6.4918 +/- 0.0021
INFO:root:Epoch no. 23 of 500 (samples: 141442)
INFO:root:Loss: 6.4873 +/- 0.0022
INFO:root:Epoch no. 24 of 500 (samples: 141442)
INFO:root:Loss: 6.4818 +/- 0.0018
INFO:root:Epoch no. 25 of 500 (samples: 141442)
INFO:root:Loss: 6.4769 +/- 0.0028
INFO:root:Epoch no. 26 of 500 (samples: 141442)
INFO:root:Loss: 6.4729 +/- 0.0028
INFO:root:Epoch no. 27 of 500 (samples: 141442)
INFO:root:Loss: 6.4683 +/- 0.0023
INFO:root:Epoch no. 28 of 500 (samples: 141442)
INFO:root:Loss: 6.4636 +/- 0.0029
INFO:root:Epoch no. 29 of 500 (samples: 141442)
INFO:root:Loss: 6.4584 +/- 0.0042
INFO:root:Epoch no. 30 of 500 (samples: 141442)
INFO:root:Loss: 6.4545 +/- 0.0028
INFO:root:Epoch no. 31 of 500 (samples: 141442)
INFO:root:Loss: 6.45 +/- 0.0029
INFO:root:Epoch no. 32 of 500 (samples: 141442)
INFO:root:Loss: 6.4451 +/- 0.0024
INFO:root:Epoch no. 33 of 500 (samples: 141442)
INFO:root:Loss: 6.4413 +/- 0.0014
INFO:root:Epoch no. 34 of 500 (samples: 141442)
INFO:root:Loss: 6.4364 +/- 0.0025
INFO:root:Epoch no. 35 of 500 (samples: 141442)
INFO:root:Loss: 6.4319 +/- 0.0016
INFO:root:Epoch no. 36 of 500 (samples: 141442)
INFO:root:Loss: 6.4273 +/- 0.0015
INFO:root:Epoch no. 37 of 500 (samples: 141442)
INFO:root:Loss: 6.4219 +/- 0.0017
INFO:root:Epoch no. 38 of 500 (samples: 141442)
INFO:root:Loss: 6.4168 +/- 0.0018
INFO:root:Epoch no. 39 of 500 (samples: 141442)
INFO:root:Loss: 6.4133 +/- 0.0035
INFO:root:Epoch no. 40 of 500 (samples: 141442)
INFO:root:Loss: 6.4083 +/- 0.002
INFO:root:Epoch no. 41 of 500 (samples: 141442)
INFO:root:Loss: 6.404 +/- 0.0023
INFO:root:Epoch no. 42 of 500 (samples: 141442)
INFO:root:Loss: 6.3993 +/- 0.0031
INFO:root:Epoch no. 43 of 500 (samples: 141442)
INFO:root:Loss: 6.3941 +/- 0.0036
INFO:root:Epoch no. 44 of 500 (samples: 141442)
INFO:root:Loss: 6.3893 +/- 0.0029
INFO:root:Epoch no. 45 of 500 (samples: 141442)
INFO:root:Loss: 6.3853 +/- 0.0032
INFO:root:Epoch no. 46 of 500 (samples: 141442)
INFO:root:Loss: 6.3809 +/- 0.0036
INFO:root:Epoch no. 47 of 500 (samples: 141442)
INFO:root:Loss: 6.3759 +/- 0.0027
INFO:root:Epoch no. 48 of 500 (samples: 141442)
INFO:root:Loss: 6.3712 +/- 0.0017
INFO:root:Epoch no. 49 of 500 (samples: 141442)
INFO:root:Loss: 6.3663 +/- 0.0014
INFO:root:Epoch no. 50 of 500 (samples: 141442)
INFO:root:Loss: 6.3617 +/- 0.003
INFO:root:Epoch no. 51 of 500 (samples: 141442)
INFO:root:Loss: 6.3571 +/- 0.0032
INFO:root:Epoch no. 52 of 500 (samples: 141442)
INFO:root:Loss: 6.3513 +/- 0.004
INFO:root:Epoch no. 53 of 500 (samples: 141442)
INFO:root:Loss: 6.3472 +/- 0.0031
INFO:root:Epoch no. 54 of 500 (samples: 141442)
INFO:root:Loss: 6.3432 +/- 0.0019
INFO:root:Epoch no. 55 of 500 (samples: 141442)
INFO:root:Loss: 6.3377 +/- 0.0031
INFO:root:Epoch no. 56 of 500 (samples: 141442)
INFO:root:Loss: 6.3334 +/- 0.0027
INFO:root:Epoch no. 57 of 500 (samples: 141442)
INFO:root:Loss: 6.3273 +/- 0.0037
INFO:root:Epoch no. 58 of 500 (samples: 141442)
INFO:root:Loss: 6.3242 +/- 0.0031
INFO:root:Epoch no. 59 of 500 (samples: 141442)
INFO:root:Loss: 6.3186 +/- 0.0016
INFO:root:Epoch no. 60 of 500 (samples: 141442)
INFO:root:Loss: 6.3141 +/- 0.0035
INFO:root:Epoch no. 61 of 500 (samples: 141442)
INFO:root:Loss: 6.3082 +/- 0.0023
INFO:root:Epoch no. 62 of 500 (samples: 141442)
INFO:root:Loss: 6.3035 +/- 0.0029
INFO:root:Epoch no. 63 of 500 (samples: 141442)
INFO:root:Loss: 6.2981 +/- 0.0038
INFO:root:Epoch no. 64 of 500 (samples: 141442)
INFO:root:Loss: 6.2938 +/- 0.0028
INFO:root:Epoch no. 65 of 500 (samples: 141442)
INFO:root:Loss: 6.2871 +/- 0.0028
INFO:root:Epoch no. 66 of 500 (samples: 141442)
INFO:root:Loss: 6.2835 +/- 0.0034
INFO:root:Epoch no. 67 of 500 (samples: 141442)
INFO:root:Loss: 6.2778 +/- 0.0032
INFO:root:Epoch no. 68 of 500 (samples: 141442)
INFO:root:Loss: 6.2726 +/- 0.0037
INFO:root:Epoch no. 69 of 500 (samples: 141442)
INFO:root:Loss: 6.2679 +/- 0.0019
INFO:root:Epoch no. 70 of 500 (samples: 141442)
INFO:root:Loss: 6.2627 +/- 0.0046
INFO:root:Epoch no. 71 of 500 (samples: 141442)
INFO:root:Loss: 6.2576 +/- 0.0031
INFO:root:Epoch no. 72 of 500 (samples: 141442)
INFO:root:Loss: 6.2529 +/- 0.0028
INFO:root:Epoch no. 73 of 500 (samples: 141442)
INFO:root:Loss: 6.2479 +/- 0.0036
INFO:root:Epoch no. 74 of 500 (samples: 141442)
INFO:root:Loss: 6.2428 +/- 0.0033
INFO:root:Epoch no. 75 of 500 (samples: 141442)
INFO:root:Loss: 6.2373 +/- 0.0025
INFO:root:Epoch no. 76 of 500 (samples: 141442)
INFO:root:Loss: 6.2311 +/- 0.0028
INFO:root:Epoch no. 77 of 500 (samples: 141442)
INFO:root:Loss: 6.2265 +/- 0.0038
INFO:root:Epoch no. 78 of 500 (samples: 141442)
INFO:root:Loss: 6.2222 +/- 0.0031
INFO:root:Epoch no. 79 of 500 (samples: 141442)
INFO:root:Loss: 6.2159 +/- 0.0037
INFO:root:Epoch no. 80 of 500 (samples: 141442)
INFO:root:Loss: 6.2109 +/- 0.003
INFO:root:Epoch no. 81 of 500 (samples: 141442)
INFO:root:Loss: 6.2058 +/- 0.0045
INFO:root:Epoch no. 82 of 500 (samples: 141442)
INFO:root:Loss: 6.201 +/- 0.0038
INFO:root:Epoch no. 83 of 500 (samples: 141442)
INFO:root:Loss: 6.1959 +/- 0.0023
INFO:root:Epoch no. 84 of 500 (samples: 141442)
INFO:root:Loss: 6.189 +/- 0.0044
INFO:root:Epoch no. 85 of 500 (samples: 141442)
INFO:root:Loss: 6.1856 +/- 0.0036
INFO:root:Epoch no. 86 of 500 (samples: 141442)
INFO:root:Loss: 6.1803 +/- 0.0054
INFO:root:Epoch no. 87 of 500 (samples: 141442)
INFO:root:Loss: 6.1745 +/- 0.0042
INFO:root:Epoch no. 88 of 500 (samples: 141442)
INFO:root:Loss: 6.1698 +/- 0.0038
INFO:root:Epoch no. 89 of 500 (samples: 141442)
INFO:root:Loss: 6.1634 +/- 0.0026
INFO:root:Epoch no. 90 of 500 (samples: 141442)
INFO:root:Loss: 6.1592 +/- 0.0027
INFO:root:Epoch no. 91 of 500 (samples: 141442)
INFO:root:Loss: 6.153 +/- 0.0036
INFO:root:Epoch no. 92 of 500 (samples: 141442)
INFO:root:Loss: 6.1476 +/- 0.0026
INFO:root:Epoch no. 93 of 500 (samples: 141442)
INFO:root:Loss: 6.1437 +/- 0.0025
INFO:root:Epoch no. 94 of 500 (samples: 141442)
INFO:root:Loss: 6.1364 +/- 0.0034
INFO:root:Epoch no. 95 of 500 (samples: 141442)
INFO:root:Loss: 6.1324 +/- 0.0043
INFO:root:Epoch no. 96 of 500 (samples: 141442)
INFO:root:Loss: 6.1266 +/- 0.0038
INFO:root:Epoch no. 97 of 500 (samples: 141442)
INFO:root:Loss: 6.1207 +/- 0.0036
INFO:root:Epoch no. 98 of 500 (samples: 141442)
INFO:root:Loss: 6.1159 +/- 0.0045
INFO:root:Epoch no. 99 of 500 (samples: 141442)
INFO:root:Loss: 6.1105 +/- 0.0048
INFO:root:Epoch no. 100 of 500 (samples: 141442)
INFO:root:Loss: 6.1049 +/- 0.0037
INFO:root:Epoch no. 101 of 500 (samples: 141442)
INFO:root:Loss: 6.0996 +/- 0.0038
INFO:root:Epoch no. 102 of 500 (samples: 141442)
INFO:root:Loss: 6.0942 +/- 0.0035
INFO:root:Epoch no. 103 of 500 (samples: 141442)
INFO:root:Loss: 6.0882 +/- 0.0054
INFO:root:Epoch no. 104 of 500 (samples: 141442)
INFO:root:Loss: 6.0812 +/- 0.0059
INFO:root:Epoch no. 105 of 500 (samples: 141442)
INFO:root:Loss: 6.0783 +/- 0.0055
INFO:root:Epoch no. 106 of 500 (samples: 141442)
INFO:root:Loss: 6.07 +/- 0.0034
INFO:root:Epoch no. 107 of 500 (samples: 141442)
INFO:root:Loss: 6.0656 +/- 0.0051
INFO:root:Epoch no. 108 of 500 (samples: 141442)
INFO:root:Loss: 6.0609 +/- 0.0064
INFO:root:Epoch no. 109 of 500 (samples: 141442)
INFO:root:Loss: 6.0544 +/- 0.003
INFO:root:Epoch no. 110 of 500 (samples: 141442)
INFO:root:Loss: 6.0496 +/- 0.0019
INFO:root:Epoch no. 111 of 500 (samples: 141442)
INFO:root:Loss: 6.0441 +/- 0.004
INFO:root:Epoch no. 112 of 500 (samples: 141442)
INFO:root:Loss: 6.0392 +/- 0.0031
INFO:root:Epoch no. 113 of 500 (samples: 141442)
INFO:root:Loss: 6.0346 +/- 0.006
INFO:root:Epoch no. 114 of 500 (samples: 141442)
INFO:root:Loss: 6.0266 +/- 0.0045
INFO:root:Epoch no. 115 of 500 (samples: 141442)
INFO:root:Loss: 6.0225 +/- 0.0063
INFO:root:Epoch no. 116 of 500 (samples: 141442)
INFO:root:Loss: 6.017 +/- 0.0044
INFO:root:Epoch no. 117 of 500 (samples: 141442)
INFO:root:Loss: 6.0131 +/- 0.0049
INFO:root:Epoch no. 118 of 500 (samples: 141442)
INFO:root:Loss: 6.0064 +/- 0.0046
INFO:root:Epoch no. 119 of 500 (samples: 141442)
INFO:root:Loss: 6.0015 +/- 0.0047
INFO:root:Epoch no. 120 of 500 (samples: 141442)
INFO:root:Loss: 5.9972 +/- 0.0042
INFO:root:Epoch no. 121 of 500 (samples: 141442)
INFO:root:Loss: 5.991 +/- 0.004
INFO:root:Epoch no. 122 of 500 (samples: 141442)
INFO:root:Loss: 5.987 +/- 0.0051
INFO:root:Epoch no. 123 of 500 (samples: 141442)
INFO:root:Loss: 5.9799 +/- 0.0067
INFO:root:Epoch no. 124 of 500 (samples: 141442)
INFO:root:Loss: 5.9754 +/- 0.0039
INFO:root:Epoch no. 125 of 500 (samples: 141442)
INFO:root:Loss: 5.9696 +/- 0.003
INFO:root:Epoch no. 126 of 500 (samples: 141442)
INFO:root:Loss: 5.9656 +/- 0.0059
INFO:root:Epoch no. 127 of 500 (samples: 141442)
INFO:root:Loss: 5.9588 +/- 0.006
INFO:root:Epoch no. 128 of 500 (samples: 141442)
INFO:root:Loss: 5.954 +/- 0.0031
INFO:root:Epoch no. 129 of 500 (samples: 141442)
INFO:root:Loss: 5.9478 +/- 0.0035
INFO:root:Epoch no. 130 of 500 (samples: 141442)
INFO:root:Loss: 5.9442 +/- 0.0051
INFO:root:Epoch no. 131 of 500 (samples: 141442)
INFO:root:Loss: 5.9383 +/- 0.0037
INFO:root:Epoch no. 132 of 500 (samples: 141442)
INFO:root:Loss: 5.9333 +/- 0.0045
INFO:root:Epoch no. 133 of 500 (samples: 141442)
INFO:root:Loss: 5.927 +/- 0.0044
INFO:root:Epoch no. 134 of 500 (samples: 141442)
INFO:root:Loss: 5.9219 +/- 0.0049
INFO:root:Epoch no. 135 of 500 (samples: 141442)
INFO:root:Loss: 5.9167 +/- 0.0055
INFO:root:Epoch no. 136 of 500 (samples: 141442)
INFO:root:Loss: 5.9118 +/- 0.0061
INFO:root:Epoch no. 137 of 500 (samples: 141442)
INFO:root:Loss: 5.9067 +/- 0.008
INFO:root:Epoch no. 138 of 500 (samples: 141442)
INFO:root:Loss: 5.9029 +/- 0.005
INFO:root:Epoch no. 139 of 500 (samples: 141442)
INFO:root:Loss: 5.8951 +/- 0.0044
INFO:root:Epoch no. 140 of 500 (samples: 141442)
INFO:root:Loss: 5.8917 +/- 0.0041
INFO:root:Epoch no. 141 of 500 (samples: 141442)
INFO:root:Loss: 5.886 +/- 0.004
INFO:root:Epoch no. 142 of 500 (samples: 141442)
INFO:root:Loss: 5.8812 +/- 0.0063
INFO:root:Epoch no. 143 of 500 (samples: 141442)
INFO:root:Loss: 5.8752 +/- 0.0029
INFO:root:Epoch no. 144 of 500 (samples: 141442)
INFO:root:Loss: 5.8701 +/- 0.0055
INFO:root:Epoch no. 145 of 500 (samples: 141442)
INFO:root:Loss: 5.866 +/- 0.005
INFO:root:Epoch no. 146 of 500 (samples: 141442)
INFO:root:Loss: 5.8611 +/- 0.0051
INFO:root:Epoch no. 147 of 500 (samples: 141442)
INFO:root:Loss: 5.8553 +/- 0.0056
INFO:root:Epoch no. 148 of 500 (samples: 141442)
INFO:root:Loss: 5.8511 +/- 0.0057
INFO:root:Epoch no. 149 of 500 (samples: 141442)
INFO:root:Loss: 5.8454 +/- 0.0038
INFO:root:Epoch no. 150 of 500 (samples: 141442)
INFO:root:Loss: 5.8426 +/- 0.0042
INFO:root:Epoch no. 151 of 500 (samples: 141442)
INFO:root:Loss: 5.8348 +/- 0.0046
INFO:root:Epoch no. 152 of 500 (samples: 141442)
INFO:root:Loss: 5.8305 +/- 0.0041
INFO:root:Epoch no. 153 of 500 (samples: 141442)
INFO:root:Loss: 5.8264 +/- 0.0033
INFO:root:Epoch no. 154 of 500 (samples: 141442)
INFO:root:Loss: 5.8214 +/- 0.0047
INFO:root:Epoch no. 155 of 500 (samples: 141442)
INFO:root:Loss: 5.8158 +/- 0.0032
INFO:root:Epoch no. 156 of 500 (samples: 141442)
INFO:root:Loss: 5.813 +/- 0.0042
INFO:root:Epoch no. 157 of 500 (samples: 141442)
INFO:root:Loss: 5.8072 +/- 0.0043
INFO:root:Epoch no. 158 of 500 (samples: 141442)
INFO:root:Loss: 5.8031 +/- 0.0058
INFO:root:Epoch no. 159 of 500 (samples: 141442)
INFO:root:Loss: 5.7981 +/- 0.0065
INFO:root:Epoch no. 160 of 500 (samples: 141442)
INFO:root:Loss: 5.7939 +/- 0.0061
INFO:root:Epoch no. 161 of 500 (samples: 141442)
INFO:root:Loss: 5.7894 +/- 0.0044
INFO:root:Epoch no. 162 of 500 (samples: 141442)
INFO:root:Loss: 5.7837 +/- 0.0068
INFO:root:Epoch no. 163 of 500 (samples: 141442)
INFO:root:Loss: 5.7792 +/- 0.0071
INFO:root:Epoch no. 164 of 500 (samples: 141442)
INFO:root:Loss: 5.7736 +/- 0.0056
INFO:root:Epoch no. 165 of 500 (samples: 141442)
INFO:root:Loss: 5.7704 +/- 0.0058
INFO:root:Epoch no. 166 of 500 (samples: 141442)
INFO:root:Loss: 5.7665 +/- 0.0068
INFO:root:Epoch no. 167 of 500 (samples: 141442)
INFO:root:Loss: 5.7611 +/- 0.0057
INFO:root:Epoch no. 168 of 500 (samples: 141442)
INFO:root:Loss: 5.7582 +/- 0.0073
INFO:root:Epoch no. 169 of 500 (samples: 141442)
INFO:root:Loss: 5.753 +/- 0.0064
INFO:root:Epoch no. 170 of 500 (samples: 141442)
INFO:root:Loss: 5.7475 +/- 0.0042
INFO:root:Epoch no. 171 of 500 (samples: 141442)
INFO:root:Loss: 5.7435 +/- 0.0044
INFO:root:Epoch no. 172 of 500 (samples: 141442)
INFO:root:Loss: 5.739 +/- 0.0036
INFO:root:Epoch no. 173 of 500 (samples: 141442)
INFO:root:Loss: 5.7363 +/- 0.0041
INFO:root:Epoch no. 174 of 500 (samples: 141442)
INFO:root:Loss: 5.7308 +/- 0.0061
INFO:root:Epoch no. 175 of 500 (samples: 141442)
INFO:root:Loss: 5.7275 +/- 0.0086
INFO:root:Epoch no. 176 of 500 (samples: 141442)
INFO:root:Loss: 5.7214 +/- 0.0069
INFO:root:Epoch no. 177 of 500 (samples: 141442)
INFO:root:Loss: 5.7181 +/- 0.0044
INFO:root:Epoch no. 178 of 500 (samples: 141442)
INFO:root:Loss: 5.7135 +/- 0.0041
INFO:root:Epoch no. 179 of 500 (samples: 141442)
INFO:root:Loss: 5.7087 +/- 0.0069
INFO:root:Epoch no. 180 of 500 (samples: 141442)
INFO:root:Loss: 5.7059 +/- 0.0061
INFO:root:Epoch no. 181 of 500 (samples: 141442)
INFO:root:Loss: 5.7017 +/- 0.0065
INFO:root:Epoch no. 182 of 500 (samples: 141442)
INFO:root:Loss: 5.6959 +/- 0.0039
INFO:root:Epoch no. 183 of 500 (samples: 141442)
INFO:root:Loss: 5.6923 +/- 0.0052
INFO:root:Epoch no. 184 of 500 (samples: 141442)
INFO:root:Loss: 5.6884 +/- 0.0059
INFO:root:Epoch no. 185 of 500 (samples: 141442)
INFO:root:Loss: 5.685 +/- 0.0046
INFO:root:Epoch no. 186 of 500 (samples: 141442)
INFO:root:Loss: 5.6796 +/- 0.0076
INFO:root:Epoch no. 187 of 500 (samples: 141442)
INFO:root:Loss: 5.6757 +/- 0.0047
INFO:root:Epoch no. 188 of 500 (samples: 141442)
INFO:root:Loss: 5.6717 +/- 0.0045
INFO:root:Epoch no. 189 of 500 (samples: 141442)
INFO:root:Loss: 5.6683 +/- 0.0063
INFO:root:Epoch no. 190 of 500 (samples: 141442)
INFO:root:Loss: 5.663 +/- 0.0043
INFO:root:Epoch no. 191 of 500 (samples: 141442)
INFO:root:Loss: 5.66 +/- 0.0033
INFO:root:Epoch no. 192 of 500 (samples: 141442)
INFO:root:Loss: 5.6555 +/- 0.0059
INFO:root:Epoch no. 193 of 500 (samples: 141442)
INFO:root:Loss: 5.6521 +/- 0.0058
INFO:root:Epoch no. 194 of 500 (samples: 141442)
INFO:root:Loss: 5.6476 +/- 0.0041
INFO:root:Epoch no. 195 of 500 (samples: 141442)
INFO:root:Loss: 5.6429 +/- 0.005
INFO:root:Epoch no. 196 of 500 (samples: 141442)
INFO:root:Loss: 5.6372 +/- 0.0061
INFO:root:Epoch no. 197 of 500 (samples: 141442)
INFO:root:Loss: 5.6355 +/- 0.0038
INFO:root:Epoch no. 198 of 500 (samples: 141442)
INFO:root:Loss: 5.6303 +/- 0.0059
INFO:root:Epoch no. 199 of 500 (samples: 141442)
INFO:root:Loss: 5.6269 +/- 0.005
INFO:root:Epoch no. 200 of 500 (samples: 141442)
INFO:root:Loss: 5.6217 +/- 0.0041
INFO:root:Epoch no. 201 of 500 (samples: 141442)
INFO:root:Loss: 5.6169 +/- 0.0072
INFO:root:Epoch no. 202 of 500 (samples: 141442)
INFO:root:Loss: 5.6147 +/- 0.0048
INFO:root:Epoch no. 203 of 500 (samples: 141442)
INFO:root:Loss: 5.609 +/- 0.0038
INFO:root:Epoch no. 204 of 500 (samples: 141442)
INFO:root:Loss: 5.6064 +/- 0.0065
INFO:root:Epoch no. 205 of 500 (samples: 141442)
INFO:root:Loss: 5.6029 +/- 0.0052
INFO:root:Epoch no. 206 of 500 (samples: 141442)
INFO:root:Loss: 5.5975 +/- 0.0065
INFO:root:Epoch no. 207 of 500 (samples: 141442)
INFO:root:Loss: 5.5957 +/- 0.005
INFO:root:Epoch no. 208 of 500 (samples: 141442)
INFO:root:Loss: 5.5894 +/- 0.0058
INFO:root:Epoch no. 209 of 500 (samples: 141442)
INFO:root:Loss: 5.5863 +/- 0.0045
INFO:root:Epoch no. 210 of 500 (samples: 141442)
INFO:root:Loss: 5.5832 +/- 0.0065
INFO:root:Epoch no. 211 of 500 (samples: 141442)
INFO:root:Loss: 5.5787 +/- 0.0053
INFO:root:Epoch no. 212 of 500 (samples: 141442)
INFO:root:Loss: 5.5743 +/- 0.005
INFO:root:Epoch no. 213 of 500 (samples: 141442)
INFO:root:Loss: 5.5714 +/- 0.0054
INFO:root:Epoch no. 214 of 500 (samples: 141442)
INFO:root:Loss: 5.568 +/- 0.0061
INFO:root:Epoch no. 215 of 500 (samples: 141442)
INFO:root:Loss: 5.5633 +/- 0.0033
INFO:root:Epoch no. 216 of 500 (samples: 141442)
INFO:root:Loss: 5.5601 +/- 0.0064
INFO:root:Epoch no. 217 of 500 (samples: 141442)
INFO:root:Loss: 5.5555 +/- 0.0054
INFO:root:Epoch no. 218 of 500 (samples: 141442)
INFO:root:Loss: 5.5513 +/- 0.0065
INFO:root:Epoch no. 219 of 500 (samples: 141442)
INFO:root:Loss: 5.5463 +/- 0.0065
INFO:root:Epoch no. 220 of 500 (samples: 141442)
INFO:root:Loss: 5.5442 +/- 0.0043
INFO:root:Epoch no. 221 of 500 (samples: 141442)
INFO:root:Loss: 5.5406 +/- 0.0048
INFO:root:Epoch no. 222 of 500 (samples: 141442)
INFO:root:Loss: 5.5346 +/- 0.0061
INFO:root:Epoch no. 223 of 500 (samples: 141442)
INFO:root:Loss: 5.5321 +/- 0.0056
INFO:root:Epoch no. 224 of 500 (samples: 141442)
INFO:root:Loss: 5.5293 +/- 0.0058
INFO:root:Epoch no. 225 of 500 (samples: 141442)
INFO:root:Loss: 5.5259 +/- 0.006
INFO:root:Epoch no. 226 of 500 (samples: 141442)
INFO:root:Loss: 5.5229 +/- 0.006
INFO:root:Epoch no. 227 of 500 (samples: 141442)
INFO:root:Loss: 5.5185 +/- 0.0088
INFO:root:Epoch no. 228 of 500 (samples: 141442)
INFO:root:Loss: 5.5149 +/- 0.005
INFO:root:Epoch no. 229 of 500 (samples: 141442)
INFO:root:Loss: 5.51 +/- 0.005
INFO:root:Epoch no. 230 of 500 (samples: 141442)
INFO:root:Loss: 5.5092 +/- 0.0056
INFO:root:Epoch no. 231 of 500 (samples: 141442)
INFO:root:Loss: 5.5037 +/- 0.0049
INFO:root:Epoch no. 232 of 500 (samples: 141442)
INFO:root:Loss: 5.5009 +/- 0.0069
INFO:root:Epoch no. 233 of 500 (samples: 141442)
INFO:root:Loss: 5.4976 +/- 0.0066
INFO:root:Epoch no. 234 of 500 (samples: 141442)
INFO:root:Loss: 5.4947 +/- 0.0041
INFO:root:Epoch no. 235 of 500 (samples: 141442)
INFO:root:Loss: 5.4916 +/- 0.0053
INFO:root:Epoch no. 236 of 500 (samples: 141442)
INFO:root:Loss: 5.4867 +/- 0.004
INFO:root:Epoch no. 237 of 500 (samples: 141442)
INFO:root:Loss: 5.4848 +/- 0.0042
INFO:root:Epoch no. 238 of 500 (samples: 141442)
INFO:root:Loss: 5.4797 +/- 0.0076
INFO:root:Epoch no. 239 of 500 (samples: 141442)
INFO:root:Loss: 5.4772 +/- 0.0054
INFO:root:Epoch no. 240 of 500 (samples: 141442)
INFO:root:Loss: 5.4725 +/- 0.0047
INFO:root:Epoch no. 241 of 500 (samples: 141442)
INFO:root:Loss: 5.4712 +/- 0.0048
INFO:root:Epoch no. 242 of 500 (samples: 141442)
INFO:root:Loss: 5.4656 +/- 0.0069
INFO:root:Epoch no. 243 of 500 (samples: 141442)
INFO:root:Loss: 5.4618 +/- 0.0075
INFO:root:Epoch no. 244 of 500 (samples: 141442)
INFO:root:Loss: 5.4624 +/- 0.0097
INFO:root:Epoch no. 245 of 500 (samples: 141442)
INFO:root:Loss: 5.4574 +/- 0.0051
INFO:root:Epoch no. 246 of 500 (samples: 141442)
INFO:root:Loss: 5.4543 +/- 0.0058
INFO:root:Epoch no. 247 of 500 (samples: 141442)
INFO:root:Loss: 5.4509 +/- 0.0073
INFO:root:Epoch no. 248 of 500 (samples: 141442)
INFO:root:Loss: 5.4477 +/- 0.0042
INFO:root:Epoch no. 249 of 500 (samples: 141442)
INFO:root:Loss: 5.4438 +/- 0.0043
INFO:root:Epoch no. 250 of 500 (samples: 141442)
INFO:root:Loss: 5.4405 +/- 0.0049
INFO:root:Epoch no. 251 of 500 (samples: 141442)
INFO:root:Loss: 5.4379 +/- 0.0043
INFO:root:Epoch no. 252 of 500 (samples: 141442)
INFO:root:Loss: 5.4332 +/- 0.0033
INFO:root:Epoch no. 253 of 500 (samples: 141442)
INFO:root:Loss: 5.4307 +/- 0.0064
INFO:root:Epoch no. 254 of 500 (samples: 141442)
INFO:root:Loss: 5.4276 +/- 0.0073
INFO:root:Epoch no. 255 of 500 (samples: 141442)
INFO:root:Loss: 5.4264 +/- 0.0101
INFO:root:Epoch no. 256 of 500 (samples: 141442)
INFO:root:Loss: 5.4225 +/- 0.0077
INFO:root:Epoch no. 257 of 500 (samples: 141442)
INFO:root:Loss: 5.4194 +/- 0.0045
INFO:root:Epoch no. 258 of 500 (samples: 141442)
INFO:root:Loss: 5.4153 +/- 0.0064
INFO:root:Epoch no. 259 of 500 (samples: 141442)
INFO:root:Loss: 5.4113 +/- 0.0055
INFO:root:Epoch no. 260 of 500 (samples: 141442)
INFO:root:Loss: 5.4087 +/- 0.0033
INFO:root:Epoch no. 261 of 500 (samples: 141442)
INFO:root:Loss: 5.4065 +/- 0.0057
INFO:root:Epoch no. 262 of 500 (samples: 141442)
INFO:root:Loss: 5.4041 +/- 0.0084
INFO:root:Epoch no. 263 of 500 (samples: 141442)
INFO:root:Loss: 5.4015 +/- 0.0065
INFO:root:Epoch no. 264 of 500 (samples: 141442)
INFO:root:Loss: 5.3961 +/- 0.0048
INFO:root:Epoch no. 265 of 500 (samples: 141442)
INFO:root:Loss: 5.3938 +/- 0.004
INFO:root:Epoch no. 266 of 500 (samples: 141442)
INFO:root:Loss: 5.3916 +/- 0.0074
INFO:root:Epoch no. 267 of 500 (samples: 141442)
INFO:root:Loss: 5.3885 +/- 0.0053
INFO:root:Epoch no. 268 of 500 (samples: 141442)
INFO:root:Loss: 5.3852 +/- 0.0058
INFO:root:Epoch no. 269 of 500 (samples: 141442)
INFO:root:Loss: 5.3832 +/- 0.0054
INFO:root:Epoch no. 270 of 500 (samples: 141442)
INFO:root:Loss: 5.3791 +/- 0.0039
INFO:root:Epoch no. 271 of 500 (samples: 141442)
INFO:root:Loss: 5.3762 +/- 0.0046
INFO:root:Epoch no. 272 of 500 (samples: 141442)
INFO:root:Loss: 5.3736 +/- 0.0079
INFO:root:Epoch no. 273 of 500 (samples: 141442)
INFO:root:Loss: 5.3694 +/- 0.0069
INFO:root:Epoch no. 274 of 500 (samples: 141442)
INFO:root:Loss: 5.3673 +/- 0.006
INFO:root:Epoch no. 275 of 500 (samples: 141442)
INFO:root:Loss: 5.3642 +/- 0.0047
INFO:root:Epoch no. 276 of 500 (samples: 141442)
INFO:root:Loss: 5.3608 +/- 0.0045
INFO:root:Epoch no. 277 of 500 (samples: 141442)
INFO:root:Loss: 5.3581 +/- 0.0073
INFO:root:Epoch no. 278 of 500 (samples: 141442)
INFO:root:Loss: 5.3554 +/- 0.0059
INFO:root:Epoch no. 279 of 500 (samples: 141442)
INFO:root:Loss: 5.3529 +/- 0.0043
INFO:root:Epoch no. 280 of 500 (samples: 141442)
INFO:root:Loss: 5.3484 +/- 0.0051
INFO:root:Epoch no. 281 of 500 (samples: 141442)
INFO:root:Loss: 5.3467 +/- 0.0056
INFO:root:Epoch no. 282 of 500 (samples: 141442)
INFO:root:Loss: 5.3447 +/- 0.0066
INFO:root:Epoch no. 283 of 500 (samples: 141442)
INFO:root:Loss: 5.3403 +/- 0.0059
INFO:root:Epoch no. 284 of 500 (samples: 141442)
INFO:root:Loss: 5.3376 +/- 0.0086
INFO:root:Epoch no. 285 of 500 (samples: 141442)
INFO:root:Loss: 5.3347 +/- 0.0081
INFO:root:Epoch no. 286 of 500 (samples: 141442)
INFO:root:Loss: 5.3318 +/- 0.0041
INFO:root:Epoch no. 287 of 500 (samples: 141442)
INFO:root:Loss: 5.3291 +/- 0.0086
INFO:root:Epoch no. 288 of 500 (samples: 141442)
INFO:root:Loss: 5.3254 +/- 0.0047
INFO:root:Epoch no. 289 of 500 (samples: 141442)
INFO:root:Loss: 5.3246 +/- 0.0065
INFO:root:Epoch no. 290 of 500 (samples: 141442)
INFO:root:Loss: 5.322 +/- 0.0069
INFO:root:Epoch no. 291 of 500 (samples: 141442)
INFO:root:Loss: 5.319 +/- 0.004
INFO:root:Epoch no. 292 of 500 (samples: 141442)
INFO:root:Loss: 5.3154 +/- 0.0052
INFO:root:Epoch no. 293 of 500 (samples: 141442)
INFO:root:Loss: 5.3113 +/- 0.0052
INFO:root:Epoch no. 294 of 500 (samples: 141442)
INFO:root:Loss: 5.3098 +/- 0.0063
INFO:root:Epoch no. 295 of 500 (samples: 141442)
INFO:root:Loss: 5.307 +/- 0.0068
INFO:root:Epoch no. 296 of 500 (samples: 141442)
INFO:root:Loss: 5.3037 +/- 0.0048
INFO:root:Epoch no. 297 of 500 (samples: 141442)
INFO:root:Loss: 5.3009 +/- 0.0075
INFO:root:Epoch no. 298 of 500 (samples: 141442)
INFO:root:Loss: 5.2963 +/- 0.0062
INFO:root:Epoch no. 299 of 500 (samples: 141442)
INFO:root:Loss: 5.2949 +/- 0.0052
INFO:root:Epoch no. 300 of 500 (samples: 141442)
INFO:root:Loss: 5.2929 +/- 0.0078
INFO:root:Epoch no. 301 of 500 (samples: 141442)
INFO:root:Loss: 5.2884 +/- 0.0047
INFO:root:Epoch no. 302 of 500 (samples: 141442)
INFO:root:Loss: 5.2856 +/- 0.0058
INFO:root:Epoch no. 303 of 500 (samples: 141442)
INFO:root:Loss: 5.2828 +/- 0.008
INFO:root:Epoch no. 304 of 500 (samples: 141442)
INFO:root:Loss: 5.282 +/- 0.0033
INFO:root:Epoch no. 305 of 500 (samples: 141442)
INFO:root:Loss: 5.2774 +/- 0.0078
INFO:root:Epoch no. 306 of 500 (samples: 141442)
INFO:root:Loss: 5.2757 +/- 0.0089
INFO:root:Epoch no. 307 of 500 (samples: 141442)
INFO:root:Loss: 5.2738 +/- 0.0053
INFO:root:Epoch no. 308 of 500 (samples: 141442)
INFO:root:Loss: 5.2698 +/- 0.0084
INFO:root:Epoch no. 309 of 500 (samples: 141442)
INFO:root:Loss: 5.2669 +/- 0.005
INFO:root:Epoch no. 310 of 500 (samples: 141442)
INFO:root:Loss: 5.2643 +/- 0.0059
INFO:root:Epoch no. 311 of 500 (samples: 141442)
INFO:root:Loss: 5.2617 +/- 0.004
INFO:root:Epoch no. 312 of 500 (samples: 141442)
INFO:root:Loss: 5.2605 +/- 0.0037
INFO:root:Epoch no. 313 of 500 (samples: 141442)
INFO:root:Loss: 5.2558 +/- 0.0043
INFO:root:Epoch no. 314 of 500 (samples: 141442)
INFO:root:Loss: 5.2534 +/- 0.0077
INFO:root:Epoch no. 315 of 500 (samples: 141442)
INFO:root:Loss: 5.2512 +/- 0.0084
INFO:root:Epoch no. 316 of 500 (samples: 141442)
INFO:root:Loss: 5.2476 +/- 0.0044
INFO:root:Epoch no. 317 of 500 (samples: 141442)
INFO:root:Loss: 5.2451 +/- 0.0046
INFO:root:Epoch no. 318 of 500 (samples: 141442)
INFO:root:Loss: 5.242 +/- 0.0052
INFO:root:Epoch no. 319 of 500 (samples: 141442)
INFO:root:Loss: 5.2404 +/- 0.0082
INFO:root:Epoch no. 320 of 500 (samples: 141442)
INFO:root:Loss: 5.2386 +/- 0.0043
INFO:root:Epoch no. 321 of 500 (samples: 141442)
INFO:root:Loss: 5.2361 +/- 0.0065
INFO:root:Epoch no. 322 of 500 (samples: 141442)
INFO:root:Loss: 5.2313 +/- 0.006
INFO:root:Epoch no. 323 of 500 (samples: 141442)
INFO:root:Loss: 5.228 +/- 0.0051
INFO:root:Epoch no. 324 of 500 (samples: 141442)
INFO:root:Loss: 5.2267 +/- 0.0042
INFO:root:Epoch no. 325 of 500 (samples: 141442)
INFO:root:Loss: 5.2263 +/- 0.0049
INFO:root:Epoch no. 326 of 500 (samples: 141442)
INFO:root:Loss: 5.2207 +/- 0.007
INFO:root:Epoch no. 327 of 500 (samples: 141442)
INFO:root:Loss: 5.2199 +/- 0.0072
INFO:root:Epoch no. 328 of 500 (samples: 141442)
INFO:root:Loss: 5.2163 +/- 0.0061
INFO:root:Epoch no. 329 of 500 (samples: 141442)
INFO:root:Loss: 5.2149 +/- 0.0049
INFO:root:Epoch no. 330 of 500 (samples: 141442)
INFO:root:Loss: 5.2121 +/- 0.0073
INFO:root:Epoch no. 331 of 500 (samples: 141442)
INFO:root:Loss: 5.2095 +/- 0.0055
INFO:root:Epoch no. 332 of 500 (samples: 141442)
INFO:root:Loss: 5.2069 +/- 0.0052
INFO:root:Epoch no. 333 of 500 (samples: 141442)
INFO:root:Loss: 5.2042 +/- 0.006
INFO:root:Epoch no. 334 of 500 (samples: 141442)
INFO:root:Loss: 5.2023 +/- 0.0022
INFO:root:Epoch no. 335 of 500 (samples: 141442)
INFO:root:Loss: 5.2004 +/- 0.0047
INFO:root:Epoch no. 336 of 500 (samples: 141442)
INFO:root:Loss: 5.1981 +/- 0.0048
INFO:root:Epoch no. 337 of 500 (samples: 141442)
INFO:root:Loss: 5.1936 +/- 0.0073
INFO:root:Epoch no. 338 of 500 (samples: 141442)
INFO:root:Loss: 5.1935 +/- 0.0066
INFO:root:Epoch no. 339 of 500 (samples: 141442)
INFO:root:Loss: 5.1897 +/- 0.0057
INFO:root:Epoch no. 340 of 500 (samples: 141442)
INFO:root:Loss: 5.1894 +/- 0.0067
INFO:root:Epoch no. 341 of 500 (samples: 141442)
INFO:root:Loss: 5.1859 +/- 0.0088
INFO:root:Epoch no. 342 of 500 (samples: 141442)
INFO:root:Loss: 5.1822 +/- 0.0078
INFO:root:Epoch no. 343 of 500 (samples: 141442)
INFO:root:Loss: 5.1806 +/- 0.0053
INFO:root:Epoch no. 344 of 500 (samples: 141442)
INFO:root:Loss: 5.1797 +/- 0.0079
INFO:root:Epoch no. 345 of 500 (samples: 141442)
INFO:root:Loss: 5.1749 +/- 0.0064
INFO:root:Epoch no. 346 of 500 (samples: 141442)
INFO:root:Loss: 5.175 +/- 0.0059
INFO:root:Epoch no. 347 of 500 (samples: 141442)
INFO:root:Loss: 5.1724 +/- 0.007
INFO:root:Epoch no. 348 of 500 (samples: 141442)
INFO:root:Loss: 5.1681 +/- 0.0043
INFO:root:Epoch no. 349 of 500 (samples: 141442)
INFO:root:Loss: 5.1666 +/- 0.0084
INFO:root:Epoch no. 350 of 500 (samples: 141442)
INFO:root:Loss: 5.166 +/- 0.0042
INFO:root:Epoch no. 351 of 500 (samples: 141442)
INFO:root:Loss: 5.1624 +/- 0.0049
INFO:root:Epoch no. 352 of 500 (samples: 141442)
INFO:root:Loss: 5.16 +/- 0.0084
INFO:root:Epoch no. 353 of 500 (samples: 141442)
INFO:root:Loss: 5.1574 +/- 0.0049
INFO:root:Epoch no. 354 of 500 (samples: 141442)
INFO:root:Loss: 5.1568 +/- 0.0052
INFO:root:Epoch no. 355 of 500 (samples: 141442)
INFO:root:Loss: 5.155 +/- 0.0051
INFO:root:Epoch no. 356 of 500 (samples: 141442)
INFO:root:Loss: 5.1529 +/- 0.0037
INFO:root:Epoch no. 357 of 500 (samples: 141442)
INFO:root:Loss: 5.1495 +/- 0.0049
INFO:root:Epoch no. 358 of 500 (samples: 141442)
INFO:root:Loss: 5.1457 +/- 0.0036
INFO:root:Epoch no. 359 of 500 (samples: 141442)
INFO:root:Loss: 5.1451 +/- 0.0043
INFO:root:Epoch no. 360 of 500 (samples: 141442)
INFO:root:Loss: 5.1436 +/- 0.0076
INFO:root:Epoch no. 361 of 500 (samples: 141442)
INFO:root:Loss: 5.1407 +/- 0.0052
INFO:root:Epoch no. 362 of 500 (samples: 141442)
INFO:root:Loss: 5.1369 +/- 0.0058
INFO:root:Epoch no. 363 of 500 (samples: 141442)
INFO:root:Loss: 5.1368 +/- 0.0053
INFO:root:Epoch no. 364 of 500 (samples: 141442)
INFO:root:Loss: 5.1327 +/- 0.0057
INFO:root:Epoch no. 365 of 500 (samples: 141442)
INFO:root:Loss: 5.1316 +/- 0.004
INFO:root:Epoch no. 366 of 500 (samples: 141442)
INFO:root:Loss: 5.1297 +/- 0.0055
INFO:root:Epoch no. 367 of 500 (samples: 141442)
INFO:root:Loss: 5.1267 +/- 0.0045
INFO:root:Epoch no. 368 of 500 (samples: 141442)
INFO:root:Loss: 5.1248 +/- 0.0075
INFO:root:Epoch no. 369 of 500 (samples: 141442)
INFO:root:Loss: 5.1217 +/- 0.0054
INFO:root:Epoch no. 370 of 500 (samples: 141442)
INFO:root:Loss: 5.1205 +/- 0.0067
INFO:root:Epoch no. 371 of 500 (samples: 141442)
INFO:root:Loss: 5.1172 +/- 0.0075
INFO:root:Epoch no. 372 of 500 (samples: 141442)
INFO:root:Loss: 5.1155 +/- 0.0062
INFO:root:Epoch no. 373 of 500 (samples: 141442)
INFO:root:Loss: 5.1136 +/- 0.0066
INFO:root:Epoch no. 374 of 500 (samples: 141442)
INFO:root:Loss: 5.1131 +/- 0.0052
INFO:root:Epoch no. 375 of 500 (samples: 141442)
INFO:root:Loss: 5.1101 +/- 0.0066
INFO:root:Epoch no. 376 of 500 (samples: 141442)
INFO:root:Loss: 5.1061 +/- 0.0048
INFO:root:Epoch no. 377 of 500 (samples: 141442)
INFO:root:Loss: 5.1068 +/- 0.0045
INFO:root:Epoch no. 378 of 500 (samples: 141442)
INFO:root:Loss: 5.1028 +/- 0.008
INFO:root:Epoch no. 379 of 500 (samples: 141442)
INFO:root:Loss: 5.102 +/- 0.0061
INFO:root:Epoch no. 380 of 500 (samples: 141442)
INFO:root:Loss: 5.099 +/- 0.005
INFO:root:Epoch no. 381 of 500 (samples: 141442)
INFO:root:Loss: 5.0961 +/- 0.0055
INFO:root:Epoch no. 382 of 500 (samples: 141442)
INFO:root:Loss: 5.0934 +/- 0.0071
INFO:root:Epoch no. 383 of 500 (samples: 141442)
INFO:root:Loss: 5.0927 +/- 0.0087
INFO:root:Epoch no. 384 of 500 (samples: 141442)
INFO:root:Loss: 5.09 +/- 0.0039
INFO:root:Epoch no. 385 of 500 (samples: 141442)
INFO:root:Loss: 5.0886 +/- 0.0079
INFO:root:Epoch no. 386 of 500 (samples: 141442)
INFO:root:Loss: 5.0871 +/- 0.0054
INFO:root:Epoch no. 387 of 500 (samples: 141442)
INFO:root:Loss: 5.0853 +/- 0.0052
INFO:root:Epoch no. 388 of 500 (samples: 141442)
INFO:root:Loss: 5.0824 +/- 0.0041
INFO:root:Epoch no. 389 of 500 (samples: 141442)
INFO:root:Loss: 5.0807 +/- 0.0051
INFO:root:Epoch no. 390 of 500 (samples: 141442)
INFO:root:Loss: 5.0786 +/- 0.0089
INFO:root:Epoch no. 391 of 500 (samples: 141442)
INFO:root:Loss: 5.0771 +/- 0.0051
INFO:root:Epoch no. 392 of 500 (samples: 141442)
INFO:root:Loss: 5.0742 +/- 0.0098
INFO:root:Epoch no. 393 of 500 (samples: 141442)
INFO:root:Loss: 5.0718 +/- 0.0079
INFO:root:Epoch no. 394 of 500 (samples: 141442)
INFO:root:Loss: 5.0697 +/- 0.0046
INFO:root:Epoch no. 395 of 500 (samples: 141442)
INFO:root:Loss: 5.0681 +/- 0.0079
INFO:root:Epoch no. 396 of 500 (samples: 141442)
INFO:root:Loss: 5.067 +/- 0.0038
INFO:root:Epoch no. 397 of 500 (samples: 141442)
INFO:root:Loss: 5.0642 +/- 0.0058
INFO:root:Epoch no. 398 of 500 (samples: 141442)
INFO:root:Loss: 5.0629 +/- 0.0084
INFO:root:Epoch no. 399 of 500 (samples: 141442)
INFO:root:Loss: 5.0584 +/- 0.0072
INFO:root:Epoch no. 400 of 500 (samples: 141442)
INFO:root:Loss: 5.0588 +/- 0.0056
INFO:root:Epoch no. 401 of 500 (samples: 141442)
INFO:root:Loss: 5.0559 +/- 0.0066
INFO:root:Epoch no. 402 of 500 (samples: 141442)
INFO:root:Loss: 5.0556 +/- 0.0055
INFO:root:Epoch no. 403 of 500 (samples: 141442)
INFO:root:Loss: 5.0527 +/- 0.0087
INFO:root:Epoch no. 404 of 500 (samples: 141442)
INFO:root:Loss: 5.0489 +/- 0.0088
INFO:root:Epoch no. 405 of 500 (samples: 141442)
INFO:root:Loss: 5.0492 +/- 0.0044
INFO:root:Epoch no. 406 of 500 (samples: 141442)
INFO:root:Loss: 5.0463 +/- 0.006
INFO:root:Epoch no. 407 of 500 (samples: 141442)
INFO:root:Loss: 5.0461 +/- 0.0054
INFO:root:Epoch no. 408 of 500 (samples: 141442)
INFO:root:Loss: 5.0422 +/- 0.0082
INFO:root:Epoch no. 409 of 500 (samples: 141442)
INFO:root:Loss: 5.0409 +/- 0.0062
INFO:root:Epoch no. 410 of 500 (samples: 141442)
INFO:root:Loss: 5.0383 +/- 0.0033
INFO:root:Epoch no. 411 of 500 (samples: 141442)
INFO:root:Loss: 5.0375 +/- 0.0085
INFO:root:Epoch no. 412 of 500 (samples: 141442)
INFO:root:Loss: 5.0345 +/- 0.0057
INFO:root:Epoch no. 413 of 500 (samples: 141442)
INFO:root:Loss: 5.0336 +/- 0.0048
INFO:root:Epoch no. 414 of 500 (samples: 141442)
INFO:root:Loss: 5.0296 +/- 0.007
INFO:root:Epoch no. 415 of 500 (samples: 141442)
INFO:root:Loss: 5.0279 +/- 0.0047
INFO:root:Epoch no. 416 of 500 (samples: 141442)
INFO:root:Loss: 5.0262 +/- 0.0047
INFO:root:Epoch no. 417 of 500 (samples: 141442)
INFO:root:Loss: 5.0266 +/- 0.0068
INFO:root:Epoch no. 418 of 500 (samples: 141442)
INFO:root:Loss: 5.0234 +/- 0.0057
INFO:root:Epoch no. 419 of 500 (samples: 141442)
INFO:root:Loss: 5.0213 +/- 0.0069
INFO:root:Epoch no. 420 of 500 (samples: 141442)
INFO:root:Loss: 5.0198 +/- 0.0065
INFO:root:Epoch no. 421 of 500 (samples: 141442)
INFO:root:Loss: 5.0177 +/- 0.007
INFO:root:Epoch no. 422 of 500 (samples: 141442)
INFO:root:Loss: 5.016 +/- 0.0053
INFO:root:Epoch no. 423 of 500 (samples: 141442)
INFO:root:Loss: 5.0137 +/- 0.0082
INFO:root:Epoch no. 424 of 500 (samples: 141442)
INFO:root:Loss: 5.0116 +/- 0.0051
INFO:root:Epoch no. 425 of 500 (samples: 141442)
INFO:root:Loss: 5.0088 +/- 0.0062
INFO:root:Epoch no. 426 of 500 (samples: 141442)
INFO:root:Loss: 5.0087 +/- 0.005
INFO:root:Epoch no. 427 of 500 (samples: 141442)
INFO:root:Loss: 5.0071 +/- 0.006
INFO:root:Epoch no. 428 of 500 (samples: 141442)
INFO:root:Loss: 5.0051 +/- 0.0059
INFO:root:Epoch no. 429 of 500 (samples: 141442)
INFO:root:Loss: 5.0035 +/- 0.0059
INFO:root:Epoch no. 430 of 500 (samples: 141442)
INFO:root:Loss: 5.0026 +/- 0.0069
INFO:root:Epoch no. 431 of 500 (samples: 141442)
INFO:root:Loss: 5.0005 +/- 0.0064
INFO:root:Epoch no. 432 of 500 (samples: 141442)
INFO:root:Loss: 4.9983 +/- 0.0065
INFO:root:Epoch no. 433 of 500 (samples: 141442)
INFO:root:Loss: 4.9976 +/- 0.0056
INFO:root:Epoch no. 434 of 500 (samples: 141442)
INFO:root:Loss: 4.9965 +/- 0.0044
INFO:root:Epoch no. 435 of 500 (samples: 141442)
INFO:root:Loss: 4.9937 +/- 0.0051
INFO:root:Epoch no. 436 of 500 (samples: 141442)
INFO:root:Loss: 4.9904 +/- 0.007
INFO:root:Epoch no. 437 of 500 (samples: 141442)
INFO:root:Loss: 4.9876 +/- 0.0057
INFO:root:Epoch no. 438 of 500 (samples: 141442)
INFO:root:Loss: 4.9882 +/- 0.0062
INFO:root:Epoch no. 439 of 500 (samples: 141442)
INFO:root:Loss: 4.9863 +/- 0.0068
INFO:root:Epoch no. 440 of 500 (samples: 141442)
INFO:root:Loss: 4.9831 +/- 0.0064
INFO:root:Epoch no. 441 of 500 (samples: 141442)
INFO:root:Loss: 4.9817 +/- 0.0029
INFO:root:Epoch no. 442 of 500 (samples: 141442)
INFO:root:Loss: 4.9813 +/- 0.007
INFO:root:Epoch no. 443 of 500 (samples: 141442)
INFO:root:Loss: 4.9784 +/- 0.0051
INFO:root:Epoch no. 444 of 500 (samples: 141442)
INFO:root:Loss: 4.9774 +/- 0.0076
INFO:root:Epoch no. 445 of 500 (samples: 141442)
INFO:root:Loss: 4.9756 +/- 0.0038
INFO:root:Epoch no. 446 of 500 (samples: 141442)
INFO:root:Loss: 4.9733 +/- 0.007
INFO:root:Epoch no. 447 of 500 (samples: 141442)
INFO:root:Loss: 4.9718 +/- 0.0066
INFO:root:Epoch no. 448 of 500 (samples: 141442)
INFO:root:Loss: 4.9684 +/- 0.0076
INFO:root:Epoch no. 449 of 500 (samples: 141442)
INFO:root:Loss: 4.9687 +/- 0.0092
INFO:root:Epoch no. 450 of 500 (samples: 141442)
INFO:root:Loss: 4.9665 +/- 0.0041
INFO:root:Epoch no. 451 of 500 (samples: 141442)
INFO:root:Loss: 4.9641 +/- 0.0058
INFO:root:Epoch no. 452 of 500 (samples: 141442)
INFO:root:Loss: 4.9614 +/- 0.007
INFO:root:Epoch no. 453 of 500 (samples: 141442)
INFO:root:Loss: 4.9618 +/- 0.0061
INFO:root:Epoch no. 454 of 500 (samples: 141442)
INFO:root:Loss: 4.9603 +/- 0.0078
INFO:root:Epoch no. 455 of 500 (samples: 141442)
INFO:root:Loss: 4.9563 +/- 0.0063
INFO:root:Epoch no. 456 of 500 (samples: 141442)
INFO:root:Loss: 4.9562 +/- 0.0055
INFO:root:Epoch no. 457 of 500 (samples: 141442)
INFO:root:Loss: 4.9553 +/- 0.0066
INFO:root:Epoch no. 458 of 500 (samples: 141442)
INFO:root:Loss: 4.9533 +/- 0.0053
INFO:root:Epoch no. 459 of 500 (samples: 141442)
INFO:root:Loss: 4.9513 +/- 0.0056
INFO:root:Epoch no. 460 of 500 (samples: 141442)
INFO:root:Loss: 4.9501 +/- 0.0089
INFO:root:Epoch no. 461 of 500 (samples: 141442)
INFO:root:Loss: 4.9484 +/- 0.0061
INFO:root:Epoch no. 462 of 500 (samples: 141442)
INFO:root:Loss: 4.9466 +/- 0.0037
INFO:root:Epoch no. 463 of 500 (samples: 141442)
INFO:root:Loss: 4.9431 +/- 0.0061
INFO:root:Epoch no. 464 of 500 (samples: 141442)
INFO:root:Loss: 4.9429 +/- 0.0022
INFO:root:Epoch no. 465 of 500 (samples: 141442)
INFO:root:Loss: 4.9412 +/- 0.0059
INFO:root:Epoch no. 466 of 500 (samples: 141442)
INFO:root:Loss: 4.9392 +/- 0.0056
INFO:root:Epoch no. 467 of 500 (samples: 141442)
INFO:root:Loss: 4.9392 +/- 0.0077
INFO:root:Epoch no. 468 of 500 (samples: 141442)
INFO:root:Loss: 4.9363 +/- 0.0065
INFO:root:Epoch no. 469 of 500 (samples: 141442)
INFO:root:Loss: 4.936 +/- 0.0051
INFO:root:Epoch no. 470 of 500 (samples: 141442)
INFO:root:Loss: 4.9329 +/- 0.0073
INFO:root:Epoch no. 471 of 500 (samples: 141442)
INFO:root:Loss: 4.9328 +/- 0.0082
INFO:root:Epoch no. 472 of 500 (samples: 141442)
INFO:root:Loss: 4.9308 +/- 0.0063
INFO:root:Epoch no. 473 of 500 (samples: 141442)
INFO:root:Loss: 4.9295 +/- 0.0065
INFO:root:Epoch no. 474 of 500 (samples: 141442)
INFO:root:Loss: 4.9267 +/- 0.0062
INFO:root:Epoch no. 475 of 500 (samples: 141442)
INFO:root:Loss: 4.9246 +/- 0.009
INFO:root:Epoch no. 476 of 500 (samples: 141442)
INFO:root:Loss: 4.9232 +/- 0.0067
INFO:root:Epoch no. 477 of 500 (samples: 141442)
INFO:root:Loss: 4.9225 +/- 0.0059
INFO:root:Epoch no. 478 of 500 (samples: 141442)
INFO:root:Loss: 4.9215 +/- 0.0068
INFO:root:Epoch no. 479 of 500 (samples: 141442)
INFO:root:Loss: 4.9192 +/- 0.0055
INFO:root:Epoch no. 480 of 500 (samples: 141442)
INFO:root:Loss: 4.918 +/- 0.0077
INFO:root:Epoch no. 481 of 500 (samples: 141442)
INFO:root:Loss: 4.9175 +/- 0.0061
INFO:root:Epoch no. 482 of 500 (samples: 141442)
INFO:root:Loss: 4.9167 +/- 0.0037
INFO:root:Epoch no. 483 of 500 (samples: 141442)
INFO:root:Loss: 4.9131 +/- 0.0061
INFO:root:Epoch no. 484 of 500 (samples: 141442)
INFO:root:Loss: 4.9127 +/- 0.0086
INFO:root:Epoch no. 485 of 500 (samples: 141442)
INFO:root:Loss: 4.9107 +/- 0.008
INFO:root:Epoch no. 486 of 500 (samples: 141442)
INFO:root:Loss: 4.9083 +/- 0.0065
INFO:root:Epoch no. 487 of 500 (samples: 141442)
INFO:root:Loss: 4.9077 +/- 0.0095
INFO:root:Epoch no. 488 of 500 (samples: 141442)
INFO:root:Loss: 4.9062 +/- 0.0067
INFO:root:Epoch no. 489 of 500 (samples: 141442)
INFO:root:Loss: 4.9069 +/- 0.0057
INFO:root:Epoch no. 490 of 500 (samples: 141442)
INFO:root:Loss: 4.9027 +/- 0.0064
INFO:root:Epoch no. 491 of 500 (samples: 141442)
INFO:root:Loss: 4.9009 +/- 0.0064
INFO:root:Epoch no. 492 of 500 (samples: 141442)
INFO:root:Loss: 4.8991 +/- 0.0079
INFO:root:Epoch no. 493 of 500 (samples: 141442)
INFO:root:Loss: 4.8976 +/- 0.0055
INFO:root:Epoch no. 494 of 500 (samples: 141442)
INFO:root:Loss: 4.8966 +/- 0.0085
INFO:root:Epoch no. 495 of 500 (samples: 141442)
INFO:root:Loss: 4.895 +/- 0.0099
INFO:root:Epoch no. 496 of 500 (samples: 141442)
INFO:root:Loss: 4.8953 +/- 0.0034
INFO:root:Epoch no. 497 of 500 (samples: 141442)
INFO:root:Loss: 4.8938 +/- 0.0067
INFO:root:Epoch no. 498 of 500 (samples: 141442)
INFO:root:Loss: 4.8922 +/- 0.006
INFO:root:Epoch no. 499 of 500 (samples: 141442)
INFO:root:Loss: 4.8906 +/- 0.0061
INFO:root:Epoch no. 500 of 500 (samples: 141442)
INFO:root:Loss: 4.8887 +/- 0.0078
INFO:root:### MICRO (validation raw):
INFO:root:	-- left   >> mean: 4385.5022, median: 764.5, hits@10: 13.76%
INFO:root:	-- right  >> mean: 5012.0246, median: 861.0, hits@10: 14.28%
INFO:root:	-- global >> mean: 4698.7634, median: 803.0, hits@10: 14.02%
INFO:root:### MICRO (validation filtered):
INFO:root:	-- left   >> mean: 4374.3854, median: 760.5, hits@10: 14.6%
INFO:root:	-- right  >> mean: 4998.4002, median: 858.0, hits@10: 14.92%
INFO:root:	-- global >> mean: 4686.3928, median: 794.5, hits@10: 14.76%
INFO:root:### MICRO (test raw):
INFO:root:	-- left   >> mean: 4535.4568, median: 788.0, hits@10: 12.96%
INFO:root:	-- right  >> mean: 4939.0084, median: 733.5, hits@10: 14.32%
INFO:root:	-- global >> mean: 4737.2326, median: 768.0, hits@10: 13.64%
INFO:root:### MICRO (test filtered):
INFO:root:	-- left   >> mean: 4523.6674, median: 776.0, hits@10: 14.32%
INFO:root:	-- right  >> mean: 4926.4136, median: 719.0, hits@10: 15.06%
INFO:root:	-- global >> mean: 4725.0405, median: 756.0, hits@10: 14.69%
