Using Theano backend.
/usr/local/lib/python3.4/dist-packages/theano/tensor/signal/downsample.py:5: UserWarning: downsample module has been moved to the pool module.
  warnings.warn("downsample module has been moved to the pool module.")
INFO:root:Samples: 141442, no. batches: 10 -> batch size: 14145
INFO:root:Epoch no. 1 of 500 (samples: 141442)
INFO:root:Loss: 6.4681 +/- 0.1217
INFO:root:Epoch no. 2 of 500 (samples: 141442)
INFO:root:Loss: 6.0017 +/- 0.0689
INFO:root:Epoch no. 3 of 500 (samples: 141442)
INFO:root:Loss: 5.6848 +/- 0.0538
INFO:root:Epoch no. 4 of 500 (samples: 141442)
INFO:root:Loss: 5.4348 +/- 0.0408
INFO:root:Epoch no. 5 of 500 (samples: 141442)
INFO:root:Loss: 5.2363 +/- 0.0298
INFO:root:Epoch no. 6 of 500 (samples: 141442)
INFO:root:Loss: 5.098 +/- 0.0218
INFO:root:Epoch no. 7 of 500 (samples: 141442)
INFO:root:Loss: 4.9873 +/- 0.0151
INFO:root:Epoch no. 8 of 500 (samples: 141442)
INFO:root:Loss: 4.8983 +/- 0.0127
INFO:root:Epoch no. 9 of 500 (samples: 141442)
INFO:root:Loss: 4.8342 +/- 0.0099
INFO:root:Epoch no. 10 of 500 (samples: 141442)
INFO:root:Loss: 4.7757 +/- 0.0126
INFO:root:Epoch no. 11 of 500 (samples: 141442)
INFO:root:Loss: 4.7295 +/- 0.0112
INFO:root:Epoch no. 12 of 500 (samples: 141442)
INFO:root:Loss: 4.6915 +/- 0.0093
INFO:root:Epoch no. 13 of 500 (samples: 141442)
INFO:root:Loss: 4.6555 +/- 0.0145
INFO:root:Epoch no. 14 of 500 (samples: 141442)
INFO:root:Loss: 4.6323 +/- 0.0139
INFO:root:Epoch no. 15 of 500 (samples: 141442)
INFO:root:Loss: 4.6053 +/- 0.0187
INFO:root:Epoch no. 16 of 500 (samples: 141442)
INFO:root:Loss: 4.5812 +/- 0.0154
INFO:root:Epoch no. 17 of 500 (samples: 141442)
INFO:root:Loss: 4.5637 +/- 0.0163
INFO:root:Epoch no. 18 of 500 (samples: 141442)
INFO:root:Loss: 4.5448 +/- 0.0254
INFO:root:Epoch no. 19 of 500 (samples: 141442)
INFO:root:Loss: 4.5339 +/- 0.0163
INFO:root:Epoch no. 20 of 500 (samples: 141442)
INFO:root:Loss: 4.5282 +/- 0.0201
INFO:root:Epoch no. 21 of 500 (samples: 141442)
INFO:root:Loss: 4.5036 +/- 0.0172
INFO:root:Epoch no. 22 of 500 (samples: 141442)
INFO:root:Loss: 4.4993 +/- 0.0178
INFO:root:Epoch no. 23 of 500 (samples: 141442)
INFO:root:Loss: 4.4896 +/- 0.0179
INFO:root:Epoch no. 24 of 500 (samples: 141442)
INFO:root:Loss: 4.4738 +/- 0.0244
INFO:root:Epoch no. 25 of 500 (samples: 141442)
INFO:root:Loss: 4.4618 +/- 0.0265
INFO:root:Epoch no. 26 of 500 (samples: 141442)
INFO:root:Loss: 4.4584 +/- 0.0214
INFO:root:Epoch no. 27 of 500 (samples: 141442)
INFO:root:Loss: 4.4489 +/- 0.0162
INFO:root:Epoch no. 28 of 500 (samples: 141442)
INFO:root:Loss: 4.4427 +/- 0.0167
INFO:root:Epoch no. 29 of 500 (samples: 141442)
INFO:root:Loss: 4.4372 +/- 0.0209
INFO:root:Epoch no. 30 of 500 (samples: 141442)
INFO:root:Loss: 4.4276 +/- 0.018
INFO:root:Epoch no. 31 of 500 (samples: 141442)
INFO:root:Loss: 4.426 +/- 0.0152
INFO:root:Epoch no. 32 of 500 (samples: 141442)
INFO:root:Loss: 4.4196 +/- 0.0192
INFO:root:Epoch no. 33 of 500 (samples: 141442)
INFO:root:Loss: 4.4133 +/- 0.0187
INFO:root:Epoch no. 34 of 500 (samples: 141442)
INFO:root:Loss: 4.408 +/- 0.0158
INFO:root:Epoch no. 35 of 500 (samples: 141442)
INFO:root:Loss: 4.4066 +/- 0.0251
INFO:root:Epoch no. 36 of 500 (samples: 141442)
INFO:root:Loss: 4.3956 +/- 0.0178
INFO:root:Epoch no. 37 of 500 (samples: 141442)
INFO:root:Loss: 4.3914 +/- 0.0191
INFO:root:Epoch no. 38 of 500 (samples: 141442)
INFO:root:Loss: 4.3903 +/- 0.0199
INFO:root:Epoch no. 39 of 500 (samples: 141442)
INFO:root:Loss: 4.3834 +/- 0.0193
INFO:root:Epoch no. 40 of 500 (samples: 141442)
INFO:root:Loss: 4.3781 +/- 0.0142
INFO:root:Epoch no. 41 of 500 (samples: 141442)
INFO:root:Loss: 4.3711 +/- 0.0125
INFO:root:Epoch no. 42 of 500 (samples: 141442)
INFO:root:Loss: 4.3725 +/- 0.0144
INFO:root:Epoch no. 43 of 500 (samples: 141442)
INFO:root:Loss: 4.3706 +/- 0.0195
INFO:root:Epoch no. 44 of 500 (samples: 141442)
INFO:root:Loss: 4.3591 +/- 0.018
INFO:root:Epoch no. 45 of 500 (samples: 141442)
INFO:root:Loss: 4.3538 +/- 0.0127
INFO:root:Epoch no. 46 of 500 (samples: 141442)
INFO:root:Loss: 4.359 +/- 0.0163
INFO:root:Epoch no. 47 of 500 (samples: 141442)
INFO:root:Loss: 4.3562 +/- 0.0159
INFO:root:Epoch no. 48 of 500 (samples: 141442)
INFO:root:Loss: 4.3522 +/- 0.0109
INFO:root:Epoch no. 49 of 500 (samples: 141442)
INFO:root:Loss: 4.3435 +/- 0.018
INFO:root:Epoch no. 50 of 500 (samples: 141442)
INFO:root:Loss: 4.3445 +/- 0.015
INFO:root:Epoch no. 51 of 500 (samples: 141442)
INFO:root:Loss: 4.3466 +/- 0.0181
INFO:root:Epoch no. 52 of 500 (samples: 141442)
INFO:root:Loss: 4.3333 +/- 0.0164
INFO:root:Epoch no. 53 of 500 (samples: 141442)
INFO:root:Loss: 4.3323 +/- 0.0182
INFO:root:Epoch no. 54 of 500 (samples: 141442)
INFO:root:Loss: 4.3305 +/- 0.0225
INFO:root:Epoch no. 55 of 500 (samples: 141442)
INFO:root:Loss: 4.3304 +/- 0.0215
INFO:root:Epoch no. 56 of 500 (samples: 141442)
INFO:root:Loss: 4.3216 +/- 0.0293
INFO:root:Epoch no. 57 of 500 (samples: 141442)
INFO:root:Loss: 4.325 +/- 0.0195
INFO:root:Epoch no. 58 of 500 (samples: 141442)
INFO:root:Loss: 4.3217 +/- 0.0174
INFO:root:Epoch no. 59 of 500 (samples: 141442)
INFO:root:Loss: 4.3199 +/- 0.0113
INFO:root:Epoch no. 60 of 500 (samples: 141442)
INFO:root:Loss: 4.3198 +/- 0.0194
INFO:root:Epoch no. 61 of 500 (samples: 141442)
INFO:root:Loss: 4.3103 +/- 0.0194
INFO:root:Epoch no. 62 of 500 (samples: 141442)
INFO:root:Loss: 4.3153 +/- 0.0201
INFO:root:Epoch no. 63 of 500 (samples: 141442)
INFO:root:Loss: 4.3146 +/- 0.0135
INFO:root:Epoch no. 64 of 500 (samples: 141442)
INFO:root:Loss: 4.3114 +/- 0.0144
INFO:root:Epoch no. 65 of 500 (samples: 141442)
INFO:root:Loss: 4.3042 +/- 0.0231
INFO:root:Epoch no. 66 of 500 (samples: 141442)
INFO:root:Loss: 4.3016 +/- 0.0144
INFO:root:Epoch no. 67 of 500 (samples: 141442)
INFO:root:Loss: 4.2965 +/- 0.023
INFO:root:Epoch no. 68 of 500 (samples: 141442)
INFO:root:Loss: 4.3027 +/- 0.02
INFO:root:Epoch no. 69 of 500 (samples: 141442)
INFO:root:Loss: 4.3024 +/- 0.0098
INFO:root:Epoch no. 70 of 500 (samples: 141442)
INFO:root:Loss: 4.2924 +/- 0.0158
INFO:root:Epoch no. 71 of 500 (samples: 141442)
INFO:root:Loss: 4.2921 +/- 0.0165
INFO:root:Epoch no. 72 of 500 (samples: 141442)
INFO:root:Loss: 4.2857 +/- 0.0201
INFO:root:Epoch no. 73 of 500 (samples: 141442)
INFO:root:Loss: 4.2872 +/- 0.0199
INFO:root:Epoch no. 74 of 500 (samples: 141442)
INFO:root:Loss: 4.2913 +/- 0.0168
INFO:root:Epoch no. 75 of 500 (samples: 141442)
INFO:root:Loss: 4.2872 +/- 0.0235
INFO:root:Epoch no. 76 of 500 (samples: 141442)
INFO:root:Loss: 4.2863 +/- 0.0132
INFO:root:Epoch no. 77 of 500 (samples: 141442)
INFO:root:Loss: 4.2817 +/- 0.0204
INFO:root:Epoch no. 78 of 500 (samples: 141442)
INFO:root:Loss: 4.2791 +/- 0.014
INFO:root:Epoch no. 79 of 500 (samples: 141442)
INFO:root:Loss: 4.2845 +/- 0.0159
INFO:root:Epoch no. 80 of 500 (samples: 141442)
INFO:root:Loss: 4.2793 +/- 0.0158
INFO:root:Epoch no. 81 of 500 (samples: 141442)
INFO:root:Loss: 4.2702 +/- 0.0218
INFO:root:Epoch no. 82 of 500 (samples: 141442)
INFO:root:Loss: 4.2788 +/- 0.0121
INFO:root:Epoch no. 83 of 500 (samples: 141442)
INFO:root:Loss: 4.2718 +/- 0.0132
INFO:root:Epoch no. 84 of 500 (samples: 141442)
INFO:root:Loss: 4.2725 +/- 0.0221
INFO:root:Epoch no. 85 of 500 (samples: 141442)
INFO:root:Loss: 4.2632 +/- 0.01
INFO:root:Epoch no. 86 of 500 (samples: 141442)
INFO:root:Loss: 4.2727 +/- 0.0223
INFO:root:Epoch no. 87 of 500 (samples: 141442)
INFO:root:Loss: 4.2626 +/- 0.0241
INFO:root:Epoch no. 88 of 500 (samples: 141442)
INFO:root:Loss: 4.2702 +/- 0.0137
INFO:root:Epoch no. 89 of 500 (samples: 141442)
INFO:root:Loss: 4.2618 +/- 0.0206
INFO:root:Epoch no. 90 of 500 (samples: 141442)
INFO:root:Loss: 4.257 +/- 0.0202
INFO:root:Epoch no. 91 of 500 (samples: 141442)
INFO:root:Loss: 4.2634 +/- 0.0087
INFO:root:Epoch no. 92 of 500 (samples: 141442)
INFO:root:Loss: 4.2602 +/- 0.0179
INFO:root:Epoch no. 93 of 500 (samples: 141442)
INFO:root:Loss: 4.253 +/- 0.0106
INFO:root:Epoch no. 94 of 500 (samples: 141442)
INFO:root:Loss: 4.2584 +/- 0.018
INFO:root:Epoch no. 95 of 500 (samples: 141442)
INFO:root:Loss: 4.247 +/- 0.0205
INFO:root:Epoch no. 96 of 500 (samples: 141442)
INFO:root:Loss: 4.2551 +/- 0.0176
INFO:root:Epoch no. 97 of 500 (samples: 141442)
INFO:root:Loss: 4.2502 +/- 0.0089
INFO:root:Epoch no. 98 of 500 (samples: 141442)
INFO:root:Loss: 4.2508 +/- 0.0188
INFO:root:Epoch no. 99 of 500 (samples: 141442)
INFO:root:Loss: 4.253 +/- 0.0151
INFO:root:Epoch no. 100 of 500 (samples: 141442)
INFO:root:Loss: 4.2463 +/- 0.0159
INFO:root:Epoch no. 101 of 500 (samples: 141442)
INFO:root:Loss: 4.2506 +/- 0.0176
INFO:root:Epoch no. 102 of 500 (samples: 141442)
INFO:root:Loss: 4.2502 +/- 0.0141
INFO:root:Epoch no. 103 of 500 (samples: 141442)
INFO:root:Loss: 4.2455 +/- 0.0141
INFO:root:Epoch no. 104 of 500 (samples: 141442)
INFO:root:Loss: 4.2457 +/- 0.0157
INFO:root:Epoch no. 105 of 500 (samples: 141442)
INFO:root:Loss: 4.2508 +/- 0.0124
INFO:root:Epoch no. 106 of 500 (samples: 141442)
INFO:root:Loss: 4.2439 +/- 0.0151
INFO:root:Epoch no. 107 of 500 (samples: 141442)
INFO:root:Loss: 4.238 +/- 0.0132
INFO:root:Epoch no. 108 of 500 (samples: 141442)
INFO:root:Loss: 4.2375 +/- 0.0181
INFO:root:Epoch no. 109 of 500 (samples: 141442)
INFO:root:Loss: 4.2375 +/- 0.0154
INFO:root:Epoch no. 110 of 500 (samples: 141442)
INFO:root:Loss: 4.2318 +/- 0.0171
INFO:root:Epoch no. 111 of 500 (samples: 141442)
INFO:root:Loss: 4.2371 +/- 0.0108
INFO:root:Epoch no. 112 of 500 (samples: 141442)
INFO:root:Loss: 4.2358 +/- 0.0121
INFO:root:Epoch no. 113 of 500 (samples: 141442)
INFO:root:Loss: 4.2287 +/- 0.0136
INFO:root:Epoch no. 114 of 500 (samples: 141442)
INFO:root:Loss: 4.2369 +/- 0.0156
INFO:root:Epoch no. 115 of 500 (samples: 141442)
INFO:root:Loss: 4.2364 +/- 0.014
INFO:root:Epoch no. 116 of 500 (samples: 141442)
INFO:root:Loss: 4.2291 +/- 0.0131
INFO:root:Epoch no. 117 of 500 (samples: 141442)
INFO:root:Loss: 4.231 +/- 0.0264
INFO:root:Epoch no. 118 of 500 (samples: 141442)
INFO:root:Loss: 4.2288 +/- 0.0169
INFO:root:Epoch no. 119 of 500 (samples: 141442)
INFO:root:Loss: 4.2329 +/- 0.0176
INFO:root:Epoch no. 120 of 500 (samples: 141442)
INFO:root:Loss: 4.2229 +/- 0.0171
INFO:root:Epoch no. 121 of 500 (samples: 141442)
INFO:root:Loss: 4.2308 +/- 0.0218
INFO:root:Epoch no. 122 of 500 (samples: 141442)
INFO:root:Loss: 4.2266 +/- 0.0217
INFO:root:Epoch no. 123 of 500 (samples: 141442)
INFO:root:Loss: 4.2257 +/- 0.0179
INFO:root:Epoch no. 124 of 500 (samples: 141442)
INFO:root:Loss: 4.2324 +/- 0.0139
INFO:root:Epoch no. 125 of 500 (samples: 141442)
INFO:root:Loss: 4.2277 +/- 0.0124
INFO:root:Epoch no. 126 of 500 (samples: 141442)
INFO:root:Loss: 4.2231 +/- 0.0131
INFO:root:Epoch no. 127 of 500 (samples: 141442)
INFO:root:Loss: 4.2186 +/- 0.0115
INFO:root:Epoch no. 128 of 500 (samples: 141442)
INFO:root:Loss: 4.2183 +/- 0.0129
INFO:root:Epoch no. 129 of 500 (samples: 141442)
INFO:root:Loss: 4.2224 +/- 0.0101
INFO:root:Epoch no. 130 of 500 (samples: 141442)
INFO:root:Loss: 4.2208 +/- 0.0218
INFO:root:Epoch no. 131 of 500 (samples: 141442)
INFO:root:Loss: 4.2109 +/- 0.0183
INFO:root:Epoch no. 132 of 500 (samples: 141442)
INFO:root:Loss: 4.2229 +/- 0.0231
INFO:root:Epoch no. 133 of 500 (samples: 141442)
INFO:root:Loss: 4.2139 +/- 0.0192
INFO:root:Epoch no. 134 of 500 (samples: 141442)
INFO:root:Loss: 4.2135 +/- 0.0223
INFO:root:Epoch no. 135 of 500 (samples: 141442)
INFO:root:Loss: 4.2194 +/- 0.0103
INFO:root:Epoch no. 136 of 500 (samples: 141442)
INFO:root:Loss: 4.211 +/- 0.0169
INFO:root:Epoch no. 137 of 500 (samples: 141442)
INFO:root:Loss: 4.2148 +/- 0.0135
INFO:root:Epoch no. 138 of 500 (samples: 141442)
INFO:root:Loss: 4.2104 +/- 0.0189
INFO:root:Epoch no. 139 of 500 (samples: 141442)
INFO:root:Loss: 4.2192 +/- 0.0159
INFO:root:Epoch no. 140 of 500 (samples: 141442)
INFO:root:Loss: 4.2063 +/- 0.019
INFO:root:Epoch no. 141 of 500 (samples: 141442)
INFO:root:Loss: 4.2156 +/- 0.0126
INFO:root:Epoch no. 142 of 500 (samples: 141442)
INFO:root:Loss: 4.2108 +/- 0.0159
INFO:root:Epoch no. 143 of 500 (samples: 141442)
INFO:root:Loss: 4.2089 +/- 0.0155
INFO:root:Epoch no. 144 of 500 (samples: 141442)
INFO:root:Loss: 4.212 +/- 0.0112
INFO:root:Epoch no. 145 of 500 (samples: 141442)
INFO:root:Loss: 4.2046 +/- 0.0114
INFO:root:Epoch no. 146 of 500 (samples: 141442)
INFO:root:Loss: 4.2031 +/- 0.0141
INFO:root:Epoch no. 147 of 500 (samples: 141442)
INFO:root:Loss: 4.2046 +/- 0.0167
INFO:root:Epoch no. 148 of 500 (samples: 141442)
INFO:root:Loss: 4.2025 +/- 0.0153
INFO:root:Epoch no. 149 of 500 (samples: 141442)
INFO:root:Loss: 4.2045 +/- 0.0188
INFO:root:Epoch no. 150 of 500 (samples: 141442)
INFO:root:Loss: 4.2017 +/- 0.0147
INFO:root:Epoch no. 151 of 500 (samples: 141442)
INFO:root:Loss: 4.2105 +/- 0.0146
INFO:root:Epoch no. 152 of 500 (samples: 141442)
INFO:root:Loss: 4.1977 +/- 0.018
INFO:root:Epoch no. 153 of 500 (samples: 141442)
INFO:root:Loss: 4.199 +/- 0.017
INFO:root:Epoch no. 154 of 500 (samples: 141442)
INFO:root:Loss: 4.1974 +/- 0.0169
INFO:root:Epoch no. 155 of 500 (samples: 141442)
INFO:root:Loss: 4.2021 +/- 0.0169
INFO:root:Epoch no. 156 of 500 (samples: 141442)
INFO:root:Loss: 4.2029 +/- 0.0134
INFO:root:Epoch no. 157 of 500 (samples: 141442)
INFO:root:Loss: 4.1962 +/- 0.0113
INFO:root:Epoch no. 158 of 500 (samples: 141442)
INFO:root:Loss: 4.1975 +/- 0.0179
INFO:root:Epoch no. 159 of 500 (samples: 141442)
INFO:root:Loss: 4.202 +/- 0.0089
INFO:root:Epoch no. 160 of 500 (samples: 141442)
INFO:root:Loss: 4.1955 +/- 0.0187
INFO:root:Epoch no. 161 of 500 (samples: 141442)
INFO:root:Loss: 4.1994 +/- 0.0196
INFO:root:Epoch no. 162 of 500 (samples: 141442)
INFO:root:Loss: 4.1977 +/- 0.0097
INFO:root:Epoch no. 163 of 500 (samples: 141442)
INFO:root:Loss: 4.2 +/- 0.0121
INFO:root:Epoch no. 164 of 500 (samples: 141442)
INFO:root:Loss: 4.1937 +/- 0.0167
INFO:root:Epoch no. 165 of 500 (samples: 141442)
INFO:root:Loss: 4.1924 +/- 0.0136
INFO:root:Epoch no. 166 of 500 (samples: 141442)
INFO:root:Loss: 4.1984 +/- 0.0179
INFO:root:Epoch no. 167 of 500 (samples: 141442)
INFO:root:Loss: 4.1935 +/- 0.016
INFO:root:Epoch no. 168 of 500 (samples: 141442)
INFO:root:Loss: 4.1886 +/- 0.0133
INFO:root:Epoch no. 169 of 500 (samples: 141442)
INFO:root:Loss: 4.1919 +/- 0.014
INFO:root:Epoch no. 170 of 500 (samples: 141442)
INFO:root:Loss: 4.1905 +/- 0.0163
INFO:root:Epoch no. 171 of 500 (samples: 141442)
INFO:root:Loss: 4.1884 +/- 0.0102
INFO:root:Epoch no. 172 of 500 (samples: 141442)
INFO:root:Loss: 4.1979 +/- 0.0153
INFO:root:Epoch no. 173 of 500 (samples: 141442)
INFO:root:Loss: 4.1918 +/- 0.0116
INFO:root:Epoch no. 174 of 500 (samples: 141442)
INFO:root:Loss: 4.1894 +/- 0.0211
INFO:root:Epoch no. 175 of 500 (samples: 141442)
INFO:root:Loss: 4.19 +/- 0.018
INFO:root:Epoch no. 176 of 500 (samples: 141442)
INFO:root:Loss: 4.1871 +/- 0.0128
INFO:root:Epoch no. 177 of 500 (samples: 141442)
INFO:root:Loss: 4.1905 +/- 0.0144
INFO:root:Epoch no. 178 of 500 (samples: 141442)
INFO:root:Loss: 4.1844 +/- 0.0162
INFO:root:Epoch no. 179 of 500 (samples: 141442)
INFO:root:Loss: 4.1888 +/- 0.0216
INFO:root:Epoch no. 180 of 500 (samples: 141442)
INFO:root:Loss: 4.1839 +/- 0.0124
INFO:root:Epoch no. 181 of 500 (samples: 141442)
INFO:root:Loss: 4.1871 +/- 0.0134
INFO:root:Epoch no. 182 of 500 (samples: 141442)
INFO:root:Loss: 4.1879 +/- 0.0141
INFO:root:Epoch no. 183 of 500 (samples: 141442)
INFO:root:Loss: 4.1835 +/- 0.0153
INFO:root:Epoch no. 184 of 500 (samples: 141442)
INFO:root:Loss: 4.1803 +/- 0.0144
INFO:root:Epoch no. 185 of 500 (samples: 141442)
INFO:root:Loss: 4.1875 +/- 0.0174
INFO:root:Epoch no. 186 of 500 (samples: 141442)
INFO:root:Loss: 4.182 +/- 0.0165
INFO:root:Epoch no. 187 of 500 (samples: 141442)
INFO:root:Loss: 4.1783 +/- 0.0153
INFO:root:Epoch no. 188 of 500 (samples: 141442)
INFO:root:Loss: 4.1883 +/- 0.0139
INFO:root:Epoch no. 189 of 500 (samples: 141442)
INFO:root:Loss: 4.1798 +/- 0.0178
INFO:root:Epoch no. 190 of 500 (samples: 141442)
INFO:root:Loss: 4.1787 +/- 0.0156
INFO:root:Epoch no. 191 of 500 (samples: 141442)
INFO:root:Loss: 4.1815 +/- 0.0253
INFO:root:Epoch no. 192 of 500 (samples: 141442)
INFO:root:Loss: 4.1762 +/- 0.011
INFO:root:Epoch no. 193 of 500 (samples: 141442)
INFO:root:Loss: 4.1782 +/- 0.008
INFO:root:Epoch no. 194 of 500 (samples: 141442)
INFO:root:Loss: 4.1806 +/- 0.0188
INFO:root:Epoch no. 195 of 500 (samples: 141442)
INFO:root:Loss: 4.1815 +/- 0.0137
INFO:root:Epoch no. 196 of 500 (samples: 141442)
INFO:root:Loss: 4.1769 +/- 0.016
INFO:root:Epoch no. 197 of 500 (samples: 141442)
INFO:root:Loss: 4.1815 +/- 0.0117
INFO:root:Epoch no. 198 of 500 (samples: 141442)
INFO:root:Loss: 4.1798 +/- 0.0163
INFO:root:Epoch no. 199 of 500 (samples: 141442)
INFO:root:Loss: 4.1799 +/- 0.0168
INFO:root:Epoch no. 200 of 500 (samples: 141442)
INFO:root:Loss: 4.1769 +/- 0.0165
INFO:root:Epoch no. 201 of 500 (samples: 141442)
INFO:root:Loss: 4.1757 +/- 0.0127
INFO:root:Epoch no. 202 of 500 (samples: 141442)
INFO:root:Loss: 4.1723 +/- 0.0203
INFO:root:Epoch no. 203 of 500 (samples: 141442)
INFO:root:Loss: 4.1774 +/- 0.0124
INFO:root:Epoch no. 204 of 500 (samples: 141442)
INFO:root:Loss: 4.1756 +/- 0.0135
INFO:root:Epoch no. 205 of 500 (samples: 141442)
INFO:root:Loss: 4.1735 +/- 0.0143
INFO:root:Epoch no. 206 of 500 (samples: 141442)
INFO:root:Loss: 4.1736 +/- 0.0203
INFO:root:Epoch no. 207 of 500 (samples: 141442)
INFO:root:Loss: 4.1704 +/- 0.0193
INFO:root:Epoch no. 208 of 500 (samples: 141442)
INFO:root:Loss: 4.1753 +/- 0.0127
INFO:root:Epoch no. 209 of 500 (samples: 141442)
INFO:root:Loss: 4.1718 +/- 0.0155
INFO:root:Epoch no. 210 of 500 (samples: 141442)
INFO:root:Loss: 4.1709 +/- 0.0169
INFO:root:Epoch no. 211 of 500 (samples: 141442)
INFO:root:Loss: 4.1739 +/- 0.0207
INFO:root:Epoch no. 212 of 500 (samples: 141442)
INFO:root:Loss: 4.1708 +/- 0.0113
INFO:root:Epoch no. 213 of 500 (samples: 141442)
INFO:root:Loss: 4.1634 +/- 0.0119
INFO:root:Epoch no. 214 of 500 (samples: 141442)
INFO:root:Loss: 4.1677 +/- 0.0117
INFO:root:Epoch no. 215 of 500 (samples: 141442)
INFO:root:Loss: 4.1726 +/- 0.015
INFO:root:Epoch no. 216 of 500 (samples: 141442)
INFO:root:Loss: 4.1693 +/- 0.016
INFO:root:Epoch no. 217 of 500 (samples: 141442)
INFO:root:Loss: 4.1653 +/- 0.0091
INFO:root:Epoch no. 218 of 500 (samples: 141442)
INFO:root:Loss: 4.1629 +/- 0.0156
INFO:root:Epoch no. 219 of 500 (samples: 141442)
INFO:root:Loss: 4.1698 +/- 0.0145
INFO:root:Epoch no. 220 of 500 (samples: 141442)
INFO:root:Loss: 4.1685 +/- 0.0159
INFO:root:Epoch no. 221 of 500 (samples: 141442)
INFO:root:Loss: 4.1696 +/- 0.0179
INFO:root:Epoch no. 222 of 500 (samples: 141442)
INFO:root:Loss: 4.1676 +/- 0.0111
INFO:root:Epoch no. 223 of 500 (samples: 141442)
INFO:root:Loss: 4.1745 +/- 0.0206
INFO:root:Epoch no. 224 of 500 (samples: 141442)
INFO:root:Loss: 4.1671 +/- 0.0196
INFO:root:Epoch no. 225 of 500 (samples: 141442)
INFO:root:Loss: 4.1708 +/- 0.0172
INFO:root:Epoch no. 226 of 500 (samples: 141442)
INFO:root:Loss: 4.1739 +/- 0.0106
INFO:root:Epoch no. 227 of 500 (samples: 141442)
INFO:root:Loss: 4.1659 +/- 0.0126
INFO:root:Epoch no. 228 of 500 (samples: 141442)
INFO:root:Loss: 4.166 +/- 0.0189
INFO:root:Epoch no. 229 of 500 (samples: 141442)
INFO:root:Loss: 4.1664 +/- 0.0187
INFO:root:Epoch no. 230 of 500 (samples: 141442)
INFO:root:Loss: 4.1688 +/- 0.0146
INFO:root:Epoch no. 231 of 500 (samples: 141442)
INFO:root:Loss: 4.1639 +/- 0.0129
INFO:root:Epoch no. 232 of 500 (samples: 141442)
INFO:root:Loss: 4.1635 +/- 0.0143
INFO:root:Epoch no. 233 of 500 (samples: 141442)
INFO:root:Loss: 4.1677 +/- 0.0194
INFO:root:Epoch no. 234 of 500 (samples: 141442)
INFO:root:Loss: 4.1688 +/- 0.0172
INFO:root:Epoch no. 235 of 500 (samples: 141442)
INFO:root:Loss: 4.1571 +/- 0.0189
INFO:root:Epoch no. 236 of 500 (samples: 141442)
INFO:root:Loss: 4.1653 +/- 0.0117
INFO:root:Epoch no. 237 of 500 (samples: 141442)
INFO:root:Loss: 4.1622 +/- 0.0177
INFO:root:Epoch no. 238 of 500 (samples: 141442)
INFO:root:Loss: 4.1613 +/- 0.0157
INFO:root:Epoch no. 239 of 500 (samples: 141442)
INFO:root:Loss: 4.1644 +/- 0.015
INFO:root:Epoch no. 240 of 500 (samples: 141442)
INFO:root:Loss: 4.1638 +/- 0.0106
INFO:root:Epoch no. 241 of 500 (samples: 141442)
INFO:root:Loss: 4.1632 +/- 0.0116
INFO:root:Epoch no. 242 of 500 (samples: 141442)
INFO:root:Loss: 4.1613 +/- 0.0201
INFO:root:Epoch no. 243 of 500 (samples: 141442)
INFO:root:Loss: 4.1632 +/- 0.0103
INFO:root:Epoch no. 244 of 500 (samples: 141442)
INFO:root:Loss: 4.1619 +/- 0.0218
INFO:root:Epoch no. 245 of 500 (samples: 141442)
INFO:root:Loss: 4.1583 +/- 0.0123
INFO:root:Epoch no. 246 of 500 (samples: 141442)
INFO:root:Loss: 4.1615 +/- 0.0158
INFO:root:Epoch no. 247 of 500 (samples: 141442)
INFO:root:Loss: 4.1602 +/- 0.016
INFO:root:Epoch no. 248 of 500 (samples: 141442)
INFO:root:Loss: 4.1587 +/- 0.0142
INFO:root:Epoch no. 249 of 500 (samples: 141442)
INFO:root:Loss: 4.1579 +/- 0.0181
INFO:root:Epoch no. 250 of 500 (samples: 141442)
INFO:root:Loss: 4.1617 +/- 0.0228
INFO:root:Epoch no. 251 of 500 (samples: 141442)
INFO:root:Loss: 4.1638 +/- 0.0122
INFO:root:Epoch no. 252 of 500 (samples: 141442)
INFO:root:Loss: 4.1546 +/- 0.0132
INFO:root:Epoch no. 253 of 500 (samples: 141442)
INFO:root:Loss: 4.1577 +/- 0.0165
INFO:root:Epoch no. 254 of 500 (samples: 141442)
INFO:root:Loss: 4.1546 +/- 0.0133
INFO:root:Epoch no. 255 of 500 (samples: 141442)
INFO:root:Loss: 4.1543 +/- 0.0127
INFO:root:Epoch no. 256 of 500 (samples: 141442)
INFO:root:Loss: 4.1552 +/- 0.0158
INFO:root:Epoch no. 257 of 500 (samples: 141442)
INFO:root:Loss: 4.1577 +/- 0.0178
INFO:root:Epoch no. 258 of 500 (samples: 141442)
INFO:root:Loss: 4.1539 +/- 0.0178
INFO:root:Epoch no. 259 of 500 (samples: 141442)
INFO:root:Loss: 4.152 +/- 0.0173
INFO:root:Epoch no. 260 of 500 (samples: 141442)
INFO:root:Loss: 4.1518 +/- 0.0145
INFO:root:Epoch no. 261 of 500 (samples: 141442)
INFO:root:Loss: 4.1538 +/- 0.0176
INFO:root:Epoch no. 262 of 500 (samples: 141442)
INFO:root:Loss: 4.1541 +/- 0.0135
INFO:root:Epoch no. 263 of 500 (samples: 141442)
INFO:root:Loss: 4.1537 +/- 0.008
INFO:root:Epoch no. 264 of 500 (samples: 141442)
INFO:root:Loss: 4.1531 +/- 0.0188
INFO:root:Epoch no. 265 of 500 (samples: 141442)
INFO:root:Loss: 4.1491 +/- 0.0107
INFO:root:Epoch no. 266 of 500 (samples: 141442)
INFO:root:Loss: 4.1512 +/- 0.0148
INFO:root:Epoch no. 267 of 500 (samples: 141442)
INFO:root:Loss: 4.149 +/- 0.0093
INFO:root:Epoch no. 268 of 500 (samples: 141442)
INFO:root:Loss: 4.1452 +/- 0.0124
INFO:root:Epoch no. 269 of 500 (samples: 141442)
INFO:root:Loss: 4.1526 +/- 0.0126
INFO:root:Epoch no. 270 of 500 (samples: 141442)
INFO:root:Loss: 4.1507 +/- 0.0148
INFO:root:Epoch no. 271 of 500 (samples: 141442)
INFO:root:Loss: 4.1509 +/- 0.0161
INFO:root:Epoch no. 272 of 500 (samples: 141442)
INFO:root:Loss: 4.1511 +/- 0.0219
INFO:root:Epoch no. 273 of 500 (samples: 141442)
INFO:root:Loss: 4.1534 +/- 0.0181
INFO:root:Epoch no. 274 of 500 (samples: 141442)
INFO:root:Loss: 4.1479 +/- 0.0184
INFO:root:Epoch no. 275 of 500 (samples: 141442)
INFO:root:Loss: 4.1512 +/- 0.0151
INFO:root:Epoch no. 276 of 500 (samples: 141442)
INFO:root:Loss: 4.1489 +/- 0.0134
INFO:root:Epoch no. 277 of 500 (samples: 141442)
INFO:root:Loss: 4.1469 +/- 0.011
INFO:root:Epoch no. 278 of 500 (samples: 141442)
INFO:root:Loss: 4.1493 +/- 0.0164
INFO:root:Epoch no. 279 of 500 (samples: 141442)
INFO:root:Loss: 4.153 +/- 0.0139
INFO:root:Epoch no. 280 of 500 (samples: 141442)
INFO:root:Loss: 4.1483 +/- 0.0198
INFO:root:Epoch no. 281 of 500 (samples: 141442)
INFO:root:Loss: 4.1446 +/- 0.0107
INFO:root:Epoch no. 282 of 500 (samples: 141442)
INFO:root:Loss: 4.1498 +/- 0.0107
INFO:root:Epoch no. 283 of 500 (samples: 141442)
INFO:root:Loss: 4.148 +/- 0.0109
INFO:root:Epoch no. 284 of 500 (samples: 141442)
INFO:root:Loss: 4.1465 +/- 0.0166
INFO:root:Epoch no. 285 of 500 (samples: 141442)
INFO:root:Loss: 4.147 +/- 0.0184
INFO:root:Epoch no. 286 of 500 (samples: 141442)
INFO:root:Loss: 4.1484 +/- 0.0175
INFO:root:Epoch no. 287 of 500 (samples: 141442)
INFO:root:Loss: 4.1442 +/- 0.0182
INFO:root:Epoch no. 288 of 500 (samples: 141442)
INFO:root:Loss: 4.1454 +/- 0.0199
INFO:root:Epoch no. 289 of 500 (samples: 141442)
INFO:root:Loss: 4.1435 +/- 0.0116
INFO:root:Epoch no. 290 of 500 (samples: 141442)
INFO:root:Loss: 4.1488 +/- 0.0152
INFO:root:Epoch no. 291 of 500 (samples: 141442)
INFO:root:Loss: 4.145 +/- 0.0152
INFO:root:Epoch no. 292 of 500 (samples: 141442)
INFO:root:Loss: 4.1448 +/- 0.0181
INFO:root:Epoch no. 293 of 500 (samples: 141442)
INFO:root:Loss: 4.1436 +/- 0.0116
INFO:root:Epoch no. 294 of 500 (samples: 141442)
INFO:root:Loss: 4.1432 +/- 0.018
INFO:root:Epoch no. 295 of 500 (samples: 141442)
INFO:root:Loss: 4.1391 +/- 0.0148
INFO:root:Epoch no. 296 of 500 (samples: 141442)
INFO:root:Loss: 4.1433 +/- 0.0208
INFO:root:Epoch no. 297 of 500 (samples: 141442)
INFO:root:Loss: 4.148 +/- 0.0164
INFO:root:Epoch no. 298 of 500 (samples: 141442)
INFO:root:Loss: 4.14 +/- 0.0162
INFO:root:Epoch no. 299 of 500 (samples: 141442)
INFO:root:Loss: 4.1454 +/- 0.0151
INFO:root:Epoch no. 300 of 500 (samples: 141442)
INFO:root:Loss: 4.147 +/- 0.0113
INFO:root:Epoch no. 301 of 500 (samples: 141442)
INFO:root:Loss: 4.14 +/- 0.0178
INFO:root:Epoch no. 302 of 500 (samples: 141442)
INFO:root:Loss: 4.1427 +/- 0.0149
INFO:root:Epoch no. 303 of 500 (samples: 141442)
INFO:root:Loss: 4.144 +/- 0.0192
INFO:root:Epoch no. 304 of 500 (samples: 141442)
INFO:root:Loss: 4.1451 +/- 0.0175
INFO:root:Epoch no. 305 of 500 (samples: 141442)
INFO:root:Loss: 4.1461 +/- 0.0091
INFO:root:Epoch no. 306 of 500 (samples: 141442)
INFO:root:Loss: 4.1354 +/- 0.0124
INFO:root:Epoch no. 307 of 500 (samples: 141442)
INFO:root:Loss: 4.1429 +/- 0.0186
INFO:root:Epoch no. 308 of 500 (samples: 141442)
INFO:root:Loss: 4.143 +/- 0.0111
INFO:root:Epoch no. 309 of 500 (samples: 141442)
INFO:root:Loss: 4.1398 +/- 0.0164
INFO:root:Epoch no. 310 of 500 (samples: 141442)
INFO:root:Loss: 4.1405 +/- 0.0116
INFO:root:Epoch no. 311 of 500 (samples: 141442)
INFO:root:Loss: 4.1404 +/- 0.0112
INFO:root:Epoch no. 312 of 500 (samples: 141442)
INFO:root:Loss: 4.1411 +/- 0.0122
INFO:root:Epoch no. 313 of 500 (samples: 141442)
INFO:root:Loss: 4.1415 +/- 0.0119
INFO:root:Epoch no. 314 of 500 (samples: 141442)
INFO:root:Loss: 4.1395 +/- 0.0112
INFO:root:Epoch no. 315 of 500 (samples: 141442)
INFO:root:Loss: 4.142 +/- 0.0163
INFO:root:Epoch no. 316 of 500 (samples: 141442)
INFO:root:Loss: 4.1401 +/- 0.013
INFO:root:Epoch no. 317 of 500 (samples: 141442)
INFO:root:Loss: 4.1417 +/- 0.0086
INFO:root:Epoch no. 318 of 500 (samples: 141442)
INFO:root:Loss: 4.1388 +/- 0.0094
INFO:root:Epoch no. 319 of 500 (samples: 141442)
INFO:root:Loss: 4.1363 +/- 0.0166
INFO:root:Epoch no. 320 of 500 (samples: 141442)
INFO:root:Loss: 4.1432 +/- 0.0088
INFO:root:Epoch no. 321 of 500 (samples: 141442)
INFO:root:Loss: 4.1378 +/- 0.02
INFO:root:Epoch no. 322 of 500 (samples: 141442)
INFO:root:Loss: 4.1376 +/- 0.0192
INFO:root:Epoch no. 323 of 500 (samples: 141442)
INFO:root:Loss: 4.1327 +/- 0.0145
INFO:root:Epoch no. 324 of 500 (samples: 141442)
INFO:root:Loss: 4.1335 +/- 0.0101
INFO:root:Epoch no. 325 of 500 (samples: 141442)
INFO:root:Loss: 4.1388 +/- 0.0113
INFO:root:Epoch no. 326 of 500 (samples: 141442)
INFO:root:Loss: 4.1383 +/- 0.0128
INFO:root:Epoch no. 327 of 500 (samples: 141442)
INFO:root:Loss: 4.1369 +/- 0.0145
INFO:root:Epoch no. 328 of 500 (samples: 141442)
INFO:root:Loss: 4.14 +/- 0.0148
INFO:root:Epoch no. 329 of 500 (samples: 141442)
INFO:root:Loss: 4.1367 +/- 0.0132
INFO:root:Epoch no. 330 of 500 (samples: 141442)
INFO:root:Loss: 4.1377 +/- 0.0171
INFO:root:Epoch no. 331 of 500 (samples: 141442)
INFO:root:Loss: 4.1338 +/- 0.0157
INFO:root:Epoch no. 332 of 500 (samples: 141442)
INFO:root:Loss: 4.1391 +/- 0.0131
INFO:root:Epoch no. 333 of 500 (samples: 141442)
INFO:root:Loss: 4.1363 +/- 0.0184
INFO:root:Epoch no. 334 of 500 (samples: 141442)
INFO:root:Loss: 4.1334 +/- 0.0125
INFO:root:Epoch no. 335 of 500 (samples: 141442)
INFO:root:Loss: 4.1355 +/- 0.0128
INFO:root:Epoch no. 336 of 500 (samples: 141442)
INFO:root:Loss: 4.1307 +/- 0.0143
INFO:root:Epoch no. 337 of 500 (samples: 141442)
INFO:root:Loss: 4.1307 +/- 0.0149
INFO:root:Epoch no. 338 of 500 (samples: 141442)
INFO:root:Loss: 4.1346 +/- 0.0182
INFO:root:Epoch no. 339 of 500 (samples: 141442)
INFO:root:Loss: 4.1336 +/- 0.0128
INFO:root:Epoch no. 340 of 500 (samples: 141442)
INFO:root:Loss: 4.1376 +/- 0.011
INFO:root:Epoch no. 341 of 500 (samples: 141442)
INFO:root:Loss: 4.1364 +/- 0.015
INFO:root:Epoch no. 342 of 500 (samples: 141442)
INFO:root:Loss: 4.1391 +/- 0.0168
INFO:root:Epoch no. 343 of 500 (samples: 141442)
INFO:root:Loss: 4.1371 +/- 0.0154
INFO:root:Epoch no. 344 of 500 (samples: 141442)
INFO:root:Loss: 4.1355 +/- 0.0165
INFO:root:Epoch no. 345 of 500 (samples: 141442)
INFO:root:Loss: 4.1337 +/- 0.0143
INFO:root:Epoch no. 346 of 500 (samples: 141442)
INFO:root:Loss: 4.1232 +/- 0.0189
INFO:root:Epoch no. 347 of 500 (samples: 141442)
INFO:root:Loss: 4.1413 +/- 0.0139
INFO:root:Epoch no. 348 of 500 (samples: 141442)
INFO:root:Loss: 4.1345 +/- 0.0094
INFO:root:Epoch no. 349 of 500 (samples: 141442)
INFO:root:Loss: 4.1348 +/- 0.0195
INFO:root:Epoch no. 350 of 500 (samples: 141442)
INFO:root:Loss: 4.1331 +/- 0.0195
INFO:root:Epoch no. 351 of 500 (samples: 141442)
INFO:root:Loss: 4.1345 +/- 0.0149
INFO:root:Epoch no. 352 of 500 (samples: 141442)
INFO:root:Loss: 4.132 +/- 0.0136
INFO:root:Epoch no. 353 of 500 (samples: 141442)
INFO:root:Loss: 4.1329 +/- 0.0082
INFO:root:Epoch no. 354 of 500 (samples: 141442)
INFO:root:Loss: 4.1301 +/- 0.0184
INFO:root:Epoch no. 355 of 500 (samples: 141442)
INFO:root:Loss: 4.1347 +/- 0.012
INFO:root:Epoch no. 356 of 500 (samples: 141442)
INFO:root:Loss: 4.1265 +/- 0.0123
INFO:root:Epoch no. 357 of 500 (samples: 141442)
INFO:root:Loss: 4.1333 +/- 0.0092
INFO:root:Epoch no. 358 of 500 (samples: 141442)
INFO:root:Loss: 4.1322 +/- 0.0188
INFO:root:Epoch no. 359 of 500 (samples: 141442)
INFO:root:Loss: 4.1317 +/- 0.0124
INFO:root:Epoch no. 360 of 500 (samples: 141442)
INFO:root:Loss: 4.1319 +/- 0.0164
INFO:root:Epoch no. 361 of 500 (samples: 141442)
INFO:root:Loss: 4.1273 +/- 0.0136
INFO:root:Epoch no. 362 of 500 (samples: 141442)
INFO:root:Loss: 4.1369 +/- 0.0116
INFO:root:Epoch no. 363 of 500 (samples: 141442)
INFO:root:Loss: 4.1275 +/- 0.02
INFO:root:Epoch no. 364 of 500 (samples: 141442)
INFO:root:Loss: 4.1323 +/- 0.0145
INFO:root:Epoch no. 365 of 500 (samples: 141442)
INFO:root:Loss: 4.1279 +/- 0.0093
INFO:root:Epoch no. 366 of 500 (samples: 141442)
INFO:root:Loss: 4.1312 +/- 0.0097
INFO:root:Epoch no. 367 of 500 (samples: 141442)
INFO:root:Loss: 4.1319 +/- 0.0116
INFO:root:Epoch no. 368 of 500 (samples: 141442)
INFO:root:Loss: 4.1281 +/- 0.0171
INFO:root:Epoch no. 369 of 500 (samples: 141442)
INFO:root:Loss: 4.1246 +/- 0.0139
INFO:root:Epoch no. 370 of 500 (samples: 141442)
INFO:root:Loss: 4.1314 +/- 0.0186
INFO:root:Epoch no. 371 of 500 (samples: 141442)
INFO:root:Loss: 4.1257 +/- 0.0179
INFO:root:Epoch no. 372 of 500 (samples: 141442)
INFO:root:Loss: 4.1273 +/- 0.0148
INFO:root:Epoch no. 373 of 500 (samples: 141442)
INFO:root:Loss: 4.1328 +/- 0.0148
INFO:root:Epoch no. 374 of 500 (samples: 141442)
INFO:root:Loss: 4.1303 +/- 0.0111
INFO:root:Epoch no. 375 of 500 (samples: 141442)
INFO:root:Loss: 4.1329 +/- 0.0141
INFO:root:Epoch no. 376 of 500 (samples: 141442)
INFO:root:Loss: 4.1221 +/- 0.0108
INFO:root:Epoch no. 377 of 500 (samples: 141442)
INFO:root:Loss: 4.1277 +/- 0.0099
INFO:root:Epoch no. 378 of 500 (samples: 141442)
INFO:root:Loss: 4.1334 +/- 0.0091
INFO:root:Epoch no. 379 of 500 (samples: 141442)
INFO:root:Loss: 4.1323 +/- 0.0135
INFO:root:Epoch no. 380 of 500 (samples: 141442)
INFO:root:Loss: 4.1293 +/- 0.0074
INFO:root:Epoch no. 381 of 500 (samples: 141442)
INFO:root:Loss: 4.132 +/- 0.0144
INFO:root:Epoch no. 382 of 500 (samples: 141442)
INFO:root:Loss: 4.1277 +/- 0.0146
INFO:root:Epoch no. 383 of 500 (samples: 141442)
INFO:root:Loss: 4.1289 +/- 0.0151
INFO:root:Epoch no. 384 of 500 (samples: 141442)
INFO:root:Loss: 4.1285 +/- 0.0164
INFO:root:Epoch no. 385 of 500 (samples: 141442)
INFO:root:Loss: 4.1304 +/- 0.0103
INFO:root:Epoch no. 386 of 500 (samples: 141442)
INFO:root:Loss: 4.1328 +/- 0.0146
INFO:root:Epoch no. 387 of 500 (samples: 141442)
INFO:root:Loss: 4.1201 +/- 0.0105
INFO:root:Epoch no. 388 of 500 (samples: 141442)
INFO:root:Loss: 4.1268 +/- 0.0183
INFO:root:Epoch no. 389 of 500 (samples: 141442)
INFO:root:Loss: 4.1216 +/- 0.0146
INFO:root:Epoch no. 390 of 500 (samples: 141442)
INFO:root:Loss: 4.1255 +/- 0.0181
INFO:root:Epoch no. 391 of 500 (samples: 141442)
INFO:root:Loss: 4.1269 +/- 0.0139
INFO:root:Epoch no. 392 of 500 (samples: 141442)
INFO:root:Loss: 4.1231 +/- 0.0134
INFO:root:Epoch no. 393 of 500 (samples: 141442)
INFO:root:Loss: 4.1248 +/- 0.0168
INFO:root:Epoch no. 394 of 500 (samples: 141442)
INFO:root:Loss: 4.1232 +/- 0.0153
INFO:root:Epoch no. 395 of 500 (samples: 141442)
INFO:root:Loss: 4.1255 +/- 0.0089
INFO:root:Epoch no. 396 of 500 (samples: 141442)
INFO:root:Loss: 4.1246 +/- 0.0152
INFO:root:Epoch no. 397 of 500 (samples: 141442)
INFO:root:Loss: 4.1217 +/- 0.0099
INFO:root:Epoch no. 398 of 500 (samples: 141442)
INFO:root:Loss: 4.122 +/- 0.0108
INFO:root:Epoch no. 399 of 500 (samples: 141442)
INFO:root:Loss: 4.126 +/- 0.0149
INFO:root:Epoch no. 400 of 500 (samples: 141442)
INFO:root:Loss: 4.1207 +/- 0.0185
INFO:root:Epoch no. 401 of 500 (samples: 141442)
INFO:root:Loss: 4.1268 +/- 0.0122
INFO:root:Epoch no. 402 of 500 (samples: 141442)
INFO:root:Loss: 4.1255 +/- 0.0181
INFO:root:Epoch no. 403 of 500 (samples: 141442)
INFO:root:Loss: 4.1211 +/- 0.0104
INFO:root:Epoch no. 404 of 500 (samples: 141442)
INFO:root:Loss: 4.1202 +/- 0.0166
INFO:root:Epoch no. 405 of 500 (samples: 141442)
INFO:root:Loss: 4.1266 +/- 0.0128
INFO:root:Epoch no. 406 of 500 (samples: 141442)
INFO:root:Loss: 4.1255 +/- 0.0142
INFO:root:Epoch no. 407 of 500 (samples: 141442)
INFO:root:Loss: 4.121 +/- 0.0148
INFO:root:Epoch no. 408 of 500 (samples: 141442)
INFO:root:Loss: 4.1175 +/- 0.0078
INFO:root:Epoch no. 409 of 500 (samples: 141442)
INFO:root:Loss: 4.1236 +/- 0.0196
INFO:root:Epoch no. 410 of 500 (samples: 141442)
INFO:root:Loss: 4.123 +/- 0.012
INFO:root:Epoch no. 411 of 500 (samples: 141442)
INFO:root:Loss: 4.1294 +/- 0.0166
INFO:root:Epoch no. 412 of 500 (samples: 141442)
INFO:root:Loss: 4.1184 +/- 0.0171
INFO:root:Epoch no. 413 of 500 (samples: 141442)
INFO:root:Loss: 4.1265 +/- 0.0118
INFO:root:Epoch no. 414 of 500 (samples: 141442)
INFO:root:Loss: 4.1263 +/- 0.0193
INFO:root:Epoch no. 415 of 500 (samples: 141442)
INFO:root:Loss: 4.1186 +/- 0.0192
INFO:root:Epoch no. 416 of 500 (samples: 141442)
INFO:root:Loss: 4.1226 +/- 0.0124
INFO:root:Epoch no. 417 of 500 (samples: 141442)
INFO:root:Loss: 4.1285 +/- 0.0095
INFO:root:Epoch no. 418 of 500 (samples: 141442)
INFO:root:Loss: 4.1196 +/- 0.0092
INFO:root:Epoch no. 419 of 500 (samples: 141442)
INFO:root:Loss: 4.1179 +/- 0.0144
INFO:root:Epoch no. 420 of 500 (samples: 141442)
INFO:root:Loss: 4.1171 +/- 0.007
INFO:root:Epoch no. 421 of 500 (samples: 141442)
INFO:root:Loss: 4.1222 +/- 0.0175
INFO:root:Epoch no. 422 of 500 (samples: 141442)
INFO:root:Loss: 4.1242 +/- 0.0163
INFO:root:Epoch no. 423 of 500 (samples: 141442)
INFO:root:Loss: 4.1205 +/- 0.012
INFO:root:Epoch no. 424 of 500 (samples: 141442)
INFO:root:Loss: 4.1174 +/- 0.0133
INFO:root:Epoch no. 425 of 500 (samples: 141442)
INFO:root:Loss: 4.12 +/- 0.0188
INFO:root:Epoch no. 426 of 500 (samples: 141442)
INFO:root:Loss: 4.1158 +/- 0.0119
INFO:root:Epoch no. 427 of 500 (samples: 141442)
INFO:root:Loss: 4.1198 +/- 0.0137
INFO:root:Epoch no. 428 of 500 (samples: 141442)
INFO:root:Loss: 4.1236 +/- 0.011
INFO:root:Epoch no. 429 of 500 (samples: 141442)
INFO:root:Loss: 4.1211 +/- 0.0107
INFO:root:Epoch no. 430 of 500 (samples: 141442)
INFO:root:Loss: 4.1221 +/- 0.0219
INFO:root:Epoch no. 431 of 500 (samples: 141442)
INFO:root:Loss: 4.1199 +/- 0.0162
INFO:root:Epoch no. 432 of 500 (samples: 141442)
INFO:root:Loss: 4.1184 +/- 0.0201
INFO:root:Epoch no. 433 of 500 (samples: 141442)
INFO:root:Loss: 4.1209 +/- 0.013
INFO:root:Epoch no. 434 of 500 (samples: 141442)
INFO:root:Loss: 4.1193 +/- 0.0119
INFO:root:Epoch no. 435 of 500 (samples: 141442)
INFO:root:Loss: 4.1211 +/- 0.0204
INFO:root:Epoch no. 436 of 500 (samples: 141442)
INFO:root:Loss: 4.1168 +/- 0.0141
INFO:root:Epoch no. 437 of 500 (samples: 141442)
INFO:root:Loss: 4.114 +/- 0.0178
INFO:root:Epoch no. 438 of 500 (samples: 141442)
INFO:root:Loss: 4.1185 +/- 0.0108
INFO:root:Epoch no. 439 of 500 (samples: 141442)
INFO:root:Loss: 4.1179 +/- 0.0107
INFO:root:Epoch no. 440 of 500 (samples: 141442)
INFO:root:Loss: 4.116 +/- 0.0117
INFO:root:Epoch no. 441 of 500 (samples: 141442)
INFO:root:Loss: 4.1184 +/- 0.0151
INFO:root:Epoch no. 442 of 500 (samples: 141442)
INFO:root:Loss: 4.1202 +/- 0.0192
INFO:root:Epoch no. 443 of 500 (samples: 141442)
INFO:root:Loss: 4.1181 +/- 0.0145
INFO:root:Epoch no. 444 of 500 (samples: 141442)
INFO:root:Loss: 4.1206 +/- 0.0201
INFO:root:Epoch no. 445 of 500 (samples: 141442)
INFO:root:Loss: 4.1176 +/- 0.0147
INFO:root:Epoch no. 446 of 500 (samples: 141442)
INFO:root:Loss: 4.1165 +/- 0.0166
INFO:root:Epoch no. 447 of 500 (samples: 141442)
INFO:root:Loss: 4.1208 +/- 0.0123
INFO:root:Epoch no. 448 of 500 (samples: 141442)
INFO:root:Loss: 4.1192 +/- 0.0116
INFO:root:Epoch no. 449 of 500 (samples: 141442)
INFO:root:Loss: 4.1197 +/- 0.0157
INFO:root:Epoch no. 450 of 500 (samples: 141442)
INFO:root:Loss: 4.114 +/- 0.0137
INFO:root:Epoch no. 451 of 500 (samples: 141442)
INFO:root:Loss: 4.1153 +/- 0.0154
INFO:root:Epoch no. 452 of 500 (samples: 141442)
INFO:root:Loss: 4.1158 +/- 0.0128
INFO:root:Epoch no. 453 of 500 (samples: 141442)
INFO:root:Loss: 4.1178 +/- 0.0117
INFO:root:Epoch no. 454 of 500 (samples: 141442)
INFO:root:Loss: 4.1155 +/- 0.0183
INFO:root:Epoch no. 455 of 500 (samples: 141442)
INFO:root:Loss: 4.1217 +/- 0.0187
INFO:root:Epoch no. 456 of 500 (samples: 141442)
INFO:root:Loss: 4.12 +/- 0.0204
INFO:root:Epoch no. 457 of 500 (samples: 141442)
INFO:root:Loss: 4.1134 +/- 0.0118
INFO:root:Epoch no. 458 of 500 (samples: 141442)
INFO:root:Loss: 4.1126 +/- 0.0118
INFO:root:Epoch no. 459 of 500 (samples: 141442)
INFO:root:Loss: 4.1242 +/- 0.0123
INFO:root:Epoch no. 460 of 500 (samples: 141442)
INFO:root:Loss: 4.1166 +/- 0.0108
INFO:root:Epoch no. 461 of 500 (samples: 141442)
INFO:root:Loss: 4.1162 +/- 0.012
INFO:root:Epoch no. 462 of 500 (samples: 141442)
INFO:root:Loss: 4.1202 +/- 0.0123
INFO:root:Epoch no. 463 of 500 (samples: 141442)
INFO:root:Loss: 4.1152 +/- 0.0138
INFO:root:Epoch no. 464 of 500 (samples: 141442)
INFO:root:Loss: 4.1125 +/- 0.0152
INFO:root:Epoch no. 465 of 500 (samples: 141442)
INFO:root:Loss: 4.1135 +/- 0.0144
INFO:root:Epoch no. 466 of 500 (samples: 141442)
INFO:root:Loss: 4.116 +/- 0.0128
INFO:root:Epoch no. 467 of 500 (samples: 141442)
INFO:root:Loss: 4.1176 +/- 0.0155
INFO:root:Epoch no. 468 of 500 (samples: 141442)
INFO:root:Loss: 4.1139 +/- 0.0151
INFO:root:Epoch no. 469 of 500 (samples: 141442)
INFO:root:Loss: 4.1078 +/- 0.0162
INFO:root:Epoch no. 470 of 500 (samples: 141442)
INFO:root:Loss: 4.1157 +/- 0.0087
INFO:root:Epoch no. 471 of 500 (samples: 141442)
INFO:root:Loss: 4.1085 +/- 0.012
INFO:root:Epoch no. 472 of 500 (samples: 141442)
INFO:root:Loss: 4.1097 +/- 0.0169
INFO:root:Epoch no. 473 of 500 (samples: 141442)
INFO:root:Loss: 4.1143 +/- 0.0141
INFO:root:Epoch no. 474 of 500 (samples: 141442)
INFO:root:Loss: 4.1138 +/- 0.0154
INFO:root:Epoch no. 475 of 500 (samples: 141442)
INFO:root:Loss: 4.109 +/- 0.0129
INFO:root:Epoch no. 476 of 500 (samples: 141442)
INFO:root:Loss: 4.111 +/- 0.0139
INFO:root:Epoch no. 477 of 500 (samples: 141442)
INFO:root:Loss: 4.1098 +/- 0.0099
INFO:root:Epoch no. 478 of 500 (samples: 141442)
INFO:root:Loss: 4.1105 +/- 0.0147
INFO:root:Epoch no. 479 of 500 (samples: 141442)
INFO:root:Loss: 4.116 +/- 0.0179
INFO:root:Epoch no. 480 of 500 (samples: 141442)
INFO:root:Loss: 4.1066 +/- 0.0115
INFO:root:Epoch no. 481 of 500 (samples: 141442)
INFO:root:Loss: 4.1157 +/- 0.006
INFO:root:Epoch no. 482 of 500 (samples: 141442)
INFO:root:Loss: 4.1124 +/- 0.0132
INFO:root:Epoch no. 483 of 500 (samples: 141442)
INFO:root:Loss: 4.1105 +/- 0.0165
INFO:root:Epoch no. 484 of 500 (samples: 141442)
INFO:root:Loss: 4.11 +/- 0.0138
INFO:root:Epoch no. 485 of 500 (samples: 141442)
INFO:root:Loss: 4.1173 +/- 0.0165
INFO:root:Epoch no. 486 of 500 (samples: 141442)
INFO:root:Loss: 4.113 +/- 0.0118
INFO:root:Epoch no. 487 of 500 (samples: 141442)
INFO:root:Loss: 4.114 +/- 0.0142
INFO:root:Epoch no. 488 of 500 (samples: 141442)
INFO:root:Loss: 4.1077 +/- 0.0123
INFO:root:Epoch no. 489 of 500 (samples: 141442)
INFO:root:Loss: 4.1131 +/- 0.0079
INFO:root:Epoch no. 490 of 500 (samples: 141442)
INFO:root:Loss: 4.1131 +/- 0.0087
INFO:root:Epoch no. 491 of 500 (samples: 141442)
INFO:root:Loss: 4.1129 +/- 0.0138
INFO:root:Epoch no. 492 of 500 (samples: 141442)
INFO:root:Loss: 4.1118 +/- 0.0121
INFO:root:Epoch no. 493 of 500 (samples: 141442)
INFO:root:Loss: 4.1134 +/- 0.0099
INFO:root:Epoch no. 494 of 500 (samples: 141442)
INFO:root:Loss: 4.1089 +/- 0.0189
INFO:root:Epoch no. 495 of 500 (samples: 141442)
INFO:root:Loss: 4.1086 +/- 0.0103
INFO:root:Epoch no. 496 of 500 (samples: 141442)
INFO:root:Loss: 4.1114 +/- 0.0128
INFO:root:Epoch no. 497 of 500 (samples: 141442)
INFO:root:Loss: 4.1095 +/- 0.0129
INFO:root:Epoch no. 498 of 500 (samples: 141442)
INFO:root:Loss: 4.1062 +/- 0.017
INFO:root:Epoch no. 499 of 500 (samples: 141442)
INFO:root:Loss: 4.114 +/- 0.0144
INFO:root:Epoch no. 500 of 500 (samples: 141442)
INFO:root:Loss: 4.1062 +/- 0.0171
INFO:root:### MICRO (validation raw):
INFO:root:	-- left   >> mean: 3447.0642, median: 1622.0, hits@10: 4.26%
INFO:root:	-- right  >> mean: 12807.128, median: 6308.0, hits@10: 2.64%
INFO:root:	-- global >> mean: 8127.0961, median: 2836.0, hits@10: 3.45%
INFO:root:### MICRO (validation filtered):
INFO:root:	-- left   >> mean: 3435.682, median: 1610.0, hits@10: 4.34%
INFO:root:	-- right  >> mean: 12790.6332, median: 6292.0, hits@10: 2.66%
INFO:root:	-- global >> mean: 8113.1576, median: 2821.5, hits@10: 3.5%
INFO:root:### MICRO (test raw):
INFO:root:	-- left   >> mean: 3384.0378, median: 1577.0, hits@10: 4.8%
INFO:root:	-- right  >> mean: 12032.3916, median: 5314.5, hits@10: 2.36%
INFO:root:	-- global >> mean: 7708.2147, median: 2596.5, hits@10: 3.58%
INFO:root:### MICRO (test filtered):
INFO:root:	-- left   >> mean: 3371.369, median: 1571.0, hits@10: 4.84%
INFO:root:	-- right  >> mean: 12017.0644, median: 5303.5, hits@10: 2.38%
INFO:root:	-- global >> mean: 7694.2167, median: 2562.0, hits@10: 3.61%
