Using Theano backend.
Using gpu device 0: GeForce GTX TITAN X (CNMeM is disabled, cuDNN not available)
INFO:root:Acquiring data/yago3_mte10_5k/yago3_mte10-train.tsv.gz ..
INFO:root:Acquiring data/yago3_mte10_5k/yago3_mte10-valid.tsv.gz ..
INFO:root:Acquiring data/yago3_mte10_5k/yago3_mte10-test.tsv.gz ..
INFO:root:[Rules] Adding Head: 22, Tail: [(34, False)]
INFO:root:[Rules] Adding Head: 16, Tail: [(16, True)]
INFO:root:[Rules] Adding Head: 16, Tail: [(16, True), (16, True)]
INFO:root:[Rules] Adding Head: 16, Tail: [(16, False), (16, True)]
INFO:root:[Rules] Adding Head: 16, Tail: [(16, False), (16, False)]
INFO:root:[Rules] Adding Head: 16, Tail: [(16, True), (16, False)]
INFO:root:[Rules] Adding Head: 34, Tail: [(22, False)]
INFO:root:[Rules] Adding Head: 29, Tail: [(29, True)]
INFO:root:[Rules] Adding Head: 3, Tail: [(3, False), (3, False)]
INFO:root:Samples: 755328, no. batches: 10 -> batch size: 75533
INFO:root:Epoch no. 1 of 500 (samples: 755328)
INFO:root:Loss: 336.3839 +/- 6.016
INFO:root:Epoch no. 2 of 500 (samples: 755328)
INFO:root:Loss: 259.8428 +/- 25.583
INFO:root:Epoch no. 3 of 500 (samples: 755328)
INFO:root:Loss: 154.4722 +/- 17.4062
INFO:root:Epoch no. 4 of 500 (samples: 755328)
INFO:root:Loss: 96.17 +/- 5.7744
INFO:root:Epoch no. 5 of 500 (samples: 755328)
INFO:root:Loss: 69.5783 +/- 2.147
INFO:root:Epoch no. 6 of 500 (samples: 755328)
INFO:root:Loss: 54.8694 +/- 0.6554
INFO:root:Epoch no. 7 of 500 (samples: 755328)
INFO:root:Loss: 45.7116 +/- 0.3388
INFO:root:Epoch no. 8 of 500 (samples: 755328)
INFO:root:Loss: 39.7399 +/- 0.2757
INFO:root:Epoch no. 9 of 500 (samples: 755328)
INFO:root:Loss: 35.3191 +/- 0.3159
INFO:root:Epoch no. 10 of 500 (samples: 755328)
INFO:root:Loss: 32.2543 +/- 0.3664
INFO:root:Epoch no. 11 of 500 (samples: 755328)
INFO:root:Loss: 29.6077 +/- 0.2637
INFO:root:Epoch no. 12 of 500 (samples: 755328)
INFO:root:Loss: 27.5499 +/- 0.3861
INFO:root:Epoch no. 13 of 500 (samples: 755328)
INFO:root:Loss: 25.817 +/- 0.3026
INFO:root:Epoch no. 14 of 500 (samples: 755328)
INFO:root:Loss: 24.3648 +/- 0.3628
INFO:root:Epoch no. 15 of 500 (samples: 755328)
INFO:root:Loss: 23.2007 +/- 0.342
INFO:root:Epoch no. 16 of 500 (samples: 755328)
INFO:root:Loss: 22.0616 +/- 0.3069
INFO:root:Epoch no. 17 of 500 (samples: 755328)
INFO:root:Loss: 21.2833 +/- 0.2827
INFO:root:Epoch no. 18 of 500 (samples: 755328)
INFO:root:Loss: 20.4648 +/- 0.307
INFO:root:Epoch no. 19 of 500 (samples: 755328)
INFO:root:Loss: 19.7315 +/- 0.2826
INFO:root:Epoch no. 20 of 500 (samples: 755328)
INFO:root:Loss: 19.0275 +/- 0.2664
INFO:root:Epoch no. 21 of 500 (samples: 755328)
INFO:root:Loss: 18.3829 +/- 0.2559
INFO:root:Epoch no. 22 of 500 (samples: 755328)
INFO:root:Loss: 18.055 +/- 0.2698
INFO:root:Epoch no. 23 of 500 (samples: 755328)
INFO:root:Loss: 17.4193 +/- 0.3253
INFO:root:Epoch no. 24 of 500 (samples: 755328)
INFO:root:Loss: 17.0219 +/- 0.2571
INFO:root:Epoch no. 25 of 500 (samples: 755328)
INFO:root:Loss: 16.6894 +/- 0.162
INFO:root:Epoch no. 26 of 500 (samples: 755328)
INFO:root:Loss: 16.3294 +/- 0.1851
INFO:root:Epoch no. 27 of 500 (samples: 755328)
INFO:root:Loss: 16.0346 +/- 0.1942
INFO:root:Epoch no. 28 of 500 (samples: 755328)
INFO:root:Loss: 15.7073 +/- 0.1655
INFO:root:Epoch no. 29 of 500 (samples: 755328)
INFO:root:Loss: 15.4134 +/- 0.1509
INFO:root:Epoch no. 30 of 500 (samples: 755328)
INFO:root:Loss: 15.1849 +/- 0.2652
INFO:root:Epoch no. 31 of 500 (samples: 755328)
INFO:root:Loss: 14.8261 +/- 0.271
INFO:root:Epoch no. 32 of 500 (samples: 755328)
INFO:root:Loss: 14.6182 +/- 0.2057
INFO:root:Epoch no. 33 of 500 (samples: 755328)
INFO:root:Loss: 14.4121 +/- 0.1378
INFO:root:Epoch no. 34 of 500 (samples: 755328)
INFO:root:Loss: 14.1749 +/- 0.1962
INFO:root:Epoch no. 35 of 500 (samples: 755328)
INFO:root:Loss: 14.0008 +/- 0.2049
INFO:root:Epoch no. 36 of 500 (samples: 755328)
INFO:root:Loss: 13.8189 +/- 0.2532
INFO:root:Epoch no. 37 of 500 (samples: 755328)
INFO:root:Loss: 13.5768 +/- 0.2131
INFO:root:Epoch no. 38 of 500 (samples: 755328)
INFO:root:Loss: 13.5235 +/- 0.2459
INFO:root:Epoch no. 39 of 500 (samples: 755328)
INFO:root:Loss: 13.2652 +/- 0.1705
INFO:root:Epoch no. 40 of 500 (samples: 755328)
INFO:root:Loss: 13.1836 +/- 0.1838
INFO:root:Epoch no. 41 of 500 (samples: 755328)
INFO:root:Loss: 13.0161 +/- 0.1744
INFO:root:Epoch no. 42 of 500 (samples: 755328)
INFO:root:Loss: 12.9372 +/- 0.0858
INFO:root:Epoch no. 43 of 500 (samples: 755328)
INFO:root:Loss: 12.7554 +/- 0.1808
INFO:root:Epoch no. 44 of 500 (samples: 755328)
INFO:root:Loss: 12.6727 +/- 0.1491
INFO:root:Epoch no. 45 of 500 (samples: 755328)
INFO:root:Loss: 12.5083 +/- 0.1626
INFO:root:Epoch no. 46 of 500 (samples: 755328)
INFO:root:Loss: 12.4022 +/- 0.2213
INFO:root:Epoch no. 47 of 500 (samples: 755328)
INFO:root:Loss: 12.3343 +/- 0.1251
INFO:root:Epoch no. 48 of 500 (samples: 755328)
INFO:root:Loss: 12.1866 +/- 0.1648
INFO:root:Epoch no. 49 of 500 (samples: 755328)
INFO:root:Loss: 12.0999 +/- 0.2102
INFO:root:Epoch no. 50 of 500 (samples: 755328)
INFO:root:Loss: 12.028 +/- 0.1257
INFO:root:Epoch no. 51 of 500 (samples: 755328)
INFO:root:Loss: 11.933 +/- 0.0628
INFO:root:Epoch no. 52 of 500 (samples: 755328)
INFO:root:Loss: 11.7807 +/- 0.1016
INFO:root:Epoch no. 53 of 500 (samples: 755328)
INFO:root:Loss: 11.6886 +/- 0.185
INFO:root:Epoch no. 54 of 500 (samples: 755328)
INFO:root:Loss: 11.6105 +/- 0.1835
INFO:root:Epoch no. 55 of 500 (samples: 755328)
INFO:root:Loss: 11.5658 +/- 0.1531
INFO:root:Epoch no. 56 of 500 (samples: 755328)
INFO:root:Loss: 11.4034 +/- 0.2212
INFO:root:Epoch no. 57 of 500 (samples: 755328)
INFO:root:Loss: 11.3874 +/- 0.1737
INFO:root:Epoch no. 58 of 500 (samples: 755328)
INFO:root:Loss: 11.2879 +/- 0.118
INFO:root:Epoch no. 59 of 500 (samples: 755328)
INFO:root:Loss: 11.2278 +/- 0.1363
INFO:root:Epoch no. 60 of 500 (samples: 755328)
INFO:root:Loss: 11.1839 +/- 0.1296
INFO:root:Epoch no. 61 of 500 (samples: 755328)
INFO:root:Loss: 11.1114 +/- 0.1497
INFO:root:Epoch no. 62 of 500 (samples: 755328)
INFO:root:Loss: 11.0146 +/- 0.2128
INFO:root:Epoch no. 63 of 500 (samples: 755328)
INFO:root:Loss: 10.9399 +/- 0.1822
INFO:root:Epoch no. 64 of 500 (samples: 755328)
INFO:root:Loss: 10.8708 +/- 0.1537
INFO:root:Epoch no. 65 of 500 (samples: 755328)
INFO:root:Loss: 10.7803 +/- 0.1106
INFO:root:Epoch no. 66 of 500 (samples: 755328)
INFO:root:Loss: 10.8093 +/- 0.1491
INFO:root:Epoch no. 67 of 500 (samples: 755328)
INFO:root:Loss: 10.745 +/- 0.2266
INFO:root:Epoch no. 68 of 500 (samples: 755328)
INFO:root:Loss: 10.6398 +/- 0.1655
INFO:root:Epoch no. 69 of 500 (samples: 755328)
INFO:root:Loss: 10.6449 +/- 0.0993
INFO:root:Epoch no. 70 of 500 (samples: 755328)
INFO:root:Loss: 10.4973 +/- 0.1189
INFO:root:Epoch no. 71 of 500 (samples: 755328)
INFO:root:Loss: 10.5029 +/- 0.1863
INFO:root:Epoch no. 72 of 500 (samples: 755328)
INFO:root:Loss: 10.4614 +/- 0.1668
INFO:root:Epoch no. 73 of 500 (samples: 755328)
INFO:root:Loss: 10.4202 +/- 0.0748
INFO:root:Epoch no. 74 of 500 (samples: 755328)
INFO:root:Loss: 10.3588 +/- 0.1615
INFO:root:Epoch no. 75 of 500 (samples: 755328)
INFO:root:Loss: 10.3687 +/- 0.1006
INFO:root:Epoch no. 76 of 500 (samples: 755328)
INFO:root:Loss: 10.2125 +/- 0.1457
INFO:root:Epoch no. 77 of 500 (samples: 755328)
INFO:root:Loss: 10.2067 +/- 0.0932
INFO:root:Epoch no. 78 of 500 (samples: 755328)
INFO:root:Loss: 10.2012 +/- 0.1512
INFO:root:Epoch no. 79 of 500 (samples: 755328)
INFO:root:Loss: 10.1342 +/- 0.1755
INFO:root:Epoch no. 80 of 500 (samples: 755328)
INFO:root:Loss: 10.0928 +/- 0.1284
INFO:root:Epoch no. 81 of 500 (samples: 755328)
INFO:root:Loss: 9.9743 +/- 0.0684
INFO:root:Epoch no. 82 of 500 (samples: 755328)
INFO:root:Loss: 9.9946 +/- 0.1887
INFO:root:Epoch no. 83 of 500 (samples: 755328)
INFO:root:Loss: 10.0064 +/- 0.1204
INFO:root:Epoch no. 84 of 500 (samples: 755328)
INFO:root:Loss: 9.8975 +/- 0.1834
INFO:root:Epoch no. 85 of 500 (samples: 755328)
INFO:root:Loss: 9.8683 +/- 0.119
INFO:root:Epoch no. 86 of 500 (samples: 755328)
INFO:root:Loss: 9.8881 +/- 0.0909
INFO:root:Epoch no. 87 of 500 (samples: 755328)
INFO:root:Loss: 9.7336 +/- 0.1638
INFO:root:Epoch no. 88 of 500 (samples: 755328)
INFO:root:Loss: 9.7279 +/- 0.146
INFO:root:Epoch no. 89 of 500 (samples: 755328)
INFO:root:Loss: 9.6943 +/- 0.1174
INFO:root:Epoch no. 90 of 500 (samples: 755328)
INFO:root:Loss: 9.6547 +/- 0.1147
INFO:root:Epoch no. 91 of 500 (samples: 755328)
INFO:root:Loss: 9.6987 +/- 0.2063
INFO:root:Epoch no. 92 of 500 (samples: 755328)
INFO:root:Loss: 9.6119 +/- 0.1273
INFO:root:Epoch no. 93 of 500 (samples: 755328)
INFO:root:Loss: 9.4938 +/- 0.1299
INFO:root:Epoch no. 94 of 500 (samples: 755328)
INFO:root:Loss: 9.5549 +/- 0.1796
INFO:root:Epoch no. 95 of 500 (samples: 755328)
INFO:root:Loss: 9.4977 +/- 0.1748
INFO:root:Epoch no. 96 of 500 (samples: 755328)
INFO:root:Loss: 9.4488 +/- 0.172
INFO:root:Epoch no. 97 of 500 (samples: 755328)
INFO:root:Loss: 9.5537 +/- 0.1747
INFO:root:Epoch no. 98 of 500 (samples: 755328)
INFO:root:Loss: 9.3977 +/- 0.1502
INFO:root:Epoch no. 99 of 500 (samples: 755328)
INFO:root:Loss: 9.3796 +/- 0.1163
INFO:root:Epoch no. 100 of 500 (samples: 755328)
INFO:root:Loss: 9.3644 +/- 0.1385
INFO:root:Epoch no. 101 of 500 (samples: 755328)
INFO:root:Loss: 9.3144 +/- 0.105
INFO:root:Epoch no. 102 of 500 (samples: 755328)
INFO:root:Loss: 9.3232 +/- 0.112
INFO:root:Epoch no. 103 of 500 (samples: 755328)
INFO:root:Loss: 9.2902 +/- 0.2428
INFO:root:Epoch no. 104 of 500 (samples: 755328)
INFO:root:Loss: 9.2677 +/- 0.1634
INFO:root:Epoch no. 105 of 500 (samples: 755328)
INFO:root:Loss: 9.2253 +/- 0.1334
INFO:root:Epoch no. 106 of 500 (samples: 755328)
INFO:root:Loss: 9.2151 +/- 0.1621
INFO:root:Epoch no. 107 of 500 (samples: 755328)
INFO:root:Loss: 9.2455 +/- 0.1388
INFO:root:Epoch no. 108 of 500 (samples: 755328)
INFO:root:Loss: 9.1294 +/- 0.1437
INFO:root:Epoch no. 109 of 500 (samples: 755328)
INFO:root:Loss: 9.1158 +/- 0.1701
INFO:root:Epoch no. 110 of 500 (samples: 755328)
INFO:root:Loss: 9.0842 +/- 0.184
INFO:root:Epoch no. 111 of 500 (samples: 755328)
INFO:root:Loss: 9.0507 +/- 0.1115
INFO:root:Epoch no. 112 of 500 (samples: 755328)
INFO:root:Loss: 8.9606 +/- 0.1249
INFO:root:Epoch no. 113 of 500 (samples: 755328)
INFO:root:Loss: 9.0476 +/- 0.1424
INFO:root:Epoch no. 114 of 500 (samples: 755328)
INFO:root:Loss: 8.9556 +/- 0.1236
INFO:root:Epoch no. 115 of 500 (samples: 755328)
INFO:root:Loss: 9.0057 +/- 0.1439
INFO:root:Epoch no. 116 of 500 (samples: 755328)
INFO:root:Loss: 8.98 +/- 0.1048
INFO:root:Epoch no. 117 of 500 (samples: 755328)
INFO:root:Loss: 8.8919 +/- 0.1041
INFO:root:Epoch no. 118 of 500 (samples: 755328)
INFO:root:Loss: 8.9286 +/- 0.0861
INFO:root:Epoch no. 119 of 500 (samples: 755328)
INFO:root:Loss: 8.8759 +/- 0.1244
INFO:root:Epoch no. 120 of 500 (samples: 755328)
INFO:root:Loss: 8.8407 +/- 0.1399
INFO:root:Epoch no. 121 of 500 (samples: 755328)
INFO:root:Loss: 8.7993 +/- 0.1781
INFO:root:Epoch no. 122 of 500 (samples: 755328)
INFO:root:Loss: 8.7603 +/- 0.1188
INFO:root:Epoch no. 123 of 500 (samples: 755328)
INFO:root:Loss: 8.8527 +/- 0.1155
INFO:root:Epoch no. 124 of 500 (samples: 755328)
INFO:root:Loss: 8.7631 +/- 0.1389
INFO:root:Epoch no. 125 of 500 (samples: 755328)
INFO:root:Loss: 8.7372 +/- 0.0952
INFO:root:Epoch no. 126 of 500 (samples: 755328)
INFO:root:Loss: 8.7236 +/- 0.1212
INFO:root:Epoch no. 127 of 500 (samples: 755328)
INFO:root:Loss: 8.6934 +/- 0.1836
INFO:root:Epoch no. 128 of 500 (samples: 755328)
INFO:root:Loss: 8.6707 +/- 0.1475
INFO:root:Epoch no. 129 of 500 (samples: 755328)
INFO:root:Loss: 8.632 +/- 0.153
INFO:root:Epoch no. 130 of 500 (samples: 755328)
INFO:root:Loss: 8.6322 +/- 0.1533
INFO:root:Epoch no. 131 of 500 (samples: 755328)
INFO:root:Loss: 8.6582 +/- 0.1037
INFO:root:Epoch no. 132 of 500 (samples: 755328)
INFO:root:Loss: 8.5672 +/- 0.1316
INFO:root:Epoch no. 133 of 500 (samples: 755328)
INFO:root:Loss: 8.6431 +/- 0.1445
INFO:root:Epoch no. 134 of 500 (samples: 755328)
INFO:root:Loss: 8.5948 +/- 0.1684
INFO:root:Epoch no. 135 of 500 (samples: 755328)
INFO:root:Loss: 8.5687 +/- 0.0602
INFO:root:Epoch no. 136 of 500 (samples: 755328)
INFO:root:Loss: 8.5916 +/- 0.1219
INFO:root:Epoch no. 137 of 500 (samples: 755328)
INFO:root:Loss: 8.5421 +/- 0.0879
INFO:root:Epoch no. 138 of 500 (samples: 755328)
INFO:root:Loss: 8.4885 +/- 0.1093
INFO:root:Epoch no. 139 of 500 (samples: 755328)
INFO:root:Loss: 8.4596 +/- 0.1129
INFO:root:Epoch no. 140 of 500 (samples: 755328)
INFO:root:Loss: 8.4526 +/- 0.1386
INFO:root:Epoch no. 141 of 500 (samples: 755328)
INFO:root:Loss: 8.4766 +/- 0.1093
INFO:root:Epoch no. 142 of 500 (samples: 755328)
INFO:root:Loss: 8.4912 +/- 0.1487
INFO:root:Epoch no. 143 of 500 (samples: 755328)
INFO:root:Loss: 8.4077 +/- 0.1649
INFO:root:Epoch no. 144 of 500 (samples: 755328)
INFO:root:Loss: 8.4486 +/- 0.123
INFO:root:Epoch no. 145 of 500 (samples: 755328)
INFO:root:Loss: 8.38 +/- 0.1825
INFO:root:Epoch no. 146 of 500 (samples: 755328)
INFO:root:Loss: 8.4215 +/- 0.1011
INFO:root:Epoch no. 147 of 500 (samples: 755328)
INFO:root:Loss: 8.3464 +/- 0.1428
INFO:root:Epoch no. 148 of 500 (samples: 755328)
INFO:root:Loss: 8.4002 +/- 0.1087
INFO:root:Epoch no. 149 of 500 (samples: 755328)
INFO:root:Loss: 8.2597 +/- 0.1251
INFO:root:Epoch no. 150 of 500 (samples: 755328)
INFO:root:Loss: 8.3245 +/- 0.1541
INFO:root:Epoch no. 151 of 500 (samples: 755328)
INFO:root:Loss: 8.3128 +/- 0.1427
INFO:root:Epoch no. 152 of 500 (samples: 755328)
INFO:root:Loss: 8.2617 +/- 0.1452
INFO:root:Epoch no. 153 of 500 (samples: 755328)
INFO:root:Loss: 8.2443 +/- 0.1122
INFO:root:Epoch no. 154 of 500 (samples: 755328)
INFO:root:Loss: 8.2691 +/- 0.1038
INFO:root:Epoch no. 155 of 500 (samples: 755328)
INFO:root:Loss: 8.2628 +/- 0.1292
INFO:root:Epoch no. 156 of 500 (samples: 755328)
INFO:root:Loss: 8.1916 +/- 0.0962
INFO:root:Epoch no. 157 of 500 (samples: 755328)
INFO:root:Loss: 8.2176 +/- 0.1146
INFO:root:Epoch no. 158 of 500 (samples: 755328)
INFO:root:Loss: 8.1735 +/- 0.1112
INFO:root:Epoch no. 159 of 500 (samples: 755328)
INFO:root:Loss: 8.1712 +/- 0.1161
INFO:root:Epoch no. 160 of 500 (samples: 755328)
INFO:root:Loss: 8.2426 +/- 0.1533
INFO:root:Epoch no. 161 of 500 (samples: 755328)
INFO:root:Loss: 8.1672 +/- 0.1204
INFO:root:Epoch no. 162 of 500 (samples: 755328)
INFO:root:Loss: 8.1029 +/- 0.1317
INFO:root:Epoch no. 163 of 500 (samples: 755328)
INFO:root:Loss: 8.0523 +/- 0.1654
INFO:root:Epoch no. 164 of 500 (samples: 755328)
INFO:root:Loss: 8.1582 +/- 0.0765
INFO:root:Epoch no. 165 of 500 (samples: 755328)
INFO:root:Loss: 8.0836 +/- 0.0794
INFO:root:Epoch no. 166 of 500 (samples: 755328)
INFO:root:Loss: 8.0923 +/- 0.1544
INFO:root:Epoch no. 167 of 500 (samples: 755328)
INFO:root:Loss: 8.0807 +/- 0.1068
INFO:root:Epoch no. 168 of 500 (samples: 755328)
INFO:root:Loss: 8.0651 +/- 0.1556
INFO:root:Epoch no. 169 of 500 (samples: 755328)
INFO:root:Loss: 8.0497 +/- 0.1461
INFO:root:Epoch no. 170 of 500 (samples: 755328)
INFO:root:Loss: 8.0021 +/- 0.0795
INFO:root:Epoch no. 171 of 500 (samples: 755328)
INFO:root:Loss: 8.06 +/- 0.1864
INFO:root:Epoch no. 172 of 500 (samples: 755328)
INFO:root:Loss: 8.0195 +/- 0.1296
INFO:root:Epoch no. 173 of 500 (samples: 755328)
INFO:root:Loss: 8.0426 +/- 0.1467
INFO:root:Epoch no. 174 of 500 (samples: 755328)
INFO:root:Loss: 7.9905 +/- 0.1437
INFO:root:Epoch no. 175 of 500 (samples: 755328)
INFO:root:Loss: 7.9372 +/- 0.16
INFO:root:Epoch no. 176 of 500 (samples: 755328)
INFO:root:Loss: 7.9344 +/- 0.1534
INFO:root:Epoch no. 177 of 500 (samples: 755328)
INFO:root:Loss: 7.9597 +/- 0.1231
INFO:root:Epoch no. 178 of 500 (samples: 755328)
INFO:root:Loss: 8.0137 +/- 0.118
INFO:root:Epoch no. 179 of 500 (samples: 755328)
INFO:root:Loss: 7.9565 +/- 0.1384
INFO:root:Epoch no. 180 of 500 (samples: 755328)
INFO:root:Loss: 7.914 +/- 0.1755
INFO:root:Epoch no. 181 of 500 (samples: 755328)
INFO:root:Loss: 7.9367 +/- 0.1531
INFO:root:Epoch no. 182 of 500 (samples: 755328)
INFO:root:Loss: 7.827 +/- 0.1829
INFO:root:Epoch no. 183 of 500 (samples: 755328)
INFO:root:Loss: 7.8281 +/- 0.0977
INFO:root:Epoch no. 184 of 500 (samples: 755328)
INFO:root:Loss: 7.9207 +/- 0.1489
INFO:root:Epoch no. 185 of 500 (samples: 755328)
INFO:root:Loss: 7.8674 +/- 0.1212
INFO:root:Epoch no. 186 of 500 (samples: 755328)
INFO:root:Loss: 7.8726 +/- 0.1325
INFO:root:Epoch no. 187 of 500 (samples: 755328)
INFO:root:Loss: 7.8814 +/- 0.1159
INFO:root:Epoch no. 188 of 500 (samples: 755328)
INFO:root:Loss: 7.8796 +/- 0.1347
INFO:root:Epoch no. 189 of 500 (samples: 755328)
INFO:root:Loss: 7.862 +/- 0.0692
INFO:root:Epoch no. 190 of 500 (samples: 755328)
INFO:root:Loss: 7.8332 +/- 0.207
INFO:root:Epoch no. 191 of 500 (samples: 755328)
INFO:root:Loss: 7.8531 +/- 0.0979
INFO:root:Epoch no. 192 of 500 (samples: 755328)
INFO:root:Loss: 7.7638 +/- 0.1305
INFO:root:Epoch no. 193 of 500 (samples: 755328)
INFO:root:Loss: 7.7582 +/- 0.1118
INFO:root:Epoch no. 194 of 500 (samples: 755328)
INFO:root:Loss: 7.789 +/- 0.1066
INFO:root:Epoch no. 195 of 500 (samples: 755328)
INFO:root:Loss: 7.796 +/- 0.1073
INFO:root:Epoch no. 196 of 500 (samples: 755328)
INFO:root:Loss: 7.7746 +/- 0.1788
INFO:root:Epoch no. 197 of 500 (samples: 755328)
INFO:root:Loss: 7.7439 +/- 0.1295
INFO:root:Epoch no. 198 of 500 (samples: 755328)
INFO:root:Loss: 7.7483 +/- 0.1142
INFO:root:Epoch no. 199 of 500 (samples: 755328)
INFO:root:Loss: 7.7224 +/- 0.0934
INFO:root:Epoch no. 200 of 500 (samples: 755328)
INFO:root:Loss: 7.7018 +/- 0.0564
INFO:root:Epoch no. 201 of 500 (samples: 755328)
INFO:root:Loss: 7.7076 +/- 0.1214
INFO:root:Epoch no. 202 of 500 (samples: 755328)
INFO:root:Loss: 7.7543 +/- 0.1197
INFO:root:Epoch no. 203 of 500 (samples: 755328)
INFO:root:Loss: 7.6528 +/- 0.0991
INFO:root:Epoch no. 204 of 500 (samples: 755328)
INFO:root:Loss: 7.6767 +/- 0.1051
INFO:root:Epoch no. 205 of 500 (samples: 755328)
INFO:root:Loss: 7.7106 +/- 0.1087
INFO:root:Epoch no. 206 of 500 (samples: 755328)
INFO:root:Loss: 7.6551 +/- 0.1056
INFO:root:Epoch no. 207 of 500 (samples: 755328)
INFO:root:Loss: 7.6227 +/- 0.1322
INFO:root:Epoch no. 208 of 500 (samples: 755328)
INFO:root:Loss: 7.6438 +/- 0.1798
INFO:root:Epoch no. 209 of 500 (samples: 755328)
INFO:root:Loss: 7.6206 +/- 0.1105
INFO:root:Epoch no. 210 of 500 (samples: 755328)
INFO:root:Loss: 7.6058 +/- 0.1759
INFO:root:Epoch no. 211 of 500 (samples: 755328)
INFO:root:Loss: 7.6975 +/- 0.0938
INFO:root:Epoch no. 212 of 500 (samples: 755328)
INFO:root:Loss: 7.5783 +/- 0.1619
INFO:root:Epoch no. 213 of 500 (samples: 755328)
INFO:root:Loss: 7.5968 +/- 0.0927
INFO:root:Epoch no. 214 of 500 (samples: 755328)
INFO:root:Loss: 7.6281 +/- 0.1806
INFO:root:Epoch no. 215 of 500 (samples: 755328)
INFO:root:Loss: 7.5976 +/- 0.1481
INFO:root:Epoch no. 216 of 500 (samples: 755328)
INFO:root:Loss: 7.5628 +/- 0.1221
INFO:root:Epoch no. 217 of 500 (samples: 755328)
INFO:root:Loss: 7.5667 +/- 0.1497
INFO:root:Epoch no. 218 of 500 (samples: 755328)
INFO:root:Loss: 7.5338 +/- 0.0992
INFO:root:Epoch no. 219 of 500 (samples: 755328)
INFO:root:Loss: 7.4685 +/- 0.1289
INFO:root:Epoch no. 220 of 500 (samples: 755328)
INFO:root:Loss: 7.5298 +/- 0.1801
INFO:root:Epoch no. 221 of 500 (samples: 755328)
INFO:root:Loss: 7.6064 +/- 0.1293
INFO:root:Epoch no. 222 of 500 (samples: 755328)
INFO:root:Loss: 7.4684 +/- 0.1418
INFO:root:Epoch no. 223 of 500 (samples: 755328)
INFO:root:Loss: 7.45 +/- 0.0766
INFO:root:Epoch no. 224 of 500 (samples: 755328)
INFO:root:Loss: 7.5399 +/- 0.1011
INFO:root:Epoch no. 225 of 500 (samples: 755328)
INFO:root:Loss: 7.5207 +/- 0.1163
INFO:root:Epoch no. 226 of 500 (samples: 755328)
INFO:root:Loss: 7.5571 +/- 0.1058
INFO:root:Epoch no. 227 of 500 (samples: 755328)
INFO:root:Loss: 7.4525 +/- 0.1482
INFO:root:Epoch no. 228 of 500 (samples: 755328)
INFO:root:Loss: 7.5012 +/- 0.1776
INFO:root:Epoch no. 229 of 500 (samples: 755328)
INFO:root:Loss: 7.4944 +/- 0.0982
INFO:root:Epoch no. 230 of 500 (samples: 755328)
INFO:root:Loss: 7.442 +/- 0.1463
INFO:root:Epoch no. 231 of 500 (samples: 755328)
INFO:root:Loss: 7.4517 +/- 0.1322
INFO:root:Epoch no. 232 of 500 (samples: 755328)
INFO:root:Loss: 7.5321 +/- 0.1765
INFO:root:Epoch no. 233 of 500 (samples: 755328)
INFO:root:Loss: 7.4698 +/- 0.1074
INFO:root:Epoch no. 234 of 500 (samples: 755328)
INFO:root:Loss: 7.4095 +/- 0.0941
INFO:root:Epoch no. 235 of 500 (samples: 755328)
INFO:root:Loss: 7.3975 +/- 0.1213
INFO:root:Epoch no. 236 of 500 (samples: 755328)
INFO:root:Loss: 7.4225 +/- 0.1378
INFO:root:Epoch no. 237 of 500 (samples: 755328)
INFO:root:Loss: 7.3542 +/- 0.1087
INFO:root:Epoch no. 238 of 500 (samples: 755328)
INFO:root:Loss: 7.4415 +/- 0.165
INFO:root:Epoch no. 239 of 500 (samples: 755328)
INFO:root:Loss: 7.3929 +/- 0.1509
INFO:root:Epoch no. 240 of 500 (samples: 755328)
INFO:root:Loss: 7.3652 +/- 0.1216
INFO:root:Epoch no. 241 of 500 (samples: 755328)
INFO:root:Loss: 7.3097 +/- 0.1027
INFO:root:Epoch no. 242 of 500 (samples: 755328)
INFO:root:Loss: 7.3747 +/- 0.1336
INFO:root:Epoch no. 243 of 500 (samples: 755328)
INFO:root:Loss: 7.4003 +/- 0.1421
INFO:root:Epoch no. 244 of 500 (samples: 755328)
INFO:root:Loss: 7.4025 +/- 0.0873
INFO:root:Epoch no. 245 of 500 (samples: 755328)
INFO:root:Loss: 7.3553 +/- 0.1175
INFO:root:Epoch no. 246 of 500 (samples: 755328)
INFO:root:Loss: 7.3628 +/- 0.1148
INFO:root:Epoch no. 247 of 500 (samples: 755328)
INFO:root:Loss: 7.3018 +/- 0.0985
INFO:root:Epoch no. 248 of 500 (samples: 755328)
INFO:root:Loss: 7.3139 +/- 0.1711
INFO:root:Epoch no. 249 of 500 (samples: 755328)
INFO:root:Loss: 7.2561 +/- 0.0982
INFO:root:Epoch no. 250 of 500 (samples: 755328)
INFO:root:Loss: 7.2893 +/- 0.1306
INFO:root:Epoch no. 251 of 500 (samples: 755328)
INFO:root:Loss: 7.3419 +/- 0.1305
INFO:root:Epoch no. 252 of 500 (samples: 755328)
INFO:root:Loss: 7.2925 +/- 0.1024
INFO:root:Epoch no. 253 of 500 (samples: 755328)
INFO:root:Loss: 7.32 +/- 0.1065
INFO:root:Epoch no. 254 of 500 (samples: 755328)
INFO:root:Loss: 7.3001 +/- 0.1009
INFO:root:Epoch no. 255 of 500 (samples: 755328)
INFO:root:Loss: 7.3606 +/- 0.1201
INFO:root:Epoch no. 256 of 500 (samples: 755328)
INFO:root:Loss: 7.2819 +/- 0.1511
INFO:root:Epoch no. 257 of 500 (samples: 755328)
INFO:root:Loss: 7.2523 +/- 0.1089
INFO:root:Epoch no. 258 of 500 (samples: 755328)
INFO:root:Loss: 7.2621 +/- 0.1454
INFO:root:Epoch no. 259 of 500 (samples: 755328)
INFO:root:Loss: 7.2635 +/- 0.1104
INFO:root:Epoch no. 260 of 500 (samples: 755328)
INFO:root:Loss: 7.2728 +/- 0.1024
INFO:root:Epoch no. 261 of 500 (samples: 755328)
INFO:root:Loss: 7.2458 +/- 0.1463
INFO:root:Epoch no. 262 of 500 (samples: 755328)
INFO:root:Loss: 7.2881 +/- 0.1337
INFO:root:Epoch no. 263 of 500 (samples: 755328)
INFO:root:Loss: 7.1737 +/- 0.0995
INFO:root:Epoch no. 264 of 500 (samples: 755328)
INFO:root:Loss: 7.1866 +/- 0.0982
INFO:root:Epoch no. 265 of 500 (samples: 755328)
INFO:root:Loss: 7.2471 +/- 0.1009
INFO:root:Epoch no. 266 of 500 (samples: 755328)
INFO:root:Loss: 7.1645 +/- 0.1612
INFO:root:Epoch no. 267 of 500 (samples: 755328)
INFO:root:Loss: 7.2724 +/- 0.1454
INFO:root:Epoch no. 268 of 500 (samples: 755328)
INFO:root:Loss: 7.2238 +/- 0.0827
INFO:root:Epoch no. 269 of 500 (samples: 755328)
INFO:root:Loss: 7.1897 +/- 0.1149
INFO:root:Epoch no. 270 of 500 (samples: 755328)
INFO:root:Loss: 7.1697 +/- 0.1271
INFO:root:Epoch no. 271 of 500 (samples: 755328)
INFO:root:Loss: 7.181 +/- 0.085
INFO:root:Epoch no. 272 of 500 (samples: 755328)
INFO:root:Loss: 7.1929 +/- 0.0784
INFO:root:Epoch no. 273 of 500 (samples: 755328)
INFO:root:Loss: 7.1353 +/- 0.0731
INFO:root:Epoch no. 274 of 500 (samples: 755328)
INFO:root:Loss: 7.1351 +/- 0.0834
INFO:root:Epoch no. 275 of 500 (samples: 755328)
INFO:root:Loss: 7.1343 +/- 0.0826
INFO:root:Epoch no. 276 of 500 (samples: 755328)
INFO:root:Loss: 7.1229 +/- 0.1616
INFO:root:Epoch no. 277 of 500 (samples: 755328)
INFO:root:Loss: 7.1516 +/- 0.1239
INFO:root:Epoch no. 278 of 500 (samples: 755328)
INFO:root:Loss: 7.1598 +/- 0.1367
INFO:root:Epoch no. 279 of 500 (samples: 755328)
INFO:root:Loss: 7.1485 +/- 0.1376
INFO:root:Epoch no. 280 of 500 (samples: 755328)
INFO:root:Loss: 7.0742 +/- 0.0743
INFO:root:Epoch no. 281 of 500 (samples: 755328)
INFO:root:Loss: 7.1179 +/- 0.1075
INFO:root:Epoch no. 282 of 500 (samples: 755328)
INFO:root:Loss: 7.108 +/- 0.1488
INFO:root:Epoch no. 283 of 500 (samples: 755328)
INFO:root:Loss: 7.1167 +/- 0.1329
INFO:root:Epoch no. 284 of 500 (samples: 755328)
INFO:root:Loss: 7.138 +/- 0.1111
INFO:root:Epoch no. 285 of 500 (samples: 755328)
INFO:root:Loss: 7.0877 +/- 0.1768
INFO:root:Epoch no. 286 of 500 (samples: 755328)
INFO:root:Loss: 7.157 +/- 0.1277
INFO:root:Epoch no. 287 of 500 (samples: 755328)
INFO:root:Loss: 7.0238 +/- 0.1282
INFO:root:Epoch no. 288 of 500 (samples: 755328)
INFO:root:Loss: 7.0891 +/- 0.1317
INFO:root:Epoch no. 289 of 500 (samples: 755328)
INFO:root:Loss: 7.0802 +/- 0.1062
INFO:root:Epoch no. 290 of 500 (samples: 755328)
INFO:root:Loss: 7.0444 +/- 0.0794
INFO:root:Epoch no. 291 of 500 (samples: 755328)
INFO:root:Loss: 7.0391 +/- 0.1557
INFO:root:Epoch no. 292 of 500 (samples: 755328)
INFO:root:Loss: 7.0776 +/- 0.1456
INFO:root:Epoch no. 293 of 500 (samples: 755328)
INFO:root:Loss: 7.0931 +/- 0.164
INFO:root:Epoch no. 294 of 500 (samples: 755328)
INFO:root:Loss: 7.0358 +/- 0.1294
INFO:root:Epoch no. 295 of 500 (samples: 755328)
INFO:root:Loss: 7.0214 +/- 0.1189
INFO:root:Epoch no. 296 of 500 (samples: 755328)
INFO:root:Loss: 7.0014 +/- 0.147
INFO:root:Epoch no. 297 of 500 (samples: 755328)
INFO:root:Loss: 7.0275 +/- 0.1333
INFO:root:Epoch no. 298 of 500 (samples: 755328)
INFO:root:Loss: 7.0097 +/- 0.1348
INFO:root:Epoch no. 299 of 500 (samples: 755328)
INFO:root:Loss: 7.013 +/- 0.0952
INFO:root:Epoch no. 300 of 500 (samples: 755328)
INFO:root:Loss: 7.0174 +/- 0.1442
INFO:root:Epoch no. 301 of 500 (samples: 755328)
INFO:root:Loss: 6.9752 +/- 0.0867
INFO:root:Epoch no. 302 of 500 (samples: 755328)
INFO:root:Loss: 7.0406 +/- 0.0558
INFO:root:Epoch no. 303 of 500 (samples: 755328)
INFO:root:Loss: 6.9742 +/- 0.1629
INFO:root:Epoch no. 304 of 500 (samples: 755328)
INFO:root:Loss: 6.976 +/- 0.1388
INFO:root:Epoch no. 305 of 500 (samples: 755328)
INFO:root:Loss: 7.0098 +/- 0.1091
INFO:root:Epoch no. 306 of 500 (samples: 755328)
INFO:root:Loss: 7.0466 +/- 0.0878
INFO:root:Epoch no. 307 of 500 (samples: 755328)
INFO:root:Loss: 6.9523 +/- 0.1116
INFO:root:Epoch no. 308 of 500 (samples: 755328)
INFO:root:Loss: 7.0263 +/- 0.1331
INFO:root:Epoch no. 309 of 500 (samples: 755328)
INFO:root:Loss: 7.0028 +/- 0.1259
INFO:root:Epoch no. 310 of 500 (samples: 755328)
INFO:root:Loss: 6.9503 +/- 0.1288
INFO:root:Epoch no. 311 of 500 (samples: 755328)
INFO:root:Loss: 6.9264 +/- 0.1129
INFO:root:Epoch no. 312 of 500 (samples: 755328)
INFO:root:Loss: 6.9146 +/- 0.0587
INFO:root:Epoch no. 313 of 500 (samples: 755328)
INFO:root:Loss: 6.9782 +/- 0.0835
INFO:root:Epoch no. 314 of 500 (samples: 755328)
INFO:root:Loss: 6.9135 +/- 0.1559
INFO:root:Epoch no. 315 of 500 (samples: 755328)
INFO:root:Loss: 6.8749 +/- 0.1186
INFO:root:Epoch no. 316 of 500 (samples: 755328)
INFO:root:Loss: 6.9607 +/- 0.1727
INFO:root:Epoch no. 317 of 500 (samples: 755328)
INFO:root:Loss: 6.8986 +/- 0.1125
INFO:root:Epoch no. 318 of 500 (samples: 755328)
INFO:root:Loss: 6.8945 +/- 0.1448
INFO:root:Epoch no. 319 of 500 (samples: 755328)
INFO:root:Loss: 6.9778 +/- 0.1013
INFO:root:Epoch no. 320 of 500 (samples: 755328)
INFO:root:Loss: 6.9438 +/- 0.0963
INFO:root:Epoch no. 321 of 500 (samples: 755328)
INFO:root:Loss: 6.8991 +/- 0.1412
INFO:root:Epoch no. 322 of 500 (samples: 755328)
INFO:root:Loss: 6.9023 +/- 0.1328
INFO:root:Epoch no. 323 of 500 (samples: 755328)
INFO:root:Loss: 6.9287 +/- 0.118
INFO:root:Epoch no. 324 of 500 (samples: 755328)
INFO:root:Loss: 6.9189 +/- 0.1766
INFO:root:Epoch no. 325 of 500 (samples: 755328)
INFO:root:Loss: 6.847 +/- 0.1113
INFO:root:Epoch no. 326 of 500 (samples: 755328)
INFO:root:Loss: 6.8542 +/- 0.0669
INFO:root:Epoch no. 327 of 500 (samples: 755328)
INFO:root:Loss: 6.8643 +/- 0.1792
INFO:root:Epoch no. 328 of 500 (samples: 755328)
INFO:root:Loss: 6.8352 +/- 0.0779
INFO:root:Epoch no. 329 of 500 (samples: 755328)
INFO:root:Loss: 6.8982 +/- 0.0977
INFO:root:Epoch no. 330 of 500 (samples: 755328)
INFO:root:Loss: 6.8959 +/- 0.1121
INFO:root:Epoch no. 331 of 500 (samples: 755328)
INFO:root:Loss: 6.8207 +/- 0.1457
INFO:root:Epoch no. 332 of 500 (samples: 755328)
INFO:root:Loss: 6.8595 +/- 0.1113
INFO:root:Epoch no. 333 of 500 (samples: 755328)
INFO:root:Loss: 6.8797 +/- 0.1065
INFO:root:Epoch no. 334 of 500 (samples: 755328)
INFO:root:Loss: 6.8533 +/- 0.1188
INFO:root:Epoch no. 335 of 500 (samples: 755328)
INFO:root:Loss: 6.8398 +/- 0.1337
INFO:root:Epoch no. 336 of 500 (samples: 755328)
INFO:root:Loss: 6.8525 +/- 0.1283
INFO:root:Epoch no. 337 of 500 (samples: 755328)
INFO:root:Loss: 6.8321 +/- 0.1385
INFO:root:Epoch no. 338 of 500 (samples: 755328)
INFO:root:Loss: 6.889 +/- 0.0727
INFO:root:Epoch no. 339 of 500 (samples: 755328)
INFO:root:Loss: 6.8122 +/- 0.1055
INFO:root:Epoch no. 340 of 500 (samples: 755328)
INFO:root:Loss: 6.8367 +/- 0.0945
INFO:root:Epoch no. 341 of 500 (samples: 755328)
INFO:root:Loss: 6.85 +/- 0.1464
INFO:root:Epoch no. 342 of 500 (samples: 755328)
INFO:root:Loss: 6.812 +/- 0.1305
INFO:root:Epoch no. 343 of 500 (samples: 755328)
INFO:root:Loss: 6.8111 +/- 0.1097
INFO:root:Epoch no. 344 of 500 (samples: 755328)
INFO:root:Loss: 6.9181 +/- 0.1839
INFO:root:Epoch no. 345 of 500 (samples: 755328)
INFO:root:Loss: 6.7538 +/- 0.1223
INFO:root:Epoch no. 346 of 500 (samples: 755328)
INFO:root:Loss: 6.7922 +/- 0.109
INFO:root:Epoch no. 347 of 500 (samples: 755328)
INFO:root:Loss: 6.7941 +/- 0.0919
INFO:root:Epoch no. 348 of 500 (samples: 755328)
INFO:root:Loss: 6.8406 +/- 0.1016
INFO:root:Epoch no. 349 of 500 (samples: 755328)
INFO:root:Loss: 6.8267 +/- 0.1177
INFO:root:Epoch no. 350 of 500 (samples: 755328)
INFO:root:Loss: 6.8259 +/- 0.1312
INFO:root:Epoch no. 351 of 500 (samples: 755328)
INFO:root:Loss: 6.795 +/- 0.1583
INFO:root:Epoch no. 352 of 500 (samples: 755328)
INFO:root:Loss: 6.79 +/- 0.1739
INFO:root:Epoch no. 353 of 500 (samples: 755328)
INFO:root:Loss: 6.7233 +/- 0.0767
INFO:root:Epoch no. 354 of 500 (samples: 755328)
INFO:root:Loss: 6.7689 +/- 0.1387
INFO:root:Epoch no. 355 of 500 (samples: 755328)
INFO:root:Loss: 6.7611 +/- 0.1397
INFO:root:Epoch no. 356 of 500 (samples: 755328)
INFO:root:Loss: 6.7489 +/- 0.0977
INFO:root:Epoch no. 357 of 500 (samples: 755328)
INFO:root:Loss: 6.782 +/- 0.1057
INFO:root:Epoch no. 358 of 500 (samples: 755328)
INFO:root:Loss: 6.7707 +/- 0.1085
INFO:root:Epoch no. 359 of 500 (samples: 755328)
INFO:root:Loss: 6.7166 +/- 0.0743
INFO:root:Epoch no. 360 of 500 (samples: 755328)
INFO:root:Loss: 6.7484 +/- 0.0795
INFO:root:Epoch no. 361 of 500 (samples: 755328)
INFO:root:Loss: 6.7693 +/- 0.1235
INFO:root:Epoch no. 362 of 500 (samples: 755328)
INFO:root:Loss: 6.7671 +/- 0.1487
INFO:root:Epoch no. 363 of 500 (samples: 755328)
INFO:root:Loss: 6.7393 +/- 0.1193
INFO:root:Epoch no. 364 of 500 (samples: 755328)
INFO:root:Loss: 6.7582 +/- 0.1562
INFO:root:Epoch no. 365 of 500 (samples: 755328)
INFO:root:Loss: 6.6981 +/- 0.1206
INFO:root:Epoch no. 366 of 500 (samples: 755328)
INFO:root:Loss: 6.7638 +/- 0.1231
INFO:root:Epoch no. 367 of 500 (samples: 755328)
INFO:root:Loss: 6.765 +/- 0.1271
INFO:root:Epoch no. 368 of 500 (samples: 755328)
INFO:root:Loss: 6.6998 +/- 0.1047
INFO:root:Epoch no. 369 of 500 (samples: 755328)
INFO:root:Loss: 6.7259 +/- 0.1233
INFO:root:Epoch no. 370 of 500 (samples: 755328)
INFO:root:Loss: 6.7706 +/- 0.1397
INFO:root:Epoch no. 371 of 500 (samples: 755328)
INFO:root:Loss: 6.7132 +/- 0.1264
INFO:root:Epoch no. 372 of 500 (samples: 755328)
INFO:root:Loss: 6.6995 +/- 0.1272
INFO:root:Epoch no. 373 of 500 (samples: 755328)
INFO:root:Loss: 6.6798 +/- 0.1306
INFO:root:Epoch no. 374 of 500 (samples: 755328)
INFO:root:Loss: 6.6709 +/- 0.1257
INFO:root:Epoch no. 375 of 500 (samples: 755328)
INFO:root:Loss: 6.7132 +/- 0.1152
INFO:root:Epoch no. 376 of 500 (samples: 755328)
INFO:root:Loss: 6.6661 +/- 0.1234
INFO:root:Epoch no. 377 of 500 (samples: 755328)
INFO:root:Loss: 6.7376 +/- 0.1334
INFO:root:Epoch no. 378 of 500 (samples: 755328)
INFO:root:Loss: 6.7107 +/- 0.1289
INFO:root:Epoch no. 379 of 500 (samples: 755328)
INFO:root:Loss: 6.6957 +/- 0.1253
INFO:root:Epoch no. 380 of 500 (samples: 755328)
INFO:root:Loss: 6.7113 +/- 0.1069
INFO:root:Epoch no. 381 of 500 (samples: 755328)
INFO:root:Loss: 6.7105 +/- 0.1028
INFO:root:Epoch no. 382 of 500 (samples: 755328)
INFO:root:Loss: 6.6549 +/- 0.1525
INFO:root:Epoch no. 383 of 500 (samples: 755328)
INFO:root:Loss: 6.6521 +/- 0.0642
INFO:root:Epoch no. 384 of 500 (samples: 755328)
INFO:root:Loss: 6.6531 +/- 0.123
INFO:root:Epoch no. 385 of 500 (samples: 755328)
INFO:root:Loss: 6.6452 +/- 0.0877
INFO:root:Epoch no. 386 of 500 (samples: 755328)
INFO:root:Loss: 6.6343 +/- 0.1275
INFO:root:Epoch no. 387 of 500 (samples: 755328)
INFO:root:Loss: 6.5891 +/- 0.0805
INFO:root:Epoch no. 388 of 500 (samples: 755328)
INFO:root:Loss: 6.6503 +/- 0.121
INFO:root:Epoch no. 389 of 500 (samples: 755328)
INFO:root:Loss: 6.6505 +/- 0.1376
INFO:root:Epoch no. 390 of 500 (samples: 755328)
INFO:root:Loss: 6.6364 +/- 0.0703
INFO:root:Epoch no. 391 of 500 (samples: 755328)
INFO:root:Loss: 6.6171 +/- 0.1305
INFO:root:Epoch no. 392 of 500 (samples: 755328)
INFO:root:Loss: 6.6194 +/- 0.1067
INFO:root:Epoch no. 393 of 500 (samples: 755328)
INFO:root:Loss: 6.6201 +/- 0.1492
INFO:root:Epoch no. 394 of 500 (samples: 755328)
INFO:root:Loss: 6.6368 +/- 0.1049
INFO:root:Epoch no. 395 of 500 (samples: 755328)
INFO:root:Loss: 6.6306 +/- 0.1925
INFO:root:Epoch no. 396 of 500 (samples: 755328)
INFO:root:Loss: 6.5976 +/- 0.0784
INFO:root:Epoch no. 397 of 500 (samples: 755328)
INFO:root:Loss: 6.6086 +/- 0.0962
INFO:root:Epoch no. 398 of 500 (samples: 755328)
INFO:root:Loss: 6.647 +/- 0.1286
INFO:root:Epoch no. 399 of 500 (samples: 755328)
INFO:root:Loss: 6.6007 +/- 0.0558
INFO:root:Epoch no. 400 of 500 (samples: 755328)
INFO:root:Loss: 6.5284 +/- 0.1524
INFO:root:Epoch no. 401 of 500 (samples: 755328)
INFO:root:Loss: 6.6143 +/- 0.1324
INFO:root:Epoch no. 402 of 500 (samples: 755328)
INFO:root:Loss: 6.6758 +/- 0.1083
INFO:root:Epoch no. 403 of 500 (samples: 755328)
INFO:root:Loss: 6.66 +/- 0.099
INFO:root:Epoch no. 404 of 500 (samples: 755328)
INFO:root:Loss: 6.6228 +/- 0.1259
INFO:root:Epoch no. 405 of 500 (samples: 755328)
INFO:root:Loss: 6.6138 +/- 0.0833
INFO:root:Epoch no. 406 of 500 (samples: 755328)
INFO:root:Loss: 6.6358 +/- 0.1212
INFO:root:Epoch no. 407 of 500 (samples: 755328)
INFO:root:Loss: 6.6162 +/- 0.1459
INFO:root:Epoch no. 408 of 500 (samples: 755328)
INFO:root:Loss: 6.6002 +/- 0.0696
INFO:root:Epoch no. 409 of 500 (samples: 755328)
INFO:root:Loss: 6.5956 +/- 0.1455
INFO:root:Epoch no. 410 of 500 (samples: 755328)
INFO:root:Loss: 6.5652 +/- 0.1161
INFO:root:Epoch no. 411 of 500 (samples: 755328)
INFO:root:Loss: 6.594 +/- 0.0724
INFO:root:Epoch no. 412 of 500 (samples: 755328)
INFO:root:Loss: 6.617 +/- 0.1072
INFO:root:Epoch no. 413 of 500 (samples: 755328)
INFO:root:Loss: 6.5336 +/- 0.0869
INFO:root:Epoch no. 414 of 500 (samples: 755328)
INFO:root:Loss: 6.6127 +/- 0.1218
INFO:root:Epoch no. 415 of 500 (samples: 755328)
INFO:root:Loss: 6.5261 +/- 0.1463
INFO:root:Epoch no. 416 of 500 (samples: 755328)
INFO:root:Loss: 6.5793 +/- 0.1455
INFO:root:Epoch no. 417 of 500 (samples: 755328)
INFO:root:Loss: 6.6266 +/- 0.1439
INFO:root:Epoch no. 418 of 500 (samples: 755328)
INFO:root:Loss: 6.5694 +/- 0.0674
INFO:root:Epoch no. 419 of 500 (samples: 755328)
INFO:root:Loss: 6.5235 +/- 0.1088
INFO:root:Epoch no. 420 of 500 (samples: 755328)
INFO:root:Loss: 6.5232 +/- 0.0992
INFO:root:Epoch no. 421 of 500 (samples: 755328)
INFO:root:Loss: 6.5393 +/- 0.1354
INFO:root:Epoch no. 422 of 500 (samples: 755328)
INFO:root:Loss: 6.5644 +/- 0.042
INFO:root:Epoch no. 423 of 500 (samples: 755328)
INFO:root:Loss: 6.4888 +/- 0.077
INFO:root:Epoch no. 424 of 500 (samples: 755328)
INFO:root:Loss: 6.5439 +/- 0.1114
INFO:root:Epoch no. 425 of 500 (samples: 755328)
INFO:root:Loss: 6.4699 +/- 0.1315
INFO:root:Epoch no. 426 of 500 (samples: 755328)
INFO:root:Loss: 6.504 +/- 0.0863
INFO:root:Epoch no. 427 of 500 (samples: 755328)
INFO:root:Loss: 6.5183 +/- 0.1063
INFO:root:Epoch no. 428 of 500 (samples: 755328)
INFO:root:Loss: 6.4986 +/- 0.1629
INFO:root:Epoch no. 429 of 500 (samples: 755328)
INFO:root:Loss: 6.5076 +/- 0.0927
INFO:root:Epoch no. 430 of 500 (samples: 755328)
INFO:root:Loss: 6.4854 +/- 0.0866
INFO:root:Epoch no. 431 of 500 (samples: 755328)
INFO:root:Loss: 6.57 +/- 0.1263
INFO:root:Epoch no. 432 of 500 (samples: 755328)
INFO:root:Loss: 6.539 +/- 0.1095
INFO:root:Epoch no. 433 of 500 (samples: 755328)
INFO:root:Loss: 6.4926 +/- 0.1055
INFO:root:Epoch no. 434 of 500 (samples: 755328)
INFO:root:Loss: 6.4703 +/- 0.0548
INFO:root:Epoch no. 435 of 500 (samples: 755328)
INFO:root:Loss: 6.4976 +/- 0.0422
INFO:root:Epoch no. 436 of 500 (samples: 755328)
INFO:root:Loss: 6.5078 +/- 0.1434
INFO:root:Epoch no. 437 of 500 (samples: 755328)
INFO:root:Loss: 6.5388 +/- 0.0801
INFO:root:Epoch no. 438 of 500 (samples: 755328)
INFO:root:Loss: 6.5201 +/- 0.1153
INFO:root:Epoch no. 439 of 500 (samples: 755328)
INFO:root:Loss: 6.5206 +/- 0.0872
INFO:root:Epoch no. 440 of 500 (samples: 755328)
INFO:root:Loss: 6.472 +/- 0.1133
INFO:root:Epoch no. 441 of 500 (samples: 755328)
INFO:root:Loss: 6.4229 +/- 0.1352
INFO:root:Epoch no. 442 of 500 (samples: 755328)
INFO:root:Loss: 6.4291 +/- 0.1066
INFO:root:Epoch no. 443 of 500 (samples: 755328)
INFO:root:Loss: 6.5078 +/- 0.0686
INFO:root:Epoch no. 444 of 500 (samples: 755328)
INFO:root:Loss: 6.4253 +/- 0.0785
INFO:root:Epoch no. 445 of 500 (samples: 755328)
INFO:root:Loss: 6.4479 +/- 0.1003
INFO:root:Epoch no. 446 of 500 (samples: 755328)
INFO:root:Loss: 6.4678 +/- 0.1384
INFO:root:Epoch no. 447 of 500 (samples: 755328)
INFO:root:Loss: 6.4427 +/- 0.0621
INFO:root:Epoch no. 448 of 500 (samples: 755328)
INFO:root:Loss: 6.455 +/- 0.0996
INFO:root:Epoch no. 449 of 500 (samples: 755328)
INFO:root:Loss: 6.505 +/- 0.1254
INFO:root:Epoch no. 450 of 500 (samples: 755328)
INFO:root:Loss: 6.4391 +/- 0.1466
INFO:root:Epoch no. 451 of 500 (samples: 755328)
INFO:root:Loss: 6.394 +/- 0.0866
INFO:root:Epoch no. 452 of 500 (samples: 755328)
INFO:root:Loss: 6.4123 +/- 0.0599
INFO:root:Epoch no. 453 of 500 (samples: 755328)
INFO:root:Loss: 6.4229 +/- 0.0671
INFO:root:Epoch no. 454 of 500 (samples: 755328)
INFO:root:Loss: 6.4707 +/- 0.1108
INFO:root:Epoch no. 455 of 500 (samples: 755328)
INFO:root:Loss: 6.4465 +/- 0.1616
INFO:root:Epoch no. 456 of 500 (samples: 755328)
INFO:root:Loss: 6.4687 +/- 0.1413
INFO:root:Epoch no. 457 of 500 (samples: 755328)
INFO:root:Loss: 6.4298 +/- 0.1378
INFO:root:Epoch no. 458 of 500 (samples: 755328)
INFO:root:Loss: 6.4768 +/- 0.0982
INFO:root:Epoch no. 459 of 500 (samples: 755328)
INFO:root:Loss: 6.4108 +/- 0.1422
INFO:root:Epoch no. 460 of 500 (samples: 755328)
INFO:root:Loss: 6.4694 +/- 0.1421
INFO:root:Epoch no. 461 of 500 (samples: 755328)
INFO:root:Loss: 6.3964 +/- 0.1375
INFO:root:Epoch no. 462 of 500 (samples: 755328)
INFO:root:Loss: 6.4434 +/- 0.0947
INFO:root:Epoch no. 463 of 500 (samples: 755328)
INFO:root:Loss: 6.3969 +/- 0.0896
INFO:root:Epoch no. 464 of 500 (samples: 755328)
INFO:root:Loss: 6.4405 +/- 0.0813
INFO:root:Epoch no. 465 of 500 (samples: 755328)
INFO:root:Loss: 6.3809 +/- 0.1536
INFO:root:Epoch no. 466 of 500 (samples: 755328)
INFO:root:Loss: 6.3834 +/- 0.1324
INFO:root:Epoch no. 467 of 500 (samples: 755328)
INFO:root:Loss: 6.3899 +/- 0.1039
INFO:root:Epoch no. 468 of 500 (samples: 755328)
INFO:root:Loss: 6.4006 +/- 0.1316
INFO:root:Epoch no. 469 of 500 (samples: 755328)
INFO:root:Loss: 6.4109 +/- 0.1422
INFO:root:Epoch no. 470 of 500 (samples: 755328)
INFO:root:Loss: 6.4628 +/- 0.0967
INFO:root:Epoch no. 471 of 500 (samples: 755328)
INFO:root:Loss: 6.3199 +/- 0.0669
INFO:root:Epoch no. 472 of 500 (samples: 755328)
INFO:root:Loss: 6.4095 +/- 0.0845
INFO:root:Epoch no. 473 of 500 (samples: 755328)
INFO:root:Loss: 6.3857 +/- 0.1625
INFO:root:Epoch no. 474 of 500 (samples: 755328)
INFO:root:Loss: 6.4101 +/- 0.1254
INFO:root:Epoch no. 475 of 500 (samples: 755328)
INFO:root:Loss: 6.4232 +/- 0.1014
INFO:root:Epoch no. 476 of 500 (samples: 755328)
INFO:root:Loss: 6.2819 +/- 0.0977
INFO:root:Epoch no. 477 of 500 (samples: 755328)
INFO:root:Loss: 6.4098 +/- 0.1097
INFO:root:Epoch no. 478 of 500 (samples: 755328)
INFO:root:Loss: 6.4159 +/- 0.1863
INFO:root:Epoch no. 479 of 500 (samples: 755328)
INFO:root:Loss: 6.3193 +/- 0.0917
INFO:root:Epoch no. 480 of 500 (samples: 755328)
INFO:root:Loss: 6.4038 +/- 0.183
INFO:root:Epoch no. 481 of 500 (samples: 755328)
INFO:root:Loss: 6.3734 +/- 0.122
INFO:root:Epoch no. 482 of 500 (samples: 755328)
INFO:root:Loss: 6.3891 +/- 0.1385
INFO:root:Epoch no. 483 of 500 (samples: 755328)
INFO:root:Loss: 6.3573 +/- 0.1502
INFO:root:Epoch no. 484 of 500 (samples: 755328)
INFO:root:Loss: 6.4149 +/- 0.0718
INFO:root:Epoch no. 485 of 500 (samples: 755328)
INFO:root:Loss: 6.3917 +/- 0.1262
INFO:root:Epoch no. 486 of 500 (samples: 755328)
INFO:root:Loss: 6.3704 +/- 0.1091
INFO:root:Epoch no. 487 of 500 (samples: 755328)
INFO:root:Loss: 6.3777 +/- 0.1467
INFO:root:Epoch no. 488 of 500 (samples: 755328)
INFO:root:Loss: 6.4175 +/- 0.0781
INFO:root:Epoch no. 489 of 500 (samples: 755328)
INFO:root:Loss: 6.3326 +/- 0.1013
INFO:root:Epoch no. 490 of 500 (samples: 755328)
INFO:root:Loss: 6.3511 +/- 0.0984
INFO:root:Epoch no. 491 of 500 (samples: 755328)
INFO:root:Loss: 6.3744 +/- 0.1488
INFO:root:Epoch no. 492 of 500 (samples: 755328)
INFO:root:Loss: 6.3866 +/- 0.1371
INFO:root:Epoch no. 493 of 500 (samples: 755328)
INFO:root:Loss: 6.3499 +/- 0.0829
INFO:root:Epoch no. 494 of 500 (samples: 755328)
INFO:root:Loss: 6.2804 +/- 0.0784
INFO:root:Epoch no. 495 of 500 (samples: 755328)
INFO:root:Loss: 6.3524 +/- 0.1337
INFO:root:Epoch no. 496 of 500 (samples: 755328)
INFO:root:Loss: 6.3791 +/- 0.0864
INFO:root:Epoch no. 497 of 500 (samples: 755328)
INFO:root:Loss: 6.3541 +/- 0.1124
INFO:root:Epoch no. 498 of 500 (samples: 755328)
INFO:root:Loss: 6.3091 +/- 0.0878
INFO:root:Epoch no. 499 of 500 (samples: 755328)
INFO:root:Loss: 6.3265 +/- 0.1384
INFO:root:Epoch no. 500 of 500 (samples: 755328)
INFO:root:Loss: 6.3032 +/- 0.0782
/usr/local/lib/python3.5/dist-packages/keras/backend/theano_backend.py:527: UserWarning: theano.function was asked to create a function computing outputs given certain inputs, but the provided input variable at index 2 is not part of the computational graph needed to compute the outputs: keras_learning_phase.
To make this warning into an error, you can pass the parameter on_unused_input='raise' to theano.function. To disable it completely, use on_unused_input='ignore'.
  **kwargs)
INFO:root:### MICRO (validation raw):
INFO:root:	-- left   >> mean: 7868.3466, median: 593.5, mrr: 0.019, hits@1: 0.54%
INFO:root:	-- right  >> mean: 4360.0088, median: 56.5, mrr: 0.075, hits@1: 2.36%
INFO:root:	-- global >> mean: 6114.1777, median: 219.0, mrr: 0.047, hits@1: 1.45%
INFO:root:### MICRO (validation raw):
INFO:root:	-- left   >> mean: 7868.3466, median: 593.5, mrr: 0.019, hits@3: 1.6%
INFO:root:	-- right  >> mean: 4360.0088, median: 56.5, mrr: 0.075, hits@3: 6.48%
INFO:root:	-- global >> mean: 6114.1777, median: 219.0, mrr: 0.047, hits@3: 4.04%
INFO:root:### MICRO (validation raw):
INFO:root:	-- left   >> mean: 7868.3466, median: 593.5, mrr: 0.019, hits@5: 2.3%
INFO:root:	-- right  >> mean: 4360.0088, median: 56.5, mrr: 0.075, hits@5: 10.18%
INFO:root:	-- global >> mean: 6114.1777, median: 219.0, mrr: 0.047, hits@5: 6.24%
INFO:root:### MICRO (validation raw):
INFO:root:	-- left   >> mean: 7868.3466, median: 593.5, mrr: 0.019, hits@10: 3.96%
INFO:root:	-- right  >> mean: 4360.0088, median: 56.5, mrr: 0.075, hits@10: 17.42%
INFO:root:	-- global >> mean: 6114.1777, median: 219.0, mrr: 0.047, hits@10: 10.69%
INFO:root:### MICRO (validation filtered):
INFO:root:	-- left   >> mean: 5265.4552, median: 520.5, mrr: 0.025, hits@1: 0.82%
INFO:root:	-- right  >> mean: 4356.5252, median: 52.0, mrr: 0.089, hits@1: 3.18%
INFO:root:	-- global >> mean: 4810.9902, median: 191.0, mrr: 0.057, hits@1: 2.0%
INFO:root:### MICRO (validation filtered):
INFO:root:	-- left   >> mean: 5265.4552, median: 520.5, mrr: 0.025, hits@3: 2.2%
INFO:root:	-- right  >> mean: 4356.5252, median: 52.0, mrr: 0.089, hits@3: 8.32%
INFO:root:	-- global >> mean: 4810.9902, median: 191.0, mrr: 0.057, hits@3: 5.26%
INFO:root:### MICRO (validation filtered):
INFO:root:	-- left   >> mean: 5265.4552, median: 520.5, mrr: 0.025, hits@5: 3.14%
INFO:root:	-- right  >> mean: 4356.5252, median: 52.0, mrr: 0.089, hits@5: 12.26%
INFO:root:	-- global >> mean: 4810.9902, median: 191.0, mrr: 0.057, hits@5: 7.7%
INFO:root:### MICRO (validation filtered):
INFO:root:	-- left   >> mean: 5265.4552, median: 520.5, mrr: 0.025, hits@10: 4.96%
INFO:root:	-- right  >> mean: 4356.5252, median: 52.0, mrr: 0.089, hits@10: 20.18%
INFO:root:	-- global >> mean: 4810.9902, median: 191.0, mrr: 0.057, hits@10: 12.57%
INFO:root:### MICRO (test raw):
INFO:root:	-- left   >> mean: 7471.9058, median: 580.0, mrr: 0.021, hits@1: 0.76%
INFO:root:	-- right  >> mean: 4141.8922, median: 61.0, mrr: 0.073, hits@1: 2.3%
INFO:root:	-- global >> mean: 5806.899, median: 219.0, mrr: 0.047, hits@1: 1.53%
INFO:root:### MICRO (test raw):
INFO:root:	-- left   >> mean: 7471.9058, median: 580.0, mrr: 0.021, hits@3: 1.64%
INFO:root:	-- right  >> mean: 4141.8922, median: 61.0, mrr: 0.073, hits@3: 6.04%
INFO:root:	-- global >> mean: 5806.899, median: 219.0, mrr: 0.047, hits@3: 3.84%
INFO:root:### MICRO (test raw):
INFO:root:	-- left   >> mean: 7471.9058, median: 580.0, mrr: 0.021, hits@5: 2.24%
INFO:root:	-- right  >> mean: 4141.8922, median: 61.0, mrr: 0.073, hits@5: 10.02%
INFO:root:	-- global >> mean: 5806.899, median: 219.0, mrr: 0.047, hits@5: 6.13%
INFO:root:### MICRO (test raw):
INFO:root:	-- left   >> mean: 7471.9058, median: 580.0, mrr: 0.021, hits@10: 3.9%
INFO:root:	-- right  >> mean: 4141.8922, median: 61.0, mrr: 0.073, hits@10: 17.12%
INFO:root:	-- global >> mean: 5806.899, median: 219.0, mrr: 0.047, hits@10: 10.51%
INFO:root:### MICRO (test filtered):
INFO:root:	-- left   >> mean: 4943.1294, median: 502.5, mrr: 0.026, hits@1: 1.04%
INFO:root:	-- right  >> mean: 4138.3218, median: 56.0, mrr: 0.087, hits@1: 3.28%
INFO:root:	-- global >> mean: 4540.7256, median: 192.0, mrr: 0.057, hits@1: 2.16%
INFO:root:### MICRO (test filtered):
INFO:root:	-- left   >> mean: 4943.1294, median: 502.5, mrr: 0.026, hits@3: 2.06%
INFO:root:	-- right  >> mean: 4138.3218, median: 56.0, mrr: 0.087, hits@3: 8.04%
INFO:root:	-- global >> mean: 4540.7256, median: 192.0, mrr: 0.057, hits@3: 5.05%
INFO:root:### MICRO (test filtered):
INFO:root:	-- left   >> mean: 4943.1294, median: 502.5, mrr: 0.026, hits@5: 3.02%
INFO:root:	-- right  >> mean: 4138.3218, median: 56.0, mrr: 0.087, hits@5: 11.7%
INFO:root:	-- global >> mean: 4540.7256, median: 192.0, mrr: 0.057, hits@5: 7.36%
INFO:root:### MICRO (test filtered):
INFO:root:	-- left   >> mean: 4943.1294, median: 502.5, mrr: 0.026, hits@10: 4.96%
INFO:root:	-- right  >> mean: 4138.3218, median: 56.0, mrr: 0.087, hits@10: 20.1%
INFO:root:	-- global >> mean: 4540.7256, median: 192.0, mrr: 0.057, hits@10: 12.53%
