Using Theano backend.
Using gpu device 0: GeForce GTX TITAN X (CNMeM is disabled, cuDNN not available)
INFO:root:Acquiring data/yago3_mte10_5k/yago3_mte10-train.tsv.gz ..
INFO:root:Acquiring data/yago3_mte10_5k/yago3_mte10-valid.tsv.gz ..
INFO:root:Acquiring data/yago3_mte10_5k/yago3_mte10-test.tsv.gz ..
INFO:root:[Rules] Adding Head: 16, Tail: [(16, True)]
INFO:root:[Rules] Adding Head: 16, Tail: [(16, True), (16, True)]
INFO:root:[Rules] Adding Head: 16, Tail: [(16, False), (16, True)]
INFO:root:[Rules] Adding Head: 16, Tail: [(16, False), (16, False)]
INFO:root:[Rules] Adding Head: 16, Tail: [(16, True), (16, False)]
INFO:root:[Rules] Adding Head: 34, Tail: [(22, False)]
INFO:root:[Rules] Adding Head: 29, Tail: [(29, True)]
INFO:root:Samples: 539520, no. batches: 10 -> batch size: 53952
INFO:root:Epoch no. 1 of 500 (samples: 539520)
INFO:root:Loss: 84.2298 +/- 1.1467
INFO:root:Epoch no. 2 of 500 (samples: 539520)
INFO:root:Loss: 66.7087 +/- 4.5457
INFO:root:Epoch no. 3 of 500 (samples: 539520)
INFO:root:Loss: 43.4415 +/- 3.1586
INFO:root:Epoch no. 4 of 500 (samples: 539520)
INFO:root:Loss: 28.499 +/- 1.2348
INFO:root:Epoch no. 5 of 500 (samples: 539520)
INFO:root:Loss: 20.1786 +/- 0.4238
INFO:root:Epoch no. 6 of 500 (samples: 539520)
INFO:root:Loss: 15.3374 +/- 0.1949
INFO:root:Epoch no. 7 of 500 (samples: 539520)
INFO:root:Loss: 12.426 +/- 0.0487
INFO:root:Epoch no. 8 of 500 (samples: 539520)
INFO:root:Loss: 10.4749 +/- 0.0972
INFO:root:Epoch no. 9 of 500 (samples: 539520)
INFO:root:Loss: 9.0819 +/- 0.1002
INFO:root:Epoch no. 10 of 500 (samples: 539520)
INFO:root:Loss: 8.0724 +/- 0.0982
INFO:root:Epoch no. 11 of 500 (samples: 539520)
INFO:root:Loss: 7.2898 +/- 0.1061
INFO:root:Epoch no. 12 of 500 (samples: 539520)
INFO:root:Loss: 6.6604 +/- 0.0918
INFO:root:Epoch no. 13 of 500 (samples: 539520)
INFO:root:Loss: 6.1478 +/- 0.0963
INFO:root:Epoch no. 14 of 500 (samples: 539520)
INFO:root:Loss: 5.7355 +/- 0.0978
INFO:root:Epoch no. 15 of 500 (samples: 539520)
INFO:root:Loss: 5.3745 +/- 0.0885
INFO:root:Epoch no. 16 of 500 (samples: 539520)
INFO:root:Loss: 5.0949 +/- 0.0786
INFO:root:Epoch no. 17 of 500 (samples: 539520)
INFO:root:Loss: 4.8118 +/- 0.0922
INFO:root:Epoch no. 18 of 500 (samples: 539520)
INFO:root:Loss: 4.6056 +/- 0.0879
INFO:root:Epoch no. 19 of 500 (samples: 539520)
INFO:root:Loss: 4.3839 +/- 0.0612
INFO:root:Epoch no. 20 of 500 (samples: 539520)
INFO:root:Loss: 4.2306 +/- 0.0847
INFO:root:Epoch no. 21 of 500 (samples: 539520)
INFO:root:Loss: 4.0495 +/- 0.0705
INFO:root:Epoch no. 22 of 500 (samples: 539520)
INFO:root:Loss: 3.9584 +/- 0.0369
INFO:root:Epoch no. 23 of 500 (samples: 539520)
INFO:root:Loss: 3.7939 +/- 0.0486
INFO:root:Epoch no. 24 of 500 (samples: 539520)
INFO:root:Loss: 3.7043 +/- 0.0614
INFO:root:Epoch no. 25 of 500 (samples: 539520)
INFO:root:Loss: 3.5973 +/- 0.0461
INFO:root:Epoch no. 26 of 500 (samples: 539520)
INFO:root:Loss: 3.4984 +/- 0.0411
INFO:root:Epoch no. 27 of 500 (samples: 539520)
INFO:root:Loss: 3.4172 +/- 0.0633
INFO:root:Epoch no. 28 of 500 (samples: 539520)
INFO:root:Loss: 3.3353 +/- 0.0462
INFO:root:Epoch no. 29 of 500 (samples: 539520)
INFO:root:Loss: 3.2626 +/- 0.0603
INFO:root:Epoch no. 30 of 500 (samples: 539520)
INFO:root:Loss: 3.1737 +/- 0.0522
INFO:root:Epoch no. 31 of 500 (samples: 539520)
INFO:root:Loss: 3.1318 +/- 0.0503
INFO:root:Epoch no. 32 of 500 (samples: 539520)
INFO:root:Loss: 3.0703 +/- 0.0641
INFO:root:Epoch no. 33 of 500 (samples: 539520)
INFO:root:Loss: 3.0083 +/- 0.0601
INFO:root:Epoch no. 34 of 500 (samples: 539520)
INFO:root:Loss: 2.9503 +/- 0.032
INFO:root:Epoch no. 35 of 500 (samples: 539520)
INFO:root:Loss: 2.9152 +/- 0.0588
INFO:root:Epoch no. 36 of 500 (samples: 539520)
INFO:root:Loss: 2.8617 +/- 0.0493
INFO:root:Epoch no. 37 of 500 (samples: 539520)
INFO:root:Loss: 2.8155 +/- 0.039
INFO:root:Epoch no. 38 of 500 (samples: 539520)
INFO:root:Loss: 2.7756 +/- 0.0318
INFO:root:Epoch no. 39 of 500 (samples: 539520)
INFO:root:Loss: 2.74 +/- 0.0362
INFO:root:Epoch no. 40 of 500 (samples: 539520)
INFO:root:Loss: 2.7176 +/- 0.0466
INFO:root:Epoch no. 41 of 500 (samples: 539520)
INFO:root:Loss: 2.6494 +/- 0.0337
INFO:root:Epoch no. 42 of 500 (samples: 539520)
INFO:root:Loss: 2.6332 +/- 0.0383
INFO:root:Epoch no. 43 of 500 (samples: 539520)
INFO:root:Loss: 2.5976 +/- 0.0445
INFO:root:Epoch no. 44 of 500 (samples: 539520)
INFO:root:Loss: 2.5743 +/- 0.06
INFO:root:Epoch no. 45 of 500 (samples: 539520)
INFO:root:Loss: 2.5285 +/- 0.0365
INFO:root:Epoch no. 46 of 500 (samples: 539520)
INFO:root:Loss: 2.5164 +/- 0.0414
INFO:root:Epoch no. 47 of 500 (samples: 539520)
INFO:root:Loss: 2.484 +/- 0.0476
INFO:root:Epoch no. 48 of 500 (samples: 539520)
INFO:root:Loss: 2.4509 +/- 0.0537
INFO:root:Epoch no. 49 of 500 (samples: 539520)
INFO:root:Loss: 2.4415 +/- 0.0404
INFO:root:Epoch no. 50 of 500 (samples: 539520)
INFO:root:Loss: 2.4111 +/- 0.043
INFO:root:Epoch no. 51 of 500 (samples: 539520)
INFO:root:Loss: 2.4038 +/- 0.0503
INFO:root:Epoch no. 52 of 500 (samples: 539520)
INFO:root:Loss: 2.3563 +/- 0.0452
INFO:root:Epoch no. 53 of 500 (samples: 539520)
INFO:root:Loss: 2.3553 +/- 0.0443
INFO:root:Epoch no. 54 of 500 (samples: 539520)
INFO:root:Loss: 2.3287 +/- 0.0334
INFO:root:Epoch no. 55 of 500 (samples: 539520)
INFO:root:Loss: 2.3103 +/- 0.0245
INFO:root:Epoch no. 56 of 500 (samples: 539520)
INFO:root:Loss: 2.2817 +/- 0.0341
INFO:root:Epoch no. 57 of 500 (samples: 539520)
INFO:root:Loss: 2.261 +/- 0.029
INFO:root:Epoch no. 58 of 500 (samples: 539520)
INFO:root:Loss: 2.2462 +/- 0.0512
INFO:root:Epoch no. 59 of 500 (samples: 539520)
INFO:root:Loss: 2.2211 +/- 0.0344
INFO:root:Epoch no. 60 of 500 (samples: 539520)
INFO:root:Loss: 2.2074 +/- 0.0313
INFO:root:Epoch no. 61 of 500 (samples: 539520)
INFO:root:Loss: 2.2091 +/- 0.0429
INFO:root:Epoch no. 62 of 500 (samples: 539520)
INFO:root:Loss: 2.185 +/- 0.0282
INFO:root:Epoch no. 63 of 500 (samples: 539520)
INFO:root:Loss: 2.144 +/- 0.0265
INFO:root:Epoch no. 64 of 500 (samples: 539520)
INFO:root:Loss: 2.1453 +/- 0.0458
INFO:root:Epoch no. 65 of 500 (samples: 539520)
INFO:root:Loss: 2.1531 +/- 0.0246
INFO:root:Epoch no. 66 of 500 (samples: 539520)
INFO:root:Loss: 2.1268 +/- 0.032
INFO:root:Epoch no. 67 of 500 (samples: 539520)
INFO:root:Loss: 2.11 +/- 0.0399
INFO:root:Epoch no. 68 of 500 (samples: 539520)
INFO:root:Loss: 2.0878 +/- 0.0309
INFO:root:Epoch no. 69 of 500 (samples: 539520)
INFO:root:Loss: 2.1018 +/- 0.0373
INFO:root:Epoch no. 70 of 500 (samples: 539520)
INFO:root:Loss: 2.0754 +/- 0.0402
INFO:root:Epoch no. 71 of 500 (samples: 539520)
INFO:root:Loss: 2.0528 +/- 0.0377
INFO:root:Epoch no. 72 of 500 (samples: 539520)
INFO:root:Loss: 2.067 +/- 0.0302
INFO:root:Epoch no. 73 of 500 (samples: 539520)
INFO:root:Loss: 2.0398 +/- 0.0401
INFO:root:Epoch no. 74 of 500 (samples: 539520)
INFO:root:Loss: 2.0388 +/- 0.0242
INFO:root:Epoch no. 75 of 500 (samples: 539520)
INFO:root:Loss: 2.0107 +/- 0.0327
INFO:root:Epoch no. 76 of 500 (samples: 539520)
INFO:root:Loss: 2.0288 +/- 0.0454
INFO:root:Epoch no. 77 of 500 (samples: 539520)
INFO:root:Loss: 2.0045 +/- 0.0231
INFO:root:Epoch no. 78 of 500 (samples: 539520)
INFO:root:Loss: 1.989 +/- 0.0292
INFO:root:Epoch no. 79 of 500 (samples: 539520)
INFO:root:Loss: 1.9581 +/- 0.0309
INFO:root:Epoch no. 80 of 500 (samples: 539520)
INFO:root:Loss: 1.9563 +/- 0.0228
INFO:root:Epoch no. 81 of 500 (samples: 539520)
INFO:root:Loss: 1.9538 +/- 0.0244
INFO:root:Epoch no. 82 of 500 (samples: 539520)
INFO:root:Loss: 1.9536 +/- 0.0272
INFO:root:Epoch no. 83 of 500 (samples: 539520)
INFO:root:Loss: 1.9383 +/- 0.0361
INFO:root:Epoch no. 84 of 500 (samples: 539520)
INFO:root:Loss: 1.9152 +/- 0.0236
INFO:root:Epoch no. 85 of 500 (samples: 539520)
INFO:root:Loss: 1.9028 +/- 0.0296
INFO:root:Epoch no. 86 of 500 (samples: 539520)
INFO:root:Loss: 1.9145 +/- 0.038
INFO:root:Epoch no. 87 of 500 (samples: 539520)
INFO:root:Loss: 1.9022 +/- 0.0428
INFO:root:Epoch no. 88 of 500 (samples: 539520)
INFO:root:Loss: 1.8796 +/- 0.0303
INFO:root:Epoch no. 89 of 500 (samples: 539520)
INFO:root:Loss: 1.8821 +/- 0.0186
INFO:root:Epoch no. 90 of 500 (samples: 539520)
INFO:root:Loss: 1.8747 +/- 0.0421
INFO:root:Epoch no. 91 of 500 (samples: 539520)
INFO:root:Loss: 1.867 +/- 0.0377
INFO:root:Epoch no. 92 of 500 (samples: 539520)
INFO:root:Loss: 1.8679 +/- 0.0309
INFO:root:Epoch no. 93 of 500 (samples: 539520)
INFO:root:Loss: 1.8464 +/- 0.03
INFO:root:Epoch no. 94 of 500 (samples: 539520)
INFO:root:Loss: 1.8575 +/- 0.0303
INFO:root:Epoch no. 95 of 500 (samples: 539520)
INFO:root:Loss: 1.809 +/- 0.0256
INFO:root:Epoch no. 96 of 500 (samples: 539520)
INFO:root:Loss: 1.8384 +/- 0.0331
INFO:root:Epoch no. 97 of 500 (samples: 539520)
INFO:root:Loss: 1.8253 +/- 0.0314
INFO:root:Epoch no. 98 of 500 (samples: 539520)
INFO:root:Loss: 1.8095 +/- 0.0239
INFO:root:Epoch no. 99 of 500 (samples: 539520)
INFO:root:Loss: 1.7967 +/- 0.0293
INFO:root:Epoch no. 100 of 500 (samples: 539520)
INFO:root:Loss: 1.8101 +/- 0.0259
INFO:root:Epoch no. 101 of 500 (samples: 539520)
INFO:root:Loss: 1.7863 +/- 0.0358
INFO:root:Epoch no. 102 of 500 (samples: 539520)
INFO:root:Loss: 1.7922 +/- 0.0317
INFO:root:Epoch no. 103 of 500 (samples: 539520)
INFO:root:Loss: 1.783 +/- 0.0363
INFO:root:Epoch no. 104 of 500 (samples: 539520)
INFO:root:Loss: 1.7876 +/- 0.0295
INFO:root:Epoch no. 105 of 500 (samples: 539520)
INFO:root:Loss: 1.7661 +/- 0.0353
INFO:root:Epoch no. 106 of 500 (samples: 539520)
INFO:root:Loss: 1.7702 +/- 0.0123
INFO:root:Epoch no. 107 of 500 (samples: 539520)
INFO:root:Loss: 1.7784 +/- 0.0308
INFO:root:Epoch no. 108 of 500 (samples: 539520)
INFO:root:Loss: 1.7607 +/- 0.0317
INFO:root:Epoch no. 109 of 500 (samples: 539520)
INFO:root:Loss: 1.7662 +/- 0.0305
INFO:root:Epoch no. 110 of 500 (samples: 539520)
INFO:root:Loss: 1.7422 +/- 0.0313
INFO:root:Epoch no. 111 of 500 (samples: 539520)
INFO:root:Loss: 1.7442 +/- 0.0285
INFO:root:Epoch no. 112 of 500 (samples: 539520)
INFO:root:Loss: 1.729 +/- 0.0251
INFO:root:Epoch no. 113 of 500 (samples: 539520)
INFO:root:Loss: 1.7249 +/- 0.0327
INFO:root:Epoch no. 114 of 500 (samples: 539520)
INFO:root:Loss: 1.7323 +/- 0.05
INFO:root:Epoch no. 115 of 500 (samples: 539520)
INFO:root:Loss: 1.7235 +/- 0.0307
INFO:root:Epoch no. 116 of 500 (samples: 539520)
INFO:root:Loss: 1.7211 +/- 0.0237
INFO:root:Epoch no. 117 of 500 (samples: 539520)
INFO:root:Loss: 1.7069 +/- 0.0393
INFO:root:Epoch no. 118 of 500 (samples: 539520)
INFO:root:Loss: 1.7058 +/- 0.0487
INFO:root:Epoch no. 119 of 500 (samples: 539520)
INFO:root:Loss: 1.7013 +/- 0.0309
INFO:root:Epoch no. 120 of 500 (samples: 539520)
INFO:root:Loss: 1.7046 +/- 0.0289
INFO:root:Epoch no. 121 of 500 (samples: 539520)
INFO:root:Loss: 1.6837 +/- 0.0288
INFO:root:Epoch no. 122 of 500 (samples: 539520)
INFO:root:Loss: 1.7031 +/- 0.0228
INFO:root:Epoch no. 123 of 500 (samples: 539520)
INFO:root:Loss: 1.6752 +/- 0.0525
INFO:root:Epoch no. 124 of 500 (samples: 539520)
INFO:root:Loss: 1.6775 +/- 0.0456
INFO:root:Epoch no. 125 of 500 (samples: 539520)
INFO:root:Loss: 1.6644 +/- 0.0418
INFO:root:Epoch no. 126 of 500 (samples: 539520)
INFO:root:Loss: 1.6655 +/- 0.037
INFO:root:Epoch no. 127 of 500 (samples: 539520)
INFO:root:Loss: 1.6512 +/- 0.034
INFO:root:Epoch no. 128 of 500 (samples: 539520)
INFO:root:Loss: 1.6506 +/- 0.0339
INFO:root:Epoch no. 129 of 500 (samples: 539520)
INFO:root:Loss: 1.6498 +/- 0.0251
INFO:root:Epoch no. 130 of 500 (samples: 539520)
INFO:root:Loss: 1.6569 +/- 0.0277
INFO:root:Epoch no. 131 of 500 (samples: 539520)
INFO:root:Loss: 1.6541 +/- 0.0305
INFO:root:Epoch no. 132 of 500 (samples: 539520)
INFO:root:Loss: 1.6469 +/- 0.0248
INFO:root:Epoch no. 133 of 500 (samples: 539520)
INFO:root:Loss: 1.6364 +/- 0.0302
INFO:root:Epoch no. 134 of 500 (samples: 539520)
INFO:root:Loss: 1.6276 +/- 0.0356
INFO:root:Epoch no. 135 of 500 (samples: 539520)
INFO:root:Loss: 1.6131 +/- 0.0257
INFO:root:Epoch no. 136 of 500 (samples: 539520)
INFO:root:Loss: 1.62 +/- 0.0205
INFO:root:Epoch no. 137 of 500 (samples: 539520)
INFO:root:Loss: 1.6338 +/- 0.0255
INFO:root:Epoch no. 138 of 500 (samples: 539520)
INFO:root:Loss: 1.6206 +/- 0.0276
INFO:root:Epoch no. 139 of 500 (samples: 539520)
INFO:root:Loss: 1.599 +/- 0.0273
INFO:root:Epoch no. 140 of 500 (samples: 539520)
INFO:root:Loss: 1.6201 +/- 0.0343
INFO:root:Epoch no. 141 of 500 (samples: 539520)
INFO:root:Loss: 1.6106 +/- 0.0295
INFO:root:Epoch no. 142 of 500 (samples: 539520)
INFO:root:Loss: 1.614 +/- 0.0412
INFO:root:Epoch no. 143 of 500 (samples: 539520)
INFO:root:Loss: 1.5998 +/- 0.0245
INFO:root:Epoch no. 144 of 500 (samples: 539520)
INFO:root:Loss: 1.6053 +/- 0.0484
INFO:root:Epoch no. 145 of 500 (samples: 539520)
INFO:root:Loss: 1.5982 +/- 0.0262
INFO:root:Epoch no. 146 of 500 (samples: 539520)
INFO:root:Loss: 1.5903 +/- 0.0242
INFO:root:Epoch no. 147 of 500 (samples: 539520)
INFO:root:Loss: 1.5913 +/- 0.0328
INFO:root:Epoch no. 148 of 500 (samples: 539520)
INFO:root:Loss: 1.5716 +/- 0.038
INFO:root:Epoch no. 149 of 500 (samples: 539520)
INFO:root:Loss: 1.5745 +/- 0.0281
INFO:root:Epoch no. 150 of 500 (samples: 539520)
INFO:root:Loss: 1.5783 +/- 0.0314
INFO:root:Epoch no. 151 of 500 (samples: 539520)
INFO:root:Loss: 1.5853 +/- 0.0382
INFO:root:Epoch no. 152 of 500 (samples: 539520)
INFO:root:Loss: 1.558 +/- 0.0251
INFO:root:Epoch no. 153 of 500 (samples: 539520)
INFO:root:Loss: 1.5678 +/- 0.0327
INFO:root:Epoch no. 154 of 500 (samples: 539520)
INFO:root:Loss: 1.5598 +/- 0.0362
INFO:root:Epoch no. 155 of 500 (samples: 539520)
INFO:root:Loss: 1.5525 +/- 0.0235
INFO:root:Epoch no. 156 of 500 (samples: 539520)
INFO:root:Loss: 1.5683 +/- 0.0368
INFO:root:Epoch no. 157 of 500 (samples: 539520)
INFO:root:Loss: 1.5659 +/- 0.0264
INFO:root:Epoch no. 158 of 500 (samples: 539520)
INFO:root:Loss: 1.5512 +/- 0.0203
INFO:root:Epoch no. 159 of 500 (samples: 539520)
INFO:root:Loss: 1.5487 +/- 0.0328
INFO:root:Epoch no. 160 of 500 (samples: 539520)
INFO:root:Loss: 1.5528 +/- 0.0412
INFO:root:Epoch no. 161 of 500 (samples: 539520)
INFO:root:Loss: 1.5575 +/- 0.0256
INFO:root:Epoch no. 162 of 500 (samples: 539520)
INFO:root:Loss: 1.5586 +/- 0.0432
INFO:root:Epoch no. 163 of 500 (samples: 539520)
INFO:root:Loss: 1.5176 +/- 0.0231
INFO:root:Epoch no. 164 of 500 (samples: 539520)
INFO:root:Loss: 1.511 +/- 0.0391
INFO:root:Epoch no. 165 of 500 (samples: 539520)
INFO:root:Loss: 1.5376 +/- 0.0314
INFO:root:Epoch no. 166 of 500 (samples: 539520)
INFO:root:Loss: 1.5353 +/- 0.0144
INFO:root:Epoch no. 167 of 500 (samples: 539520)
INFO:root:Loss: 1.5272 +/- 0.0461
INFO:root:Epoch no. 168 of 500 (samples: 539520)
INFO:root:Loss: 1.5223 +/- 0.0327
INFO:root:Epoch no. 169 of 500 (samples: 539520)
INFO:root:Loss: 1.4956 +/- 0.0249
INFO:root:Epoch no. 170 of 500 (samples: 539520)
INFO:root:Loss: 1.5229 +/- 0.0271
INFO:root:Epoch no. 171 of 500 (samples: 539520)
INFO:root:Loss: 1.5175 +/- 0.0221
INFO:root:Epoch no. 172 of 500 (samples: 539520)
INFO:root:Loss: 1.5048 +/- 0.0241
INFO:root:Epoch no. 173 of 500 (samples: 539520)
INFO:root:Loss: 1.5049 +/- 0.0276
INFO:root:Epoch no. 174 of 500 (samples: 539520)
INFO:root:Loss: 1.5214 +/- 0.0285
INFO:root:Epoch no. 175 of 500 (samples: 539520)
INFO:root:Loss: 1.4935 +/- 0.021
INFO:root:Epoch no. 176 of 500 (samples: 539520)
INFO:root:Loss: 1.487 +/- 0.0249
INFO:root:Epoch no. 177 of 500 (samples: 539520)
INFO:root:Loss: 1.4975 +/- 0.0244
INFO:root:Epoch no. 178 of 500 (samples: 539520)
INFO:root:Loss: 1.5064 +/- 0.0342
INFO:root:Epoch no. 179 of 500 (samples: 539520)
INFO:root:Loss: 1.4958 +/- 0.0245
INFO:root:Epoch no. 180 of 500 (samples: 539520)
INFO:root:Loss: 1.504 +/- 0.0272
INFO:root:Epoch no. 181 of 500 (samples: 539520)
INFO:root:Loss: 1.481 +/- 0.0225
INFO:root:Epoch no. 182 of 500 (samples: 539520)
INFO:root:Loss: 1.4844 +/- 0.0341
INFO:root:Epoch no. 183 of 500 (samples: 539520)
INFO:root:Loss: 1.4757 +/- 0.0308
INFO:root:Epoch no. 184 of 500 (samples: 539520)
INFO:root:Loss: 1.49 +/- 0.0348
INFO:root:Epoch no. 185 of 500 (samples: 539520)
INFO:root:Loss: 1.4733 +/- 0.0176
INFO:root:Epoch no. 186 of 500 (samples: 539520)
INFO:root:Loss: 1.4768 +/- 0.0273
INFO:root:Epoch no. 187 of 500 (samples: 539520)
INFO:root:Loss: 1.4845 +/- 0.0452
INFO:root:Epoch no. 188 of 500 (samples: 539520)
INFO:root:Loss: 1.4569 +/- 0.0239
INFO:root:Epoch no. 189 of 500 (samples: 539520)
INFO:root:Loss: 1.4687 +/- 0.0352
INFO:root:Epoch no. 190 of 500 (samples: 539520)
INFO:root:Loss: 1.4605 +/- 0.0306
INFO:root:Epoch no. 191 of 500 (samples: 539520)
INFO:root:Loss: 1.4625 +/- 0.0203
INFO:root:Epoch no. 192 of 500 (samples: 539520)
INFO:root:Loss: 1.4569 +/- 0.0373
INFO:root:Epoch no. 193 of 500 (samples: 539520)
INFO:root:Loss: 1.4549 +/- 0.0384
INFO:root:Epoch no. 194 of 500 (samples: 539520)
INFO:root:Loss: 1.4512 +/- 0.022
INFO:root:Epoch no. 195 of 500 (samples: 539520)
INFO:root:Loss: 1.448 +/- 0.0309
INFO:root:Epoch no. 196 of 500 (samples: 539520)
INFO:root:Loss: 1.4578 +/- 0.0327
INFO:root:Epoch no. 197 of 500 (samples: 539520)
INFO:root:Loss: 1.4489 +/- 0.0415
INFO:root:Epoch no. 198 of 500 (samples: 539520)
INFO:root:Loss: 1.4627 +/- 0.0137
INFO:root:Epoch no. 199 of 500 (samples: 539520)
INFO:root:Loss: 1.4385 +/- 0.0207
INFO:root:Epoch no. 200 of 500 (samples: 539520)
INFO:root:Loss: 1.4426 +/- 0.0196
INFO:root:Epoch no. 201 of 500 (samples: 539520)
INFO:root:Loss: 1.4554 +/- 0.0311
INFO:root:Epoch no. 202 of 500 (samples: 539520)
INFO:root:Loss: 1.4308 +/- 0.041
INFO:root:Epoch no. 203 of 500 (samples: 539520)
INFO:root:Loss: 1.4419 +/- 0.028
INFO:root:Epoch no. 204 of 500 (samples: 539520)
INFO:root:Loss: 1.4509 +/- 0.0292
INFO:root:Epoch no. 205 of 500 (samples: 539520)
INFO:root:Loss: 1.4398 +/- 0.0457
INFO:root:Epoch no. 206 of 500 (samples: 539520)
INFO:root:Loss: 1.4327 +/- 0.0309
INFO:root:Epoch no. 207 of 500 (samples: 539520)
INFO:root:Loss: 1.4171 +/- 0.0279
INFO:root:Epoch no. 208 of 500 (samples: 539520)
INFO:root:Loss: 1.4447 +/- 0.0282
INFO:root:Epoch no. 209 of 500 (samples: 539520)
INFO:root:Loss: 1.428 +/- 0.0175
INFO:root:Epoch no. 210 of 500 (samples: 539520)
INFO:root:Loss: 1.4308 +/- 0.0138
INFO:root:Epoch no. 211 of 500 (samples: 539520)
INFO:root:Loss: 1.4274 +/- 0.0398
INFO:root:Epoch no. 212 of 500 (samples: 539520)
INFO:root:Loss: 1.4331 +/- 0.0208
INFO:root:Epoch no. 213 of 500 (samples: 539520)
INFO:root:Loss: 1.4153 +/- 0.0211
INFO:root:Epoch no. 214 of 500 (samples: 539520)
INFO:root:Loss: 1.4258 +/- 0.0342
INFO:root:Epoch no. 215 of 500 (samples: 539520)
INFO:root:Loss: 1.425 +/- 0.0277
INFO:root:Epoch no. 216 of 500 (samples: 539520)
INFO:root:Loss: 1.4181 +/- 0.0316
INFO:root:Epoch no. 217 of 500 (samples: 539520)
INFO:root:Loss: 1.4222 +/- 0.0412
INFO:root:Epoch no. 218 of 500 (samples: 539520)
INFO:root:Loss: 1.4084 +/- 0.0324
INFO:root:Epoch no. 219 of 500 (samples: 539520)
INFO:root:Loss: 1.3905 +/- 0.0173
INFO:root:Epoch no. 220 of 500 (samples: 539520)
INFO:root:Loss: 1.4133 +/- 0.0332
INFO:root:Epoch no. 221 of 500 (samples: 539520)
INFO:root:Loss: 1.4229 +/- 0.0335
INFO:root:Epoch no. 222 of 500 (samples: 539520)
INFO:root:Loss: 1.3856 +/- 0.0308
INFO:root:Epoch no. 223 of 500 (samples: 539520)
INFO:root:Loss: 1.4083 +/- 0.0202
INFO:root:Epoch no. 224 of 500 (samples: 539520)
INFO:root:Loss: 1.4031 +/- 0.0286
INFO:root:Epoch no. 225 of 500 (samples: 539520)
INFO:root:Loss: 1.3954 +/- 0.028
INFO:root:Epoch no. 226 of 500 (samples: 539520)
INFO:root:Loss: 1.3933 +/- 0.0342
INFO:root:Epoch no. 227 of 500 (samples: 539520)
INFO:root:Loss: 1.3972 +/- 0.0338
INFO:root:Epoch no. 228 of 500 (samples: 539520)
INFO:root:Loss: 1.4159 +/- 0.0351
INFO:root:Epoch no. 229 of 500 (samples: 539520)
INFO:root:Loss: 1.3985 +/- 0.0323
INFO:root:Epoch no. 230 of 500 (samples: 539520)
INFO:root:Loss: 1.3817 +/- 0.0321
INFO:root:Epoch no. 231 of 500 (samples: 539520)
INFO:root:Loss: 1.3853 +/- 0.0246
INFO:root:Epoch no. 232 of 500 (samples: 539520)
INFO:root:Loss: 1.3972 +/- 0.0359
INFO:root:Epoch no. 233 of 500 (samples: 539520)
INFO:root:Loss: 1.3866 +/- 0.0229
INFO:root:Epoch no. 234 of 500 (samples: 539520)
INFO:root:Loss: 1.4055 +/- 0.0318
INFO:root:Epoch no. 235 of 500 (samples: 539520)
INFO:root:Loss: 1.3889 +/- 0.0246
INFO:root:Epoch no. 236 of 500 (samples: 539520)
INFO:root:Loss: 1.3848 +/- 0.0183
INFO:root:Epoch no. 237 of 500 (samples: 539520)
INFO:root:Loss: 1.3792 +/- 0.0395
INFO:root:Epoch no. 238 of 500 (samples: 539520)
INFO:root:Loss: 1.3807 +/- 0.0143
INFO:root:Epoch no. 239 of 500 (samples: 539520)
INFO:root:Loss: 1.3663 +/- 0.0325
INFO:root:Epoch no. 240 of 500 (samples: 539520)
INFO:root:Loss: 1.3703 +/- 0.0219
INFO:root:Epoch no. 241 of 500 (samples: 539520)
INFO:root:Loss: 1.3833 +/- 0.0331
INFO:root:Epoch no. 242 of 500 (samples: 539520)
INFO:root:Loss: 1.3687 +/- 0.0209
INFO:root:Epoch no. 243 of 500 (samples: 539520)
INFO:root:Loss: 1.3735 +/- 0.0309
INFO:root:Epoch no. 244 of 500 (samples: 539520)
INFO:root:Loss: 1.3618 +/- 0.0271
INFO:root:Epoch no. 245 of 500 (samples: 539520)
INFO:root:Loss: 1.3587 +/- 0.0327
INFO:root:Epoch no. 246 of 500 (samples: 539520)
INFO:root:Loss: 1.3713 +/- 0.0167
INFO:root:Epoch no. 247 of 500 (samples: 539520)
INFO:root:Loss: 1.3733 +/- 0.0329
INFO:root:Epoch no. 248 of 500 (samples: 539520)
INFO:root:Loss: 1.3673 +/- 0.0334
INFO:root:Epoch no. 249 of 500 (samples: 539520)
INFO:root:Loss: 1.3612 +/- 0.0296
INFO:root:Epoch no. 250 of 500 (samples: 539520)
INFO:root:Loss: 1.3691 +/- 0.0364
INFO:root:Epoch no. 251 of 500 (samples: 539520)
INFO:root:Loss: 1.3739 +/- 0.0174
INFO:root:Epoch no. 252 of 500 (samples: 539520)
INFO:root:Loss: 1.3715 +/- 0.0284
INFO:root:Epoch no. 253 of 500 (samples: 539520)
INFO:root:Loss: 1.3506 +/- 0.027
INFO:root:Epoch no. 254 of 500 (samples: 539520)
INFO:root:Loss: 1.3611 +/- 0.031
INFO:root:Epoch no. 255 of 500 (samples: 539520)
INFO:root:Loss: 1.3512 +/- 0.0311
INFO:root:Epoch no. 256 of 500 (samples: 539520)
INFO:root:Loss: 1.3487 +/- 0.0273
INFO:root:Epoch no. 257 of 500 (samples: 539520)
INFO:root:Loss: 1.3433 +/- 0.0283
INFO:root:Epoch no. 258 of 500 (samples: 539520)
INFO:root:Loss: 1.3464 +/- 0.0288
INFO:root:Epoch no. 259 of 500 (samples: 539520)
INFO:root:Loss: 1.356 +/- 0.035
INFO:root:Epoch no. 260 of 500 (samples: 539520)
INFO:root:Loss: 1.3496 +/- 0.024
INFO:root:Epoch no. 261 of 500 (samples: 539520)
INFO:root:Loss: 1.3475 +/- 0.0342
INFO:root:Epoch no. 262 of 500 (samples: 539520)
INFO:root:Loss: 1.3645 +/- 0.0241
INFO:root:Epoch no. 263 of 500 (samples: 539520)
INFO:root:Loss: 1.3422 +/- 0.025
INFO:root:Epoch no. 264 of 500 (samples: 539520)
INFO:root:Loss: 1.3357 +/- 0.0279
INFO:root:Epoch no. 265 of 500 (samples: 539520)
INFO:root:Loss: 1.3371 +/- 0.0231
INFO:root:Epoch no. 266 of 500 (samples: 539520)
INFO:root:Loss: 1.3333 +/- 0.0292
INFO:root:Epoch no. 267 of 500 (samples: 539520)
INFO:root:Loss: 1.3424 +/- 0.032
INFO:root:Epoch no. 268 of 500 (samples: 539520)
INFO:root:Loss: 1.3403 +/- 0.02
INFO:root:Epoch no. 269 of 500 (samples: 539520)
INFO:root:Loss: 1.3547 +/- 0.0281
INFO:root:Epoch no. 270 of 500 (samples: 539520)
INFO:root:Loss: 1.3341 +/- 0.035
INFO:root:Epoch no. 271 of 500 (samples: 539520)
INFO:root:Loss: 1.3313 +/- 0.0325
INFO:root:Epoch no. 272 of 500 (samples: 539520)
INFO:root:Loss: 1.3223 +/- 0.0261
INFO:root:Epoch no. 273 of 500 (samples: 539520)
INFO:root:Loss: 1.3541 +/- 0.0226
INFO:root:Epoch no. 274 of 500 (samples: 539520)
INFO:root:Loss: 1.3464 +/- 0.0194
INFO:root:Epoch no. 275 of 500 (samples: 539520)
INFO:root:Loss: 1.3252 +/- 0.0412
INFO:root:Epoch no. 276 of 500 (samples: 539520)
INFO:root:Loss: 1.3346 +/- 0.0268
INFO:root:Epoch no. 277 of 500 (samples: 539520)
INFO:root:Loss: 1.3149 +/- 0.0223
INFO:root:Epoch no. 278 of 500 (samples: 539520)
INFO:root:Loss: 1.3246 +/- 0.0265
INFO:root:Epoch no. 279 of 500 (samples: 539520)
INFO:root:Loss: 1.3157 +/- 0.0252
INFO:root:Epoch no. 280 of 500 (samples: 539520)
INFO:root:Loss: 1.3364 +/- 0.0211
INFO:root:Epoch no. 281 of 500 (samples: 539520)
INFO:root:Loss: 1.3356 +/- 0.0242
INFO:root:Epoch no. 282 of 500 (samples: 539520)
INFO:root:Loss: 1.3169 +/- 0.0264
INFO:root:Epoch no. 283 of 500 (samples: 539520)
INFO:root:Loss: 1.3197 +/- 0.0271
INFO:root:Epoch no. 284 of 500 (samples: 539520)
INFO:root:Loss: 1.3202 +/- 0.0222
INFO:root:Epoch no. 285 of 500 (samples: 539520)
INFO:root:Loss: 1.3094 +/- 0.0403
INFO:root:Epoch no. 286 of 500 (samples: 539520)
INFO:root:Loss: 1.3211 +/- 0.0358
INFO:root:Epoch no. 287 of 500 (samples: 539520)
INFO:root:Loss: 1.3015 +/- 0.0339
INFO:root:Epoch no. 288 of 500 (samples: 539520)
INFO:root:Loss: 1.322 +/- 0.026
INFO:root:Epoch no. 289 of 500 (samples: 539520)
INFO:root:Loss: 1.3029 +/- 0.0259
INFO:root:Epoch no. 290 of 500 (samples: 539520)
INFO:root:Loss: 1.3013 +/- 0.0312
INFO:root:Epoch no. 291 of 500 (samples: 539520)
INFO:root:Loss: 1.3129 +/- 0.0239
INFO:root:Epoch no. 292 of 500 (samples: 539520)
INFO:root:Loss: 1.3114 +/- 0.0341
INFO:root:Epoch no. 293 of 500 (samples: 539520)
INFO:root:Loss: 1.3171 +/- 0.0288
INFO:root:Epoch no. 294 of 500 (samples: 539520)
INFO:root:Loss: 1.3131 +/- 0.0251
INFO:root:Epoch no. 295 of 500 (samples: 539520)
INFO:root:Loss: 1.306 +/- 0.0325
INFO:root:Epoch no. 296 of 500 (samples: 539520)
INFO:root:Loss: 1.31 +/- 0.0318
INFO:root:Epoch no. 297 of 500 (samples: 539520)
INFO:root:Loss: 1.3116 +/- 0.0278
INFO:root:Epoch no. 298 of 500 (samples: 539520)
INFO:root:Loss: 1.3034 +/- 0.0331
INFO:root:Epoch no. 299 of 500 (samples: 539520)
INFO:root:Loss: 1.3078 +/- 0.0414
INFO:root:Epoch no. 300 of 500 (samples: 539520)
INFO:root:Loss: 1.2946 +/- 0.0371
INFO:root:Epoch no. 301 of 500 (samples: 539520)
INFO:root:Loss: 1.303 +/- 0.0311
INFO:root:Epoch no. 302 of 500 (samples: 539520)
INFO:root:Loss: 1.3024 +/- 0.0337
INFO:root:Epoch no. 303 of 500 (samples: 539520)
INFO:root:Loss: 1.3092 +/- 0.0275
INFO:root:Epoch no. 304 of 500 (samples: 539520)
INFO:root:Loss: 1.2987 +/- 0.0321
INFO:root:Epoch no. 305 of 500 (samples: 539520)
INFO:root:Loss: 1.2947 +/- 0.0349
INFO:root:Epoch no. 306 of 500 (samples: 539520)
INFO:root:Loss: 1.2782 +/- 0.0291
INFO:root:Epoch no. 307 of 500 (samples: 539520)
INFO:root:Loss: 1.272 +/- 0.0441
INFO:root:Epoch no. 308 of 500 (samples: 539520)
INFO:root:Loss: 1.2912 +/- 0.0311
INFO:root:Epoch no. 309 of 500 (samples: 539520)
INFO:root:Loss: 1.292 +/- 0.0327
INFO:root:Epoch no. 310 of 500 (samples: 539520)
INFO:root:Loss: 1.2959 +/- 0.0316
INFO:root:Epoch no. 311 of 500 (samples: 539520)
INFO:root:Loss: 1.291 +/- 0.035
INFO:root:Epoch no. 312 of 500 (samples: 539520)
INFO:root:Loss: 1.2756 +/- 0.0488
INFO:root:Epoch no. 313 of 500 (samples: 539520)
INFO:root:Loss: 1.2699 +/- 0.045
INFO:root:Epoch no. 314 of 500 (samples: 539520)
INFO:root:Loss: 1.2849 +/- 0.0398
INFO:root:Epoch no. 315 of 500 (samples: 539520)
INFO:root:Loss: 1.2767 +/- 0.0361
INFO:root:Epoch no. 316 of 500 (samples: 539520)
INFO:root:Loss: 1.275 +/- 0.0377
INFO:root:Epoch no. 317 of 500 (samples: 539520)
INFO:root:Loss: 1.2818 +/- 0.0198
INFO:root:Epoch no. 318 of 500 (samples: 539520)
INFO:root:Loss: 1.2858 +/- 0.033
INFO:root:Epoch no. 319 of 500 (samples: 539520)
INFO:root:Loss: 1.2896 +/- 0.0245
INFO:root:Epoch no. 320 of 500 (samples: 539520)
INFO:root:Loss: 1.2931 +/- 0.0429
INFO:root:Epoch no. 321 of 500 (samples: 539520)
INFO:root:Loss: 1.2807 +/- 0.0407
INFO:root:Epoch no. 322 of 500 (samples: 539520)
INFO:root:Loss: 1.288 +/- 0.0278
INFO:root:Epoch no. 323 of 500 (samples: 539520)
INFO:root:Loss: 1.273 +/- 0.0281
INFO:root:Epoch no. 324 of 500 (samples: 539520)
INFO:root:Loss: 1.2773 +/- 0.0414
INFO:root:Epoch no. 325 of 500 (samples: 539520)
INFO:root:Loss: 1.2618 +/- 0.027
INFO:root:Epoch no. 326 of 500 (samples: 539520)
INFO:root:Loss: 1.2911 +/- 0.0388
INFO:root:Epoch no. 327 of 500 (samples: 539520)
INFO:root:Loss: 1.2926 +/- 0.0226
INFO:root:Epoch no. 328 of 500 (samples: 539520)
INFO:root:Loss: 1.2728 +/- 0.0322
INFO:root:Epoch no. 329 of 500 (samples: 539520)
INFO:root:Loss: 1.2535 +/- 0.0286
INFO:root:Epoch no. 330 of 500 (samples: 539520)
INFO:root:Loss: 1.2832 +/- 0.0392
INFO:root:Epoch no. 331 of 500 (samples: 539520)
INFO:root:Loss: 1.2627 +/- 0.0272
INFO:root:Epoch no. 332 of 500 (samples: 539520)
INFO:root:Loss: 1.2791 +/- 0.0244
INFO:root:Epoch no. 333 of 500 (samples: 539520)
INFO:root:Loss: 1.2668 +/- 0.0409
INFO:root:Epoch no. 334 of 500 (samples: 539520)
INFO:root:Loss: 1.2853 +/- 0.0342
INFO:root:Epoch no. 335 of 500 (samples: 539520)
INFO:root:Loss: 1.2508 +/- 0.0229
INFO:root:Epoch no. 336 of 500 (samples: 539520)
INFO:root:Loss: 1.2593 +/- 0.0246
INFO:root:Epoch no. 337 of 500 (samples: 539520)
INFO:root:Loss: 1.2649 +/- 0.0436
INFO:root:Epoch no. 338 of 500 (samples: 539520)
INFO:root:Loss: 1.2576 +/- 0.0389
INFO:root:Epoch no. 339 of 500 (samples: 539520)
INFO:root:Loss: 1.2533 +/- 0.0311
INFO:root:Epoch no. 340 of 500 (samples: 539520)
INFO:root:Loss: 1.2568 +/- 0.0233
INFO:root:Epoch no. 341 of 500 (samples: 539520)
INFO:root:Loss: 1.2603 +/- 0.0171
INFO:root:Epoch no. 342 of 500 (samples: 539520)
INFO:root:Loss: 1.2676 +/- 0.0256
INFO:root:Epoch no. 343 of 500 (samples: 539520)
INFO:root:Loss: 1.2465 +/- 0.0298
INFO:root:Epoch no. 344 of 500 (samples: 539520)
INFO:root:Loss: 1.2798 +/- 0.0234
INFO:root:Epoch no. 345 of 500 (samples: 539520)
INFO:root:Loss: 1.2506 +/- 0.0109
INFO:root:Epoch no. 346 of 500 (samples: 539520)
INFO:root:Loss: 1.2494 +/- 0.0405
INFO:root:Epoch no. 347 of 500 (samples: 539520)
INFO:root:Loss: 1.2509 +/- 0.0217
INFO:root:Epoch no. 348 of 500 (samples: 539520)
INFO:root:Loss: 1.2471 +/- 0.0254
INFO:root:Epoch no. 349 of 500 (samples: 539520)
INFO:root:Loss: 1.2554 +/- 0.0248
INFO:root:Epoch no. 350 of 500 (samples: 539520)
INFO:root:Loss: 1.2487 +/- 0.0329
INFO:root:Epoch no. 351 of 500 (samples: 539520)
INFO:root:Loss: 1.2477 +/- 0.0299
INFO:root:Epoch no. 352 of 500 (samples: 539520)
INFO:root:Loss: 1.2601 +/- 0.0337
INFO:root:Epoch no. 353 of 500 (samples: 539520)
INFO:root:Loss: 1.2636 +/- 0.0244
INFO:root:Epoch no. 354 of 500 (samples: 539520)
INFO:root:Loss: 1.2571 +/- 0.0413
INFO:root:Epoch no. 355 of 500 (samples: 539520)
INFO:root:Loss: 1.2534 +/- 0.0354
INFO:root:Epoch no. 356 of 500 (samples: 539520)
INFO:root:Loss: 1.2484 +/- 0.0278
INFO:root:Epoch no. 357 of 500 (samples: 539520)
INFO:root:Loss: 1.2452 +/- 0.0301
INFO:root:Epoch no. 358 of 500 (samples: 539520)
INFO:root:Loss: 1.2376 +/- 0.0235
INFO:root:Epoch no. 359 of 500 (samples: 539520)
INFO:root:Loss: 1.2579 +/- 0.0206
INFO:root:Epoch no. 360 of 500 (samples: 539520)
INFO:root:Loss: 1.2427 +/- 0.0361
INFO:root:Epoch no. 361 of 500 (samples: 539520)
INFO:root:Loss: 1.2687 +/- 0.0368
INFO:root:Epoch no. 362 of 500 (samples: 539520)
INFO:root:Loss: 1.2517 +/- 0.029
INFO:root:Epoch no. 363 of 500 (samples: 539520)
INFO:root:Loss: 1.2351 +/- 0.0367
INFO:root:Epoch no. 364 of 500 (samples: 539520)
INFO:root:Loss: 1.2304 +/- 0.0293
INFO:root:Epoch no. 365 of 500 (samples: 539520)
INFO:root:Loss: 1.2438 +/- 0.0436
INFO:root:Epoch no. 366 of 500 (samples: 539520)
INFO:root:Loss: 1.2234 +/- 0.0442
INFO:root:Epoch no. 367 of 500 (samples: 539520)
INFO:root:Loss: 1.2223 +/- 0.0285
INFO:root:Epoch no. 368 of 500 (samples: 539520)
INFO:root:Loss: 1.2295 +/- 0.0203
INFO:root:Epoch no. 369 of 500 (samples: 539520)
INFO:root:Loss: 1.2397 +/- 0.0364
INFO:root:Epoch no. 370 of 500 (samples: 539520)
INFO:root:Loss: 1.2386 +/- 0.0397
INFO:root:Epoch no. 371 of 500 (samples: 539520)
INFO:root:Loss: 1.2508 +/- 0.0306
INFO:root:Epoch no. 372 of 500 (samples: 539520)
INFO:root:Loss: 1.2122 +/- 0.0348
INFO:root:Epoch no. 373 of 500 (samples: 539520)
INFO:root:Loss: 1.2376 +/- 0.0262
INFO:root:Epoch no. 374 of 500 (samples: 539520)
INFO:root:Loss: 1.2342 +/- 0.0338
INFO:root:Epoch no. 375 of 500 (samples: 539520)
INFO:root:Loss: 1.2276 +/- 0.0165
INFO:root:Epoch no. 376 of 500 (samples: 539520)
INFO:root:Loss: 1.2119 +/- 0.0386
INFO:root:Epoch no. 377 of 500 (samples: 539520)
INFO:root:Loss: 1.2302 +/- 0.0256
INFO:root:Epoch no. 378 of 500 (samples: 539520)
INFO:root:Loss: 1.2331 +/- 0.0319
INFO:root:Epoch no. 379 of 500 (samples: 539520)
INFO:root:Loss: 1.2277 +/- 0.0216
INFO:root:Epoch no. 380 of 500 (samples: 539520)
INFO:root:Loss: 1.2382 +/- 0.0309
INFO:root:Epoch no. 381 of 500 (samples: 539520)
INFO:root:Loss: 1.2322 +/- 0.0284
INFO:root:Epoch no. 382 of 500 (samples: 539520)
INFO:root:Loss: 1.2244 +/- 0.0292
INFO:root:Epoch no. 383 of 500 (samples: 539520)
INFO:root:Loss: 1.2251 +/- 0.0442
INFO:root:Epoch no. 384 of 500 (samples: 539520)
INFO:root:Loss: 1.2357 +/- 0.0338
INFO:root:Epoch no. 385 of 500 (samples: 539520)
INFO:root:Loss: 1.2315 +/- 0.0282
INFO:root:Epoch no. 386 of 500 (samples: 539520)
INFO:root:Loss: 1.2423 +/- 0.0293
INFO:root:Epoch no. 387 of 500 (samples: 539520)
INFO:root:Loss: 1.2302 +/- 0.0353
INFO:root:Epoch no. 388 of 500 (samples: 539520)
INFO:root:Loss: 1.24 +/- 0.0267
INFO:root:Epoch no. 389 of 500 (samples: 539520)
INFO:root:Loss: 1.2208 +/- 0.0267
INFO:root:Epoch no. 390 of 500 (samples: 539520)
INFO:root:Loss: 1.2406 +/- 0.0144
INFO:root:Epoch no. 391 of 500 (samples: 539520)
INFO:root:Loss: 1.1965 +/- 0.0324
INFO:root:Epoch no. 392 of 500 (samples: 539520)
INFO:root:Loss: 1.206 +/- 0.0241
INFO:root:Epoch no. 393 of 500 (samples: 539520)
INFO:root:Loss: 1.2151 +/- 0.0319
INFO:root:Epoch no. 394 of 500 (samples: 539520)
INFO:root:Loss: 1.2232 +/- 0.0291
INFO:root:Epoch no. 395 of 500 (samples: 539520)
INFO:root:Loss: 1.2151 +/- 0.0287
INFO:root:Epoch no. 396 of 500 (samples: 539520)
INFO:root:Loss: 1.2235 +/- 0.0309
INFO:root:Epoch no. 397 of 500 (samples: 539520)
INFO:root:Loss: 1.2171 +/- 0.019
INFO:root:Epoch no. 398 of 500 (samples: 539520)
INFO:root:Loss: 1.2147 +/- 0.037
INFO:root:Epoch no. 399 of 500 (samples: 539520)
INFO:root:Loss: 1.1917 +/- 0.0251
INFO:root:Epoch no. 400 of 500 (samples: 539520)
INFO:root:Loss: 1.2067 +/- 0.0364
INFO:root:Epoch no. 401 of 500 (samples: 539520)
INFO:root:Loss: 1.2162 +/- 0.0392
INFO:root:Epoch no. 402 of 500 (samples: 539520)
INFO:root:Loss: 1.2005 +/- 0.0433
INFO:root:Epoch no. 403 of 500 (samples: 539520)
INFO:root:Loss: 1.2013 +/- 0.0168
INFO:root:Epoch no. 404 of 500 (samples: 539520)
INFO:root:Loss: 1.2309 +/- 0.0303
INFO:root:Epoch no. 405 of 500 (samples: 539520)
INFO:root:Loss: 1.2194 +/- 0.0258
INFO:root:Epoch no. 406 of 500 (samples: 539520)
INFO:root:Loss: 1.2067 +/- 0.0271
INFO:root:Epoch no. 407 of 500 (samples: 539520)
INFO:root:Loss: 1.2126 +/- 0.0258
INFO:root:Epoch no. 408 of 500 (samples: 539520)
INFO:root:Loss: 1.2186 +/- 0.025
INFO:root:Epoch no. 409 of 500 (samples: 539520)
INFO:root:Loss: 1.2068 +/- 0.0348
INFO:root:Epoch no. 410 of 500 (samples: 539520)
INFO:root:Loss: 1.2202 +/- 0.0204
INFO:root:Epoch no. 411 of 500 (samples: 539520)
INFO:root:Loss: 1.2004 +/- 0.0231
INFO:root:Epoch no. 412 of 500 (samples: 539520)
INFO:root:Loss: 1.1986 +/- 0.0282
INFO:root:Epoch no. 413 of 500 (samples: 539520)
INFO:root:Loss: 1.2135 +/- 0.0247
INFO:root:Epoch no. 414 of 500 (samples: 539520)
INFO:root:Loss: 1.2094 +/- 0.0305
INFO:root:Epoch no. 415 of 500 (samples: 539520)
INFO:root:Loss: 1.2066 +/- 0.0369
INFO:root:Epoch no. 416 of 500 (samples: 539520)
INFO:root:Loss: 1.205 +/- 0.0302
INFO:root:Epoch no. 417 of 500 (samples: 539520)
INFO:root:Loss: 1.1948 +/- 0.0269
INFO:root:Epoch no. 418 of 500 (samples: 539520)
INFO:root:Loss: 1.194 +/- 0.0233
INFO:root:Epoch no. 419 of 500 (samples: 539520)
INFO:root:Loss: 1.2042 +/- 0.0323
INFO:root:Epoch no. 420 of 500 (samples: 539520)
INFO:root:Loss: 1.2062 +/- 0.0328
INFO:root:Epoch no. 421 of 500 (samples: 539520)
INFO:root:Loss: 1.174 +/- 0.027
INFO:root:Epoch no. 422 of 500 (samples: 539520)
INFO:root:Loss: 1.2035 +/- 0.0191
INFO:root:Epoch no. 423 of 500 (samples: 539520)
INFO:root:Loss: 1.1935 +/- 0.0259
INFO:root:Epoch no. 424 of 500 (samples: 539520)
INFO:root:Loss: 1.2022 +/- 0.041
INFO:root:Epoch no. 425 of 500 (samples: 539520)
INFO:root:Loss: 1.2023 +/- 0.0237
INFO:root:Epoch no. 426 of 500 (samples: 539520)
INFO:root:Loss: 1.2037 +/- 0.0308
INFO:root:Epoch no. 427 of 500 (samples: 539520)
INFO:root:Loss: 1.1928 +/- 0.0257
INFO:root:Epoch no. 428 of 500 (samples: 539520)
INFO:root:Loss: 1.1995 +/- 0.0291
INFO:root:Epoch no. 429 of 500 (samples: 539520)
INFO:root:Loss: 1.184 +/- 0.0214
INFO:root:Epoch no. 430 of 500 (samples: 539520)
INFO:root:Loss: 1.2075 +/- 0.0294
INFO:root:Epoch no. 431 of 500 (samples: 539520)
INFO:root:Loss: 1.1999 +/- 0.0294
INFO:root:Epoch no. 432 of 500 (samples: 539520)
INFO:root:Loss: 1.1873 +/- 0.0226
INFO:root:Epoch no. 433 of 500 (samples: 539520)
INFO:root:Loss: 1.1761 +/- 0.0384
INFO:root:Epoch no. 434 of 500 (samples: 539520)
INFO:root:Loss: 1.1949 +/- 0.0298
INFO:root:Epoch no. 435 of 500 (samples: 539520)
INFO:root:Loss: 1.1924 +/- 0.0312
INFO:root:Epoch no. 436 of 500 (samples: 539520)
INFO:root:Loss: 1.1895 +/- 0.0264
INFO:root:Epoch no. 437 of 500 (samples: 539520)
INFO:root:Loss: 1.1855 +/- 0.0276
INFO:root:Epoch no. 438 of 500 (samples: 539520)
INFO:root:Loss: 1.1961 +/- 0.0369
INFO:root:Epoch no. 439 of 500 (samples: 539520)
INFO:root:Loss: 1.1859 +/- 0.0267
INFO:root:Epoch no. 440 of 500 (samples: 539520)
INFO:root:Loss: 1.195 +/- 0.03
INFO:root:Epoch no. 441 of 500 (samples: 539520)
INFO:root:Loss: 1.1685 +/- 0.0284
INFO:root:Epoch no. 442 of 500 (samples: 539520)
INFO:root:Loss: 1.1856 +/- 0.0336
INFO:root:Epoch no. 443 of 500 (samples: 539520)
INFO:root:Loss: 1.1963 +/- 0.0359
INFO:root:Epoch no. 444 of 500 (samples: 539520)
INFO:root:Loss: 1.1917 +/- 0.033
INFO:root:Epoch no. 445 of 500 (samples: 539520)
INFO:root:Loss: 1.1846 +/- 0.0266
INFO:root:Epoch no. 446 of 500 (samples: 539520)
INFO:root:Loss: 1.1908 +/- 0.0325
INFO:root:Epoch no. 447 of 500 (samples: 539520)
INFO:root:Loss: 1.1792 +/- 0.035
INFO:root:Epoch no. 448 of 500 (samples: 539520)
INFO:root:Loss: 1.1806 +/- 0.0151
INFO:root:Epoch no. 449 of 500 (samples: 539520)
INFO:root:Loss: 1.1934 +/- 0.021
INFO:root:Epoch no. 450 of 500 (samples: 539520)
INFO:root:Loss: 1.1649 +/- 0.0168
INFO:root:Epoch no. 451 of 500 (samples: 539520)
INFO:root:Loss: 1.1747 +/- 0.0234
INFO:root:Epoch no. 452 of 500 (samples: 539520)
INFO:root:Loss: 1.1784 +/- 0.0282
INFO:root:Epoch no. 453 of 500 (samples: 539520)
INFO:root:Loss: 1.1797 +/- 0.032
INFO:root:Epoch no. 454 of 500 (samples: 539520)
INFO:root:Loss: 1.1906 +/- 0.0274
INFO:root:Epoch no. 455 of 500 (samples: 539520)
INFO:root:Loss: 1.1966 +/- 0.0361
INFO:root:Epoch no. 456 of 500 (samples: 539520)
INFO:root:Loss: 1.1845 +/- 0.0215
INFO:root:Epoch no. 457 of 500 (samples: 539520)
INFO:root:Loss: 1.1586 +/- 0.042
INFO:root:Epoch no. 458 of 500 (samples: 539520)
INFO:root:Loss: 1.1837 +/- 0.0346
INFO:root:Epoch no. 459 of 500 (samples: 539520)
INFO:root:Loss: 1.1875 +/- 0.0441
INFO:root:Epoch no. 460 of 500 (samples: 539520)
INFO:root:Loss: 1.1666 +/- 0.0316
INFO:root:Epoch no. 461 of 500 (samples: 539520)
INFO:root:Loss: 1.1664 +/- 0.0234
INFO:root:Epoch no. 462 of 500 (samples: 539520)
INFO:root:Loss: 1.1627 +/- 0.029
INFO:root:Epoch no. 463 of 500 (samples: 539520)
INFO:root:Loss: 1.1752 +/- 0.0298
INFO:root:Epoch no. 464 of 500 (samples: 539520)
INFO:root:Loss: 1.1878 +/- 0.0372
INFO:root:Epoch no. 465 of 500 (samples: 539520)
INFO:root:Loss: 1.1809 +/- 0.028
INFO:root:Epoch no. 466 of 500 (samples: 539520)
INFO:root:Loss: 1.1845 +/- 0.0284
INFO:root:Epoch no. 467 of 500 (samples: 539520)
INFO:root:Loss: 1.1797 +/- 0.0319
INFO:root:Epoch no. 468 of 500 (samples: 539520)
INFO:root:Loss: 1.1674 +/- 0.0398
INFO:root:Epoch no. 469 of 500 (samples: 539520)
INFO:root:Loss: 1.1726 +/- 0.0317
INFO:root:Epoch no. 470 of 500 (samples: 539520)
INFO:root:Loss: 1.1532 +/- 0.0342
INFO:root:Epoch no. 471 of 500 (samples: 539520)
INFO:root:Loss: 1.1664 +/- 0.0277
INFO:root:Epoch no. 472 of 500 (samples: 539520)
INFO:root:Loss: 1.1575 +/- 0.0322
INFO:root:Epoch no. 473 of 500 (samples: 539520)
INFO:root:Loss: 1.1681 +/- 0.0363
INFO:root:Epoch no. 474 of 500 (samples: 539520)
INFO:root:Loss: 1.1716 +/- 0.018
INFO:root:Epoch no. 475 of 500 (samples: 539520)
INFO:root:Loss: 1.1539 +/- 0.0219
INFO:root:Epoch no. 476 of 500 (samples: 539520)
INFO:root:Loss: 1.1785 +/- 0.0332
INFO:root:Epoch no. 477 of 500 (samples: 539520)
INFO:root:Loss: 1.1587 +/- 0.0403
INFO:root:Epoch no. 478 of 500 (samples: 539520)
INFO:root:Loss: 1.1577 +/- 0.0266
INFO:root:Epoch no. 479 of 500 (samples: 539520)
INFO:root:Loss: 1.1664 +/- 0.0347
INFO:root:Epoch no. 480 of 500 (samples: 539520)
INFO:root:Loss: 1.1661 +/- 0.0338
INFO:root:Epoch no. 481 of 500 (samples: 539520)
INFO:root:Loss: 1.1654 +/- 0.0228
INFO:root:Epoch no. 482 of 500 (samples: 539520)
INFO:root:Loss: 1.1755 +/- 0.0247
INFO:root:Epoch no. 483 of 500 (samples: 539520)
INFO:root:Loss: 1.1566 +/- 0.0187
INFO:root:Epoch no. 484 of 500 (samples: 539520)
INFO:root:Loss: 1.1664 +/- 0.0188
INFO:root:Epoch no. 485 of 500 (samples: 539520)
INFO:root:Loss: 1.1704 +/- 0.0224
INFO:root:Epoch no. 486 of 500 (samples: 539520)
INFO:root:Loss: 1.1522 +/- 0.028
INFO:root:Epoch no. 487 of 500 (samples: 539520)
INFO:root:Loss: 1.1866 +/- 0.0261
INFO:root:Epoch no. 488 of 500 (samples: 539520)
INFO:root:Loss: 1.1649 +/- 0.0175
INFO:root:Epoch no. 489 of 500 (samples: 539520)
INFO:root:Loss: 1.1668 +/- 0.0244
INFO:root:Epoch no. 490 of 500 (samples: 539520)
INFO:root:Loss: 1.1518 +/- 0.0362
INFO:root:Epoch no. 491 of 500 (samples: 539520)
INFO:root:Loss: 1.1686 +/- 0.0335
INFO:root:Epoch no. 492 of 500 (samples: 539520)
INFO:root:Loss: 1.1463 +/- 0.0213
INFO:root:Epoch no. 493 of 500 (samples: 539520)
INFO:root:Loss: 1.1574 +/- 0.0406
INFO:root:Epoch no. 494 of 500 (samples: 539520)
INFO:root:Loss: 1.1752 +/- 0.0333
INFO:root:Epoch no. 495 of 500 (samples: 539520)
INFO:root:Loss: 1.1579 +/- 0.0202
INFO:root:Epoch no. 496 of 500 (samples: 539520)
INFO:root:Loss: 1.1476 +/- 0.0292
INFO:root:Epoch no. 497 of 500 (samples: 539520)
INFO:root:Loss: 1.15 +/- 0.0247
INFO:root:Epoch no. 498 of 500 (samples: 539520)
INFO:root:Loss: 1.1511 +/- 0.0352
INFO:root:Epoch no. 499 of 500 (samples: 539520)
INFO:root:Loss: 1.1659 +/- 0.0302
INFO:root:Epoch no. 500 of 500 (samples: 539520)
INFO:root:Loss: 1.1598 +/- 0.0286
/usr/local/lib/python3.5/dist-packages/keras/backend/theano_backend.py:527: UserWarning: theano.function was asked to create a function computing outputs given certain inputs, but the provided input variable at index 2 is not part of the computational graph needed to compute the outputs: keras_learning_phase.
To make this warning into an error, you can pass the parameter on_unused_input='raise' to theano.function. To disable it completely, use on_unused_input='ignore'.
  **kwargs)
INFO:root:### MICRO (validation raw):
INFO:root:	-- left   >> mean: 9878.0016, median: 773.0, mrr: 0.019, hits@1: 0.7%
INFO:root:	-- right  >> mean: 7463.5702, median: 88.0, mrr: 0.068, hits@1: 2.38%
INFO:root:	-- global >> mean: 8670.7859, median: 359.0, mrr: 0.043, hits@1: 1.54%
INFO:root:### MICRO (validation raw):
INFO:root:	-- left   >> mean: 9878.0016, median: 773.0, mrr: 0.019, hits@3: 1.3%
INFO:root:	-- right  >> mean: 7463.5702, median: 88.0, mrr: 0.068, hits@3: 5.74%
INFO:root:	-- global >> mean: 8670.7859, median: 359.0, mrr: 0.043, hits@3: 3.52%
INFO:root:### MICRO (validation raw):
INFO:root:	-- left   >> mean: 9878.0016, median: 773.0, mrr: 0.019, hits@5: 1.96%
INFO:root:	-- right  >> mean: 7463.5702, median: 88.0, mrr: 0.068, hits@5: 8.54%
INFO:root:	-- global >> mean: 8670.7859, median: 359.0, mrr: 0.043, hits@5: 5.25%
INFO:root:### MICRO (validation raw):
INFO:root:	-- left   >> mean: 9878.0016, median: 773.0, mrr: 0.019, hits@10: 3.62%
INFO:root:	-- right  >> mean: 7463.5702, median: 88.0, mrr: 0.068, hits@10: 15.1%
INFO:root:	-- global >> mean: 8670.7859, median: 359.0, mrr: 0.043, hits@10: 9.36%
INFO:root:### MICRO (validation filtered):
INFO:root:	-- left   >> mean: 8011.1616, median: 694.0, mrr: 0.023, hits@1: 0.86%
INFO:root:	-- right  >> mean: 7460.8518, median: 83.0, mrr: 0.077, hits@1: 2.96%
INFO:root:	-- global >> mean: 7736.0067, median: 324.0, mrr: 0.05, hits@1: 1.91%
INFO:root:### MICRO (validation filtered):
INFO:root:	-- left   >> mean: 8011.1616, median: 694.0, mrr: 0.023, hits@3: 1.68%
INFO:root:	-- right  >> mean: 7460.8518, median: 83.0, mrr: 0.077, hits@3: 7.12%
INFO:root:	-- global >> mean: 7736.0067, median: 324.0, mrr: 0.05, hits@3: 4.4%
INFO:root:### MICRO (validation filtered):
INFO:root:	-- left   >> mean: 8011.1616, median: 694.0, mrr: 0.023, hits@5: 2.6%
INFO:root:	-- right  >> mean: 7460.8518, median: 83.0, mrr: 0.077, hits@5: 10.12%
INFO:root:	-- global >> mean: 7736.0067, median: 324.0, mrr: 0.05, hits@5: 6.36%
INFO:root:### MICRO (validation filtered):
INFO:root:	-- left   >> mean: 8011.1616, median: 694.0, mrr: 0.023, hits@10: 4.32%
INFO:root:	-- right  >> mean: 7460.8518, median: 83.0, mrr: 0.077, hits@10: 16.82%
INFO:root:	-- global >> mean: 7736.0067, median: 324.0, mrr: 0.05, hits@10: 10.57%
INFO:root:### MICRO (test raw):
INFO:root:	-- left   >> mean: 10070.1626, median: 713.0, mrr: 0.017, hits@1: 0.36%
INFO:root:	-- right  >> mean: 7768.8742, median: 84.0, mrr: 0.065, hits@1: 1.82%
INFO:root:	-- global >> mean: 8919.5184, median: 341.0, mrr: 0.041, hits@1: 1.09%
INFO:root:### MICRO (test raw):
INFO:root:	-- left   >> mean: 10070.1626, median: 713.0, mrr: 0.017, hits@3: 1.24%
INFO:root:	-- right  >> mean: 7768.8742, median: 84.0, mrr: 0.065, hits@3: 5.68%
INFO:root:	-- global >> mean: 8919.5184, median: 341.0, mrr: 0.041, hits@3: 3.46%
INFO:root:### MICRO (test raw):
INFO:root:	-- left   >> mean: 10070.1626, median: 713.0, mrr: 0.017, hits@5: 1.8%
INFO:root:	-- right  >> mean: 7768.8742, median: 84.0, mrr: 0.065, hits@5: 9.1%
INFO:root:	-- global >> mean: 8919.5184, median: 341.0, mrr: 0.041, hits@5: 5.45%
INFO:root:### MICRO (test raw):
INFO:root:	-- left   >> mean: 10070.1626, median: 713.0, mrr: 0.017, hits@10: 3.48%
INFO:root:	-- right  >> mean: 7768.8742, median: 84.0, mrr: 0.065, hits@10: 15.76%
INFO:root:	-- global >> mean: 8919.5184, median: 341.0, mrr: 0.041, hits@10: 9.62%
INFO:root:### MICRO (test filtered):
INFO:root:	-- left   >> mean: 8255.5348, median: 646.0, mrr: 0.021, hits@1: 0.58%
INFO:root:	-- right  >> mean: 7766.083, median: 80.0, mrr: 0.076, hits@1: 2.56%
INFO:root:	-- global >> mean: 8010.8089, median: 309.0, mrr: 0.049, hits@1: 1.57%
INFO:root:### MICRO (test filtered):
INFO:root:	-- left   >> mean: 8255.5348, median: 646.0, mrr: 0.021, hits@3: 1.68%
INFO:root:	-- right  >> mean: 7766.083, median: 80.0, mrr: 0.076, hits@3: 7.0%
INFO:root:	-- global >> mean: 8010.8089, median: 309.0, mrr: 0.049, hits@3: 4.34%
INFO:root:### MICRO (test filtered):
INFO:root:	-- left   >> mean: 8255.5348, median: 646.0, mrr: 0.021, hits@5: 2.46%
INFO:root:	-- right  >> mean: 7766.083, median: 80.0, mrr: 0.076, hits@5: 10.56%
INFO:root:	-- global >> mean: 8010.8089, median: 309.0, mrr: 0.049, hits@5: 6.51%
INFO:root:### MICRO (test filtered):
INFO:root:	-- left   >> mean: 8255.5348, median: 646.0, mrr: 0.021, hits@10: 4.2%
INFO:root:	-- right  >> mean: 7766.083, median: 80.0, mrr: 0.076, hits@10: 17.82%
INFO:root:	-- global >> mean: 8010.8089, median: 309.0, mrr: 0.049, hits@10: 11.01%
