Using Theano backend.
Using gpu device 0: GeForce GTX TITAN X (CNMeM is disabled, cuDNN not available)
INFO:root:Acquiring data/yago3_mte10_5k/yago3_mte10-train.tsv.gz ..
INFO:root:Acquiring data/yago3_mte10_5k/yago3_mte10-valid.tsv.gz ..
INFO:root:Acquiring data/yago3_mte10_5k/yago3_mte10-test.tsv.gz ..
INFO:root:[Rules] Adding Head: 22, Tail: [(34, False)]
INFO:root:[Rules] Adding Head: 16, Tail: [(16, True)]
INFO:root:[Rules] Adding Head: 16, Tail: [(16, True), (16, True)]
INFO:root:[Rules] Adding Head: 16, Tail: [(16, False), (16, True)]
INFO:root:[Rules] Adding Head: 16, Tail: [(16, False), (16, False)]
INFO:root:[Rules] Adding Head: 16, Tail: [(16, True), (16, False)]
INFO:root:[Rules] Adding Head: 34, Tail: [(22, False)]
INFO:root:[Rules] Adding Head: 29, Tail: [(29, True)]
INFO:root:[Rules] Adding Head: 3, Tail: [(3, False), (3, False)]
INFO:root:Samples: 1079040, no. batches: 10 -> batch size: 107904
INFO:root:Epoch no. 1 of 500 (samples: 1079040)
INFO:root:Loss: 330.0142 +/- 15.0781
INFO:root:Epoch no. 2 of 500 (samples: 1079040)
INFO:root:Loss: 222.4623 +/- 31.5728
INFO:root:Epoch no. 3 of 500 (samples: 1079040)
INFO:root:Loss: 125.9366 +/- 15.004
INFO:root:Epoch no. 4 of 500 (samples: 1079040)
INFO:root:Loss: 81.172 +/- 4.8138
INFO:root:Epoch no. 5 of 500 (samples: 1079040)
INFO:root:Loss: 59.5968 +/- 1.0902
INFO:root:Epoch no. 6 of 500 (samples: 1079040)
INFO:root:Loss: 47.6456 +/- 0.7564
INFO:root:Epoch no. 7 of 500 (samples: 1079040)
INFO:root:Loss: 39.5888 +/- 1.1327
INFO:root:Epoch no. 8 of 500 (samples: 1079040)
INFO:root:Loss: 34.1812 +/- 1.3772
INFO:root:Epoch no. 9 of 500 (samples: 1079040)
INFO:root:Loss: 30.1725 +/- 1.5464
INFO:root:Epoch no. 10 of 500 (samples: 1079040)
INFO:root:Loss: 27.4027 +/- 1.4466
INFO:root:Epoch no. 11 of 500 (samples: 1079040)
INFO:root:Loss: 25.147 +/- 1.3129
INFO:root:Epoch no. 12 of 500 (samples: 1079040)
INFO:root:Loss: 23.4513 +/- 1.2825
INFO:root:Epoch no. 13 of 500 (samples: 1079040)
INFO:root:Loss: 22.143 +/- 1.2043
INFO:root:Epoch no. 14 of 500 (samples: 1079040)
INFO:root:Loss: 21.0642 +/- 1.1562
INFO:root:Epoch no. 15 of 500 (samples: 1079040)
INFO:root:Loss: 20.0788 +/- 1.1829
INFO:root:Epoch no. 16 of 500 (samples: 1079040)
INFO:root:Loss: 19.1761 +/- 1.0081
INFO:root:Epoch no. 17 of 500 (samples: 1079040)
INFO:root:Loss: 18.2724 +/- 0.9752
INFO:root:Epoch no. 18 of 500 (samples: 1079040)
INFO:root:Loss: 17.5 +/- 0.8095
INFO:root:Epoch no. 19 of 500 (samples: 1079040)
INFO:root:Loss: 16.8866 +/- 0.806
INFO:root:Epoch no. 20 of 500 (samples: 1079040)
INFO:root:Loss: 16.3149 +/- 0.7603
INFO:root:Epoch no. 21 of 500 (samples: 1079040)
INFO:root:Loss: 15.879 +/- 0.7817
INFO:root:Epoch no. 22 of 500 (samples: 1079040)
INFO:root:Loss: 15.4934 +/- 0.7126
INFO:root:Epoch no. 23 of 500 (samples: 1079040)
INFO:root:Loss: 15.2373 +/- 0.7173
INFO:root:Epoch no. 24 of 500 (samples: 1079040)
INFO:root:Loss: 14.9026 +/- 0.7741
INFO:root:Epoch no. 25 of 500 (samples: 1079040)
INFO:root:Loss: 14.5791 +/- 0.6659
INFO:root:Epoch no. 26 of 500 (samples: 1079040)
INFO:root:Loss: 14.2552 +/- 0.5259
INFO:root:Epoch no. 27 of 500 (samples: 1079040)
INFO:root:Loss: 13.9963 +/- 0.6207
INFO:root:Epoch no. 28 of 500 (samples: 1079040)
INFO:root:Loss: 13.733 +/- 0.5902
INFO:root:Epoch no. 29 of 500 (samples: 1079040)
INFO:root:Loss: 13.4309 +/- 0.5959
INFO:root:Epoch no. 30 of 500 (samples: 1079040)
INFO:root:Loss: 13.2176 +/- 0.5739
INFO:root:Epoch no. 31 of 500 (samples: 1079040)
INFO:root:Loss: 12.9508 +/- 0.5696
INFO:root:Epoch no. 32 of 500 (samples: 1079040)
INFO:root:Loss: 12.7461 +/- 0.6286
INFO:root:Epoch no. 33 of 500 (samples: 1079040)
INFO:root:Loss: 12.5437 +/- 0.5555
INFO:root:Epoch no. 34 of 500 (samples: 1079040)
INFO:root:Loss: 12.3356 +/- 0.5707
INFO:root:Epoch no. 35 of 500 (samples: 1079040)
INFO:root:Loss: 12.1952 +/- 0.539
INFO:root:Epoch no. 36 of 500 (samples: 1079040)
INFO:root:Loss: 12.0048 +/- 0.5863
INFO:root:Epoch no. 37 of 500 (samples: 1079040)
INFO:root:Loss: 11.8829 +/- 0.566
INFO:root:Epoch no. 38 of 500 (samples: 1079040)
INFO:root:Loss: 11.7209 +/- 0.4981
INFO:root:Epoch no. 39 of 500 (samples: 1079040)
INFO:root:Loss: 11.5314 +/- 0.4595
INFO:root:Epoch no. 40 of 500 (samples: 1079040)
INFO:root:Loss: 11.4721 +/- 0.4797
INFO:root:Epoch no. 41 of 500 (samples: 1079040)
INFO:root:Loss: 11.4048 +/- 0.5214
INFO:root:Epoch no. 42 of 500 (samples: 1079040)
INFO:root:Loss: 11.2906 +/- 0.5091
INFO:root:Epoch no. 43 of 500 (samples: 1079040)
INFO:root:Loss: 11.1765 +/- 0.445
INFO:root:Epoch no. 44 of 500 (samples: 1079040)
INFO:root:Loss: 11.0601 +/- 0.46
INFO:root:Epoch no. 45 of 500 (samples: 1079040)
INFO:root:Loss: 11.0001 +/- 0.4576
INFO:root:Epoch no. 46 of 500 (samples: 1079040)
INFO:root:Loss: 10.8969 +/- 0.4098
INFO:root:Epoch no. 47 of 500 (samples: 1079040)
INFO:root:Loss: 10.7645 +/- 0.493
INFO:root:Epoch no. 48 of 500 (samples: 1079040)
INFO:root:Loss: 10.7451 +/- 0.4689
INFO:root:Epoch no. 49 of 500 (samples: 1079040)
INFO:root:Loss: 10.6117 +/- 0.3572
INFO:root:Epoch no. 50 of 500 (samples: 1079040)
INFO:root:Loss: 10.6244 +/- 0.4223
INFO:root:Epoch no. 51 of 500 (samples: 1079040)
INFO:root:Loss: 10.4525 +/- 0.4474
INFO:root:Epoch no. 52 of 500 (samples: 1079040)
INFO:root:Loss: 10.452 +/- 0.4192
INFO:root:Epoch no. 53 of 500 (samples: 1079040)
INFO:root:Loss: 10.3124 +/- 0.3809
INFO:root:Epoch no. 54 of 500 (samples: 1079040)
INFO:root:Loss: 10.2367 +/- 0.3595
INFO:root:Epoch no. 55 of 500 (samples: 1079040)
INFO:root:Loss: 10.1726 +/- 0.3918
INFO:root:Epoch no. 56 of 500 (samples: 1079040)
INFO:root:Loss: 10.18 +/- 0.3676
INFO:root:Epoch no. 57 of 500 (samples: 1079040)
INFO:root:Loss: 10.094 +/- 0.3744
INFO:root:Epoch no. 58 of 500 (samples: 1079040)
INFO:root:Loss: 10.0328 +/- 0.4338
INFO:root:Epoch no. 59 of 500 (samples: 1079040)
INFO:root:Loss: 10.0017 +/- 0.3613
INFO:root:Epoch no. 60 of 500 (samples: 1079040)
INFO:root:Loss: 9.9185 +/- 0.3809
INFO:root:Epoch no. 61 of 500 (samples: 1079040)
INFO:root:Loss: 9.8766 +/- 0.3854
INFO:root:Epoch no. 62 of 500 (samples: 1079040)
INFO:root:Loss: 9.7673 +/- 0.465
INFO:root:Epoch no. 63 of 500 (samples: 1079040)
INFO:root:Loss: 9.7816 +/- 0.3606
INFO:root:Epoch no. 64 of 500 (samples: 1079040)
INFO:root:Loss: 9.6893 +/- 0.4088
INFO:root:Epoch no. 65 of 500 (samples: 1079040)
INFO:root:Loss: 9.6558 +/- 0.3832
INFO:root:Epoch no. 66 of 500 (samples: 1079040)
INFO:root:Loss: 9.6041 +/- 0.3826
INFO:root:Epoch no. 67 of 500 (samples: 1079040)
INFO:root:Loss: 9.5874 +/- 0.3689
INFO:root:Epoch no. 68 of 500 (samples: 1079040)
INFO:root:Loss: 9.561 +/- 0.3658
INFO:root:Epoch no. 69 of 500 (samples: 1079040)
INFO:root:Loss: 9.4834 +/- 0.3441
INFO:root:Epoch no. 70 of 500 (samples: 1079040)
INFO:root:Loss: 9.4151 +/- 0.3795
INFO:root:Epoch no. 71 of 500 (samples: 1079040)
INFO:root:Loss: 9.3609 +/- 0.4299
INFO:root:Epoch no. 72 of 500 (samples: 1079040)
INFO:root:Loss: 9.3816 +/- 0.319
INFO:root:Epoch no. 73 of 500 (samples: 1079040)
INFO:root:Loss: 9.2909 +/- 0.388
INFO:root:Epoch no. 74 of 500 (samples: 1079040)
INFO:root:Loss: 9.3463 +/- 0.2923
INFO:root:Epoch no. 75 of 500 (samples: 1079040)
INFO:root:Loss: 9.3123 +/- 0.3594
INFO:root:Epoch no. 76 of 500 (samples: 1079040)
INFO:root:Loss: 9.2564 +/- 0.3506
INFO:root:Epoch no. 77 of 500 (samples: 1079040)
INFO:root:Loss: 9.1655 +/- 0.3383
INFO:root:Epoch no. 78 of 500 (samples: 1079040)
INFO:root:Loss: 9.1817 +/- 0.371
INFO:root:Epoch no. 79 of 500 (samples: 1079040)
INFO:root:Loss: 9.1517 +/- 0.3919
INFO:root:Epoch no. 80 of 500 (samples: 1079040)
INFO:root:Loss: 9.1459 +/- 0.3451
INFO:root:Epoch no. 81 of 500 (samples: 1079040)
INFO:root:Loss: 9.0758 +/- 0.3153
INFO:root:Epoch no. 82 of 500 (samples: 1079040)
INFO:root:Loss: 9.0437 +/- 0.3359
INFO:root:Epoch no. 83 of 500 (samples: 1079040)
INFO:root:Loss: 9.0717 +/- 0.2359
INFO:root:Epoch no. 84 of 500 (samples: 1079040)
INFO:root:Loss: 9.0136 +/- 0.4284
INFO:root:Epoch no. 85 of 500 (samples: 1079040)
INFO:root:Loss: 9.0033 +/- 0.3372
INFO:root:Epoch no. 86 of 500 (samples: 1079040)
INFO:root:Loss: 8.9893 +/- 0.3479
INFO:root:Epoch no. 87 of 500 (samples: 1079040)
INFO:root:Loss: 8.9766 +/- 0.3272
INFO:root:Epoch no. 88 of 500 (samples: 1079040)
INFO:root:Loss: 8.9631 +/- 0.2819
INFO:root:Epoch no. 89 of 500 (samples: 1079040)
INFO:root:Loss: 8.886 +/- 0.3442
INFO:root:Epoch no. 90 of 500 (samples: 1079040)
INFO:root:Loss: 8.8437 +/- 0.3165
INFO:root:Epoch no. 91 of 500 (samples: 1079040)
INFO:root:Loss: 8.8109 +/- 0.2964
INFO:root:Epoch no. 92 of 500 (samples: 1079040)
INFO:root:Loss: 8.7594 +/- 0.3047
INFO:root:Epoch no. 93 of 500 (samples: 1079040)
INFO:root:Loss: 8.7626 +/- 0.297
INFO:root:Epoch no. 94 of 500 (samples: 1079040)
INFO:root:Loss: 8.7298 +/- 0.2706
INFO:root:Epoch no. 95 of 500 (samples: 1079040)
INFO:root:Loss: 8.7441 +/- 0.3135
INFO:root:Epoch no. 96 of 500 (samples: 1079040)
INFO:root:Loss: 8.6994 +/- 0.3042
INFO:root:Epoch no. 97 of 500 (samples: 1079040)
INFO:root:Loss: 8.7125 +/- 0.2861
INFO:root:Epoch no. 98 of 500 (samples: 1079040)
INFO:root:Loss: 8.6577 +/- 0.3359
INFO:root:Epoch no. 99 of 500 (samples: 1079040)
INFO:root:Loss: 8.6221 +/- 0.2794
INFO:root:Epoch no. 100 of 500 (samples: 1079040)
INFO:root:Loss: 8.6504 +/- 0.2648
INFO:root:Epoch no. 101 of 500 (samples: 1079040)
INFO:root:Loss: 8.6057 +/- 0.3129
INFO:root:Epoch no. 102 of 500 (samples: 1079040)
INFO:root:Loss: 8.5869 +/- 0.212
INFO:root:Epoch no. 103 of 500 (samples: 1079040)
INFO:root:Loss: 8.5423 +/- 0.2654
INFO:root:Epoch no. 104 of 500 (samples: 1079040)
INFO:root:Loss: 8.5628 +/- 0.3474
INFO:root:Epoch no. 105 of 500 (samples: 1079040)
INFO:root:Loss: 8.5849 +/- 0.2562
INFO:root:Epoch no. 106 of 500 (samples: 1079040)
INFO:root:Loss: 8.5255 +/- 0.3048
INFO:root:Epoch no. 107 of 500 (samples: 1079040)
INFO:root:Loss: 8.5683 +/- 0.2842
INFO:root:Epoch no. 108 of 500 (samples: 1079040)
INFO:root:Loss: 8.5104 +/- 0.3111
INFO:root:Epoch no. 109 of 500 (samples: 1079040)
INFO:root:Loss: 8.5194 +/- 0.341
INFO:root:Epoch no. 110 of 500 (samples: 1079040)
INFO:root:Loss: 8.4579 +/- 0.2782
INFO:root:Epoch no. 111 of 500 (samples: 1079040)
INFO:root:Loss: 8.4826 +/- 0.2875
INFO:root:Epoch no. 112 of 500 (samples: 1079040)
INFO:root:Loss: 8.4423 +/- 0.3602
INFO:root:Epoch no. 113 of 500 (samples: 1079040)
INFO:root:Loss: 8.4022 +/- 0.2337
INFO:root:Epoch no. 114 of 500 (samples: 1079040)
INFO:root:Loss: 8.3585 +/- 0.2863
INFO:root:Epoch no. 115 of 500 (samples: 1079040)
INFO:root:Loss: 8.403 +/- 0.2908
INFO:root:Epoch no. 116 of 500 (samples: 1079040)
INFO:root:Loss: 8.2978 +/- 0.3475
INFO:root:Epoch no. 117 of 500 (samples: 1079040)
INFO:root:Loss: 8.3435 +/- 0.3192
INFO:root:Epoch no. 118 of 500 (samples: 1079040)
INFO:root:Loss: 8.3306 +/- 0.2443
INFO:root:Epoch no. 119 of 500 (samples: 1079040)
INFO:root:Loss: 8.3545 +/- 0.2339
INFO:root:Epoch no. 120 of 500 (samples: 1079040)
INFO:root:Loss: 8.3588 +/- 0.244
INFO:root:Epoch no. 121 of 500 (samples: 1079040)
INFO:root:Loss: 8.2858 +/- 0.2904
INFO:root:Epoch no. 122 of 500 (samples: 1079040)
INFO:root:Loss: 8.2668 +/- 0.3067
INFO:root:Epoch no. 123 of 500 (samples: 1079040)
INFO:root:Loss: 8.2776 +/- 0.3073
INFO:root:Epoch no. 124 of 500 (samples: 1079040)
INFO:root:Loss: 8.271 +/- 0.2536
INFO:root:Epoch no. 125 of 500 (samples: 1079040)
INFO:root:Loss: 8.2333 +/- 0.2384
INFO:root:Epoch no. 126 of 500 (samples: 1079040)
INFO:root:Loss: 8.2513 +/- 0.3123
INFO:root:Epoch no. 127 of 500 (samples: 1079040)
INFO:root:Loss: 8.2371 +/- 0.2589
INFO:root:Epoch no. 128 of 500 (samples: 1079040)
INFO:root:Loss: 8.2122 +/- 0.2576
INFO:root:Epoch no. 129 of 500 (samples: 1079040)
INFO:root:Loss: 8.2267 +/- 0.3119
INFO:root:Epoch no. 130 of 500 (samples: 1079040)
INFO:root:Loss: 8.205 +/- 0.2571
INFO:root:Epoch no. 131 of 500 (samples: 1079040)
INFO:root:Loss: 8.1285 +/- 0.2738
INFO:root:Epoch no. 132 of 500 (samples: 1079040)
INFO:root:Loss: 8.1202 +/- 0.2407
INFO:root:Epoch no. 133 of 500 (samples: 1079040)
INFO:root:Loss: 8.1422 +/- 0.2233
INFO:root:Epoch no. 134 of 500 (samples: 1079040)
INFO:root:Loss: 8.101 +/- 0.31
INFO:root:Epoch no. 135 of 500 (samples: 1079040)
INFO:root:Loss: 8.1351 +/- 0.2313
INFO:root:Epoch no. 136 of 500 (samples: 1079040)
INFO:root:Loss: 8.1305 +/- 0.2423
INFO:root:Epoch no. 137 of 500 (samples: 1079040)
INFO:root:Loss: 8.0782 +/- 0.2807
INFO:root:Epoch no. 138 of 500 (samples: 1079040)
INFO:root:Loss: 8.0697 +/- 0.2446
INFO:root:Epoch no. 139 of 500 (samples: 1079040)
INFO:root:Loss: 8.0862 +/- 0.3061
INFO:root:Epoch no. 140 of 500 (samples: 1079040)
INFO:root:Loss: 8.0299 +/- 0.2688
INFO:root:Epoch no. 141 of 500 (samples: 1079040)
INFO:root:Loss: 8.0174 +/- 0.2504
INFO:root:Epoch no. 142 of 500 (samples: 1079040)
INFO:root:Loss: 8.0381 +/- 0.2347
INFO:root:Epoch no. 143 of 500 (samples: 1079040)
INFO:root:Loss: 8.0103 +/- 0.2096
INFO:root:Epoch no. 144 of 500 (samples: 1079040)
INFO:root:Loss: 8.0003 +/- 0.2366
INFO:root:Epoch no. 145 of 500 (samples: 1079040)
INFO:root:Loss: 8.0677 +/- 0.3023
INFO:root:Epoch no. 146 of 500 (samples: 1079040)
INFO:root:Loss: 7.9894 +/- 0.232
INFO:root:Epoch no. 147 of 500 (samples: 1079040)
INFO:root:Loss: 7.9859 +/- 0.2699
INFO:root:Epoch no. 148 of 500 (samples: 1079040)
INFO:root:Loss: 8.0005 +/- 0.2482
INFO:root:Epoch no. 149 of 500 (samples: 1079040)
INFO:root:Loss: 7.9141 +/- 0.2642
INFO:root:Epoch no. 150 of 500 (samples: 1079040)
INFO:root:Loss: 7.9619 +/- 0.245
INFO:root:Epoch no. 151 of 500 (samples: 1079040)
INFO:root:Loss: 7.9492 +/- 0.2391
INFO:root:Epoch no. 152 of 500 (samples: 1079040)
INFO:root:Loss: 7.899 +/- 0.2691
INFO:root:Epoch no. 153 of 500 (samples: 1079040)
INFO:root:Loss: 7.907 +/- 0.2083
INFO:root:Epoch no. 154 of 500 (samples: 1079040)
INFO:root:Loss: 7.927 +/- 0.2728
INFO:root:Epoch no. 155 of 500 (samples: 1079040)
INFO:root:Loss: 7.9215 +/- 0.2214
INFO:root:Epoch no. 156 of 500 (samples: 1079040)
INFO:root:Loss: 7.9009 +/- 0.2538
INFO:root:Epoch no. 157 of 500 (samples: 1079040)
INFO:root:Loss: 7.9146 +/- 0.2721
INFO:root:Epoch no. 158 of 500 (samples: 1079040)
INFO:root:Loss: 7.8599 +/- 0.2264
INFO:root:Epoch no. 159 of 500 (samples: 1079040)
INFO:root:Loss: 7.8475 +/- 0.2105
INFO:root:Epoch no. 160 of 500 (samples: 1079040)
INFO:root:Loss: 7.863 +/- 0.2409
INFO:root:Epoch no. 161 of 500 (samples: 1079040)
INFO:root:Loss: 7.8517 +/- 0.2632
INFO:root:Epoch no. 162 of 500 (samples: 1079040)
INFO:root:Loss: 7.8301 +/- 0.2559
INFO:root:Epoch no. 163 of 500 (samples: 1079040)
INFO:root:Loss: 7.837 +/- 0.2575
INFO:root:Epoch no. 164 of 500 (samples: 1079040)
INFO:root:Loss: 7.8466 +/- 0.2682
INFO:root:Epoch no. 165 of 500 (samples: 1079040)
INFO:root:Loss: 7.8842 +/- 0.2293
INFO:root:Epoch no. 166 of 500 (samples: 1079040)
INFO:root:Loss: 7.7808 +/- 0.199
INFO:root:Epoch no. 167 of 500 (samples: 1079040)
INFO:root:Loss: 7.7765 +/- 0.2678
INFO:root:Epoch no. 168 of 500 (samples: 1079040)
INFO:root:Loss: 7.7501 +/- 0.2181
INFO:root:Epoch no. 169 of 500 (samples: 1079040)
INFO:root:Loss: 7.7927 +/- 0.2342
INFO:root:Epoch no. 170 of 500 (samples: 1079040)
INFO:root:Loss: 7.7602 +/- 0.2811
INFO:root:Epoch no. 171 of 500 (samples: 1079040)
INFO:root:Loss: 7.8021 +/- 0.1976
INFO:root:Epoch no. 172 of 500 (samples: 1079040)
INFO:root:Loss: 7.7292 +/- 0.2467
INFO:root:Epoch no. 173 of 500 (samples: 1079040)
INFO:root:Loss: 7.7455 +/- 0.2862
INFO:root:Epoch no. 174 of 500 (samples: 1079040)
INFO:root:Loss: 7.7395 +/- 0.2537
INFO:root:Epoch no. 175 of 500 (samples: 1079040)
INFO:root:Loss: 7.7218 +/- 0.2737
INFO:root:Epoch no. 176 of 500 (samples: 1079040)
INFO:root:Loss: 7.7172 +/- 0.1978
INFO:root:Epoch no. 177 of 500 (samples: 1079040)
INFO:root:Loss: 7.7292 +/- 0.2793
INFO:root:Epoch no. 178 of 500 (samples: 1079040)
INFO:root:Loss: 7.736 +/- 0.1899
INFO:root:Epoch no. 179 of 500 (samples: 1079040)
INFO:root:Loss: 7.6732 +/- 0.2289
INFO:root:Epoch no. 180 of 500 (samples: 1079040)
INFO:root:Loss: 7.6396 +/- 0.2059
INFO:root:Epoch no. 181 of 500 (samples: 1079040)
INFO:root:Loss: 7.6348 +/- 0.2531
INFO:root:Epoch no. 182 of 500 (samples: 1079040)
INFO:root:Loss: 7.6807 +/- 0.2277
INFO:root:Epoch no. 183 of 500 (samples: 1079040)
INFO:root:Loss: 7.666 +/- 0.2213
INFO:root:Epoch no. 184 of 500 (samples: 1079040)
INFO:root:Loss: 7.661 +/- 0.2722
INFO:root:Epoch no. 185 of 500 (samples: 1079040)
INFO:root:Loss: 7.5724 +/- 0.2229
INFO:root:Epoch no. 186 of 500 (samples: 1079040)
INFO:root:Loss: 7.6073 +/- 0.1788
INFO:root:Epoch no. 187 of 500 (samples: 1079040)
INFO:root:Loss: 7.5888 +/- 0.2885
INFO:root:Epoch no. 188 of 500 (samples: 1079040)
INFO:root:Loss: 7.6178 +/- 0.2805
INFO:root:Epoch no. 189 of 500 (samples: 1079040)
INFO:root:Loss: 7.5609 +/- 0.204
INFO:root:Epoch no. 190 of 500 (samples: 1079040)
INFO:root:Loss: 7.5616 +/- 0.2091
INFO:root:Epoch no. 191 of 500 (samples: 1079040)
INFO:root:Loss: 7.5146 +/- 0.2204
INFO:root:Epoch no. 192 of 500 (samples: 1079040)
INFO:root:Loss: 7.5394 +/- 0.1915
INFO:root:Epoch no. 193 of 500 (samples: 1079040)
INFO:root:Loss: 7.5894 +/- 0.1963
INFO:root:Epoch no. 194 of 500 (samples: 1079040)
INFO:root:Loss: 7.5521 +/- 0.2037
INFO:root:Epoch no. 195 of 500 (samples: 1079040)
INFO:root:Loss: 7.5552 +/- 0.1667
INFO:root:Epoch no. 196 of 500 (samples: 1079040)
INFO:root:Loss: 7.497 +/- 0.2188
INFO:root:Epoch no. 197 of 500 (samples: 1079040)
INFO:root:Loss: 7.4779 +/- 0.1307
INFO:root:Epoch no. 198 of 500 (samples: 1079040)
INFO:root:Loss: 7.4929 +/- 0.2215
INFO:root:Epoch no. 199 of 500 (samples: 1079040)
INFO:root:Loss: 7.4948 +/- 0.2181
INFO:root:Epoch no. 200 of 500 (samples: 1079040)
INFO:root:Loss: 7.4967 +/- 0.2888
INFO:root:Epoch no. 201 of 500 (samples: 1079040)
INFO:root:Loss: 7.4659 +/- 0.1562
INFO:root:Epoch no. 202 of 500 (samples: 1079040)
INFO:root:Loss: 7.4645 +/- 0.2719
INFO:root:Epoch no. 203 of 500 (samples: 1079040)
INFO:root:Loss: 7.5069 +/- 0.2237
INFO:root:Epoch no. 204 of 500 (samples: 1079040)
INFO:root:Loss: 7.4815 +/- 0.1692
INFO:root:Epoch no. 205 of 500 (samples: 1079040)
INFO:root:Loss: 7.3883 +/- 0.2273
INFO:root:Epoch no. 206 of 500 (samples: 1079040)
INFO:root:Loss: 7.4751 +/- 0.2551
INFO:root:Epoch no. 207 of 500 (samples: 1079040)
INFO:root:Loss: 7.4376 +/- 0.1586
INFO:root:Epoch no. 208 of 500 (samples: 1079040)
INFO:root:Loss: 7.4452 +/- 0.2753
INFO:root:Epoch no. 209 of 500 (samples: 1079040)
INFO:root:Loss: 7.446 +/- 0.255
INFO:root:Epoch no. 210 of 500 (samples: 1079040)
INFO:root:Loss: 7.3697 +/- 0.2524
INFO:root:Epoch no. 211 of 500 (samples: 1079040)
INFO:root:Loss: 7.3922 +/- 0.2508
INFO:root:Epoch no. 212 of 500 (samples: 1079040)
INFO:root:Loss: 7.4008 +/- 0.2731
INFO:root:Epoch no. 213 of 500 (samples: 1079040)
INFO:root:Loss: 7.3906 +/- 0.2248
INFO:root:Epoch no. 214 of 500 (samples: 1079040)
INFO:root:Loss: 7.43 +/- 0.1676
INFO:root:Epoch no. 215 of 500 (samples: 1079040)
INFO:root:Loss: 7.3714 +/- 0.1181
INFO:root:Epoch no. 216 of 500 (samples: 1079040)
INFO:root:Loss: 7.3246 +/- 0.2147
INFO:root:Epoch no. 217 of 500 (samples: 1079040)
INFO:root:Loss: 7.3911 +/- 0.2103
INFO:root:Epoch no. 218 of 500 (samples: 1079040)
INFO:root:Loss: 7.3504 +/- 0.1989
INFO:root:Epoch no. 219 of 500 (samples: 1079040)
INFO:root:Loss: 7.3813 +/- 0.2235
INFO:root:Epoch no. 220 of 500 (samples: 1079040)
INFO:root:Loss: 7.3202 +/- 0.205
INFO:root:Epoch no. 221 of 500 (samples: 1079040)
INFO:root:Loss: 7.3076 +/- 0.1872
INFO:root:Epoch no. 222 of 500 (samples: 1079040)
INFO:root:Loss: 7.3382 +/- 0.1877
INFO:root:Epoch no. 223 of 500 (samples: 1079040)
INFO:root:Loss: 7.282 +/- 0.214
INFO:root:Epoch no. 224 of 500 (samples: 1079040)
INFO:root:Loss: 7.2959 +/- 0.2182
INFO:root:Epoch no. 225 of 500 (samples: 1079040)
INFO:root:Loss: 7.3457 +/- 0.1888
INFO:root:Epoch no. 226 of 500 (samples: 1079040)
INFO:root:Loss: 7.289 +/- 0.2034
INFO:root:Epoch no. 227 of 500 (samples: 1079040)
INFO:root:Loss: 7.2839 +/- 0.2405
INFO:root:Epoch no. 228 of 500 (samples: 1079040)
INFO:root:Loss: 7.2612 +/- 0.1738
INFO:root:Epoch no. 229 of 500 (samples: 1079040)
INFO:root:Loss: 7.2349 +/- 0.254
INFO:root:Epoch no. 230 of 500 (samples: 1079040)
INFO:root:Loss: 7.2767 +/- 0.2099
INFO:root:Epoch no. 231 of 500 (samples: 1079040)
INFO:root:Loss: 7.2502 +/- 0.2112
INFO:root:Epoch no. 232 of 500 (samples: 1079040)
INFO:root:Loss: 7.2603 +/- 0.2375
INFO:root:Epoch no. 233 of 500 (samples: 1079040)
INFO:root:Loss: 7.2756 +/- 0.2396
INFO:root:Epoch no. 234 of 500 (samples: 1079040)
INFO:root:Loss: 7.2209 +/- 0.197
INFO:root:Epoch no. 235 of 500 (samples: 1079040)
INFO:root:Loss: 7.2418 +/- 0.1973
INFO:root:Epoch no. 236 of 500 (samples: 1079040)
INFO:root:Loss: 7.1842 +/- 0.174
INFO:root:Epoch no. 237 of 500 (samples: 1079040)
INFO:root:Loss: 7.287 +/- 0.2207
INFO:root:Epoch no. 238 of 500 (samples: 1079040)
INFO:root:Loss: 7.1849 +/- 0.1511
INFO:root:Epoch no. 239 of 500 (samples: 1079040)
INFO:root:Loss: 7.2166 +/- 0.1901
INFO:root:Epoch no. 240 of 500 (samples: 1079040)
INFO:root:Loss: 7.1874 +/- 0.1846
INFO:root:Epoch no. 241 of 500 (samples: 1079040)
INFO:root:Loss: 7.1664 +/- 0.2115
INFO:root:Epoch no. 242 of 500 (samples: 1079040)
INFO:root:Loss: 7.191 +/- 0.2611
INFO:root:Epoch no. 243 of 500 (samples: 1079040)
INFO:root:Loss: 7.2341 +/- 0.2545
INFO:root:Epoch no. 244 of 500 (samples: 1079040)
INFO:root:Loss: 7.1787 +/- 0.2287
INFO:root:Epoch no. 245 of 500 (samples: 1079040)
INFO:root:Loss: 7.2127 +/- 0.2059
INFO:root:Epoch no. 246 of 500 (samples: 1079040)
INFO:root:Loss: 7.1693 +/- 0.2181
INFO:root:Epoch no. 247 of 500 (samples: 1079040)
INFO:root:Loss: 7.2381 +/- 0.1743
INFO:root:Epoch no. 248 of 500 (samples: 1079040)
INFO:root:Loss: 7.1329 +/- 0.1454
INFO:root:Epoch no. 249 of 500 (samples: 1079040)
INFO:root:Loss: 7.1324 +/- 0.2059
INFO:root:Epoch no. 250 of 500 (samples: 1079040)
INFO:root:Loss: 7.1807 +/- 0.2404
INFO:root:Epoch no. 251 of 500 (samples: 1079040)
INFO:root:Loss: 7.1417 +/- 0.2378
INFO:root:Epoch no. 252 of 500 (samples: 1079040)
INFO:root:Loss: 7.1623 +/- 0.2122
INFO:root:Epoch no. 253 of 500 (samples: 1079040)
INFO:root:Loss: 7.1386 +/- 0.171
INFO:root:Epoch no. 254 of 500 (samples: 1079040)
INFO:root:Loss: 7.1567 +/- 0.2773
INFO:root:Epoch no. 255 of 500 (samples: 1079040)
INFO:root:Loss: 7.066 +/- 0.2549
INFO:root:Epoch no. 256 of 500 (samples: 1079040)
INFO:root:Loss: 7.0904 +/- 0.2684
INFO:root:Epoch no. 257 of 500 (samples: 1079040)
INFO:root:Loss: 7.1183 +/- 0.1993
INFO:root:Epoch no. 258 of 500 (samples: 1079040)
INFO:root:Loss: 7.1068 +/- 0.167
INFO:root:Epoch no. 259 of 500 (samples: 1079040)
INFO:root:Loss: 7.1061 +/- 0.2514
INFO:root:Epoch no. 260 of 500 (samples: 1079040)
INFO:root:Loss: 7.1101 +/- 0.1739
INFO:root:Epoch no. 261 of 500 (samples: 1079040)
INFO:root:Loss: 7.1518 +/- 0.2658
INFO:root:Epoch no. 262 of 500 (samples: 1079040)
INFO:root:Loss: 7.0711 +/- 0.2229
INFO:root:Epoch no. 263 of 500 (samples: 1079040)
INFO:root:Loss: 7.05 +/- 0.1545
INFO:root:Epoch no. 264 of 500 (samples: 1079040)
INFO:root:Loss: 7.0896 +/- 0.1669
INFO:root:Epoch no. 265 of 500 (samples: 1079040)
INFO:root:Loss: 7.0931 +/- 0.2045
INFO:root:Epoch no. 266 of 500 (samples: 1079040)
INFO:root:Loss: 7.0851 +/- 0.1749
INFO:root:Epoch no. 267 of 500 (samples: 1079040)
INFO:root:Loss: 7.0503 +/- 0.143
INFO:root:Epoch no. 268 of 500 (samples: 1079040)
INFO:root:Loss: 7.0504 +/- 0.1708
INFO:root:Epoch no. 269 of 500 (samples: 1079040)
INFO:root:Loss: 7.061 +/- 0.239
INFO:root:Epoch no. 270 of 500 (samples: 1079040)
INFO:root:Loss: 7.0412 +/- 0.1784
INFO:root:Epoch no. 271 of 500 (samples: 1079040)
INFO:root:Loss: 7.0414 +/- 0.1201
INFO:root:Epoch no. 272 of 500 (samples: 1079040)
INFO:root:Loss: 7.0523 +/- 0.2415
INFO:root:Epoch no. 273 of 500 (samples: 1079040)
INFO:root:Loss: 7.0612 +/- 0.257
INFO:root:Epoch no. 274 of 500 (samples: 1079040)
INFO:root:Loss: 6.9491 +/- 0.2236
INFO:root:Epoch no. 275 of 500 (samples: 1079040)
INFO:root:Loss: 6.9842 +/- 0.1856
INFO:root:Epoch no. 276 of 500 (samples: 1079040)
INFO:root:Loss: 7.0157 +/- 0.132
INFO:root:Epoch no. 277 of 500 (samples: 1079040)
INFO:root:Loss: 7.0175 +/- 0.18
INFO:root:Epoch no. 278 of 500 (samples: 1079040)
INFO:root:Loss: 6.9855 +/- 0.2438
INFO:root:Epoch no. 279 of 500 (samples: 1079040)
INFO:root:Loss: 6.9684 +/- 0.1591
INFO:root:Epoch no. 280 of 500 (samples: 1079040)
INFO:root:Loss: 6.993 +/- 0.1738
INFO:root:Epoch no. 281 of 500 (samples: 1079040)
INFO:root:Loss: 6.9998 +/- 0.1959
INFO:root:Epoch no. 282 of 500 (samples: 1079040)
INFO:root:Loss: 7.0056 +/- 0.1729
INFO:root:Epoch no. 283 of 500 (samples: 1079040)
INFO:root:Loss: 6.9344 +/- 0.2358
INFO:root:Epoch no. 284 of 500 (samples: 1079040)
INFO:root:Loss: 6.9421 +/- 0.2169
INFO:root:Epoch no. 285 of 500 (samples: 1079040)
INFO:root:Loss: 6.9399 +/- 0.1841
INFO:root:Epoch no. 286 of 500 (samples: 1079040)
INFO:root:Loss: 6.9743 +/- 0.1763
INFO:root:Epoch no. 287 of 500 (samples: 1079040)
INFO:root:Loss: 6.9667 +/- 0.1639
INFO:root:Epoch no. 288 of 500 (samples: 1079040)
INFO:root:Loss: 6.9596 +/- 0.1276
INFO:root:Epoch no. 289 of 500 (samples: 1079040)
INFO:root:Loss: 6.9355 +/- 0.194
INFO:root:Epoch no. 290 of 500 (samples: 1079040)
INFO:root:Loss: 6.9769 +/- 0.2063
INFO:root:Epoch no. 291 of 500 (samples: 1079040)
INFO:root:Loss: 6.9219 +/- 0.2267
INFO:root:Epoch no. 292 of 500 (samples: 1079040)
INFO:root:Loss: 6.9163 +/- 0.212
INFO:root:Epoch no. 293 of 500 (samples: 1079040)
INFO:root:Loss: 6.9111 +/- 0.2042
INFO:root:Epoch no. 294 of 500 (samples: 1079040)
INFO:root:Loss: 6.949 +/- 0.2103
INFO:root:Epoch no. 295 of 500 (samples: 1079040)
INFO:root:Loss: 6.8851 +/- 0.1269
INFO:root:Epoch no. 296 of 500 (samples: 1079040)
INFO:root:Loss: 6.884 +/- 0.159
INFO:root:Epoch no. 297 of 500 (samples: 1079040)
INFO:root:Loss: 6.9805 +/- 0.19
INFO:root:Epoch no. 298 of 500 (samples: 1079040)
INFO:root:Loss: 6.9194 +/- 0.2385
INFO:root:Epoch no. 299 of 500 (samples: 1079040)
INFO:root:Loss: 6.875 +/- 0.2252
INFO:root:Epoch no. 300 of 500 (samples: 1079040)
INFO:root:Loss: 6.8632 +/- 0.1657
INFO:root:Epoch no. 301 of 500 (samples: 1079040)
INFO:root:Loss: 6.8948 +/- 0.1939
INFO:root:Epoch no. 302 of 500 (samples: 1079040)
INFO:root:Loss: 6.9134 +/- 0.2053
INFO:root:Epoch no. 303 of 500 (samples: 1079040)
INFO:root:Loss: 6.9182 +/- 0.2516
INFO:root:Epoch no. 304 of 500 (samples: 1079040)
INFO:root:Loss: 6.867 +/- 0.1719
INFO:root:Epoch no. 305 of 500 (samples: 1079040)
INFO:root:Loss: 6.8864 +/- 0.139
INFO:root:Epoch no. 306 of 500 (samples: 1079040)
INFO:root:Loss: 6.8655 +/- 0.1781
INFO:root:Epoch no. 307 of 500 (samples: 1079040)
INFO:root:Loss: 6.8376 +/- 0.1494
INFO:root:Epoch no. 308 of 500 (samples: 1079040)
INFO:root:Loss: 6.909 +/- 0.2058
INFO:root:Epoch no. 309 of 500 (samples: 1079040)
INFO:root:Loss: 6.8065 +/- 0.1514
INFO:root:Epoch no. 310 of 500 (samples: 1079040)
INFO:root:Loss: 6.8645 +/- 0.1836
INFO:root:Epoch no. 311 of 500 (samples: 1079040)
INFO:root:Loss: 6.8881 +/- 0.1537
INFO:root:Epoch no. 312 of 500 (samples: 1079040)
INFO:root:Loss: 6.8447 +/- 0.1825
INFO:root:Epoch no. 313 of 500 (samples: 1079040)
INFO:root:Loss: 6.8328 +/- 0.1612
INFO:root:Epoch no. 314 of 500 (samples: 1079040)
INFO:root:Loss: 6.8651 +/- 0.2325
INFO:root:Epoch no. 315 of 500 (samples: 1079040)
INFO:root:Loss: 6.8085 +/- 0.1385
INFO:root:Epoch no. 316 of 500 (samples: 1079040)
INFO:root:Loss: 6.8838 +/- 0.176
INFO:root:Epoch no. 317 of 500 (samples: 1079040)
INFO:root:Loss: 6.8489 +/- 0.1837
INFO:root:Epoch no. 318 of 500 (samples: 1079040)
INFO:root:Loss: 6.7788 +/- 0.1423
INFO:root:Epoch no. 319 of 500 (samples: 1079040)
INFO:root:Loss: 6.8185 +/- 0.166
INFO:root:Epoch no. 320 of 500 (samples: 1079040)
INFO:root:Loss: 6.8313 +/- 0.1941
INFO:root:Epoch no. 321 of 500 (samples: 1079040)
INFO:root:Loss: 6.8276 +/- 0.1673
INFO:root:Epoch no. 322 of 500 (samples: 1079040)
INFO:root:Loss: 6.8447 +/- 0.1903
INFO:root:Epoch no. 323 of 500 (samples: 1079040)
INFO:root:Loss: 6.7679 +/- 0.1188
INFO:root:Epoch no. 324 of 500 (samples: 1079040)
INFO:root:Loss: 6.8212 +/- 0.1714
INFO:root:Epoch no. 325 of 500 (samples: 1079040)
INFO:root:Loss: 6.8242 +/- 0.1358
INFO:root:Epoch no. 326 of 500 (samples: 1079040)
INFO:root:Loss: 6.8043 +/- 0.2089
INFO:root:Epoch no. 327 of 500 (samples: 1079040)
INFO:root:Loss: 6.7742 +/- 0.1791
INFO:root:Epoch no. 328 of 500 (samples: 1079040)
INFO:root:Loss: 6.7809 +/- 0.1792
INFO:root:Epoch no. 329 of 500 (samples: 1079040)
INFO:root:Loss: 6.786 +/- 0.1342
INFO:root:Epoch no. 330 of 500 (samples: 1079040)
INFO:root:Loss: 6.7597 +/- 0.1881
INFO:root:Epoch no. 331 of 500 (samples: 1079040)
INFO:root:Loss: 6.7775 +/- 0.2078
INFO:root:Epoch no. 332 of 500 (samples: 1079040)
INFO:root:Loss: 6.7512 +/- 0.1855
INFO:root:Epoch no. 333 of 500 (samples: 1079040)
INFO:root:Loss: 6.6934 +/- 0.2284
INFO:root:Epoch no. 334 of 500 (samples: 1079040)
INFO:root:Loss: 6.7717 +/- 0.1984
INFO:root:Epoch no. 335 of 500 (samples: 1079040)
INFO:root:Loss: 6.7597 +/- 0.175
INFO:root:Epoch no. 336 of 500 (samples: 1079040)
INFO:root:Loss: 6.7703 +/- 0.1897
INFO:root:Epoch no. 337 of 500 (samples: 1079040)
INFO:root:Loss: 6.7589 +/- 0.1848
INFO:root:Epoch no. 338 of 500 (samples: 1079040)
INFO:root:Loss: 6.6824 +/- 0.1664
INFO:root:Epoch no. 339 of 500 (samples: 1079040)
INFO:root:Loss: 6.7299 +/- 0.154
INFO:root:Epoch no. 340 of 500 (samples: 1079040)
INFO:root:Loss: 6.7469 +/- 0.1684
INFO:root:Epoch no. 341 of 500 (samples: 1079040)
INFO:root:Loss: 6.7107 +/- 0.1584
INFO:root:Epoch no. 342 of 500 (samples: 1079040)
INFO:root:Loss: 6.696 +/- 0.1754
INFO:root:Epoch no. 343 of 500 (samples: 1079040)
INFO:root:Loss: 6.7456 +/- 0.1516
INFO:root:Epoch no. 344 of 500 (samples: 1079040)
INFO:root:Loss: 6.7052 +/- 0.1611
INFO:root:Epoch no. 345 of 500 (samples: 1079040)
INFO:root:Loss: 6.7209 +/- 0.1488
INFO:root:Epoch no. 346 of 500 (samples: 1079040)
INFO:root:Loss: 6.7289 +/- 0.1911
INFO:root:Epoch no. 347 of 500 (samples: 1079040)
INFO:root:Loss: 6.7028 +/- 0.1285
INFO:root:Epoch no. 348 of 500 (samples: 1079040)
INFO:root:Loss: 6.6914 +/- 0.1798
INFO:root:Epoch no. 349 of 500 (samples: 1079040)
INFO:root:Loss: 6.746 +/- 0.1834
INFO:root:Epoch no. 350 of 500 (samples: 1079040)
INFO:root:Loss: 6.7398 +/- 0.1433
INFO:root:Epoch no. 351 of 500 (samples: 1079040)
INFO:root:Loss: 6.6853 +/- 0.1674
INFO:root:Epoch no. 352 of 500 (samples: 1079040)
INFO:root:Loss: 6.6791 +/- 0.1641
INFO:root:Epoch no. 353 of 500 (samples: 1079040)
INFO:root:Loss: 6.6855 +/- 0.2187
INFO:root:Epoch no. 354 of 500 (samples: 1079040)
INFO:root:Loss: 6.6973 +/- 0.1854
INFO:root:Epoch no. 355 of 500 (samples: 1079040)
INFO:root:Loss: 6.7085 +/- 0.2074
INFO:root:Epoch no. 356 of 500 (samples: 1079040)
INFO:root:Loss: 6.6995 +/- 0.1241
INFO:root:Epoch no. 357 of 500 (samples: 1079040)
INFO:root:Loss: 6.6896 +/- 0.1425
INFO:root:Epoch no. 358 of 500 (samples: 1079040)
INFO:root:Loss: 6.6688 +/- 0.142
INFO:root:Epoch no. 359 of 500 (samples: 1079040)
INFO:root:Loss: 6.7021 +/- 0.1221
INFO:root:Epoch no. 360 of 500 (samples: 1079040)
INFO:root:Loss: 6.6914 +/- 0.2054
INFO:root:Epoch no. 361 of 500 (samples: 1079040)
INFO:root:Loss: 6.6493 +/- 0.1468
INFO:root:Epoch no. 362 of 500 (samples: 1079040)
INFO:root:Loss: 6.668 +/- 0.1278
INFO:root:Epoch no. 363 of 500 (samples: 1079040)
INFO:root:Loss: 6.6392 +/- 0.1674
INFO:root:Epoch no. 364 of 500 (samples: 1079040)
INFO:root:Loss: 6.6265 +/- 0.1693
INFO:root:Epoch no. 365 of 500 (samples: 1079040)
INFO:root:Loss: 6.6522 +/- 0.1819
INFO:root:Epoch no. 366 of 500 (samples: 1079040)
INFO:root:Loss: 6.6428 +/- 0.1501
INFO:root:Epoch no. 367 of 500 (samples: 1079040)
INFO:root:Loss: 6.6937 +/- 0.1577
INFO:root:Epoch no. 368 of 500 (samples: 1079040)
INFO:root:Loss: 6.6553 +/- 0.1551
INFO:root:Epoch no. 369 of 500 (samples: 1079040)
INFO:root:Loss: 6.6857 +/- 0.1307
INFO:root:Epoch no. 370 of 500 (samples: 1079040)
INFO:root:Loss: 6.6068 +/- 0.1218
INFO:root:Epoch no. 371 of 500 (samples: 1079040)
INFO:root:Loss: 6.6161 +/- 0.196
INFO:root:Epoch no. 372 of 500 (samples: 1079040)
INFO:root:Loss: 6.6343 +/- 0.1252
INFO:root:Epoch no. 373 of 500 (samples: 1079040)
INFO:root:Loss: 6.6282 +/- 0.1336
INFO:root:Epoch no. 374 of 500 (samples: 1079040)
INFO:root:Loss: 6.6169 +/- 0.1381
INFO:root:Epoch no. 375 of 500 (samples: 1079040)
INFO:root:Loss: 6.5799 +/- 0.1616
INFO:root:Epoch no. 376 of 500 (samples: 1079040)
INFO:root:Loss: 6.638 +/- 0.1741
INFO:root:Epoch no. 377 of 500 (samples: 1079040)
INFO:root:Loss: 6.6072 +/- 0.1652
INFO:root:Epoch no. 378 of 500 (samples: 1079040)
INFO:root:Loss: 6.6446 +/- 0.1743
INFO:root:Epoch no. 379 of 500 (samples: 1079040)
INFO:root:Loss: 6.5903 +/- 0.135
INFO:root:Epoch no. 380 of 500 (samples: 1079040)
INFO:root:Loss: 6.6318 +/- 0.185
INFO:root:Epoch no. 381 of 500 (samples: 1079040)
INFO:root:Loss: 6.581 +/- 0.15
INFO:root:Epoch no. 382 of 500 (samples: 1079040)
INFO:root:Loss: 6.5822 +/- 0.1891
INFO:root:Epoch no. 383 of 500 (samples: 1079040)
INFO:root:Loss: 6.6583 +/- 0.1275
INFO:root:Epoch no. 384 of 500 (samples: 1079040)
INFO:root:Loss: 6.5872 +/- 0.1629
INFO:root:Epoch no. 385 of 500 (samples: 1079040)
INFO:root:Loss: 6.5767 +/- 0.0947
INFO:root:Epoch no. 386 of 500 (samples: 1079040)
INFO:root:Loss: 6.5771 +/- 0.2126
INFO:root:Epoch no. 387 of 500 (samples: 1079040)
INFO:root:Loss: 6.6022 +/- 0.1856
INFO:root:Epoch no. 388 of 500 (samples: 1079040)
INFO:root:Loss: 6.6005 +/- 0.1389
INFO:root:Epoch no. 389 of 500 (samples: 1079040)
INFO:root:Loss: 6.5975 +/- 0.1479
INFO:root:Epoch no. 390 of 500 (samples: 1079040)
INFO:root:Loss: 6.5542 +/- 0.1582
INFO:root:Epoch no. 391 of 500 (samples: 1079040)
INFO:root:Loss: 6.5796 +/- 0.1447
INFO:root:Epoch no. 392 of 500 (samples: 1079040)
INFO:root:Loss: 6.6076 +/- 0.2325
INFO:root:Epoch no. 393 of 500 (samples: 1079040)
INFO:root:Loss: 6.6147 +/- 0.183
INFO:root:Epoch no. 394 of 500 (samples: 1079040)
INFO:root:Loss: 6.5433 +/- 0.173
INFO:root:Epoch no. 395 of 500 (samples: 1079040)
INFO:root:Loss: 6.5579 +/- 0.1644
INFO:root:Epoch no. 396 of 500 (samples: 1079040)
INFO:root:Loss: 6.6031 +/- 0.1618
INFO:root:Epoch no. 397 of 500 (samples: 1079040)
INFO:root:Loss: 6.5581 +/- 0.1611
INFO:root:Epoch no. 398 of 500 (samples: 1079040)
INFO:root:Loss: 6.5497 +/- 0.1758
INFO:root:Epoch no. 399 of 500 (samples: 1079040)
INFO:root:Loss: 6.5072 +/- 0.1411
INFO:root:Epoch no. 400 of 500 (samples: 1079040)
INFO:root:Loss: 6.5822 +/- 0.1399
INFO:root:Epoch no. 401 of 500 (samples: 1079040)
INFO:root:Loss: 6.5672 +/- 0.1572
INFO:root:Epoch no. 402 of 500 (samples: 1079040)
INFO:root:Loss: 6.5096 +/- 0.1791
INFO:root:Epoch no. 403 of 500 (samples: 1079040)
INFO:root:Loss: 6.5178 +/- 0.1509
INFO:root:Epoch no. 404 of 500 (samples: 1079040)
INFO:root:Loss: 6.5613 +/- 0.099
INFO:root:Epoch no. 405 of 500 (samples: 1079040)
INFO:root:Loss: 6.5361 +/- 0.1876
INFO:root:Epoch no. 406 of 500 (samples: 1079040)
INFO:root:Loss: 6.5446 +/- 0.1579
INFO:root:Epoch no. 407 of 500 (samples: 1079040)
INFO:root:Loss: 6.5284 +/- 0.0873
INFO:root:Epoch no. 408 of 500 (samples: 1079040)
INFO:root:Loss: 6.5485 +/- 0.1916
INFO:root:Epoch no. 409 of 500 (samples: 1079040)
INFO:root:Loss: 6.557 +/- 0.1344
INFO:root:Epoch no. 410 of 500 (samples: 1079040)
INFO:root:Loss: 6.5287 +/- 0.1816
INFO:root:Epoch no. 411 of 500 (samples: 1079040)
INFO:root:Loss: 6.5136 +/- 0.2107
INFO:root:Epoch no. 412 of 500 (samples: 1079040)
INFO:root:Loss: 6.4939 +/- 0.118
INFO:root:Epoch no. 413 of 500 (samples: 1079040)
INFO:root:Loss: 6.5178 +/- 0.2416
INFO:root:Epoch no. 414 of 500 (samples: 1079040)
INFO:root:Loss: 6.4964 +/- 0.2041
INFO:root:Epoch no. 415 of 500 (samples: 1079040)
INFO:root:Loss: 6.5005 +/- 0.1475
INFO:root:Epoch no. 416 of 500 (samples: 1079040)
INFO:root:Loss: 6.4982 +/- 0.192
INFO:root:Epoch no. 417 of 500 (samples: 1079040)
INFO:root:Loss: 6.5004 +/- 0.1815
INFO:root:Epoch no. 418 of 500 (samples: 1079040)
INFO:root:Loss: 6.506 +/- 0.1361
INFO:root:Epoch no. 419 of 500 (samples: 1079040)
INFO:root:Loss: 6.4488 +/- 0.163
INFO:root:Epoch no. 420 of 500 (samples: 1079040)
INFO:root:Loss: 6.5125 +/- 0.14
INFO:root:Epoch no. 421 of 500 (samples: 1079040)
INFO:root:Loss: 6.5006 +/- 0.16
INFO:root:Epoch no. 422 of 500 (samples: 1079040)
INFO:root:Loss: 6.4745 +/- 0.1824
INFO:root:Epoch no. 423 of 500 (samples: 1079040)
INFO:root:Loss: 6.4811 +/- 0.1415
INFO:root:Epoch no. 424 of 500 (samples: 1079040)
INFO:root:Loss: 6.51 +/- 0.1711
INFO:root:Epoch no. 425 of 500 (samples: 1079040)
INFO:root:Loss: 6.5524 +/- 0.137
INFO:root:Epoch no. 426 of 500 (samples: 1079040)
INFO:root:Loss: 6.5069 +/- 0.1018
INFO:root:Epoch no. 427 of 500 (samples: 1079040)
INFO:root:Loss: 6.5032 +/- 0.1918
INFO:root:Epoch no. 428 of 500 (samples: 1079040)
INFO:root:Loss: 6.4961 +/- 0.1303
INFO:root:Epoch no. 429 of 500 (samples: 1079040)
INFO:root:Loss: 6.464 +/- 0.2025
INFO:root:Epoch no. 430 of 500 (samples: 1079040)
INFO:root:Loss: 6.4622 +/- 0.1553
INFO:root:Epoch no. 431 of 500 (samples: 1079040)
INFO:root:Loss: 6.4738 +/- 0.1203
INFO:root:Epoch no. 432 of 500 (samples: 1079040)
INFO:root:Loss: 6.4331 +/- 0.1711
INFO:root:Epoch no. 433 of 500 (samples: 1079040)
INFO:root:Loss: 6.4098 +/- 0.1394
INFO:root:Epoch no. 434 of 500 (samples: 1079040)
INFO:root:Loss: 6.4409 +/- 0.0944
INFO:root:Epoch no. 435 of 500 (samples: 1079040)
INFO:root:Loss: 6.4552 +/- 0.1496
INFO:root:Epoch no. 436 of 500 (samples: 1079040)
INFO:root:Loss: 6.4514 +/- 0.1536
INFO:root:Epoch no. 437 of 500 (samples: 1079040)
INFO:root:Loss: 6.4821 +/- 0.2044
INFO:root:Epoch no. 438 of 500 (samples: 1079040)
INFO:root:Loss: 6.4669 +/- 0.16
INFO:root:Epoch no. 439 of 500 (samples: 1079040)
INFO:root:Loss: 6.4251 +/- 0.1697
INFO:root:Epoch no. 440 of 500 (samples: 1079040)
INFO:root:Loss: 6.4648 +/- 0.1344
INFO:root:Epoch no. 441 of 500 (samples: 1079040)
INFO:root:Loss: 6.4187 +/- 0.1396
INFO:root:Epoch no. 442 of 500 (samples: 1079040)
INFO:root:Loss: 6.4291 +/- 0.114
INFO:root:Epoch no. 443 of 500 (samples: 1079040)
INFO:root:Loss: 6.4495 +/- 0.1568
INFO:root:Epoch no. 444 of 500 (samples: 1079040)
INFO:root:Loss: 6.4544 +/- 0.1763
INFO:root:Epoch no. 445 of 500 (samples: 1079040)
INFO:root:Loss: 6.4389 +/- 0.1207
INFO:root:Epoch no. 446 of 500 (samples: 1079040)
INFO:root:Loss: 6.4568 +/- 0.1786
INFO:root:Epoch no. 447 of 500 (samples: 1079040)
INFO:root:Loss: 6.4206 +/- 0.1312
INFO:root:Epoch no. 448 of 500 (samples: 1079040)
INFO:root:Loss: 6.4179 +/- 0.155
INFO:root:Epoch no. 449 of 500 (samples: 1079040)
INFO:root:Loss: 6.4129 +/- 0.1463
INFO:root:Epoch no. 450 of 500 (samples: 1079040)
INFO:root:Loss: 6.4222 +/- 0.1174
INFO:root:Epoch no. 451 of 500 (samples: 1079040)
INFO:root:Loss: 6.4134 +/- 0.1086
INFO:root:Epoch no. 452 of 500 (samples: 1079040)
INFO:root:Loss: 6.4738 +/- 0.1268
INFO:root:Epoch no. 453 of 500 (samples: 1079040)
INFO:root:Loss: 6.4277 +/- 0.2097
INFO:root:Epoch no. 454 of 500 (samples: 1079040)
INFO:root:Loss: 6.4402 +/- 0.1157
INFO:root:Epoch no. 455 of 500 (samples: 1079040)
INFO:root:Loss: 6.4499 +/- 0.1767
INFO:root:Epoch no. 456 of 500 (samples: 1079040)
INFO:root:Loss: 6.4294 +/- 0.182
INFO:root:Epoch no. 457 of 500 (samples: 1079040)
INFO:root:Loss: 6.3926 +/- 0.1575
INFO:root:Epoch no. 458 of 500 (samples: 1079040)
INFO:root:Loss: 6.4449 +/- 0.1792
INFO:root:Epoch no. 459 of 500 (samples: 1079040)
INFO:root:Loss: 6.4086 +/- 0.1328
INFO:root:Epoch no. 460 of 500 (samples: 1079040)
INFO:root:Loss: 6.4129 +/- 0.157
INFO:root:Epoch no. 461 of 500 (samples: 1079040)
INFO:root:Loss: 6.4157 +/- 0.163
INFO:root:Epoch no. 462 of 500 (samples: 1079040)
INFO:root:Loss: 6.3927 +/- 0.172
INFO:root:Epoch no. 463 of 500 (samples: 1079040)
INFO:root:Loss: 6.3942 +/- 0.1347
INFO:root:Epoch no. 464 of 500 (samples: 1079040)
INFO:root:Loss: 6.3904 +/- 0.1748
INFO:root:Epoch no. 465 of 500 (samples: 1079040)
INFO:root:Loss: 6.3948 +/- 0.1679
INFO:root:Epoch no. 466 of 500 (samples: 1079040)
INFO:root:Loss: 6.3833 +/- 0.1154
INFO:root:Epoch no. 467 of 500 (samples: 1079040)
INFO:root:Loss: 6.4291 +/- 0.1754
INFO:root:Epoch no. 468 of 500 (samples: 1079040)
INFO:root:Loss: 6.3753 +/- 0.1466
INFO:root:Epoch no. 469 of 500 (samples: 1079040)
INFO:root:Loss: 6.4174 +/- 0.116
INFO:root:Epoch no. 470 of 500 (samples: 1079040)
INFO:root:Loss: 6.3638 +/- 0.1364
INFO:root:Epoch no. 471 of 500 (samples: 1079040)
INFO:root:Loss: 6.3598 +/- 0.1352
INFO:root:Epoch no. 472 of 500 (samples: 1079040)
INFO:root:Loss: 6.395 +/- 0.1208
INFO:root:Epoch no. 473 of 500 (samples: 1079040)
INFO:root:Loss: 6.3783 +/- 0.1468
INFO:root:Epoch no. 474 of 500 (samples: 1079040)
INFO:root:Loss: 6.3181 +/- 0.1715
INFO:root:Epoch no. 475 of 500 (samples: 1079040)
INFO:root:Loss: 6.3589 +/- 0.1597
INFO:root:Epoch no. 476 of 500 (samples: 1079040)
INFO:root:Loss: 6.3819 +/- 0.1432
INFO:root:Epoch no. 477 of 500 (samples: 1079040)
INFO:root:Loss: 6.3767 +/- 0.1453
INFO:root:Epoch no. 478 of 500 (samples: 1079040)
INFO:root:Loss: 6.3824 +/- 0.1542
INFO:root:Epoch no. 479 of 500 (samples: 1079040)
INFO:root:Loss: 6.3217 +/- 0.1374
INFO:root:Epoch no. 480 of 500 (samples: 1079040)
INFO:root:Loss: 6.3163 +/- 0.1283
INFO:root:Epoch no. 481 of 500 (samples: 1079040)
INFO:root:Loss: 6.3348 +/- 0.098
INFO:root:Epoch no. 482 of 500 (samples: 1079040)
INFO:root:Loss: 6.3423 +/- 0.1813
INFO:root:Epoch no. 483 of 500 (samples: 1079040)
INFO:root:Loss: 6.3321 +/- 0.2306
INFO:root:Epoch no. 484 of 500 (samples: 1079040)
INFO:root:Loss: 6.3823 +/- 0.1257
INFO:root:Epoch no. 485 of 500 (samples: 1079040)
INFO:root:Loss: 6.3459 +/- 0.1684
INFO:root:Epoch no. 486 of 500 (samples: 1079040)
INFO:root:Loss: 6.3207 +/- 0.1758
INFO:root:Epoch no. 487 of 500 (samples: 1079040)
INFO:root:Loss: 6.3657 +/- 0.1459
INFO:root:Epoch no. 488 of 500 (samples: 1079040)
INFO:root:Loss: 6.3595 +/- 0.1585
INFO:root:Epoch no. 489 of 500 (samples: 1079040)
INFO:root:Loss: 6.3191 +/- 0.1304
INFO:root:Epoch no. 490 of 500 (samples: 1079040)
INFO:root:Loss: 6.3034 +/- 0.154
INFO:root:Epoch no. 491 of 500 (samples: 1079040)
INFO:root:Loss: 6.3135 +/- 0.1602
INFO:root:Epoch no. 492 of 500 (samples: 1079040)
INFO:root:Loss: 6.3613 +/- 0.1144
INFO:root:Epoch no. 493 of 500 (samples: 1079040)
INFO:root:Loss: 6.3645 +/- 0.1577
INFO:root:Epoch no. 494 of 500 (samples: 1079040)
INFO:root:Loss: 6.3405 +/- 0.1498
INFO:root:Epoch no. 495 of 500 (samples: 1079040)
INFO:root:Loss: 6.3381 +/- 0.1516
INFO:root:Epoch no. 496 of 500 (samples: 1079040)
INFO:root:Loss: 6.3356 +/- 0.1981
INFO:root:Epoch no. 497 of 500 (samples: 1079040)
INFO:root:Loss: 6.3216 +/- 0.1722
INFO:root:Epoch no. 498 of 500 (samples: 1079040)
INFO:root:Loss: 6.3448 +/- 0.1277
INFO:root:Epoch no. 499 of 500 (samples: 1079040)
INFO:root:Loss: 6.3522 +/- 0.2005
INFO:root:Epoch no. 500 of 500 (samples: 1079040)
INFO:root:Loss: 6.2581 +/- 0.141
/usr/local/lib/python3.5/dist-packages/keras/backend/theano_backend.py:527: UserWarning: theano.function was asked to create a function computing outputs given certain inputs, but the provided input variable at index 2 is not part of the computational graph needed to compute the outputs: keras_learning_phase.
To make this warning into an error, you can pass the parameter on_unused_input='raise' to theano.function. To disable it completely, use on_unused_input='ignore'.
  **kwargs)
INFO:root:### MICRO (validation raw):
INFO:root:	-- left   >> mean: 7228.3134, median: 171.5, mrr: 0.045, hits@1: 1.62%
INFO:root:	-- right  >> mean: 6624.6676, median: 12.0, mrr: 0.154, hits@1: 4.36%
INFO:root:	-- global >> mean: 6926.4905, median: 50.0, mrr: 0.099, hits@1: 2.99%
INFO:root:### MICRO (validation raw):
INFO:root:	-- left   >> mean: 7228.3134, median: 171.5, mrr: 0.045, hits@3: 3.66%
INFO:root:	-- right  >> mean: 6624.6676, median: 12.0, mrr: 0.154, hits@3: 14.16%
INFO:root:	-- global >> mean: 6926.4905, median: 50.0, mrr: 0.099, hits@3: 8.91%
INFO:root:### MICRO (validation raw):
INFO:root:	-- left   >> mean: 7228.3134, median: 171.5, mrr: 0.045, hits@5: 5.76%
INFO:root:	-- right  >> mean: 6624.6676, median: 12.0, mrr: 0.154, hits@5: 25.62%
INFO:root:	-- global >> mean: 6926.4905, median: 50.0, mrr: 0.099, hits@5: 15.69%
INFO:root:### MICRO (validation raw):
INFO:root:	-- left   >> mean: 7228.3134, median: 171.5, mrr: 0.045, hits@10: 9.46%
INFO:root:	-- right  >> mean: 6624.6676, median: 12.0, mrr: 0.154, hits@10: 46.04%
INFO:root:	-- global >> mean: 6926.4905, median: 50.0, mrr: 0.099, hits@10: 27.75%
INFO:root:### MICRO (validation filtered):
INFO:root:	-- left   >> mean: 3526.0368, median: 53.5, mrr: 0.123, hits@1: 6.28%
INFO:root:	-- right  >> mean: 6619.1456, median: 6.0, mrr: 0.348, hits@1: 22.5%
INFO:root:	-- global >> mean: 5072.5912, median: 18.0, mrr: 0.236, hits@1: 14.39%
INFO:root:### MICRO (validation filtered):
INFO:root:	-- left   >> mean: 3526.0368, median: 53.5, mrr: 0.123, hits@3: 12.6%
INFO:root:	-- right  >> mean: 6619.1456, median: 6.0, mrr: 0.348, hits@3: 40.34%
INFO:root:	-- global >> mean: 5072.5912, median: 18.0, mrr: 0.236, hits@3: 26.47%
INFO:root:### MICRO (validation filtered):
INFO:root:	-- left   >> mean: 3526.0368, median: 53.5, mrr: 0.123, hits@5: 16.62%
INFO:root:	-- right  >> mean: 6619.1456, median: 6.0, mrr: 0.348, hits@5: 49.86%
INFO:root:	-- global >> mean: 5072.5912, median: 18.0, mrr: 0.236, hits@5: 33.24%
INFO:root:### MICRO (validation filtered):
INFO:root:	-- left   >> mean: 3526.0368, median: 53.5, mrr: 0.123, hits@10: 23.94%
INFO:root:	-- right  >> mean: 6619.1456, median: 6.0, mrr: 0.348, hits@10: 61.06%
INFO:root:	-- global >> mean: 5072.5912, median: 18.0, mrr: 0.236, hits@10: 42.5%
INFO:root:### MICRO (test raw):
INFO:root:	-- left   >> mean: 7255.6472, median: 162.5, mrr: 0.048, hits@1: 1.56%
INFO:root:	-- right  >> mean: 6942.1688, median: 12.0, mrr: 0.152, hits@1: 4.48%
INFO:root:	-- global >> mean: 7098.908, median: 49.0, mrr: 0.1, hits@1: 3.02%
INFO:root:### MICRO (test raw):
INFO:root:	-- left   >> mean: 7255.6472, median: 162.5, mrr: 0.048, hits@3: 4.34%
INFO:root:	-- right  >> mean: 6942.1688, median: 12.0, mrr: 0.152, hits@3: 14.0%
INFO:root:	-- global >> mean: 7098.908, median: 49.0, mrr: 0.1, hits@3: 9.17%
INFO:root:### MICRO (test raw):
INFO:root:	-- left   >> mean: 7255.6472, median: 162.5, mrr: 0.048, hits@5: 6.26%
INFO:root:	-- right  >> mean: 6942.1688, median: 12.0, mrr: 0.152, hits@5: 24.72%
INFO:root:	-- global >> mean: 7098.908, median: 49.0, mrr: 0.1, hits@5: 15.49%
INFO:root:### MICRO (test raw):
INFO:root:	-- left   >> mean: 7255.6472, median: 162.5, mrr: 0.048, hits@10: 10.36%
INFO:root:	-- right  >> mean: 6942.1688, median: 12.0, mrr: 0.152, hits@10: 45.5%
INFO:root:	-- global >> mean: 7098.908, median: 49.0, mrr: 0.1, hits@10: 27.93%
INFO:root:### MICRO (test filtered):
INFO:root:	-- left   >> mean: 3654.2844, median: 50.0, mrr: 0.128, hits@1: 6.54%
INFO:root:	-- right  >> mean: 6936.4718, median: 6.0, mrr: 0.346, hits@1: 22.34%
INFO:root:	-- global >> mean: 5295.3781, median: 18.0, mrr: 0.237, hits@1: 14.44%
INFO:root:### MICRO (test filtered):
INFO:root:	-- left   >> mean: 3654.2844, median: 50.0, mrr: 0.128, hits@3: 13.38%
INFO:root:	-- right  >> mean: 6936.4718, median: 6.0, mrr: 0.346, hits@3: 40.44%
INFO:root:	-- global >> mean: 5295.3781, median: 18.0, mrr: 0.237, hits@3: 26.91%
INFO:root:### MICRO (test filtered):
INFO:root:	-- left   >> mean: 3654.2844, median: 50.0, mrr: 0.128, hits@5: 17.12%
INFO:root:	-- right  >> mean: 6936.4718, median: 6.0, mrr: 0.346, hits@5: 49.86%
INFO:root:	-- global >> mean: 5295.3781, median: 18.0, mrr: 0.237, hits@5: 33.49%
INFO:root:### MICRO (test filtered):
INFO:root:	-- left   >> mean: 3654.2844, median: 50.0, mrr: 0.128, hits@10: 24.66%
INFO:root:	-- right  >> mean: 6936.4718, median: 6.0, mrr: 0.346, hits@10: 61.08%
INFO:root:	-- global >> mean: 5295.3781, median: 18.0, mrr: 0.237, hits@10: 42.87%
