Using Theano backend.
Using gpu device 0: GeForce GTX TITAN X (CNMeM is disabled, cuDNN not available)
INFO:root:Acquiring data/yago3_mte10_5k/yago3_mte10-train.tsv.gz ..
INFO:root:Acquiring data/yago3_mte10_5k/yago3_mte10-valid.tsv.gz ..
INFO:root:Acquiring data/yago3_mte10_5k/yago3_mte10-test.tsv.gz ..
INFO:root:[Rules] Adding Head: 16, Tail: [(16, True)]
INFO:root:[Rules] Adding Head: 16, Tail: [(16, True), (16, True)]
INFO:root:[Rules] Adding Head: 16, Tail: [(16, False), (16, True)]
INFO:root:[Rules] Adding Head: 16, Tail: [(16, False), (16, False)]
INFO:root:[Rules] Adding Head: 16, Tail: [(16, True), (16, False)]
INFO:root:[Rules] Adding Head: 34, Tail: [(22, False)]
INFO:root:[Rules] Adding Head: 29, Tail: [(29, True)]
INFO:root:Samples: 539520, no. batches: 10 -> batch size: 53952
INFO:root:Epoch no. 1 of 500 (samples: 539520)
INFO:root:Loss: 84.5703 +/- 2.1984
INFO:root:Epoch no. 2 of 500 (samples: 539520)
INFO:root:Loss: 63.1039 +/- 6.5431
INFO:root:Epoch no. 3 of 500 (samples: 539520)
INFO:root:Loss: 34.7505 +/- 3.7231
INFO:root:Epoch no. 4 of 500 (samples: 539520)
INFO:root:Loss: 20.3786 +/- 0.6861
INFO:root:Epoch no. 5 of 500 (samples: 539520)
INFO:root:Loss: 13.8933 +/- 0.1452
INFO:root:Epoch no. 6 of 500 (samples: 539520)
INFO:root:Loss: 10.3817 +/- 0.2084
INFO:root:Epoch no. 7 of 500 (samples: 539520)
INFO:root:Loss: 8.3701 +/- 0.2062
INFO:root:Epoch no. 8 of 500 (samples: 539520)
INFO:root:Loss: 7.0013 +/- 0.2311
INFO:root:Epoch no. 9 of 500 (samples: 539520)
INFO:root:Loss: 6.0642 +/- 0.2185
INFO:root:Epoch no. 10 of 500 (samples: 539520)
INFO:root:Loss: 5.3901 +/- 0.153
INFO:root:Epoch no. 11 of 500 (samples: 539520)
INFO:root:Loss: 4.841 +/- 0.1458
INFO:root:Epoch no. 12 of 500 (samples: 539520)
INFO:root:Loss: 4.4331 +/- 0.1224
INFO:root:Epoch no. 13 of 500 (samples: 539520)
INFO:root:Loss: 4.0685 +/- 0.1365
INFO:root:Epoch no. 14 of 500 (samples: 539520)
INFO:root:Loss: 3.8222 +/- 0.1261
INFO:root:Epoch no. 15 of 500 (samples: 539520)
INFO:root:Loss: 3.5988 +/- 0.1188
INFO:root:Epoch no. 16 of 500 (samples: 539520)
INFO:root:Loss: 3.4128 +/- 0.0896
INFO:root:Epoch no. 17 of 500 (samples: 539520)
INFO:root:Loss: 3.2345 +/- 0.0961
INFO:root:Epoch no. 18 of 500 (samples: 539520)
INFO:root:Loss: 3.1046 +/- 0.0991
INFO:root:Epoch no. 19 of 500 (samples: 539520)
INFO:root:Loss: 2.9914 +/- 0.0689
INFO:root:Epoch no. 20 of 500 (samples: 539520)
INFO:root:Loss: 2.8865 +/- 0.0676
INFO:root:Epoch no. 21 of 500 (samples: 539520)
INFO:root:Loss: 2.7706 +/- 0.0497
INFO:root:Epoch no. 22 of 500 (samples: 539520)
INFO:root:Loss: 2.7061 +/- 0.047
INFO:root:Epoch no. 23 of 500 (samples: 539520)
INFO:root:Loss: 2.6104 +/- 0.0628
INFO:root:Epoch no. 24 of 500 (samples: 539520)
INFO:root:Loss: 2.5569 +/- 0.0577
INFO:root:Epoch no. 25 of 500 (samples: 539520)
INFO:root:Loss: 2.5075 +/- 0.0674
INFO:root:Epoch no. 26 of 500 (samples: 539520)
INFO:root:Loss: 2.4317 +/- 0.0427
INFO:root:Epoch no. 27 of 500 (samples: 539520)
INFO:root:Loss: 2.3789 +/- 0.0669
INFO:root:Epoch no. 28 of 500 (samples: 539520)
INFO:root:Loss: 2.3485 +/- 0.0445
INFO:root:Epoch no. 29 of 500 (samples: 539520)
INFO:root:Loss: 2.3066 +/- 0.0734
INFO:root:Epoch no. 30 of 500 (samples: 539520)
INFO:root:Loss: 2.2356 +/- 0.0482
INFO:root:Epoch no. 31 of 500 (samples: 539520)
INFO:root:Loss: 2.2296 +/- 0.0533
INFO:root:Epoch no. 32 of 500 (samples: 539520)
INFO:root:Loss: 2.1816 +/- 0.063
INFO:root:Epoch no. 33 of 500 (samples: 539520)
INFO:root:Loss: 2.1425 +/- 0.0615
INFO:root:Epoch no. 34 of 500 (samples: 539520)
INFO:root:Loss: 2.1107 +/- 0.0556
INFO:root:Epoch no. 35 of 500 (samples: 539520)
INFO:root:Loss: 2.095 +/- 0.0514
INFO:root:Epoch no. 36 of 500 (samples: 539520)
INFO:root:Loss: 2.0544 +/- 0.0553
INFO:root:Epoch no. 37 of 500 (samples: 539520)
INFO:root:Loss: 2.0223 +/- 0.0395
INFO:root:Epoch no. 38 of 500 (samples: 539520)
INFO:root:Loss: 2.0023 +/- 0.0444
INFO:root:Epoch no. 39 of 500 (samples: 539520)
INFO:root:Loss: 1.9671 +/- 0.0309
INFO:root:Epoch no. 40 of 500 (samples: 539520)
INFO:root:Loss: 1.9658 +/- 0.0409
INFO:root:Epoch no. 41 of 500 (samples: 539520)
INFO:root:Loss: 1.9235 +/- 0.0336
INFO:root:Epoch no. 42 of 500 (samples: 539520)
INFO:root:Loss: 1.9137 +/- 0.0382
INFO:root:Epoch no. 43 of 500 (samples: 539520)
INFO:root:Loss: 1.9077 +/- 0.0439
INFO:root:Epoch no. 44 of 500 (samples: 539520)
INFO:root:Loss: 1.884 +/- 0.0578
INFO:root:Epoch no. 45 of 500 (samples: 539520)
INFO:root:Loss: 1.8375 +/- 0.0324
INFO:root:Epoch no. 46 of 500 (samples: 539520)
INFO:root:Loss: 1.8498 +/- 0.0268
INFO:root:Epoch no. 47 of 500 (samples: 539520)
INFO:root:Loss: 1.8234 +/- 0.0451
INFO:root:Epoch no. 48 of 500 (samples: 539520)
INFO:root:Loss: 1.8035 +/- 0.0428
INFO:root:Epoch no. 49 of 500 (samples: 539520)
INFO:root:Loss: 1.7994 +/- 0.0422
INFO:root:Epoch no. 50 of 500 (samples: 539520)
INFO:root:Loss: 1.779 +/- 0.037
INFO:root:Epoch no. 51 of 500 (samples: 539520)
INFO:root:Loss: 1.7816 +/- 0.0496
INFO:root:Epoch no. 52 of 500 (samples: 539520)
INFO:root:Loss: 1.7422 +/- 0.0416
INFO:root:Epoch no. 53 of 500 (samples: 539520)
INFO:root:Loss: 1.7502 +/- 0.0471
INFO:root:Epoch no. 54 of 500 (samples: 539520)
INFO:root:Loss: 1.7315 +/- 0.0321
INFO:root:Epoch no. 55 of 500 (samples: 539520)
INFO:root:Loss: 1.7272 +/- 0.02
INFO:root:Epoch no. 56 of 500 (samples: 539520)
INFO:root:Loss: 1.6927 +/- 0.0334
INFO:root:Epoch no. 57 of 500 (samples: 539520)
INFO:root:Loss: 1.6855 +/- 0.0413
INFO:root:Epoch no. 58 of 500 (samples: 539520)
INFO:root:Loss: 1.6805 +/- 0.0478
INFO:root:Epoch no. 59 of 500 (samples: 539520)
INFO:root:Loss: 1.666 +/- 0.0373
INFO:root:Epoch no. 60 of 500 (samples: 539520)
INFO:root:Loss: 1.6512 +/- 0.0301
INFO:root:Epoch no. 61 of 500 (samples: 539520)
INFO:root:Loss: 1.6613 +/- 0.0427
INFO:root:Epoch no. 62 of 500 (samples: 539520)
INFO:root:Loss: 1.6413 +/- 0.025
INFO:root:Epoch no. 63 of 500 (samples: 539520)
INFO:root:Loss: 1.6068 +/- 0.0271
INFO:root:Epoch no. 64 of 500 (samples: 539520)
INFO:root:Loss: 1.6108 +/- 0.0484
INFO:root:Epoch no. 65 of 500 (samples: 539520)
INFO:root:Loss: 1.6247 +/- 0.0294
INFO:root:Epoch no. 66 of 500 (samples: 539520)
INFO:root:Loss: 1.6055 +/- 0.0405
INFO:root:Epoch no. 67 of 500 (samples: 539520)
INFO:root:Loss: 1.5898 +/- 0.0419
INFO:root:Epoch no. 68 of 500 (samples: 539520)
INFO:root:Loss: 1.5853 +/- 0.0275
INFO:root:Epoch no. 69 of 500 (samples: 539520)
INFO:root:Loss: 1.5916 +/- 0.0268
INFO:root:Epoch no. 70 of 500 (samples: 539520)
INFO:root:Loss: 1.5744 +/- 0.0347
INFO:root:Epoch no. 71 of 500 (samples: 539520)
INFO:root:Loss: 1.5665 +/- 0.0298
INFO:root:Epoch no. 72 of 500 (samples: 539520)
INFO:root:Loss: 1.5624 +/- 0.0234
INFO:root:Epoch no. 73 of 500 (samples: 539520)
INFO:root:Loss: 1.5443 +/- 0.04
INFO:root:Epoch no. 74 of 500 (samples: 539520)
INFO:root:Loss: 1.5496 +/- 0.0194
INFO:root:Epoch no. 75 of 500 (samples: 539520)
INFO:root:Loss: 1.5324 +/- 0.0275
INFO:root:Epoch no. 76 of 500 (samples: 539520)
INFO:root:Loss: 1.5455 +/- 0.0436
INFO:root:Epoch no. 77 of 500 (samples: 539520)
INFO:root:Loss: 1.5313 +/- 0.0247
INFO:root:Epoch no. 78 of 500 (samples: 539520)
INFO:root:Loss: 1.5156 +/- 0.0303
INFO:root:Epoch no. 79 of 500 (samples: 539520)
INFO:root:Loss: 1.4969 +/- 0.0379
INFO:root:Epoch no. 80 of 500 (samples: 539520)
INFO:root:Loss: 1.5059 +/- 0.0258
INFO:root:Epoch no. 81 of 500 (samples: 539520)
INFO:root:Loss: 1.4931 +/- 0.0253
INFO:root:Epoch no. 82 of 500 (samples: 539520)
INFO:root:Loss: 1.4898 +/- 0.0332
INFO:root:Epoch no. 83 of 500 (samples: 539520)
INFO:root:Loss: 1.4855 +/- 0.0316
INFO:root:Epoch no. 84 of 500 (samples: 539520)
INFO:root:Loss: 1.464 +/- 0.0271
INFO:root:Epoch no. 85 of 500 (samples: 539520)
INFO:root:Loss: 1.4588 +/- 0.026
INFO:root:Epoch no. 86 of 500 (samples: 539520)
INFO:root:Loss: 1.4662 +/- 0.0367
INFO:root:Epoch no. 87 of 500 (samples: 539520)
INFO:root:Loss: 1.458 +/- 0.0393
INFO:root:Epoch no. 88 of 500 (samples: 539520)
INFO:root:Loss: 1.4467 +/- 0.0252
INFO:root:Epoch no. 89 of 500 (samples: 539520)
INFO:root:Loss: 1.4466 +/- 0.0205
INFO:root:Epoch no. 90 of 500 (samples: 539520)
INFO:root:Loss: 1.4487 +/- 0.0356
INFO:root:Epoch no. 91 of 500 (samples: 539520)
INFO:root:Loss: 1.4419 +/- 0.0399
INFO:root:Epoch no. 92 of 500 (samples: 539520)
INFO:root:Loss: 1.4304 +/- 0.0297
INFO:root:Epoch no. 93 of 500 (samples: 539520)
INFO:root:Loss: 1.4283 +/- 0.0285
INFO:root:Epoch no. 94 of 500 (samples: 539520)
INFO:root:Loss: 1.4212 +/- 0.0316
INFO:root:Epoch no. 95 of 500 (samples: 539520)
INFO:root:Loss: 1.3998 +/- 0.0284
INFO:root:Epoch no. 96 of 500 (samples: 539520)
INFO:root:Loss: 1.4138 +/- 0.0325
INFO:root:Epoch no. 97 of 500 (samples: 539520)
INFO:root:Loss: 1.4012 +/- 0.028
INFO:root:Epoch no. 98 of 500 (samples: 539520)
INFO:root:Loss: 1.3884 +/- 0.0225
INFO:root:Epoch no. 99 of 500 (samples: 539520)
INFO:root:Loss: 1.3823 +/- 0.0319
INFO:root:Epoch no. 100 of 500 (samples: 539520)
INFO:root:Loss: 1.3888 +/- 0.03
INFO:root:Epoch no. 101 of 500 (samples: 539520)
INFO:root:Loss: 1.3759 +/- 0.0336
INFO:root:Epoch no. 102 of 500 (samples: 539520)
INFO:root:Loss: 1.397 +/- 0.0334
INFO:root:Epoch no. 103 of 500 (samples: 539520)
INFO:root:Loss: 1.3832 +/- 0.0417
INFO:root:Epoch no. 104 of 500 (samples: 539520)
INFO:root:Loss: 1.3902 +/- 0.0388
INFO:root:Epoch no. 105 of 500 (samples: 539520)
INFO:root:Loss: 1.3767 +/- 0.0352
INFO:root:Epoch no. 106 of 500 (samples: 539520)
INFO:root:Loss: 1.3688 +/- 0.0228
INFO:root:Epoch no. 107 of 500 (samples: 539520)
INFO:root:Loss: 1.3805 +/- 0.0307
INFO:root:Epoch no. 108 of 500 (samples: 539520)
INFO:root:Loss: 1.368 +/- 0.0355
INFO:root:Epoch no. 109 of 500 (samples: 539520)
INFO:root:Loss: 1.3677 +/- 0.0282
INFO:root:Epoch no. 110 of 500 (samples: 539520)
INFO:root:Loss: 1.3579 +/- 0.0314
INFO:root:Epoch no. 111 of 500 (samples: 539520)
INFO:root:Loss: 1.3513 +/- 0.0439
INFO:root:Epoch no. 112 of 500 (samples: 539520)
INFO:root:Loss: 1.3454 +/- 0.0266
INFO:root:Epoch no. 113 of 500 (samples: 539520)
INFO:root:Loss: 1.3454 +/- 0.0337
INFO:root:Epoch no. 114 of 500 (samples: 539520)
INFO:root:Loss: 1.3329 +/- 0.0453
INFO:root:Epoch no. 115 of 500 (samples: 539520)
INFO:root:Loss: 1.3471 +/- 0.0252
INFO:root:Epoch no. 116 of 500 (samples: 539520)
INFO:root:Loss: 1.3398 +/- 0.0256
INFO:root:Epoch no. 117 of 500 (samples: 539520)
INFO:root:Loss: 1.3276 +/- 0.0358
INFO:root:Epoch no. 118 of 500 (samples: 539520)
INFO:root:Loss: 1.3236 +/- 0.0474
INFO:root:Epoch no. 119 of 500 (samples: 539520)
INFO:root:Loss: 1.3306 +/- 0.0299
INFO:root:Epoch no. 120 of 500 (samples: 539520)
INFO:root:Loss: 1.3376 +/- 0.0325
INFO:root:Epoch no. 121 of 500 (samples: 539520)
INFO:root:Loss: 1.3047 +/- 0.0329
INFO:root:Epoch no. 122 of 500 (samples: 539520)
INFO:root:Loss: 1.3258 +/- 0.0207
INFO:root:Epoch no. 123 of 500 (samples: 539520)
INFO:root:Loss: 1.3133 +/- 0.0454
INFO:root:Epoch no. 124 of 500 (samples: 539520)
INFO:root:Loss: 1.3056 +/- 0.0429
INFO:root:Epoch no. 125 of 500 (samples: 539520)
INFO:root:Loss: 1.2976 +/- 0.0441
INFO:root:Epoch no. 126 of 500 (samples: 539520)
INFO:root:Loss: 1.3003 +/- 0.0362
INFO:root:Epoch no. 127 of 500 (samples: 539520)
INFO:root:Loss: 1.2985 +/- 0.0306
INFO:root:Epoch no. 128 of 500 (samples: 539520)
INFO:root:Loss: 1.2961 +/- 0.0299
INFO:root:Epoch no. 129 of 500 (samples: 539520)
INFO:root:Loss: 1.2886 +/- 0.037
INFO:root:Epoch no. 130 of 500 (samples: 539520)
INFO:root:Loss: 1.3039 +/- 0.0279
INFO:root:Epoch no. 131 of 500 (samples: 539520)
INFO:root:Loss: 1.2895 +/- 0.0303
INFO:root:Epoch no. 132 of 500 (samples: 539520)
INFO:root:Loss: 1.2958 +/- 0.0219
INFO:root:Epoch no. 133 of 500 (samples: 539520)
INFO:root:Loss: 1.2885 +/- 0.0334
INFO:root:Epoch no. 134 of 500 (samples: 539520)
INFO:root:Loss: 1.2672 +/- 0.0367
INFO:root:Epoch no. 135 of 500 (samples: 539520)
INFO:root:Loss: 1.266 +/- 0.0198
INFO:root:Epoch no. 136 of 500 (samples: 539520)
INFO:root:Loss: 1.2711 +/- 0.0287
INFO:root:Epoch no. 137 of 500 (samples: 539520)
INFO:root:Loss: 1.2825 +/- 0.0293
INFO:root:Epoch no. 138 of 500 (samples: 539520)
INFO:root:Loss: 1.2781 +/- 0.0319
INFO:root:Epoch no. 139 of 500 (samples: 539520)
INFO:root:Loss: 1.2434 +/- 0.0318
INFO:root:Epoch no. 140 of 500 (samples: 539520)
INFO:root:Loss: 1.2707 +/- 0.0372
INFO:root:Epoch no. 141 of 500 (samples: 539520)
INFO:root:Loss: 1.2546 +/- 0.0243
INFO:root:Epoch no. 142 of 500 (samples: 539520)
INFO:root:Loss: 1.2719 +/- 0.0238
INFO:root:Epoch no. 143 of 500 (samples: 539520)
INFO:root:Loss: 1.2552 +/- 0.0262
INFO:root:Epoch no. 144 of 500 (samples: 539520)
INFO:root:Loss: 1.2679 +/- 0.0374
INFO:root:Epoch no. 145 of 500 (samples: 539520)
INFO:root:Loss: 1.2632 +/- 0.0303
INFO:root:Epoch no. 146 of 500 (samples: 539520)
INFO:root:Loss: 1.2521 +/- 0.0256
INFO:root:Epoch no. 147 of 500 (samples: 539520)
INFO:root:Loss: 1.2553 +/- 0.0248
INFO:root:Epoch no. 148 of 500 (samples: 539520)
INFO:root:Loss: 1.2385 +/- 0.0394
INFO:root:Epoch no. 149 of 500 (samples: 539520)
INFO:root:Loss: 1.235 +/- 0.0229
INFO:root:Epoch no. 150 of 500 (samples: 539520)
INFO:root:Loss: 1.2415 +/- 0.031
INFO:root:Epoch no. 151 of 500 (samples: 539520)
INFO:root:Loss: 1.2509 +/- 0.0302
INFO:root:Epoch no. 152 of 500 (samples: 539520)
INFO:root:Loss: 1.234 +/- 0.0252
INFO:root:Epoch no. 153 of 500 (samples: 539520)
INFO:root:Loss: 1.2262 +/- 0.0349
INFO:root:Epoch no. 154 of 500 (samples: 539520)
INFO:root:Loss: 1.2235 +/- 0.0512
INFO:root:Epoch no. 155 of 500 (samples: 539520)
INFO:root:Loss: 1.2236 +/- 0.026
INFO:root:Epoch no. 156 of 500 (samples: 539520)
INFO:root:Loss: 1.2321 +/- 0.0276
INFO:root:Epoch no. 157 of 500 (samples: 539520)
INFO:root:Loss: 1.2354 +/- 0.0248
INFO:root:Epoch no. 158 of 500 (samples: 539520)
INFO:root:Loss: 1.2236 +/- 0.0245
INFO:root:Epoch no. 159 of 500 (samples: 539520)
INFO:root:Loss: 1.2236 +/- 0.0337
INFO:root:Epoch no. 160 of 500 (samples: 539520)
INFO:root:Loss: 1.2195 +/- 0.0285
INFO:root:Epoch no. 161 of 500 (samples: 539520)
INFO:root:Loss: 1.2375 +/- 0.0303
INFO:root:Epoch no. 162 of 500 (samples: 539520)
INFO:root:Loss: 1.223 +/- 0.0322
INFO:root:Epoch no. 163 of 500 (samples: 539520)
INFO:root:Loss: 1.2024 +/- 0.0248
INFO:root:Epoch no. 164 of 500 (samples: 539520)
INFO:root:Loss: 1.1962 +/- 0.035
INFO:root:Epoch no. 165 of 500 (samples: 539520)
INFO:root:Loss: 1.2122 +/- 0.025
INFO:root:Epoch no. 166 of 500 (samples: 539520)
INFO:root:Loss: 1.2051 +/- 0.0084
INFO:root:Epoch no. 167 of 500 (samples: 539520)
INFO:root:Loss: 1.1994 +/- 0.0414
INFO:root:Epoch no. 168 of 500 (samples: 539520)
INFO:root:Loss: 1.2006 +/- 0.0336
INFO:root:Epoch no. 169 of 500 (samples: 539520)
INFO:root:Loss: 1.1864 +/- 0.0229
INFO:root:Epoch no. 170 of 500 (samples: 539520)
INFO:root:Loss: 1.2008 +/- 0.0253
INFO:root:Epoch no. 171 of 500 (samples: 539520)
INFO:root:Loss: 1.1885 +/- 0.0278
INFO:root:Epoch no. 172 of 500 (samples: 539520)
INFO:root:Loss: 1.1952 +/- 0.0226
INFO:root:Epoch no. 173 of 500 (samples: 539520)
INFO:root:Loss: 1.1894 +/- 0.029
INFO:root:Epoch no. 174 of 500 (samples: 539520)
INFO:root:Loss: 1.1983 +/- 0.0302
INFO:root:Epoch no. 175 of 500 (samples: 539520)
INFO:root:Loss: 1.1782 +/- 0.0225
INFO:root:Epoch no. 176 of 500 (samples: 539520)
INFO:root:Loss: 1.1833 +/- 0.0244
INFO:root:Epoch no. 177 of 500 (samples: 539520)
INFO:root:Loss: 1.1929 +/- 0.0262
INFO:root:Epoch no. 178 of 500 (samples: 539520)
INFO:root:Loss: 1.1918 +/- 0.0335
INFO:root:Epoch no. 179 of 500 (samples: 539520)
INFO:root:Loss: 1.1852 +/- 0.0243
INFO:root:Epoch no. 180 of 500 (samples: 539520)
INFO:root:Loss: 1.1845 +/- 0.0284
INFO:root:Epoch no. 181 of 500 (samples: 539520)
INFO:root:Loss: 1.1749 +/- 0.0272
INFO:root:Epoch no. 182 of 500 (samples: 539520)
INFO:root:Loss: 1.1784 +/- 0.0261
INFO:root:Epoch no. 183 of 500 (samples: 539520)
INFO:root:Loss: 1.1684 +/- 0.0221
INFO:root:Epoch no. 184 of 500 (samples: 539520)
INFO:root:Loss: 1.187 +/- 0.0266
INFO:root:Epoch no. 185 of 500 (samples: 539520)
INFO:root:Loss: 1.1699 +/- 0.0154
INFO:root:Epoch no. 186 of 500 (samples: 539520)
INFO:root:Loss: 1.1753 +/- 0.027
INFO:root:Epoch no. 187 of 500 (samples: 539520)
INFO:root:Loss: 1.1713 +/- 0.0356
INFO:root:Epoch no. 188 of 500 (samples: 539520)
INFO:root:Loss: 1.1598 +/- 0.0251
INFO:root:Epoch no. 189 of 500 (samples: 539520)
INFO:root:Loss: 1.163 +/- 0.0258
INFO:root:Epoch no. 190 of 500 (samples: 539520)
INFO:root:Loss: 1.1549 +/- 0.0254
INFO:root:Epoch no. 191 of 500 (samples: 539520)
INFO:root:Loss: 1.1669 +/- 0.0278
INFO:root:Epoch no. 192 of 500 (samples: 539520)
INFO:root:Loss: 1.1592 +/- 0.0345
INFO:root:Epoch no. 193 of 500 (samples: 539520)
INFO:root:Loss: 1.161 +/- 0.0375
INFO:root:Epoch no. 194 of 500 (samples: 539520)
INFO:root:Loss: 1.1531 +/- 0.0343
INFO:root:Epoch no. 195 of 500 (samples: 539520)
INFO:root:Loss: 1.1536 +/- 0.0348
INFO:root:Epoch no. 196 of 500 (samples: 539520)
INFO:root:Loss: 1.1639 +/- 0.0276
INFO:root:Epoch no. 197 of 500 (samples: 539520)
INFO:root:Loss: 1.1518 +/- 0.0387
INFO:root:Epoch no. 198 of 500 (samples: 539520)
INFO:root:Loss: 1.1656 +/- 0.0194
INFO:root:Epoch no. 199 of 500 (samples: 539520)
INFO:root:Loss: 1.144 +/- 0.0322
INFO:root:Epoch no. 200 of 500 (samples: 539520)
INFO:root:Loss: 1.1449 +/- 0.0169
INFO:root:Epoch no. 201 of 500 (samples: 539520)
INFO:root:Loss: 1.1525 +/- 0.0271
INFO:root:Epoch no. 202 of 500 (samples: 539520)
INFO:root:Loss: 1.1361 +/- 0.0301
INFO:root:Epoch no. 203 of 500 (samples: 539520)
INFO:root:Loss: 1.1366 +/- 0.0299
INFO:root:Epoch no. 204 of 500 (samples: 539520)
INFO:root:Loss: 1.1541 +/- 0.025
INFO:root:Epoch no. 205 of 500 (samples: 539520)
INFO:root:Loss: 1.1449 +/- 0.0345
INFO:root:Epoch no. 206 of 500 (samples: 539520)
INFO:root:Loss: 1.1351 +/- 0.0302
INFO:root:Epoch no. 207 of 500 (samples: 539520)
INFO:root:Loss: 1.1277 +/- 0.0349
INFO:root:Epoch no. 208 of 500 (samples: 539520)
INFO:root:Loss: 1.1493 +/- 0.0246
INFO:root:Epoch no. 209 of 500 (samples: 539520)
INFO:root:Loss: 1.1312 +/- 0.0224
INFO:root:Epoch no. 210 of 500 (samples: 539520)
INFO:root:Loss: 1.1335 +/- 0.0215
INFO:root:Epoch no. 211 of 500 (samples: 539520)
INFO:root:Loss: 1.1314 +/- 0.0321
INFO:root:Epoch no. 212 of 500 (samples: 539520)
INFO:root:Loss: 1.1378 +/- 0.0241
INFO:root:Epoch no. 213 of 500 (samples: 539520)
INFO:root:Loss: 1.1233 +/- 0.025
INFO:root:Epoch no. 214 of 500 (samples: 539520)
INFO:root:Loss: 1.1417 +/- 0.0318
INFO:root:Epoch no. 215 of 500 (samples: 539520)
INFO:root:Loss: 1.1292 +/- 0.0313
INFO:root:Epoch no. 216 of 500 (samples: 539520)
INFO:root:Loss: 1.1363 +/- 0.0415
INFO:root:Epoch no. 217 of 500 (samples: 539520)
INFO:root:Loss: 1.1286 +/- 0.0379
INFO:root:Epoch no. 218 of 500 (samples: 539520)
INFO:root:Loss: 1.1164 +/- 0.0261
INFO:root:Epoch no. 219 of 500 (samples: 539520)
INFO:root:Loss: 1.1083 +/- 0.0233
INFO:root:Epoch no. 220 of 500 (samples: 539520)
INFO:root:Loss: 1.132 +/- 0.0297
INFO:root:Epoch no. 221 of 500 (samples: 539520)
INFO:root:Loss: 1.1294 +/- 0.0419
INFO:root:Epoch no. 222 of 500 (samples: 539520)
INFO:root:Loss: 1.1079 +/- 0.031
INFO:root:Epoch no. 223 of 500 (samples: 539520)
INFO:root:Loss: 1.1247 +/- 0.0171
INFO:root:Epoch no. 224 of 500 (samples: 539520)
INFO:root:Loss: 1.1215 +/- 0.027
INFO:root:Epoch no. 225 of 500 (samples: 539520)
INFO:root:Loss: 1.1124 +/- 0.0253
INFO:root:Epoch no. 226 of 500 (samples: 539520)
INFO:root:Loss: 1.1228 +/- 0.0294
INFO:root:Epoch no. 227 of 500 (samples: 539520)
INFO:root:Loss: 1.1158 +/- 0.0303
INFO:root:Epoch no. 228 of 500 (samples: 539520)
INFO:root:Loss: 1.1276 +/- 0.0367
INFO:root:Epoch no. 229 of 500 (samples: 539520)
INFO:root:Loss: 1.1237 +/- 0.0338
INFO:root:Epoch no. 230 of 500 (samples: 539520)
INFO:root:Loss: 1.109 +/- 0.0237
INFO:root:Epoch no. 231 of 500 (samples: 539520)
INFO:root:Loss: 1.1026 +/- 0.0257
INFO:root:Epoch no. 232 of 500 (samples: 539520)
INFO:root:Loss: 1.1088 +/- 0.0399
INFO:root:Epoch no. 233 of 500 (samples: 539520)
INFO:root:Loss: 1.1028 +/- 0.0254
INFO:root:Epoch no. 234 of 500 (samples: 539520)
INFO:root:Loss: 1.124 +/- 0.0283
INFO:root:Epoch no. 235 of 500 (samples: 539520)
INFO:root:Loss: 1.0993 +/- 0.0171
INFO:root:Epoch no. 236 of 500 (samples: 539520)
INFO:root:Loss: 1.1082 +/- 0.0224
INFO:root:Epoch no. 237 of 500 (samples: 539520)
INFO:root:Loss: 1.0991 +/- 0.0332
INFO:root:Epoch no. 238 of 500 (samples: 539520)
INFO:root:Loss: 1.0989 +/- 0.0175
INFO:root:Epoch no. 239 of 500 (samples: 539520)
INFO:root:Loss: 1.0985 +/- 0.0227
INFO:root:Epoch no. 240 of 500 (samples: 539520)
INFO:root:Loss: 1.096 +/- 0.0236
INFO:root:Epoch no. 241 of 500 (samples: 539520)
INFO:root:Loss: 1.1116 +/- 0.0362
INFO:root:Epoch no. 242 of 500 (samples: 539520)
INFO:root:Loss: 1.1 +/- 0.0267
INFO:root:Epoch no. 243 of 500 (samples: 539520)
INFO:root:Loss: 1.093 +/- 0.0209
INFO:root:Epoch no. 244 of 500 (samples: 539520)
INFO:root:Loss: 1.0833 +/- 0.0199
INFO:root:Epoch no. 245 of 500 (samples: 539520)
INFO:root:Loss: 1.0826 +/- 0.0268
INFO:root:Epoch no. 246 of 500 (samples: 539520)
INFO:root:Loss: 1.0997 +/- 0.0169
INFO:root:Epoch no. 247 of 500 (samples: 539520)
INFO:root:Loss: 1.0978 +/- 0.029
INFO:root:Epoch no. 248 of 500 (samples: 539520)
INFO:root:Loss: 1.0899 +/- 0.0199
INFO:root:Epoch no. 249 of 500 (samples: 539520)
INFO:root:Loss: 1.0929 +/- 0.0294
INFO:root:Epoch no. 250 of 500 (samples: 539520)
INFO:root:Loss: 1.0973 +/- 0.043
INFO:root:Epoch no. 251 of 500 (samples: 539520)
INFO:root:Loss: 1.0971 +/- 0.0188
INFO:root:Epoch no. 252 of 500 (samples: 539520)
INFO:root:Loss: 1.0959 +/- 0.0321
INFO:root:Epoch no. 253 of 500 (samples: 539520)
INFO:root:Loss: 1.0724 +/- 0.019
INFO:root:Epoch no. 254 of 500 (samples: 539520)
INFO:root:Loss: 1.0864 +/- 0.0248
INFO:root:Epoch no. 255 of 500 (samples: 539520)
INFO:root:Loss: 1.0838 +/- 0.0341
INFO:root:Epoch no. 256 of 500 (samples: 539520)
INFO:root:Loss: 1.0844 +/- 0.0339
INFO:root:Epoch no. 257 of 500 (samples: 539520)
INFO:root:Loss: 1.076 +/- 0.024
INFO:root:Epoch no. 258 of 500 (samples: 539520)
INFO:root:Loss: 1.077 +/- 0.0204
INFO:root:Epoch no. 259 of 500 (samples: 539520)
INFO:root:Loss: 1.0832 +/- 0.0343
INFO:root:Epoch no. 260 of 500 (samples: 539520)
INFO:root:Loss: 1.0769 +/- 0.0227
INFO:root:Epoch no. 261 of 500 (samples: 539520)
INFO:root:Loss: 1.0768 +/- 0.0268
INFO:root:Epoch no. 262 of 500 (samples: 539520)
INFO:root:Loss: 1.085 +/- 0.0167
INFO:root:Epoch no. 263 of 500 (samples: 539520)
INFO:root:Loss: 1.0738 +/- 0.028
INFO:root:Epoch no. 264 of 500 (samples: 539520)
INFO:root:Loss: 1.078 +/- 0.0234
INFO:root:Epoch no. 265 of 500 (samples: 539520)
INFO:root:Loss: 1.0742 +/- 0.0243
INFO:root:Epoch no. 266 of 500 (samples: 539520)
INFO:root:Loss: 1.0652 +/- 0.0287
INFO:root:Epoch no. 267 of 500 (samples: 539520)
INFO:root:Loss: 1.0719 +/- 0.0413
INFO:root:Epoch no. 268 of 500 (samples: 539520)
INFO:root:Loss: 1.0754 +/- 0.0222
INFO:root:Epoch no. 269 of 500 (samples: 539520)
INFO:root:Loss: 1.0866 +/- 0.0269
INFO:root:Epoch no. 270 of 500 (samples: 539520)
INFO:root:Loss: 1.0715 +/- 0.0254
INFO:root:Epoch no. 271 of 500 (samples: 539520)
INFO:root:Loss: 1.0642 +/- 0.0346
INFO:root:Epoch no. 272 of 500 (samples: 539520)
INFO:root:Loss: 1.0598 +/- 0.032
INFO:root:Epoch no. 273 of 500 (samples: 539520)
INFO:root:Loss: 1.0864 +/- 0.0214
INFO:root:Epoch no. 274 of 500 (samples: 539520)
INFO:root:Loss: 1.0845 +/- 0.0157
INFO:root:Epoch no. 275 of 500 (samples: 539520)
INFO:root:Loss: 1.0634 +/- 0.0423
INFO:root:Epoch no. 276 of 500 (samples: 539520)
INFO:root:Loss: 1.0718 +/- 0.0294
INFO:root:Epoch no. 277 of 500 (samples: 539520)
INFO:root:Loss: 1.0562 +/- 0.0179
INFO:root:Epoch no. 278 of 500 (samples: 539520)
INFO:root:Loss: 1.0632 +/- 0.0311
INFO:root:Epoch no. 279 of 500 (samples: 539520)
INFO:root:Loss: 1.053 +/- 0.0262
INFO:root:Epoch no. 280 of 500 (samples: 539520)
INFO:root:Loss: 1.0686 +/- 0.0281
INFO:root:Epoch no. 281 of 500 (samples: 539520)
INFO:root:Loss: 1.0731 +/- 0.0299
INFO:root:Epoch no. 282 of 500 (samples: 539520)
INFO:root:Loss: 1.0611 +/- 0.0285
INFO:root:Epoch no. 283 of 500 (samples: 539520)
INFO:root:Loss: 1.0662 +/- 0.0196
INFO:root:Epoch no. 284 of 500 (samples: 539520)
INFO:root:Loss: 1.0608 +/- 0.023
INFO:root:Epoch no. 285 of 500 (samples: 539520)
INFO:root:Loss: 1.0572 +/- 0.0258
INFO:root:Epoch no. 286 of 500 (samples: 539520)
INFO:root:Loss: 1.0541 +/- 0.0441
INFO:root:Epoch no. 287 of 500 (samples: 539520)
INFO:root:Loss: 1.0415 +/- 0.0336
INFO:root:Epoch no. 288 of 500 (samples: 539520)
INFO:root:Loss: 1.0613 +/- 0.0221
INFO:root:Epoch no. 289 of 500 (samples: 539520)
INFO:root:Loss: 1.051 +/- 0.0307
INFO:root:Epoch no. 290 of 500 (samples: 539520)
INFO:root:Loss: 1.041 +/- 0.0219
INFO:root:Epoch no. 291 of 500 (samples: 539520)
INFO:root:Loss: 1.058 +/- 0.0241
INFO:root:Epoch no. 292 of 500 (samples: 539520)
INFO:root:Loss: 1.0485 +/- 0.0282
INFO:root:Epoch no. 293 of 500 (samples: 539520)
INFO:root:Loss: 1.0547 +/- 0.0293
INFO:root:Epoch no. 294 of 500 (samples: 539520)
INFO:root:Loss: 1.0558 +/- 0.0295
INFO:root:Epoch no. 295 of 500 (samples: 539520)
INFO:root:Loss: 1.0444 +/- 0.0335
INFO:root:Epoch no. 296 of 500 (samples: 539520)
INFO:root:Loss: 1.0552 +/- 0.0301
INFO:root:Epoch no. 297 of 500 (samples: 539520)
INFO:root:Loss: 1.0474 +/- 0.0201
INFO:root:Epoch no. 298 of 500 (samples: 539520)
INFO:root:Loss: 1.0473 +/- 0.0271
INFO:root:Epoch no. 299 of 500 (samples: 539520)
INFO:root:Loss: 1.0554 +/- 0.0248
INFO:root:Epoch no. 300 of 500 (samples: 539520)
INFO:root:Loss: 1.0454 +/- 0.0339
INFO:root:Epoch no. 301 of 500 (samples: 539520)
INFO:root:Loss: 1.0449 +/- 0.0237
INFO:root:Epoch no. 302 of 500 (samples: 539520)
INFO:root:Loss: 1.0562 +/- 0.0277
INFO:root:Epoch no. 303 of 500 (samples: 539520)
INFO:root:Loss: 1.0546 +/- 0.0292
INFO:root:Epoch no. 304 of 500 (samples: 539520)
INFO:root:Loss: 1.0439 +/- 0.025
INFO:root:Epoch no. 305 of 500 (samples: 539520)
INFO:root:Loss: 1.0431 +/- 0.0308
INFO:root:Epoch no. 306 of 500 (samples: 539520)
INFO:root:Loss: 1.0239 +/- 0.029
INFO:root:Epoch no. 307 of 500 (samples: 539520)
INFO:root:Loss: 1.0246 +/- 0.0349
INFO:root:Epoch no. 308 of 500 (samples: 539520)
INFO:root:Loss: 1.0437 +/- 0.0282
INFO:root:Epoch no. 309 of 500 (samples: 539520)
INFO:root:Loss: 1.032 +/- 0.0269
INFO:root:Epoch no. 310 of 500 (samples: 539520)
INFO:root:Loss: 1.0459 +/- 0.0353
INFO:root:Epoch no. 311 of 500 (samples: 539520)
INFO:root:Loss: 1.0449 +/- 0.0315
INFO:root:Epoch no. 312 of 500 (samples: 539520)
INFO:root:Loss: 1.0272 +/- 0.0437
INFO:root:Epoch no. 313 of 500 (samples: 539520)
INFO:root:Loss: 1.0253 +/- 0.0376
INFO:root:Epoch no. 314 of 500 (samples: 539520)
INFO:root:Loss: 1.0356 +/- 0.0397
INFO:root:Epoch no. 315 of 500 (samples: 539520)
INFO:root:Loss: 1.0223 +/- 0.0298
INFO:root:Epoch no. 316 of 500 (samples: 539520)
INFO:root:Loss: 1.0218 +/- 0.0339
INFO:root:Epoch no. 317 of 500 (samples: 539520)
INFO:root:Loss: 1.0335 +/- 0.017
INFO:root:Epoch no. 318 of 500 (samples: 539520)
INFO:root:Loss: 1.0393 +/- 0.0291
INFO:root:Epoch no. 319 of 500 (samples: 539520)
INFO:root:Loss: 1.0428 +/- 0.0249
INFO:root:Epoch no. 320 of 500 (samples: 539520)
INFO:root:Loss: 1.0416 +/- 0.0413
INFO:root:Epoch no. 321 of 500 (samples: 539520)
INFO:root:Loss: 1.0268 +/- 0.0257
INFO:root:Epoch no. 322 of 500 (samples: 539520)
INFO:root:Loss: 1.0398 +/- 0.0274
INFO:root:Epoch no. 323 of 500 (samples: 539520)
INFO:root:Loss: 1.0257 +/- 0.0266
INFO:root:Epoch no. 324 of 500 (samples: 539520)
INFO:root:Loss: 1.0298 +/- 0.0418
INFO:root:Epoch no. 325 of 500 (samples: 539520)
INFO:root:Loss: 1.0224 +/- 0.0298
INFO:root:Epoch no. 326 of 500 (samples: 539520)
INFO:root:Loss: 1.0427 +/- 0.0319
INFO:root:Epoch no. 327 of 500 (samples: 539520)
INFO:root:Loss: 1.0535 +/- 0.0277
INFO:root:Epoch no. 328 of 500 (samples: 539520)
INFO:root:Loss: 1.0251 +/- 0.0253
INFO:root:Epoch no. 329 of 500 (samples: 539520)
INFO:root:Loss: 1.0138 +/- 0.0295
INFO:root:Epoch no. 330 of 500 (samples: 539520)
INFO:root:Loss: 1.0338 +/- 0.032
INFO:root:Epoch no. 331 of 500 (samples: 539520)
INFO:root:Loss: 1.024 +/- 0.0289
INFO:root:Epoch no. 332 of 500 (samples: 539520)
INFO:root:Loss: 1.0314 +/- 0.0158
INFO:root:Epoch no. 333 of 500 (samples: 539520)
INFO:root:Loss: 1.0257 +/- 0.0463
INFO:root:Epoch no. 334 of 500 (samples: 539520)
INFO:root:Loss: 1.0419 +/- 0.0279
INFO:root:Epoch no. 335 of 500 (samples: 539520)
INFO:root:Loss: 1.0056 +/- 0.027
INFO:root:Epoch no. 336 of 500 (samples: 539520)
INFO:root:Loss: 1.0092 +/- 0.0215
INFO:root:Epoch no. 337 of 500 (samples: 539520)
INFO:root:Loss: 1.0177 +/- 0.0427
INFO:root:Epoch no. 338 of 500 (samples: 539520)
INFO:root:Loss: 1.0118 +/- 0.0321
INFO:root:Epoch no. 339 of 500 (samples: 539520)
INFO:root:Loss: 1.0114 +/- 0.0274
INFO:root:Epoch no. 340 of 500 (samples: 539520)
INFO:root:Loss: 1.0175 +/- 0.0349
INFO:root:Epoch no. 341 of 500 (samples: 539520)
INFO:root:Loss: 1.0192 +/- 0.0176
INFO:root:Epoch no. 342 of 500 (samples: 539520)
INFO:root:Loss: 1.0244 +/- 0.0218
INFO:root:Epoch no. 343 of 500 (samples: 539520)
INFO:root:Loss: 1.0066 +/- 0.0378
INFO:root:Epoch no. 344 of 500 (samples: 539520)
INFO:root:Loss: 1.0244 +/- 0.0233
INFO:root:Epoch no. 345 of 500 (samples: 539520)
INFO:root:Loss: 1.0114 +/- 0.0177
INFO:root:Epoch no. 346 of 500 (samples: 539520)
INFO:root:Loss: 1.016 +/- 0.0378
INFO:root:Epoch no. 347 of 500 (samples: 539520)
INFO:root:Loss: 1.0046 +/- 0.0286
INFO:root:Epoch no. 348 of 500 (samples: 539520)
INFO:root:Loss: 1.0102 +/- 0.0211
INFO:root:Epoch no. 349 of 500 (samples: 539520)
INFO:root:Loss: 1.019 +/- 0.0262
INFO:root:Epoch no. 350 of 500 (samples: 539520)
INFO:root:Loss: 1.0147 +/- 0.0257
INFO:root:Epoch no. 351 of 500 (samples: 539520)
INFO:root:Loss: 1.0057 +/- 0.0346
INFO:root:Epoch no. 352 of 500 (samples: 539520)
INFO:root:Loss: 1.0175 +/- 0.0293
INFO:root:Epoch no. 353 of 500 (samples: 539520)
INFO:root:Loss: 1.02 +/- 0.0214
INFO:root:Epoch no. 354 of 500 (samples: 539520)
INFO:root:Loss: 1.0127 +/- 0.0439
INFO:root:Epoch no. 355 of 500 (samples: 539520)
INFO:root:Loss: 1.0123 +/- 0.0357
INFO:root:Epoch no. 356 of 500 (samples: 539520)
INFO:root:Loss: 1.0118 +/- 0.0247
INFO:root:Epoch no. 357 of 500 (samples: 539520)
INFO:root:Loss: 1.0107 +/- 0.0291
INFO:root:Epoch no. 358 of 500 (samples: 539520)
INFO:root:Loss: 0.9949 +/- 0.021
INFO:root:Epoch no. 359 of 500 (samples: 539520)
INFO:root:Loss: 1.0124 +/- 0.0127
INFO:root:Epoch no. 360 of 500 (samples: 539520)
INFO:root:Loss: 0.9994 +/- 0.0338
INFO:root:Epoch no. 361 of 500 (samples: 539520)
INFO:root:Loss: 1.0263 +/- 0.0351
INFO:root:Epoch no. 362 of 500 (samples: 539520)
INFO:root:Loss: 1.0052 +/- 0.0296
INFO:root:Epoch no. 363 of 500 (samples: 539520)
INFO:root:Loss: 0.9956 +/- 0.0417
INFO:root:Epoch no. 364 of 500 (samples: 539520)
INFO:root:Loss: 0.9884 +/- 0.0339
INFO:root:Epoch no. 365 of 500 (samples: 539520)
INFO:root:Loss: 1.0044 +/- 0.0415
INFO:root:Epoch no. 366 of 500 (samples: 539520)
INFO:root:Loss: 0.9897 +/- 0.0418
INFO:root:Epoch no. 367 of 500 (samples: 539520)
INFO:root:Loss: 0.9909 +/- 0.023
INFO:root:Epoch no. 368 of 500 (samples: 539520)
INFO:root:Loss: 0.9938 +/- 0.0259
INFO:root:Epoch no. 369 of 500 (samples: 539520)
INFO:root:Loss: 1.0062 +/- 0.0304
INFO:root:Epoch no. 370 of 500 (samples: 539520)
INFO:root:Loss: 1.0049 +/- 0.0363
INFO:root:Epoch no. 371 of 500 (samples: 539520)
INFO:root:Loss: 1.0133 +/- 0.0303
INFO:root:Epoch no. 372 of 500 (samples: 539520)
INFO:root:Loss: 0.9785 +/- 0.034
INFO:root:Epoch no. 373 of 500 (samples: 539520)
INFO:root:Loss: 0.998 +/- 0.0252
INFO:root:Epoch no. 374 of 500 (samples: 539520)
INFO:root:Loss: 0.9956 +/- 0.03
INFO:root:Epoch no. 375 of 500 (samples: 539520)
INFO:root:Loss: 0.9926 +/- 0.0168
INFO:root:Epoch no. 376 of 500 (samples: 539520)
INFO:root:Loss: 0.979 +/- 0.041
INFO:root:Epoch no. 377 of 500 (samples: 539520)
INFO:root:Loss: 0.9978 +/- 0.0301
INFO:root:Epoch no. 378 of 500 (samples: 539520)
INFO:root:Loss: 0.9971 +/- 0.0332
INFO:root:Epoch no. 379 of 500 (samples: 539520)
INFO:root:Loss: 0.9907 +/- 0.0212
INFO:root:Epoch no. 380 of 500 (samples: 539520)
INFO:root:Loss: 1.0011 +/- 0.0337
INFO:root:Epoch no. 381 of 500 (samples: 539520)
INFO:root:Loss: 0.9962 +/- 0.0246
INFO:root:Epoch no. 382 of 500 (samples: 539520)
INFO:root:Loss: 0.9896 +/- 0.0317
INFO:root:Epoch no. 383 of 500 (samples: 539520)
INFO:root:Loss: 0.9928 +/- 0.0354
INFO:root:Epoch no. 384 of 500 (samples: 539520)
INFO:root:Loss: 0.9941 +/- 0.026
INFO:root:Epoch no. 385 of 500 (samples: 539520)
INFO:root:Loss: 0.9864 +/- 0.032
INFO:root:Epoch no. 386 of 500 (samples: 539520)
INFO:root:Loss: 1.0054 +/- 0.0354
INFO:root:Epoch no. 387 of 500 (samples: 539520)
INFO:root:Loss: 0.9981 +/- 0.0303
INFO:root:Epoch no. 388 of 500 (samples: 539520)
INFO:root:Loss: 0.9964 +/- 0.021
INFO:root:Epoch no. 389 of 500 (samples: 539520)
INFO:root:Loss: 0.985 +/- 0.0311
INFO:root:Epoch no. 390 of 500 (samples: 539520)
INFO:root:Loss: 1.0112 +/- 0.0188
INFO:root:Epoch no. 391 of 500 (samples: 539520)
INFO:root:Loss: 0.9733 +/- 0.0257
INFO:root:Epoch no. 392 of 500 (samples: 539520)
INFO:root:Loss: 0.9846 +/- 0.034
INFO:root:Epoch no. 393 of 500 (samples: 539520)
INFO:root:Loss: 0.9784 +/- 0.0321
INFO:root:Epoch no. 394 of 500 (samples: 539520)
INFO:root:Loss: 0.993 +/- 0.032
INFO:root:Epoch no. 395 of 500 (samples: 539520)
INFO:root:Loss: 0.9836 +/- 0.0313
INFO:root:Epoch no. 396 of 500 (samples: 539520)
INFO:root:Loss: 0.9919 +/- 0.0326
INFO:root:Epoch no. 397 of 500 (samples: 539520)
INFO:root:Loss: 0.9806 +/- 0.0256
INFO:root:Epoch no. 398 of 500 (samples: 539520)
INFO:root:Loss: 0.9862 +/- 0.0368
INFO:root:Epoch no. 399 of 500 (samples: 539520)
INFO:root:Loss: 0.9672 +/- 0.0272
INFO:root:Epoch no. 400 of 500 (samples: 539520)
INFO:root:Loss: 0.9826 +/- 0.0288
INFO:root:Epoch no. 401 of 500 (samples: 539520)
INFO:root:Loss: 0.9857 +/- 0.0447
INFO:root:Epoch no. 402 of 500 (samples: 539520)
INFO:root:Loss: 0.9678 +/- 0.0366
INFO:root:Epoch no. 403 of 500 (samples: 539520)
INFO:root:Loss: 0.9813 +/- 0.0216
INFO:root:Epoch no. 404 of 500 (samples: 539520)
INFO:root:Loss: 0.9972 +/- 0.031
INFO:root:Epoch no. 405 of 500 (samples: 539520)
INFO:root:Loss: 0.9856 +/- 0.0285
INFO:root:Epoch no. 406 of 500 (samples: 539520)
INFO:root:Loss: 0.9748 +/- 0.0186
INFO:root:Epoch no. 407 of 500 (samples: 539520)
INFO:root:Loss: 0.9931 +/- 0.0304
INFO:root:Epoch no. 408 of 500 (samples: 539520)
INFO:root:Loss: 0.9888 +/- 0.0258
INFO:root:Epoch no. 409 of 500 (samples: 539520)
INFO:root:Loss: 0.9709 +/- 0.0394
INFO:root:Epoch no. 410 of 500 (samples: 539520)
INFO:root:Loss: 0.9876 +/- 0.0253
INFO:root:Epoch no. 411 of 500 (samples: 539520)
INFO:root:Loss: 0.9751 +/- 0.0177
INFO:root:Epoch no. 412 of 500 (samples: 539520)
INFO:root:Loss: 0.9759 +/- 0.0277
INFO:root:Epoch no. 413 of 500 (samples: 539520)
INFO:root:Loss: 0.9872 +/- 0.0225
INFO:root:Epoch no. 414 of 500 (samples: 539520)
INFO:root:Loss: 0.9838 +/- 0.0323
INFO:root:Epoch no. 415 of 500 (samples: 539520)
INFO:root:Loss: 0.9802 +/- 0.0343
INFO:root:Epoch no. 416 of 500 (samples: 539520)
INFO:root:Loss: 0.9743 +/- 0.0311
INFO:root:Epoch no. 417 of 500 (samples: 539520)
INFO:root:Loss: 0.9697 +/- 0.0294
INFO:root:Epoch no. 418 of 500 (samples: 539520)
INFO:root:Loss: 0.9742 +/- 0.0188
INFO:root:Epoch no. 419 of 500 (samples: 539520)
INFO:root:Loss: 0.979 +/- 0.0243
INFO:root:Epoch no. 420 of 500 (samples: 539520)
INFO:root:Loss: 0.9781 +/- 0.0283
INFO:root:Epoch no. 421 of 500 (samples: 539520)
INFO:root:Loss: 0.9533 +/- 0.0253
INFO:root:Epoch no. 422 of 500 (samples: 539520)
INFO:root:Loss: 0.9727 +/- 0.0147
INFO:root:Epoch no. 423 of 500 (samples: 539520)
INFO:root:Loss: 0.9665 +/- 0.0322
INFO:root:Epoch no. 424 of 500 (samples: 539520)
INFO:root:Loss: 0.9718 +/- 0.036
INFO:root:Epoch no. 425 of 500 (samples: 539520)
INFO:root:Loss: 0.9699 +/- 0.0213
INFO:root:Epoch no. 426 of 500 (samples: 539520)
INFO:root:Loss: 0.9798 +/- 0.0217
INFO:root:Epoch no. 427 of 500 (samples: 539520)
INFO:root:Loss: 0.9682 +/- 0.0255
INFO:root:Epoch no. 428 of 500 (samples: 539520)
INFO:root:Loss: 0.9729 +/- 0.0194
INFO:root:Epoch no. 429 of 500 (samples: 539520)
INFO:root:Loss: 0.9682 +/- 0.0274
INFO:root:Epoch no. 430 of 500 (samples: 539520)
INFO:root:Loss: 0.9846 +/- 0.0268
INFO:root:Epoch no. 431 of 500 (samples: 539520)
INFO:root:Loss: 0.9749 +/- 0.0238
INFO:root:Epoch no. 432 of 500 (samples: 539520)
INFO:root:Loss: 0.9639 +/- 0.0246
INFO:root:Epoch no. 433 of 500 (samples: 539520)
INFO:root:Loss: 0.9579 +/- 0.0409
INFO:root:Epoch no. 434 of 500 (samples: 539520)
INFO:root:Loss: 0.9745 +/- 0.0187
INFO:root:Epoch no. 435 of 500 (samples: 539520)
INFO:root:Loss: 0.9657 +/- 0.0366
INFO:root:Epoch no. 436 of 500 (samples: 539520)
INFO:root:Loss: 0.9675 +/- 0.0272
INFO:root:Epoch no. 437 of 500 (samples: 539520)
INFO:root:Loss: 0.9688 +/- 0.0243
INFO:root:Epoch no. 438 of 500 (samples: 539520)
INFO:root:Loss: 0.9698 +/- 0.0217
INFO:root:Epoch no. 439 of 500 (samples: 539520)
INFO:root:Loss: 0.9616 +/- 0.0297
INFO:root:Epoch no. 440 of 500 (samples: 539520)
INFO:root:Loss: 0.9697 +/- 0.0307
INFO:root:Epoch no. 441 of 500 (samples: 539520)
INFO:root:Loss: 0.952 +/- 0.0323
INFO:root:Epoch no. 442 of 500 (samples: 539520)
INFO:root:Loss: 0.967 +/- 0.0338
INFO:root:Epoch no. 443 of 500 (samples: 539520)
INFO:root:Loss: 0.9664 +/- 0.0342
INFO:root:Epoch no. 444 of 500 (samples: 539520)
INFO:root:Loss: 0.9704 +/- 0.0302
INFO:root:Epoch no. 445 of 500 (samples: 539520)
INFO:root:Loss: 0.9601 +/- 0.0281
INFO:root:Epoch no. 446 of 500 (samples: 539520)
INFO:root:Loss: 0.9737 +/- 0.0291
INFO:root:Epoch no. 447 of 500 (samples: 539520)
INFO:root:Loss: 0.9613 +/- 0.031
INFO:root:Epoch no. 448 of 500 (samples: 539520)
INFO:root:Loss: 0.959 +/- 0.0147
INFO:root:Epoch no. 449 of 500 (samples: 539520)
INFO:root:Loss: 0.9714 +/- 0.0221
INFO:root:Epoch no. 450 of 500 (samples: 539520)
INFO:root:Loss: 0.9481 +/- 0.0211
INFO:root:Epoch no. 451 of 500 (samples: 539520)
INFO:root:Loss: 0.9595 +/- 0.0264
INFO:root:Epoch no. 452 of 500 (samples: 539520)
INFO:root:Loss: 0.9596 +/- 0.0355
INFO:root:Epoch no. 453 of 500 (samples: 539520)
INFO:root:Loss: 0.9555 +/- 0.0251
INFO:root:Epoch no. 454 of 500 (samples: 539520)
INFO:root:Loss: 0.9758 +/- 0.0243
INFO:root:Epoch no. 455 of 500 (samples: 539520)
INFO:root:Loss: 0.9732 +/- 0.0343
INFO:root:Epoch no. 456 of 500 (samples: 539520)
INFO:root:Loss: 0.9656 +/- 0.0169
INFO:root:Epoch no. 457 of 500 (samples: 539520)
INFO:root:Loss: 0.9475 +/- 0.0349
INFO:root:Epoch no. 458 of 500 (samples: 539520)
INFO:root:Loss: 0.962 +/- 0.0291
INFO:root:Epoch no. 459 of 500 (samples: 539520)
INFO:root:Loss: 0.9657 +/- 0.0528
INFO:root:Epoch no. 460 of 500 (samples: 539520)
INFO:root:Loss: 0.9469 +/- 0.0262
INFO:root:Epoch no. 461 of 500 (samples: 539520)
INFO:root:Loss: 0.9489 +/- 0.0279
INFO:root:Epoch no. 462 of 500 (samples: 539520)
INFO:root:Loss: 0.9384 +/- 0.0272
INFO:root:Epoch no. 463 of 500 (samples: 539520)
INFO:root:Loss: 0.9549 +/- 0.0252
INFO:root:Epoch no. 464 of 500 (samples: 539520)
INFO:root:Loss: 0.9715 +/- 0.0333
INFO:root:Epoch no. 465 of 500 (samples: 539520)
INFO:root:Loss: 0.9621 +/- 0.0253
INFO:root:Epoch no. 466 of 500 (samples: 539520)
INFO:root:Loss: 0.964 +/- 0.0185
INFO:root:Epoch no. 467 of 500 (samples: 539520)
INFO:root:Loss: 0.9648 +/- 0.0323
INFO:root:Epoch no. 468 of 500 (samples: 539520)
INFO:root:Loss: 0.9497 +/- 0.0304
INFO:root:Epoch no. 469 of 500 (samples: 539520)
INFO:root:Loss: 0.9563 +/- 0.038
INFO:root:Epoch no. 470 of 500 (samples: 539520)
INFO:root:Loss: 0.9449 +/- 0.0335
INFO:root:Epoch no. 471 of 500 (samples: 539520)
INFO:root:Loss: 0.9503 +/- 0.0308
INFO:root:Epoch no. 472 of 500 (samples: 539520)
INFO:root:Loss: 0.9439 +/- 0.0275
INFO:root:Epoch no. 473 of 500 (samples: 539520)
INFO:root:Loss: 0.9493 +/- 0.04
INFO:root:Epoch no. 474 of 500 (samples: 539520)
INFO:root:Loss: 0.9556 +/- 0.0289
INFO:root:Epoch no. 475 of 500 (samples: 539520)
INFO:root:Loss: 0.953 +/- 0.0238
INFO:root:Epoch no. 476 of 500 (samples: 539520)
INFO:root:Loss: 0.9574 +/- 0.0296
INFO:root:Epoch no. 477 of 500 (samples: 539520)
INFO:root:Loss: 0.9368 +/- 0.037
INFO:root:Epoch no. 478 of 500 (samples: 539520)
INFO:root:Loss: 0.9489 +/- 0.0293
INFO:root:Epoch no. 479 of 500 (samples: 539520)
INFO:root:Loss: 0.9496 +/- 0.0375
INFO:root:Epoch no. 480 of 500 (samples: 539520)
INFO:root:Loss: 0.9488 +/- 0.0287
INFO:root:Epoch no. 481 of 500 (samples: 539520)
INFO:root:Loss: 0.953 +/- 0.0279
INFO:root:Epoch no. 482 of 500 (samples: 539520)
INFO:root:Loss: 0.9589 +/- 0.0169
INFO:root:Epoch no. 483 of 500 (samples: 539520)
INFO:root:Loss: 0.9437 +/- 0.0233
INFO:root:Epoch no. 484 of 500 (samples: 539520)
INFO:root:Loss: 0.9488 +/- 0.0237
INFO:root:Epoch no. 485 of 500 (samples: 539520)
INFO:root:Loss: 0.9485 +/- 0.0182
INFO:root:Epoch no. 486 of 500 (samples: 539520)
INFO:root:Loss: 0.935 +/- 0.0253
INFO:root:Epoch no. 487 of 500 (samples: 539520)
INFO:root:Loss: 0.9668 +/- 0.0325
INFO:root:Epoch no. 488 of 500 (samples: 539520)
INFO:root:Loss: 0.9499 +/- 0.0206
INFO:root:Epoch no. 489 of 500 (samples: 539520)
INFO:root:Loss: 0.9483 +/- 0.0224
INFO:root:Epoch no. 490 of 500 (samples: 539520)
INFO:root:Loss: 0.9447 +/- 0.0239
INFO:root:Epoch no. 491 of 500 (samples: 539520)
INFO:root:Loss: 0.9544 +/- 0.0269
INFO:root:Epoch no. 492 of 500 (samples: 539520)
INFO:root:Loss: 0.936 +/- 0.0207
INFO:root:Epoch no. 493 of 500 (samples: 539520)
INFO:root:Loss: 0.9446 +/- 0.0272
INFO:root:Epoch no. 494 of 500 (samples: 539520)
INFO:root:Loss: 0.9668 +/- 0.031
INFO:root:Epoch no. 495 of 500 (samples: 539520)
INFO:root:Loss: 0.9391 +/- 0.012
INFO:root:Epoch no. 496 of 500 (samples: 539520)
INFO:root:Loss: 0.9325 +/- 0.0309
INFO:root:Epoch no. 497 of 500 (samples: 539520)
INFO:root:Loss: 0.9359 +/- 0.0241
INFO:root:Epoch no. 498 of 500 (samples: 539520)
INFO:root:Loss: 0.9371 +/- 0.0241
INFO:root:Epoch no. 499 of 500 (samples: 539520)
INFO:root:Loss: 0.9465 +/- 0.0334
INFO:root:Epoch no. 500 of 500 (samples: 539520)
INFO:root:Loss: 0.9514 +/- 0.0274
/usr/local/lib/python3.5/dist-packages/keras/backend/theano_backend.py:527: UserWarning: theano.function was asked to create a function computing outputs given certain inputs, but the provided input variable at index 2 is not part of the computational graph needed to compute the outputs: keras_learning_phase.
To make this warning into an error, you can pass the parameter on_unused_input='raise' to theano.function. To disable it completely, use on_unused_input='ignore'.
  **kwargs)
INFO:root:### MICRO (validation raw):
INFO:root:	-- left   >> mean: 10882.8352, median: 435.0, mrr: 0.029, hits@1: 1.04%
INFO:root:	-- right  >> mean: 9398.4142, median: 48.0, mrr: 0.108, hits@1: 3.88%
INFO:root:	-- global >> mean: 10140.6247, median: 216.5, mrr: 0.069, hits@1: 2.46%
INFO:root:### MICRO (validation raw):
INFO:root:	-- left   >> mean: 10882.8352, median: 435.0, mrr: 0.029, hits@3: 2.4%
INFO:root:	-- right  >> mean: 9398.4142, median: 48.0, mrr: 0.108, hits@3: 11.18%
INFO:root:	-- global >> mean: 10140.6247, median: 216.5, mrr: 0.069, hits@3: 6.79%
INFO:root:### MICRO (validation raw):
INFO:root:	-- left   >> mean: 10882.8352, median: 435.0, mrr: 0.029, hits@5: 3.74%
INFO:root:	-- right  >> mean: 9398.4142, median: 48.0, mrr: 0.108, hits@5: 16.66%
INFO:root:	-- global >> mean: 10140.6247, median: 216.5, mrr: 0.069, hits@5: 10.2%
INFO:root:### MICRO (validation raw):
INFO:root:	-- left   >> mean: 10882.8352, median: 435.0, mrr: 0.029, hits@10: 5.8%
INFO:root:	-- right  >> mean: 9398.4142, median: 48.0, mrr: 0.108, hits@10: 26.16%
INFO:root:	-- global >> mean: 10140.6247, median: 216.5, mrr: 0.069, hits@10: 15.98%
INFO:root:### MICRO (validation filtered):
INFO:root:	-- left   >> mean: 9010.9584, median: 361.0, mrr: 0.044, hits@1: 1.82%
INFO:root:	-- right  >> mean: 9395.4374, median: 42.0, mrr: 0.15, hits@1: 7.7%
INFO:root:	-- global >> mean: 9203.1979, median: 169.0, mrr: 0.097, hits@1: 4.76%
INFO:root:### MICRO (validation filtered):
INFO:root:	-- left   >> mean: 9010.9584, median: 361.0, mrr: 0.044, hits@3: 4.22%
INFO:root:	-- right  >> mean: 9395.4374, median: 42.0, mrr: 0.15, hits@3: 16.26%
INFO:root:	-- global >> mean: 9203.1979, median: 169.0, mrr: 0.097, hits@3: 10.24%
INFO:root:### MICRO (validation filtered):
INFO:root:	-- left   >> mean: 9010.9584, median: 361.0, mrr: 0.044, hits@5: 5.88%
INFO:root:	-- right  >> mean: 9395.4374, median: 42.0, mrr: 0.15, hits@5: 21.78%
INFO:root:	-- global >> mean: 9203.1979, median: 169.0, mrr: 0.097, hits@5: 13.83%
INFO:root:### MICRO (validation filtered):
INFO:root:	-- left   >> mean: 9010.9584, median: 361.0, mrr: 0.044, hits@10: 8.62%
INFO:root:	-- right  >> mean: 9395.4374, median: 42.0, mrr: 0.15, hits@10: 30.22%
INFO:root:	-- global >> mean: 9203.1979, median: 169.0, mrr: 0.097, hits@10: 19.42%
INFO:root:### MICRO (test raw):
INFO:root:	-- left   >> mean: 9954.9458, median: 399.5, mrr: 0.033, hits@1: 1.28%
INFO:root:	-- right  >> mean: 8523.7884, median: 46.0, mrr: 0.106, hits@1: 3.46%
INFO:root:	-- global >> mean: 9239.3671, median: 197.0, mrr: 0.069, hits@1: 2.37%
INFO:root:### MICRO (test raw):
INFO:root:	-- left   >> mean: 9954.9458, median: 399.5, mrr: 0.033, hits@3: 2.9%
INFO:root:	-- right  >> mean: 8523.7884, median: 46.0, mrr: 0.106, hits@3: 10.66%
INFO:root:	-- global >> mean: 9239.3671, median: 197.0, mrr: 0.069, hits@3: 6.78%
INFO:root:### MICRO (test raw):
INFO:root:	-- left   >> mean: 9954.9458, median: 399.5, mrr: 0.033, hits@5: 4.3%
INFO:root:	-- right  >> mean: 8523.7884, median: 46.0, mrr: 0.106, hits@5: 16.58%
INFO:root:	-- global >> mean: 9239.3671, median: 197.0, mrr: 0.069, hits@5: 10.44%
INFO:root:### MICRO (test raw):
INFO:root:	-- left   >> mean: 9954.9458, median: 399.5, mrr: 0.033, hits@10: 6.54%
INFO:root:	-- right  >> mean: 8523.7884, median: 46.0, mrr: 0.106, hits@10: 26.84%
INFO:root:	-- global >> mean: 9239.3671, median: 197.0, mrr: 0.069, hits@10: 16.69%
INFO:root:### MICRO (test filtered):
INFO:root:	-- left   >> mean: 8135.7142, median: 323.5, mrr: 0.05, hits@1: 2.38%
INFO:root:	-- right  >> mean: 8520.7012, median: 41.0, mrr: 0.149, hits@1: 7.32%
INFO:root:	-- global >> mean: 8328.2077, median: 152.0, mrr: 0.099, hits@1: 4.85%
INFO:root:### MICRO (test filtered):
INFO:root:	-- left   >> mean: 8135.7142, median: 323.5, mrr: 0.05, hits@3: 4.78%
INFO:root:	-- right  >> mean: 8520.7012, median: 41.0, mrr: 0.149, hits@3: 16.08%
INFO:root:	-- global >> mean: 8328.2077, median: 152.0, mrr: 0.099, hits@3: 10.43%
INFO:root:### MICRO (test filtered):
INFO:root:	-- left   >> mean: 8135.7142, median: 323.5, mrr: 0.05, hits@5: 6.36%
INFO:root:	-- right  >> mean: 8520.7012, median: 41.0, mrr: 0.149, hits@5: 22.48%
INFO:root:	-- global >> mean: 8328.2077, median: 152.0, mrr: 0.099, hits@5: 14.42%
INFO:root:### MICRO (test filtered):
INFO:root:	-- left   >> mean: 8135.7142, median: 323.5, mrr: 0.05, hits@10: 9.4%
INFO:root:	-- right  >> mean: 8520.7012, median: 41.0, mrr: 0.149, hits@10: 31.04%
INFO:root:	-- global >> mean: 8328.2077, median: 152.0, mrr: 0.099, hits@10: 20.22%
