Using Theano backend.
Using gpu device 0: GeForce GTX TITAN X (CNMeM is disabled, cuDNN not available)
INFO:root:Acquiring data/wn18/wordnet-mlj12-train.txt ..
INFO:root:Acquiring data/wn18/wordnet-mlj12-valid.txt ..
INFO:root:Acquiring data/wn18/wordnet-mlj12-test.txt ..
INFO:root:[Rules] Adding Head: 15, Tail: [(10, True)]
INFO:root:[Rules] Adding Head: 12, Tail: [(17, True)]
INFO:root:[Rules] Adding Head: 4, Tail: [(5, True)]
INFO:root:[Rules] Adding Head: 13, Tail: [(3, True)]
INFO:root:[Rules] Adding Head: 5, Tail: [(4, True)]
INFO:root:[Rules] Adding Head: 16, Tail: [(11, True)]
INFO:root:[Rules] Adding Head: 17, Tail: [(12, True)]
INFO:root:[Rules] Adding Head: 11, Tail: [(16, True)]
INFO:root:[Rules] Adding Head: 8, Tail: [(9, True)]
INFO:root:[Rules] Adding Head: 2, Tail: [(2, True)]
INFO:root:Samples: 99009, no. batches: 10 -> batch size: 9901
INFO:root:Epoch no. 1 of 500 (samples: 99009)
INFO:root:Loss: 3394.3009 +/- 21.6215
INFO:root:Epoch no. 2 of 500 (samples: 99009)
INFO:root:Loss: 3226.3025 +/- 28.6069
INFO:root:Epoch no. 3 of 500 (samples: 99009)
INFO:root:Loss: 3027.9696 +/- 19.0095
INFO:root:Epoch no. 4 of 500 (samples: 99009)
INFO:root:Loss: 2859.7196 +/- 11.2748
INFO:root:Epoch no. 5 of 500 (samples: 99009)
INFO:root:Loss: 2717.6519 +/- 5.5177
INFO:root:Epoch no. 6 of 500 (samples: 99009)
INFO:root:Loss: 2596.4845 +/- 3.9865
INFO:root:Epoch no. 7 of 500 (samples: 99009)
INFO:root:Loss: 2488.8781 +/- 5.5777
INFO:root:Epoch no. 8 of 500 (samples: 99009)
INFO:root:Loss: 2392.8268 +/- 6.4864
INFO:root:Epoch no. 9 of 500 (samples: 99009)
INFO:root:Loss: 2304.8808 +/- 7.0456
INFO:root:Epoch no. 10 of 500 (samples: 99009)
INFO:root:Loss: 2222.7174 +/- 9.0105
INFO:root:Epoch no. 11 of 500 (samples: 99009)
INFO:root:Loss: 2149.3121 +/- 9.4117
INFO:root:Epoch no. 12 of 500 (samples: 99009)
INFO:root:Loss: 2077.1969 +/- 10.3104
INFO:root:Epoch no. 13 of 500 (samples: 99009)
INFO:root:Loss: 2010.6467 +/- 9.9526
INFO:root:Epoch no. 14 of 500 (samples: 99009)
INFO:root:Loss: 1947.1276 +/- 12.1678
INFO:root:Epoch no. 15 of 500 (samples: 99009)
INFO:root:Loss: 1885.527 +/- 9.6998
INFO:root:Epoch no. 16 of 500 (samples: 99009)
INFO:root:Loss: 1827.6505 +/- 11.8276
INFO:root:Epoch no. 17 of 500 (samples: 99009)
INFO:root:Loss: 1771.4408 +/- 12.0782
INFO:root:Epoch no. 18 of 500 (samples: 99009)
INFO:root:Loss: 1717.0861 +/- 12.1551
INFO:root:Epoch no. 19 of 500 (samples: 99009)
INFO:root:Loss: 1665.1229 +/- 11.2643
INFO:root:Epoch no. 20 of 500 (samples: 99009)
INFO:root:Loss: 1615.3764 +/- 14.545
INFO:root:Epoch no. 21 of 500 (samples: 99009)
INFO:root:Loss: 1566.3632 +/- 12.1701
INFO:root:Epoch no. 22 of 500 (samples: 99009)
INFO:root:Loss: 1518.6051 +/- 10.8605
INFO:root:Epoch no. 23 of 500 (samples: 99009)
INFO:root:Loss: 1473.4345 +/- 13.5746
INFO:root:Epoch no. 24 of 500 (samples: 99009)
INFO:root:Loss: 1429.7062 +/- 14.8753
INFO:root:Epoch no. 25 of 500 (samples: 99009)
INFO:root:Loss: 1385.8831 +/- 10.14
INFO:root:Epoch no. 26 of 500 (samples: 99009)
INFO:root:Loss: 1342.786 +/- 12.4985
INFO:root:Epoch no. 27 of 500 (samples: 99009)
INFO:root:Loss: 1300.4487 +/- 13.0758
INFO:root:Epoch no. 28 of 500 (samples: 99009)
INFO:root:Loss: 1258.9924 +/- 13.2013
INFO:root:Epoch no. 29 of 500 (samples: 99009)
INFO:root:Loss: 1219.5912 +/- 15.6565
INFO:root:Epoch no. 30 of 500 (samples: 99009)
INFO:root:Loss: 1178.808 +/- 14.7481
INFO:root:Epoch no. 31 of 500 (samples: 99009)
INFO:root:Loss: 1141.6546 +/- 14.4439
INFO:root:Epoch no. 32 of 500 (samples: 99009)
INFO:root:Loss: 1103.234 +/- 13.1466
INFO:root:Epoch no. 33 of 500 (samples: 99009)
INFO:root:Loss: 1066.6125 +/- 15.902
INFO:root:Epoch no. 34 of 500 (samples: 99009)
INFO:root:Loss: 1031.3113 +/- 18.5912
INFO:root:Epoch no. 35 of 500 (samples: 99009)
INFO:root:Loss: 995.8089 +/- 11.0949
INFO:root:Epoch no. 36 of 500 (samples: 99009)
INFO:root:Loss: 960.2621 +/- 11.3351
INFO:root:Epoch no. 37 of 500 (samples: 99009)
INFO:root:Loss: 927.2186 +/- 12.0429
INFO:root:Epoch no. 38 of 500 (samples: 99009)
INFO:root:Loss: 893.7703 +/- 13.5033
INFO:root:Epoch no. 39 of 500 (samples: 99009)
INFO:root:Loss: 863.6877 +/- 17.1938
INFO:root:Epoch no. 40 of 500 (samples: 99009)
INFO:root:Loss: 830.4273 +/- 17.4417
INFO:root:Epoch no. 41 of 500 (samples: 99009)
INFO:root:Loss: 801.4398 +/- 14.7012
INFO:root:Epoch no. 42 of 500 (samples: 99009)
INFO:root:Loss: 772.5739 +/- 15.7498
INFO:root:Epoch no. 43 of 500 (samples: 99009)
INFO:root:Loss: 745.0244 +/- 12.12
INFO:root:Epoch no. 44 of 500 (samples: 99009)
INFO:root:Loss: 717.4168 +/- 14.2644
INFO:root:Epoch no. 45 of 500 (samples: 99009)
INFO:root:Loss: 692.8395 +/- 15.5119
INFO:root:Epoch no. 46 of 500 (samples: 99009)
INFO:root:Loss: 668.6159 +/- 16.6924
INFO:root:Epoch no. 47 of 500 (samples: 99009)
INFO:root:Loss: 644.5229 +/- 16.8562
INFO:root:Epoch no. 48 of 500 (samples: 99009)
INFO:root:Loss: 622.7523 +/- 13.8745
INFO:root:Epoch no. 49 of 500 (samples: 99009)
INFO:root:Loss: 599.4943 +/- 18.0145
INFO:root:Epoch no. 50 of 500 (samples: 99009)
INFO:root:Loss: 580.4587 +/- 12.3442
INFO:root:Epoch no. 51 of 500 (samples: 99009)
INFO:root:Loss: 560.6752 +/- 14.6249
INFO:root:Epoch no. 52 of 500 (samples: 99009)
INFO:root:Loss: 542.6753 +/- 13.3696
INFO:root:Epoch no. 53 of 500 (samples: 99009)
INFO:root:Loss: 522.7648 +/- 11.0479
INFO:root:Epoch no. 54 of 500 (samples: 99009)
INFO:root:Loss: 507.3397 +/- 18.8956
INFO:root:Epoch no. 55 of 500 (samples: 99009)
INFO:root:Loss: 490.0333 +/- 15.4338
INFO:root:Epoch no. 56 of 500 (samples: 99009)
INFO:root:Loss: 474.2518 +/- 14.1435
INFO:root:Epoch no. 57 of 500 (samples: 99009)
INFO:root:Loss: 458.998 +/- 14.4151
INFO:root:Epoch no. 58 of 500 (samples: 99009)
INFO:root:Loss: 445.5718 +/- 12.4062
INFO:root:Epoch no. 59 of 500 (samples: 99009)
INFO:root:Loss: 431.2375 +/- 10.0341
INFO:root:Epoch no. 60 of 500 (samples: 99009)
INFO:root:Loss: 418.9544 +/- 14.5951
INFO:root:Epoch no. 61 of 500 (samples: 99009)
INFO:root:Loss: 405.8687 +/- 9.6098
INFO:root:Epoch no. 62 of 500 (samples: 99009)
INFO:root:Loss: 395.3591 +/- 12.1331
INFO:root:Epoch no. 63 of 500 (samples: 99009)
INFO:root:Loss: 383.1902 +/- 13.3014
INFO:root:Epoch no. 64 of 500 (samples: 99009)
INFO:root:Loss: 372.2288 +/- 10.3572
INFO:root:Epoch no. 65 of 500 (samples: 99009)
INFO:root:Loss: 361.6806 +/- 14.2018
INFO:root:Epoch no. 66 of 500 (samples: 99009)
INFO:root:Loss: 351.5551 +/- 12.9253
INFO:root:Epoch no. 67 of 500 (samples: 99009)
INFO:root:Loss: 341.5907 +/- 10.9729
INFO:root:Epoch no. 68 of 500 (samples: 99009)
INFO:root:Loss: 332.9119 +/- 10.8628
INFO:root:Epoch no. 69 of 500 (samples: 99009)
INFO:root:Loss: 323.5978 +/- 10.1786
INFO:root:Epoch no. 70 of 500 (samples: 99009)
INFO:root:Loss: 315.0804 +/- 10.0069
INFO:root:Epoch no. 71 of 500 (samples: 99009)
INFO:root:Loss: 306.9727 +/- 9.8099
INFO:root:Epoch no. 72 of 500 (samples: 99009)
INFO:root:Loss: 299.457 +/- 10.3615
INFO:root:Epoch no. 73 of 500 (samples: 99009)
INFO:root:Loss: 291.9356 +/- 9.8571
INFO:root:Epoch no. 74 of 500 (samples: 99009)
INFO:root:Loss: 283.9019 +/- 7.4897
INFO:root:Epoch no. 75 of 500 (samples: 99009)
INFO:root:Loss: 277.8843 +/- 8.8794
INFO:root:Epoch no. 76 of 500 (samples: 99009)
INFO:root:Loss: 270.1363 +/- 7.8841
INFO:root:Epoch no. 77 of 500 (samples: 99009)
INFO:root:Loss: 264.0705 +/- 6.9077
INFO:root:Epoch no. 78 of 500 (samples: 99009)
INFO:root:Loss: 257.5185 +/- 8.6018
INFO:root:Epoch no. 79 of 500 (samples: 99009)
INFO:root:Loss: 251.643 +/- 9.4728
INFO:root:Epoch no. 80 of 500 (samples: 99009)
INFO:root:Loss: 247.0723 +/- 7.4043
INFO:root:Epoch no. 81 of 500 (samples: 99009)
INFO:root:Loss: 240.3658 +/- 7.5746
INFO:root:Epoch no. 82 of 500 (samples: 99009)
INFO:root:Loss: 234.5026 +/- 6.6576
INFO:root:Epoch no. 83 of 500 (samples: 99009)
INFO:root:Loss: 229.9872 +/- 8.7815
INFO:root:Epoch no. 84 of 500 (samples: 99009)
INFO:root:Loss: 224.9694 +/- 6.2148
INFO:root:Epoch no. 85 of 500 (samples: 99009)
INFO:root:Loss: 219.8049 +/- 8.5714
INFO:root:Epoch no. 86 of 500 (samples: 99009)
INFO:root:Loss: 215.7221 +/- 7.6259
INFO:root:Epoch no. 87 of 500 (samples: 99009)
INFO:root:Loss: 210.4979 +/- 6.2177
INFO:root:Epoch no. 88 of 500 (samples: 99009)
INFO:root:Loss: 206.1332 +/- 7.6523
INFO:root:Epoch no. 89 of 500 (samples: 99009)
INFO:root:Loss: 201.4091 +/- 5.118
INFO:root:Epoch no. 90 of 500 (samples: 99009)
INFO:root:Loss: 197.4537 +/- 6.6589
INFO:root:Epoch no. 91 of 500 (samples: 99009)
INFO:root:Loss: 194.2817 +/- 6.8511
INFO:root:Epoch no. 92 of 500 (samples: 99009)
INFO:root:Loss: 189.8257 +/- 5.3765
INFO:root:Epoch no. 93 of 500 (samples: 99009)
INFO:root:Loss: 186.4832 +/- 4.3503
INFO:root:Epoch no. 94 of 500 (samples: 99009)
INFO:root:Loss: 181.6151 +/- 6.7004
INFO:root:Epoch no. 95 of 500 (samples: 99009)
INFO:root:Loss: 179.049 +/- 6.7523
INFO:root:Epoch no. 96 of 500 (samples: 99009)
INFO:root:Loss: 175.6798 +/- 5.5338
INFO:root:Epoch no. 97 of 500 (samples: 99009)
INFO:root:Loss: 172.5622 +/- 5.2262
INFO:root:Epoch no. 98 of 500 (samples: 99009)
INFO:root:Loss: 168.7088 +/- 5.2828
INFO:root:Epoch no. 99 of 500 (samples: 99009)
INFO:root:Loss: 165.6265 +/- 5.4087
INFO:root:Epoch no. 100 of 500 (samples: 99009)
INFO:root:Loss: 161.9911 +/- 4.2624
INFO:root:Epoch no. 101 of 500 (samples: 99009)
INFO:root:Loss: 158.5009 +/- 5.6965
INFO:root:Epoch no. 102 of 500 (samples: 99009)
INFO:root:Loss: 156.2637 +/- 5.899
INFO:root:Epoch no. 103 of 500 (samples: 99009)
INFO:root:Loss: 154.39 +/- 4.7769
INFO:root:Epoch no. 104 of 500 (samples: 99009)
INFO:root:Loss: 151.3007 +/- 5.0253
INFO:root:Epoch no. 105 of 500 (samples: 99009)
INFO:root:Loss: 148.2664 +/- 4.6838
INFO:root:Epoch no. 106 of 500 (samples: 99009)
INFO:root:Loss: 145.9157 +/- 4.277
INFO:root:Epoch no. 107 of 500 (samples: 99009)
INFO:root:Loss: 142.5476 +/- 4.6556
INFO:root:Epoch no. 108 of 500 (samples: 99009)
INFO:root:Loss: 140.7665 +/- 5.3374
INFO:root:Epoch no. 109 of 500 (samples: 99009)
INFO:root:Loss: 137.5044 +/- 3.2566
INFO:root:Epoch no. 110 of 500 (samples: 99009)
INFO:root:Loss: 134.8151 +/- 2.8159
INFO:root:Epoch no. 111 of 500 (samples: 99009)
INFO:root:Loss: 133.3366 +/- 4.1913
INFO:root:Epoch no. 112 of 500 (samples: 99009)
INFO:root:Loss: 131.6793 +/- 4.3084
INFO:root:Epoch no. 113 of 500 (samples: 99009)
INFO:root:Loss: 129.1655 +/- 4.2213
INFO:root:Epoch no. 114 of 500 (samples: 99009)
INFO:root:Loss: 127.1321 +/- 4.5818
INFO:root:Epoch no. 115 of 500 (samples: 99009)
INFO:root:Loss: 125.9166 +/- 2.6827
INFO:root:Epoch no. 116 of 500 (samples: 99009)
INFO:root:Loss: 122.9875 +/- 5.8612
INFO:root:Epoch no. 117 of 500 (samples: 99009)
INFO:root:Loss: 121.161 +/- 4.7569
INFO:root:Epoch no. 118 of 500 (samples: 99009)
INFO:root:Loss: 119.2174 +/- 4.7855
INFO:root:Epoch no. 119 of 500 (samples: 99009)
INFO:root:Loss: 118.187 +/- 3.6067
INFO:root:Epoch no. 120 of 500 (samples: 99009)
INFO:root:Loss: 115.9607 +/- 5.158
INFO:root:Epoch no. 121 of 500 (samples: 99009)
INFO:root:Loss: 113.8482 +/- 2.992
INFO:root:Epoch no. 122 of 500 (samples: 99009)
INFO:root:Loss: 112.575 +/- 4.3542
INFO:root:Epoch no. 123 of 500 (samples: 99009)
INFO:root:Loss: 110.5819 +/- 4.3987
INFO:root:Epoch no. 124 of 500 (samples: 99009)
INFO:root:Loss: 109.078 +/- 4.4327
INFO:root:Epoch no. 125 of 500 (samples: 99009)
INFO:root:Loss: 107.9279 +/- 4.6056
INFO:root:Epoch no. 126 of 500 (samples: 99009)
INFO:root:Loss: 105.895 +/- 3.3904
INFO:root:Epoch no. 127 of 500 (samples: 99009)
INFO:root:Loss: 104.9346 +/- 3.385
INFO:root:Epoch no. 128 of 500 (samples: 99009)
INFO:root:Loss: 103.4355 +/- 3.0866
INFO:root:Epoch no. 129 of 500 (samples: 99009)
INFO:root:Loss: 102.3247 +/- 3.7806
INFO:root:Epoch no. 130 of 500 (samples: 99009)
INFO:root:Loss: 100.7294 +/- 3.7877
INFO:root:Epoch no. 131 of 500 (samples: 99009)
INFO:root:Loss: 98.8656 +/- 3.5925
INFO:root:Epoch no. 132 of 500 (samples: 99009)
INFO:root:Loss: 97.5284 +/- 3.9624
INFO:root:Epoch no. 133 of 500 (samples: 99009)
INFO:root:Loss: 96.2048 +/- 2.8927
INFO:root:Epoch no. 134 of 500 (samples: 99009)
INFO:root:Loss: 95.7872 +/- 2.9143
INFO:root:Epoch no. 135 of 500 (samples: 99009)
INFO:root:Loss: 93.4505 +/- 3.5312
INFO:root:Epoch no. 136 of 500 (samples: 99009)
INFO:root:Loss: 92.8735 +/- 2.2113
INFO:root:Epoch no. 137 of 500 (samples: 99009)
INFO:root:Loss: 90.8615 +/- 3.1042
INFO:root:Epoch no. 138 of 500 (samples: 99009)
INFO:root:Loss: 90.5078 +/- 3.1362
INFO:root:Epoch no. 139 of 500 (samples: 99009)
INFO:root:Loss: 88.5805 +/- 2.327
INFO:root:Epoch no. 140 of 500 (samples: 99009)
INFO:root:Loss: 87.9405 +/- 3.4096
INFO:root:Epoch no. 141 of 500 (samples: 99009)
INFO:root:Loss: 88.0905 +/- 2.7998
INFO:root:Epoch no. 142 of 500 (samples: 99009)
INFO:root:Loss: 86.6646 +/- 2.5224
INFO:root:Epoch no. 143 of 500 (samples: 99009)
INFO:root:Loss: 85.0731 +/- 2.1928
INFO:root:Epoch no. 144 of 500 (samples: 99009)
INFO:root:Loss: 84.6494 +/- 1.6412
INFO:root:Epoch no. 145 of 500 (samples: 99009)
INFO:root:Loss: 82.644 +/- 3.1717
INFO:root:Epoch no. 146 of 500 (samples: 99009)
INFO:root:Loss: 82.1042 +/- 3.9269
INFO:root:Epoch no. 147 of 500 (samples: 99009)
INFO:root:Loss: 81.2316 +/- 2.1273
INFO:root:Epoch no. 148 of 500 (samples: 99009)
INFO:root:Loss: 80.6347 +/- 2.484
INFO:root:Epoch no. 149 of 500 (samples: 99009)
INFO:root:Loss: 79.3632 +/- 2.0398
INFO:root:Epoch no. 150 of 500 (samples: 99009)
INFO:root:Loss: 78.2349 +/- 2.2605
INFO:root:Epoch no. 151 of 500 (samples: 99009)
INFO:root:Loss: 78.4276 +/- 2.4289
INFO:root:Epoch no. 152 of 500 (samples: 99009)
INFO:root:Loss: 76.4331 +/- 2.646
INFO:root:Epoch no. 153 of 500 (samples: 99009)
INFO:root:Loss: 76.2997 +/- 2.5705
INFO:root:Epoch no. 154 of 500 (samples: 99009)
INFO:root:Loss: 75.2649 +/- 2.6306
INFO:root:Epoch no. 155 of 500 (samples: 99009)
INFO:root:Loss: 74.7124 +/- 2.9599
INFO:root:Epoch no. 156 of 500 (samples: 99009)
INFO:root:Loss: 73.4688 +/- 2.1985
INFO:root:Epoch no. 157 of 500 (samples: 99009)
INFO:root:Loss: 72.9667 +/- 3.2061
INFO:root:Epoch no. 158 of 500 (samples: 99009)
INFO:root:Loss: 72.4588 +/- 2.7006
INFO:root:Epoch no. 159 of 500 (samples: 99009)
INFO:root:Loss: 72.3655 +/- 2.7727
INFO:root:Epoch no. 160 of 500 (samples: 99009)
INFO:root:Loss: 70.2539 +/- 2.5813
INFO:root:Epoch no. 161 of 500 (samples: 99009)
INFO:root:Loss: 70.3651 +/- 2.2712
INFO:root:Epoch no. 162 of 500 (samples: 99009)
INFO:root:Loss: 69.8923 +/- 2.8108
INFO:root:Epoch no. 163 of 500 (samples: 99009)
INFO:root:Loss: 68.8924 +/- 2.3888
INFO:root:Epoch no. 164 of 500 (samples: 99009)
INFO:root:Loss: 68.8155 +/- 1.7885
INFO:root:Epoch no. 165 of 500 (samples: 99009)
INFO:root:Loss: 67.4824 +/- 3.0295
INFO:root:Epoch no. 166 of 500 (samples: 99009)
INFO:root:Loss: 66.425 +/- 3.2937
INFO:root:Epoch no. 167 of 500 (samples: 99009)
INFO:root:Loss: 66.2092 +/- 2.5035
INFO:root:Epoch no. 168 of 500 (samples: 99009)
INFO:root:Loss: 65.7386 +/- 1.5283
INFO:root:Epoch no. 169 of 500 (samples: 99009)
INFO:root:Loss: 65.668 +/- 2.578
INFO:root:Epoch no. 170 of 500 (samples: 99009)
INFO:root:Loss: 63.8421 +/- 1.1864
INFO:root:Epoch no. 171 of 500 (samples: 99009)
INFO:root:Loss: 63.9248 +/- 1.5211
INFO:root:Epoch no. 172 of 500 (samples: 99009)
INFO:root:Loss: 63.3155 +/- 1.1692
INFO:root:Epoch no. 173 of 500 (samples: 99009)
INFO:root:Loss: 62.7128 +/- 2.4893
INFO:root:Epoch no. 174 of 500 (samples: 99009)
INFO:root:Loss: 62.4517 +/- 2.216
INFO:root:Epoch no. 175 of 500 (samples: 99009)
INFO:root:Loss: 60.5411 +/- 2.0682
INFO:root:Epoch no. 176 of 500 (samples: 99009)
INFO:root:Loss: 61.0731 +/- 2.2946
INFO:root:Epoch no. 177 of 500 (samples: 99009)
INFO:root:Loss: 60.4271 +/- 1.457
INFO:root:Epoch no. 178 of 500 (samples: 99009)
INFO:root:Loss: 59.6464 +/- 2.3915
INFO:root:Epoch no. 179 of 500 (samples: 99009)
INFO:root:Loss: 59.7367 +/- 2.6936
INFO:root:Epoch no. 180 of 500 (samples: 99009)
INFO:root:Loss: 57.9751 +/- 2.0658
INFO:root:Epoch no. 181 of 500 (samples: 99009)
INFO:root:Loss: 58.522 +/- 2.2406
INFO:root:Epoch no. 182 of 500 (samples: 99009)
INFO:root:Loss: 57.3246 +/- 1.7091
INFO:root:Epoch no. 183 of 500 (samples: 99009)
INFO:root:Loss: 56.8899 +/- 1.9299
INFO:root:Epoch no. 184 of 500 (samples: 99009)
INFO:root:Loss: 56.9018 +/- 1.2369
INFO:root:Epoch no. 185 of 500 (samples: 99009)
INFO:root:Loss: 57.0684 +/- 2.2076
INFO:root:Epoch no. 186 of 500 (samples: 99009)
INFO:root:Loss: 55.352 +/- 1.649
INFO:root:Epoch no. 187 of 500 (samples: 99009)
INFO:root:Loss: 55.6092 +/- 1.7608
INFO:root:Epoch no. 188 of 500 (samples: 99009)
INFO:root:Loss: 54.6509 +/- 1.2574
INFO:root:Epoch no. 189 of 500 (samples: 99009)
INFO:root:Loss: 54.7914 +/- 1.4669
INFO:root:Epoch no. 190 of 500 (samples: 99009)
INFO:root:Loss: 54.7353 +/- 2.1023
INFO:root:Epoch no. 191 of 500 (samples: 99009)
INFO:root:Loss: 53.5157 +/- 2.1663
INFO:root:Epoch no. 192 of 500 (samples: 99009)
INFO:root:Loss: 53.7966 +/- 2.1658
INFO:root:Epoch no. 193 of 500 (samples: 99009)
INFO:root:Loss: 52.8809 +/- 2.1992
INFO:root:Epoch no. 194 of 500 (samples: 99009)
INFO:root:Loss: 52.6271 +/- 2.3335
INFO:root:Epoch no. 195 of 500 (samples: 99009)
INFO:root:Loss: 52.4503 +/- 1.5694
INFO:root:Epoch no. 196 of 500 (samples: 99009)
INFO:root:Loss: 51.7654 +/- 1.1068
INFO:root:Epoch no. 197 of 500 (samples: 99009)
INFO:root:Loss: 51.3624 +/- 1.1561
INFO:root:Epoch no. 198 of 500 (samples: 99009)
INFO:root:Loss: 51.2841 +/- 1.8855
INFO:root:Epoch no. 199 of 500 (samples: 99009)
INFO:root:Loss: 50.7751 +/- 1.5998
INFO:root:Epoch no. 200 of 500 (samples: 99009)
INFO:root:Loss: 50.0279 +/- 1.1244
INFO:root:Epoch no. 201 of 500 (samples: 99009)
INFO:root:Loss: 50.1401 +/- 1.6528
INFO:root:Epoch no. 202 of 500 (samples: 99009)
INFO:root:Loss: 49.2411 +/- 1.3327
INFO:root:Epoch no. 203 of 500 (samples: 99009)
INFO:root:Loss: 49.0987 +/- 1.0396
INFO:root:Epoch no. 204 of 500 (samples: 99009)
INFO:root:Loss: 48.4182 +/- 1.1209
INFO:root:Epoch no. 205 of 500 (samples: 99009)
INFO:root:Loss: 47.4205 +/- 2.0579
INFO:root:Epoch no. 206 of 500 (samples: 99009)
INFO:root:Loss: 47.9426 +/- 1.5077
INFO:root:Epoch no. 207 of 500 (samples: 99009)
INFO:root:Loss: 46.9278 +/- 1.4915
INFO:root:Epoch no. 208 of 500 (samples: 99009)
INFO:root:Loss: 46.5179 +/- 2.0346
INFO:root:Epoch no. 209 of 500 (samples: 99009)
INFO:root:Loss: 47.5374 +/- 1.5506
INFO:root:Epoch no. 210 of 500 (samples: 99009)
INFO:root:Loss: 46.3363 +/- 1.571
INFO:root:Epoch no. 211 of 500 (samples: 99009)
INFO:root:Loss: 46.6711 +/- 1.3405
INFO:root:Epoch no. 212 of 500 (samples: 99009)
INFO:root:Loss: 45.6899 +/- 1.0501
INFO:root:Epoch no. 213 of 500 (samples: 99009)
INFO:root:Loss: 45.8675 +/- 1.7019
INFO:root:Epoch no. 214 of 500 (samples: 99009)
INFO:root:Loss: 45.363 +/- 2.0134
INFO:root:Epoch no. 215 of 500 (samples: 99009)
INFO:root:Loss: 44.8903 +/- 1.0195
INFO:root:Epoch no. 216 of 500 (samples: 99009)
INFO:root:Loss: 45.2213 +/- 2.0764
INFO:root:Epoch no. 217 of 500 (samples: 99009)
INFO:root:Loss: 44.1517 +/- 1.1188
INFO:root:Epoch no. 218 of 500 (samples: 99009)
INFO:root:Loss: 43.9689 +/- 1.9644
INFO:root:Epoch no. 219 of 500 (samples: 99009)
INFO:root:Loss: 43.3958 +/- 1.5105
INFO:root:Epoch no. 220 of 500 (samples: 99009)
INFO:root:Loss: 43.3613 +/- 2.0407
INFO:root:Epoch no. 221 of 500 (samples: 99009)
INFO:root:Loss: 43.9742 +/- 2.3092
INFO:root:Epoch no. 222 of 500 (samples: 99009)
INFO:root:Loss: 43.2188 +/- 1.7437
INFO:root:Epoch no. 223 of 500 (samples: 99009)
INFO:root:Loss: 42.0248 +/- 1.7415
INFO:root:Epoch no. 224 of 500 (samples: 99009)
INFO:root:Loss: 42.4276 +/- 1.915
INFO:root:Epoch no. 225 of 500 (samples: 99009)
INFO:root:Loss: 42.2393 +/- 1.5718
INFO:root:Epoch no. 226 of 500 (samples: 99009)
INFO:root:Loss: 41.7566 +/- 1.4814
INFO:root:Epoch no. 227 of 500 (samples: 99009)
INFO:root:Loss: 41.7893 +/- 1.1777
INFO:root:Epoch no. 228 of 500 (samples: 99009)
INFO:root:Loss: 41.0641 +/- 1.6938
INFO:root:Epoch no. 229 of 500 (samples: 99009)
INFO:root:Loss: 41.6729 +/- 1.4889
INFO:root:Epoch no. 230 of 500 (samples: 99009)
INFO:root:Loss: 40.8907 +/- 1.1968
INFO:root:Epoch no. 231 of 500 (samples: 99009)
INFO:root:Loss: 40.7861 +/- 1.4376
INFO:root:Epoch no. 232 of 500 (samples: 99009)
INFO:root:Loss: 40.0071 +/- 0.8429
INFO:root:Epoch no. 233 of 500 (samples: 99009)
INFO:root:Loss: 40.2063 +/- 0.739
INFO:root:Epoch no. 234 of 500 (samples: 99009)
INFO:root:Loss: 40.001 +/- 1.5918
INFO:root:Epoch no. 235 of 500 (samples: 99009)
INFO:root:Loss: 39.2015 +/- 0.8579
INFO:root:Epoch no. 236 of 500 (samples: 99009)
INFO:root:Loss: 38.5675 +/- 0.9357
INFO:root:Epoch no. 237 of 500 (samples: 99009)
INFO:root:Loss: 39.3787 +/- 2.0312
INFO:root:Epoch no. 238 of 500 (samples: 99009)
INFO:root:Loss: 39.1408 +/- 1.1266
INFO:root:Epoch no. 239 of 500 (samples: 99009)
INFO:root:Loss: 38.8964 +/- 1.401
INFO:root:Epoch no. 240 of 500 (samples: 99009)
INFO:root:Loss: 38.6502 +/- 2.0092
INFO:root:Epoch no. 241 of 500 (samples: 99009)
INFO:root:Loss: 38.4269 +/- 1.255
INFO:root:Epoch no. 242 of 500 (samples: 99009)
INFO:root:Loss: 37.5256 +/- 1.008
INFO:root:Epoch no. 243 of 500 (samples: 99009)
INFO:root:Loss: 37.7149 +/- 2.2093
INFO:root:Epoch no. 244 of 500 (samples: 99009)
INFO:root:Loss: 37.6923 +/- 1.6587
INFO:root:Epoch no. 245 of 500 (samples: 99009)
INFO:root:Loss: 37.5111 +/- 0.8686
INFO:root:Epoch no. 246 of 500 (samples: 99009)
INFO:root:Loss: 37.2062 +/- 1.0858
INFO:root:Epoch no. 247 of 500 (samples: 99009)
INFO:root:Loss: 37.251 +/- 0.9288
INFO:root:Epoch no. 248 of 500 (samples: 99009)
INFO:root:Loss: 36.7334 +/- 1.2045
INFO:root:Epoch no. 249 of 500 (samples: 99009)
INFO:root:Loss: 36.3654 +/- 0.991
INFO:root:Epoch no. 250 of 500 (samples: 99009)
INFO:root:Loss: 36.4688 +/- 1.7417
INFO:root:Epoch no. 251 of 500 (samples: 99009)
INFO:root:Loss: 35.6074 +/- 0.9439
INFO:root:Epoch no. 252 of 500 (samples: 99009)
INFO:root:Loss: 36.1232 +/- 1.1003
INFO:root:Epoch no. 253 of 500 (samples: 99009)
INFO:root:Loss: 35.6326 +/- 0.7374
INFO:root:Epoch no. 254 of 500 (samples: 99009)
INFO:root:Loss: 35.7275 +/- 1.3228
INFO:root:Epoch no. 255 of 500 (samples: 99009)
INFO:root:Loss: 35.1436 +/- 1.4386
INFO:root:Epoch no. 256 of 500 (samples: 99009)
INFO:root:Loss: 35.1965 +/- 1.1481
INFO:root:Epoch no. 257 of 500 (samples: 99009)
INFO:root:Loss: 34.8223 +/- 1.6391
INFO:root:Epoch no. 258 of 500 (samples: 99009)
INFO:root:Loss: 34.8638 +/- 1.4296
INFO:root:Epoch no. 259 of 500 (samples: 99009)
INFO:root:Loss: 34.0295 +/- 1.5572
INFO:root:Epoch no. 260 of 500 (samples: 99009)
INFO:root:Loss: 34.1058 +/- 1.1095
INFO:root:Epoch no. 261 of 500 (samples: 99009)
INFO:root:Loss: 34.8676 +/- 1.9761
INFO:root:Epoch no. 262 of 500 (samples: 99009)
INFO:root:Loss: 33.9184 +/- 1.0831
INFO:root:Epoch no. 263 of 500 (samples: 99009)
INFO:root:Loss: 34.6543 +/- 0.8758
INFO:root:Epoch no. 264 of 500 (samples: 99009)
INFO:root:Loss: 33.6379 +/- 1.1358
INFO:root:Epoch no. 265 of 500 (samples: 99009)
INFO:root:Loss: 33.3478 +/- 0.934
INFO:root:Epoch no. 266 of 500 (samples: 99009)
INFO:root:Loss: 32.9366 +/- 1.2544
INFO:root:Epoch no. 267 of 500 (samples: 99009)
INFO:root:Loss: 32.4548 +/- 0.7504
INFO:root:Epoch no. 268 of 500 (samples: 99009)
INFO:root:Loss: 32.7265 +/- 1.3305
INFO:root:Epoch no. 269 of 500 (samples: 99009)
INFO:root:Loss: 32.5625 +/- 1.4875
INFO:root:Epoch no. 270 of 500 (samples: 99009)
INFO:root:Loss: 33.4818 +/- 1.2776
INFO:root:Epoch no. 271 of 500 (samples: 99009)
INFO:root:Loss: 31.4807 +/- 1.2996
INFO:root:Epoch no. 272 of 500 (samples: 99009)
INFO:root:Loss: 32.48 +/- 1.2322
INFO:root:Epoch no. 273 of 500 (samples: 99009)
INFO:root:Loss: 31.8134 +/- 1.5245
INFO:root:Epoch no. 274 of 500 (samples: 99009)
INFO:root:Loss: 31.8523 +/- 1.6807
INFO:root:Epoch no. 275 of 500 (samples: 99009)
INFO:root:Loss: 31.9638 +/- 1.1982
INFO:root:Epoch no. 276 of 500 (samples: 99009)
INFO:root:Loss: 31.8758 +/- 0.7613
INFO:root:Epoch no. 277 of 500 (samples: 99009)
INFO:root:Loss: 31.6985 +/- 1.3961
INFO:root:Epoch no. 278 of 500 (samples: 99009)
INFO:root:Loss: 31.5067 +/- 1.4196
INFO:root:Epoch no. 279 of 500 (samples: 99009)
INFO:root:Loss: 31.3516 +/- 1.2946
INFO:root:Epoch no. 280 of 500 (samples: 99009)
INFO:root:Loss: 30.2308 +/- 1.334
INFO:root:Epoch no. 281 of 500 (samples: 99009)
INFO:root:Loss: 30.5015 +/- 1.4718
INFO:root:Epoch no. 282 of 500 (samples: 99009)
INFO:root:Loss: 30.8197 +/- 0.806
INFO:root:Epoch no. 283 of 500 (samples: 99009)
INFO:root:Loss: 29.9602 +/- 0.8108
INFO:root:Epoch no. 284 of 500 (samples: 99009)
INFO:root:Loss: 30.2108 +/- 1.3711
INFO:root:Epoch no. 285 of 500 (samples: 99009)
INFO:root:Loss: 30.1496 +/- 1.012
INFO:root:Epoch no. 286 of 500 (samples: 99009)
INFO:root:Loss: 30.8384 +/- 1.3669
INFO:root:Epoch no. 287 of 500 (samples: 99009)
INFO:root:Loss: 29.8362 +/- 1.0308
INFO:root:Epoch no. 288 of 500 (samples: 99009)
INFO:root:Loss: 30.1845 +/- 2.1165
INFO:root:Epoch no. 289 of 500 (samples: 99009)
INFO:root:Loss: 29.3095 +/- 0.8956
INFO:root:Epoch no. 290 of 500 (samples: 99009)
INFO:root:Loss: 30.157 +/- 1.2226
INFO:root:Epoch no. 291 of 500 (samples: 99009)
INFO:root:Loss: 29.2103 +/- 1.1486
INFO:root:Epoch no. 292 of 500 (samples: 99009)
INFO:root:Loss: 29.5424 +/- 0.844
INFO:root:Epoch no. 293 of 500 (samples: 99009)
INFO:root:Loss: 28.6435 +/- 1.418
INFO:root:Epoch no. 294 of 500 (samples: 99009)
INFO:root:Loss: 29.1337 +/- 1.0114
INFO:root:Epoch no. 295 of 500 (samples: 99009)
INFO:root:Loss: 28.6024 +/- 1.2458
INFO:root:Epoch no. 296 of 500 (samples: 99009)
INFO:root:Loss: 29.2621 +/- 1.3461
INFO:root:Epoch no. 297 of 500 (samples: 99009)
INFO:root:Loss: 28.4619 +/- 0.9377
INFO:root:Epoch no. 298 of 500 (samples: 99009)
INFO:root:Loss: 28.1427 +/- 1.044
INFO:root:Epoch no. 299 of 500 (samples: 99009)
INFO:root:Loss: 28.8655 +/- 1.1742
INFO:root:Epoch no. 300 of 500 (samples: 99009)
INFO:root:Loss: 27.8399 +/- 1.0572
INFO:root:Epoch no. 301 of 500 (samples: 99009)
INFO:root:Loss: 28.6517 +/- 1.3752
INFO:root:Epoch no. 302 of 500 (samples: 99009)
INFO:root:Loss: 28.2358 +/- 1.3544
INFO:root:Epoch no. 303 of 500 (samples: 99009)
INFO:root:Loss: 28.4214 +/- 1.1479
INFO:root:Epoch no. 304 of 500 (samples: 99009)
INFO:root:Loss: 28.058 +/- 1.461
INFO:root:Epoch no. 305 of 500 (samples: 99009)
INFO:root:Loss: 28.4439 +/- 0.912
INFO:root:Epoch no. 306 of 500 (samples: 99009)
INFO:root:Loss: 27.6959 +/- 0.961
INFO:root:Epoch no. 307 of 500 (samples: 99009)
INFO:root:Loss: 27.1402 +/- 1.2067
INFO:root:Epoch no. 308 of 500 (samples: 99009)
INFO:root:Loss: 27.1472 +/- 1.1377
INFO:root:Epoch no. 309 of 500 (samples: 99009)
INFO:root:Loss: 26.5155 +/- 0.8005
INFO:root:Epoch no. 310 of 500 (samples: 99009)
INFO:root:Loss: 26.9256 +/- 0.7768
INFO:root:Epoch no. 311 of 500 (samples: 99009)
INFO:root:Loss: 27.4887 +/- 0.8876
INFO:root:Epoch no. 312 of 500 (samples: 99009)
INFO:root:Loss: 26.7788 +/- 0.9918
INFO:root:Epoch no. 313 of 500 (samples: 99009)
INFO:root:Loss: 26.5833 +/- 1.1748
INFO:root:Epoch no. 314 of 500 (samples: 99009)
INFO:root:Loss: 26.5319 +/- 1.4001
INFO:root:Epoch no. 315 of 500 (samples: 99009)
INFO:root:Loss: 26.4602 +/- 1.413
INFO:root:Epoch no. 316 of 500 (samples: 99009)
INFO:root:Loss: 26.1753 +/- 0.9306
INFO:root:Epoch no. 317 of 500 (samples: 99009)
INFO:root:Loss: 26.4234 +/- 0.67
INFO:root:Epoch no. 318 of 500 (samples: 99009)
INFO:root:Loss: 26.1387 +/- 1.0554
INFO:root:Epoch no. 319 of 500 (samples: 99009)
INFO:root:Loss: 25.9844 +/- 0.6545
INFO:root:Epoch no. 320 of 500 (samples: 99009)
INFO:root:Loss: 25.9117 +/- 0.68
INFO:root:Epoch no. 321 of 500 (samples: 99009)
INFO:root:Loss: 26.3077 +/- 0.9753
INFO:root:Epoch no. 322 of 500 (samples: 99009)
INFO:root:Loss: 26.2084 +/- 0.9889
INFO:root:Epoch no. 323 of 500 (samples: 99009)
INFO:root:Loss: 25.9386 +/- 1.2551
INFO:root:Epoch no. 324 of 500 (samples: 99009)
INFO:root:Loss: 25.7282 +/- 0.9079
INFO:root:Epoch no. 325 of 500 (samples: 99009)
INFO:root:Loss: 26.3401 +/- 1.0379
INFO:root:Epoch no. 326 of 500 (samples: 99009)
INFO:root:Loss: 25.7081 +/- 0.8745
INFO:root:Epoch no. 327 of 500 (samples: 99009)
INFO:root:Loss: 25.5934 +/- 0.9129
INFO:root:Epoch no. 328 of 500 (samples: 99009)
INFO:root:Loss: 25.4721 +/- 0.7692
INFO:root:Epoch no. 329 of 500 (samples: 99009)
INFO:root:Loss: 25.1676 +/- 0.8461
INFO:root:Epoch no. 330 of 500 (samples: 99009)
INFO:root:Loss: 24.7971 +/- 0.8577
INFO:root:Epoch no. 331 of 500 (samples: 99009)
INFO:root:Loss: 25.3569 +/- 1.1931
INFO:root:Epoch no. 332 of 500 (samples: 99009)
INFO:root:Loss: 25.6417 +/- 0.9639
INFO:root:Epoch no. 333 of 500 (samples: 99009)
INFO:root:Loss: 24.7871 +/- 0.8804
INFO:root:Epoch no. 334 of 500 (samples: 99009)
INFO:root:Loss: 24.5407 +/- 1.339
INFO:root:Epoch no. 335 of 500 (samples: 99009)
INFO:root:Loss: 25.3076 +/- 0.9861
INFO:root:Epoch no. 336 of 500 (samples: 99009)
INFO:root:Loss: 25.0724 +/- 0.9244
INFO:root:Epoch no. 337 of 500 (samples: 99009)
INFO:root:Loss: 24.4471 +/- 1.1892
INFO:root:Epoch no. 338 of 500 (samples: 99009)
INFO:root:Loss: 24.3971 +/- 1.3283
INFO:root:Epoch no. 339 of 500 (samples: 99009)
INFO:root:Loss: 24.4478 +/- 1.1309
INFO:root:Epoch no. 340 of 500 (samples: 99009)
INFO:root:Loss: 24.3254 +/- 0.856
INFO:root:Epoch no. 341 of 500 (samples: 99009)
INFO:root:Loss: 23.9621 +/- 1.0428
INFO:root:Epoch no. 342 of 500 (samples: 99009)
INFO:root:Loss: 23.7205 +/- 0.6952
INFO:root:Epoch no. 343 of 500 (samples: 99009)
INFO:root:Loss: 23.975 +/- 0.9821
INFO:root:Epoch no. 344 of 500 (samples: 99009)
INFO:root:Loss: 24.4196 +/- 0.9907
INFO:root:Epoch no. 345 of 500 (samples: 99009)
INFO:root:Loss: 23.6786 +/- 1.0778
INFO:root:Epoch no. 346 of 500 (samples: 99009)
INFO:root:Loss: 23.7535 +/- 0.7137
INFO:root:Epoch no. 347 of 500 (samples: 99009)
INFO:root:Loss: 23.4725 +/- 1.0734
INFO:root:Epoch no. 348 of 500 (samples: 99009)
INFO:root:Loss: 23.2038 +/- 0.9012
INFO:root:Epoch no. 349 of 500 (samples: 99009)
INFO:root:Loss: 24.3267 +/- 1.2194
INFO:root:Epoch no. 350 of 500 (samples: 99009)
INFO:root:Loss: 23.6445 +/- 1.163
INFO:root:Epoch no. 351 of 500 (samples: 99009)
INFO:root:Loss: 24.033 +/- 1.6418
INFO:root:Epoch no. 352 of 500 (samples: 99009)
INFO:root:Loss: 22.8649 +/- 0.6049
INFO:root:Epoch no. 353 of 500 (samples: 99009)
INFO:root:Loss: 23.216 +/- 1.0348
INFO:root:Epoch no. 354 of 500 (samples: 99009)
INFO:root:Loss: 22.8072 +/- 1.0445
INFO:root:Epoch no. 355 of 500 (samples: 99009)
INFO:root:Loss: 23.0211 +/- 0.7037
INFO:root:Epoch no. 356 of 500 (samples: 99009)
INFO:root:Loss: 23.8855 +/- 1.3507
INFO:root:Epoch no. 357 of 500 (samples: 99009)
INFO:root:Loss: 23.4697 +/- 1.4595
INFO:root:Epoch no. 358 of 500 (samples: 99009)
INFO:root:Loss: 23.0599 +/- 1.1296
INFO:root:Epoch no. 359 of 500 (samples: 99009)
INFO:root:Loss: 23.7929 +/- 0.8558
INFO:root:Epoch no. 360 of 500 (samples: 99009)
INFO:root:Loss: 22.9811 +/- 1.1717
INFO:root:Epoch no. 361 of 500 (samples: 99009)
INFO:root:Loss: 22.9409 +/- 0.787
INFO:root:Epoch no. 362 of 500 (samples: 99009)
INFO:root:Loss: 22.4522 +/- 0.87
INFO:root:Epoch no. 363 of 500 (samples: 99009)
INFO:root:Loss: 22.9614 +/- 1.069
INFO:root:Epoch no. 364 of 500 (samples: 99009)
INFO:root:Loss: 23.3809 +/- 1.2382
INFO:root:Epoch no. 365 of 500 (samples: 99009)
INFO:root:Loss: 22.6468 +/- 0.78
INFO:root:Epoch no. 366 of 500 (samples: 99009)
INFO:root:Loss: 22.7975 +/- 1.3291
INFO:root:Epoch no. 367 of 500 (samples: 99009)
INFO:root:Loss: 22.051 +/- 1.2419
INFO:root:Epoch no. 368 of 500 (samples: 99009)
INFO:root:Loss: 22.8715 +/- 0.7823
INFO:root:Epoch no. 369 of 500 (samples: 99009)
INFO:root:Loss: 22.2332 +/- 0.9409
INFO:root:Epoch no. 370 of 500 (samples: 99009)
INFO:root:Loss: 21.8922 +/- 0.7248
INFO:root:Epoch no. 371 of 500 (samples: 99009)
INFO:root:Loss: 22.9063 +/- 1.1689
INFO:root:Epoch no. 372 of 500 (samples: 99009)
INFO:root:Loss: 21.8516 +/- 1.0978
INFO:root:Epoch no. 373 of 500 (samples: 99009)
INFO:root:Loss: 22.067 +/- 0.8314
INFO:root:Epoch no. 374 of 500 (samples: 99009)
INFO:root:Loss: 21.546 +/- 1.1268
INFO:root:Epoch no. 375 of 500 (samples: 99009)
INFO:root:Loss: 21.8836 +/- 0.7812
INFO:root:Epoch no. 376 of 500 (samples: 99009)
INFO:root:Loss: 21.6758 +/- 0.8732
INFO:root:Epoch no. 377 of 500 (samples: 99009)
INFO:root:Loss: 21.8711 +/- 1.532
INFO:root:Epoch no. 378 of 500 (samples: 99009)
INFO:root:Loss: 21.5798 +/- 1.1092
INFO:root:Epoch no. 379 of 500 (samples: 99009)
INFO:root:Loss: 21.9825 +/- 1.108
INFO:root:Epoch no. 380 of 500 (samples: 99009)
INFO:root:Loss: 21.507 +/- 0.9802
INFO:root:Epoch no. 381 of 500 (samples: 99009)
INFO:root:Loss: 21.9073 +/- 0.4799
INFO:root:Epoch no. 382 of 500 (samples: 99009)
INFO:root:Loss: 21.8095 +/- 0.5084
INFO:root:Epoch no. 383 of 500 (samples: 99009)
INFO:root:Loss: 21.4832 +/- 0.8881
INFO:root:Epoch no. 384 of 500 (samples: 99009)
INFO:root:Loss: 21.6931 +/- 0.8413
INFO:root:Epoch no. 385 of 500 (samples: 99009)
INFO:root:Loss: 21.4542 +/- 0.937
INFO:root:Epoch no. 386 of 500 (samples: 99009)
INFO:root:Loss: 20.854 +/- 0.9439
INFO:root:Epoch no. 387 of 500 (samples: 99009)
INFO:root:Loss: 21.6151 +/- 1.1937
INFO:root:Epoch no. 388 of 500 (samples: 99009)
INFO:root:Loss: 21.4221 +/- 0.6635
INFO:root:Epoch no. 389 of 500 (samples: 99009)
INFO:root:Loss: 21.1053 +/- 1.1829
INFO:root:Epoch no. 390 of 500 (samples: 99009)
INFO:root:Loss: 20.8417 +/- 0.6866
INFO:root:Epoch no. 391 of 500 (samples: 99009)
INFO:root:Loss: 20.8165 +/- 1.014
INFO:root:Epoch no. 392 of 500 (samples: 99009)
INFO:root:Loss: 20.9984 +/- 1.3369
INFO:root:Epoch no. 393 of 500 (samples: 99009)
INFO:root:Loss: 20.5202 +/- 0.9671
INFO:root:Epoch no. 394 of 500 (samples: 99009)
INFO:root:Loss: 20.8781 +/- 1.0059
INFO:root:Epoch no. 395 of 500 (samples: 99009)
INFO:root:Loss: 20.584 +/- 1.6585
INFO:root:Epoch no. 396 of 500 (samples: 99009)
INFO:root:Loss: 20.5469 +/- 0.7471
INFO:root:Epoch no. 397 of 500 (samples: 99009)
INFO:root:Loss: 20.4723 +/- 1.0042
INFO:root:Epoch no. 398 of 500 (samples: 99009)
INFO:root:Loss: 20.7257 +/- 0.8876
INFO:root:Epoch no. 399 of 500 (samples: 99009)
INFO:root:Loss: 20.2608 +/- 1.0335
INFO:root:Epoch no. 400 of 500 (samples: 99009)
INFO:root:Loss: 20.7897 +/- 0.8664
INFO:root:Epoch no. 401 of 500 (samples: 99009)
INFO:root:Loss: 19.8874 +/- 0.7411
INFO:root:Epoch no. 402 of 500 (samples: 99009)
INFO:root:Loss: 20.5877 +/- 1.0136
INFO:root:Epoch no. 403 of 500 (samples: 99009)
INFO:root:Loss: 20.5119 +/- 1.5623
INFO:root:Epoch no. 404 of 500 (samples: 99009)
INFO:root:Loss: 20.2162 +/- 0.7047
INFO:root:Epoch no. 405 of 500 (samples: 99009)
INFO:root:Loss: 20.0933 +/- 0.9996
INFO:root:Epoch no. 406 of 500 (samples: 99009)
INFO:root:Loss: 20.2146 +/- 0.9213
INFO:root:Epoch no. 407 of 500 (samples: 99009)
INFO:root:Loss: 19.9424 +/- 1.1685
INFO:root:Epoch no. 408 of 500 (samples: 99009)
INFO:root:Loss: 20.0824 +/- 1.1793
INFO:root:Epoch no. 409 of 500 (samples: 99009)
INFO:root:Loss: 19.8982 +/- 0.9684
INFO:root:Epoch no. 410 of 500 (samples: 99009)
INFO:root:Loss: 20.0937 +/- 1.2737
INFO:root:Epoch no. 411 of 500 (samples: 99009)
INFO:root:Loss: 19.7825 +/- 1.2348
INFO:root:Epoch no. 412 of 500 (samples: 99009)
INFO:root:Loss: 19.7153 +/- 0.9167
INFO:root:Epoch no. 413 of 500 (samples: 99009)
INFO:root:Loss: 19.752 +/- 1.271
INFO:root:Epoch no. 414 of 500 (samples: 99009)
INFO:root:Loss: 19.9107 +/- 0.9842
INFO:root:Epoch no. 415 of 500 (samples: 99009)
INFO:root:Loss: 19.9061 +/- 0.834
INFO:root:Epoch no. 416 of 500 (samples: 99009)
INFO:root:Loss: 19.4018 +/- 0.8591
INFO:root:Epoch no. 417 of 500 (samples: 99009)
INFO:root:Loss: 19.4689 +/- 0.9706
INFO:root:Epoch no. 418 of 500 (samples: 99009)
INFO:root:Loss: 19.2984 +/- 1.1367
INFO:root:Epoch no. 419 of 500 (samples: 99009)
INFO:root:Loss: 19.5484 +/- 0.7766
INFO:root:Epoch no. 420 of 500 (samples: 99009)
INFO:root:Loss: 19.6197 +/- 1.0184
INFO:root:Epoch no. 421 of 500 (samples: 99009)
INFO:root:Loss: 19.7598 +/- 0.7505
INFO:root:Epoch no. 422 of 500 (samples: 99009)
INFO:root:Loss: 19.214 +/- 0.826
INFO:root:Epoch no. 423 of 500 (samples: 99009)
INFO:root:Loss: 19.4495 +/- 1.3521
INFO:root:Epoch no. 424 of 500 (samples: 99009)
INFO:root:Loss: 18.8045 +/- 0.7669
INFO:root:Epoch no. 425 of 500 (samples: 99009)
INFO:root:Loss: 19.5337 +/- 0.591
INFO:root:Epoch no. 426 of 500 (samples: 99009)
INFO:root:Loss: 19.2368 +/- 0.4883
INFO:root:Epoch no. 427 of 500 (samples: 99009)
INFO:root:Loss: 19.1884 +/- 0.72
INFO:root:Epoch no. 428 of 500 (samples: 99009)
INFO:root:Loss: 18.8499 +/- 1.3994
INFO:root:Epoch no. 429 of 500 (samples: 99009)
INFO:root:Loss: 19.0649 +/- 0.9945
INFO:root:Epoch no. 430 of 500 (samples: 99009)
INFO:root:Loss: 19.0518 +/- 1.4067
INFO:root:Epoch no. 431 of 500 (samples: 99009)
INFO:root:Loss: 19.0148 +/- 0.6787
INFO:root:Epoch no. 432 of 500 (samples: 99009)
INFO:root:Loss: 19.0971 +/- 1.3251
INFO:root:Epoch no. 433 of 500 (samples: 99009)
INFO:root:Loss: 18.8108 +/- 1.3156
INFO:root:Epoch no. 434 of 500 (samples: 99009)
INFO:root:Loss: 18.7901 +/- 1.6075
INFO:root:Epoch no. 435 of 500 (samples: 99009)
INFO:root:Loss: 19.2499 +/- 0.8003
INFO:root:Epoch no. 436 of 500 (samples: 99009)
INFO:root:Loss: 18.5424 +/- 0.8049
INFO:root:Epoch no. 437 of 500 (samples: 99009)
INFO:root:Loss: 18.8479 +/- 0.7325
INFO:root:Epoch no. 438 of 500 (samples: 99009)
INFO:root:Loss: 18.889 +/- 1.239
INFO:root:Epoch no. 439 of 500 (samples: 99009)
INFO:root:Loss: 19.1325 +/- 1.1019
INFO:root:Epoch no. 440 of 500 (samples: 99009)
INFO:root:Loss: 18.5765 +/- 1.1417
INFO:root:Epoch no. 441 of 500 (samples: 99009)
INFO:root:Loss: 19.0811 +/- 1.0779
INFO:root:Epoch no. 442 of 500 (samples: 99009)
INFO:root:Loss: 18.5204 +/- 1.2844
INFO:root:Epoch no. 443 of 500 (samples: 99009)
INFO:root:Loss: 18.3846 +/- 1.0785
INFO:root:Epoch no. 444 of 500 (samples: 99009)
INFO:root:Loss: 18.5338 +/- 0.6561
INFO:root:Epoch no. 445 of 500 (samples: 99009)
INFO:root:Loss: 18.7423 +/- 0.8543
INFO:root:Epoch no. 446 of 500 (samples: 99009)
INFO:root:Loss: 18.286 +/- 1.2529
INFO:root:Epoch no. 447 of 500 (samples: 99009)
INFO:root:Loss: 17.9493 +/- 1.2974
INFO:root:Epoch no. 448 of 500 (samples: 99009)
INFO:root:Loss: 18.1697 +/- 0.9575
INFO:root:Epoch no. 449 of 500 (samples: 99009)
INFO:root:Loss: 18.3211 +/- 1.0415
INFO:root:Epoch no. 450 of 500 (samples: 99009)
INFO:root:Loss: 18.1776 +/- 0.9194
INFO:root:Epoch no. 451 of 500 (samples: 99009)
INFO:root:Loss: 18.0345 +/- 0.832
INFO:root:Epoch no. 452 of 500 (samples: 99009)
INFO:root:Loss: 18.2968 +/- 1.2594
INFO:root:Epoch no. 453 of 500 (samples: 99009)
INFO:root:Loss: 18.0263 +/- 1.2948
INFO:root:Epoch no. 454 of 500 (samples: 99009)
INFO:root:Loss: 17.7306 +/- 1.0303
INFO:root:Epoch no. 455 of 500 (samples: 99009)
INFO:root:Loss: 17.8704 +/- 1.1076
INFO:root:Epoch no. 456 of 500 (samples: 99009)
INFO:root:Loss: 17.6037 +/- 0.4936
INFO:root:Epoch no. 457 of 500 (samples: 99009)
INFO:root:Loss: 18.0132 +/- 1.1593
INFO:root:Epoch no. 458 of 500 (samples: 99009)
INFO:root:Loss: 17.5606 +/- 1.0445
INFO:root:Epoch no. 459 of 500 (samples: 99009)
INFO:root:Loss: 17.5465 +/- 0.9201
INFO:root:Epoch no. 460 of 500 (samples: 99009)
INFO:root:Loss: 17.456 +/- 1.2607
INFO:root:Epoch no. 461 of 500 (samples: 99009)
INFO:root:Loss: 17.5169 +/- 0.7588
INFO:root:Epoch no. 462 of 500 (samples: 99009)
INFO:root:Loss: 17.6707 +/- 0.9477
INFO:root:Epoch no. 463 of 500 (samples: 99009)
INFO:root:Loss: 18.0082 +/- 0.5751
INFO:root:Epoch no. 464 of 500 (samples: 99009)
INFO:root:Loss: 17.6455 +/- 1.1428
INFO:root:Epoch no. 465 of 500 (samples: 99009)
INFO:root:Loss: 17.5534 +/- 0.9412
INFO:root:Epoch no. 466 of 500 (samples: 99009)
INFO:root:Loss: 17.1484 +/- 0.881
INFO:root:Epoch no. 467 of 500 (samples: 99009)
INFO:root:Loss: 17.5841 +/- 0.9256
INFO:root:Epoch no. 468 of 500 (samples: 99009)
INFO:root:Loss: 17.335 +/- 0.8979
INFO:root:Epoch no. 469 of 500 (samples: 99009)
INFO:root:Loss: 17.3332 +/- 0.9305
INFO:root:Epoch no. 470 of 500 (samples: 99009)
INFO:root:Loss: 17.0538 +/- 1.159
INFO:root:Epoch no. 471 of 500 (samples: 99009)
INFO:root:Loss: 17.29 +/- 1.109
INFO:root:Epoch no. 472 of 500 (samples: 99009)
INFO:root:Loss: 16.9875 +/- 1.0347
INFO:root:Epoch no. 473 of 500 (samples: 99009)
INFO:root:Loss: 17.0218 +/- 0.8898
INFO:root:Epoch no. 474 of 500 (samples: 99009)
INFO:root:Loss: 17.7692 +/- 0.67
INFO:root:Epoch no. 475 of 500 (samples: 99009)
INFO:root:Loss: 16.8875 +/- 0.7754
INFO:root:Epoch no. 476 of 500 (samples: 99009)
INFO:root:Loss: 16.6497 +/- 1.2374
INFO:root:Epoch no. 477 of 500 (samples: 99009)
INFO:root:Loss: 16.9936 +/- 0.7915
INFO:root:Epoch no. 478 of 500 (samples: 99009)
INFO:root:Loss: 17.1257 +/- 0.8217
INFO:root:Epoch no. 479 of 500 (samples: 99009)
INFO:root:Loss: 16.9924 +/- 0.9411
INFO:root:Epoch no. 480 of 500 (samples: 99009)
INFO:root:Loss: 16.7675 +/- 0.7447
INFO:root:Epoch no. 481 of 500 (samples: 99009)
INFO:root:Loss: 16.4553 +/- 0.7252
INFO:root:Epoch no. 482 of 500 (samples: 99009)
INFO:root:Loss: 16.3737 +/- 0.754
INFO:root:Epoch no. 483 of 500 (samples: 99009)
INFO:root:Loss: 17.0409 +/- 0.8385
INFO:root:Epoch no. 484 of 500 (samples: 99009)
INFO:root:Loss: 16.5446 +/- 0.795
INFO:root:Epoch no. 485 of 500 (samples: 99009)
INFO:root:Loss: 16.4181 +/- 0.9163
INFO:root:Epoch no. 486 of 500 (samples: 99009)
INFO:root:Loss: 16.7024 +/- 0.8438
INFO:root:Epoch no. 487 of 500 (samples: 99009)
INFO:root:Loss: 16.8651 +/- 0.3583
INFO:root:Epoch no. 488 of 500 (samples: 99009)
INFO:root:Loss: 16.7881 +/- 0.8628
INFO:root:Epoch no. 489 of 500 (samples: 99009)
INFO:root:Loss: 16.5578 +/- 1.2179
INFO:root:Epoch no. 490 of 500 (samples: 99009)
INFO:root:Loss: 16.5449 +/- 1.2142
INFO:root:Epoch no. 491 of 500 (samples: 99009)
INFO:root:Loss: 16.3359 +/- 0.8011
INFO:root:Epoch no. 492 of 500 (samples: 99009)
INFO:root:Loss: 15.9764 +/- 0.7998
INFO:root:Epoch no. 493 of 500 (samples: 99009)
INFO:root:Loss: 16.4243 +/- 0.7918
INFO:root:Epoch no. 494 of 500 (samples: 99009)
INFO:root:Loss: 16.1993 +/- 1.1575
INFO:root:Epoch no. 495 of 500 (samples: 99009)
INFO:root:Loss: 16.3268 +/- 0.4971
INFO:root:Epoch no. 496 of 500 (samples: 99009)
INFO:root:Loss: 16.044 +/- 1.3406
INFO:root:Epoch no. 497 of 500 (samples: 99009)
INFO:root:Loss: 16.0256 +/- 0.6985
INFO:root:Epoch no. 498 of 500 (samples: 99009)
INFO:root:Loss: 16.4636 +/- 0.9119
INFO:root:Epoch no. 499 of 500 (samples: 99009)
INFO:root:Loss: 16.105 +/- 1.2477
INFO:root:Epoch no. 500 of 500 (samples: 99009)
INFO:root:Loss: 16.2064 +/- 0.756
/usr/local/lib/python3.5/dist-packages/keras/backend/theano_backend.py:527: UserWarning: theano.function was asked to create a function computing outputs given certain inputs, but the provided input variable at index 2 is not part of the computational graph needed to compute the outputs: keras_learning_phase.
To make this warning into an error, you can pass the parameter on_unused_input='raise' to theano.function. To disable it completely, use on_unused_input='ignore'.
  **kwargs)
INFO:root:### MICRO (validation raw):
INFO:root:	-- left   >> mean: 2933.099, median: 4.0, mrr: 0.418, hits@1: 31.04%
INFO:root:	-- right  >> mean: 2927.8744, median: 4.0, mrr: 0.406, hits@1: 29.68%
INFO:root:	-- global >> mean: 2930.4867, median: 4.0, mrr: 0.412, hits@1: 30.36%
INFO:root:### MICRO (validation raw):
INFO:root:	-- left   >> mean: 2933.099, median: 4.0, mrr: 0.418, hits@3: 49.12%
INFO:root:	-- right  >> mean: 2927.8744, median: 4.0, mrr: 0.406, hits@3: 47.66%
INFO:root:	-- global >> mean: 2930.4867, median: 4.0, mrr: 0.412, hits@3: 48.39%
INFO:root:### MICRO (validation raw):
INFO:root:	-- left   >> mean: 2933.099, median: 4.0, mrr: 0.418, hits@5: 54.8%
INFO:root:	-- right  >> mean: 2927.8744, median: 4.0, mrr: 0.406, hits@5: 54.56%
INFO:root:	-- global >> mean: 2930.4867, median: 4.0, mrr: 0.412, hits@5: 54.68%
INFO:root:### MICRO (validation raw):
INFO:root:	-- left   >> mean: 2933.099, median: 4.0, mrr: 0.418, hits@10: 61.12%
INFO:root:	-- right  >> mean: 2927.8744, median: 4.0, mrr: 0.406, hits@10: 60.96%
INFO:root:	-- global >> mean: 2930.4867, median: 4.0, mrr: 0.412, hits@10: 61.04%
INFO:root:### MICRO (validation filtered):
INFO:root:	-- left   >> mean: 2924.3416, median: 2.0, mrr: 0.514, hits@1: 42.56%
INFO:root:	-- right  >> mean: 2918.5912, median: 2.0, mrr: 0.512, hits@1: 42.16%
INFO:root:	-- global >> mean: 2921.4664, median: 2.0, mrr: 0.513, hits@1: 42.36%
INFO:root:### MICRO (validation filtered):
INFO:root:	-- left   >> mean: 2924.3416, median: 2.0, mrr: 0.514, hits@3: 57.74%
INFO:root:	-- right  >> mean: 2918.5912, median: 2.0, mrr: 0.512, hits@3: 57.84%
INFO:root:	-- global >> mean: 2921.4664, median: 2.0, mrr: 0.513, hits@3: 57.79%
INFO:root:### MICRO (validation filtered):
INFO:root:	-- left   >> mean: 2924.3416, median: 2.0, mrr: 0.514, hits@5: 61.78%
INFO:root:	-- right  >> mean: 2918.5912, median: 2.0, mrr: 0.512, hits@5: 61.8%
INFO:root:	-- global >> mean: 2921.4664, median: 2.0, mrr: 0.513, hits@5: 61.79%
INFO:root:### MICRO (validation filtered):
INFO:root:	-- left   >> mean: 2924.3416, median: 2.0, mrr: 0.514, hits@10: 66.06%
INFO:root:	-- right  >> mean: 2918.5912, median: 2.0, mrr: 0.512, hits@10: 66.24%
INFO:root:	-- global >> mean: 2921.4664, median: 2.0, mrr: 0.513, hits@10: 66.15%
INFO:root:### MICRO (test raw):
INFO:root:	-- left   >> mean: 2868.8168, median: 4.0, mrr: 0.407, hits@1: 29.64%
INFO:root:	-- right  >> mean: 2852.556, median: 4.0, mrr: 0.424, hits@1: 31.68%
INFO:root:	-- global >> mean: 2860.6864, median: 4.0, mrr: 0.416, hits@1: 30.66%
INFO:root:### MICRO (test raw):
INFO:root:	-- left   >> mean: 2868.8168, median: 4.0, mrr: 0.407, hits@3: 47.5%
INFO:root:	-- right  >> mean: 2852.556, median: 4.0, mrr: 0.424, hits@3: 49.76%
INFO:root:	-- global >> mean: 2860.6864, median: 4.0, mrr: 0.416, hits@3: 48.63%
INFO:root:### MICRO (test raw):
INFO:root:	-- left   >> mean: 2868.8168, median: 4.0, mrr: 0.407, hits@5: 54.54%
INFO:root:	-- right  >> mean: 2852.556, median: 4.0, mrr: 0.424, hits@5: 55.82%
INFO:root:	-- global >> mean: 2860.6864, median: 4.0, mrr: 0.416, hits@5: 55.18%
INFO:root:### MICRO (test raw):
INFO:root:	-- left   >> mean: 2868.8168, median: 4.0, mrr: 0.407, hits@10: 61.7%
INFO:root:	-- right  >> mean: 2852.556, median: 4.0, mrr: 0.424, hits@10: 62.1%
INFO:root:	-- global >> mean: 2860.6864, median: 4.0, mrr: 0.416, hits@10: 61.9%
INFO:root:### MICRO (test filtered):
INFO:root:	-- left   >> mean: 2859.4524, median: 2.0, mrr: 0.512, hits@1: 41.62%
INFO:root:	-- right  >> mean: 2843.7518, median: 2.0, mrr: 0.524, hits@1: 43.66%
INFO:root:	-- global >> mean: 2851.6021, median: 2.0, mrr: 0.518, hits@1: 42.64%
INFO:root:### MICRO (test filtered):
INFO:root:	-- left   >> mean: 2859.4524, median: 2.0, mrr: 0.512, hits@3: 58.26%
INFO:root:	-- right  >> mean: 2843.7518, median: 2.0, mrr: 0.524, hits@3: 58.72%
INFO:root:	-- global >> mean: 2851.6021, median: 2.0, mrr: 0.518, hits@3: 58.49%
INFO:root:### MICRO (test filtered):
INFO:root:	-- left   >> mean: 2859.4524, median: 2.0, mrr: 0.512, hits@5: 62.58%
INFO:root:	-- right  >> mean: 2843.7518, median: 2.0, mrr: 0.524, hits@5: 63.02%
INFO:root:	-- global >> mean: 2851.6021, median: 2.0, mrr: 0.518, hits@5: 62.8%
INFO:root:### MICRO (test filtered):
INFO:root:	-- left   >> mean: 2859.4524, median: 2.0, mrr: 0.512, hits@10: 66.94%
INFO:root:	-- right  >> mean: 2843.7518, median: 2.0, mrr: 0.524, hits@10: 66.98%
INFO:root:	-- global >> mean: 2851.6021, median: 2.0, mrr: 0.518, hits@10: 66.96%
