Using Theano backend.
INFO:root:Acquiring data/wn18/wordnet-mlj12-train.txt ..
INFO:root:Acquiring data/wn18/wordnet-mlj12-valid.txt ..
INFO:root:Acquiring data/wn18/wordnet-mlj12-test.txt ..
INFO:root:[Rules] Adding Head: 15, Tail: [(10, True)]
INFO:root:[Rules] Adding Head: 12, Tail: [(17, True)]
INFO:root:[Rules] Adding Head: 4, Tail: [(5, True)]
INFO:root:[Rules] Adding Head: 13, Tail: [(3, True)]
INFO:root:[Rules] Adding Head: 5, Tail: [(4, True)]
INFO:root:[Rules] Adding Head: 16, Tail: [(11, True)]
INFO:root:[Rules] Adding Head: 17, Tail: [(12, True)]
INFO:root:[Rules] Adding Head: 11, Tail: [(16, True)]
INFO:root:[Rules] Adding Head: 8, Tail: [(9, True)]
INFO:root:[Rules] Adding Head: 2, Tail: [(2, True)]
INFO:root:Samples: 99009, no. batches: 10 -> batch size: 9901
INFO:root:Epoch no. 1 of 500 (samples: 99009)
INFO:root:Loss: 3399.923 +/- 17.5107
INFO:root:Epoch no. 2 of 500 (samples: 99009)
INFO:root:Loss: 3273.5711 +/- 22.4676
INFO:root:Epoch no. 3 of 500 (samples: 99009)
INFO:root:Loss: 3098.5663 +/- 16.3073
INFO:root:Epoch no. 4 of 500 (samples: 99009)
INFO:root:Loss: 2935.8928 +/- 8.8986
INFO:root:Epoch no. 5 of 500 (samples: 99009)
INFO:root:Loss: 2793.116 +/- 5.3774
INFO:root:Epoch no. 6 of 500 (samples: 99009)
INFO:root:Loss: 2669.3143 +/- 8.3848
INFO:root:Epoch no. 7 of 500 (samples: 99009)
INFO:root:Loss: 2559.9799 +/- 10.7878
INFO:root:Epoch no. 8 of 500 (samples: 99009)
INFO:root:Loss: 2461.1699 +/- 12.9028
INFO:root:Epoch no. 9 of 500 (samples: 99009)
INFO:root:Loss: 2371.1147 +/- 12.9483
INFO:root:Epoch no. 10 of 500 (samples: 99009)
INFO:root:Loss: 2288.8017 +/- 16.2617
INFO:root:Epoch no. 11 of 500 (samples: 99009)
INFO:root:Loss: 2211.0564 +/- 16.7927
INFO:root:Epoch no. 12 of 500 (samples: 99009)
INFO:root:Loss: 2139.2534 +/- 17.8329
INFO:root:Epoch no. 13 of 500 (samples: 99009)
INFO:root:Loss: 2070.0228 +/- 17.9152
INFO:root:Epoch no. 14 of 500 (samples: 99009)
INFO:root:Loss: 2005.1937 +/- 19.7911
INFO:root:Epoch no. 15 of 500 (samples: 99009)
INFO:root:Loss: 1942.8623 +/- 17.071
INFO:root:Epoch no. 16 of 500 (samples: 99009)
INFO:root:Loss: 1884.0632 +/- 19.8719
INFO:root:Epoch no. 17 of 500 (samples: 99009)
INFO:root:Loss: 1826.4291 +/- 19.0139
INFO:root:Epoch no. 18 of 500 (samples: 99009)
INFO:root:Loss: 1771.33 +/- 18.6512
INFO:root:Epoch no. 19 of 500 (samples: 99009)
INFO:root:Loss: 1717.8614 +/- 19.4422
INFO:root:Epoch no. 20 of 500 (samples: 99009)
INFO:root:Loss: 1666.7865 +/- 21.3037
INFO:root:Epoch no. 21 of 500 (samples: 99009)
INFO:root:Loss: 1617.3695 +/- 19.8966
INFO:root:Epoch no. 22 of 500 (samples: 99009)
INFO:root:Loss: 1568.0865 +/- 19.5421
INFO:root:Epoch no. 23 of 500 (samples: 99009)
INFO:root:Loss: 1520.2611 +/- 20.1754
INFO:root:Epoch no. 24 of 500 (samples: 99009)
INFO:root:Loss: 1475.1023 +/- 22.1831
INFO:root:Epoch no. 25 of 500 (samples: 99009)
INFO:root:Loss: 1429.8651 +/- 18.7437
INFO:root:Epoch no. 26 of 500 (samples: 99009)
INFO:root:Loss: 1386.8119 +/- 19.9878
INFO:root:Epoch no. 27 of 500 (samples: 99009)
INFO:root:Loss: 1343.859 +/- 19.6962
INFO:root:Epoch no. 28 of 500 (samples: 99009)
INFO:root:Loss: 1302.4244 +/- 20.5858
INFO:root:Epoch no. 29 of 500 (samples: 99009)
INFO:root:Loss: 1260.7783 +/- 23.3722
INFO:root:Epoch no. 30 of 500 (samples: 99009)
INFO:root:Loss: 1220.6965 +/- 22.1352
INFO:root:Epoch no. 31 of 500 (samples: 99009)
INFO:root:Loss: 1181.0198 +/- 21.485
INFO:root:Epoch no. 32 of 500 (samples: 99009)
INFO:root:Loss: 1142.4977 +/- 20.0912
INFO:root:Epoch no. 33 of 500 (samples: 99009)
INFO:root:Loss: 1104.5573 +/- 24.3646
INFO:root:Epoch no. 34 of 500 (samples: 99009)
INFO:root:Loss: 1066.8409 +/- 23.9285
INFO:root:Epoch no. 35 of 500 (samples: 99009)
INFO:root:Loss: 1030.5534 +/- 17.684
INFO:root:Epoch no. 36 of 500 (samples: 99009)
INFO:root:Loss: 994.7334 +/- 19.1916
INFO:root:Epoch no. 37 of 500 (samples: 99009)
INFO:root:Loss: 959.225 +/- 21.0832
INFO:root:Epoch no. 38 of 500 (samples: 99009)
INFO:root:Loss: 924.6616 +/- 22.7017
INFO:root:Epoch no. 39 of 500 (samples: 99009)
INFO:root:Loss: 891.3214 +/- 23.913
INFO:root:Epoch no. 40 of 500 (samples: 99009)
INFO:root:Loss: 857.8193 +/- 25.401
INFO:root:Epoch no. 41 of 500 (samples: 99009)
INFO:root:Loss: 824.8558 +/- 23.0368
INFO:root:Epoch no. 42 of 500 (samples: 99009)
INFO:root:Loss: 791.7966 +/- 23.0364
INFO:root:Epoch no. 43 of 500 (samples: 99009)
INFO:root:Loss: 763.7499 +/- 19.6954
INFO:root:Epoch no. 44 of 500 (samples: 99009)
INFO:root:Loss: 732.9341 +/- 22.2075
INFO:root:Epoch no. 45 of 500 (samples: 99009)
INFO:root:Loss: 707.1442 +/- 20.7049
INFO:root:Epoch no. 46 of 500 (samples: 99009)
INFO:root:Loss: 678.3769 +/- 23.2296
INFO:root:Epoch no. 47 of 500 (samples: 99009)
INFO:root:Loss: 650.245 +/- 23.9065
INFO:root:Epoch no. 48 of 500 (samples: 99009)
INFO:root:Loss: 625.8541 +/- 21.8522
INFO:root:Epoch no. 49 of 500 (samples: 99009)
INFO:root:Loss: 602.0291 +/- 25.4273
INFO:root:Epoch no. 50 of 500 (samples: 99009)
INFO:root:Loss: 579.1739 +/- 19.8593
INFO:root:Epoch no. 51 of 500 (samples: 99009)
INFO:root:Loss: 557.0687 +/- 22.2874
INFO:root:Epoch no. 52 of 500 (samples: 99009)
INFO:root:Loss: 535.5556 +/- 19.4823
INFO:root:Epoch no. 53 of 500 (samples: 99009)
INFO:root:Loss: 514.9433 +/- 17.9334
INFO:root:Epoch no. 54 of 500 (samples: 99009)
INFO:root:Loss: 496.4813 +/- 26.1741
INFO:root:Epoch no. 55 of 500 (samples: 99009)
INFO:root:Loss: 478.4094 +/- 20.5264
INFO:root:Epoch no. 56 of 500 (samples: 99009)
INFO:root:Loss: 461.3263 +/- 21.7077
INFO:root:Epoch no. 57 of 500 (samples: 99009)
INFO:root:Loss: 445.932 +/- 21.0239
INFO:root:Epoch no. 58 of 500 (samples: 99009)
INFO:root:Loss: 428.1306 +/- 18.5481
INFO:root:Epoch no. 59 of 500 (samples: 99009)
INFO:root:Loss: 413.8529 +/- 15.2644
INFO:root:Epoch no. 60 of 500 (samples: 99009)
INFO:root:Loss: 399.6072 +/- 18.9747
INFO:root:Epoch no. 61 of 500 (samples: 99009)
INFO:root:Loss: 386.7852 +/- 14.1927
INFO:root:Epoch no. 62 of 500 (samples: 99009)
INFO:root:Loss: 374.2361 +/- 17.4522
INFO:root:Epoch no. 63 of 500 (samples: 99009)
INFO:root:Loss: 361.2673 +/- 18.4034
INFO:root:Epoch no. 64 of 500 (samples: 99009)
INFO:root:Loss: 349.4687 +/- 15.058
INFO:root:Epoch no. 65 of 500 (samples: 99009)
INFO:root:Loss: 338.8257 +/- 17.098
INFO:root:Epoch no. 66 of 500 (samples: 99009)
INFO:root:Loss: 328.9083 +/- 16.8274
INFO:root:Epoch no. 67 of 500 (samples: 99009)
INFO:root:Loss: 317.1294 +/- 15.6165
INFO:root:Epoch no. 68 of 500 (samples: 99009)
INFO:root:Loss: 308.6288 +/- 14.8231
INFO:root:Epoch no. 69 of 500 (samples: 99009)
INFO:root:Loss: 298.4444 +/- 13.276
INFO:root:Epoch no. 70 of 500 (samples: 99009)
INFO:root:Loss: 290.7073 +/- 13.0684
INFO:root:Epoch no. 71 of 500 (samples: 99009)
INFO:root:Loss: 282.3478 +/- 13.4073
INFO:root:Epoch no. 72 of 500 (samples: 99009)
INFO:root:Loss: 272.9501 +/- 13.9056
INFO:root:Epoch no. 73 of 500 (samples: 99009)
INFO:root:Loss: 266.3604 +/- 13.5046
INFO:root:Epoch no. 74 of 500 (samples: 99009)
INFO:root:Loss: 258.5158 +/- 10.7238
INFO:root:Epoch no. 75 of 500 (samples: 99009)
INFO:root:Loss: 251.6657 +/- 12.3979
INFO:root:Epoch no. 76 of 500 (samples: 99009)
INFO:root:Loss: 245.0974 +/- 10.3815
INFO:root:Epoch no. 77 of 500 (samples: 99009)
INFO:root:Loss: 238.249 +/- 9.5911
INFO:root:Epoch no. 78 of 500 (samples: 99009)
INFO:root:Loss: 232.2631 +/- 12.0495
INFO:root:Epoch no. 79 of 500 (samples: 99009)
INFO:root:Loss: 227.0501 +/- 12.6413
INFO:root:Epoch no. 80 of 500 (samples: 99009)
INFO:root:Loss: 221.7064 +/- 10.4111
INFO:root:Epoch no. 81 of 500 (samples: 99009)
INFO:root:Loss: 215.3877 +/- 11.4366
INFO:root:Epoch no. 82 of 500 (samples: 99009)
INFO:root:Loss: 209.0311 +/- 10.2907
INFO:root:Epoch no. 83 of 500 (samples: 99009)
INFO:root:Loss: 205.621 +/- 9.9594
INFO:root:Epoch no. 84 of 500 (samples: 99009)
INFO:root:Loss: 200.1183 +/- 8.4908
INFO:root:Epoch no. 85 of 500 (samples: 99009)
INFO:root:Loss: 196.3525 +/- 10.3346
INFO:root:Epoch no. 86 of 500 (samples: 99009)
INFO:root:Loss: 190.8768 +/- 10.52
INFO:root:Epoch no. 87 of 500 (samples: 99009)
INFO:root:Loss: 186.6453 +/- 8.0934
INFO:root:Epoch no. 88 of 500 (samples: 99009)
INFO:root:Loss: 183.2875 +/- 9.7237
INFO:root:Epoch no. 89 of 500 (samples: 99009)
INFO:root:Loss: 178.4457 +/- 6.7435
INFO:root:Epoch no. 90 of 500 (samples: 99009)
INFO:root:Loss: 174.8422 +/- 9.4819
INFO:root:Epoch no. 91 of 500 (samples: 99009)
INFO:root:Loss: 171.3014 +/- 7.526
INFO:root:Epoch no. 92 of 500 (samples: 99009)
INFO:root:Loss: 167.7781 +/- 7.1402
INFO:root:Epoch no. 93 of 500 (samples: 99009)
INFO:root:Loss: 164.1188 +/- 6.2632
INFO:root:Epoch no. 94 of 500 (samples: 99009)
INFO:root:Loss: 161.0822 +/- 8.4016
INFO:root:Epoch no. 95 of 500 (samples: 99009)
INFO:root:Loss: 157.2431 +/- 8.2304
INFO:root:Epoch no. 96 of 500 (samples: 99009)
INFO:root:Loss: 154.8633 +/- 7.4477
INFO:root:Epoch no. 97 of 500 (samples: 99009)
INFO:root:Loss: 151.7656 +/- 6.8932
INFO:root:Epoch no. 98 of 500 (samples: 99009)
INFO:root:Loss: 148.4129 +/- 8.1059
INFO:root:Epoch no. 99 of 500 (samples: 99009)
INFO:root:Loss: 145.1083 +/- 6.2247
INFO:root:Epoch no. 100 of 500 (samples: 99009)
INFO:root:Loss: 142.6257 +/- 5.6314
INFO:root:Epoch no. 101 of 500 (samples: 99009)
INFO:root:Loss: 139.6751 +/- 7.3478
INFO:root:Epoch no. 102 of 500 (samples: 99009)
INFO:root:Loss: 137.3302 +/- 7.5654
INFO:root:Epoch no. 103 of 500 (samples: 99009)
INFO:root:Loss: 134.0313 +/- 6.0621
INFO:root:Epoch no. 104 of 500 (samples: 99009)
INFO:root:Loss: 132.8684 +/- 5.9594
INFO:root:Epoch no. 105 of 500 (samples: 99009)
INFO:root:Loss: 129.7888 +/- 5.9407
INFO:root:Epoch no. 106 of 500 (samples: 99009)
INFO:root:Loss: 128.1057 +/- 5.9794
INFO:root:Epoch no. 107 of 500 (samples: 99009)
INFO:root:Loss: 125.7182 +/- 5.0121
INFO:root:Epoch no. 108 of 500 (samples: 99009)
INFO:root:Loss: 123.43 +/- 6.2283
INFO:root:Epoch no. 109 of 500 (samples: 99009)
INFO:root:Loss: 120.7228 +/- 5.2202
INFO:root:Epoch no. 110 of 500 (samples: 99009)
INFO:root:Loss: 118.6065 +/- 3.9999
INFO:root:Epoch no. 111 of 500 (samples: 99009)
INFO:root:Loss: 117.0311 +/- 5.4313
INFO:root:Epoch no. 112 of 500 (samples: 99009)
INFO:root:Loss: 115.0954 +/- 3.9011
INFO:root:Epoch no. 113 of 500 (samples: 99009)
INFO:root:Loss: 112.8202 +/- 5.1177
INFO:root:Epoch no. 114 of 500 (samples: 99009)
INFO:root:Loss: 111.42 +/- 4.5882
INFO:root:Epoch no. 115 of 500 (samples: 99009)
INFO:root:Loss: 110.2634 +/- 3.6233
INFO:root:Epoch no. 116 of 500 (samples: 99009)
INFO:root:Loss: 108.3914 +/- 7.4366
INFO:root:Epoch no. 117 of 500 (samples: 99009)
INFO:root:Loss: 106.669 +/- 6.2615
INFO:root:Epoch no. 118 of 500 (samples: 99009)
INFO:root:Loss: 104.6413 +/- 5.9128
INFO:root:Epoch no. 119 of 500 (samples: 99009)
INFO:root:Loss: 104.3775 +/- 5.2705
INFO:root:Epoch no. 120 of 500 (samples: 99009)
INFO:root:Loss: 102.3163 +/- 5.2041
INFO:root:Epoch no. 121 of 500 (samples: 99009)
INFO:root:Loss: 99.5329 +/- 3.3122
INFO:root:Epoch no. 122 of 500 (samples: 99009)
INFO:root:Loss: 98.342 +/- 4.5881
INFO:root:Epoch no. 123 of 500 (samples: 99009)
INFO:root:Loss: 97.0812 +/- 5.1029
INFO:root:Epoch no. 124 of 500 (samples: 99009)
INFO:root:Loss: 96.1059 +/- 5.4639
INFO:root:Epoch no. 125 of 500 (samples: 99009)
INFO:root:Loss: 94.4647 +/- 5.0514
INFO:root:Epoch no. 126 of 500 (samples: 99009)
INFO:root:Loss: 92.4975 +/- 4.5953
INFO:root:Epoch no. 127 of 500 (samples: 99009)
INFO:root:Loss: 91.5026 +/- 4.302
INFO:root:Epoch no. 128 of 500 (samples: 99009)
INFO:root:Loss: 90.8296 +/- 3.8525
INFO:root:Epoch no. 129 of 500 (samples: 99009)
INFO:root:Loss: 89.5594 +/- 4.6183
INFO:root:Epoch no. 130 of 500 (samples: 99009)
INFO:root:Loss: 88.0125 +/- 3.4247
INFO:root:Epoch no. 131 of 500 (samples: 99009)
INFO:root:Loss: 86.7547 +/- 3.8516
INFO:root:Epoch no. 132 of 500 (samples: 99009)
INFO:root:Loss: 85.6861 +/- 4.7711
INFO:root:Epoch no. 133 of 500 (samples: 99009)
INFO:root:Loss: 84.4949 +/- 3.6359
INFO:root:Epoch no. 134 of 500 (samples: 99009)
INFO:root:Loss: 83.7398 +/- 2.8548
INFO:root:Epoch no. 135 of 500 (samples: 99009)
INFO:root:Loss: 82.2854 +/- 3.1841
INFO:root:Epoch no. 136 of 500 (samples: 99009)
INFO:root:Loss: 81.8279 +/- 3.9865
INFO:root:Epoch no. 137 of 500 (samples: 99009)
INFO:root:Loss: 79.5246 +/- 3.3015
INFO:root:Epoch no. 138 of 500 (samples: 99009)
INFO:root:Loss: 79.0839 +/- 4.4395
INFO:root:Epoch no. 139 of 500 (samples: 99009)
INFO:root:Loss: 77.4743 +/- 2.5944
INFO:root:Epoch no. 140 of 500 (samples: 99009)
INFO:root:Loss: 76.1578 +/- 4.0664
INFO:root:Epoch no. 141 of 500 (samples: 99009)
INFO:root:Loss: 75.9263 +/- 2.2376
INFO:root:Epoch no. 142 of 500 (samples: 99009)
INFO:root:Loss: 75.371 +/- 3.3717
INFO:root:Epoch no. 143 of 500 (samples: 99009)
INFO:root:Loss: 74.2642 +/- 3.2447
INFO:root:Epoch no. 144 of 500 (samples: 99009)
INFO:root:Loss: 73.1233 +/- 2.1682
INFO:root:Epoch no. 145 of 500 (samples: 99009)
INFO:root:Loss: 71.3024 +/- 3.4109
INFO:root:Epoch no. 146 of 500 (samples: 99009)
INFO:root:Loss: 71.1376 +/- 4.0716
INFO:root:Epoch no. 147 of 500 (samples: 99009)
INFO:root:Loss: 70.1252 +/- 2.2913
INFO:root:Epoch no. 148 of 500 (samples: 99009)
INFO:root:Loss: 69.5156 +/- 2.2103
INFO:root:Epoch no. 149 of 500 (samples: 99009)
INFO:root:Loss: 67.8013 +/- 2.5245
INFO:root:Epoch no. 150 of 500 (samples: 99009)
INFO:root:Loss: 67.7635 +/- 2.654
INFO:root:Epoch no. 151 of 500 (samples: 99009)
INFO:root:Loss: 67.4128 +/- 2.998
INFO:root:Epoch no. 152 of 500 (samples: 99009)
INFO:root:Loss: 65.7809 +/- 3.3186
INFO:root:Epoch no. 153 of 500 (samples: 99009)
INFO:root:Loss: 65.0966 +/- 2.6075
INFO:root:Epoch no. 154 of 500 (samples: 99009)
INFO:root:Loss: 63.9098 +/- 2.9815
INFO:root:Epoch no. 155 of 500 (samples: 99009)
INFO:root:Loss: 63.1304 +/- 3.1367
INFO:root:Epoch no. 156 of 500 (samples: 99009)
INFO:root:Loss: 62.4977 +/- 3.0285
INFO:root:Epoch no. 157 of 500 (samples: 99009)
INFO:root:Loss: 61.8945 +/- 3.0517
INFO:root:Epoch no. 158 of 500 (samples: 99009)
INFO:root:Loss: 61.3542 +/- 3.4566
INFO:root:Epoch no. 159 of 500 (samples: 99009)
INFO:root:Loss: 61.8225 +/- 2.7818
INFO:root:Epoch no. 160 of 500 (samples: 99009)
INFO:root:Loss: 60.1231 +/- 3.0601
INFO:root:Epoch no. 161 of 500 (samples: 99009)
INFO:root:Loss: 59.0348 +/- 2.6651
INFO:root:Epoch no. 162 of 500 (samples: 99009)
INFO:root:Loss: 58.8417 +/- 2.8653
INFO:root:Epoch no. 163 of 500 (samples: 99009)
INFO:root:Loss: 58.3282 +/- 3.0786
INFO:root:Epoch no. 164 of 500 (samples: 99009)
INFO:root:Loss: 57.53 +/- 2.5382
INFO:root:Epoch no. 165 of 500 (samples: 99009)
INFO:root:Loss: 56.5128 +/- 2.4281
INFO:root:Epoch no. 166 of 500 (samples: 99009)
INFO:root:Loss: 55.1106 +/- 3.0162
INFO:root:Epoch no. 167 of 500 (samples: 99009)
INFO:root:Loss: 55.2851 +/- 2.3973
INFO:root:Epoch no. 168 of 500 (samples: 99009)
INFO:root:Loss: 54.3256 +/- 1.2697
INFO:root:Epoch no. 169 of 500 (samples: 99009)
INFO:root:Loss: 54.34 +/- 2.37
INFO:root:Epoch no. 170 of 500 (samples: 99009)
INFO:root:Loss: 52.6174 +/- 1.3529
INFO:root:Epoch no. 171 of 500 (samples: 99009)
INFO:root:Loss: 52.5277 +/- 2.5507
INFO:root:Epoch no. 172 of 500 (samples: 99009)
INFO:root:Loss: 52.287 +/- 1.9436
INFO:root:Epoch no. 173 of 500 (samples: 99009)
INFO:root:Loss: 51.5615 +/- 2.1843
INFO:root:Epoch no. 174 of 500 (samples: 99009)
INFO:root:Loss: 50.9053 +/- 2.0274
INFO:root:Epoch no. 175 of 500 (samples: 99009)
INFO:root:Loss: 49.5103 +/- 1.8676
INFO:root:Epoch no. 176 of 500 (samples: 99009)
INFO:root:Loss: 49.9709 +/- 2.0943
INFO:root:Epoch no. 177 of 500 (samples: 99009)
INFO:root:Loss: 49.5107 +/- 2.0974
INFO:root:Epoch no. 178 of 500 (samples: 99009)
INFO:root:Loss: 48.8063 +/- 2.5033
INFO:root:Epoch no. 179 of 500 (samples: 99009)
INFO:root:Loss: 48.6903 +/- 3.0228
INFO:root:Epoch no. 180 of 500 (samples: 99009)
INFO:root:Loss: 47.4794 +/- 2.1399
INFO:root:Epoch no. 181 of 500 (samples: 99009)
INFO:root:Loss: 47.3917 +/- 2.4429
INFO:root:Epoch no. 182 of 500 (samples: 99009)
INFO:root:Loss: 47.1717 +/- 2.2416
INFO:root:Epoch no. 183 of 500 (samples: 99009)
INFO:root:Loss: 46.1895 +/- 2.6092
INFO:root:Epoch no. 184 of 500 (samples: 99009)
INFO:root:Loss: 46.0926 +/- 1.0669
INFO:root:Epoch no. 185 of 500 (samples: 99009)
INFO:root:Loss: 45.6641 +/- 2.2614
INFO:root:Epoch no. 186 of 500 (samples: 99009)
INFO:root:Loss: 44.9518 +/- 2.6561
INFO:root:Epoch no. 187 of 500 (samples: 99009)
INFO:root:Loss: 44.9161 +/- 2.7866
INFO:root:Epoch no. 188 of 500 (samples: 99009)
INFO:root:Loss: 44.2891 +/- 1.6406
INFO:root:Epoch no. 189 of 500 (samples: 99009)
INFO:root:Loss: 44.3073 +/- 1.1154
INFO:root:Epoch no. 190 of 500 (samples: 99009)
INFO:root:Loss: 44.0934 +/- 1.5343
INFO:root:Epoch no. 191 of 500 (samples: 99009)
INFO:root:Loss: 42.6483 +/- 1.4509
INFO:root:Epoch no. 192 of 500 (samples: 99009)
INFO:root:Loss: 42.7194 +/- 2.0277
INFO:root:Epoch no. 193 of 500 (samples: 99009)
INFO:root:Loss: 42.4327 +/- 1.8348
INFO:root:Epoch no. 194 of 500 (samples: 99009)
INFO:root:Loss: 42.9132 +/- 2.4534
INFO:root:Epoch no. 195 of 500 (samples: 99009)
INFO:root:Loss: 42.0485 +/- 1.601
INFO:root:Epoch no. 196 of 500 (samples: 99009)
INFO:root:Loss: 41.4559 +/- 1.6512
INFO:root:Epoch no. 197 of 500 (samples: 99009)
INFO:root:Loss: 41.0882 +/- 1.9126
INFO:root:Epoch no. 198 of 500 (samples: 99009)
INFO:root:Loss: 41.2615 +/- 2.2632
INFO:root:Epoch no. 199 of 500 (samples: 99009)
INFO:root:Loss: 40.822 +/- 1.9765
INFO:root:Epoch no. 200 of 500 (samples: 99009)
INFO:root:Loss: 40.003 +/- 1.5894
INFO:root:Epoch no. 201 of 500 (samples: 99009)
INFO:root:Loss: 40.2698 +/- 1.8175
INFO:root:Epoch no. 202 of 500 (samples: 99009)
INFO:root:Loss: 39.293 +/- 1.5145
INFO:root:Epoch no. 203 of 500 (samples: 99009)
INFO:root:Loss: 39.0983 +/- 1.247
INFO:root:Epoch no. 204 of 500 (samples: 99009)
INFO:root:Loss: 39.0022 +/- 1.4032
INFO:root:Epoch no. 205 of 500 (samples: 99009)
INFO:root:Loss: 37.6749 +/- 2.4009
INFO:root:Epoch no. 206 of 500 (samples: 99009)
INFO:root:Loss: 38.252 +/- 1.5977
INFO:root:Epoch no. 207 of 500 (samples: 99009)
INFO:root:Loss: 37.7524 +/- 1.4392
INFO:root:Epoch no. 208 of 500 (samples: 99009)
INFO:root:Loss: 37.1035 +/- 1.8887
INFO:root:Epoch no. 209 of 500 (samples: 99009)
INFO:root:Loss: 37.7687 +/- 1.4249
INFO:root:Epoch no. 210 of 500 (samples: 99009)
INFO:root:Loss: 37.1777 +/- 1.7901
INFO:root:Epoch no. 211 of 500 (samples: 99009)
INFO:root:Loss: 37.3163 +/- 1.4795
INFO:root:Epoch no. 212 of 500 (samples: 99009)
INFO:root:Loss: 36.5422 +/- 1.0982
INFO:root:Epoch no. 213 of 500 (samples: 99009)
INFO:root:Loss: 36.4367 +/- 1.6682
INFO:root:Epoch no. 214 of 500 (samples: 99009)
INFO:root:Loss: 35.7028 +/- 2.2253
INFO:root:Epoch no. 215 of 500 (samples: 99009)
INFO:root:Loss: 35.9911 +/- 1.0886
INFO:root:Epoch no. 216 of 500 (samples: 99009)
INFO:root:Loss: 35.7575 +/- 1.6896
INFO:root:Epoch no. 217 of 500 (samples: 99009)
INFO:root:Loss: 35.0978 +/- 1.019
INFO:root:Epoch no. 218 of 500 (samples: 99009)
INFO:root:Loss: 34.7508 +/- 1.7987
INFO:root:Epoch no. 219 of 500 (samples: 99009)
INFO:root:Loss: 34.5259 +/- 1.1713
INFO:root:Epoch no. 220 of 500 (samples: 99009)
INFO:root:Loss: 34.2232 +/- 1.8979
INFO:root:Epoch no. 221 of 500 (samples: 99009)
INFO:root:Loss: 35.3449 +/- 2.2533
INFO:root:Epoch no. 222 of 500 (samples: 99009)
INFO:root:Loss: 34.2022 +/- 1.4528
INFO:root:Epoch no. 223 of 500 (samples: 99009)
INFO:root:Loss: 33.2301 +/- 2.1115
INFO:root:Epoch no. 224 of 500 (samples: 99009)
INFO:root:Loss: 33.646 +/- 1.5845
INFO:root:Epoch no. 225 of 500 (samples: 99009)
INFO:root:Loss: 33.1554 +/- 1.3878
INFO:root:Epoch no. 226 of 500 (samples: 99009)
INFO:root:Loss: 33.4423 +/- 1.101
INFO:root:Epoch no. 227 of 500 (samples: 99009)
INFO:root:Loss: 33.5019 +/- 1.6092
INFO:root:Epoch no. 228 of 500 (samples: 99009)
INFO:root:Loss: 32.6338 +/- 1.791
INFO:root:Epoch no. 229 of 500 (samples: 99009)
INFO:root:Loss: 33.2309 +/- 1.3777
INFO:root:Epoch no. 230 of 500 (samples: 99009)
INFO:root:Loss: 32.6446 +/- 1.3906
INFO:root:Epoch no. 231 of 500 (samples: 99009)
INFO:root:Loss: 32.1285 +/- 1.5622
INFO:root:Epoch no. 232 of 500 (samples: 99009)
INFO:root:Loss: 31.4988 +/- 1.0141
INFO:root:Epoch no. 233 of 500 (samples: 99009)
INFO:root:Loss: 31.6793 +/- 0.8312
INFO:root:Epoch no. 234 of 500 (samples: 99009)
INFO:root:Loss: 31.6026 +/- 1.3779
INFO:root:Epoch no. 235 of 500 (samples: 99009)
INFO:root:Loss: 31.0037 +/- 0.9576
INFO:root:Epoch no. 236 of 500 (samples: 99009)
INFO:root:Loss: 30.3588 +/- 0.9596
INFO:root:Epoch no. 237 of 500 (samples: 99009)
INFO:root:Loss: 30.7287 +/- 1.9895
INFO:root:Epoch no. 238 of 500 (samples: 99009)
INFO:root:Loss: 30.5895 +/- 1.0131
INFO:root:Epoch no. 239 of 500 (samples: 99009)
INFO:root:Loss: 30.5891 +/- 1.102
INFO:root:Epoch no. 240 of 500 (samples: 99009)
INFO:root:Loss: 30.35 +/- 1.6184
INFO:root:Epoch no. 241 of 500 (samples: 99009)
INFO:root:Loss: 30.5908 +/- 1.2647
INFO:root:Epoch no. 242 of 500 (samples: 99009)
INFO:root:Loss: 29.9199 +/- 1.1271
INFO:root:Epoch no. 243 of 500 (samples: 99009)
INFO:root:Loss: 29.5826 +/- 1.6884
INFO:root:Epoch no. 244 of 500 (samples: 99009)
INFO:root:Loss: 29.8471 +/- 1.1189
INFO:root:Epoch no. 245 of 500 (samples: 99009)
INFO:root:Loss: 29.972 +/- 1.2598
INFO:root:Epoch no. 246 of 500 (samples: 99009)
INFO:root:Loss: 29.1717 +/- 0.8785
INFO:root:Epoch no. 247 of 500 (samples: 99009)
INFO:root:Loss: 29.418 +/- 1.14
INFO:root:Epoch no. 248 of 500 (samples: 99009)
INFO:root:Loss: 29.2298 +/- 1.1823
INFO:root:Epoch no. 249 of 500 (samples: 99009)
INFO:root:Loss: 29.1503 +/- 0.7304
INFO:root:Epoch no. 250 of 500 (samples: 99009)
INFO:root:Loss: 28.9293 +/- 1.0508
INFO:root:Epoch no. 251 of 500 (samples: 99009)
INFO:root:Loss: 28.1691 +/- 0.8415
INFO:root:Epoch no. 252 of 500 (samples: 99009)
INFO:root:Loss: 28.9143 +/- 1.554
INFO:root:Epoch no. 253 of 500 (samples: 99009)
INFO:root:Loss: 28.4489 +/- 0.9863
INFO:root:Epoch no. 254 of 500 (samples: 99009)
INFO:root:Loss: 28.3507 +/- 0.8854
INFO:root:Epoch no. 255 of 500 (samples: 99009)
INFO:root:Loss: 27.4467 +/- 1.5952
INFO:root:Epoch no. 256 of 500 (samples: 99009)
INFO:root:Loss: 27.9507 +/- 1.1402
INFO:root:Epoch no. 257 of 500 (samples: 99009)
INFO:root:Loss: 27.718 +/- 1.6225
INFO:root:Epoch no. 258 of 500 (samples: 99009)
INFO:root:Loss: 27.7885 +/- 1.8888
INFO:root:Epoch no. 259 of 500 (samples: 99009)
INFO:root:Loss: 27.4584 +/- 1.4435
INFO:root:Epoch no. 260 of 500 (samples: 99009)
INFO:root:Loss: 27.2295 +/- 1.5272
INFO:root:Epoch no. 261 of 500 (samples: 99009)
INFO:root:Loss: 27.3707 +/- 1.8984
INFO:root:Epoch no. 262 of 500 (samples: 99009)
INFO:root:Loss: 27.0055 +/- 1.5168
INFO:root:Epoch no. 263 of 500 (samples: 99009)
INFO:root:Loss: 27.6128 +/- 0.6908
INFO:root:Epoch no. 264 of 500 (samples: 99009)
INFO:root:Loss: 27.3162 +/- 1.3906
INFO:root:Epoch no. 265 of 500 (samples: 99009)
INFO:root:Loss: 26.5598 +/- 1.4485
INFO:root:Epoch no. 266 of 500 (samples: 99009)
INFO:root:Loss: 26.5421 +/- 1.046
INFO:root:Epoch no. 267 of 500 (samples: 99009)
INFO:root:Loss: 26.1805 +/- 1.1155
INFO:root:Epoch no. 268 of 500 (samples: 99009)
INFO:root:Loss: 25.9255 +/- 1.4167
INFO:root:Epoch no. 269 of 500 (samples: 99009)
INFO:root:Loss: 25.9056 +/- 1.3626
INFO:root:Epoch no. 270 of 500 (samples: 99009)
INFO:root:Loss: 26.6799 +/- 1.3383
INFO:root:Epoch no. 271 of 500 (samples: 99009)
INFO:root:Loss: 25.2903 +/- 1.3651
INFO:root:Epoch no. 272 of 500 (samples: 99009)
INFO:root:Loss: 25.6758 +/- 1.0982
INFO:root:Epoch no. 273 of 500 (samples: 99009)
INFO:root:Loss: 25.6159 +/- 1.8171
INFO:root:Epoch no. 274 of 500 (samples: 99009)
INFO:root:Loss: 25.0133 +/- 1.8857
INFO:root:Epoch no. 275 of 500 (samples: 99009)
INFO:root:Loss: 25.1509 +/- 1.5054
INFO:root:Epoch no. 276 of 500 (samples: 99009)
INFO:root:Loss: 25.5759 +/- 1.2611
INFO:root:Epoch no. 277 of 500 (samples: 99009)
INFO:root:Loss: 24.8235 +/- 1.1219
INFO:root:Epoch no. 278 of 500 (samples: 99009)
INFO:root:Loss: 25.3095 +/- 1.4546
INFO:root:Epoch no. 279 of 500 (samples: 99009)
INFO:root:Loss: 24.6697 +/- 1.0844
INFO:root:Epoch no. 280 of 500 (samples: 99009)
INFO:root:Loss: 24.0227 +/- 1.0557
INFO:root:Epoch no. 281 of 500 (samples: 99009)
INFO:root:Loss: 24.0873 +/- 1.2818
INFO:root:Epoch no. 282 of 500 (samples: 99009)
INFO:root:Loss: 24.2029 +/- 1.0943
INFO:root:Epoch no. 283 of 500 (samples: 99009)
INFO:root:Loss: 23.6496 +/- 0.3842
INFO:root:Epoch no. 284 of 500 (samples: 99009)
INFO:root:Loss: 23.8836 +/- 1.3619
INFO:root:Epoch no. 285 of 500 (samples: 99009)
INFO:root:Loss: 23.7529 +/- 1.049
INFO:root:Epoch no. 286 of 500 (samples: 99009)
INFO:root:Loss: 24.2017 +/- 1.1647
INFO:root:Epoch no. 287 of 500 (samples: 99009)
INFO:root:Loss: 23.5004 +/- 1.0907
INFO:root:Epoch no. 288 of 500 (samples: 99009)
INFO:root:Loss: 23.7029 +/- 1.7971
INFO:root:Epoch no. 289 of 500 (samples: 99009)
INFO:root:Loss: 23.2349 +/- 1.2518
INFO:root:Epoch no. 290 of 500 (samples: 99009)
INFO:root:Loss: 23.6774 +/- 1.1436
INFO:root:Epoch no. 291 of 500 (samples: 99009)
INFO:root:Loss: 23.3968 +/- 1.0492
INFO:root:Epoch no. 292 of 500 (samples: 99009)
INFO:root:Loss: 23.3499 +/- 0.52
INFO:root:Epoch no. 293 of 500 (samples: 99009)
INFO:root:Loss: 22.3128 +/- 1.5098
INFO:root:Epoch no. 294 of 500 (samples: 99009)
INFO:root:Loss: 22.8358 +/- 1.4412
INFO:root:Epoch no. 295 of 500 (samples: 99009)
INFO:root:Loss: 22.3895 +/- 1.3784
INFO:root:Epoch no. 296 of 500 (samples: 99009)
INFO:root:Loss: 23.0449 +/- 1.0225
INFO:root:Epoch no. 297 of 500 (samples: 99009)
INFO:root:Loss: 22.3401 +/- 1.1029
INFO:root:Epoch no. 298 of 500 (samples: 99009)
INFO:root:Loss: 22.1472 +/- 0.9563
INFO:root:Epoch no. 299 of 500 (samples: 99009)
INFO:root:Loss: 22.4275 +/- 1.2824
INFO:root:Epoch no. 300 of 500 (samples: 99009)
INFO:root:Loss: 21.7368 +/- 0.8539
INFO:root:Epoch no. 301 of 500 (samples: 99009)
INFO:root:Loss: 22.3189 +/- 0.8897
INFO:root:Epoch no. 302 of 500 (samples: 99009)
INFO:root:Loss: 22.1685 +/- 1.6413
INFO:root:Epoch no. 303 of 500 (samples: 99009)
INFO:root:Loss: 22.4007 +/- 1.1817
INFO:root:Epoch no. 304 of 500 (samples: 99009)
INFO:root:Loss: 21.5417 +/- 1.6721
INFO:root:Epoch no. 305 of 500 (samples: 99009)
INFO:root:Loss: 22.1379 +/- 1.0409
INFO:root:Epoch no. 306 of 500 (samples: 99009)
INFO:root:Loss: 21.7261 +/- 0.844
INFO:root:Epoch no. 307 of 500 (samples: 99009)
INFO:root:Loss: 21.2528 +/- 0.7914
INFO:root:Epoch no. 308 of 500 (samples: 99009)
INFO:root:Loss: 21.322 +/- 1.1506
INFO:root:Epoch no. 309 of 500 (samples: 99009)
INFO:root:Loss: 20.8032 +/- 1.1478
INFO:root:Epoch no. 310 of 500 (samples: 99009)
INFO:root:Loss: 21.2012 +/- 0.9594
INFO:root:Epoch no. 311 of 500 (samples: 99009)
INFO:root:Loss: 21.1026 +/- 1.1343
INFO:root:Epoch no. 312 of 500 (samples: 99009)
INFO:root:Loss: 20.7718 +/- 1.312
INFO:root:Epoch no. 313 of 500 (samples: 99009)
INFO:root:Loss: 20.5744 +/- 1.3075
INFO:root:Epoch no. 314 of 500 (samples: 99009)
INFO:root:Loss: 20.9659 +/- 1.2353
INFO:root:Epoch no. 315 of 500 (samples: 99009)
INFO:root:Loss: 20.6109 +/- 1.1821
INFO:root:Epoch no. 316 of 500 (samples: 99009)
INFO:root:Loss: 20.4151 +/- 0.9749
INFO:root:Epoch no. 317 of 500 (samples: 99009)
INFO:root:Loss: 20.2983 +/- 0.519
INFO:root:Epoch no. 318 of 500 (samples: 99009)
INFO:root:Loss: 20.4232 +/- 1.0322
INFO:root:Epoch no. 319 of 500 (samples: 99009)
INFO:root:Loss: 19.9631 +/- 0.5904
INFO:root:Epoch no. 320 of 500 (samples: 99009)
INFO:root:Loss: 19.798 +/- 0.9477
INFO:root:Epoch no. 321 of 500 (samples: 99009)
INFO:root:Loss: 19.9425 +/- 1.1489
INFO:root:Epoch no. 322 of 500 (samples: 99009)
INFO:root:Loss: 19.998 +/- 0.9381
INFO:root:Epoch no. 323 of 500 (samples: 99009)
INFO:root:Loss: 19.872 +/- 1.3942
INFO:root:Epoch no. 324 of 500 (samples: 99009)
INFO:root:Loss: 19.7832 +/- 0.7207
INFO:root:Epoch no. 325 of 500 (samples: 99009)
INFO:root:Loss: 20.0753 +/- 0.8298
INFO:root:Epoch no. 326 of 500 (samples: 99009)
INFO:root:Loss: 19.9685 +/- 1.0691
INFO:root:Epoch no. 327 of 500 (samples: 99009)
INFO:root:Loss: 19.5016 +/- 0.8525
INFO:root:Epoch no. 328 of 500 (samples: 99009)
INFO:root:Loss: 19.5102 +/- 0.6302
INFO:root:Epoch no. 329 of 500 (samples: 99009)
INFO:root:Loss: 19.117 +/- 0.8555
INFO:root:Epoch no. 330 of 500 (samples: 99009)
INFO:root:Loss: 19.3589 +/- 0.9636
INFO:root:Epoch no. 331 of 500 (samples: 99009)
INFO:root:Loss: 19.1748 +/- 1.0205
INFO:root:Epoch no. 332 of 500 (samples: 99009)
INFO:root:Loss: 19.4559 +/- 1.0055
INFO:root:Epoch no. 333 of 500 (samples: 99009)
INFO:root:Loss: 19.114 +/- 0.9949
INFO:root:Epoch no. 334 of 500 (samples: 99009)
INFO:root:Loss: 18.5414 +/- 1.1862
INFO:root:Epoch no. 335 of 500 (samples: 99009)
INFO:root:Loss: 19.3067 +/- 0.8739
INFO:root:Epoch no. 336 of 500 (samples: 99009)
INFO:root:Loss: 19.2817 +/- 0.6227
INFO:root:Epoch no. 337 of 500 (samples: 99009)
INFO:root:Loss: 18.8307 +/- 0.8613
INFO:root:Epoch no. 338 of 500 (samples: 99009)
INFO:root:Loss: 18.1861 +/- 1.3787
INFO:root:Epoch no. 339 of 500 (samples: 99009)
INFO:root:Loss: 18.3855 +/- 0.8054
INFO:root:Epoch no. 340 of 500 (samples: 99009)
INFO:root:Loss: 18.6576 +/- 0.6161
INFO:root:Epoch no. 341 of 500 (samples: 99009)
INFO:root:Loss: 18.198 +/- 1.0467
INFO:root:Epoch no. 342 of 500 (samples: 99009)
INFO:root:Loss: 18.261 +/- 1.0113
INFO:root:Epoch no. 343 of 500 (samples: 99009)
INFO:root:Loss: 18.7469 +/- 0.8095
INFO:root:Epoch no. 344 of 500 (samples: 99009)
INFO:root:Loss: 18.6379 +/- 0.8676
INFO:root:Epoch no. 345 of 500 (samples: 99009)
INFO:root:Loss: 18.0657 +/- 0.7658
INFO:root:Epoch no. 346 of 500 (samples: 99009)
INFO:root:Loss: 18.0796 +/- 0.4839
INFO:root:Epoch no. 347 of 500 (samples: 99009)
INFO:root:Loss: 17.7326 +/- 0.8101
INFO:root:Epoch no. 348 of 500 (samples: 99009)
INFO:root:Loss: 17.8178 +/- 0.7719
INFO:root:Epoch no. 349 of 500 (samples: 99009)
INFO:root:Loss: 18.3342 +/- 0.9724
INFO:root:Epoch no. 350 of 500 (samples: 99009)
INFO:root:Loss: 17.9398 +/- 1.011
INFO:root:Epoch no. 351 of 500 (samples: 99009)
INFO:root:Loss: 18.1522 +/- 1.4309
INFO:root:Epoch no. 352 of 500 (samples: 99009)
INFO:root:Loss: 17.3575 +/- 0.6541
INFO:root:Epoch no. 353 of 500 (samples: 99009)
INFO:root:Loss: 17.8453 +/- 0.7835
INFO:root:Epoch no. 354 of 500 (samples: 99009)
INFO:root:Loss: 17.3115 +/- 1.2612
INFO:root:Epoch no. 355 of 500 (samples: 99009)
INFO:root:Loss: 17.53 +/- 0.7273
INFO:root:Epoch no. 356 of 500 (samples: 99009)
INFO:root:Loss: 18.2255 +/- 1.2264
INFO:root:Epoch no. 357 of 500 (samples: 99009)
INFO:root:Loss: 18.0581 +/- 1.6066
INFO:root:Epoch no. 358 of 500 (samples: 99009)
INFO:root:Loss: 17.461 +/- 1.1692
INFO:root:Epoch no. 359 of 500 (samples: 99009)
INFO:root:Loss: 17.7543 +/- 0.8813
INFO:root:Epoch no. 360 of 500 (samples: 99009)
INFO:root:Loss: 17.3391 +/- 0.7454
INFO:root:Epoch no. 361 of 500 (samples: 99009)
INFO:root:Loss: 17.4345 +/- 0.9578
INFO:root:Epoch no. 362 of 500 (samples: 99009)
INFO:root:Loss: 17.2941 +/- 0.8634
INFO:root:Epoch no. 363 of 500 (samples: 99009)
INFO:root:Loss: 17.4225 +/- 0.8132
INFO:root:Epoch no. 364 of 500 (samples: 99009)
INFO:root:Loss: 18.07 +/- 1.1628
INFO:root:Epoch no. 365 of 500 (samples: 99009)
INFO:root:Loss: 17.3149 +/- 1.047
INFO:root:Epoch no. 366 of 500 (samples: 99009)
INFO:root:Loss: 17.3599 +/- 1.0831
INFO:root:Epoch no. 367 of 500 (samples: 99009)
INFO:root:Loss: 16.8407 +/- 0.8005
INFO:root:Epoch no. 368 of 500 (samples: 99009)
INFO:root:Loss: 17.3836 +/- 0.8289
INFO:root:Epoch no. 369 of 500 (samples: 99009)
INFO:root:Loss: 16.8551 +/- 0.8051
INFO:root:Epoch no. 370 of 500 (samples: 99009)
INFO:root:Loss: 16.9126 +/- 0.8613
INFO:root:Epoch no. 371 of 500 (samples: 99009)
INFO:root:Loss: 17.4567 +/- 1.4447
INFO:root:Epoch no. 372 of 500 (samples: 99009)
INFO:root:Loss: 16.8592 +/- 0.7598
INFO:root:Epoch no. 373 of 500 (samples: 99009)
INFO:root:Loss: 16.5475 +/- 0.7246
INFO:root:Epoch no. 374 of 500 (samples: 99009)
INFO:root:Loss: 16.3691 +/- 0.8103
INFO:root:Epoch no. 375 of 500 (samples: 99009)
INFO:root:Loss: 16.3999 +/- 0.6255
INFO:root:Epoch no. 376 of 500 (samples: 99009)
INFO:root:Loss: 15.8494 +/- 0.8827
INFO:root:Epoch no. 377 of 500 (samples: 99009)
INFO:root:Loss: 16.3597 +/- 1.4595
INFO:root:Epoch no. 378 of 500 (samples: 99009)
INFO:root:Loss: 16.0258 +/- 1.0409
INFO:root:Epoch no. 379 of 500 (samples: 99009)
INFO:root:Loss: 16.4214 +/- 0.9321
INFO:root:Epoch no. 380 of 500 (samples: 99009)
INFO:root:Loss: 16.0495 +/- 0.7099
INFO:root:Epoch no. 381 of 500 (samples: 99009)
INFO:root:Loss: 16.3928 +/- 0.7016
INFO:root:Epoch no. 382 of 500 (samples: 99009)
INFO:root:Loss: 16.379 +/- 0.6956
INFO:root:Epoch no. 383 of 500 (samples: 99009)
INFO:root:Loss: 16.129 +/- 0.5081
INFO:root:Epoch no. 384 of 500 (samples: 99009)
INFO:root:Loss: 16.0609 +/- 0.7793
INFO:root:Epoch no. 385 of 500 (samples: 99009)
INFO:root:Loss: 15.6891 +/- 0.7565
INFO:root:Epoch no. 386 of 500 (samples: 99009)
INFO:root:Loss: 15.5904 +/- 0.5966
INFO:root:Epoch no. 387 of 500 (samples: 99009)
INFO:root:Loss: 16.0016 +/- 0.4959
INFO:root:Epoch no. 388 of 500 (samples: 99009)
INFO:root:Loss: 16.0428 +/- 0.6406
INFO:root:Epoch no. 389 of 500 (samples: 99009)
INFO:root:Loss: 15.782 +/- 1.0582
INFO:root:Epoch no. 390 of 500 (samples: 99009)
INFO:root:Loss: 15.7645 +/- 0.6007
INFO:root:Epoch no. 391 of 500 (samples: 99009)
INFO:root:Loss: 15.6164 +/- 0.9534
INFO:root:Epoch no. 392 of 500 (samples: 99009)
INFO:root:Loss: 15.3199 +/- 1.1512
INFO:root:Epoch no. 393 of 500 (samples: 99009)
INFO:root:Loss: 15.3501 +/- 1.2103
INFO:root:Epoch no. 394 of 500 (samples: 99009)
INFO:root:Loss: 15.624 +/- 0.7692
INFO:root:Epoch no. 395 of 500 (samples: 99009)
INFO:root:Loss: 15.1307 +/- 1.2607
INFO:root:Epoch no. 396 of 500 (samples: 99009)
INFO:root:Loss: 15.6287 +/- 0.6518
INFO:root:Epoch no. 397 of 500 (samples: 99009)
INFO:root:Loss: 15.0512 +/- 1.1701
INFO:root:Epoch no. 398 of 500 (samples: 99009)
INFO:root:Loss: 15.3966 +/- 0.7163
INFO:root:Epoch no. 399 of 500 (samples: 99009)
INFO:root:Loss: 15.2438 +/- 0.8543
INFO:root:Epoch no. 400 of 500 (samples: 99009)
INFO:root:Loss: 15.6324 +/- 0.9859
INFO:root:Epoch no. 401 of 500 (samples: 99009)
INFO:root:Loss: 14.7945 +/- 0.6365
INFO:root:Epoch no. 402 of 500 (samples: 99009)
INFO:root:Loss: 15.1149 +/- 1.1489
INFO:root:Epoch no. 403 of 500 (samples: 99009)
INFO:root:Loss: 15.3406 +/- 1.2917
INFO:root:Epoch no. 404 of 500 (samples: 99009)
INFO:root:Loss: 15.1945 +/- 0.8425
INFO:root:Epoch no. 405 of 500 (samples: 99009)
INFO:root:Loss: 14.9071 +/- 1.158
INFO:root:Epoch no. 406 of 500 (samples: 99009)
INFO:root:Loss: 15.0278 +/- 0.8821
INFO:root:Epoch no. 407 of 500 (samples: 99009)
INFO:root:Loss: 15.0142 +/- 1.0967
INFO:root:Epoch no. 408 of 500 (samples: 99009)
INFO:root:Loss: 15.042 +/- 1.3286
INFO:root:Epoch no. 409 of 500 (samples: 99009)
INFO:root:Loss: 14.7849 +/- 0.7016
INFO:root:Epoch no. 410 of 500 (samples: 99009)
INFO:root:Loss: 15.1142 +/- 0.9495
INFO:root:Epoch no. 411 of 500 (samples: 99009)
INFO:root:Loss: 14.8296 +/- 1.2362
INFO:root:Epoch no. 412 of 500 (samples: 99009)
INFO:root:Loss: 14.8513 +/- 0.7822
INFO:root:Epoch no. 413 of 500 (samples: 99009)
INFO:root:Loss: 14.982 +/- 1.1562
INFO:root:Epoch no. 414 of 500 (samples: 99009)
INFO:root:Loss: 14.9239 +/- 0.5398
INFO:root:Epoch no. 415 of 500 (samples: 99009)
INFO:root:Loss: 15.007 +/- 0.8304
INFO:root:Epoch no. 416 of 500 (samples: 99009)
INFO:root:Loss: 14.3884 +/- 1.0267
INFO:root:Epoch no. 417 of 500 (samples: 99009)
INFO:root:Loss: 14.7721 +/- 0.6849
INFO:root:Epoch no. 418 of 500 (samples: 99009)
INFO:root:Loss: 14.513 +/- 0.8622
INFO:root:Epoch no. 419 of 500 (samples: 99009)
INFO:root:Loss: 14.9092 +/- 0.6128
INFO:root:Epoch no. 420 of 500 (samples: 99009)
INFO:root:Loss: 14.7621 +/- 1.0041
INFO:root:Epoch no. 421 of 500 (samples: 99009)
INFO:root:Loss: 15.0097 +/- 0.6353
INFO:root:Epoch no. 422 of 500 (samples: 99009)
INFO:root:Loss: 14.5402 +/- 0.6987
INFO:root:Epoch no. 423 of 500 (samples: 99009)
INFO:root:Loss: 14.7005 +/- 0.8871
INFO:root:Epoch no. 424 of 500 (samples: 99009)
INFO:root:Loss: 14.3235 +/- 0.8008
INFO:root:Epoch no. 425 of 500 (samples: 99009)
INFO:root:Loss: 14.7427 +/- 0.8937
INFO:root:Epoch no. 426 of 500 (samples: 99009)
INFO:root:Loss: 14.4985 +/- 0.6555
INFO:root:Epoch no. 427 of 500 (samples: 99009)
INFO:root:Loss: 14.2982 +/- 0.5781
INFO:root:Epoch no. 428 of 500 (samples: 99009)
INFO:root:Loss: 14.4157 +/- 1.3545
INFO:root:Epoch no. 429 of 500 (samples: 99009)
INFO:root:Loss: 14.5024 +/- 0.5961
INFO:root:Epoch no. 430 of 500 (samples: 99009)
INFO:root:Loss: 14.2921 +/- 1.2521
INFO:root:Epoch no. 431 of 500 (samples: 99009)
INFO:root:Loss: 14.0675 +/- 0.6785
INFO:root:Epoch no. 432 of 500 (samples: 99009)
INFO:root:Loss: 14.4825 +/- 1.1807
INFO:root:Epoch no. 433 of 500 (samples: 99009)
INFO:root:Loss: 14.1668 +/- 1.1929
INFO:root:Epoch no. 434 of 500 (samples: 99009)
INFO:root:Loss: 14.3783 +/- 1.6194
INFO:root:Epoch no. 435 of 500 (samples: 99009)
INFO:root:Loss: 14.5024 +/- 0.8452
INFO:root:Epoch no. 436 of 500 (samples: 99009)
INFO:root:Loss: 13.8861 +/- 0.9036
INFO:root:Epoch no. 437 of 500 (samples: 99009)
INFO:root:Loss: 14.1355 +/- 0.6881
INFO:root:Epoch no. 438 of 500 (samples: 99009)
INFO:root:Loss: 14.1766 +/- 0.9165
INFO:root:Epoch no. 439 of 500 (samples: 99009)
INFO:root:Loss: 14.2462 +/- 0.9192
INFO:root:Epoch no. 440 of 500 (samples: 99009)
INFO:root:Loss: 13.8018 +/- 1.1166
INFO:root:Epoch no. 441 of 500 (samples: 99009)
INFO:root:Loss: 14.4508 +/- 1.0402
INFO:root:Epoch no. 442 of 500 (samples: 99009)
INFO:root:Loss: 13.6667 +/- 1.022
INFO:root:Epoch no. 443 of 500 (samples: 99009)
INFO:root:Loss: 13.7092 +/- 1.0242
INFO:root:Epoch no. 444 of 500 (samples: 99009)
INFO:root:Loss: 13.9043 +/- 0.3551
INFO:root:Epoch no. 445 of 500 (samples: 99009)
INFO:root:Loss: 13.8087 +/- 0.4603
INFO:root:Epoch no. 446 of 500 (samples: 99009)
INFO:root:Loss: 13.8026 +/- 1.0243
INFO:root:Epoch no. 447 of 500 (samples: 99009)
INFO:root:Loss: 13.3959 +/- 1.3605
INFO:root:Epoch no. 448 of 500 (samples: 99009)
INFO:root:Loss: 13.6082 +/- 0.8249
INFO:root:Epoch no. 449 of 500 (samples: 99009)
INFO:root:Loss: 13.9354 +/- 1.0913
INFO:root:Epoch no. 450 of 500 (samples: 99009)
INFO:root:Loss: 13.5464 +/- 0.6921
INFO:root:Epoch no. 451 of 500 (samples: 99009)
INFO:root:Loss: 13.5988 +/- 1.1039
INFO:root:Epoch no. 452 of 500 (samples: 99009)
INFO:root:Loss: 13.6029 +/- 1.0166
INFO:root:Epoch no. 453 of 500 (samples: 99009)
INFO:root:Loss: 13.6568 +/- 1.1182
INFO:root:Epoch no. 454 of 500 (samples: 99009)
INFO:root:Loss: 13.2482 +/- 0.6813
INFO:root:Epoch no. 455 of 500 (samples: 99009)
INFO:root:Loss: 13.4656 +/- 0.7404
INFO:root:Epoch no. 456 of 500 (samples: 99009)
INFO:root:Loss: 13.03 +/- 0.5803
INFO:root:Epoch no. 457 of 500 (samples: 99009)
INFO:root:Loss: 13.6995 +/- 1.1223
INFO:root:Epoch no. 458 of 500 (samples: 99009)
INFO:root:Loss: 13.2696 +/- 0.9474
INFO:root:Epoch no. 459 of 500 (samples: 99009)
INFO:root:Loss: 13.2395 +/- 0.7796
INFO:root:Epoch no. 460 of 500 (samples: 99009)
INFO:root:Loss: 13.1341 +/- 1.078
INFO:root:Epoch no. 461 of 500 (samples: 99009)
INFO:root:Loss: 13.0378 +/- 0.6533
INFO:root:Epoch no. 462 of 500 (samples: 99009)
INFO:root:Loss: 13.4456 +/- 0.8725
INFO:root:Epoch no. 463 of 500 (samples: 99009)
INFO:root:Loss: 13.7231 +/- 0.4731
INFO:root:Epoch no. 464 of 500 (samples: 99009)
INFO:root:Loss: 13.5071 +/- 0.6912
INFO:root:Epoch no. 465 of 500 (samples: 99009)
INFO:root:Loss: 13.2104 +/- 0.9129
INFO:root:Epoch no. 466 of 500 (samples: 99009)
INFO:root:Loss: 13.097 +/- 0.5085
INFO:root:Epoch no. 467 of 500 (samples: 99009)
INFO:root:Loss: 13.6585 +/- 0.8855
INFO:root:Epoch no. 468 of 500 (samples: 99009)
INFO:root:Loss: 13.1804 +/- 0.8921
INFO:root:Epoch no. 469 of 500 (samples: 99009)
INFO:root:Loss: 12.9952 +/- 0.8342
INFO:root:Epoch no. 470 of 500 (samples: 99009)
INFO:root:Loss: 12.6978 +/- 1.0621
INFO:root:Epoch no. 471 of 500 (samples: 99009)
INFO:root:Loss: 13.3513 +/- 1.1819
INFO:root:Epoch no. 472 of 500 (samples: 99009)
INFO:root:Loss: 12.913 +/- 0.9449
INFO:root:Epoch no. 473 of 500 (samples: 99009)
INFO:root:Loss: 12.9516 +/- 1.122
INFO:root:Epoch no. 474 of 500 (samples: 99009)
INFO:root:Loss: 13.1675 +/- 0.7872
INFO:root:Epoch no. 475 of 500 (samples: 99009)
INFO:root:Loss: 12.6269 +/- 0.8796
INFO:root:Epoch no. 476 of 500 (samples: 99009)
INFO:root:Loss: 12.5677 +/- 1.0573
INFO:root:Epoch no. 477 of 500 (samples: 99009)
INFO:root:Loss: 12.7423 +/- 0.6584
INFO:root:Epoch no. 478 of 500 (samples: 99009)
INFO:root:Loss: 13.1197 +/- 0.8394
INFO:root:Epoch no. 479 of 500 (samples: 99009)
INFO:root:Loss: 12.9187 +/- 0.7335
INFO:root:Epoch no. 480 of 500 (samples: 99009)
INFO:root:Loss: 12.5409 +/- 0.7055
INFO:root:Epoch no. 481 of 500 (samples: 99009)
INFO:root:Loss: 12.2383 +/- 0.6653
INFO:root:Epoch no. 482 of 500 (samples: 99009)
INFO:root:Loss: 12.5704 +/- 0.6763
INFO:root:Epoch no. 483 of 500 (samples: 99009)
INFO:root:Loss: 13.1093 +/- 0.788
INFO:root:Epoch no. 484 of 500 (samples: 99009)
INFO:root:Loss: 12.6676 +/- 0.5058
INFO:root:Epoch no. 485 of 500 (samples: 99009)
INFO:root:Loss: 12.2658 +/- 0.7807
INFO:root:Epoch no. 486 of 500 (samples: 99009)
INFO:root:Loss: 13.0354 +/- 0.8089
INFO:root:Epoch no. 487 of 500 (samples: 99009)
INFO:root:Loss: 12.8611 +/- 0.5487
INFO:root:Epoch no. 488 of 500 (samples: 99009)
INFO:root:Loss: 12.8171 +/- 0.5559
INFO:root:Epoch no. 489 of 500 (samples: 99009)
INFO:root:Loss: 12.5234 +/- 0.8254
INFO:root:Epoch no. 490 of 500 (samples: 99009)
INFO:root:Loss: 12.2411 +/- 0.8958
INFO:root:Epoch no. 491 of 500 (samples: 99009)
INFO:root:Loss: 12.1987 +/- 0.4516
INFO:root:Epoch no. 492 of 500 (samples: 99009)
INFO:root:Loss: 12.0924 +/- 0.9835
INFO:root:Epoch no. 493 of 500 (samples: 99009)
INFO:root:Loss: 12.3813 +/- 1.0071
INFO:root:Epoch no. 494 of 500 (samples: 99009)
INFO:root:Loss: 12.208 +/- 1.0308
INFO:root:Epoch no. 495 of 500 (samples: 99009)
INFO:root:Loss: 12.3714 +/- 0.3488
INFO:root:Epoch no. 496 of 500 (samples: 99009)
INFO:root:Loss: 12.1451 +/- 1.1492
INFO:root:Epoch no. 497 of 500 (samples: 99009)
INFO:root:Loss: 12.1091 +/- 0.7172
INFO:root:Epoch no. 498 of 500 (samples: 99009)
INFO:root:Loss: 12.4041 +/- 0.631
INFO:root:Epoch no. 499 of 500 (samples: 99009)
INFO:root:Loss: 12.0799 +/- 1.1646
INFO:root:Epoch no. 500 of 500 (samples: 99009)
INFO:root:Loss: 12.3196 +/- 0.6511
INFO:root:### MICRO (validation raw):
INFO:root:	-- left   >> mean: 3282.398, median: 3.0, mrr: 0.431, hits@1: 32.64%
INFO:root:	-- right  >> mean: 3320.839, median: 4.0, mrr: 0.416, hits@1: 30.7%
INFO:root:	-- global >> mean: 3301.6185, median: 4.0, mrr: 0.424, hits@1: 31.67%
INFO:root:### MICRO (validation raw):
INFO:root:	-- left   >> mean: 3282.398, median: 3.0, mrr: 0.431, hits@3: 50.2%
INFO:root:	-- right  >> mean: 3320.839, median: 4.0, mrr: 0.416, hits@3: 48.52%
INFO:root:	-- global >> mean: 3301.6185, median: 4.0, mrr: 0.424, hits@3: 49.36%
INFO:root:### MICRO (validation raw):
INFO:root:	-- left   >> mean: 3282.398, median: 3.0, mrr: 0.431, hits@5: 56.1%
INFO:root:	-- right  >> mean: 3320.839, median: 4.0, mrr: 0.416, hits@5: 55.2%
INFO:root:	-- global >> mean: 3301.6185, median: 4.0, mrr: 0.424, hits@5: 55.65%
INFO:root:### MICRO (validation raw):
INFO:root:	-- left   >> mean: 3282.398, median: 3.0, mrr: 0.431, hits@10: 62.5%
INFO:root:	-- right  >> mean: 3320.839, median: 4.0, mrr: 0.416, hits@10: 61.84%
INFO:root:	-- global >> mean: 3301.6185, median: 4.0, mrr: 0.424, hits@10: 62.17%
INFO:root:### MICRO (validation filtered):
INFO:root:	-- left   >> mean: 3273.684, median: 2.0, mrr: 0.529, hits@1: 44.34%
INFO:root:	-- right  >> mean: 3311.7048, median: 2.0, mrr: 0.517, hits@1: 42.22%
INFO:root:	-- global >> mean: 3292.6944, median: 2.0, mrr: 0.523, hits@1: 43.28%
INFO:root:### MICRO (validation filtered):
INFO:root:	-- left   >> mean: 3273.684, median: 2.0, mrr: 0.529, hits@3: 59.02%
INFO:root:	-- right  >> mean: 3311.7048, median: 2.0, mrr: 0.517, hits@3: 58.72%
INFO:root:	-- global >> mean: 3292.6944, median: 2.0, mrr: 0.523, hits@3: 58.87%
INFO:root:### MICRO (validation filtered):
INFO:root:	-- left   >> mean: 3273.684, median: 2.0, mrr: 0.529, hits@5: 63.42%
INFO:root:	-- right  >> mean: 3311.7048, median: 2.0, mrr: 0.517, hits@5: 62.98%
INFO:root:	-- global >> mean: 3292.6944, median: 2.0, mrr: 0.523, hits@5: 63.2%
INFO:root:### MICRO (validation filtered):
INFO:root:	-- left   >> mean: 3273.684, median: 2.0, mrr: 0.529, hits@10: 67.52%
INFO:root:	-- right  >> mean: 3311.7048, median: 2.0, mrr: 0.517, hits@10: 67.26%
INFO:root:	-- global >> mean: 3292.6944, median: 2.0, mrr: 0.523, hits@10: 67.39%
INFO:root:### MICRO (test raw):
INFO:root:	-- left   >> mean: 3096.201, median: 4.0, mrr: 0.417, hits@1: 30.68%
INFO:root:	-- right  >> mean: 3100.722, median: 3.0, mrr: 0.433, hits@1: 32.58%
INFO:root:	-- global >> mean: 3098.4615, median: 4.0, mrr: 0.425, hits@1: 31.63%
INFO:root:### MICRO (test raw):
INFO:root:	-- left   >> mean: 3096.201, median: 4.0, mrr: 0.417, hits@3: 48.92%
INFO:root:	-- right  >> mean: 3100.722, median: 3.0, mrr: 0.433, hits@3: 50.28%
INFO:root:	-- global >> mean: 3098.4615, median: 4.0, mrr: 0.425, hits@3: 49.6%
INFO:root:### MICRO (test raw):
INFO:root:	-- left   >> mean: 3096.201, median: 4.0, mrr: 0.417, hits@5: 55.52%
INFO:root:	-- right  >> mean: 3100.722, median: 3.0, mrr: 0.433, hits@5: 56.62%
INFO:root:	-- global >> mean: 3098.4615, median: 4.0, mrr: 0.425, hits@5: 56.07%
INFO:root:### MICRO (test raw):
INFO:root:	-- left   >> mean: 3096.201, median: 4.0, mrr: 0.417, hits@10: 62.28%
INFO:root:	-- right  >> mean: 3100.722, median: 3.0, mrr: 0.433, hits@10: 63.06%
INFO:root:	-- global >> mean: 3098.4615, median: 4.0, mrr: 0.425, hits@10: 62.67%
INFO:root:### MICRO (test filtered):
INFO:root:	-- left   >> mean: 3086.6742, median: 2.0, mrr: 0.524, hits@1: 43.12%
INFO:root:	-- right  >> mean: 3091.7342, median: 2.0, mrr: 0.531, hits@1: 44.48%
INFO:root:	-- global >> mean: 3089.2042, median: 2.0, mrr: 0.528, hits@1: 43.8%
INFO:root:### MICRO (test filtered):
INFO:root:	-- left   >> mean: 3086.6742, median: 2.0, mrr: 0.524, hits@3: 59.54%
INFO:root:	-- right  >> mean: 3091.7342, median: 2.0, mrr: 0.531, hits@3: 59.02%
INFO:root:	-- global >> mean: 3089.2042, median: 2.0, mrr: 0.528, hits@3: 59.28%
INFO:root:### MICRO (test filtered):
INFO:root:	-- left   >> mean: 3086.6742, median: 2.0, mrr: 0.524, hits@5: 63.66%
INFO:root:	-- right  >> mean: 3091.7342, median: 2.0, mrr: 0.531, hits@5: 63.66%
INFO:root:	-- global >> mean: 3089.2042, median: 2.0, mrr: 0.528, hits@5: 63.66%
INFO:root:### MICRO (test filtered):
INFO:root:	-- left   >> mean: 3086.6742, median: 2.0, mrr: 0.524, hits@10: 67.6%
INFO:root:	-- right  >> mean: 3091.7342, median: 2.0, mrr: 0.531, hits@10: 67.82%
INFO:root:	-- global >> mean: 3089.2042, median: 2.0, mrr: 0.528, hits@10: 67.71%
