Using Theano backend.
Using gpu device 0: GeForce GTX TITAN X (CNMeM is disabled, cuDNN not available)
INFO:root:Acquiring data/wn18/wordnet-mlj12-train.txt ..
INFO:root:Acquiring data/wn18/wordnet-mlj12-valid.txt ..
INFO:root:Acquiring data/wn18/wordnet-mlj12-test.txt ..
INFO:root:[Rules] Adding Head: 15, Tail: [(10, True)]
INFO:root:[Rules] Adding Head: 12, Tail: [(17, True)]
INFO:root:[Rules] Adding Head: 4, Tail: [(5, True)]
INFO:root:[Rules] Adding Head: 13, Tail: [(3, True)]
INFO:root:[Rules] Adding Head: 5, Tail: [(4, True)]
INFO:root:[Rules] Adding Head: 16, Tail: [(11, True)]
INFO:root:[Rules] Adding Head: 17, Tail: [(12, True)]
INFO:root:[Rules] Adding Head: 11, Tail: [(16, True)]
INFO:root:[Rules] Adding Head: 8, Tail: [(9, True)]
INFO:root:[Rules] Adding Head: 2, Tail: [(2, True)]
INFO:root:Samples: 99009, no. batches: 10 -> batch size: 9901
INFO:root:Epoch no. 1 of 500 (samples: 99009)
INFO:root:Loss: 6808.7616 +/- 17.614
INFO:root:Epoch no. 2 of 500 (samples: 99009)
INFO:root:Loss: 6663.9408 +/- 23.8851
INFO:root:Epoch no. 3 of 500 (samples: 99009)
INFO:root:Loss: 6470.2439 +/- 15.507
INFO:root:Epoch no. 4 of 500 (samples: 99009)
INFO:root:Loss: 6297.092 +/- 8.2024
INFO:root:Epoch no. 5 of 500 (samples: 99009)
INFO:root:Loss: 6147.1624 +/- 6.4476
INFO:root:Epoch no. 6 of 500 (samples: 99009)
INFO:root:Loss: 6018.7096 +/- 9.371
INFO:root:Epoch no. 7 of 500 (samples: 99009)
INFO:root:Loss: 5905.8609 +/- 12.4995
INFO:root:Epoch no. 8 of 500 (samples: 99009)
INFO:root:Loss: 5804.7448 +/- 14.3777
INFO:root:Epoch no. 9 of 500 (samples: 99009)
INFO:root:Loss: 5712.7018 +/- 14.3863
INFO:root:Epoch no. 10 of 500 (samples: 99009)
INFO:root:Loss: 5628.3955 +/- 17.7758
INFO:root:Epoch no. 11 of 500 (samples: 99009)
INFO:root:Loss: 5549.2886 +/- 18.1802
INFO:root:Epoch no. 12 of 500 (samples: 99009)
INFO:root:Loss: 5476.2578 +/- 19.4266
INFO:root:Epoch no. 13 of 500 (samples: 99009)
INFO:root:Loss: 5405.8671 +/- 19.4883
INFO:root:Epoch no. 14 of 500 (samples: 99009)
INFO:root:Loss: 5339.6736 +/- 21.0586
INFO:root:Epoch no. 15 of 500 (samples: 99009)
INFO:root:Loss: 5276.7228 +/- 18.5809
INFO:root:Epoch no. 16 of 500 (samples: 99009)
INFO:root:Loss: 5216.5434 +/- 21.7812
INFO:root:Epoch no. 17 of 500 (samples: 99009)
INFO:root:Loss: 5158.9798 +/- 20.2702
INFO:root:Epoch no. 18 of 500 (samples: 99009)
INFO:root:Loss: 5103.3491 +/- 21.056
INFO:root:Epoch no. 19 of 500 (samples: 99009)
INFO:root:Loss: 5048.8115 +/- 21.3191
INFO:root:Epoch no. 20 of 500 (samples: 99009)
INFO:root:Loss: 4997.3835 +/- 22.5307
INFO:root:Epoch no. 21 of 500 (samples: 99009)
INFO:root:Loss: 4946.7473 +/- 21.0053
INFO:root:Epoch no. 22 of 500 (samples: 99009)
INFO:root:Loss: 4897.7974 +/- 21.0171
INFO:root:Epoch no. 23 of 500 (samples: 99009)
INFO:root:Loss: 4850.1547 +/- 21.4495
INFO:root:Epoch no. 24 of 500 (samples: 99009)
INFO:root:Loss: 4804.7302 +/- 23.5528
INFO:root:Epoch no. 25 of 500 (samples: 99009)
INFO:root:Loss: 4758.8721 +/- 20.7908
INFO:root:Epoch no. 26 of 500 (samples: 99009)
INFO:root:Loss: 4714.8207 +/- 21.0505
INFO:root:Epoch no. 27 of 500 (samples: 99009)
INFO:root:Loss: 4670.5231 +/- 21.1791
INFO:root:Epoch no. 28 of 500 (samples: 99009)
INFO:root:Loss: 4629.3692 +/- 20.9076
INFO:root:Epoch no. 29 of 500 (samples: 99009)
INFO:root:Loss: 4588.4766 +/- 25.512
INFO:root:Epoch no. 30 of 500 (samples: 99009)
INFO:root:Loss: 4547.4409 +/- 23.7163
INFO:root:Epoch no. 31 of 500 (samples: 99009)
INFO:root:Loss: 4508.0653 +/- 22.5909
INFO:root:Epoch no. 32 of 500 (samples: 99009)
INFO:root:Loss: 4469.0817 +/- 22.2263
INFO:root:Epoch no. 33 of 500 (samples: 99009)
INFO:root:Loss: 4429.4212 +/- 23.5095
INFO:root:Epoch no. 34 of 500 (samples: 99009)
INFO:root:Loss: 4393.058 +/- 25.1017
INFO:root:Epoch no. 35 of 500 (samples: 99009)
INFO:root:Loss: 4356.2114 +/- 19.0782
INFO:root:Epoch no. 36 of 500 (samples: 99009)
INFO:root:Loss: 4318.6477 +/- 22.2584
INFO:root:Epoch no. 37 of 500 (samples: 99009)
INFO:root:Loss: 4282.9156 +/- 21.1857
INFO:root:Epoch no. 38 of 500 (samples: 99009)
INFO:root:Loss: 4247.5248 +/- 24.4388
INFO:root:Epoch no. 39 of 500 (samples: 99009)
INFO:root:Loss: 4213.9587 +/- 25.0289
INFO:root:Epoch no. 40 of 500 (samples: 99009)
INFO:root:Loss: 4178.1397 +/- 25.88
INFO:root:Epoch no. 41 of 500 (samples: 99009)
INFO:root:Loss: 4144.6021 +/- 24.0635
INFO:root:Epoch no. 42 of 500 (samples: 99009)
INFO:root:Loss: 4110.8885 +/- 23.2693
INFO:root:Epoch no. 43 of 500 (samples: 99009)
INFO:root:Loss: 4079.522 +/- 22.0939
INFO:root:Epoch no. 44 of 500 (samples: 99009)
INFO:root:Loss: 4045.6072 +/- 22.6852
INFO:root:Epoch no. 45 of 500 (samples: 99009)
INFO:root:Loss: 4014.7348 +/- 23.2464
INFO:root:Epoch no. 46 of 500 (samples: 99009)
INFO:root:Loss: 3982.3494 +/- 25.7572
INFO:root:Epoch no. 47 of 500 (samples: 99009)
INFO:root:Loss: 3949.4783 +/- 23.5628
INFO:root:Epoch no. 48 of 500 (samples: 99009)
INFO:root:Loss: 3919.1732 +/- 23.0381
INFO:root:Epoch no. 49 of 500 (samples: 99009)
INFO:root:Loss: 3888.8552 +/- 26.5983
INFO:root:Epoch no. 50 of 500 (samples: 99009)
INFO:root:Loss: 3859.5974 +/- 22.2467
INFO:root:Epoch no. 51 of 500 (samples: 99009)
INFO:root:Loss: 3829.6613 +/- 24.1612
INFO:root:Epoch no. 52 of 500 (samples: 99009)
INFO:root:Loss: 3799.7877 +/- 23.8255
INFO:root:Epoch no. 53 of 500 (samples: 99009)
INFO:root:Loss: 3769.199 +/- 20.0724
INFO:root:Epoch no. 54 of 500 (samples: 99009)
INFO:root:Loss: 3741.3826 +/- 28.3456
INFO:root:Epoch no. 55 of 500 (samples: 99009)
INFO:root:Loss: 3712.0142 +/- 23.7637
INFO:root:Epoch no. 56 of 500 (samples: 99009)
INFO:root:Loss: 3684.1061 +/- 26.0218
INFO:root:Epoch no. 57 of 500 (samples: 99009)
INFO:root:Loss: 3656.4905 +/- 24.6564
INFO:root:Epoch no. 58 of 500 (samples: 99009)
INFO:root:Loss: 3626.768 +/- 23.2294
INFO:root:Epoch no. 59 of 500 (samples: 99009)
INFO:root:Loss: 3599.4705 +/- 21.1592
INFO:root:Epoch no. 60 of 500 (samples: 99009)
INFO:root:Loss: 3573.4796 +/- 25.0062
INFO:root:Epoch no. 61 of 500 (samples: 99009)
INFO:root:Loss: 3545.7161 +/- 21.303
INFO:root:Epoch no. 62 of 500 (samples: 99009)
INFO:root:Loss: 3518.6882 +/- 23.9306
INFO:root:Epoch no. 63 of 500 (samples: 99009)
INFO:root:Loss: 3491.0818 +/- 27.7354
INFO:root:Epoch no. 64 of 500 (samples: 99009)
INFO:root:Loss: 3465.7045 +/- 21.4198
INFO:root:Epoch no. 65 of 500 (samples: 99009)
INFO:root:Loss: 3439.8464 +/- 24.7553
INFO:root:Epoch no. 66 of 500 (samples: 99009)
INFO:root:Loss: 3413.2182 +/- 25.5974
INFO:root:Epoch no. 67 of 500 (samples: 99009)
INFO:root:Loss: 3387.5684 +/- 22.8466
INFO:root:Epoch no. 68 of 500 (samples: 99009)
INFO:root:Loss: 3361.1537 +/- 24.6645
INFO:root:Epoch no. 69 of 500 (samples: 99009)
INFO:root:Loss: 3336.0483 +/- 25.3295
INFO:root:Epoch no. 70 of 500 (samples: 99009)
INFO:root:Loss: 3310.801 +/- 23.6177
INFO:root:Epoch no. 71 of 500 (samples: 99009)
INFO:root:Loss: 3285.0764 +/- 24.1486
INFO:root:Epoch no. 72 of 500 (samples: 99009)
INFO:root:Loss: 3261.6329 +/- 25.7108
INFO:root:Epoch no. 73 of 500 (samples: 99009)
INFO:root:Loss: 3237.6654 +/- 26.1202
INFO:root:Epoch no. 74 of 500 (samples: 99009)
INFO:root:Loss: 3211.1673 +/- 22.4743
INFO:root:Epoch no. 75 of 500 (samples: 99009)
INFO:root:Loss: 3187.9585 +/- 24.2113
INFO:root:Epoch no. 76 of 500 (samples: 99009)
INFO:root:Loss: 3163.2698 +/- 22.7697
INFO:root:Epoch no. 77 of 500 (samples: 99009)
INFO:root:Loss: 3139.107 +/- 21.3644
INFO:root:Epoch no. 78 of 500 (samples: 99009)
INFO:root:Loss: 3115.9484 +/- 22.9645
INFO:root:Epoch no. 79 of 500 (samples: 99009)
INFO:root:Loss: 3094.1165 +/- 24.9622
INFO:root:Epoch no. 80 of 500 (samples: 99009)
INFO:root:Loss: 3070.6898 +/- 24.3151
INFO:root:Epoch no. 81 of 500 (samples: 99009)
INFO:root:Loss: 3046.2498 +/- 23.4398
INFO:root:Epoch no. 82 of 500 (samples: 99009)
INFO:root:Loss: 3021.526 +/- 22.9515
INFO:root:Epoch no. 83 of 500 (samples: 99009)
INFO:root:Loss: 3000.2117 +/- 23.1917
INFO:root:Epoch no. 84 of 500 (samples: 99009)
INFO:root:Loss: 2975.4188 +/- 24.6114
INFO:root:Epoch no. 85 of 500 (samples: 99009)
INFO:root:Loss: 2955.4216 +/- 24.7115
INFO:root:Epoch no. 86 of 500 (samples: 99009)
INFO:root:Loss: 2931.7813 +/- 26.0975
INFO:root:Epoch no. 87 of 500 (samples: 99009)
INFO:root:Loss: 2910.0921 +/- 22.3374
INFO:root:Epoch no. 88 of 500 (samples: 99009)
INFO:root:Loss: 2887.9797 +/- 28.2706
INFO:root:Epoch no. 89 of 500 (samples: 99009)
INFO:root:Loss: 2865.4882 +/- 20.9685
INFO:root:Epoch no. 90 of 500 (samples: 99009)
INFO:root:Loss: 2842.3913 +/- 24.8549
INFO:root:Epoch no. 91 of 500 (samples: 99009)
INFO:root:Loss: 2821.1358 +/- 24.5633
INFO:root:Epoch no. 92 of 500 (samples: 99009)
INFO:root:Loss: 2797.5688 +/- 20.6117
INFO:root:Epoch no. 93 of 500 (samples: 99009)
INFO:root:Loss: 2777.2455 +/- 22.2359
INFO:root:Epoch no. 94 of 500 (samples: 99009)
INFO:root:Loss: 2755.8348 +/- 26.0291
INFO:root:Epoch no. 95 of 500 (samples: 99009)
INFO:root:Loss: 2734.5716 +/- 28.9396
INFO:root:Epoch no. 96 of 500 (samples: 99009)
INFO:root:Loss: 2714.4139 +/- 27.9069
INFO:root:Epoch no. 97 of 500 (samples: 99009)
INFO:root:Loss: 2692.1976 +/- 23.5668
INFO:root:Epoch no. 98 of 500 (samples: 99009)
INFO:root:Loss: 2670.079 +/- 25.1757
INFO:root:Epoch no. 99 of 500 (samples: 99009)
INFO:root:Loss: 2649.2194 +/- 21.0865
INFO:root:Epoch no. 100 of 500 (samples: 99009)
INFO:root:Loss: 2628.7462 +/- 20.7704
INFO:root:Epoch no. 101 of 500 (samples: 99009)
INFO:root:Loss: 2606.7573 +/- 27.6118
INFO:root:Epoch no. 102 of 500 (samples: 99009)
INFO:root:Loss: 2586.7843 +/- 25.3407
INFO:root:Epoch no. 103 of 500 (samples: 99009)
INFO:root:Loss: 2566.2409 +/- 23.3194
INFO:root:Epoch no. 104 of 500 (samples: 99009)
INFO:root:Loss: 2547.6214 +/- 25.0857
INFO:root:Epoch no. 105 of 500 (samples: 99009)
INFO:root:Loss: 2524.9717 +/- 27.8013
INFO:root:Epoch no. 106 of 500 (samples: 99009)
INFO:root:Loss: 2507.153 +/- 23.6361
INFO:root:Epoch no. 107 of 500 (samples: 99009)
INFO:root:Loss: 2485.5675 +/- 23.522
INFO:root:Epoch no. 108 of 500 (samples: 99009)
INFO:root:Loss: 2464.9326 +/- 27.6268
INFO:root:Epoch no. 109 of 500 (samples: 99009)
INFO:root:Loss: 2445.411 +/- 19.8343
INFO:root:Epoch no. 110 of 500 (samples: 99009)
INFO:root:Loss: 2426.6639 +/- 20.8404
INFO:root:Epoch no. 111 of 500 (samples: 99009)
INFO:root:Loss: 2404.7649 +/- 24.0436
INFO:root:Epoch no. 112 of 500 (samples: 99009)
INFO:root:Loss: 2386.0708 +/- 26.8787
INFO:root:Epoch no. 113 of 500 (samples: 99009)
INFO:root:Loss: 2368.4523 +/- 24.3931
INFO:root:Epoch no. 114 of 500 (samples: 99009)
INFO:root:Loss: 2348.8306 +/- 27.0265
INFO:root:Epoch no. 115 of 500 (samples: 99009)
INFO:root:Loss: 2326.7943 +/- 23.8692
INFO:root:Epoch no. 116 of 500 (samples: 99009)
INFO:root:Loss: 2308.0778 +/- 29.4006
INFO:root:Epoch no. 117 of 500 (samples: 99009)
INFO:root:Loss: 2288.8231 +/- 25.7996
INFO:root:Epoch no. 118 of 500 (samples: 99009)
INFO:root:Loss: 2269.3998 +/- 27.5175
INFO:root:Epoch no. 119 of 500 (samples: 99009)
INFO:root:Loss: 2252.3831 +/- 26.1739
INFO:root:Epoch no. 120 of 500 (samples: 99009)
INFO:root:Loss: 2231.9958 +/- 27.6132
INFO:root:Epoch no. 121 of 500 (samples: 99009)
INFO:root:Loss: 2214.6828 +/- 22.1262
INFO:root:Epoch no. 122 of 500 (samples: 99009)
INFO:root:Loss: 2191.0931 +/- 27.2233
INFO:root:Epoch no. 123 of 500 (samples: 99009)
INFO:root:Loss: 2175.6188 +/- 26.2721
INFO:root:Epoch no. 124 of 500 (samples: 99009)
INFO:root:Loss: 2156.6543 +/- 24.0887
INFO:root:Epoch no. 125 of 500 (samples: 99009)
INFO:root:Loss: 2137.0415 +/- 27.0782
INFO:root:Epoch no. 126 of 500 (samples: 99009)
INFO:root:Loss: 2119.4301 +/- 27.3344
INFO:root:Epoch no. 127 of 500 (samples: 99009)
INFO:root:Loss: 2099.9038 +/- 22.2504
INFO:root:Epoch no. 128 of 500 (samples: 99009)
INFO:root:Loss: 2083.3978 +/- 21.9982
INFO:root:Epoch no. 129 of 500 (samples: 99009)
INFO:root:Loss: 2065.4242 +/- 27.74
INFO:root:Epoch no. 130 of 500 (samples: 99009)
INFO:root:Loss: 2049.1305 +/- 25.7784
INFO:root:Epoch no. 131 of 500 (samples: 99009)
INFO:root:Loss: 2027.3956 +/- 25.1979
INFO:root:Epoch no. 132 of 500 (samples: 99009)
INFO:root:Loss: 2011.8912 +/- 26.0549
INFO:root:Epoch no. 133 of 500 (samples: 99009)
INFO:root:Loss: 1991.7714 +/- 20.0813
INFO:root:Epoch no. 134 of 500 (samples: 99009)
INFO:root:Loss: 1977.3504 +/- 24.4964
INFO:root:Epoch no. 135 of 500 (samples: 99009)
INFO:root:Loss: 1957.6082 +/- 24.5423
INFO:root:Epoch no. 136 of 500 (samples: 99009)
INFO:root:Loss: 1941.6238 +/- 26.8764
INFO:root:Epoch no. 137 of 500 (samples: 99009)
INFO:root:Loss: 1922.7028 +/- 23.6906
INFO:root:Epoch no. 138 of 500 (samples: 99009)
INFO:root:Loss: 1906.2968 +/- 27.4595
INFO:root:Epoch no. 139 of 500 (samples: 99009)
INFO:root:Loss: 1887.712 +/- 24.9438
INFO:root:Epoch no. 140 of 500 (samples: 99009)
INFO:root:Loss: 1869.3225 +/- 28.2094
INFO:root:Epoch no. 141 of 500 (samples: 99009)
INFO:root:Loss: 1855.0269 +/- 21.0916
INFO:root:Epoch no. 142 of 500 (samples: 99009)
INFO:root:Loss: 1833.8998 +/- 25.9267
INFO:root:Epoch no. 143 of 500 (samples: 99009)
INFO:root:Loss: 1822.1958 +/- 23.8405
INFO:root:Epoch no. 144 of 500 (samples: 99009)
INFO:root:Loss: 1802.8676 +/- 23.1517
INFO:root:Epoch no. 145 of 500 (samples: 99009)
INFO:root:Loss: 1783.3726 +/- 26.8949
INFO:root:Epoch no. 146 of 500 (samples: 99009)
INFO:root:Loss: 1770.0355 +/- 22.935
INFO:root:Epoch no. 147 of 500 (samples: 99009)
INFO:root:Loss: 1753.4683 +/- 26.0573
INFO:root:Epoch no. 148 of 500 (samples: 99009)
INFO:root:Loss: 1737.1731 +/- 24.7661
INFO:root:Epoch no. 149 of 500 (samples: 99009)
INFO:root:Loss: 1719.9626 +/- 23.4603
INFO:root:Epoch no. 150 of 500 (samples: 99009)
INFO:root:Loss: 1705.0941 +/- 22.5199
INFO:root:Epoch no. 151 of 500 (samples: 99009)
INFO:root:Loss: 1688.7338 +/- 20.2766
INFO:root:Epoch no. 152 of 500 (samples: 99009)
INFO:root:Loss: 1670.1104 +/- 25.9087
INFO:root:Epoch no. 153 of 500 (samples: 99009)
INFO:root:Loss: 1654.532 +/- 23.2165
INFO:root:Epoch no. 154 of 500 (samples: 99009)
INFO:root:Loss: 1638.8956 +/- 30.147
INFO:root:Epoch no. 155 of 500 (samples: 99009)
INFO:root:Loss: 1625.2688 +/- 29.9276
INFO:root:Epoch no. 156 of 500 (samples: 99009)
INFO:root:Loss: 1607.3998 +/- 27.2436
INFO:root:Epoch no. 157 of 500 (samples: 99009)
INFO:root:Loss: 1591.6966 +/- 23.3188
INFO:root:Epoch no. 158 of 500 (samples: 99009)
INFO:root:Loss: 1576.7414 +/- 24.2527
INFO:root:Epoch no. 159 of 500 (samples: 99009)
INFO:root:Loss: 1564.8327 +/- 26.3579
INFO:root:Epoch no. 160 of 500 (samples: 99009)
INFO:root:Loss: 1543.6921 +/- 26.8758
INFO:root:Epoch no. 161 of 500 (samples: 99009)
INFO:root:Loss: 1531.7565 +/- 24.4105
INFO:root:Epoch no. 162 of 500 (samples: 99009)
INFO:root:Loss: 1516.7209 +/- 25.0739
INFO:root:Epoch no. 163 of 500 (samples: 99009)
INFO:root:Loss: 1499.9013 +/- 22.4808
INFO:root:Epoch no. 164 of 500 (samples: 99009)
INFO:root:Loss: 1485.9062 +/- 27.731
INFO:root:Epoch no. 165 of 500 (samples: 99009)
INFO:root:Loss: 1473.1044 +/- 21.2528
INFO:root:Epoch no. 166 of 500 (samples: 99009)
INFO:root:Loss: 1454.9795 +/- 29.3366
INFO:root:Epoch no. 167 of 500 (samples: 99009)
INFO:root:Loss: 1440.2612 +/- 23.3711
INFO:root:Epoch no. 168 of 500 (samples: 99009)
INFO:root:Loss: 1427.4286 +/- 17.0694
INFO:root:Epoch no. 169 of 500 (samples: 99009)
INFO:root:Loss: 1413.0455 +/- 22.0352
INFO:root:Epoch no. 170 of 500 (samples: 99009)
INFO:root:Loss: 1396.9811 +/- 20.5051
INFO:root:Epoch no. 171 of 500 (samples: 99009)
INFO:root:Loss: 1383.5472 +/- 24.2874
INFO:root:Epoch no. 172 of 500 (samples: 99009)
INFO:root:Loss: 1369.6202 +/- 23.1914
INFO:root:Epoch no. 173 of 500 (samples: 99009)
INFO:root:Loss: 1355.7514 +/- 24.9241
INFO:root:Epoch no. 174 of 500 (samples: 99009)
INFO:root:Loss: 1341.157 +/- 24.4592
INFO:root:Epoch no. 175 of 500 (samples: 99009)
INFO:root:Loss: 1324.7877 +/- 19.0456
INFO:root:Epoch no. 176 of 500 (samples: 99009)
INFO:root:Loss: 1313.7142 +/- 22.4066
INFO:root:Epoch no. 177 of 500 (samples: 99009)
INFO:root:Loss: 1300.8463 +/- 23.6208
INFO:root:Epoch no. 178 of 500 (samples: 99009)
INFO:root:Loss: 1285.9712 +/- 24.464
INFO:root:Epoch no. 179 of 500 (samples: 99009)
INFO:root:Loss: 1275.0748 +/- 25.2079
INFO:root:Epoch no. 180 of 500 (samples: 99009)
INFO:root:Loss: 1259.2869 +/- 23.7968
INFO:root:Epoch no. 181 of 500 (samples: 99009)
INFO:root:Loss: 1248.7669 +/- 25.4597
INFO:root:Epoch no. 182 of 500 (samples: 99009)
INFO:root:Loss: 1234.2392 +/- 25.0214
INFO:root:Epoch no. 183 of 500 (samples: 99009)
INFO:root:Loss: 1220.7209 +/- 19.9351
INFO:root:Epoch no. 184 of 500 (samples: 99009)
INFO:root:Loss: 1207.1582 +/- 23.122
INFO:root:Epoch no. 185 of 500 (samples: 99009)
INFO:root:Loss: 1195.0986 +/- 23.873
INFO:root:Epoch no. 186 of 500 (samples: 99009)
INFO:root:Loss: 1183.3215 +/- 23.7468
INFO:root:Epoch no. 187 of 500 (samples: 99009)
INFO:root:Loss: 1171.7174 +/- 27.9491
INFO:root:Epoch no. 188 of 500 (samples: 99009)
INFO:root:Loss: 1157.1809 +/- 24.5634
INFO:root:Epoch no. 189 of 500 (samples: 99009)
INFO:root:Loss: 1146.8847 +/- 22.9186
INFO:root:Epoch no. 190 of 500 (samples: 99009)
INFO:root:Loss: 1135.0212 +/- 23.9024
INFO:root:Epoch no. 191 of 500 (samples: 99009)
INFO:root:Loss: 1120.9794 +/- 22.3044
INFO:root:Epoch no. 192 of 500 (samples: 99009)
INFO:root:Loss: 1110.2734 +/- 26.6237
INFO:root:Epoch no. 193 of 500 (samples: 99009)
INFO:root:Loss: 1096.1068 +/- 30.7249
INFO:root:Epoch no. 194 of 500 (samples: 99009)
INFO:root:Loss: 1089.4963 +/- 24.4548
INFO:root:Epoch no. 195 of 500 (samples: 99009)
INFO:root:Loss: 1074.6983 +/- 21.9868
INFO:root:Epoch no. 196 of 500 (samples: 99009)
INFO:root:Loss: 1062.8331 +/- 20.7783
INFO:root:Epoch no. 197 of 500 (samples: 99009)
INFO:root:Loss: 1051.6459 +/- 26.5293
INFO:root:Epoch no. 198 of 500 (samples: 99009)
INFO:root:Loss: 1041.5385 +/- 26.1924
INFO:root:Epoch no. 199 of 500 (samples: 99009)
INFO:root:Loss: 1028.8853 +/- 23.1219
INFO:root:Epoch no. 200 of 500 (samples: 99009)
INFO:root:Loss: 1020.0275 +/- 23.8662
INFO:root:Epoch no. 201 of 500 (samples: 99009)
INFO:root:Loss: 1008.7189 +/- 24.3779
INFO:root:Epoch no. 202 of 500 (samples: 99009)
INFO:root:Loss: 996.5323 +/- 22.9434
INFO:root:Epoch no. 203 of 500 (samples: 99009)
INFO:root:Loss: 986.4745 +/- 18.1313
INFO:root:Epoch no. 204 of 500 (samples: 99009)
INFO:root:Loss: 972.2593 +/- 21.04
INFO:root:Epoch no. 205 of 500 (samples: 99009)
INFO:root:Loss: 962.5837 +/- 26.0658
INFO:root:Epoch no. 206 of 500 (samples: 99009)
INFO:root:Loss: 953.2749 +/- 21.2729
INFO:root:Epoch no. 207 of 500 (samples: 99009)
INFO:root:Loss: 943.0582 +/- 20.3525
INFO:root:Epoch no. 208 of 500 (samples: 99009)
INFO:root:Loss: 932.0798 +/- 26.519
INFO:root:Epoch no. 209 of 500 (samples: 99009)
INFO:root:Loss: 924.9747 +/- 15.9467
INFO:root:Epoch no. 210 of 500 (samples: 99009)
INFO:root:Loss: 914.106 +/- 25.7695
INFO:root:Epoch no. 211 of 500 (samples: 99009)
INFO:root:Loss: 906.107 +/- 26.814
INFO:root:Epoch no. 212 of 500 (samples: 99009)
INFO:root:Loss: 894.5587 +/- 24.1715
INFO:root:Epoch no. 213 of 500 (samples: 99009)
INFO:root:Loss: 883.6731 +/- 24.1155
INFO:root:Epoch no. 214 of 500 (samples: 99009)
INFO:root:Loss: 874.7283 +/- 22.5503
INFO:root:Epoch no. 215 of 500 (samples: 99009)
INFO:root:Loss: 866.9894 +/- 18.417
INFO:root:Epoch no. 216 of 500 (samples: 99009)
INFO:root:Loss: 855.5979 +/- 29.4328
INFO:root:Epoch no. 217 of 500 (samples: 99009)
INFO:root:Loss: 848.3625 +/- 18.3477
INFO:root:Epoch no. 218 of 500 (samples: 99009)
INFO:root:Loss: 839.3027 +/- 19.3199
INFO:root:Epoch no. 219 of 500 (samples: 99009)
INFO:root:Loss: 831.4479 +/- 19.2802
INFO:root:Epoch no. 220 of 500 (samples: 99009)
INFO:root:Loss: 819.9939 +/- 23.6085
INFO:root:Epoch no. 221 of 500 (samples: 99009)
INFO:root:Loss: 813.9416 +/- 25.1141
INFO:root:Epoch no. 222 of 500 (samples: 99009)
INFO:root:Loss: 807.6506 +/- 19.2196
INFO:root:Epoch no. 223 of 500 (samples: 99009)
INFO:root:Loss: 795.458 +/- 23.5594
INFO:root:Epoch no. 224 of 500 (samples: 99009)
INFO:root:Loss: 788.034 +/- 24.1611
INFO:root:Epoch no. 225 of 500 (samples: 99009)
INFO:root:Loss: 779.1949 +/- 20.5405
INFO:root:Epoch no. 226 of 500 (samples: 99009)
INFO:root:Loss: 773.9609 +/- 23.7887
INFO:root:Epoch no. 227 of 500 (samples: 99009)
INFO:root:Loss: 764.5458 +/- 24.8351
INFO:root:Epoch no. 228 of 500 (samples: 99009)
INFO:root:Loss: 755.4904 +/- 21.7687
INFO:root:Epoch no. 229 of 500 (samples: 99009)
INFO:root:Loss: 750.9201 +/- 21.4547
INFO:root:Epoch no. 230 of 500 (samples: 99009)
INFO:root:Loss: 742.0448 +/- 18.9244
INFO:root:Epoch no. 231 of 500 (samples: 99009)
INFO:root:Loss: 733.013 +/- 20.2892
INFO:root:Epoch no. 232 of 500 (samples: 99009)
INFO:root:Loss: 726.6677 +/- 21.1592
INFO:root:Epoch no. 233 of 500 (samples: 99009)
INFO:root:Loss: 719.3386 +/- 20.2621
INFO:root:Epoch no. 234 of 500 (samples: 99009)
INFO:root:Loss: 711.9468 +/- 21.0496
INFO:root:Epoch no. 235 of 500 (samples: 99009)
INFO:root:Loss: 702.3315 +/- 19.2467
INFO:root:Epoch no. 236 of 500 (samples: 99009)
INFO:root:Loss: 695.1666 +/- 17.0905
INFO:root:Epoch no. 237 of 500 (samples: 99009)
INFO:root:Loss: 689.9449 +/- 18.3254
INFO:root:Epoch no. 238 of 500 (samples: 99009)
INFO:root:Loss: 682.8505 +/- 16.1943
INFO:root:Epoch no. 239 of 500 (samples: 99009)
INFO:root:Loss: 677.0163 +/- 17.0952
INFO:root:Epoch no. 240 of 500 (samples: 99009)
INFO:root:Loss: 671.0717 +/- 22.5286
INFO:root:Epoch no. 241 of 500 (samples: 99009)
INFO:root:Loss: 664.0035 +/- 16.5857
INFO:root:Epoch no. 242 of 500 (samples: 99009)
INFO:root:Loss: 655.0836 +/- 18.8166
INFO:root:Epoch no. 243 of 500 (samples: 99009)
INFO:root:Loss: 649.5818 +/- 22.5207
INFO:root:Epoch no. 244 of 500 (samples: 99009)
INFO:root:Loss: 642.6731 +/- 17.9502
INFO:root:Epoch no. 245 of 500 (samples: 99009)
INFO:root:Loss: 636.7608 +/- 16.9812
INFO:root:Epoch no. 246 of 500 (samples: 99009)
INFO:root:Loss: 630.5707 +/- 15.9351
INFO:root:Epoch no. 247 of 500 (samples: 99009)
INFO:root:Loss: 624.0853 +/- 18.3407
INFO:root:Epoch no. 248 of 500 (samples: 99009)
INFO:root:Loss: 619.9677 +/- 18.2458
INFO:root:Epoch no. 249 of 500 (samples: 99009)
INFO:root:Loss: 610.3638 +/- 17.7932
INFO:root:Epoch no. 250 of 500 (samples: 99009)
INFO:root:Loss: 606.2188 +/- 15.428
INFO:root:Epoch no. 251 of 500 (samples: 99009)
INFO:root:Loss: 599.4965 +/- 14.9234
INFO:root:Epoch no. 252 of 500 (samples: 99009)
INFO:root:Loss: 595.8442 +/- 18.9138
INFO:root:Epoch no. 253 of 500 (samples: 99009)
INFO:root:Loss: 589.6655 +/- 13.9038
INFO:root:Epoch no. 254 of 500 (samples: 99009)
INFO:root:Loss: 580.6598 +/- 14.2227
INFO:root:Epoch no. 255 of 500 (samples: 99009)
INFO:root:Loss: 576.5599 +/- 17.082
INFO:root:Epoch no. 256 of 500 (samples: 99009)
INFO:root:Loss: 569.881 +/- 15.212
INFO:root:Epoch no. 257 of 500 (samples: 99009)
INFO:root:Loss: 565.2131 +/- 19.8214
INFO:root:Epoch no. 258 of 500 (samples: 99009)
INFO:root:Loss: 559.4315 +/- 18.7197
INFO:root:Epoch no. 259 of 500 (samples: 99009)
INFO:root:Loss: 555.1363 +/- 14.3236
INFO:root:Epoch no. 260 of 500 (samples: 99009)
INFO:root:Loss: 550.6753 +/- 18.4658
INFO:root:Epoch no. 261 of 500 (samples: 99009)
INFO:root:Loss: 544.6942 +/- 18.1563
INFO:root:Epoch no. 262 of 500 (samples: 99009)
INFO:root:Loss: 540.2016 +/- 19.6771
INFO:root:Epoch no. 263 of 500 (samples: 99009)
INFO:root:Loss: 535.1426 +/- 13.031
INFO:root:Epoch no. 264 of 500 (samples: 99009)
INFO:root:Loss: 527.794 +/- 16.7944
INFO:root:Epoch no. 265 of 500 (samples: 99009)
INFO:root:Loss: 523.5376 +/- 12.2853
INFO:root:Epoch no. 266 of 500 (samples: 99009)
INFO:root:Loss: 518.8504 +/- 16.3269
INFO:root:Epoch no. 267 of 500 (samples: 99009)
INFO:root:Loss: 513.8841 +/- 18.1974
INFO:root:Epoch no. 268 of 500 (samples: 99009)
INFO:root:Loss: 507.7591 +/- 16.14
INFO:root:Epoch no. 269 of 500 (samples: 99009)
INFO:root:Loss: 504.321 +/- 19.1833
INFO:root:Epoch no. 270 of 500 (samples: 99009)
INFO:root:Loss: 502.0941 +/- 17.1227
INFO:root:Epoch no. 271 of 500 (samples: 99009)
INFO:root:Loss: 494.1164 +/- 14.8782
INFO:root:Epoch no. 272 of 500 (samples: 99009)
INFO:root:Loss: 490.5057 +/- 16.4749
INFO:root:Epoch no. 273 of 500 (samples: 99009)
INFO:root:Loss: 485.9786 +/- 14.2756
INFO:root:Epoch no. 274 of 500 (samples: 99009)
INFO:root:Loss: 481.502 +/- 17.1338
INFO:root:Epoch no. 275 of 500 (samples: 99009)
INFO:root:Loss: 477.3202 +/- 12.7563
INFO:root:Epoch no. 276 of 500 (samples: 99009)
INFO:root:Loss: 474.5185 +/- 11.2215
INFO:root:Epoch no. 277 of 500 (samples: 99009)
INFO:root:Loss: 468.3905 +/- 18.5363
INFO:root:Epoch no. 278 of 500 (samples: 99009)
INFO:root:Loss: 465.5668 +/- 15.9449
INFO:root:Epoch no. 279 of 500 (samples: 99009)
INFO:root:Loss: 461.6067 +/- 12.5697
INFO:root:Epoch no. 280 of 500 (samples: 99009)
INFO:root:Loss: 456.3476 +/- 15.2896
INFO:root:Epoch no. 281 of 500 (samples: 99009)
INFO:root:Loss: 451.8322 +/- 13.6489
INFO:root:Epoch no. 282 of 500 (samples: 99009)
INFO:root:Loss: 447.8316 +/- 14.7469
INFO:root:Epoch no. 283 of 500 (samples: 99009)
INFO:root:Loss: 444.2634 +/- 13.458
INFO:root:Epoch no. 284 of 500 (samples: 99009)
INFO:root:Loss: 441.1364 +/- 17.2471
INFO:root:Epoch no. 285 of 500 (samples: 99009)
INFO:root:Loss: 435.598 +/- 12.1865
INFO:root:Epoch no. 286 of 500 (samples: 99009)
INFO:root:Loss: 434.4405 +/- 13.4443
INFO:root:Epoch no. 287 of 500 (samples: 99009)
INFO:root:Loss: 427.9028 +/- 14.1801
INFO:root:Epoch no. 288 of 500 (samples: 99009)
INFO:root:Loss: 426.1217 +/- 17.2653
INFO:root:Epoch no. 289 of 500 (samples: 99009)
INFO:root:Loss: 421.2718 +/- 16.2715
INFO:root:Epoch no. 290 of 500 (samples: 99009)
INFO:root:Loss: 418.762 +/- 16.4043
INFO:root:Epoch no. 291 of 500 (samples: 99009)
INFO:root:Loss: 415.9469 +/- 16.198
INFO:root:Epoch no. 292 of 500 (samples: 99009)
INFO:root:Loss: 412.1345 +/- 14.3288
INFO:root:Epoch no. 293 of 500 (samples: 99009)
INFO:root:Loss: 406.7911 +/- 12.9137
INFO:root:Epoch no. 294 of 500 (samples: 99009)
INFO:root:Loss: 404.858 +/- 14.3166
INFO:root:Epoch no. 295 of 500 (samples: 99009)
INFO:root:Loss: 399.5711 +/- 13.0225
INFO:root:Epoch no. 296 of 500 (samples: 99009)
INFO:root:Loss: 398.3332 +/- 12.5863
INFO:root:Epoch no. 297 of 500 (samples: 99009)
INFO:root:Loss: 393.1813 +/- 11.4297
INFO:root:Epoch no. 298 of 500 (samples: 99009)
INFO:root:Loss: 390.631 +/- 12.2608
INFO:root:Epoch no. 299 of 500 (samples: 99009)
INFO:root:Loss: 388.7146 +/- 11.2891
INFO:root:Epoch no. 300 of 500 (samples: 99009)
INFO:root:Loss: 383.9634 +/- 9.2911
INFO:root:Epoch no. 301 of 500 (samples: 99009)
INFO:root:Loss: 382.5114 +/- 12.1551
INFO:root:Epoch no. 302 of 500 (samples: 99009)
INFO:root:Loss: 378.8352 +/- 16.3027
INFO:root:Epoch no. 303 of 500 (samples: 99009)
INFO:root:Loss: 376.4981 +/- 13.5243
INFO:root:Epoch no. 304 of 500 (samples: 99009)
INFO:root:Loss: 374.2574 +/- 15.1946
INFO:root:Epoch no. 305 of 500 (samples: 99009)
INFO:root:Loss: 371.7758 +/- 12.2357
INFO:root:Epoch no. 306 of 500 (samples: 99009)
INFO:root:Loss: 368.188 +/- 12.9265
INFO:root:Epoch no. 307 of 500 (samples: 99009)
INFO:root:Loss: 363.6926 +/- 10.6917
INFO:root:Epoch no. 308 of 500 (samples: 99009)
INFO:root:Loss: 359.8443 +/- 11.8067
INFO:root:Epoch no. 309 of 500 (samples: 99009)
INFO:root:Loss: 357.4471 +/- 11.3926
INFO:root:Epoch no. 310 of 500 (samples: 99009)
INFO:root:Loss: 354.7463 +/- 11.4678
INFO:root:Epoch no. 311 of 500 (samples: 99009)
INFO:root:Loss: 353.228 +/- 10.4339
INFO:root:Epoch no. 312 of 500 (samples: 99009)
INFO:root:Loss: 350.3147 +/- 12.1752
INFO:root:Epoch no. 313 of 500 (samples: 99009)
INFO:root:Loss: 346.8611 +/- 14.9415
INFO:root:Epoch no. 314 of 500 (samples: 99009)
INFO:root:Loss: 345.3134 +/- 11.562
INFO:root:Epoch no. 315 of 500 (samples: 99009)
INFO:root:Loss: 343.3638 +/- 10.3478
INFO:root:Epoch no. 316 of 500 (samples: 99009)
INFO:root:Loss: 337.5234 +/- 7.3622
INFO:root:Epoch no. 317 of 500 (samples: 99009)
INFO:root:Loss: 337.4454 +/- 7.2512
INFO:root:Epoch no. 318 of 500 (samples: 99009)
INFO:root:Loss: 334.35 +/- 11.324
INFO:root:Epoch no. 319 of 500 (samples: 99009)
INFO:root:Loss: 331.7453 +/- 10.5093
INFO:root:Epoch no. 320 of 500 (samples: 99009)
INFO:root:Loss: 328.5538 +/- 9.833
INFO:root:Epoch no. 321 of 500 (samples: 99009)
INFO:root:Loss: 325.6282 +/- 10.5231
INFO:root:Epoch no. 322 of 500 (samples: 99009)
INFO:root:Loss: 325.1491 +/- 9.6684
INFO:root:Epoch no. 323 of 500 (samples: 99009)
INFO:root:Loss: 323.0736 +/- 13.5773
INFO:root:Epoch no. 324 of 500 (samples: 99009)
INFO:root:Loss: 320.7196 +/- 9.7698
INFO:root:Epoch no. 325 of 500 (samples: 99009)
INFO:root:Loss: 318.1879 +/- 8.9122
INFO:root:Epoch no. 326 of 500 (samples: 99009)
INFO:root:Loss: 316.601 +/- 11.4064
INFO:root:Epoch no. 327 of 500 (samples: 99009)
INFO:root:Loss: 313.7469 +/- 10.0067
INFO:root:Epoch no. 328 of 500 (samples: 99009)
INFO:root:Loss: 311.0769 +/- 9.8115
INFO:root:Epoch no. 329 of 500 (samples: 99009)
INFO:root:Loss: 307.0842 +/- 10.3287
INFO:root:Epoch no. 330 of 500 (samples: 99009)
INFO:root:Loss: 306.5986 +/- 13.7808
INFO:root:Epoch no. 331 of 500 (samples: 99009)
INFO:root:Loss: 304.1199 +/- 11.1165
INFO:root:Epoch no. 332 of 500 (samples: 99009)
INFO:root:Loss: 303.2125 +/- 11.5647
INFO:root:Epoch no. 333 of 500 (samples: 99009)
INFO:root:Loss: 300.2622 +/- 8.9986
INFO:root:Epoch no. 334 of 500 (samples: 99009)
INFO:root:Loss: 295.0776 +/- 9.9189
INFO:root:Epoch no. 335 of 500 (samples: 99009)
INFO:root:Loss: 296.5582 +/- 9.207
INFO:root:Epoch no. 336 of 500 (samples: 99009)
INFO:root:Loss: 295.6596 +/- 11.6796
INFO:root:Epoch no. 337 of 500 (samples: 99009)
INFO:root:Loss: 291.4385 +/- 9.1979
INFO:root:Epoch no. 338 of 500 (samples: 99009)
INFO:root:Loss: 288.7403 +/- 13.2126
INFO:root:Epoch no. 339 of 500 (samples: 99009)
INFO:root:Loss: 288.3345 +/- 7.5969
INFO:root:Epoch no. 340 of 500 (samples: 99009)
INFO:root:Loss: 286.0301 +/- 8.2033
INFO:root:Epoch no. 341 of 500 (samples: 99009)
INFO:root:Loss: 282.7927 +/- 8.8313
INFO:root:Epoch no. 342 of 500 (samples: 99009)
INFO:root:Loss: 281.8325 +/- 10.3685
INFO:root:Epoch no. 343 of 500 (samples: 99009)
INFO:root:Loss: 280.9397 +/- 9.376
INFO:root:Epoch no. 344 of 500 (samples: 99009)
INFO:root:Loss: 278.3042 +/- 9.8907
INFO:root:Epoch no. 345 of 500 (samples: 99009)
INFO:root:Loss: 277.0576 +/- 9.8874
INFO:root:Epoch no. 346 of 500 (samples: 99009)
INFO:root:Loss: 273.5902 +/- 9.8155
INFO:root:Epoch no. 347 of 500 (samples: 99009)
INFO:root:Loss: 270.564 +/- 11.7543
INFO:root:Epoch no. 348 of 500 (samples: 99009)
INFO:root:Loss: 269.9866 +/- 9.0892
INFO:root:Epoch no. 349 of 500 (samples: 99009)
INFO:root:Loss: 269.508 +/- 7.9945
INFO:root:Epoch no. 350 of 500 (samples: 99009)
INFO:root:Loss: 267.4091 +/- 10.236
INFO:root:Epoch no. 351 of 500 (samples: 99009)
INFO:root:Loss: 264.786 +/- 10.6795
INFO:root:Epoch no. 352 of 500 (samples: 99009)
INFO:root:Loss: 262.5176 +/- 8.9794
INFO:root:Epoch no. 353 of 500 (samples: 99009)
INFO:root:Loss: 261.5454 +/- 7.463
INFO:root:Epoch no. 354 of 500 (samples: 99009)
INFO:root:Loss: 259.6539 +/- 9.923
INFO:root:Epoch no. 355 of 500 (samples: 99009)
INFO:root:Loss: 257.9963 +/- 7.9605
INFO:root:Epoch no. 356 of 500 (samples: 99009)
INFO:root:Loss: 258.2908 +/- 9.3561
INFO:root:Epoch no. 357 of 500 (samples: 99009)
INFO:root:Loss: 258.4986 +/- 10.1342
INFO:root:Epoch no. 358 of 500 (samples: 99009)
INFO:root:Loss: 253.8262 +/- 9.7909
INFO:root:Epoch no. 359 of 500 (samples: 99009)
INFO:root:Loss: 252.8099 +/- 8.437
INFO:root:Epoch no. 360 of 500 (samples: 99009)
INFO:root:Loss: 249.9622 +/- 10.3601
INFO:root:Epoch no. 361 of 500 (samples: 99009)
INFO:root:Loss: 249.8385 +/- 10.6827
INFO:root:Epoch no. 362 of 500 (samples: 99009)
INFO:root:Loss: 247.2987 +/- 7.7994
INFO:root:Epoch no. 363 of 500 (samples: 99009)
INFO:root:Loss: 245.8504 +/- 10.1896
INFO:root:Epoch no. 364 of 500 (samples: 99009)
INFO:root:Loss: 246.4644 +/- 9.8154
INFO:root:Epoch no. 365 of 500 (samples: 99009)
INFO:root:Loss: 244.161 +/- 9.5486
INFO:root:Epoch no. 366 of 500 (samples: 99009)
INFO:root:Loss: 242.8751 +/- 7.2551
INFO:root:Epoch no. 367 of 500 (samples: 99009)
INFO:root:Loss: 241.4858 +/- 8.0362
INFO:root:Epoch no. 368 of 500 (samples: 99009)
INFO:root:Loss: 241.0093 +/- 5.9457
INFO:root:Epoch no. 369 of 500 (samples: 99009)
INFO:root:Loss: 237.5602 +/- 8.4312
INFO:root:Epoch no. 370 of 500 (samples: 99009)
INFO:root:Loss: 236.086 +/- 8.7271
INFO:root:Epoch no. 371 of 500 (samples: 99009)
INFO:root:Loss: 238.4725 +/- 8.9431
INFO:root:Epoch no. 372 of 500 (samples: 99009)
INFO:root:Loss: 233.7378 +/- 7.8451
INFO:root:Epoch no. 373 of 500 (samples: 99009)
INFO:root:Loss: 232.0862 +/- 6.5107
INFO:root:Epoch no. 374 of 500 (samples: 99009)
INFO:root:Loss: 230.2054 +/- 8.8948
INFO:root:Epoch no. 375 of 500 (samples: 99009)
INFO:root:Loss: 229.3458 +/- 9.0226
INFO:root:Epoch no. 376 of 500 (samples: 99009)
INFO:root:Loss: 227.4844 +/- 6.7182
INFO:root:Epoch no. 377 of 500 (samples: 99009)
INFO:root:Loss: 226.4574 +/- 7.3376
INFO:root:Epoch no. 378 of 500 (samples: 99009)
INFO:root:Loss: 226.5105 +/- 6.2611
INFO:root:Epoch no. 379 of 500 (samples: 99009)
INFO:root:Loss: 225.7224 +/- 5.3414
INFO:root:Epoch no. 380 of 500 (samples: 99009)
INFO:root:Loss: 222.7972 +/- 7.9846
INFO:root:Epoch no. 381 of 500 (samples: 99009)
INFO:root:Loss: 222.9048 +/- 7.021
INFO:root:Epoch no. 382 of 500 (samples: 99009)
INFO:root:Loss: 221.7762 +/- 5.8862
INFO:root:Epoch no. 383 of 500 (samples: 99009)
INFO:root:Loss: 219.5806 +/- 4.2728
INFO:root:Epoch no. 384 of 500 (samples: 99009)
INFO:root:Loss: 219.953 +/- 7.0845
INFO:root:Epoch no. 385 of 500 (samples: 99009)
INFO:root:Loss: 217.4753 +/- 7.3969
INFO:root:Epoch no. 386 of 500 (samples: 99009)
INFO:root:Loss: 214.8404 +/- 7.8707
INFO:root:Epoch no. 387 of 500 (samples: 99009)
INFO:root:Loss: 216.0422 +/- 5.9758
INFO:root:Epoch no. 388 of 500 (samples: 99009)
INFO:root:Loss: 214.8035 +/- 6.4748
INFO:root:Epoch no. 389 of 500 (samples: 99009)
INFO:root:Loss: 212.3425 +/- 7.2551
INFO:root:Epoch no. 390 of 500 (samples: 99009)
INFO:root:Loss: 212.2711 +/- 8.1524
INFO:root:Epoch no. 391 of 500 (samples: 99009)
INFO:root:Loss: 210.3118 +/- 6.9117
INFO:root:Epoch no. 392 of 500 (samples: 99009)
INFO:root:Loss: 208.4451 +/- 7.1855
INFO:root:Epoch no. 393 of 500 (samples: 99009)
INFO:root:Loss: 206.3833 +/- 9.0419
INFO:root:Epoch no. 394 of 500 (samples: 99009)
INFO:root:Loss: 207.1043 +/- 6.9508
INFO:root:Epoch no. 395 of 500 (samples: 99009)
INFO:root:Loss: 205.4277 +/- 8.3583
INFO:root:Epoch no. 396 of 500 (samples: 99009)
INFO:root:Loss: 204.8495 +/- 7.8686
INFO:root:Epoch no. 397 of 500 (samples: 99009)
INFO:root:Loss: 204.8102 +/- 8.5755
INFO:root:Epoch no. 398 of 500 (samples: 99009)
INFO:root:Loss: 203.0487 +/- 7.5862
INFO:root:Epoch no. 399 of 500 (samples: 99009)
INFO:root:Loss: 201.2698 +/- 7.1645
INFO:root:Epoch no. 400 of 500 (samples: 99009)
INFO:root:Loss: 200.6835 +/- 6.103
INFO:root:Epoch no. 401 of 500 (samples: 99009)
INFO:root:Loss: 197.9738 +/- 4.9406
INFO:root:Epoch no. 402 of 500 (samples: 99009)
INFO:root:Loss: 198.0441 +/- 6.306
INFO:root:Epoch no. 403 of 500 (samples: 99009)
INFO:root:Loss: 198.2397 +/- 8.749
INFO:root:Epoch no. 404 of 500 (samples: 99009)
INFO:root:Loss: 195.6948 +/- 6.9324
INFO:root:Epoch no. 405 of 500 (samples: 99009)
INFO:root:Loss: 196.1655 +/- 6.1411
INFO:root:Epoch no. 406 of 500 (samples: 99009)
INFO:root:Loss: 194.4714 +/- 6.8953
INFO:root:Epoch no. 407 of 500 (samples: 99009)
INFO:root:Loss: 192.9053 +/- 8.4093
INFO:root:Epoch no. 408 of 500 (samples: 99009)
INFO:root:Loss: 192.5839 +/- 9.3077
INFO:root:Epoch no. 409 of 500 (samples: 99009)
INFO:root:Loss: 192.6337 +/- 8.1693
INFO:root:Epoch no. 410 of 500 (samples: 99009)
INFO:root:Loss: 191.7503 +/- 7.9102
INFO:root:Epoch no. 411 of 500 (samples: 99009)
INFO:root:Loss: 188.5098 +/- 8.639
INFO:root:Epoch no. 412 of 500 (samples: 99009)
INFO:root:Loss: 188.3855 +/- 6.0721
INFO:root:Epoch no. 413 of 500 (samples: 99009)
INFO:root:Loss: 186.4638 +/- 8.2122
INFO:root:Epoch no. 414 of 500 (samples: 99009)
INFO:root:Loss: 186.2906 +/- 5.6609
INFO:root:Epoch no. 415 of 500 (samples: 99009)
INFO:root:Loss: 186.5416 +/- 7.1473
INFO:root:Epoch no. 416 of 500 (samples: 99009)
INFO:root:Loss: 183.9244 +/- 6.3272
INFO:root:Epoch no. 417 of 500 (samples: 99009)
INFO:root:Loss: 182.7934 +/- 6.4447
INFO:root:Epoch no. 418 of 500 (samples: 99009)
INFO:root:Loss: 182.6362 +/- 5.6387
INFO:root:Epoch no. 419 of 500 (samples: 99009)
INFO:root:Loss: 182.8245 +/- 6.0007
INFO:root:Epoch no. 420 of 500 (samples: 99009)
INFO:root:Loss: 182.0647 +/- 4.5274
INFO:root:Epoch no. 421 of 500 (samples: 99009)
INFO:root:Loss: 181.1485 +/- 3.5015
INFO:root:Epoch no. 422 of 500 (samples: 99009)
INFO:root:Loss: 179.8742 +/- 5.1845
INFO:root:Epoch no. 423 of 500 (samples: 99009)
INFO:root:Loss: 178.8312 +/- 5.8644
INFO:root:Epoch no. 424 of 500 (samples: 99009)
INFO:root:Loss: 175.782 +/- 3.325
INFO:root:Epoch no. 425 of 500 (samples: 99009)
INFO:root:Loss: 177.4187 +/- 6.0285
INFO:root:Epoch no. 426 of 500 (samples: 99009)
INFO:root:Loss: 175.6847 +/- 6.487
INFO:root:Epoch no. 427 of 500 (samples: 99009)
INFO:root:Loss: 175.4063 +/- 6.6932
INFO:root:Epoch no. 428 of 500 (samples: 99009)
INFO:root:Loss: 172.5815 +/- 8.6628
INFO:root:Epoch no. 429 of 500 (samples: 99009)
INFO:root:Loss: 173.3268 +/- 6.7449
INFO:root:Epoch no. 430 of 500 (samples: 99009)
INFO:root:Loss: 171.9857 +/- 7.4633
INFO:root:Epoch no. 431 of 500 (samples: 99009)
INFO:root:Loss: 171.0318 +/- 5.0601
INFO:root:Epoch no. 432 of 500 (samples: 99009)
INFO:root:Loss: 171.1565 +/- 7.0462
INFO:root:Epoch no. 433 of 500 (samples: 99009)
INFO:root:Loss: 170.4037 +/- 7.1699
INFO:root:Epoch no. 434 of 500 (samples: 99009)
INFO:root:Loss: 169.7386 +/- 5.9545
INFO:root:Epoch no. 435 of 500 (samples: 99009)
INFO:root:Loss: 168.2236 +/- 5.3492
INFO:root:Epoch no. 436 of 500 (samples: 99009)
INFO:root:Loss: 166.8106 +/- 7.4067
INFO:root:Epoch no. 437 of 500 (samples: 99009)
INFO:root:Loss: 164.9066 +/- 5.7373
INFO:root:Epoch no. 438 of 500 (samples: 99009)
INFO:root:Loss: 166.3394 +/- 5.7158
INFO:root:Epoch no. 439 of 500 (samples: 99009)
INFO:root:Loss: 166.1631 +/- 5.1588
INFO:root:Epoch no. 440 of 500 (samples: 99009)
INFO:root:Loss: 164.7957 +/- 7.2889
INFO:root:Epoch no. 441 of 500 (samples: 99009)
INFO:root:Loss: 165.0225 +/- 6.436
INFO:root:Epoch no. 442 of 500 (samples: 99009)
INFO:root:Loss: 162.3467 +/- 6.9676
INFO:root:Epoch no. 443 of 500 (samples: 99009)
INFO:root:Loss: 162.6021 +/- 5.1546
INFO:root:Epoch no. 444 of 500 (samples: 99009)
INFO:root:Loss: 161.3952 +/- 5.4758
INFO:root:Epoch no. 445 of 500 (samples: 99009)
INFO:root:Loss: 160.8974 +/- 5.0593
INFO:root:Epoch no. 446 of 500 (samples: 99009)
INFO:root:Loss: 159.713 +/- 6.4569
INFO:root:Epoch no. 447 of 500 (samples: 99009)
INFO:root:Loss: 158.5855 +/- 5.6739
INFO:root:Epoch no. 448 of 500 (samples: 99009)
INFO:root:Loss: 157.9934 +/- 6.8985
INFO:root:Epoch no. 449 of 500 (samples: 99009)
INFO:root:Loss: 157.4018 +/- 7.3659
INFO:root:Epoch no. 450 of 500 (samples: 99009)
INFO:root:Loss: 155.9834 +/- 5.668
INFO:root:Epoch no. 451 of 500 (samples: 99009)
INFO:root:Loss: 156.4718 +/- 7.5665
INFO:root:Epoch no. 452 of 500 (samples: 99009)
INFO:root:Loss: 156.8794 +/- 7.6101
INFO:root:Epoch no. 453 of 500 (samples: 99009)
INFO:root:Loss: 153.9867 +/- 6.4603
INFO:root:Epoch no. 454 of 500 (samples: 99009)
INFO:root:Loss: 153.5369 +/- 4.8418
INFO:root:Epoch no. 455 of 500 (samples: 99009)
INFO:root:Loss: 152.621 +/- 5.2318
INFO:root:Epoch no. 456 of 500 (samples: 99009)
INFO:root:Loss: 151.6687 +/- 3.6445
INFO:root:Epoch no. 457 of 500 (samples: 99009)
INFO:root:Loss: 153.2546 +/- 5.0597
INFO:root:Epoch no. 458 of 500 (samples: 99009)
INFO:root:Loss: 150.7645 +/- 3.1338
INFO:root:Epoch no. 459 of 500 (samples: 99009)
INFO:root:Loss: 151.2344 +/- 6.7774
INFO:root:Epoch no. 460 of 500 (samples: 99009)
INFO:root:Loss: 150.1279 +/- 4.7538
INFO:root:Epoch no. 461 of 500 (samples: 99009)
INFO:root:Loss: 149.071 +/- 4.8633
INFO:root:Epoch no. 462 of 500 (samples: 99009)
INFO:root:Loss: 148.3346 +/- 4.4026
INFO:root:Epoch no. 463 of 500 (samples: 99009)
INFO:root:Loss: 149.8433 +/- 5.2664
INFO:root:Epoch no. 464 of 500 (samples: 99009)
INFO:root:Loss: 149.0633 +/- 4.3795
INFO:root:Epoch no. 465 of 500 (samples: 99009)
INFO:root:Loss: 147.6109 +/- 6.1073
INFO:root:Epoch no. 466 of 500 (samples: 99009)
INFO:root:Loss: 145.4448 +/- 4.1985
INFO:root:Epoch no. 467 of 500 (samples: 99009)
INFO:root:Loss: 147.4581 +/- 6.7314
INFO:root:Epoch no. 468 of 500 (samples: 99009)
INFO:root:Loss: 145.86 +/- 4.2181
INFO:root:Epoch no. 469 of 500 (samples: 99009)
INFO:root:Loss: 143.9778 +/- 5.104
INFO:root:Epoch no. 470 of 500 (samples: 99009)
INFO:root:Loss: 142.7805 +/- 5.1403
INFO:root:Epoch no. 471 of 500 (samples: 99009)
INFO:root:Loss: 144.4361 +/- 5.158
INFO:root:Epoch no. 472 of 500 (samples: 99009)
INFO:root:Loss: 141.6149 +/- 6.379
INFO:root:Epoch no. 473 of 500 (samples: 99009)
INFO:root:Loss: 144.1455 +/- 4.4865
INFO:root:Epoch no. 474 of 500 (samples: 99009)
INFO:root:Loss: 143.9608 +/- 6.289
INFO:root:Epoch no. 475 of 500 (samples: 99009)
INFO:root:Loss: 141.3033 +/- 5.5257
INFO:root:Epoch no. 476 of 500 (samples: 99009)
INFO:root:Loss: 140.9614 +/- 5.4446
INFO:root:Epoch no. 477 of 500 (samples: 99009)
INFO:root:Loss: 140.7409 +/- 4.6698
INFO:root:Epoch no. 478 of 500 (samples: 99009)
INFO:root:Loss: 141.1186 +/- 4.5835
INFO:root:Epoch no. 479 of 500 (samples: 99009)
INFO:root:Loss: 138.0453 +/- 4.5689
INFO:root:Epoch no. 480 of 500 (samples: 99009)
INFO:root:Loss: 138.865 +/- 4.7105
INFO:root:Epoch no. 481 of 500 (samples: 99009)
INFO:root:Loss: 136.2804 +/- 5.1417
INFO:root:Epoch no. 482 of 500 (samples: 99009)
INFO:root:Loss: 136.616 +/- 4.3063
INFO:root:Epoch no. 483 of 500 (samples: 99009)
INFO:root:Loss: 137.7395 +/- 3.8638
INFO:root:Epoch no. 484 of 500 (samples: 99009)
INFO:root:Loss: 136.0537 +/- 3.8001
INFO:root:Epoch no. 485 of 500 (samples: 99009)
INFO:root:Loss: 134.8772 +/- 4.6104
INFO:root:Epoch no. 486 of 500 (samples: 99009)
INFO:root:Loss: 135.8369 +/- 4.2547
INFO:root:Epoch no. 487 of 500 (samples: 99009)
INFO:root:Loss: 135.3366 +/- 4.9431
INFO:root:Epoch no. 488 of 500 (samples: 99009)
INFO:root:Loss: 134.8519 +/- 5.2753
INFO:root:Epoch no. 489 of 500 (samples: 99009)
INFO:root:Loss: 134.5479 +/- 4.8656
INFO:root:Epoch no. 490 of 500 (samples: 99009)
INFO:root:Loss: 133.9555 +/- 3.2458
INFO:root:Epoch no. 491 of 500 (samples: 99009)
INFO:root:Loss: 131.3423 +/- 3.1736
INFO:root:Epoch no. 492 of 500 (samples: 99009)
INFO:root:Loss: 131.7561 +/- 4.4267
INFO:root:Epoch no. 493 of 500 (samples: 99009)
INFO:root:Loss: 131.4467 +/- 3.5386
INFO:root:Epoch no. 494 of 500 (samples: 99009)
INFO:root:Loss: 130.4954 +/- 6.4955
INFO:root:Epoch no. 495 of 500 (samples: 99009)
INFO:root:Loss: 130.7991 +/- 5.4195
INFO:root:Epoch no. 496 of 500 (samples: 99009)
INFO:root:Loss: 130.8942 +/- 6.9471
INFO:root:Epoch no. 497 of 500 (samples: 99009)
INFO:root:Loss: 128.4365 +/- 3.0895
INFO:root:Epoch no. 498 of 500 (samples: 99009)
INFO:root:Loss: 129.0115 +/- 4.2209
INFO:root:Epoch no. 499 of 500 (samples: 99009)
INFO:root:Loss: 127.6783 +/- 6.6097
INFO:root:Epoch no. 500 of 500 (samples: 99009)
INFO:root:Loss: 127.8116 +/- 4.256
/usr/local/lib/python3.5/dist-packages/keras/backend/theano_backend.py:527: UserWarning: theano.function was asked to create a function computing outputs given certain inputs, but the provided input variable at index 2 is not part of the computational graph needed to compute the outputs: keras_learning_phase.
To make this warning into an error, you can pass the parameter on_unused_input='raise' to theano.function. To disable it completely, use on_unused_input='ignore'.
  **kwargs)
INFO:root:### MICRO (validation raw):
INFO:root:	-- left   >> mean: 2712.2724, median: 4.0, mrr: 0.417, hits@1: 31.12%
INFO:root:	-- right  >> mean: 2721.8172, median: 4.0, mrr: 0.401, hits@1: 29.42%
INFO:root:	-- global >> mean: 2717.0448, median: 4.0, mrr: 0.409, hits@1: 30.27%
INFO:root:### MICRO (validation raw):
INFO:root:	-- left   >> mean: 2712.2724, median: 4.0, mrr: 0.417, hits@3: 48.96%
INFO:root:	-- right  >> mean: 2721.8172, median: 4.0, mrr: 0.401, hits@3: 46.96%
INFO:root:	-- global >> mean: 2717.0448, median: 4.0, mrr: 0.409, hits@3: 47.96%
INFO:root:### MICRO (validation raw):
INFO:root:	-- left   >> mean: 2712.2724, median: 4.0, mrr: 0.417, hits@5: 54.38%
INFO:root:	-- right  >> mean: 2721.8172, median: 4.0, mrr: 0.401, hits@5: 53.62%
INFO:root:	-- global >> mean: 2717.0448, median: 4.0, mrr: 0.409, hits@5: 54.0%
INFO:root:### MICRO (validation raw):
INFO:root:	-- left   >> mean: 2712.2724, median: 4.0, mrr: 0.417, hits@10: 60.92%
INFO:root:	-- right  >> mean: 2721.8172, median: 4.0, mrr: 0.401, hits@10: 59.86%
INFO:root:	-- global >> mean: 2717.0448, median: 4.0, mrr: 0.409, hits@10: 60.39%
INFO:root:### MICRO (validation filtered):
INFO:root:	-- left   >> mean: 2703.4392, median: 2.0, mrr: 0.513, hits@1: 42.86%
INFO:root:	-- right  >> mean: 2712.5972, median: 2.0, mrr: 0.502, hits@1: 41.34%
INFO:root:	-- global >> mean: 2708.0182, median: 2.0, mrr: 0.508, hits@1: 42.1%
INFO:root:### MICRO (validation filtered):
INFO:root:	-- left   >> mean: 2703.4392, median: 2.0, mrr: 0.513, hits@3: 57.2%
INFO:root:	-- right  >> mean: 2712.5972, median: 2.0, mrr: 0.502, hits@3: 56.04%
INFO:root:	-- global >> mean: 2708.0182, median: 2.0, mrr: 0.508, hits@3: 56.62%
INFO:root:### MICRO (validation filtered):
INFO:root:	-- left   >> mean: 2703.4392, median: 2.0, mrr: 0.513, hits@5: 61.28%
INFO:root:	-- right  >> mean: 2712.5972, median: 2.0, mrr: 0.502, hits@5: 60.6%
INFO:root:	-- global >> mean: 2708.0182, median: 2.0, mrr: 0.508, hits@5: 60.94%
INFO:root:### MICRO (validation filtered):
INFO:root:	-- left   >> mean: 2703.4392, median: 2.0, mrr: 0.513, hits@10: 65.62%
INFO:root:	-- right  >> mean: 2712.5972, median: 2.0, mrr: 0.502, hits@10: 65.06%
INFO:root:	-- global >> mean: 2708.0182, median: 2.0, mrr: 0.508, hits@10: 65.34%
INFO:root:### MICRO (test raw):
INFO:root:	-- left   >> mean: 2579.8662, median: 4.0, mrr: 0.405, hits@1: 29.5%
INFO:root:	-- right  >> mean: 2566.0828, median: 4.0, mrr: 0.417, hits@1: 30.8%
INFO:root:	-- global >> mean: 2572.9745, median: 4.0, mrr: 0.411, hits@1: 30.15%
INFO:root:### MICRO (test raw):
INFO:root:	-- left   >> mean: 2579.8662, median: 4.0, mrr: 0.405, hits@3: 47.38%
INFO:root:	-- right  >> mean: 2566.0828, median: 4.0, mrr: 0.417, hits@3: 49.0%
INFO:root:	-- global >> mean: 2572.9745, median: 4.0, mrr: 0.411, hits@3: 48.19%
INFO:root:### MICRO (test raw):
INFO:root:	-- left   >> mean: 2579.8662, median: 4.0, mrr: 0.405, hits@5: 54.1%
INFO:root:	-- right  >> mean: 2566.0828, median: 4.0, mrr: 0.417, hits@5: 55.24%
INFO:root:	-- global >> mean: 2572.9745, median: 4.0, mrr: 0.411, hits@5: 54.67%
INFO:root:### MICRO (test raw):
INFO:root:	-- left   >> mean: 2579.8662, median: 4.0, mrr: 0.405, hits@10: 60.66%
INFO:root:	-- right  >> mean: 2566.0828, median: 4.0, mrr: 0.417, hits@10: 61.22%
INFO:root:	-- global >> mean: 2572.9745, median: 4.0, mrr: 0.411, hits@10: 60.94%
INFO:root:### MICRO (test filtered):
INFO:root:	-- left   >> mean: 2570.3892, median: 2.0, mrr: 0.508, hits@1: 41.44%
INFO:root:	-- right  >> mean: 2557.492, median: 2.0, mrr: 0.517, hits@1: 42.94%
INFO:root:	-- global >> mean: 2563.9406, median: 2.0, mrr: 0.512, hits@1: 42.19%
INFO:root:### MICRO (test filtered):
INFO:root:	-- left   >> mean: 2570.3892, median: 2.0, mrr: 0.508, hits@3: 57.44%
INFO:root:	-- right  >> mean: 2557.492, median: 2.0, mrr: 0.517, hits@3: 57.64%
INFO:root:	-- global >> mean: 2563.9406, median: 2.0, mrr: 0.512, hits@3: 57.54%
INFO:root:### MICRO (test filtered):
INFO:root:	-- left   >> mean: 2570.3892, median: 2.0, mrr: 0.508, hits@5: 61.82%
INFO:root:	-- right  >> mean: 2557.492, median: 2.0, mrr: 0.517, hits@5: 61.84%
INFO:root:	-- global >> mean: 2563.9406, median: 2.0, mrr: 0.512, hits@5: 61.83%
INFO:root:### MICRO (test filtered):
INFO:root:	-- left   >> mean: 2570.3892, median: 2.0, mrr: 0.508, hits@10: 65.56%
INFO:root:	-- right  >> mean: 2557.492, median: 2.0, mrr: 0.517, hits@10: 66.12%
INFO:root:	-- global >> mean: 2563.9406, median: 2.0, mrr: 0.512, hits@10: 65.84%
