Using Theano backend.
Using gpu device 0: GeForce GTX TITAN X (CNMeM is disabled, cuDNN not available)
INFO:root:Acquiring data/wn18/wordnet-mlj12-train.txt ..
INFO:root:Acquiring data/wn18/wordnet-mlj12-valid.txt ..
INFO:root:Acquiring data/wn18/wordnet-mlj12-test.txt ..
INFO:root:[Rules] Adding Head: 15, Tail: [(10, True)]
INFO:root:[Rules] Adding Head: 12, Tail: [(17, True)]
INFO:root:[Rules] Adding Head: 4, Tail: [(5, True)]
INFO:root:[Rules] Adding Head: 13, Tail: [(3, True)]
INFO:root:[Rules] Adding Head: 5, Tail: [(4, True)]
INFO:root:[Rules] Adding Head: 16, Tail: [(11, True)]
INFO:root:[Rules] Adding Head: 17, Tail: [(12, True)]
INFO:root:[Rules] Adding Head: 11, Tail: [(16, True)]
INFO:root:[Rules] Adding Head: 8, Tail: [(9, True)]
INFO:root:[Rules] Adding Head: 2, Tail: [(2, True)]
INFO:root:Samples: 99009, no. batches: 10 -> batch size: 9901
INFO:root:Epoch no. 1 of 500 (samples: 99009)
INFO:root:Loss: 3390.5448 +/- 21.8071
INFO:root:Epoch no. 2 of 500 (samples: 99009)
INFO:root:Loss: 3207.5495 +/- 29.8205
INFO:root:Epoch no. 3 of 500 (samples: 99009)
INFO:root:Loss: 2996.1649 +/- 18.5246
INFO:root:Epoch no. 4 of 500 (samples: 99009)
INFO:root:Loss: 2822.132 +/- 10.1255
INFO:root:Epoch no. 5 of 500 (samples: 99009)
INFO:root:Loss: 2675.8688 +/- 4.4564
INFO:root:Epoch no. 6 of 500 (samples: 99009)
INFO:root:Loss: 2551.6881 +/- 4.4231
INFO:root:Epoch no. 7 of 500 (samples: 99009)
INFO:root:Loss: 2441.7208 +/- 5.8798
INFO:root:Epoch no. 8 of 500 (samples: 99009)
INFO:root:Loss: 2343.3036 +/- 7.2561
INFO:root:Epoch no. 9 of 500 (samples: 99009)
INFO:root:Loss: 2254.0257 +/- 7.7303
INFO:root:Epoch no. 10 of 500 (samples: 99009)
INFO:root:Loss: 2170.8914 +/- 9.3958
INFO:root:Epoch no. 11 of 500 (samples: 99009)
INFO:root:Loss: 2095.2653 +/- 9.8553
INFO:root:Epoch no. 12 of 500 (samples: 99009)
INFO:root:Loss: 2022.977 +/- 11.1104
INFO:root:Epoch no. 13 of 500 (samples: 99009)
INFO:root:Loss: 1954.7919 +/- 11.5697
INFO:root:Epoch no. 14 of 500 (samples: 99009)
INFO:root:Loss: 1890.9665 +/- 13.1893
INFO:root:Epoch no. 15 of 500 (samples: 99009)
INFO:root:Loss: 1828.6883 +/- 10.0504
INFO:root:Epoch no. 16 of 500 (samples: 99009)
INFO:root:Loss: 1770.5493 +/- 13.1241
INFO:root:Epoch no. 17 of 500 (samples: 99009)
INFO:root:Loss: 1713.428 +/- 12.9774
INFO:root:Epoch no. 18 of 500 (samples: 99009)
INFO:root:Loss: 1658.6925 +/- 12.5489
INFO:root:Epoch no. 19 of 500 (samples: 99009)
INFO:root:Loss: 1606.1543 +/- 12.5881
INFO:root:Epoch no. 20 of 500 (samples: 99009)
INFO:root:Loss: 1556.115 +/- 14.9218
INFO:root:Epoch no. 21 of 500 (samples: 99009)
INFO:root:Loss: 1506.3992 +/- 12.639
INFO:root:Epoch no. 22 of 500 (samples: 99009)
INFO:root:Loss: 1458.723 +/- 12.1609
INFO:root:Epoch no. 23 of 500 (samples: 99009)
INFO:root:Loss: 1412.6801 +/- 14.5526
INFO:root:Epoch no. 24 of 500 (samples: 99009)
INFO:root:Loss: 1369.136 +/- 15.0317
INFO:root:Epoch no. 25 of 500 (samples: 99009)
INFO:root:Loss: 1325.2519 +/- 11.595
INFO:root:Epoch no. 26 of 500 (samples: 99009)
INFO:root:Loss: 1281.1076 +/- 12.4514
INFO:root:Epoch no. 27 of 500 (samples: 99009)
INFO:root:Loss: 1239.0881 +/- 13.1515
INFO:root:Epoch no. 28 of 500 (samples: 99009)
INFO:root:Loss: 1198.2611 +/- 12.2876
INFO:root:Epoch no. 29 of 500 (samples: 99009)
INFO:root:Loss: 1156.8247 +/- 16.6056
INFO:root:Epoch no. 30 of 500 (samples: 99009)
INFO:root:Loss: 1117.4211 +/- 15.1038
INFO:root:Epoch no. 31 of 500 (samples: 99009)
INFO:root:Loss: 1079.5257 +/- 14.909
INFO:root:Epoch no. 32 of 500 (samples: 99009)
INFO:root:Loss: 1041.0645 +/- 14.2261
INFO:root:Epoch no. 33 of 500 (samples: 99009)
INFO:root:Loss: 1004.0717 +/- 16.6628
INFO:root:Epoch no. 34 of 500 (samples: 99009)
INFO:root:Loss: 968.149 +/- 16.5963
INFO:root:Epoch no. 35 of 500 (samples: 99009)
INFO:root:Loss: 932.6261 +/- 12.0859
INFO:root:Epoch no. 36 of 500 (samples: 99009)
INFO:root:Loss: 898.3603 +/- 12.7122
INFO:root:Epoch no. 37 of 500 (samples: 99009)
INFO:root:Loss: 864.5816 +/- 12.2056
INFO:root:Epoch no. 38 of 500 (samples: 99009)
INFO:root:Loss: 831.0048 +/- 15.2916
INFO:root:Epoch no. 39 of 500 (samples: 99009)
INFO:root:Loss: 801.6617 +/- 18.4384
INFO:root:Epoch no. 40 of 500 (samples: 99009)
INFO:root:Loss: 771.904 +/- 18.0737
INFO:root:Epoch no. 41 of 500 (samples: 99009)
INFO:root:Loss: 740.7304 +/- 16.1505
INFO:root:Epoch no. 42 of 500 (samples: 99009)
INFO:root:Loss: 713.9188 +/- 15.6493
INFO:root:Epoch no. 43 of 500 (samples: 99009)
INFO:root:Loss: 685.5582 +/- 11.5391
INFO:root:Epoch no. 44 of 500 (samples: 99009)
INFO:root:Loss: 659.8079 +/- 15.2008
INFO:root:Epoch no. 45 of 500 (samples: 99009)
INFO:root:Loss: 636.0593 +/- 15.6209
INFO:root:Epoch no. 46 of 500 (samples: 99009)
INFO:root:Loss: 612.4222 +/- 15.5209
INFO:root:Epoch no. 47 of 500 (samples: 99009)
INFO:root:Loss: 588.5472 +/- 16.3312
INFO:root:Epoch no. 48 of 500 (samples: 99009)
INFO:root:Loss: 568.3249 +/- 14.7985
INFO:root:Epoch no. 49 of 500 (samples: 99009)
INFO:root:Loss: 546.9218 +/- 17.8483
INFO:root:Epoch no. 50 of 500 (samples: 99009)
INFO:root:Loss: 527.1256 +/- 12.4125
INFO:root:Epoch no. 51 of 500 (samples: 99009)
INFO:root:Loss: 508.7529 +/- 13.8345
INFO:root:Epoch no. 52 of 500 (samples: 99009)
INFO:root:Loss: 490.6575 +/- 12.5735
INFO:root:Epoch no. 53 of 500 (samples: 99009)
INFO:root:Loss: 473.7735 +/- 11.3612
INFO:root:Epoch no. 54 of 500 (samples: 99009)
INFO:root:Loss: 458.1071 +/- 17.8584
INFO:root:Epoch no. 55 of 500 (samples: 99009)
INFO:root:Loss: 442.356 +/- 13.073
INFO:root:Epoch no. 56 of 500 (samples: 99009)
INFO:root:Loss: 425.6313 +/- 15.1092
INFO:root:Epoch no. 57 of 500 (samples: 99009)
INFO:root:Loss: 411.168 +/- 14.3784
INFO:root:Epoch no. 58 of 500 (samples: 99009)
INFO:root:Loss: 398.3221 +/- 11.6933
INFO:root:Epoch no. 59 of 500 (samples: 99009)
INFO:root:Loss: 384.8699 +/- 9.5541
INFO:root:Epoch no. 60 of 500 (samples: 99009)
INFO:root:Loss: 372.3294 +/- 12.4687
INFO:root:Epoch no. 61 of 500 (samples: 99009)
INFO:root:Loss: 360.8765 +/- 9.8692
INFO:root:Epoch no. 62 of 500 (samples: 99009)
INFO:root:Loss: 349.9808 +/- 11.8555
INFO:root:Epoch no. 63 of 500 (samples: 99009)
INFO:root:Loss: 338.827 +/- 13.1101
INFO:root:Epoch no. 64 of 500 (samples: 99009)
INFO:root:Loss: 327.4712 +/- 11.3246
INFO:root:Epoch no. 65 of 500 (samples: 99009)
INFO:root:Loss: 318.4313 +/- 13.32
INFO:root:Epoch no. 66 of 500 (samples: 99009)
INFO:root:Loss: 309.403 +/- 11.614
INFO:root:Epoch no. 67 of 500 (samples: 99009)
INFO:root:Loss: 298.973 +/- 10.7862
INFO:root:Epoch no. 68 of 500 (samples: 99009)
INFO:root:Loss: 290.3161 +/- 9.5909
INFO:root:Epoch no. 69 of 500 (samples: 99009)
INFO:root:Loss: 282.3643 +/- 10.0489
INFO:root:Epoch no. 70 of 500 (samples: 99009)
INFO:root:Loss: 273.1817 +/- 9.5623
INFO:root:Epoch no. 71 of 500 (samples: 99009)
INFO:root:Loss: 265.72 +/- 9.2854
INFO:root:Epoch no. 72 of 500 (samples: 99009)
INFO:root:Loss: 257.4126 +/- 9.4579
INFO:root:Epoch no. 73 of 500 (samples: 99009)
INFO:root:Loss: 251.814 +/- 9.0146
INFO:root:Epoch no. 74 of 500 (samples: 99009)
INFO:root:Loss: 243.7077 +/- 8.0818
INFO:root:Epoch no. 75 of 500 (samples: 99009)
INFO:root:Loss: 238.7949 +/- 9.185
INFO:root:Epoch no. 76 of 500 (samples: 99009)
INFO:root:Loss: 231.5871 +/- 7.4307
INFO:root:Epoch no. 77 of 500 (samples: 99009)
INFO:root:Loss: 225.2605 +/- 8.1588
INFO:root:Epoch no. 78 of 500 (samples: 99009)
INFO:root:Loss: 219.1283 +/- 7.6138
INFO:root:Epoch no. 79 of 500 (samples: 99009)
INFO:root:Loss: 214.5396 +/- 8.6608
INFO:root:Epoch no. 80 of 500 (samples: 99009)
INFO:root:Loss: 210.4438 +/- 8.1071
INFO:root:Epoch no. 81 of 500 (samples: 99009)
INFO:root:Loss: 203.0128 +/- 7.1016
INFO:root:Epoch no. 82 of 500 (samples: 99009)
INFO:root:Loss: 198.6609 +/- 7.638
INFO:root:Epoch no. 83 of 500 (samples: 99009)
INFO:root:Loss: 193.8662 +/- 7.1758
INFO:root:Epoch no. 84 of 500 (samples: 99009)
INFO:root:Loss: 189.3784 +/- 7.8466
INFO:root:Epoch no. 85 of 500 (samples: 99009)
INFO:root:Loss: 186.1366 +/- 7.2217
INFO:root:Epoch no. 86 of 500 (samples: 99009)
INFO:root:Loss: 180.5819 +/- 6.8151
INFO:root:Epoch no. 87 of 500 (samples: 99009)
INFO:root:Loss: 176.5322 +/- 4.6199
INFO:root:Epoch no. 88 of 500 (samples: 99009)
INFO:root:Loss: 172.8512 +/- 6.2529
INFO:root:Epoch no. 89 of 500 (samples: 99009)
INFO:root:Loss: 168.9628 +/- 5.4156
INFO:root:Epoch no. 90 of 500 (samples: 99009)
INFO:root:Loss: 165.6781 +/- 5.2151
INFO:root:Epoch no. 91 of 500 (samples: 99009)
INFO:root:Loss: 162.1972 +/- 6.0615
INFO:root:Epoch no. 92 of 500 (samples: 99009)
INFO:root:Loss: 158.9445 +/- 5.352
INFO:root:Epoch no. 93 of 500 (samples: 99009)
INFO:root:Loss: 155.492 +/- 5.423
INFO:root:Epoch no. 94 of 500 (samples: 99009)
INFO:root:Loss: 151.557 +/- 6.7006
INFO:root:Epoch no. 95 of 500 (samples: 99009)
INFO:root:Loss: 148.7963 +/- 5.908
INFO:root:Epoch no. 96 of 500 (samples: 99009)
INFO:root:Loss: 146.8585 +/- 5.3161
INFO:root:Epoch no. 97 of 500 (samples: 99009)
INFO:root:Loss: 142.7393 +/- 4.0889
INFO:root:Epoch no. 98 of 500 (samples: 99009)
INFO:root:Loss: 140.1655 +/- 4.9018
INFO:root:Epoch no. 99 of 500 (samples: 99009)
INFO:root:Loss: 137.0411 +/- 5.0186
INFO:root:Epoch no. 100 of 500 (samples: 99009)
INFO:root:Loss: 134.7948 +/- 4.3597
INFO:root:Epoch no. 101 of 500 (samples: 99009)
INFO:root:Loss: 131.0164 +/- 5.3441
INFO:root:Epoch no. 102 of 500 (samples: 99009)
INFO:root:Loss: 130.1839 +/- 4.3402
INFO:root:Epoch no. 103 of 500 (samples: 99009)
INFO:root:Loss: 126.9598 +/- 3.9894
INFO:root:Epoch no. 104 of 500 (samples: 99009)
INFO:root:Loss: 125.645 +/- 4.1475
INFO:root:Epoch no. 105 of 500 (samples: 99009)
INFO:root:Loss: 122.5973 +/- 4.9404
INFO:root:Epoch no. 106 of 500 (samples: 99009)
INFO:root:Loss: 120.0105 +/- 4.1849
INFO:root:Epoch no. 107 of 500 (samples: 99009)
INFO:root:Loss: 119.2243 +/- 4.2
INFO:root:Epoch no. 108 of 500 (samples: 99009)
INFO:root:Loss: 116.6583 +/- 4.3556
INFO:root:Epoch no. 109 of 500 (samples: 99009)
INFO:root:Loss: 113.1558 +/- 2.9008
INFO:root:Epoch no. 110 of 500 (samples: 99009)
INFO:root:Loss: 112.3343 +/- 3.4839
INFO:root:Epoch no. 111 of 500 (samples: 99009)
INFO:root:Loss: 110.5283 +/- 3.4434
INFO:root:Epoch no. 112 of 500 (samples: 99009)
INFO:root:Loss: 109.181 +/- 4.2796
INFO:root:Epoch no. 113 of 500 (samples: 99009)
INFO:root:Loss: 106.5243 +/- 3.4437
INFO:root:Epoch no. 114 of 500 (samples: 99009)
INFO:root:Loss: 105.6454 +/- 2.899
INFO:root:Epoch no. 115 of 500 (samples: 99009)
INFO:root:Loss: 105.0207 +/- 3.1547
INFO:root:Epoch no. 116 of 500 (samples: 99009)
INFO:root:Loss: 102.3003 +/- 5.3808
INFO:root:Epoch no. 117 of 500 (samples: 99009)
INFO:root:Loss: 100.5288 +/- 3.6985
INFO:root:Epoch no. 118 of 500 (samples: 99009)
INFO:root:Loss: 99.5285 +/- 3.652
INFO:root:Epoch no. 119 of 500 (samples: 99009)
INFO:root:Loss: 98.4359 +/- 3.1152
INFO:root:Epoch no. 120 of 500 (samples: 99009)
INFO:root:Loss: 96.6557 +/- 4.4411
INFO:root:Epoch no. 121 of 500 (samples: 99009)
INFO:root:Loss: 94.4124 +/- 2.3814
INFO:root:Epoch no. 122 of 500 (samples: 99009)
INFO:root:Loss: 94.1306 +/- 3.4295
INFO:root:Epoch no. 123 of 500 (samples: 99009)
INFO:root:Loss: 91.8423 +/- 3.5166
INFO:root:Epoch no. 124 of 500 (samples: 99009)
INFO:root:Loss: 91.3805 +/- 4.0
INFO:root:Epoch no. 125 of 500 (samples: 99009)
INFO:root:Loss: 89.8364 +/- 3.8834
INFO:root:Epoch no. 126 of 500 (samples: 99009)
INFO:root:Loss: 87.6244 +/- 3.0271
INFO:root:Epoch no. 127 of 500 (samples: 99009)
INFO:root:Loss: 87.6898 +/- 3.1375
INFO:root:Epoch no. 128 of 500 (samples: 99009)
INFO:root:Loss: 86.0887 +/- 2.5233
INFO:root:Epoch no. 129 of 500 (samples: 99009)
INFO:root:Loss: 85.2075 +/- 3.145
INFO:root:Epoch no. 130 of 500 (samples: 99009)
INFO:root:Loss: 83.9549 +/- 3.9084
INFO:root:Epoch no. 131 of 500 (samples: 99009)
INFO:root:Loss: 82.8589 +/- 3.0456
INFO:root:Epoch no. 132 of 500 (samples: 99009)
INFO:root:Loss: 81.9417 +/- 3.165
INFO:root:Epoch no. 133 of 500 (samples: 99009)
INFO:root:Loss: 80.4089 +/- 2.2129
INFO:root:Epoch no. 134 of 500 (samples: 99009)
INFO:root:Loss: 80.0989 +/- 3.6636
INFO:root:Epoch no. 135 of 500 (samples: 99009)
INFO:root:Loss: 78.5453 +/- 2.879
INFO:root:Epoch no. 136 of 500 (samples: 99009)
INFO:root:Loss: 78.767 +/- 2.3699
INFO:root:Epoch no. 137 of 500 (samples: 99009)
INFO:root:Loss: 77.3247 +/- 2.4422
INFO:root:Epoch no. 138 of 500 (samples: 99009)
INFO:root:Loss: 76.2895 +/- 2.3999
INFO:root:Epoch no. 139 of 500 (samples: 99009)
INFO:root:Loss: 74.9201 +/- 1.6233
INFO:root:Epoch no. 140 of 500 (samples: 99009)
INFO:root:Loss: 74.8208 +/- 2.7876
INFO:root:Epoch no. 141 of 500 (samples: 99009)
INFO:root:Loss: 73.8603 +/- 2.1465
INFO:root:Epoch no. 142 of 500 (samples: 99009)
INFO:root:Loss: 72.9488 +/- 2.5361
INFO:root:Epoch no. 143 of 500 (samples: 99009)
INFO:root:Loss: 72.1022 +/- 2.1124
INFO:root:Epoch no. 144 of 500 (samples: 99009)
INFO:root:Loss: 70.9338 +/- 2.1937
INFO:root:Epoch no. 145 of 500 (samples: 99009)
INFO:root:Loss: 69.9582 +/- 2.9958
INFO:root:Epoch no. 146 of 500 (samples: 99009)
INFO:root:Loss: 69.4047 +/- 2.7218
INFO:root:Epoch no. 147 of 500 (samples: 99009)
INFO:root:Loss: 68.4835 +/- 2.6912
INFO:root:Epoch no. 148 of 500 (samples: 99009)
INFO:root:Loss: 68.5506 +/- 2.1292
INFO:root:Epoch no. 149 of 500 (samples: 99009)
INFO:root:Loss: 66.4149 +/- 2.0457
INFO:root:Epoch no. 150 of 500 (samples: 99009)
INFO:root:Loss: 66.3819 +/- 2.1639
INFO:root:Epoch no. 151 of 500 (samples: 99009)
INFO:root:Loss: 66.1486 +/- 2.0847
INFO:root:Epoch no. 152 of 500 (samples: 99009)
INFO:root:Loss: 64.8347 +/- 2.1495
INFO:root:Epoch no. 153 of 500 (samples: 99009)
INFO:root:Loss: 63.964 +/- 1.7182
INFO:root:Epoch no. 154 of 500 (samples: 99009)
INFO:root:Loss: 63.6192 +/- 1.7229
INFO:root:Epoch no. 155 of 500 (samples: 99009)
INFO:root:Loss: 62.5998 +/- 2.483
INFO:root:Epoch no. 156 of 500 (samples: 99009)
INFO:root:Loss: 62.1231 +/- 2.077
INFO:root:Epoch no. 157 of 500 (samples: 99009)
INFO:root:Loss: 61.0762 +/- 2.3988
INFO:root:Epoch no. 158 of 500 (samples: 99009)
INFO:root:Loss: 60.9498 +/- 2.1107
INFO:root:Epoch no. 159 of 500 (samples: 99009)
INFO:root:Loss: 60.9609 +/- 2.4179
INFO:root:Epoch no. 160 of 500 (samples: 99009)
INFO:root:Loss: 59.3622 +/- 2.4108
INFO:root:Epoch no. 161 of 500 (samples: 99009)
INFO:root:Loss: 58.9751 +/- 1.6253
INFO:root:Epoch no. 162 of 500 (samples: 99009)
INFO:root:Loss: 58.7672 +/- 2.0149
INFO:root:Epoch no. 163 of 500 (samples: 99009)
INFO:root:Loss: 58.2546 +/- 1.6011
INFO:root:Epoch no. 164 of 500 (samples: 99009)
INFO:root:Loss: 57.7664 +/- 1.7267
INFO:root:Epoch no. 165 of 500 (samples: 99009)
INFO:root:Loss: 56.9412 +/- 1.5237
INFO:root:Epoch no. 166 of 500 (samples: 99009)
INFO:root:Loss: 56.3325 +/- 2.6513
INFO:root:Epoch no. 167 of 500 (samples: 99009)
INFO:root:Loss: 56.301 +/- 2.1785
INFO:root:Epoch no. 168 of 500 (samples: 99009)
INFO:root:Loss: 55.4307 +/- 1.1461
INFO:root:Epoch no. 169 of 500 (samples: 99009)
INFO:root:Loss: 55.2535 +/- 1.8892
INFO:root:Epoch no. 170 of 500 (samples: 99009)
INFO:root:Loss: 54.146 +/- 1.3761
INFO:root:Epoch no. 171 of 500 (samples: 99009)
INFO:root:Loss: 54.1683 +/- 1.6744
INFO:root:Epoch no. 172 of 500 (samples: 99009)
INFO:root:Loss: 53.6646 +/- 1.1009
INFO:root:Epoch no. 173 of 500 (samples: 99009)
INFO:root:Loss: 52.7413 +/- 2.2412
INFO:root:Epoch no. 174 of 500 (samples: 99009)
INFO:root:Loss: 53.0851 +/- 2.1099
INFO:root:Epoch no. 175 of 500 (samples: 99009)
INFO:root:Loss: 51.2771 +/- 1.597
INFO:root:Epoch no. 176 of 500 (samples: 99009)
INFO:root:Loss: 51.773 +/- 1.5756
INFO:root:Epoch no. 177 of 500 (samples: 99009)
INFO:root:Loss: 51.2461 +/- 1.7313
INFO:root:Epoch no. 178 of 500 (samples: 99009)
INFO:root:Loss: 51.3036 +/- 2.169
INFO:root:Epoch no. 179 of 500 (samples: 99009)
INFO:root:Loss: 50.7726 +/- 2.464
INFO:root:Epoch no. 180 of 500 (samples: 99009)
INFO:root:Loss: 49.1025 +/- 1.4871
INFO:root:Epoch no. 181 of 500 (samples: 99009)
INFO:root:Loss: 50.0891 +/- 1.9044
INFO:root:Epoch no. 182 of 500 (samples: 99009)
INFO:root:Loss: 49.6436 +/- 1.484
INFO:root:Epoch no. 183 of 500 (samples: 99009)
INFO:root:Loss: 48.3835 +/- 1.3756
INFO:root:Epoch no. 184 of 500 (samples: 99009)
INFO:root:Loss: 48.5871 +/- 1.2083
INFO:root:Epoch no. 185 of 500 (samples: 99009)
INFO:root:Loss: 48.0691 +/- 2.0168
INFO:root:Epoch no. 186 of 500 (samples: 99009)
INFO:root:Loss: 47.6806 +/- 1.9259
INFO:root:Epoch no. 187 of 500 (samples: 99009)
INFO:root:Loss: 47.5145 +/- 1.8051
INFO:root:Epoch no. 188 of 500 (samples: 99009)
INFO:root:Loss: 46.727 +/- 1.4121
INFO:root:Epoch no. 189 of 500 (samples: 99009)
INFO:root:Loss: 46.6571 +/- 1.0038
INFO:root:Epoch no. 190 of 500 (samples: 99009)
INFO:root:Loss: 46.7177 +/- 1.5724
INFO:root:Epoch no. 191 of 500 (samples: 99009)
INFO:root:Loss: 45.9465 +/- 1.4733
INFO:root:Epoch no. 192 of 500 (samples: 99009)
INFO:root:Loss: 45.7818 +/- 1.5802
INFO:root:Epoch no. 193 of 500 (samples: 99009)
INFO:root:Loss: 44.8003 +/- 1.6983
INFO:root:Epoch no. 194 of 500 (samples: 99009)
INFO:root:Loss: 45.566 +/- 2.2628
INFO:root:Epoch no. 195 of 500 (samples: 99009)
INFO:root:Loss: 44.9514 +/- 1.5673
INFO:root:Epoch no. 196 of 500 (samples: 99009)
INFO:root:Loss: 44.0163 +/- 1.4638
INFO:root:Epoch no. 197 of 500 (samples: 99009)
INFO:root:Loss: 44.0402 +/- 1.3077
INFO:root:Epoch no. 198 of 500 (samples: 99009)
INFO:root:Loss: 43.9282 +/- 2.1093
INFO:root:Epoch no. 199 of 500 (samples: 99009)
INFO:root:Loss: 43.6534 +/- 1.5477
INFO:root:Epoch no. 200 of 500 (samples: 99009)
INFO:root:Loss: 42.9353 +/- 1.2415
INFO:root:Epoch no. 201 of 500 (samples: 99009)
INFO:root:Loss: 42.9189 +/- 1.4464
INFO:root:Epoch no. 202 of 500 (samples: 99009)
INFO:root:Loss: 42.6118 +/- 1.1838
INFO:root:Epoch no. 203 of 500 (samples: 99009)
INFO:root:Loss: 42.4894 +/- 1.0711
INFO:root:Epoch no. 204 of 500 (samples: 99009)
INFO:root:Loss: 42.2339 +/- 1.1633
INFO:root:Epoch no. 205 of 500 (samples: 99009)
INFO:root:Loss: 41.4722 +/- 2.1296
INFO:root:Epoch no. 206 of 500 (samples: 99009)
INFO:root:Loss: 40.8804 +/- 1.482
INFO:root:Epoch no. 207 of 500 (samples: 99009)
INFO:root:Loss: 40.515 +/- 1.3445
INFO:root:Epoch no. 208 of 500 (samples: 99009)
INFO:root:Loss: 40.1721 +/- 1.5988
INFO:root:Epoch no. 209 of 500 (samples: 99009)
INFO:root:Loss: 41.3617 +/- 1.218
INFO:root:Epoch no. 210 of 500 (samples: 99009)
INFO:root:Loss: 40.2489 +/- 1.1301
INFO:root:Epoch no. 211 of 500 (samples: 99009)
INFO:root:Loss: 40.9166 +/- 1.1857
INFO:root:Epoch no. 212 of 500 (samples: 99009)
INFO:root:Loss: 39.3243 +/- 0.8388
INFO:root:Epoch no. 213 of 500 (samples: 99009)
INFO:root:Loss: 39.9801 +/- 1.4821
INFO:root:Epoch no. 214 of 500 (samples: 99009)
INFO:root:Loss: 39.1148 +/- 1.3948
INFO:root:Epoch no. 215 of 500 (samples: 99009)
INFO:root:Loss: 39.4109 +/- 1.4017
INFO:root:Epoch no. 216 of 500 (samples: 99009)
INFO:root:Loss: 38.6247 +/- 1.3142
INFO:root:Epoch no. 217 of 500 (samples: 99009)
INFO:root:Loss: 38.382 +/- 0.8569
INFO:root:Epoch no. 218 of 500 (samples: 99009)
INFO:root:Loss: 38.3125 +/- 2.1725
INFO:root:Epoch no. 219 of 500 (samples: 99009)
INFO:root:Loss: 37.8918 +/- 1.2746
INFO:root:Epoch no. 220 of 500 (samples: 99009)
INFO:root:Loss: 37.4606 +/- 1.9411
INFO:root:Epoch no. 221 of 500 (samples: 99009)
INFO:root:Loss: 38.2209 +/- 1.5523
INFO:root:Epoch no. 222 of 500 (samples: 99009)
INFO:root:Loss: 37.4651 +/- 1.398
INFO:root:Epoch no. 223 of 500 (samples: 99009)
INFO:root:Loss: 36.83 +/- 1.5484
INFO:root:Epoch no. 224 of 500 (samples: 99009)
INFO:root:Loss: 37.1451 +/- 1.6456
INFO:root:Epoch no. 225 of 500 (samples: 99009)
INFO:root:Loss: 36.3993 +/- 1.2287
INFO:root:Epoch no. 226 of 500 (samples: 99009)
INFO:root:Loss: 36.3632 +/- 1.2208
INFO:root:Epoch no. 227 of 500 (samples: 99009)
INFO:root:Loss: 36.314 +/- 1.3389
INFO:root:Epoch no. 228 of 500 (samples: 99009)
INFO:root:Loss: 36.1597 +/- 1.9004
INFO:root:Epoch no. 229 of 500 (samples: 99009)
INFO:root:Loss: 36.313 +/- 1.6574
INFO:root:Epoch no. 230 of 500 (samples: 99009)
INFO:root:Loss: 35.8727 +/- 0.8106
INFO:root:Epoch no. 231 of 500 (samples: 99009)
INFO:root:Loss: 35.7813 +/- 1.3377
INFO:root:Epoch no. 232 of 500 (samples: 99009)
INFO:root:Loss: 35.2899 +/- 0.7033
INFO:root:Epoch no. 233 of 500 (samples: 99009)
INFO:root:Loss: 35.3765 +/- 1.1898
INFO:root:Epoch no. 234 of 500 (samples: 99009)
INFO:root:Loss: 35.3125 +/- 0.9504
INFO:root:Epoch no. 235 of 500 (samples: 99009)
INFO:root:Loss: 34.6985 +/- 0.8858
INFO:root:Epoch no. 236 of 500 (samples: 99009)
INFO:root:Loss: 33.898 +/- 1.0874
INFO:root:Epoch no. 237 of 500 (samples: 99009)
INFO:root:Loss: 34.1344 +/- 1.7321
INFO:root:Epoch no. 238 of 500 (samples: 99009)
INFO:root:Loss: 34.0377 +/- 1.0075
INFO:root:Epoch no. 239 of 500 (samples: 99009)
INFO:root:Loss: 33.7408 +/- 1.2222
INFO:root:Epoch no. 240 of 500 (samples: 99009)
INFO:root:Loss: 33.7461 +/- 1.2261
INFO:root:Epoch no. 241 of 500 (samples: 99009)
INFO:root:Loss: 33.737 +/- 1.134
INFO:root:Epoch no. 242 of 500 (samples: 99009)
INFO:root:Loss: 32.9982 +/- 1.23
INFO:root:Epoch no. 243 of 500 (samples: 99009)
INFO:root:Loss: 33.1726 +/- 1.6897
INFO:root:Epoch no. 244 of 500 (samples: 99009)
INFO:root:Loss: 33.1285 +/- 1.0078
INFO:root:Epoch no. 245 of 500 (samples: 99009)
INFO:root:Loss: 33.3124 +/- 1.0594
INFO:root:Epoch no. 246 of 500 (samples: 99009)
INFO:root:Loss: 32.7107 +/- 0.775
INFO:root:Epoch no. 247 of 500 (samples: 99009)
INFO:root:Loss: 32.6924 +/- 1.2089
INFO:root:Epoch no. 248 of 500 (samples: 99009)
INFO:root:Loss: 32.2772 +/- 0.8983
INFO:root:Epoch no. 249 of 500 (samples: 99009)
INFO:root:Loss: 31.9763 +/- 1.1655
INFO:root:Epoch no. 250 of 500 (samples: 99009)
INFO:root:Loss: 32.1041 +/- 1.3863
INFO:root:Epoch no. 251 of 500 (samples: 99009)
INFO:root:Loss: 31.6191 +/- 0.8936
INFO:root:Epoch no. 252 of 500 (samples: 99009)
INFO:root:Loss: 32.0779 +/- 1.3245
INFO:root:Epoch no. 253 of 500 (samples: 99009)
INFO:root:Loss: 31.657 +/- 0.6754
INFO:root:Epoch no. 254 of 500 (samples: 99009)
INFO:root:Loss: 31.5691 +/- 1.3971
INFO:root:Epoch no. 255 of 500 (samples: 99009)
INFO:root:Loss: 30.9649 +/- 1.2434
INFO:root:Epoch no. 256 of 500 (samples: 99009)
INFO:root:Loss: 31.2353 +/- 0.8869
INFO:root:Epoch no. 257 of 500 (samples: 99009)
INFO:root:Loss: 30.8886 +/- 1.4958
INFO:root:Epoch no. 258 of 500 (samples: 99009)
INFO:root:Loss: 30.8931 +/- 1.7214
INFO:root:Epoch no. 259 of 500 (samples: 99009)
INFO:root:Loss: 30.6033 +/- 1.1738
INFO:root:Epoch no. 260 of 500 (samples: 99009)
INFO:root:Loss: 30.2409 +/- 1.4041
INFO:root:Epoch no. 261 of 500 (samples: 99009)
INFO:root:Loss: 30.4984 +/- 1.3068
INFO:root:Epoch no. 262 of 500 (samples: 99009)
INFO:root:Loss: 30.1013 +/- 1.396
INFO:root:Epoch no. 263 of 500 (samples: 99009)
INFO:root:Loss: 30.5983 +/- 0.9857
INFO:root:Epoch no. 264 of 500 (samples: 99009)
INFO:root:Loss: 29.849 +/- 1.2427
INFO:root:Epoch no. 265 of 500 (samples: 99009)
INFO:root:Loss: 29.6373 +/- 0.8187
INFO:root:Epoch no. 266 of 500 (samples: 99009)
INFO:root:Loss: 29.3881 +/- 1.1112
INFO:root:Epoch no. 267 of 500 (samples: 99009)
INFO:root:Loss: 29.222 +/- 0.8766
INFO:root:Epoch no. 268 of 500 (samples: 99009)
INFO:root:Loss: 29.0691 +/- 1.2663
INFO:root:Epoch no. 269 of 500 (samples: 99009)
INFO:root:Loss: 28.8813 +/- 1.6147
INFO:root:Epoch no. 270 of 500 (samples: 99009)
INFO:root:Loss: 30.1143 +/- 1.5682
INFO:root:Epoch no. 271 of 500 (samples: 99009)
INFO:root:Loss: 28.31 +/- 1.3204
INFO:root:Epoch no. 272 of 500 (samples: 99009)
INFO:root:Loss: 28.6908 +/- 1.0502
INFO:root:Epoch no. 273 of 500 (samples: 99009)
INFO:root:Loss: 28.6357 +/- 1.8141
INFO:root:Epoch no. 274 of 500 (samples: 99009)
INFO:root:Loss: 28.423 +/- 1.6477
INFO:root:Epoch no. 275 of 500 (samples: 99009)
INFO:root:Loss: 28.4022 +/- 1.0932
INFO:root:Epoch no. 276 of 500 (samples: 99009)
INFO:root:Loss: 28.7424 +/- 1.2124
INFO:root:Epoch no. 277 of 500 (samples: 99009)
INFO:root:Loss: 28.4644 +/- 1.1604
INFO:root:Epoch no. 278 of 500 (samples: 99009)
INFO:root:Loss: 28.6644 +/- 1.4859
INFO:root:Epoch no. 279 of 500 (samples: 99009)
INFO:root:Loss: 28.1965 +/- 1.3889
INFO:root:Epoch no. 280 of 500 (samples: 99009)
INFO:root:Loss: 27.1107 +/- 1.2289
INFO:root:Epoch no. 281 of 500 (samples: 99009)
INFO:root:Loss: 27.5641 +/- 1.2683
INFO:root:Epoch no. 282 of 500 (samples: 99009)
INFO:root:Loss: 27.4001 +/- 1.0194
INFO:root:Epoch no. 283 of 500 (samples: 99009)
INFO:root:Loss: 27.1984 +/- 0.5762
INFO:root:Epoch no. 284 of 500 (samples: 99009)
INFO:root:Loss: 27.1109 +/- 0.9705
INFO:root:Epoch no. 285 of 500 (samples: 99009)
INFO:root:Loss: 27.0457 +/- 0.9436
INFO:root:Epoch no. 286 of 500 (samples: 99009)
INFO:root:Loss: 27.5499 +/- 0.8573
INFO:root:Epoch no. 287 of 500 (samples: 99009)
INFO:root:Loss: 26.8644 +/- 0.9897
INFO:root:Epoch no. 288 of 500 (samples: 99009)
INFO:root:Loss: 27.2369 +/- 1.9996
INFO:root:Epoch no. 289 of 500 (samples: 99009)
INFO:root:Loss: 26.3356 +/- 0.8269
INFO:root:Epoch no. 290 of 500 (samples: 99009)
INFO:root:Loss: 27.2762 +/- 1.355
INFO:root:Epoch no. 291 of 500 (samples: 99009)
INFO:root:Loss: 26.6275 +/- 0.754
INFO:root:Epoch no. 292 of 500 (samples: 99009)
INFO:root:Loss: 26.7449 +/- 0.9754
INFO:root:Epoch no. 293 of 500 (samples: 99009)
INFO:root:Loss: 26.1616 +/- 1.3308
INFO:root:Epoch no. 294 of 500 (samples: 99009)
INFO:root:Loss: 26.2738 +/- 1.1057
INFO:root:Epoch no. 295 of 500 (samples: 99009)
INFO:root:Loss: 25.9159 +/- 1.2971
INFO:root:Epoch no. 296 of 500 (samples: 99009)
INFO:root:Loss: 26.3977 +/- 1.1564
INFO:root:Epoch no. 297 of 500 (samples: 99009)
INFO:root:Loss: 25.78 +/- 0.831
INFO:root:Epoch no. 298 of 500 (samples: 99009)
INFO:root:Loss: 25.6781 +/- 1.0329
INFO:root:Epoch no. 299 of 500 (samples: 99009)
INFO:root:Loss: 25.8035 +/- 1.0519
INFO:root:Epoch no. 300 of 500 (samples: 99009)
INFO:root:Loss: 25.3272 +/- 1.0933
INFO:root:Epoch no. 301 of 500 (samples: 99009)
INFO:root:Loss: 25.6068 +/- 1.1336
INFO:root:Epoch no. 302 of 500 (samples: 99009)
INFO:root:Loss: 25.6511 +/- 1.1212
INFO:root:Epoch no. 303 of 500 (samples: 99009)
INFO:root:Loss: 25.8434 +/- 0.871
INFO:root:Epoch no. 304 of 500 (samples: 99009)
INFO:root:Loss: 25.2686 +/- 1.4606
INFO:root:Epoch no. 305 of 500 (samples: 99009)
INFO:root:Loss: 26.2456 +/- 1.0966
INFO:root:Epoch no. 306 of 500 (samples: 99009)
INFO:root:Loss: 25.1624 +/- 1.4335
INFO:root:Epoch no. 307 of 500 (samples: 99009)
INFO:root:Loss: 25.2699 +/- 1.1433
INFO:root:Epoch no. 308 of 500 (samples: 99009)
INFO:root:Loss: 24.6836 +/- 1.2225
INFO:root:Epoch no. 309 of 500 (samples: 99009)
INFO:root:Loss: 24.0396 +/- 0.6942
INFO:root:Epoch no. 310 of 500 (samples: 99009)
INFO:root:Loss: 24.5518 +/- 0.828
INFO:root:Epoch no. 311 of 500 (samples: 99009)
INFO:root:Loss: 24.6858 +/- 0.6675
INFO:root:Epoch no. 312 of 500 (samples: 99009)
INFO:root:Loss: 24.4379 +/- 0.9054
INFO:root:Epoch no. 313 of 500 (samples: 99009)
INFO:root:Loss: 24.3486 +/- 1.1907
INFO:root:Epoch no. 314 of 500 (samples: 99009)
INFO:root:Loss: 24.4998 +/- 1.2319
INFO:root:Epoch no. 315 of 500 (samples: 99009)
INFO:root:Loss: 24.2106 +/- 1.0446
INFO:root:Epoch no. 316 of 500 (samples: 99009)
INFO:root:Loss: 24.0517 +/- 0.8366
INFO:root:Epoch no. 317 of 500 (samples: 99009)
INFO:root:Loss: 23.7128 +/- 0.7923
INFO:root:Epoch no. 318 of 500 (samples: 99009)
INFO:root:Loss: 24.0027 +/- 1.3481
INFO:root:Epoch no. 319 of 500 (samples: 99009)
INFO:root:Loss: 23.4565 +/- 0.8247
INFO:root:Epoch no. 320 of 500 (samples: 99009)
INFO:root:Loss: 23.6127 +/- 0.8477
INFO:root:Epoch no. 321 of 500 (samples: 99009)
INFO:root:Loss: 23.9357 +/- 0.815
INFO:root:Epoch no. 322 of 500 (samples: 99009)
INFO:root:Loss: 23.5809 +/- 0.7993
INFO:root:Epoch no. 323 of 500 (samples: 99009)
INFO:root:Loss: 23.018 +/- 1.1106
INFO:root:Epoch no. 324 of 500 (samples: 99009)
INFO:root:Loss: 23.6133 +/- 0.7973
INFO:root:Epoch no. 325 of 500 (samples: 99009)
INFO:root:Loss: 23.5875 +/- 0.8467
INFO:root:Epoch no. 326 of 500 (samples: 99009)
INFO:root:Loss: 23.2553 +/- 0.697
INFO:root:Epoch no. 327 of 500 (samples: 99009)
INFO:root:Loss: 23.3102 +/- 0.746
INFO:root:Epoch no. 328 of 500 (samples: 99009)
INFO:root:Loss: 23.3248 +/- 1.0145
INFO:root:Epoch no. 329 of 500 (samples: 99009)
INFO:root:Loss: 22.5922 +/- 0.7769
INFO:root:Epoch no. 330 of 500 (samples: 99009)
INFO:root:Loss: 23.0711 +/- 1.2958
INFO:root:Epoch no. 331 of 500 (samples: 99009)
INFO:root:Loss: 22.8108 +/- 1.2029
INFO:root:Epoch no. 332 of 500 (samples: 99009)
INFO:root:Loss: 23.2718 +/- 0.798
INFO:root:Epoch no. 333 of 500 (samples: 99009)
INFO:root:Loss: 23.0219 +/- 0.6695
INFO:root:Epoch no. 334 of 500 (samples: 99009)
INFO:root:Loss: 22.2689 +/- 1.1894
INFO:root:Epoch no. 335 of 500 (samples: 99009)
INFO:root:Loss: 22.9877 +/- 1.0981
INFO:root:Epoch no. 336 of 500 (samples: 99009)
INFO:root:Loss: 22.9367 +/- 0.9957
INFO:root:Epoch no. 337 of 500 (samples: 99009)
INFO:root:Loss: 22.2212 +/- 1.0645
INFO:root:Epoch no. 338 of 500 (samples: 99009)
INFO:root:Loss: 22.0321 +/- 1.2076
INFO:root:Epoch no. 339 of 500 (samples: 99009)
INFO:root:Loss: 22.0516 +/- 1.0503
INFO:root:Epoch no. 340 of 500 (samples: 99009)
INFO:root:Loss: 22.0568 +/- 0.7453
INFO:root:Epoch no. 341 of 500 (samples: 99009)
INFO:root:Loss: 22.0159 +/- 0.8239
INFO:root:Epoch no. 342 of 500 (samples: 99009)
INFO:root:Loss: 21.7188 +/- 1.0238
INFO:root:Epoch no. 343 of 500 (samples: 99009)
INFO:root:Loss: 22.035 +/- 0.7183
INFO:root:Epoch no. 344 of 500 (samples: 99009)
INFO:root:Loss: 22.66 +/- 0.8338
INFO:root:Epoch no. 345 of 500 (samples: 99009)
INFO:root:Loss: 21.6158 +/- 0.8944
INFO:root:Epoch no. 346 of 500 (samples: 99009)
INFO:root:Loss: 21.3974 +/- 0.5986
INFO:root:Epoch no. 347 of 500 (samples: 99009)
INFO:root:Loss: 21.1685 +/- 0.9398
INFO:root:Epoch no. 348 of 500 (samples: 99009)
INFO:root:Loss: 21.208 +/- 0.9303
INFO:root:Epoch no. 349 of 500 (samples: 99009)
INFO:root:Loss: 22.2816 +/- 0.995
INFO:root:Epoch no. 350 of 500 (samples: 99009)
INFO:root:Loss: 21.3383 +/- 1.113
INFO:root:Epoch no. 351 of 500 (samples: 99009)
INFO:root:Loss: 21.802 +/- 1.6095
INFO:root:Epoch no. 352 of 500 (samples: 99009)
INFO:root:Loss: 20.907 +/- 0.6964
INFO:root:Epoch no. 353 of 500 (samples: 99009)
INFO:root:Loss: 21.7046 +/- 0.9663
INFO:root:Epoch no. 354 of 500 (samples: 99009)
INFO:root:Loss: 20.635 +/- 1.1049
INFO:root:Epoch no. 355 of 500 (samples: 99009)
INFO:root:Loss: 21.1422 +/- 0.646
INFO:root:Epoch no. 356 of 500 (samples: 99009)
INFO:root:Loss: 21.9017 +/- 1.1807
INFO:root:Epoch no. 357 of 500 (samples: 99009)
INFO:root:Loss: 21.5796 +/- 1.4775
INFO:root:Epoch no. 358 of 500 (samples: 99009)
INFO:root:Loss: 21.206 +/- 0.8407
INFO:root:Epoch no. 359 of 500 (samples: 99009)
INFO:root:Loss: 21.5513 +/- 0.745
INFO:root:Epoch no. 360 of 500 (samples: 99009)
INFO:root:Loss: 20.9177 +/- 1.0876
INFO:root:Epoch no. 361 of 500 (samples: 99009)
INFO:root:Loss: 21.2262 +/- 0.74
INFO:root:Epoch no. 362 of 500 (samples: 99009)
INFO:root:Loss: 20.8922 +/- 0.9588
INFO:root:Epoch no. 363 of 500 (samples: 99009)
INFO:root:Loss: 21.1628 +/- 0.9716
INFO:root:Epoch no. 364 of 500 (samples: 99009)
INFO:root:Loss: 21.538 +/- 1.3672
INFO:root:Epoch no. 365 of 500 (samples: 99009)
INFO:root:Loss: 20.9169 +/- 1.1781
INFO:root:Epoch no. 366 of 500 (samples: 99009)
INFO:root:Loss: 20.7199 +/- 0.8267
INFO:root:Epoch no. 367 of 500 (samples: 99009)
INFO:root:Loss: 20.0785 +/- 0.7406
INFO:root:Epoch no. 368 of 500 (samples: 99009)
INFO:root:Loss: 20.4907 +/- 0.7821
INFO:root:Epoch no. 369 of 500 (samples: 99009)
INFO:root:Loss: 20.5681 +/- 0.7906
INFO:root:Epoch no. 370 of 500 (samples: 99009)
INFO:root:Loss: 20.302 +/- 0.6309
INFO:root:Epoch no. 371 of 500 (samples: 99009)
INFO:root:Loss: 21.2251 +/- 1.3685
INFO:root:Epoch no. 372 of 500 (samples: 99009)
INFO:root:Loss: 20.2426 +/- 0.8416
INFO:root:Epoch no. 373 of 500 (samples: 99009)
INFO:root:Loss: 20.0286 +/- 0.5116
INFO:root:Epoch no. 374 of 500 (samples: 99009)
INFO:root:Loss: 19.9751 +/- 0.7424
INFO:root:Epoch no. 375 of 500 (samples: 99009)
INFO:root:Loss: 19.8982 +/- 0.8777
INFO:root:Epoch no. 376 of 500 (samples: 99009)
INFO:root:Loss: 19.7338 +/- 1.1703
INFO:root:Epoch no. 377 of 500 (samples: 99009)
INFO:root:Loss: 20.3863 +/- 1.3485
INFO:root:Epoch no. 378 of 500 (samples: 99009)
INFO:root:Loss: 19.7647 +/- 0.9634
INFO:root:Epoch no. 379 of 500 (samples: 99009)
INFO:root:Loss: 19.9833 +/- 0.9027
INFO:root:Epoch no. 380 of 500 (samples: 99009)
INFO:root:Loss: 19.6271 +/- 0.8892
INFO:root:Epoch no. 381 of 500 (samples: 99009)
INFO:root:Loss: 20.0349 +/- 0.9098
INFO:root:Epoch no. 382 of 500 (samples: 99009)
INFO:root:Loss: 20.06 +/- 0.5504
INFO:root:Epoch no. 383 of 500 (samples: 99009)
INFO:root:Loss: 19.7528 +/- 1.0897
INFO:root:Epoch no. 384 of 500 (samples: 99009)
INFO:root:Loss: 19.3942 +/- 1.1079
INFO:root:Epoch no. 385 of 500 (samples: 99009)
INFO:root:Loss: 19.5107 +/- 0.9983
INFO:root:Epoch no. 386 of 500 (samples: 99009)
INFO:root:Loss: 19.002 +/- 0.8282
INFO:root:Epoch no. 387 of 500 (samples: 99009)
INFO:root:Loss: 19.669 +/- 0.8504
INFO:root:Epoch no. 388 of 500 (samples: 99009)
INFO:root:Loss: 19.3736 +/- 0.6801
INFO:root:Epoch no. 389 of 500 (samples: 99009)
INFO:root:Loss: 19.2576 +/- 1.0513
INFO:root:Epoch no. 390 of 500 (samples: 99009)
INFO:root:Loss: 19.0849 +/- 0.9202
INFO:root:Epoch no. 391 of 500 (samples: 99009)
INFO:root:Loss: 19.0602 +/- 1.1481
INFO:root:Epoch no. 392 of 500 (samples: 99009)
INFO:root:Loss: 19.051 +/- 0.9988
INFO:root:Epoch no. 393 of 500 (samples: 99009)
INFO:root:Loss: 18.8951 +/- 1.2802
INFO:root:Epoch no. 394 of 500 (samples: 99009)
INFO:root:Loss: 19.3054 +/- 0.9924
INFO:root:Epoch no. 395 of 500 (samples: 99009)
INFO:root:Loss: 18.9328 +/- 1.2435
INFO:root:Epoch no. 396 of 500 (samples: 99009)
INFO:root:Loss: 19.0884 +/- 0.5399
INFO:root:Epoch no. 397 of 500 (samples: 99009)
INFO:root:Loss: 18.8519 +/- 1.1277
INFO:root:Epoch no. 398 of 500 (samples: 99009)
INFO:root:Loss: 18.7332 +/- 0.8373
INFO:root:Epoch no. 399 of 500 (samples: 99009)
INFO:root:Loss: 18.6967 +/- 0.7618
INFO:root:Epoch no. 400 of 500 (samples: 99009)
INFO:root:Loss: 19.2417 +/- 0.8998
INFO:root:Epoch no. 401 of 500 (samples: 99009)
INFO:root:Loss: 18.0761 +/- 0.6918
INFO:root:Epoch no. 402 of 500 (samples: 99009)
INFO:root:Loss: 18.6565 +/- 1.3323
INFO:root:Epoch no. 403 of 500 (samples: 99009)
INFO:root:Loss: 18.8274 +/- 1.3271
INFO:root:Epoch no. 404 of 500 (samples: 99009)
INFO:root:Loss: 18.5183 +/- 0.8769
INFO:root:Epoch no. 405 of 500 (samples: 99009)
INFO:root:Loss: 18.1399 +/- 0.8638
INFO:root:Epoch no. 406 of 500 (samples: 99009)
INFO:root:Loss: 18.5571 +/- 0.7125
INFO:root:Epoch no. 407 of 500 (samples: 99009)
INFO:root:Loss: 18.1139 +/- 0.9872
INFO:root:Epoch no. 408 of 500 (samples: 99009)
INFO:root:Loss: 18.4267 +/- 1.2823
INFO:root:Epoch no. 409 of 500 (samples: 99009)
INFO:root:Loss: 18.1924 +/- 0.8414
INFO:root:Epoch no. 410 of 500 (samples: 99009)
INFO:root:Loss: 18.3962 +/- 0.9024
INFO:root:Epoch no. 411 of 500 (samples: 99009)
INFO:root:Loss: 18.1825 +/- 1.3675
INFO:root:Epoch no. 412 of 500 (samples: 99009)
INFO:root:Loss: 18.0092 +/- 0.491
INFO:root:Epoch no. 413 of 500 (samples: 99009)
INFO:root:Loss: 18.0374 +/- 1.0125
INFO:root:Epoch no. 414 of 500 (samples: 99009)
INFO:root:Loss: 18.3146 +/- 0.697
INFO:root:Epoch no. 415 of 500 (samples: 99009)
INFO:root:Loss: 18.2429 +/- 0.8034
INFO:root:Epoch no. 416 of 500 (samples: 99009)
INFO:root:Loss: 17.4152 +/- 0.7294
INFO:root:Epoch no. 417 of 500 (samples: 99009)
INFO:root:Loss: 17.8116 +/- 0.9348
INFO:root:Epoch no. 418 of 500 (samples: 99009)
INFO:root:Loss: 17.6257 +/- 1.1403
INFO:root:Epoch no. 419 of 500 (samples: 99009)
INFO:root:Loss: 18.0079 +/- 0.6234
INFO:root:Epoch no. 420 of 500 (samples: 99009)
INFO:root:Loss: 18.158 +/- 1.1522
INFO:root:Epoch no. 421 of 500 (samples: 99009)
INFO:root:Loss: 18.0432 +/- 0.6424
INFO:root:Epoch no. 422 of 500 (samples: 99009)
INFO:root:Loss: 17.4884 +/- 0.8146
INFO:root:Epoch no. 423 of 500 (samples: 99009)
INFO:root:Loss: 18.0305 +/- 0.995
INFO:root:Epoch no. 424 of 500 (samples: 99009)
INFO:root:Loss: 17.2737 +/- 0.4593
INFO:root:Epoch no. 425 of 500 (samples: 99009)
INFO:root:Loss: 17.808 +/- 0.948
INFO:root:Epoch no. 426 of 500 (samples: 99009)
INFO:root:Loss: 17.6021 +/- 0.7526
INFO:root:Epoch no. 427 of 500 (samples: 99009)
INFO:root:Loss: 17.804 +/- 0.8402
INFO:root:Epoch no. 428 of 500 (samples: 99009)
INFO:root:Loss: 17.5786 +/- 1.2724
INFO:root:Epoch no. 429 of 500 (samples: 99009)
INFO:root:Loss: 17.581 +/- 0.7513
INFO:root:Epoch no. 430 of 500 (samples: 99009)
INFO:root:Loss: 17.4954 +/- 1.1161
INFO:root:Epoch no. 431 of 500 (samples: 99009)
INFO:root:Loss: 17.2646 +/- 0.7886
INFO:root:Epoch no. 432 of 500 (samples: 99009)
INFO:root:Loss: 17.3467 +/- 1.4008
INFO:root:Epoch no. 433 of 500 (samples: 99009)
INFO:root:Loss: 17.1643 +/- 1.1487
INFO:root:Epoch no. 434 of 500 (samples: 99009)
INFO:root:Loss: 17.1931 +/- 1.1726
INFO:root:Epoch no. 435 of 500 (samples: 99009)
INFO:root:Loss: 17.8088 +/- 0.8283
INFO:root:Epoch no. 436 of 500 (samples: 99009)
INFO:root:Loss: 17.1541 +/- 0.8878
INFO:root:Epoch no. 437 of 500 (samples: 99009)
INFO:root:Loss: 17.2035 +/- 0.5551
INFO:root:Epoch no. 438 of 500 (samples: 99009)
INFO:root:Loss: 17.4034 +/- 1.0551
INFO:root:Epoch no. 439 of 500 (samples: 99009)
INFO:root:Loss: 17.4058 +/- 0.7318
INFO:root:Epoch no. 440 of 500 (samples: 99009)
INFO:root:Loss: 16.8141 +/- 1.0586
INFO:root:Epoch no. 441 of 500 (samples: 99009)
INFO:root:Loss: 17.4288 +/- 0.774
INFO:root:Epoch no. 442 of 500 (samples: 99009)
INFO:root:Loss: 16.8842 +/- 1.1489
INFO:root:Epoch no. 443 of 500 (samples: 99009)
INFO:root:Loss: 16.9752 +/- 0.6018
INFO:root:Epoch no. 444 of 500 (samples: 99009)
INFO:root:Loss: 16.629 +/- 0.7456
INFO:root:Epoch no. 445 of 500 (samples: 99009)
INFO:root:Loss: 17.0664 +/- 0.7206
INFO:root:Epoch no. 446 of 500 (samples: 99009)
INFO:root:Loss: 16.9441 +/- 1.0679
INFO:root:Epoch no. 447 of 500 (samples: 99009)
INFO:root:Loss: 16.5028 +/- 1.1285
INFO:root:Epoch no. 448 of 500 (samples: 99009)
INFO:root:Loss: 16.5087 +/- 0.9785
INFO:root:Epoch no. 449 of 500 (samples: 99009)
INFO:root:Loss: 16.9972 +/- 0.9094
INFO:root:Epoch no. 450 of 500 (samples: 99009)
INFO:root:Loss: 16.4513 +/- 0.8845
INFO:root:Epoch no. 451 of 500 (samples: 99009)
INFO:root:Loss: 16.682 +/- 0.9053
INFO:root:Epoch no. 452 of 500 (samples: 99009)
INFO:root:Loss: 16.953 +/- 0.9249
INFO:root:Epoch no. 453 of 500 (samples: 99009)
INFO:root:Loss: 16.6855 +/- 1.2036
INFO:root:Epoch no. 454 of 500 (samples: 99009)
INFO:root:Loss: 16.2545 +/- 0.9297
INFO:root:Epoch no. 455 of 500 (samples: 99009)
INFO:root:Loss: 16.6372 +/- 0.9576
INFO:root:Epoch no. 456 of 500 (samples: 99009)
INFO:root:Loss: 16.3059 +/- 0.7948
INFO:root:Epoch no. 457 of 500 (samples: 99009)
INFO:root:Loss: 16.6386 +/- 1.0082
INFO:root:Epoch no. 458 of 500 (samples: 99009)
INFO:root:Loss: 16.2421 +/- 1.1601
INFO:root:Epoch no. 459 of 500 (samples: 99009)
INFO:root:Loss: 16.1198 +/- 1.1746
INFO:root:Epoch no. 460 of 500 (samples: 99009)
INFO:root:Loss: 16.1028 +/- 1.0674
INFO:root:Epoch no. 461 of 500 (samples: 99009)
INFO:root:Loss: 16.0316 +/- 0.9093
INFO:root:Epoch no. 462 of 500 (samples: 99009)
INFO:root:Loss: 16.4259 +/- 1.1761
INFO:root:Epoch no. 463 of 500 (samples: 99009)
INFO:root:Loss: 16.6047 +/- 0.595
INFO:root:Epoch no. 464 of 500 (samples: 99009)
INFO:root:Loss: 16.5479 +/- 0.7832
INFO:root:Epoch no. 465 of 500 (samples: 99009)
INFO:root:Loss: 16.4236 +/- 0.8097
INFO:root:Epoch no. 466 of 500 (samples: 99009)
INFO:root:Loss: 15.9173 +/- 0.7538
INFO:root:Epoch no. 467 of 500 (samples: 99009)
INFO:root:Loss: 16.7789 +/- 1.055
INFO:root:Epoch no. 468 of 500 (samples: 99009)
INFO:root:Loss: 16.028 +/- 1.0088
INFO:root:Epoch no. 469 of 500 (samples: 99009)
INFO:root:Loss: 16.0871 +/- 0.5919
INFO:root:Epoch no. 470 of 500 (samples: 99009)
INFO:root:Loss: 15.7287 +/- 1.0302
INFO:root:Epoch no. 471 of 500 (samples: 99009)
INFO:root:Loss: 16.0126 +/- 1.2498
INFO:root:Epoch no. 472 of 500 (samples: 99009)
INFO:root:Loss: 15.7498 +/- 1.0346
INFO:root:Epoch no. 473 of 500 (samples: 99009)
INFO:root:Loss: 15.8889 +/- 1.0707
INFO:root:Epoch no. 474 of 500 (samples: 99009)
INFO:root:Loss: 16.3386 +/- 0.7348
INFO:root:Epoch no. 475 of 500 (samples: 99009)
INFO:root:Loss: 15.4684 +/- 0.73
INFO:root:Epoch no. 476 of 500 (samples: 99009)
INFO:root:Loss: 15.6815 +/- 1.0928
INFO:root:Epoch no. 477 of 500 (samples: 99009)
INFO:root:Loss: 15.6786 +/- 0.956
INFO:root:Epoch no. 478 of 500 (samples: 99009)
INFO:root:Loss: 16.0787 +/- 0.8577
INFO:root:Epoch no. 479 of 500 (samples: 99009)
INFO:root:Loss: 15.7589 +/- 0.7994
INFO:root:Epoch no. 480 of 500 (samples: 99009)
INFO:root:Loss: 15.7438 +/- 0.7731
INFO:root:Epoch no. 481 of 500 (samples: 99009)
INFO:root:Loss: 14.9648 +/- 0.8121
INFO:root:Epoch no. 482 of 500 (samples: 99009)
INFO:root:Loss: 15.1166 +/- 0.6787
INFO:root:Epoch no. 483 of 500 (samples: 99009)
INFO:root:Loss: 15.773 +/- 1.0807
INFO:root:Epoch no. 484 of 500 (samples: 99009)
INFO:root:Loss: 15.1878 +/- 0.7797
INFO:root:Epoch no. 485 of 500 (samples: 99009)
INFO:root:Loss: 15.0479 +/- 0.4955
INFO:root:Epoch no. 486 of 500 (samples: 99009)
INFO:root:Loss: 15.6553 +/- 0.482
INFO:root:Epoch no. 487 of 500 (samples: 99009)
INFO:root:Loss: 15.5282 +/- 0.4535
INFO:root:Epoch no. 488 of 500 (samples: 99009)
INFO:root:Loss: 15.2033 +/- 0.4084
INFO:root:Epoch no. 489 of 500 (samples: 99009)
INFO:root:Loss: 15.6952 +/- 1.1827
INFO:root:Epoch no. 490 of 500 (samples: 99009)
INFO:root:Loss: 15.2792 +/- 0.9951
INFO:root:Epoch no. 491 of 500 (samples: 99009)
INFO:root:Loss: 15.2082 +/- 0.5905
INFO:root:Epoch no. 492 of 500 (samples: 99009)
INFO:root:Loss: 15.1165 +/- 1.01
INFO:root:Epoch no. 493 of 500 (samples: 99009)
INFO:root:Loss: 15.2742 +/- 0.9193
INFO:root:Epoch no. 494 of 500 (samples: 99009)
INFO:root:Loss: 15.1632 +/- 1.2014
INFO:root:Epoch no. 495 of 500 (samples: 99009)
INFO:root:Loss: 15.2092 +/- 0.5404
INFO:root:Epoch no. 496 of 500 (samples: 99009)
INFO:root:Loss: 14.8797 +/- 1.2095
INFO:root:Epoch no. 497 of 500 (samples: 99009)
INFO:root:Loss: 14.9314 +/- 0.5524
INFO:root:Epoch no. 498 of 500 (samples: 99009)
INFO:root:Loss: 14.9551 +/- 0.7504
INFO:root:Epoch no. 499 of 500 (samples: 99009)
INFO:root:Loss: 15.0785 +/- 1.3105
INFO:root:Epoch no. 500 of 500 (samples: 99009)
INFO:root:Loss: 15.1663 +/- 0.9602
/usr/local/lib/python3.5/dist-packages/keras/backend/theano_backend.py:527: UserWarning: theano.function was asked to create a function computing outputs given certain inputs, but the provided input variable at index 2 is not part of the computational graph needed to compute the outputs: keras_learning_phase.
To make this warning into an error, you can pass the parameter on_unused_input='raise' to theano.function. To disable it completely, use on_unused_input='ignore'.
  **kwargs)
INFO:root:### MICRO (validation raw):
INFO:root:	-- left   >> mean: 2977.2792, median: 4.0, mrr: 0.421, hits@1: 31.64%
INFO:root:	-- right  >> mean: 2979.1482, median: 4.0, mrr: 0.409, hits@1: 29.9%
INFO:root:	-- global >> mean: 2978.2137, median: 4.0, mrr: 0.415, hits@1: 30.77%
INFO:root:### MICRO (validation raw):
INFO:root:	-- left   >> mean: 2977.2792, median: 4.0, mrr: 0.421, hits@3: 49.2%
INFO:root:	-- right  >> mean: 2979.1482, median: 4.0, mrr: 0.409, hits@3: 48.1%
INFO:root:	-- global >> mean: 2978.2137, median: 4.0, mrr: 0.415, hits@3: 48.65%
INFO:root:### MICRO (validation raw):
INFO:root:	-- left   >> mean: 2977.2792, median: 4.0, mrr: 0.421, hits@5: 54.68%
INFO:root:	-- right  >> mean: 2979.1482, median: 4.0, mrr: 0.409, hits@5: 54.42%
INFO:root:	-- global >> mean: 2978.2137, median: 4.0, mrr: 0.415, hits@5: 54.55%
INFO:root:### MICRO (validation raw):
INFO:root:	-- left   >> mean: 2977.2792, median: 4.0, mrr: 0.421, hits@10: 61.06%
INFO:root:	-- right  >> mean: 2979.1482, median: 4.0, mrr: 0.409, hits@10: 61.14%
INFO:root:	-- global >> mean: 2978.2137, median: 4.0, mrr: 0.415, hits@10: 61.1%
INFO:root:### MICRO (validation filtered):
INFO:root:	-- left   >> mean: 2968.5758, median: 2.0, mrr: 0.519, hits@1: 42.96%
INFO:root:	-- right  >> mean: 2970.0132, median: 2.0, mrr: 0.512, hits@1: 42.16%
INFO:root:	-- global >> mean: 2969.2945, median: 2.0, mrr: 0.516, hits@1: 42.56%
INFO:root:### MICRO (validation filtered):
INFO:root:	-- left   >> mean: 2968.5758, median: 2.0, mrr: 0.519, hits@3: 58.46%
INFO:root:	-- right  >> mean: 2970.0132, median: 2.0, mrr: 0.512, hits@3: 57.72%
INFO:root:	-- global >> mean: 2969.2945, median: 2.0, mrr: 0.516, hits@3: 58.09%
INFO:root:### MICRO (validation filtered):
INFO:root:	-- left   >> mean: 2968.5758, median: 2.0, mrr: 0.519, hits@5: 62.04%
INFO:root:	-- right  >> mean: 2970.0132, median: 2.0, mrr: 0.512, hits@5: 61.78%
INFO:root:	-- global >> mean: 2969.2945, median: 2.0, mrr: 0.516, hits@5: 61.91%
INFO:root:### MICRO (validation filtered):
INFO:root:	-- left   >> mean: 2968.5758, median: 2.0, mrr: 0.519, hits@10: 66.38%
INFO:root:	-- right  >> mean: 2970.0132, median: 2.0, mrr: 0.512, hits@10: 66.6%
INFO:root:	-- global >> mean: 2969.2945, median: 2.0, mrr: 0.516, hits@10: 66.49%
INFO:root:### MICRO (test raw):
INFO:root:	-- left   >> mean: 2808.7616, median: 4.0, mrr: 0.415, hits@1: 30.62%
INFO:root:	-- right  >> mean: 2810.7104, median: 4.0, mrr: 0.426, hits@1: 31.74%
INFO:root:	-- global >> mean: 2809.736, median: 4.0, mrr: 0.421, hits@1: 31.18%
INFO:root:### MICRO (test raw):
INFO:root:	-- left   >> mean: 2808.7616, median: 4.0, mrr: 0.415, hits@3: 48.42%
INFO:root:	-- right  >> mean: 2810.7104, median: 4.0, mrr: 0.426, hits@3: 49.66%
INFO:root:	-- global >> mean: 2809.736, median: 4.0, mrr: 0.421, hits@3: 49.04%
INFO:root:### MICRO (test raw):
INFO:root:	-- left   >> mean: 2808.7616, median: 4.0, mrr: 0.415, hits@5: 55.16%
INFO:root:	-- right  >> mean: 2810.7104, median: 4.0, mrr: 0.426, hits@5: 56.32%
INFO:root:	-- global >> mean: 2809.736, median: 4.0, mrr: 0.421, hits@5: 55.74%
INFO:root:### MICRO (test raw):
INFO:root:	-- left   >> mean: 2808.7616, median: 4.0, mrr: 0.415, hits@10: 61.7%
INFO:root:	-- right  >> mean: 2810.7104, median: 4.0, mrr: 0.426, hits@10: 62.32%
INFO:root:	-- global >> mean: 2809.736, median: 4.0, mrr: 0.421, hits@10: 62.01%
INFO:root:### MICRO (test filtered):
INFO:root:	-- left   >> mean: 2799.4162, median: 2.0, mrr: 0.522, hits@1: 43.12%
INFO:root:	-- right  >> mean: 2801.866, median: 2.0, mrr: 0.526, hits@1: 43.9%
INFO:root:	-- global >> mean: 2800.6411, median: 2.0, mrr: 0.524, hits@1: 43.51%
INFO:root:### MICRO (test filtered):
INFO:root:	-- left   >> mean: 2799.4162, median: 2.0, mrr: 0.522, hits@3: 58.72%
INFO:root:	-- right  >> mean: 2801.866, median: 2.0, mrr: 0.526, hits@3: 59.0%
INFO:root:	-- global >> mean: 2800.6411, median: 2.0, mrr: 0.524, hits@3: 58.86%
INFO:root:### MICRO (test filtered):
INFO:root:	-- left   >> mean: 2799.4162, median: 2.0, mrr: 0.522, hits@5: 63.16%
INFO:root:	-- right  >> mean: 2801.866, median: 2.0, mrr: 0.526, hits@5: 63.0%
INFO:root:	-- global >> mean: 2800.6411, median: 2.0, mrr: 0.524, hits@5: 63.08%
INFO:root:### MICRO (test filtered):
INFO:root:	-- left   >> mean: 2799.4162, median: 2.0, mrr: 0.522, hits@10: 67.18%
INFO:root:	-- right  >> mean: 2801.866, median: 2.0, mrr: 0.526, hits@10: 67.18%
INFO:root:	-- global >> mean: 2800.6411, median: 2.0, mrr: 0.524, hits@10: 67.18%
