Using Theano backend.
Using gpu device 0: GeForce GTX TITAN X (CNMeM is disabled, cuDNN not available)
INFO:root:Acquiring data/wn18/wordnet-mlj12-train.txt ..
INFO:root:Acquiring data/wn18/wordnet-mlj12-valid.txt ..
INFO:root:Acquiring data/wn18/wordnet-mlj12-test.txt ..
INFO:root:[Rules] Adding Head: 15, Tail: [(10, True)]
INFO:root:[Rules] Adding Head: 12, Tail: [(17, True)]
INFO:root:[Rules] Adding Head: 4, Tail: [(5, True)]
INFO:root:[Rules] Adding Head: 13, Tail: [(3, True)]
INFO:root:[Rules] Adding Head: 5, Tail: [(4, True)]
INFO:root:[Rules] Adding Head: 16, Tail: [(11, True)]
INFO:root:[Rules] Adding Head: 17, Tail: [(12, True)]
INFO:root:[Rules] Adding Head: 11, Tail: [(16, True)]
INFO:root:[Rules] Adding Head: 8, Tail: [(9, True)]
INFO:root:[Rules] Adding Head: 2, Tail: [(2, True)]
INFO:root:Samples: 141442, no. batches: 10 -> batch size: 14145
INFO:root:Epoch no. 1 of 500 (samples: 141442)
INFO:root:Loss: 824.5383 +/- 317.4188
INFO:root:Epoch no. 2 of 500 (samples: 141442)
INFO:root:Loss: 579.1548 +/- 17.1522
INFO:root:Epoch no. 3 of 500 (samples: 141442)
INFO:root:Loss: 493.7595 +/- 10.9857
INFO:root:Epoch no. 4 of 500 (samples: 141442)
INFO:root:Loss: 441.793 +/- 5.3002
INFO:root:Epoch no. 5 of 500 (samples: 141442)
INFO:root:Loss: 408.5445 +/- 2.973
INFO:root:Epoch no. 6 of 500 (samples: 141442)
INFO:root:Loss: 383.8982 +/- 2.6751
INFO:root:Epoch no. 7 of 500 (samples: 141442)
INFO:root:Loss: 360.3785 +/- 3.308
INFO:root:Epoch no. 8 of 500 (samples: 141442)
INFO:root:Loss: 335.3619 +/- 4.0063
INFO:root:Epoch no. 9 of 500 (samples: 141442)
INFO:root:Loss: 309.748 +/- 4.4369
INFO:root:Epoch no. 10 of 500 (samples: 141442)
INFO:root:Loss: 284.2251 +/- 2.8511
INFO:root:Epoch no. 11 of 500 (samples: 141442)
INFO:root:Loss: 259.5025 +/- 2.3471
INFO:root:Epoch no. 12 of 500 (samples: 141442)
INFO:root:Loss: 236.1447 +/- 1.7674
INFO:root:Epoch no. 13 of 500 (samples: 141442)
INFO:root:Loss: 213.5696 +/- 1.9304
INFO:root:Epoch no. 14 of 500 (samples: 141442)
INFO:root:Loss: 192.6399 +/- 1.68
INFO:root:Epoch no. 15 of 500 (samples: 141442)
INFO:root:Loss: 173.561 +/- 2.4106
INFO:root:Epoch no. 16 of 500 (samples: 141442)
INFO:root:Loss: 156.3158 +/- 1.4627
INFO:root:Epoch no. 17 of 500 (samples: 141442)
INFO:root:Loss: 141.4855 +/- 2.1564
INFO:root:Epoch no. 18 of 500 (samples: 141442)
INFO:root:Loss: 128.6497 +/- 2.3744
INFO:root:Epoch no. 19 of 500 (samples: 141442)
INFO:root:Loss: 117.8341 +/- 1.5591
INFO:root:Epoch no. 20 of 500 (samples: 141442)
INFO:root:Loss: 108.5379 +/- 2.1218
INFO:root:Epoch no. 21 of 500 (samples: 141442)
INFO:root:Loss: 101.0286 +/- 2.7525
INFO:root:Epoch no. 22 of 500 (samples: 141442)
INFO:root:Loss: 94.4931 +/- 2.5354
INFO:root:Epoch no. 23 of 500 (samples: 141442)
INFO:root:Loss: 88.8412 +/- 2.5785
INFO:root:Epoch no. 24 of 500 (samples: 141442)
INFO:root:Loss: 83.9632 +/- 1.2918
INFO:root:Epoch no. 25 of 500 (samples: 141442)
INFO:root:Loss: 79.7189 +/- 2.5231
INFO:root:Epoch no. 26 of 500 (samples: 141442)
INFO:root:Loss: 75.8401 +/- 2.6023
INFO:root:Epoch no. 27 of 500 (samples: 141442)
INFO:root:Loss: 72.6615 +/- 2.6273
INFO:root:Epoch no. 28 of 500 (samples: 141442)
INFO:root:Loss: 69.4206 +/- 2.5823
INFO:root:Epoch no. 29 of 500 (samples: 141442)
INFO:root:Loss: 66.9264 +/- 2.2231
INFO:root:Epoch no. 30 of 500 (samples: 141442)
INFO:root:Loss: 64.7926 +/- 2.4561
INFO:root:Epoch no. 31 of 500 (samples: 141442)
INFO:root:Loss: 62.5476 +/- 2.2248
INFO:root:Epoch no. 32 of 500 (samples: 141442)
INFO:root:Loss: 60.6278 +/- 1.8254
INFO:root:Epoch no. 33 of 500 (samples: 141442)
INFO:root:Loss: 58.6614 +/- 2.4934
INFO:root:Epoch no. 34 of 500 (samples: 141442)
INFO:root:Loss: 56.7949 +/- 2.2983
INFO:root:Epoch no. 35 of 500 (samples: 141442)
INFO:root:Loss: 55.3284 +/- 2.0902
INFO:root:Epoch no. 36 of 500 (samples: 141442)
INFO:root:Loss: 53.2515 +/- 2.5188
INFO:root:Epoch no. 37 of 500 (samples: 141442)
INFO:root:Loss: 51.2381 +/- 2.5625
INFO:root:Epoch no. 38 of 500 (samples: 141442)
INFO:root:Loss: 49.2613 +/- 1.7627
INFO:root:Epoch no. 39 of 500 (samples: 141442)
INFO:root:Loss: 47.6584 +/- 1.672
INFO:root:Epoch no. 40 of 500 (samples: 141442)
INFO:root:Loss: 46.108 +/- 1.5842
INFO:root:Epoch no. 41 of 500 (samples: 141442)
INFO:root:Loss: 44.4722 +/- 1.6794
INFO:root:Epoch no. 42 of 500 (samples: 141442)
INFO:root:Loss: 42.7457 +/- 1.6914
INFO:root:Epoch no. 43 of 500 (samples: 141442)
INFO:root:Loss: 41.5569 +/- 1.4498
INFO:root:Epoch no. 44 of 500 (samples: 141442)
INFO:root:Loss: 40.4213 +/- 1.5929
INFO:root:Epoch no. 45 of 500 (samples: 141442)
INFO:root:Loss: 39.1458 +/- 1.3456
INFO:root:Epoch no. 46 of 500 (samples: 141442)
INFO:root:Loss: 37.7614 +/- 1.7501
INFO:root:Epoch no. 47 of 500 (samples: 141442)
INFO:root:Loss: 36.8232 +/- 0.9429
INFO:root:Epoch no. 48 of 500 (samples: 141442)
INFO:root:Loss: 35.9181 +/- 1.3125
INFO:root:Epoch no. 49 of 500 (samples: 141442)
INFO:root:Loss: 34.7517 +/- 1.4353
INFO:root:Epoch no. 50 of 500 (samples: 141442)
INFO:root:Loss: 33.9348 +/- 1.3532
INFO:root:Epoch no. 51 of 500 (samples: 141442)
INFO:root:Loss: 33.1613 +/- 0.8517
INFO:root:Epoch no. 52 of 500 (samples: 141442)
INFO:root:Loss: 32.1038 +/- 1.435
INFO:root:Epoch no. 53 of 500 (samples: 141442)
INFO:root:Loss: 31.3373 +/- 1.1883
INFO:root:Epoch no. 54 of 500 (samples: 141442)
INFO:root:Loss: 30.6434 +/- 0.7361
INFO:root:Epoch no. 55 of 500 (samples: 141442)
INFO:root:Loss: 29.7586 +/- 1.2623
INFO:root:Epoch no. 56 of 500 (samples: 141442)
INFO:root:Loss: 29.1421 +/- 0.9478
INFO:root:Epoch no. 57 of 500 (samples: 141442)
INFO:root:Loss: 28.5072 +/- 0.8383
INFO:root:Epoch no. 58 of 500 (samples: 141442)
INFO:root:Loss: 27.7957 +/- 1.2137
INFO:root:Epoch no. 59 of 500 (samples: 141442)
INFO:root:Loss: 27.2852 +/- 1.0442
INFO:root:Epoch no. 60 of 500 (samples: 141442)
INFO:root:Loss: 26.702 +/- 0.7143
INFO:root:Epoch no. 61 of 500 (samples: 141442)
INFO:root:Loss: 26.1754 +/- 0.8988
INFO:root:Epoch no. 62 of 500 (samples: 141442)
INFO:root:Loss: 25.7155 +/- 1.0639
INFO:root:Epoch no. 63 of 500 (samples: 141442)
INFO:root:Loss: 25.399 +/- 1.0046
INFO:root:Epoch no. 64 of 500 (samples: 141442)
INFO:root:Loss: 24.915 +/- 0.6805
INFO:root:Epoch no. 65 of 500 (samples: 141442)
INFO:root:Loss: 24.6399 +/- 0.5473
INFO:root:Epoch no. 66 of 500 (samples: 141442)
INFO:root:Loss: 24.2762 +/- 0.9961
INFO:root:Epoch no. 67 of 500 (samples: 141442)
INFO:root:Loss: 24.1238 +/- 1.0609
INFO:root:Epoch no. 68 of 500 (samples: 141442)
INFO:root:Loss: 24.0753 +/- 0.6568
INFO:root:Epoch no. 69 of 500 (samples: 141442)
INFO:root:Loss: 23.8222 +/- 0.7789
INFO:root:Epoch no. 70 of 500 (samples: 141442)
INFO:root:Loss: 23.7424 +/- 1.0105
INFO:root:Epoch no. 71 of 500 (samples: 141442)
INFO:root:Loss: 23.4487 +/- 0.5214
INFO:root:Epoch no. 72 of 500 (samples: 141442)
INFO:root:Loss: 23.4041 +/- 0.6467
INFO:root:Epoch no. 73 of 500 (samples: 141442)
INFO:root:Loss: 23.4121 +/- 0.917
INFO:root:Epoch no. 74 of 500 (samples: 141442)
INFO:root:Loss: 23.1615 +/- 1.1047
INFO:root:Epoch no. 75 of 500 (samples: 141442)
INFO:root:Loss: 23.0351 +/- 0.6512
INFO:root:Epoch no. 76 of 500 (samples: 141442)
INFO:root:Loss: 23.0462 +/- 0.9022
INFO:root:Epoch no. 77 of 500 (samples: 141442)
INFO:root:Loss: 22.9489 +/- 0.9576
INFO:root:Epoch no. 78 of 500 (samples: 141442)
INFO:root:Loss: 22.8674 +/- 0.7493
INFO:root:Epoch no. 79 of 500 (samples: 141442)
INFO:root:Loss: 22.7537 +/- 0.9367
INFO:root:Epoch no. 80 of 500 (samples: 141442)
INFO:root:Loss: 22.6491 +/- 0.6082
INFO:root:Epoch no. 81 of 500 (samples: 141442)
INFO:root:Loss: 22.563 +/- 0.8625
INFO:root:Epoch no. 82 of 500 (samples: 141442)
INFO:root:Loss: 22.4135 +/- 1.0517
INFO:root:Epoch no. 83 of 500 (samples: 141442)
INFO:root:Loss: 22.3517 +/- 1.1021
INFO:root:Epoch no. 84 of 500 (samples: 141442)
INFO:root:Loss: 22.1078 +/- 0.8012
INFO:root:Epoch no. 85 of 500 (samples: 141442)
INFO:root:Loss: 21.9414 +/- 0.7731
INFO:root:Epoch no. 86 of 500 (samples: 141442)
INFO:root:Loss: 21.8494 +/- 0.8597
INFO:root:Epoch no. 87 of 500 (samples: 141442)
INFO:root:Loss: 21.5386 +/- 0.5897
INFO:root:Epoch no. 88 of 500 (samples: 141442)
INFO:root:Loss: 21.3732 +/- 1.1327
INFO:root:Epoch no. 89 of 500 (samples: 141442)
INFO:root:Loss: 21.1828 +/- 0.7693
INFO:root:Epoch no. 90 of 500 (samples: 141442)
INFO:root:Loss: 20.8758 +/- 1.0049
INFO:root:Epoch no. 91 of 500 (samples: 141442)
INFO:root:Loss: 20.6584 +/- 0.9187
INFO:root:Epoch no. 92 of 500 (samples: 141442)
INFO:root:Loss: 20.4786 +/- 0.3827
INFO:root:Epoch no. 93 of 500 (samples: 141442)
INFO:root:Loss: 20.2963 +/- 0.7884
INFO:root:Epoch no. 94 of 500 (samples: 141442)
INFO:root:Loss: 20.0624 +/- 0.6408
INFO:root:Epoch no. 95 of 500 (samples: 141442)
INFO:root:Loss: 19.7708 +/- 0.7825
INFO:root:Epoch no. 96 of 500 (samples: 141442)
INFO:root:Loss: 19.9032 +/- 0.3332
INFO:root:Epoch no. 97 of 500 (samples: 141442)
INFO:root:Loss: 19.6374 +/- 0.5388
INFO:root:Epoch no. 98 of 500 (samples: 141442)
INFO:root:Loss: 19.6049 +/- 0.7095
INFO:root:Epoch no. 99 of 500 (samples: 141442)
INFO:root:Loss: 19.4118 +/- 0.9313
INFO:root:Epoch no. 100 of 500 (samples: 141442)
INFO:root:Loss: 19.3292 +/- 0.7289
INFO:root:Epoch no. 101 of 500 (samples: 141442)
INFO:root:Loss: 19.2231 +/- 0.8408
INFO:root:Epoch no. 102 of 500 (samples: 141442)
INFO:root:Loss: 19.1893 +/- 0.8163
INFO:root:Epoch no. 103 of 500 (samples: 141442)
INFO:root:Loss: 18.9869 +/- 0.5389
INFO:root:Epoch no. 104 of 500 (samples: 141442)
INFO:root:Loss: 18.9255 +/- 0.7198
INFO:root:Epoch no. 105 of 500 (samples: 141442)
INFO:root:Loss: 18.7885 +/- 0.5719
INFO:root:Epoch no. 106 of 500 (samples: 141442)
INFO:root:Loss: 18.7492 +/- 0.7746
INFO:root:Epoch no. 107 of 500 (samples: 141442)
INFO:root:Loss: 18.4936 +/- 0.7134
INFO:root:Epoch no. 108 of 500 (samples: 141442)
INFO:root:Loss: 18.5757 +/- 0.6285
INFO:root:Epoch no. 109 of 500 (samples: 141442)
INFO:root:Loss: 18.3598 +/- 0.5134
INFO:root:Epoch no. 110 of 500 (samples: 141442)
INFO:root:Loss: 18.2501 +/- 0.4316
INFO:root:Epoch no. 111 of 500 (samples: 141442)
INFO:root:Loss: 18.1797 +/- 0.6767
INFO:root:Epoch no. 112 of 500 (samples: 141442)
INFO:root:Loss: 18.0074 +/- 0.6169
INFO:root:Epoch no. 113 of 500 (samples: 141442)
INFO:root:Loss: 18.075 +/- 1.0506
INFO:root:Epoch no. 114 of 500 (samples: 141442)
INFO:root:Loss: 17.9116 +/- 0.9357
INFO:root:Epoch no. 115 of 500 (samples: 141442)
INFO:root:Loss: 17.7016 +/- 0.5147
INFO:root:Epoch no. 116 of 500 (samples: 141442)
INFO:root:Loss: 17.5679 +/- 0.8344
INFO:root:Epoch no. 117 of 500 (samples: 141442)
INFO:root:Loss: 17.5142 +/- 0.5422
INFO:root:Epoch no. 118 of 500 (samples: 141442)
INFO:root:Loss: 17.323 +/- 1.0338
INFO:root:Epoch no. 119 of 500 (samples: 141442)
INFO:root:Loss: 17.3941 +/- 0.8644
INFO:root:Epoch no. 120 of 500 (samples: 141442)
INFO:root:Loss: 17.0999 +/- 0.641
INFO:root:Epoch no. 121 of 500 (samples: 141442)
INFO:root:Loss: 17.1456 +/- 0.5733
INFO:root:Epoch no. 122 of 500 (samples: 141442)
INFO:root:Loss: 16.9442 +/- 0.9334
INFO:root:Epoch no. 123 of 500 (samples: 141442)
INFO:root:Loss: 16.9703 +/- 0.563
INFO:root:Epoch no. 124 of 500 (samples: 141442)
INFO:root:Loss: 16.843 +/- 0.8953
INFO:root:Epoch no. 125 of 500 (samples: 141442)
INFO:root:Loss: 16.7173 +/- 0.645
INFO:root:Epoch no. 126 of 500 (samples: 141442)
INFO:root:Loss: 16.6914 +/- 0.6749
INFO:root:Epoch no. 127 of 500 (samples: 141442)
INFO:root:Loss: 16.6119 +/- 1.0686
INFO:root:Epoch no. 128 of 500 (samples: 141442)
INFO:root:Loss: 16.5118 +/- 0.6832
INFO:root:Epoch no. 129 of 500 (samples: 141442)
INFO:root:Loss: 16.5255 +/- 0.5105
INFO:root:Epoch no. 130 of 500 (samples: 141442)
INFO:root:Loss: 16.4489 +/- 0.8277
INFO:root:Epoch no. 131 of 500 (samples: 141442)
INFO:root:Loss: 16.3158 +/- 0.4679
INFO:root:Epoch no. 132 of 500 (samples: 141442)
INFO:root:Loss: 16.3101 +/- 0.5926
INFO:root:Epoch no. 133 of 500 (samples: 141442)
INFO:root:Loss: 16.2575 +/- 0.5367
INFO:root:Epoch no. 134 of 500 (samples: 141442)
INFO:root:Loss: 16.1286 +/- 0.8947
INFO:root:Epoch no. 135 of 500 (samples: 141442)
INFO:root:Loss: 16.074 +/- 1.0342
INFO:root:Epoch no. 136 of 500 (samples: 141442)
INFO:root:Loss: 16.0556 +/- 0.791
INFO:root:Epoch no. 137 of 500 (samples: 141442)
INFO:root:Loss: 15.8956 +/- 0.7415
INFO:root:Epoch no. 138 of 500 (samples: 141442)
INFO:root:Loss: 15.814 +/- 0.8718
INFO:root:Epoch no. 139 of 500 (samples: 141442)
INFO:root:Loss: 15.9033 +/- 0.5971
INFO:root:Epoch no. 140 of 500 (samples: 141442)
INFO:root:Loss: 15.7095 +/- 0.4799
INFO:root:Epoch no. 141 of 500 (samples: 141442)
INFO:root:Loss: 15.6719 +/- 0.655
INFO:root:Epoch no. 142 of 500 (samples: 141442)
INFO:root:Loss: 15.6444 +/- 0.8256
INFO:root:Epoch no. 143 of 500 (samples: 141442)
INFO:root:Loss: 15.7016 +/- 0.6528
INFO:root:Epoch no. 144 of 500 (samples: 141442)
INFO:root:Loss: 15.5313 +/- 0.5417
INFO:root:Epoch no. 145 of 500 (samples: 141442)
INFO:root:Loss: 15.4832 +/- 0.6753
INFO:root:Epoch no. 146 of 500 (samples: 141442)
INFO:root:Loss: 15.2994 +/- 0.7121
INFO:root:Epoch no. 147 of 500 (samples: 141442)
INFO:root:Loss: 15.2422 +/- 0.5369
INFO:root:Epoch no. 148 of 500 (samples: 141442)
INFO:root:Loss: 15.2956 +/- 0.779
INFO:root:Epoch no. 149 of 500 (samples: 141442)
INFO:root:Loss: 15.258 +/- 0.4142
INFO:root:Epoch no. 150 of 500 (samples: 141442)
INFO:root:Loss: 15.1058 +/- 0.6668
INFO:root:Epoch no. 151 of 500 (samples: 141442)
INFO:root:Loss: 15.0928 +/- 0.4841
INFO:root:Epoch no. 152 of 500 (samples: 141442)
INFO:root:Loss: 15.0049 +/- 0.4763
INFO:root:Epoch no. 153 of 500 (samples: 141442)
INFO:root:Loss: 14.9813 +/- 0.8142
INFO:root:Epoch no. 154 of 500 (samples: 141442)
INFO:root:Loss: 14.9377 +/- 0.5103
INFO:root:Epoch no. 155 of 500 (samples: 141442)
INFO:root:Loss: 14.8007 +/- 0.5989
INFO:root:Epoch no. 156 of 500 (samples: 141442)
INFO:root:Loss: 14.8722 +/- 0.4881
INFO:root:Epoch no. 157 of 500 (samples: 141442)
INFO:root:Loss: 14.7572 +/- 0.4165
INFO:root:Epoch no. 158 of 500 (samples: 141442)
INFO:root:Loss: 14.5965 +/- 0.6527
INFO:root:Epoch no. 159 of 500 (samples: 141442)
INFO:root:Loss: 14.6113 +/- 0.8197
INFO:root:Epoch no. 160 of 500 (samples: 141442)
INFO:root:Loss: 14.6205 +/- 0.6489
INFO:root:Epoch no. 161 of 500 (samples: 141442)
INFO:root:Loss: 14.5034 +/- 0.6421
INFO:root:Epoch no. 162 of 500 (samples: 141442)
INFO:root:Loss: 14.4459 +/- 0.4803
INFO:root:Epoch no. 163 of 500 (samples: 141442)
INFO:root:Loss: 14.3314 +/- 0.7208
INFO:root:Epoch no. 164 of 500 (samples: 141442)
INFO:root:Loss: 14.2672 +/- 0.4875
INFO:root:Epoch no. 165 of 500 (samples: 141442)
INFO:root:Loss: 14.2659 +/- 0.5275
INFO:root:Epoch no. 166 of 500 (samples: 141442)
INFO:root:Loss: 14.153 +/- 0.8072
INFO:root:Epoch no. 167 of 500 (samples: 141442)
INFO:root:Loss: 14.1571 +/- 0.8958
INFO:root:Epoch no. 168 of 500 (samples: 141442)
INFO:root:Loss: 14.111 +/- 0.5869
INFO:root:Epoch no. 169 of 500 (samples: 141442)
INFO:root:Loss: 14.0193 +/- 0.4726
INFO:root:Epoch no. 170 of 500 (samples: 141442)
INFO:root:Loss: 13.945 +/- 0.4829
INFO:root:Epoch no. 171 of 500 (samples: 141442)
INFO:root:Loss: 13.9475 +/- 0.3377
INFO:root:Epoch no. 172 of 500 (samples: 141442)
INFO:root:Loss: 13.9054 +/- 0.5294
INFO:root:Epoch no. 173 of 500 (samples: 141442)
INFO:root:Loss: 13.845 +/- 0.5073
INFO:root:Epoch no. 174 of 500 (samples: 141442)
INFO:root:Loss: 13.7767 +/- 0.3875
INFO:root:Epoch no. 175 of 500 (samples: 141442)
INFO:root:Loss: 13.5471 +/- 0.2657
INFO:root:Epoch no. 176 of 500 (samples: 141442)
INFO:root:Loss: 13.5727 +/- 0.5156
INFO:root:Epoch no. 177 of 500 (samples: 141442)
INFO:root:Loss: 13.5647 +/- 0.5382
INFO:root:Epoch no. 178 of 500 (samples: 141442)
INFO:root:Loss: 13.5129 +/- 0.3803
INFO:root:Epoch no. 179 of 500 (samples: 141442)
INFO:root:Loss: 13.5421 +/- 0.4016
INFO:root:Epoch no. 180 of 500 (samples: 141442)
INFO:root:Loss: 13.4268 +/- 0.5678
INFO:root:Epoch no. 181 of 500 (samples: 141442)
INFO:root:Loss: 13.2885 +/- 0.3786
INFO:root:Epoch no. 182 of 500 (samples: 141442)
INFO:root:Loss: 13.2176 +/- 0.669
INFO:root:Epoch no. 183 of 500 (samples: 141442)
INFO:root:Loss: 13.1704 +/- 0.5689
INFO:root:Epoch no. 184 of 500 (samples: 141442)
INFO:root:Loss: 13.2087 +/- 0.9172
INFO:root:Epoch no. 185 of 500 (samples: 141442)
INFO:root:Loss: 13.1423 +/- 0.7881
INFO:root:Epoch no. 186 of 500 (samples: 141442)
INFO:root:Loss: 13.0263 +/- 0.6522
INFO:root:Epoch no. 187 of 500 (samples: 141442)
INFO:root:Loss: 12.9354 +/- 0.7015
INFO:root:Epoch no. 188 of 500 (samples: 141442)
INFO:root:Loss: 12.9534 +/- 0.6018
INFO:root:Epoch no. 189 of 500 (samples: 141442)
INFO:root:Loss: 12.8472 +/- 0.5163
INFO:root:Epoch no. 190 of 500 (samples: 141442)
INFO:root:Loss: 12.8285 +/- 0.4904
INFO:root:Epoch no. 191 of 500 (samples: 141442)
INFO:root:Loss: 12.7946 +/- 0.7731
INFO:root:Epoch no. 192 of 500 (samples: 141442)
INFO:root:Loss: 12.6733 +/- 0.5539
INFO:root:Epoch no. 193 of 500 (samples: 141442)
INFO:root:Loss: 12.6978 +/- 0.5994
INFO:root:Epoch no. 194 of 500 (samples: 141442)
INFO:root:Loss: 12.5987 +/- 0.6257
INFO:root:Epoch no. 195 of 500 (samples: 141442)
INFO:root:Loss: 12.5707 +/- 0.5494
INFO:root:Epoch no. 196 of 500 (samples: 141442)
INFO:root:Loss: 12.357 +/- 0.7668
INFO:root:Epoch no. 197 of 500 (samples: 141442)
INFO:root:Loss: 12.3192 +/- 0.6816
INFO:root:Epoch no. 198 of 500 (samples: 141442)
INFO:root:Loss: 12.341 +/- 0.7867
INFO:root:Epoch no. 199 of 500 (samples: 141442)
INFO:root:Loss: 12.2708 +/- 0.6556
INFO:root:Epoch no. 200 of 500 (samples: 141442)
INFO:root:Loss: 12.1851 +/- 0.5962
INFO:root:Epoch no. 201 of 500 (samples: 141442)
INFO:root:Loss: 12.1826 +/- 0.4736
INFO:root:Epoch no. 202 of 500 (samples: 141442)
INFO:root:Loss: 12.1661 +/- 0.6235
INFO:root:Epoch no. 203 of 500 (samples: 141442)
INFO:root:Loss: 12.1258 +/- 0.6135
INFO:root:Epoch no. 204 of 500 (samples: 141442)
INFO:root:Loss: 12.0692 +/- 0.3501
INFO:root:Epoch no. 205 of 500 (samples: 141442)
INFO:root:Loss: 11.9273 +/- 0.666
INFO:root:Epoch no. 206 of 500 (samples: 141442)
INFO:root:Loss: 11.9135 +/- 0.5328
INFO:root:Epoch no. 207 of 500 (samples: 141442)
INFO:root:Loss: 11.9226 +/- 0.5118
INFO:root:Epoch no. 208 of 500 (samples: 141442)
INFO:root:Loss: 11.7508 +/- 0.5297
INFO:root:Epoch no. 209 of 500 (samples: 141442)
INFO:root:Loss: 11.6611 +/- 0.3825
INFO:root:Epoch no. 210 of 500 (samples: 141442)
INFO:root:Loss: 11.737 +/- 0.5382
INFO:root:Epoch no. 211 of 500 (samples: 141442)
INFO:root:Loss: 11.6202 +/- 0.4216
INFO:root:Epoch no. 212 of 500 (samples: 141442)
INFO:root:Loss: 11.4768 +/- 0.4285
INFO:root:Epoch no. 213 of 500 (samples: 141442)
INFO:root:Loss: 11.5585 +/- 0.4396
INFO:root:Epoch no. 214 of 500 (samples: 141442)
INFO:root:Loss: 11.5189 +/- 0.5389
INFO:root:Epoch no. 215 of 500 (samples: 141442)
INFO:root:Loss: 11.4225 +/- 0.52
INFO:root:Epoch no. 216 of 500 (samples: 141442)
INFO:root:Loss: 11.3623 +/- 0.4897
INFO:root:Epoch no. 217 of 500 (samples: 141442)
INFO:root:Loss: 11.3415 +/- 0.4572
INFO:root:Epoch no. 218 of 500 (samples: 141442)
INFO:root:Loss: 11.2504 +/- 0.3039
INFO:root:Epoch no. 219 of 500 (samples: 141442)
INFO:root:Loss: 11.2347 +/- 0.7532
INFO:root:Epoch no. 220 of 500 (samples: 141442)
INFO:root:Loss: 11.1861 +/- 0.6137
INFO:root:Epoch no. 221 of 500 (samples: 141442)
INFO:root:Loss: 11.0961 +/- 0.3402
INFO:root:Epoch no. 222 of 500 (samples: 141442)
INFO:root:Loss: 11.1168 +/- 0.6776
INFO:root:Epoch no. 223 of 500 (samples: 141442)
INFO:root:Loss: 10.9694 +/- 0.4689
INFO:root:Epoch no. 224 of 500 (samples: 141442)
INFO:root:Loss: 10.8581 +/- 0.5244
INFO:root:Epoch no. 225 of 500 (samples: 141442)
INFO:root:Loss: 10.8628 +/- 0.5899
INFO:root:Epoch no. 226 of 500 (samples: 141442)
INFO:root:Loss: 10.9083 +/- 0.4716
INFO:root:Epoch no. 227 of 500 (samples: 141442)
INFO:root:Loss: 10.8136 +/- 0.4994
INFO:root:Epoch no. 228 of 500 (samples: 141442)
INFO:root:Loss: 10.7104 +/- 0.6092
INFO:root:Epoch no. 229 of 500 (samples: 141442)
INFO:root:Loss: 10.8185 +/- 0.478
INFO:root:Epoch no. 230 of 500 (samples: 141442)
INFO:root:Loss: 10.7035 +/- 0.5994
INFO:root:Epoch no. 231 of 500 (samples: 141442)
INFO:root:Loss: 10.6866 +/- 0.4124
INFO:root:Epoch no. 232 of 500 (samples: 141442)
INFO:root:Loss: 10.5523 +/- 0.4547
INFO:root:Epoch no. 233 of 500 (samples: 141442)
INFO:root:Loss: 10.5218 +/- 0.6222
INFO:root:Epoch no. 234 of 500 (samples: 141442)
INFO:root:Loss: 10.5138 +/- 0.5255
INFO:root:Epoch no. 235 of 500 (samples: 141442)
INFO:root:Loss: 10.4688 +/- 0.221
INFO:root:Epoch no. 236 of 500 (samples: 141442)
INFO:root:Loss: 10.4259 +/- 0.4053
INFO:root:Epoch no. 237 of 500 (samples: 141442)
INFO:root:Loss: 10.412 +/- 0.5111
INFO:root:Epoch no. 238 of 500 (samples: 141442)
INFO:root:Loss: 10.3743 +/- 0.3926
INFO:root:Epoch no. 239 of 500 (samples: 141442)
INFO:root:Loss: 10.3139 +/- 0.5188
INFO:root:Epoch no. 240 of 500 (samples: 141442)
INFO:root:Loss: 10.3119 +/- 0.5351
INFO:root:Epoch no. 241 of 500 (samples: 141442)
INFO:root:Loss: 10.3162 +/- 0.1908
INFO:root:Epoch no. 242 of 500 (samples: 141442)
INFO:root:Loss: 10.3024 +/- 0.4206
INFO:root:Epoch no. 243 of 500 (samples: 141442)
INFO:root:Loss: 10.1876 +/- 0.3807
INFO:root:Epoch no. 244 of 500 (samples: 141442)
INFO:root:Loss: 10.2238 +/- 0.6063
INFO:root:Epoch no. 245 of 500 (samples: 141442)
INFO:root:Loss: 10.1205 +/- 0.4153
INFO:root:Epoch no. 246 of 500 (samples: 141442)
INFO:root:Loss: 10.1714 +/- 0.4585
INFO:root:Epoch no. 247 of 500 (samples: 141442)
INFO:root:Loss: 10.1309 +/- 0.6696
INFO:root:Epoch no. 248 of 500 (samples: 141442)
INFO:root:Loss: 10.0895 +/- 0.3661
INFO:root:Epoch no. 249 of 500 (samples: 141442)
INFO:root:Loss: 10.0562 +/- 0.441
INFO:root:Epoch no. 250 of 500 (samples: 141442)
INFO:root:Loss: 10.095 +/- 0.5401
INFO:root:Epoch no. 251 of 500 (samples: 141442)
INFO:root:Loss: 10.0525 +/- 0.3792
INFO:root:Epoch no. 252 of 500 (samples: 141442)
INFO:root:Loss: 9.9259 +/- 0.4057
INFO:root:Epoch no. 253 of 500 (samples: 141442)
INFO:root:Loss: 10.0277 +/- 0.2449
INFO:root:Epoch no. 254 of 500 (samples: 141442)
INFO:root:Loss: 9.9695 +/- 0.6632
INFO:root:Epoch no. 255 of 500 (samples: 141442)
INFO:root:Loss: 9.8857 +/- 0.4287
INFO:root:Epoch no. 256 of 500 (samples: 141442)
INFO:root:Loss: 9.8424 +/- 0.2381
INFO:root:Epoch no. 257 of 500 (samples: 141442)
INFO:root:Loss: 9.8611 +/- 0.298
INFO:root:Epoch no. 258 of 500 (samples: 141442)
INFO:root:Loss: 9.8087 +/- 0.516
INFO:root:Epoch no. 259 of 500 (samples: 141442)
INFO:root:Loss: 9.9375 +/- 0.2721
INFO:root:Epoch no. 260 of 500 (samples: 141442)
INFO:root:Loss: 9.813 +/- 0.613
INFO:root:Epoch no. 261 of 500 (samples: 141442)
INFO:root:Loss: 9.7942 +/- 0.5651
INFO:root:Epoch no. 262 of 500 (samples: 141442)
INFO:root:Loss: 9.7676 +/- 0.3703
INFO:root:Epoch no. 263 of 500 (samples: 141442)
INFO:root:Loss: 9.683 +/- 0.2015
INFO:root:Epoch no. 264 of 500 (samples: 141442)
INFO:root:Loss: 9.7808 +/- 0.5034
INFO:root:Epoch no. 265 of 500 (samples: 141442)
INFO:root:Loss: 9.6929 +/- 0.331
INFO:root:Epoch no. 266 of 500 (samples: 141442)
INFO:root:Loss: 9.7801 +/- 0.5154
INFO:root:Epoch no. 267 of 500 (samples: 141442)
INFO:root:Loss: 9.6993 +/- 0.2605
INFO:root:Epoch no. 268 of 500 (samples: 141442)
INFO:root:Loss: 9.6649 +/- 0.6512
INFO:root:Epoch no. 269 of 500 (samples: 141442)
INFO:root:Loss: 9.7254 +/- 0.2971
INFO:root:Epoch no. 270 of 500 (samples: 141442)
INFO:root:Loss: 9.6701 +/- 0.4221
INFO:root:Epoch no. 271 of 500 (samples: 141442)
INFO:root:Loss: 9.5572 +/- 0.4499
INFO:root:Epoch no. 272 of 500 (samples: 141442)
INFO:root:Loss: 9.5771 +/- 0.3258
INFO:root:Epoch no. 273 of 500 (samples: 141442)
INFO:root:Loss: 9.5637 +/- 0.2629
INFO:root:Epoch no. 274 of 500 (samples: 141442)
INFO:root:Loss: 9.5391 +/- 0.5028
INFO:root:Epoch no. 275 of 500 (samples: 141442)
INFO:root:Loss: 9.5239 +/- 0.3537
INFO:root:Epoch no. 276 of 500 (samples: 141442)
INFO:root:Loss: 9.5194 +/- 0.4031
INFO:root:Epoch no. 277 of 500 (samples: 141442)
INFO:root:Loss: 9.4186 +/- 0.3663
INFO:root:Epoch no. 278 of 500 (samples: 141442)
INFO:root:Loss: 9.4398 +/- 0.3739
INFO:root:Epoch no. 279 of 500 (samples: 141442)
INFO:root:Loss: 9.3803 +/- 0.3152
INFO:root:Epoch no. 280 of 500 (samples: 141442)
INFO:root:Loss: 9.4056 +/- 0.5436
INFO:root:Epoch no. 281 of 500 (samples: 141442)
INFO:root:Loss: 9.3696 +/- 0.6411
INFO:root:Epoch no. 282 of 500 (samples: 141442)
INFO:root:Loss: 9.4035 +/- 0.2936
INFO:root:Epoch no. 283 of 500 (samples: 141442)
INFO:root:Loss: 9.3635 +/- 0.5288
INFO:root:Epoch no. 284 of 500 (samples: 141442)
INFO:root:Loss: 9.4024 +/- 0.3943
INFO:root:Epoch no. 285 of 500 (samples: 141442)
INFO:root:Loss: 9.3311 +/- 0.5574
INFO:root:Epoch no. 286 of 500 (samples: 141442)
INFO:root:Loss: 9.3735 +/- 0.4836
INFO:root:Epoch no. 287 of 500 (samples: 141442)
INFO:root:Loss: 9.2911 +/- 0.476
INFO:root:Epoch no. 288 of 500 (samples: 141442)
INFO:root:Loss: 9.3187 +/- 0.4201
INFO:root:Epoch no. 289 of 500 (samples: 141442)
INFO:root:Loss: 9.2716 +/- 0.405
INFO:root:Epoch no. 290 of 500 (samples: 141442)
INFO:root:Loss: 9.2718 +/- 0.4322
INFO:root:Epoch no. 291 of 500 (samples: 141442)
INFO:root:Loss: 9.2033 +/- 0.3613
INFO:root:Epoch no. 292 of 500 (samples: 141442)
INFO:root:Loss: 9.2082 +/- 0.3579
INFO:root:Epoch no. 293 of 500 (samples: 141442)
INFO:root:Loss: 9.178 +/- 0.2557
INFO:root:Epoch no. 294 of 500 (samples: 141442)
INFO:root:Loss: 9.074 +/- 0.3912
INFO:root:Epoch no. 295 of 500 (samples: 141442)
INFO:root:Loss: 9.1217 +/- 0.3506
INFO:root:Epoch no. 296 of 500 (samples: 141442)
INFO:root:Loss: 9.0919 +/- 0.4488
INFO:root:Epoch no. 297 of 500 (samples: 141442)
INFO:root:Loss: 9.0866 +/- 0.343
INFO:root:Epoch no. 298 of 500 (samples: 141442)
INFO:root:Loss: 9.0457 +/- 0.2741
INFO:root:Epoch no. 299 of 500 (samples: 141442)
INFO:root:Loss: 8.9808 +/- 0.3398
INFO:root:Epoch no. 300 of 500 (samples: 141442)
INFO:root:Loss: 8.9402 +/- 0.3227
INFO:root:Epoch no. 301 of 500 (samples: 141442)
INFO:root:Loss: 8.9378 +/- 0.2705
INFO:root:Epoch no. 302 of 500 (samples: 141442)
INFO:root:Loss: 8.9672 +/- 0.4361
INFO:root:Epoch no. 303 of 500 (samples: 141442)
INFO:root:Loss: 8.8059 +/- 0.3956
INFO:root:Epoch no. 304 of 500 (samples: 141442)
INFO:root:Loss: 8.8606 +/- 0.3925
INFO:root:Epoch no. 305 of 500 (samples: 141442)
INFO:root:Loss: 8.659 +/- 0.3609
INFO:root:Epoch no. 306 of 500 (samples: 141442)
INFO:root:Loss: 8.7138 +/- 0.4224
INFO:root:Epoch no. 307 of 500 (samples: 141442)
INFO:root:Loss: 8.6267 +/- 0.4073
INFO:root:Epoch no. 308 of 500 (samples: 141442)
INFO:root:Loss: 8.6356 +/- 0.3788
INFO:root:Epoch no. 309 of 500 (samples: 141442)
INFO:root:Loss: 8.6061 +/- 0.4672
INFO:root:Epoch no. 310 of 500 (samples: 141442)
INFO:root:Loss: 8.5522 +/- 0.3347
INFO:root:Epoch no. 311 of 500 (samples: 141442)
INFO:root:Loss: 8.4286 +/- 0.5359
INFO:root:Epoch no. 312 of 500 (samples: 141442)
INFO:root:Loss: 8.4596 +/- 0.5186
INFO:root:Epoch no. 313 of 500 (samples: 141442)
INFO:root:Loss: 8.4493 +/- 0.3322
INFO:root:Epoch no. 314 of 500 (samples: 141442)
INFO:root:Loss: 8.3599 +/- 0.5638
INFO:root:Epoch no. 315 of 500 (samples: 141442)
INFO:root:Loss: 8.3392 +/- 0.3116
INFO:root:Epoch no. 316 of 500 (samples: 141442)
INFO:root:Loss: 8.349 +/- 0.3738
INFO:root:Epoch no. 317 of 500 (samples: 141442)
INFO:root:Loss: 8.2982 +/- 0.4674
INFO:root:Epoch no. 318 of 500 (samples: 141442)
INFO:root:Loss: 8.2849 +/- 0.3508
INFO:root:Epoch no. 319 of 500 (samples: 141442)
INFO:root:Loss: 8.1029 +/- 0.4508
INFO:root:Epoch no. 320 of 500 (samples: 141442)
INFO:root:Loss: 8.125 +/- 0.3431
INFO:root:Epoch no. 321 of 500 (samples: 141442)
INFO:root:Loss: 8.1084 +/- 0.3392
INFO:root:Epoch no. 322 of 500 (samples: 141442)
INFO:root:Loss: 8.132 +/- 0.4172
INFO:root:Epoch no. 323 of 500 (samples: 141442)
INFO:root:Loss: 8.0254 +/- 0.3209
INFO:root:Epoch no. 324 of 500 (samples: 141442)
INFO:root:Loss: 8.0375 +/- 0.3534
INFO:root:Epoch no. 325 of 500 (samples: 141442)
INFO:root:Loss: 8.0362 +/- 0.4387
INFO:root:Epoch no. 326 of 500 (samples: 141442)
INFO:root:Loss: 7.9507 +/- 0.279
INFO:root:Epoch no. 327 of 500 (samples: 141442)
INFO:root:Loss: 7.9999 +/- 0.4503
INFO:root:Epoch no. 328 of 500 (samples: 141442)
INFO:root:Loss: 7.9292 +/- 0.463
INFO:root:Epoch no. 329 of 500 (samples: 141442)
INFO:root:Loss: 7.9374 +/- 0.2548
INFO:root:Epoch no. 330 of 500 (samples: 141442)
INFO:root:Loss: 7.9856 +/- 0.219
INFO:root:Epoch no. 331 of 500 (samples: 141442)
INFO:root:Loss: 7.8716 +/- 0.4369
INFO:root:Epoch no. 332 of 500 (samples: 141442)
INFO:root:Loss: 7.8108 +/- 0.3536
INFO:root:Epoch no. 333 of 500 (samples: 141442)
INFO:root:Loss: 7.8613 +/- 0.5056
INFO:root:Epoch no. 334 of 500 (samples: 141442)
INFO:root:Loss: 7.7585 +/- 0.4215
INFO:root:Epoch no. 335 of 500 (samples: 141442)
INFO:root:Loss: 7.8024 +/- 0.4557
INFO:root:Epoch no. 336 of 500 (samples: 141442)
INFO:root:Loss: 7.7541 +/- 0.4181
INFO:root:Epoch no. 337 of 500 (samples: 141442)
INFO:root:Loss: 7.7724 +/- 0.2527
INFO:root:Epoch no. 338 of 500 (samples: 141442)
INFO:root:Loss: 7.7681 +/- 0.2717
INFO:root:Epoch no. 339 of 500 (samples: 141442)
INFO:root:Loss: 7.7451 +/- 0.2679
INFO:root:Epoch no. 340 of 500 (samples: 141442)
INFO:root:Loss: 7.6687 +/- 0.4984
INFO:root:Epoch no. 341 of 500 (samples: 141442)
INFO:root:Loss: 7.6774 +/- 0.4316
INFO:root:Epoch no. 342 of 500 (samples: 141442)
INFO:root:Loss: 7.7078 +/- 0.367
INFO:root:Epoch no. 343 of 500 (samples: 141442)
INFO:root:Loss: 7.7156 +/- 0.2813
INFO:root:Epoch no. 344 of 500 (samples: 141442)
INFO:root:Loss: 7.7207 +/- 0.329
INFO:root:Epoch no. 345 of 500 (samples: 141442)
INFO:root:Loss: 7.5917 +/- 0.2948
INFO:root:Epoch no. 346 of 500 (samples: 141442)
INFO:root:Loss: 7.6087 +/- 0.2404
INFO:root:Epoch no. 347 of 500 (samples: 141442)
INFO:root:Loss: 7.6106 +/- 0.3387
INFO:root:Epoch no. 348 of 500 (samples: 141442)
INFO:root:Loss: 7.5543 +/- 0.4379
INFO:root:Epoch no. 349 of 500 (samples: 141442)
INFO:root:Loss: 7.5076 +/- 0.2685
INFO:root:Epoch no. 350 of 500 (samples: 141442)
INFO:root:Loss: 7.4637 +/- 0.2434
INFO:root:Epoch no. 351 of 500 (samples: 141442)
INFO:root:Loss: 7.4651 +/- 0.2063
INFO:root:Epoch no. 352 of 500 (samples: 141442)
INFO:root:Loss: 7.4404 +/- 0.2284
INFO:root:Epoch no. 353 of 500 (samples: 141442)
INFO:root:Loss: 7.412 +/- 0.5677
INFO:root:Epoch no. 354 of 500 (samples: 141442)
INFO:root:Loss: 7.4607 +/- 0.2517
INFO:root:Epoch no. 355 of 500 (samples: 141442)
INFO:root:Loss: 7.3865 +/- 0.2854
INFO:root:Epoch no. 356 of 500 (samples: 141442)
INFO:root:Loss: 7.413 +/- 0.272
INFO:root:Epoch no. 357 of 500 (samples: 141442)
INFO:root:Loss: 7.4445 +/- 0.2637
INFO:root:Epoch no. 358 of 500 (samples: 141442)
INFO:root:Loss: 7.3433 +/- 0.1938
INFO:root:Epoch no. 359 of 500 (samples: 141442)
INFO:root:Loss: 7.3191 +/- 0.288
INFO:root:Epoch no. 360 of 500 (samples: 141442)
INFO:root:Loss: 7.2853 +/- 0.4028
INFO:root:Epoch no. 361 of 500 (samples: 141442)
INFO:root:Loss: 7.1758 +/- 0.3032
INFO:root:Epoch no. 362 of 500 (samples: 141442)
INFO:root:Loss: 7.2512 +/- 0.3296
INFO:root:Epoch no. 363 of 500 (samples: 141442)
INFO:root:Loss: 7.1465 +/- 0.5811
INFO:root:Epoch no. 364 of 500 (samples: 141442)
INFO:root:Loss: 7.2402 +/- 0.4669
INFO:root:Epoch no. 365 of 500 (samples: 141442)
INFO:root:Loss: 7.2543 +/- 0.4082
INFO:root:Epoch no. 366 of 500 (samples: 141442)
INFO:root:Loss: 7.1406 +/- 0.3226
INFO:root:Epoch no. 367 of 500 (samples: 141442)
INFO:root:Loss: 7.1712 +/- 0.3274
INFO:root:Epoch no. 368 of 500 (samples: 141442)
INFO:root:Loss: 7.0744 +/- 0.4915
INFO:root:Epoch no. 369 of 500 (samples: 141442)
INFO:root:Loss: 7.056 +/- 0.339
INFO:root:Epoch no. 370 of 500 (samples: 141442)
INFO:root:Loss: 7.0578 +/- 0.386
INFO:root:Epoch no. 371 of 500 (samples: 141442)
INFO:root:Loss: 7.0746 +/- 0.3512
INFO:root:Epoch no. 372 of 500 (samples: 141442)
INFO:root:Loss: 7.0475 +/- 0.2127
INFO:root:Epoch no. 373 of 500 (samples: 141442)
INFO:root:Loss: 6.9836 +/- 0.2488
INFO:root:Epoch no. 374 of 500 (samples: 141442)
INFO:root:Loss: 6.9713 +/- 0.4014
INFO:root:Epoch no. 375 of 500 (samples: 141442)
INFO:root:Loss: 6.9087 +/- 0.2772
INFO:root:Epoch no. 376 of 500 (samples: 141442)
INFO:root:Loss: 6.8624 +/- 0.26
INFO:root:Epoch no. 377 of 500 (samples: 141442)
INFO:root:Loss: 6.8816 +/- 0.2042
INFO:root:Epoch no. 378 of 500 (samples: 141442)
INFO:root:Loss: 6.8247 +/- 0.3548
INFO:root:Epoch no. 379 of 500 (samples: 141442)
INFO:root:Loss: 6.7891 +/- 0.2997
INFO:root:Epoch no. 380 of 500 (samples: 141442)
INFO:root:Loss: 6.7221 +/- 0.3674
INFO:root:Epoch no. 381 of 500 (samples: 141442)
INFO:root:Loss: 6.6628 +/- 0.3226
INFO:root:Epoch no. 382 of 500 (samples: 141442)
INFO:root:Loss: 6.621 +/- 0.2975
INFO:root:Epoch no. 383 of 500 (samples: 141442)
INFO:root:Loss: 6.6894 +/- 0.4265
INFO:root:Epoch no. 384 of 500 (samples: 141442)
INFO:root:Loss: 6.5621 +/- 0.2292
INFO:root:Epoch no. 385 of 500 (samples: 141442)
INFO:root:Loss: 6.5814 +/- 0.2462
INFO:root:Epoch no. 386 of 500 (samples: 141442)
INFO:root:Loss: 6.5256 +/- 0.3061
INFO:root:Epoch no. 387 of 500 (samples: 141442)
INFO:root:Loss: 6.4984 +/- 0.3441
INFO:root:Epoch no. 388 of 500 (samples: 141442)
INFO:root:Loss: 6.4445 +/- 0.3749
INFO:root:Epoch no. 389 of 500 (samples: 141442)
INFO:root:Loss: 6.4602 +/- 0.2868
INFO:root:Epoch no. 390 of 500 (samples: 141442)
INFO:root:Loss: 6.3666 +/- 0.4509
INFO:root:Epoch no. 391 of 500 (samples: 141442)
INFO:root:Loss: 6.3187 +/- 0.2559
INFO:root:Epoch no. 392 of 500 (samples: 141442)
INFO:root:Loss: 6.2992 +/- 0.257
INFO:root:Epoch no. 393 of 500 (samples: 141442)
INFO:root:Loss: 6.2399 +/- 0.3194
INFO:root:Epoch no. 394 of 500 (samples: 141442)
INFO:root:Loss: 6.1618 +/- 0.2574
INFO:root:Epoch no. 395 of 500 (samples: 141442)
INFO:root:Loss: 6.0778 +/- 0.1851
INFO:root:Epoch no. 396 of 500 (samples: 141442)
INFO:root:Loss: 6.1394 +/- 0.4174
INFO:root:Epoch no. 397 of 500 (samples: 141442)
INFO:root:Loss: 6.0481 +/- 0.249
INFO:root:Epoch no. 398 of 500 (samples: 141442)
INFO:root:Loss: 6.0319 +/- 0.2015
INFO:root:Epoch no. 399 of 500 (samples: 141442)
INFO:root:Loss: 5.9575 +/- 0.2217
INFO:root:Epoch no. 400 of 500 (samples: 141442)
INFO:root:Loss: 6.015 +/- 0.1771
INFO:root:Epoch no. 401 of 500 (samples: 141442)
INFO:root:Loss: 5.9586 +/- 0.2316
INFO:root:Epoch no. 402 of 500 (samples: 141442)
INFO:root:Loss: 5.8554 +/- 0.2126
INFO:root:Epoch no. 403 of 500 (samples: 141442)
INFO:root:Loss: 5.8145 +/- 0.3144
INFO:root:Epoch no. 404 of 500 (samples: 141442)
INFO:root:Loss: 5.8035 +/- 0.2917
INFO:root:Epoch no. 405 of 500 (samples: 141442)
INFO:root:Loss: 5.7903 +/- 0.1372
INFO:root:Epoch no. 406 of 500 (samples: 141442)
INFO:root:Loss: 5.7788 +/- 0.2907
INFO:root:Epoch no. 407 of 500 (samples: 141442)
INFO:root:Loss: 5.6301 +/- 0.1882
INFO:root:Epoch no. 408 of 500 (samples: 141442)
INFO:root:Loss: 5.6242 +/- 0.3562
INFO:root:Epoch no. 409 of 500 (samples: 141442)
INFO:root:Loss: 5.6278 +/- 0.2124
INFO:root:Epoch no. 410 of 500 (samples: 141442)
INFO:root:Loss: 5.6177 +/- 0.2852
INFO:root:Epoch no. 411 of 500 (samples: 141442)
INFO:root:Loss: 5.5317 +/- 0.2372
INFO:root:Epoch no. 412 of 500 (samples: 141442)
INFO:root:Loss: 5.4579 +/- 0.3111
INFO:root:Epoch no. 413 of 500 (samples: 141442)
INFO:root:Loss: 5.4562 +/- 0.1688
INFO:root:Epoch no. 414 of 500 (samples: 141442)
INFO:root:Loss: 5.3512 +/- 0.2327
INFO:root:Epoch no. 415 of 500 (samples: 141442)
INFO:root:Loss: 5.358 +/- 0.177
INFO:root:Epoch no. 416 of 500 (samples: 141442)
INFO:root:Loss: 5.3852 +/- 0.2312
INFO:root:Epoch no. 417 of 500 (samples: 141442)
INFO:root:Loss: 5.2931 +/- 0.396
INFO:root:Epoch no. 418 of 500 (samples: 141442)
INFO:root:Loss: 5.3083 +/- 0.2034
INFO:root:Epoch no. 419 of 500 (samples: 141442)
INFO:root:Loss: 5.3147 +/- 0.3035
INFO:root:Epoch no. 420 of 500 (samples: 141442)
INFO:root:Loss: 5.2244 +/- 0.4197
INFO:root:Epoch no. 421 of 500 (samples: 141442)
INFO:root:Loss: 5.0977 +/- 0.205
INFO:root:Epoch no. 422 of 500 (samples: 141442)
INFO:root:Loss: 5.0831 +/- 0.3034
INFO:root:Epoch no. 423 of 500 (samples: 141442)
INFO:root:Loss: 5.0725 +/- 0.3065
INFO:root:Epoch no. 424 of 500 (samples: 141442)
INFO:root:Loss: 5.0508 +/- 0.4098
INFO:root:Epoch no. 425 of 500 (samples: 141442)
INFO:root:Loss: 4.9587 +/- 0.2109
INFO:root:Epoch no. 426 of 500 (samples: 141442)
INFO:root:Loss: 4.9891 +/- 0.1755
INFO:root:Epoch no. 427 of 500 (samples: 141442)
INFO:root:Loss: 5.0408 +/- 0.3096
INFO:root:Epoch no. 428 of 500 (samples: 141442)
INFO:root:Loss: 4.9563 +/- 0.1711
INFO:root:Epoch no. 429 of 500 (samples: 141442)
INFO:root:Loss: 4.8638 +/- 0.257
INFO:root:Epoch no. 430 of 500 (samples: 141442)
INFO:root:Loss: 4.9358 +/- 0.2528
INFO:root:Epoch no. 431 of 500 (samples: 141442)
INFO:root:Loss: 4.8006 +/- 0.2459
INFO:root:Epoch no. 432 of 500 (samples: 141442)
INFO:root:Loss: 4.8164 +/- 0.1898
INFO:root:Epoch no. 433 of 500 (samples: 141442)
INFO:root:Loss: 4.8109 +/- 0.1912
INFO:root:Epoch no. 434 of 500 (samples: 141442)
INFO:root:Loss: 4.8179 +/- 0.1873
INFO:root:Epoch no. 435 of 500 (samples: 141442)
INFO:root:Loss: 4.7767 +/- 0.2291
INFO:root:Epoch no. 436 of 500 (samples: 141442)
INFO:root:Loss: 4.774 +/- 0.1668
INFO:root:Epoch no. 437 of 500 (samples: 141442)
INFO:root:Loss: 4.6203 +/- 0.3852
INFO:root:Epoch no. 438 of 500 (samples: 141442)
INFO:root:Loss: 4.6783 +/- 0.1828
INFO:root:Epoch no. 439 of 500 (samples: 141442)
INFO:root:Loss: 4.6685 +/- 0.2154
INFO:root:Epoch no. 440 of 500 (samples: 141442)
INFO:root:Loss: 4.5975 +/- 0.2452
INFO:root:Epoch no. 441 of 500 (samples: 141442)
INFO:root:Loss: 4.5464 +/- 0.1626
INFO:root:Epoch no. 442 of 500 (samples: 141442)
INFO:root:Loss: 4.5768 +/- 0.2005
INFO:root:Epoch no. 443 of 500 (samples: 141442)
INFO:root:Loss: 4.5173 +/- 0.3131
INFO:root:Epoch no. 444 of 500 (samples: 141442)
INFO:root:Loss: 4.4456 +/- 0.1856
INFO:root:Epoch no. 445 of 500 (samples: 141442)
INFO:root:Loss: 4.4767 +/- 0.2376
INFO:root:Epoch no. 446 of 500 (samples: 141442)
INFO:root:Loss: 4.4074 +/- 0.2389
INFO:root:Epoch no. 447 of 500 (samples: 141442)
INFO:root:Loss: 4.4487 +/- 0.3248
INFO:root:Epoch no. 448 of 500 (samples: 141442)
INFO:root:Loss: 4.3332 +/- 0.1667
INFO:root:Epoch no. 449 of 500 (samples: 141442)
INFO:root:Loss: 4.344 +/- 0.203
INFO:root:Epoch no. 450 of 500 (samples: 141442)
INFO:root:Loss: 4.3436 +/- 0.2779
INFO:root:Epoch no. 451 of 500 (samples: 141442)
INFO:root:Loss: 4.2466 +/- 0.1374
INFO:root:Epoch no. 452 of 500 (samples: 141442)
INFO:root:Loss: 4.2144 +/- 0.2676
INFO:root:Epoch no. 453 of 500 (samples: 141442)
INFO:root:Loss: 4.2158 +/- 0.1626
INFO:root:Epoch no. 454 of 500 (samples: 141442)
INFO:root:Loss: 4.2296 +/- 0.2057
INFO:root:Epoch no. 455 of 500 (samples: 141442)
INFO:root:Loss: 4.166 +/- 0.1799
INFO:root:Epoch no. 456 of 500 (samples: 141442)
INFO:root:Loss: 4.1199 +/- 0.2452
INFO:root:Epoch no. 457 of 500 (samples: 141442)
INFO:root:Loss: 4.0667 +/- 0.168
INFO:root:Epoch no. 458 of 500 (samples: 141442)
INFO:root:Loss: 3.9911 +/- 0.2162
INFO:root:Epoch no. 459 of 500 (samples: 141442)
INFO:root:Loss: 3.8815 +/- 0.2265
INFO:root:Epoch no. 460 of 500 (samples: 141442)
INFO:root:Loss: 3.9536 +/- 0.201
INFO:root:Epoch no. 461 of 500 (samples: 141442)
INFO:root:Loss: 3.9027 +/- 0.2583
INFO:root:Epoch no. 462 of 500 (samples: 141442)
INFO:root:Loss: 3.8393 +/- 0.2477
INFO:root:Epoch no. 463 of 500 (samples: 141442)
INFO:root:Loss: 3.8119 +/- 0.2184
INFO:root:Epoch no. 464 of 500 (samples: 141442)
INFO:root:Loss: 3.7275 +/- 0.1507
INFO:root:Epoch no. 465 of 500 (samples: 141442)
INFO:root:Loss: 3.732 +/- 0.1954
INFO:root:Epoch no. 466 of 500 (samples: 141442)
INFO:root:Loss: 3.7079 +/- 0.2404
INFO:root:Epoch no. 467 of 500 (samples: 141442)
INFO:root:Loss: 3.7194 +/- 0.2441
INFO:root:Epoch no. 468 of 500 (samples: 141442)
INFO:root:Loss: 3.5894 +/- 0.2463
INFO:root:Epoch no. 469 of 500 (samples: 141442)
INFO:root:Loss: 3.5226 +/- 0.1968
INFO:root:Epoch no. 470 of 500 (samples: 141442)
INFO:root:Loss: 3.6201 +/- 0.1349
INFO:root:Epoch no. 471 of 500 (samples: 141442)
INFO:root:Loss: 3.5095 +/- 0.1843
INFO:root:Epoch no. 472 of 500 (samples: 141442)
INFO:root:Loss: 3.5152 +/- 0.1571
INFO:root:Epoch no. 473 of 500 (samples: 141442)
INFO:root:Loss: 3.4666 +/- 0.1685
INFO:root:Epoch no. 474 of 500 (samples: 141442)
INFO:root:Loss: 3.4677 +/- 0.2122
INFO:root:Epoch no. 475 of 500 (samples: 141442)
INFO:root:Loss: 3.4594 +/- 0.1735
INFO:root:Epoch no. 476 of 500 (samples: 141442)
INFO:root:Loss: 3.3689 +/- 0.1589
INFO:root:Epoch no. 477 of 500 (samples: 141442)
INFO:root:Loss: 3.4109 +/- 0.1504
INFO:root:Epoch no. 478 of 500 (samples: 141442)
INFO:root:Loss: 3.3445 +/- 0.2338
INFO:root:Epoch no. 479 of 500 (samples: 141442)
INFO:root:Loss: 3.3367 +/- 0.2308
INFO:root:Epoch no. 480 of 500 (samples: 141442)
INFO:root:Loss: 3.3142 +/- 0.2607
INFO:root:Epoch no. 481 of 500 (samples: 141442)
INFO:root:Loss: 3.3056 +/- 0.1628
INFO:root:Epoch no. 482 of 500 (samples: 141442)
INFO:root:Loss: 3.254 +/- 0.2183
INFO:root:Epoch no. 483 of 500 (samples: 141442)
INFO:root:Loss: 3.2911 +/- 0.2239
INFO:root:Epoch no. 484 of 500 (samples: 141442)
INFO:root:Loss: 3.2426 +/- 0.1993
INFO:root:Epoch no. 485 of 500 (samples: 141442)
INFO:root:Loss: 3.143 +/- 0.1485
INFO:root:Epoch no. 486 of 500 (samples: 141442)
INFO:root:Loss: 3.229 +/- 0.1886
INFO:root:Epoch no. 487 of 500 (samples: 141442)
INFO:root:Loss: 3.157 +/- 0.1736
INFO:root:Epoch no. 488 of 500 (samples: 141442)
INFO:root:Loss: 3.1591 +/- 0.1965
INFO:root:Epoch no. 489 of 500 (samples: 141442)
INFO:root:Loss: 3.1249 +/- 0.1588
INFO:root:Epoch no. 490 of 500 (samples: 141442)
INFO:root:Loss: 3.1971 +/- 0.1357
INFO:root:Epoch no. 491 of 500 (samples: 141442)
INFO:root:Loss: 3.0778 +/- 0.2036
INFO:root:Epoch no. 492 of 500 (samples: 141442)
INFO:root:Loss: 3.1577 +/- 0.2764
INFO:root:Epoch no. 493 of 500 (samples: 141442)
INFO:root:Loss: 3.2194 +/- 0.1588
INFO:root:Epoch no. 494 of 500 (samples: 141442)
INFO:root:Loss: 3.1229 +/- 0.1813
INFO:root:Epoch no. 495 of 500 (samples: 141442)
INFO:root:Loss: 3.0816 +/- 0.2563
INFO:root:Epoch no. 496 of 500 (samples: 141442)
INFO:root:Loss: 3.0844 +/- 0.1386
INFO:root:Epoch no. 497 of 500 (samples: 141442)
INFO:root:Loss: 3.1406 +/- 0.2417
INFO:root:Epoch no. 498 of 500 (samples: 141442)
INFO:root:Loss: 3.1026 +/- 0.189
INFO:root:Epoch no. 499 of 500 (samples: 141442)
INFO:root:Loss: 3.0146 +/- 0.1614
INFO:root:Epoch no. 500 of 500 (samples: 141442)
INFO:root:Loss: 3.058 +/- 0.1699
/usr/local/lib/python3.5/dist-packages/keras/backend/theano_backend.py:527: UserWarning: theano.function was asked to create a function computing outputs given certain inputs, but the provided input variable at index 2 is not part of the computational graph needed to compute the outputs: keras_learning_phase.
To make this warning into an error, you can pass the parameter on_unused_input='raise' to theano.function. To disable it completely, use on_unused_input='ignore'.
  **kwargs)
INFO:root:### MICRO (validation raw):
INFO:root:	-- left   >> mean: 520.945, median: 2.0, mrr: 0.549, hits@1: 41.1%
INFO:root:	-- right  >> mean: 516.5614, median: 2.0, mrr: 0.532, hits@1: 39.42%
INFO:root:	-- global >> mean: 518.7532, median: 2.0, mrr: 0.54, hits@1: 40.26%
INFO:root:### MICRO (validation raw):
INFO:root:	-- left   >> mean: 520.945, median: 2.0, mrr: 0.549, hits@3: 64.54%
INFO:root:	-- right  >> mean: 516.5614, median: 2.0, mrr: 0.532, hits@3: 62.62%
INFO:root:	-- global >> mean: 518.7532, median: 2.0, mrr: 0.54, hits@3: 63.58%
INFO:root:### MICRO (validation raw):
INFO:root:	-- left   >> mean: 520.945, median: 2.0, mrr: 0.549, hits@5: 72.24%
INFO:root:	-- right  >> mean: 516.5614, median: 2.0, mrr: 0.532, hits@5: 70.78%
INFO:root:	-- global >> mean: 518.7532, median: 2.0, mrr: 0.54, hits@5: 71.51%
INFO:root:### MICRO (validation raw):
INFO:root:	-- left   >> mean: 520.945, median: 2.0, mrr: 0.549, hits@10: 79.72%
INFO:root:	-- right  >> mean: 516.5614, median: 2.0, mrr: 0.532, hits@10: 78.6%
INFO:root:	-- global >> mean: 518.7532, median: 2.0, mrr: 0.54, hits@10: 79.16%
INFO:root:### MICRO (validation filtered):
INFO:root:	-- left   >> mean: 509.487, median: 1.0, mrr: 0.785, hits@1: 68.96%
INFO:root:	-- right  >> mean: 504.6366, median: 1.0, mrr: 0.782, hits@1: 68.74%
INFO:root:	-- global >> mean: 507.0618, median: 1.0, mrr: 0.783, hits@1: 68.85%
INFO:root:### MICRO (validation filtered):
INFO:root:	-- left   >> mean: 509.487, median: 1.0, mrr: 0.785, hits@3: 86.94%
INFO:root:	-- right  >> mean: 504.6366, median: 1.0, mrr: 0.782, hits@3: 86.44%
INFO:root:	-- global >> mean: 507.0618, median: 1.0, mrr: 0.783, hits@3: 86.69%
INFO:root:### MICRO (validation filtered):
INFO:root:	-- left   >> mean: 509.487, median: 1.0, mrr: 0.785, hits@5: 89.4%
INFO:root:	-- right  >> mean: 504.6366, median: 1.0, mrr: 0.782, hits@5: 88.78%
INFO:root:	-- global >> mean: 507.0618, median: 1.0, mrr: 0.783, hits@5: 89.09%
INFO:root:### MICRO (validation filtered):
INFO:root:	-- left   >> mean: 509.487, median: 1.0, mrr: 0.785, hits@10: 91.62%
INFO:root:	-- right  >> mean: 504.6366, median: 1.0, mrr: 0.782, hits@10: 91.3%
INFO:root:	-- global >> mean: 507.0618, median: 1.0, mrr: 0.783, hits@10: 91.46%
INFO:root:### MICRO (test raw):
INFO:root:	-- left   >> mean: 451.039, median: 2.0, mrr: 0.531, hits@1: 39.18%
INFO:root:	-- right  >> mean: 449.918, median: 2.0, mrr: 0.551, hits@1: 41.4%
INFO:root:	-- global >> mean: 450.4785, median: 2.0, mrr: 0.541, hits@1: 40.29%
INFO:root:### MICRO (test raw):
INFO:root:	-- left   >> mean: 451.039, median: 2.0, mrr: 0.531, hits@3: 62.38%
INFO:root:	-- right  >> mean: 449.918, median: 2.0, mrr: 0.551, hits@3: 64.0%
INFO:root:	-- global >> mean: 450.4785, median: 2.0, mrr: 0.541, hits@3: 63.19%
INFO:root:### MICRO (test raw):
INFO:root:	-- left   >> mean: 451.039, median: 2.0, mrr: 0.531, hits@5: 71.18%
INFO:root:	-- right  >> mean: 449.918, median: 2.0, mrr: 0.551, hits@5: 72.86%
INFO:root:	-- global >> mean: 450.4785, median: 2.0, mrr: 0.541, hits@5: 72.02%
INFO:root:### MICRO (test raw):
INFO:root:	-- left   >> mean: 451.039, median: 2.0, mrr: 0.531, hits@10: 79.62%
INFO:root:	-- right  >> mean: 449.918, median: 2.0, mrr: 0.551, hits@10: 80.96%
INFO:root:	-- global >> mean: 450.4785, median: 2.0, mrr: 0.541, hits@10: 80.29%
INFO:root:### MICRO (test filtered):
INFO:root:	-- left   >> mean: 438.6354, median: 1.0, mrr: 0.79, hits@1: 69.7%
INFO:root:	-- right  >> mean: 438.3544, median: 1.0, mrr: 0.791, hits@1: 69.94%
INFO:root:	-- global >> mean: 438.4949, median: 1.0, mrr: 0.791, hits@1: 69.82%
INFO:root:### MICRO (test filtered):
INFO:root:	-- left   >> mean: 438.6354, median: 1.0, mrr: 0.79, hits@3: 86.92%
INFO:root:	-- right  >> mean: 438.3544, median: 1.0, mrr: 0.791, hits@3: 87.0%
INFO:root:	-- global >> mean: 438.4949, median: 1.0, mrr: 0.791, hits@3: 86.96%
INFO:root:### MICRO (test filtered):
INFO:root:	-- left   >> mean: 438.6354, median: 1.0, mrr: 0.79, hits@5: 89.56%
INFO:root:	-- right  >> mean: 438.3544, median: 1.0, mrr: 0.791, hits@5: 89.48%
INFO:root:	-- global >> mean: 438.4949, median: 1.0, mrr: 0.791, hits@5: 89.52%
INFO:root:### MICRO (test filtered):
INFO:root:	-- left   >> mean: 438.6354, median: 1.0, mrr: 0.79, hits@10: 92.1%
INFO:root:	-- right  >> mean: 438.3544, median: 1.0, mrr: 0.791, hits@10: 92.26%
INFO:root:	-- global >> mean: 438.4949, median: 1.0, mrr: 0.791, hits@10: 92.18%
