Using Theano backend.
Traceback (most recent call last):
  File "./bin/hyper-cli.py", line 19, in <module>
    from hyper.pathranking.api import PathRankingClient
  File "/home/insight/.local/lib/python3.4/site-packages/hyper-0.0.1-py3.4.egg/hyper/pathranking/api.py", line 5, in <module>
ImportError: No module named 'repurposing'
Using Theano backend.
INFO:root:Samples: 483142, no. batches: 10 -> batch size: 48315
INFO:root:Recognizing the type of each predicate (1-to-1, 1-to-M, M-to-1, M-to-M) ..
INFO:root:Epoch no. 1 of 500 (samples: 483142)
INFO:root:Loss: 0.4996 +/- 0.0003
INFO:root:Epoch no. 2 of 500 (samples: 483142)
INFO:root:Loss: 0.4963 +/- 0.0011
INFO:root:Epoch no. 3 of 500 (samples: 483142)
INFO:root:Loss: 0.4906 +/- 0.0019
INFO:root:Epoch no. 4 of 500 (samples: 483142)
INFO:root:Loss: 0.4825 +/- 0.0024
INFO:root:Epoch no. 5 of 500 (samples: 483142)
INFO:root:Loss: 0.4731 +/- 0.0026
INFO:root:Epoch no. 6 of 500 (samples: 483142)
INFO:root:Loss: 0.4632 +/- 0.0028
INFO:root:Epoch no. 7 of 500 (samples: 483142)
INFO:root:Loss: 0.4536 +/- 0.0026
INFO:root:Epoch no. 8 of 500 (samples: 483142)
INFO:root:Loss: 0.4444 +/- 0.0024
INFO:root:Epoch no. 9 of 500 (samples: 483142)
INFO:root:Loss: 0.436 +/- 0.0022
INFO:root:Epoch no. 10 of 500 (samples: 483142)
INFO:root:Loss: 0.4281 +/- 0.0021
INFO:root:Epoch no. 11 of 500 (samples: 483142)
INFO:root:Loss: 0.4208 +/- 0.0019
INFO:root:Epoch no. 12 of 500 (samples: 483142)
INFO:root:Loss: 0.4139 +/- 0.0018
INFO:root:Epoch no. 13 of 500 (samples: 483142)
INFO:root:Loss: 0.4077 +/- 0.0017
INFO:root:Epoch no. 14 of 500 (samples: 483142)
INFO:root:Loss: 0.4018 +/- 0.0015
INFO:root:Epoch no. 15 of 500 (samples: 483142)
INFO:root:Loss: 0.3963 +/- 0.0014
INFO:root:Epoch no. 16 of 500 (samples: 483142)
INFO:root:Loss: 0.391 +/- 0.0014
INFO:root:Epoch no. 17 of 500 (samples: 483142)
INFO:root:Loss: 0.3861 +/- 0.0014
INFO:root:Epoch no. 18 of 500 (samples: 483142)
INFO:root:Loss: 0.3814 +/- 0.0015
INFO:root:Epoch no. 19 of 500 (samples: 483142)
INFO:root:Loss: 0.377 +/- 0.0011
INFO:root:Epoch no. 20 of 500 (samples: 483142)
INFO:root:Loss: 0.3725 +/- 0.0012
INFO:root:Epoch no. 21 of 500 (samples: 483142)
INFO:root:Loss: 0.3685 +/- 0.0012
INFO:root:Epoch no. 22 of 500 (samples: 483142)
INFO:root:Loss: 0.3644 +/- 0.0011
INFO:root:Epoch no. 23 of 500 (samples: 483142)
INFO:root:Loss: 0.3605 +/- 0.0011
INFO:root:Epoch no. 24 of 500 (samples: 483142)
INFO:root:Loss: 0.3567 +/- 0.001
INFO:root:Epoch no. 25 of 500 (samples: 483142)
INFO:root:Loss: 0.3531 +/- 0.001
INFO:root:Epoch no. 26 of 500 (samples: 483142)
INFO:root:Loss: 0.3495 +/- 0.0008
INFO:root:Epoch no. 27 of 500 (samples: 483142)
INFO:root:Loss: 0.3461 +/- 0.001
INFO:root:Epoch no. 28 of 500 (samples: 483142)
INFO:root:Loss: 0.3428 +/- 0.001
INFO:root:Epoch no. 29 of 500 (samples: 483142)
INFO:root:Loss: 0.3394 +/- 0.0008
INFO:root:Epoch no. 30 of 500 (samples: 483142)
INFO:root:Loss: 0.336 +/- 0.001
INFO:root:Epoch no. 31 of 500 (samples: 483142)
INFO:root:Loss: 0.333 +/- 0.001
INFO:root:Epoch no. 32 of 500 (samples: 483142)
INFO:root:Loss: 0.3298 +/- 0.001
INFO:root:Epoch no. 33 of 500 (samples: 483142)
INFO:root:Loss: 0.3269 +/- 0.0007
INFO:root:Epoch no. 34 of 500 (samples: 483142)
INFO:root:Loss: 0.324 +/- 0.0009
INFO:root:Epoch no. 35 of 500 (samples: 483142)
INFO:root:Loss: 0.321 +/- 0.0009
INFO:root:Epoch no. 36 of 500 (samples: 483142)
INFO:root:Loss: 0.3181 +/- 0.0008
INFO:root:Epoch no. 37 of 500 (samples: 483142)
INFO:root:Loss: 0.3155 +/- 0.0008
INFO:root:Epoch no. 38 of 500 (samples: 483142)
INFO:root:Loss: 0.3127 +/- 0.0008
INFO:root:Epoch no. 39 of 500 (samples: 483142)
INFO:root:Loss: 0.3098 +/- 0.0006
INFO:root:Epoch no. 40 of 500 (samples: 483142)
INFO:root:Loss: 0.3071 +/- 0.001
INFO:root:Epoch no. 41 of 500 (samples: 483142)
INFO:root:Loss: 0.3047 +/- 0.0006
INFO:root:Epoch no. 42 of 500 (samples: 483142)
INFO:root:Loss: 0.3019 +/- 0.0008
INFO:root:Epoch no. 43 of 500 (samples: 483142)
INFO:root:Loss: 0.2995 +/- 0.0007
INFO:root:Epoch no. 44 of 500 (samples: 483142)
INFO:root:Loss: 0.2969 +/- 0.0007
INFO:root:Epoch no. 45 of 500 (samples: 483142)
INFO:root:Loss: 0.2944 +/- 0.0008
INFO:root:Epoch no. 46 of 500 (samples: 483142)
INFO:root:Loss: 0.2921 +/- 0.0008
INFO:root:Epoch no. 47 of 500 (samples: 483142)
INFO:root:Loss: 0.2898 +/- 0.0007
INFO:root:Epoch no. 48 of 500 (samples: 483142)
INFO:root:Loss: 0.2874 +/- 0.0008
INFO:root:Epoch no. 49 of 500 (samples: 483142)
INFO:root:Loss: 0.2852 +/- 0.0006
INFO:root:Epoch no. 50 of 500 (samples: 483142)
INFO:root:Loss: 0.2831 +/- 0.0007
INFO:root:Epoch no. 51 of 500 (samples: 483142)
INFO:root:Loss: 0.2806 +/- 0.0008
INFO:root:Epoch no. 52 of 500 (samples: 483142)
INFO:root:Loss: 0.2784 +/- 0.0007
INFO:root:Epoch no. 53 of 500 (samples: 483142)
INFO:root:Loss: 0.2762 +/- 0.0007
INFO:root:Epoch no. 54 of 500 (samples: 483142)
INFO:root:Loss: 0.2742 +/- 0.0007
INFO:root:Epoch no. 55 of 500 (samples: 483142)
INFO:root:Loss: 0.2719 +/- 0.0008
INFO:root:Epoch no. 56 of 500 (samples: 483142)
INFO:root:Loss: 0.2697 +/- 0.001
INFO:root:Epoch no. 57 of 500 (samples: 483142)
INFO:root:Loss: 0.2675 +/- 0.0009
INFO:root:Epoch no. 58 of 500 (samples: 483142)
INFO:root:Loss: 0.2657 +/- 0.0007
INFO:root:Epoch no. 59 of 500 (samples: 483142)
INFO:root:Loss: 0.2637 +/- 0.0006
INFO:root:Epoch no. 60 of 500 (samples: 483142)
INFO:root:Loss: 0.2616 +/- 0.0007
INFO:root:Epoch no. 61 of 500 (samples: 483142)
INFO:root:Loss: 0.2593 +/- 0.0007
INFO:root:Epoch no. 62 of 500 (samples: 483142)
INFO:root:Loss: 0.2577 +/- 0.001
INFO:root:Epoch no. 63 of 500 (samples: 483142)
INFO:root:Loss: 0.2557 +/- 0.0006
INFO:root:Epoch no. 64 of 500 (samples: 483142)
INFO:root:Loss: 0.2538 +/- 0.0007
INFO:root:Epoch no. 65 of 500 (samples: 483142)
INFO:root:Loss: 0.2517 +/- 0.0006
INFO:root:Epoch no. 66 of 500 (samples: 483142)
INFO:root:Loss: 0.2499 +/- 0.0008
INFO:root:Epoch no. 67 of 500 (samples: 483142)
INFO:root:Loss: 0.2479 +/- 0.0006
INFO:root:Epoch no. 68 of 500 (samples: 483142)
INFO:root:Loss: 0.246 +/- 0.0006
INFO:root:Epoch no. 69 of 500 (samples: 483142)
INFO:root:Loss: 0.2443 +/- 0.0005
INFO:root:Epoch no. 70 of 500 (samples: 483142)
INFO:root:Loss: 0.2425 +/- 0.0007
INFO:root:Epoch no. 71 of 500 (samples: 483142)
INFO:root:Loss: 0.2408 +/- 0.0008
INFO:root:Epoch no. 72 of 500 (samples: 483142)
INFO:root:Loss: 0.2391 +/- 0.0006
INFO:root:Epoch no. 73 of 500 (samples: 483142)
INFO:root:Loss: 0.2371 +/- 0.0007
INFO:root:Epoch no. 74 of 500 (samples: 483142)
INFO:root:Loss: 0.2356 +/- 0.0007
INFO:root:Epoch no. 75 of 500 (samples: 483142)
INFO:root:Loss: 0.2338 +/- 0.0007
INFO:root:Epoch no. 76 of 500 (samples: 483142)
INFO:root:Loss: 0.2322 +/- 0.0007
INFO:root:Epoch no. 77 of 500 (samples: 483142)
INFO:root:Loss: 0.2302 +/- 0.0007
INFO:root:Epoch no. 78 of 500 (samples: 483142)
INFO:root:Loss: 0.2287 +/- 0.0006
INFO:root:Epoch no. 79 of 500 (samples: 483142)
INFO:root:Loss: 0.2269 +/- 0.0006
INFO:root:Epoch no. 80 of 500 (samples: 483142)
INFO:root:Loss: 0.2253 +/- 0.0009
INFO:root:Epoch no. 81 of 500 (samples: 483142)
INFO:root:Loss: 0.2233 +/- 0.0008
INFO:root:Epoch no. 82 of 500 (samples: 483142)
INFO:root:Loss: 0.2218 +/- 0.0007
INFO:root:Epoch no. 83 of 500 (samples: 483142)
INFO:root:Loss: 0.2204 +/- 0.001
INFO:root:Epoch no. 84 of 500 (samples: 483142)
INFO:root:Loss: 0.219 +/- 0.0006
INFO:root:Epoch no. 85 of 500 (samples: 483142)
INFO:root:Loss: 0.2172 +/- 0.0008
INFO:root:Epoch no. 86 of 500 (samples: 483142)
INFO:root:Loss: 0.2156 +/- 0.0007
INFO:root:Epoch no. 87 of 500 (samples: 483142)
INFO:root:Loss: 0.2139 +/- 0.0005
INFO:root:Epoch no. 88 of 500 (samples: 483142)
INFO:root:Loss: 0.2125 +/- 0.0007
INFO:root:Epoch no. 89 of 500 (samples: 483142)
INFO:root:Loss: 0.2111 +/- 0.0005
INFO:root:Epoch no. 90 of 500 (samples: 483142)
INFO:root:Loss: 0.2097 +/- 0.0005
INFO:root:Epoch no. 91 of 500 (samples: 483142)
INFO:root:Loss: 0.2086 +/- 0.0008
INFO:root:Epoch no. 92 of 500 (samples: 483142)
INFO:root:Loss: 0.2068 +/- 0.0006
INFO:root:Epoch no. 93 of 500 (samples: 483142)
INFO:root:Loss: 0.205 +/- 0.0008
INFO:root:Epoch no. 94 of 500 (samples: 483142)
INFO:root:Loss: 0.2034 +/- 0.0006
INFO:root:Epoch no. 95 of 500 (samples: 483142)
INFO:root:Loss: 0.2023 +/- 0.0007
INFO:root:Epoch no. 96 of 500 (samples: 483142)
INFO:root:Loss: 0.2007 +/- 0.0007
INFO:root:Epoch no. 97 of 500 (samples: 483142)
INFO:root:Loss: 0.1992 +/- 0.0007
INFO:root:Epoch no. 98 of 500 (samples: 483142)
INFO:root:Loss: 0.1979 +/- 0.0007
INFO:root:Epoch no. 99 of 500 (samples: 483142)
INFO:root:Loss: 0.1965 +/- 0.0008
INFO:root:Epoch no. 100 of 500 (samples: 483142)
INFO:root:Loss: 0.1953 +/- 0.0007
INFO:root:Epoch no. 101 of 500 (samples: 483142)
INFO:root:Loss: 0.1939 +/- 0.0007
INFO:root:Epoch no. 102 of 500 (samples: 483142)
INFO:root:Loss: 0.1925 +/- 0.0008
INFO:root:Epoch no. 103 of 500 (samples: 483142)
INFO:root:Loss: 0.1912 +/- 0.0006
INFO:root:Epoch no. 104 of 500 (samples: 483142)
INFO:root:Loss: 0.1898 +/- 0.0005
INFO:root:Epoch no. 105 of 500 (samples: 483142)
INFO:root:Loss: 0.1886 +/- 0.0006
INFO:root:Epoch no. 106 of 500 (samples: 483142)
INFO:root:Loss: 0.1874 +/- 0.0009
INFO:root:Epoch no. 107 of 500 (samples: 483142)
INFO:root:Loss: 0.1857 +/- 0.0007
INFO:root:Epoch no. 108 of 500 (samples: 483142)
INFO:root:Loss: 0.1848 +/- 0.0004
INFO:root:Epoch no. 109 of 500 (samples: 483142)
INFO:root:Loss: 0.1834 +/- 0.0007
INFO:root:Epoch no. 110 of 500 (samples: 483142)
INFO:root:Loss: 0.1821 +/- 0.001
INFO:root:Epoch no. 111 of 500 (samples: 483142)
INFO:root:Loss: 0.1812 +/- 0.0007
INFO:root:Epoch no. 112 of 500 (samples: 483142)
INFO:root:Loss: 0.1796 +/- 0.0006
INFO:root:Epoch no. 113 of 500 (samples: 483142)
INFO:root:Loss: 0.1785 +/- 0.0005
INFO:root:Epoch no. 114 of 500 (samples: 483142)
INFO:root:Loss: 0.1775 +/- 0.0007
INFO:root:Epoch no. 115 of 500 (samples: 483142)
INFO:root:Loss: 0.1761 +/- 0.0006
INFO:root:Epoch no. 116 of 500 (samples: 483142)
INFO:root:Loss: 0.1751 +/- 0.0006
INFO:root:Epoch no. 117 of 500 (samples: 483142)
INFO:root:Loss: 0.1742 +/- 0.0011
INFO:root:Epoch no. 118 of 500 (samples: 483142)
INFO:root:Loss: 0.173 +/- 0.0006
INFO:root:Epoch no. 119 of 500 (samples: 483142)
INFO:root:Loss: 0.1712 +/- 0.0006
INFO:root:Epoch no. 120 of 500 (samples: 483142)
INFO:root:Loss: 0.1704 +/- 0.0005
INFO:root:Epoch no. 121 of 500 (samples: 483142)
INFO:root:Loss: 0.1694 +/- 0.0007
INFO:root:Epoch no. 122 of 500 (samples: 483142)
INFO:root:Loss: 0.1682 +/- 0.0009
INFO:root:Epoch no. 123 of 500 (samples: 483142)
INFO:root:Loss: 0.167 +/- 0.0007
INFO:root:Epoch no. 124 of 500 (samples: 483142)
INFO:root:Loss: 0.1663 +/- 0.0008
INFO:root:Epoch no. 125 of 500 (samples: 483142)
INFO:root:Loss: 0.1651 +/- 0.0005
INFO:root:Epoch no. 126 of 500 (samples: 483142)
INFO:root:Loss: 0.1643 +/- 0.0007
INFO:root:Epoch no. 127 of 500 (samples: 483142)
INFO:root:Loss: 0.1629 +/- 0.0004
INFO:root:Epoch no. 128 of 500 (samples: 483142)
INFO:root:Loss: 0.1617 +/- 0.0006
INFO:root:Epoch no. 129 of 500 (samples: 483142)
INFO:root:Loss: 0.161 +/- 0.0007
INFO:root:Epoch no. 130 of 500 (samples: 483142)
INFO:root:Loss: 0.16 +/- 0.0006
INFO:root:Epoch no. 131 of 500 (samples: 483142)
INFO:root:Loss: 0.159 +/- 0.0006
INFO:root:Epoch no. 132 of 500 (samples: 483142)
INFO:root:Loss: 0.1584 +/- 0.0007
INFO:root:Epoch no. 133 of 500 (samples: 483142)
INFO:root:Loss: 0.1577 +/- 0.0007
INFO:root:Epoch no. 134 of 500 (samples: 483142)
INFO:root:Loss: 0.1557 +/- 0.0005
INFO:root:Epoch no. 135 of 500 (samples: 483142)
INFO:root:Loss: 0.1551 +/- 0.001
INFO:root:Epoch no. 136 of 500 (samples: 483142)
INFO:root:Loss: 0.1543 +/- 0.0003
INFO:root:Epoch no. 137 of 500 (samples: 483142)
INFO:root:Loss: 0.1534 +/- 0.0008
INFO:root:Epoch no. 138 of 500 (samples: 483142)
INFO:root:Loss: 0.1526 +/- 0.0008
INFO:root:Epoch no. 139 of 500 (samples: 483142)
INFO:root:Loss: 0.1518 +/- 0.0006
INFO:root:Epoch no. 140 of 500 (samples: 483142)
INFO:root:Loss: 0.1508 +/- 0.0009
INFO:root:Epoch no. 141 of 500 (samples: 483142)
INFO:root:Loss: 0.1501 +/- 0.0006
INFO:root:Epoch no. 142 of 500 (samples: 483142)
INFO:root:Loss: 0.1489 +/- 0.0006
INFO:root:Epoch no. 143 of 500 (samples: 483142)
INFO:root:Loss: 0.1482 +/- 0.0007
INFO:root:Epoch no. 144 of 500 (samples: 483142)
INFO:root:Loss: 0.1474 +/- 0.0008
INFO:root:Epoch no. 145 of 500 (samples: 483142)
INFO:root:Loss: 0.1464 +/- 0.0006
INFO:root:Epoch no. 146 of 500 (samples: 483142)
INFO:root:Loss: 0.1451 +/- 0.0008
INFO:root:Epoch no. 147 of 500 (samples: 483142)
INFO:root:Loss: 0.1448 +/- 0.0004
INFO:root:Epoch no. 148 of 500 (samples: 483142)
INFO:root:Loss: 0.1437 +/- 0.0011
INFO:root:Epoch no. 149 of 500 (samples: 483142)
INFO:root:Loss: 0.1431 +/- 0.0005
INFO:root:Epoch no. 150 of 500 (samples: 483142)
INFO:root:Loss: 0.1427 +/- 0.0005
INFO:root:Epoch no. 151 of 500 (samples: 483142)
INFO:root:Loss: 0.142 +/- 0.0007
INFO:root:Epoch no. 152 of 500 (samples: 483142)
INFO:root:Loss: 0.1407 +/- 0.0007
INFO:root:Epoch no. 153 of 500 (samples: 483142)
INFO:root:Loss: 0.1399 +/- 0.0005
INFO:root:Epoch no. 154 of 500 (samples: 483142)
INFO:root:Loss: 0.1393 +/- 0.0006
INFO:root:Epoch no. 155 of 500 (samples: 483142)
INFO:root:Loss: 0.1383 +/- 0.0006
INFO:root:Epoch no. 156 of 500 (samples: 483142)
INFO:root:Loss: 0.1374 +/- 0.0008
INFO:root:Epoch no. 157 of 500 (samples: 483142)
INFO:root:Loss: 0.1369 +/- 0.0007
INFO:root:Epoch no. 158 of 500 (samples: 483142)
INFO:root:Loss: 0.1361 +/- 0.0007
INFO:root:Epoch no. 159 of 500 (samples: 483142)
INFO:root:Loss: 0.1354 +/- 0.0004
INFO:root:Epoch no. 160 of 500 (samples: 483142)
INFO:root:Loss: 0.1345 +/- 0.0008
INFO:root:Epoch no. 161 of 500 (samples: 483142)
INFO:root:Loss: 0.1343 +/- 0.0005
INFO:root:Epoch no. 162 of 500 (samples: 483142)
INFO:root:Loss: 0.1334 +/- 0.0004
INFO:root:Epoch no. 163 of 500 (samples: 483142)
INFO:root:Loss: 0.1323 +/- 0.0008
INFO:root:Epoch no. 164 of 500 (samples: 483142)
INFO:root:Loss: 0.1319 +/- 0.0007
INFO:root:Epoch no. 165 of 500 (samples: 483142)
INFO:root:Loss: 0.1312 +/- 0.0007
INFO:root:Epoch no. 166 of 500 (samples: 483142)
INFO:root:Loss: 0.1304 +/- 0.0006
INFO:root:Epoch no. 167 of 500 (samples: 483142)
INFO:root:Loss: 0.13 +/- 0.0005
INFO:root:Epoch no. 168 of 500 (samples: 483142)
INFO:root:Loss: 0.1291 +/- 0.0007
INFO:root:Epoch no. 169 of 500 (samples: 483142)
INFO:root:Loss: 0.1285 +/- 0.0005
INFO:root:Epoch no. 170 of 500 (samples: 483142)
INFO:root:Loss: 0.1275 +/- 0.0005
INFO:root:Epoch no. 171 of 500 (samples: 483142)
INFO:root:Loss: 0.1272 +/- 0.0007
INFO:root:Epoch no. 172 of 500 (samples: 483142)
INFO:root:Loss: 0.1268 +/- 0.0006
INFO:root:Epoch no. 173 of 500 (samples: 483142)
INFO:root:Loss: 0.126 +/- 0.0006
INFO:root:Epoch no. 174 of 500 (samples: 483142)
INFO:root:Loss: 0.1253 +/- 0.0006
INFO:root:Epoch no. 175 of 500 (samples: 483142)
INFO:root:Loss: 0.1247 +/- 0.0008
INFO:root:Epoch no. 176 of 500 (samples: 483142)
INFO:root:Loss: 0.124 +/- 0.0006
INFO:root:Epoch no. 177 of 500 (samples: 483142)
INFO:root:Loss: 0.1238 +/- 0.0006
INFO:root:Epoch no. 178 of 500 (samples: 483142)
INFO:root:Loss: 0.1226 +/- 0.0008
INFO:root:Epoch no. 179 of 500 (samples: 483142)
INFO:root:Loss: 0.1221 +/- 0.0003
INFO:root:Epoch no. 180 of 500 (samples: 483142)
INFO:root:Loss: 0.1217 +/- 0.0009
INFO:root:Epoch no. 181 of 500 (samples: 483142)
INFO:root:Loss: 0.121 +/- 0.0005
INFO:root:Epoch no. 182 of 500 (samples: 483142)
INFO:root:Loss: 0.1205 +/- 0.0006
INFO:root:Epoch no. 183 of 500 (samples: 483142)
INFO:root:Loss: 0.1198 +/- 0.0008
INFO:root:Epoch no. 184 of 500 (samples: 483142)
INFO:root:Loss: 0.1191 +/- 0.0007
INFO:root:Epoch no. 185 of 500 (samples: 483142)
INFO:root:Loss: 0.1186 +/- 0.0006
INFO:root:Epoch no. 186 of 500 (samples: 483142)
INFO:root:Loss: 0.1183 +/- 0.0008
INFO:root:Epoch no. 187 of 500 (samples: 483142)
INFO:root:Loss: 0.1177 +/- 0.0006
INFO:root:Epoch no. 188 of 500 (samples: 483142)
INFO:root:Loss: 0.117 +/- 0.0006
INFO:root:Epoch no. 189 of 500 (samples: 483142)
INFO:root:Loss: 0.1164 +/- 0.0009
INFO:root:Epoch no. 190 of 500 (samples: 483142)
INFO:root:Loss: 0.1159 +/- 0.001
INFO:root:Epoch no. 191 of 500 (samples: 483142)
INFO:root:Loss: 0.1152 +/- 0.0006
INFO:root:Epoch no. 192 of 500 (samples: 483142)
INFO:root:Loss: 0.115 +/- 0.0008
INFO:root:Epoch no. 193 of 500 (samples: 483142)
INFO:root:Loss: 0.1143 +/- 0.0008
INFO:root:Epoch no. 194 of 500 (samples: 483142)
INFO:root:Loss: 0.1136 +/- 0.0008
INFO:root:Epoch no. 195 of 500 (samples: 483142)
INFO:root:Loss: 0.1136 +/- 0.0006
INFO:root:Epoch no. 196 of 500 (samples: 483142)
INFO:root:Loss: 0.1133 +/- 0.0006
INFO:root:Epoch no. 197 of 500 (samples: 483142)
INFO:root:Loss: 0.1124 +/- 0.0005
INFO:root:Epoch no. 198 of 500 (samples: 483142)
INFO:root:Loss: 0.1117 +/- 0.0009
INFO:root:Epoch no. 199 of 500 (samples: 483142)
INFO:root:Loss: 0.1114 +/- 0.0005
INFO:root:Epoch no. 200 of 500 (samples: 483142)
INFO:root:Loss: 0.111 +/- 0.0007
INFO:root:Epoch no. 201 of 500 (samples: 483142)
INFO:root:Loss: 0.1101 +/- 0.0008
INFO:root:Epoch no. 202 of 500 (samples: 483142)
INFO:root:Loss: 0.1099 +/- 0.001
INFO:root:Epoch no. 203 of 500 (samples: 483142)
INFO:root:Loss: 0.1098 +/- 0.0006
INFO:root:Epoch no. 204 of 500 (samples: 483142)
INFO:root:Loss: 0.1092 +/- 0.0011
INFO:root:Epoch no. 205 of 500 (samples: 483142)
INFO:root:Loss: 0.1086 +/- 0.0006
INFO:root:Epoch no. 206 of 500 (samples: 483142)
INFO:root:Loss: 0.1082 +/- 0.0008
INFO:root:Epoch no. 207 of 500 (samples: 483142)
INFO:root:Loss: 0.1075 +/- 0.0008
INFO:root:Epoch no. 208 of 500 (samples: 483142)
INFO:root:Loss: 0.1074 +/- 0.0006
INFO:root:Epoch no. 209 of 500 (samples: 483142)
INFO:root:Loss: 0.1068 +/- 0.0004
INFO:root:Epoch no. 210 of 500 (samples: 483142)
INFO:root:Loss: 0.1065 +/- 0.0008
INFO:root:Epoch no. 211 of 500 (samples: 483142)
INFO:root:Loss: 0.1061 +/- 0.0005
INFO:root:Epoch no. 212 of 500 (samples: 483142)
INFO:root:Loss: 0.1058 +/- 0.0004
INFO:root:Epoch no. 213 of 500 (samples: 483142)
INFO:root:Loss: 0.1053 +/- 0.0005
INFO:root:Epoch no. 214 of 500 (samples: 483142)
INFO:root:Loss: 0.105 +/- 0.0007
INFO:root:Epoch no. 215 of 500 (samples: 483142)
INFO:root:Loss: 0.1044 +/- 0.0005
INFO:root:Epoch no. 216 of 500 (samples: 483142)
INFO:root:Loss: 0.1046 +/- 0.0008
INFO:root:Epoch no. 217 of 500 (samples: 483142)
INFO:root:Loss: 0.1036 +/- 0.0006
INFO:root:Epoch no. 218 of 500 (samples: 483142)
INFO:root:Loss: 0.1035 +/- 0.0006
INFO:root:Epoch no. 219 of 500 (samples: 483142)
INFO:root:Loss: 0.1032 +/- 0.0006
INFO:root:Epoch no. 220 of 500 (samples: 483142)
INFO:root:Loss: 0.1026 +/- 0.0005
INFO:root:Epoch no. 221 of 500 (samples: 483142)
INFO:root:Loss: 0.102 +/- 0.0008
INFO:root:Epoch no. 222 of 500 (samples: 483142)
INFO:root:Loss: 0.1019 +/- 0.0007
INFO:root:Epoch no. 223 of 500 (samples: 483142)
INFO:root:Loss: 0.1018 +/- 0.0008
INFO:root:Epoch no. 224 of 500 (samples: 483142)
INFO:root:Loss: 0.1013 +/- 0.0007
INFO:root:Epoch no. 225 of 500 (samples: 483142)
INFO:root:Loss: 0.101 +/- 0.0009
INFO:root:Epoch no. 226 of 500 (samples: 483142)
INFO:root:Loss: 0.1004 +/- 0.0007
INFO:root:Epoch no. 227 of 500 (samples: 483142)
INFO:root:Loss: 0.1003 +/- 0.0008
INFO:root:Epoch no. 228 of 500 (samples: 483142)
INFO:root:Loss: 0.0999 +/- 0.0007
INFO:root:Epoch no. 229 of 500 (samples: 483142)
INFO:root:Loss: 0.0993 +/- 0.0005
INFO:root:Epoch no. 230 of 500 (samples: 483142)
INFO:root:Loss: 0.0989 +/- 0.0007
INFO:root:Epoch no. 231 of 500 (samples: 483142)
INFO:root:Loss: 0.099 +/- 0.001
INFO:root:Epoch no. 232 of 500 (samples: 483142)
INFO:root:Loss: 0.0986 +/- 0.0003
INFO:root:Epoch no. 233 of 500 (samples: 483142)
INFO:root:Loss: 0.0985 +/- 0.0008
INFO:root:Epoch no. 234 of 500 (samples: 483142)
INFO:root:Loss: 0.098 +/- 0.0004
INFO:root:Epoch no. 235 of 500 (samples: 483142)
INFO:root:Loss: 0.0978 +/- 0.0008
INFO:root:Epoch no. 236 of 500 (samples: 483142)
INFO:root:Loss: 0.0973 +/- 0.0008
INFO:root:Epoch no. 237 of 500 (samples: 483142)
INFO:root:Loss: 0.0974 +/- 0.0007
INFO:root:Epoch no. 238 of 500 (samples: 483142)
INFO:root:Loss: 0.0969 +/- 0.0007
INFO:root:Epoch no. 239 of 500 (samples: 483142)
INFO:root:Loss: 0.0964 +/- 0.0005
INFO:root:Epoch no. 240 of 500 (samples: 483142)
INFO:root:Loss: 0.0963 +/- 0.0004
INFO:root:Epoch no. 241 of 500 (samples: 483142)
INFO:root:Loss: 0.0959 +/- 0.0006
INFO:root:Epoch no. 242 of 500 (samples: 483142)
INFO:root:Loss: 0.0955 +/- 0.0008
INFO:root:Epoch no. 243 of 500 (samples: 483142)
INFO:root:Loss: 0.0951 +/- 0.0004
INFO:root:Epoch no. 244 of 500 (samples: 483142)
INFO:root:Loss: 0.0952 +/- 0.0008
INFO:root:Epoch no. 245 of 500 (samples: 483142)
INFO:root:Loss: 0.095 +/- 0.001
INFO:root:Epoch no. 246 of 500 (samples: 483142)
INFO:root:Loss: 0.0944 +/- 0.0007
INFO:root:Epoch no. 247 of 500 (samples: 483142)
INFO:root:Loss: 0.0941 +/- 0.0005
INFO:root:Epoch no. 248 of 500 (samples: 483142)
INFO:root:Loss: 0.0938 +/- 0.0005
INFO:root:Epoch no. 249 of 500 (samples: 483142)
INFO:root:Loss: 0.094 +/- 0.0005
INFO:root:Epoch no. 250 of 500 (samples: 483142)
INFO:root:Loss: 0.0933 +/- 0.0008
INFO:root:Epoch no. 251 of 500 (samples: 483142)
INFO:root:Loss: 0.093 +/- 0.0006
INFO:root:Epoch no. 252 of 500 (samples: 483142)
INFO:root:Loss: 0.0927 +/- 0.0007
INFO:root:Epoch no. 253 of 500 (samples: 483142)
INFO:root:Loss: 0.0927 +/- 0.0006
INFO:root:Epoch no. 254 of 500 (samples: 483142)
INFO:root:Loss: 0.0928 +/- 0.0006
INFO:root:Epoch no. 255 of 500 (samples: 483142)
INFO:root:Loss: 0.0923 +/- 0.0008
INFO:root:Epoch no. 256 of 500 (samples: 483142)
INFO:root:Loss: 0.0917 +/- 0.0007
INFO:root:Epoch no. 257 of 500 (samples: 483142)
INFO:root:Loss: 0.0918 +/- 0.0005
INFO:root:Epoch no. 258 of 500 (samples: 483142)
INFO:root:Loss: 0.0912 +/- 0.0004
INFO:root:Epoch no. 259 of 500 (samples: 483142)
INFO:root:Loss: 0.0911 +/- 0.0006
INFO:root:Epoch no. 260 of 500 (samples: 483142)
INFO:root:Loss: 0.0911 +/- 0.0009
INFO:root:Epoch no. 261 of 500 (samples: 483142)
INFO:root:Loss: 0.0904 +/- 0.0006
INFO:root:Epoch no. 262 of 500 (samples: 483142)
INFO:root:Loss: 0.0903 +/- 0.0006
INFO:root:Epoch no. 263 of 500 (samples: 483142)
INFO:root:Loss: 0.0902 +/- 0.0006
INFO:root:Epoch no. 264 of 500 (samples: 483142)
INFO:root:Loss: 0.0899 +/- 0.0008
INFO:root:Epoch no. 265 of 500 (samples: 483142)
INFO:root:Loss: 0.09 +/- 0.0004
INFO:root:Epoch no. 266 of 500 (samples: 483142)
INFO:root:Loss: 0.0896 +/- 0.0007
INFO:root:Epoch no. 267 of 500 (samples: 483142)
INFO:root:Loss: 0.0895 +/- 0.0007
INFO:root:Epoch no. 268 of 500 (samples: 483142)
INFO:root:Loss: 0.0893 +/- 0.0009
INFO:root:Epoch no. 269 of 500 (samples: 483142)
INFO:root:Loss: 0.0893 +/- 0.0005
INFO:root:Epoch no. 270 of 500 (samples: 483142)
INFO:root:Loss: 0.0886 +/- 0.0006
INFO:root:Epoch no. 271 of 500 (samples: 483142)
INFO:root:Loss: 0.0883 +/- 0.0007
INFO:root:Epoch no. 272 of 500 (samples: 483142)
INFO:root:Loss: 0.0883 +/- 0.0008
INFO:root:Epoch no. 273 of 500 (samples: 483142)
INFO:root:Loss: 0.0883 +/- 0.0004
INFO:root:Epoch no. 274 of 500 (samples: 483142)
INFO:root:Loss: 0.0877 +/- 0.0007
INFO:root:Epoch no. 275 of 500 (samples: 483142)
INFO:root:Loss: 0.0875 +/- 0.0007
INFO:root:Epoch no. 276 of 500 (samples: 483142)
INFO:root:Loss: 0.0875 +/- 0.0003
INFO:root:Epoch no. 277 of 500 (samples: 483142)
INFO:root:Loss: 0.0875 +/- 0.0007
INFO:root:Epoch no. 278 of 500 (samples: 483142)
INFO:root:Loss: 0.087 +/- 0.0009
INFO:root:Epoch no. 279 of 500 (samples: 483142)
INFO:root:Loss: 0.0866 +/- 0.0007
INFO:root:Epoch no. 280 of 500 (samples: 483142)
INFO:root:Loss: 0.0868 +/- 0.0005
INFO:root:Epoch no. 281 of 500 (samples: 483142)
INFO:root:Loss: 0.0866 +/- 0.0004
INFO:root:Epoch no. 282 of 500 (samples: 483142)
INFO:root:Loss: 0.0869 +/- 0.0006
INFO:root:Epoch no. 283 of 500 (samples: 483142)
INFO:root:Loss: 0.0858 +/- 0.0005
INFO:root:Epoch no. 284 of 500 (samples: 483142)
INFO:root:Loss: 0.086 +/- 0.0006
INFO:root:Epoch no. 285 of 500 (samples: 483142)
INFO:root:Loss: 0.0855 +/- 0.0008
INFO:root:Epoch no. 286 of 500 (samples: 483142)
INFO:root:Loss: 0.0855 +/- 0.0007
INFO:root:Epoch no. 287 of 500 (samples: 483142)
INFO:root:Loss: 0.0853 +/- 0.0006
INFO:root:Epoch no. 288 of 500 (samples: 483142)
INFO:root:Loss: 0.0854 +/- 0.0003
INFO:root:Epoch no. 289 of 500 (samples: 483142)
INFO:root:Loss: 0.085 +/- 0.0004
INFO:root:Epoch no. 290 of 500 (samples: 483142)
INFO:root:Loss: 0.0844 +/- 0.0005
INFO:root:Epoch no. 291 of 500 (samples: 483142)
INFO:root:Loss: 0.0844 +/- 0.0009
INFO:root:Epoch no. 292 of 500 (samples: 483142)
INFO:root:Loss: 0.0844 +/- 0.0007
INFO:root:Epoch no. 293 of 500 (samples: 483142)
INFO:root:Loss: 0.0843 +/- 0.0009
INFO:root:Epoch no. 294 of 500 (samples: 483142)
INFO:root:Loss: 0.0841 +/- 0.0003
INFO:root:Epoch no. 295 of 500 (samples: 483142)
INFO:root:Loss: 0.0839 +/- 0.0006
INFO:root:Epoch no. 296 of 500 (samples: 483142)
INFO:root:Loss: 0.0838 +/- 0.0007
INFO:root:Epoch no. 297 of 500 (samples: 483142)
INFO:root:Loss: 0.0834 +/- 0.0007
INFO:root:Epoch no. 298 of 500 (samples: 483142)
INFO:root:Loss: 0.0831 +/- 0.0007
INFO:root:Epoch no. 299 of 500 (samples: 483142)
INFO:root:Loss: 0.083 +/- 0.0006
INFO:root:Epoch no. 300 of 500 (samples: 483142)
INFO:root:Loss: 0.083 +/- 0.0006
INFO:root:Epoch no. 301 of 500 (samples: 483142)
INFO:root:Loss: 0.0824 +/- 0.0007
INFO:root:Epoch no. 302 of 500 (samples: 483142)
INFO:root:Loss: 0.0823 +/- 0.0008
INFO:root:Epoch no. 303 of 500 (samples: 483142)
INFO:root:Loss: 0.0818 +/- 0.0008
INFO:root:Epoch no. 304 of 500 (samples: 483142)
INFO:root:Loss: 0.0824 +/- 0.0009
INFO:root:Epoch no. 305 of 500 (samples: 483142)
INFO:root:Loss: 0.0822 +/- 0.0005
INFO:root:Epoch no. 306 of 500 (samples: 483142)
INFO:root:Loss: 0.082 +/- 0.0008
INFO:root:Epoch no. 307 of 500 (samples: 483142)
INFO:root:Loss: 0.082 +/- 0.0009
INFO:root:Epoch no. 308 of 500 (samples: 483142)
INFO:root:Loss: 0.0818 +/- 0.0006
INFO:root:Epoch no. 309 of 500 (samples: 483142)
INFO:root:Loss: 0.0812 +/- 0.0008
INFO:root:Epoch no. 310 of 500 (samples: 483142)
INFO:root:Loss: 0.0815 +/- 0.0008
INFO:root:Epoch no. 311 of 500 (samples: 483142)
INFO:root:Loss: 0.0812 +/- 0.0005
INFO:root:Epoch no. 312 of 500 (samples: 483142)
INFO:root:Loss: 0.0809 +/- 0.0005
INFO:root:Epoch no. 313 of 500 (samples: 483142)
INFO:root:Loss: 0.0807 +/- 0.0007
INFO:root:Epoch no. 314 of 500 (samples: 483142)
INFO:root:Loss: 0.0809 +/- 0.0007
INFO:root:Epoch no. 315 of 500 (samples: 483142)
INFO:root:Loss: 0.0805 +/- 0.0009
INFO:root:Epoch no. 316 of 500 (samples: 483142)
INFO:root:Loss: 0.0807 +/- 0.0005
INFO:root:Epoch no. 317 of 500 (samples: 483142)
INFO:root:Loss: 0.0802 +/- 0.0007
INFO:root:Epoch no. 318 of 500 (samples: 483142)
INFO:root:Loss: 0.0801 +/- 0.0005
INFO:root:Epoch no. 319 of 500 (samples: 483142)
INFO:root:Loss: 0.0799 +/- 0.0006
INFO:root:Epoch no. 320 of 500 (samples: 483142)
INFO:root:Loss: 0.0799 +/- 0.0005
INFO:root:Epoch no. 321 of 500 (samples: 483142)
INFO:root:Loss: 0.0799 +/- 0.0004
INFO:root:Epoch no. 322 of 500 (samples: 483142)
INFO:root:Loss: 0.0797 +/- 0.0004
INFO:root:Epoch no. 323 of 500 (samples: 483142)
INFO:root:Loss: 0.0791 +/- 0.0008
INFO:root:Epoch no. 324 of 500 (samples: 483142)
INFO:root:Loss: 0.0793 +/- 0.0008
INFO:root:Epoch no. 325 of 500 (samples: 483142)
INFO:root:Loss: 0.0791 +/- 0.0006
INFO:root:Epoch no. 326 of 500 (samples: 483142)
INFO:root:Loss: 0.0789 +/- 0.0006
INFO:root:Epoch no. 327 of 500 (samples: 483142)
INFO:root:Loss: 0.0789 +/- 0.0005
INFO:root:Epoch no. 328 of 500 (samples: 483142)
INFO:root:Loss: 0.0788 +/- 0.0008
INFO:root:Epoch no. 329 of 500 (samples: 483142)
INFO:root:Loss: 0.0783 +/- 0.0005
INFO:root:Epoch no. 330 of 500 (samples: 483142)
INFO:root:Loss: 0.0783 +/- 0.0007
INFO:root:Epoch no. 331 of 500 (samples: 483142)
INFO:root:Loss: 0.0784 +/- 0.0007
INFO:root:Epoch no. 332 of 500 (samples: 483142)
INFO:root:Loss: 0.0777 +/- 0.0008
INFO:root:Epoch no. 333 of 500 (samples: 483142)
INFO:root:Loss: 0.0779 +/- 0.0007
INFO:root:Epoch no. 334 of 500 (samples: 483142)
INFO:root:Loss: 0.0778 +/- 0.0008
INFO:root:Epoch no. 335 of 500 (samples: 483142)
INFO:root:Loss: 0.0781 +/- 0.0005
INFO:root:Epoch no. 336 of 500 (samples: 483142)
INFO:root:Loss: 0.0773 +/- 0.0005
INFO:root:Epoch no. 337 of 500 (samples: 483142)
INFO:root:Loss: 0.0777 +/- 0.0007
INFO:root:Epoch no. 338 of 500 (samples: 483142)
INFO:root:Loss: 0.0771 +/- 0.0003
INFO:root:Epoch no. 339 of 500 (samples: 483142)
INFO:root:Loss: 0.0768 +/- 0.0008
INFO:root:Epoch no. 340 of 500 (samples: 483142)
INFO:root:Loss: 0.0768 +/- 0.0007
INFO:root:Epoch no. 341 of 500 (samples: 483142)
INFO:root:Loss: 0.0774 +/- 0.0009
INFO:root:Epoch no. 342 of 500 (samples: 483142)
INFO:root:Loss: 0.0767 +/- 0.0006
INFO:root:Epoch no. 343 of 500 (samples: 483142)
INFO:root:Loss: 0.0764 +/- 0.0004
INFO:root:Epoch no. 344 of 500 (samples: 483142)
INFO:root:Loss: 0.0765 +/- 0.0008
INFO:root:Epoch no. 345 of 500 (samples: 483142)
INFO:root:Loss: 0.0764 +/- 0.0008
INFO:root:Epoch no. 346 of 500 (samples: 483142)
INFO:root:Loss: 0.0764 +/- 0.0009
INFO:root:Epoch no. 347 of 500 (samples: 483142)
INFO:root:Loss: 0.0757 +/- 0.0009
INFO:root:Epoch no. 348 of 500 (samples: 483142)
INFO:root:Loss: 0.0761 +/- 0.0005
INFO:root:Epoch no. 349 of 500 (samples: 483142)
INFO:root:Loss: 0.076 +/- 0.0008
INFO:root:Epoch no. 350 of 500 (samples: 483142)
INFO:root:Loss: 0.0757 +/- 0.0005
INFO:root:Epoch no. 351 of 500 (samples: 483142)
INFO:root:Loss: 0.0756 +/- 0.0005
INFO:root:Epoch no. 352 of 500 (samples: 483142)
INFO:root:Loss: 0.0753 +/- 0.0007
INFO:root:Epoch no. 353 of 500 (samples: 483142)
INFO:root:Loss: 0.0757 +/- 0.001
INFO:root:Epoch no. 354 of 500 (samples: 483142)
INFO:root:Loss: 0.0756 +/- 0.0008
INFO:root:Epoch no. 355 of 500 (samples: 483142)
INFO:root:Loss: 0.0749 +/- 0.0004
INFO:root:Epoch no. 356 of 500 (samples: 483142)
INFO:root:Loss: 0.0754 +/- 0.0005
INFO:root:Epoch no. 357 of 500 (samples: 483142)
INFO:root:Loss: 0.0747 +/- 0.0004
INFO:root:Epoch no. 358 of 500 (samples: 483142)
INFO:root:Loss: 0.0749 +/- 0.0008
INFO:root:Epoch no. 359 of 500 (samples: 483142)
INFO:root:Loss: 0.0744 +/- 0.0007
INFO:root:Epoch no. 360 of 500 (samples: 483142)
INFO:root:Loss: 0.0746 +/- 0.0008
INFO:root:Epoch no. 361 of 500 (samples: 483142)
INFO:root:Loss: 0.0744 +/- 0.0008
INFO:root:Epoch no. 362 of 500 (samples: 483142)
INFO:root:Loss: 0.0746 +/- 0.0005
INFO:root:Epoch no. 363 of 500 (samples: 483142)
INFO:root:Loss: 0.0742 +/- 0.0007
INFO:root:Epoch no. 364 of 500 (samples: 483142)
INFO:root:Loss: 0.0744 +/- 0.0006
INFO:root:Epoch no. 365 of 500 (samples: 483142)
INFO:root:Loss: 0.074 +/- 0.0006
INFO:root:Epoch no. 366 of 500 (samples: 483142)
INFO:root:Loss: 0.074 +/- 0.0006
INFO:root:Epoch no. 367 of 500 (samples: 483142)
INFO:root:Loss: 0.0738 +/- 0.0006
INFO:root:Epoch no. 368 of 500 (samples: 483142)
INFO:root:Loss: 0.0735 +/- 0.0008
INFO:root:Epoch no. 369 of 500 (samples: 483142)
INFO:root:Loss: 0.0734 +/- 0.0006
INFO:root:Epoch no. 370 of 500 (samples: 483142)
INFO:root:Loss: 0.0736 +/- 0.0005
INFO:root:Epoch no. 371 of 500 (samples: 483142)
INFO:root:Loss: 0.0735 +/- 0.0003
INFO:root:Epoch no. 372 of 500 (samples: 483142)
INFO:root:Loss: 0.0733 +/- 0.0007
INFO:root:Epoch no. 373 of 500 (samples: 483142)
INFO:root:Loss: 0.0732 +/- 0.0005
INFO:root:Epoch no. 374 of 500 (samples: 483142)
INFO:root:Loss: 0.0733 +/- 0.0005
INFO:root:Epoch no. 375 of 500 (samples: 483142)
INFO:root:Loss: 0.073 +/- 0.0005
INFO:root:Epoch no. 376 of 500 (samples: 483142)
INFO:root:Loss: 0.0731 +/- 0.0007
INFO:root:Epoch no. 377 of 500 (samples: 483142)
INFO:root:Loss: 0.0727 +/- 0.0008
INFO:root:Epoch no. 378 of 500 (samples: 483142)
INFO:root:Loss: 0.0727 +/- 0.0006
INFO:root:Epoch no. 379 of 500 (samples: 483142)
INFO:root:Loss: 0.0724 +/- 0.0005
INFO:root:Epoch no. 380 of 500 (samples: 483142)
INFO:root:Loss: 0.0721 +/- 0.0005
INFO:root:Epoch no. 381 of 500 (samples: 483142)
INFO:root:Loss: 0.0721 +/- 0.0005
INFO:root:Epoch no. 382 of 500 (samples: 483142)
INFO:root:Loss: 0.0723 +/- 0.0009
INFO:root:Epoch no. 383 of 500 (samples: 483142)
INFO:root:Loss: 0.0724 +/- 0.0004
INFO:root:Epoch no. 384 of 500 (samples: 483142)
INFO:root:Loss: 0.072 +/- 0.0008
INFO:root:Epoch no. 385 of 500 (samples: 483142)
INFO:root:Loss: 0.072 +/- 0.0003
INFO:root:Epoch no. 386 of 500 (samples: 483142)
INFO:root:Loss: 0.0722 +/- 0.0005
INFO:root:Epoch no. 387 of 500 (samples: 483142)
INFO:root:Loss: 0.0719 +/- 0.0006
INFO:root:Epoch no. 388 of 500 (samples: 483142)
INFO:root:Loss: 0.0716 +/- 0.0009
INFO:root:Epoch no. 389 of 500 (samples: 483142)
INFO:root:Loss: 0.0713 +/- 0.0007
INFO:root:Epoch no. 390 of 500 (samples: 483142)
INFO:root:Loss: 0.0714 +/- 0.0004
INFO:root:Epoch no. 391 of 500 (samples: 483142)
INFO:root:Loss: 0.0713 +/- 0.0006
INFO:root:Epoch no. 392 of 500 (samples: 483142)
INFO:root:Loss: 0.0713 +/- 0.0007
INFO:root:Epoch no. 393 of 500 (samples: 483142)
INFO:root:Loss: 0.0712 +/- 0.0003
INFO:root:Epoch no. 394 of 500 (samples: 483142)
INFO:root:Loss: 0.0709 +/- 0.0007
INFO:root:Epoch no. 395 of 500 (samples: 483142)
INFO:root:Loss: 0.0707 +/- 0.0006
INFO:root:Epoch no. 396 of 500 (samples: 483142)
INFO:root:Loss: 0.0709 +/- 0.0007
INFO:root:Epoch no. 397 of 500 (samples: 483142)
INFO:root:Loss: 0.0707 +/- 0.0005
INFO:root:Epoch no. 398 of 500 (samples: 483142)
INFO:root:Loss: 0.0703 +/- 0.0004
INFO:root:Epoch no. 399 of 500 (samples: 483142)
INFO:root:Loss: 0.0707 +/- 0.0005
INFO:root:Epoch no. 400 of 500 (samples: 483142)
INFO:root:Loss: 0.0702 +/- 0.0004
INFO:root:Epoch no. 401 of 500 (samples: 483142)
INFO:root:Loss: 0.0703 +/- 0.0004
INFO:root:Epoch no. 402 of 500 (samples: 483142)
INFO:root:Loss: 0.0703 +/- 0.0006
INFO:root:Epoch no. 403 of 500 (samples: 483142)
INFO:root:Loss: 0.0704 +/- 0.0005
INFO:root:Epoch no. 404 of 500 (samples: 483142)
INFO:root:Loss: 0.07 +/- 0.0005
INFO:root:Epoch no. 405 of 500 (samples: 483142)
INFO:root:Loss: 0.0697 +/- 0.0004
INFO:root:Epoch no. 406 of 500 (samples: 483142)
INFO:root:Loss: 0.0699 +/- 0.0004
INFO:root:Epoch no. 407 of 500 (samples: 483142)
INFO:root:Loss: 0.07 +/- 0.0008
INFO:root:Epoch no. 408 of 500 (samples: 483142)
INFO:root:Loss: 0.0698 +/- 0.0007
INFO:root:Epoch no. 409 of 500 (samples: 483142)
INFO:root:Loss: 0.0697 +/- 0.0007
INFO:root:Epoch no. 410 of 500 (samples: 483142)
INFO:root:Loss: 0.0698 +/- 0.0006
INFO:root:Epoch no. 411 of 500 (samples: 483142)
INFO:root:Loss: 0.0695 +/- 0.0003
INFO:root:Epoch no. 412 of 500 (samples: 483142)
INFO:root:Loss: 0.0696 +/- 0.0006
INFO:root:Epoch no. 413 of 500 (samples: 483142)
INFO:root:Loss: 0.069 +/- 0.0009
INFO:root:Epoch no. 414 of 500 (samples: 483142)
INFO:root:Loss: 0.0689 +/- 0.0008
INFO:root:Epoch no. 415 of 500 (samples: 483142)
INFO:root:Loss: 0.0691 +/- 0.0004
INFO:root:Epoch no. 416 of 500 (samples: 483142)
INFO:root:Loss: 0.0691 +/- 0.0006
INFO:root:Epoch no. 417 of 500 (samples: 483142)
INFO:root:Loss: 0.0686 +/- 0.0005
INFO:root:Epoch no. 418 of 500 (samples: 483142)
INFO:root:Loss: 0.0689 +/- 0.0006
INFO:root:Epoch no. 419 of 500 (samples: 483142)
INFO:root:Loss: 0.0688 +/- 0.0008
INFO:root:Epoch no. 420 of 500 (samples: 483142)
INFO:root:Loss: 0.0689 +/- 0.0008
INFO:root:Epoch no. 421 of 500 (samples: 483142)
INFO:root:Loss: 0.0683 +/- 0.0006
INFO:root:Epoch no. 422 of 500 (samples: 483142)
INFO:root:Loss: 0.0686 +/- 0.0008
INFO:root:Epoch no. 423 of 500 (samples: 483142)
INFO:root:Loss: 0.0684 +/- 0.0006
INFO:root:Epoch no. 424 of 500 (samples: 483142)
INFO:root:Loss: 0.0682 +/- 0.0006
INFO:root:Epoch no. 425 of 500 (samples: 483142)
INFO:root:Loss: 0.0684 +/- 0.0007
INFO:root:Epoch no. 426 of 500 (samples: 483142)
INFO:root:Loss: 0.0682 +/- 0.0003
INFO:root:Epoch no. 427 of 500 (samples: 483142)
INFO:root:Loss: 0.0681 +/- 0.0008
INFO:root:Epoch no. 428 of 500 (samples: 483142)
INFO:root:Loss: 0.0685 +/- 0.0004
INFO:root:Epoch no. 429 of 500 (samples: 483142)
INFO:root:Loss: 0.0677 +/- 0.0007
INFO:root:Epoch no. 430 of 500 (samples: 483142)
INFO:root:Loss: 0.0679 +/- 0.0007
INFO:root:Epoch no. 431 of 500 (samples: 483142)
INFO:root:Loss: 0.0677 +/- 0.0005
INFO:root:Epoch no. 432 of 500 (samples: 483142)
INFO:root:Loss: 0.0674 +/- 0.0007
INFO:root:Epoch no. 433 of 500 (samples: 483142)
INFO:root:Loss: 0.0678 +/- 0.0007
INFO:root:Epoch no. 434 of 500 (samples: 483142)
INFO:root:Loss: 0.0677 +/- 0.0005
INFO:root:Epoch no. 435 of 500 (samples: 483142)
INFO:root:Loss: 0.0673 +/- 0.0004
INFO:root:Epoch no. 436 of 500 (samples: 483142)
INFO:root:Loss: 0.0674 +/- 0.0005
INFO:root:Epoch no. 437 of 500 (samples: 483142)
INFO:root:Loss: 0.0673 +/- 0.0009
INFO:root:Epoch no. 438 of 500 (samples: 483142)
INFO:root:Loss: 0.0672 +/- 0.0005
INFO:root:Epoch no. 439 of 500 (samples: 483142)
INFO:root:Loss: 0.067 +/- 0.0003
INFO:root:Epoch no. 440 of 500 (samples: 483142)
INFO:root:Loss: 0.067 +/- 0.0004
INFO:root:Epoch no. 441 of 500 (samples: 483142)
INFO:root:Loss: 0.067 +/- 0.0007
INFO:root:Epoch no. 442 of 500 (samples: 483142)
INFO:root:Loss: 0.0665 +/- 0.0005
INFO:root:Epoch no. 443 of 500 (samples: 483142)
INFO:root:Loss: 0.067 +/- 0.0004
INFO:root:Epoch no. 444 of 500 (samples: 483142)
INFO:root:Loss: 0.0667 +/- 0.0005
INFO:root:Epoch no. 445 of 500 (samples: 483142)
INFO:root:Loss: 0.0666 +/- 0.0004
INFO:root:Epoch no. 446 of 500 (samples: 483142)
INFO:root:Loss: 0.0668 +/- 0.0005
INFO:root:Epoch no. 447 of 500 (samples: 483142)
INFO:root:Loss: 0.0665 +/- 0.0003
INFO:root:Epoch no. 448 of 500 (samples: 483142)
INFO:root:Loss: 0.0664 +/- 0.0005
INFO:root:Epoch no. 449 of 500 (samples: 483142)
INFO:root:Loss: 0.0663 +/- 0.0005
INFO:root:Epoch no. 450 of 500 (samples: 483142)
INFO:root:Loss: 0.0663 +/- 0.0005
INFO:root:Epoch no. 451 of 500 (samples: 483142)
INFO:root:Loss: 0.0661 +/- 0.0005
INFO:root:Epoch no. 452 of 500 (samples: 483142)
INFO:root:Loss: 0.066 +/- 0.0005
INFO:root:Epoch no. 453 of 500 (samples: 483142)
INFO:root:Loss: 0.0663 +/- 0.0006
INFO:root:Epoch no. 454 of 500 (samples: 483142)
INFO:root:Loss: 0.0661 +/- 0.0008
INFO:root:Epoch no. 455 of 500 (samples: 483142)
INFO:root:Loss: 0.066 +/- 0.0009
INFO:root:Epoch no. 456 of 500 (samples: 483142)
INFO:root:Loss: 0.0659 +/- 0.0007
INFO:root:Epoch no. 457 of 500 (samples: 483142)
INFO:root:Loss: 0.0661 +/- 0.0007
INFO:root:Epoch no. 458 of 500 (samples: 483142)
INFO:root:Loss: 0.0657 +/- 0.0006
INFO:root:Epoch no. 459 of 500 (samples: 483142)
INFO:root:Loss: 0.0654 +/- 0.0007
INFO:root:Epoch no. 460 of 500 (samples: 483142)
INFO:root:Loss: 0.0658 +/- 0.0006
INFO:root:Epoch no. 461 of 500 (samples: 483142)
INFO:root:Loss: 0.0653 +/- 0.0006
INFO:root:Epoch no. 462 of 500 (samples: 483142)
INFO:root:Loss: 0.0655 +/- 0.0006
INFO:root:Epoch no. 463 of 500 (samples: 483142)
INFO:root:Loss: 0.0652 +/- 0.0005
INFO:root:Epoch no. 464 of 500 (samples: 483142)
INFO:root:Loss: 0.0654 +/- 0.0006
INFO:root:Epoch no. 465 of 500 (samples: 483142)
INFO:root:Loss: 0.0652 +/- 0.0006
INFO:root:Epoch no. 466 of 500 (samples: 483142)
INFO:root:Loss: 0.065 +/- 0.0005
INFO:root:Epoch no. 467 of 500 (samples: 483142)
INFO:root:Loss: 0.0649 +/- 0.0004
INFO:root:Epoch no. 468 of 500 (samples: 483142)
INFO:root:Loss: 0.0652 +/- 0.0004
INFO:root:Epoch no. 469 of 500 (samples: 483142)
INFO:root:Loss: 0.0647 +/- 0.0008
INFO:root:Epoch no. 470 of 500 (samples: 483142)
INFO:root:Loss: 0.0645 +/- 0.0007
INFO:root:Epoch no. 471 of 500 (samples: 483142)
INFO:root:Loss: 0.0647 +/- 0.0006
INFO:root:Epoch no. 472 of 500 (samples: 483142)
INFO:root:Loss: 0.0647 +/- 0.0007
INFO:root:Epoch no. 473 of 500 (samples: 483142)
INFO:root:Loss: 0.0644 +/- 0.0006
INFO:root:Epoch no. 474 of 500 (samples: 483142)
INFO:root:Loss: 0.0646 +/- 0.0005
INFO:root:Epoch no. 475 of 500 (samples: 483142)
INFO:root:Loss: 0.0644 +/- 0.0006
INFO:root:Epoch no. 476 of 500 (samples: 483142)
INFO:root:Loss: 0.0642 +/- 0.0006
INFO:root:Epoch no. 477 of 500 (samples: 483142)
INFO:root:Loss: 0.0643 +/- 0.0004
INFO:root:Epoch no. 478 of 500 (samples: 483142)
INFO:root:Loss: 0.0644 +/- 0.0006
INFO:root:Epoch no. 479 of 500 (samples: 483142)
INFO:root:Loss: 0.0641 +/- 0.0006
INFO:root:Epoch no. 480 of 500 (samples: 483142)
INFO:root:Loss: 0.0639 +/- 0.0006
INFO:root:Epoch no. 481 of 500 (samples: 483142)
INFO:root:Loss: 0.0639 +/- 0.0005
INFO:root:Epoch no. 482 of 500 (samples: 483142)
INFO:root:Loss: 0.0637 +/- 0.0004
INFO:root:Epoch no. 483 of 500 (samples: 483142)
INFO:root:Loss: 0.0639 +/- 0.0004
INFO:root:Epoch no. 484 of 500 (samples: 483142)
INFO:root:Loss: 0.0639 +/- 0.0009
INFO:root:Epoch no. 485 of 500 (samples: 483142)
INFO:root:Loss: 0.0638 +/- 0.0004
INFO:root:Epoch no. 486 of 500 (samples: 483142)
INFO:root:Loss: 0.0634 +/- 0.0006
INFO:root:Epoch no. 487 of 500 (samples: 483142)
INFO:root:Loss: 0.0637 +/- 0.0007
INFO:root:Epoch no. 488 of 500 (samples: 483142)
INFO:root:Loss: 0.0635 +/- 0.0006
INFO:root:Epoch no. 489 of 500 (samples: 483142)
INFO:root:Loss: 0.0636 +/- 0.0004
INFO:root:Epoch no. 490 of 500 (samples: 483142)
INFO:root:Loss: 0.0633 +/- 0.0006
INFO:root:Epoch no. 491 of 500 (samples: 483142)
INFO:root:Loss: 0.0632 +/- 0.0005
INFO:root:Epoch no. 492 of 500 (samples: 483142)
INFO:root:Loss: 0.0633 +/- 0.0006
INFO:root:Epoch no. 493 of 500 (samples: 483142)
INFO:root:Loss: 0.0635 +/- 0.0007
INFO:root:Epoch no. 494 of 500 (samples: 483142)
INFO:root:Loss: 0.0633 +/- 0.0007
INFO:root:Epoch no. 495 of 500 (samples: 483142)
INFO:root:Loss: 0.0634 +/- 0.0004
INFO:root:Epoch no. 496 of 500 (samples: 483142)
INFO:root:Loss: 0.063 +/- 0.0005
INFO:root:Epoch no. 497 of 500 (samples: 483142)
INFO:root:Loss: 0.063 +/- 0.0005
INFO:root:Epoch no. 498 of 500 (samples: 483142)
INFO:root:Loss: 0.0628 +/- 0.0004
INFO:root:Epoch no. 499 of 500 (samples: 483142)
INFO:root:Loss: 0.063 +/- 0.0006
INFO:root:Epoch no. 500 of 500 (samples: 483142)
INFO:root:Loss: 0.0625 +/- 0.0006
INFO:root:### MICRO (validation raw):
INFO:root:	-- left   >> mean: 438.56968, median: 84.0, hits@1: 5.412%
INFO:root:	-- right  >> mean: 343.72148, median: 46.0, hits@1: 9.916%
INFO:root:	-- global >> mean: 391.14558, median: 62.0, hits@1: 7.664%
INFO:root:### MICRO (validation raw):
INFO:root:	-- left   >> mean: 438.56968, median: 84.0, hits@3: 11.672%
INFO:root:	-- right  >> mean: 343.72148, median: 46.0, hits@3: 17.798%
INFO:root:	-- global >> mean: 391.14558, median: 62.0, hits@3: 14.735%
INFO:root:### MICRO (validation raw):
INFO:root:	-- left   >> mean: 438.56968, median: 84.0, hits@5: 15.588%
INFO:root:	-- right  >> mean: 343.72148, median: 46.0, hits@5: 22.53%
INFO:root:	-- global >> mean: 391.14558, median: 62.0, hits@5: 19.059%
INFO:root:### MICRO (validation raw):
INFO:root:	-- left   >> mean: 438.56968, median: 84.0, hits@10: 22.202%
INFO:root:	-- right  >> mean: 343.72148, median: 46.0, hits@10: 30.194%
INFO:root:	-- global >> mean: 391.14558, median: 62.0, hits@10: 26.198%
Traceback (most recent call last):
  File "./bin/hyper-cli.py", line 405, in <module>
    evaluate_model(model, validation_sequences, nb_entities, true_triples=true_triples, tag='validation filtered')
  File "./bin/hyper-cli.py", line 394, in main
    
  File "./bin/hyper-cli.py", line 199, in evaluate_model
    Xr, Xe = args[0], args[1]
  File "/home/insight/.local/lib/python3.4/site-packages/hyper-0.0.1-py3.4.egg/hyper/evaluation/metrics.py", line 68, in filtered_ranking_score
  File "/home/insight/.local/lib/python3.4/site-packages/hyper-0.0.1-py3.4.egg/hyper/evaluation/metrics.py", line 68, in <listcomp>
KeyboardInterrupt
Using Theano backend.
INFO:root:Samples: 483142, no. batches: 10 -> batch size: 48315
INFO:root:Recognizing the type of each predicate (1-to-1, 1-to-M, M-to-1, M-to-M) ..
INFO:root:Epoch no. 1 of 500 (samples: 483142)
INFO:root:Loss: 0.4996 +/- 0.0003
INFO:root:Epoch no. 2 of 500 (samples: 483142)
INFO:root:Loss: 0.4963 +/- 0.0011
INFO:root:Epoch no. 3 of 500 (samples: 483142)
INFO:root:Loss: 0.4906 +/- 0.0019
INFO:root:Epoch no. 4 of 500 (samples: 483142)
INFO:root:Loss: 0.4825 +/- 0.0024
INFO:root:Epoch no. 5 of 500 (samples: 483142)
INFO:root:Loss: 0.4731 +/- 0.0026
INFO:root:Epoch no. 6 of 500 (samples: 483142)
INFO:root:Loss: 0.4632 +/- 0.0028
INFO:root:Epoch no. 7 of 500 (samples: 483142)
INFO:root:Loss: 0.4536 +/- 0.0026
INFO:root:Epoch no. 8 of 500 (samples: 483142)
INFO:root:Loss: 0.4444 +/- 0.0024
INFO:root:Epoch no. 9 of 500 (samples: 483142)
INFO:root:Loss: 0.436 +/- 0.0022
INFO:root:Epoch no. 10 of 500 (samples: 483142)
INFO:root:Loss: 0.4281 +/- 0.0021
INFO:root:Epoch no. 11 of 500 (samples: 483142)
INFO:root:Loss: 0.4208 +/- 0.0019
INFO:root:Epoch no. 12 of 500 (samples: 483142)
INFO:root:Loss: 0.4139 +/- 0.0018
INFO:root:Epoch no. 13 of 500 (samples: 483142)
INFO:root:Loss: 0.4077 +/- 0.0017
INFO:root:Epoch no. 14 of 500 (samples: 483142)
INFO:root:Loss: 0.4018 +/- 0.0015
INFO:root:Epoch no. 15 of 500 (samples: 483142)
INFO:root:Loss: 0.3963 +/- 0.0014
INFO:root:Epoch no. 16 of 500 (samples: 483142)
INFO:root:Loss: 0.391 +/- 0.0014
INFO:root:Epoch no. 17 of 500 (samples: 483142)
INFO:root:Loss: 0.3861 +/- 0.0014
INFO:root:Epoch no. 18 of 500 (samples: 483142)
INFO:root:Loss: 0.3814 +/- 0.0015
INFO:root:Epoch no. 19 of 500 (samples: 483142)
INFO:root:Loss: 0.377 +/- 0.0011
INFO:root:Epoch no. 20 of 500 (samples: 483142)
INFO:root:Loss: 0.3725 +/- 0.0012
INFO:root:Epoch no. 21 of 500 (samples: 483142)
INFO:root:Loss: 0.3685 +/- 0.0012
INFO:root:Epoch no. 22 of 500 (samples: 483142)
INFO:root:Loss: 0.3644 +/- 0.0011
INFO:root:Epoch no. 23 of 500 (samples: 483142)
INFO:root:Loss: 0.3605 +/- 0.0011
INFO:root:Epoch no. 24 of 500 (samples: 483142)
INFO:root:Loss: 0.3567 +/- 0.001
INFO:root:Epoch no. 25 of 500 (samples: 483142)
INFO:root:Loss: 0.3531 +/- 0.001
INFO:root:Epoch no. 26 of 500 (samples: 483142)
INFO:root:Loss: 0.3495 +/- 0.0008
INFO:root:Epoch no. 27 of 500 (samples: 483142)
INFO:root:Loss: 0.3461 +/- 0.001
INFO:root:Epoch no. 28 of 500 (samples: 483142)
INFO:root:Loss: 0.3428 +/- 0.001
INFO:root:Epoch no. 29 of 500 (samples: 483142)
INFO:root:Loss: 0.3394 +/- 0.0008
INFO:root:Epoch no. 30 of 500 (samples: 483142)
INFO:root:Loss: 0.336 +/- 0.001
INFO:root:Epoch no. 31 of 500 (samples: 483142)
INFO:root:Loss: 0.333 +/- 0.001
INFO:root:Epoch no. 32 of 500 (samples: 483142)
INFO:root:Loss: 0.3298 +/- 0.001
INFO:root:Epoch no. 33 of 500 (samples: 483142)
INFO:root:Loss: 0.3269 +/- 0.0007
INFO:root:Epoch no. 34 of 500 (samples: 483142)
INFO:root:Loss: 0.324 +/- 0.0009
INFO:root:Epoch no. 35 of 500 (samples: 483142)
INFO:root:Loss: 0.321 +/- 0.0009
INFO:root:Epoch no. 36 of 500 (samples: 483142)
INFO:root:Loss: 0.3181 +/- 0.0008
INFO:root:Epoch no. 37 of 500 (samples: 483142)
INFO:root:Loss: 0.3155 +/- 0.0008
INFO:root:Epoch no. 38 of 500 (samples: 483142)
INFO:root:Loss: 0.3127 +/- 0.0008
INFO:root:Epoch no. 39 of 500 (samples: 483142)
INFO:root:Loss: 0.3098 +/- 0.0006
INFO:root:Epoch no. 40 of 500 (samples: 483142)
INFO:root:Loss: 0.3071 +/- 0.001
INFO:root:Epoch no. 41 of 500 (samples: 483142)
INFO:root:Loss: 0.3047 +/- 0.0006
INFO:root:Epoch no. 42 of 500 (samples: 483142)
INFO:root:Loss: 0.3019 +/- 0.0008
INFO:root:Epoch no. 43 of 500 (samples: 483142)
INFO:root:Loss: 0.2995 +/- 0.0007
INFO:root:Epoch no. 44 of 500 (samples: 483142)
INFO:root:Loss: 0.2969 +/- 0.0007
INFO:root:Epoch no. 45 of 500 (samples: 483142)
INFO:root:Loss: 0.2944 +/- 0.0008
INFO:root:Epoch no. 46 of 500 (samples: 483142)
INFO:root:Loss: 0.2921 +/- 0.0008
INFO:root:Epoch no. 47 of 500 (samples: 483142)
INFO:root:Loss: 0.2898 +/- 0.0007
INFO:root:Epoch no. 48 of 500 (samples: 483142)
INFO:root:Loss: 0.2874 +/- 0.0008
INFO:root:Epoch no. 49 of 500 (samples: 483142)
INFO:root:Loss: 0.2852 +/- 0.0006
INFO:root:Epoch no. 50 of 500 (samples: 483142)
INFO:root:Loss: 0.2831 +/- 0.0007
INFO:root:Epoch no. 51 of 500 (samples: 483142)
INFO:root:Loss: 0.2806 +/- 0.0008
INFO:root:Epoch no. 52 of 500 (samples: 483142)
INFO:root:Loss: 0.2784 +/- 0.0007
INFO:root:Epoch no. 53 of 500 (samples: 483142)
INFO:root:Loss: 0.2762 +/- 0.0007
INFO:root:Epoch no. 54 of 500 (samples: 483142)
INFO:root:Loss: 0.2742 +/- 0.0007
INFO:root:Epoch no. 55 of 500 (samples: 483142)
INFO:root:Loss: 0.2719 +/- 0.0008
INFO:root:Epoch no. 56 of 500 (samples: 483142)
INFO:root:Loss: 0.2697 +/- 0.001
INFO:root:Epoch no. 57 of 500 (samples: 483142)
INFO:root:Loss: 0.2675 +/- 0.0009
INFO:root:Epoch no. 58 of 500 (samples: 483142)
INFO:root:Loss: 0.2657 +/- 0.0007
INFO:root:Epoch no. 59 of 500 (samples: 483142)
INFO:root:Loss: 0.2637 +/- 0.0006
INFO:root:Epoch no. 60 of 500 (samples: 483142)
INFO:root:Loss: 0.2616 +/- 0.0007
INFO:root:Epoch no. 61 of 500 (samples: 483142)
INFO:root:Loss: 0.2593 +/- 0.0007
INFO:root:Epoch no. 62 of 500 (samples: 483142)
INFO:root:Loss: 0.2577 +/- 0.001
INFO:root:Epoch no. 63 of 500 (samples: 483142)
INFO:root:Loss: 0.2557 +/- 0.0006
INFO:root:Epoch no. 64 of 500 (samples: 483142)
INFO:root:Loss: 0.2538 +/- 0.0007
INFO:root:Epoch no. 65 of 500 (samples: 483142)
INFO:root:Loss: 0.2517 +/- 0.0006
INFO:root:Epoch no. 66 of 500 (samples: 483142)
INFO:root:Loss: 0.2499 +/- 0.0008
INFO:root:Epoch no. 67 of 500 (samples: 483142)
INFO:root:Loss: 0.2479 +/- 0.0006
INFO:root:Epoch no. 68 of 500 (samples: 483142)
INFO:root:Loss: 0.246 +/- 0.0006
INFO:root:Epoch no. 69 of 500 (samples: 483142)
INFO:root:Loss: 0.2443 +/- 0.0005
INFO:root:Epoch no. 70 of 500 (samples: 483142)
INFO:root:Loss: 0.2425 +/- 0.0007
INFO:root:Epoch no. 71 of 500 (samples: 483142)
INFO:root:Loss: 0.2408 +/- 0.0008
INFO:root:Epoch no. 72 of 500 (samples: 483142)
INFO:root:Loss: 0.2391 +/- 0.0006
INFO:root:Epoch no. 73 of 500 (samples: 483142)
INFO:root:Loss: 0.2371 +/- 0.0007
INFO:root:Epoch no. 74 of 500 (samples: 483142)
INFO:root:Loss: 0.2356 +/- 0.0007
INFO:root:Epoch no. 75 of 500 (samples: 483142)
INFO:root:Loss: 0.2338 +/- 0.0007
INFO:root:Epoch no. 76 of 500 (samples: 483142)
INFO:root:Loss: 0.2322 +/- 0.0007
INFO:root:Epoch no. 77 of 500 (samples: 483142)
INFO:root:Loss: 0.2302 +/- 0.0007
INFO:root:Epoch no. 78 of 500 (samples: 483142)
INFO:root:Loss: 0.2287 +/- 0.0006
INFO:root:Epoch no. 79 of 500 (samples: 483142)
INFO:root:Loss: 0.2269 +/- 0.0006
INFO:root:Epoch no. 80 of 500 (samples: 483142)
INFO:root:Loss: 0.2253 +/- 0.0009
INFO:root:Epoch no. 81 of 500 (samples: 483142)
INFO:root:Loss: 0.2233 +/- 0.0008
INFO:root:Epoch no. 82 of 500 (samples: 483142)
INFO:root:Loss: 0.2218 +/- 0.0007
INFO:root:Epoch no. 83 of 500 (samples: 483142)
INFO:root:Loss: 0.2204 +/- 0.001
INFO:root:Epoch no. 84 of 500 (samples: 483142)
INFO:root:Loss: 0.219 +/- 0.0006
INFO:root:Epoch no. 85 of 500 (samples: 483142)
INFO:root:Loss: 0.2172 +/- 0.0008
INFO:root:Epoch no. 86 of 500 (samples: 483142)
INFO:root:Loss: 0.2156 +/- 0.0007
INFO:root:Epoch no. 87 of 500 (samples: 483142)
INFO:root:Loss: 0.2139 +/- 0.0005
INFO:root:Epoch no. 88 of 500 (samples: 483142)
INFO:root:Loss: 0.2125 +/- 0.0007
INFO:root:Epoch no. 89 of 500 (samples: 483142)
INFO:root:Loss: 0.2111 +/- 0.0005
INFO:root:Epoch no. 90 of 500 (samples: 483142)
INFO:root:Loss: 0.2097 +/- 0.0005
INFO:root:Epoch no. 91 of 500 (samples: 483142)
INFO:root:Loss: 0.2086 +/- 0.0008
INFO:root:Epoch no. 92 of 500 (samples: 483142)
INFO:root:Loss: 0.2068 +/- 0.0006
INFO:root:Epoch no. 93 of 500 (samples: 483142)
INFO:root:Loss: 0.205 +/- 0.0008
INFO:root:Epoch no. 94 of 500 (samples: 483142)
INFO:root:Loss: 0.2034 +/- 0.0006
INFO:root:Epoch no. 95 of 500 (samples: 483142)
INFO:root:Loss: 0.2023 +/- 0.0007
INFO:root:Epoch no. 96 of 500 (samples: 483142)
INFO:root:Loss: 0.2007 +/- 0.0007
INFO:root:Epoch no. 97 of 500 (samples: 483142)
INFO:root:Loss: 0.1992 +/- 0.0007
INFO:root:Epoch no. 98 of 500 (samples: 483142)
INFO:root:Loss: 0.1979 +/- 0.0007
INFO:root:Epoch no. 99 of 500 (samples: 483142)
INFO:root:Loss: 0.1965 +/- 0.0008
INFO:root:Epoch no. 100 of 500 (samples: 483142)
INFO:root:Loss: 0.1953 +/- 0.0007
INFO:root:Epoch no. 101 of 500 (samples: 483142)
INFO:root:Loss: 0.1939 +/- 0.0007
INFO:root:Epoch no. 102 of 500 (samples: 483142)
INFO:root:Loss: 0.1925 +/- 0.0008
INFO:root:Epoch no. 103 of 500 (samples: 483142)
INFO:root:Loss: 0.1912 +/- 0.0006
INFO:root:Epoch no. 104 of 500 (samples: 483142)
INFO:root:Loss: 0.1898 +/- 0.0005
INFO:root:Epoch no. 105 of 500 (samples: 483142)
INFO:root:Loss: 0.1886 +/- 0.0006
INFO:root:Epoch no. 106 of 500 (samples: 483142)
INFO:root:Loss: 0.1874 +/- 0.0009
INFO:root:Epoch no. 107 of 500 (samples: 483142)
INFO:root:Loss: 0.1857 +/- 0.0007
INFO:root:Epoch no. 108 of 500 (samples: 483142)
INFO:root:Loss: 0.1848 +/- 0.0004
INFO:root:Epoch no. 109 of 500 (samples: 483142)
INFO:root:Loss: 0.1834 +/- 0.0007
INFO:root:Epoch no. 110 of 500 (samples: 483142)
INFO:root:Loss: 0.1821 +/- 0.001
INFO:root:Epoch no. 111 of 500 (samples: 483142)
INFO:root:Loss: 0.1812 +/- 0.0007
INFO:root:Epoch no. 112 of 500 (samples: 483142)
INFO:root:Loss: 0.1796 +/- 0.0006
INFO:root:Epoch no. 113 of 500 (samples: 483142)
INFO:root:Loss: 0.1785 +/- 0.0005
INFO:root:Epoch no. 114 of 500 (samples: 483142)
INFO:root:Loss: 0.1775 +/- 0.0007
INFO:root:Epoch no. 115 of 500 (samples: 483142)
INFO:root:Loss: 0.1761 +/- 0.0006
INFO:root:Epoch no. 116 of 500 (samples: 483142)
INFO:root:Loss: 0.1751 +/- 0.0006
INFO:root:Epoch no. 117 of 500 (samples: 483142)
INFO:root:Loss: 0.1742 +/- 0.0011
INFO:root:Epoch no. 118 of 500 (samples: 483142)
INFO:root:Loss: 0.173 +/- 0.0006
INFO:root:Epoch no. 119 of 500 (samples: 483142)
INFO:root:Loss: 0.1712 +/- 0.0006
INFO:root:Epoch no. 120 of 500 (samples: 483142)
INFO:root:Loss: 0.1704 +/- 0.0005
INFO:root:Epoch no. 121 of 500 (samples: 483142)
INFO:root:Loss: 0.1694 +/- 0.0007
INFO:root:Epoch no. 122 of 500 (samples: 483142)
INFO:root:Loss: 0.1682 +/- 0.0009
INFO:root:Epoch no. 123 of 500 (samples: 483142)
INFO:root:Loss: 0.167 +/- 0.0007
INFO:root:Epoch no. 124 of 500 (samples: 483142)
INFO:root:Loss: 0.1663 +/- 0.0008
INFO:root:Epoch no. 125 of 500 (samples: 483142)
INFO:root:Loss: 0.1651 +/- 0.0005
INFO:root:Epoch no. 126 of 500 (samples: 483142)
INFO:root:Loss: 0.1643 +/- 0.0007
INFO:root:Epoch no. 127 of 500 (samples: 483142)
INFO:root:Loss: 0.1629 +/- 0.0004
INFO:root:Epoch no. 128 of 500 (samples: 483142)
INFO:root:Loss: 0.1617 +/- 0.0006
INFO:root:Epoch no. 129 of 500 (samples: 483142)
INFO:root:Loss: 0.161 +/- 0.0007
INFO:root:Epoch no. 130 of 500 (samples: 483142)
INFO:root:Loss: 0.16 +/- 0.0006
INFO:root:Epoch no. 131 of 500 (samples: 483142)
INFO:root:Loss: 0.159 +/- 0.0006
INFO:root:Epoch no. 132 of 500 (samples: 483142)
INFO:root:Loss: 0.1584 +/- 0.0007
INFO:root:Epoch no. 133 of 500 (samples: 483142)
INFO:root:Loss: 0.1577 +/- 0.0007
INFO:root:Epoch no. 134 of 500 (samples: 483142)
INFO:root:Loss: 0.1557 +/- 0.0005
INFO:root:Epoch no. 135 of 500 (samples: 483142)
INFO:root:Loss: 0.1551 +/- 0.001
INFO:root:Epoch no. 136 of 500 (samples: 483142)
INFO:root:Loss: 0.1543 +/- 0.0003
INFO:root:Epoch no. 137 of 500 (samples: 483142)
INFO:root:Loss: 0.1534 +/- 0.0008
INFO:root:Epoch no. 138 of 500 (samples: 483142)
INFO:root:Loss: 0.1526 +/- 0.0008
INFO:root:Epoch no. 139 of 500 (samples: 483142)
INFO:root:Loss: 0.1518 +/- 0.0006
INFO:root:Epoch no. 140 of 500 (samples: 483142)
INFO:root:Loss: 0.1508 +/- 0.0009
INFO:root:Epoch no. 141 of 500 (samples: 483142)
INFO:root:Loss: 0.1501 +/- 0.0006
INFO:root:Epoch no. 142 of 500 (samples: 483142)
INFO:root:Loss: 0.1489 +/- 0.0006
INFO:root:Epoch no. 143 of 500 (samples: 483142)
INFO:root:Loss: 0.1482 +/- 0.0007
INFO:root:Epoch no. 144 of 500 (samples: 483142)
INFO:root:Loss: 0.1474 +/- 0.0008
INFO:root:Epoch no. 145 of 500 (samples: 483142)
INFO:root:Loss: 0.1464 +/- 0.0006
INFO:root:Epoch no. 146 of 500 (samples: 483142)
INFO:root:Loss: 0.1451 +/- 0.0008
INFO:root:Epoch no. 147 of 500 (samples: 483142)
INFO:root:Loss: 0.1448 +/- 0.0004
INFO:root:Epoch no. 148 of 500 (samples: 483142)
INFO:root:Loss: 0.1437 +/- 0.0011
INFO:root:Epoch no. 149 of 500 (samples: 483142)
INFO:root:Loss: 0.1431 +/- 0.0005
INFO:root:Epoch no. 150 of 500 (samples: 483142)
INFO:root:Loss: 0.1427 +/- 0.0005
INFO:root:Epoch no. 151 of 500 (samples: 483142)
INFO:root:Loss: 0.142 +/- 0.0007
INFO:root:Epoch no. 152 of 500 (samples: 483142)
INFO:root:Loss: 0.1407 +/- 0.0007
INFO:root:Epoch no. 153 of 500 (samples: 483142)
INFO:root:Loss: 0.1399 +/- 0.0005
INFO:root:Epoch no. 154 of 500 (samples: 483142)
INFO:root:Loss: 0.1393 +/- 0.0006
INFO:root:Epoch no. 155 of 500 (samples: 483142)
INFO:root:Loss: 0.1383 +/- 0.0006
INFO:root:Epoch no. 156 of 500 (samples: 483142)
INFO:root:Loss: 0.1374 +/- 0.0008
INFO:root:Epoch no. 157 of 500 (samples: 483142)
INFO:root:Loss: 0.1369 +/- 0.0007
INFO:root:Epoch no. 158 of 500 (samples: 483142)
INFO:root:Loss: 0.1361 +/- 0.0007
INFO:root:Epoch no. 159 of 500 (samples: 483142)
INFO:root:Loss: 0.1354 +/- 0.0004
INFO:root:Epoch no. 160 of 500 (samples: 483142)
INFO:root:Loss: 0.1345 +/- 0.0008
INFO:root:Epoch no. 161 of 500 (samples: 483142)
INFO:root:Loss: 0.1343 +/- 0.0005
INFO:root:Epoch no. 162 of 500 (samples: 483142)
INFO:root:Loss: 0.1334 +/- 0.0004
INFO:root:Epoch no. 163 of 500 (samples: 483142)
INFO:root:Loss: 0.1323 +/- 0.0008
INFO:root:Epoch no. 164 of 500 (samples: 483142)
INFO:root:Loss: 0.1319 +/- 0.0007
INFO:root:Epoch no. 165 of 500 (samples: 483142)
INFO:root:Loss: 0.1312 +/- 0.0007
INFO:root:Epoch no. 166 of 500 (samples: 483142)
INFO:root:Loss: 0.1304 +/- 0.0006
INFO:root:Epoch no. 167 of 500 (samples: 483142)
INFO:root:Loss: 0.13 +/- 0.0005
INFO:root:Epoch no. 168 of 500 (samples: 483142)
INFO:root:Loss: 0.1291 +/- 0.0007
INFO:root:Epoch no. 169 of 500 (samples: 483142)
INFO:root:Loss: 0.1285 +/- 0.0005
INFO:root:Epoch no. 170 of 500 (samples: 483142)
INFO:root:Loss: 0.1275 +/- 0.0005
INFO:root:Epoch no. 171 of 500 (samples: 483142)
INFO:root:Loss: 0.1272 +/- 0.0007
INFO:root:Epoch no. 172 of 500 (samples: 483142)
INFO:root:Loss: 0.1268 +/- 0.0006
INFO:root:Epoch no. 173 of 500 (samples: 483142)
INFO:root:Loss: 0.126 +/- 0.0006
INFO:root:Epoch no. 174 of 500 (samples: 483142)
INFO:root:Loss: 0.1253 +/- 0.0006
INFO:root:Epoch no. 175 of 500 (samples: 483142)
INFO:root:Loss: 0.1247 +/- 0.0008
INFO:root:Epoch no. 176 of 500 (samples: 483142)
INFO:root:Loss: 0.124 +/- 0.0006
INFO:root:Epoch no. 177 of 500 (samples: 483142)
INFO:root:Loss: 0.1238 +/- 0.0006
INFO:root:Epoch no. 178 of 500 (samples: 483142)
INFO:root:Loss: 0.1226 +/- 0.0008
INFO:root:Epoch no. 179 of 500 (samples: 483142)
INFO:root:Loss: 0.1221 +/- 0.0003
INFO:root:Epoch no. 180 of 500 (samples: 483142)
INFO:root:Loss: 0.1217 +/- 0.0009
INFO:root:Epoch no. 181 of 500 (samples: 483142)
INFO:root:Loss: 0.121 +/- 0.0005
INFO:root:Epoch no. 182 of 500 (samples: 483142)
INFO:root:Loss: 0.1205 +/- 0.0006
INFO:root:Epoch no. 183 of 500 (samples: 483142)
INFO:root:Loss: 0.1198 +/- 0.0008
INFO:root:Epoch no. 184 of 500 (samples: 483142)
INFO:root:Loss: 0.1191 +/- 0.0007
INFO:root:Epoch no. 185 of 500 (samples: 483142)
INFO:root:Loss: 0.1186 +/- 0.0006
INFO:root:Epoch no. 186 of 500 (samples: 483142)
INFO:root:Loss: 0.1183 +/- 0.0008
INFO:root:Epoch no. 187 of 500 (samples: 483142)
INFO:root:Loss: 0.1177 +/- 0.0006
INFO:root:Epoch no. 188 of 500 (samples: 483142)
INFO:root:Loss: 0.117 +/- 0.0006
INFO:root:Epoch no. 189 of 500 (samples: 483142)
INFO:root:Loss: 0.1164 +/- 0.0009
INFO:root:Epoch no. 190 of 500 (samples: 483142)
INFO:root:Loss: 0.1159 +/- 0.001
INFO:root:Epoch no. 191 of 500 (samples: 483142)
INFO:root:Loss: 0.1152 +/- 0.0006
INFO:root:Epoch no. 192 of 500 (samples: 483142)
INFO:root:Loss: 0.115 +/- 0.0008
INFO:root:Epoch no. 193 of 500 (samples: 483142)
INFO:root:Loss: 0.1143 +/- 0.0008
INFO:root:Epoch no. 194 of 500 (samples: 483142)
INFO:root:Loss: 0.1136 +/- 0.0008
INFO:root:Epoch no. 195 of 500 (samples: 483142)
INFO:root:Loss: 0.1136 +/- 0.0006
INFO:root:Epoch no. 196 of 500 (samples: 483142)
INFO:root:Loss: 0.1133 +/- 0.0006
INFO:root:Epoch no. 197 of 500 (samples: 483142)
INFO:root:Loss: 0.1124 +/- 0.0005
INFO:root:Epoch no. 198 of 500 (samples: 483142)
INFO:root:Loss: 0.1117 +/- 0.0009
INFO:root:Epoch no. 199 of 500 (samples: 483142)
INFO:root:Loss: 0.1114 +/- 0.0005
INFO:root:Epoch no. 200 of 500 (samples: 483142)
INFO:root:Loss: 0.111 +/- 0.0007
INFO:root:Epoch no. 201 of 500 (samples: 483142)
INFO:root:Loss: 0.1101 +/- 0.0008
INFO:root:Epoch no. 202 of 500 (samples: 483142)
INFO:root:Loss: 0.1099 +/- 0.001
INFO:root:Epoch no. 203 of 500 (samples: 483142)
INFO:root:Loss: 0.1098 +/- 0.0006
INFO:root:Epoch no. 204 of 500 (samples: 483142)
INFO:root:Loss: 0.1092 +/- 0.0011
INFO:root:Epoch no. 205 of 500 (samples: 483142)
INFO:root:Loss: 0.1086 +/- 0.0006
INFO:root:Epoch no. 206 of 500 (samples: 483142)
INFO:root:Loss: 0.1082 +/- 0.0008
INFO:root:Epoch no. 207 of 500 (samples: 483142)
INFO:root:Loss: 0.1075 +/- 0.0008
INFO:root:Epoch no. 208 of 500 (samples: 483142)
INFO:root:Loss: 0.1074 +/- 0.0006
INFO:root:Epoch no. 209 of 500 (samples: 483142)
INFO:root:Loss: 0.1068 +/- 0.0004
INFO:root:Epoch no. 210 of 500 (samples: 483142)
INFO:root:Loss: 0.1065 +/- 0.0008
INFO:root:Epoch no. 211 of 500 (samples: 483142)
INFO:root:Loss: 0.1061 +/- 0.0005
INFO:root:Epoch no. 212 of 500 (samples: 483142)
INFO:root:Loss: 0.1058 +/- 0.0004
INFO:root:Epoch no. 213 of 500 (samples: 483142)
INFO:root:Loss: 0.1053 +/- 0.0005
INFO:root:Epoch no. 214 of 500 (samples: 483142)
INFO:root:Loss: 0.105 +/- 0.0007
INFO:root:Epoch no. 215 of 500 (samples: 483142)
INFO:root:Loss: 0.1044 +/- 0.0005
INFO:root:Epoch no. 216 of 500 (samples: 483142)
INFO:root:Loss: 0.1046 +/- 0.0008
INFO:root:Epoch no. 217 of 500 (samples: 483142)
INFO:root:Loss: 0.1036 +/- 0.0006
INFO:root:Epoch no. 218 of 500 (samples: 483142)
INFO:root:Loss: 0.1035 +/- 0.0006
INFO:root:Epoch no. 219 of 500 (samples: 483142)
INFO:root:Loss: 0.1032 +/- 0.0006
INFO:root:Epoch no. 220 of 500 (samples: 483142)
INFO:root:Loss: 0.1026 +/- 0.0005
INFO:root:Epoch no. 221 of 500 (samples: 483142)
INFO:root:Loss: 0.102 +/- 0.0008
INFO:root:Epoch no. 222 of 500 (samples: 483142)
INFO:root:Loss: 0.1019 +/- 0.0007
INFO:root:Epoch no. 223 of 500 (samples: 483142)
INFO:root:Loss: 0.1018 +/- 0.0008
INFO:root:Epoch no. 224 of 500 (samples: 483142)
INFO:root:Loss: 0.1013 +/- 0.0007
INFO:root:Epoch no. 225 of 500 (samples: 483142)
INFO:root:Loss: 0.101 +/- 0.0009
INFO:root:Epoch no. 226 of 500 (samples: 483142)
INFO:root:Loss: 0.1004 +/- 0.0007
INFO:root:Epoch no. 227 of 500 (samples: 483142)
INFO:root:Loss: 0.1003 +/- 0.0008
INFO:root:Epoch no. 228 of 500 (samples: 483142)
INFO:root:Loss: 0.0999 +/- 0.0007
INFO:root:Epoch no. 229 of 500 (samples: 483142)
INFO:root:Loss: 0.0993 +/- 0.0005
INFO:root:Epoch no. 230 of 500 (samples: 483142)
INFO:root:Loss: 0.0989 +/- 0.0007
INFO:root:Epoch no. 231 of 500 (samples: 483142)
INFO:root:Loss: 0.099 +/- 0.001
INFO:root:Epoch no. 232 of 500 (samples: 483142)
INFO:root:Loss: 0.0986 +/- 0.0003
INFO:root:Epoch no. 233 of 500 (samples: 483142)
INFO:root:Loss: 0.0985 +/- 0.0008
INFO:root:Epoch no. 234 of 500 (samples: 483142)
INFO:root:Loss: 0.098 +/- 0.0004
INFO:root:Epoch no. 235 of 500 (samples: 483142)
INFO:root:Loss: 0.0978 +/- 0.0008
INFO:root:Epoch no. 236 of 500 (samples: 483142)
INFO:root:Loss: 0.0973 +/- 0.0008
INFO:root:Epoch no. 237 of 500 (samples: 483142)
INFO:root:Loss: 0.0974 +/- 0.0007
INFO:root:Epoch no. 238 of 500 (samples: 483142)
INFO:root:Loss: 0.0969 +/- 0.0007
INFO:root:Epoch no. 239 of 500 (samples: 483142)
INFO:root:Loss: 0.0964 +/- 0.0005
INFO:root:Epoch no. 240 of 500 (samples: 483142)
INFO:root:Loss: 0.0963 +/- 0.0004
INFO:root:Epoch no. 241 of 500 (samples: 483142)
INFO:root:Loss: 0.0959 +/- 0.0006
INFO:root:Epoch no. 242 of 500 (samples: 483142)
INFO:root:Loss: 0.0955 +/- 0.0008
INFO:root:Epoch no. 243 of 500 (samples: 483142)
INFO:root:Loss: 0.0951 +/- 0.0004
INFO:root:Epoch no. 244 of 500 (samples: 483142)
INFO:root:Loss: 0.0952 +/- 0.0008
INFO:root:Epoch no. 245 of 500 (samples: 483142)
INFO:root:Loss: 0.095 +/- 0.001
INFO:root:Epoch no. 246 of 500 (samples: 483142)
INFO:root:Loss: 0.0944 +/- 0.0007
INFO:root:Epoch no. 247 of 500 (samples: 483142)
INFO:root:Loss: 0.0941 +/- 0.0005
INFO:root:Epoch no. 248 of 500 (samples: 483142)
INFO:root:Loss: 0.0938 +/- 0.0005
INFO:root:Epoch no. 249 of 500 (samples: 483142)
INFO:root:Loss: 0.094 +/- 0.0005
INFO:root:Epoch no. 250 of 500 (samples: 483142)
INFO:root:Loss: 0.0933 +/- 0.0008
INFO:root:Epoch no. 251 of 500 (samples: 483142)
INFO:root:Loss: 0.093 +/- 0.0006
INFO:root:Epoch no. 252 of 500 (samples: 483142)
INFO:root:Loss: 0.0927 +/- 0.0007
INFO:root:Epoch no. 253 of 500 (samples: 483142)
INFO:root:Loss: 0.0927 +/- 0.0006
INFO:root:Epoch no. 254 of 500 (samples: 483142)
INFO:root:Loss: 0.0928 +/- 0.0006
INFO:root:Epoch no. 255 of 500 (samples: 483142)
INFO:root:Loss: 0.0923 +/- 0.0008
INFO:root:Epoch no. 256 of 500 (samples: 483142)
INFO:root:Loss: 0.0917 +/- 0.0007
INFO:root:Epoch no. 257 of 500 (samples: 483142)
INFO:root:Loss: 0.0918 +/- 0.0005
INFO:root:Epoch no. 258 of 500 (samples: 483142)
INFO:root:Loss: 0.0912 +/- 0.0004
INFO:root:Epoch no. 259 of 500 (samples: 483142)
INFO:root:Loss: 0.0911 +/- 0.0006
INFO:root:Epoch no. 260 of 500 (samples: 483142)
INFO:root:Loss: 0.0911 +/- 0.0009
INFO:root:Epoch no. 261 of 500 (samples: 483142)
INFO:root:Loss: 0.0904 +/- 0.0006
INFO:root:Epoch no. 262 of 500 (samples: 483142)
INFO:root:Loss: 0.0903 +/- 0.0006
INFO:root:Epoch no. 263 of 500 (samples: 483142)
INFO:root:Loss: 0.0902 +/- 0.0006
INFO:root:Epoch no. 264 of 500 (samples: 483142)
INFO:root:Loss: 0.0899 +/- 0.0008
INFO:root:Epoch no. 265 of 500 (samples: 483142)
INFO:root:Loss: 0.09 +/- 0.0004
INFO:root:Epoch no. 266 of 500 (samples: 483142)
INFO:root:Loss: 0.0896 +/- 0.0007
INFO:root:Epoch no. 267 of 500 (samples: 483142)
INFO:root:Loss: 0.0895 +/- 0.0007
INFO:root:Epoch no. 268 of 500 (samples: 483142)
INFO:root:Loss: 0.0893 +/- 0.0009
INFO:root:Epoch no. 269 of 500 (samples: 483142)
INFO:root:Loss: 0.0893 +/- 0.0005
INFO:root:Epoch no. 270 of 500 (samples: 483142)
INFO:root:Loss: 0.0886 +/- 0.0006
INFO:root:Epoch no. 271 of 500 (samples: 483142)
INFO:root:Loss: 0.0883 +/- 0.0007
INFO:root:Epoch no. 272 of 500 (samples: 483142)
INFO:root:Loss: 0.0883 +/- 0.0008
INFO:root:Epoch no. 273 of 500 (samples: 483142)
INFO:root:Loss: 0.0883 +/- 0.0004
INFO:root:Epoch no. 274 of 500 (samples: 483142)
INFO:root:Loss: 0.0877 +/- 0.0007
INFO:root:Epoch no. 275 of 500 (samples: 483142)
INFO:root:Loss: 0.0875 +/- 0.0007
INFO:root:Epoch no. 276 of 500 (samples: 483142)
INFO:root:Loss: 0.0875 +/- 0.0003
INFO:root:Epoch no. 277 of 500 (samples: 483142)
INFO:root:Loss: 0.0875 +/- 0.0007
INFO:root:Epoch no. 278 of 500 (samples: 483142)
INFO:root:Loss: 0.087 +/- 0.0009
INFO:root:Epoch no. 279 of 500 (samples: 483142)
INFO:root:Loss: 0.0866 +/- 0.0007
INFO:root:Epoch no. 280 of 500 (samples: 483142)
INFO:root:Loss: 0.0868 +/- 0.0005
INFO:root:Epoch no. 281 of 500 (samples: 483142)
INFO:root:Loss: 0.0866 +/- 0.0004
INFO:root:Epoch no. 282 of 500 (samples: 483142)
INFO:root:Loss: 0.0869 +/- 0.0006
INFO:root:Epoch no. 283 of 500 (samples: 483142)
INFO:root:Loss: 0.0858 +/- 0.0005
INFO:root:Epoch no. 284 of 500 (samples: 483142)
INFO:root:Loss: 0.086 +/- 0.0006
INFO:root:Epoch no. 285 of 500 (samples: 483142)
INFO:root:Loss: 0.0855 +/- 0.0008
INFO:root:Epoch no. 286 of 500 (samples: 483142)
INFO:root:Loss: 0.0855 +/- 0.0007
INFO:root:Epoch no. 287 of 500 (samples: 483142)
INFO:root:Loss: 0.0853 +/- 0.0006
INFO:root:Epoch no. 288 of 500 (samples: 483142)
INFO:root:Loss: 0.0854 +/- 0.0003
INFO:root:Epoch no. 289 of 500 (samples: 483142)
INFO:root:Loss: 0.085 +/- 0.0004
INFO:root:Epoch no. 290 of 500 (samples: 483142)
INFO:root:Loss: 0.0844 +/- 0.0005
INFO:root:Epoch no. 291 of 500 (samples: 483142)
INFO:root:Loss: 0.0844 +/- 0.0009
INFO:root:Epoch no. 292 of 500 (samples: 483142)
INFO:root:Loss: 0.0844 +/- 0.0007
INFO:root:Epoch no. 293 of 500 (samples: 483142)
INFO:root:Loss: 0.0843 +/- 0.0009
INFO:root:Epoch no. 294 of 500 (samples: 483142)
INFO:root:Loss: 0.0841 +/- 0.0003
INFO:root:Epoch no. 295 of 500 (samples: 483142)
INFO:root:Loss: 0.0839 +/- 0.0006
INFO:root:Epoch no. 296 of 500 (samples: 483142)
INFO:root:Loss: 0.0838 +/- 0.0007
INFO:root:Epoch no. 297 of 500 (samples: 483142)
INFO:root:Loss: 0.0834 +/- 0.0007
INFO:root:Epoch no. 298 of 500 (samples: 483142)
INFO:root:Loss: 0.0831 +/- 0.0007
INFO:root:Epoch no. 299 of 500 (samples: 483142)
INFO:root:Loss: 0.083 +/- 0.0006
INFO:root:Epoch no. 300 of 500 (samples: 483142)
INFO:root:Loss: 0.083 +/- 0.0006
INFO:root:Epoch no. 301 of 500 (samples: 483142)
INFO:root:Loss: 0.0824 +/- 0.0007
INFO:root:Epoch no. 302 of 500 (samples: 483142)
INFO:root:Loss: 0.0823 +/- 0.0008
INFO:root:Epoch no. 303 of 500 (samples: 483142)
INFO:root:Loss: 0.0818 +/- 0.0008
INFO:root:Epoch no. 304 of 500 (samples: 483142)
INFO:root:Loss: 0.0824 +/- 0.0009
INFO:root:Epoch no. 305 of 500 (samples: 483142)
INFO:root:Loss: 0.0822 +/- 0.0005
INFO:root:Epoch no. 306 of 500 (samples: 483142)
INFO:root:Loss: 0.082 +/- 0.0008
INFO:root:Epoch no. 307 of 500 (samples: 483142)
INFO:root:Loss: 0.082 +/- 0.0009
INFO:root:Epoch no. 308 of 500 (samples: 483142)
INFO:root:Loss: 0.0818 +/- 0.0006
INFO:root:Epoch no. 309 of 500 (samples: 483142)
INFO:root:Loss: 0.0812 +/- 0.0008
INFO:root:Epoch no. 310 of 500 (samples: 483142)
INFO:root:Loss: 0.0815 +/- 0.0008
INFO:root:Epoch no. 311 of 500 (samples: 483142)
INFO:root:Loss: 0.0812 +/- 0.0005
INFO:root:Epoch no. 312 of 500 (samples: 483142)
INFO:root:Loss: 0.0809 +/- 0.0005
INFO:root:Epoch no. 313 of 500 (samples: 483142)
INFO:root:Loss: 0.0807 +/- 0.0007
INFO:root:Epoch no. 314 of 500 (samples: 483142)
INFO:root:Loss: 0.0809 +/- 0.0007
INFO:root:Epoch no. 315 of 500 (samples: 483142)
INFO:root:Loss: 0.0805 +/- 0.0009
INFO:root:Epoch no. 316 of 500 (samples: 483142)
INFO:root:Loss: 0.0807 +/- 0.0005
INFO:root:Epoch no. 317 of 500 (samples: 483142)
INFO:root:Loss: 0.0802 +/- 0.0007
INFO:root:Epoch no. 318 of 500 (samples: 483142)
INFO:root:Loss: 0.0801 +/- 0.0005
INFO:root:Epoch no. 319 of 500 (samples: 483142)
INFO:root:Loss: 0.0799 +/- 0.0006
INFO:root:Epoch no. 320 of 500 (samples: 483142)
INFO:root:Loss: 0.0799 +/- 0.0005
INFO:root:Epoch no. 321 of 500 (samples: 483142)
INFO:root:Loss: 0.0799 +/- 0.0004
INFO:root:Epoch no. 322 of 500 (samples: 483142)
INFO:root:Loss: 0.0797 +/- 0.0004
INFO:root:Epoch no. 323 of 500 (samples: 483142)
INFO:root:Loss: 0.0791 +/- 0.0008
INFO:root:Epoch no. 324 of 500 (samples: 483142)
INFO:root:Loss: 0.0793 +/- 0.0008
INFO:root:Epoch no. 325 of 500 (samples: 483142)
INFO:root:Loss: 0.0791 +/- 0.0006
INFO:root:Epoch no. 326 of 500 (samples: 483142)
INFO:root:Loss: 0.0789 +/- 0.0006
INFO:root:Epoch no. 327 of 500 (samples: 483142)
INFO:root:Loss: 0.0789 +/- 0.0005
INFO:root:Epoch no. 328 of 500 (samples: 483142)
INFO:root:Loss: 0.0788 +/- 0.0008
INFO:root:Epoch no. 329 of 500 (samples: 483142)
INFO:root:Loss: 0.0783 +/- 0.0005
INFO:root:Epoch no. 330 of 500 (samples: 483142)
INFO:root:Loss: 0.0783 +/- 0.0007
INFO:root:Epoch no. 331 of 500 (samples: 483142)
INFO:root:Loss: 0.0784 +/- 0.0007
INFO:root:Epoch no. 332 of 500 (samples: 483142)
INFO:root:Loss: 0.0777 +/- 0.0008
INFO:root:Epoch no. 333 of 500 (samples: 483142)
INFO:root:Loss: 0.0779 +/- 0.0007
INFO:root:Epoch no. 334 of 500 (samples: 483142)
INFO:root:Loss: 0.0778 +/- 0.0008
INFO:root:Epoch no. 335 of 500 (samples: 483142)
INFO:root:Loss: 0.0781 +/- 0.0005
INFO:root:Epoch no. 336 of 500 (samples: 483142)
INFO:root:Loss: 0.0773 +/- 0.0005
INFO:root:Epoch no. 337 of 500 (samples: 483142)
INFO:root:Loss: 0.0777 +/- 0.0007
INFO:root:Epoch no. 338 of 500 (samples: 483142)
INFO:root:Loss: 0.0771 +/- 0.0003
INFO:root:Epoch no. 339 of 500 (samples: 483142)
INFO:root:Loss: 0.0768 +/- 0.0008
INFO:root:Epoch no. 340 of 500 (samples: 483142)
INFO:root:Loss: 0.0768 +/- 0.0007
INFO:root:Epoch no. 341 of 500 (samples: 483142)
INFO:root:Loss: 0.0774 +/- 0.0009
INFO:root:Epoch no. 342 of 500 (samples: 483142)
INFO:root:Loss: 0.0767 +/- 0.0006
INFO:root:Epoch no. 343 of 500 (samples: 483142)
INFO:root:Loss: 0.0764 +/- 0.0004
INFO:root:Epoch no. 344 of 500 (samples: 483142)
INFO:root:Loss: 0.0765 +/- 0.0008
INFO:root:Epoch no. 345 of 500 (samples: 483142)
INFO:root:Loss: 0.0764 +/- 0.0008
INFO:root:Epoch no. 346 of 500 (samples: 483142)
INFO:root:Loss: 0.0764 +/- 0.0009
INFO:root:Epoch no. 347 of 500 (samples: 483142)
INFO:root:Loss: 0.0757 +/- 0.0009
INFO:root:Epoch no. 348 of 500 (samples: 483142)
INFO:root:Loss: 0.0761 +/- 0.0005
INFO:root:Epoch no. 349 of 500 (samples: 483142)
INFO:root:Loss: 0.076 +/- 0.0008
INFO:root:Epoch no. 350 of 500 (samples: 483142)
INFO:root:Loss: 0.0757 +/- 0.0005
INFO:root:Epoch no. 351 of 500 (samples: 483142)
INFO:root:Loss: 0.0756 +/- 0.0005
INFO:root:Epoch no. 352 of 500 (samples: 483142)
INFO:root:Loss: 0.0753 +/- 0.0007
INFO:root:Epoch no. 353 of 500 (samples: 483142)
INFO:root:Loss: 0.0757 +/- 0.001
INFO:root:Epoch no. 354 of 500 (samples: 483142)
INFO:root:Loss: 0.0756 +/- 0.0008
INFO:root:Epoch no. 355 of 500 (samples: 483142)
INFO:root:Loss: 0.0749 +/- 0.0004
INFO:root:Epoch no. 356 of 500 (samples: 483142)
INFO:root:Loss: 0.0754 +/- 0.0005
INFO:root:Epoch no. 357 of 500 (samples: 483142)
INFO:root:Loss: 0.0747 +/- 0.0004
INFO:root:Epoch no. 358 of 500 (samples: 483142)
INFO:root:Loss: 0.0749 +/- 0.0008
INFO:root:Epoch no. 359 of 500 (samples: 483142)
INFO:root:Loss: 0.0744 +/- 0.0007
INFO:root:Epoch no. 360 of 500 (samples: 483142)
INFO:root:Loss: 0.0746 +/- 0.0008
INFO:root:Epoch no. 361 of 500 (samples: 483142)
INFO:root:Loss: 0.0744 +/- 0.0008
INFO:root:Epoch no. 362 of 500 (samples: 483142)
INFO:root:Loss: 0.0746 +/- 0.0005
INFO:root:Epoch no. 363 of 500 (samples: 483142)
INFO:root:Loss: 0.0742 +/- 0.0007
INFO:root:Epoch no. 364 of 500 (samples: 483142)
INFO:root:Loss: 0.0744 +/- 0.0006
INFO:root:Epoch no. 365 of 500 (samples: 483142)
INFO:root:Loss: 0.074 +/- 0.0006
INFO:root:Epoch no. 366 of 500 (samples: 483142)
INFO:root:Loss: 0.074 +/- 0.0006
INFO:root:Epoch no. 367 of 500 (samples: 483142)
INFO:root:Loss: 0.0738 +/- 0.0006
INFO:root:Epoch no. 368 of 500 (samples: 483142)
INFO:root:Loss: 0.0735 +/- 0.0008
INFO:root:Epoch no. 369 of 500 (samples: 483142)
INFO:root:Loss: 0.0734 +/- 0.0006
INFO:root:Epoch no. 370 of 500 (samples: 483142)
INFO:root:Loss: 0.0736 +/- 0.0005
INFO:root:Epoch no. 371 of 500 (samples: 483142)
INFO:root:Loss: 0.0735 +/- 0.0003
INFO:root:Epoch no. 372 of 500 (samples: 483142)
INFO:root:Loss: 0.0733 +/- 0.0007
INFO:root:Epoch no. 373 of 500 (samples: 483142)
INFO:root:Loss: 0.0732 +/- 0.0005
INFO:root:Epoch no. 374 of 500 (samples: 483142)
INFO:root:Loss: 0.0733 +/- 0.0005
INFO:root:Epoch no. 375 of 500 (samples: 483142)
INFO:root:Loss: 0.073 +/- 0.0005
INFO:root:Epoch no. 376 of 500 (samples: 483142)
INFO:root:Loss: 0.0731 +/- 0.0007
INFO:root:Epoch no. 377 of 500 (samples: 483142)
INFO:root:Loss: 0.0727 +/- 0.0008
INFO:root:Epoch no. 378 of 500 (samples: 483142)
INFO:root:Loss: 0.0727 +/- 0.0006
INFO:root:Epoch no. 379 of 500 (samples: 483142)
INFO:root:Loss: 0.0724 +/- 0.0005
INFO:root:Epoch no. 380 of 500 (samples: 483142)
INFO:root:Loss: 0.0721 +/- 0.0005
INFO:root:Epoch no. 381 of 500 (samples: 483142)
INFO:root:Loss: 0.0721 +/- 0.0005
INFO:root:Epoch no. 382 of 500 (samples: 483142)
INFO:root:Loss: 0.0723 +/- 0.0009
INFO:root:Epoch no. 383 of 500 (samples: 483142)
INFO:root:Loss: 0.0724 +/- 0.0004
INFO:root:Epoch no. 384 of 500 (samples: 483142)
INFO:root:Loss: 0.072 +/- 0.0008
INFO:root:Epoch no. 385 of 500 (samples: 483142)
INFO:root:Loss: 0.072 +/- 0.0003
INFO:root:Epoch no. 386 of 500 (samples: 483142)
INFO:root:Loss: 0.0722 +/- 0.0005
INFO:root:Epoch no. 387 of 500 (samples: 483142)
INFO:root:Loss: 0.0719 +/- 0.0006
INFO:root:Epoch no. 388 of 500 (samples: 483142)
INFO:root:Loss: 0.0716 +/- 0.0009
INFO:root:Epoch no. 389 of 500 (samples: 483142)
INFO:root:Loss: 0.0713 +/- 0.0007
INFO:root:Epoch no. 390 of 500 (samples: 483142)
INFO:root:Loss: 0.0714 +/- 0.0004
INFO:root:Epoch no. 391 of 500 (samples: 483142)
INFO:root:Loss: 0.0713 +/- 0.0006
INFO:root:Epoch no. 392 of 500 (samples: 483142)
INFO:root:Loss: 0.0713 +/- 0.0007
INFO:root:Epoch no. 393 of 500 (samples: 483142)
INFO:root:Loss: 0.0712 +/- 0.0003
INFO:root:Epoch no. 394 of 500 (samples: 483142)
INFO:root:Loss: 0.0709 +/- 0.0007
INFO:root:Epoch no. 395 of 500 (samples: 483142)
INFO:root:Loss: 0.0707 +/- 0.0006
INFO:root:Epoch no. 396 of 500 (samples: 483142)
INFO:root:Loss: 0.0709 +/- 0.0007
INFO:root:Epoch no. 397 of 500 (samples: 483142)
INFO:root:Loss: 0.0707 +/- 0.0005
INFO:root:Epoch no. 398 of 500 (samples: 483142)
INFO:root:Loss: 0.0703 +/- 0.0004
INFO:root:Epoch no. 399 of 500 (samples: 483142)
INFO:root:Loss: 0.0707 +/- 0.0005
INFO:root:Epoch no. 400 of 500 (samples: 483142)
INFO:root:Loss: 0.0702 +/- 0.0004
INFO:root:Epoch no. 401 of 500 (samples: 483142)
INFO:root:Loss: 0.0703 +/- 0.0004
INFO:root:Epoch no. 402 of 500 (samples: 483142)
INFO:root:Loss: 0.0703 +/- 0.0006
INFO:root:Epoch no. 403 of 500 (samples: 483142)
INFO:root:Loss: 0.0704 +/- 0.0005
INFO:root:Epoch no. 404 of 500 (samples: 483142)
INFO:root:Loss: 0.07 +/- 0.0005
INFO:root:Epoch no. 405 of 500 (samples: 483142)
INFO:root:Loss: 0.0697 +/- 0.0004
INFO:root:Epoch no. 406 of 500 (samples: 483142)
INFO:root:Loss: 0.0699 +/- 0.0004
INFO:root:Epoch no. 407 of 500 (samples: 483142)
INFO:root:Loss: 0.07 +/- 0.0008
INFO:root:Epoch no. 408 of 500 (samples: 483142)
INFO:root:Loss: 0.0698 +/- 0.0007
INFO:root:Epoch no. 409 of 500 (samples: 483142)
INFO:root:Loss: 0.0697 +/- 0.0007
INFO:root:Epoch no. 410 of 500 (samples: 483142)
INFO:root:Loss: 0.0698 +/- 0.0006
INFO:root:Epoch no. 411 of 500 (samples: 483142)
INFO:root:Loss: 0.0695 +/- 0.0003
INFO:root:Epoch no. 412 of 500 (samples: 483142)
INFO:root:Loss: 0.0696 +/- 0.0006
INFO:root:Epoch no. 413 of 500 (samples: 483142)
INFO:root:Loss: 0.069 +/- 0.0009
INFO:root:Epoch no. 414 of 500 (samples: 483142)
INFO:root:Loss: 0.0689 +/- 0.0008
INFO:root:Epoch no. 415 of 500 (samples: 483142)
INFO:root:Loss: 0.0691 +/- 0.0004
INFO:root:Epoch no. 416 of 500 (samples: 483142)
INFO:root:Loss: 0.0691 +/- 0.0006
INFO:root:Epoch no. 417 of 500 (samples: 483142)
INFO:root:Loss: 0.0686 +/- 0.0005
INFO:root:Epoch no. 418 of 500 (samples: 483142)
INFO:root:Loss: 0.0689 +/- 0.0006
INFO:root:Epoch no. 419 of 500 (samples: 483142)
INFO:root:Loss: 0.0688 +/- 0.0008
INFO:root:Epoch no. 420 of 500 (samples: 483142)
INFO:root:Loss: 0.0689 +/- 0.0008
INFO:root:Epoch no. 421 of 500 (samples: 483142)
INFO:root:Loss: 0.0683 +/- 0.0006
INFO:root:Epoch no. 422 of 500 (samples: 483142)
INFO:root:Loss: 0.0686 +/- 0.0008
INFO:root:Epoch no. 423 of 500 (samples: 483142)
INFO:root:Loss: 0.0684 +/- 0.0006
INFO:root:Epoch no. 424 of 500 (samples: 483142)
INFO:root:Loss: 0.0682 +/- 0.0006
INFO:root:Epoch no. 425 of 500 (samples: 483142)
INFO:root:Loss: 0.0684 +/- 0.0007
INFO:root:Epoch no. 426 of 500 (samples: 483142)
INFO:root:Loss: 0.0682 +/- 0.0003
INFO:root:Epoch no. 427 of 500 (samples: 483142)
INFO:root:Loss: 0.0681 +/- 0.0008
INFO:root:Epoch no. 428 of 500 (samples: 483142)
INFO:root:Loss: 0.0685 +/- 0.0004
INFO:root:Epoch no. 429 of 500 (samples: 483142)
INFO:root:Loss: 0.0677 +/- 0.0007
INFO:root:Epoch no. 430 of 500 (samples: 483142)
INFO:root:Loss: 0.0679 +/- 0.0007
INFO:root:Epoch no. 431 of 500 (samples: 483142)
INFO:root:Loss: 0.0677 +/- 0.0005
INFO:root:Epoch no. 432 of 500 (samples: 483142)
INFO:root:Loss: 0.0674 +/- 0.0007
INFO:root:Epoch no. 433 of 500 (samples: 483142)
INFO:root:Loss: 0.0678 +/- 0.0007
INFO:root:Epoch no. 434 of 500 (samples: 483142)
INFO:root:Loss: 0.0677 +/- 0.0005
INFO:root:Epoch no. 435 of 500 (samples: 483142)
INFO:root:Loss: 0.0673 +/- 0.0004
INFO:root:Epoch no. 436 of 500 (samples: 483142)
INFO:root:Loss: 0.0674 +/- 0.0005
INFO:root:Epoch no. 437 of 500 (samples: 483142)
INFO:root:Loss: 0.0673 +/- 0.0009
INFO:root:Epoch no. 438 of 500 (samples: 483142)
INFO:root:Loss: 0.0672 +/- 0.0005
INFO:root:Epoch no. 439 of 500 (samples: 483142)
INFO:root:Loss: 0.067 +/- 0.0003
INFO:root:Epoch no. 440 of 500 (samples: 483142)
INFO:root:Loss: 0.067 +/- 0.0004
INFO:root:Epoch no. 441 of 500 (samples: 483142)
INFO:root:Loss: 0.067 +/- 0.0007
INFO:root:Epoch no. 442 of 500 (samples: 483142)
INFO:root:Loss: 0.0665 +/- 0.0005
INFO:root:Epoch no. 443 of 500 (samples: 483142)
INFO:root:Loss: 0.067 +/- 0.0004
INFO:root:Epoch no. 444 of 500 (samples: 483142)
INFO:root:Loss: 0.0667 +/- 0.0005
INFO:root:Epoch no. 445 of 500 (samples: 483142)
INFO:root:Loss: 0.0666 +/- 0.0004
INFO:root:Epoch no. 446 of 500 (samples: 483142)
INFO:root:Loss: 0.0668 +/- 0.0005
INFO:root:Epoch no. 447 of 500 (samples: 483142)
INFO:root:Loss: 0.0665 +/- 0.0003
INFO:root:Epoch no. 448 of 500 (samples: 483142)
INFO:root:Loss: 0.0664 +/- 0.0005
INFO:root:Epoch no. 449 of 500 (samples: 483142)
INFO:root:Loss: 0.0663 +/- 0.0005
INFO:root:Epoch no. 450 of 500 (samples: 483142)
INFO:root:Loss: 0.0663 +/- 0.0005
INFO:root:Epoch no. 451 of 500 (samples: 483142)
INFO:root:Loss: 0.0661 +/- 0.0005
INFO:root:Epoch no. 452 of 500 (samples: 483142)
INFO:root:Loss: 0.066 +/- 0.0005
INFO:root:Epoch no. 453 of 500 (samples: 483142)
INFO:root:Loss: 0.0663 +/- 0.0006
INFO:root:Epoch no. 454 of 500 (samples: 483142)
INFO:root:Loss: 0.0661 +/- 0.0008
INFO:root:Epoch no. 455 of 500 (samples: 483142)
INFO:root:Loss: 0.066 +/- 0.0009
INFO:root:Epoch no. 456 of 500 (samples: 483142)
INFO:root:Loss: 0.0659 +/- 0.0007
INFO:root:Epoch no. 457 of 500 (samples: 483142)
INFO:root:Loss: 0.0661 +/- 0.0007
INFO:root:Epoch no. 458 of 500 (samples: 483142)
INFO:root:Loss: 0.0657 +/- 0.0006
INFO:root:Epoch no. 459 of 500 (samples: 483142)
INFO:root:Loss: 0.0654 +/- 0.0007
INFO:root:Epoch no. 460 of 500 (samples: 483142)
INFO:root:Loss: 0.0658 +/- 0.0006
INFO:root:Epoch no. 461 of 500 (samples: 483142)
INFO:root:Loss: 0.0653 +/- 0.0006
INFO:root:Epoch no. 462 of 500 (samples: 483142)
INFO:root:Loss: 0.0655 +/- 0.0006
INFO:root:Epoch no. 463 of 500 (samples: 483142)
INFO:root:Loss: 0.0652 +/- 0.0005
INFO:root:Epoch no. 464 of 500 (samples: 483142)
INFO:root:Loss: 0.0654 +/- 0.0006
INFO:root:Epoch no. 465 of 500 (samples: 483142)
INFO:root:Loss: 0.0652 +/- 0.0006
INFO:root:Epoch no. 466 of 500 (samples: 483142)
INFO:root:Loss: 0.065 +/- 0.0005
INFO:root:Epoch no. 467 of 500 (samples: 483142)
INFO:root:Loss: 0.0649 +/- 0.0004
INFO:root:Epoch no. 468 of 500 (samples: 483142)
INFO:root:Loss: 0.0652 +/- 0.0004
INFO:root:Epoch no. 469 of 500 (samples: 483142)
INFO:root:Loss: 0.0647 +/- 0.0008
INFO:root:Epoch no. 470 of 500 (samples: 483142)
INFO:root:Loss: 0.0645 +/- 0.0007
INFO:root:Epoch no. 471 of 500 (samples: 483142)
INFO:root:Loss: 0.0647 +/- 0.0006
INFO:root:Epoch no. 472 of 500 (samples: 483142)
INFO:root:Loss: 0.0647 +/- 0.0007
INFO:root:Epoch no. 473 of 500 (samples: 483142)
INFO:root:Loss: 0.0644 +/- 0.0006
INFO:root:Epoch no. 474 of 500 (samples: 483142)
INFO:root:Loss: 0.0646 +/- 0.0005
INFO:root:Epoch no. 475 of 500 (samples: 483142)
INFO:root:Loss: 0.0644 +/- 0.0006
INFO:root:Epoch no. 476 of 500 (samples: 483142)
INFO:root:Loss: 0.0642 +/- 0.0006
INFO:root:Epoch no. 477 of 500 (samples: 483142)
INFO:root:Loss: 0.0643 +/- 0.0004
INFO:root:Epoch no. 478 of 500 (samples: 483142)
INFO:root:Loss: 0.0644 +/- 0.0006
INFO:root:Epoch no. 479 of 500 (samples: 483142)
INFO:root:Loss: 0.0641 +/- 0.0006
INFO:root:Epoch no. 480 of 500 (samples: 483142)
INFO:root:Loss: 0.0639 +/- 0.0006
INFO:root:Epoch no. 481 of 500 (samples: 483142)
INFO:root:Loss: 0.0639 +/- 0.0005
INFO:root:Epoch no. 482 of 500 (samples: 483142)
INFO:root:Loss: 0.0637 +/- 0.0004
INFO:root:Epoch no. 483 of 500 (samples: 483142)
INFO:root:Loss: 0.0639 +/- 0.0004
INFO:root:Epoch no. 484 of 500 (samples: 483142)
INFO:root:Loss: 0.0639 +/- 0.0009
INFO:root:Epoch no. 485 of 500 (samples: 483142)
INFO:root:Loss: 0.0638 +/- 0.0004
INFO:root:Epoch no. 486 of 500 (samples: 483142)
INFO:root:Loss: 0.0634 +/- 0.0006
INFO:root:Epoch no. 487 of 500 (samples: 483142)
INFO:root:Loss: 0.0637 +/- 0.0007
INFO:root:Epoch no. 488 of 500 (samples: 483142)
INFO:root:Loss: 0.0635 +/- 0.0006
INFO:root:Epoch no. 489 of 500 (samples: 483142)
INFO:root:Loss: 0.0636 +/- 0.0004
INFO:root:Epoch no. 490 of 500 (samples: 483142)
INFO:root:Loss: 0.0633 +/- 0.0006
INFO:root:Epoch no. 491 of 500 (samples: 483142)
INFO:root:Loss: 0.0632 +/- 0.0005
INFO:root:Epoch no. 492 of 500 (samples: 483142)
INFO:root:Loss: 0.0633 +/- 0.0006
INFO:root:Epoch no. 493 of 500 (samples: 483142)
INFO:root:Loss: 0.0635 +/- 0.0007
INFO:root:Epoch no. 494 of 500 (samples: 483142)
INFO:root:Loss: 0.0633 +/- 0.0007
INFO:root:Epoch no. 495 of 500 (samples: 483142)
INFO:root:Loss: 0.0634 +/- 0.0004
INFO:root:Epoch no. 496 of 500 (samples: 483142)
INFO:root:Loss: 0.063 +/- 0.0005
INFO:root:Epoch no. 497 of 500 (samples: 483142)
INFO:root:Loss: 0.063 +/- 0.0005
INFO:root:Epoch no. 498 of 500 (samples: 483142)
INFO:root:Loss: 0.0628 +/- 0.0004
INFO:root:Epoch no. 499 of 500 (samples: 483142)
INFO:root:Loss: 0.063 +/- 0.0006
INFO:root:Epoch no. 500 of 500 (samples: 483142)
INFO:root:Loss: 0.0625 +/- 0.0006
INFO:root:### MICRO (validation raw):
INFO:root:	-- left   >> mean: 438.56968, median: 84.0, hits@1: 5.412%
INFO:root:	-- right  >> mean: 343.72148, median: 46.0, hits@1: 9.916%
INFO:root:	-- global >> mean: 391.14558, median: 62.0, hits@1: 7.664%
INFO:root:### MICRO (validation raw):
INFO:root:	-- left   >> mean: 438.56968, median: 84.0, hits@3: 11.672%
INFO:root:	-- right  >> mean: 343.72148, median: 46.0, hits@3: 17.798%
INFO:root:	-- global >> mean: 391.14558, median: 62.0, hits@3: 14.735%
INFO:root:### MICRO (validation raw):
INFO:root:	-- left   >> mean: 438.56968, median: 84.0, hits@5: 15.588%
INFO:root:	-- right  >> mean: 343.72148, median: 46.0, hits@5: 22.53%
INFO:root:	-- global >> mean: 391.14558, median: 62.0, hits@5: 19.059%
INFO:root:### MICRO (validation raw):
INFO:root:	-- left   >> mean: 438.56968, median: 84.0, hits@10: 22.202%
INFO:root:	-- right  >> mean: 343.72148, median: 46.0, hits@10: 30.194%
INFO:root:	-- global >> mean: 391.14558, median: 62.0, hits@10: 26.198%
INFO:root:### MICRO (validation filtered):
INFO:root:	-- left   >> mean: 317.47164, median: 48.0, hits@1: 10.864%
INFO:root:	-- right  >> mean: 270.60138, median: 31.0, hits@1: 15.678%
INFO:root:	-- global >> mean: 294.03651, median: 39.0, hits@1: 13.271%
INFO:root:### MICRO (validation filtered):
INFO:root:	-- left   >> mean: 317.47164, median: 48.0, hits@3: 19.338%
INFO:root:	-- right  >> mean: 270.60138, median: 31.0, hits@3: 25.26%
INFO:root:	-- global >> mean: 294.03651, median: 39.0, hits@3: 22.299%
INFO:root:### MICRO (validation filtered):
INFO:root:	-- left   >> mean: 317.47164, median: 48.0, hits@5: 23.556%
INFO:root:	-- right  >> mean: 270.60138, median: 31.0, hits@5: 30.05%
INFO:root:	-- global >> mean: 294.03651, median: 39.0, hits@5: 26.803%
INFO:root:### MICRO (validation filtered):
INFO:root:	-- left   >> mean: 317.47164, median: 48.0, hits@10: 30.938%
INFO:root:	-- right  >> mean: 270.60138, median: 31.0, hits@10: 37.214%
INFO:root:	-- global >> mean: 294.03651, median: 39.0, hits@10: 34.076%
INFO:root:### MICRO (test raw):
INFO:root:	-- left   >> mean: 437.38958, median: 83.0, hits@1: 5.559%
INFO:root:	-- right  >> mean: 346.31386, median: 48.0, hits@1: 9.851%
INFO:root:	-- global >> mean: 391.85172, median: 63.0, hits@1: 7.705%
INFO:root:### MICRO (test raw):
INFO:root:	-- left   >> mean: 437.38958, median: 83.0, hits@3: 11.884%
INFO:root:	-- right  >> mean: 346.31386, median: 48.0, hits@3: 17.616%
INFO:root:	-- global >> mean: 391.85172, median: 63.0, hits@3: 14.75%
INFO:root:### MICRO (test raw):
INFO:root:	-- left   >> mean: 437.38958, median: 83.0, hits@5: 15.767%
INFO:root:	-- right  >> mean: 346.31386, median: 48.0, hits@5: 22.272%
INFO:root:	-- global >> mean: 391.85172, median: 63.0, hits@5: 19.019%
INFO:root:### MICRO (test raw):
INFO:root:	-- left   >> mean: 437.38958, median: 83.0, hits@10: 22.393%
INFO:root:	-- right  >> mean: 346.31386, median: 48.0, hits@10: 29.583%
INFO:root:	-- global >> mean: 391.85172, median: 63.0, hits@10: 25.988%
INFO:root:### MICRO (test filtered):
INFO:root:	-- left   >> mean: 318.20249, median: 47.0, hits@1: 10.944%
INFO:root:	-- right  >> mean: 270.03944, median: 33.0, hits@1: 15.539%
INFO:root:	-- global >> mean: 294.12096, median: 39.0, hits@1: 13.242%
INFO:root:### MICRO (test filtered):
INFO:root:	-- left   >> mean: 318.20249, median: 47.0, hits@3: 19.317%
INFO:root:	-- right  >> mean: 270.03944, median: 33.0, hits@3: 24.965%
INFO:root:	-- global >> mean: 294.12096, median: 39.0, hits@3: 22.141%
INFO:root:### MICRO (test filtered):
INFO:root:	-- left   >> mean: 318.20249, median: 47.0, hits@5: 23.673%
INFO:root:	-- right  >> mean: 270.03944, median: 33.0, hits@5: 29.51%
INFO:root:	-- global >> mean: 294.12096, median: 39.0, hits@5: 26.592%
INFO:root:### MICRO (test filtered):
INFO:root:	-- left   >> mean: 318.20249, median: 47.0, hits@10: 30.915%
INFO:root:	-- right  >> mean: 270.03944, median: 33.0, hits@10: 36.703%
INFO:root:	-- global >> mean: 294.12096, median: 39.0, hits@10: 33.809%
