Using Theano backend.
INFO:root:Acquiring data/wn18/wordnet-mlj12-train.txt ..
INFO:root:Acquiring data/wn18/wordnet-mlj12-valid.txt ..
INFO:root:Acquiring data/wn18/wordnet-mlj12-test.txt ..
INFO:root:Samples: 141442, no. batches: 10 -> batch size: 14145
INFO:root:Epoch no. 1 of 500 (samples: 141442)
INFO:root:Loss: 3.1892 +/- 0.0821
INFO:root:Epoch no. 2 of 500 (samples: 141442)
INFO:root:Loss: 2.9078 +/- 0.0339
INFO:root:Epoch no. 3 of 500 (samples: 141442)
INFO:root:Loss: 2.724 +/- 0.0211
INFO:root:Epoch no. 4 of 500 (samples: 141442)
INFO:root:Loss: 2.5916 +/- 0.016
INFO:root:Epoch no. 5 of 500 (samples: 141442)
INFO:root:Loss: 2.4814 +/- 0.0215
INFO:root:Epoch no. 6 of 500 (samples: 141442)
INFO:root:Loss: 2.3957 +/- 0.016
INFO:root:Epoch no. 7 of 500 (samples: 141442)
INFO:root:Loss: 2.3157 +/- 0.0131
INFO:root:Epoch no. 8 of 500 (samples: 141442)
INFO:root:Loss: 2.2441 +/- 0.0148
INFO:root:Epoch no. 9 of 500 (samples: 141442)
INFO:root:Loss: 2.1816 +/- 0.0069
INFO:root:Epoch no. 10 of 500 (samples: 141442)
INFO:root:Loss: 2.125 +/- 0.0128
INFO:root:Epoch no. 11 of 500 (samples: 141442)
INFO:root:Loss: 2.0741 +/- 0.0074
INFO:root:Epoch no. 12 of 500 (samples: 141442)
INFO:root:Loss: 2.0282 +/- 0.0075
INFO:root:Epoch no. 13 of 500 (samples: 141442)
INFO:root:Loss: 1.982 +/- 0.0116
INFO:root:Epoch no. 14 of 500 (samples: 141442)
INFO:root:Loss: 1.9426 +/- 0.0089
INFO:root:Epoch no. 15 of 500 (samples: 141442)
INFO:root:Loss: 1.9052 +/- 0.0056
INFO:root:Epoch no. 16 of 500 (samples: 141442)
INFO:root:Loss: 1.8709 +/- 0.0075
INFO:root:Epoch no. 17 of 500 (samples: 141442)
INFO:root:Loss: 1.8339 +/- 0.0093
INFO:root:Epoch no. 18 of 500 (samples: 141442)
INFO:root:Loss: 1.8006 +/- 0.0053
INFO:root:Epoch no. 19 of 500 (samples: 141442)
INFO:root:Loss: 1.7728 +/- 0.0053
INFO:root:Epoch no. 20 of 500 (samples: 141442)
INFO:root:Loss: 1.7455 +/- 0.0054
INFO:root:Epoch no. 21 of 500 (samples: 141442)
INFO:root:Loss: 1.7141 +/- 0.0086
INFO:root:Epoch no. 22 of 500 (samples: 141442)
INFO:root:Loss: 1.688 +/- 0.0083
INFO:root:Epoch no. 23 of 500 (samples: 141442)
INFO:root:Loss: 1.6632 +/- 0.0082
INFO:root:Epoch no. 24 of 500 (samples: 141442)
INFO:root:Loss: 1.6404 +/- 0.008
INFO:root:Epoch no. 25 of 500 (samples: 141442)
INFO:root:Loss: 1.6134 +/- 0.0061
INFO:root:Epoch no. 26 of 500 (samples: 141442)
INFO:root:Loss: 1.5941 +/- 0.0059
INFO:root:Epoch no. 27 of 500 (samples: 141442)
INFO:root:Loss: 1.571 +/- 0.0065
INFO:root:Epoch no. 28 of 500 (samples: 141442)
INFO:root:Loss: 1.5493 +/- 0.0063
INFO:root:Epoch no. 29 of 500 (samples: 141442)
INFO:root:Loss: 1.528 +/- 0.0066
INFO:root:Epoch no. 30 of 500 (samples: 141442)
INFO:root:Loss: 1.5108 +/- 0.004
INFO:root:Epoch no. 31 of 500 (samples: 141442)
INFO:root:Loss: 1.4904 +/- 0.0029
INFO:root:Epoch no. 32 of 500 (samples: 141442)
INFO:root:Loss: 1.4732 +/- 0.007
INFO:root:Epoch no. 33 of 500 (samples: 141442)
INFO:root:Loss: 1.4527 +/- 0.0076
INFO:root:Epoch no. 34 of 500 (samples: 141442)
INFO:root:Loss: 1.4338 +/- 0.0058
INFO:root:Epoch no. 35 of 500 (samples: 141442)
INFO:root:Loss: 1.4195 +/- 0.0042
INFO:root:Epoch no. 36 of 500 (samples: 141442)
INFO:root:Loss: 1.4024 +/- 0.006
INFO:root:Epoch no. 37 of 500 (samples: 141442)
INFO:root:Loss: 1.3895 +/- 0.0032
INFO:root:Epoch no. 38 of 500 (samples: 141442)
INFO:root:Loss: 1.3703 +/- 0.0029
INFO:root:Epoch no. 39 of 500 (samples: 141442)
INFO:root:Loss: 1.3548 +/- 0.0083
INFO:root:Epoch no. 40 of 500 (samples: 141442)
INFO:root:Loss: 1.3421 +/- 0.0045
INFO:root:Epoch no. 41 of 500 (samples: 141442)
INFO:root:Loss: 1.3277 +/- 0.0078
INFO:root:Epoch no. 42 of 500 (samples: 141442)
INFO:root:Loss: 1.313 +/- 0.0063
INFO:root:Epoch no. 43 of 500 (samples: 141442)
INFO:root:Loss: 1.3028 +/- 0.007
INFO:root:Epoch no. 44 of 500 (samples: 141442)
INFO:root:Loss: 1.2909 +/- 0.0037
INFO:root:Epoch no. 45 of 500 (samples: 141442)
INFO:root:Loss: 1.2766 +/- 0.0065
INFO:root:Epoch no. 46 of 500 (samples: 141442)
INFO:root:Loss: 1.2631 +/- 0.0051
INFO:root:Epoch no. 47 of 500 (samples: 141442)
INFO:root:Loss: 1.2527 +/- 0.0075
INFO:root:Epoch no. 48 of 500 (samples: 141442)
INFO:root:Loss: 1.2394 +/- 0.0064
INFO:root:Epoch no. 49 of 500 (samples: 141442)
INFO:root:Loss: 1.2274 +/- 0.0051
INFO:root:Epoch no. 50 of 500 (samples: 141442)
INFO:root:Loss: 1.2164 +/- 0.0079
INFO:root:Epoch no. 51 of 500 (samples: 141442)
INFO:root:Loss: 1.2069 +/- 0.0101
INFO:root:Epoch no. 52 of 500 (samples: 141442)
INFO:root:Loss: 1.1943 +/- 0.0074
INFO:root:Epoch no. 53 of 500 (samples: 141442)
INFO:root:Loss: 1.1854 +/- 0.0052
INFO:root:Epoch no. 54 of 500 (samples: 141442)
INFO:root:Loss: 1.1758 +/- 0.0043
INFO:root:Epoch no. 55 of 500 (samples: 141442)
INFO:root:Loss: 1.164 +/- 0.0045
INFO:root:Epoch no. 56 of 500 (samples: 141442)
INFO:root:Loss: 1.1552 +/- 0.0034
INFO:root:Epoch no. 57 of 500 (samples: 141442)
INFO:root:Loss: 1.1442 +/- 0.006
INFO:root:Epoch no. 58 of 500 (samples: 141442)
INFO:root:Loss: 1.1341 +/- 0.0071
INFO:root:Epoch no. 59 of 500 (samples: 141442)
INFO:root:Loss: 1.1257 +/- 0.0064
INFO:root:Epoch no. 60 of 500 (samples: 141442)
INFO:root:Loss: 1.1167 +/- 0.0052
INFO:root:Epoch no. 61 of 500 (samples: 141442)
INFO:root:Loss: 1.108 +/- 0.0059
INFO:root:Epoch no. 62 of 500 (samples: 141442)
INFO:root:Loss: 1.1 +/- 0.0037
INFO:root:Epoch no. 63 of 500 (samples: 141442)
INFO:root:Loss: 1.091 +/- 0.0052
INFO:root:Epoch no. 64 of 500 (samples: 141442)
INFO:root:Loss: 1.082 +/- 0.0054
INFO:root:Epoch no. 65 of 500 (samples: 141442)
INFO:root:Loss: 1.0742 +/- 0.0061
INFO:root:Epoch no. 66 of 500 (samples: 141442)
INFO:root:Loss: 1.0651 +/- 0.0061
INFO:root:Epoch no. 67 of 500 (samples: 141442)
INFO:root:Loss: 1.0575 +/- 0.0078
INFO:root:Epoch no. 68 of 500 (samples: 141442)
INFO:root:Loss: 1.0482 +/- 0.0054
INFO:root:Epoch no. 69 of 500 (samples: 141442)
INFO:root:Loss: 1.0431 +/- 0.0057
INFO:root:Epoch no. 70 of 500 (samples: 141442)
INFO:root:Loss: 1.0341 +/- 0.0056
INFO:root:Epoch no. 71 of 500 (samples: 141442)
INFO:root:Loss: 1.0259 +/- 0.0046
INFO:root:Epoch no. 72 of 500 (samples: 141442)
INFO:root:Loss: 1.0192 +/- 0.0036
INFO:root:Epoch no. 73 of 500 (samples: 141442)
INFO:root:Loss: 1.0124 +/- 0.0041
INFO:root:Epoch no. 74 of 500 (samples: 141442)
INFO:root:Loss: 1.0043 +/- 0.007
INFO:root:Epoch no. 75 of 500 (samples: 141442)
INFO:root:Loss: 0.9976 +/- 0.0052
INFO:root:Epoch no. 76 of 500 (samples: 141442)
INFO:root:Loss: 0.9908 +/- 0.0061
INFO:root:Epoch no. 77 of 500 (samples: 141442)
INFO:root:Loss: 0.9844 +/- 0.0058
INFO:root:Epoch no. 78 of 500 (samples: 141442)
INFO:root:Loss: 0.9768 +/- 0.0053
INFO:root:Epoch no. 79 of 500 (samples: 141442)
INFO:root:Loss: 0.9712 +/- 0.0069
INFO:root:Epoch no. 80 of 500 (samples: 141442)
INFO:root:Loss: 0.9638 +/- 0.0035
INFO:root:Epoch no. 81 of 500 (samples: 141442)
INFO:root:Loss: 0.957 +/- 0.0049
INFO:root:Epoch no. 82 of 500 (samples: 141442)
INFO:root:Loss: 0.9495 +/- 0.0049
INFO:root:Epoch no. 83 of 500 (samples: 141442)
INFO:root:Loss: 0.9445 +/- 0.0057
INFO:root:Epoch no. 84 of 500 (samples: 141442)
INFO:root:Loss: 0.9383 +/- 0.0062
INFO:root:Epoch no. 85 of 500 (samples: 141442)
INFO:root:Loss: 0.9326 +/- 0.0058
INFO:root:Epoch no. 86 of 500 (samples: 141442)
INFO:root:Loss: 0.9265 +/- 0.0027
INFO:root:Epoch no. 87 of 500 (samples: 141442)
INFO:root:Loss: 0.9212 +/- 0.0057
INFO:root:Epoch no. 88 of 500 (samples: 141442)
INFO:root:Loss: 0.9149 +/- 0.0058
INFO:root:Epoch no. 89 of 500 (samples: 141442)
INFO:root:Loss: 0.9106 +/- 0.0044
INFO:root:Epoch no. 90 of 500 (samples: 141442)
INFO:root:Loss: 0.902 +/- 0.0042
INFO:root:Epoch no. 91 of 500 (samples: 141442)
INFO:root:Loss: 0.8975 +/- 0.0047
INFO:root:Epoch no. 92 of 500 (samples: 141442)
INFO:root:Loss: 0.8937 +/- 0.005
INFO:root:Epoch no. 93 of 500 (samples: 141442)
INFO:root:Loss: 0.8877 +/- 0.0066
INFO:root:Epoch no. 94 of 500 (samples: 141442)
INFO:root:Loss: 0.8798 +/- 0.0059
INFO:root:Epoch no. 95 of 500 (samples: 141442)
INFO:root:Loss: 0.8743 +/- 0.0051
INFO:root:Epoch no. 96 of 500 (samples: 141442)
INFO:root:Loss: 0.8706 +/- 0.0049
INFO:root:Epoch no. 97 of 500 (samples: 141442)
INFO:root:Loss: 0.8645 +/- 0.0033
INFO:root:Epoch no. 98 of 500 (samples: 141442)
INFO:root:Loss: 0.8596 +/- 0.0049
INFO:root:Epoch no. 99 of 500 (samples: 141442)
INFO:root:Loss: 0.8568 +/- 0.0051
INFO:root:Epoch no. 100 of 500 (samples: 141442)
INFO:root:Loss: 0.8496 +/- 0.0036
INFO:root:Epoch no. 101 of 500 (samples: 141442)
INFO:root:Loss: 0.8443 +/- 0.0056
INFO:root:Epoch no. 102 of 500 (samples: 141442)
INFO:root:Loss: 0.8409 +/- 0.0047
INFO:root:Epoch no. 103 of 500 (samples: 141442)
INFO:root:Loss: 0.8368 +/- 0.006
INFO:root:Epoch no. 104 of 500 (samples: 141442)
INFO:root:Loss: 0.8317 +/- 0.0048
INFO:root:Epoch no. 105 of 500 (samples: 141442)
INFO:root:Loss: 0.8266 +/- 0.0065
INFO:root:Epoch no. 106 of 500 (samples: 141442)
INFO:root:Loss: 0.8225 +/- 0.0052
INFO:root:Epoch no. 107 of 500 (samples: 141442)
INFO:root:Loss: 0.8162 +/- 0.0062
INFO:root:Epoch no. 108 of 500 (samples: 141442)
INFO:root:Loss: 0.812 +/- 0.0048
INFO:root:Epoch no. 109 of 500 (samples: 141442)
INFO:root:Loss: 0.8082 +/- 0.0056
INFO:root:Epoch no. 110 of 500 (samples: 141442)
INFO:root:Loss: 0.8038 +/- 0.0068
INFO:root:Epoch no. 111 of 500 (samples: 141442)
INFO:root:Loss: 0.7986 +/- 0.0081
INFO:root:Epoch no. 112 of 500 (samples: 141442)
INFO:root:Loss: 0.7961 +/- 0.0074
INFO:root:Epoch no. 113 of 500 (samples: 141442)
INFO:root:Loss: 0.7901 +/- 0.0054
INFO:root:Epoch no. 114 of 500 (samples: 141442)
INFO:root:Loss: 0.7869 +/- 0.0055
INFO:root:Epoch no. 115 of 500 (samples: 141442)
INFO:root:Loss: 0.7839 +/- 0.0054
INFO:root:Epoch no. 116 of 500 (samples: 141442)
INFO:root:Loss: 0.7789 +/- 0.0055
INFO:root:Epoch no. 117 of 500 (samples: 141442)
INFO:root:Loss: 0.7745 +/- 0.0043
INFO:root:Epoch no. 118 of 500 (samples: 141442)
INFO:root:Loss: 0.77 +/- 0.003
INFO:root:Epoch no. 119 of 500 (samples: 141442)
INFO:root:Loss: 0.7666 +/- 0.0064
INFO:root:Epoch no. 120 of 500 (samples: 141442)
INFO:root:Loss: 0.7627 +/- 0.0064
INFO:root:Epoch no. 121 of 500 (samples: 141442)
INFO:root:Loss: 0.7574 +/- 0.0042
INFO:root:Epoch no. 122 of 500 (samples: 141442)
INFO:root:Loss: 0.7541 +/- 0.005
INFO:root:Epoch no. 123 of 500 (samples: 141442)
INFO:root:Loss: 0.7515 +/- 0.0064
INFO:root:Epoch no. 124 of 500 (samples: 141442)
INFO:root:Loss: 0.7463 +/- 0.0057
INFO:root:Epoch no. 125 of 500 (samples: 141442)
INFO:root:Loss: 0.7432 +/- 0.0042
INFO:root:Epoch no. 126 of 500 (samples: 141442)
INFO:root:Loss: 0.7403 +/- 0.0062
INFO:root:Epoch no. 127 of 500 (samples: 141442)
INFO:root:Loss: 0.7358 +/- 0.0049
INFO:root:Epoch no. 128 of 500 (samples: 141442)
INFO:root:Loss: 0.7319 +/- 0.005
INFO:root:Epoch no. 129 of 500 (samples: 141442)
INFO:root:Loss: 0.7286 +/- 0.0054
INFO:root:Epoch no. 130 of 500 (samples: 141442)
INFO:root:Loss: 0.7239 +/- 0.0062
INFO:root:Epoch no. 131 of 500 (samples: 141442)
INFO:root:Loss: 0.722 +/- 0.0049
INFO:root:Epoch no. 132 of 500 (samples: 141442)
INFO:root:Loss: 0.717 +/- 0.0092
INFO:root:Epoch no. 133 of 500 (samples: 141442)
INFO:root:Loss: 0.7154 +/- 0.0037
INFO:root:Epoch no. 134 of 500 (samples: 141442)
INFO:root:Loss: 0.711 +/- 0.0041
INFO:root:Epoch no. 135 of 500 (samples: 141442)
INFO:root:Loss: 0.7081 +/- 0.0043
INFO:root:Epoch no. 136 of 500 (samples: 141442)
INFO:root:Loss: 0.7036 +/- 0.0062
INFO:root:Epoch no. 137 of 500 (samples: 141442)
INFO:root:Loss: 0.7014 +/- 0.0059
INFO:root:Epoch no. 138 of 500 (samples: 141442)
INFO:root:Loss: 0.6978 +/- 0.006
INFO:root:Epoch no. 139 of 500 (samples: 141442)
INFO:root:Loss: 0.6948 +/- 0.0051
INFO:root:Epoch no. 140 of 500 (samples: 141442)
INFO:root:Loss: 0.6911 +/- 0.0053
INFO:root:Epoch no. 141 of 500 (samples: 141442)
INFO:root:Loss: 0.6878 +/- 0.0055
INFO:root:Epoch no. 142 of 500 (samples: 141442)
INFO:root:Loss: 0.6841 +/- 0.0052
INFO:root:Epoch no. 143 of 500 (samples: 141442)
INFO:root:Loss: 0.6819 +/- 0.0047
INFO:root:Epoch no. 144 of 500 (samples: 141442)
INFO:root:Loss: 0.6789 +/- 0.0051
INFO:root:Epoch no. 145 of 500 (samples: 141442)
INFO:root:Loss: 0.6753 +/- 0.0044
INFO:root:Epoch no. 146 of 500 (samples: 141442)
INFO:root:Loss: 0.6732 +/- 0.0066
INFO:root:Epoch no. 147 of 500 (samples: 141442)
INFO:root:Loss: 0.6704 +/- 0.0061
INFO:root:Epoch no. 148 of 500 (samples: 141442)
INFO:root:Loss: 0.6668 +/- 0.0028
INFO:root:Epoch no. 149 of 500 (samples: 141442)
INFO:root:Loss: 0.663 +/- 0.0037
INFO:root:Epoch no. 150 of 500 (samples: 141442)
INFO:root:Loss: 0.6608 +/- 0.0056
INFO:root:Epoch no. 151 of 500 (samples: 141442)
INFO:root:Loss: 0.6584 +/- 0.0037
INFO:root:Epoch no. 152 of 500 (samples: 141442)
INFO:root:Loss: 0.6548 +/- 0.0048
INFO:root:Epoch no. 153 of 500 (samples: 141442)
INFO:root:Loss: 0.6537 +/- 0.0038
INFO:root:Epoch no. 154 of 500 (samples: 141442)
INFO:root:Loss: 0.6493 +/- 0.0056
INFO:root:Epoch no. 155 of 500 (samples: 141442)
INFO:root:Loss: 0.6466 +/- 0.0035
INFO:root:Epoch no. 156 of 500 (samples: 141442)
INFO:root:Loss: 0.6453 +/- 0.0055
INFO:root:Epoch no. 157 of 500 (samples: 141442)
INFO:root:Loss: 0.6416 +/- 0.0034
INFO:root:Epoch no. 158 of 500 (samples: 141442)
INFO:root:Loss: 0.6388 +/- 0.0046
INFO:root:Epoch no. 159 of 500 (samples: 141442)
INFO:root:Loss: 0.6376 +/- 0.0047
INFO:root:Epoch no. 160 of 500 (samples: 141442)
INFO:root:Loss: 0.632 +/- 0.004
INFO:root:Epoch no. 161 of 500 (samples: 141442)
INFO:root:Loss: 0.6308 +/- 0.0038
INFO:root:Epoch no. 162 of 500 (samples: 141442)
INFO:root:Loss: 0.6263 +/- 0.0036
INFO:root:Epoch no. 163 of 500 (samples: 141442)
INFO:root:Loss: 0.627 +/- 0.0046
INFO:root:Epoch no. 164 of 500 (samples: 141442)
INFO:root:Loss: 0.6219 +/- 0.0023
INFO:root:Epoch no. 165 of 500 (samples: 141442)
INFO:root:Loss: 0.6212 +/- 0.0043
INFO:root:Epoch no. 166 of 500 (samples: 141442)
INFO:root:Loss: 0.617 +/- 0.0046
INFO:root:Epoch no. 167 of 500 (samples: 141442)
INFO:root:Loss: 0.6159 +/- 0.0037
INFO:root:Epoch no. 168 of 500 (samples: 141442)
INFO:root:Loss: 0.6119 +/- 0.0041
INFO:root:Epoch no. 169 of 500 (samples: 141442)
INFO:root:Loss: 0.6105 +/- 0.004
INFO:root:Epoch no. 170 of 500 (samples: 141442)
INFO:root:Loss: 0.6084 +/- 0.0038
INFO:root:Epoch no. 171 of 500 (samples: 141442)
INFO:root:Loss: 0.605 +/- 0.0043
INFO:root:Epoch no. 172 of 500 (samples: 141442)
INFO:root:Loss: 0.6034 +/- 0.0028
INFO:root:Epoch no. 173 of 500 (samples: 141442)
INFO:root:Loss: 0.6005 +/- 0.0046
INFO:root:Epoch no. 174 of 500 (samples: 141442)
INFO:root:Loss: 0.5964 +/- 0.0047
INFO:root:Epoch no. 175 of 500 (samples: 141442)
INFO:root:Loss: 0.595 +/- 0.0044
INFO:root:Epoch no. 176 of 500 (samples: 141442)
INFO:root:Loss: 0.5911 +/- 0.0058
INFO:root:Epoch no. 177 of 500 (samples: 141442)
INFO:root:Loss: 0.5915 +/- 0.0023
INFO:root:Epoch no. 178 of 500 (samples: 141442)
INFO:root:Loss: 0.5887 +/- 0.006
INFO:root:Epoch no. 179 of 500 (samples: 141442)
INFO:root:Loss: 0.5875 +/- 0.0036
INFO:root:Epoch no. 180 of 500 (samples: 141442)
INFO:root:Loss: 0.5845 +/- 0.0038
INFO:root:Epoch no. 181 of 500 (samples: 141442)
INFO:root:Loss: 0.5809 +/- 0.0047
INFO:root:Epoch no. 182 of 500 (samples: 141442)
INFO:root:Loss: 0.5793 +/- 0.0034
INFO:root:Epoch no. 183 of 500 (samples: 141442)
INFO:root:Loss: 0.5778 +/- 0.0043
INFO:root:Epoch no. 184 of 500 (samples: 141442)
INFO:root:Loss: 0.5759 +/- 0.0056
INFO:root:Epoch no. 185 of 500 (samples: 141442)
INFO:root:Loss: 0.574 +/- 0.0033
INFO:root:Epoch no. 186 of 500 (samples: 141442)
INFO:root:Loss: 0.5715 +/- 0.0049
INFO:root:Epoch no. 187 of 500 (samples: 141442)
INFO:root:Loss: 0.5688 +/- 0.0058
INFO:root:Epoch no. 188 of 500 (samples: 141442)
INFO:root:Loss: 0.5666 +/- 0.0032
INFO:root:Epoch no. 189 of 500 (samples: 141442)
INFO:root:Loss: 0.5639 +/- 0.0029
INFO:root:Epoch no. 190 of 500 (samples: 141442)
INFO:root:Loss: 0.5622 +/- 0.0056
INFO:root:Epoch no. 191 of 500 (samples: 141442)
INFO:root:Loss: 0.5602 +/- 0.0062
INFO:root:Epoch no. 192 of 500 (samples: 141442)
INFO:root:Loss: 0.5576 +/- 0.0033
INFO:root:Epoch no. 193 of 500 (samples: 141442)
INFO:root:Loss: 0.5557 +/- 0.0053
INFO:root:Epoch no. 194 of 500 (samples: 141442)
INFO:root:Loss: 0.5546 +/- 0.0054
INFO:root:Epoch no. 195 of 500 (samples: 141442)
INFO:root:Loss: 0.5527 +/- 0.0038
INFO:root:Epoch no. 196 of 500 (samples: 141442)
INFO:root:Loss: 0.5505 +/- 0.0035
INFO:root:Epoch no. 197 of 500 (samples: 141442)
INFO:root:Loss: 0.5485 +/- 0.0054
INFO:root:Epoch no. 198 of 500 (samples: 141442)
INFO:root:Loss: 0.5485 +/- 0.0044
INFO:root:Epoch no. 199 of 500 (samples: 141442)
INFO:root:Loss: 0.5445 +/- 0.0046
INFO:root:Epoch no. 200 of 500 (samples: 141442)
INFO:root:Loss: 0.5428 +/- 0.0038
INFO:root:Epoch no. 201 of 500 (samples: 141442)
INFO:root:Loss: 0.5406 +/- 0.0031
INFO:root:Epoch no. 202 of 500 (samples: 141442)
INFO:root:Loss: 0.5387 +/- 0.004
INFO:root:Epoch no. 203 of 500 (samples: 141442)
INFO:root:Loss: 0.5365 +/- 0.0035
INFO:root:Epoch no. 204 of 500 (samples: 141442)
INFO:root:Loss: 0.5357 +/- 0.0025
INFO:root:Epoch no. 205 of 500 (samples: 141442)
INFO:root:Loss: 0.5339 +/- 0.0034
INFO:root:Epoch no. 206 of 500 (samples: 141442)
INFO:root:Loss: 0.531 +/- 0.0021
INFO:root:Epoch no. 207 of 500 (samples: 141442)
INFO:root:Loss: 0.5294 +/- 0.0056
INFO:root:Epoch no. 208 of 500 (samples: 141442)
INFO:root:Loss: 0.528 +/- 0.004
INFO:root:Epoch no. 209 of 500 (samples: 141442)
INFO:root:Loss: 0.5257 +/- 0.0047
INFO:root:Epoch no. 210 of 500 (samples: 141442)
INFO:root:Loss: 0.5249 +/- 0.0046
INFO:root:Epoch no. 211 of 500 (samples: 141442)
INFO:root:Loss: 0.5222 +/- 0.0031
INFO:root:Epoch no. 212 of 500 (samples: 141442)
INFO:root:Loss: 0.5211 +/- 0.005
INFO:root:Epoch no. 213 of 500 (samples: 141442)
INFO:root:Loss: 0.5186 +/- 0.0042
INFO:root:Epoch no. 214 of 500 (samples: 141442)
INFO:root:Loss: 0.5172 +/- 0.0045
INFO:root:Epoch no. 215 of 500 (samples: 141442)
INFO:root:Loss: 0.5153 +/- 0.0039
INFO:root:Epoch no. 216 of 500 (samples: 141442)
INFO:root:Loss: 0.5149 +/- 0.0033
INFO:root:Epoch no. 217 of 500 (samples: 141442)
INFO:root:Loss: 0.5123 +/- 0.0045
INFO:root:Epoch no. 218 of 500 (samples: 141442)
INFO:root:Loss: 0.5122 +/- 0.0046
INFO:root:Epoch no. 219 of 500 (samples: 141442)
INFO:root:Loss: 0.5089 +/- 0.004
INFO:root:Epoch no. 220 of 500 (samples: 141442)
INFO:root:Loss: 0.5071 +/- 0.0043
INFO:root:Epoch no. 221 of 500 (samples: 141442)
INFO:root:Loss: 0.5058 +/- 0.0047
INFO:root:Epoch no. 222 of 500 (samples: 141442)
INFO:root:Loss: 0.5059 +/- 0.0027
INFO:root:Epoch no. 223 of 500 (samples: 141442)
INFO:root:Loss: 0.5016 +/- 0.0039
INFO:root:Epoch no. 224 of 500 (samples: 141442)
INFO:root:Loss: 0.5007 +/- 0.0051
INFO:root:Epoch no. 225 of 500 (samples: 141442)
INFO:root:Loss: 0.4991 +/- 0.0038
INFO:root:Epoch no. 226 of 500 (samples: 141442)
INFO:root:Loss: 0.4969 +/- 0.0045
INFO:root:Epoch no. 227 of 500 (samples: 141442)
INFO:root:Loss: 0.4964 +/- 0.0044
INFO:root:Epoch no. 228 of 500 (samples: 141442)
INFO:root:Loss: 0.4948 +/- 0.0045
INFO:root:Epoch no. 229 of 500 (samples: 141442)
INFO:root:Loss: 0.4934 +/- 0.0024
INFO:root:Epoch no. 230 of 500 (samples: 141442)
INFO:root:Loss: 0.4911 +/- 0.0059
INFO:root:Epoch no. 231 of 500 (samples: 141442)
INFO:root:Loss: 0.4908 +/- 0.0041
INFO:root:Epoch no. 232 of 500 (samples: 141442)
INFO:root:Loss: 0.4873 +/- 0.0038
INFO:root:Epoch no. 233 of 500 (samples: 141442)
INFO:root:Loss: 0.4864 +/- 0.0028
INFO:root:Epoch no. 234 of 500 (samples: 141442)
INFO:root:Loss: 0.4853 +/- 0.0044
INFO:root:Epoch no. 235 of 500 (samples: 141442)
INFO:root:Loss: 0.4839 +/- 0.0041
INFO:root:Epoch no. 236 of 500 (samples: 141442)
INFO:root:Loss: 0.4817 +/- 0.0039
INFO:root:Epoch no. 237 of 500 (samples: 141442)
INFO:root:Loss: 0.4809 +/- 0.0044
INFO:root:Epoch no. 238 of 500 (samples: 141442)
INFO:root:Loss: 0.4793 +/- 0.0033
INFO:root:Epoch no. 239 of 500 (samples: 141442)
INFO:root:Loss: 0.4769 +/- 0.0054
INFO:root:Epoch no. 240 of 500 (samples: 141442)
INFO:root:Loss: 0.4766 +/- 0.0035
INFO:root:Epoch no. 241 of 500 (samples: 141442)
INFO:root:Loss: 0.4737 +/- 0.004
INFO:root:Epoch no. 242 of 500 (samples: 141442)
INFO:root:Loss: 0.4745 +/- 0.0035
INFO:root:Epoch no. 243 of 500 (samples: 141442)
INFO:root:Loss: 0.4716 +/- 0.0038
INFO:root:Epoch no. 244 of 500 (samples: 141442)
INFO:root:Loss: 0.4716 +/- 0.0035
INFO:root:Epoch no. 245 of 500 (samples: 141442)
INFO:root:Loss: 0.4694 +/- 0.0043
INFO:root:Epoch no. 246 of 500 (samples: 141442)
INFO:root:Loss: 0.4687 +/- 0.0052
INFO:root:Epoch no. 247 of 500 (samples: 141442)
INFO:root:Loss: 0.4661 +/- 0.0031
INFO:root:Epoch no. 248 of 500 (samples: 141442)
INFO:root:Loss: 0.4659 +/- 0.0049
INFO:root:Epoch no. 249 of 500 (samples: 141442)
INFO:root:Loss: 0.463 +/- 0.0039
INFO:root:Epoch no. 250 of 500 (samples: 141442)
INFO:root:Loss: 0.4617 +/- 0.0032
INFO:root:Epoch no. 251 of 500 (samples: 141442)
INFO:root:Loss: 0.4597 +/- 0.0028
INFO:root:Epoch no. 252 of 500 (samples: 141442)
INFO:root:Loss: 0.4595 +/- 0.0037
INFO:root:Epoch no. 253 of 500 (samples: 141442)
INFO:root:Loss: 0.4595 +/- 0.0037
INFO:root:Epoch no. 254 of 500 (samples: 141442)
INFO:root:Loss: 0.4578 +/- 0.0038
INFO:root:Epoch no. 255 of 500 (samples: 141442)
INFO:root:Loss: 0.455 +/- 0.0044
INFO:root:Epoch no. 256 of 500 (samples: 141442)
INFO:root:Loss: 0.4542 +/- 0.0041
INFO:root:Epoch no. 257 of 500 (samples: 141442)
INFO:root:Loss: 0.4525 +/- 0.0035
INFO:root:Epoch no. 258 of 500 (samples: 141442)
INFO:root:Loss: 0.452 +/- 0.0035
INFO:root:Epoch no. 259 of 500 (samples: 141442)
INFO:root:Loss: 0.449 +/- 0.0038
INFO:root:Epoch no. 260 of 500 (samples: 141442)
INFO:root:Loss: 0.4479 +/- 0.0027
INFO:root:Epoch no. 261 of 500 (samples: 141442)
INFO:root:Loss: 0.4476 +/- 0.0043
INFO:root:Epoch no. 262 of 500 (samples: 141442)
INFO:root:Loss: 0.4456 +/- 0.0035
INFO:root:Epoch no. 263 of 500 (samples: 141442)
INFO:root:Loss: 0.4466 +/- 0.0042
INFO:root:Epoch no. 264 of 500 (samples: 141442)
INFO:root:Loss: 0.4447 +/- 0.0041
INFO:root:Epoch no. 265 of 500 (samples: 141442)
INFO:root:Loss: 0.4414 +/- 0.0037
INFO:root:Epoch no. 266 of 500 (samples: 141442)
INFO:root:Loss: 0.4421 +/- 0.0048
INFO:root:Epoch no. 267 of 500 (samples: 141442)
INFO:root:Loss: 0.4396 +/- 0.0044
INFO:root:Epoch no. 268 of 500 (samples: 141442)
INFO:root:Loss: 0.4388 +/- 0.0055
INFO:root:Epoch no. 269 of 500 (samples: 141442)
INFO:root:Loss: 0.4373 +/- 0.0028
INFO:root:Epoch no. 270 of 500 (samples: 141442)
INFO:root:Loss: 0.4365 +/- 0.0029
INFO:root:Epoch no. 271 of 500 (samples: 141442)
INFO:root:Loss: 0.4362 +/- 0.0034
INFO:root:Epoch no. 272 of 500 (samples: 141442)
INFO:root:Loss: 0.435 +/- 0.0031
INFO:root:Epoch no. 273 of 500 (samples: 141442)
INFO:root:Loss: 0.4333 +/- 0.0021
INFO:root:Epoch no. 274 of 500 (samples: 141442)
INFO:root:Loss: 0.4324 +/- 0.004
INFO:root:Epoch no. 275 of 500 (samples: 141442)
INFO:root:Loss: 0.4303 +/- 0.0048
INFO:root:Epoch no. 276 of 500 (samples: 141442)
INFO:root:Loss: 0.4306 +/- 0.0023
INFO:root:Epoch no. 277 of 500 (samples: 141442)
INFO:root:Loss: 0.4277 +/- 0.004
INFO:root:Epoch no. 278 of 500 (samples: 141442)
INFO:root:Loss: 0.4267 +/- 0.0036
INFO:root:Epoch no. 279 of 500 (samples: 141442)
INFO:root:Loss: 0.426 +/- 0.0049
INFO:root:Epoch no. 280 of 500 (samples: 141442)
INFO:root:Loss: 0.4243 +/- 0.0037
INFO:root:Epoch no. 281 of 500 (samples: 141442)
INFO:root:Loss: 0.4231 +/- 0.0036
INFO:root:Epoch no. 282 of 500 (samples: 141442)
INFO:root:Loss: 0.4225 +/- 0.0026
INFO:root:Epoch no. 283 of 500 (samples: 141442)
INFO:root:Loss: 0.4215 +/- 0.005
INFO:root:Epoch no. 284 of 500 (samples: 141442)
INFO:root:Loss: 0.4209 +/- 0.0051
INFO:root:Epoch no. 285 of 500 (samples: 141442)
INFO:root:Loss: 0.4188 +/- 0.0049
INFO:root:Epoch no. 286 of 500 (samples: 141442)
INFO:root:Loss: 0.4188 +/- 0.0041
INFO:root:Epoch no. 287 of 500 (samples: 141442)
INFO:root:Loss: 0.4166 +/- 0.0034
INFO:root:Epoch no. 288 of 500 (samples: 141442)
INFO:root:Loss: 0.4158 +/- 0.0055
INFO:root:Epoch no. 289 of 500 (samples: 141442)
INFO:root:Loss: 0.4149 +/- 0.0039
INFO:root:Epoch no. 290 of 500 (samples: 141442)
INFO:root:Loss: 0.4141 +/- 0.0032
INFO:root:Epoch no. 291 of 500 (samples: 141442)
INFO:root:Loss: 0.4131 +/- 0.0043
INFO:root:Epoch no. 292 of 500 (samples: 141442)
INFO:root:Loss: 0.412 +/- 0.0031
INFO:root:Epoch no. 293 of 500 (samples: 141442)
INFO:root:Loss: 0.4099 +/- 0.0054
INFO:root:Epoch no. 294 of 500 (samples: 141442)
INFO:root:Loss: 0.4094 +/- 0.0037
INFO:root:Epoch no. 295 of 500 (samples: 141442)
INFO:root:Loss: 0.4099 +/- 0.0032
INFO:root:Epoch no. 296 of 500 (samples: 141442)
INFO:root:Loss: 0.4087 +/- 0.0033
INFO:root:Epoch no. 297 of 500 (samples: 141442)
INFO:root:Loss: 0.4069 +/- 0.0041
INFO:root:Epoch no. 298 of 500 (samples: 141442)
INFO:root:Loss: 0.4057 +/- 0.0044
INFO:root:Epoch no. 299 of 500 (samples: 141442)
INFO:root:Loss: 0.4051 +/- 0.0035
INFO:root:Epoch no. 300 of 500 (samples: 141442)
INFO:root:Loss: 0.4041 +/- 0.0056
INFO:root:Epoch no. 301 of 500 (samples: 141442)
INFO:root:Loss: 0.403 +/- 0.0044
INFO:root:Epoch no. 302 of 500 (samples: 141442)
INFO:root:Loss: 0.4025 +/- 0.0032
INFO:root:Epoch no. 303 of 500 (samples: 141442)
INFO:root:Loss: 0.4008 +/- 0.0041
INFO:root:Epoch no. 304 of 500 (samples: 141442)
INFO:root:Loss: 0.3988 +/- 0.0035
INFO:root:Epoch no. 305 of 500 (samples: 141442)
INFO:root:Loss: 0.3977 +/- 0.0031
INFO:root:Epoch no. 306 of 500 (samples: 141442)
INFO:root:Loss: 0.3977 +/- 0.0044
INFO:root:Epoch no. 307 of 500 (samples: 141442)
INFO:root:Loss: 0.3967 +/- 0.0055
INFO:root:Epoch no. 308 of 500 (samples: 141442)
INFO:root:Loss: 0.3971 +/- 0.006
INFO:root:Epoch no. 309 of 500 (samples: 141442)
INFO:root:Loss: 0.3945 +/- 0.0041
INFO:root:Epoch no. 310 of 500 (samples: 141442)
INFO:root:Loss: 0.3939 +/- 0.0025
INFO:root:Epoch no. 311 of 500 (samples: 141442)
INFO:root:Loss: 0.3933 +/- 0.0036
INFO:root:Epoch no. 312 of 500 (samples: 141442)
INFO:root:Loss: 0.3932 +/- 0.0046
INFO:root:Epoch no. 313 of 500 (samples: 141442)
INFO:root:Loss: 0.392 +/- 0.0028
INFO:root:Epoch no. 314 of 500 (samples: 141442)
INFO:root:Loss: 0.3904 +/- 0.0029
INFO:root:Epoch no. 315 of 500 (samples: 141442)
INFO:root:Loss: 0.3871 +/- 0.0035
INFO:root:Epoch no. 316 of 500 (samples: 141442)
INFO:root:Loss: 0.3872 +/- 0.0048
INFO:root:Epoch no. 317 of 500 (samples: 141442)
INFO:root:Loss: 0.3875 +/- 0.0033
INFO:root:Epoch no. 318 of 500 (samples: 141442)
INFO:root:Loss: 0.3862 +/- 0.0031
INFO:root:Epoch no. 319 of 500 (samples: 141442)
INFO:root:Loss: 0.3843 +/- 0.0036
INFO:root:Epoch no. 320 of 500 (samples: 141442)
INFO:root:Loss: 0.3848 +/- 0.0034
INFO:root:Epoch no. 321 of 500 (samples: 141442)
INFO:root:Loss: 0.3837 +/- 0.0034
INFO:root:Epoch no. 322 of 500 (samples: 141442)
INFO:root:Loss: 0.3843 +/- 0.0036
INFO:root:Epoch no. 323 of 500 (samples: 141442)
INFO:root:Loss: 0.3809 +/- 0.0041
INFO:root:Epoch no. 324 of 500 (samples: 141442)
INFO:root:Loss: 0.3818 +/- 0.0032
INFO:root:Epoch no. 325 of 500 (samples: 141442)
INFO:root:Loss: 0.3804 +/- 0.0053
INFO:root:Epoch no. 326 of 500 (samples: 141442)
INFO:root:Loss: 0.38 +/- 0.0038
INFO:root:Epoch no. 327 of 500 (samples: 141442)
INFO:root:Loss: 0.3794 +/- 0.0034
INFO:root:Epoch no. 328 of 500 (samples: 141442)
INFO:root:Loss: 0.3781 +/- 0.0026
INFO:root:Epoch no. 329 of 500 (samples: 141442)
INFO:root:Loss: 0.3772 +/- 0.0039
INFO:root:Epoch no. 330 of 500 (samples: 141442)
INFO:root:Loss: 0.3766 +/- 0.0036
INFO:root:Epoch no. 331 of 500 (samples: 141442)
INFO:root:Loss: 0.3747 +/- 0.0035
INFO:root:Epoch no. 332 of 500 (samples: 141442)
INFO:root:Loss: 0.3731 +/- 0.0029
INFO:root:Epoch no. 333 of 500 (samples: 141442)
INFO:root:Loss: 0.3729 +/- 0.0057
INFO:root:Epoch no. 334 of 500 (samples: 141442)
INFO:root:Loss: 0.3711 +/- 0.0033
INFO:root:Epoch no. 335 of 500 (samples: 141442)
INFO:root:Loss: 0.3723 +/- 0.0041
INFO:root:Epoch no. 336 of 500 (samples: 141442)
INFO:root:Loss: 0.37 +/- 0.0039
INFO:root:Epoch no. 337 of 500 (samples: 141442)
INFO:root:Loss: 0.3699 +/- 0.0045
INFO:root:Epoch no. 338 of 500 (samples: 141442)
INFO:root:Loss: 0.3688 +/- 0.0053
INFO:root:Epoch no. 339 of 500 (samples: 141442)
INFO:root:Loss: 0.3683 +/- 0.0028
INFO:root:Epoch no. 340 of 500 (samples: 141442)
INFO:root:Loss: 0.3672 +/- 0.0034
INFO:root:Epoch no. 341 of 500 (samples: 141442)
INFO:root:Loss: 0.3655 +/- 0.004
INFO:root:Epoch no. 342 of 500 (samples: 141442)
INFO:root:Loss: 0.3663 +/- 0.0048
INFO:root:Epoch no. 343 of 500 (samples: 141442)
INFO:root:Loss: 0.366 +/- 0.0032
INFO:root:Epoch no. 344 of 500 (samples: 141442)
INFO:root:Loss: 0.3649 +/- 0.0042
INFO:root:Epoch no. 345 of 500 (samples: 141442)
INFO:root:Loss: 0.3632 +/- 0.0043
INFO:root:Epoch no. 346 of 500 (samples: 141442)
INFO:root:Loss: 0.3633 +/- 0.0041
INFO:root:Epoch no. 347 of 500 (samples: 141442)
INFO:root:Loss: 0.3615 +/- 0.0034
INFO:root:Epoch no. 348 of 500 (samples: 141442)
INFO:root:Loss: 0.3608 +/- 0.0032
INFO:root:Epoch no. 349 of 500 (samples: 141442)
INFO:root:Loss: 0.3619 +/- 0.0033
INFO:root:Epoch no. 350 of 500 (samples: 141442)
INFO:root:Loss: 0.3599 +/- 0.004
INFO:root:Epoch no. 351 of 500 (samples: 141442)
INFO:root:Loss: 0.359 +/- 0.0029
INFO:root:Epoch no. 352 of 500 (samples: 141442)
INFO:root:Loss: 0.3572 +/- 0.0033
INFO:root:Epoch no. 353 of 500 (samples: 141442)
INFO:root:Loss: 0.3575 +/- 0.0025
INFO:root:Epoch no. 354 of 500 (samples: 141442)
INFO:root:Loss: 0.3571 +/- 0.0037
INFO:root:Epoch no. 355 of 500 (samples: 141442)
INFO:root:Loss: 0.3563 +/- 0.0038
INFO:root:Epoch no. 356 of 500 (samples: 141442)
INFO:root:Loss: 0.355 +/- 0.0031
INFO:root:Epoch no. 357 of 500 (samples: 141442)
INFO:root:Loss: 0.3538 +/- 0.004
INFO:root:Epoch no. 358 of 500 (samples: 141442)
INFO:root:Loss: 0.3531 +/- 0.0039
INFO:root:Epoch no. 359 of 500 (samples: 141442)
INFO:root:Loss: 0.3522 +/- 0.004
INFO:root:Epoch no. 360 of 500 (samples: 141442)
INFO:root:Loss: 0.3525 +/- 0.0044
INFO:root:Epoch no. 361 of 500 (samples: 141442)
INFO:root:Loss: 0.3509 +/- 0.0051
INFO:root:Epoch no. 362 of 500 (samples: 141442)
INFO:root:Loss: 0.3499 +/- 0.0036
INFO:root:Epoch no. 363 of 500 (samples: 141442)
INFO:root:Loss: 0.3485 +/- 0.0044
INFO:root:Epoch no. 364 of 500 (samples: 141442)
INFO:root:Loss: 0.3493 +/- 0.0039
INFO:root:Epoch no. 365 of 500 (samples: 141442)
INFO:root:Loss: 0.3478 +/- 0.0029
INFO:root:Epoch no. 366 of 500 (samples: 141442)
INFO:root:Loss: 0.3474 +/- 0.0024
INFO:root:Epoch no. 367 of 500 (samples: 141442)
INFO:root:Loss: 0.3476 +/- 0.0037
INFO:root:Epoch no. 368 of 500 (samples: 141442)
INFO:root:Loss: 0.3468 +/- 0.0027
INFO:root:Epoch no. 369 of 500 (samples: 141442)
INFO:root:Loss: 0.3449 +/- 0.0047
INFO:root:Epoch no. 370 of 500 (samples: 141442)
INFO:root:Loss: 0.3449 +/- 0.0042
INFO:root:Epoch no. 371 of 500 (samples: 141442)
INFO:root:Loss: 0.344 +/- 0.0056
INFO:root:Epoch no. 372 of 500 (samples: 141442)
INFO:root:Loss: 0.3431 +/- 0.0036
INFO:root:Epoch no. 373 of 500 (samples: 141442)
INFO:root:Loss: 0.3415 +/- 0.0045
INFO:root:Epoch no. 374 of 500 (samples: 141442)
INFO:root:Loss: 0.3421 +/- 0.0033
INFO:root:Epoch no. 375 of 500 (samples: 141442)
INFO:root:Loss: 0.3413 +/- 0.004
INFO:root:Epoch no. 376 of 500 (samples: 141442)
INFO:root:Loss: 0.3405 +/- 0.004
INFO:root:Epoch no. 377 of 500 (samples: 141442)
INFO:root:Loss: 0.3391 +/- 0.0046
INFO:root:Epoch no. 378 of 500 (samples: 141442)
INFO:root:Loss: 0.3386 +/- 0.0047
INFO:root:Epoch no. 379 of 500 (samples: 141442)
INFO:root:Loss: 0.3389 +/- 0.0038
INFO:root:Epoch no. 380 of 500 (samples: 141442)
INFO:root:Loss: 0.3394 +/- 0.0021
INFO:root:Epoch no. 381 of 500 (samples: 141442)
INFO:root:Loss: 0.3373 +/- 0.0026
INFO:root:Epoch no. 382 of 500 (samples: 141442)
INFO:root:Loss: 0.3354 +/- 0.0021
INFO:root:Epoch no. 383 of 500 (samples: 141442)
INFO:root:Loss: 0.336 +/- 0.0033
INFO:root:Epoch no. 384 of 500 (samples: 141442)
INFO:root:Loss: 0.335 +/- 0.0049
INFO:root:Epoch no. 385 of 500 (samples: 141442)
INFO:root:Loss: 0.3338 +/- 0.0025
INFO:root:Epoch no. 386 of 500 (samples: 141442)
INFO:root:Loss: 0.3349 +/- 0.0033
INFO:root:Epoch no. 387 of 500 (samples: 141442)
INFO:root:Loss: 0.333 +/- 0.0032
INFO:root:Epoch no. 388 of 500 (samples: 141442)
INFO:root:Loss: 0.3319 +/- 0.005
INFO:root:Epoch no. 389 of 500 (samples: 141442)
INFO:root:Loss: 0.3315 +/- 0.003
INFO:root:Epoch no. 390 of 500 (samples: 141442)
INFO:root:Loss: 0.3307 +/- 0.0031
INFO:root:Epoch no. 391 of 500 (samples: 141442)
INFO:root:Loss: 0.3313 +/- 0.0034
INFO:root:Epoch no. 392 of 500 (samples: 141442)
INFO:root:Loss: 0.33 +/- 0.0045
INFO:root:Epoch no. 393 of 500 (samples: 141442)
INFO:root:Loss: 0.3295 +/- 0.0035
INFO:root:Epoch no. 394 of 500 (samples: 141442)
INFO:root:Loss: 0.3284 +/- 0.004
INFO:root:Epoch no. 395 of 500 (samples: 141442)
INFO:root:Loss: 0.328 +/- 0.0037
INFO:root:Epoch no. 396 of 500 (samples: 141442)
INFO:root:Loss: 0.3279 +/- 0.0025
INFO:root:Epoch no. 397 of 500 (samples: 141442)
INFO:root:Loss: 0.3262 +/- 0.0032
INFO:root:Epoch no. 398 of 500 (samples: 141442)
INFO:root:Loss: 0.3251 +/- 0.004
INFO:root:Epoch no. 399 of 500 (samples: 141442)
INFO:root:Loss: 0.3255 +/- 0.0027
INFO:root:Epoch no. 400 of 500 (samples: 141442)
INFO:root:Loss: 0.3243 +/- 0.003
INFO:root:Epoch no. 401 of 500 (samples: 141442)
INFO:root:Loss: 0.3242 +/- 0.0039
INFO:root:Epoch no. 402 of 500 (samples: 141442)
INFO:root:Loss: 0.3225 +/- 0.0021
INFO:root:Epoch no. 403 of 500 (samples: 141442)
INFO:root:Loss: 0.3226 +/- 0.0037
INFO:root:Epoch no. 404 of 500 (samples: 141442)
INFO:root:Loss: 0.3226 +/- 0.0025
INFO:root:Epoch no. 405 of 500 (samples: 141442)
INFO:root:Loss: 0.3227 +/- 0.0027
INFO:root:Epoch no. 406 of 500 (samples: 141442)
INFO:root:Loss: 0.3213 +/- 0.0035
INFO:root:Epoch no. 407 of 500 (samples: 141442)
INFO:root:Loss: 0.3209 +/- 0.0039
INFO:root:Epoch no. 408 of 500 (samples: 141442)
INFO:root:Loss: 0.3195 +/- 0.0034
INFO:root:Epoch no. 409 of 500 (samples: 141442)
INFO:root:Loss: 0.3193 +/- 0.0037
INFO:root:Epoch no. 410 of 500 (samples: 141442)
INFO:root:Loss: 0.3184 +/- 0.0032
INFO:root:Epoch no. 411 of 500 (samples: 141442)
INFO:root:Loss: 0.3186 +/- 0.0038
INFO:root:Epoch no. 412 of 500 (samples: 141442)
INFO:root:Loss: 0.3177 +/- 0.0031
INFO:root:Epoch no. 413 of 500 (samples: 141442)
INFO:root:Loss: 0.3176 +/- 0.0032
INFO:root:Epoch no. 414 of 500 (samples: 141442)
INFO:root:Loss: 0.3164 +/- 0.004
INFO:root:Epoch no. 415 of 500 (samples: 141442)
INFO:root:Loss: 0.3145 +/- 0.0031
INFO:root:Epoch no. 416 of 500 (samples: 141442)
INFO:root:Loss: 0.3153 +/- 0.0032
INFO:root:Epoch no. 417 of 500 (samples: 141442)
INFO:root:Loss: 0.3148 +/- 0.0028
INFO:root:Epoch no. 418 of 500 (samples: 141442)
INFO:root:Loss: 0.3142 +/- 0.003
INFO:root:Epoch no. 419 of 500 (samples: 141442)
INFO:root:Loss: 0.314 +/- 0.003
INFO:root:Epoch no. 420 of 500 (samples: 141442)
INFO:root:Loss: 0.3133 +/- 0.003
INFO:root:Epoch no. 421 of 500 (samples: 141442)
INFO:root:Loss: 0.3114 +/- 0.0038
INFO:root:Epoch no. 422 of 500 (samples: 141442)
INFO:root:Loss: 0.3117 +/- 0.0022
INFO:root:Epoch no. 423 of 500 (samples: 141442)
INFO:root:Loss: 0.3111 +/- 0.0034
INFO:root:Epoch no. 424 of 500 (samples: 141442)
INFO:root:Loss: 0.3111 +/- 0.0048
INFO:root:Epoch no. 425 of 500 (samples: 141442)
INFO:root:Loss: 0.31 +/- 0.003
INFO:root:Epoch no. 426 of 500 (samples: 141442)
INFO:root:Loss: 0.3094 +/- 0.0051
INFO:root:Epoch no. 427 of 500 (samples: 141442)
INFO:root:Loss: 0.3093 +/- 0.0039
INFO:root:Epoch no. 428 of 500 (samples: 141442)
INFO:root:Loss: 0.3087 +/- 0.0036
INFO:root:Epoch no. 429 of 500 (samples: 141442)
INFO:root:Loss: 0.3081 +/- 0.0032
INFO:root:Epoch no. 430 of 500 (samples: 141442)
INFO:root:Loss: 0.3077 +/- 0.0035
INFO:root:Epoch no. 431 of 500 (samples: 141442)
INFO:root:Loss: 0.3062 +/- 0.0032
INFO:root:Epoch no. 432 of 500 (samples: 141442)
INFO:root:Loss: 0.306 +/- 0.0018
INFO:root:Epoch no. 433 of 500 (samples: 141442)
INFO:root:Loss: 0.307 +/- 0.0042
INFO:root:Epoch no. 434 of 500 (samples: 141442)
INFO:root:Loss: 0.3051 +/- 0.002
INFO:root:Epoch no. 435 of 500 (samples: 141442)
INFO:root:Loss: 0.3052 +/- 0.0018
INFO:root:Epoch no. 436 of 500 (samples: 141442)
INFO:root:Loss: 0.3042 +/- 0.0034
INFO:root:Epoch no. 437 of 500 (samples: 141442)
INFO:root:Loss: 0.3038 +/- 0.0025
INFO:root:Epoch no. 438 of 500 (samples: 141442)
INFO:root:Loss: 0.3025 +/- 0.0019
INFO:root:Epoch no. 439 of 500 (samples: 141442)
INFO:root:Loss: 0.3031 +/- 0.003
INFO:root:Epoch no. 440 of 500 (samples: 141442)
INFO:root:Loss: 0.3012 +/- 0.0032
INFO:root:Epoch no. 441 of 500 (samples: 141442)
INFO:root:Loss: 0.3009 +/- 0.0027
INFO:root:Epoch no. 442 of 500 (samples: 141442)
INFO:root:Loss: 0.3003 +/- 0.0016
INFO:root:Epoch no. 443 of 500 (samples: 141442)
INFO:root:Loss: 0.3013 +/- 0.0033
INFO:root:Epoch no. 444 of 500 (samples: 141442)
INFO:root:Loss: 0.2995 +/- 0.0021
INFO:root:Epoch no. 445 of 500 (samples: 141442)
INFO:root:Loss: 0.2999 +/- 0.0025
INFO:root:Epoch no. 446 of 500 (samples: 141442)
INFO:root:Loss: 0.2997 +/- 0.0028
INFO:root:Epoch no. 447 of 500 (samples: 141442)
INFO:root:Loss: 0.2989 +/- 0.004
INFO:root:Epoch no. 448 of 500 (samples: 141442)
INFO:root:Loss: 0.2981 +/- 0.0028
INFO:root:Epoch no. 449 of 500 (samples: 141442)
INFO:root:Loss: 0.2969 +/- 0.002
INFO:root:Epoch no. 450 of 500 (samples: 141442)
INFO:root:Loss: 0.297 +/- 0.0028
INFO:root:Epoch no. 451 of 500 (samples: 141442)
INFO:root:Loss: 0.2968 +/- 0.0047
INFO:root:Epoch no. 452 of 500 (samples: 141442)
INFO:root:Loss: 0.2967 +/- 0.0045
INFO:root:Epoch no. 453 of 500 (samples: 141442)
INFO:root:Loss: 0.2963 +/- 0.0041
INFO:root:Epoch no. 454 of 500 (samples: 141442)
INFO:root:Loss: 0.2961 +/- 0.0035
INFO:root:Epoch no. 455 of 500 (samples: 141442)
INFO:root:Loss: 0.2936 +/- 0.0019
INFO:root:Epoch no. 456 of 500 (samples: 141442)
INFO:root:Loss: 0.2947 +/- 0.0026
INFO:root:Epoch no. 457 of 500 (samples: 141442)
INFO:root:Loss: 0.2925 +/- 0.0031
INFO:root:Epoch no. 458 of 500 (samples: 141442)
INFO:root:Loss: 0.2914 +/- 0.0028
INFO:root:Epoch no. 459 of 500 (samples: 141442)
INFO:root:Loss: 0.2925 +/- 0.0032
INFO:root:Epoch no. 460 of 500 (samples: 141442)
INFO:root:Loss: 0.293 +/- 0.0025
INFO:root:Epoch no. 461 of 500 (samples: 141442)
INFO:root:Loss: 0.292 +/- 0.0042
INFO:root:Epoch no. 462 of 500 (samples: 141442)
INFO:root:Loss: 0.2926 +/- 0.0029
INFO:root:Epoch no. 463 of 500 (samples: 141442)
INFO:root:Loss: 0.2907 +/- 0.0046
INFO:root:Epoch no. 464 of 500 (samples: 141442)
INFO:root:Loss: 0.2882 +/- 0.0023
INFO:root:Epoch no. 465 of 500 (samples: 141442)
INFO:root:Loss: 0.2895 +/- 0.0029
INFO:root:Epoch no. 466 of 500 (samples: 141442)
INFO:root:Loss: 0.2895 +/- 0.0021
INFO:root:Epoch no. 467 of 500 (samples: 141442)
INFO:root:Loss: 0.2899 +/- 0.0038
INFO:root:Epoch no. 468 of 500 (samples: 141442)
INFO:root:Loss: 0.2879 +/- 0.0036
INFO:root:Epoch no. 469 of 500 (samples: 141442)
INFO:root:Loss: 0.2876 +/- 0.0015
INFO:root:Epoch no. 470 of 500 (samples: 141442)
INFO:root:Loss: 0.2879 +/- 0.0034
INFO:root:Epoch no. 471 of 500 (samples: 141442)
INFO:root:Loss: 0.2875 +/- 0.004
INFO:root:Epoch no. 472 of 500 (samples: 141442)
INFO:root:Loss: 0.2859 +/- 0.0039
INFO:root:Epoch no. 473 of 500 (samples: 141442)
INFO:root:Loss: 0.286 +/- 0.0025
INFO:root:Epoch no. 474 of 500 (samples: 141442)
INFO:root:Loss: 0.2866 +/- 0.0033
INFO:root:Epoch no. 475 of 500 (samples: 141442)
INFO:root:Loss: 0.2852 +/- 0.0018
INFO:root:Epoch no. 476 of 500 (samples: 141442)
INFO:root:Loss: 0.2839 +/- 0.003
INFO:root:Epoch no. 477 of 500 (samples: 141442)
INFO:root:Loss: 0.285 +/- 0.0033
INFO:root:Epoch no. 478 of 500 (samples: 141442)
INFO:root:Loss: 0.2831 +/- 0.0034
INFO:root:Epoch no. 479 of 500 (samples: 141442)
INFO:root:Loss: 0.2833 +/- 0.0034
INFO:root:Epoch no. 480 of 500 (samples: 141442)
INFO:root:Loss: 0.2829 +/- 0.004
INFO:root:Epoch no. 481 of 500 (samples: 141442)
INFO:root:Loss: 0.2829 +/- 0.0031
INFO:root:Epoch no. 482 of 500 (samples: 141442)
INFO:root:Loss: 0.2816 +/- 0.0029
INFO:root:Epoch no. 483 of 500 (samples: 141442)
INFO:root:Loss: 0.2819 +/- 0.0029
INFO:root:Epoch no. 484 of 500 (samples: 141442)
INFO:root:Loss: 0.28 +/- 0.0024
INFO:root:Epoch no. 485 of 500 (samples: 141442)
INFO:root:Loss: 0.2802 +/- 0.0035
INFO:root:Epoch no. 486 of 500 (samples: 141442)
INFO:root:Loss: 0.2812 +/- 0.0024
INFO:root:Epoch no. 487 of 500 (samples: 141442)
INFO:root:Loss: 0.279 +/- 0.0027
INFO:root:Epoch no. 488 of 500 (samples: 141442)
INFO:root:Loss: 0.2785 +/- 0.0027
INFO:root:Epoch no. 489 of 500 (samples: 141442)
INFO:root:Loss: 0.2793 +/- 0.0023
INFO:root:Epoch no. 490 of 500 (samples: 141442)
INFO:root:Loss: 0.2791 +/- 0.0025
INFO:root:Epoch no. 491 of 500 (samples: 141442)
INFO:root:Loss: 0.2775 +/- 0.0026
INFO:root:Epoch no. 492 of 500 (samples: 141442)
INFO:root:Loss: 0.2772 +/- 0.003
INFO:root:Epoch no. 493 of 500 (samples: 141442)
INFO:root:Loss: 0.2779 +/- 0.0039
INFO:root:Epoch no. 494 of 500 (samples: 141442)
INFO:root:Loss: 0.2774 +/- 0.0035
INFO:root:Epoch no. 495 of 500 (samples: 141442)
INFO:root:Loss: 0.2763 +/- 0.0041
INFO:root:Epoch no. 496 of 500 (samples: 141442)
INFO:root:Loss: 0.2754 +/- 0.0034
INFO:root:Epoch no. 497 of 500 (samples: 141442)
INFO:root:Loss: 0.275 +/- 0.0039
INFO:root:Epoch no. 498 of 500 (samples: 141442)
INFO:root:Loss: 0.2744 +/- 0.0032
INFO:root:Epoch no. 499 of 500 (samples: 141442)
INFO:root:Loss: 0.2751 +/- 0.0027
INFO:root:Epoch no. 500 of 500 (samples: 141442)
INFO:root:Loss: 0.2739 +/- 0.004
INFO:root:### MICRO (validation raw):
INFO:root:	-- left   >> mean: 572.8714, median: 4.0, mrr: 0.364, hits@1: 17.94%
INFO:root:	-- right  >> mean: 631.8884, median: 4.0, mrr: 0.358, hits@1: 17.54%
INFO:root:	-- global >> mean: 602.3799, median: 4.0, mrr: 0.361, hits@1: 17.74%
INFO:root:### MICRO (validation raw):
INFO:root:	-- left   >> mean: 572.8714, median: 4.0, mrr: 0.364, hits@3: 49.7%
INFO:root:	-- right  >> mean: 631.8884, median: 4.0, mrr: 0.358, hits@3: 48.18%
INFO:root:	-- global >> mean: 602.3799, median: 4.0, mrr: 0.361, hits@3: 48.94%
INFO:root:### MICRO (validation raw):
INFO:root:	-- left   >> mean: 572.8714, median: 4.0, mrr: 0.364, hits@5: 59.82%
INFO:root:	-- right  >> mean: 631.8884, median: 4.0, mrr: 0.358, hits@5: 59.06%
INFO:root:	-- global >> mean: 602.3799, median: 4.0, mrr: 0.361, hits@5: 59.44%
INFO:root:### MICRO (validation raw):
INFO:root:	-- left   >> mean: 572.8714, median: 4.0, mrr: 0.364, hits@10: 69.5%
INFO:root:	-- right  >> mean: 631.8884, median: 4.0, mrr: 0.358, hits@10: 69.5%
INFO:root:	-- global >> mean: 602.3799, median: 4.0, mrr: 0.361, hits@10: 69.5%
INFO:root:### MICRO (validation filtered):
INFO:root:	-- left   >> mean: 559.617, median: 2.0, mrr: 0.481, hits@1: 27.7%
INFO:root:	-- right  >> mean: 618.2448, median: 2.0, mrr: 0.477, hits@1: 27.16%
INFO:root:	-- global >> mean: 588.9309, median: 2.0, mrr: 0.479, hits@1: 27.43%
INFO:root:### MICRO (validation filtered):
INFO:root:	-- left   >> mean: 559.617, median: 2.0, mrr: 0.481, hits@3: 66.1%
INFO:root:	-- right  >> mean: 618.2448, median: 2.0, mrr: 0.477, hits@3: 65.58%
INFO:root:	-- global >> mean: 588.9309, median: 2.0, mrr: 0.479, hits@3: 65.84%
INFO:root:### MICRO (validation filtered):
INFO:root:	-- left   >> mean: 559.617, median: 2.0, mrr: 0.481, hits@5: 72.4%
INFO:root:	-- right  >> mean: 618.2448, median: 2.0, mrr: 0.477, hits@5: 72.4%
INFO:root:	-- global >> mean: 588.9309, median: 2.0, mrr: 0.479, hits@5: 72.4%
INFO:root:### MICRO (validation filtered):
INFO:root:	-- left   >> mean: 559.617, median: 2.0, mrr: 0.481, hits@10: 77.46%
INFO:root:	-- right  >> mean: 618.2448, median: 2.0, mrr: 0.477, hits@10: 77.7%
INFO:root:	-- global >> mean: 588.9309, median: 2.0, mrr: 0.479, hits@10: 77.58%
INFO:root:### MICRO (test raw):
INFO:root:	-- left   >> mean: 582.3102, median: 4.0, mrr: 0.354, hits@1: 17.52%
INFO:root:	-- right  >> mean: 548.3328, median: 3.0, mrr: 0.372, hits@1: 18.78%
INFO:root:	-- global >> mean: 565.3215, median: 4.0, mrr: 0.363, hits@1: 18.15%
INFO:root:### MICRO (test raw):
INFO:root:	-- left   >> mean: 582.3102, median: 4.0, mrr: 0.354, hits@3: 47.66%
INFO:root:	-- right  >> mean: 548.3328, median: 3.0, mrr: 0.372, hits@3: 50.02%
INFO:root:	-- global >> mean: 565.3215, median: 4.0, mrr: 0.363, hits@3: 48.84%
INFO:root:### MICRO (test raw):
INFO:root:	-- left   >> mean: 582.3102, median: 4.0, mrr: 0.354, hits@5: 58.0%
INFO:root:	-- right  >> mean: 548.3328, median: 3.0, mrr: 0.372, hits@5: 60.1%
INFO:root:	-- global >> mean: 565.3215, median: 4.0, mrr: 0.363, hits@5: 59.05%
INFO:root:### MICRO (test raw):
INFO:root:	-- left   >> mean: 582.3102, median: 4.0, mrr: 0.354, hits@10: 68.66%
INFO:root:	-- right  >> mean: 548.3328, median: 3.0, mrr: 0.372, hits@10: 69.82%
INFO:root:	-- global >> mean: 565.3215, median: 4.0, mrr: 0.363, hits@10: 69.24%
INFO:root:### MICRO (test filtered):
INFO:root:	-- left   >> mean: 568.469, median: 2.0, mrr: 0.478, hits@1: 27.84%
INFO:root:	-- right  >> mean: 536.2598, median: 2.0, mrr: 0.486, hits@1: 28.6%
INFO:root:	-- global >> mean: 552.3644, median: 2.0, mrr: 0.482, hits@1: 28.22%
INFO:root:### MICRO (test filtered):
INFO:root:	-- left   >> mean: 568.469, median: 2.0, mrr: 0.478, hits@3: 65.38%
INFO:root:	-- right  >> mean: 536.2598, median: 2.0, mrr: 0.486, hits@3: 65.96%
INFO:root:	-- global >> mean: 552.3644, median: 2.0, mrr: 0.482, hits@3: 65.67%
INFO:root:### MICRO (test filtered):
INFO:root:	-- left   >> mean: 568.469, median: 2.0, mrr: 0.478, hits@5: 71.54%
INFO:root:	-- right  >> mean: 536.2598, median: 2.0, mrr: 0.486, hits@5: 71.98%
INFO:root:	-- global >> mean: 552.3644, median: 2.0, mrr: 0.482, hits@5: 71.76%
INFO:root:### MICRO (test filtered):
INFO:root:	-- left   >> mean: 568.469, median: 2.0, mrr: 0.478, hits@10: 77.0%
INFO:root:	-- right  >> mean: 536.2598, median: 2.0, mrr: 0.486, hits@10: 77.16%
INFO:root:	-- global >> mean: 552.3644, median: 2.0, mrr: 0.482, hits@10: 77.08%
