Using Theano backend.
INFO:root:Acquiring data/wn18/wordnet-mlj12-train.txt ..
INFO:root:Acquiring data/wn18/wordnet-mlj12-valid.txt ..
INFO:root:Acquiring data/wn18/wordnet-mlj12-test.txt ..
INFO:root:Samples: 141442, no. batches: 10 -> batch size: 14145
INFO:root:Epoch no. 1 of 500 (samples: 141442)
INFO:root:Loss: 0.6559 +/- 0.005
INFO:root:Epoch no. 2 of 500 (samples: 141442)
INFO:root:Loss: 0.6405 +/- 0.0034
INFO:root:Epoch no. 3 of 500 (samples: 141442)
INFO:root:Loss: 0.6271 +/- 0.003
INFO:root:Epoch no. 4 of 500 (samples: 141442)
INFO:root:Loss: 0.6142 +/- 0.0029
INFO:root:Epoch no. 5 of 500 (samples: 141442)
INFO:root:Loss: 0.6012 +/- 0.0029
INFO:root:Epoch no. 6 of 500 (samples: 141442)
INFO:root:Loss: 0.5885 +/- 0.0033
INFO:root:Epoch no. 7 of 500 (samples: 141442)
INFO:root:Loss: 0.5758 +/- 0.0029
INFO:root:Epoch no. 8 of 500 (samples: 141442)
INFO:root:Loss: 0.5643 +/- 0.0026
INFO:root:Epoch no. 9 of 500 (samples: 141442)
INFO:root:Loss: 0.5532 +/- 0.0019
INFO:root:Epoch no. 10 of 500 (samples: 141442)
INFO:root:Loss: 0.5423 +/- 0.0028
INFO:root:Epoch no. 11 of 500 (samples: 141442)
INFO:root:Loss: 0.5335 +/- 0.0019
INFO:root:Epoch no. 12 of 500 (samples: 141442)
INFO:root:Loss: 0.524 +/- 0.0017
INFO:root:Epoch no. 13 of 500 (samples: 141442)
INFO:root:Loss: 0.5154 +/- 0.0023
INFO:root:Epoch no. 14 of 500 (samples: 141442)
INFO:root:Loss: 0.5079 +/- 0.0017
INFO:root:Epoch no. 15 of 500 (samples: 141442)
INFO:root:Loss: 0.5005 +/- 0.002
INFO:root:Epoch no. 16 of 500 (samples: 141442)
INFO:root:Loss: 0.4926 +/- 0.003
INFO:root:Epoch no. 17 of 500 (samples: 141442)
INFO:root:Loss: 0.4866 +/- 0.0016
INFO:root:Epoch no. 18 of 500 (samples: 141442)
INFO:root:Loss: 0.4792 +/- 0.0016
INFO:root:Epoch no. 19 of 500 (samples: 141442)
INFO:root:Loss: 0.4736 +/- 0.0011
INFO:root:Epoch no. 20 of 500 (samples: 141442)
INFO:root:Loss: 0.4676 +/- 0.0019
INFO:root:Epoch no. 21 of 500 (samples: 141442)
INFO:root:Loss: 0.462 +/- 0.0022
INFO:root:Epoch no. 22 of 500 (samples: 141442)
INFO:root:Loss: 0.4566 +/- 0.0016
INFO:root:Epoch no. 23 of 500 (samples: 141442)
INFO:root:Loss: 0.4509 +/- 0.0022
INFO:root:Epoch no. 24 of 500 (samples: 141442)
INFO:root:Loss: 0.4456 +/- 0.0017
INFO:root:Epoch no. 25 of 500 (samples: 141442)
INFO:root:Loss: 0.4413 +/- 0.0023
INFO:root:Epoch no. 26 of 500 (samples: 141442)
INFO:root:Loss: 0.4361 +/- 0.0023
INFO:root:Epoch no. 27 of 500 (samples: 141442)
INFO:root:Loss: 0.4319 +/- 0.0012
INFO:root:Epoch no. 28 of 500 (samples: 141442)
INFO:root:Loss: 0.4276 +/- 0.0019
INFO:root:Epoch no. 29 of 500 (samples: 141442)
INFO:root:Loss: 0.4234 +/- 0.0023
INFO:root:Epoch no. 30 of 500 (samples: 141442)
INFO:root:Loss: 0.4194 +/- 0.0016
INFO:root:Epoch no. 31 of 500 (samples: 141442)
INFO:root:Loss: 0.4149 +/- 0.0016
INFO:root:Epoch no. 32 of 500 (samples: 141442)
INFO:root:Loss: 0.4114 +/- 0.0019
INFO:root:Epoch no. 33 of 500 (samples: 141442)
INFO:root:Loss: 0.4087 +/- 0.0015
INFO:root:Epoch no. 34 of 500 (samples: 141442)
INFO:root:Loss: 0.4038 +/- 0.0018
INFO:root:Epoch no. 35 of 500 (samples: 141442)
INFO:root:Loss: 0.4002 +/- 0.0026
INFO:root:Epoch no. 36 of 500 (samples: 141442)
INFO:root:Loss: 0.3976 +/- 0.0018
INFO:root:Epoch no. 37 of 500 (samples: 141442)
INFO:root:Loss: 0.3944 +/- 0.0012
INFO:root:Epoch no. 38 of 500 (samples: 141442)
INFO:root:Loss: 0.3917 +/- 0.0024
INFO:root:Epoch no. 39 of 500 (samples: 141442)
INFO:root:Loss: 0.3881 +/- 0.002
INFO:root:Epoch no. 40 of 500 (samples: 141442)
INFO:root:Loss: 0.3854 +/- 0.0013
INFO:root:Epoch no. 41 of 500 (samples: 141442)
INFO:root:Loss: 0.3826 +/- 0.0013
INFO:root:Epoch no. 42 of 500 (samples: 141442)
INFO:root:Loss: 0.3798 +/- 0.002
INFO:root:Epoch no. 43 of 500 (samples: 141442)
INFO:root:Loss: 0.3769 +/- 0.0018
INFO:root:Epoch no. 44 of 500 (samples: 141442)
INFO:root:Loss: 0.3742 +/- 0.0014
INFO:root:Epoch no. 45 of 500 (samples: 141442)
INFO:root:Loss: 0.372 +/- 0.0023
INFO:root:Epoch no. 46 of 500 (samples: 141442)
INFO:root:Loss: 0.3698 +/- 0.0019
INFO:root:Epoch no. 47 of 500 (samples: 141442)
INFO:root:Loss: 0.3673 +/- 0.0011
INFO:root:Epoch no. 48 of 500 (samples: 141442)
INFO:root:Loss: 0.3643 +/- 0.0011
INFO:root:Epoch no. 49 of 500 (samples: 141442)
INFO:root:Loss: 0.3619 +/- 0.0018
INFO:root:Epoch no. 50 of 500 (samples: 141442)
INFO:root:Loss: 0.3602 +/- 0.0019
INFO:root:Epoch no. 51 of 500 (samples: 141442)
INFO:root:Loss: 0.3586 +/- 0.0016
INFO:root:Epoch no. 52 of 500 (samples: 141442)
INFO:root:Loss: 0.3554 +/- 0.0018
INFO:root:Epoch no. 53 of 500 (samples: 141442)
INFO:root:Loss: 0.3531 +/- 0.0021
INFO:root:Epoch no. 54 of 500 (samples: 141442)
INFO:root:Loss: 0.3515 +/- 0.0022
INFO:root:Epoch no. 55 of 500 (samples: 141442)
INFO:root:Loss: 0.3499 +/- 0.0021
INFO:root:Epoch no. 56 of 500 (samples: 141442)
INFO:root:Loss: 0.3479 +/- 0.0013
INFO:root:Epoch no. 57 of 500 (samples: 141442)
INFO:root:Loss: 0.3453 +/- 0.0014
INFO:root:Epoch no. 58 of 500 (samples: 141442)
INFO:root:Loss: 0.3441 +/- 0.0013
INFO:root:Epoch no. 59 of 500 (samples: 141442)
INFO:root:Loss: 0.3423 +/- 0.0016
INFO:root:Epoch no. 60 of 500 (samples: 141442)
INFO:root:Loss: 0.3398 +/- 0.0017
INFO:root:Epoch no. 61 of 500 (samples: 141442)
INFO:root:Loss: 0.3386 +/- 0.0013
INFO:root:Epoch no. 62 of 500 (samples: 141442)
INFO:root:Loss: 0.3369 +/- 0.0014
INFO:root:Epoch no. 63 of 500 (samples: 141442)
INFO:root:Loss: 0.3347 +/- 0.002
INFO:root:Epoch no. 64 of 500 (samples: 141442)
INFO:root:Loss: 0.333 +/- 0.0025
INFO:root:Epoch no. 65 of 500 (samples: 141442)
INFO:root:Loss: 0.3312 +/- 0.0012
INFO:root:Epoch no. 66 of 500 (samples: 141442)
INFO:root:Loss: 0.3302 +/- 0.001
INFO:root:Epoch no. 67 of 500 (samples: 141442)
INFO:root:Loss: 0.3289 +/- 0.0013
INFO:root:Epoch no. 68 of 500 (samples: 141442)
INFO:root:Loss: 0.3272 +/- 0.0015
INFO:root:Epoch no. 69 of 500 (samples: 141442)
INFO:root:Loss: 0.3252 +/- 0.0021
INFO:root:Epoch no. 70 of 500 (samples: 141442)
INFO:root:Loss: 0.3235 +/- 0.0018
INFO:root:Epoch no. 71 of 500 (samples: 141442)
INFO:root:Loss: 0.3222 +/- 0.0019
INFO:root:Epoch no. 72 of 500 (samples: 141442)
INFO:root:Loss: 0.3211 +/- 0.001
INFO:root:Epoch no. 73 of 500 (samples: 141442)
INFO:root:Loss: 0.3194 +/- 0.0013
INFO:root:Epoch no. 74 of 500 (samples: 141442)
INFO:root:Loss: 0.3182 +/- 0.0026
INFO:root:Epoch no. 75 of 500 (samples: 141442)
INFO:root:Loss: 0.3157 +/- 0.0014
INFO:root:Epoch no. 76 of 500 (samples: 141442)
INFO:root:Loss: 0.3151 +/- 0.0021
INFO:root:Epoch no. 77 of 500 (samples: 141442)
INFO:root:Loss: 0.3137 +/- 0.0015
INFO:root:Epoch no. 78 of 500 (samples: 141442)
INFO:root:Loss: 0.3127 +/- 0.0011
INFO:root:Epoch no. 79 of 500 (samples: 141442)
INFO:root:Loss: 0.3115 +/- 0.0016
INFO:root:Epoch no. 80 of 500 (samples: 141442)
INFO:root:Loss: 0.3102 +/- 0.0012
INFO:root:Epoch no. 81 of 500 (samples: 141442)
INFO:root:Loss: 0.3087 +/- 0.0017
INFO:root:Epoch no. 82 of 500 (samples: 141442)
INFO:root:Loss: 0.3078 +/- 0.001
INFO:root:Epoch no. 83 of 500 (samples: 141442)
INFO:root:Loss: 0.3074 +/- 0.0019
INFO:root:Epoch no. 84 of 500 (samples: 141442)
INFO:root:Loss: 0.3049 +/- 0.0015
INFO:root:Epoch no. 85 of 500 (samples: 141442)
INFO:root:Loss: 0.3038 +/- 0.0019
INFO:root:Epoch no. 86 of 500 (samples: 141442)
INFO:root:Loss: 0.3025 +/- 0.0012
INFO:root:Epoch no. 87 of 500 (samples: 141442)
INFO:root:Loss: 0.3016 +/- 0.001
INFO:root:Epoch no. 88 of 500 (samples: 141442)
INFO:root:Loss: 0.3006 +/- 0.0017
INFO:root:Epoch no. 89 of 500 (samples: 141442)
INFO:root:Loss: 0.2999 +/- 0.0014
INFO:root:Epoch no. 90 of 500 (samples: 141442)
INFO:root:Loss: 0.2987 +/- 0.0015
INFO:root:Epoch no. 91 of 500 (samples: 141442)
INFO:root:Loss: 0.2975 +/- 0.0018
INFO:root:Epoch no. 92 of 500 (samples: 141442)
INFO:root:Loss: 0.2963 +/- 0.0014
INFO:root:Epoch no. 93 of 500 (samples: 141442)
INFO:root:Loss: 0.2956 +/- 0.0019
INFO:root:Epoch no. 94 of 500 (samples: 141442)
INFO:root:Loss: 0.294 +/- 0.0021
INFO:root:Epoch no. 95 of 500 (samples: 141442)
INFO:root:Loss: 0.2927 +/- 0.001
INFO:root:Epoch no. 96 of 500 (samples: 141442)
INFO:root:Loss: 0.292 +/- 0.002
INFO:root:Epoch no. 97 of 500 (samples: 141442)
INFO:root:Loss: 0.2908 +/- 0.0017
INFO:root:Epoch no. 98 of 500 (samples: 141442)
INFO:root:Loss: 0.2901 +/- 0.0012
INFO:root:Epoch no. 99 of 500 (samples: 141442)
INFO:root:Loss: 0.2892 +/- 0.0016
INFO:root:Epoch no. 100 of 500 (samples: 141442)
INFO:root:Loss: 0.2886 +/- 0.0024
INFO:root:Epoch no. 101 of 500 (samples: 141442)
INFO:root:Loss: 0.2877 +/- 0.0023
INFO:root:Epoch no. 102 of 500 (samples: 141442)
INFO:root:Loss: 0.2865 +/- 0.002
INFO:root:Epoch no. 103 of 500 (samples: 141442)
INFO:root:Loss: 0.2853 +/- 0.0015
INFO:root:Epoch no. 104 of 500 (samples: 141442)
INFO:root:Loss: 0.2843 +/- 0.0015
INFO:root:Epoch no. 105 of 500 (samples: 141442)
INFO:root:Loss: 0.2835 +/- 0.0012
INFO:root:Epoch no. 106 of 500 (samples: 141442)
INFO:root:Loss: 0.2824 +/- 0.0015
INFO:root:Epoch no. 107 of 500 (samples: 141442)
INFO:root:Loss: 0.2817 +/- 0.0022
INFO:root:Epoch no. 108 of 500 (samples: 141442)
INFO:root:Loss: 0.281 +/- 0.0016
INFO:root:Epoch no. 109 of 500 (samples: 141442)
INFO:root:Loss: 0.2796 +/- 0.0019
INFO:root:Epoch no. 110 of 500 (samples: 141442)
INFO:root:Loss: 0.2792 +/- 0.0012
INFO:root:Epoch no. 111 of 500 (samples: 141442)
INFO:root:Loss: 0.2783 +/- 0.0012
INFO:root:Epoch no. 112 of 500 (samples: 141442)
INFO:root:Loss: 0.2778 +/- 0.0014
INFO:root:Epoch no. 113 of 500 (samples: 141442)
INFO:root:Loss: 0.2764 +/- 0.0014
INFO:root:Epoch no. 114 of 500 (samples: 141442)
INFO:root:Loss: 0.2753 +/- 0.0017
INFO:root:Epoch no. 115 of 500 (samples: 141442)
INFO:root:Loss: 0.2749 +/- 0.0017
INFO:root:Epoch no. 116 of 500 (samples: 141442)
INFO:root:Loss: 0.2739 +/- 0.0016
INFO:root:Epoch no. 117 of 500 (samples: 141442)
INFO:root:Loss: 0.2732 +/- 0.0022
INFO:root:Epoch no. 118 of 500 (samples: 141442)
INFO:root:Loss: 0.2731 +/- 0.0019
INFO:root:Epoch no. 119 of 500 (samples: 141442)
INFO:root:Loss: 0.2719 +/- 0.0014
INFO:root:Epoch no. 120 of 500 (samples: 141442)
INFO:root:Loss: 0.2703 +/- 0.0015
INFO:root:Epoch no. 121 of 500 (samples: 141442)
INFO:root:Loss: 0.2706 +/- 0.0024
INFO:root:Epoch no. 122 of 500 (samples: 141442)
INFO:root:Loss: 0.2695 +/- 0.0012
INFO:root:Epoch no. 123 of 500 (samples: 141442)
INFO:root:Loss: 0.2698 +/- 0.0019
INFO:root:Epoch no. 124 of 500 (samples: 141442)
INFO:root:Loss: 0.2681 +/- 0.002
INFO:root:Epoch no. 125 of 500 (samples: 141442)
INFO:root:Loss: 0.2673 +/- 0.0023
INFO:root:Epoch no. 126 of 500 (samples: 141442)
INFO:root:Loss: 0.2668 +/- 0.0011
INFO:root:Epoch no. 127 of 500 (samples: 141442)
INFO:root:Loss: 0.2662 +/- 0.0013
INFO:root:Epoch no. 128 of 500 (samples: 141442)
INFO:root:Loss: 0.2658 +/- 0.0015
INFO:root:Epoch no. 129 of 500 (samples: 141442)
INFO:root:Loss: 0.2647 +/- 0.0016
INFO:root:Epoch no. 130 of 500 (samples: 141442)
INFO:root:Loss: 0.2641 +/- 0.0013
INFO:root:Epoch no. 131 of 500 (samples: 141442)
INFO:root:Loss: 0.2629 +/- 0.0012
INFO:root:Epoch no. 132 of 500 (samples: 141442)
INFO:root:Loss: 0.2629 +/- 0.0021
INFO:root:Epoch no. 133 of 500 (samples: 141442)
INFO:root:Loss: 0.2614 +/- 0.0012
INFO:root:Epoch no. 134 of 500 (samples: 141442)
INFO:root:Loss: 0.2608 +/- 0.002
INFO:root:Epoch no. 135 of 500 (samples: 141442)
INFO:root:Loss: 0.2607 +/- 0.0017
INFO:root:Epoch no. 136 of 500 (samples: 141442)
INFO:root:Loss: 0.2602 +/- 0.0018
INFO:root:Epoch no. 137 of 500 (samples: 141442)
INFO:root:Loss: 0.2596 +/- 0.002
INFO:root:Epoch no. 138 of 500 (samples: 141442)
INFO:root:Loss: 0.2587 +/- 0.0012
INFO:root:Epoch no. 139 of 500 (samples: 141442)
INFO:root:Loss: 0.258 +/- 0.0016
INFO:root:Epoch no. 140 of 500 (samples: 141442)
INFO:root:Loss: 0.2574 +/- 0.0016
INFO:root:Epoch no. 141 of 500 (samples: 141442)
INFO:root:Loss: 0.2568 +/- 0.0015
INFO:root:Epoch no. 142 of 500 (samples: 141442)
INFO:root:Loss: 0.257 +/- 0.0014
INFO:root:Epoch no. 143 of 500 (samples: 141442)
INFO:root:Loss: 0.255 +/- 0.0016
INFO:root:Epoch no. 144 of 500 (samples: 141442)
INFO:root:Loss: 0.2549 +/- 0.0015
INFO:root:Epoch no. 145 of 500 (samples: 141442)
INFO:root:Loss: 0.2545 +/- 0.0021
INFO:root:Epoch no. 146 of 500 (samples: 141442)
INFO:root:Loss: 0.2538 +/- 0.0014
INFO:root:Epoch no. 147 of 500 (samples: 141442)
INFO:root:Loss: 0.2534 +/- 0.002
INFO:root:Epoch no. 148 of 500 (samples: 141442)
INFO:root:Loss: 0.2524 +/- 0.0015
INFO:root:Epoch no. 149 of 500 (samples: 141442)
INFO:root:Loss: 0.2521 +/- 0.0012
INFO:root:Epoch no. 150 of 500 (samples: 141442)
INFO:root:Loss: 0.2517 +/- 0.0018
INFO:root:Epoch no. 151 of 500 (samples: 141442)
INFO:root:Loss: 0.2508 +/- 0.0021
INFO:root:Epoch no. 152 of 500 (samples: 141442)
INFO:root:Loss: 0.2503 +/- 0.0017
INFO:root:Epoch no. 153 of 500 (samples: 141442)
INFO:root:Loss: 0.2494 +/- 0.0008
INFO:root:Epoch no. 154 of 500 (samples: 141442)
INFO:root:Loss: 0.2492 +/- 0.0016
INFO:root:Epoch no. 155 of 500 (samples: 141442)
INFO:root:Loss: 0.2485 +/- 0.0016
INFO:root:Epoch no. 156 of 500 (samples: 141442)
INFO:root:Loss: 0.2483 +/- 0.0013
INFO:root:Epoch no. 157 of 500 (samples: 141442)
INFO:root:Loss: 0.2473 +/- 0.0016
INFO:root:Epoch no. 158 of 500 (samples: 141442)
INFO:root:Loss: 0.247 +/- 0.0014
INFO:root:Epoch no. 159 of 500 (samples: 141442)
INFO:root:Loss: 0.2465 +/- 0.0021
INFO:root:Epoch no. 160 of 500 (samples: 141442)
INFO:root:Loss: 0.246 +/- 0.0016
INFO:root:Epoch no. 161 of 500 (samples: 141442)
INFO:root:Loss: 0.2452 +/- 0.0011
INFO:root:Epoch no. 162 of 500 (samples: 141442)
INFO:root:Loss: 0.2447 +/- 0.0011
INFO:root:Epoch no. 163 of 500 (samples: 141442)
INFO:root:Loss: 0.2439 +/- 0.0022
INFO:root:Epoch no. 164 of 500 (samples: 141442)
INFO:root:Loss: 0.2437 +/- 0.0014
INFO:root:Epoch no. 165 of 500 (samples: 141442)
INFO:root:Loss: 0.2429 +/- 0.0011
INFO:root:Epoch no. 166 of 500 (samples: 141442)
INFO:root:Loss: 0.2431 +/- 0.0015
INFO:root:Epoch no. 167 of 500 (samples: 141442)
INFO:root:Loss: 0.2423 +/- 0.0022
INFO:root:Epoch no. 168 of 500 (samples: 141442)
INFO:root:Loss: 0.2415 +/- 0.0018
INFO:root:Epoch no. 169 of 500 (samples: 141442)
INFO:root:Loss: 0.2415 +/- 0.001
INFO:root:Epoch no. 170 of 500 (samples: 141442)
INFO:root:Loss: 0.241 +/- 0.0024
INFO:root:Epoch no. 171 of 500 (samples: 141442)
INFO:root:Loss: 0.24 +/- 0.0021
INFO:root:Epoch no. 172 of 500 (samples: 141442)
INFO:root:Loss: 0.2397 +/- 0.0015
INFO:root:Epoch no. 173 of 500 (samples: 141442)
INFO:root:Loss: 0.2393 +/- 0.0012
INFO:root:Epoch no. 174 of 500 (samples: 141442)
INFO:root:Loss: 0.2386 +/- 0.0019
INFO:root:Epoch no. 175 of 500 (samples: 141442)
INFO:root:Loss: 0.238 +/- 0.0013
INFO:root:Epoch no. 176 of 500 (samples: 141442)
INFO:root:Loss: 0.2379 +/- 0.0014
INFO:root:Epoch no. 177 of 500 (samples: 141442)
INFO:root:Loss: 0.2375 +/- 0.0017
INFO:root:Epoch no. 178 of 500 (samples: 141442)
INFO:root:Loss: 0.2373 +/- 0.0012
INFO:root:Epoch no. 179 of 500 (samples: 141442)
INFO:root:Loss: 0.2362 +/- 0.0021
INFO:root:Epoch no. 180 of 500 (samples: 141442)
INFO:root:Loss: 0.2356 +/- 0.0015
INFO:root:Epoch no. 181 of 500 (samples: 141442)
INFO:root:Loss: 0.2357 +/- 0.0012
INFO:root:Epoch no. 182 of 500 (samples: 141442)
INFO:root:Loss: 0.2345 +/- 0.0016
INFO:root:Epoch no. 183 of 500 (samples: 141442)
INFO:root:Loss: 0.235 +/- 0.0014
INFO:root:Epoch no. 184 of 500 (samples: 141442)
INFO:root:Loss: 0.2344 +/- 0.0016
INFO:root:Epoch no. 185 of 500 (samples: 141442)
INFO:root:Loss: 0.2342 +/- 0.0013
INFO:root:Epoch no. 186 of 500 (samples: 141442)
INFO:root:Loss: 0.233 +/- 0.0016
INFO:root:Epoch no. 187 of 500 (samples: 141442)
INFO:root:Loss: 0.2332 +/- 0.0019
INFO:root:Epoch no. 188 of 500 (samples: 141442)
INFO:root:Loss: 0.2324 +/- 0.0017
INFO:root:Epoch no. 189 of 500 (samples: 141442)
INFO:root:Loss: 0.2327 +/- 0.0017
INFO:root:Epoch no. 190 of 500 (samples: 141442)
INFO:root:Loss: 0.2314 +/- 0.0009
INFO:root:Epoch no. 191 of 500 (samples: 141442)
INFO:root:Loss: 0.2315 +/- 0.001
INFO:root:Epoch no. 192 of 500 (samples: 141442)
INFO:root:Loss: 0.2307 +/- 0.0016
INFO:root:Epoch no. 193 of 500 (samples: 141442)
INFO:root:Loss: 0.2307 +/- 0.0011
INFO:root:Epoch no. 194 of 500 (samples: 141442)
INFO:root:Loss: 0.2299 +/- 0.0016
INFO:root:Epoch no. 195 of 500 (samples: 141442)
INFO:root:Loss: 0.2294 +/- 0.0015
INFO:root:Epoch no. 196 of 500 (samples: 141442)
INFO:root:Loss: 0.2293 +/- 0.0023
INFO:root:Epoch no. 197 of 500 (samples: 141442)
INFO:root:Loss: 0.2286 +/- 0.0015
INFO:root:Epoch no. 198 of 500 (samples: 141442)
INFO:root:Loss: 0.2281 +/- 0.0009
INFO:root:Epoch no. 199 of 500 (samples: 141442)
INFO:root:Loss: 0.2282 +/- 0.0013
INFO:root:Epoch no. 200 of 500 (samples: 141442)
INFO:root:Loss: 0.2271 +/- 0.0012
INFO:root:Epoch no. 201 of 500 (samples: 141442)
INFO:root:Loss: 0.227 +/- 0.0009
INFO:root:Epoch no. 202 of 500 (samples: 141442)
INFO:root:Loss: 0.2266 +/- 0.002
INFO:root:Epoch no. 203 of 500 (samples: 141442)
INFO:root:Loss: 0.2265 +/- 0.0017
INFO:root:Epoch no. 204 of 500 (samples: 141442)
INFO:root:Loss: 0.2267 +/- 0.0018
INFO:root:Epoch no. 205 of 500 (samples: 141442)
INFO:root:Loss: 0.2249 +/- 0.0014
INFO:root:Epoch no. 206 of 500 (samples: 141442)
INFO:root:Loss: 0.2251 +/- 0.0015
INFO:root:Epoch no. 207 of 500 (samples: 141442)
INFO:root:Loss: 0.2249 +/- 0.0017
INFO:root:Epoch no. 208 of 500 (samples: 141442)
INFO:root:Loss: 0.2241 +/- 0.0016
INFO:root:Epoch no. 209 of 500 (samples: 141442)
INFO:root:Loss: 0.224 +/- 0.0015
INFO:root:Epoch no. 210 of 500 (samples: 141442)
INFO:root:Loss: 0.2237 +/- 0.0011
INFO:root:Epoch no. 211 of 500 (samples: 141442)
INFO:root:Loss: 0.2229 +/- 0.0014
INFO:root:Epoch no. 212 of 500 (samples: 141442)
INFO:root:Loss: 0.223 +/- 0.0012
INFO:root:Epoch no. 213 of 500 (samples: 141442)
INFO:root:Loss: 0.2222 +/- 0.0016
INFO:root:Epoch no. 214 of 500 (samples: 141442)
INFO:root:Loss: 0.2223 +/- 0.0016
INFO:root:Epoch no. 215 of 500 (samples: 141442)
INFO:root:Loss: 0.2216 +/- 0.001
INFO:root:Epoch no. 216 of 500 (samples: 141442)
INFO:root:Loss: 0.2218 +/- 0.0015
INFO:root:Epoch no. 217 of 500 (samples: 141442)
INFO:root:Loss: 0.2211 +/- 0.0018
INFO:root:Epoch no. 218 of 500 (samples: 141442)
INFO:root:Loss: 0.2205 +/- 0.0011
INFO:root:Epoch no. 219 of 500 (samples: 141442)
INFO:root:Loss: 0.2197 +/- 0.0022
INFO:root:Epoch no. 220 of 500 (samples: 141442)
INFO:root:Loss: 0.22 +/- 0.0011
INFO:root:Epoch no. 221 of 500 (samples: 141442)
INFO:root:Loss: 0.2199 +/- 0.0017
INFO:root:Epoch no. 222 of 500 (samples: 141442)
INFO:root:Loss: 0.2192 +/- 0.0017
INFO:root:Epoch no. 223 of 500 (samples: 141442)
INFO:root:Loss: 0.2191 +/- 0.0012
INFO:root:Epoch no. 224 of 500 (samples: 141442)
INFO:root:Loss: 0.2182 +/- 0.0018
INFO:root:Epoch no. 225 of 500 (samples: 141442)
INFO:root:Loss: 0.218 +/- 0.0011
INFO:root:Epoch no. 226 of 500 (samples: 141442)
INFO:root:Loss: 0.2169 +/- 0.0013
INFO:root:Epoch no. 227 of 500 (samples: 141442)
INFO:root:Loss: 0.217 +/- 0.0012
INFO:root:Epoch no. 228 of 500 (samples: 141442)
INFO:root:Loss: 0.2181 +/- 0.0017
INFO:root:Epoch no. 229 of 500 (samples: 141442)
INFO:root:Loss: 0.2171 +/- 0.0021
INFO:root:Epoch no. 230 of 500 (samples: 141442)
INFO:root:Loss: 0.2163 +/- 0.0013
INFO:root:Epoch no. 231 of 500 (samples: 141442)
INFO:root:Loss: 0.2164 +/- 0.0013
INFO:root:Epoch no. 232 of 500 (samples: 141442)
INFO:root:Loss: 0.2157 +/- 0.0016
INFO:root:Epoch no. 233 of 500 (samples: 141442)
INFO:root:Loss: 0.2158 +/- 0.0024
INFO:root:Epoch no. 234 of 500 (samples: 141442)
INFO:root:Loss: 0.2153 +/- 0.0012
INFO:root:Epoch no. 235 of 500 (samples: 141442)
INFO:root:Loss: 0.2148 +/- 0.0013
INFO:root:Epoch no. 236 of 500 (samples: 141442)
INFO:root:Loss: 0.2147 +/- 0.001
INFO:root:Epoch no. 237 of 500 (samples: 141442)
INFO:root:Loss: 0.2136 +/- 0.0019
INFO:root:Epoch no. 238 of 500 (samples: 141442)
INFO:root:Loss: 0.2136 +/- 0.0014
INFO:root:Epoch no. 239 of 500 (samples: 141442)
INFO:root:Loss: 0.2142 +/- 0.001
INFO:root:Epoch no. 240 of 500 (samples: 141442)
INFO:root:Loss: 0.2135 +/- 0.0012
INFO:root:Epoch no. 241 of 500 (samples: 141442)
INFO:root:Loss: 0.2129 +/- 0.0012
INFO:root:Epoch no. 242 of 500 (samples: 141442)
INFO:root:Loss: 0.2123 +/- 0.0016
INFO:root:Epoch no. 243 of 500 (samples: 141442)
INFO:root:Loss: 0.2129 +/- 0.0017
INFO:root:Epoch no. 244 of 500 (samples: 141442)
INFO:root:Loss: 0.2124 +/- 0.0016
INFO:root:Epoch no. 245 of 500 (samples: 141442)
INFO:root:Loss: 0.2118 +/- 0.0013
INFO:root:Epoch no. 246 of 500 (samples: 141442)
INFO:root:Loss: 0.2113 +/- 0.0017
INFO:root:Epoch no. 247 of 500 (samples: 141442)
INFO:root:Loss: 0.2102 +/- 0.0012
INFO:root:Epoch no. 248 of 500 (samples: 141442)
INFO:root:Loss: 0.2103 +/- 0.0011
INFO:root:Epoch no. 249 of 500 (samples: 141442)
INFO:root:Loss: 0.2101 +/- 0.0018
INFO:root:Epoch no. 250 of 500 (samples: 141442)
INFO:root:Loss: 0.2095 +/- 0.0011
INFO:root:Epoch no. 251 of 500 (samples: 141442)
INFO:root:Loss: 0.2091 +/- 0.0012
INFO:root:Epoch no. 252 of 500 (samples: 141442)
INFO:root:Loss: 0.2096 +/- 0.0015
INFO:root:Epoch no. 253 of 500 (samples: 141442)
INFO:root:Loss: 0.2094 +/- 0.001
INFO:root:Epoch no. 254 of 500 (samples: 141442)
INFO:root:Loss: 0.2089 +/- 0.0016
INFO:root:Epoch no. 255 of 500 (samples: 141442)
INFO:root:Loss: 0.2088 +/- 0.0012
INFO:root:Epoch no. 256 of 500 (samples: 141442)
INFO:root:Loss: 0.2083 +/- 0.0015
INFO:root:Epoch no. 257 of 500 (samples: 141442)
INFO:root:Loss: 0.2085 +/- 0.0012
INFO:root:Epoch no. 258 of 500 (samples: 141442)
INFO:root:Loss: 0.2075 +/- 0.0015
INFO:root:Epoch no. 259 of 500 (samples: 141442)
INFO:root:Loss: 0.2072 +/- 0.002
INFO:root:Epoch no. 260 of 500 (samples: 141442)
INFO:root:Loss: 0.2067 +/- 0.0014
INFO:root:Epoch no. 261 of 500 (samples: 141442)
INFO:root:Loss: 0.2067 +/- 0.0015
INFO:root:Epoch no. 262 of 500 (samples: 141442)
INFO:root:Loss: 0.2063 +/- 0.0013
INFO:root:Epoch no. 263 of 500 (samples: 141442)
INFO:root:Loss: 0.2059 +/- 0.001
INFO:root:Epoch no. 264 of 500 (samples: 141442)
INFO:root:Loss: 0.2061 +/- 0.0009
INFO:root:Epoch no. 265 of 500 (samples: 141442)
INFO:root:Loss: 0.2056 +/- 0.0014
INFO:root:Epoch no. 266 of 500 (samples: 141442)
INFO:root:Loss: 0.2053 +/- 0.001
INFO:root:Epoch no. 267 of 500 (samples: 141442)
INFO:root:Loss: 0.2047 +/- 0.0012
INFO:root:Epoch no. 268 of 500 (samples: 141442)
INFO:root:Loss: 0.2046 +/- 0.0022
INFO:root:Epoch no. 269 of 500 (samples: 141442)
INFO:root:Loss: 0.2044 +/- 0.0012
INFO:root:Epoch no. 270 of 500 (samples: 141442)
INFO:root:Loss: 0.2042 +/- 0.0012
INFO:root:Epoch no. 271 of 500 (samples: 141442)
INFO:root:Loss: 0.2033 +/- 0.0012
INFO:root:Epoch no. 272 of 500 (samples: 141442)
INFO:root:Loss: 0.2041 +/- 0.0017
INFO:root:Epoch no. 273 of 500 (samples: 141442)
INFO:root:Loss: 0.2036 +/- 0.0015
INFO:root:Epoch no. 274 of 500 (samples: 141442)
INFO:root:Loss: 0.2034 +/- 0.0014
INFO:root:Epoch no. 275 of 500 (samples: 141442)
INFO:root:Loss: 0.2028 +/- 0.0017
INFO:root:Epoch no. 276 of 500 (samples: 141442)
INFO:root:Loss: 0.2027 +/- 0.0017
INFO:root:Epoch no. 277 of 500 (samples: 141442)
INFO:root:Loss: 0.2023 +/- 0.001
INFO:root:Epoch no. 278 of 500 (samples: 141442)
INFO:root:Loss: 0.2019 +/- 0.0012
INFO:root:Epoch no. 279 of 500 (samples: 141442)
INFO:root:Loss: 0.2019 +/- 0.0016
INFO:root:Epoch no. 280 of 500 (samples: 141442)
INFO:root:Loss: 0.2015 +/- 0.0011
INFO:root:Epoch no. 281 of 500 (samples: 141442)
INFO:root:Loss: 0.2012 +/- 0.0014
INFO:root:Epoch no. 282 of 500 (samples: 141442)
INFO:root:Loss: 0.201 +/- 0.0017
INFO:root:Epoch no. 283 of 500 (samples: 141442)
INFO:root:Loss: 0.2012 +/- 0.0013
INFO:root:Epoch no. 284 of 500 (samples: 141442)
INFO:root:Loss: 0.2009 +/- 0.0014
INFO:root:Epoch no. 285 of 500 (samples: 141442)
INFO:root:Loss: 0.2001 +/- 0.0015
INFO:root:Epoch no. 286 of 500 (samples: 141442)
INFO:root:Loss: 0.1997 +/- 0.0017
INFO:root:Epoch no. 287 of 500 (samples: 141442)
INFO:root:Loss: 0.1996 +/- 0.0009
INFO:root:Epoch no. 288 of 500 (samples: 141442)
INFO:root:Loss: 0.2003 +/- 0.0018
INFO:root:Epoch no. 289 of 500 (samples: 141442)
INFO:root:Loss: 0.1994 +/- 0.0021
INFO:root:Epoch no. 290 of 500 (samples: 141442)
INFO:root:Loss: 0.1992 +/- 0.0016
INFO:root:Epoch no. 291 of 500 (samples: 141442)
INFO:root:Loss: 0.1988 +/- 0.0011
INFO:root:Epoch no. 292 of 500 (samples: 141442)
INFO:root:Loss: 0.1989 +/- 0.0011
INFO:root:Epoch no. 293 of 500 (samples: 141442)
INFO:root:Loss: 0.1981 +/- 0.0009
INFO:root:Epoch no. 294 of 500 (samples: 141442)
INFO:root:Loss: 0.1978 +/- 0.0013
INFO:root:Epoch no. 295 of 500 (samples: 141442)
INFO:root:Loss: 0.1973 +/- 0.0012
INFO:root:Epoch no. 296 of 500 (samples: 141442)
INFO:root:Loss: 0.1977 +/- 0.0014
INFO:root:Epoch no. 297 of 500 (samples: 141442)
INFO:root:Loss: 0.1974 +/- 0.0007
INFO:root:Epoch no. 298 of 500 (samples: 141442)
INFO:root:Loss: 0.1967 +/- 0.0017
INFO:root:Epoch no. 299 of 500 (samples: 141442)
INFO:root:Loss: 0.197 +/- 0.001
INFO:root:Epoch no. 300 of 500 (samples: 141442)
INFO:root:Loss: 0.1971 +/- 0.0016
INFO:root:Epoch no. 301 of 500 (samples: 141442)
INFO:root:Loss: 0.1966 +/- 0.0013
INFO:root:Epoch no. 302 of 500 (samples: 141442)
INFO:root:Loss: 0.1966 +/- 0.0013
INFO:root:Epoch no. 303 of 500 (samples: 141442)
INFO:root:Loss: 0.1961 +/- 0.001
INFO:root:Epoch no. 304 of 500 (samples: 141442)
INFO:root:Loss: 0.1957 +/- 0.0015
INFO:root:Epoch no. 305 of 500 (samples: 141442)
INFO:root:Loss: 0.1949 +/- 0.0018
INFO:root:Epoch no. 306 of 500 (samples: 141442)
INFO:root:Loss: 0.1954 +/- 0.0011
INFO:root:Epoch no. 307 of 500 (samples: 141442)
INFO:root:Loss: 0.1948 +/- 0.0012
INFO:root:Epoch no. 308 of 500 (samples: 141442)
INFO:root:Loss: 0.1944 +/- 0.001
INFO:root:Epoch no. 309 of 500 (samples: 141442)
INFO:root:Loss: 0.1952 +/- 0.0022
INFO:root:Epoch no. 310 of 500 (samples: 141442)
INFO:root:Loss: 0.1942 +/- 0.0012
INFO:root:Epoch no. 311 of 500 (samples: 141442)
INFO:root:Loss: 0.1946 +/- 0.0018
INFO:root:Epoch no. 312 of 500 (samples: 141442)
INFO:root:Loss: 0.1943 +/- 0.0015
INFO:root:Epoch no. 313 of 500 (samples: 141442)
INFO:root:Loss: 0.194 +/- 0.0017
INFO:root:Epoch no. 314 of 500 (samples: 141442)
INFO:root:Loss: 0.1931 +/- 0.0023
INFO:root:Epoch no. 315 of 500 (samples: 141442)
INFO:root:Loss: 0.1929 +/- 0.0019
INFO:root:Epoch no. 316 of 500 (samples: 141442)
INFO:root:Loss: 0.1929 +/- 0.0009
INFO:root:Epoch no. 317 of 500 (samples: 141442)
INFO:root:Loss: 0.1931 +/- 0.0014
INFO:root:Epoch no. 318 of 500 (samples: 141442)
INFO:root:Loss: 0.192 +/- 0.0016
INFO:root:Epoch no. 319 of 500 (samples: 141442)
INFO:root:Loss: 0.1925 +/- 0.0014
INFO:root:Epoch no. 320 of 500 (samples: 141442)
INFO:root:Loss: 0.1925 +/- 0.0019
INFO:root:Epoch no. 321 of 500 (samples: 141442)
INFO:root:Loss: 0.1922 +/- 0.0013
INFO:root:Epoch no. 322 of 500 (samples: 141442)
INFO:root:Loss: 0.1919 +/- 0.0017
INFO:root:Epoch no. 323 of 500 (samples: 141442)
INFO:root:Loss: 0.1907 +/- 0.0007
INFO:root:Epoch no. 324 of 500 (samples: 141442)
INFO:root:Loss: 0.1915 +/- 0.0011
INFO:root:Epoch no. 325 of 500 (samples: 141442)
INFO:root:Loss: 0.1911 +/- 0.0017
INFO:root:Epoch no. 326 of 500 (samples: 141442)
INFO:root:Loss: 0.1908 +/- 0.0018
INFO:root:Epoch no. 327 of 500 (samples: 141442)
INFO:root:Loss: 0.1904 +/- 0.0014
INFO:root:Epoch no. 328 of 500 (samples: 141442)
INFO:root:Loss: 0.1902 +/- 0.0007
INFO:root:Epoch no. 329 of 500 (samples: 141442)
INFO:root:Loss: 0.1901 +/- 0.0017
INFO:root:Epoch no. 330 of 500 (samples: 141442)
INFO:root:Loss: 0.1897 +/- 0.0013
INFO:root:Epoch no. 331 of 500 (samples: 141442)
INFO:root:Loss: 0.1901 +/- 0.0012
INFO:root:Epoch no. 332 of 500 (samples: 141442)
INFO:root:Loss: 0.1896 +/- 0.001
INFO:root:Epoch no. 333 of 500 (samples: 141442)
INFO:root:Loss: 0.1888 +/- 0.0017
INFO:root:Epoch no. 334 of 500 (samples: 141442)
INFO:root:Loss: 0.189 +/- 0.0012
INFO:root:Epoch no. 335 of 500 (samples: 141442)
INFO:root:Loss: 0.1889 +/- 0.0017
INFO:root:Epoch no. 336 of 500 (samples: 141442)
INFO:root:Loss: 0.1882 +/- 0.0016
INFO:root:Epoch no. 337 of 500 (samples: 141442)
INFO:root:Loss: 0.1892 +/- 0.0023
INFO:root:Epoch no. 338 of 500 (samples: 141442)
INFO:root:Loss: 0.1883 +/- 0.0007
INFO:root:Epoch no. 339 of 500 (samples: 141442)
INFO:root:Loss: 0.1885 +/- 0.0015
INFO:root:Epoch no. 340 of 500 (samples: 141442)
INFO:root:Loss: 0.1879 +/- 0.0013
INFO:root:Epoch no. 341 of 500 (samples: 141442)
INFO:root:Loss: 0.1877 +/- 0.0012
INFO:root:Epoch no. 342 of 500 (samples: 141442)
INFO:root:Loss: 0.1876 +/- 0.0021
INFO:root:Epoch no. 343 of 500 (samples: 141442)
INFO:root:Loss: 0.1876 +/- 0.0007
INFO:root:Epoch no. 344 of 500 (samples: 141442)
INFO:root:Loss: 0.1871 +/- 0.0015
INFO:root:Epoch no. 345 of 500 (samples: 141442)
INFO:root:Loss: 0.1869 +/- 0.0008
INFO:root:Epoch no. 346 of 500 (samples: 141442)
INFO:root:Loss: 0.1867 +/- 0.0014
INFO:root:Epoch no. 347 of 500 (samples: 141442)
INFO:root:Loss: 0.1863 +/- 0.0021
INFO:root:Epoch no. 348 of 500 (samples: 141442)
INFO:root:Loss: 0.1862 +/- 0.0011
INFO:root:Epoch no. 349 of 500 (samples: 141442)
INFO:root:Loss: 0.1862 +/- 0.0017
INFO:root:Epoch no. 350 of 500 (samples: 141442)
INFO:root:Loss: 0.1859 +/- 0.0016
INFO:root:Epoch no. 351 of 500 (samples: 141442)
INFO:root:Loss: 0.1855 +/- 0.0012
INFO:root:Epoch no. 352 of 500 (samples: 141442)
INFO:root:Loss: 0.1854 +/- 0.0011
INFO:root:Epoch no. 353 of 500 (samples: 141442)
INFO:root:Loss: 0.1849 +/- 0.0011
INFO:root:Epoch no. 354 of 500 (samples: 141442)
INFO:root:Loss: 0.1851 +/- 0.0014
INFO:root:Epoch no. 355 of 500 (samples: 141442)
INFO:root:Loss: 0.1848 +/- 0.0019
INFO:root:Epoch no. 356 of 500 (samples: 141442)
INFO:root:Loss: 0.1841 +/- 0.0015
INFO:root:Epoch no. 357 of 500 (samples: 141442)
INFO:root:Loss: 0.1848 +/- 0.0013
INFO:root:Epoch no. 358 of 500 (samples: 141442)
INFO:root:Loss: 0.1848 +/- 0.0009
INFO:root:Epoch no. 359 of 500 (samples: 141442)
INFO:root:Loss: 0.1837 +/- 0.001
INFO:root:Epoch no. 360 of 500 (samples: 141442)
INFO:root:Loss: 0.1842 +/- 0.0019
INFO:root:Epoch no. 361 of 500 (samples: 141442)
INFO:root:Loss: 0.1831 +/- 0.001
INFO:root:Epoch no. 362 of 500 (samples: 141442)
INFO:root:Loss: 0.1837 +/- 0.0013
INFO:root:Epoch no. 363 of 500 (samples: 141442)
INFO:root:Loss: 0.1829 +/- 0.0013
INFO:root:Epoch no. 364 of 500 (samples: 141442)
INFO:root:Loss: 0.1827 +/- 0.0019
INFO:root:Epoch no. 365 of 500 (samples: 141442)
INFO:root:Loss: 0.1824 +/- 0.0009
INFO:root:Epoch no. 366 of 500 (samples: 141442)
INFO:root:Loss: 0.1823 +/- 0.0012
INFO:root:Epoch no. 367 of 500 (samples: 141442)
INFO:root:Loss: 0.1826 +/- 0.001
INFO:root:Epoch no. 368 of 500 (samples: 141442)
INFO:root:Loss: 0.1822 +/- 0.0016
INFO:root:Epoch no. 369 of 500 (samples: 141442)
INFO:root:Loss: 0.1813 +/- 0.0014
INFO:root:Epoch no. 370 of 500 (samples: 141442)
INFO:root:Loss: 0.1825 +/- 0.0015
INFO:root:Epoch no. 371 of 500 (samples: 141442)
INFO:root:Loss: 0.1815 +/- 0.0012
INFO:root:Epoch no. 372 of 500 (samples: 141442)
INFO:root:Loss: 0.1813 +/- 0.0019
INFO:root:Epoch no. 373 of 500 (samples: 141442)
INFO:root:Loss: 0.1817 +/- 0.0011
INFO:root:Epoch no. 374 of 500 (samples: 141442)
INFO:root:Loss: 0.1819 +/- 0.0007
INFO:root:Epoch no. 375 of 500 (samples: 141442)
INFO:root:Loss: 0.1812 +/- 0.0018
INFO:root:Epoch no. 376 of 500 (samples: 141442)
INFO:root:Loss: 0.1809 +/- 0.0018
INFO:root:Epoch no. 377 of 500 (samples: 141442)
INFO:root:Loss: 0.1805 +/- 0.0013
INFO:root:Epoch no. 378 of 500 (samples: 141442)
INFO:root:Loss: 0.181 +/- 0.0014
INFO:root:Epoch no. 379 of 500 (samples: 141442)
INFO:root:Loss: 0.1802 +/- 0.001
INFO:root:Epoch no. 380 of 500 (samples: 141442)
INFO:root:Loss: 0.1807 +/- 0.0015
INFO:root:Epoch no. 381 of 500 (samples: 141442)
INFO:root:Loss: 0.1803 +/- 0.0019
INFO:root:Epoch no. 382 of 500 (samples: 141442)
INFO:root:Loss: 0.1801 +/- 0.0011
INFO:root:Epoch no. 383 of 500 (samples: 141442)
INFO:root:Loss: 0.1799 +/- 0.001
INFO:root:Epoch no. 384 of 500 (samples: 141442)
INFO:root:Loss: 0.1797 +/- 0.0013
INFO:root:Epoch no. 385 of 500 (samples: 141442)
INFO:root:Loss: 0.1791 +/- 0.0012
INFO:root:Epoch no. 386 of 500 (samples: 141442)
INFO:root:Loss: 0.1792 +/- 0.0011
INFO:root:Epoch no. 387 of 500 (samples: 141442)
INFO:root:Loss: 0.1792 +/- 0.0009
INFO:root:Epoch no. 388 of 500 (samples: 141442)
INFO:root:Loss: 0.179 +/- 0.0011
INFO:root:Epoch no. 389 of 500 (samples: 141442)
INFO:root:Loss: 0.1781 +/- 0.001
INFO:root:Epoch no. 390 of 500 (samples: 141442)
INFO:root:Loss: 0.1788 +/- 0.0013
INFO:root:Epoch no. 391 of 500 (samples: 141442)
INFO:root:Loss: 0.1781 +/- 0.0012
INFO:root:Epoch no. 392 of 500 (samples: 141442)
INFO:root:Loss: 0.178 +/- 0.0015
INFO:root:Epoch no. 393 of 500 (samples: 141442)
INFO:root:Loss: 0.1781 +/- 0.0011
INFO:root:Epoch no. 394 of 500 (samples: 141442)
INFO:root:Loss: 0.1777 +/- 0.0016
INFO:root:Epoch no. 395 of 500 (samples: 141442)
INFO:root:Loss: 0.1774 +/- 0.0011
INFO:root:Epoch no. 396 of 500 (samples: 141442)
INFO:root:Loss: 0.1779 +/- 0.0013
INFO:root:Epoch no. 397 of 500 (samples: 141442)
INFO:root:Loss: 0.1775 +/- 0.0014
INFO:root:Epoch no. 398 of 500 (samples: 141442)
INFO:root:Loss: 0.1767 +/- 0.0012
INFO:root:Epoch no. 399 of 500 (samples: 141442)
INFO:root:Loss: 0.1767 +/- 0.0011
INFO:root:Epoch no. 400 of 500 (samples: 141442)
INFO:root:Loss: 0.1764 +/- 0.0012
INFO:root:Epoch no. 401 of 500 (samples: 141442)
INFO:root:Loss: 0.1764 +/- 0.0013
INFO:root:Epoch no. 402 of 500 (samples: 141442)
INFO:root:Loss: 0.1761 +/- 0.0014
INFO:root:Epoch no. 403 of 500 (samples: 141442)
INFO:root:Loss: 0.1758 +/- 0.0014
INFO:root:Epoch no. 404 of 500 (samples: 141442)
INFO:root:Loss: 0.1757 +/- 0.0016
INFO:root:Epoch no. 405 of 500 (samples: 141442)
INFO:root:Loss: 0.1754 +/- 0.0014
INFO:root:Epoch no. 406 of 500 (samples: 141442)
INFO:root:Loss: 0.1759 +/- 0.001
INFO:root:Epoch no. 407 of 500 (samples: 141442)
INFO:root:Loss: 0.1757 +/- 0.001
INFO:root:Epoch no. 408 of 500 (samples: 141442)
INFO:root:Loss: 0.1752 +/- 0.0017
INFO:root:Epoch no. 409 of 500 (samples: 141442)
INFO:root:Loss: 0.1753 +/- 0.0018
INFO:root:Epoch no. 410 of 500 (samples: 141442)
INFO:root:Loss: 0.1752 +/- 0.0015
INFO:root:Epoch no. 411 of 500 (samples: 141442)
INFO:root:Loss: 0.1751 +/- 0.0015
INFO:root:Epoch no. 412 of 500 (samples: 141442)
INFO:root:Loss: 0.1747 +/- 0.0016
INFO:root:Epoch no. 413 of 500 (samples: 141442)
INFO:root:Loss: 0.1749 +/- 0.0009
INFO:root:Epoch no. 414 of 500 (samples: 141442)
INFO:root:Loss: 0.1745 +/- 0.0011
INFO:root:Epoch no. 415 of 500 (samples: 141442)
INFO:root:Loss: 0.1741 +/- 0.0011
INFO:root:Epoch no. 416 of 500 (samples: 141442)
INFO:root:Loss: 0.1742 +/- 0.0011
INFO:root:Epoch no. 417 of 500 (samples: 141442)
INFO:root:Loss: 0.1744 +/- 0.0013
INFO:root:Epoch no. 418 of 500 (samples: 141442)
INFO:root:Loss: 0.1736 +/- 0.0014
INFO:root:Epoch no. 419 of 500 (samples: 141442)
INFO:root:Loss: 0.1739 +/- 0.0012
INFO:root:Epoch no. 420 of 500 (samples: 141442)
INFO:root:Loss: 0.1736 +/- 0.0011
INFO:root:Epoch no. 421 of 500 (samples: 141442)
INFO:root:Loss: 0.1734 +/- 0.0012
INFO:root:Epoch no. 422 of 500 (samples: 141442)
INFO:root:Loss: 0.1736 +/- 0.0012
INFO:root:Epoch no. 423 of 500 (samples: 141442)
INFO:root:Loss: 0.1729 +/- 0.0009
INFO:root:Epoch no. 424 of 500 (samples: 141442)
INFO:root:Loss: 0.1727 +/- 0.0012
INFO:root:Epoch no. 425 of 500 (samples: 141442)
INFO:root:Loss: 0.1731 +/- 0.0009
INFO:root:Epoch no. 426 of 500 (samples: 141442)
INFO:root:Loss: 0.1727 +/- 0.002
INFO:root:Epoch no. 427 of 500 (samples: 141442)
INFO:root:Loss: 0.1723 +/- 0.0014
INFO:root:Epoch no. 428 of 500 (samples: 141442)
INFO:root:Loss: 0.1722 +/- 0.001
INFO:root:Epoch no. 429 of 500 (samples: 141442)
INFO:root:Loss: 0.1722 +/- 0.0009
INFO:root:Epoch no. 430 of 500 (samples: 141442)
INFO:root:Loss: 0.1714 +/- 0.0014
INFO:root:Epoch no. 431 of 500 (samples: 141442)
INFO:root:Loss: 0.1714 +/- 0.0014
INFO:root:Epoch no. 432 of 500 (samples: 141442)
INFO:root:Loss: 0.1711 +/- 0.0013
INFO:root:Epoch no. 433 of 500 (samples: 141442)
INFO:root:Loss: 0.1715 +/- 0.0011
INFO:root:Epoch no. 434 of 500 (samples: 141442)
INFO:root:Loss: 0.1711 +/- 0.0014
INFO:root:Epoch no. 435 of 500 (samples: 141442)
INFO:root:Loss: 0.1707 +/- 0.0014
INFO:root:Epoch no. 436 of 500 (samples: 141442)
INFO:root:Loss: 0.1711 +/- 0.0017
INFO:root:Epoch no. 437 of 500 (samples: 141442)
INFO:root:Loss: 0.1706 +/- 0.0011
INFO:root:Epoch no. 438 of 500 (samples: 141442)
INFO:root:Loss: 0.1702 +/- 0.0013
INFO:root:Epoch no. 439 of 500 (samples: 141442)
INFO:root:Loss: 0.1708 +/- 0.0018
INFO:root:Epoch no. 440 of 500 (samples: 141442)
INFO:root:Loss: 0.1704 +/- 0.0013
INFO:root:Epoch no. 441 of 500 (samples: 141442)
INFO:root:Loss: 0.1703 +/- 0.001
INFO:root:Epoch no. 442 of 500 (samples: 141442)
INFO:root:Loss: 0.1702 +/- 0.001
INFO:root:Epoch no. 443 of 500 (samples: 141442)
INFO:root:Loss: 0.1703 +/- 0.0011
INFO:root:Epoch no. 444 of 500 (samples: 141442)
INFO:root:Loss: 0.1696 +/- 0.0009
INFO:root:Epoch no. 445 of 500 (samples: 141442)
INFO:root:Loss: 0.17 +/- 0.0014
INFO:root:Epoch no. 446 of 500 (samples: 141442)
INFO:root:Loss: 0.1692 +/- 0.0018
INFO:root:Epoch no. 447 of 500 (samples: 141442)
INFO:root:Loss: 0.1696 +/- 0.001
INFO:root:Epoch no. 448 of 500 (samples: 141442)
INFO:root:Loss: 0.1687 +/- 0.0012
INFO:root:Epoch no. 449 of 500 (samples: 141442)
INFO:root:Loss: 0.1693 +/- 0.0008
INFO:root:Epoch no. 450 of 500 (samples: 141442)
INFO:root:Loss: 0.1689 +/- 0.0008
INFO:root:Epoch no. 451 of 500 (samples: 141442)
INFO:root:Loss: 0.169 +/- 0.0011
INFO:root:Epoch no. 452 of 500 (samples: 141442)
INFO:root:Loss: 0.1682 +/- 0.0014
INFO:root:Epoch no. 453 of 500 (samples: 141442)
INFO:root:Loss: 0.1685 +/- 0.0016
INFO:root:Epoch no. 454 of 500 (samples: 141442)
INFO:root:Loss: 0.1683 +/- 0.0012
INFO:root:Epoch no. 455 of 500 (samples: 141442)
INFO:root:Loss: 0.1685 +/- 0.0012
INFO:root:Epoch no. 456 of 500 (samples: 141442)
INFO:root:Loss: 0.1687 +/- 0.0009
INFO:root:Epoch no. 457 of 500 (samples: 141442)
INFO:root:Loss: 0.1682 +/- 0.0015
INFO:root:Epoch no. 458 of 500 (samples: 141442)
INFO:root:Loss: 0.1675 +/- 0.0013
INFO:root:Epoch no. 459 of 500 (samples: 141442)
INFO:root:Loss: 0.1682 +/- 0.0011
INFO:root:Epoch no. 460 of 500 (samples: 141442)
INFO:root:Loss: 0.1678 +/- 0.001
INFO:root:Epoch no. 461 of 500 (samples: 141442)
INFO:root:Loss: 0.1675 +/- 0.0011
INFO:root:Epoch no. 462 of 500 (samples: 141442)
INFO:root:Loss: 0.1671 +/- 0.0018
INFO:root:Epoch no. 463 of 500 (samples: 141442)
INFO:root:Loss: 0.1668 +/- 0.0012
INFO:root:Epoch no. 464 of 500 (samples: 141442)
INFO:root:Loss: 0.1673 +/- 0.0007
INFO:root:Epoch no. 465 of 500 (samples: 141442)
INFO:root:Loss: 0.1662 +/- 0.0009
INFO:root:Epoch no. 466 of 500 (samples: 141442)
INFO:root:Loss: 0.1661 +/- 0.0008
INFO:root:Epoch no. 467 of 500 (samples: 141442)
INFO:root:Loss: 0.1665 +/- 0.0011
INFO:root:Epoch no. 468 of 500 (samples: 141442)
INFO:root:Loss: 0.1663 +/- 0.0013
INFO:root:Epoch no. 469 of 500 (samples: 141442)
INFO:root:Loss: 0.1665 +/- 0.0018
INFO:root:Epoch no. 470 of 500 (samples: 141442)
INFO:root:Loss: 0.1663 +/- 0.0013
INFO:root:Epoch no. 471 of 500 (samples: 141442)
INFO:root:Loss: 0.166 +/- 0.0012
INFO:root:Epoch no. 472 of 500 (samples: 141442)
INFO:root:Loss: 0.1655 +/- 0.0009
INFO:root:Epoch no. 473 of 500 (samples: 141442)
INFO:root:Loss: 0.1658 +/- 0.0012
INFO:root:Epoch no. 474 of 500 (samples: 141442)
INFO:root:Loss: 0.1654 +/- 0.0016
INFO:root:Epoch no. 475 of 500 (samples: 141442)
INFO:root:Loss: 0.1655 +/- 0.001
INFO:root:Epoch no. 476 of 500 (samples: 141442)
INFO:root:Loss: 0.165 +/- 0.0019
INFO:root:Epoch no. 477 of 500 (samples: 141442)
INFO:root:Loss: 0.1647 +/- 0.0011
INFO:root:Epoch no. 478 of 500 (samples: 141442)
INFO:root:Loss: 0.1651 +/- 0.0011
INFO:root:Epoch no. 479 of 500 (samples: 141442)
INFO:root:Loss: 0.1653 +/- 0.0005
INFO:root:Epoch no. 480 of 500 (samples: 141442)
INFO:root:Loss: 0.1643 +/- 0.0011
INFO:root:Epoch no. 481 of 500 (samples: 141442)
INFO:root:Loss: 0.165 +/- 0.0013
INFO:root:Epoch no. 482 of 500 (samples: 141442)
INFO:root:Loss: 0.1641 +/- 0.0012
INFO:root:Epoch no. 483 of 500 (samples: 141442)
INFO:root:Loss: 0.1648 +/- 0.001
INFO:root:Epoch no. 484 of 500 (samples: 141442)
INFO:root:Loss: 0.1642 +/- 0.0012
INFO:root:Epoch no. 485 of 500 (samples: 141442)
INFO:root:Loss: 0.1644 +/- 0.0011
INFO:root:Epoch no. 486 of 500 (samples: 141442)
INFO:root:Loss: 0.1634 +/- 0.0011
INFO:root:Epoch no. 487 of 500 (samples: 141442)
INFO:root:Loss: 0.1635 +/- 0.0012
INFO:root:Epoch no. 488 of 500 (samples: 141442)
INFO:root:Loss: 0.1631 +/- 0.0012
INFO:root:Epoch no. 489 of 500 (samples: 141442)
INFO:root:Loss: 0.1633 +/- 0.0012
INFO:root:Epoch no. 490 of 500 (samples: 141442)
INFO:root:Loss: 0.1635 +/- 0.0011
INFO:root:Epoch no. 491 of 500 (samples: 141442)
INFO:root:Loss: 0.1633 +/- 0.0015
INFO:root:Epoch no. 492 of 500 (samples: 141442)
INFO:root:Loss: 0.163 +/- 0.0018
INFO:root:Epoch no. 493 of 500 (samples: 141442)
INFO:root:Loss: 0.1632 +/- 0.0011
INFO:root:Epoch no. 494 of 500 (samples: 141442)
INFO:root:Loss: 0.1629 +/- 0.0008
INFO:root:Epoch no. 495 of 500 (samples: 141442)
INFO:root:Loss: 0.163 +/- 0.0011
INFO:root:Epoch no. 496 of 500 (samples: 141442)
INFO:root:Loss: 0.1632 +/- 0.0011
INFO:root:Epoch no. 497 of 500 (samples: 141442)
INFO:root:Loss: 0.1624 +/- 0.001
INFO:root:Epoch no. 498 of 500 (samples: 141442)
INFO:root:Loss: 0.1622 +/- 0.0012
INFO:root:Epoch no. 499 of 500 (samples: 141442)
INFO:root:Loss: 0.1618 +/- 0.0012
INFO:root:Epoch no. 500 of 500 (samples: 141442)
INFO:root:Loss: 0.1621 +/- 0.0012
INFO:root:### MICRO (validation raw):
INFO:root:	-- left   >> mean: 8384.575, median: 3186.0, mrr: 0.02, hits@1: 0.58%
INFO:root:	-- right  >> mean: 6028.7582, median: 2817.0, mrr: 0.016, hits@1: 0.56%
INFO:root:	-- global >> mean: 7206.6666, median: 2944.0, mrr: 0.018, hits@1: 0.57%
INFO:root:### MICRO (validation raw):
INFO:root:	-- left   >> mean: 8384.575, median: 3186.0, mrr: 0.02, hits@3: 1.68%
INFO:root:	-- right  >> mean: 6028.7582, median: 2817.0, mrr: 0.016, hits@3: 1.28%
INFO:root:	-- global >> mean: 7206.6666, median: 2944.0, mrr: 0.018, hits@3: 1.48%
INFO:root:### MICRO (validation raw):
INFO:root:	-- left   >> mean: 8384.575, median: 3186.0, mrr: 0.02, hits@5: 2.54%
INFO:root:	-- right  >> mean: 6028.7582, median: 2817.0, mrr: 0.016, hits@5: 2.18%
INFO:root:	-- global >> mean: 7206.6666, median: 2944.0, mrr: 0.018, hits@5: 2.36%
INFO:root:### MICRO (validation raw):
INFO:root:	-- left   >> mean: 8384.575, median: 3186.0, mrr: 0.02, hits@10: 4.3%
INFO:root:	-- right  >> mean: 6028.7582, median: 2817.0, mrr: 0.016, hits@10: 3.46%
INFO:root:	-- global >> mean: 7206.6666, median: 2944.0, mrr: 0.018, hits@10: 3.88%
INFO:root:### MICRO (validation filtered):
INFO:root:	-- left   >> mean: 8369.1848, median: 3173.0, mrr: 0.02, hits@1: 0.6%
INFO:root:	-- right  >> mean: 6015.957, median: 2793.5, mrr: 0.017, hits@1: 0.62%
INFO:root:	-- global >> mean: 7192.5709, median: 2931.5, mrr: 0.018, hits@1: 0.61%
INFO:root:### MICRO (validation filtered):
INFO:root:	-- left   >> mean: 8369.1848, median: 3173.0, mrr: 0.02, hits@3: 1.68%
INFO:root:	-- right  >> mean: 6015.957, median: 2793.5, mrr: 0.017, hits@3: 1.34%
INFO:root:	-- global >> mean: 7192.5709, median: 2931.5, mrr: 0.018, hits@3: 1.51%
INFO:root:### MICRO (validation filtered):
INFO:root:	-- left   >> mean: 8369.1848, median: 3173.0, mrr: 0.02, hits@5: 2.54%
INFO:root:	-- right  >> mean: 6015.957, median: 2793.5, mrr: 0.017, hits@5: 2.24%
INFO:root:	-- global >> mean: 7192.5709, median: 2931.5, mrr: 0.018, hits@5: 2.39%
INFO:root:### MICRO (validation filtered):
INFO:root:	-- left   >> mean: 8369.1848, median: 3173.0, mrr: 0.02, hits@10: 4.34%
INFO:root:	-- right  >> mean: 6015.957, median: 2793.5, mrr: 0.017, hits@10: 3.48%
INFO:root:	-- global >> mean: 7192.5709, median: 2931.5, mrr: 0.018, hits@10: 3.91%
INFO:root:### MICRO (test raw):
INFO:root:	-- left   >> mean: 8786.9184, median: 3801.0, mrr: 0.016, hits@1: 0.38%
INFO:root:	-- right  >> mean: 5826.939, median: 2579.0, mrr: 0.017, hits@1: 0.6%
INFO:root:	-- global >> mean: 7306.9287, median: 3027.5, mrr: 0.017, hits@1: 0.49%
INFO:root:### MICRO (test raw):
INFO:root:	-- left   >> mean: 8786.9184, median: 3801.0, mrr: 0.016, hits@3: 1.3%
INFO:root:	-- right  >> mean: 5826.939, median: 2579.0, mrr: 0.017, hits@3: 1.54%
INFO:root:	-- global >> mean: 7306.9287, median: 3027.5, mrr: 0.017, hits@3: 1.42%
INFO:root:### MICRO (test raw):
INFO:root:	-- left   >> mean: 8786.9184, median: 3801.0, mrr: 0.016, hits@5: 2.1%
INFO:root:	-- right  >> mean: 5826.939, median: 2579.0, mrr: 0.017, hits@5: 2.32%
INFO:root:	-- global >> mean: 7306.9287, median: 3027.5, mrr: 0.017, hits@5: 2.21%
INFO:root:### MICRO (test raw):
INFO:root:	-- left   >> mean: 8786.9184, median: 3801.0, mrr: 0.016, hits@10: 3.88%
INFO:root:	-- right  >> mean: 5826.939, median: 2579.0, mrr: 0.017, hits@10: 3.9%
INFO:root:	-- global >> mean: 7306.9287, median: 3027.5, mrr: 0.017, hits@10: 3.89%
INFO:root:### MICRO (test filtered):
INFO:root:	-- left   >> mean: 8770.7456, median: 3785.0, mrr: 0.017, hits@1: 0.4%
INFO:root:	-- right  >> mean: 5815.172, median: 2579.0, mrr: 0.018, hits@1: 0.68%
INFO:root:	-- global >> mean: 7292.9588, median: 3011.5, mrr: 0.017, hits@1: 0.54%
INFO:root:### MICRO (test filtered):
INFO:root:	-- left   >> mean: 8770.7456, median: 3785.0, mrr: 0.017, hits@3: 1.3%
INFO:root:	-- right  >> mean: 5815.172, median: 2579.0, mrr: 0.018, hits@3: 1.64%
INFO:root:	-- global >> mean: 7292.9588, median: 3011.5, mrr: 0.017, hits@3: 1.47%
INFO:root:### MICRO (test filtered):
INFO:root:	-- left   >> mean: 8770.7456, median: 3785.0, mrr: 0.017, hits@5: 2.12%
INFO:root:	-- right  >> mean: 5815.172, median: 2579.0, mrr: 0.018, hits@5: 2.38%
INFO:root:	-- global >> mean: 7292.9588, median: 3011.5, mrr: 0.017, hits@5: 2.25%
INFO:root:### MICRO (test filtered):
INFO:root:	-- left   >> mean: 8770.7456, median: 3785.0, mrr: 0.017, hits@10: 3.9%
INFO:root:	-- right  >> mean: 5815.172, median: 2579.0, mrr: 0.018, hits@10: 3.9%
INFO:root:	-- global >> mean: 7292.9588, median: 3011.5, mrr: 0.017, hits@10: 3.9%
