Using Theano backend.
INFO:root:Acquiring data/wn18/wordnet-mlj12-train.txt ..
INFO:root:Acquiring data/wn18/wordnet-mlj12-valid.txt ..
INFO:root:Acquiring data/wn18/wordnet-mlj12-test.txt ..
INFO:root:Samples: 141442, no. batches: 10 -> batch size: 14145
INFO:root:Epoch no. 1 of 500 (samples: 141442)
INFO:root:Loss: 1.2895 +/- 0.019
INFO:root:Epoch no. 2 of 500 (samples: 141442)
INFO:root:Loss: 1.255 +/- 0.0037
INFO:root:Epoch no. 3 of 500 (samples: 141442)
INFO:root:Loss: 1.2426 +/- 0.0027
INFO:root:Epoch no. 4 of 500 (samples: 141442)
INFO:root:Loss: 1.2327 +/- 0.0022
INFO:root:Epoch no. 5 of 500 (samples: 141442)
INFO:root:Loss: 1.2249 +/- 0.0026
INFO:root:Epoch no. 6 of 500 (samples: 141442)
INFO:root:Loss: 1.218 +/- 0.0026
INFO:root:Epoch no. 7 of 500 (samples: 141442)
INFO:root:Loss: 1.2117 +/- 0.002
INFO:root:Epoch no. 8 of 500 (samples: 141442)
INFO:root:Loss: 1.2056 +/- 0.0025
INFO:root:Epoch no. 9 of 500 (samples: 141442)
INFO:root:Loss: 1.2003 +/- 0.0018
INFO:root:Epoch no. 10 of 500 (samples: 141442)
INFO:root:Loss: 1.1949 +/- 0.0017
INFO:root:Epoch no. 11 of 500 (samples: 141442)
INFO:root:Loss: 1.1902 +/- 0.002
INFO:root:Epoch no. 12 of 500 (samples: 141442)
INFO:root:Loss: 1.1856 +/- 0.0016
INFO:root:Epoch no. 13 of 500 (samples: 141442)
INFO:root:Loss: 1.1814 +/- 0.0023
INFO:root:Epoch no. 14 of 500 (samples: 141442)
INFO:root:Loss: 1.1769 +/- 0.0017
INFO:root:Epoch no. 15 of 500 (samples: 141442)
INFO:root:Loss: 1.173 +/- 0.0023
INFO:root:Epoch no. 16 of 500 (samples: 141442)
INFO:root:Loss: 1.1692 +/- 0.0019
INFO:root:Epoch no. 17 of 500 (samples: 141442)
INFO:root:Loss: 1.165 +/- 0.0022
INFO:root:Epoch no. 18 of 500 (samples: 141442)
INFO:root:Loss: 1.1609 +/- 0.0017
INFO:root:Epoch no. 19 of 500 (samples: 141442)
INFO:root:Loss: 1.1574 +/- 0.0015
INFO:root:Epoch no. 20 of 500 (samples: 141442)
INFO:root:Loss: 1.1537 +/- 0.0013
INFO:root:Epoch no. 21 of 500 (samples: 141442)
INFO:root:Loss: 1.15 +/- 0.0018
INFO:root:Epoch no. 22 of 500 (samples: 141442)
INFO:root:Loss: 1.1462 +/- 0.0016
INFO:root:Epoch no. 23 of 500 (samples: 141442)
INFO:root:Loss: 1.1431 +/- 0.0016
INFO:root:Epoch no. 24 of 500 (samples: 141442)
INFO:root:Loss: 1.1391 +/- 0.0017
INFO:root:Epoch no. 25 of 500 (samples: 141442)
INFO:root:Loss: 1.136 +/- 0.0017
INFO:root:Epoch no. 26 of 500 (samples: 141442)
INFO:root:Loss: 1.1327 +/- 0.0012
INFO:root:Epoch no. 27 of 500 (samples: 141442)
INFO:root:Loss: 1.1294 +/- 0.0025
INFO:root:Epoch no. 28 of 500 (samples: 141442)
INFO:root:Loss: 1.1259 +/- 0.0014
INFO:root:Epoch no. 29 of 500 (samples: 141442)
INFO:root:Loss: 1.1231 +/- 0.0014
INFO:root:Epoch no. 30 of 500 (samples: 141442)
INFO:root:Loss: 1.1198 +/- 0.0015
INFO:root:Epoch no. 31 of 500 (samples: 141442)
INFO:root:Loss: 1.1164 +/- 0.0016
INFO:root:Epoch no. 32 of 500 (samples: 141442)
INFO:root:Loss: 1.114 +/- 0.0012
INFO:root:Epoch no. 33 of 500 (samples: 141442)
INFO:root:Loss: 1.1107 +/- 0.002
INFO:root:Epoch no. 34 of 500 (samples: 141442)
INFO:root:Loss: 1.1075 +/- 0.0017
INFO:root:Epoch no. 35 of 500 (samples: 141442)
INFO:root:Loss: 1.1047 +/- 0.0018
INFO:root:Epoch no. 36 of 500 (samples: 141442)
INFO:root:Loss: 1.1014 +/- 0.0013
INFO:root:Epoch no. 37 of 500 (samples: 141442)
INFO:root:Loss: 1.0983 +/- 0.0018
INFO:root:Epoch no. 38 of 500 (samples: 141442)
INFO:root:Loss: 1.0958 +/- 0.0019
INFO:root:Epoch no. 39 of 500 (samples: 141442)
INFO:root:Loss: 1.0924 +/- 0.0012
INFO:root:Epoch no. 40 of 500 (samples: 141442)
INFO:root:Loss: 1.0896 +/- 0.0017
INFO:root:Epoch no. 41 of 500 (samples: 141442)
INFO:root:Loss: 1.0863 +/- 0.0018
INFO:root:Epoch no. 42 of 500 (samples: 141442)
INFO:root:Loss: 1.0843 +/- 0.0019
INFO:root:Epoch no. 43 of 500 (samples: 141442)
INFO:root:Loss: 1.0819 +/- 0.0009
INFO:root:Epoch no. 44 of 500 (samples: 141442)
INFO:root:Loss: 1.0783 +/- 0.0018
INFO:root:Epoch no. 45 of 500 (samples: 141442)
INFO:root:Loss: 1.076 +/- 0.0021
INFO:root:Epoch no. 46 of 500 (samples: 141442)
INFO:root:Loss: 1.0733 +/- 0.0018
INFO:root:Epoch no. 47 of 500 (samples: 141442)
INFO:root:Loss: 1.0711 +/- 0.0008
INFO:root:Epoch no. 48 of 500 (samples: 141442)
INFO:root:Loss: 1.0675 +/- 0.0013
INFO:root:Epoch no. 49 of 500 (samples: 141442)
INFO:root:Loss: 1.0651 +/- 0.0015
INFO:root:Epoch no. 50 of 500 (samples: 141442)
INFO:root:Loss: 1.0626 +/- 0.002
INFO:root:Epoch no. 51 of 500 (samples: 141442)
INFO:root:Loss: 1.0601 +/- 0.0013
INFO:root:Epoch no. 52 of 500 (samples: 141442)
INFO:root:Loss: 1.0571 +/- 0.0019
INFO:root:Epoch no. 53 of 500 (samples: 141442)
INFO:root:Loss: 1.0546 +/- 0.0015
INFO:root:Epoch no. 54 of 500 (samples: 141442)
INFO:root:Loss: 1.0525 +/- 0.0016
INFO:root:Epoch no. 55 of 500 (samples: 141442)
INFO:root:Loss: 1.0495 +/- 0.0014
INFO:root:Epoch no. 56 of 500 (samples: 141442)
INFO:root:Loss: 1.0472 +/- 0.0021
INFO:root:Epoch no. 57 of 500 (samples: 141442)
INFO:root:Loss: 1.0449 +/- 0.0017
INFO:root:Epoch no. 58 of 500 (samples: 141442)
INFO:root:Loss: 1.0425 +/- 0.0016
INFO:root:Epoch no. 59 of 500 (samples: 141442)
INFO:root:Loss: 1.0394 +/- 0.0014
INFO:root:Epoch no. 60 of 500 (samples: 141442)
INFO:root:Loss: 1.0374 +/- 0.001
INFO:root:Epoch no. 61 of 500 (samples: 141442)
INFO:root:Loss: 1.0348 +/- 0.0019
INFO:root:Epoch no. 62 of 500 (samples: 141442)
INFO:root:Loss: 1.0329 +/- 0.0009
INFO:root:Epoch no. 63 of 500 (samples: 141442)
INFO:root:Loss: 1.0305 +/- 0.0018
INFO:root:Epoch no. 64 of 500 (samples: 141442)
INFO:root:Loss: 1.028 +/- 0.0021
INFO:root:Epoch no. 65 of 500 (samples: 141442)
INFO:root:Loss: 1.0256 +/- 0.0012
INFO:root:Epoch no. 66 of 500 (samples: 141442)
INFO:root:Loss: 1.0232 +/- 0.0016
INFO:root:Epoch no. 67 of 500 (samples: 141442)
INFO:root:Loss: 1.0209 +/- 0.0012
INFO:root:Epoch no. 68 of 500 (samples: 141442)
INFO:root:Loss: 1.0186 +/- 0.0014
INFO:root:Epoch no. 69 of 500 (samples: 141442)
INFO:root:Loss: 1.0164 +/- 0.0027
INFO:root:Epoch no. 70 of 500 (samples: 141442)
INFO:root:Loss: 1.0141 +/- 0.0009
INFO:root:Epoch no. 71 of 500 (samples: 141442)
INFO:root:Loss: 1.0114 +/- 0.0013
INFO:root:Epoch no. 72 of 500 (samples: 141442)
INFO:root:Loss: 1.0093 +/- 0.0006
INFO:root:Epoch no. 73 of 500 (samples: 141442)
INFO:root:Loss: 1.0073 +/- 0.0013
INFO:root:Epoch no. 74 of 500 (samples: 141442)
INFO:root:Loss: 1.0057 +/- 0.0023
INFO:root:Epoch no. 75 of 500 (samples: 141442)
INFO:root:Loss: 1.0028 +/- 0.0013
INFO:root:Epoch no. 76 of 500 (samples: 141442)
INFO:root:Loss: 1.0006 +/- 0.0017
INFO:root:Epoch no. 77 of 500 (samples: 141442)
INFO:root:Loss: 0.9985 +/- 0.0017
INFO:root:Epoch no. 78 of 500 (samples: 141442)
INFO:root:Loss: 0.9958 +/- 0.0009
INFO:root:Epoch no. 79 of 500 (samples: 141442)
INFO:root:Loss: 0.9945 +/- 0.001
INFO:root:Epoch no. 80 of 500 (samples: 141442)
INFO:root:Loss: 0.9921 +/- 0.0021
INFO:root:Epoch no. 81 of 500 (samples: 141442)
INFO:root:Loss: 0.9896 +/- 0.0015
INFO:root:Epoch no. 82 of 500 (samples: 141442)
INFO:root:Loss: 0.988 +/- 0.0011
INFO:root:Epoch no. 83 of 500 (samples: 141442)
INFO:root:Loss: 0.9856 +/- 0.0014
INFO:root:Epoch no. 84 of 500 (samples: 141442)
INFO:root:Loss: 0.9835 +/- 0.002
INFO:root:Epoch no. 85 of 500 (samples: 141442)
INFO:root:Loss: 0.9813 +/- 0.0024
INFO:root:Epoch no. 86 of 500 (samples: 141442)
INFO:root:Loss: 0.9796 +/- 0.001
INFO:root:Epoch no. 87 of 500 (samples: 141442)
INFO:root:Loss: 0.9771 +/- 0.0014
INFO:root:Epoch no. 88 of 500 (samples: 141442)
INFO:root:Loss: 0.9752 +/- 0.0018
INFO:root:Epoch no. 89 of 500 (samples: 141442)
INFO:root:Loss: 0.9738 +/- 0.0011
INFO:root:Epoch no. 90 of 500 (samples: 141442)
INFO:root:Loss: 0.9704 +/- 0.0015
INFO:root:Epoch no. 91 of 500 (samples: 141442)
INFO:root:Loss: 0.969 +/- 0.0013
INFO:root:Epoch no. 92 of 500 (samples: 141442)
INFO:root:Loss: 0.9674 +/- 0.0014
INFO:root:Epoch no. 93 of 500 (samples: 141442)
INFO:root:Loss: 0.9651 +/- 0.0016
INFO:root:Epoch no. 94 of 500 (samples: 141442)
INFO:root:Loss: 0.9629 +/- 0.0017
INFO:root:Epoch no. 95 of 500 (samples: 141442)
INFO:root:Loss: 0.9601 +/- 0.0015
INFO:root:Epoch no. 96 of 500 (samples: 141442)
INFO:root:Loss: 0.9593 +/- 0.0021
INFO:root:Epoch no. 97 of 500 (samples: 141442)
INFO:root:Loss: 0.9567 +/- 0.0013
INFO:root:Epoch no. 98 of 500 (samples: 141442)
INFO:root:Loss: 0.9549 +/- 0.0021
INFO:root:Epoch no. 99 of 500 (samples: 141442)
INFO:root:Loss: 0.9533 +/- 0.0023
INFO:root:Epoch no. 100 of 500 (samples: 141442)
INFO:root:Loss: 0.9509 +/- 0.0022
INFO:root:Epoch no. 101 of 500 (samples: 141442)
INFO:root:Loss: 0.9497 +/- 0.0017
INFO:root:Epoch no. 102 of 500 (samples: 141442)
INFO:root:Loss: 0.947 +/- 0.0012
INFO:root:Epoch no. 103 of 500 (samples: 141442)
INFO:root:Loss: 0.9456 +/- 0.002
INFO:root:Epoch no. 104 of 500 (samples: 141442)
INFO:root:Loss: 0.9435 +/- 0.0023
INFO:root:Epoch no. 105 of 500 (samples: 141442)
INFO:root:Loss: 0.942 +/- 0.0019
INFO:root:Epoch no. 106 of 500 (samples: 141442)
INFO:root:Loss: 0.9402 +/- 0.002
INFO:root:Epoch no. 107 of 500 (samples: 141442)
INFO:root:Loss: 0.9374 +/- 0.0021
INFO:root:Epoch no. 108 of 500 (samples: 141442)
INFO:root:Loss: 0.9356 +/- 0.0015
INFO:root:Epoch no. 109 of 500 (samples: 141442)
INFO:root:Loss: 0.933 +/- 0.0012
INFO:root:Epoch no. 110 of 500 (samples: 141442)
INFO:root:Loss: 0.9323 +/- 0.0028
INFO:root:Epoch no. 111 of 500 (samples: 141442)
INFO:root:Loss: 0.9303 +/- 0.0015
INFO:root:Epoch no. 112 of 500 (samples: 141442)
INFO:root:Loss: 0.9284 +/- 0.0017
INFO:root:Epoch no. 113 of 500 (samples: 141442)
INFO:root:Loss: 0.9264 +/- 0.0015
INFO:root:Epoch no. 114 of 500 (samples: 141442)
INFO:root:Loss: 0.9254 +/- 0.0016
INFO:root:Epoch no. 115 of 500 (samples: 141442)
INFO:root:Loss: 0.9229 +/- 0.0018
INFO:root:Epoch no. 116 of 500 (samples: 141442)
INFO:root:Loss: 0.9215 +/- 0.0011
INFO:root:Epoch no. 117 of 500 (samples: 141442)
INFO:root:Loss: 0.9196 +/- 0.0024
INFO:root:Epoch no. 118 of 500 (samples: 141442)
INFO:root:Loss: 0.9171 +/- 0.0023
INFO:root:Epoch no. 119 of 500 (samples: 141442)
INFO:root:Loss: 0.9161 +/- 0.0019
INFO:root:Epoch no. 120 of 500 (samples: 141442)
INFO:root:Loss: 0.9143 +/- 0.0022
INFO:root:Epoch no. 121 of 500 (samples: 141442)
INFO:root:Loss: 0.9124 +/- 0.0022
INFO:root:Epoch no. 122 of 500 (samples: 141442)
INFO:root:Loss: 0.9107 +/- 0.002
INFO:root:Epoch no. 123 of 500 (samples: 141442)
INFO:root:Loss: 0.9094 +/- 0.002
INFO:root:Epoch no. 124 of 500 (samples: 141442)
INFO:root:Loss: 0.9072 +/- 0.0018
INFO:root:Epoch no. 125 of 500 (samples: 141442)
INFO:root:Loss: 0.906 +/- 0.002
INFO:root:Epoch no. 126 of 500 (samples: 141442)
INFO:root:Loss: 0.9035 +/- 0.0019
INFO:root:Epoch no. 127 of 500 (samples: 141442)
INFO:root:Loss: 0.9026 +/- 0.002
INFO:root:Epoch no. 128 of 500 (samples: 141442)
INFO:root:Loss: 0.8997 +/- 0.0012
INFO:root:Epoch no. 129 of 500 (samples: 141442)
INFO:root:Loss: 0.8987 +/- 0.0014
INFO:root:Epoch no. 130 of 500 (samples: 141442)
INFO:root:Loss: 0.897 +/- 0.0025
INFO:root:Epoch no. 131 of 500 (samples: 141442)
INFO:root:Loss: 0.8946 +/- 0.0012
INFO:root:Epoch no. 132 of 500 (samples: 141442)
INFO:root:Loss: 0.8934 +/- 0.0013
INFO:root:Epoch no. 133 of 500 (samples: 141442)
INFO:root:Loss: 0.8915 +/- 0.0016
INFO:root:Epoch no. 134 of 500 (samples: 141442)
INFO:root:Loss: 0.8894 +/- 0.0019
INFO:root:Epoch no. 135 of 500 (samples: 141442)
INFO:root:Loss: 0.8885 +/- 0.0016
INFO:root:Epoch no. 136 of 500 (samples: 141442)
INFO:root:Loss: 0.8864 +/- 0.002
INFO:root:Epoch no. 137 of 500 (samples: 141442)
INFO:root:Loss: 0.8854 +/- 0.002
INFO:root:Epoch no. 138 of 500 (samples: 141442)
INFO:root:Loss: 0.8832 +/- 0.001
INFO:root:Epoch no. 139 of 500 (samples: 141442)
INFO:root:Loss: 0.8811 +/- 0.0019
INFO:root:Epoch no. 140 of 500 (samples: 141442)
INFO:root:Loss: 0.8796 +/- 0.0016
INFO:root:Epoch no. 141 of 500 (samples: 141442)
INFO:root:Loss: 0.8787 +/- 0.0018
INFO:root:Epoch no. 142 of 500 (samples: 141442)
INFO:root:Loss: 0.8768 +/- 0.002
INFO:root:Epoch no. 143 of 500 (samples: 141442)
INFO:root:Loss: 0.8749 +/- 0.0017
INFO:root:Epoch no. 144 of 500 (samples: 141442)
INFO:root:Loss: 0.8731 +/- 0.0021
INFO:root:Epoch no. 145 of 500 (samples: 141442)
INFO:root:Loss: 0.8713 +/- 0.002
INFO:root:Epoch no. 146 of 500 (samples: 141442)
INFO:root:Loss: 0.8697 +/- 0.0013
INFO:root:Epoch no. 147 of 500 (samples: 141442)
INFO:root:Loss: 0.8689 +/- 0.0013
INFO:root:Epoch no. 148 of 500 (samples: 141442)
INFO:root:Loss: 0.8668 +/- 0.0023
INFO:root:Epoch no. 149 of 500 (samples: 141442)
INFO:root:Loss: 0.8649 +/- 0.0016
INFO:root:Epoch no. 150 of 500 (samples: 141442)
INFO:root:Loss: 0.8636 +/- 0.0017
INFO:root:Epoch no. 151 of 500 (samples: 141442)
INFO:root:Loss: 0.8619 +/- 0.0014
INFO:root:Epoch no. 152 of 500 (samples: 141442)
INFO:root:Loss: 0.86 +/- 0.0016
INFO:root:Epoch no. 153 of 500 (samples: 141442)
INFO:root:Loss: 0.8592 +/- 0.0021
INFO:root:Epoch no. 154 of 500 (samples: 141442)
INFO:root:Loss: 0.8568 +/- 0.0018
INFO:root:Epoch no. 155 of 500 (samples: 141442)
INFO:root:Loss: 0.8556 +/- 0.0018
INFO:root:Epoch no. 156 of 500 (samples: 141442)
INFO:root:Loss: 0.8544 +/- 0.002
INFO:root:Epoch no. 157 of 500 (samples: 141442)
INFO:root:Loss: 0.8524 +/- 0.002
INFO:root:Epoch no. 158 of 500 (samples: 141442)
INFO:root:Loss: 0.8511 +/- 0.0026
INFO:root:Epoch no. 159 of 500 (samples: 141442)
INFO:root:Loss: 0.8498 +/- 0.002
INFO:root:Epoch no. 160 of 500 (samples: 141442)
INFO:root:Loss: 0.8477 +/- 0.0018
INFO:root:Epoch no. 161 of 500 (samples: 141442)
INFO:root:Loss: 0.8465 +/- 0.0013
INFO:root:Epoch no. 162 of 500 (samples: 141442)
INFO:root:Loss: 0.8449 +/- 0.0008
INFO:root:Epoch no. 163 of 500 (samples: 141442)
INFO:root:Loss: 0.8434 +/- 0.0022
INFO:root:Epoch no. 164 of 500 (samples: 141442)
INFO:root:Loss: 0.8416 +/- 0.0024
INFO:root:Epoch no. 165 of 500 (samples: 141442)
INFO:root:Loss: 0.8403 +/- 0.0028
INFO:root:Epoch no. 166 of 500 (samples: 141442)
INFO:root:Loss: 0.8385 +/- 0.0023
INFO:root:Epoch no. 167 of 500 (samples: 141442)
INFO:root:Loss: 0.8374 +/- 0.0021
INFO:root:Epoch no. 168 of 500 (samples: 141442)
INFO:root:Loss: 0.8358 +/- 0.0032
INFO:root:Epoch no. 169 of 500 (samples: 141442)
INFO:root:Loss: 0.8348 +/- 0.0015
INFO:root:Epoch no. 170 of 500 (samples: 141442)
INFO:root:Loss: 0.833 +/- 0.0025
INFO:root:Epoch no. 171 of 500 (samples: 141442)
INFO:root:Loss: 0.8311 +/- 0.0024
INFO:root:Epoch no. 172 of 500 (samples: 141442)
INFO:root:Loss: 0.8304 +/- 0.0024
INFO:root:Epoch no. 173 of 500 (samples: 141442)
INFO:root:Loss: 0.8287 +/- 0.0021
INFO:root:Epoch no. 174 of 500 (samples: 141442)
INFO:root:Loss: 0.827 +/- 0.0023
INFO:root:Epoch no. 175 of 500 (samples: 141442)
INFO:root:Loss: 0.8253 +/- 0.0013
INFO:root:Epoch no. 176 of 500 (samples: 141442)
INFO:root:Loss: 0.8239 +/- 0.0019
INFO:root:Epoch no. 177 of 500 (samples: 141442)
INFO:root:Loss: 0.8227 +/- 0.0021
INFO:root:Epoch no. 178 of 500 (samples: 141442)
INFO:root:Loss: 0.8219 +/- 0.0012
INFO:root:Epoch no. 179 of 500 (samples: 141442)
INFO:root:Loss: 0.82 +/- 0.0022
INFO:root:Epoch no. 180 of 500 (samples: 141442)
INFO:root:Loss: 0.8186 +/- 0.0015
INFO:root:Epoch no. 181 of 500 (samples: 141442)
INFO:root:Loss: 0.8173 +/- 0.0019
INFO:root:Epoch no. 182 of 500 (samples: 141442)
INFO:root:Loss: 0.8151 +/- 0.0023
INFO:root:Epoch no. 183 of 500 (samples: 141442)
INFO:root:Loss: 0.8143 +/- 0.0021
INFO:root:Epoch no. 184 of 500 (samples: 141442)
INFO:root:Loss: 0.8128 +/- 0.0018
INFO:root:Epoch no. 185 of 500 (samples: 141442)
INFO:root:Loss: 0.8112 +/- 0.0016
INFO:root:Epoch no. 186 of 500 (samples: 141442)
INFO:root:Loss: 0.8095 +/- 0.0018
INFO:root:Epoch no. 187 of 500 (samples: 141442)
INFO:root:Loss: 0.8082 +/- 0.0021
INFO:root:Epoch no. 188 of 500 (samples: 141442)
INFO:root:Loss: 0.8069 +/- 0.001
INFO:root:Epoch no. 189 of 500 (samples: 141442)
INFO:root:Loss: 0.806 +/- 0.0021
INFO:root:Epoch no. 190 of 500 (samples: 141442)
INFO:root:Loss: 0.8044 +/- 0.002
INFO:root:Epoch no. 191 of 500 (samples: 141442)
INFO:root:Loss: 0.8028 +/- 0.0017
INFO:root:Epoch no. 192 of 500 (samples: 141442)
INFO:root:Loss: 0.8012 +/- 0.0025
INFO:root:Epoch no. 193 of 500 (samples: 141442)
INFO:root:Loss: 0.8007 +/- 0.0011
INFO:root:Epoch no. 194 of 500 (samples: 141442)
INFO:root:Loss: 0.7993 +/- 0.0012
INFO:root:Epoch no. 195 of 500 (samples: 141442)
INFO:root:Loss: 0.7971 +/- 0.0007
INFO:root:Epoch no. 196 of 500 (samples: 141442)
INFO:root:Loss: 0.796 +/- 0.0024
INFO:root:Epoch no. 197 of 500 (samples: 141442)
INFO:root:Loss: 0.7954 +/- 0.0012
INFO:root:Epoch no. 198 of 500 (samples: 141442)
INFO:root:Loss: 0.7935 +/- 0.0023
INFO:root:Epoch no. 199 of 500 (samples: 141442)
INFO:root:Loss: 0.7926 +/- 0.0026
INFO:root:Epoch no. 200 of 500 (samples: 141442)
INFO:root:Loss: 0.7915 +/- 0.0012
INFO:root:Epoch no. 201 of 500 (samples: 141442)
INFO:root:Loss: 0.79 +/- 0.0026
INFO:root:Epoch no. 202 of 500 (samples: 141442)
INFO:root:Loss: 0.7877 +/- 0.0018
INFO:root:Epoch no. 203 of 500 (samples: 141442)
INFO:root:Loss: 0.787 +/- 0.0012
INFO:root:Epoch no. 204 of 500 (samples: 141442)
INFO:root:Loss: 0.7855 +/- 0.0017
INFO:root:Epoch no. 205 of 500 (samples: 141442)
INFO:root:Loss: 0.7847 +/- 0.0012
INFO:root:Epoch no. 206 of 500 (samples: 141442)
INFO:root:Loss: 0.7837 +/- 0.0019
INFO:root:Epoch no. 207 of 500 (samples: 141442)
INFO:root:Loss: 0.7814 +/- 0.0016
INFO:root:Epoch no. 208 of 500 (samples: 141442)
INFO:root:Loss: 0.7807 +/- 0.0013
INFO:root:Epoch no. 209 of 500 (samples: 141442)
INFO:root:Loss: 0.7782 +/- 0.0019
INFO:root:Epoch no. 210 of 500 (samples: 141442)
INFO:root:Loss: 0.7777 +/- 0.0015
INFO:root:Epoch no. 211 of 500 (samples: 141442)
INFO:root:Loss: 0.7761 +/- 0.0017
INFO:root:Epoch no. 212 of 500 (samples: 141442)
INFO:root:Loss: 0.7754 +/- 0.0012
INFO:root:Epoch no. 213 of 500 (samples: 141442)
INFO:root:Loss: 0.7733 +/- 0.0021
INFO:root:Epoch no. 214 of 500 (samples: 141442)
INFO:root:Loss: 0.7731 +/- 0.0021
INFO:root:Epoch no. 215 of 500 (samples: 141442)
INFO:root:Loss: 0.7718 +/- 0.0018
INFO:root:Epoch no. 216 of 500 (samples: 141442)
INFO:root:Loss: 0.7708 +/- 0.0018
INFO:root:Epoch no. 217 of 500 (samples: 141442)
INFO:root:Loss: 0.7692 +/- 0.0016
INFO:root:Epoch no. 218 of 500 (samples: 141442)
INFO:root:Loss: 0.7673 +/- 0.0019
INFO:root:Epoch no. 219 of 500 (samples: 141442)
INFO:root:Loss: 0.7666 +/- 0.003
INFO:root:Epoch no. 220 of 500 (samples: 141442)
INFO:root:Loss: 0.7656 +/- 0.0015
INFO:root:Epoch no. 221 of 500 (samples: 141442)
INFO:root:Loss: 0.765 +/- 0.0018
INFO:root:Epoch no. 222 of 500 (samples: 141442)
INFO:root:Loss: 0.7642 +/- 0.0009
INFO:root:Epoch no. 223 of 500 (samples: 141442)
INFO:root:Loss: 0.7617 +/- 0.0021
INFO:root:Epoch no. 224 of 500 (samples: 141442)
INFO:root:Loss: 0.7608 +/- 0.0028
INFO:root:Epoch no. 225 of 500 (samples: 141442)
INFO:root:Loss: 0.7604 +/- 0.0015
INFO:root:Epoch no. 226 of 500 (samples: 141442)
INFO:root:Loss: 0.7579 +/- 0.002
INFO:root:Epoch no. 227 of 500 (samples: 141442)
INFO:root:Loss: 0.7568 +/- 0.0021
INFO:root:Epoch no. 228 of 500 (samples: 141442)
INFO:root:Loss: 0.7569 +/- 0.0023
INFO:root:Epoch no. 229 of 500 (samples: 141442)
INFO:root:Loss: 0.7554 +/- 0.0024
INFO:root:Epoch no. 230 of 500 (samples: 141442)
INFO:root:Loss: 0.754 +/- 0.0026
INFO:root:Epoch no. 231 of 500 (samples: 141442)
INFO:root:Loss: 0.7532 +/- 0.0026
INFO:root:Epoch no. 232 of 500 (samples: 141442)
INFO:root:Loss: 0.7516 +/- 0.0018
INFO:root:Epoch no. 233 of 500 (samples: 141442)
INFO:root:Loss: 0.7511 +/- 0.002
INFO:root:Epoch no. 234 of 500 (samples: 141442)
INFO:root:Loss: 0.7507 +/- 0.0021
INFO:root:Epoch no. 235 of 500 (samples: 141442)
INFO:root:Loss: 0.7479 +/- 0.0025
INFO:root:Epoch no. 236 of 500 (samples: 141442)
INFO:root:Loss: 0.7472 +/- 0.0017
INFO:root:Epoch no. 237 of 500 (samples: 141442)
INFO:root:Loss: 0.7466 +/- 0.0015
INFO:root:Epoch no. 238 of 500 (samples: 141442)
INFO:root:Loss: 0.7453 +/- 0.0021
INFO:root:Epoch no. 239 of 500 (samples: 141442)
INFO:root:Loss: 0.7451 +/- 0.002
INFO:root:Epoch no. 240 of 500 (samples: 141442)
INFO:root:Loss: 0.7434 +/- 0.0022
INFO:root:Epoch no. 241 of 500 (samples: 141442)
INFO:root:Loss: 0.7422 +/- 0.0014
INFO:root:Epoch no. 242 of 500 (samples: 141442)
INFO:root:Loss: 0.7409 +/- 0.0025
INFO:root:Epoch no. 243 of 500 (samples: 141442)
INFO:root:Loss: 0.7406 +/- 0.0023
INFO:root:Epoch no. 244 of 500 (samples: 141442)
INFO:root:Loss: 0.7392 +/- 0.0025
INFO:root:Epoch no. 245 of 500 (samples: 141442)
INFO:root:Loss: 0.7375 +/- 0.0025
INFO:root:Epoch no. 246 of 500 (samples: 141442)
INFO:root:Loss: 0.7367 +/- 0.0022
INFO:root:Epoch no. 247 of 500 (samples: 141442)
INFO:root:Loss: 0.7352 +/- 0.002
INFO:root:Epoch no. 248 of 500 (samples: 141442)
INFO:root:Loss: 0.7345 +/- 0.0014
INFO:root:Epoch no. 249 of 500 (samples: 141442)
INFO:root:Loss: 0.7336 +/- 0.0029
INFO:root:Epoch no. 250 of 500 (samples: 141442)
INFO:root:Loss: 0.7326 +/- 0.0026
INFO:root:Epoch no. 251 of 500 (samples: 141442)
INFO:root:Loss: 0.7319 +/- 0.0022
INFO:root:Epoch no. 252 of 500 (samples: 141442)
INFO:root:Loss: 0.7303 +/- 0.0013
INFO:root:Epoch no. 253 of 500 (samples: 141442)
INFO:root:Loss: 0.7294 +/- 0.0021
INFO:root:Epoch no. 254 of 500 (samples: 141442)
INFO:root:Loss: 0.7292 +/- 0.0021
INFO:root:Epoch no. 255 of 500 (samples: 141442)
INFO:root:Loss: 0.7279 +/- 0.0015
INFO:root:Epoch no. 256 of 500 (samples: 141442)
INFO:root:Loss: 0.7265 +/- 0.0018
INFO:root:Epoch no. 257 of 500 (samples: 141442)
INFO:root:Loss: 0.7262 +/- 0.0016
INFO:root:Epoch no. 258 of 500 (samples: 141442)
INFO:root:Loss: 0.7239 +/- 0.0028
INFO:root:Epoch no. 259 of 500 (samples: 141442)
INFO:root:Loss: 0.7225 +/- 0.0023
INFO:root:Epoch no. 260 of 500 (samples: 141442)
INFO:root:Loss: 0.7226 +/- 0.0014
INFO:root:Epoch no. 261 of 500 (samples: 141442)
INFO:root:Loss: 0.7208 +/- 0.0026
INFO:root:Epoch no. 262 of 500 (samples: 141442)
INFO:root:Loss: 0.7206 +/- 0.0023
INFO:root:Epoch no. 263 of 500 (samples: 141442)
INFO:root:Loss: 0.7197 +/- 0.0012
INFO:root:Epoch no. 264 of 500 (samples: 141442)
INFO:root:Loss: 0.7188 +/- 0.0018
INFO:root:Epoch no. 265 of 500 (samples: 141442)
INFO:root:Loss: 0.7179 +/- 0.0022
INFO:root:Epoch no. 266 of 500 (samples: 141442)
INFO:root:Loss: 0.717 +/- 0.0012
INFO:root:Epoch no. 267 of 500 (samples: 141442)
INFO:root:Loss: 0.7162 +/- 0.0029
INFO:root:Epoch no. 268 of 500 (samples: 141442)
INFO:root:Loss: 0.7153 +/- 0.0017
INFO:root:Epoch no. 269 of 500 (samples: 141442)
INFO:root:Loss: 0.7144 +/- 0.0023
INFO:root:Epoch no. 270 of 500 (samples: 141442)
INFO:root:Loss: 0.7141 +/- 0.0025
INFO:root:Epoch no. 271 of 500 (samples: 141442)
INFO:root:Loss: 0.7126 +/- 0.0016
INFO:root:Epoch no. 272 of 500 (samples: 141442)
INFO:root:Loss: 0.7116 +/- 0.0021
INFO:root:Epoch no. 273 of 500 (samples: 141442)
INFO:root:Loss: 0.7106 +/- 0.0016
INFO:root:Epoch no. 274 of 500 (samples: 141442)
INFO:root:Loss: 0.7102 +/- 0.0025
INFO:root:Epoch no. 275 of 500 (samples: 141442)
INFO:root:Loss: 0.7094 +/- 0.0019
INFO:root:Epoch no. 276 of 500 (samples: 141442)
INFO:root:Loss: 0.7079 +/- 0.0024
INFO:root:Epoch no. 277 of 500 (samples: 141442)
INFO:root:Loss: 0.7065 +/- 0.0018
INFO:root:Epoch no. 278 of 500 (samples: 141442)
INFO:root:Loss: 0.7059 +/- 0.0023
INFO:root:Epoch no. 279 of 500 (samples: 141442)
INFO:root:Loss: 0.7055 +/- 0.0028
INFO:root:Epoch no. 280 of 500 (samples: 141442)
INFO:root:Loss: 0.7047 +/- 0.0013
INFO:root:Epoch no. 281 of 500 (samples: 141442)
INFO:root:Loss: 0.7032 +/- 0.0023
INFO:root:Epoch no. 282 of 500 (samples: 141442)
INFO:root:Loss: 0.7031 +/- 0.0014
INFO:root:Epoch no. 283 of 500 (samples: 141442)
INFO:root:Loss: 0.702 +/- 0.0021
INFO:root:Epoch no. 284 of 500 (samples: 141442)
INFO:root:Loss: 0.7016 +/- 0.0017
INFO:root:Epoch no. 285 of 500 (samples: 141442)
INFO:root:Loss: 0.6997 +/- 0.002
INFO:root:Epoch no. 286 of 500 (samples: 141442)
INFO:root:Loss: 0.699 +/- 0.0026
INFO:root:Epoch no. 287 of 500 (samples: 141442)
INFO:root:Loss: 0.6986 +/- 0.002
INFO:root:Epoch no. 288 of 500 (samples: 141442)
INFO:root:Loss: 0.6981 +/- 0.0031
INFO:root:Epoch no. 289 of 500 (samples: 141442)
INFO:root:Loss: 0.6965 +/- 0.0021
INFO:root:Epoch no. 290 of 500 (samples: 141442)
INFO:root:Loss: 0.6969 +/- 0.0015
INFO:root:Epoch no. 291 of 500 (samples: 141442)
INFO:root:Loss: 0.6951 +/- 0.0025
INFO:root:Epoch no. 292 of 500 (samples: 141442)
INFO:root:Loss: 0.6944 +/- 0.0021
INFO:root:Epoch no. 293 of 500 (samples: 141442)
INFO:root:Loss: 0.6938 +/- 0.0021
INFO:root:Epoch no. 294 of 500 (samples: 141442)
INFO:root:Loss: 0.6925 +/- 0.0022
INFO:root:Epoch no. 295 of 500 (samples: 141442)
INFO:root:Loss: 0.6916 +/- 0.0022
INFO:root:Epoch no. 296 of 500 (samples: 141442)
INFO:root:Loss: 0.691 +/- 0.0021
INFO:root:Epoch no. 297 of 500 (samples: 141442)
INFO:root:Loss: 0.6901 +/- 0.0018
INFO:root:Epoch no. 298 of 500 (samples: 141442)
INFO:root:Loss: 0.6889 +/- 0.0023
INFO:root:Epoch no. 299 of 500 (samples: 141442)
INFO:root:Loss: 0.6888 +/- 0.0029
INFO:root:Epoch no. 300 of 500 (samples: 141442)
INFO:root:Loss: 0.6888 +/- 0.0023
INFO:root:Epoch no. 301 of 500 (samples: 141442)
INFO:root:Loss: 0.6873 +/- 0.0028
INFO:root:Epoch no. 302 of 500 (samples: 141442)
INFO:root:Loss: 0.6863 +/- 0.0028
INFO:root:Epoch no. 303 of 500 (samples: 141442)
INFO:root:Loss: 0.6866 +/- 0.0024
INFO:root:Epoch no. 304 of 500 (samples: 141442)
INFO:root:Loss: 0.6856 +/- 0.0013
INFO:root:Epoch no. 305 of 500 (samples: 141442)
INFO:root:Loss: 0.6838 +/- 0.0024
INFO:root:Epoch no. 306 of 500 (samples: 141442)
INFO:root:Loss: 0.6838 +/- 0.0016
INFO:root:Epoch no. 307 of 500 (samples: 141442)
INFO:root:Loss: 0.683 +/- 0.0024
INFO:root:Epoch no. 308 of 500 (samples: 141442)
INFO:root:Loss: 0.6821 +/- 0.0022
INFO:root:Epoch no. 309 of 500 (samples: 141442)
INFO:root:Loss: 0.681 +/- 0.0029
INFO:root:Epoch no. 310 of 500 (samples: 141442)
INFO:root:Loss: 0.6803 +/- 0.0025
INFO:root:Epoch no. 311 of 500 (samples: 141442)
INFO:root:Loss: 0.6803 +/- 0.0026
INFO:root:Epoch no. 312 of 500 (samples: 141442)
INFO:root:Loss: 0.6797 +/- 0.0015
INFO:root:Epoch no. 313 of 500 (samples: 141442)
INFO:root:Loss: 0.679 +/- 0.0027
INFO:root:Epoch no. 314 of 500 (samples: 141442)
INFO:root:Loss: 0.6775 +/- 0.0024
INFO:root:Epoch no. 315 of 500 (samples: 141442)
INFO:root:Loss: 0.6773 +/- 0.003
INFO:root:Epoch no. 316 of 500 (samples: 141442)
INFO:root:Loss: 0.6762 +/- 0.0022
INFO:root:Epoch no. 317 of 500 (samples: 141442)
INFO:root:Loss: 0.6765 +/- 0.0018
INFO:root:Epoch no. 318 of 500 (samples: 141442)
INFO:root:Loss: 0.6743 +/- 0.0022
INFO:root:Epoch no. 319 of 500 (samples: 141442)
INFO:root:Loss: 0.6741 +/- 0.0021
INFO:root:Epoch no. 320 of 500 (samples: 141442)
INFO:root:Loss: 0.675 +/- 0.0019
INFO:root:Epoch no. 321 of 500 (samples: 141442)
INFO:root:Loss: 0.673 +/- 0.0024
INFO:root:Epoch no. 322 of 500 (samples: 141442)
INFO:root:Loss: 0.6718 +/- 0.003
INFO:root:Epoch no. 323 of 500 (samples: 141442)
INFO:root:Loss: 0.6703 +/- 0.0022
INFO:root:Epoch no. 324 of 500 (samples: 141442)
INFO:root:Loss: 0.6709 +/- 0.0012
INFO:root:Epoch no. 325 of 500 (samples: 141442)
INFO:root:Loss: 0.6705 +/- 0.002
INFO:root:Epoch no. 326 of 500 (samples: 141442)
INFO:root:Loss: 0.6704 +/- 0.0016
INFO:root:Epoch no. 327 of 500 (samples: 141442)
INFO:root:Loss: 0.6682 +/- 0.0021
INFO:root:Epoch no. 328 of 500 (samples: 141442)
INFO:root:Loss: 0.6685 +/- 0.0007
INFO:root:Epoch no. 329 of 500 (samples: 141442)
INFO:root:Loss: 0.6681 +/- 0.002
INFO:root:Epoch no. 330 of 500 (samples: 141442)
INFO:root:Loss: 0.667 +/- 0.0019
INFO:root:Epoch no. 331 of 500 (samples: 141442)
INFO:root:Loss: 0.6672 +/- 0.002
INFO:root:Epoch no. 332 of 500 (samples: 141442)
INFO:root:Loss: 0.6655 +/- 0.0016
INFO:root:Epoch no. 333 of 500 (samples: 141442)
INFO:root:Loss: 0.6645 +/- 0.0023
INFO:root:Epoch no. 334 of 500 (samples: 141442)
INFO:root:Loss: 0.6644 +/- 0.0019
INFO:root:Epoch no. 335 of 500 (samples: 141442)
INFO:root:Loss: 0.6637 +/- 0.0009
INFO:root:Epoch no. 336 of 500 (samples: 141442)
INFO:root:Loss: 0.6626 +/- 0.002
INFO:root:Epoch no. 337 of 500 (samples: 141442)
INFO:root:Loss: 0.6634 +/- 0.0025
INFO:root:Epoch no. 338 of 500 (samples: 141442)
INFO:root:Loss: 0.663 +/- 0.0021
INFO:root:Epoch no. 339 of 500 (samples: 141442)
INFO:root:Loss: 0.662 +/- 0.002
INFO:root:Epoch no. 340 of 500 (samples: 141442)
INFO:root:Loss: 0.6614 +/- 0.0025
INFO:root:Epoch no. 341 of 500 (samples: 141442)
INFO:root:Loss: 0.6607 +/- 0.0018
INFO:root:Epoch no. 342 of 500 (samples: 141442)
INFO:root:Loss: 0.6596 +/- 0.0036
INFO:root:Epoch no. 343 of 500 (samples: 141442)
INFO:root:Loss: 0.6604 +/- 0.0023
INFO:root:Epoch no. 344 of 500 (samples: 141442)
INFO:root:Loss: 0.659 +/- 0.0018
INFO:root:Epoch no. 345 of 500 (samples: 141442)
INFO:root:Loss: 0.6586 +/- 0.0023
INFO:root:Epoch no. 346 of 500 (samples: 141442)
INFO:root:Loss: 0.6572 +/- 0.0026
INFO:root:Epoch no. 347 of 500 (samples: 141442)
INFO:root:Loss: 0.6574 +/- 0.0026
INFO:root:Epoch no. 348 of 500 (samples: 141442)
INFO:root:Loss: 0.6564 +/- 0.0017
INFO:root:Epoch no. 349 of 500 (samples: 141442)
INFO:root:Loss: 0.6564 +/- 0.0016
INFO:root:Epoch no. 350 of 500 (samples: 141442)
INFO:root:Loss: 0.6556 +/- 0.0022
INFO:root:Epoch no. 351 of 500 (samples: 141442)
INFO:root:Loss: 0.6546 +/- 0.0014
INFO:root:Epoch no. 352 of 500 (samples: 141442)
INFO:root:Loss: 0.6543 +/- 0.0026
INFO:root:Epoch no. 353 of 500 (samples: 141442)
INFO:root:Loss: 0.653 +/- 0.0018
INFO:root:Epoch no. 354 of 500 (samples: 141442)
INFO:root:Loss: 0.6532 +/- 0.0022
INFO:root:Epoch no. 355 of 500 (samples: 141442)
INFO:root:Loss: 0.6527 +/- 0.0024
INFO:root:Epoch no. 356 of 500 (samples: 141442)
INFO:root:Loss: 0.6521 +/- 0.0017
INFO:root:Epoch no. 357 of 500 (samples: 141442)
INFO:root:Loss: 0.6526 +/- 0.002
INFO:root:Epoch no. 358 of 500 (samples: 141442)
INFO:root:Loss: 0.6513 +/- 0.0015
INFO:root:Epoch no. 359 of 500 (samples: 141442)
INFO:root:Loss: 0.6499 +/- 0.0013
INFO:root:Epoch no. 360 of 500 (samples: 141442)
INFO:root:Loss: 0.6499 +/- 0.0025
INFO:root:Epoch no. 361 of 500 (samples: 141442)
INFO:root:Loss: 0.6483 +/- 0.0027
INFO:root:Epoch no. 362 of 500 (samples: 141442)
INFO:root:Loss: 0.6483 +/- 0.0035
INFO:root:Epoch no. 363 of 500 (samples: 141442)
INFO:root:Loss: 0.6476 +/- 0.0013
INFO:root:Epoch no. 364 of 500 (samples: 141442)
INFO:root:Loss: 0.647 +/- 0.003
INFO:root:Epoch no. 365 of 500 (samples: 141442)
INFO:root:Loss: 0.6467 +/- 0.0023
INFO:root:Epoch no. 366 of 500 (samples: 141442)
INFO:root:Loss: 0.6458 +/- 0.0016
INFO:root:Epoch no. 367 of 500 (samples: 141442)
INFO:root:Loss: 0.6465 +/- 0.002
INFO:root:Epoch no. 368 of 500 (samples: 141442)
INFO:root:Loss: 0.6453 +/- 0.0037
INFO:root:Epoch no. 369 of 500 (samples: 141442)
INFO:root:Loss: 0.6435 +/- 0.0025
INFO:root:Epoch no. 370 of 500 (samples: 141442)
INFO:root:Loss: 0.6449 +/- 0.0023
INFO:root:Epoch no. 371 of 500 (samples: 141442)
INFO:root:Loss: 0.6442 +/- 0.0022
INFO:root:Epoch no. 372 of 500 (samples: 141442)
INFO:root:Loss: 0.6433 +/- 0.002
INFO:root:Epoch no. 373 of 500 (samples: 141442)
INFO:root:Loss: 0.6431 +/- 0.0019
INFO:root:Epoch no. 374 of 500 (samples: 141442)
INFO:root:Loss: 0.6429 +/- 0.0017
INFO:root:Epoch no. 375 of 500 (samples: 141442)
INFO:root:Loss: 0.6419 +/- 0.0017
INFO:root:Epoch no. 376 of 500 (samples: 141442)
INFO:root:Loss: 0.6413 +/- 0.0027
INFO:root:Epoch no. 377 of 500 (samples: 141442)
INFO:root:Loss: 0.6411 +/- 0.0027
INFO:root:Epoch no. 378 of 500 (samples: 141442)
INFO:root:Loss: 0.6404 +/- 0.0019
INFO:root:Epoch no. 379 of 500 (samples: 141442)
INFO:root:Loss: 0.6395 +/- 0.0026
INFO:root:Epoch no. 380 of 500 (samples: 141442)
INFO:root:Loss: 0.6396 +/- 0.003
INFO:root:Epoch no. 381 of 500 (samples: 141442)
INFO:root:Loss: 0.6395 +/- 0.0024
INFO:root:Epoch no. 382 of 500 (samples: 141442)
INFO:root:Loss: 0.6385 +/- 0.0016
INFO:root:Epoch no. 383 of 500 (samples: 141442)
INFO:root:Loss: 0.6374 +/- 0.0019
INFO:root:Epoch no. 384 of 500 (samples: 141442)
INFO:root:Loss: 0.6385 +/- 0.0022
INFO:root:Epoch no. 385 of 500 (samples: 141442)
INFO:root:Loss: 0.6373 +/- 0.0015
INFO:root:Epoch no. 386 of 500 (samples: 141442)
INFO:root:Loss: 0.637 +/- 0.0011
INFO:root:Epoch no. 387 of 500 (samples: 141442)
INFO:root:Loss: 0.6359 +/- 0.0019
INFO:root:Epoch no. 388 of 500 (samples: 141442)
INFO:root:Loss: 0.6351 +/- 0.0017
INFO:root:Epoch no. 389 of 500 (samples: 141442)
INFO:root:Loss: 0.6346 +/- 0.0015
INFO:root:Epoch no. 390 of 500 (samples: 141442)
INFO:root:Loss: 0.6358 +/- 0.0019
INFO:root:Epoch no. 391 of 500 (samples: 141442)
INFO:root:Loss: 0.6344 +/- 0.0023
INFO:root:Epoch no. 392 of 500 (samples: 141442)
INFO:root:Loss: 0.6338 +/- 0.0026
INFO:root:Epoch no. 393 of 500 (samples: 141442)
INFO:root:Loss: 0.633 +/- 0.0023
INFO:root:Epoch no. 394 of 500 (samples: 141442)
INFO:root:Loss: 0.6327 +/- 0.0026
INFO:root:Epoch no. 395 of 500 (samples: 141442)
INFO:root:Loss: 0.6325 +/- 0.0012
INFO:root:Epoch no. 396 of 500 (samples: 141442)
INFO:root:Loss: 0.6319 +/- 0.0023
INFO:root:Epoch no. 397 of 500 (samples: 141442)
INFO:root:Loss: 0.6314 +/- 0.0016
INFO:root:Epoch no. 398 of 500 (samples: 141442)
INFO:root:Loss: 0.6306 +/- 0.0029
INFO:root:Epoch no. 399 of 500 (samples: 141442)
INFO:root:Loss: 0.6313 +/- 0.0025
INFO:root:Epoch no. 400 of 500 (samples: 141442)
INFO:root:Loss: 0.6303 +/- 0.0024
INFO:root:Epoch no. 401 of 500 (samples: 141442)
INFO:root:Loss: 0.63 +/- 0.0033
INFO:root:Epoch no. 402 of 500 (samples: 141442)
INFO:root:Loss: 0.6294 +/- 0.0025
INFO:root:Epoch no. 403 of 500 (samples: 141442)
INFO:root:Loss: 0.6278 +/- 0.0018
INFO:root:Epoch no. 404 of 500 (samples: 141442)
INFO:root:Loss: 0.6285 +/- 0.002
INFO:root:Epoch no. 405 of 500 (samples: 141442)
INFO:root:Loss: 0.628 +/- 0.0018
INFO:root:Epoch no. 406 of 500 (samples: 141442)
INFO:root:Loss: 0.6284 +/- 0.0027
INFO:root:Epoch no. 407 of 500 (samples: 141442)
INFO:root:Loss: 0.6271 +/- 0.0018
INFO:root:Epoch no. 408 of 500 (samples: 141442)
INFO:root:Loss: 0.6267 +/- 0.0015
INFO:root:Epoch no. 409 of 500 (samples: 141442)
INFO:root:Loss: 0.6271 +/- 0.0026
INFO:root:Epoch no. 410 of 500 (samples: 141442)
INFO:root:Loss: 0.6256 +/- 0.0016
INFO:root:Epoch no. 411 of 500 (samples: 141442)
INFO:root:Loss: 0.6266 +/- 0.003
INFO:root:Epoch no. 412 of 500 (samples: 141442)
INFO:root:Loss: 0.6247 +/- 0.0022
INFO:root:Epoch no. 413 of 500 (samples: 141442)
INFO:root:Loss: 0.6252 +/- 0.0022
INFO:root:Epoch no. 414 of 500 (samples: 141442)
INFO:root:Loss: 0.6252 +/- 0.0019
INFO:root:Epoch no. 415 of 500 (samples: 141442)
INFO:root:Loss: 0.6236 +/- 0.0026
INFO:root:Epoch no. 416 of 500 (samples: 141442)
INFO:root:Loss: 0.6247 +/- 0.0014
INFO:root:Epoch no. 417 of 500 (samples: 141442)
INFO:root:Loss: 0.6242 +/- 0.0032
INFO:root:Epoch no. 418 of 500 (samples: 141442)
INFO:root:Loss: 0.6229 +/- 0.0028
INFO:root:Epoch no. 419 of 500 (samples: 141442)
INFO:root:Loss: 0.6232 +/- 0.0018
INFO:root:Epoch no. 420 of 500 (samples: 141442)
INFO:root:Loss: 0.6225 +/- 0.0025
INFO:root:Epoch no. 421 of 500 (samples: 141442)
INFO:root:Loss: 0.6228 +/- 0.0019
INFO:root:Epoch no. 422 of 500 (samples: 141442)
INFO:root:Loss: 0.6222 +/- 0.0021
INFO:root:Epoch no. 423 of 500 (samples: 141442)
INFO:root:Loss: 0.62 +/- 0.0024
INFO:root:Epoch no. 424 of 500 (samples: 141442)
INFO:root:Loss: 0.6201 +/- 0.002
INFO:root:Epoch no. 425 of 500 (samples: 141442)
INFO:root:Loss: 0.6205 +/- 0.0023
INFO:root:Epoch no. 426 of 500 (samples: 141442)
INFO:root:Loss: 0.62 +/- 0.002
INFO:root:Epoch no. 427 of 500 (samples: 141442)
INFO:root:Loss: 0.62 +/- 0.0018
INFO:root:Epoch no. 428 of 500 (samples: 141442)
INFO:root:Loss: 0.6188 +/- 0.0012
INFO:root:Epoch no. 429 of 500 (samples: 141442)
INFO:root:Loss: 0.619 +/- 0.0013
INFO:root:Epoch no. 430 of 500 (samples: 141442)
INFO:root:Loss: 0.6179 +/- 0.0022
INFO:root:Epoch no. 431 of 500 (samples: 141442)
INFO:root:Loss: 0.6174 +/- 0.0026
INFO:root:Epoch no. 432 of 500 (samples: 141442)
INFO:root:Loss: 0.6164 +/- 0.0023
INFO:root:Epoch no. 433 of 500 (samples: 141442)
INFO:root:Loss: 0.6178 +/- 0.0019
INFO:root:Epoch no. 434 of 500 (samples: 141442)
INFO:root:Loss: 0.6166 +/- 0.0021
INFO:root:Epoch no. 435 of 500 (samples: 141442)
INFO:root:Loss: 0.617 +/- 0.0018
INFO:root:Epoch no. 436 of 500 (samples: 141442)
INFO:root:Loss: 0.6157 +/- 0.0034
INFO:root:Epoch no. 437 of 500 (samples: 141442)
INFO:root:Loss: 0.6163 +/- 0.0028
INFO:root:Epoch no. 438 of 500 (samples: 141442)
INFO:root:Loss: 0.6155 +/- 0.0018
INFO:root:Epoch no. 439 of 500 (samples: 141442)
INFO:root:Loss: 0.6153 +/- 0.0034
INFO:root:Epoch no. 440 of 500 (samples: 141442)
INFO:root:Loss: 0.6146 +/- 0.0024
INFO:root:Epoch no. 441 of 500 (samples: 141442)
INFO:root:Loss: 0.6141 +/- 0.0025
INFO:root:Epoch no. 442 of 500 (samples: 141442)
INFO:root:Loss: 0.6141 +/- 0.0021
INFO:root:Epoch no. 443 of 500 (samples: 141442)
INFO:root:Loss: 0.6136 +/- 0.0023
INFO:root:Epoch no. 444 of 500 (samples: 141442)
INFO:root:Loss: 0.6141 +/- 0.0017
INFO:root:Epoch no. 445 of 500 (samples: 141442)
INFO:root:Loss: 0.6131 +/- 0.0016
INFO:root:Epoch no. 446 of 500 (samples: 141442)
INFO:root:Loss: 0.6123 +/- 0.0029
INFO:root:Epoch no. 447 of 500 (samples: 141442)
INFO:root:Loss: 0.6131 +/- 0.0023
INFO:root:Epoch no. 448 of 500 (samples: 141442)
INFO:root:Loss: 0.6118 +/- 0.0019
INFO:root:Epoch no. 449 of 500 (samples: 141442)
INFO:root:Loss: 0.6118 +/- 0.0017
INFO:root:Epoch no. 450 of 500 (samples: 141442)
INFO:root:Loss: 0.6113 +/- 0.0019
INFO:root:Epoch no. 451 of 500 (samples: 141442)
INFO:root:Loss: 0.6112 +/- 0.0022
INFO:root:Epoch no. 452 of 500 (samples: 141442)
INFO:root:Loss: 0.6099 +/- 0.0028
INFO:root:Epoch no. 453 of 500 (samples: 141442)
INFO:root:Loss: 0.6102 +/- 0.0033
INFO:root:Epoch no. 454 of 500 (samples: 141442)
INFO:root:Loss: 0.6098 +/- 0.0023
INFO:root:Epoch no. 455 of 500 (samples: 141442)
INFO:root:Loss: 0.6094 +/- 0.0018
INFO:root:Epoch no. 456 of 500 (samples: 141442)
INFO:root:Loss: 0.61 +/- 0.0019
INFO:root:Epoch no. 457 of 500 (samples: 141442)
INFO:root:Loss: 0.6089 +/- 0.0017
INFO:root:Epoch no. 458 of 500 (samples: 141442)
INFO:root:Loss: 0.608 +/- 0.0028
INFO:root:Epoch no. 459 of 500 (samples: 141442)
INFO:root:Loss: 0.6096 +/- 0.0018
INFO:root:Epoch no. 460 of 500 (samples: 141442)
INFO:root:Loss: 0.6084 +/- 0.0024
INFO:root:Epoch no. 461 of 500 (samples: 141442)
INFO:root:Loss: 0.6075 +/- 0.0024
INFO:root:Epoch no. 462 of 500 (samples: 141442)
INFO:root:Loss: 0.6075 +/- 0.0029
INFO:root:Epoch no. 463 of 500 (samples: 141442)
INFO:root:Loss: 0.6072 +/- 0.0017
INFO:root:Epoch no. 464 of 500 (samples: 141442)
INFO:root:Loss: 0.6068 +/- 0.0021
INFO:root:Epoch no. 465 of 500 (samples: 141442)
INFO:root:Loss: 0.6056 +/- 0.002
INFO:root:Epoch no. 466 of 500 (samples: 141442)
INFO:root:Loss: 0.6064 +/- 0.0014
INFO:root:Epoch no. 467 of 500 (samples: 141442)
INFO:root:Loss: 0.6061 +/- 0.0016
INFO:root:Epoch no. 468 of 500 (samples: 141442)
INFO:root:Loss: 0.6059 +/- 0.0021
INFO:root:Epoch no. 469 of 500 (samples: 141442)
INFO:root:Loss: 0.6047 +/- 0.0028
INFO:root:Epoch no. 470 of 500 (samples: 141442)
INFO:root:Loss: 0.6055 +/- 0.0028
INFO:root:Epoch no. 471 of 500 (samples: 141442)
INFO:root:Loss: 0.6042 +/- 0.0023
INFO:root:Epoch no. 472 of 500 (samples: 141442)
INFO:root:Loss: 0.6039 +/- 0.0023
INFO:root:Epoch no. 473 of 500 (samples: 141442)
INFO:root:Loss: 0.6037 +/- 0.0028
INFO:root:Epoch no. 474 of 500 (samples: 141442)
INFO:root:Loss: 0.6033 +/- 0.0027
INFO:root:Epoch no. 475 of 500 (samples: 141442)
INFO:root:Loss: 0.6034 +/- 0.0013
INFO:root:Epoch no. 476 of 500 (samples: 141442)
INFO:root:Loss: 0.6023 +/- 0.0037
INFO:root:Epoch no. 477 of 500 (samples: 141442)
INFO:root:Loss: 0.603 +/- 0.0028
INFO:root:Epoch no. 478 of 500 (samples: 141442)
INFO:root:Loss: 0.6016 +/- 0.0012
INFO:root:Epoch no. 479 of 500 (samples: 141442)
INFO:root:Loss: 0.6021 +/- 0.0013
INFO:root:Epoch no. 480 of 500 (samples: 141442)
INFO:root:Loss: 0.6021 +/- 0.0027
INFO:root:Epoch no. 481 of 500 (samples: 141442)
INFO:root:Loss: 0.6024 +/- 0.0019
INFO:root:Epoch no. 482 of 500 (samples: 141442)
INFO:root:Loss: 0.6015 +/- 0.0021
INFO:root:Epoch no. 483 of 500 (samples: 141442)
INFO:root:Loss: 0.6017 +/- 0.0028
INFO:root:Epoch no. 484 of 500 (samples: 141442)
INFO:root:Loss: 0.6005 +/- 0.002
INFO:root:Epoch no. 485 of 500 (samples: 141442)
INFO:root:Loss: 0.6007 +/- 0.0023
INFO:root:Epoch no. 486 of 500 (samples: 141442)
INFO:root:Loss: 0.6007 +/- 0.0018
INFO:root:Epoch no. 487 of 500 (samples: 141442)
INFO:root:Loss: 0.5996 +/- 0.0019
INFO:root:Epoch no. 488 of 500 (samples: 141442)
INFO:root:Loss: 0.5989 +/- 0.0015
INFO:root:Epoch no. 489 of 500 (samples: 141442)
INFO:root:Loss: 0.5989 +/- 0.0028
INFO:root:Epoch no. 490 of 500 (samples: 141442)
INFO:root:Loss: 0.5994 +/- 0.0015
INFO:root:Epoch no. 491 of 500 (samples: 141442)
INFO:root:Loss: 0.5985 +/- 0.0025
INFO:root:Epoch no. 492 of 500 (samples: 141442)
INFO:root:Loss: 0.5985 +/- 0.0032
INFO:root:Epoch no. 493 of 500 (samples: 141442)
INFO:root:Loss: 0.5983 +/- 0.0028
INFO:root:Epoch no. 494 of 500 (samples: 141442)
INFO:root:Loss: 0.5986 +/- 0.0012
INFO:root:Epoch no. 495 of 500 (samples: 141442)
INFO:root:Loss: 0.5985 +/- 0.0019
INFO:root:Epoch no. 496 of 500 (samples: 141442)
INFO:root:Loss: 0.5982 +/- 0.0017
INFO:root:Epoch no. 497 of 500 (samples: 141442)
INFO:root:Loss: 0.5974 +/- 0.0037
INFO:root:Epoch no. 498 of 500 (samples: 141442)
INFO:root:Loss: 0.5969 +/- 0.0024
INFO:root:Epoch no. 499 of 500 (samples: 141442)
INFO:root:Loss: 0.5967 +/- 0.0024
INFO:root:Epoch no. 500 of 500 (samples: 141442)
INFO:root:Loss: 0.5966 +/- 0.0017
INFO:root:### MICRO (validation raw):
INFO:root:	-- left   >> mean: 4020.1484, median: 1018.0, mrr: 0.061, hits@1: 3.08%
INFO:root:	-- right  >> mean: 3896.8888, median: 671.5, mrr: 0.094, hits@1: 5.46%
INFO:root:	-- global >> mean: 3958.5186, median: 859.0, mrr: 0.078, hits@1: 4.27%
INFO:root:### MICRO (validation raw):
INFO:root:	-- left   >> mean: 4020.1484, median: 1018.0, mrr: 0.061, hits@3: 6.32%
INFO:root:	-- right  >> mean: 3896.8888, median: 671.5, mrr: 0.094, hits@3: 10.32%
INFO:root:	-- global >> mean: 3958.5186, median: 859.0, mrr: 0.078, hits@3: 8.32%
INFO:root:### MICRO (validation raw):
INFO:root:	-- left   >> mean: 4020.1484, median: 1018.0, mrr: 0.061, hits@5: 8.36%
INFO:root:	-- right  >> mean: 3896.8888, median: 671.5, mrr: 0.094, hits@5: 13.1%
INFO:root:	-- global >> mean: 3958.5186, median: 859.0, mrr: 0.078, hits@5: 10.73%
INFO:root:### MICRO (validation raw):
INFO:root:	-- left   >> mean: 4020.1484, median: 1018.0, mrr: 0.061, hits@10: 11.72%
INFO:root:	-- right  >> mean: 3896.8888, median: 671.5, mrr: 0.094, hits@10: 17.28%
INFO:root:	-- global >> mean: 3958.5186, median: 859.0, mrr: 0.078, hits@10: 14.5%
INFO:root:### MICRO (validation filtered):
INFO:root:	-- left   >> mean: 4007.4, median: 1003.5, mrr: 0.068, hits@1: 3.9%
INFO:root:	-- right  >> mean: 3883.3448, median: 647.0, mrr: 0.108, hits@1: 7.16%
INFO:root:	-- global >> mean: 3945.3724, median: 834.5, mrr: 0.088, hits@1: 5.53%
INFO:root:### MICRO (validation filtered):
INFO:root:	-- left   >> mean: 4007.4, median: 1003.5, mrr: 0.068, hits@3: 7.06%
INFO:root:	-- right  >> mean: 3883.3448, median: 647.0, mrr: 0.108, hits@3: 11.52%
INFO:root:	-- global >> mean: 3945.3724, median: 834.5, mrr: 0.088, hits@3: 9.29%
INFO:root:### MICRO (validation filtered):
INFO:root:	-- left   >> mean: 4007.4, median: 1003.5, mrr: 0.068, hits@5: 8.84%
INFO:root:	-- right  >> mean: 3883.3448, median: 647.0, mrr: 0.108, hits@5: 14.22%
INFO:root:	-- global >> mean: 3945.3724, median: 834.5, mrr: 0.088, hits@5: 11.53%
INFO:root:### MICRO (validation filtered):
INFO:root:	-- left   >> mean: 4007.4, median: 1003.5, mrr: 0.068, hits@10: 11.98%
INFO:root:	-- right  >> mean: 3883.3448, median: 647.0, mrr: 0.108, hits@10: 18.26%
INFO:root:	-- global >> mean: 3945.3724, median: 834.5, mrr: 0.088, hits@10: 15.12%
INFO:root:### MICRO (test raw):
INFO:root:	-- left   >> mean: 4176.6676, median: 1104.0, mrr: 0.055, hits@1: 2.42%
INFO:root:	-- right  >> mean: 3561.9372, median: 569.5, mrr: 0.105, hits@1: 6.54%
INFO:root:	-- global >> mean: 3869.3024, median: 810.5, mrr: 0.08, hits@1: 4.48%
INFO:root:### MICRO (test raw):
INFO:root:	-- left   >> mean: 4176.6676, median: 1104.0, mrr: 0.055, hits@3: 5.96%
INFO:root:	-- right  >> mean: 3561.9372, median: 569.5, mrr: 0.105, hits@3: 11.46%
INFO:root:	-- global >> mean: 3869.3024, median: 810.5, mrr: 0.08, hits@3: 8.71%
INFO:root:### MICRO (test raw):
INFO:root:	-- left   >> mean: 4176.6676, median: 1104.0, mrr: 0.055, hits@5: 8.08%
INFO:root:	-- right  >> mean: 3561.9372, median: 569.5, mrr: 0.105, hits@5: 14.04%
INFO:root:	-- global >> mean: 3869.3024, median: 810.5, mrr: 0.08, hits@5: 11.06%
INFO:root:### MICRO (test raw):
INFO:root:	-- left   >> mean: 4176.6676, median: 1104.0, mrr: 0.055, hits@10: 11.44%
INFO:root:	-- right  >> mean: 3561.9372, median: 569.5, mrr: 0.105, hits@10: 18.36%
INFO:root:	-- global >> mean: 3869.3024, median: 810.5, mrr: 0.08, hits@10: 14.9%
INFO:root:### MICRO (test filtered):
INFO:root:	-- left   >> mean: 4163.2086, median: 1076.5, mrr: 0.065, hits@1: 3.72%
INFO:root:	-- right  >> mean: 3549.731, median: 549.0, mrr: 0.12, hits@1: 8.34%
INFO:root:	-- global >> mean: 3856.4698, median: 782.5, mrr: 0.092, hits@1: 6.03%
INFO:root:### MICRO (test filtered):
INFO:root:	-- left   >> mean: 4163.2086, median: 1076.5, mrr: 0.065, hits@3: 6.92%
INFO:root:	-- right  >> mean: 3549.731, median: 549.0, mrr: 0.12, hits@3: 12.84%
INFO:root:	-- global >> mean: 3856.4698, median: 782.5, mrr: 0.092, hits@3: 9.88%
INFO:root:### MICRO (test filtered):
INFO:root:	-- left   >> mean: 4163.2086, median: 1076.5, mrr: 0.065, hits@5: 8.66%
INFO:root:	-- right  >> mean: 3549.731, median: 549.0, mrr: 0.12, hits@5: 15.08%
INFO:root:	-- global >> mean: 3856.4698, median: 782.5, mrr: 0.092, hits@5: 11.87%
INFO:root:### MICRO (test filtered):
INFO:root:	-- left   >> mean: 4163.2086, median: 1076.5, mrr: 0.065, hits@10: 11.92%
INFO:root:	-- right  >> mean: 3549.731, median: 549.0, mrr: 0.12, hits@10: 19.22%
INFO:root:	-- global >> mean: 3856.4698, median: 782.5, mrr: 0.092, hits@10: 15.57%
