Using Theano backend.
INFO:root:Acquiring data/wn18/wordnet-mlj12-train.txt ..
INFO:root:Acquiring data/wn18/wordnet-mlj12-valid.txt ..
INFO:root:Acquiring data/wn18/wordnet-mlj12-test.txt ..
INFO:root:Samples: 141442, no. batches: 10 -> batch size: 14145
INFO:root:Epoch no. 1 of 500 (samples: 141442)
INFO:root:Loss: 3.2904 +/- 0.0189
INFO:root:Epoch no. 2 of 500 (samples: 141442)
INFO:root:Loss: 3.2382 +/- 0.0069
INFO:root:Epoch no. 3 of 500 (samples: 141442)
INFO:root:Loss: 3.2144 +/- 0.0052
INFO:root:Epoch no. 4 of 500 (samples: 141442)
INFO:root:Loss: 3.1951 +/- 0.0042
INFO:root:Epoch no. 5 of 500 (samples: 141442)
INFO:root:Loss: 3.1789 +/- 0.0043
INFO:root:Epoch no. 6 of 500 (samples: 141442)
INFO:root:Loss: 3.165 +/- 0.0031
INFO:root:Epoch no. 7 of 500 (samples: 141442)
INFO:root:Loss: 3.1528 +/- 0.0028
INFO:root:Epoch no. 8 of 500 (samples: 141442)
INFO:root:Loss: 3.1415 +/- 0.0032
INFO:root:Epoch no. 9 of 500 (samples: 141442)
INFO:root:Loss: 3.1319 +/- 0.0017
INFO:root:Epoch no. 10 of 500 (samples: 141442)
INFO:root:Loss: 3.1225 +/- 0.0028
INFO:root:Epoch no. 11 of 500 (samples: 141442)
INFO:root:Loss: 3.1143 +/- 0.0022
INFO:root:Epoch no. 12 of 500 (samples: 141442)
INFO:root:Loss: 3.1064 +/- 0.0019
INFO:root:Epoch no. 13 of 500 (samples: 141442)
INFO:root:Loss: 3.0993 +/- 0.0025
INFO:root:Epoch no. 14 of 500 (samples: 141442)
INFO:root:Loss: 3.0931 +/- 0.0024
INFO:root:Epoch no. 15 of 500 (samples: 141442)
INFO:root:Loss: 3.0868 +/- 0.0021
INFO:root:Epoch no. 16 of 500 (samples: 141442)
INFO:root:Loss: 3.0811 +/- 0.0026
INFO:root:Epoch no. 17 of 500 (samples: 141442)
INFO:root:Loss: 3.0751 +/- 0.0024
INFO:root:Epoch no. 18 of 500 (samples: 141442)
INFO:root:Loss: 3.0696 +/- 0.0015
INFO:root:Epoch no. 19 of 500 (samples: 141442)
INFO:root:Loss: 3.0651 +/- 0.0016
INFO:root:Epoch no. 20 of 500 (samples: 141442)
INFO:root:Loss: 3.0607 +/- 0.0012
INFO:root:Epoch no. 21 of 500 (samples: 141442)
INFO:root:Loss: 3.0556 +/- 0.002
INFO:root:Epoch no. 22 of 500 (samples: 141442)
INFO:root:Loss: 3.0512 +/- 0.0019
INFO:root:Epoch no. 23 of 500 (samples: 141442)
INFO:root:Loss: 3.0469 +/- 0.001
INFO:root:Epoch no. 24 of 500 (samples: 141442)
INFO:root:Loss: 3.0425 +/- 0.0018
INFO:root:Epoch no. 25 of 500 (samples: 141442)
INFO:root:Loss: 3.0385 +/- 0.0013
INFO:root:Epoch no. 26 of 500 (samples: 141442)
INFO:root:Loss: 3.035 +/- 0.0012
INFO:root:Epoch no. 27 of 500 (samples: 141442)
INFO:root:Loss: 3.0319 +/- 0.0017
INFO:root:Epoch no. 28 of 500 (samples: 141442)
INFO:root:Loss: 3.0284 +/- 0.0017
INFO:root:Epoch no. 29 of 500 (samples: 141442)
INFO:root:Loss: 3.0251 +/- 0.0014
INFO:root:Epoch no. 30 of 500 (samples: 141442)
INFO:root:Loss: 3.0217 +/- 0.0012
INFO:root:Epoch no. 31 of 500 (samples: 141442)
INFO:root:Loss: 3.0187 +/- 0.0022
INFO:root:Epoch no. 32 of 500 (samples: 141442)
INFO:root:Loss: 3.0156 +/- 0.0018
INFO:root:Epoch no. 33 of 500 (samples: 141442)
INFO:root:Loss: 3.0135 +/- 0.0017
INFO:root:Epoch no. 34 of 500 (samples: 141442)
INFO:root:Loss: 3.0097 +/- 0.0023
INFO:root:Epoch no. 35 of 500 (samples: 141442)
INFO:root:Loss: 3.0073 +/- 0.0013
INFO:root:Epoch no. 36 of 500 (samples: 141442)
INFO:root:Loss: 3.0045 +/- 0.0017
INFO:root:Epoch no. 37 of 500 (samples: 141442)
INFO:root:Loss: 3.0013 +/- 0.0011
INFO:root:Epoch no. 38 of 500 (samples: 141442)
INFO:root:Loss: 2.9998 +/- 0.0015
INFO:root:Epoch no. 39 of 500 (samples: 141442)
INFO:root:Loss: 2.9966 +/- 0.0019
INFO:root:Epoch no. 40 of 500 (samples: 141442)
INFO:root:Loss: 2.994 +/- 0.0017
INFO:root:Epoch no. 41 of 500 (samples: 141442)
INFO:root:Loss: 2.9912 +/- 0.0014
INFO:root:Epoch no. 42 of 500 (samples: 141442)
INFO:root:Loss: 2.9898 +/- 0.002
INFO:root:Epoch no. 43 of 500 (samples: 141442)
INFO:root:Loss: 2.9883 +/- 0.0017
INFO:root:Epoch no. 44 of 500 (samples: 141442)
INFO:root:Loss: 2.9856 +/- 0.0011
INFO:root:Epoch no. 45 of 500 (samples: 141442)
INFO:root:Loss: 2.9837 +/- 0.0014
INFO:root:Epoch no. 46 of 500 (samples: 141442)
INFO:root:Loss: 2.9815 +/- 0.0015
INFO:root:Epoch no. 47 of 500 (samples: 141442)
INFO:root:Loss: 2.9801 +/- 0.0018
INFO:root:Epoch no. 48 of 500 (samples: 141442)
INFO:root:Loss: 2.9771 +/- 0.0016
INFO:root:Epoch no. 49 of 500 (samples: 141442)
INFO:root:Loss: 2.9754 +/- 0.0023
INFO:root:Epoch no. 50 of 500 (samples: 141442)
INFO:root:Loss: 2.9738 +/- 0.0017
INFO:root:Epoch no. 51 of 500 (samples: 141442)
INFO:root:Loss: 2.9719 +/- 0.0016
INFO:root:Epoch no. 52 of 500 (samples: 141442)
INFO:root:Loss: 2.9698 +/- 0.0021
INFO:root:Epoch no. 53 of 500 (samples: 141442)
INFO:root:Loss: 2.9681 +/- 0.0016
INFO:root:Epoch no. 54 of 500 (samples: 141442)
INFO:root:Loss: 2.9669 +/- 0.0024
INFO:root:Epoch no. 55 of 500 (samples: 141442)
INFO:root:Loss: 2.9653 +/- 0.0012
INFO:root:Epoch no. 56 of 500 (samples: 141442)
INFO:root:Loss: 2.9632 +/- 0.0024
INFO:root:Epoch no. 57 of 500 (samples: 141442)
INFO:root:Loss: 2.9616 +/- 0.0018
INFO:root:Epoch no. 58 of 500 (samples: 141442)
INFO:root:Loss: 2.9603 +/- 0.0023
INFO:root:Epoch no. 59 of 500 (samples: 141442)
INFO:root:Loss: 2.9583 +/- 0.0014
INFO:root:Epoch no. 60 of 500 (samples: 141442)
INFO:root:Loss: 2.9569 +/- 0.0014
INFO:root:Epoch no. 61 of 500 (samples: 141442)
INFO:root:Loss: 2.9553 +/- 0.0025
INFO:root:Epoch no. 62 of 500 (samples: 141442)
INFO:root:Loss: 2.9544 +/- 0.0009
INFO:root:Epoch no. 63 of 500 (samples: 141442)
INFO:root:Loss: 2.9527 +/- 0.002
INFO:root:Epoch no. 64 of 500 (samples: 141442)
INFO:root:Loss: 2.9515 +/- 0.0022
INFO:root:Epoch no. 65 of 500 (samples: 141442)
INFO:root:Loss: 2.9501 +/- 0.0012
INFO:root:Epoch no. 66 of 500 (samples: 141442)
INFO:root:Loss: 2.9482 +/- 0.0026
INFO:root:Epoch no. 67 of 500 (samples: 141442)
INFO:root:Loss: 2.9473 +/- 0.0013
INFO:root:Epoch no. 68 of 500 (samples: 141442)
INFO:root:Loss: 2.9461 +/- 0.0028
INFO:root:Epoch no. 69 of 500 (samples: 141442)
INFO:root:Loss: 2.945 +/- 0.0024
INFO:root:Epoch no. 70 of 500 (samples: 141442)
INFO:root:Loss: 2.9433 +/- 0.0015
INFO:root:Epoch no. 71 of 500 (samples: 141442)
INFO:root:Loss: 2.9412 +/- 0.0021
INFO:root:Epoch no. 72 of 500 (samples: 141442)
INFO:root:Loss: 2.9409 +/- 0.0018
INFO:root:Epoch no. 73 of 500 (samples: 141442)
INFO:root:Loss: 2.9395 +/- 0.0015
INFO:root:Epoch no. 74 of 500 (samples: 141442)
INFO:root:Loss: 2.939 +/- 0.0019
INFO:root:Epoch no. 75 of 500 (samples: 141442)
INFO:root:Loss: 2.9371 +/- 0.0021
INFO:root:Epoch no. 76 of 500 (samples: 141442)
INFO:root:Loss: 2.9357 +/- 0.002
INFO:root:Epoch no. 77 of 500 (samples: 141442)
INFO:root:Loss: 2.9349 +/- 0.0017
INFO:root:Epoch no. 78 of 500 (samples: 141442)
INFO:root:Loss: 2.9332 +/- 0.0011
INFO:root:Epoch no. 79 of 500 (samples: 141442)
INFO:root:Loss: 2.9334 +/- 0.0014
INFO:root:Epoch no. 80 of 500 (samples: 141442)
INFO:root:Loss: 2.9318 +/- 0.002
INFO:root:Epoch no. 81 of 500 (samples: 141442)
INFO:root:Loss: 2.9304 +/- 0.0016
INFO:root:Epoch no. 82 of 500 (samples: 141442)
INFO:root:Loss: 2.9296 +/- 0.0016
INFO:root:Epoch no. 83 of 500 (samples: 141442)
INFO:root:Loss: 2.929 +/- 0.0018
INFO:root:Epoch no. 84 of 500 (samples: 141442)
INFO:root:Loss: 2.9275 +/- 0.0028
INFO:root:Epoch no. 85 of 500 (samples: 141442)
INFO:root:Loss: 2.9264 +/- 0.0022
INFO:root:Epoch no. 86 of 500 (samples: 141442)
INFO:root:Loss: 2.9258 +/- 0.0018
INFO:root:Epoch no. 87 of 500 (samples: 141442)
INFO:root:Loss: 2.9245 +/- 0.0021
INFO:root:Epoch no. 88 of 500 (samples: 141442)
INFO:root:Loss: 2.9234 +/- 0.0025
INFO:root:Epoch no. 89 of 500 (samples: 141442)
INFO:root:Loss: 2.9235 +/- 0.0018
INFO:root:Epoch no. 90 of 500 (samples: 141442)
INFO:root:Loss: 2.921 +/- 0.0017
INFO:root:Epoch no. 91 of 500 (samples: 141442)
INFO:root:Loss: 2.9211 +/- 0.0021
INFO:root:Epoch no. 92 of 500 (samples: 141442)
INFO:root:Loss: 2.9203 +/- 0.0017
INFO:root:Epoch no. 93 of 500 (samples: 141442)
INFO:root:Loss: 2.9194 +/- 0.0017
INFO:root:Epoch no. 94 of 500 (samples: 141442)
INFO:root:Loss: 2.918 +/- 0.0024
INFO:root:Epoch no. 95 of 500 (samples: 141442)
INFO:root:Loss: 2.9167 +/- 0.0018
INFO:root:Epoch no. 96 of 500 (samples: 141442)
INFO:root:Loss: 2.9169 +/- 0.0025
INFO:root:Epoch no. 97 of 500 (samples: 141442)
INFO:root:Loss: 2.9154 +/- 0.002
INFO:root:Epoch no. 98 of 500 (samples: 141442)
INFO:root:Loss: 2.9151 +/- 0.0026
INFO:root:Epoch no. 99 of 500 (samples: 141442)
INFO:root:Loss: 2.9145 +/- 0.0026
INFO:root:Epoch no. 100 of 500 (samples: 141442)
INFO:root:Loss: 2.9131 +/- 0.0028
INFO:root:Epoch no. 101 of 500 (samples: 141442)
INFO:root:Loss: 2.9125 +/- 0.002
INFO:root:Epoch no. 102 of 500 (samples: 141442)
INFO:root:Loss: 2.9115 +/- 0.0018
INFO:root:Epoch no. 103 of 500 (samples: 141442)
INFO:root:Loss: 2.9111 +/- 0.0019
INFO:root:Epoch no. 104 of 500 (samples: 141442)
INFO:root:Loss: 2.9103 +/- 0.0023
INFO:root:Epoch no. 105 of 500 (samples: 141442)
INFO:root:Loss: 2.9097 +/- 0.0018
INFO:root:Epoch no. 106 of 500 (samples: 141442)
INFO:root:Loss: 2.9092 +/- 0.0023
INFO:root:Epoch no. 107 of 500 (samples: 141442)
INFO:root:Loss: 2.9076 +/- 0.0025
INFO:root:Epoch no. 108 of 500 (samples: 141442)
INFO:root:Loss: 2.9072 +/- 0.0017
INFO:root:Epoch no. 109 of 500 (samples: 141442)
INFO:root:Loss: 2.9058 +/- 0.0015
INFO:root:Epoch no. 110 of 500 (samples: 141442)
INFO:root:Loss: 2.906 +/- 0.0026
INFO:root:Epoch no. 111 of 500 (samples: 141442)
INFO:root:Loss: 2.9048 +/- 0.0022
INFO:root:Epoch no. 112 of 500 (samples: 141442)
INFO:root:Loss: 2.9041 +/- 0.0014
INFO:root:Epoch no. 113 of 500 (samples: 141442)
INFO:root:Loss: 2.9039 +/- 0.0016
INFO:root:Epoch no. 114 of 500 (samples: 141442)
INFO:root:Loss: 2.9034 +/- 0.0022
INFO:root:Epoch no. 115 of 500 (samples: 141442)
INFO:root:Loss: 2.9028 +/- 0.0019
INFO:root:Epoch no. 116 of 500 (samples: 141442)
INFO:root:Loss: 2.9023 +/- 0.0015
INFO:root:Epoch no. 117 of 500 (samples: 141442)
INFO:root:Loss: 2.9012 +/- 0.0026
INFO:root:Epoch no. 118 of 500 (samples: 141442)
INFO:root:Loss: 2.9001 +/- 0.002
INFO:root:Epoch no. 119 of 500 (samples: 141442)
INFO:root:Loss: 2.9004 +/- 0.0025
INFO:root:Epoch no. 120 of 500 (samples: 141442)
INFO:root:Loss: 2.8996 +/- 0.0029
INFO:root:Epoch no. 121 of 500 (samples: 141442)
INFO:root:Loss: 2.8984 +/- 0.0021
INFO:root:Epoch no. 122 of 500 (samples: 141442)
INFO:root:Loss: 2.898 +/- 0.0023
INFO:root:Epoch no. 123 of 500 (samples: 141442)
INFO:root:Loss: 2.8982 +/- 0.0022
INFO:root:Epoch no. 124 of 500 (samples: 141442)
INFO:root:Loss: 2.8973 +/- 0.0016
INFO:root:Epoch no. 125 of 500 (samples: 141442)
INFO:root:Loss: 2.897 +/- 0.0031
INFO:root:Epoch no. 126 of 500 (samples: 141442)
INFO:root:Loss: 2.8958 +/- 0.0023
INFO:root:Epoch no. 127 of 500 (samples: 141442)
INFO:root:Loss: 2.896 +/- 0.0021
INFO:root:Epoch no. 128 of 500 (samples: 141442)
INFO:root:Loss: 2.8945 +/- 0.0017
INFO:root:Epoch no. 129 of 500 (samples: 141442)
INFO:root:Loss: 2.8949 +/- 0.0014
INFO:root:Epoch no. 130 of 500 (samples: 141442)
INFO:root:Loss: 2.8945 +/- 0.003
INFO:root:Epoch no. 131 of 500 (samples: 141442)
INFO:root:Loss: 2.8926 +/- 0.0014
INFO:root:Epoch no. 132 of 500 (samples: 141442)
INFO:root:Loss: 2.8926 +/- 0.0026
INFO:root:Epoch no. 133 of 500 (samples: 141442)
INFO:root:Loss: 2.892 +/- 0.0021
INFO:root:Epoch no. 134 of 500 (samples: 141442)
INFO:root:Loss: 2.891 +/- 0.0021
INFO:root:Epoch no. 135 of 500 (samples: 141442)
INFO:root:Loss: 2.8916 +/- 0.0019
INFO:root:Epoch no. 136 of 500 (samples: 141442)
INFO:root:Loss: 2.8903 +/- 0.0023
INFO:root:Epoch no. 137 of 500 (samples: 141442)
INFO:root:Loss: 2.8907 +/- 0.0018
INFO:root:Epoch no. 138 of 500 (samples: 141442)
INFO:root:Loss: 2.8895 +/- 0.0023
INFO:root:Epoch no. 139 of 500 (samples: 141442)
INFO:root:Loss: 2.889 +/- 0.0023
INFO:root:Epoch no. 140 of 500 (samples: 141442)
INFO:root:Loss: 2.8883 +/- 0.0021
INFO:root:Epoch no. 141 of 500 (samples: 141442)
INFO:root:Loss: 2.8886 +/- 0.0019
INFO:root:Epoch no. 142 of 500 (samples: 141442)
INFO:root:Loss: 2.8881 +/- 0.0025
INFO:root:Epoch no. 143 of 500 (samples: 141442)
INFO:root:Loss: 2.8873 +/- 0.0027
INFO:root:Epoch no. 144 of 500 (samples: 141442)
INFO:root:Loss: 2.8863 +/- 0.0026
INFO:root:Epoch no. 145 of 500 (samples: 141442)
INFO:root:Loss: 2.8865 +/- 0.0017
INFO:root:Epoch no. 146 of 500 (samples: 141442)
INFO:root:Loss: 2.8857 +/- 0.0016
INFO:root:Epoch no. 147 of 500 (samples: 141442)
INFO:root:Loss: 2.8858 +/- 0.0022
INFO:root:Epoch no. 148 of 500 (samples: 141442)
INFO:root:Loss: 2.8844 +/- 0.0029
INFO:root:Epoch no. 149 of 500 (samples: 141442)
INFO:root:Loss: 2.8844 +/- 0.0013
INFO:root:Epoch no. 150 of 500 (samples: 141442)
INFO:root:Loss: 2.884 +/- 0.002
INFO:root:Epoch no. 151 of 500 (samples: 141442)
INFO:root:Loss: 2.8834 +/- 0.0014
INFO:root:Epoch no. 152 of 500 (samples: 141442)
INFO:root:Loss: 2.8826 +/- 0.0024
INFO:root:Epoch no. 153 of 500 (samples: 141442)
INFO:root:Loss: 2.8831 +/- 0.0026
INFO:root:Epoch no. 154 of 500 (samples: 141442)
INFO:root:Loss: 2.882 +/- 0.0027
INFO:root:Epoch no. 155 of 500 (samples: 141442)
INFO:root:Loss: 2.8818 +/- 0.0014
INFO:root:Epoch no. 156 of 500 (samples: 141442)
INFO:root:Loss: 2.882 +/- 0.0024
INFO:root:Epoch no. 157 of 500 (samples: 141442)
INFO:root:Loss: 2.8804 +/- 0.0024
INFO:root:Epoch no. 158 of 500 (samples: 141442)
INFO:root:Loss: 2.8805 +/- 0.0019
INFO:root:Epoch no. 159 of 500 (samples: 141442)
INFO:root:Loss: 2.8806 +/- 0.0033
INFO:root:Epoch no. 160 of 500 (samples: 141442)
INFO:root:Loss: 2.8805 +/- 0.0024
INFO:root:Epoch no. 161 of 500 (samples: 141442)
INFO:root:Loss: 2.8799 +/- 0.0016
INFO:root:Epoch no. 162 of 500 (samples: 141442)
INFO:root:Loss: 2.8793 +/- 0.0013
INFO:root:Epoch no. 163 of 500 (samples: 141442)
INFO:root:Loss: 2.8788 +/- 0.0028
INFO:root:Epoch no. 164 of 500 (samples: 141442)
INFO:root:Loss: 2.8779 +/- 0.0019
INFO:root:Epoch no. 165 of 500 (samples: 141442)
INFO:root:Loss: 2.8786 +/- 0.0029
INFO:root:Epoch no. 166 of 500 (samples: 141442)
INFO:root:Loss: 2.8777 +/- 0.0025
INFO:root:Epoch no. 167 of 500 (samples: 141442)
INFO:root:Loss: 2.8777 +/- 0.0025
INFO:root:Epoch no. 168 of 500 (samples: 141442)
INFO:root:Loss: 2.8769 +/- 0.0035
INFO:root:Epoch no. 169 of 500 (samples: 141442)
INFO:root:Loss: 2.8767 +/- 0.0021
INFO:root:Epoch no. 170 of 500 (samples: 141442)
INFO:root:Loss: 2.8766 +/- 0.0023
INFO:root:Epoch no. 171 of 500 (samples: 141442)
INFO:root:Loss: 2.8759 +/- 0.003
INFO:root:Epoch no. 172 of 500 (samples: 141442)
INFO:root:Loss: 2.8758 +/- 0.0023
INFO:root:Epoch no. 173 of 500 (samples: 141442)
INFO:root:Loss: 2.8753 +/- 0.0024
INFO:root:Epoch no. 174 of 500 (samples: 141442)
INFO:root:Loss: 2.8748 +/- 0.0025
INFO:root:Epoch no. 175 of 500 (samples: 141442)
INFO:root:Loss: 2.8747 +/- 0.0013
INFO:root:Epoch no. 176 of 500 (samples: 141442)
INFO:root:Loss: 2.8736 +/- 0.0018
INFO:root:Epoch no. 177 of 500 (samples: 141442)
INFO:root:Loss: 2.8737 +/- 0.002
INFO:root:Epoch no. 178 of 500 (samples: 141442)
INFO:root:Loss: 2.874 +/- 0.0012
INFO:root:Epoch no. 179 of 500 (samples: 141442)
INFO:root:Loss: 2.8734 +/- 0.0025
INFO:root:Epoch no. 180 of 500 (samples: 141442)
INFO:root:Loss: 2.8735 +/- 0.0017
INFO:root:Epoch no. 181 of 500 (samples: 141442)
INFO:root:Loss: 2.8728 +/- 0.0017
INFO:root:Epoch no. 182 of 500 (samples: 141442)
INFO:root:Loss: 2.872 +/- 0.0026
INFO:root:Epoch no. 183 of 500 (samples: 141442)
INFO:root:Loss: 2.8726 +/- 0.0025
INFO:root:Epoch no. 184 of 500 (samples: 141442)
INFO:root:Loss: 2.8722 +/- 0.0019
INFO:root:Epoch no. 185 of 500 (samples: 141442)
INFO:root:Loss: 2.8718 +/- 0.0021
INFO:root:Epoch no. 186 of 500 (samples: 141442)
INFO:root:Loss: 2.8707 +/- 0.0028
INFO:root:Epoch no. 187 of 500 (samples: 141442)
INFO:root:Loss: 2.8707 +/- 0.0022
INFO:root:Epoch no. 188 of 500 (samples: 141442)
INFO:root:Loss: 2.8704 +/- 0.0021
INFO:root:Epoch no. 189 of 500 (samples: 141442)
INFO:root:Loss: 2.8708 +/- 0.0025
INFO:root:Epoch no. 190 of 500 (samples: 141442)
INFO:root:Loss: 2.87 +/- 0.0022
INFO:root:Epoch no. 191 of 500 (samples: 141442)
INFO:root:Loss: 2.8698 +/- 0.0016
INFO:root:Epoch no. 192 of 500 (samples: 141442)
INFO:root:Loss: 2.8696 +/- 0.0025
INFO:root:Epoch no. 193 of 500 (samples: 141442)
INFO:root:Loss: 2.8694 +/- 0.0022
INFO:root:Epoch no. 194 of 500 (samples: 141442)
INFO:root:Loss: 2.8689 +/- 0.0019
INFO:root:Epoch no. 195 of 500 (samples: 141442)
INFO:root:Loss: 2.8683 +/- 0.002
INFO:root:Epoch no. 196 of 500 (samples: 141442)
INFO:root:Loss: 2.868 +/- 0.0031
INFO:root:Epoch no. 197 of 500 (samples: 141442)
INFO:root:Loss: 2.8679 +/- 0.0021
INFO:root:Epoch no. 198 of 500 (samples: 141442)
INFO:root:Loss: 2.8679 +/- 0.0029
INFO:root:Epoch no. 199 of 500 (samples: 141442)
INFO:root:Loss: 2.868 +/- 0.0035
INFO:root:Epoch no. 200 of 500 (samples: 141442)
INFO:root:Loss: 2.8678 +/- 0.0024
INFO:root:Epoch no. 201 of 500 (samples: 141442)
INFO:root:Loss: 2.8669 +/- 0.0025
INFO:root:Epoch no. 202 of 500 (samples: 141442)
INFO:root:Loss: 2.8658 +/- 0.0015
INFO:root:Epoch no. 203 of 500 (samples: 141442)
INFO:root:Loss: 2.8664 +/- 0.0017
INFO:root:Epoch no. 204 of 500 (samples: 141442)
INFO:root:Loss: 2.8663 +/- 0.0018
INFO:root:Epoch no. 205 of 500 (samples: 141442)
INFO:root:Loss: 2.8664 +/- 0.0025
INFO:root:Epoch no. 206 of 500 (samples: 141442)
INFO:root:Loss: 2.8662 +/- 0.0027
INFO:root:Epoch no. 207 of 500 (samples: 141442)
INFO:root:Loss: 2.8653 +/- 0.0024
INFO:root:Epoch no. 208 of 500 (samples: 141442)
INFO:root:Loss: 2.8659 +/- 0.0012
INFO:root:Epoch no. 209 of 500 (samples: 141442)
INFO:root:Loss: 2.8639 +/- 0.0023
INFO:root:Epoch no. 210 of 500 (samples: 141442)
INFO:root:Loss: 2.8641 +/- 0.0018
INFO:root:Epoch no. 211 of 500 (samples: 141442)
INFO:root:Loss: 2.8638 +/- 0.0022
INFO:root:Epoch no. 212 of 500 (samples: 141442)
INFO:root:Loss: 2.8644 +/- 0.0015
INFO:root:Epoch no. 213 of 500 (samples: 141442)
INFO:root:Loss: 2.8625 +/- 0.0027
INFO:root:Epoch no. 214 of 500 (samples: 141442)
INFO:root:Loss: 2.8632 +/- 0.0025
INFO:root:Epoch no. 215 of 500 (samples: 141442)
INFO:root:Loss: 2.8639 +/- 0.0025
INFO:root:Epoch no. 216 of 500 (samples: 141442)
INFO:root:Loss: 2.8632 +/- 0.002
INFO:root:Epoch no. 217 of 500 (samples: 141442)
INFO:root:Loss: 2.8631 +/- 0.0022
INFO:root:Epoch no. 218 of 500 (samples: 141442)
INFO:root:Loss: 2.8618 +/- 0.0016
INFO:root:Epoch no. 219 of 500 (samples: 141442)
INFO:root:Loss: 2.8618 +/- 0.0031
INFO:root:Epoch no. 220 of 500 (samples: 141442)
INFO:root:Loss: 2.8623 +/- 0.0024
INFO:root:Epoch no. 221 of 500 (samples: 141442)
INFO:root:Loss: 2.8623 +/- 0.0032
INFO:root:Epoch no. 222 of 500 (samples: 141442)
INFO:root:Loss: 2.8631 +/- 0.0022
INFO:root:Epoch no. 223 of 500 (samples: 141442)
INFO:root:Loss: 2.8614 +/- 0.0021
INFO:root:Epoch no. 224 of 500 (samples: 141442)
INFO:root:Loss: 2.8613 +/- 0.0031
INFO:root:Epoch no. 225 of 500 (samples: 141442)
INFO:root:Loss: 2.8615 +/- 0.0021
INFO:root:Epoch no. 226 of 500 (samples: 141442)
INFO:root:Loss: 2.8604 +/- 0.0018
INFO:root:Epoch no. 227 of 500 (samples: 141442)
INFO:root:Loss: 2.8606 +/- 0.0029
INFO:root:Epoch no. 228 of 500 (samples: 141442)
INFO:root:Loss: 2.861 +/- 0.0033
INFO:root:Epoch no. 229 of 500 (samples: 141442)
INFO:root:Loss: 2.8605 +/- 0.0028
INFO:root:Epoch no. 230 of 500 (samples: 141442)
INFO:root:Loss: 2.8604 +/- 0.0024
INFO:root:Epoch no. 231 of 500 (samples: 141442)
INFO:root:Loss: 2.8603 +/- 0.003
INFO:root:Epoch no. 232 of 500 (samples: 141442)
INFO:root:Loss: 2.8598 +/- 0.0036
INFO:root:Epoch no. 233 of 500 (samples: 141442)
INFO:root:Loss: 2.8596 +/- 0.0024
INFO:root:Epoch no. 234 of 500 (samples: 141442)
INFO:root:Loss: 2.8604 +/- 0.0025
INFO:root:Epoch no. 235 of 500 (samples: 141442)
INFO:root:Loss: 2.8584 +/- 0.0027
INFO:root:Epoch no. 236 of 500 (samples: 141442)
INFO:root:Loss: 2.8592 +/- 0.0022
INFO:root:Epoch no. 237 of 500 (samples: 141442)
INFO:root:Loss: 2.8592 +/- 0.0024
INFO:root:Epoch no. 238 of 500 (samples: 141442)
INFO:root:Loss: 2.8585 +/- 0.0022
INFO:root:Epoch no. 239 of 500 (samples: 141442)
INFO:root:Loss: 2.8598 +/- 0.0017
INFO:root:Epoch no. 240 of 500 (samples: 141442)
INFO:root:Loss: 2.8588 +/- 0.002
INFO:root:Epoch no. 241 of 500 (samples: 141442)
INFO:root:Loss: 2.8583 +/- 0.0024
INFO:root:Epoch no. 242 of 500 (samples: 141442)
INFO:root:Loss: 2.8581 +/- 0.0028
INFO:root:Epoch no. 243 of 500 (samples: 141442)
INFO:root:Loss: 2.8584 +/- 0.0023
INFO:root:Epoch no. 244 of 500 (samples: 141442)
INFO:root:Loss: 2.8578 +/- 0.0038
INFO:root:Epoch no. 245 of 500 (samples: 141442)
INFO:root:Loss: 2.8573 +/- 0.0023
INFO:root:Epoch no. 246 of 500 (samples: 141442)
INFO:root:Loss: 2.857 +/- 0.0027
INFO:root:Epoch no. 247 of 500 (samples: 141442)
INFO:root:Loss: 2.8569 +/- 0.0016
INFO:root:Epoch no. 248 of 500 (samples: 141442)
INFO:root:Loss: 2.8571 +/- 0.0022
INFO:root:Epoch no. 249 of 500 (samples: 141442)
INFO:root:Loss: 2.8566 +/- 0.0019
INFO:root:Epoch no. 250 of 500 (samples: 141442)
INFO:root:Loss: 2.856 +/- 0.0026
INFO:root:Epoch no. 251 of 500 (samples: 141442)
INFO:root:Loss: 2.8568 +/- 0.0028
INFO:root:Epoch no. 252 of 500 (samples: 141442)
INFO:root:Loss: 2.8563 +/- 0.001
INFO:root:Epoch no. 253 of 500 (samples: 141442)
INFO:root:Loss: 2.8562 +/- 0.0017
INFO:root:Epoch no. 254 of 500 (samples: 141442)
INFO:root:Loss: 2.8567 +/- 0.0034
INFO:root:Epoch no. 255 of 500 (samples: 141442)
INFO:root:Loss: 2.8562 +/- 0.0014
INFO:root:Epoch no. 256 of 500 (samples: 141442)
INFO:root:Loss: 2.8555 +/- 0.0013
INFO:root:Epoch no. 257 of 500 (samples: 141442)
INFO:root:Loss: 2.8558 +/- 0.0023
INFO:root:Epoch no. 258 of 500 (samples: 141442)
INFO:root:Loss: 2.8548 +/- 0.0028
INFO:root:Epoch no. 259 of 500 (samples: 141442)
INFO:root:Loss: 2.8547 +/- 0.0029
INFO:root:Epoch no. 260 of 500 (samples: 141442)
INFO:root:Loss: 2.8547 +/- 0.0026
INFO:root:Epoch no. 261 of 500 (samples: 141442)
INFO:root:Loss: 2.8541 +/- 0.0028
INFO:root:Epoch no. 262 of 500 (samples: 141442)
INFO:root:Loss: 2.8541 +/- 0.0022
INFO:root:Epoch no. 263 of 500 (samples: 141442)
INFO:root:Loss: 2.8545 +/- 0.0012
INFO:root:Epoch no. 264 of 500 (samples: 141442)
INFO:root:Loss: 2.8542 +/- 0.0026
INFO:root:Epoch no. 265 of 500 (samples: 141442)
INFO:root:Loss: 2.8544 +/- 0.0021
INFO:root:Epoch no. 266 of 500 (samples: 141442)
INFO:root:Loss: 2.854 +/- 0.0023
INFO:root:Epoch no. 267 of 500 (samples: 141442)
INFO:root:Loss: 2.8536 +/- 0.0027
INFO:root:Epoch no. 268 of 500 (samples: 141442)
INFO:root:Loss: 2.8534 +/- 0.0029
INFO:root:Epoch no. 269 of 500 (samples: 141442)
INFO:root:Loss: 2.8537 +/- 0.0026
INFO:root:Epoch no. 270 of 500 (samples: 141442)
INFO:root:Loss: 2.8539 +/- 0.0019
INFO:root:Epoch no. 271 of 500 (samples: 141442)
INFO:root:Loss: 2.8538 +/- 0.002
INFO:root:Epoch no. 272 of 500 (samples: 141442)
INFO:root:Loss: 2.8533 +/- 0.0029
INFO:root:Epoch no. 273 of 500 (samples: 141442)
INFO:root:Loss: 2.8528 +/- 0.002
INFO:root:Epoch no. 274 of 500 (samples: 141442)
INFO:root:Loss: 2.8528 +/- 0.0023
INFO:root:Epoch no. 275 of 500 (samples: 141442)
INFO:root:Loss: 2.8529 +/- 0.0019
INFO:root:Epoch no. 276 of 500 (samples: 141442)
INFO:root:Loss: 2.8524 +/- 0.0023
INFO:root:Epoch no. 277 of 500 (samples: 141442)
INFO:root:Loss: 2.8516 +/- 0.0021
INFO:root:Epoch no. 278 of 500 (samples: 141442)
INFO:root:Loss: 2.8519 +/- 0.0021
INFO:root:Epoch no. 279 of 500 (samples: 141442)
INFO:root:Loss: 2.8522 +/- 0.0037
INFO:root:Epoch no. 280 of 500 (samples: 141442)
INFO:root:Loss: 2.8526 +/- 0.0016
INFO:root:Epoch no. 281 of 500 (samples: 141442)
INFO:root:Loss: 2.8513 +/- 0.0032
INFO:root:Epoch no. 282 of 500 (samples: 141442)
INFO:root:Loss: 2.852 +/- 0.0015
INFO:root:Epoch no. 283 of 500 (samples: 141442)
INFO:root:Loss: 2.8523 +/- 0.002
INFO:root:Epoch no. 284 of 500 (samples: 141442)
INFO:root:Loss: 2.8515 +/- 0.0023
INFO:root:Epoch no. 285 of 500 (samples: 141442)
INFO:root:Loss: 2.8512 +/- 0.0032
INFO:root:Epoch no. 286 of 500 (samples: 141442)
INFO:root:Loss: 2.851 +/- 0.0023
INFO:root:Epoch no. 287 of 500 (samples: 141442)
INFO:root:Loss: 2.8518 +/- 0.0023
INFO:root:Epoch no. 288 of 500 (samples: 141442)
INFO:root:Loss: 2.8509 +/- 0.0032
INFO:root:Epoch no. 289 of 500 (samples: 141442)
INFO:root:Loss: 2.8503 +/- 0.0031
INFO:root:Epoch no. 290 of 500 (samples: 141442)
INFO:root:Loss: 2.8511 +/- 0.0017
INFO:root:Epoch no. 291 of 500 (samples: 141442)
INFO:root:Loss: 2.851 +/- 0.0032
INFO:root:Epoch no. 292 of 500 (samples: 141442)
INFO:root:Loss: 2.8504 +/- 0.0024
INFO:root:Epoch no. 293 of 500 (samples: 141442)
INFO:root:Loss: 2.8504 +/- 0.0018
INFO:root:Epoch no. 294 of 500 (samples: 141442)
INFO:root:Loss: 2.8501 +/- 0.0026
INFO:root:Epoch no. 295 of 500 (samples: 141442)
INFO:root:Loss: 2.8496 +/- 0.0029
INFO:root:Epoch no. 296 of 500 (samples: 141442)
INFO:root:Loss: 2.8497 +/- 0.0029
INFO:root:Epoch no. 297 of 500 (samples: 141442)
INFO:root:Loss: 2.8493 +/- 0.0017
INFO:root:Epoch no. 298 of 500 (samples: 141442)
INFO:root:Loss: 2.8489 +/- 0.0025
INFO:root:Epoch no. 299 of 500 (samples: 141442)
INFO:root:Loss: 2.8496 +/- 0.0039
INFO:root:Epoch no. 300 of 500 (samples: 141442)
INFO:root:Loss: 2.8495 +/- 0.0025
INFO:root:Epoch no. 301 of 500 (samples: 141442)
INFO:root:Loss: 2.8491 +/- 0.0026
INFO:root:Epoch no. 302 of 500 (samples: 141442)
INFO:root:Loss: 2.849 +/- 0.0033
INFO:root:Epoch no. 303 of 500 (samples: 141442)
INFO:root:Loss: 2.8503 +/- 0.0027
INFO:root:Epoch no. 304 of 500 (samples: 141442)
INFO:root:Loss: 2.8497 +/- 0.0013
INFO:root:Epoch no. 305 of 500 (samples: 141442)
INFO:root:Loss: 2.8481 +/- 0.0031
INFO:root:Epoch no. 306 of 500 (samples: 141442)
INFO:root:Loss: 2.8494 +/- 0.0016
INFO:root:Epoch no. 307 of 500 (samples: 141442)
INFO:root:Loss: 2.8492 +/- 0.0027
INFO:root:Epoch no. 308 of 500 (samples: 141442)
INFO:root:Loss: 2.8487 +/- 0.0022
INFO:root:Epoch no. 309 of 500 (samples: 141442)
INFO:root:Loss: 2.8489 +/- 0.0023
INFO:root:Epoch no. 310 of 500 (samples: 141442)
INFO:root:Loss: 2.8485 +/- 0.0028
INFO:root:Epoch no. 311 of 500 (samples: 141442)
INFO:root:Loss: 2.8486 +/- 0.0027
INFO:root:Epoch no. 312 of 500 (samples: 141442)
INFO:root:Loss: 2.8486 +/- 0.0017
INFO:root:Epoch no. 313 of 500 (samples: 141442)
INFO:root:Loss: 2.8487 +/- 0.0029
INFO:root:Epoch no. 314 of 500 (samples: 141442)
INFO:root:Loss: 2.8471 +/- 0.0016
INFO:root:Epoch no. 315 of 500 (samples: 141442)
INFO:root:Loss: 2.8483 +/- 0.003
INFO:root:Epoch no. 316 of 500 (samples: 141442)
INFO:root:Loss: 2.847 +/- 0.0023
INFO:root:Epoch no. 317 of 500 (samples: 141442)
INFO:root:Loss: 2.8485 +/- 0.0021
INFO:root:Epoch no. 318 of 500 (samples: 141442)
INFO:root:Loss: 2.8467 +/- 0.0024
INFO:root:Epoch no. 319 of 500 (samples: 141442)
INFO:root:Loss: 2.8469 +/- 0.0035
INFO:root:Epoch no. 320 of 500 (samples: 141442)
INFO:root:Loss: 2.8489 +/- 0.0025
INFO:root:Epoch no. 321 of 500 (samples: 141442)
INFO:root:Loss: 2.8466 +/- 0.0038
INFO:root:Epoch no. 322 of 500 (samples: 141442)
INFO:root:Loss: 2.8469 +/- 0.0037
INFO:root:Epoch no. 323 of 500 (samples: 141442)
INFO:root:Loss: 2.8459 +/- 0.0035
INFO:root:Epoch no. 324 of 500 (samples: 141442)
INFO:root:Loss: 2.8466 +/- 0.0013
INFO:root:Epoch no. 325 of 500 (samples: 141442)
INFO:root:Loss: 2.847 +/- 0.0019
INFO:root:Epoch no. 326 of 500 (samples: 141442)
INFO:root:Loss: 2.8465 +/- 0.0017
INFO:root:Epoch no. 327 of 500 (samples: 141442)
INFO:root:Loss: 2.8462 +/- 0.0026
INFO:root:Epoch no. 328 of 500 (samples: 141442)
INFO:root:Loss: 2.8468 +/- 0.0018
INFO:root:Epoch no. 329 of 500 (samples: 141442)
INFO:root:Loss: 2.8473 +/- 0.0024
INFO:root:Epoch no. 330 of 500 (samples: 141442)
INFO:root:Loss: 2.8462 +/- 0.0031
INFO:root:Epoch no. 331 of 500 (samples: 141442)
INFO:root:Loss: 2.8464 +/- 0.0025
INFO:root:Epoch no. 332 of 500 (samples: 141442)
INFO:root:Loss: 2.846 +/- 0.0025
INFO:root:Epoch no. 333 of 500 (samples: 141442)
INFO:root:Loss: 2.8453 +/- 0.002
INFO:root:Epoch no. 334 of 500 (samples: 141442)
INFO:root:Loss: 2.8459 +/- 0.0024
INFO:root:Epoch no. 335 of 500 (samples: 141442)
INFO:root:Loss: 2.8459 +/- 0.0016
INFO:root:Epoch no. 336 of 500 (samples: 141442)
INFO:root:Loss: 2.8452 +/- 0.0029
INFO:root:Epoch no. 337 of 500 (samples: 141442)
INFO:root:Loss: 2.8463 +/- 0.0027
INFO:root:Epoch no. 338 of 500 (samples: 141442)
INFO:root:Loss: 2.8465 +/- 0.0025
INFO:root:Epoch no. 339 of 500 (samples: 141442)
INFO:root:Loss: 2.8466 +/- 0.0022
INFO:root:Epoch no. 340 of 500 (samples: 141442)
INFO:root:Loss: 2.846 +/- 0.0023
INFO:root:Epoch no. 341 of 500 (samples: 141442)
INFO:root:Loss: 2.8453 +/- 0.0019
INFO:root:Epoch no. 342 of 500 (samples: 141442)
INFO:root:Loss: 2.8453 +/- 0.003
INFO:root:Epoch no. 343 of 500 (samples: 141442)
INFO:root:Loss: 2.8462 +/- 0.0028
INFO:root:Epoch no. 344 of 500 (samples: 141442)
INFO:root:Loss: 2.8452 +/- 0.0025
INFO:root:Epoch no. 345 of 500 (samples: 141442)
INFO:root:Loss: 2.8452 +/- 0.0028
INFO:root:Epoch no. 346 of 500 (samples: 141442)
INFO:root:Loss: 2.8442 +/- 0.002
INFO:root:Epoch no. 347 of 500 (samples: 141442)
INFO:root:Loss: 2.8462 +/- 0.0032
INFO:root:Epoch no. 348 of 500 (samples: 141442)
INFO:root:Loss: 2.845 +/- 0.0022
INFO:root:Epoch no. 349 of 500 (samples: 141442)
INFO:root:Loss: 2.8456 +/- 0.0019
INFO:root:Epoch no. 350 of 500 (samples: 141442)
INFO:root:Loss: 2.8454 +/- 0.003
INFO:root:Epoch no. 351 of 500 (samples: 141442)
INFO:root:Loss: 2.845 +/- 0.0014
INFO:root:Epoch no. 352 of 500 (samples: 141442)
INFO:root:Loss: 2.8447 +/- 0.003
INFO:root:Epoch no. 353 of 500 (samples: 141442)
INFO:root:Loss: 2.844 +/- 0.0017
INFO:root:Epoch no. 354 of 500 (samples: 141442)
INFO:root:Loss: 2.8452 +/- 0.0021
INFO:root:Epoch no. 355 of 500 (samples: 141442)
INFO:root:Loss: 2.8451 +/- 0.0038
INFO:root:Epoch no. 356 of 500 (samples: 141442)
INFO:root:Loss: 2.8445 +/- 0.0028
INFO:root:Epoch no. 357 of 500 (samples: 141442)
INFO:root:Loss: 2.8459 +/- 0.0022
INFO:root:Epoch no. 358 of 500 (samples: 141442)
INFO:root:Loss: 2.8445 +/- 0.0024
INFO:root:Epoch no. 359 of 500 (samples: 141442)
INFO:root:Loss: 2.8441 +/- 0.0019
INFO:root:Epoch no. 360 of 500 (samples: 141442)
INFO:root:Loss: 2.8443 +/- 0.0036
INFO:root:Epoch no. 361 of 500 (samples: 141442)
INFO:root:Loss: 2.8432 +/- 0.0035
INFO:root:Epoch no. 362 of 500 (samples: 141442)
INFO:root:Loss: 2.8444 +/- 0.0034
INFO:root:Epoch no. 363 of 500 (samples: 141442)
INFO:root:Loss: 2.8441 +/- 0.002
INFO:root:Epoch no. 364 of 500 (samples: 141442)
INFO:root:Loss: 2.843 +/- 0.0036
INFO:root:Epoch no. 365 of 500 (samples: 141442)
INFO:root:Loss: 2.8438 +/- 0.0027
INFO:root:Epoch no. 366 of 500 (samples: 141442)
INFO:root:Loss: 2.8437 +/- 0.0023
INFO:root:Epoch no. 367 of 500 (samples: 141442)
INFO:root:Loss: 2.8443 +/- 0.0018
INFO:root:Epoch no. 368 of 500 (samples: 141442)
INFO:root:Loss: 2.8436 +/- 0.0032
INFO:root:Epoch no. 369 of 500 (samples: 141442)
INFO:root:Loss: 2.8425 +/- 0.0028
INFO:root:Epoch no. 370 of 500 (samples: 141442)
INFO:root:Loss: 2.8447 +/- 0.0027
INFO:root:Epoch no. 371 of 500 (samples: 141442)
INFO:root:Loss: 2.8435 +/- 0.0027
INFO:root:Epoch no. 372 of 500 (samples: 141442)
INFO:root:Loss: 2.8429 +/- 0.0014
INFO:root:Epoch no. 373 of 500 (samples: 141442)
INFO:root:Loss: 2.8434 +/- 0.0016
INFO:root:Epoch no. 374 of 500 (samples: 141442)
INFO:root:Loss: 2.8434 +/- 0.0017
INFO:root:Epoch no. 375 of 500 (samples: 141442)
INFO:root:Loss: 2.8437 +/- 0.0009
INFO:root:Epoch no. 376 of 500 (samples: 141442)
INFO:root:Loss: 2.8433 +/- 0.0034
INFO:root:Epoch no. 377 of 500 (samples: 141442)
INFO:root:Loss: 2.8434 +/- 0.0024
INFO:root:Epoch no. 378 of 500 (samples: 141442)
INFO:root:Loss: 2.8435 +/- 0.0032
INFO:root:Epoch no. 379 of 500 (samples: 141442)
INFO:root:Loss: 2.8432 +/- 0.0029
INFO:root:Epoch no. 380 of 500 (samples: 141442)
INFO:root:Loss: 2.8436 +/- 0.0027
INFO:root:Epoch no. 381 of 500 (samples: 141442)
INFO:root:Loss: 2.8434 +/- 0.0039
INFO:root:Epoch no. 382 of 500 (samples: 141442)
INFO:root:Loss: 2.8431 +/- 0.0033
INFO:root:Epoch no. 383 of 500 (samples: 141442)
INFO:root:Loss: 2.8423 +/- 0.0029
INFO:root:Epoch no. 384 of 500 (samples: 141442)
INFO:root:Loss: 2.8441 +/- 0.0027
INFO:root:Epoch no. 385 of 500 (samples: 141442)
INFO:root:Loss: 2.8423 +/- 0.0017
INFO:root:Epoch no. 386 of 500 (samples: 141442)
INFO:root:Loss: 2.8431 +/- 0.0032
INFO:root:Epoch no. 387 of 500 (samples: 141442)
INFO:root:Loss: 2.8421 +/- 0.0031
INFO:root:Epoch no. 388 of 500 (samples: 141442)
INFO:root:Loss: 2.842 +/- 0.0023
INFO:root:Epoch no. 389 of 500 (samples: 141442)
INFO:root:Loss: 2.8417 +/- 0.0016
INFO:root:Epoch no. 390 of 500 (samples: 141442)
INFO:root:Loss: 2.8427 +/- 0.0017
INFO:root:Epoch no. 391 of 500 (samples: 141442)
INFO:root:Loss: 2.8421 +/- 0.0025
INFO:root:Epoch no. 392 of 500 (samples: 141442)
INFO:root:Loss: 2.8427 +/- 0.0024
INFO:root:Epoch no. 393 of 500 (samples: 141442)
INFO:root:Loss: 2.8416 +/- 0.002
INFO:root:Epoch no. 394 of 500 (samples: 141442)
INFO:root:Loss: 2.8415 +/- 0.0024
INFO:root:Epoch no. 395 of 500 (samples: 141442)
INFO:root:Loss: 2.8421 +/- 0.0023
INFO:root:Epoch no. 396 of 500 (samples: 141442)
INFO:root:Loss: 2.8422 +/- 0.0021
INFO:root:Epoch no. 397 of 500 (samples: 141442)
INFO:root:Loss: 2.8421 +/- 0.0022
INFO:root:Epoch no. 398 of 500 (samples: 141442)
INFO:root:Loss: 2.8415 +/- 0.0032
INFO:root:Epoch no. 399 of 500 (samples: 141442)
INFO:root:Loss: 2.842 +/- 0.0024
INFO:root:Epoch no. 400 of 500 (samples: 141442)
INFO:root:Loss: 2.8417 +/- 0.003
INFO:root:Epoch no. 401 of 500 (samples: 141442)
INFO:root:Loss: 2.8419 +/- 0.0047
INFO:root:Epoch no. 402 of 500 (samples: 141442)
INFO:root:Loss: 2.842 +/- 0.0032
INFO:root:Epoch no. 403 of 500 (samples: 141442)
INFO:root:Loss: 2.8408 +/- 0.0021
INFO:root:Epoch no. 404 of 500 (samples: 141442)
INFO:root:Loss: 2.8413 +/- 0.0027
INFO:root:Epoch no. 405 of 500 (samples: 141442)
INFO:root:Loss: 2.8416 +/- 0.0023
INFO:root:Epoch no. 406 of 500 (samples: 141442)
INFO:root:Loss: 2.8418 +/- 0.002
INFO:root:Epoch no. 407 of 500 (samples: 141442)
INFO:root:Loss: 2.8409 +/- 0.0023
INFO:root:Epoch no. 408 of 500 (samples: 141442)
INFO:root:Loss: 2.8413 +/- 0.0009
INFO:root:Epoch no. 409 of 500 (samples: 141442)
INFO:root:Loss: 2.842 +/- 0.0026
INFO:root:Epoch no. 410 of 500 (samples: 141442)
INFO:root:Loss: 2.8414 +/- 0.0032
INFO:root:Epoch no. 411 of 500 (samples: 141442)
INFO:root:Loss: 2.8425 +/- 0.0036
INFO:root:Epoch no. 412 of 500 (samples: 141442)
INFO:root:Loss: 2.8408 +/- 0.0037
INFO:root:Epoch no. 413 of 500 (samples: 141442)
INFO:root:Loss: 2.8409 +/- 0.0029
INFO:root:Epoch no. 414 of 500 (samples: 141442)
INFO:root:Loss: 2.8413 +/- 0.0031
INFO:root:Epoch no. 415 of 500 (samples: 141442)
INFO:root:Loss: 2.8406 +/- 0.0034
INFO:root:Epoch no. 416 of 500 (samples: 141442)
INFO:root:Loss: 2.842 +/- 0.0017
INFO:root:Epoch no. 417 of 500 (samples: 141442)
INFO:root:Loss: 2.8418 +/- 0.0028
INFO:root:Epoch no. 418 of 500 (samples: 141442)
INFO:root:Loss: 2.8413 +/- 0.0028
INFO:root:Epoch no. 419 of 500 (samples: 141442)
INFO:root:Loss: 2.8409 +/- 0.0023
INFO:root:Epoch no. 420 of 500 (samples: 141442)
INFO:root:Loss: 2.8412 +/- 0.0025
INFO:root:Epoch no. 421 of 500 (samples: 141442)
INFO:root:Loss: 2.8415 +/- 0.0026
INFO:root:Epoch no. 422 of 500 (samples: 141442)
INFO:root:Loss: 2.8417 +/- 0.0028
INFO:root:Epoch no. 423 of 500 (samples: 141442)
INFO:root:Loss: 2.8397 +/- 0.0018
INFO:root:Epoch no. 424 of 500 (samples: 141442)
INFO:root:Loss: 2.8401 +/- 0.0024
INFO:root:Epoch no. 425 of 500 (samples: 141442)
INFO:root:Loss: 2.8411 +/- 0.003
INFO:root:Epoch no. 426 of 500 (samples: 141442)
INFO:root:Loss: 2.8404 +/- 0.0023
INFO:root:Epoch no. 427 of 500 (samples: 141442)
INFO:root:Loss: 2.8409 +/- 0.0026
INFO:root:Epoch no. 428 of 500 (samples: 141442)
INFO:root:Loss: 2.8401 +/- 0.0012
INFO:root:Epoch no. 429 of 500 (samples: 141442)
INFO:root:Loss: 2.8407 +/- 0.0023
INFO:root:Epoch no. 430 of 500 (samples: 141442)
INFO:root:Loss: 2.84 +/- 0.0028
INFO:root:Epoch no. 431 of 500 (samples: 141442)
INFO:root:Loss: 2.8397 +/- 0.0031
INFO:root:Epoch no. 432 of 500 (samples: 141442)
INFO:root:Loss: 2.8392 +/- 0.0024
INFO:root:Epoch no. 433 of 500 (samples: 141442)
INFO:root:Loss: 2.841 +/- 0.0017
INFO:root:Epoch no. 434 of 500 (samples: 141442)
INFO:root:Loss: 2.8398 +/- 0.0021
INFO:root:Epoch no. 435 of 500 (samples: 141442)
INFO:root:Loss: 2.8405 +/- 0.0036
INFO:root:Epoch no. 436 of 500 (samples: 141442)
INFO:root:Loss: 2.8401 +/- 0.0042
INFO:root:Epoch no. 437 of 500 (samples: 141442)
INFO:root:Loss: 2.84 +/- 0.0037
INFO:root:Epoch no. 438 of 500 (samples: 141442)
INFO:root:Loss: 2.8398 +/- 0.0021
INFO:root:Epoch no. 439 of 500 (samples: 141442)
INFO:root:Loss: 2.8404 +/- 0.0043
INFO:root:Epoch no. 440 of 500 (samples: 141442)
INFO:root:Loss: 2.8391 +/- 0.0029
INFO:root:Epoch no. 441 of 500 (samples: 141442)
INFO:root:Loss: 2.8391 +/- 0.0026
INFO:root:Epoch no. 442 of 500 (samples: 141442)
INFO:root:Loss: 2.8393 +/- 0.0033
INFO:root:Epoch no. 443 of 500 (samples: 141442)
INFO:root:Loss: 2.8393 +/- 0.0023
INFO:root:Epoch no. 444 of 500 (samples: 141442)
INFO:root:Loss: 2.841 +/- 0.0022
INFO:root:Epoch no. 445 of 500 (samples: 141442)
INFO:root:Loss: 2.839 +/- 0.0027
INFO:root:Epoch no. 446 of 500 (samples: 141442)
INFO:root:Loss: 2.8388 +/- 0.0022
INFO:root:Epoch no. 447 of 500 (samples: 141442)
INFO:root:Loss: 2.8403 +/- 0.0028
INFO:root:Epoch no. 448 of 500 (samples: 141442)
INFO:root:Loss: 2.8394 +/- 0.0022
INFO:root:Epoch no. 449 of 500 (samples: 141442)
INFO:root:Loss: 2.8397 +/- 0.003
INFO:root:Epoch no. 450 of 500 (samples: 141442)
INFO:root:Loss: 2.8391 +/- 0.0025
INFO:root:Epoch no. 451 of 500 (samples: 141442)
INFO:root:Loss: 2.8388 +/- 0.0033
INFO:root:Epoch no. 452 of 500 (samples: 141442)
INFO:root:Loss: 2.8388 +/- 0.0032
INFO:root:Epoch no. 453 of 500 (samples: 141442)
INFO:root:Loss: 2.8393 +/- 0.003
INFO:root:Epoch no. 454 of 500 (samples: 141442)
INFO:root:Loss: 2.8392 +/- 0.0035
INFO:root:Epoch no. 455 of 500 (samples: 141442)
INFO:root:Loss: 2.8394 +/- 0.0023
INFO:root:Epoch no. 456 of 500 (samples: 141442)
INFO:root:Loss: 2.8396 +/- 0.0024
INFO:root:Epoch no. 457 of 500 (samples: 141442)
INFO:root:Loss: 2.8391 +/- 0.0031
INFO:root:Epoch no. 458 of 500 (samples: 141442)
INFO:root:Loss: 2.8388 +/- 0.0027
INFO:root:Epoch no. 459 of 500 (samples: 141442)
INFO:root:Loss: 2.8405 +/- 0.0034
INFO:root:Epoch no. 460 of 500 (samples: 141442)
INFO:root:Loss: 2.8392 +/- 0.0028
INFO:root:Epoch no. 461 of 500 (samples: 141442)
INFO:root:Loss: 2.8391 +/- 0.0023
INFO:root:Epoch no. 462 of 500 (samples: 141442)
INFO:root:Loss: 2.8389 +/- 0.0027
INFO:root:Epoch no. 463 of 500 (samples: 141442)
INFO:root:Loss: 2.8392 +/- 0.0031
INFO:root:Epoch no. 464 of 500 (samples: 141442)
INFO:root:Loss: 2.8388 +/- 0.0023
INFO:root:Epoch no. 465 of 500 (samples: 141442)
INFO:root:Loss: 2.8379 +/- 0.0034
INFO:root:Epoch no. 466 of 500 (samples: 141442)
INFO:root:Loss: 2.839 +/- 0.002
INFO:root:Epoch no. 467 of 500 (samples: 141442)
INFO:root:Loss: 2.8388 +/- 0.0035
INFO:root:Epoch no. 468 of 500 (samples: 141442)
INFO:root:Loss: 2.8388 +/- 0.0037
INFO:root:Epoch no. 469 of 500 (samples: 141442)
INFO:root:Loss: 2.8386 +/- 0.0042
INFO:root:Epoch no. 470 of 500 (samples: 141442)
INFO:root:Loss: 2.8395 +/- 0.0027
INFO:root:Epoch no. 471 of 500 (samples: 141442)
INFO:root:Loss: 2.8385 +/- 0.0027
INFO:root:Epoch no. 472 of 500 (samples: 141442)
INFO:root:Loss: 2.8383 +/- 0.003
INFO:root:Epoch no. 473 of 500 (samples: 141442)
INFO:root:Loss: 2.8383 +/- 0.0028
INFO:root:Epoch no. 474 of 500 (samples: 141442)
INFO:root:Loss: 2.8383 +/- 0.0027
INFO:root:Epoch no. 475 of 500 (samples: 141442)
INFO:root:Loss: 2.8383 +/- 0.002
INFO:root:Epoch no. 476 of 500 (samples: 141442)
INFO:root:Loss: 2.8374 +/- 0.0029
INFO:root:Epoch no. 477 of 500 (samples: 141442)
INFO:root:Loss: 2.8389 +/- 0.0029
INFO:root:Epoch no. 478 of 500 (samples: 141442)
INFO:root:Loss: 2.8375 +/- 0.0026
INFO:root:Epoch no. 479 of 500 (samples: 141442)
INFO:root:Loss: 2.8386 +/- 0.0019
INFO:root:Epoch no. 480 of 500 (samples: 141442)
INFO:root:Loss: 2.8384 +/- 0.0028
INFO:root:Epoch no. 481 of 500 (samples: 141442)
INFO:root:Loss: 2.8385 +/- 0.0016
INFO:root:Epoch no. 482 of 500 (samples: 141442)
INFO:root:Loss: 2.8382 +/- 0.0039
INFO:root:Epoch no. 483 of 500 (samples: 141442)
INFO:root:Loss: 2.8389 +/- 0.0033
INFO:root:Epoch no. 484 of 500 (samples: 141442)
INFO:root:Loss: 2.8371 +/- 0.0029
INFO:root:Epoch no. 485 of 500 (samples: 141442)
INFO:root:Loss: 2.8383 +/- 0.0021
INFO:root:Epoch no. 486 of 500 (samples: 141442)
INFO:root:Loss: 2.8384 +/- 0.0019
INFO:root:Epoch no. 487 of 500 (samples: 141442)
INFO:root:Loss: 2.8377 +/- 0.0025
INFO:root:Epoch no. 488 of 500 (samples: 141442)
INFO:root:Loss: 2.8373 +/- 0.0027
INFO:root:Epoch no. 489 of 500 (samples: 141442)
INFO:root:Loss: 2.8372 +/- 0.0024
INFO:root:Epoch no. 490 of 500 (samples: 141442)
INFO:root:Loss: 2.8389 +/- 0.0018
INFO:root:Epoch no. 491 of 500 (samples: 141442)
INFO:root:Loss: 2.8378 +/- 0.0041
INFO:root:Epoch no. 492 of 500 (samples: 141442)
INFO:root:Loss: 2.8376 +/- 0.0038
INFO:root:Epoch no. 493 of 500 (samples: 141442)
INFO:root:Loss: 2.8385 +/- 0.0033
INFO:root:Epoch no. 494 of 500 (samples: 141442)
INFO:root:Loss: 2.8381 +/- 0.0029
INFO:root:Epoch no. 495 of 500 (samples: 141442)
INFO:root:Loss: 2.8389 +/- 0.0011
INFO:root:Epoch no. 496 of 500 (samples: 141442)
INFO:root:Loss: 2.8382 +/- 0.0026
INFO:root:Epoch no. 497 of 500 (samples: 141442)
INFO:root:Loss: 2.8373 +/- 0.0033
INFO:root:Epoch no. 498 of 500 (samples: 141442)
INFO:root:Loss: 2.8375 +/- 0.0031
INFO:root:Epoch no. 499 of 500 (samples: 141442)
INFO:root:Loss: 2.8373 +/- 0.0028
INFO:root:Epoch no. 500 of 500 (samples: 141442)
INFO:root:Loss: 2.8381 +/- 0.0015
INFO:root:### MICRO (validation raw):
INFO:root:	-- left   >> mean: 9225.4174, median: 4896.0, mrr: 0.006, hits@1: 0.08%
INFO:root:	-- right  >> mean: 9653.7894, median: 5539.0, mrr: 0.009, hits@1: 0.46%
INFO:root:	-- global >> mean: 9439.6034, median: 5201.5, mrr: 0.008, hits@1: 0.27%
INFO:root:### MICRO (validation raw):
INFO:root:	-- left   >> mean: 9225.4174, median: 4896.0, mrr: 0.006, hits@3: 0.56%
INFO:root:	-- right  >> mean: 9653.7894, median: 5539.0, mrr: 0.009, hits@3: 0.66%
INFO:root:	-- global >> mean: 9439.6034, median: 5201.5, mrr: 0.008, hits@3: 0.61%
INFO:root:### MICRO (validation raw):
INFO:root:	-- left   >> mean: 9225.4174, median: 4896.0, mrr: 0.006, hits@5: 0.7%
INFO:root:	-- right  >> mean: 9653.7894, median: 5539.0, mrr: 0.009, hits@5: 0.76%
INFO:root:	-- global >> mean: 9439.6034, median: 5201.5, mrr: 0.008, hits@5: 0.73%
INFO:root:### MICRO (validation raw):
INFO:root:	-- left   >> mean: 9225.4174, median: 4896.0, mrr: 0.006, hits@10: 1.28%
INFO:root:	-- right  >> mean: 9653.7894, median: 5539.0, mrr: 0.009, hits@10: 1.26%
INFO:root:	-- global >> mean: 9439.6034, median: 5201.5, mrr: 0.008, hits@10: 1.27%
INFO:root:### MICRO (validation filtered):
INFO:root:	-- left   >> mean: 9214.1442, median: 4893.0, mrr: 0.007, hits@1: 0.08%
INFO:root:	-- right  >> mean: 9642.4928, median: 5535.0, mrr: 0.008, hits@1: 0.44%
INFO:root:	-- global >> mean: 9428.3185, median: 5182.5, mrr: 0.007, hits@1: 0.26%
INFO:root:### MICRO (validation filtered):
INFO:root:	-- left   >> mean: 9214.1442, median: 4893.0, mrr: 0.007, hits@3: 0.56%
INFO:root:	-- right  >> mean: 9642.4928, median: 5535.0, mrr: 0.008, hits@3: 0.66%
INFO:root:	-- global >> mean: 9428.3185, median: 5182.5, mrr: 0.007, hits@3: 0.61%
INFO:root:### MICRO (validation filtered):
INFO:root:	-- left   >> mean: 9214.1442, median: 4893.0, mrr: 0.007, hits@5: 0.7%
INFO:root:	-- right  >> mean: 9642.4928, median: 5535.0, mrr: 0.008, hits@5: 0.78%
INFO:root:	-- global >> mean: 9428.3185, median: 5182.5, mrr: 0.007, hits@5: 0.74%
INFO:root:### MICRO (validation filtered):
INFO:root:	-- left   >> mean: 9214.1442, median: 4893.0, mrr: 0.007, hits@10: 1.34%
INFO:root:	-- right  >> mean: 9642.4928, median: 5535.0, mrr: 0.008, hits@10: 1.26%
INFO:root:	-- global >> mean: 9428.3185, median: 5182.5, mrr: 0.007, hits@10: 1.3%
INFO:root:### MICRO (test raw):
INFO:root:	-- left   >> mean: 9586.3556, median: 5325.0, mrr: 0.006, hits@1: 0.12%
INFO:root:	-- right  >> mean: 9094.3618, median: 4711.5, mrr: 0.009, hits@1: 0.46%
INFO:root:	-- global >> mean: 9340.3587, median: 5002.0, mrr: 0.008, hits@1: 0.29%
INFO:root:### MICRO (test raw):
INFO:root:	-- left   >> mean: 9586.3556, median: 5325.0, mrr: 0.006, hits@3: 0.56%
INFO:root:	-- right  >> mean: 9094.3618, median: 4711.5, mrr: 0.009, hits@3: 0.68%
INFO:root:	-- global >> mean: 9340.3587, median: 5002.0, mrr: 0.008, hits@3: 0.62%
INFO:root:### MICRO (test raw):
INFO:root:	-- left   >> mean: 9586.3556, median: 5325.0, mrr: 0.006, hits@5: 0.72%
INFO:root:	-- right  >> mean: 9094.3618, median: 4711.5, mrr: 0.009, hits@5: 0.78%
INFO:root:	-- global >> mean: 9340.3587, median: 5002.0, mrr: 0.008, hits@5: 0.75%
INFO:root:### MICRO (test raw):
INFO:root:	-- left   >> mean: 9586.3556, median: 5325.0, mrr: 0.006, hits@10: 1.2%
INFO:root:	-- right  >> mean: 9094.3618, median: 4711.5, mrr: 0.009, hits@10: 1.2%
INFO:root:	-- global >> mean: 9340.3587, median: 5002.0, mrr: 0.008, hits@10: 1.2%
INFO:root:### MICRO (test filtered):
INFO:root:	-- left   >> mean: 9574.5808, median: 5324.0, mrr: 0.006, hits@1: 0.1%
INFO:root:	-- right  >> mean: 9083.59, median: 4699.5, mrr: 0.009, hits@1: 0.46%
INFO:root:	-- global >> mean: 9329.0854, median: 4997.0, mrr: 0.007, hits@1: 0.28%
INFO:root:### MICRO (test filtered):
INFO:root:	-- left   >> mean: 9574.5808, median: 5324.0, mrr: 0.006, hits@3: 0.58%
INFO:root:	-- right  >> mean: 9083.59, median: 4699.5, mrr: 0.009, hits@3: 0.66%
INFO:root:	-- global >> mean: 9329.0854, median: 4997.0, mrr: 0.007, hits@3: 0.62%
INFO:root:### MICRO (test filtered):
INFO:root:	-- left   >> mean: 9574.5808, median: 5324.0, mrr: 0.006, hits@5: 0.74%
INFO:root:	-- right  >> mean: 9083.59, median: 4699.5, mrr: 0.009, hits@5: 0.82%
INFO:root:	-- global >> mean: 9329.0854, median: 4997.0, mrr: 0.007, hits@5: 0.78%
INFO:root:### MICRO (test filtered):
INFO:root:	-- left   >> mean: 9574.5808, median: 5324.0, mrr: 0.006, hits@10: 1.18%
INFO:root:	-- right  >> mean: 9083.59, median: 4699.5, mrr: 0.009, hits@10: 1.18%
INFO:root:	-- global >> mean: 9329.0854, median: 4997.0, mrr: 0.007, hits@10: 1.18%
