Using Theano backend.
INFO:root:Acquiring data/wn18/wordnet-mlj12-train.txt ..
INFO:root:Acquiring data/wn18/wordnet-mlj12-valid.txt ..
INFO:root:Acquiring data/wn18/wordnet-mlj12-test.txt ..
INFO:root:Samples: 141442, no. batches: 10 -> batch size: 14145
INFO:root:Epoch no. 1 of 500 (samples: 141442)
INFO:root:Loss: 1.3328 +/- 0.0005
INFO:root:Epoch no. 2 of 500 (samples: 141442)
INFO:root:Loss: 1.3224 +/- 0.0012
INFO:root:Epoch no. 3 of 500 (samples: 141442)
INFO:root:Loss: 1.3118 +/- 0.002
INFO:root:Epoch no. 4 of 500 (samples: 141442)
INFO:root:Loss: 1.2995 +/- 0.002
INFO:root:Epoch no. 5 of 500 (samples: 141442)
INFO:root:Loss: 1.2857 +/- 0.0024
INFO:root:Epoch no. 6 of 500 (samples: 141442)
INFO:root:Loss: 1.2708 +/- 0.0026
INFO:root:Epoch no. 7 of 500 (samples: 141442)
INFO:root:Loss: 1.255 +/- 0.003
INFO:root:Epoch no. 8 of 500 (samples: 141442)
INFO:root:Loss: 1.2394 +/- 0.0028
INFO:root:Epoch no. 9 of 500 (samples: 141442)
INFO:root:Loss: 1.2236 +/- 0.0029
INFO:root:Epoch no. 10 of 500 (samples: 141442)
INFO:root:Loss: 1.2078 +/- 0.0027
INFO:root:Epoch no. 11 of 500 (samples: 141442)
INFO:root:Loss: 1.1929 +/- 0.0021
INFO:root:Epoch no. 12 of 500 (samples: 141442)
INFO:root:Loss: 1.1779 +/- 0.0024
INFO:root:Epoch no. 13 of 500 (samples: 141442)
INFO:root:Loss: 1.1638 +/- 0.0025
INFO:root:Epoch no. 14 of 500 (samples: 141442)
INFO:root:Loss: 1.1502 +/- 0.0023
INFO:root:Epoch no. 15 of 500 (samples: 141442)
INFO:root:Loss: 1.1367 +/- 0.0025
INFO:root:Epoch no. 16 of 500 (samples: 141442)
INFO:root:Loss: 1.124 +/- 0.0021
INFO:root:Epoch no. 17 of 500 (samples: 141442)
INFO:root:Loss: 1.1118 +/- 0.0017
INFO:root:Epoch no. 18 of 500 (samples: 141442)
INFO:root:Loss: 1.1 +/- 0.0021
INFO:root:Epoch no. 19 of 500 (samples: 141442)
INFO:root:Loss: 1.0886 +/- 0.0016
INFO:root:Epoch no. 20 of 500 (samples: 141442)
INFO:root:Loss: 1.0776 +/- 0.0018
INFO:root:Epoch no. 21 of 500 (samples: 141442)
INFO:root:Loss: 1.0668 +/- 0.0016
INFO:root:Epoch no. 22 of 500 (samples: 141442)
INFO:root:Loss: 1.0561 +/- 0.0017
INFO:root:Epoch no. 23 of 500 (samples: 141442)
INFO:root:Loss: 1.0456 +/- 0.0012
INFO:root:Epoch no. 24 of 500 (samples: 141442)
INFO:root:Loss: 1.0361 +/- 0.0016
INFO:root:Epoch no. 25 of 500 (samples: 141442)
INFO:root:Loss: 1.0258 +/- 0.0016
INFO:root:Epoch no. 26 of 500 (samples: 141442)
INFO:root:Loss: 1.0163 +/- 0.0014
INFO:root:Epoch no. 27 of 500 (samples: 141442)
INFO:root:Loss: 1.0066 +/- 0.0013
INFO:root:Epoch no. 28 of 500 (samples: 141442)
INFO:root:Loss: 0.997 +/- 0.0016
INFO:root:Epoch no. 29 of 500 (samples: 141442)
INFO:root:Loss: 0.9882 +/- 0.0016
INFO:root:Epoch no. 30 of 500 (samples: 141442)
INFO:root:Loss: 0.9789 +/- 0.0021
INFO:root:Epoch no. 31 of 500 (samples: 141442)
INFO:root:Loss: 0.9696 +/- 0.0021
INFO:root:Epoch no. 32 of 500 (samples: 141442)
INFO:root:Loss: 0.9601 +/- 0.0022
INFO:root:Epoch no. 33 of 500 (samples: 141442)
INFO:root:Loss: 0.9512 +/- 0.0016
INFO:root:Epoch no. 34 of 500 (samples: 141442)
INFO:root:Loss: 0.9424 +/- 0.0015
INFO:root:Epoch no. 35 of 500 (samples: 141442)
INFO:root:Loss: 0.9336 +/- 0.0015
INFO:root:Epoch no. 36 of 500 (samples: 141442)
INFO:root:Loss: 0.9255 +/- 0.0017
INFO:root:Epoch no. 37 of 500 (samples: 141442)
INFO:root:Loss: 0.9171 +/- 0.0011
INFO:root:Epoch no. 38 of 500 (samples: 141442)
INFO:root:Loss: 0.909 +/- 0.0018
INFO:root:Epoch no. 39 of 500 (samples: 141442)
INFO:root:Loss: 0.9013 +/- 0.0015
INFO:root:Epoch no. 40 of 500 (samples: 141442)
INFO:root:Loss: 0.8941 +/- 0.0016
INFO:root:Epoch no. 41 of 500 (samples: 141442)
INFO:root:Loss: 0.8866 +/- 0.0015
INFO:root:Epoch no. 42 of 500 (samples: 141442)
INFO:root:Loss: 0.88 +/- 0.001
INFO:root:Epoch no. 43 of 500 (samples: 141442)
INFO:root:Loss: 0.8733 +/- 0.0021
INFO:root:Epoch no. 44 of 500 (samples: 141442)
INFO:root:Loss: 0.8668 +/- 0.0018
INFO:root:Epoch no. 45 of 500 (samples: 141442)
INFO:root:Loss: 0.861 +/- 0.0018
INFO:root:Epoch no. 46 of 500 (samples: 141442)
INFO:root:Loss: 0.8544 +/- 0.001
INFO:root:Epoch no. 47 of 500 (samples: 141442)
INFO:root:Loss: 0.8487 +/- 0.0019
INFO:root:Epoch no. 48 of 500 (samples: 141442)
INFO:root:Loss: 0.8424 +/- 0.001
INFO:root:Epoch no. 49 of 500 (samples: 141442)
INFO:root:Loss: 0.8369 +/- 0.0016
INFO:root:Epoch no. 50 of 500 (samples: 141442)
INFO:root:Loss: 0.8316 +/- 0.001
INFO:root:Epoch no. 51 of 500 (samples: 141442)
INFO:root:Loss: 0.8263 +/- 0.0015
INFO:root:Epoch no. 52 of 500 (samples: 141442)
INFO:root:Loss: 0.8206 +/- 0.0018
INFO:root:Epoch no. 53 of 500 (samples: 141442)
INFO:root:Loss: 0.8149 +/- 0.0021
INFO:root:Epoch no. 54 of 500 (samples: 141442)
INFO:root:Loss: 0.8109 +/- 0.0019
INFO:root:Epoch no. 55 of 500 (samples: 141442)
INFO:root:Loss: 0.8052 +/- 0.0023
INFO:root:Epoch no. 56 of 500 (samples: 141442)
INFO:root:Loss: 0.8002 +/- 0.0015
INFO:root:Epoch no. 57 of 500 (samples: 141442)
INFO:root:Loss: 0.7948 +/- 0.0009
INFO:root:Epoch no. 58 of 500 (samples: 141442)
INFO:root:Loss: 0.7902 +/- 0.0023
INFO:root:Epoch no. 59 of 500 (samples: 141442)
INFO:root:Loss: 0.7851 +/- 0.0016
INFO:root:Epoch no. 60 of 500 (samples: 141442)
INFO:root:Loss: 0.78 +/- 0.0016
INFO:root:Epoch no. 61 of 500 (samples: 141442)
INFO:root:Loss: 0.7764 +/- 0.0012
INFO:root:Epoch no. 62 of 500 (samples: 141442)
INFO:root:Loss: 0.7712 +/- 0.0021
INFO:root:Epoch no. 63 of 500 (samples: 141442)
INFO:root:Loss: 0.7667 +/- 0.002
INFO:root:Epoch no. 64 of 500 (samples: 141442)
INFO:root:Loss: 0.7626 +/- 0.0019
INFO:root:Epoch no. 65 of 500 (samples: 141442)
INFO:root:Loss: 0.7582 +/- 0.0022
INFO:root:Epoch no. 66 of 500 (samples: 141442)
INFO:root:Loss: 0.7539 +/- 0.0021
INFO:root:Epoch no. 67 of 500 (samples: 141442)
INFO:root:Loss: 0.7503 +/- 0.0018
INFO:root:Epoch no. 68 of 500 (samples: 141442)
INFO:root:Loss: 0.7457 +/- 0.0024
INFO:root:Epoch no. 69 of 500 (samples: 141442)
INFO:root:Loss: 0.7418 +/- 0.002
INFO:root:Epoch no. 70 of 500 (samples: 141442)
INFO:root:Loss: 0.7382 +/- 0.0014
INFO:root:Epoch no. 71 of 500 (samples: 141442)
INFO:root:Loss: 0.7343 +/- 0.0015
INFO:root:Epoch no. 72 of 500 (samples: 141442)
INFO:root:Loss: 0.731 +/- 0.0021
INFO:root:Epoch no. 73 of 500 (samples: 141442)
INFO:root:Loss: 0.7276 +/- 0.0013
INFO:root:Epoch no. 74 of 500 (samples: 141442)
INFO:root:Loss: 0.7235 +/- 0.0015
INFO:root:Epoch no. 75 of 500 (samples: 141442)
INFO:root:Loss: 0.72 +/- 0.0018
INFO:root:Epoch no. 76 of 500 (samples: 141442)
INFO:root:Loss: 0.7161 +/- 0.0017
INFO:root:Epoch no. 77 of 500 (samples: 141442)
INFO:root:Loss: 0.7134 +/- 0.0024
INFO:root:Epoch no. 78 of 500 (samples: 141442)
INFO:root:Loss: 0.7098 +/- 0.0014
INFO:root:Epoch no. 79 of 500 (samples: 141442)
INFO:root:Loss: 0.7065 +/- 0.0024
INFO:root:Epoch no. 80 of 500 (samples: 141442)
INFO:root:Loss: 0.7046 +/- 0.0017
INFO:root:Epoch no. 81 of 500 (samples: 141442)
INFO:root:Loss: 0.7008 +/- 0.0018
INFO:root:Epoch no. 82 of 500 (samples: 141442)
INFO:root:Loss: 0.6976 +/- 0.0017
INFO:root:Epoch no. 83 of 500 (samples: 141442)
INFO:root:Loss: 0.6948 +/- 0.0012
INFO:root:Epoch no. 84 of 500 (samples: 141442)
INFO:root:Loss: 0.6919 +/- 0.0028
INFO:root:Epoch no. 85 of 500 (samples: 141442)
INFO:root:Loss: 0.6892 +/- 0.0015
INFO:root:Epoch no. 86 of 500 (samples: 141442)
INFO:root:Loss: 0.6873 +/- 0.0012
INFO:root:Epoch no. 87 of 500 (samples: 141442)
INFO:root:Loss: 0.6843 +/- 0.0019
INFO:root:Epoch no. 88 of 500 (samples: 141442)
INFO:root:Loss: 0.6818 +/- 0.0015
INFO:root:Epoch no. 89 of 500 (samples: 141442)
INFO:root:Loss: 0.6799 +/- 0.0016
INFO:root:Epoch no. 90 of 500 (samples: 141442)
INFO:root:Loss: 0.6766 +/- 0.0012
INFO:root:Epoch no. 91 of 500 (samples: 141442)
INFO:root:Loss: 0.6744 +/- 0.0019
INFO:root:Epoch no. 92 of 500 (samples: 141442)
INFO:root:Loss: 0.6722 +/- 0.0021
INFO:root:Epoch no. 93 of 500 (samples: 141442)
INFO:root:Loss: 0.6696 +/- 0.0019
INFO:root:Epoch no. 94 of 500 (samples: 141442)
INFO:root:Loss: 0.6676 +/- 0.0009
INFO:root:Epoch no. 95 of 500 (samples: 141442)
INFO:root:Loss: 0.6655 +/- 0.0018
INFO:root:Epoch no. 96 of 500 (samples: 141442)
INFO:root:Loss: 0.6638 +/- 0.0018
INFO:root:Epoch no. 97 of 500 (samples: 141442)
INFO:root:Loss: 0.6615 +/- 0.0017
INFO:root:Epoch no. 98 of 500 (samples: 141442)
INFO:root:Loss: 0.6593 +/- 0.0019
INFO:root:Epoch no. 99 of 500 (samples: 141442)
INFO:root:Loss: 0.6572 +/- 0.002
INFO:root:Epoch no. 100 of 500 (samples: 141442)
INFO:root:Loss: 0.655 +/- 0.0013
INFO:root:Epoch no. 101 of 500 (samples: 141442)
INFO:root:Loss: 0.6537 +/- 0.0022
INFO:root:Epoch no. 102 of 500 (samples: 141442)
INFO:root:Loss: 0.651 +/- 0.0016
INFO:root:Epoch no. 103 of 500 (samples: 141442)
INFO:root:Loss: 0.649 +/- 0.0009
INFO:root:Epoch no. 104 of 500 (samples: 141442)
INFO:root:Loss: 0.6467 +/- 0.0014
INFO:root:Epoch no. 105 of 500 (samples: 141442)
INFO:root:Loss: 0.6452 +/- 0.0021
INFO:root:Epoch no. 106 of 500 (samples: 141442)
INFO:root:Loss: 0.6433 +/- 0.0021
INFO:root:Epoch no. 107 of 500 (samples: 141442)
INFO:root:Loss: 0.6417 +/- 0.0025
INFO:root:Epoch no. 108 of 500 (samples: 141442)
INFO:root:Loss: 0.6399 +/- 0.0024
INFO:root:Epoch no. 109 of 500 (samples: 141442)
INFO:root:Loss: 0.6382 +/- 0.0012
INFO:root:Epoch no. 110 of 500 (samples: 141442)
INFO:root:Loss: 0.6368 +/- 0.0015
INFO:root:Epoch no. 111 of 500 (samples: 141442)
INFO:root:Loss: 0.6346 +/- 0.002
INFO:root:Epoch no. 112 of 500 (samples: 141442)
INFO:root:Loss: 0.6329 +/- 0.0013
INFO:root:Epoch no. 113 of 500 (samples: 141442)
INFO:root:Loss: 0.6307 +/- 0.0019
INFO:root:Epoch no. 114 of 500 (samples: 141442)
INFO:root:Loss: 0.6296 +/- 0.0024
INFO:root:Epoch no. 115 of 500 (samples: 141442)
INFO:root:Loss: 0.6282 +/- 0.0015
INFO:root:Epoch no. 116 of 500 (samples: 141442)
INFO:root:Loss: 0.6263 +/- 0.0011
INFO:root:Epoch no. 117 of 500 (samples: 141442)
INFO:root:Loss: 0.6255 +/- 0.0019
INFO:root:Epoch no. 118 of 500 (samples: 141442)
INFO:root:Loss: 0.6237 +/- 0.003
INFO:root:Epoch no. 119 of 500 (samples: 141442)
INFO:root:Loss: 0.6227 +/- 0.0014
INFO:root:Epoch no. 120 of 500 (samples: 141442)
INFO:root:Loss: 0.6206 +/- 0.0014
INFO:root:Epoch no. 121 of 500 (samples: 141442)
INFO:root:Loss: 0.6191 +/- 0.0014
INFO:root:Epoch no. 122 of 500 (samples: 141442)
INFO:root:Loss: 0.6179 +/- 0.0016
INFO:root:Epoch no. 123 of 500 (samples: 141442)
INFO:root:Loss: 0.6164 +/- 0.0021
INFO:root:Epoch no. 124 of 500 (samples: 141442)
INFO:root:Loss: 0.6147 +/- 0.0018
INFO:root:Epoch no. 125 of 500 (samples: 141442)
INFO:root:Loss: 0.614 +/- 0.0022
INFO:root:Epoch no. 126 of 500 (samples: 141442)
INFO:root:Loss: 0.6124 +/- 0.0022
INFO:root:Epoch no. 127 of 500 (samples: 141442)
INFO:root:Loss: 0.6113 +/- 0.0013
INFO:root:Epoch no. 128 of 500 (samples: 141442)
INFO:root:Loss: 0.61 +/- 0.0016
INFO:root:Epoch no. 129 of 500 (samples: 141442)
INFO:root:Loss: 0.6085 +/- 0.0013
INFO:root:Epoch no. 130 of 500 (samples: 141442)
INFO:root:Loss: 0.6076 +/- 0.0015
INFO:root:Epoch no. 131 of 500 (samples: 141442)
INFO:root:Loss: 0.6062 +/- 0.0012
INFO:root:Epoch no. 132 of 500 (samples: 141442)
INFO:root:Loss: 0.6044 +/- 0.0016
INFO:root:Epoch no. 133 of 500 (samples: 141442)
INFO:root:Loss: 0.6036 +/- 0.0017
INFO:root:Epoch no. 134 of 500 (samples: 141442)
INFO:root:Loss: 0.6024 +/- 0.0015
INFO:root:Epoch no. 135 of 500 (samples: 141442)
INFO:root:Loss: 0.6018 +/- 0.0017
INFO:root:Epoch no. 136 of 500 (samples: 141442)
INFO:root:Loss: 0.6001 +/- 0.0014
INFO:root:Epoch no. 137 of 500 (samples: 141442)
INFO:root:Loss: 0.5995 +/- 0.0014
INFO:root:Epoch no. 138 of 500 (samples: 141442)
INFO:root:Loss: 0.5976 +/- 0.0017
INFO:root:Epoch no. 139 of 500 (samples: 141442)
INFO:root:Loss: 0.5964 +/- 0.0027
INFO:root:Epoch no. 140 of 500 (samples: 141442)
INFO:root:Loss: 0.5953 +/- 0.0025
INFO:root:Epoch no. 141 of 500 (samples: 141442)
INFO:root:Loss: 0.5947 +/- 0.0016
INFO:root:Epoch no. 142 of 500 (samples: 141442)
INFO:root:Loss: 0.5932 +/- 0.0015
INFO:root:Epoch no. 143 of 500 (samples: 141442)
INFO:root:Loss: 0.5916 +/- 0.0014
INFO:root:Epoch no. 144 of 500 (samples: 141442)
INFO:root:Loss: 0.5908 +/- 0.0019
INFO:root:Epoch no. 145 of 500 (samples: 141442)
INFO:root:Loss: 0.5904 +/- 0.0022
INFO:root:Epoch no. 146 of 500 (samples: 141442)
INFO:root:Loss: 0.589 +/- 0.0017
INFO:root:Epoch no. 147 of 500 (samples: 141442)
INFO:root:Loss: 0.5883 +/- 0.0028
INFO:root:Epoch no. 148 of 500 (samples: 141442)
INFO:root:Loss: 0.587 +/- 0.0015
INFO:root:Epoch no. 149 of 500 (samples: 141442)
INFO:root:Loss: 0.5858 +/- 0.0021
INFO:root:Epoch no. 150 of 500 (samples: 141442)
INFO:root:Loss: 0.5853 +/- 0.0021
INFO:root:Epoch no. 151 of 500 (samples: 141442)
INFO:root:Loss: 0.5838 +/- 0.0028
INFO:root:Epoch no. 152 of 500 (samples: 141442)
INFO:root:Loss: 0.583 +/- 0.0012
INFO:root:Epoch no. 153 of 500 (samples: 141442)
INFO:root:Loss: 0.5819 +/- 0.0025
INFO:root:Epoch no. 154 of 500 (samples: 141442)
INFO:root:Loss: 0.5807 +/- 0.0025
INFO:root:Epoch no. 155 of 500 (samples: 141442)
INFO:root:Loss: 0.5805 +/- 0.0011
INFO:root:Epoch no. 156 of 500 (samples: 141442)
INFO:root:Loss: 0.5794 +/- 0.0019
INFO:root:Epoch no. 157 of 500 (samples: 141442)
INFO:root:Loss: 0.5781 +/- 0.0018
INFO:root:Epoch no. 158 of 500 (samples: 141442)
INFO:root:Loss: 0.5776 +/- 0.0014
INFO:root:Epoch no. 159 of 500 (samples: 141442)
INFO:root:Loss: 0.5766 +/- 0.0019
INFO:root:Epoch no. 160 of 500 (samples: 141442)
INFO:root:Loss: 0.5763 +/- 0.0017
INFO:root:Epoch no. 161 of 500 (samples: 141442)
INFO:root:Loss: 0.5743 +/- 0.0021
INFO:root:Epoch no. 162 of 500 (samples: 141442)
INFO:root:Loss: 0.5743 +/- 0.0015
INFO:root:Epoch no. 163 of 500 (samples: 141442)
INFO:root:Loss: 0.5736 +/- 0.002
INFO:root:Epoch no. 164 of 500 (samples: 141442)
INFO:root:Loss: 0.5726 +/- 0.0021
INFO:root:Epoch no. 165 of 500 (samples: 141442)
INFO:root:Loss: 0.5726 +/- 0.0025
INFO:root:Epoch no. 166 of 500 (samples: 141442)
INFO:root:Loss: 0.571 +/- 0.0014
INFO:root:Epoch no. 167 of 500 (samples: 141442)
INFO:root:Loss: 0.5702 +/- 0.0022
INFO:root:Epoch no. 168 of 500 (samples: 141442)
INFO:root:Loss: 0.5693 +/- 0.0011
INFO:root:Epoch no. 169 of 500 (samples: 141442)
INFO:root:Loss: 0.5686 +/- 0.002
INFO:root:Epoch no. 170 of 500 (samples: 141442)
INFO:root:Loss: 0.5676 +/- 0.0026
INFO:root:Epoch no. 171 of 500 (samples: 141442)
INFO:root:Loss: 0.5674 +/- 0.0022
INFO:root:Epoch no. 172 of 500 (samples: 141442)
INFO:root:Loss: 0.5661 +/- 0.0015
INFO:root:Epoch no. 173 of 500 (samples: 141442)
INFO:root:Loss: 0.5654 +/- 0.002
INFO:root:Epoch no. 174 of 500 (samples: 141442)
INFO:root:Loss: 0.5645 +/- 0.0022
INFO:root:Epoch no. 175 of 500 (samples: 141442)
INFO:root:Loss: 0.5638 +/- 0.0028
INFO:root:Epoch no. 176 of 500 (samples: 141442)
INFO:root:Loss: 0.5636 +/- 0.0021
INFO:root:Epoch no. 177 of 500 (samples: 141442)
INFO:root:Loss: 0.5615 +/- 0.0015
INFO:root:Epoch no. 178 of 500 (samples: 141442)
INFO:root:Loss: 0.5622 +/- 0.0011
INFO:root:Epoch no. 179 of 500 (samples: 141442)
INFO:root:Loss: 0.5615 +/- 0.0019
INFO:root:Epoch no. 180 of 500 (samples: 141442)
INFO:root:Loss: 0.5607 +/- 0.0013
INFO:root:Epoch no. 181 of 500 (samples: 141442)
INFO:root:Loss: 0.5601 +/- 0.0014
INFO:root:Epoch no. 182 of 500 (samples: 141442)
INFO:root:Loss: 0.5594 +/- 0.0026
INFO:root:Epoch no. 183 of 500 (samples: 141442)
INFO:root:Loss: 0.5597 +/- 0.0015
INFO:root:Epoch no. 184 of 500 (samples: 141442)
INFO:root:Loss: 0.5588 +/- 0.0012
INFO:root:Epoch no. 185 of 500 (samples: 141442)
INFO:root:Loss: 0.5578 +/- 0.0019
INFO:root:Epoch no. 186 of 500 (samples: 141442)
INFO:root:Loss: 0.556 +/- 0.0015
INFO:root:Epoch no. 187 of 500 (samples: 141442)
INFO:root:Loss: 0.556 +/- 0.0017
INFO:root:Epoch no. 188 of 500 (samples: 141442)
INFO:root:Loss: 0.5558 +/- 0.0014
INFO:root:Epoch no. 189 of 500 (samples: 141442)
INFO:root:Loss: 0.555 +/- 0.0014
INFO:root:Epoch no. 190 of 500 (samples: 141442)
INFO:root:Loss: 0.5544 +/- 0.0013
INFO:root:Epoch no. 191 of 500 (samples: 141442)
INFO:root:Loss: 0.5537 +/- 0.0025
INFO:root:Epoch no. 192 of 500 (samples: 141442)
INFO:root:Loss: 0.5529 +/- 0.0018
INFO:root:Epoch no. 193 of 500 (samples: 141442)
INFO:root:Loss: 0.5529 +/- 0.0024
INFO:root:Epoch no. 194 of 500 (samples: 141442)
INFO:root:Loss: 0.5516 +/- 0.0019
INFO:root:Epoch no. 195 of 500 (samples: 141442)
INFO:root:Loss: 0.5505 +/- 0.0019
INFO:root:Epoch no. 196 of 500 (samples: 141442)
INFO:root:Loss: 0.5509 +/- 0.0023
INFO:root:Epoch no. 197 of 500 (samples: 141442)
INFO:root:Loss: 0.5504 +/- 0.0014
INFO:root:Epoch no. 198 of 500 (samples: 141442)
INFO:root:Loss: 0.5497 +/- 0.0021
INFO:root:Epoch no. 199 of 500 (samples: 141442)
INFO:root:Loss: 0.5489 +/- 0.0028
INFO:root:Epoch no. 200 of 500 (samples: 141442)
INFO:root:Loss: 0.5488 +/- 0.0016
INFO:root:Epoch no. 201 of 500 (samples: 141442)
INFO:root:Loss: 0.5475 +/- 0.002
INFO:root:Epoch no. 202 of 500 (samples: 141442)
INFO:root:Loss: 0.5472 +/- 0.0014
INFO:root:Epoch no. 203 of 500 (samples: 141442)
INFO:root:Loss: 0.5473 +/- 0.0013
INFO:root:Epoch no. 204 of 500 (samples: 141442)
INFO:root:Loss: 0.5468 +/- 0.002
INFO:root:Epoch no. 205 of 500 (samples: 141442)
INFO:root:Loss: 0.5456 +/- 0.0015
INFO:root:Epoch no. 206 of 500 (samples: 141442)
INFO:root:Loss: 0.5456 +/- 0.0017
INFO:root:Epoch no. 207 of 500 (samples: 141442)
INFO:root:Loss: 0.5446 +/- 0.0016
INFO:root:Epoch no. 208 of 500 (samples: 141442)
INFO:root:Loss: 0.5442 +/- 0.0018
INFO:root:Epoch no. 209 of 500 (samples: 141442)
INFO:root:Loss: 0.5436 +/- 0.0012
INFO:root:Epoch no. 210 of 500 (samples: 141442)
INFO:root:Loss: 0.5437 +/- 0.0016
INFO:root:Epoch no. 211 of 500 (samples: 141442)
INFO:root:Loss: 0.5423 +/- 0.0011
INFO:root:Epoch no. 212 of 500 (samples: 141442)
INFO:root:Loss: 0.5425 +/- 0.0013
INFO:root:Epoch no. 213 of 500 (samples: 141442)
INFO:root:Loss: 0.5412 +/- 0.0028
INFO:root:Epoch no. 214 of 500 (samples: 141442)
INFO:root:Loss: 0.5414 +/- 0.0025
INFO:root:Epoch no. 215 of 500 (samples: 141442)
INFO:root:Loss: 0.5411 +/- 0.001
INFO:root:Epoch no. 216 of 500 (samples: 141442)
INFO:root:Loss: 0.5407 +/- 0.0021
INFO:root:Epoch no. 217 of 500 (samples: 141442)
INFO:root:Loss: 0.5399 +/- 0.0016
INFO:root:Epoch no. 218 of 500 (samples: 141442)
INFO:root:Loss: 0.5391 +/- 0.0019
INFO:root:Epoch no. 219 of 500 (samples: 141442)
INFO:root:Loss: 0.5384 +/- 0.0014
INFO:root:Epoch no. 220 of 500 (samples: 141442)
INFO:root:Loss: 0.5382 +/- 0.0015
INFO:root:Epoch no. 221 of 500 (samples: 141442)
INFO:root:Loss: 0.538 +/- 0.0018
INFO:root:Epoch no. 222 of 500 (samples: 141442)
INFO:root:Loss: 0.538 +/- 0.0012
INFO:root:Epoch no. 223 of 500 (samples: 141442)
INFO:root:Loss: 0.5361 +/- 0.0019
INFO:root:Epoch no. 224 of 500 (samples: 141442)
INFO:root:Loss: 0.5369 +/- 0.0021
INFO:root:Epoch no. 225 of 500 (samples: 141442)
INFO:root:Loss: 0.5363 +/- 0.0021
INFO:root:Epoch no. 226 of 500 (samples: 141442)
INFO:root:Loss: 0.5355 +/- 0.0019
INFO:root:Epoch no. 227 of 500 (samples: 141442)
INFO:root:Loss: 0.5353 +/- 0.0017
INFO:root:Epoch no. 228 of 500 (samples: 141442)
INFO:root:Loss: 0.5348 +/- 0.002
INFO:root:Epoch no. 229 of 500 (samples: 141442)
INFO:root:Loss: 0.5342 +/- 0.0016
INFO:root:Epoch no. 230 of 500 (samples: 141442)
INFO:root:Loss: 0.5329 +/- 0.0028
INFO:root:Epoch no. 231 of 500 (samples: 141442)
INFO:root:Loss: 0.5337 +/- 0.0017
INFO:root:Epoch no. 232 of 500 (samples: 141442)
INFO:root:Loss: 0.5326 +/- 0.0015
INFO:root:Epoch no. 233 of 500 (samples: 141442)
INFO:root:Loss: 0.5332 +/- 0.0024
INFO:root:Epoch no. 234 of 500 (samples: 141442)
INFO:root:Loss: 0.533 +/- 0.0015
INFO:root:Epoch no. 235 of 500 (samples: 141442)
INFO:root:Loss: 0.5323 +/- 0.002
INFO:root:Epoch no. 236 of 500 (samples: 141442)
INFO:root:Loss: 0.5314 +/- 0.0018
INFO:root:Epoch no. 237 of 500 (samples: 141442)
INFO:root:Loss: 0.5315 +/- 0.0014
INFO:root:Epoch no. 238 of 500 (samples: 141442)
INFO:root:Loss: 0.53 +/- 0.0015
INFO:root:Epoch no. 239 of 500 (samples: 141442)
INFO:root:Loss: 0.5308 +/- 0.0012
INFO:root:Epoch no. 240 of 500 (samples: 141442)
INFO:root:Loss: 0.5295 +/- 0.0018
INFO:root:Epoch no. 241 of 500 (samples: 141442)
INFO:root:Loss: 0.5301 +/- 0.0013
INFO:root:Epoch no. 242 of 500 (samples: 141442)
INFO:root:Loss: 0.5291 +/- 0.0019
INFO:root:Epoch no. 243 of 500 (samples: 141442)
INFO:root:Loss: 0.5292 +/- 0.0017
INFO:root:Epoch no. 244 of 500 (samples: 141442)
INFO:root:Loss: 0.5286 +/- 0.0014
INFO:root:Epoch no. 245 of 500 (samples: 141442)
INFO:root:Loss: 0.5283 +/- 0.002
INFO:root:Epoch no. 246 of 500 (samples: 141442)
INFO:root:Loss: 0.5275 +/- 0.0018
INFO:root:Epoch no. 247 of 500 (samples: 141442)
INFO:root:Loss: 0.5266 +/- 0.0016
INFO:root:Epoch no. 248 of 500 (samples: 141442)
INFO:root:Loss: 0.5269 +/- 0.0021
INFO:root:Epoch no. 249 of 500 (samples: 141442)
INFO:root:Loss: 0.5266 +/- 0.0022
INFO:root:Epoch no. 250 of 500 (samples: 141442)
INFO:root:Loss: 0.5255 +/- 0.0015
INFO:root:Epoch no. 251 of 500 (samples: 141442)
INFO:root:Loss: 0.5261 +/- 0.0019
INFO:root:Epoch no. 252 of 500 (samples: 141442)
INFO:root:Loss: 0.5253 +/- 0.0015
INFO:root:Epoch no. 253 of 500 (samples: 141442)
INFO:root:Loss: 0.5251 +/- 0.0017
INFO:root:Epoch no. 254 of 500 (samples: 141442)
INFO:root:Loss: 0.5252 +/- 0.001
INFO:root:Epoch no. 255 of 500 (samples: 141442)
INFO:root:Loss: 0.5249 +/- 0.0016
INFO:root:Epoch no. 256 of 500 (samples: 141442)
INFO:root:Loss: 0.5241 +/- 0.0014
INFO:root:Epoch no. 257 of 500 (samples: 141442)
INFO:root:Loss: 0.5242 +/- 0.0012
INFO:root:Epoch no. 258 of 500 (samples: 141442)
INFO:root:Loss: 0.5236 +/- 0.0019
INFO:root:Epoch no. 259 of 500 (samples: 141442)
INFO:root:Loss: 0.5229 +/- 0.0029
INFO:root:Epoch no. 260 of 500 (samples: 141442)
INFO:root:Loss: 0.5225 +/- 0.0019
INFO:root:Epoch no. 261 of 500 (samples: 141442)
INFO:root:Loss: 0.5224 +/- 0.0012
INFO:root:Epoch no. 262 of 500 (samples: 141442)
INFO:root:Loss: 0.5222 +/- 0.002
INFO:root:Epoch no. 263 of 500 (samples: 141442)
INFO:root:Loss: 0.5218 +/- 0.001
INFO:root:Epoch no. 264 of 500 (samples: 141442)
INFO:root:Loss: 0.5212 +/- 0.0018
INFO:root:Epoch no. 265 of 500 (samples: 141442)
INFO:root:Loss: 0.5206 +/- 0.002
INFO:root:Epoch no. 266 of 500 (samples: 141442)
INFO:root:Loss: 0.5207 +/- 0.0015
INFO:root:Epoch no. 267 of 500 (samples: 141442)
INFO:root:Loss: 0.5208 +/- 0.0021
INFO:root:Epoch no. 268 of 500 (samples: 141442)
INFO:root:Loss: 0.5198 +/- 0.0024
INFO:root:Epoch no. 269 of 500 (samples: 141442)
INFO:root:Loss: 0.5197 +/- 0.0013
INFO:root:Epoch no. 270 of 500 (samples: 141442)
INFO:root:Loss: 0.5196 +/- 0.0018
INFO:root:Epoch no. 271 of 500 (samples: 141442)
INFO:root:Loss: 0.519 +/- 0.0016
INFO:root:Epoch no. 272 of 500 (samples: 141442)
INFO:root:Loss: 0.5191 +/- 0.0008
INFO:root:Epoch no. 273 of 500 (samples: 141442)
INFO:root:Loss: 0.5187 +/- 0.0009
INFO:root:Epoch no. 274 of 500 (samples: 141442)
INFO:root:Loss: 0.5182 +/- 0.002
INFO:root:Epoch no. 275 of 500 (samples: 141442)
INFO:root:Loss: 0.5178 +/- 0.0012
INFO:root:Epoch no. 276 of 500 (samples: 141442)
INFO:root:Loss: 0.5174 +/- 0.0012
INFO:root:Epoch no. 277 of 500 (samples: 141442)
INFO:root:Loss: 0.5178 +/- 0.0007
INFO:root:Epoch no. 278 of 500 (samples: 141442)
INFO:root:Loss: 0.5171 +/- 0.0017
INFO:root:Epoch no. 279 of 500 (samples: 141442)
INFO:root:Loss: 0.5168 +/- 0.0018
INFO:root:Epoch no. 280 of 500 (samples: 141442)
INFO:root:Loss: 0.5171 +/- 0.002
INFO:root:Epoch no. 281 of 500 (samples: 141442)
INFO:root:Loss: 0.5163 +/- 0.002
INFO:root:Epoch no. 282 of 500 (samples: 141442)
INFO:root:Loss: 0.5166 +/- 0.0015
INFO:root:Epoch no. 283 of 500 (samples: 141442)
INFO:root:Loss: 0.5161 +/- 0.0019
INFO:root:Epoch no. 284 of 500 (samples: 141442)
INFO:root:Loss: 0.515 +/- 0.0015
INFO:root:Epoch no. 285 of 500 (samples: 141442)
INFO:root:Loss: 0.5151 +/- 0.0024
INFO:root:Epoch no. 286 of 500 (samples: 141442)
INFO:root:Loss: 0.5149 +/- 0.0015
INFO:root:Epoch no. 287 of 500 (samples: 141442)
INFO:root:Loss: 0.515 +/- 0.0017
INFO:root:Epoch no. 288 of 500 (samples: 141442)
INFO:root:Loss: 0.5146 +/- 0.0026
INFO:root:Epoch no. 289 of 500 (samples: 141442)
INFO:root:Loss: 0.5139 +/- 0.0017
INFO:root:Epoch no. 290 of 500 (samples: 141442)
INFO:root:Loss: 0.5139 +/- 0.0017
INFO:root:Epoch no. 291 of 500 (samples: 141442)
INFO:root:Loss: 0.5137 +/- 0.002
INFO:root:Epoch no. 292 of 500 (samples: 141442)
INFO:root:Loss: 0.5133 +/- 0.0008
INFO:root:Epoch no. 293 of 500 (samples: 141442)
INFO:root:Loss: 0.5129 +/- 0.0015
INFO:root:Epoch no. 294 of 500 (samples: 141442)
INFO:root:Loss: 0.5126 +/- 0.0021
INFO:root:Epoch no. 295 of 500 (samples: 141442)
INFO:root:Loss: 0.5126 +/- 0.001
INFO:root:Epoch no. 296 of 500 (samples: 141442)
INFO:root:Loss: 0.5131 +/- 0.0016
INFO:root:Epoch no. 297 of 500 (samples: 141442)
INFO:root:Loss: 0.5119 +/- 0.0018
INFO:root:Epoch no. 298 of 500 (samples: 141442)
INFO:root:Loss: 0.5111 +/- 0.0016
INFO:root:Epoch no. 299 of 500 (samples: 141442)
INFO:root:Loss: 0.5116 +/- 0.0014
INFO:root:Epoch no. 300 of 500 (samples: 141442)
INFO:root:Loss: 0.5117 +/- 0.0017
INFO:root:Epoch no. 301 of 500 (samples: 141442)
INFO:root:Loss: 0.511 +/- 0.0018
INFO:root:Epoch no. 302 of 500 (samples: 141442)
INFO:root:Loss: 0.5098 +/- 0.0016
INFO:root:Epoch no. 303 of 500 (samples: 141442)
INFO:root:Loss: 0.5105 +/- 0.0018
INFO:root:Epoch no. 304 of 500 (samples: 141442)
INFO:root:Loss: 0.5102 +/- 0.0013
INFO:root:Epoch no. 305 of 500 (samples: 141442)
INFO:root:Loss: 0.5097 +/- 0.0008
INFO:root:Epoch no. 306 of 500 (samples: 141442)
INFO:root:Loss: 0.5096 +/- 0.0011
INFO:root:Epoch no. 307 of 500 (samples: 141442)
INFO:root:Loss: 0.509 +/- 0.0017
INFO:root:Epoch no. 308 of 500 (samples: 141442)
INFO:root:Loss: 0.5093 +/- 0.0019
INFO:root:Epoch no. 309 of 500 (samples: 141442)
INFO:root:Loss: 0.509 +/- 0.0016
INFO:root:Epoch no. 310 of 500 (samples: 141442)
INFO:root:Loss: 0.5081 +/- 0.0025
INFO:root:Epoch no. 311 of 500 (samples: 141442)
INFO:root:Loss: 0.5083 +/- 0.0016
INFO:root:Epoch no. 312 of 500 (samples: 141442)
INFO:root:Loss: 0.5082 +/- 0.0011
INFO:root:Epoch no. 313 of 500 (samples: 141442)
INFO:root:Loss: 0.5083 +/- 0.0014
INFO:root:Epoch no. 314 of 500 (samples: 141442)
INFO:root:Loss: 0.5076 +/- 0.0011
INFO:root:Epoch no. 315 of 500 (samples: 141442)
INFO:root:Loss: 0.5071 +/- 0.0026
INFO:root:Epoch no. 316 of 500 (samples: 141442)
INFO:root:Loss: 0.5072 +/- 0.0019
INFO:root:Epoch no. 317 of 500 (samples: 141442)
INFO:root:Loss: 0.5073 +/- 0.0023
INFO:root:Epoch no. 318 of 500 (samples: 141442)
INFO:root:Loss: 0.5072 +/- 0.0009
INFO:root:Epoch no. 319 of 500 (samples: 141442)
INFO:root:Loss: 0.5066 +/- 0.0017
INFO:root:Epoch no. 320 of 500 (samples: 141442)
INFO:root:Loss: 0.5069 +/- 0.0018
INFO:root:Epoch no. 321 of 500 (samples: 141442)
INFO:root:Loss: 0.5059 +/- 0.0024
INFO:root:Epoch no. 322 of 500 (samples: 141442)
INFO:root:Loss: 0.5059 +/- 0.0016
INFO:root:Epoch no. 323 of 500 (samples: 141442)
INFO:root:Loss: 0.5049 +/- 0.002
INFO:root:Epoch no. 324 of 500 (samples: 141442)
INFO:root:Loss: 0.5056 +/- 0.0014
INFO:root:Epoch no. 325 of 500 (samples: 141442)
INFO:root:Loss: 0.5052 +/- 0.0011
INFO:root:Epoch no. 326 of 500 (samples: 141442)
INFO:root:Loss: 0.5055 +/- 0.0011
INFO:root:Epoch no. 327 of 500 (samples: 141442)
INFO:root:Loss: 0.5043 +/- 0.0008
INFO:root:Epoch no. 328 of 500 (samples: 141442)
INFO:root:Loss: 0.5048 +/- 0.0009
INFO:root:Epoch no. 329 of 500 (samples: 141442)
INFO:root:Loss: 0.5047 +/- 0.0016
INFO:root:Epoch no. 330 of 500 (samples: 141442)
INFO:root:Loss: 0.5034 +/- 0.0011
INFO:root:Epoch no. 331 of 500 (samples: 141442)
INFO:root:Loss: 0.5047 +/- 0.0017
INFO:root:Epoch no. 332 of 500 (samples: 141442)
INFO:root:Loss: 0.5039 +/- 0.001
INFO:root:Epoch no. 333 of 500 (samples: 141442)
INFO:root:Loss: 0.5035 +/- 0.0013
INFO:root:Epoch no. 334 of 500 (samples: 141442)
INFO:root:Loss: 0.5034 +/- 0.0018
INFO:root:Epoch no. 335 of 500 (samples: 141442)
INFO:root:Loss: 0.5026 +/- 0.0019
INFO:root:Epoch no. 336 of 500 (samples: 141442)
INFO:root:Loss: 0.5024 +/- 0.0018
INFO:root:Epoch no. 337 of 500 (samples: 141442)
INFO:root:Loss: 0.5029 +/- 0.0015
INFO:root:Epoch no. 338 of 500 (samples: 141442)
INFO:root:Loss: 0.5028 +/- 0.0018
INFO:root:Epoch no. 339 of 500 (samples: 141442)
INFO:root:Loss: 0.503 +/- 0.0022
INFO:root:Epoch no. 340 of 500 (samples: 141442)
INFO:root:Loss: 0.5019 +/- 0.0015
INFO:root:Epoch no. 341 of 500 (samples: 141442)
INFO:root:Loss: 0.5013 +/- 0.002
INFO:root:Epoch no. 342 of 500 (samples: 141442)
INFO:root:Loss: 0.5014 +/- 0.0015
INFO:root:Epoch no. 343 of 500 (samples: 141442)
INFO:root:Loss: 0.5017 +/- 0.0013
INFO:root:Epoch no. 344 of 500 (samples: 141442)
INFO:root:Loss: 0.5019 +/- 0.0016
INFO:root:Epoch no. 345 of 500 (samples: 141442)
INFO:root:Loss: 0.501 +/- 0.0013
INFO:root:Epoch no. 346 of 500 (samples: 141442)
INFO:root:Loss: 0.501 +/- 0.0016
INFO:root:Epoch no. 347 of 500 (samples: 141442)
INFO:root:Loss: 0.5006 +/- 0.002
INFO:root:Epoch no. 348 of 500 (samples: 141442)
INFO:root:Loss: 0.5003 +/- 0.0018
INFO:root:Epoch no. 349 of 500 (samples: 141442)
INFO:root:Loss: 0.5002 +/- 0.0022
INFO:root:Epoch no. 350 of 500 (samples: 141442)
INFO:root:Loss: 0.5003 +/- 0.0016
INFO:root:Epoch no. 351 of 500 (samples: 141442)
INFO:root:Loss: 0.5 +/- 0.0013
INFO:root:Epoch no. 352 of 500 (samples: 141442)
INFO:root:Loss: 0.4993 +/- 0.001
INFO:root:Epoch no. 353 of 500 (samples: 141442)
INFO:root:Loss: 0.4993 +/- 0.0015
INFO:root:Epoch no. 354 of 500 (samples: 141442)
INFO:root:Loss: 0.4993 +/- 0.0019
INFO:root:Epoch no. 355 of 500 (samples: 141442)
INFO:root:Loss: 0.4989 +/- 0.0015
INFO:root:Epoch no. 356 of 500 (samples: 141442)
INFO:root:Loss: 0.4991 +/- 0.002
INFO:root:Epoch no. 357 of 500 (samples: 141442)
INFO:root:Loss: 0.4987 +/- 0.0017
INFO:root:Epoch no. 358 of 500 (samples: 141442)
INFO:root:Loss: 0.4993 +/- 0.0013
INFO:root:Epoch no. 359 of 500 (samples: 141442)
INFO:root:Loss: 0.4976 +/- 0.0012
INFO:root:Epoch no. 360 of 500 (samples: 141442)
INFO:root:Loss: 0.498 +/- 0.0013
INFO:root:Epoch no. 361 of 500 (samples: 141442)
INFO:root:Loss: 0.4979 +/- 0.0016
INFO:root:Epoch no. 362 of 500 (samples: 141442)
INFO:root:Loss: 0.4979 +/- 0.002
INFO:root:Epoch no. 363 of 500 (samples: 141442)
INFO:root:Loss: 0.4968 +/- 0.0016
INFO:root:Epoch no. 364 of 500 (samples: 141442)
INFO:root:Loss: 0.4969 +/- 0.0017
INFO:root:Epoch no. 365 of 500 (samples: 141442)
INFO:root:Loss: 0.4971 +/- 0.0016
INFO:root:Epoch no. 366 of 500 (samples: 141442)
INFO:root:Loss: 0.4968 +/- 0.0016
INFO:root:Epoch no. 367 of 500 (samples: 141442)
INFO:root:Loss: 0.4969 +/- 0.0019
INFO:root:Epoch no. 368 of 500 (samples: 141442)
INFO:root:Loss: 0.4968 +/- 0.0023
INFO:root:Epoch no. 369 of 500 (samples: 141442)
INFO:root:Loss: 0.4962 +/- 0.0021
INFO:root:Epoch no. 370 of 500 (samples: 141442)
INFO:root:Loss: 0.4965 +/- 0.0016
INFO:root:Epoch no. 371 of 500 (samples: 141442)
INFO:root:Loss: 0.4954 +/- 0.0017
INFO:root:Epoch no. 372 of 500 (samples: 141442)
INFO:root:Loss: 0.4963 +/- 0.0014
INFO:root:Epoch no. 373 of 500 (samples: 141442)
INFO:root:Loss: 0.4956 +/- 0.0021
INFO:root:Epoch no. 374 of 500 (samples: 141442)
INFO:root:Loss: 0.4956 +/- 0.0011
INFO:root:Epoch no. 375 of 500 (samples: 141442)
INFO:root:Loss: 0.4954 +/- 0.0013
INFO:root:Epoch no. 376 of 500 (samples: 141442)
INFO:root:Loss: 0.4957 +/- 0.0025
INFO:root:Epoch no. 377 of 500 (samples: 141442)
INFO:root:Loss: 0.4947 +/- 0.0023
INFO:root:Epoch no. 378 of 500 (samples: 141442)
INFO:root:Loss: 0.4952 +/- 0.0018
INFO:root:Epoch no. 379 of 500 (samples: 141442)
INFO:root:Loss: 0.4941 +/- 0.0015
INFO:root:Epoch no. 380 of 500 (samples: 141442)
INFO:root:Loss: 0.4945 +/- 0.002
INFO:root:Epoch no. 381 of 500 (samples: 141442)
INFO:root:Loss: 0.4941 +/- 0.0018
INFO:root:Epoch no. 382 of 500 (samples: 141442)
INFO:root:Loss: 0.4934 +/- 0.0014
INFO:root:Epoch no. 383 of 500 (samples: 141442)
INFO:root:Loss: 0.4941 +/- 0.002
INFO:root:Epoch no. 384 of 500 (samples: 141442)
INFO:root:Loss: 0.4939 +/- 0.0017
INFO:root:Epoch no. 385 of 500 (samples: 141442)
INFO:root:Loss: 0.4935 +/- 0.0015
INFO:root:Epoch no. 386 of 500 (samples: 141442)
INFO:root:Loss: 0.4939 +/- 0.0014
INFO:root:Epoch no. 387 of 500 (samples: 141442)
INFO:root:Loss: 0.4928 +/- 0.0013
INFO:root:Epoch no. 388 of 500 (samples: 141442)
INFO:root:Loss: 0.4933 +/- 0.0013
INFO:root:Epoch no. 389 of 500 (samples: 141442)
INFO:root:Loss: 0.4927 +/- 0.0013
INFO:root:Epoch no. 390 of 500 (samples: 141442)
INFO:root:Loss: 0.4927 +/- 0.0021
INFO:root:Epoch no. 391 of 500 (samples: 141442)
INFO:root:Loss: 0.4923 +/- 0.0012
INFO:root:Epoch no. 392 of 500 (samples: 141442)
INFO:root:Loss: 0.4923 +/- 0.0019
INFO:root:Epoch no. 393 of 500 (samples: 141442)
INFO:root:Loss: 0.4921 +/- 0.0014
INFO:root:Epoch no. 394 of 500 (samples: 141442)
INFO:root:Loss: 0.4917 +/- 0.0013
INFO:root:Epoch no. 395 of 500 (samples: 141442)
INFO:root:Loss: 0.4927 +/- 0.0015
INFO:root:Epoch no. 396 of 500 (samples: 141442)
INFO:root:Loss: 0.492 +/- 0.0012
INFO:root:Epoch no. 397 of 500 (samples: 141442)
INFO:root:Loss: 0.4912 +/- 0.0013
INFO:root:Epoch no. 398 of 500 (samples: 141442)
INFO:root:Loss: 0.491 +/- 0.0017
INFO:root:Epoch no. 399 of 500 (samples: 141442)
INFO:root:Loss: 0.4913 +/- 0.0012
INFO:root:Epoch no. 400 of 500 (samples: 141442)
INFO:root:Loss: 0.4905 +/- 0.002
INFO:root:Epoch no. 401 of 500 (samples: 141442)
INFO:root:Loss: 0.4909 +/- 0.0025
INFO:root:Epoch no. 402 of 500 (samples: 141442)
INFO:root:Loss: 0.4909 +/- 0.0009
INFO:root:Epoch no. 403 of 500 (samples: 141442)
INFO:root:Loss: 0.4904 +/- 0.0019
INFO:root:Epoch no. 404 of 500 (samples: 141442)
INFO:root:Loss: 0.4903 +/- 0.0014
INFO:root:Epoch no. 405 of 500 (samples: 141442)
INFO:root:Loss: 0.4907 +/- 0.002
INFO:root:Epoch no. 406 of 500 (samples: 141442)
INFO:root:Loss: 0.4908 +/- 0.0015
INFO:root:Epoch no. 407 of 500 (samples: 141442)
INFO:root:Loss: 0.4901 +/- 0.0014
INFO:root:Epoch no. 408 of 500 (samples: 141442)
INFO:root:Loss: 0.4901 +/- 0.0016
INFO:root:Epoch no. 409 of 500 (samples: 141442)
INFO:root:Loss: 0.4891 +/- 0.0011
INFO:root:Epoch no. 410 of 500 (samples: 141442)
INFO:root:Loss: 0.4894 +/- 0.0009
INFO:root:Epoch no. 411 of 500 (samples: 141442)
INFO:root:Loss: 0.4887 +/- 0.002
INFO:root:Epoch no. 412 of 500 (samples: 141442)
INFO:root:Loss: 0.4888 +/- 0.0018
INFO:root:Epoch no. 413 of 500 (samples: 141442)
INFO:root:Loss: 0.4891 +/- 0.0016
INFO:root:Epoch no. 414 of 500 (samples: 141442)
INFO:root:Loss: 0.4888 +/- 0.0017
INFO:root:Epoch no. 415 of 500 (samples: 141442)
INFO:root:Loss: 0.4882 +/- 0.0018
INFO:root:Epoch no. 416 of 500 (samples: 141442)
INFO:root:Loss: 0.4887 +/- 0.0014
INFO:root:Epoch no. 417 of 500 (samples: 141442)
INFO:root:Loss: 0.4887 +/- 0.0018
INFO:root:Epoch no. 418 of 500 (samples: 141442)
INFO:root:Loss: 0.4882 +/- 0.0006
INFO:root:Epoch no. 419 of 500 (samples: 141442)
INFO:root:Loss: 0.4886 +/- 0.0014
INFO:root:Epoch no. 420 of 500 (samples: 141442)
INFO:root:Loss: 0.489 +/- 0.0016
INFO:root:Epoch no. 421 of 500 (samples: 141442)
INFO:root:Loss: 0.4879 +/- 0.0019
INFO:root:Epoch no. 422 of 500 (samples: 141442)
INFO:root:Loss: 0.4878 +/- 0.0016
INFO:root:Epoch no. 423 of 500 (samples: 141442)
INFO:root:Loss: 0.487 +/- 0.0011
INFO:root:Epoch no. 424 of 500 (samples: 141442)
INFO:root:Loss: 0.4873 +/- 0.0014
INFO:root:Epoch no. 425 of 500 (samples: 141442)
INFO:root:Loss: 0.4875 +/- 0.0015
INFO:root:Epoch no. 426 of 500 (samples: 141442)
INFO:root:Loss: 0.4877 +/- 0.0021
INFO:root:Epoch no. 427 of 500 (samples: 141442)
INFO:root:Loss: 0.4876 +/- 0.002
INFO:root:Epoch no. 428 of 500 (samples: 141442)
INFO:root:Loss: 0.4866 +/- 0.0016
INFO:root:Epoch no. 429 of 500 (samples: 141442)
INFO:root:Loss: 0.4866 +/- 0.0015
INFO:root:Epoch no. 430 of 500 (samples: 141442)
INFO:root:Loss: 0.4862 +/- 0.0011
INFO:root:Epoch no. 431 of 500 (samples: 141442)
INFO:root:Loss: 0.4863 +/- 0.002
INFO:root:Epoch no. 432 of 500 (samples: 141442)
INFO:root:Loss: 0.4859 +/- 0.002
INFO:root:Epoch no. 433 of 500 (samples: 141442)
INFO:root:Loss: 0.4866 +/- 0.001
INFO:root:Epoch no. 434 of 500 (samples: 141442)
INFO:root:Loss: 0.4857 +/- 0.0011
INFO:root:Epoch no. 435 of 500 (samples: 141442)
INFO:root:Loss: 0.4858 +/- 0.0012
INFO:root:Epoch no. 436 of 500 (samples: 141442)
INFO:root:Loss: 0.486 +/- 0.0021
INFO:root:Epoch no. 437 of 500 (samples: 141442)
INFO:root:Loss: 0.4857 +/- 0.0012
INFO:root:Epoch no. 438 of 500 (samples: 141442)
INFO:root:Loss: 0.4851 +/- 0.0016
INFO:root:Epoch no. 439 of 500 (samples: 141442)
INFO:root:Loss: 0.485 +/- 0.0027
INFO:root:Epoch no. 440 of 500 (samples: 141442)
INFO:root:Loss: 0.485 +/- 0.0019
INFO:root:Epoch no. 441 of 500 (samples: 141442)
INFO:root:Loss: 0.4849 +/- 0.0017
INFO:root:Epoch no. 442 of 500 (samples: 141442)
INFO:root:Loss: 0.4852 +/- 0.0017
INFO:root:Epoch no. 443 of 500 (samples: 141442)
INFO:root:Loss: 0.4848 +/- 0.0018
INFO:root:Epoch no. 444 of 500 (samples: 141442)
INFO:root:Loss: 0.4848 +/- 0.0016
INFO:root:Epoch no. 445 of 500 (samples: 141442)
INFO:root:Loss: 0.4847 +/- 0.0013
INFO:root:Epoch no. 446 of 500 (samples: 141442)
INFO:root:Loss: 0.4836 +/- 0.0021
INFO:root:Epoch no. 447 of 500 (samples: 141442)
INFO:root:Loss: 0.4842 +/- 0.0013
INFO:root:Epoch no. 448 of 500 (samples: 141442)
INFO:root:Loss: 0.4835 +/- 0.0019
INFO:root:Epoch no. 449 of 500 (samples: 141442)
INFO:root:Loss: 0.4836 +/- 0.0013
INFO:root:Epoch no. 450 of 500 (samples: 141442)
INFO:root:Loss: 0.4831 +/- 0.0019
INFO:root:Epoch no. 451 of 500 (samples: 141442)
INFO:root:Loss: 0.4839 +/- 0.0015
INFO:root:Epoch no. 452 of 500 (samples: 141442)
INFO:root:Loss: 0.4831 +/- 0.0023
INFO:root:Epoch no. 453 of 500 (samples: 141442)
INFO:root:Loss: 0.4836 +/- 0.0011
INFO:root:Epoch no. 454 of 500 (samples: 141442)
INFO:root:Loss: 0.483 +/- 0.0011
INFO:root:Epoch no. 455 of 500 (samples: 141442)
INFO:root:Loss: 0.4832 +/- 0.0016
INFO:root:Epoch no. 456 of 500 (samples: 141442)
INFO:root:Loss: 0.4839 +/- 0.0012
INFO:root:Epoch no. 457 of 500 (samples: 141442)
INFO:root:Loss: 0.4838 +/- 0.0021
INFO:root:Epoch no. 458 of 500 (samples: 141442)
INFO:root:Loss: 0.4832 +/- 0.0019
INFO:root:Epoch no. 459 of 500 (samples: 141442)
INFO:root:Loss: 0.4829 +/- 0.0011
INFO:root:Epoch no. 460 of 500 (samples: 141442)
INFO:root:Loss: 0.4822 +/- 0.0015
INFO:root:Epoch no. 461 of 500 (samples: 141442)
INFO:root:Loss: 0.4827 +/- 0.0017
INFO:root:Epoch no. 462 of 500 (samples: 141442)
INFO:root:Loss: 0.4825 +/- 0.0013
INFO:root:Epoch no. 463 of 500 (samples: 141442)
INFO:root:Loss: 0.4819 +/- 0.0028
INFO:root:Epoch no. 464 of 500 (samples: 141442)
INFO:root:Loss: 0.4822 +/- 0.0017
INFO:root:Epoch no. 465 of 500 (samples: 141442)
INFO:root:Loss: 0.4815 +/- 0.0014
INFO:root:Epoch no. 466 of 500 (samples: 141442)
INFO:root:Loss: 0.4815 +/- 0.0017
INFO:root:Epoch no. 467 of 500 (samples: 141442)
INFO:root:Loss: 0.482 +/- 0.0014
INFO:root:Epoch no. 468 of 500 (samples: 141442)
INFO:root:Loss: 0.4816 +/- 0.0015
INFO:root:Epoch no. 469 of 500 (samples: 141442)
INFO:root:Loss: 0.4812 +/- 0.0017
INFO:root:Epoch no. 470 of 500 (samples: 141442)
INFO:root:Loss: 0.4814 +/- 0.0018
INFO:root:Epoch no. 471 of 500 (samples: 141442)
INFO:root:Loss: 0.4812 +/- 0.0021
INFO:root:Epoch no. 472 of 500 (samples: 141442)
INFO:root:Loss: 0.4811 +/- 0.0019
INFO:root:Epoch no. 473 of 500 (samples: 141442)
INFO:root:Loss: 0.4798 +/- 0.0018
INFO:root:Epoch no. 474 of 500 (samples: 141442)
INFO:root:Loss: 0.4807 +/- 0.0019
INFO:root:Epoch no. 475 of 500 (samples: 141442)
INFO:root:Loss: 0.4807 +/- 0.0015
INFO:root:Epoch no. 476 of 500 (samples: 141442)
INFO:root:Loss: 0.4805 +/- 0.0017
INFO:root:Epoch no. 477 of 500 (samples: 141442)
INFO:root:Loss: 0.4808 +/- 0.0021
INFO:root:Epoch no. 478 of 500 (samples: 141442)
INFO:root:Loss: 0.4804 +/- 0.0012
INFO:root:Epoch no. 479 of 500 (samples: 141442)
INFO:root:Loss: 0.4804 +/- 0.0013
INFO:root:Epoch no. 480 of 500 (samples: 141442)
INFO:root:Loss: 0.48 +/- 0.0013
INFO:root:Epoch no. 481 of 500 (samples: 141442)
INFO:root:Loss: 0.4806 +/- 0.0014
INFO:root:Epoch no. 482 of 500 (samples: 141442)
INFO:root:Loss: 0.4796 +/- 0.0011
INFO:root:Epoch no. 483 of 500 (samples: 141442)
INFO:root:Loss: 0.4805 +/- 0.0016
INFO:root:Epoch no. 484 of 500 (samples: 141442)
INFO:root:Loss: 0.4793 +/- 0.0015
INFO:root:Epoch no. 485 of 500 (samples: 141442)
INFO:root:Loss: 0.4795 +/- 0.0022
INFO:root:Epoch no. 486 of 500 (samples: 141442)
INFO:root:Loss: 0.4792 +/- 0.0021
INFO:root:Epoch no. 487 of 500 (samples: 141442)
INFO:root:Loss: 0.4791 +/- 0.0017
INFO:root:Epoch no. 488 of 500 (samples: 141442)
INFO:root:Loss: 0.4788 +/- 0.0023
INFO:root:Epoch no. 489 of 500 (samples: 141442)
INFO:root:Loss: 0.4789 +/- 0.0009
INFO:root:Epoch no. 490 of 500 (samples: 141442)
INFO:root:Loss: 0.479 +/- 0.001
INFO:root:Epoch no. 491 of 500 (samples: 141442)
INFO:root:Loss: 0.4787 +/- 0.0019
INFO:root:Epoch no. 492 of 500 (samples: 141442)
INFO:root:Loss: 0.4787 +/- 0.002
INFO:root:Epoch no. 493 of 500 (samples: 141442)
INFO:root:Loss: 0.4788 +/- 0.0024
INFO:root:Epoch no. 494 of 500 (samples: 141442)
INFO:root:Loss: 0.4783 +/- 0.0019
INFO:root:Epoch no. 495 of 500 (samples: 141442)
INFO:root:Loss: 0.4791 +/- 0.002
INFO:root:Epoch no. 496 of 500 (samples: 141442)
INFO:root:Loss: 0.4781 +/- 0.0013
INFO:root:Epoch no. 497 of 500 (samples: 141442)
INFO:root:Loss: 0.4782 +/- 0.0019
INFO:root:Epoch no. 498 of 500 (samples: 141442)
INFO:root:Loss: 0.4778 +/- 0.0016
INFO:root:Epoch no. 499 of 500 (samples: 141442)
INFO:root:Loss: 0.4786 +/- 0.0016
INFO:root:Epoch no. 500 of 500 (samples: 141442)
INFO:root:Loss: 0.4781 +/- 0.0013
Traceback (most recent call last):
  File "/usr/local/lib/python3.4/dist-packages/theano/compile/function_module.py", line 859, in __call__
    outputs = self.fn()
MemoryError

During handling of the above exception, another exception occurred:

Traceback (most recent call last):
  File "./bin/hyper-cli.py", line 324, in <module>
    main(sys.argv[1:])
  File "./bin/hyper-cli.py", line 308, in main
    evaluate_model(model, validation_sequences, nb_entities, tag='validation raw')
  File "./bin/hyper-cli.py", line 48, in evaluate_model
    res = metrics.ranking_score(scoring_function, evaluation_triples, nb_entities, nb_entities)
  File "/home/insight/.local/lib/python3.4/site-packages/hyper-0.0.1-py3.4.egg/hyper/evaluation/metrics.py", line 18, in ranking_score
  File "./bin/hyper-cli.py", line 42, in scoring_function
    y = model.predict([Xr, Xe], batch_size=Xr.shape[0])
  File "/home/insight/.local/lib/python3.4/site-packages/Keras-1.0.3-py3.4.egg/keras/models.py", line 460, in predict
    return self.model.predict(x, batch_size=batch_size, verbose=verbose)
  File "/home/insight/.local/lib/python3.4/site-packages/Keras-1.0.3-py3.4.egg/keras/engine/training.py", line 1125, in predict
    batch_size=batch_size, verbose=verbose)
  File "/home/insight/.local/lib/python3.4/site-packages/Keras-1.0.3-py3.4.egg/keras/engine/training.py", line 845, in _predict_loop
    batch_outs = f(ins_batch)
  File "/home/insight/.local/lib/python3.4/site-packages/Keras-1.0.3-py3.4.egg/keras/backend/theano_backend.py", line 518, in __call__
    return self.function(*inputs)
  File "/usr/local/lib/python3.4/dist-packages/theano/compile/function_module.py", line 871, in __call__
    storage_map=getattr(self.fn, 'storage_map', None))
  File "/usr/local/lib/python3.4/dist-packages/theano/gof/link.py", line 314, in raise_with_op
    reraise(exc_type, exc_value, exc_trace)
  File "/usr/local/lib/python3.4/dist-packages/six.py", line 685, in reraise
    raise value.with_traceback(tb)
  File "/usr/local/lib/python3.4/dist-packages/theano/compile/function_module.py", line 859, in __call__
    outputs = self.fn()
MemoryError: 
Apply node that caused the error: AdvancedSubtensor1(embedding_1_W, Reshape{1}.0)
Toposort index: 11
Inputs types: [TensorType(float32, matrix), TensorType(int32, vector)]
Inputs shapes: [(19, 2500), (40943,)]
Inputs strides: [(10000, 4), (4,)]
Inputs values: ['not shown', 'not shown']
Outputs clients: [[Reshape{3}(AdvancedSubtensor1.0, MakeVector{dtype='int64'}.0)]]

Backtrace when the node is created(use Theano flag traceback.limit=N to make it longer):
  File "/home/insight/.local/lib/python3.4/site-packages/hyper-0.0.1-py3.4.egg/hyper/learning/core.py", line 56, in pairwise_training
    predicate_encoder.add(predicate_embedding_layer)
  File "/home/insight/.local/lib/python3.4/site-packages/Keras-1.0.3-py3.4.egg/keras/models.py", line 114, in add
    layer.create_input_layer(batch_input_shape, input_dtype)
  File "/home/insight/.local/lib/python3.4/site-packages/Keras-1.0.3-py3.4.egg/keras/engine/topology.py", line 341, in create_input_layer
    self(x)
  File "/home/insight/.local/lib/python3.4/site-packages/Keras-1.0.3-py3.4.egg/keras/engine/topology.py", line 485, in __call__
    self.add_inbound_node(inbound_layers, node_indices, tensor_indices)
  File "/home/insight/.local/lib/python3.4/site-packages/Keras-1.0.3-py3.4.egg/keras/engine/topology.py", line 543, in add_inbound_node
    Node.create_node(self, inbound_layers, node_indices, tensor_indices)
  File "/home/insight/.local/lib/python3.4/site-packages/Keras-1.0.3-py3.4.egg/keras/engine/topology.py", line 148, in create_node
    output_tensors = to_list(outbound_layer.call(input_tensors[0], mask=input_masks[0]))
  File "/home/insight/.local/lib/python3.4/site-packages/Keras-1.0.3-py3.4.egg/keras/layers/embeddings.py", line 135, in call
    out = K.gather(W, x)
  File "/home/insight/.local/lib/python3.4/site-packages/Keras-1.0.3-py3.4.egg/keras/backend/theano_backend.py", line 166, in gather
    return reference[indices]

HINT: Use the Theano flag 'exception_verbosity=high' for a debugprint and storage map footprint of this apply node.
