Using Theano backend.
INFO:root:Acquiring data/wn18/wordnet-mlj12-train.txt ..
INFO:root:Acquiring data/wn18/wordnet-mlj12-valid.txt ..
INFO:root:Acquiring data/wn18/wordnet-mlj12-test.txt ..
INFO:root:Samples: 141442, no. batches: 10 -> batch size: 14145
INFO:root:Epoch no. 1 of 500 (samples: 141442)
INFO:root:Loss: 1.2799 +/- 0.0299
INFO:root:Epoch no. 2 of 500 (samples: 141442)
INFO:root:Loss: 1.1821 +/- 0.0202
INFO:root:Epoch no. 3 of 500 (samples: 141442)
INFO:root:Loss: 1.1035 +/- 0.0192
INFO:root:Epoch no. 4 of 500 (samples: 141442)
INFO:root:Loss: 1.0274 +/- 0.0185
INFO:root:Epoch no. 5 of 500 (samples: 141442)
INFO:root:Loss: 0.9579 +/- 0.0172
INFO:root:Epoch no. 6 of 500 (samples: 141442)
INFO:root:Loss: 0.9025 +/- 0.0112
INFO:root:Epoch no. 7 of 500 (samples: 141442)
INFO:root:Loss: 0.8605 +/- 0.0086
INFO:root:Epoch no. 8 of 500 (samples: 141442)
INFO:root:Loss: 0.8283 +/- 0.0063
INFO:root:Epoch no. 9 of 500 (samples: 141442)
INFO:root:Loss: 0.8034 +/- 0.0041
INFO:root:Epoch no. 10 of 500 (samples: 141442)
INFO:root:Loss: 0.7824 +/- 0.0043
INFO:root:Epoch no. 11 of 500 (samples: 141442)
INFO:root:Loss: 0.7651 +/- 0.0035
INFO:root:Epoch no. 12 of 500 (samples: 141442)
INFO:root:Loss: 0.749 +/- 0.0029
INFO:root:Epoch no. 13 of 500 (samples: 141442)
INFO:root:Loss: 0.7353 +/- 0.004
INFO:root:Epoch no. 14 of 500 (samples: 141442)
INFO:root:Loss: 0.7237 +/- 0.0041
INFO:root:Epoch no. 15 of 500 (samples: 141442)
INFO:root:Loss: 0.7114 +/- 0.0032
INFO:root:Epoch no. 16 of 500 (samples: 141442)
INFO:root:Loss: 0.7019 +/- 0.0043
INFO:root:Epoch no. 17 of 500 (samples: 141442)
INFO:root:Loss: 0.6903 +/- 0.0037
INFO:root:Epoch no. 18 of 500 (samples: 141442)
INFO:root:Loss: 0.6818 +/- 0.002
INFO:root:Epoch no. 19 of 500 (samples: 141442)
INFO:root:Loss: 0.6737 +/- 0.0014
INFO:root:Epoch no. 20 of 500 (samples: 141442)
INFO:root:Loss: 0.6669 +/- 0.0027
INFO:root:Epoch no. 21 of 500 (samples: 141442)
INFO:root:Loss: 0.6583 +/- 0.0045
INFO:root:Epoch no. 22 of 500 (samples: 141442)
INFO:root:Loss: 0.6518 +/- 0.0028
INFO:root:Epoch no. 23 of 500 (samples: 141442)
INFO:root:Loss: 0.6444 +/- 0.0023
INFO:root:Epoch no. 24 of 500 (samples: 141442)
INFO:root:Loss: 0.6374 +/- 0.0048
INFO:root:Epoch no. 25 of 500 (samples: 141442)
INFO:root:Loss: 0.6314 +/- 0.0026
INFO:root:Epoch no. 26 of 500 (samples: 141442)
INFO:root:Loss: 0.6255 +/- 0.0018
INFO:root:Epoch no. 27 of 500 (samples: 141442)
INFO:root:Loss: 0.6212 +/- 0.003
INFO:root:Epoch no. 28 of 500 (samples: 141442)
INFO:root:Loss: 0.6163 +/- 0.0033
INFO:root:Epoch no. 29 of 500 (samples: 141442)
INFO:root:Loss: 0.6115 +/- 0.0031
INFO:root:Epoch no. 30 of 500 (samples: 141442)
INFO:root:Loss: 0.6062 +/- 0.0035
INFO:root:Epoch no. 31 of 500 (samples: 141442)
INFO:root:Loss: 0.6024 +/- 0.003
INFO:root:Epoch no. 32 of 500 (samples: 141442)
INFO:root:Loss: 0.5988 +/- 0.0027
INFO:root:Epoch no. 33 of 500 (samples: 141442)
INFO:root:Loss: 0.5945 +/- 0.0041
INFO:root:Epoch no. 34 of 500 (samples: 141442)
INFO:root:Loss: 0.5895 +/- 0.0051
INFO:root:Epoch no. 35 of 500 (samples: 141442)
INFO:root:Loss: 0.5865 +/- 0.003
INFO:root:Epoch no. 36 of 500 (samples: 141442)
INFO:root:Loss: 0.5824 +/- 0.0029
INFO:root:Epoch no. 37 of 500 (samples: 141442)
INFO:root:Loss: 0.5787 +/- 0.0029
INFO:root:Epoch no. 38 of 500 (samples: 141442)
INFO:root:Loss: 0.5763 +/- 0.0021
INFO:root:Epoch no. 39 of 500 (samples: 141442)
INFO:root:Loss: 0.5717 +/- 0.0034
INFO:root:Epoch no. 40 of 500 (samples: 141442)
INFO:root:Loss: 0.5684 +/- 0.0031
INFO:root:Epoch no. 41 of 500 (samples: 141442)
INFO:root:Loss: 0.5649 +/- 0.0025
INFO:root:Epoch no. 42 of 500 (samples: 141442)
INFO:root:Loss: 0.5636 +/- 0.0025
INFO:root:Epoch no. 43 of 500 (samples: 141442)
INFO:root:Loss: 0.5608 +/- 0.0032
INFO:root:Epoch no. 44 of 500 (samples: 141442)
INFO:root:Loss: 0.5581 +/- 0.0026
INFO:root:Epoch no. 45 of 500 (samples: 141442)
INFO:root:Loss: 0.5548 +/- 0.0027
INFO:root:Epoch no. 46 of 500 (samples: 141442)
INFO:root:Loss: 0.5532 +/- 0.0036
INFO:root:Epoch no. 47 of 500 (samples: 141442)
INFO:root:Loss: 0.5508 +/- 0.0046
INFO:root:Epoch no. 48 of 500 (samples: 141442)
INFO:root:Loss: 0.5484 +/- 0.0034
INFO:root:Epoch no. 49 of 500 (samples: 141442)
INFO:root:Loss: 0.5451 +/- 0.0049
INFO:root:Epoch no. 50 of 500 (samples: 141442)
INFO:root:Loss: 0.5434 +/- 0.0031
INFO:root:Epoch no. 51 of 500 (samples: 141442)
INFO:root:Loss: 0.5423 +/- 0.0045
INFO:root:Epoch no. 52 of 500 (samples: 141442)
INFO:root:Loss: 0.5387 +/- 0.002
INFO:root:Epoch no. 53 of 500 (samples: 141442)
INFO:root:Loss: 0.5362 +/- 0.0036
INFO:root:Epoch no. 54 of 500 (samples: 141442)
INFO:root:Loss: 0.5353 +/- 0.0034
INFO:root:Epoch no. 55 of 500 (samples: 141442)
INFO:root:Loss: 0.5342 +/- 0.003
INFO:root:Epoch no. 56 of 500 (samples: 141442)
INFO:root:Loss: 0.5312 +/- 0.0056
INFO:root:Epoch no. 57 of 500 (samples: 141442)
INFO:root:Loss: 0.5292 +/- 0.0045
INFO:root:Epoch no. 58 of 500 (samples: 141442)
INFO:root:Loss: 0.5279 +/- 0.0047
INFO:root:Epoch no. 59 of 500 (samples: 141442)
INFO:root:Loss: 0.5255 +/- 0.0024
INFO:root:Epoch no. 60 of 500 (samples: 141442)
INFO:root:Loss: 0.5241 +/- 0.0025
INFO:root:Epoch no. 61 of 500 (samples: 141442)
INFO:root:Loss: 0.5228 +/- 0.0025
INFO:root:Epoch no. 62 of 500 (samples: 141442)
INFO:root:Loss: 0.5225 +/- 0.0039
INFO:root:Epoch no. 63 of 500 (samples: 141442)
INFO:root:Loss: 0.5208 +/- 0.0024
INFO:root:Epoch no. 64 of 500 (samples: 141442)
INFO:root:Loss: 0.5185 +/- 0.0025
INFO:root:Epoch no. 65 of 500 (samples: 141442)
INFO:root:Loss: 0.5172 +/- 0.0022
INFO:root:Epoch no. 66 of 500 (samples: 141442)
INFO:root:Loss: 0.5147 +/- 0.0034
INFO:root:Epoch no. 67 of 500 (samples: 141442)
INFO:root:Loss: 0.5152 +/- 0.0029
INFO:root:Epoch no. 68 of 500 (samples: 141442)
INFO:root:Loss: 0.5139 +/- 0.0038
INFO:root:Epoch no. 69 of 500 (samples: 141442)
INFO:root:Loss: 0.513 +/- 0.0031
INFO:root:Epoch no. 70 of 500 (samples: 141442)
INFO:root:Loss: 0.5099 +/- 0.0019
INFO:root:Epoch no. 71 of 500 (samples: 141442)
INFO:root:Loss: 0.5084 +/- 0.0043
INFO:root:Epoch no. 72 of 500 (samples: 141442)
INFO:root:Loss: 0.5075 +/- 0.0043
INFO:root:Epoch no. 73 of 500 (samples: 141442)
INFO:root:Loss: 0.5067 +/- 0.0043
INFO:root:Epoch no. 74 of 500 (samples: 141442)
INFO:root:Loss: 0.506 +/- 0.0029
INFO:root:Epoch no. 75 of 500 (samples: 141442)
INFO:root:Loss: 0.5048 +/- 0.0046
INFO:root:Epoch no. 76 of 500 (samples: 141442)
INFO:root:Loss: 0.5043 +/- 0.0046
INFO:root:Epoch no. 77 of 500 (samples: 141442)
INFO:root:Loss: 0.5016 +/- 0.0038
INFO:root:Epoch no. 78 of 500 (samples: 141442)
INFO:root:Loss: 0.4998 +/- 0.0037
INFO:root:Epoch no. 79 of 500 (samples: 141442)
INFO:root:Loss: 0.5011 +/- 0.0026
INFO:root:Epoch no. 80 of 500 (samples: 141442)
INFO:root:Loss: 0.4995 +/- 0.0037
INFO:root:Epoch no. 81 of 500 (samples: 141442)
INFO:root:Loss: 0.4972 +/- 0.0054
INFO:root:Epoch no. 82 of 500 (samples: 141442)
INFO:root:Loss: 0.4975 +/- 0.0027
INFO:root:Epoch no. 83 of 500 (samples: 141442)
INFO:root:Loss: 0.4966 +/- 0.0015
INFO:root:Epoch no. 84 of 500 (samples: 141442)
INFO:root:Loss: 0.4947 +/- 0.0043
INFO:root:Epoch no. 85 of 500 (samples: 141442)
INFO:root:Loss: 0.4936 +/- 0.0042
INFO:root:Epoch no. 86 of 500 (samples: 141442)
INFO:root:Loss: 0.4939 +/- 0.0028
INFO:root:Epoch no. 87 of 500 (samples: 141442)
INFO:root:Loss: 0.4916 +/- 0.0036
INFO:root:Epoch no. 88 of 500 (samples: 141442)
INFO:root:Loss: 0.4921 +/- 0.004
INFO:root:Epoch no. 89 of 500 (samples: 141442)
INFO:root:Loss: 0.491 +/- 0.0041
INFO:root:Epoch no. 90 of 500 (samples: 141442)
INFO:root:Loss: 0.4881 +/- 0.0041
INFO:root:Epoch no. 91 of 500 (samples: 141442)
INFO:root:Loss: 0.4898 +/- 0.0027
INFO:root:Epoch no. 92 of 500 (samples: 141442)
INFO:root:Loss: 0.4892 +/- 0.0034
INFO:root:Epoch no. 93 of 500 (samples: 141442)
INFO:root:Loss: 0.487 +/- 0.0037
INFO:root:Epoch no. 94 of 500 (samples: 141442)
INFO:root:Loss: 0.4863 +/- 0.0038
INFO:root:Epoch no. 95 of 500 (samples: 141442)
INFO:root:Loss: 0.4839 +/- 0.0033
INFO:root:Epoch no. 96 of 500 (samples: 141442)
INFO:root:Loss: 0.4859 +/- 0.0032
INFO:root:Epoch no. 97 of 500 (samples: 141442)
INFO:root:Loss: 0.4838 +/- 0.0052
INFO:root:Epoch no. 98 of 500 (samples: 141442)
INFO:root:Loss: 0.4844 +/- 0.004
INFO:root:Epoch no. 99 of 500 (samples: 141442)
INFO:root:Loss: 0.484 +/- 0.0046
INFO:root:Epoch no. 100 of 500 (samples: 141442)
INFO:root:Loss: 0.4811 +/- 0.0041
INFO:root:Epoch no. 101 of 500 (samples: 141442)
INFO:root:Loss: 0.4824 +/- 0.0039
INFO:root:Epoch no. 102 of 500 (samples: 141442)
INFO:root:Loss: 0.4814 +/- 0.0035
INFO:root:Epoch no. 103 of 500 (samples: 141442)
INFO:root:Loss: 0.4805 +/- 0.0029
INFO:root:Epoch no. 104 of 500 (samples: 141442)
INFO:root:Loss: 0.4793 +/- 0.0041
INFO:root:Epoch no. 105 of 500 (samples: 141442)
INFO:root:Loss: 0.4796 +/- 0.0027
INFO:root:Epoch no. 106 of 500 (samples: 141442)
INFO:root:Loss: 0.4784 +/- 0.0046
INFO:root:Epoch no. 107 of 500 (samples: 141442)
INFO:root:Loss: 0.477 +/- 0.0034
INFO:root:Epoch no. 108 of 500 (samples: 141442)
INFO:root:Loss: 0.4769 +/- 0.0031
INFO:root:Epoch no. 109 of 500 (samples: 141442)
INFO:root:Loss: 0.4761 +/- 0.0051
INFO:root:Epoch no. 110 of 500 (samples: 141442)
INFO:root:Loss: 0.4746 +/- 0.0043
INFO:root:Epoch no. 111 of 500 (samples: 141442)
INFO:root:Loss: 0.4745 +/- 0.0032
INFO:root:Epoch no. 112 of 500 (samples: 141442)
INFO:root:Loss: 0.4755 +/- 0.0027
INFO:root:Epoch no. 113 of 500 (samples: 141442)
INFO:root:Loss: 0.4734 +/- 0.0032
INFO:root:Epoch no. 114 of 500 (samples: 141442)
INFO:root:Loss: 0.4742 +/- 0.0036
INFO:root:Epoch no. 115 of 500 (samples: 141442)
INFO:root:Loss: 0.4741 +/- 0.0036
INFO:root:Epoch no. 116 of 500 (samples: 141442)
INFO:root:Loss: 0.4727 +/- 0.0031
INFO:root:Epoch no. 117 of 500 (samples: 141442)
INFO:root:Loss: 0.4727 +/- 0.0061
INFO:root:Epoch no. 118 of 500 (samples: 141442)
INFO:root:Loss: 0.4706 +/- 0.0042
INFO:root:Epoch no. 119 of 500 (samples: 141442)
INFO:root:Loss: 0.4708 +/- 0.0028
INFO:root:Epoch no. 120 of 500 (samples: 141442)
INFO:root:Loss: 0.4702 +/- 0.004
INFO:root:Epoch no. 121 of 500 (samples: 141442)
INFO:root:Loss: 0.4713 +/- 0.0043
INFO:root:Epoch no. 122 of 500 (samples: 141442)
INFO:root:Loss: 0.4692 +/- 0.0045
INFO:root:Epoch no. 123 of 500 (samples: 141442)
INFO:root:Loss: 0.4696 +/- 0.0033
INFO:root:Epoch no. 124 of 500 (samples: 141442)
INFO:root:Loss: 0.4703 +/- 0.0035
INFO:root:Epoch no. 125 of 500 (samples: 141442)
INFO:root:Loss: 0.4686 +/- 0.0043
INFO:root:Epoch no. 126 of 500 (samples: 141442)
INFO:root:Loss: 0.4669 +/- 0.0035
INFO:root:Epoch no. 127 of 500 (samples: 141442)
INFO:root:Loss: 0.4679 +/- 0.0023
INFO:root:Epoch no. 128 of 500 (samples: 141442)
INFO:root:Loss: 0.4676 +/- 0.0017
INFO:root:Epoch no. 129 of 500 (samples: 141442)
INFO:root:Loss: 0.4671 +/- 0.0035
INFO:root:Epoch no. 130 of 500 (samples: 141442)
INFO:root:Loss: 0.4666 +/- 0.0051
INFO:root:Epoch no. 131 of 500 (samples: 141442)
INFO:root:Loss: 0.464 +/- 0.0044
INFO:root:Epoch no. 132 of 500 (samples: 141442)
INFO:root:Loss: 0.4658 +/- 0.0051
INFO:root:Epoch no. 133 of 500 (samples: 141442)
INFO:root:Loss: 0.4651 +/- 0.0044
INFO:root:Epoch no. 134 of 500 (samples: 141442)
INFO:root:Loss: 0.4645 +/- 0.0035
INFO:root:Epoch no. 135 of 500 (samples: 141442)
INFO:root:Loss: 0.4643 +/- 0.0039
INFO:root:Epoch no. 136 of 500 (samples: 141442)
INFO:root:Loss: 0.4622 +/- 0.0036
INFO:root:Epoch no. 137 of 500 (samples: 141442)
INFO:root:Loss: 0.4637 +/- 0.0031
INFO:root:Epoch no. 138 of 500 (samples: 141442)
INFO:root:Loss: 0.4623 +/- 0.0034
INFO:root:Epoch no. 139 of 500 (samples: 141442)
INFO:root:Loss: 0.4645 +/- 0.0028
INFO:root:Epoch no. 140 of 500 (samples: 141442)
INFO:root:Loss: 0.4611 +/- 0.004
INFO:root:Epoch no. 141 of 500 (samples: 141442)
INFO:root:Loss: 0.4627 +/- 0.003
INFO:root:Epoch no. 142 of 500 (samples: 141442)
INFO:root:Loss: 0.4618 +/- 0.0051
INFO:root:Epoch no. 143 of 500 (samples: 141442)
INFO:root:Loss: 0.4606 +/- 0.0024
INFO:root:Epoch no. 144 of 500 (samples: 141442)
INFO:root:Loss: 0.4609 +/- 0.0035
INFO:root:Epoch no. 145 of 500 (samples: 141442)
INFO:root:Loss: 0.4609 +/- 0.0028
INFO:root:Epoch no. 146 of 500 (samples: 141442)
INFO:root:Loss: 0.4607 +/- 0.003
INFO:root:Epoch no. 147 of 500 (samples: 141442)
INFO:root:Loss: 0.4611 +/- 0.0038
INFO:root:Epoch no. 148 of 500 (samples: 141442)
INFO:root:Loss: 0.4599 +/- 0.0035
INFO:root:Epoch no. 149 of 500 (samples: 141442)
INFO:root:Loss: 0.4582 +/- 0.0038
INFO:root:Epoch no. 150 of 500 (samples: 141442)
INFO:root:Loss: 0.4594 +/- 0.0038
INFO:root:Epoch no. 151 of 500 (samples: 141442)
INFO:root:Loss: 0.4595 +/- 0.003
INFO:root:Epoch no. 152 of 500 (samples: 141442)
INFO:root:Loss: 0.4582 +/- 0.0027
INFO:root:Epoch no. 153 of 500 (samples: 141442)
INFO:root:Loss: 0.4576 +/- 0.0033
INFO:root:Epoch no. 154 of 500 (samples: 141442)
INFO:root:Loss: 0.4575 +/- 0.0034
INFO:root:Epoch no. 155 of 500 (samples: 141442)
INFO:root:Loss: 0.458 +/- 0.0038
INFO:root:Epoch no. 156 of 500 (samples: 141442)
INFO:root:Loss: 0.4571 +/- 0.0047
INFO:root:Epoch no. 157 of 500 (samples: 141442)
INFO:root:Loss: 0.4557 +/- 0.0039
INFO:root:Epoch no. 158 of 500 (samples: 141442)
INFO:root:Loss: 0.456 +/- 0.004
INFO:root:Epoch no. 159 of 500 (samples: 141442)
INFO:root:Loss: 0.458 +/- 0.0038
INFO:root:Epoch no. 160 of 500 (samples: 141442)
INFO:root:Loss: 0.4566 +/- 0.0044
INFO:root:Epoch no. 161 of 500 (samples: 141442)
INFO:root:Loss: 0.4557 +/- 0.0058
INFO:root:Epoch no. 162 of 500 (samples: 141442)
INFO:root:Loss: 0.4555 +/- 0.0032
INFO:root:Epoch no. 163 of 500 (samples: 141442)
INFO:root:Loss: 0.4562 +/- 0.004
INFO:root:Epoch no. 164 of 500 (samples: 141442)
INFO:root:Loss: 0.4543 +/- 0.0047
INFO:root:Epoch no. 165 of 500 (samples: 141442)
INFO:root:Loss: 0.4547 +/- 0.0038
INFO:root:Epoch no. 166 of 500 (samples: 141442)
INFO:root:Loss: 0.4548 +/- 0.0025
INFO:root:Epoch no. 167 of 500 (samples: 141442)
INFO:root:Loss: 0.4541 +/- 0.0029
INFO:root:Epoch no. 168 of 500 (samples: 141442)
INFO:root:Loss: 0.4531 +/- 0.0037
INFO:root:Epoch no. 169 of 500 (samples: 141442)
INFO:root:Loss: 0.4547 +/- 0.0025
INFO:root:Epoch no. 170 of 500 (samples: 141442)
INFO:root:Loss: 0.4534 +/- 0.0062
INFO:root:Epoch no. 171 of 500 (samples: 141442)
INFO:root:Loss: 0.4532 +/- 0.004
INFO:root:Epoch no. 172 of 500 (samples: 141442)
INFO:root:Loss: 0.4539 +/- 0.0027
INFO:root:Epoch no. 173 of 500 (samples: 141442)
INFO:root:Loss: 0.453 +/- 0.0019
INFO:root:Epoch no. 174 of 500 (samples: 141442)
INFO:root:Loss: 0.451 +/- 0.0026
INFO:root:Epoch no. 175 of 500 (samples: 141442)
INFO:root:Loss: 0.4522 +/- 0.0032
INFO:root:Epoch no. 176 of 500 (samples: 141442)
INFO:root:Loss: 0.4514 +/- 0.0036
INFO:root:Epoch no. 177 of 500 (samples: 141442)
INFO:root:Loss: 0.4513 +/- 0.0036
INFO:root:Epoch no. 178 of 500 (samples: 141442)
INFO:root:Loss: 0.4524 +/- 0.0037
INFO:root:Epoch no. 179 of 500 (samples: 141442)
INFO:root:Loss: 0.4522 +/- 0.0047
INFO:root:Epoch no. 180 of 500 (samples: 141442)
INFO:root:Loss: 0.4512 +/- 0.0025
INFO:root:Epoch no. 181 of 500 (samples: 141442)
INFO:root:Loss: 0.4512 +/- 0.0031
INFO:root:Epoch no. 182 of 500 (samples: 141442)
INFO:root:Loss: 0.4505 +/- 0.0038
INFO:root:Epoch no. 183 of 500 (samples: 141442)
INFO:root:Loss: 0.4508 +/- 0.0037
INFO:root:Epoch no. 184 of 500 (samples: 141442)
INFO:root:Loss: 0.451 +/- 0.0036
INFO:root:Epoch no. 185 of 500 (samples: 141442)
INFO:root:Loss: 0.4502 +/- 0.0036
INFO:root:Epoch no. 186 of 500 (samples: 141442)
INFO:root:Loss: 0.4491 +/- 0.0024
INFO:root:Epoch no. 187 of 500 (samples: 141442)
INFO:root:Loss: 0.4499 +/- 0.0021
INFO:root:Epoch no. 188 of 500 (samples: 141442)
INFO:root:Loss: 0.4504 +/- 0.003
INFO:root:Epoch no. 189 of 500 (samples: 141442)
INFO:root:Loss: 0.4492 +/- 0.0042
INFO:root:Epoch no. 190 of 500 (samples: 141442)
INFO:root:Loss: 0.4482 +/- 0.0026
INFO:root:Epoch no. 191 of 500 (samples: 141442)
INFO:root:Loss: 0.4498 +/- 0.0046
INFO:root:Epoch no. 192 of 500 (samples: 141442)
INFO:root:Loss: 0.4475 +/- 0.0023
INFO:root:Epoch no. 193 of 500 (samples: 141442)
INFO:root:Loss: 0.4495 +/- 0.0033
INFO:root:Epoch no. 194 of 500 (samples: 141442)
INFO:root:Loss: 0.4479 +/- 0.0033
INFO:root:Epoch no. 195 of 500 (samples: 141442)
INFO:root:Loss: 0.4474 +/- 0.0039
INFO:root:Epoch no. 196 of 500 (samples: 141442)
INFO:root:Loss: 0.4482 +/- 0.0046
INFO:root:Epoch no. 197 of 500 (samples: 141442)
INFO:root:Loss: 0.4486 +/- 0.0033
INFO:root:Epoch no. 198 of 500 (samples: 141442)
INFO:root:Loss: 0.4479 +/- 0.0048
INFO:root:Epoch no. 199 of 500 (samples: 141442)
INFO:root:Loss: 0.4487 +/- 0.0037
INFO:root:Epoch no. 200 of 500 (samples: 141442)
INFO:root:Loss: 0.4495 +/- 0.0044
INFO:root:Epoch no. 201 of 500 (samples: 141442)
INFO:root:Loss: 0.4478 +/- 0.0035
INFO:root:Epoch no. 202 of 500 (samples: 141442)
INFO:root:Loss: 0.446 +/- 0.004
INFO:root:Epoch no. 203 of 500 (samples: 141442)
INFO:root:Loss: 0.4476 +/- 0.0027
INFO:root:Epoch no. 204 of 500 (samples: 141442)
INFO:root:Loss: 0.4474 +/- 0.0037
INFO:root:Epoch no. 205 of 500 (samples: 141442)
INFO:root:Loss: 0.4455 +/- 0.0029
INFO:root:Epoch no. 206 of 500 (samples: 141442)
INFO:root:Loss: 0.4472 +/- 0.004
INFO:root:Epoch no. 207 of 500 (samples: 141442)
INFO:root:Loss: 0.4455 +/- 0.0042
INFO:root:Epoch no. 208 of 500 (samples: 141442)
INFO:root:Loss: 0.4467 +/- 0.0037
INFO:root:Epoch no. 209 of 500 (samples: 141442)
INFO:root:Loss: 0.4457 +/- 0.0028
INFO:root:Epoch no. 210 of 500 (samples: 141442)
INFO:root:Loss: 0.4463 +/- 0.0026
INFO:root:Epoch no. 211 of 500 (samples: 141442)
INFO:root:Loss: 0.4459 +/- 0.0042
INFO:root:Epoch no. 212 of 500 (samples: 141442)
INFO:root:Loss: 0.4459 +/- 0.0018
INFO:root:Epoch no. 213 of 500 (samples: 141442)
INFO:root:Loss: 0.4451 +/- 0.0035
INFO:root:Epoch no. 214 of 500 (samples: 141442)
INFO:root:Loss: 0.4445 +/- 0.0046
INFO:root:Epoch no. 215 of 500 (samples: 141442)
INFO:root:Loss: 0.4463 +/- 0.0027
INFO:root:Epoch no. 216 of 500 (samples: 141442)
INFO:root:Loss: 0.4446 +/- 0.004
INFO:root:Epoch no. 217 of 500 (samples: 141442)
INFO:root:Loss: 0.4449 +/- 0.0036
INFO:root:Epoch no. 218 of 500 (samples: 141442)
INFO:root:Loss: 0.4436 +/- 0.0036
INFO:root:Epoch no. 219 of 500 (samples: 141442)
INFO:root:Loss: 0.4444 +/- 0.0042
INFO:root:Epoch no. 220 of 500 (samples: 141442)
INFO:root:Loss: 0.4441 +/- 0.0033
INFO:root:Epoch no. 221 of 500 (samples: 141442)
INFO:root:Loss: 0.445 +/- 0.0039
INFO:root:Epoch no. 222 of 500 (samples: 141442)
INFO:root:Loss: 0.445 +/- 0.0026
INFO:root:Epoch no. 223 of 500 (samples: 141442)
INFO:root:Loss: 0.4435 +/- 0.005
INFO:root:Epoch no. 224 of 500 (samples: 141442)
INFO:root:Loss: 0.4438 +/- 0.0056
INFO:root:Epoch no. 225 of 500 (samples: 141442)
INFO:root:Loss: 0.4446 +/- 0.0037
INFO:root:Epoch no. 226 of 500 (samples: 141442)
INFO:root:Loss: 0.4435 +/- 0.0021
INFO:root:Epoch no. 227 of 500 (samples: 141442)
INFO:root:Loss: 0.4431 +/- 0.004
INFO:root:Epoch no. 228 of 500 (samples: 141442)
INFO:root:Loss: 0.4437 +/- 0.0046
INFO:root:Epoch no. 229 of 500 (samples: 141442)
INFO:root:Loss: 0.443 +/- 0.0026
INFO:root:Epoch no. 230 of 500 (samples: 141442)
INFO:root:Loss: 0.4419 +/- 0.0026
INFO:root:Epoch no. 231 of 500 (samples: 141442)
INFO:root:Loss: 0.4427 +/- 0.0031
INFO:root:Epoch no. 232 of 500 (samples: 141442)
INFO:root:Loss: 0.4415 +/- 0.0034
INFO:root:Epoch no. 233 of 500 (samples: 141442)
INFO:root:Loss: 0.4441 +/- 0.0055
INFO:root:Epoch no. 234 of 500 (samples: 141442)
INFO:root:Loss: 0.4435 +/- 0.0025
INFO:root:Epoch no. 235 of 500 (samples: 141442)
INFO:root:Loss: 0.4424 +/- 0.002
INFO:root:Epoch no. 236 of 500 (samples: 141442)
INFO:root:Loss: 0.4424 +/- 0.0017
INFO:root:Epoch no. 237 of 500 (samples: 141442)
INFO:root:Loss: 0.4426 +/- 0.0035
INFO:root:Epoch no. 238 of 500 (samples: 141442)
INFO:root:Loss: 0.4416 +/- 0.0018
INFO:root:Epoch no. 239 of 500 (samples: 141442)
INFO:root:Loss: 0.4421 +/- 0.0033
INFO:root:Epoch no. 240 of 500 (samples: 141442)
INFO:root:Loss: 0.4409 +/- 0.0028
INFO:root:Epoch no. 241 of 500 (samples: 141442)
INFO:root:Loss: 0.442 +/- 0.0029
INFO:root:Epoch no. 242 of 500 (samples: 141442)
INFO:root:Loss: 0.4403 +/- 0.0046
INFO:root:Epoch no. 243 of 500 (samples: 141442)
INFO:root:Loss: 0.4424 +/- 0.0022
INFO:root:Epoch no. 244 of 500 (samples: 141442)
INFO:root:Loss: 0.4417 +/- 0.0048
INFO:root:Epoch no. 245 of 500 (samples: 141442)
INFO:root:Loss: 0.4413 +/- 0.0036
INFO:root:Epoch no. 246 of 500 (samples: 141442)
INFO:root:Loss: 0.4411 +/- 0.0036
INFO:root:Epoch no. 247 of 500 (samples: 141442)
INFO:root:Loss: 0.4397 +/- 0.0028
INFO:root:Epoch no. 248 of 500 (samples: 141442)
INFO:root:Loss: 0.4408 +/- 0.0051
INFO:root:Epoch no. 249 of 500 (samples: 141442)
INFO:root:Loss: 0.4405 +/- 0.0027
INFO:root:Epoch no. 250 of 500 (samples: 141442)
INFO:root:Loss: 0.4401 +/- 0.0048
INFO:root:Epoch no. 251 of 500 (samples: 141442)
INFO:root:Loss: 0.4416 +/- 0.005
INFO:root:Epoch no. 252 of 500 (samples: 141442)
INFO:root:Loss: 0.4402 +/- 0.0029
INFO:root:Epoch no. 253 of 500 (samples: 141442)
INFO:root:Loss: 0.4407 +/- 0.0034
INFO:root:Epoch no. 254 of 500 (samples: 141442)
INFO:root:Loss: 0.4401 +/- 0.0027
INFO:root:Epoch no. 255 of 500 (samples: 141442)
INFO:root:Loss: 0.4398 +/- 0.0033
INFO:root:Epoch no. 256 of 500 (samples: 141442)
INFO:root:Loss: 0.4395 +/- 0.0046
INFO:root:Epoch no. 257 of 500 (samples: 141442)
INFO:root:Loss: 0.4399 +/- 0.0031
INFO:root:Epoch no. 258 of 500 (samples: 141442)
INFO:root:Loss: 0.4394 +/- 0.005
INFO:root:Epoch no. 259 of 500 (samples: 141442)
INFO:root:Loss: 0.4382 +/- 0.0034
INFO:root:Epoch no. 260 of 500 (samples: 141442)
INFO:root:Loss: 0.4385 +/- 0.0032
INFO:root:Epoch no. 261 of 500 (samples: 141442)
INFO:root:Loss: 0.438 +/- 0.004
INFO:root:Epoch no. 262 of 500 (samples: 141442)
INFO:root:Loss: 0.4386 +/- 0.0031
INFO:root:Epoch no. 263 of 500 (samples: 141442)
INFO:root:Loss: 0.4393 +/- 0.0023
INFO:root:Epoch no. 264 of 500 (samples: 141442)
INFO:root:Loss: 0.4381 +/- 0.0044
INFO:root:Epoch no. 265 of 500 (samples: 141442)
INFO:root:Loss: 0.4377 +/- 0.0061
INFO:root:Epoch no. 266 of 500 (samples: 141442)
INFO:root:Loss: 0.4388 +/- 0.0039
INFO:root:Epoch no. 267 of 500 (samples: 141442)
INFO:root:Loss: 0.4375 +/- 0.0032
INFO:root:Epoch no. 268 of 500 (samples: 141442)
INFO:root:Loss: 0.4359 +/- 0.0034
INFO:root:Epoch no. 269 of 500 (samples: 141442)
INFO:root:Loss: 0.4394 +/- 0.0049
INFO:root:Epoch no. 270 of 500 (samples: 141442)
INFO:root:Loss: 0.4376 +/- 0.0034
INFO:root:Epoch no. 271 of 500 (samples: 141442)
INFO:root:Loss: 0.4377 +/- 0.0024
INFO:root:Epoch no. 272 of 500 (samples: 141442)
INFO:root:Loss: 0.4375 +/- 0.0052
INFO:root:Epoch no. 273 of 500 (samples: 141442)
INFO:root:Loss: 0.4383 +/- 0.0035
INFO:root:Epoch no. 274 of 500 (samples: 141442)
INFO:root:Loss: 0.4381 +/- 0.0036
INFO:root:Epoch no. 275 of 500 (samples: 141442)
INFO:root:Loss: 0.4366 +/- 0.0041
INFO:root:Epoch no. 276 of 500 (samples: 141442)
INFO:root:Loss: 0.4366 +/- 0.0034
INFO:root:Epoch no. 277 of 500 (samples: 141442)
INFO:root:Loss: 0.437 +/- 0.0022
INFO:root:Epoch no. 278 of 500 (samples: 141442)
INFO:root:Loss: 0.4378 +/- 0.0025
INFO:root:Epoch no. 279 of 500 (samples: 141442)
INFO:root:Loss: 0.4379 +/- 0.0043
INFO:root:Epoch no. 280 of 500 (samples: 141442)
INFO:root:Loss: 0.4373 +/- 0.0023
INFO:root:Epoch no. 281 of 500 (samples: 141442)
INFO:root:Loss: 0.4371 +/- 0.0024
INFO:root:Epoch no. 282 of 500 (samples: 141442)
INFO:root:Loss: 0.4384 +/- 0.0034
INFO:root:Epoch no. 283 of 500 (samples: 141442)
INFO:root:Loss: 0.4374 +/- 0.0041
INFO:root:Epoch no. 284 of 500 (samples: 141442)
INFO:root:Loss: 0.4358 +/- 0.0041
INFO:root:Epoch no. 285 of 500 (samples: 141442)
INFO:root:Loss: 0.4368 +/- 0.0043
INFO:root:Epoch no. 286 of 500 (samples: 141442)
INFO:root:Loss: 0.4368 +/- 0.0039
INFO:root:Epoch no. 287 of 500 (samples: 141442)
INFO:root:Loss: 0.4366 +/- 0.0056
INFO:root:Epoch no. 288 of 500 (samples: 141442)
INFO:root:Loss: 0.4366 +/- 0.0044
INFO:root:Epoch no. 289 of 500 (samples: 141442)
INFO:root:Loss: 0.4358 +/- 0.0038
INFO:root:Epoch no. 290 of 500 (samples: 141442)
INFO:root:Loss: 0.4366 +/- 0.0023
INFO:root:Epoch no. 291 of 500 (samples: 141442)
INFO:root:Loss: 0.4369 +/- 0.0039
INFO:root:Epoch no. 292 of 500 (samples: 141442)
INFO:root:Loss: 0.4365 +/- 0.0029
INFO:root:Epoch no. 293 of 500 (samples: 141442)
INFO:root:Loss: 0.4356 +/- 0.003
INFO:root:Epoch no. 294 of 500 (samples: 141442)
INFO:root:Loss: 0.4362 +/- 0.0035
INFO:root:Epoch no. 295 of 500 (samples: 141442)
INFO:root:Loss: 0.4351 +/- 0.0031
INFO:root:Epoch no. 296 of 500 (samples: 141442)
INFO:root:Loss: 0.4358 +/- 0.004
INFO:root:Epoch no. 297 of 500 (samples: 141442)
INFO:root:Loss: 0.4354 +/- 0.0056
INFO:root:Epoch no. 298 of 500 (samples: 141442)
INFO:root:Loss: 0.4334 +/- 0.0041
INFO:root:Epoch no. 299 of 500 (samples: 141442)
INFO:root:Loss: 0.4359 +/- 0.0039
INFO:root:Epoch no. 300 of 500 (samples: 141442)
INFO:root:Loss: 0.4372 +/- 0.0043
INFO:root:Epoch no. 301 of 500 (samples: 141442)
INFO:root:Loss: 0.4351 +/- 0.0036
INFO:root:Epoch no. 302 of 500 (samples: 141442)
INFO:root:Loss: 0.4356 +/- 0.004
INFO:root:Epoch no. 303 of 500 (samples: 141442)
INFO:root:Loss: 0.4361 +/- 0.0025
INFO:root:Epoch no. 304 of 500 (samples: 141442)
INFO:root:Loss: 0.4364 +/- 0.0032
INFO:root:Epoch no. 305 of 500 (samples: 141442)
INFO:root:Loss: 0.4354 +/- 0.0035
INFO:root:Epoch no. 306 of 500 (samples: 141442)
INFO:root:Loss: 0.4333 +/- 0.004
INFO:root:Epoch no. 307 of 500 (samples: 141442)
INFO:root:Loss: 0.4349 +/- 0.004
INFO:root:Epoch no. 308 of 500 (samples: 141442)
INFO:root:Loss: 0.4353 +/- 0.0042
INFO:root:Epoch no. 309 of 500 (samples: 141442)
INFO:root:Loss: 0.4343 +/- 0.0044
INFO:root:Epoch no. 310 of 500 (samples: 141442)
INFO:root:Loss: 0.4326 +/- 0.0037
INFO:root:Epoch no. 311 of 500 (samples: 141442)
INFO:root:Loss: 0.4348 +/- 0.003
INFO:root:Epoch no. 312 of 500 (samples: 141442)
INFO:root:Loss: 0.4351 +/- 0.0032
INFO:root:Epoch no. 313 of 500 (samples: 141442)
INFO:root:Loss: 0.4355 +/- 0.0035
INFO:root:Epoch no. 314 of 500 (samples: 141442)
INFO:root:Loss: 0.4343 +/- 0.0046
INFO:root:Epoch no. 315 of 500 (samples: 141442)
INFO:root:Loss: 0.4356 +/- 0.003
INFO:root:Epoch no. 316 of 500 (samples: 141442)
INFO:root:Loss: 0.4337 +/- 0.004
INFO:root:Epoch no. 317 of 500 (samples: 141442)
INFO:root:Loss: 0.436 +/- 0.0017
INFO:root:Epoch no. 318 of 500 (samples: 141442)
INFO:root:Loss: 0.4338 +/- 0.0039
INFO:root:Epoch no. 319 of 500 (samples: 141442)
INFO:root:Loss: 0.4337 +/- 0.0026
INFO:root:Epoch no. 320 of 500 (samples: 141442)
INFO:root:Loss: 0.4367 +/- 0.0024
INFO:root:Epoch no. 321 of 500 (samples: 141442)
INFO:root:Loss: 0.4348 +/- 0.0047
INFO:root:Epoch no. 322 of 500 (samples: 141442)
INFO:root:Loss: 0.4338 +/- 0.005
INFO:root:Epoch no. 323 of 500 (samples: 141442)
INFO:root:Loss: 0.4321 +/- 0.0035
INFO:root:Epoch no. 324 of 500 (samples: 141442)
INFO:root:Loss: 0.4322 +/- 0.0038
INFO:root:Epoch no. 325 of 500 (samples: 141442)
INFO:root:Loss: 0.4335 +/- 0.0025
INFO:root:Epoch no. 326 of 500 (samples: 141442)
INFO:root:Loss: 0.4346 +/- 0.0039
INFO:root:Epoch no. 327 of 500 (samples: 141442)
INFO:root:Loss: 0.4341 +/- 0.0021
INFO:root:Epoch no. 328 of 500 (samples: 141442)
INFO:root:Loss: 0.4342 +/- 0.0022
INFO:root:Epoch no. 329 of 500 (samples: 141442)
INFO:root:Loss: 0.433 +/- 0.0039
INFO:root:Epoch no. 330 of 500 (samples: 141442)
INFO:root:Loss: 0.4327 +/- 0.0038
INFO:root:Epoch no. 331 of 500 (samples: 141442)
INFO:root:Loss: 0.4348 +/- 0.004
INFO:root:Epoch no. 332 of 500 (samples: 141442)
INFO:root:Loss: 0.434 +/- 0.0047
INFO:root:Epoch no. 333 of 500 (samples: 141442)
INFO:root:Loss: 0.4327 +/- 0.003
INFO:root:Epoch no. 334 of 500 (samples: 141442)
INFO:root:Loss: 0.4331 +/- 0.0043
INFO:root:Epoch no. 335 of 500 (samples: 141442)
INFO:root:Loss: 0.432 +/- 0.0028
INFO:root:Epoch no. 336 of 500 (samples: 141442)
INFO:root:Loss: 0.4316 +/- 0.0032
INFO:root:Epoch no. 337 of 500 (samples: 141442)
INFO:root:Loss: 0.4319 +/- 0.0031
INFO:root:Epoch no. 338 of 500 (samples: 141442)
INFO:root:Loss: 0.4344 +/- 0.0034
INFO:root:Epoch no. 339 of 500 (samples: 141442)
INFO:root:Loss: 0.434 +/- 0.0043
INFO:root:Epoch no. 340 of 500 (samples: 141442)
INFO:root:Loss: 0.4338 +/- 0.0029
INFO:root:Epoch no. 341 of 500 (samples: 141442)
INFO:root:Loss: 0.4323 +/- 0.0022
INFO:root:Epoch no. 342 of 500 (samples: 141442)
INFO:root:Loss: 0.4334 +/- 0.0038
INFO:root:Epoch no. 343 of 500 (samples: 141442)
INFO:root:Loss: 0.4346 +/- 0.0028
INFO:root:Epoch no. 344 of 500 (samples: 141442)
INFO:root:Loss: 0.4331 +/- 0.003
INFO:root:Epoch no. 345 of 500 (samples: 141442)
INFO:root:Loss: 0.4322 +/- 0.0036
INFO:root:Epoch no. 346 of 500 (samples: 141442)
INFO:root:Loss: 0.4316 +/- 0.0034
INFO:root:Epoch no. 347 of 500 (samples: 141442)
INFO:root:Loss: 0.4344 +/- 0.004
INFO:root:Epoch no. 348 of 500 (samples: 141442)
INFO:root:Loss: 0.4326 +/- 0.003
INFO:root:Epoch no. 349 of 500 (samples: 141442)
INFO:root:Loss: 0.4342 +/- 0.0043
INFO:root:Epoch no. 350 of 500 (samples: 141442)
INFO:root:Loss: 0.4331 +/- 0.0029
INFO:root:Epoch no. 351 of 500 (samples: 141442)
INFO:root:Loss: 0.4333 +/- 0.0026
INFO:root:Epoch no. 352 of 500 (samples: 141442)
INFO:root:Loss: 0.4314 +/- 0.0037
INFO:root:Epoch no. 353 of 500 (samples: 141442)
INFO:root:Loss: 0.4319 +/- 0.0021
INFO:root:Epoch no. 354 of 500 (samples: 141442)
INFO:root:Loss: 0.4313 +/- 0.0043
INFO:root:Epoch no. 355 of 500 (samples: 141442)
INFO:root:Loss: 0.4322 +/- 0.0037
INFO:root:Epoch no. 356 of 500 (samples: 141442)
INFO:root:Loss: 0.4309 +/- 0.0034
INFO:root:Epoch no. 357 of 500 (samples: 141442)
INFO:root:Loss: 0.4323 +/- 0.0025
INFO:root:Epoch no. 358 of 500 (samples: 141442)
INFO:root:Loss: 0.4324 +/- 0.0046
INFO:root:Epoch no. 359 of 500 (samples: 141442)
INFO:root:Loss: 0.4312 +/- 0.0031
INFO:root:Epoch no. 360 of 500 (samples: 141442)
INFO:root:Loss: 0.4312 +/- 0.0039
INFO:root:Epoch no. 361 of 500 (samples: 141442)
INFO:root:Loss: 0.4302 +/- 0.0026
INFO:root:Epoch no. 362 of 500 (samples: 141442)
INFO:root:Loss: 0.4324 +/- 0.0023
INFO:root:Epoch no. 363 of 500 (samples: 141442)
INFO:root:Loss: 0.4297 +/- 0.0038
INFO:root:Epoch no. 364 of 500 (samples: 141442)
INFO:root:Loss: 0.431 +/- 0.0038
INFO:root:Epoch no. 365 of 500 (samples: 141442)
INFO:root:Loss: 0.4307 +/- 0.0038
INFO:root:Epoch no. 366 of 500 (samples: 141442)
INFO:root:Loss: 0.4312 +/- 0.0028
INFO:root:Epoch no. 367 of 500 (samples: 141442)
INFO:root:Loss: 0.4314 +/- 0.0037
INFO:root:Epoch no. 368 of 500 (samples: 141442)
INFO:root:Loss: 0.431 +/- 0.0024
INFO:root:Epoch no. 369 of 500 (samples: 141442)
INFO:root:Loss: 0.4296 +/- 0.0034
INFO:root:Epoch no. 370 of 500 (samples: 141442)
INFO:root:Loss: 0.4327 +/- 0.0022
INFO:root:Epoch no. 371 of 500 (samples: 141442)
INFO:root:Loss: 0.43 +/- 0.0051
INFO:root:Epoch no. 372 of 500 (samples: 141442)
INFO:root:Loss: 0.4314 +/- 0.0023
INFO:root:Epoch no. 373 of 500 (samples: 141442)
INFO:root:Loss: 0.4314 +/- 0.0039
INFO:root:Epoch no. 374 of 500 (samples: 141442)
INFO:root:Loss: 0.4316 +/- 0.0027
INFO:root:Epoch no. 375 of 500 (samples: 141442)
INFO:root:Loss: 0.4319 +/- 0.0026
INFO:root:Epoch no. 376 of 500 (samples: 141442)
INFO:root:Loss: 0.4301 +/- 0.0032
INFO:root:Epoch no. 377 of 500 (samples: 141442)
INFO:root:Loss: 0.4302 +/- 0.0038
INFO:root:Epoch no. 378 of 500 (samples: 141442)
INFO:root:Loss: 0.4313 +/- 0.0027
INFO:root:Epoch no. 379 of 500 (samples: 141442)
INFO:root:Loss: 0.4301 +/- 0.0039
INFO:root:Epoch no. 380 of 500 (samples: 141442)
INFO:root:Loss: 0.4311 +/- 0.0029
INFO:root:Epoch no. 381 of 500 (samples: 141442)
INFO:root:Loss: 0.4323 +/- 0.0037
INFO:root:Epoch no. 382 of 500 (samples: 141442)
INFO:root:Loss: 0.4297 +/- 0.0043
INFO:root:Epoch no. 383 of 500 (samples: 141442)
INFO:root:Loss: 0.4307 +/- 0.0046
INFO:root:Epoch no. 384 of 500 (samples: 141442)
INFO:root:Loss: 0.4307 +/- 0.004
INFO:root:Epoch no. 385 of 500 (samples: 141442)
INFO:root:Loss: 0.4298 +/- 0.0037
INFO:root:Epoch no. 386 of 500 (samples: 141442)
INFO:root:Loss: 0.4312 +/- 0.0045
INFO:root:Epoch no. 387 of 500 (samples: 141442)
INFO:root:Loss: 0.4286 +/- 0.0017
INFO:root:Epoch no. 388 of 500 (samples: 141442)
INFO:root:Loss: 0.4304 +/- 0.0028
INFO:root:Epoch no. 389 of 500 (samples: 141442)
INFO:root:Loss: 0.4286 +/- 0.0039
INFO:root:Epoch no. 390 of 500 (samples: 141442)
INFO:root:Loss: 0.4302 +/- 0.0036
INFO:root:Epoch no. 391 of 500 (samples: 141442)
INFO:root:Loss: 0.4299 +/- 0.0036
INFO:root:Epoch no. 392 of 500 (samples: 141442)
INFO:root:Loss: 0.429 +/- 0.0029
INFO:root:Epoch no. 393 of 500 (samples: 141442)
INFO:root:Loss: 0.4294 +/- 0.0048
INFO:root:Epoch no. 394 of 500 (samples: 141442)
INFO:root:Loss: 0.4292 +/- 0.0035
INFO:root:Epoch no. 395 of 500 (samples: 141442)
INFO:root:Loss: 0.4321 +/- 0.0026
INFO:root:Epoch no. 396 of 500 (samples: 141442)
INFO:root:Loss: 0.4307 +/- 0.0028
INFO:root:Epoch no. 397 of 500 (samples: 141442)
INFO:root:Loss: 0.4296 +/- 0.0033
INFO:root:Epoch no. 398 of 500 (samples: 141442)
INFO:root:Loss: 0.4286 +/- 0.0039
INFO:root:Epoch no. 399 of 500 (samples: 141442)
INFO:root:Loss: 0.4301 +/- 0.0035
INFO:root:Epoch no. 400 of 500 (samples: 141442)
INFO:root:Loss: 0.4277 +/- 0.0043
INFO:root:Epoch no. 401 of 500 (samples: 141442)
INFO:root:Loss: 0.4312 +/- 0.003
INFO:root:Epoch no. 402 of 500 (samples: 141442)
INFO:root:Loss: 0.4297 +/- 0.0044
INFO:root:Epoch no. 403 of 500 (samples: 141442)
INFO:root:Loss: 0.4286 +/- 0.0028
INFO:root:Epoch no. 404 of 500 (samples: 141442)
INFO:root:Loss: 0.4285 +/- 0.0042
INFO:root:Epoch no. 405 of 500 (samples: 141442)
INFO:root:Loss: 0.4309 +/- 0.0033
INFO:root:Epoch no. 406 of 500 (samples: 141442)
INFO:root:Loss: 0.4307 +/- 0.0039
INFO:root:Epoch no. 407 of 500 (samples: 141442)
INFO:root:Loss: 0.4291 +/- 0.0028
INFO:root:Epoch no. 408 of 500 (samples: 141442)
INFO:root:Loss: 0.4287 +/- 0.0045
INFO:root:Epoch no. 409 of 500 (samples: 141442)
INFO:root:Loss: 0.4288 +/- 0.0042
INFO:root:Epoch no. 410 of 500 (samples: 141442)
INFO:root:Loss: 0.4294 +/- 0.003
INFO:root:Epoch no. 411 of 500 (samples: 141442)
INFO:root:Loss: 0.4305 +/- 0.0046
INFO:root:Epoch no. 412 of 500 (samples: 141442)
INFO:root:Loss: 0.4287 +/- 0.0045
INFO:root:Epoch no. 413 of 500 (samples: 141442)
INFO:root:Loss: 0.4295 +/- 0.0041
INFO:root:Epoch no. 414 of 500 (samples: 141442)
INFO:root:Loss: 0.4305 +/- 0.0045
INFO:root:Epoch no. 415 of 500 (samples: 141442)
INFO:root:Loss: 0.4279 +/- 0.0028
INFO:root:Epoch no. 416 of 500 (samples: 141442)
INFO:root:Loss: 0.429 +/- 0.0034
INFO:root:Epoch no. 417 of 500 (samples: 141442)
INFO:root:Loss: 0.4309 +/- 0.0034
INFO:root:Epoch no. 418 of 500 (samples: 141442)
INFO:root:Loss: 0.4283 +/- 0.0022
INFO:root:Epoch no. 419 of 500 (samples: 141442)
INFO:root:Loss: 0.4279 +/- 0.0046
INFO:root:Epoch no. 420 of 500 (samples: 141442)
INFO:root:Loss: 0.4291 +/- 0.0033
INFO:root:Epoch no. 421 of 500 (samples: 141442)
INFO:root:Loss: 0.4294 +/- 0.0037
INFO:root:Epoch no. 422 of 500 (samples: 141442)
INFO:root:Loss: 0.4295 +/- 0.0035
INFO:root:Epoch no. 423 of 500 (samples: 141442)
INFO:root:Loss: 0.427 +/- 0.0029
INFO:root:Epoch no. 424 of 500 (samples: 141442)
INFO:root:Loss: 0.4275 +/- 0.0044
INFO:root:Epoch no. 425 of 500 (samples: 141442)
INFO:root:Loss: 0.4299 +/- 0.0046
INFO:root:Epoch no. 426 of 500 (samples: 141442)
INFO:root:Loss: 0.4284 +/- 0.0024
INFO:root:Epoch no. 427 of 500 (samples: 141442)
INFO:root:Loss: 0.4297 +/- 0.0039
INFO:root:Epoch no. 428 of 500 (samples: 141442)
INFO:root:Loss: 0.4282 +/- 0.0026
INFO:root:Epoch no. 429 of 500 (samples: 141442)
INFO:root:Loss: 0.4288 +/- 0.0013
INFO:root:Epoch no. 430 of 500 (samples: 141442)
INFO:root:Loss: 0.4283 +/- 0.0037
INFO:root:Epoch no. 431 of 500 (samples: 141442)
INFO:root:Loss: 0.4279 +/- 0.0041
INFO:root:Epoch no. 432 of 500 (samples: 141442)
INFO:root:Loss: 0.4272 +/- 0.0051
INFO:root:Epoch no. 433 of 500 (samples: 141442)
INFO:root:Loss: 0.428 +/- 0.0032
INFO:root:Epoch no. 434 of 500 (samples: 141442)
INFO:root:Loss: 0.4283 +/- 0.0029
INFO:root:Epoch no. 435 of 500 (samples: 141442)
INFO:root:Loss: 0.429 +/- 0.0041
INFO:root:Epoch no. 436 of 500 (samples: 141442)
INFO:root:Loss: 0.4271 +/- 0.0046
INFO:root:Epoch no. 437 of 500 (samples: 141442)
INFO:root:Loss: 0.4274 +/- 0.0025
INFO:root:Epoch no. 438 of 500 (samples: 141442)
INFO:root:Loss: 0.4273 +/- 0.0032
INFO:root:Epoch no. 439 of 500 (samples: 141442)
INFO:root:Loss: 0.4278 +/- 0.0056
INFO:root:Epoch no. 440 of 500 (samples: 141442)
INFO:root:Loss: 0.4269 +/- 0.0045
INFO:root:Epoch no. 441 of 500 (samples: 141442)
INFO:root:Loss: 0.4276 +/- 0.0023
INFO:root:Epoch no. 442 of 500 (samples: 141442)
INFO:root:Loss: 0.4287 +/- 0.0046
INFO:root:Epoch no. 443 of 500 (samples: 141442)
INFO:root:Loss: 0.428 +/- 0.0035
INFO:root:Epoch no. 444 of 500 (samples: 141442)
INFO:root:Loss: 0.4283 +/- 0.0032
INFO:root:Epoch no. 445 of 500 (samples: 141442)
INFO:root:Loss: 0.4284 +/- 0.0024
INFO:root:Epoch no. 446 of 500 (samples: 141442)
INFO:root:Loss: 0.4256 +/- 0.0027
INFO:root:Epoch no. 447 of 500 (samples: 141442)
INFO:root:Loss: 0.4287 +/- 0.0018
INFO:root:Epoch no. 448 of 500 (samples: 141442)
INFO:root:Loss: 0.4278 +/- 0.0022
INFO:root:Epoch no. 449 of 500 (samples: 141442)
INFO:root:Loss: 0.4274 +/- 0.0032
INFO:root:Epoch no. 450 of 500 (samples: 141442)
INFO:root:Loss: 0.4265 +/- 0.0037
INFO:root:Epoch no. 451 of 500 (samples: 141442)
INFO:root:Loss: 0.4265 +/- 0.0034
INFO:root:Epoch no. 452 of 500 (samples: 141442)
INFO:root:Loss: 0.4274 +/- 0.0039
INFO:root:Epoch no. 453 of 500 (samples: 141442)
INFO:root:Loss: 0.4278 +/- 0.0042
INFO:root:Epoch no. 454 of 500 (samples: 141442)
INFO:root:Loss: 0.427 +/- 0.0032
INFO:root:Epoch no. 455 of 500 (samples: 141442)
INFO:root:Loss: 0.4297 +/- 0.0037
INFO:root:Epoch no. 456 of 500 (samples: 141442)
INFO:root:Loss: 0.4285 +/- 0.005
INFO:root:Epoch no. 457 of 500 (samples: 141442)
INFO:root:Loss: 0.4282 +/- 0.0033
INFO:root:Epoch no. 458 of 500 (samples: 141442)
INFO:root:Loss: 0.4272 +/- 0.0028
INFO:root:Epoch no. 459 of 500 (samples: 141442)
INFO:root:Loss: 0.429 +/- 0.0039
INFO:root:Epoch no. 460 of 500 (samples: 141442)
INFO:root:Loss: 0.4281 +/- 0.0034
INFO:root:Epoch no. 461 of 500 (samples: 141442)
INFO:root:Loss: 0.4283 +/- 0.0037
INFO:root:Epoch no. 462 of 500 (samples: 141442)
INFO:root:Loss: 0.4283 +/- 0.0033
INFO:root:Epoch no. 463 of 500 (samples: 141442)
INFO:root:Loss: 0.4272 +/- 0.004
INFO:root:Epoch no. 464 of 500 (samples: 141442)
INFO:root:Loss: 0.4271 +/- 0.0045
INFO:root:Epoch no. 465 of 500 (samples: 141442)
INFO:root:Loss: 0.4257 +/- 0.0035
INFO:root:Epoch no. 466 of 500 (samples: 141442)
INFO:root:Loss: 0.4273 +/- 0.0038
INFO:root:Epoch no. 467 of 500 (samples: 141442)
INFO:root:Loss: 0.4276 +/- 0.0051
INFO:root:Epoch no. 468 of 500 (samples: 141442)
INFO:root:Loss: 0.4281 +/- 0.0047
INFO:root:Epoch no. 469 of 500 (samples: 141442)
INFO:root:Loss: 0.4256 +/- 0.0046
INFO:root:Epoch no. 470 of 500 (samples: 141442)
INFO:root:Loss: 0.4282 +/- 0.003
INFO:root:Epoch no. 471 of 500 (samples: 141442)
INFO:root:Loss: 0.4268 +/- 0.0051
INFO:root:Epoch no. 472 of 500 (samples: 141442)
INFO:root:Loss: 0.4264 +/- 0.0033
INFO:root:Epoch no. 473 of 500 (samples: 141442)
INFO:root:Loss: 0.4262 +/- 0.0034
INFO:root:Epoch no. 474 of 500 (samples: 141442)
INFO:root:Loss: 0.4265 +/- 0.0058
INFO:root:Epoch no. 475 of 500 (samples: 141442)
INFO:root:Loss: 0.4259 +/- 0.0036
INFO:root:Epoch no. 476 of 500 (samples: 141442)
INFO:root:Loss: 0.4252 +/- 0.0052
INFO:root:Epoch no. 477 of 500 (samples: 141442)
INFO:root:Loss: 0.4268 +/- 0.0025
INFO:root:Epoch no. 478 of 500 (samples: 141442)
INFO:root:Loss: 0.4261 +/- 0.0032
INFO:root:Epoch no. 479 of 500 (samples: 141442)
INFO:root:Loss: 0.4277 +/- 0.0045
INFO:root:Epoch no. 480 of 500 (samples: 141442)
INFO:root:Loss: 0.4261 +/- 0.0034
INFO:root:Epoch no. 481 of 500 (samples: 141442)
INFO:root:Loss: 0.4291 +/- 0.0016
INFO:root:Epoch no. 482 of 500 (samples: 141442)
INFO:root:Loss: 0.426 +/- 0.0028
INFO:root:Epoch no. 483 of 500 (samples: 141442)
INFO:root:Loss: 0.4263 +/- 0.0038
INFO:root:Epoch no. 484 of 500 (samples: 141442)
INFO:root:Loss: 0.4257 +/- 0.0038
INFO:root:Epoch no. 485 of 500 (samples: 141442)
INFO:root:Loss: 0.4273 +/- 0.0032
INFO:root:Epoch no. 486 of 500 (samples: 141442)
INFO:root:Loss: 0.4271 +/- 0.0025
INFO:root:Epoch no. 487 of 500 (samples: 141442)
INFO:root:Loss: 0.4261 +/- 0.0028
INFO:root:Epoch no. 488 of 500 (samples: 141442)
INFO:root:Loss: 0.4255 +/- 0.004
INFO:root:Epoch no. 489 of 500 (samples: 141442)
INFO:root:Loss: 0.4266 +/- 0.0028
INFO:root:Epoch no. 490 of 500 (samples: 141442)
INFO:root:Loss: 0.4273 +/- 0.0023
INFO:root:Epoch no. 491 of 500 (samples: 141442)
INFO:root:Loss: 0.4266 +/- 0.0056
INFO:root:Epoch no. 492 of 500 (samples: 141442)
INFO:root:Loss: 0.4261 +/- 0.0035
INFO:root:Epoch no. 493 of 500 (samples: 141442)
INFO:root:Loss: 0.4273 +/- 0.004
INFO:root:Epoch no. 494 of 500 (samples: 141442)
INFO:root:Loss: 0.4259 +/- 0.004
INFO:root:Epoch no. 495 of 500 (samples: 141442)
INFO:root:Loss: 0.4264 +/- 0.0024
INFO:root:Epoch no. 496 of 500 (samples: 141442)
INFO:root:Loss: 0.4269 +/- 0.0039
INFO:root:Epoch no. 497 of 500 (samples: 141442)
INFO:root:Loss: 0.4263 +/- 0.0033
INFO:root:Epoch no. 498 of 500 (samples: 141442)
INFO:root:Loss: 0.4249 +/- 0.0031
INFO:root:Epoch no. 499 of 500 (samples: 141442)
INFO:root:Loss: 0.4271 +/- 0.0024
INFO:root:Epoch no. 500 of 500 (samples: 141442)
INFO:root:Loss: 0.4249 +/- 0.0032
INFO:root:### MICRO (validation raw):
INFO:root:	-- left   >> mean: 11172.1076, median: 3578.5, mrr: 0.025, hits@1: 1.38%
INFO:root:	-- right  >> mean: 11777.2788, median: 4177.0, mrr: 0.027, hits@1: 1.42%
INFO:root:	-- global >> mean: 11474.6932, median: 3899.0, mrr: 0.026, hits@1: 1.4%
INFO:root:### MICRO (validation raw):
INFO:root:	-- left   >> mean: 11172.1076, median: 3578.5, mrr: 0.025, hits@3: 2.16%
INFO:root:	-- right  >> mean: 11777.2788, median: 4177.0, mrr: 0.027, hits@3: 2.52%
INFO:root:	-- global >> mean: 11474.6932, median: 3899.0, mrr: 0.026, hits@3: 2.34%
INFO:root:### MICRO (validation raw):
INFO:root:	-- left   >> mean: 11172.1076, median: 3578.5, mrr: 0.025, hits@5: 2.96%
INFO:root:	-- right  >> mean: 11777.2788, median: 4177.0, mrr: 0.027, hits@5: 3.4%
INFO:root:	-- global >> mean: 11474.6932, median: 3899.0, mrr: 0.026, hits@5: 3.18%
INFO:root:### MICRO (validation raw):
INFO:root:	-- left   >> mean: 11172.1076, median: 3578.5, mrr: 0.025, hits@10: 4.74%
INFO:root:	-- right  >> mean: 11777.2788, median: 4177.0, mrr: 0.027, hits@10: 5.04%
INFO:root:	-- global >> mean: 11474.6932, median: 3899.0, mrr: 0.026, hits@10: 4.89%
INFO:root:### MICRO (validation filtered):
INFO:root:	-- left   >> mean: 11156.4066, median: 3570.0, mrr: 0.025, hits@1: 1.38%
INFO:root:	-- right  >> mean: 11761.3718, median: 4172.5, mrr: 0.027, hits@1: 1.44%
INFO:root:	-- global >> mean: 11458.8892, median: 3899.0, mrr: 0.026, hits@1: 1.41%
INFO:root:### MICRO (validation filtered):
INFO:root:	-- left   >> mean: 11156.4066, median: 3570.0, mrr: 0.025, hits@3: 2.18%
INFO:root:	-- right  >> mean: 11761.3718, median: 4172.5, mrr: 0.027, hits@3: 2.52%
INFO:root:	-- global >> mean: 11458.8892, median: 3899.0, mrr: 0.026, hits@3: 2.35%
INFO:root:### MICRO (validation filtered):
INFO:root:	-- left   >> mean: 11156.4066, median: 3570.0, mrr: 0.025, hits@5: 2.96%
INFO:root:	-- right  >> mean: 11761.3718, median: 4172.5, mrr: 0.027, hits@5: 3.42%
INFO:root:	-- global >> mean: 11458.8892, median: 3899.0, mrr: 0.026, hits@5: 3.19%
INFO:root:### MICRO (validation filtered):
INFO:root:	-- left   >> mean: 11156.4066, median: 3570.0, mrr: 0.025, hits@10: 4.74%
INFO:root:	-- right  >> mean: 11761.3718, median: 4172.5, mrr: 0.027, hits@10: 5.04%
INFO:root:	-- global >> mean: 11458.8892, median: 3899.0, mrr: 0.026, hits@10: 4.89%
INFO:root:### MICRO (test raw):
INFO:root:	-- left   >> mean: 11768.9754, median: 4002.0, mrr: 0.026, hits@1: 1.48%
INFO:root:	-- right  >> mean: 10967.1288, median: 3457.0, mrr: 0.029, hits@1: 1.76%
INFO:root:	-- global >> mean: 11368.0521, median: 3749.5, mrr: 0.028, hits@1: 1.62%
INFO:root:### MICRO (test raw):
INFO:root:	-- left   >> mean: 11768.9754, median: 4002.0, mrr: 0.026, hits@3: 2.5%
INFO:root:	-- right  >> mean: 10967.1288, median: 3457.0, mrr: 0.029, hits@3: 2.92%
INFO:root:	-- global >> mean: 11368.0521, median: 3749.5, mrr: 0.028, hits@3: 2.71%
INFO:root:### MICRO (test raw):
INFO:root:	-- left   >> mean: 11768.9754, median: 4002.0, mrr: 0.026, hits@5: 3.26%
INFO:root:	-- right  >> mean: 10967.1288, median: 3457.0, mrr: 0.029, hits@5: 3.54%
INFO:root:	-- global >> mean: 11368.0521, median: 3749.5, mrr: 0.028, hits@5: 3.4%
INFO:root:### MICRO (test raw):
INFO:root:	-- left   >> mean: 11768.9754, median: 4002.0, mrr: 0.026, hits@10: 4.5%
INFO:root:	-- right  >> mean: 10967.1288, median: 3457.0, mrr: 0.029, hits@10: 5.04%
INFO:root:	-- global >> mean: 11368.0521, median: 3749.5, mrr: 0.028, hits@10: 4.77%
INFO:root:### MICRO (test filtered):
INFO:root:	-- left   >> mean: 11752.162, median: 3994.5, mrr: 0.026, hits@1: 1.48%
INFO:root:	-- right  >> mean: 10952.8674, median: 3455.0, mrr: 0.03, hits@1: 1.76%
INFO:root:	-- global >> mean: 11352.5147, median: 3744.5, mrr: 0.028, hits@1: 1.62%
INFO:root:### MICRO (test filtered):
INFO:root:	-- left   >> mean: 11752.162, median: 3994.5, mrr: 0.026, hits@3: 2.5%
INFO:root:	-- right  >> mean: 10952.8674, median: 3455.0, mrr: 0.03, hits@3: 2.92%
INFO:root:	-- global >> mean: 11352.5147, median: 3744.5, mrr: 0.028, hits@3: 2.71%
INFO:root:### MICRO (test filtered):
INFO:root:	-- left   >> mean: 11752.162, median: 3994.5, mrr: 0.026, hits@5: 3.26%
INFO:root:	-- right  >> mean: 10952.8674, median: 3455.0, mrr: 0.03, hits@5: 3.54%
INFO:root:	-- global >> mean: 11352.5147, median: 3744.5, mrr: 0.028, hits@5: 3.4%
INFO:root:### MICRO (test filtered):
INFO:root:	-- left   >> mean: 11752.162, median: 3994.5, mrr: 0.026, hits@10: 4.54%
INFO:root:	-- right  >> mean: 10952.8674, median: 3455.0, mrr: 0.03, hits@10: 5.04%
INFO:root:	-- global >> mean: 11352.5147, median: 3744.5, mrr: 0.028, hits@10: 4.79%
