Using Theano backend.
INFO:root:Acquiring data/wn18/wordnet-mlj12-train.txt ..
INFO:root:Acquiring data/wn18/wordnet-mlj12-valid.txt ..
INFO:root:Acquiring data/wn18/wordnet-mlj12-test.txt ..
INFO:root:Samples: 141442, no. batches: 10 -> batch size: 14145
INFO:root:Epoch no. 1 of 500 (samples: 141442)
INFO:root:Loss: 3.1216 +/- 0.104
INFO:root:Epoch no. 2 of 500 (samples: 141442)
INFO:root:Loss: 2.7775 +/- 0.0322
INFO:root:Epoch no. 3 of 500 (samples: 141442)
INFO:root:Loss: 2.6101 +/- 0.0174
INFO:root:Epoch no. 4 of 500 (samples: 141442)
INFO:root:Loss: 2.498 +/- 0.014
INFO:root:Epoch no. 5 of 500 (samples: 141442)
INFO:root:Loss: 2.4055 +/- 0.0177
INFO:root:Epoch no. 6 of 500 (samples: 141442)
INFO:root:Loss: 2.3323 +/- 0.0147
INFO:root:Epoch no. 7 of 500 (samples: 141442)
INFO:root:Loss: 2.2666 +/- 0.0115
INFO:root:Epoch no. 8 of 500 (samples: 141442)
INFO:root:Loss: 2.2044 +/- 0.0139
INFO:root:Epoch no. 9 of 500 (samples: 141442)
INFO:root:Loss: 2.1503 +/- 0.0083
INFO:root:Epoch no. 10 of 500 (samples: 141442)
INFO:root:Loss: 2.1027 +/- 0.0123
INFO:root:Epoch no. 11 of 500 (samples: 141442)
INFO:root:Loss: 2.0587 +/- 0.0085
INFO:root:Epoch no. 12 of 500 (samples: 141442)
INFO:root:Loss: 2.0173 +/- 0.007
INFO:root:Epoch no. 13 of 500 (samples: 141442)
INFO:root:Loss: 1.9767 +/- 0.0123
INFO:root:Epoch no. 14 of 500 (samples: 141442)
INFO:root:Loss: 1.9434 +/- 0.0096
INFO:root:Epoch no. 15 of 500 (samples: 141442)
INFO:root:Loss: 1.9108 +/- 0.0064
INFO:root:Epoch no. 16 of 500 (samples: 141442)
INFO:root:Loss: 1.8804 +/- 0.0078
INFO:root:Epoch no. 17 of 500 (samples: 141442)
INFO:root:Loss: 1.8473 +/- 0.0101
INFO:root:Epoch no. 18 of 500 (samples: 141442)
INFO:root:Loss: 1.8173 +/- 0.0068
INFO:root:Epoch no. 19 of 500 (samples: 141442)
INFO:root:Loss: 1.7925 +/- 0.0052
INFO:root:Epoch no. 20 of 500 (samples: 141442)
INFO:root:Loss: 1.7682 +/- 0.0056
INFO:root:Epoch no. 21 of 500 (samples: 141442)
INFO:root:Loss: 1.7394 +/- 0.0086
INFO:root:Epoch no. 22 of 500 (samples: 141442)
INFO:root:Loss: 1.7141 +/- 0.0087
INFO:root:Epoch no. 23 of 500 (samples: 141442)
INFO:root:Loss: 1.6919 +/- 0.0083
INFO:root:Epoch no. 24 of 500 (samples: 141442)
INFO:root:Loss: 1.6712 +/- 0.009
INFO:root:Epoch no. 25 of 500 (samples: 141442)
INFO:root:Loss: 1.646 +/- 0.0049
INFO:root:Epoch no. 26 of 500 (samples: 141442)
INFO:root:Loss: 1.6279 +/- 0.0076
INFO:root:Epoch no. 27 of 500 (samples: 141442)
INFO:root:Loss: 1.6072 +/- 0.0087
INFO:root:Epoch no. 28 of 500 (samples: 141442)
INFO:root:Loss: 1.586 +/- 0.0069
INFO:root:Epoch no. 29 of 500 (samples: 141442)
INFO:root:Loss: 1.5672 +/- 0.0074
INFO:root:Epoch no. 30 of 500 (samples: 141442)
INFO:root:Loss: 1.5502 +/- 0.0067
INFO:root:Epoch no. 31 of 500 (samples: 141442)
INFO:root:Loss: 1.5323 +/- 0.0033
INFO:root:Epoch no. 32 of 500 (samples: 141442)
INFO:root:Loss: 1.517 +/- 0.0082
INFO:root:Epoch no. 33 of 500 (samples: 141442)
INFO:root:Loss: 1.4979 +/- 0.0074
INFO:root:Epoch no. 34 of 500 (samples: 141442)
INFO:root:Loss: 1.4793 +/- 0.0069
INFO:root:Epoch no. 35 of 500 (samples: 141442)
INFO:root:Loss: 1.4673 +/- 0.0051
INFO:root:Epoch no. 36 of 500 (samples: 141442)
INFO:root:Loss: 1.4499 +/- 0.007
INFO:root:Epoch no. 37 of 500 (samples: 141442)
INFO:root:Loss: 1.438 +/- 0.0028
INFO:root:Epoch no. 38 of 500 (samples: 141442)
INFO:root:Loss: 1.4193 +/- 0.0046
INFO:root:Epoch no. 39 of 500 (samples: 141442)
INFO:root:Loss: 1.4045 +/- 0.0079
INFO:root:Epoch no. 40 of 500 (samples: 141442)
INFO:root:Loss: 1.3935 +/- 0.0057
INFO:root:Epoch no. 41 of 500 (samples: 141442)
INFO:root:Loss: 1.379 +/- 0.0073
INFO:root:Epoch no. 42 of 500 (samples: 141442)
INFO:root:Loss: 1.3648 +/- 0.0077
INFO:root:Epoch no. 43 of 500 (samples: 141442)
INFO:root:Loss: 1.3562 +/- 0.0062
INFO:root:Epoch no. 44 of 500 (samples: 141442)
INFO:root:Loss: 1.3428 +/- 0.0048
INFO:root:Epoch no. 45 of 500 (samples: 141442)
INFO:root:Loss: 1.3305 +/- 0.0064
INFO:root:Epoch no. 46 of 500 (samples: 141442)
INFO:root:Loss: 1.3166 +/- 0.0057
INFO:root:Epoch no. 47 of 500 (samples: 141442)
INFO:root:Loss: 1.3069 +/- 0.0062
INFO:root:Epoch no. 48 of 500 (samples: 141442)
INFO:root:Loss: 1.2931 +/- 0.0068
INFO:root:Epoch no. 49 of 500 (samples: 141442)
INFO:root:Loss: 1.2827 +/- 0.0045
INFO:root:Epoch no. 50 of 500 (samples: 141442)
INFO:root:Loss: 1.2715 +/- 0.0084
INFO:root:Epoch no. 51 of 500 (samples: 141442)
INFO:root:Loss: 1.2623 +/- 0.01
INFO:root:Epoch no. 52 of 500 (samples: 141442)
INFO:root:Loss: 1.2497 +/- 0.0103
INFO:root:Epoch no. 53 of 500 (samples: 141442)
INFO:root:Loss: 1.2408 +/- 0.0049
INFO:root:Epoch no. 54 of 500 (samples: 141442)
INFO:root:Loss: 1.2305 +/- 0.0047
INFO:root:Epoch no. 55 of 500 (samples: 141442)
INFO:root:Loss: 1.2199 +/- 0.0042
INFO:root:Epoch no. 56 of 500 (samples: 141442)
INFO:root:Loss: 1.2097 +/- 0.005
INFO:root:Epoch no. 57 of 500 (samples: 141442)
INFO:root:Loss: 1.1996 +/- 0.0066
INFO:root:Epoch no. 58 of 500 (samples: 141442)
INFO:root:Loss: 1.1897 +/- 0.0079
INFO:root:Epoch no. 59 of 500 (samples: 141442)
INFO:root:Loss: 1.1809 +/- 0.0072
INFO:root:Epoch no. 60 of 500 (samples: 141442)
INFO:root:Loss: 1.1717 +/- 0.0057
INFO:root:Epoch no. 61 of 500 (samples: 141442)
INFO:root:Loss: 1.1636 +/- 0.0077
INFO:root:Epoch no. 62 of 500 (samples: 141442)
INFO:root:Loss: 1.1543 +/- 0.0042
INFO:root:Epoch no. 63 of 500 (samples: 141442)
INFO:root:Loss: 1.1462 +/- 0.0047
INFO:root:Epoch no. 64 of 500 (samples: 141442)
INFO:root:Loss: 1.1365 +/- 0.0052
INFO:root:Epoch no. 65 of 500 (samples: 141442)
INFO:root:Loss: 1.1298 +/- 0.0049
INFO:root:Epoch no. 66 of 500 (samples: 141442)
INFO:root:Loss: 1.1193 +/- 0.006
INFO:root:Epoch no. 67 of 500 (samples: 141442)
INFO:root:Loss: 1.112 +/- 0.0069
INFO:root:Epoch no. 68 of 500 (samples: 141442)
INFO:root:Loss: 1.1022 +/- 0.0061
INFO:root:Epoch no. 69 of 500 (samples: 141442)
INFO:root:Loss: 1.0974 +/- 0.0058
INFO:root:Epoch no. 70 of 500 (samples: 141442)
INFO:root:Loss: 1.0882 +/- 0.0078
INFO:root:Epoch no. 71 of 500 (samples: 141442)
INFO:root:Loss: 1.0789 +/- 0.0053
INFO:root:Epoch no. 72 of 500 (samples: 141442)
INFO:root:Loss: 1.0729 +/- 0.0035
INFO:root:Epoch no. 73 of 500 (samples: 141442)
INFO:root:Loss: 1.0662 +/- 0.0035
INFO:root:Epoch no. 74 of 500 (samples: 141442)
INFO:root:Loss: 1.0575 +/- 0.007
INFO:root:Epoch no. 75 of 500 (samples: 141442)
INFO:root:Loss: 1.0506 +/- 0.0061
INFO:root:Epoch no. 76 of 500 (samples: 141442)
INFO:root:Loss: 1.0436 +/- 0.006
INFO:root:Epoch no. 77 of 500 (samples: 141442)
INFO:root:Loss: 1.0364 +/- 0.0049
INFO:root:Epoch no. 78 of 500 (samples: 141442)
INFO:root:Loss: 1.0297 +/- 0.0063
INFO:root:Epoch no. 79 of 500 (samples: 141442)
INFO:root:Loss: 1.0225 +/- 0.0079
INFO:root:Epoch no. 80 of 500 (samples: 141442)
INFO:root:Loss: 1.0149 +/- 0.0045
INFO:root:Epoch no. 81 of 500 (samples: 141442)
INFO:root:Loss: 1.0083 +/- 0.0049
INFO:root:Epoch no. 82 of 500 (samples: 141442)
INFO:root:Loss: 1.0004 +/- 0.0054
INFO:root:Epoch no. 83 of 500 (samples: 141442)
INFO:root:Loss: 0.9963 +/- 0.006
INFO:root:Epoch no. 84 of 500 (samples: 141442)
INFO:root:Loss: 0.9884 +/- 0.0065
INFO:root:Epoch no. 85 of 500 (samples: 141442)
INFO:root:Loss: 0.9828 +/- 0.0068
INFO:root:Epoch no. 86 of 500 (samples: 141442)
INFO:root:Loss: 0.9774 +/- 0.0031
INFO:root:Epoch no. 87 of 500 (samples: 141442)
INFO:root:Loss: 0.9715 +/- 0.0059
INFO:root:Epoch no. 88 of 500 (samples: 141442)
INFO:root:Loss: 0.9655 +/- 0.0058
INFO:root:Epoch no. 89 of 500 (samples: 141442)
INFO:root:Loss: 0.9596 +/- 0.0047
INFO:root:Epoch no. 90 of 500 (samples: 141442)
INFO:root:Loss: 0.9517 +/- 0.0061
INFO:root:Epoch no. 91 of 500 (samples: 141442)
INFO:root:Loss: 0.9465 +/- 0.0046
INFO:root:Epoch no. 92 of 500 (samples: 141442)
INFO:root:Loss: 0.9435 +/- 0.0062
INFO:root:Epoch no. 93 of 500 (samples: 141442)
INFO:root:Loss: 0.9371 +/- 0.0065
INFO:root:Epoch no. 94 of 500 (samples: 141442)
INFO:root:Loss: 0.9287 +/- 0.0068
INFO:root:Epoch no. 95 of 500 (samples: 141442)
INFO:root:Loss: 0.9224 +/- 0.0047
INFO:root:Epoch no. 96 of 500 (samples: 141442)
INFO:root:Loss: 0.9195 +/- 0.0072
INFO:root:Epoch no. 97 of 500 (samples: 141442)
INFO:root:Loss: 0.9124 +/- 0.0039
INFO:root:Epoch no. 98 of 500 (samples: 141442)
INFO:root:Loss: 0.9079 +/- 0.0056
INFO:root:Epoch no. 99 of 500 (samples: 141442)
INFO:root:Loss: 0.9039 +/- 0.0056
INFO:root:Epoch no. 100 of 500 (samples: 141442)
INFO:root:Loss: 0.898 +/- 0.0062
INFO:root:Epoch no. 101 of 500 (samples: 141442)
INFO:root:Loss: 0.8925 +/- 0.0063
INFO:root:Epoch no. 102 of 500 (samples: 141442)
INFO:root:Loss: 0.8876 +/- 0.0063
INFO:root:Epoch no. 103 of 500 (samples: 141442)
INFO:root:Loss: 0.8837 +/- 0.0063
INFO:root:Epoch no. 104 of 500 (samples: 141442)
INFO:root:Loss: 0.878 +/- 0.0048
INFO:root:Epoch no. 105 of 500 (samples: 141442)
INFO:root:Loss: 0.8724 +/- 0.0059
INFO:root:Epoch no. 106 of 500 (samples: 141442)
INFO:root:Loss: 0.8688 +/- 0.0055
INFO:root:Epoch no. 107 of 500 (samples: 141442)
INFO:root:Loss: 0.8609 +/- 0.0076
INFO:root:Epoch no. 108 of 500 (samples: 141442)
INFO:root:Loss: 0.8574 +/- 0.0057
INFO:root:Epoch no. 109 of 500 (samples: 141442)
INFO:root:Loss: 0.854 +/- 0.0061
INFO:root:Epoch no. 110 of 500 (samples: 141442)
INFO:root:Loss: 0.8494 +/- 0.006
INFO:root:Epoch no. 111 of 500 (samples: 141442)
INFO:root:Loss: 0.8433 +/- 0.0074
INFO:root:Epoch no. 112 of 500 (samples: 141442)
INFO:root:Loss: 0.84 +/- 0.008
INFO:root:Epoch no. 113 of 500 (samples: 141442)
INFO:root:Loss: 0.8339 +/- 0.0056
INFO:root:Epoch no. 114 of 500 (samples: 141442)
INFO:root:Loss: 0.8318 +/- 0.0065
INFO:root:Epoch no. 115 of 500 (samples: 141442)
INFO:root:Loss: 0.8285 +/- 0.0062
INFO:root:Epoch no. 116 of 500 (samples: 141442)
INFO:root:Loss: 0.8231 +/- 0.0052
INFO:root:Epoch no. 117 of 500 (samples: 141442)
INFO:root:Loss: 0.8182 +/- 0.0048
INFO:root:Epoch no. 118 of 500 (samples: 141442)
INFO:root:Loss: 0.8135 +/- 0.0036
INFO:root:Epoch no. 119 of 500 (samples: 141442)
INFO:root:Loss: 0.8102 +/- 0.0068
INFO:root:Epoch no. 120 of 500 (samples: 141442)
INFO:root:Loss: 0.8058 +/- 0.0065
INFO:root:Epoch no. 121 of 500 (samples: 141442)
INFO:root:Loss: 0.8001 +/- 0.0041
INFO:root:Epoch no. 122 of 500 (samples: 141442)
INFO:root:Loss: 0.7973 +/- 0.0047
INFO:root:Epoch no. 123 of 500 (samples: 141442)
INFO:root:Loss: 0.7936 +/- 0.0068
INFO:root:Epoch no. 124 of 500 (samples: 141442)
INFO:root:Loss: 0.7887 +/- 0.0066
INFO:root:Epoch no. 125 of 500 (samples: 141442)
INFO:root:Loss: 0.7866 +/- 0.0046
INFO:root:Epoch no. 126 of 500 (samples: 141442)
INFO:root:Loss: 0.7822 +/- 0.0073
INFO:root:Epoch no. 127 of 500 (samples: 141442)
INFO:root:Loss: 0.7782 +/- 0.0054
INFO:root:Epoch no. 128 of 500 (samples: 141442)
INFO:root:Loss: 0.774 +/- 0.0051
INFO:root:Epoch no. 129 of 500 (samples: 141442)
INFO:root:Loss: 0.7706 +/- 0.0057
INFO:root:Epoch no. 130 of 500 (samples: 141442)
INFO:root:Loss: 0.7663 +/- 0.0065
INFO:root:Epoch no. 131 of 500 (samples: 141442)
INFO:root:Loss: 0.7626 +/- 0.0047
INFO:root:Epoch no. 132 of 500 (samples: 141442)
INFO:root:Loss: 0.759 +/- 0.0098
INFO:root:Epoch no. 133 of 500 (samples: 141442)
INFO:root:Loss: 0.7563 +/- 0.0045
INFO:root:Epoch no. 134 of 500 (samples: 141442)
INFO:root:Loss: 0.7514 +/- 0.0051
INFO:root:Epoch no. 135 of 500 (samples: 141442)
INFO:root:Loss: 0.7493 +/- 0.0047
INFO:root:Epoch no. 136 of 500 (samples: 141442)
INFO:root:Loss: 0.7445 +/- 0.0066
INFO:root:Epoch no. 137 of 500 (samples: 141442)
INFO:root:Loss: 0.7426 +/- 0.0062
INFO:root:Epoch no. 138 of 500 (samples: 141442)
INFO:root:Loss: 0.7379 +/- 0.0056
INFO:root:Epoch no. 139 of 500 (samples: 141442)
INFO:root:Loss: 0.7353 +/- 0.0057
INFO:root:Epoch no. 140 of 500 (samples: 141442)
INFO:root:Loss: 0.7304 +/- 0.0054
INFO:root:Epoch no. 141 of 500 (samples: 141442)
INFO:root:Loss: 0.7274 +/- 0.0047
INFO:root:Epoch no. 142 of 500 (samples: 141442)
INFO:root:Loss: 0.7237 +/- 0.0058
INFO:root:Epoch no. 143 of 500 (samples: 141442)
INFO:root:Loss: 0.7207 +/- 0.0039
INFO:root:Epoch no. 144 of 500 (samples: 141442)
INFO:root:Loss: 0.718 +/- 0.0057
INFO:root:Epoch no. 145 of 500 (samples: 141442)
INFO:root:Loss: 0.7146 +/- 0.0043
INFO:root:Epoch no. 146 of 500 (samples: 141442)
INFO:root:Loss: 0.712 +/- 0.0062
INFO:root:Epoch no. 147 of 500 (samples: 141442)
INFO:root:Loss: 0.7094 +/- 0.0059
INFO:root:Epoch no. 148 of 500 (samples: 141442)
INFO:root:Loss: 0.7054 +/- 0.0037
INFO:root:Epoch no. 149 of 500 (samples: 141442)
INFO:root:Loss: 0.7019 +/- 0.0054
INFO:root:Epoch no. 150 of 500 (samples: 141442)
INFO:root:Loss: 0.6997 +/- 0.0045
INFO:root:Epoch no. 151 of 500 (samples: 141442)
INFO:root:Loss: 0.697 +/- 0.0041
INFO:root:Epoch no. 152 of 500 (samples: 141442)
INFO:root:Loss: 0.6928 +/- 0.0049
INFO:root:Epoch no. 153 of 500 (samples: 141442)
INFO:root:Loss: 0.692 +/- 0.0039
INFO:root:Epoch no. 154 of 500 (samples: 141442)
INFO:root:Loss: 0.6876 +/- 0.0063
INFO:root:Epoch no. 155 of 500 (samples: 141442)
INFO:root:Loss: 0.6848 +/- 0.0037
INFO:root:Epoch no. 156 of 500 (samples: 141442)
INFO:root:Loss: 0.6827 +/- 0.0049
INFO:root:Epoch no. 157 of 500 (samples: 141442)
INFO:root:Loss: 0.6785 +/- 0.0027
INFO:root:Epoch no. 158 of 500 (samples: 141442)
INFO:root:Loss: 0.6764 +/- 0.0056
INFO:root:Epoch no. 159 of 500 (samples: 141442)
INFO:root:Loss: 0.6762 +/- 0.0055
INFO:root:Epoch no. 160 of 500 (samples: 141442)
INFO:root:Loss: 0.6693 +/- 0.0051
INFO:root:Epoch no. 161 of 500 (samples: 141442)
INFO:root:Loss: 0.6677 +/- 0.0042
INFO:root:Epoch no. 162 of 500 (samples: 141442)
INFO:root:Loss: 0.663 +/- 0.0034
INFO:root:Epoch no. 163 of 500 (samples: 141442)
INFO:root:Loss: 0.6634 +/- 0.0055
INFO:root:Epoch no. 164 of 500 (samples: 141442)
INFO:root:Loss: 0.6586 +/- 0.0035
INFO:root:Epoch no. 165 of 500 (samples: 141442)
INFO:root:Loss: 0.658 +/- 0.0045
INFO:root:Epoch no. 166 of 500 (samples: 141442)
INFO:root:Loss: 0.654 +/- 0.0036
INFO:root:Epoch no. 167 of 500 (samples: 141442)
INFO:root:Loss: 0.6517 +/- 0.0039
INFO:root:Epoch no. 168 of 500 (samples: 141442)
INFO:root:Loss: 0.6486 +/- 0.0032
INFO:root:Epoch no. 169 of 500 (samples: 141442)
INFO:root:Loss: 0.6465 +/- 0.0052
INFO:root:Epoch no. 170 of 500 (samples: 141442)
INFO:root:Loss: 0.6445 +/- 0.0046
INFO:root:Epoch no. 171 of 500 (samples: 141442)
INFO:root:Loss: 0.641 +/- 0.0045
INFO:root:Epoch no. 172 of 500 (samples: 141442)
INFO:root:Loss: 0.6393 +/- 0.0027
INFO:root:Epoch no. 173 of 500 (samples: 141442)
INFO:root:Loss: 0.6362 +/- 0.0054
INFO:root:Epoch no. 174 of 500 (samples: 141442)
INFO:root:Loss: 0.6322 +/- 0.005
INFO:root:Epoch no. 175 of 500 (samples: 141442)
INFO:root:Loss: 0.6312 +/- 0.0051
INFO:root:Epoch no. 176 of 500 (samples: 141442)
INFO:root:Loss: 0.6272 +/- 0.0053
INFO:root:Epoch no. 177 of 500 (samples: 141442)
INFO:root:Loss: 0.6272 +/- 0.0018
INFO:root:Epoch no. 178 of 500 (samples: 141442)
INFO:root:Loss: 0.6237 +/- 0.0053
INFO:root:Epoch no. 179 of 500 (samples: 141442)
INFO:root:Loss: 0.6229 +/- 0.0034
INFO:root:Epoch no. 180 of 500 (samples: 141442)
INFO:root:Loss: 0.6203 +/- 0.0037
INFO:root:Epoch no. 181 of 500 (samples: 141442)
INFO:root:Loss: 0.617 +/- 0.0042
INFO:root:Epoch no. 182 of 500 (samples: 141442)
INFO:root:Loss: 0.6151 +/- 0.004
INFO:root:Epoch no. 183 of 500 (samples: 141442)
INFO:root:Loss: 0.613 +/- 0.0047
INFO:root:Epoch no. 184 of 500 (samples: 141442)
INFO:root:Loss: 0.6106 +/- 0.0061
INFO:root:Epoch no. 185 of 500 (samples: 141442)
INFO:root:Loss: 0.6084 +/- 0.0034
INFO:root:Epoch no. 186 of 500 (samples: 141442)
INFO:root:Loss: 0.6061 +/- 0.0046
INFO:root:Epoch no. 187 of 500 (samples: 141442)
INFO:root:Loss: 0.6034 +/- 0.0061
INFO:root:Epoch no. 188 of 500 (samples: 141442)
INFO:root:Loss: 0.6013 +/- 0.0028
INFO:root:Epoch no. 189 of 500 (samples: 141442)
INFO:root:Loss: 0.5983 +/- 0.0034
INFO:root:Epoch no. 190 of 500 (samples: 141442)
INFO:root:Loss: 0.5972 +/- 0.0055
INFO:root:Epoch no. 191 of 500 (samples: 141442)
INFO:root:Loss: 0.5946 +/- 0.0054
INFO:root:Epoch no. 192 of 500 (samples: 141442)
INFO:root:Loss: 0.5916 +/- 0.0035
INFO:root:Epoch no. 193 of 500 (samples: 141442)
INFO:root:Loss: 0.5889 +/- 0.0059
INFO:root:Epoch no. 194 of 500 (samples: 141442)
INFO:root:Loss: 0.5877 +/- 0.0044
INFO:root:Epoch no. 195 of 500 (samples: 141442)
INFO:root:Loss: 0.5864 +/- 0.0045
INFO:root:Epoch no. 196 of 500 (samples: 141442)
INFO:root:Loss: 0.5838 +/- 0.004
INFO:root:Epoch no. 197 of 500 (samples: 141442)
INFO:root:Loss: 0.5812 +/- 0.0043
INFO:root:Epoch no. 198 of 500 (samples: 141442)
INFO:root:Loss: 0.5811 +/- 0.0055
INFO:root:Epoch no. 199 of 500 (samples: 141442)
INFO:root:Loss: 0.5774 +/- 0.0042
INFO:root:Epoch no. 200 of 500 (samples: 141442)
INFO:root:Loss: 0.5772 +/- 0.0033
INFO:root:Epoch no. 201 of 500 (samples: 141442)
INFO:root:Loss: 0.5739 +/- 0.0048
INFO:root:Epoch no. 202 of 500 (samples: 141442)
INFO:root:Loss: 0.5719 +/- 0.0027
INFO:root:Epoch no. 203 of 500 (samples: 141442)
INFO:root:Loss: 0.569 +/- 0.0034
INFO:root:Epoch no. 204 of 500 (samples: 141442)
INFO:root:Loss: 0.5682 +/- 0.0033
INFO:root:Epoch no. 205 of 500 (samples: 141442)
INFO:root:Loss: 0.5658 +/- 0.0051
INFO:root:Epoch no. 206 of 500 (samples: 141442)
INFO:root:Loss: 0.5636 +/- 0.0023
INFO:root:Epoch no. 207 of 500 (samples: 141442)
INFO:root:Loss: 0.5616 +/- 0.0064
INFO:root:Epoch no. 208 of 500 (samples: 141442)
INFO:root:Loss: 0.5607 +/- 0.0043
INFO:root:Epoch no. 209 of 500 (samples: 141442)
INFO:root:Loss: 0.5579 +/- 0.005
INFO:root:Epoch no. 210 of 500 (samples: 141442)
INFO:root:Loss: 0.557 +/- 0.005
INFO:root:Epoch no. 211 of 500 (samples: 141442)
INFO:root:Loss: 0.5535 +/- 0.0041
INFO:root:Epoch no. 212 of 500 (samples: 141442)
INFO:root:Loss: 0.5538 +/- 0.0056
INFO:root:Epoch no. 213 of 500 (samples: 141442)
INFO:root:Loss: 0.5501 +/- 0.0042
INFO:root:Epoch no. 214 of 500 (samples: 141442)
INFO:root:Loss: 0.5493 +/- 0.0046
INFO:root:Epoch no. 215 of 500 (samples: 141442)
INFO:root:Loss: 0.5466 +/- 0.0041
INFO:root:Epoch no. 216 of 500 (samples: 141442)
INFO:root:Loss: 0.5459 +/- 0.0026
INFO:root:Epoch no. 217 of 500 (samples: 141442)
INFO:root:Loss: 0.5439 +/- 0.005
INFO:root:Epoch no. 218 of 500 (samples: 141442)
INFO:root:Loss: 0.544 +/- 0.0041
INFO:root:Epoch no. 219 of 500 (samples: 141442)
INFO:root:Loss: 0.5402 +/- 0.0035
INFO:root:Epoch no. 220 of 500 (samples: 141442)
INFO:root:Loss: 0.5385 +/- 0.0035
INFO:root:Epoch no. 221 of 500 (samples: 141442)
INFO:root:Loss: 0.5375 +/- 0.0047
INFO:root:Epoch no. 222 of 500 (samples: 141442)
INFO:root:Loss: 0.537 +/- 0.0029
INFO:root:Epoch no. 223 of 500 (samples: 141442)
INFO:root:Loss: 0.533 +/- 0.004
INFO:root:Epoch no. 224 of 500 (samples: 141442)
INFO:root:Loss: 0.5317 +/- 0.0047
INFO:root:Epoch no. 225 of 500 (samples: 141442)
INFO:root:Loss: 0.5299 +/- 0.0042
INFO:root:Epoch no. 226 of 500 (samples: 141442)
INFO:root:Loss: 0.5279 +/- 0.0032
INFO:root:Epoch no. 227 of 500 (samples: 141442)
INFO:root:Loss: 0.526 +/- 0.005
INFO:root:Epoch no. 228 of 500 (samples: 141442)
INFO:root:Loss: 0.5248 +/- 0.0047
INFO:root:Epoch no. 229 of 500 (samples: 141442)
INFO:root:Loss: 0.5235 +/- 0.0034
INFO:root:Epoch no. 230 of 500 (samples: 141442)
INFO:root:Loss: 0.5213 +/- 0.0057
INFO:root:Epoch no. 231 of 500 (samples: 141442)
INFO:root:Loss: 0.5208 +/- 0.0034
INFO:root:Epoch no. 232 of 500 (samples: 141442)
INFO:root:Loss: 0.5168 +/- 0.0044
INFO:root:Epoch no. 233 of 500 (samples: 141442)
INFO:root:Loss: 0.516 +/- 0.0039
INFO:root:Epoch no. 234 of 500 (samples: 141442)
INFO:root:Loss: 0.5149 +/- 0.0042
INFO:root:Epoch no. 235 of 500 (samples: 141442)
INFO:root:Loss: 0.5134 +/- 0.0043
INFO:root:Epoch no. 236 of 500 (samples: 141442)
INFO:root:Loss: 0.5114 +/- 0.0044
INFO:root:Epoch no. 237 of 500 (samples: 141442)
INFO:root:Loss: 0.5108 +/- 0.0038
INFO:root:Epoch no. 238 of 500 (samples: 141442)
INFO:root:Loss: 0.5081 +/- 0.0032
INFO:root:Epoch no. 239 of 500 (samples: 141442)
INFO:root:Loss: 0.5069 +/- 0.005
INFO:root:Epoch no. 240 of 500 (samples: 141442)
INFO:root:Loss: 0.5063 +/- 0.0036
INFO:root:Epoch no. 241 of 500 (samples: 141442)
INFO:root:Loss: 0.5033 +/- 0.0042
INFO:root:Epoch no. 242 of 500 (samples: 141442)
INFO:root:Loss: 0.5043 +/- 0.0037
INFO:root:Epoch no. 243 of 500 (samples: 141442)
INFO:root:Loss: 0.5017 +/- 0.0042
INFO:root:Epoch no. 244 of 500 (samples: 141442)
INFO:root:Loss: 0.5006 +/- 0.0042
INFO:root:Epoch no. 245 of 500 (samples: 141442)
INFO:root:Loss: 0.4984 +/- 0.0048
INFO:root:Epoch no. 246 of 500 (samples: 141442)
INFO:root:Loss: 0.4968 +/- 0.0055
INFO:root:Epoch no. 247 of 500 (samples: 141442)
INFO:root:Loss: 0.4948 +/- 0.0036
INFO:root:Epoch no. 248 of 500 (samples: 141442)
INFO:root:Loss: 0.4944 +/- 0.0053
INFO:root:Epoch no. 249 of 500 (samples: 141442)
INFO:root:Loss: 0.4918 +/- 0.0051
INFO:root:Epoch no. 250 of 500 (samples: 141442)
INFO:root:Loss: 0.4904 +/- 0.0034
INFO:root:Epoch no. 251 of 500 (samples: 141442)
INFO:root:Loss: 0.4887 +/- 0.0038
INFO:root:Epoch no. 252 of 500 (samples: 141442)
INFO:root:Loss: 0.4871 +/- 0.0047
INFO:root:Epoch no. 253 of 500 (samples: 141442)
INFO:root:Loss: 0.4877 +/- 0.0035
INFO:root:Epoch no. 254 of 500 (samples: 141442)
INFO:root:Loss: 0.4858 +/- 0.0043
INFO:root:Epoch no. 255 of 500 (samples: 141442)
INFO:root:Loss: 0.4828 +/- 0.0047
INFO:root:Epoch no. 256 of 500 (samples: 141442)
INFO:root:Loss: 0.4814 +/- 0.0047
INFO:root:Epoch no. 257 of 500 (samples: 141442)
INFO:root:Loss: 0.4804 +/- 0.0032
INFO:root:Epoch no. 258 of 500 (samples: 141442)
INFO:root:Loss: 0.4803 +/- 0.0037
INFO:root:Epoch no. 259 of 500 (samples: 141442)
INFO:root:Loss: 0.476 +/- 0.0038
INFO:root:Epoch no. 260 of 500 (samples: 141442)
INFO:root:Loss: 0.4756 +/- 0.0031
INFO:root:Epoch no. 261 of 500 (samples: 141442)
INFO:root:Loss: 0.4748 +/- 0.005
INFO:root:Epoch no. 262 of 500 (samples: 141442)
INFO:root:Loss: 0.4729 +/- 0.0042
INFO:root:Epoch no. 263 of 500 (samples: 141442)
INFO:root:Loss: 0.4735 +/- 0.0044
INFO:root:Epoch no. 264 of 500 (samples: 141442)
INFO:root:Loss: 0.4718 +/- 0.0041
INFO:root:Epoch no. 265 of 500 (samples: 141442)
INFO:root:Loss: 0.4688 +/- 0.0037
INFO:root:Epoch no. 266 of 500 (samples: 141442)
INFO:root:Loss: 0.4693 +/- 0.0047
INFO:root:Epoch no. 267 of 500 (samples: 141442)
INFO:root:Loss: 0.4662 +/- 0.0053
INFO:root:Epoch no. 268 of 500 (samples: 141442)
INFO:root:Loss: 0.4659 +/- 0.0052
INFO:root:Epoch no. 269 of 500 (samples: 141442)
INFO:root:Loss: 0.4646 +/- 0.0035
INFO:root:Epoch no. 270 of 500 (samples: 141442)
INFO:root:Loss: 0.4634 +/- 0.0035
INFO:root:Epoch no. 271 of 500 (samples: 141442)
INFO:root:Loss: 0.4628 +/- 0.0033
INFO:root:Epoch no. 272 of 500 (samples: 141442)
INFO:root:Loss: 0.4617 +/- 0.0035
INFO:root:Epoch no. 273 of 500 (samples: 141442)
INFO:root:Loss: 0.4601 +/- 0.0026
INFO:root:Epoch no. 274 of 500 (samples: 141442)
INFO:root:Loss: 0.4586 +/- 0.0051
INFO:root:Epoch no. 275 of 500 (samples: 141442)
INFO:root:Loss: 0.457 +/- 0.0045
INFO:root:Epoch no. 276 of 500 (samples: 141442)
INFO:root:Loss: 0.4565 +/- 0.0017
INFO:root:Epoch no. 277 of 500 (samples: 141442)
INFO:root:Loss: 0.4539 +/- 0.0035
INFO:root:Epoch no. 278 of 500 (samples: 141442)
INFO:root:Loss: 0.4531 +/- 0.0032
INFO:root:Epoch no. 279 of 500 (samples: 141442)
INFO:root:Loss: 0.452 +/- 0.0051
INFO:root:Epoch no. 280 of 500 (samples: 141442)
INFO:root:Loss: 0.4501 +/- 0.0039
INFO:root:Epoch no. 281 of 500 (samples: 141442)
INFO:root:Loss: 0.4494 +/- 0.0038
INFO:root:Epoch no. 282 of 500 (samples: 141442)
INFO:root:Loss: 0.4479 +/- 0.0025
INFO:root:Epoch no. 283 of 500 (samples: 141442)
INFO:root:Loss: 0.4478 +/- 0.005
INFO:root:Epoch no. 284 of 500 (samples: 141442)
INFO:root:Loss: 0.4466 +/- 0.0052
INFO:root:Epoch no. 285 of 500 (samples: 141442)
INFO:root:Loss: 0.4449 +/- 0.0044
INFO:root:Epoch no. 286 of 500 (samples: 141442)
INFO:root:Loss: 0.4441 +/- 0.0036
INFO:root:Epoch no. 287 of 500 (samples: 141442)
INFO:root:Loss: 0.4426 +/- 0.0029
INFO:root:Epoch no. 288 of 500 (samples: 141442)
INFO:root:Loss: 0.4422 +/- 0.0061
INFO:root:Epoch no. 289 of 500 (samples: 141442)
INFO:root:Loss: 0.4396 +/- 0.0045
INFO:root:Epoch no. 290 of 500 (samples: 141442)
INFO:root:Loss: 0.4393 +/- 0.0033
INFO:root:Epoch no. 291 of 500 (samples: 141442)
INFO:root:Loss: 0.4389 +/- 0.0048
INFO:root:Epoch no. 292 of 500 (samples: 141442)
INFO:root:Loss: 0.4369 +/- 0.0022
INFO:root:Epoch no. 293 of 500 (samples: 141442)
INFO:root:Loss: 0.4349 +/- 0.0058
INFO:root:Epoch no. 294 of 500 (samples: 141442)
INFO:root:Loss: 0.4345 +/- 0.0042
INFO:root:Epoch no. 295 of 500 (samples: 141442)
INFO:root:Loss: 0.4345 +/- 0.0034
INFO:root:Epoch no. 296 of 500 (samples: 141442)
INFO:root:Loss: 0.4339 +/- 0.0033
INFO:root:Epoch no. 297 of 500 (samples: 141442)
INFO:root:Loss: 0.4318 +/- 0.0034
INFO:root:Epoch no. 298 of 500 (samples: 141442)
INFO:root:Loss: 0.4304 +/- 0.0042
INFO:root:Epoch no. 299 of 500 (samples: 141442)
INFO:root:Loss: 0.4293 +/- 0.003
INFO:root:Epoch no. 300 of 500 (samples: 141442)
INFO:root:Loss: 0.4294 +/- 0.0064
INFO:root:Epoch no. 301 of 500 (samples: 141442)
INFO:root:Loss: 0.4273 +/- 0.005
INFO:root:Epoch no. 302 of 500 (samples: 141442)
INFO:root:Loss: 0.4271 +/- 0.0031
INFO:root:Epoch no. 303 of 500 (samples: 141442)
INFO:root:Loss: 0.4253 +/- 0.005
INFO:root:Epoch no. 304 of 500 (samples: 141442)
INFO:root:Loss: 0.4235 +/- 0.0031
INFO:root:Epoch no. 305 of 500 (samples: 141442)
INFO:root:Loss: 0.4229 +/- 0.0037
INFO:root:Epoch no. 306 of 500 (samples: 141442)
INFO:root:Loss: 0.4223 +/- 0.0048
INFO:root:Epoch no. 307 of 500 (samples: 141442)
INFO:root:Loss: 0.4203 +/- 0.0068
INFO:root:Epoch no. 308 of 500 (samples: 141442)
INFO:root:Loss: 0.4212 +/- 0.0052
INFO:root:Epoch no. 309 of 500 (samples: 141442)
INFO:root:Loss: 0.4185 +/- 0.0037
INFO:root:Epoch no. 310 of 500 (samples: 141442)
INFO:root:Loss: 0.418 +/- 0.0025
INFO:root:Epoch no. 311 of 500 (samples: 141442)
INFO:root:Loss: 0.4166 +/- 0.0042
INFO:root:Epoch no. 312 of 500 (samples: 141442)
INFO:root:Loss: 0.4173 +/- 0.0052
INFO:root:Epoch no. 313 of 500 (samples: 141442)
INFO:root:Loss: 0.4155 +/- 0.0035
INFO:root:Epoch no. 314 of 500 (samples: 141442)
INFO:root:Loss: 0.4136 +/- 0.0031
INFO:root:Epoch no. 315 of 500 (samples: 141442)
INFO:root:Loss: 0.4116 +/- 0.0033
INFO:root:Epoch no. 316 of 500 (samples: 141442)
INFO:root:Loss: 0.4107 +/- 0.0052
INFO:root:Epoch no. 317 of 500 (samples: 141442)
INFO:root:Loss: 0.4114 +/- 0.0027
INFO:root:Epoch no. 318 of 500 (samples: 141442)
INFO:root:Loss: 0.4095 +/- 0.004
INFO:root:Epoch no. 319 of 500 (samples: 141442)
INFO:root:Loss: 0.4077 +/- 0.0043
INFO:root:Epoch no. 320 of 500 (samples: 141442)
INFO:root:Loss: 0.4086 +/- 0.004
INFO:root:Epoch no. 321 of 500 (samples: 141442)
INFO:root:Loss: 0.407 +/- 0.0045
INFO:root:Epoch no. 322 of 500 (samples: 141442)
INFO:root:Loss: 0.407 +/- 0.004
INFO:root:Epoch no. 323 of 500 (samples: 141442)
INFO:root:Loss: 0.4039 +/- 0.0046
INFO:root:Epoch no. 324 of 500 (samples: 141442)
INFO:root:Loss: 0.4043 +/- 0.0033
INFO:root:Epoch no. 325 of 500 (samples: 141442)
INFO:root:Loss: 0.4037 +/- 0.0053
INFO:root:Epoch no. 326 of 500 (samples: 141442)
INFO:root:Loss: 0.4032 +/- 0.0041
INFO:root:Epoch no. 327 of 500 (samples: 141442)
INFO:root:Loss: 0.4029 +/- 0.0035
INFO:root:Epoch no. 328 of 500 (samples: 141442)
INFO:root:Loss: 0.4005 +/- 0.0028
INFO:root:Epoch no. 329 of 500 (samples: 141442)
INFO:root:Loss: 0.3994 +/- 0.0033
INFO:root:Epoch no. 330 of 500 (samples: 141442)
INFO:root:Loss: 0.399 +/- 0.0044
INFO:root:Epoch no. 331 of 500 (samples: 141442)
INFO:root:Loss: 0.3973 +/- 0.0043
INFO:root:Epoch no. 332 of 500 (samples: 141442)
INFO:root:Loss: 0.3963 +/- 0.0023
INFO:root:Epoch no. 333 of 500 (samples: 141442)
INFO:root:Loss: 0.3956 +/- 0.006
INFO:root:Epoch no. 334 of 500 (samples: 141442)
INFO:root:Loss: 0.3943 +/- 0.003
INFO:root:Epoch no. 335 of 500 (samples: 141442)
INFO:root:Loss: 0.3943 +/- 0.0041
INFO:root:Epoch no. 336 of 500 (samples: 141442)
INFO:root:Loss: 0.3919 +/- 0.0037
INFO:root:Epoch no. 337 of 500 (samples: 141442)
INFO:root:Loss: 0.3924 +/- 0.0045
INFO:root:Epoch no. 338 of 500 (samples: 141442)
INFO:root:Loss: 0.3912 +/- 0.0043
INFO:root:Epoch no. 339 of 500 (samples: 141442)
INFO:root:Loss: 0.3907 +/- 0.0023
INFO:root:Epoch no. 340 of 500 (samples: 141442)
INFO:root:Loss: 0.3896 +/- 0.0032
INFO:root:Epoch no. 341 of 500 (samples: 141442)
INFO:root:Loss: 0.387 +/- 0.0055
INFO:root:Epoch no. 342 of 500 (samples: 141442)
INFO:root:Loss: 0.389 +/- 0.005
INFO:root:Epoch no. 343 of 500 (samples: 141442)
INFO:root:Loss: 0.388 +/- 0.0035
INFO:root:Epoch no. 344 of 500 (samples: 141442)
INFO:root:Loss: 0.3866 +/- 0.0039
INFO:root:Epoch no. 345 of 500 (samples: 141442)
INFO:root:Loss: 0.3846 +/- 0.0043
INFO:root:Epoch no. 346 of 500 (samples: 141442)
INFO:root:Loss: 0.3854 +/- 0.0038
INFO:root:Epoch no. 347 of 500 (samples: 141442)
INFO:root:Loss: 0.3831 +/- 0.0045
INFO:root:Epoch no. 348 of 500 (samples: 141442)
INFO:root:Loss: 0.3829 +/- 0.0033
INFO:root:Epoch no. 349 of 500 (samples: 141442)
INFO:root:Loss: 0.3836 +/- 0.0029
INFO:root:Epoch no. 350 of 500 (samples: 141442)
INFO:root:Loss: 0.3809 +/- 0.0048
INFO:root:Epoch no. 351 of 500 (samples: 141442)
INFO:root:Loss: 0.3811 +/- 0.003
INFO:root:Epoch no. 352 of 500 (samples: 141442)
INFO:root:Loss: 0.3785 +/- 0.004
INFO:root:Epoch no. 353 of 500 (samples: 141442)
INFO:root:Loss: 0.3789 +/- 0.0031
INFO:root:Epoch no. 354 of 500 (samples: 141442)
INFO:root:Loss: 0.3787 +/- 0.0038
INFO:root:Epoch no. 355 of 500 (samples: 141442)
INFO:root:Loss: 0.3769 +/- 0.0053
INFO:root:Epoch no. 356 of 500 (samples: 141442)
INFO:root:Loss: 0.3761 +/- 0.0036
INFO:root:Epoch no. 357 of 500 (samples: 141442)
INFO:root:Loss: 0.3753 +/- 0.0037
INFO:root:Epoch no. 358 of 500 (samples: 141442)
INFO:root:Loss: 0.3745 +/- 0.0044
INFO:root:Epoch no. 359 of 500 (samples: 141442)
INFO:root:Loss: 0.3731 +/- 0.0036
INFO:root:Epoch no. 360 of 500 (samples: 141442)
INFO:root:Loss: 0.3732 +/- 0.0052
INFO:root:Epoch no. 361 of 500 (samples: 141442)
INFO:root:Loss: 0.3723 +/- 0.0049
INFO:root:Epoch no. 362 of 500 (samples: 141442)
INFO:root:Loss: 0.3703 +/- 0.0036
INFO:root:Epoch no. 363 of 500 (samples: 141442)
INFO:root:Loss: 0.3697 +/- 0.0045
INFO:root:Epoch no. 364 of 500 (samples: 141442)
INFO:root:Loss: 0.3694 +/- 0.0041
INFO:root:Epoch no. 365 of 500 (samples: 141442)
INFO:root:Loss: 0.3688 +/- 0.0033
INFO:root:Epoch no. 366 of 500 (samples: 141442)
INFO:root:Loss: 0.3676 +/- 0.0018
INFO:root:Epoch no. 367 of 500 (samples: 141442)
INFO:root:Loss: 0.3679 +/- 0.0031
INFO:root:Epoch no. 368 of 500 (samples: 141442)
INFO:root:Loss: 0.3666 +/- 0.0028
INFO:root:Epoch no. 369 of 500 (samples: 141442)
INFO:root:Loss: 0.3655 +/- 0.0042
INFO:root:Epoch no. 370 of 500 (samples: 141442)
INFO:root:Loss: 0.3655 +/- 0.0046
INFO:root:Epoch no. 371 of 500 (samples: 141442)
INFO:root:Loss: 0.3641 +/- 0.005
INFO:root:Epoch no. 372 of 500 (samples: 141442)
INFO:root:Loss: 0.3634 +/- 0.0032
INFO:root:Epoch no. 373 of 500 (samples: 141442)
INFO:root:Loss: 0.3614 +/- 0.0042
INFO:root:Epoch no. 374 of 500 (samples: 141442)
INFO:root:Loss: 0.3617 +/- 0.0035
INFO:root:Epoch no. 375 of 500 (samples: 141442)
INFO:root:Loss: 0.3618 +/- 0.0041
INFO:root:Epoch no. 376 of 500 (samples: 141442)
INFO:root:Loss: 0.3609 +/- 0.0042
INFO:root:Epoch no. 377 of 500 (samples: 141442)
INFO:root:Loss: 0.3596 +/- 0.0046
INFO:root:Epoch no. 378 of 500 (samples: 141442)
INFO:root:Loss: 0.3586 +/- 0.0046
INFO:root:Epoch no. 379 of 500 (samples: 141442)
INFO:root:Loss: 0.3592 +/- 0.0047
INFO:root:Epoch no. 380 of 500 (samples: 141442)
INFO:root:Loss: 0.3595 +/- 0.0027
INFO:root:Epoch no. 381 of 500 (samples: 141442)
INFO:root:Loss: 0.3575 +/- 0.0024
INFO:root:Epoch no. 382 of 500 (samples: 141442)
INFO:root:Loss: 0.3556 +/- 0.0028
INFO:root:Epoch no. 383 of 500 (samples: 141442)
INFO:root:Loss: 0.3556 +/- 0.0035
INFO:root:Epoch no. 384 of 500 (samples: 141442)
INFO:root:Loss: 0.3549 +/- 0.0044
INFO:root:Epoch no. 385 of 500 (samples: 141442)
INFO:root:Loss: 0.3536 +/- 0.0031
INFO:root:Epoch no. 386 of 500 (samples: 141442)
INFO:root:Loss: 0.3547 +/- 0.0027
INFO:root:Epoch no. 387 of 500 (samples: 141442)
INFO:root:Loss: 0.3531 +/- 0.0037
INFO:root:Epoch no. 388 of 500 (samples: 141442)
INFO:root:Loss: 0.3517 +/- 0.0044
INFO:root:Epoch no. 389 of 500 (samples: 141442)
INFO:root:Loss: 0.351 +/- 0.0041
INFO:root:Epoch no. 390 of 500 (samples: 141442)
INFO:root:Loss: 0.3508 +/- 0.0039
INFO:root:Epoch no. 391 of 500 (samples: 141442)
INFO:root:Loss: 0.3509 +/- 0.0038
INFO:root:Epoch no. 392 of 500 (samples: 141442)
INFO:root:Loss: 0.3489 +/- 0.0049
INFO:root:Epoch no. 393 of 500 (samples: 141442)
INFO:root:Loss: 0.3489 +/- 0.0043
INFO:root:Epoch no. 394 of 500 (samples: 141442)
INFO:root:Loss: 0.3479 +/- 0.0035
INFO:root:Epoch no. 395 of 500 (samples: 141442)
INFO:root:Loss: 0.3478 +/- 0.0043
INFO:root:Epoch no. 396 of 500 (samples: 141442)
INFO:root:Loss: 0.3474 +/- 0.0025
INFO:root:Epoch no. 397 of 500 (samples: 141442)
INFO:root:Loss: 0.3454 +/- 0.0041
INFO:root:Epoch no. 398 of 500 (samples: 141442)
INFO:root:Loss: 0.3442 +/- 0.0044
INFO:root:Epoch no. 399 of 500 (samples: 141442)
INFO:root:Loss: 0.3441 +/- 0.0031
INFO:root:Epoch no. 400 of 500 (samples: 141442)
INFO:root:Loss: 0.3434 +/- 0.0028
INFO:root:Epoch no. 401 of 500 (samples: 141442)
INFO:root:Loss: 0.343 +/- 0.0045
INFO:root:Epoch no. 402 of 500 (samples: 141442)
INFO:root:Loss: 0.3422 +/- 0.0023
INFO:root:Epoch no. 403 of 500 (samples: 141442)
INFO:root:Loss: 0.341 +/- 0.0038
INFO:root:Epoch no. 404 of 500 (samples: 141442)
INFO:root:Loss: 0.3406 +/- 0.0029
INFO:root:Epoch no. 405 of 500 (samples: 141442)
INFO:root:Loss: 0.3412 +/- 0.0023
INFO:root:Epoch no. 406 of 500 (samples: 141442)
INFO:root:Loss: 0.3405 +/- 0.0038
INFO:root:Epoch no. 407 of 500 (samples: 141442)
INFO:root:Loss: 0.3394 +/- 0.0043
INFO:root:Epoch no. 408 of 500 (samples: 141442)
INFO:root:Loss: 0.3376 +/- 0.0034
INFO:root:Epoch no. 409 of 500 (samples: 141442)
INFO:root:Loss: 0.3377 +/- 0.0031
INFO:root:Epoch no. 410 of 500 (samples: 141442)
INFO:root:Loss: 0.337 +/- 0.0035
INFO:root:Epoch no. 411 of 500 (samples: 141442)
INFO:root:Loss: 0.3371 +/- 0.0045
INFO:root:Epoch no. 412 of 500 (samples: 141442)
INFO:root:Loss: 0.3358 +/- 0.0034
INFO:root:Epoch no. 413 of 500 (samples: 141442)
INFO:root:Loss: 0.3355 +/- 0.0038
INFO:root:Epoch no. 414 of 500 (samples: 141442)
INFO:root:Loss: 0.3348 +/- 0.004
INFO:root:Epoch no. 415 of 500 (samples: 141442)
INFO:root:Loss: 0.3334 +/- 0.003
INFO:root:Epoch no. 416 of 500 (samples: 141442)
INFO:root:Loss: 0.3338 +/- 0.0035
INFO:root:Epoch no. 417 of 500 (samples: 141442)
INFO:root:Loss: 0.3333 +/- 0.0024
INFO:root:Epoch no. 418 of 500 (samples: 141442)
INFO:root:Loss: 0.3327 +/- 0.0033
INFO:root:Epoch no. 419 of 500 (samples: 141442)
INFO:root:Loss: 0.3321 +/- 0.0027
INFO:root:Epoch no. 420 of 500 (samples: 141442)
INFO:root:Loss: 0.3315 +/- 0.0032
INFO:root:Epoch no. 421 of 500 (samples: 141442)
INFO:root:Loss: 0.3296 +/- 0.0038
INFO:root:Epoch no. 422 of 500 (samples: 141442)
INFO:root:Loss: 0.3302 +/- 0.003
INFO:root:Epoch no. 423 of 500 (samples: 141442)
INFO:root:Loss: 0.3297 +/- 0.0046
INFO:root:Epoch no. 424 of 500 (samples: 141442)
INFO:root:Loss: 0.3292 +/- 0.0057
INFO:root:Epoch no. 425 of 500 (samples: 141442)
INFO:root:Loss: 0.3278 +/- 0.003
INFO:root:Epoch no. 426 of 500 (samples: 141442)
INFO:root:Loss: 0.3269 +/- 0.0054
INFO:root:Epoch no. 427 of 500 (samples: 141442)
INFO:root:Loss: 0.327 +/- 0.0039
INFO:root:Epoch no. 428 of 500 (samples: 141442)
INFO:root:Loss: 0.3263 +/- 0.0042
INFO:root:Epoch no. 429 of 500 (samples: 141442)
INFO:root:Loss: 0.3255 +/- 0.0033
INFO:root:Epoch no. 430 of 500 (samples: 141442)
INFO:root:Loss: 0.3247 +/- 0.0037
INFO:root:Epoch no. 431 of 500 (samples: 141442)
INFO:root:Loss: 0.3241 +/- 0.0037
INFO:root:Epoch no. 432 of 500 (samples: 141442)
INFO:root:Loss: 0.3233 +/- 0.0015
INFO:root:Epoch no. 433 of 500 (samples: 141442)
INFO:root:Loss: 0.3241 +/- 0.0037
INFO:root:Epoch no. 434 of 500 (samples: 141442)
INFO:root:Loss: 0.3233 +/- 0.0019
INFO:root:Epoch no. 435 of 500 (samples: 141442)
INFO:root:Loss: 0.3228 +/- 0.0023
INFO:root:Epoch no. 436 of 500 (samples: 141442)
INFO:root:Loss: 0.3212 +/- 0.0037
INFO:root:Epoch no. 437 of 500 (samples: 141442)
INFO:root:Loss: 0.3204 +/- 0.0029
INFO:root:Epoch no. 438 of 500 (samples: 141442)
INFO:root:Loss: 0.3192 +/- 0.002
INFO:root:Epoch no. 439 of 500 (samples: 141442)
INFO:root:Loss: 0.3203 +/- 0.0033
INFO:root:Epoch no. 440 of 500 (samples: 141442)
INFO:root:Loss: 0.3179 +/- 0.0031
INFO:root:Epoch no. 441 of 500 (samples: 141442)
INFO:root:Loss: 0.3177 +/- 0.0032
INFO:root:Epoch no. 442 of 500 (samples: 141442)
INFO:root:Loss: 0.3181 +/- 0.0023
INFO:root:Epoch no. 443 of 500 (samples: 141442)
INFO:root:Loss: 0.3181 +/- 0.0031
INFO:root:Epoch no. 444 of 500 (samples: 141442)
INFO:root:Loss: 0.3166 +/- 0.0029
INFO:root:Epoch no. 445 of 500 (samples: 141442)
INFO:root:Loss: 0.3173 +/- 0.0028
INFO:root:Epoch no. 446 of 500 (samples: 141442)
INFO:root:Loss: 0.317 +/- 0.0031
INFO:root:Epoch no. 447 of 500 (samples: 141442)
INFO:root:Loss: 0.3159 +/- 0.0037
INFO:root:Epoch no. 448 of 500 (samples: 141442)
INFO:root:Loss: 0.315 +/- 0.0026
INFO:root:Epoch no. 449 of 500 (samples: 141442)
INFO:root:Loss: 0.3141 +/- 0.0019
INFO:root:Epoch no. 450 of 500 (samples: 141442)
INFO:root:Loss: 0.3138 +/- 0.0031
INFO:root:Epoch no. 451 of 500 (samples: 141442)
INFO:root:Loss: 0.3133 +/- 0.0044
INFO:root:Epoch no. 452 of 500 (samples: 141442)
INFO:root:Loss: 0.3132 +/- 0.0047
INFO:root:Epoch no. 453 of 500 (samples: 141442)
INFO:root:Loss: 0.313 +/- 0.0041
INFO:root:Epoch no. 454 of 500 (samples: 141442)
INFO:root:Loss: 0.3118 +/- 0.0039
INFO:root:Epoch no. 455 of 500 (samples: 141442)
INFO:root:Loss: 0.31 +/- 0.0023
INFO:root:Epoch no. 456 of 500 (samples: 141442)
INFO:root:Loss: 0.3112 +/- 0.0032
INFO:root:Epoch no. 457 of 500 (samples: 141442)
INFO:root:Loss: 0.309 +/- 0.0029
INFO:root:Epoch no. 458 of 500 (samples: 141442)
INFO:root:Loss: 0.3074 +/- 0.0037
INFO:root:Epoch no. 459 of 500 (samples: 141442)
INFO:root:Loss: 0.3088 +/- 0.0034
INFO:root:Epoch no. 460 of 500 (samples: 141442)
INFO:root:Loss: 0.3097 +/- 0.0027
INFO:root:Epoch no. 461 of 500 (samples: 141442)
INFO:root:Loss: 0.3083 +/- 0.004
INFO:root:Epoch no. 462 of 500 (samples: 141442)
INFO:root:Loss: 0.309 +/- 0.0031
INFO:root:Epoch no. 463 of 500 (samples: 141442)
INFO:root:Loss: 0.3069 +/- 0.0043
INFO:root:Epoch no. 464 of 500 (samples: 141442)
INFO:root:Loss: 0.3045 +/- 0.0028
INFO:root:Epoch no. 465 of 500 (samples: 141442)
INFO:root:Loss: 0.3057 +/- 0.0027
INFO:root:Epoch no. 466 of 500 (samples: 141442)
INFO:root:Loss: 0.3053 +/- 0.0021
INFO:root:Epoch no. 467 of 500 (samples: 141442)
INFO:root:Loss: 0.3061 +/- 0.004
INFO:root:Epoch no. 468 of 500 (samples: 141442)
INFO:root:Loss: 0.3038 +/- 0.0044
INFO:root:Epoch no. 469 of 500 (samples: 141442)
INFO:root:Loss: 0.3037 +/- 0.0022
INFO:root:Epoch no. 470 of 500 (samples: 141442)
INFO:root:Loss: 0.3047 +/- 0.0032
INFO:root:Epoch no. 471 of 500 (samples: 141442)
INFO:root:Loss: 0.3032 +/- 0.0034
INFO:root:Epoch no. 472 of 500 (samples: 141442)
INFO:root:Loss: 0.3014 +/- 0.0043
INFO:root:Epoch no. 473 of 500 (samples: 141442)
INFO:root:Loss: 0.3025 +/- 0.0029
INFO:root:Epoch no. 474 of 500 (samples: 141442)
INFO:root:Loss: 0.3024 +/- 0.0038
INFO:root:Epoch no. 475 of 500 (samples: 141442)
INFO:root:Loss: 0.3003 +/- 0.0017
INFO:root:Epoch no. 476 of 500 (samples: 141442)
INFO:root:Loss: 0.2996 +/- 0.0036
INFO:root:Epoch no. 477 of 500 (samples: 141442)
INFO:root:Loss: 0.2998 +/- 0.0035
INFO:root:Epoch no. 478 of 500 (samples: 141442)
INFO:root:Loss: 0.2987 +/- 0.0028
INFO:root:Epoch no. 479 of 500 (samples: 141442)
INFO:root:Loss: 0.2997 +/- 0.0034
INFO:root:Epoch no. 480 of 500 (samples: 141442)
INFO:root:Loss: 0.2987 +/- 0.0045
INFO:root:Epoch no. 481 of 500 (samples: 141442)
INFO:root:Loss: 0.2987 +/- 0.0027
INFO:root:Epoch no. 482 of 500 (samples: 141442)
INFO:root:Loss: 0.2968 +/- 0.0035
INFO:root:Epoch no. 483 of 500 (samples: 141442)
INFO:root:Loss: 0.2974 +/- 0.0024
INFO:root:Epoch no. 484 of 500 (samples: 141442)
INFO:root:Loss: 0.2952 +/- 0.0036
INFO:root:Epoch no. 485 of 500 (samples: 141442)
INFO:root:Loss: 0.2958 +/- 0.0034
INFO:root:Epoch no. 486 of 500 (samples: 141442)
INFO:root:Loss: 0.2965 +/- 0.0031
INFO:root:Epoch no. 487 of 500 (samples: 141442)
INFO:root:Loss: 0.2947 +/- 0.0025
INFO:root:Epoch no. 488 of 500 (samples: 141442)
INFO:root:Loss: 0.2933 +/- 0.0024
INFO:root:Epoch no. 489 of 500 (samples: 141442)
INFO:root:Loss: 0.2944 +/- 0.0026
INFO:root:Epoch no. 490 of 500 (samples: 141442)
INFO:root:Loss: 0.2943 +/- 0.0027
INFO:root:Epoch no. 491 of 500 (samples: 141442)
INFO:root:Loss: 0.2925 +/- 0.0029
INFO:root:Epoch no. 492 of 500 (samples: 141442)
INFO:root:Loss: 0.2921 +/- 0.0032
INFO:root:Epoch no. 493 of 500 (samples: 141442)
INFO:root:Loss: 0.2934 +/- 0.0045
INFO:root:Epoch no. 494 of 500 (samples: 141442)
INFO:root:Loss: 0.293 +/- 0.004
INFO:root:Epoch no. 495 of 500 (samples: 141442)
INFO:root:Loss: 0.2918 +/- 0.0041
INFO:root:Epoch no. 496 of 500 (samples: 141442)
INFO:root:Loss: 0.2906 +/- 0.003
INFO:root:Epoch no. 497 of 500 (samples: 141442)
INFO:root:Loss: 0.2903 +/- 0.0038
INFO:root:Epoch no. 498 of 500 (samples: 141442)
INFO:root:Loss: 0.2891 +/- 0.0031
INFO:root:Epoch no. 499 of 500 (samples: 141442)
INFO:root:Loss: 0.2901 +/- 0.003
INFO:root:Epoch no. 500 of 500 (samples: 141442)
INFO:root:Loss: 0.2882 +/- 0.0044
INFO:root:### MICRO (validation raw):
INFO:root:	-- left   >> mean: 636.4578, median: 4.0, mrr: 0.361, hits@1: 19.84%
INFO:root:	-- right  >> mean: 720.186, median: 4.0, mrr: 0.356, hits@1: 19.42%
INFO:root:	-- global >> mean: 678.3219, median: 4.0, mrr: 0.358, hits@1: 19.63%
INFO:root:### MICRO (validation raw):
INFO:root:	-- left   >> mean: 636.4578, median: 4.0, mrr: 0.361, hits@3: 46.84%
INFO:root:	-- right  >> mean: 720.186, median: 4.0, mrr: 0.356, hits@3: 45.92%
INFO:root:	-- global >> mean: 678.3219, median: 4.0, mrr: 0.358, hits@3: 46.38%
INFO:root:### MICRO (validation raw):
INFO:root:	-- left   >> mean: 636.4578, median: 4.0, mrr: 0.361, hits@5: 57.66%
INFO:root:	-- right  >> mean: 720.186, median: 4.0, mrr: 0.356, hits@5: 56.08%
INFO:root:	-- global >> mean: 678.3219, median: 4.0, mrr: 0.358, hits@5: 56.87%
INFO:root:### MICRO (validation raw):
INFO:root:	-- left   >> mean: 636.4578, median: 4.0, mrr: 0.361, hits@10: 66.5%
INFO:root:	-- right  >> mean: 720.186, median: 4.0, mrr: 0.356, hits@10: 66.02%
INFO:root:	-- global >> mean: 678.3219, median: 4.0, mrr: 0.358, hits@10: 66.26%
INFO:root:### MICRO (validation filtered):
INFO:root:	-- left   >> mean: 623.1602, median: 2.0, mrr: 0.467, hits@1: 29.1%
INFO:root:	-- right  >> mean: 706.38, median: 2.0, mrr: 0.466, hits@1: 28.96%
INFO:root:	-- global >> mean: 664.7701, median: 2.0, mrr: 0.466, hits@1: 29.03%
INFO:root:### MICRO (validation filtered):
INFO:root:	-- left   >> mean: 623.1602, median: 2.0, mrr: 0.467, hits@3: 61.36%
INFO:root:	-- right  >> mean: 706.38, median: 2.0, mrr: 0.466, hits@3: 61.58%
INFO:root:	-- global >> mean: 664.7701, median: 2.0, mrr: 0.466, hits@3: 61.47%
INFO:root:### MICRO (validation filtered):
INFO:root:	-- left   >> mean: 623.1602, median: 2.0, mrr: 0.467, hits@5: 68.1%
INFO:root:	-- right  >> mean: 706.38, median: 2.0, mrr: 0.466, hits@5: 67.92%
INFO:root:	-- global >> mean: 664.7701, median: 2.0, mrr: 0.466, hits@5: 68.01%
INFO:root:### MICRO (validation filtered):
INFO:root:	-- left   >> mean: 623.1602, median: 2.0, mrr: 0.467, hits@10: 73.4%
INFO:root:	-- right  >> mean: 706.38, median: 2.0, mrr: 0.466, hits@10: 72.9%
INFO:root:	-- global >> mean: 664.7701, median: 2.0, mrr: 0.466, hits@10: 73.15%
INFO:root:### MICRO (test raw):
INFO:root:	-- left   >> mean: 665.204, median: 4.0, mrr: 0.351, hits@1: 19.24%
INFO:root:	-- right  >> mean: 628.324, median: 4.0, mrr: 0.37, hits@1: 20.9%
INFO:root:	-- global >> mean: 646.764, median: 4.0, mrr: 0.36, hits@1: 20.07%
INFO:root:### MICRO (test raw):
INFO:root:	-- left   >> mean: 665.204, median: 4.0, mrr: 0.351, hits@3: 45.36%
INFO:root:	-- right  >> mean: 628.324, median: 4.0, mrr: 0.37, hits@3: 47.86%
INFO:root:	-- global >> mean: 646.764, median: 4.0, mrr: 0.36, hits@3: 46.61%
INFO:root:### MICRO (test raw):
INFO:root:	-- left   >> mean: 665.204, median: 4.0, mrr: 0.351, hits@5: 55.58%
INFO:root:	-- right  >> mean: 628.324, median: 4.0, mrr: 0.37, hits@5: 57.54%
INFO:root:	-- global >> mean: 646.764, median: 4.0, mrr: 0.36, hits@5: 56.56%
INFO:root:### MICRO (test raw):
INFO:root:	-- left   >> mean: 665.204, median: 4.0, mrr: 0.351, hits@10: 65.52%
INFO:root:	-- right  >> mean: 628.324, median: 4.0, mrr: 0.37, hits@10: 66.8%
INFO:root:	-- global >> mean: 646.764, median: 4.0, mrr: 0.36, hits@10: 66.16%
INFO:root:### MICRO (test filtered):
INFO:root:	-- left   >> mean: 651.1068, median: 2.0, mrr: 0.464, hits@1: 29.28%
INFO:root:	-- right  >> mean: 616.0886, median: 2.0, mrr: 0.474, hits@1: 30.26%
INFO:root:	-- global >> mean: 633.5977, median: 2.0, mrr: 0.469, hits@1: 29.77%
INFO:root:### MICRO (test filtered):
INFO:root:	-- left   >> mean: 651.1068, median: 2.0, mrr: 0.464, hits@3: 60.88%
INFO:root:	-- right  >> mean: 616.0886, median: 2.0, mrr: 0.474, hits@3: 61.92%
INFO:root:	-- global >> mean: 633.5977, median: 2.0, mrr: 0.469, hits@3: 61.4%
INFO:root:### MICRO (test filtered):
INFO:root:	-- left   >> mean: 651.1068, median: 2.0, mrr: 0.464, hits@5: 66.92%
INFO:root:	-- right  >> mean: 616.0886, median: 2.0, mrr: 0.474, hits@5: 68.06%
INFO:root:	-- global >> mean: 633.5977, median: 2.0, mrr: 0.469, hits@5: 67.49%
INFO:root:### MICRO (test filtered):
INFO:root:	-- left   >> mean: 651.1068, median: 2.0, mrr: 0.464, hits@10: 72.4%
INFO:root:	-- right  >> mean: 616.0886, median: 2.0, mrr: 0.474, hits@10: 73.18%
INFO:root:	-- global >> mean: 633.5977, median: 2.0, mrr: 0.469, hits@10: 72.79%
