Using Theano backend.
INFO:root:Acquiring data/wn18/wordnet-mlj12-train.txt ..
INFO:root:Acquiring data/wn18/wordnet-mlj12-valid.txt ..
INFO:root:Acquiring data/wn18/wordnet-mlj12-test.txt ..
INFO:root:Samples: 141442, no. batches: 10 -> batch size: 14145
INFO:root:Epoch no. 1 of 500 (samples: 141442)
INFO:root:Loss: 3.3261 +/- 0.0057
INFO:root:Epoch no. 2 of 500 (samples: 141442)
INFO:root:Loss: 3.3112 +/- 0.0024
INFO:root:Epoch no. 3 of 500 (samples: 141442)
INFO:root:Loss: 3.3003 +/- 0.0022
INFO:root:Epoch no. 4 of 500 (samples: 141442)
INFO:root:Loss: 3.29 +/- 0.0021
INFO:root:Epoch no. 5 of 500 (samples: 141442)
INFO:root:Loss: 3.2795 +/- 0.0026
INFO:root:Epoch no. 6 of 500 (samples: 141442)
INFO:root:Loss: 3.2692 +/- 0.0023
INFO:root:Epoch no. 7 of 500 (samples: 141442)
INFO:root:Loss: 3.2594 +/- 0.0024
INFO:root:Epoch no. 8 of 500 (samples: 141442)
INFO:root:Loss: 3.2489 +/- 0.0022
INFO:root:Epoch no. 9 of 500 (samples: 141442)
INFO:root:Loss: 3.2388 +/- 0.0021
INFO:root:Epoch no. 10 of 500 (samples: 141442)
INFO:root:Loss: 3.2286 +/- 0.0024
INFO:root:Epoch no. 11 of 500 (samples: 141442)
INFO:root:Loss: 3.2183 +/- 0.0026
INFO:root:Epoch no. 12 of 500 (samples: 141442)
INFO:root:Loss: 3.2078 +/- 0.002
INFO:root:Epoch no. 13 of 500 (samples: 141442)
INFO:root:Loss: 3.1978 +/- 0.0027
INFO:root:Epoch no. 14 of 500 (samples: 141442)
INFO:root:Loss: 3.1879 +/- 0.0027
INFO:root:Epoch no. 15 of 500 (samples: 141442)
INFO:root:Loss: 3.1777 +/- 0.0027
INFO:root:Epoch no. 16 of 500 (samples: 141442)
INFO:root:Loss: 3.1679 +/- 0.0022
INFO:root:Epoch no. 17 of 500 (samples: 141442)
INFO:root:Loss: 3.1577 +/- 0.0025
INFO:root:Epoch no. 18 of 500 (samples: 141442)
INFO:root:Loss: 3.1479 +/- 0.0028
INFO:root:Epoch no. 19 of 500 (samples: 141442)
INFO:root:Loss: 3.1384 +/- 0.0025
INFO:root:Epoch no. 20 of 500 (samples: 141442)
INFO:root:Loss: 3.1288 +/- 0.003
INFO:root:Epoch no. 21 of 500 (samples: 141442)
INFO:root:Loss: 3.1188 +/- 0.0022
INFO:root:Epoch no. 22 of 500 (samples: 141442)
INFO:root:Loss: 3.1089 +/- 0.0023
INFO:root:Epoch no. 23 of 500 (samples: 141442)
INFO:root:Loss: 3.0991 +/- 0.0024
INFO:root:Epoch no. 24 of 500 (samples: 141442)
INFO:root:Loss: 3.0904 +/- 0.002
INFO:root:Epoch no. 25 of 500 (samples: 141442)
INFO:root:Loss: 3.0808 +/- 0.0022
INFO:root:Epoch no. 26 of 500 (samples: 141442)
INFO:root:Loss: 3.0717 +/- 0.0025
INFO:root:Epoch no. 27 of 500 (samples: 141442)
INFO:root:Loss: 3.0622 +/- 0.0019
INFO:root:Epoch no. 28 of 500 (samples: 141442)
INFO:root:Loss: 3.0527 +/- 0.0021
INFO:root:Epoch no. 29 of 500 (samples: 141442)
INFO:root:Loss: 3.0439 +/- 0.0019
INFO:root:Epoch no. 30 of 500 (samples: 141442)
INFO:root:Loss: 3.0346 +/- 0.0025
INFO:root:Epoch no. 31 of 500 (samples: 141442)
INFO:root:Loss: 3.0252 +/- 0.0023
INFO:root:Epoch no. 32 of 500 (samples: 141442)
INFO:root:Loss: 3.0164 +/- 0.0023
INFO:root:Epoch no. 33 of 500 (samples: 141442)
INFO:root:Loss: 3.0075 +/- 0.0022
INFO:root:Epoch no. 34 of 500 (samples: 141442)
INFO:root:Loss: 2.9984 +/- 0.0024
INFO:root:Epoch no. 35 of 500 (samples: 141442)
INFO:root:Loss: 2.9897 +/- 0.0023
INFO:root:Epoch no. 36 of 500 (samples: 141442)
INFO:root:Loss: 2.9807 +/- 0.0016
INFO:root:Epoch no. 37 of 500 (samples: 141442)
INFO:root:Loss: 2.9719 +/- 0.0023
INFO:root:Epoch no. 38 of 500 (samples: 141442)
INFO:root:Loss: 2.9632 +/- 0.0022
INFO:root:Epoch no. 39 of 500 (samples: 141442)
INFO:root:Loss: 2.9546 +/- 0.0024
INFO:root:Epoch no. 40 of 500 (samples: 141442)
INFO:root:Loss: 2.9458 +/- 0.0018
INFO:root:Epoch no. 41 of 500 (samples: 141442)
INFO:root:Loss: 2.937 +/- 0.0028
INFO:root:Epoch no. 42 of 500 (samples: 141442)
INFO:root:Loss: 2.9294 +/- 0.0022
INFO:root:Epoch no. 43 of 500 (samples: 141442)
INFO:root:Loss: 2.9211 +/- 0.0027
INFO:root:Epoch no. 44 of 500 (samples: 141442)
INFO:root:Loss: 2.9122 +/- 0.0021
INFO:root:Epoch no. 45 of 500 (samples: 141442)
INFO:root:Loss: 2.9042 +/- 0.0028
INFO:root:Epoch no. 46 of 500 (samples: 141442)
INFO:root:Loss: 2.8957 +/- 0.0023
INFO:root:Epoch no. 47 of 500 (samples: 141442)
INFO:root:Loss: 2.8878 +/- 0.0028
INFO:root:Epoch no. 48 of 500 (samples: 141442)
INFO:root:Loss: 2.8791 +/- 0.0023
INFO:root:Epoch no. 49 of 500 (samples: 141442)
INFO:root:Loss: 2.8711 +/- 0.0019
INFO:root:Epoch no. 50 of 500 (samples: 141442)
INFO:root:Loss: 2.8628 +/- 0.0031
INFO:root:Epoch no. 51 of 500 (samples: 141442)
INFO:root:Loss: 2.8552 +/- 0.0026
INFO:root:Epoch no. 52 of 500 (samples: 141442)
INFO:root:Loss: 2.8473 +/- 0.0031
INFO:root:Epoch no. 53 of 500 (samples: 141442)
INFO:root:Loss: 2.8393 +/- 0.0031
INFO:root:Epoch no. 54 of 500 (samples: 141442)
INFO:root:Loss: 2.831 +/- 0.0028
INFO:root:Epoch no. 55 of 500 (samples: 141442)
INFO:root:Loss: 2.8239 +/- 0.0026
INFO:root:Epoch no. 56 of 500 (samples: 141442)
INFO:root:Loss: 2.8165 +/- 0.0024
INFO:root:Epoch no. 57 of 500 (samples: 141442)
INFO:root:Loss: 2.8071 +/- 0.003
INFO:root:Epoch no. 58 of 500 (samples: 141442)
INFO:root:Loss: 2.8003 +/- 0.003
INFO:root:Epoch no. 59 of 500 (samples: 141442)
INFO:root:Loss: 2.7921 +/- 0.0023
INFO:root:Epoch no. 60 of 500 (samples: 141442)
INFO:root:Loss: 2.785 +/- 0.0024
INFO:root:Epoch no. 61 of 500 (samples: 141442)
INFO:root:Loss: 2.7772 +/- 0.0025
INFO:root:Epoch no. 62 of 500 (samples: 141442)
INFO:root:Loss: 2.77 +/- 0.0021
INFO:root:Epoch no. 63 of 500 (samples: 141442)
INFO:root:Loss: 2.7634 +/- 0.0034
INFO:root:Epoch no. 64 of 500 (samples: 141442)
INFO:root:Loss: 2.7554 +/- 0.0045
INFO:root:Epoch no. 65 of 500 (samples: 141442)
INFO:root:Loss: 2.7484 +/- 0.0031
INFO:root:Epoch no. 66 of 500 (samples: 141442)
INFO:root:Loss: 2.7408 +/- 0.0022
INFO:root:Epoch no. 67 of 500 (samples: 141442)
INFO:root:Loss: 2.7338 +/- 0.0041
INFO:root:Epoch no. 68 of 500 (samples: 141442)
INFO:root:Loss: 2.7253 +/- 0.0035
INFO:root:Epoch no. 69 of 500 (samples: 141442)
INFO:root:Loss: 2.7192 +/- 0.0019
INFO:root:Epoch no. 70 of 500 (samples: 141442)
INFO:root:Loss: 2.7123 +/- 0.0035
INFO:root:Epoch no. 71 of 500 (samples: 141442)
INFO:root:Loss: 2.7039 +/- 0.0038
INFO:root:Epoch no. 72 of 500 (samples: 141442)
INFO:root:Loss: 2.698 +/- 0.0028
INFO:root:Epoch no. 73 of 500 (samples: 141442)
INFO:root:Loss: 2.6901 +/- 0.0033
INFO:root:Epoch no. 74 of 500 (samples: 141442)
INFO:root:Loss: 2.6836 +/- 0.002
INFO:root:Epoch no. 75 of 500 (samples: 141442)
INFO:root:Loss: 2.6757 +/- 0.0027
INFO:root:Epoch no. 76 of 500 (samples: 141442)
INFO:root:Loss: 2.6695 +/- 0.0024
INFO:root:Epoch no. 77 of 500 (samples: 141442)
INFO:root:Loss: 2.6628 +/- 0.0026
INFO:root:Epoch no. 78 of 500 (samples: 141442)
INFO:root:Loss: 2.6556 +/- 0.0021
INFO:root:Epoch no. 79 of 500 (samples: 141442)
INFO:root:Loss: 2.6497 +/- 0.0034
INFO:root:Epoch no. 80 of 500 (samples: 141442)
INFO:root:Loss: 2.6421 +/- 0.0023
INFO:root:Epoch no. 81 of 500 (samples: 141442)
INFO:root:Loss: 2.6359 +/- 0.0024
INFO:root:Epoch no. 82 of 500 (samples: 141442)
INFO:root:Loss: 2.6294 +/- 0.0031
INFO:root:Epoch no. 83 of 500 (samples: 141442)
INFO:root:Loss: 2.6232 +/- 0.0024
INFO:root:Epoch no. 84 of 500 (samples: 141442)
INFO:root:Loss: 2.6161 +/- 0.0028
INFO:root:Epoch no. 85 of 500 (samples: 141442)
INFO:root:Loss: 2.6099 +/- 0.0042
INFO:root:Epoch no. 86 of 500 (samples: 141442)
INFO:root:Loss: 2.6038 +/- 0.0035
INFO:root:Epoch no. 87 of 500 (samples: 141442)
INFO:root:Loss: 2.597 +/- 0.0026
INFO:root:Epoch no. 88 of 500 (samples: 141442)
INFO:root:Loss: 2.5906 +/- 0.003
INFO:root:Epoch no. 89 of 500 (samples: 141442)
INFO:root:Loss: 2.5843 +/- 0.0029
INFO:root:Epoch no. 90 of 500 (samples: 141442)
INFO:root:Loss: 2.5763 +/- 0.0049
INFO:root:Epoch no. 91 of 500 (samples: 141442)
INFO:root:Loss: 2.5707 +/- 0.0032
INFO:root:Epoch no. 92 of 500 (samples: 141442)
INFO:root:Loss: 2.5658 +/- 0.0028
INFO:root:Epoch no. 93 of 500 (samples: 141442)
INFO:root:Loss: 2.558 +/- 0.0028
INFO:root:Epoch no. 94 of 500 (samples: 141442)
INFO:root:Loss: 2.5518 +/- 0.0029
INFO:root:Epoch no. 95 of 500 (samples: 141442)
INFO:root:Loss: 2.5453 +/- 0.0037
INFO:root:Epoch no. 96 of 500 (samples: 141442)
INFO:root:Loss: 2.539 +/- 0.0031
INFO:root:Epoch no. 97 of 500 (samples: 141442)
INFO:root:Loss: 2.5333 +/- 0.0045
INFO:root:Epoch no. 98 of 500 (samples: 141442)
INFO:root:Loss: 2.528 +/- 0.0044
INFO:root:Epoch no. 99 of 500 (samples: 141442)
INFO:root:Loss: 2.5214 +/- 0.004
INFO:root:Epoch no. 100 of 500 (samples: 141442)
INFO:root:Loss: 2.515 +/- 0.0029
INFO:root:Epoch no. 101 of 500 (samples: 141442)
INFO:root:Loss: 2.5087 +/- 0.0036
INFO:root:Epoch no. 102 of 500 (samples: 141442)
INFO:root:Loss: 2.5016 +/- 0.0035
INFO:root:Epoch no. 103 of 500 (samples: 141442)
INFO:root:Loss: 2.4974 +/- 0.0046
INFO:root:Epoch no. 104 of 500 (samples: 141442)
INFO:root:Loss: 2.4909 +/- 0.0042
INFO:root:Epoch no. 105 of 500 (samples: 141442)
INFO:root:Loss: 2.4852 +/- 0.003
INFO:root:Epoch no. 106 of 500 (samples: 141442)
INFO:root:Loss: 2.4789 +/- 0.0022
INFO:root:Epoch no. 107 of 500 (samples: 141442)
INFO:root:Loss: 2.472 +/- 0.0042
INFO:root:Epoch no. 108 of 500 (samples: 141442)
INFO:root:Loss: 2.4662 +/- 0.0043
INFO:root:Epoch no. 109 of 500 (samples: 141442)
INFO:root:Loss: 2.4603 +/- 0.0045
INFO:root:Epoch no. 110 of 500 (samples: 141442)
INFO:root:Loss: 2.4553 +/- 0.0053
INFO:root:Epoch no. 111 of 500 (samples: 141442)
INFO:root:Loss: 2.4491 +/- 0.0036
INFO:root:Epoch no. 112 of 500 (samples: 141442)
INFO:root:Loss: 2.4431 +/- 0.0021
INFO:root:Epoch no. 113 of 500 (samples: 141442)
INFO:root:Loss: 2.4366 +/- 0.0037
INFO:root:Epoch no. 114 of 500 (samples: 141442)
INFO:root:Loss: 2.4321 +/- 0.0059
INFO:root:Epoch no. 115 of 500 (samples: 141442)
INFO:root:Loss: 2.4277 +/- 0.0049
INFO:root:Epoch no. 116 of 500 (samples: 141442)
INFO:root:Loss: 2.4219 +/- 0.0039
INFO:root:Epoch no. 117 of 500 (samples: 141442)
INFO:root:Loss: 2.4154 +/- 0.0041
INFO:root:Epoch no. 118 of 500 (samples: 141442)
INFO:root:Loss: 2.4098 +/- 0.0034
INFO:root:Epoch no. 119 of 500 (samples: 141442)
INFO:root:Loss: 2.4049 +/- 0.0037
INFO:root:Epoch no. 120 of 500 (samples: 141442)
INFO:root:Loss: 2.3982 +/- 0.0066
INFO:root:Epoch no. 121 of 500 (samples: 141442)
INFO:root:Loss: 2.3918 +/- 0.0034
INFO:root:Epoch no. 122 of 500 (samples: 141442)
INFO:root:Loss: 2.3872 +/- 0.0053
INFO:root:Epoch no. 123 of 500 (samples: 141442)
INFO:root:Loss: 2.3817 +/- 0.003
INFO:root:Epoch no. 124 of 500 (samples: 141442)
INFO:root:Loss: 2.3762 +/- 0.0038
INFO:root:Epoch no. 125 of 500 (samples: 141442)
INFO:root:Loss: 2.3713 +/- 0.0032
INFO:root:Epoch no. 126 of 500 (samples: 141442)
INFO:root:Loss: 2.3646 +/- 0.0041
INFO:root:Epoch no. 127 of 500 (samples: 141442)
INFO:root:Loss: 2.3607 +/- 0.0038
INFO:root:Epoch no. 128 of 500 (samples: 141442)
INFO:root:Loss: 2.3539 +/- 0.0024
INFO:root:Epoch no. 129 of 500 (samples: 141442)
INFO:root:Loss: 2.3484 +/- 0.0037
INFO:root:Epoch no. 130 of 500 (samples: 141442)
INFO:root:Loss: 2.3439 +/- 0.0045
INFO:root:Epoch no. 131 of 500 (samples: 141442)
INFO:root:Loss: 2.3372 +/- 0.0045
INFO:root:Epoch no. 132 of 500 (samples: 141442)
INFO:root:Loss: 2.3325 +/- 0.0035
INFO:root:Epoch no. 133 of 500 (samples: 141442)
INFO:root:Loss: 2.3272 +/- 0.0042
INFO:root:Epoch no. 134 of 500 (samples: 141442)
INFO:root:Loss: 2.3223 +/- 0.0041
INFO:root:Epoch no. 135 of 500 (samples: 141442)
INFO:root:Loss: 2.3182 +/- 0.0037
INFO:root:Epoch no. 136 of 500 (samples: 141442)
INFO:root:Loss: 2.3121 +/- 0.0049
INFO:root:Epoch no. 137 of 500 (samples: 141442)
INFO:root:Loss: 2.307 +/- 0.0048
INFO:root:Epoch no. 138 of 500 (samples: 141442)
INFO:root:Loss: 2.3011 +/- 0.0053
INFO:root:Epoch no. 139 of 500 (samples: 141442)
INFO:root:Loss: 2.2953 +/- 0.003
INFO:root:Epoch no. 140 of 500 (samples: 141442)
INFO:root:Loss: 2.2908 +/- 0.0042
INFO:root:Epoch no. 141 of 500 (samples: 141442)
INFO:root:Loss: 2.2861 +/- 0.0041
INFO:root:Epoch no. 142 of 500 (samples: 141442)
INFO:root:Loss: 2.2807 +/- 0.0045
INFO:root:Epoch no. 143 of 500 (samples: 141442)
INFO:root:Loss: 2.2755 +/- 0.0026
INFO:root:Epoch no. 144 of 500 (samples: 141442)
INFO:root:Loss: 2.2694 +/- 0.0048
INFO:root:Epoch no. 145 of 500 (samples: 141442)
INFO:root:Loss: 2.2642 +/- 0.004
INFO:root:Epoch no. 146 of 500 (samples: 141442)
INFO:root:Loss: 2.2593 +/- 0.007
INFO:root:Epoch no. 147 of 500 (samples: 141442)
INFO:root:Loss: 2.255 +/- 0.0044
INFO:root:Epoch no. 148 of 500 (samples: 141442)
INFO:root:Loss: 2.2507 +/- 0.0034
INFO:root:Epoch no. 149 of 500 (samples: 141442)
INFO:root:Loss: 2.2448 +/- 0.0041
INFO:root:Epoch no. 150 of 500 (samples: 141442)
INFO:root:Loss: 2.2398 +/- 0.0054
INFO:root:Epoch no. 151 of 500 (samples: 141442)
INFO:root:Loss: 2.2339 +/- 0.0042
INFO:root:Epoch no. 152 of 500 (samples: 141442)
INFO:root:Loss: 2.2294 +/- 0.0027
INFO:root:Epoch no. 153 of 500 (samples: 141442)
INFO:root:Loss: 2.2237 +/- 0.0047
INFO:root:Epoch no. 154 of 500 (samples: 141442)
INFO:root:Loss: 2.2182 +/- 0.0034
INFO:root:Epoch no. 155 of 500 (samples: 141442)
INFO:root:Loss: 2.2148 +/- 0.0025
INFO:root:Epoch no. 156 of 500 (samples: 141442)
INFO:root:Loss: 2.2104 +/- 0.0036
INFO:root:Epoch no. 157 of 500 (samples: 141442)
INFO:root:Loss: 2.2035 +/- 0.0043
INFO:root:Epoch no. 158 of 500 (samples: 141442)
INFO:root:Loss: 2.1999 +/- 0.0038
INFO:root:Epoch no. 159 of 500 (samples: 141442)
INFO:root:Loss: 2.1947 +/- 0.0038
INFO:root:Epoch no. 160 of 500 (samples: 141442)
INFO:root:Loss: 2.1897 +/- 0.0054
INFO:root:Epoch no. 161 of 500 (samples: 141442)
INFO:root:Loss: 2.1861 +/- 0.0029
INFO:root:Epoch no. 162 of 500 (samples: 141442)
INFO:root:Loss: 2.1808 +/- 0.0048
INFO:root:Epoch no. 163 of 500 (samples: 141442)
INFO:root:Loss: 2.1762 +/- 0.0047
INFO:root:Epoch no. 164 of 500 (samples: 141442)
INFO:root:Loss: 2.1726 +/- 0.0043
INFO:root:Epoch no. 165 of 500 (samples: 141442)
INFO:root:Loss: 2.1664 +/- 0.0062
INFO:root:Epoch no. 166 of 500 (samples: 141442)
INFO:root:Loss: 2.1599 +/- 0.0044
INFO:root:Epoch no. 167 of 500 (samples: 141442)
INFO:root:Loss: 2.1567 +/- 0.0048
INFO:root:Epoch no. 168 of 500 (samples: 141442)
INFO:root:Loss: 2.1514 +/- 0.0047
INFO:root:Epoch no. 169 of 500 (samples: 141442)
INFO:root:Loss: 2.1484 +/- 0.0033
INFO:root:Epoch no. 170 of 500 (samples: 141442)
INFO:root:Loss: 2.1426 +/- 0.0044
INFO:root:Epoch no. 171 of 500 (samples: 141442)
INFO:root:Loss: 2.1379 +/- 0.0024
INFO:root:Epoch no. 172 of 500 (samples: 141442)
INFO:root:Loss: 2.1333 +/- 0.003
INFO:root:Epoch no. 173 of 500 (samples: 141442)
INFO:root:Loss: 2.1274 +/- 0.0059
INFO:root:Epoch no. 174 of 500 (samples: 141442)
INFO:root:Loss: 2.1223 +/- 0.0053
INFO:root:Epoch no. 175 of 500 (samples: 141442)
INFO:root:Loss: 2.1192 +/- 0.0055
INFO:root:Epoch no. 176 of 500 (samples: 141442)
INFO:root:Loss: 2.1129 +/- 0.0028
INFO:root:Epoch no. 177 of 500 (samples: 141442)
INFO:root:Loss: 2.1088 +/- 0.0051
INFO:root:Epoch no. 178 of 500 (samples: 141442)
INFO:root:Loss: 2.106 +/- 0.0054
INFO:root:Epoch no. 179 of 500 (samples: 141442)
INFO:root:Loss: 2.1004 +/- 0.0054
INFO:root:Epoch no. 180 of 500 (samples: 141442)
INFO:root:Loss: 2.0974 +/- 0.0055
INFO:root:Epoch no. 181 of 500 (samples: 141442)
INFO:root:Loss: 2.0917 +/- 0.0043
INFO:root:Epoch no. 182 of 500 (samples: 141442)
INFO:root:Loss: 2.0867 +/- 0.0058
INFO:root:Epoch no. 183 of 500 (samples: 141442)
INFO:root:Loss: 2.0836 +/- 0.0046
INFO:root:Epoch no. 184 of 500 (samples: 141442)
INFO:root:Loss: 2.0771 +/- 0.006
INFO:root:Epoch no. 185 of 500 (samples: 141442)
INFO:root:Loss: 2.0748 +/- 0.0043
INFO:root:Epoch no. 186 of 500 (samples: 141442)
INFO:root:Loss: 2.0685 +/- 0.0048
INFO:root:Epoch no. 187 of 500 (samples: 141442)
INFO:root:Loss: 2.0633 +/- 0.003
INFO:root:Epoch no. 188 of 500 (samples: 141442)
INFO:root:Loss: 2.0595 +/- 0.004
INFO:root:Epoch no. 189 of 500 (samples: 141442)
INFO:root:Loss: 2.0564 +/- 0.0074
INFO:root:Epoch no. 190 of 500 (samples: 141442)
INFO:root:Loss: 2.0513 +/- 0.0024
INFO:root:Epoch no. 191 of 500 (samples: 141442)
INFO:root:Loss: 2.0455 +/- 0.0048
INFO:root:Epoch no. 192 of 500 (samples: 141442)
INFO:root:Loss: 2.043 +/- 0.0049
INFO:root:Epoch no. 193 of 500 (samples: 141442)
INFO:root:Loss: 2.0377 +/- 0.0055
INFO:root:Epoch no. 194 of 500 (samples: 141442)
INFO:root:Loss: 2.0335 +/- 0.0034
INFO:root:Epoch no. 195 of 500 (samples: 141442)
INFO:root:Loss: 2.0292 +/- 0.0037
INFO:root:Epoch no. 196 of 500 (samples: 141442)
INFO:root:Loss: 2.024 +/- 0.0091
INFO:root:Epoch no. 197 of 500 (samples: 141442)
INFO:root:Loss: 2.0206 +/- 0.0039
INFO:root:Epoch no. 198 of 500 (samples: 141442)
INFO:root:Loss: 2.017 +/- 0.0053
INFO:root:Epoch no. 199 of 500 (samples: 141442)
INFO:root:Loss: 2.0121 +/- 0.0058
INFO:root:Epoch no. 200 of 500 (samples: 141442)
INFO:root:Loss: 2.0086 +/- 0.0031
INFO:root:Epoch no. 201 of 500 (samples: 141442)
INFO:root:Loss: 2.0041 +/- 0.0049
INFO:root:Epoch no. 202 of 500 (samples: 141442)
INFO:root:Loss: 1.9982 +/- 0.0028
INFO:root:Epoch no. 203 of 500 (samples: 141442)
INFO:root:Loss: 1.9947 +/- 0.0058
INFO:root:Epoch no. 204 of 500 (samples: 141442)
INFO:root:Loss: 1.9924 +/- 0.0046
INFO:root:Epoch no. 205 of 500 (samples: 141442)
INFO:root:Loss: 1.988 +/- 0.0053
INFO:root:Epoch no. 206 of 500 (samples: 141442)
INFO:root:Loss: 1.9822 +/- 0.005
INFO:root:Epoch no. 207 of 500 (samples: 141442)
INFO:root:Loss: 1.9788 +/- 0.0036
INFO:root:Epoch no. 208 of 500 (samples: 141442)
INFO:root:Loss: 1.9759 +/- 0.0028
INFO:root:Epoch no. 209 of 500 (samples: 141442)
INFO:root:Loss: 1.9695 +/- 0.0053
INFO:root:Epoch no. 210 of 500 (samples: 141442)
INFO:root:Loss: 1.9662 +/- 0.0025
INFO:root:Epoch no. 211 of 500 (samples: 141442)
INFO:root:Loss: 1.9608 +/- 0.0039
INFO:root:Epoch no. 212 of 500 (samples: 141442)
INFO:root:Loss: 1.9582 +/- 0.0044
INFO:root:Epoch no. 213 of 500 (samples: 141442)
INFO:root:Loss: 1.953 +/- 0.0046
INFO:root:Epoch no. 214 of 500 (samples: 141442)
INFO:root:Loss: 1.9498 +/- 0.0042
INFO:root:Epoch no. 215 of 500 (samples: 141442)
INFO:root:Loss: 1.9463 +/- 0.0047
INFO:root:Epoch no. 216 of 500 (samples: 141442)
INFO:root:Loss: 1.9427 +/- 0.0066
INFO:root:Epoch no. 217 of 500 (samples: 141442)
INFO:root:Loss: 1.9372 +/- 0.0052
INFO:root:Epoch no. 218 of 500 (samples: 141442)
INFO:root:Loss: 1.9338 +/- 0.0037
INFO:root:Epoch no. 219 of 500 (samples: 141442)
INFO:root:Loss: 1.9295 +/- 0.0068
INFO:root:Epoch no. 220 of 500 (samples: 141442)
INFO:root:Loss: 1.9246 +/- 0.0052
INFO:root:Epoch no. 221 of 500 (samples: 141442)
INFO:root:Loss: 1.9219 +/- 0.0036
INFO:root:Epoch no. 222 of 500 (samples: 141442)
INFO:root:Loss: 1.9186 +/- 0.0041
INFO:root:Epoch no. 223 of 500 (samples: 141442)
INFO:root:Loss: 1.9135 +/- 0.0064
INFO:root:Epoch no. 224 of 500 (samples: 141442)
INFO:root:Loss: 1.9101 +/- 0.0057
INFO:root:Epoch no. 225 of 500 (samples: 141442)
INFO:root:Loss: 1.9058 +/- 0.008
INFO:root:Epoch no. 226 of 500 (samples: 141442)
INFO:root:Loss: 1.9011 +/- 0.0054
INFO:root:Epoch no. 227 of 500 (samples: 141442)
INFO:root:Loss: 1.8987 +/- 0.0052
INFO:root:Epoch no. 228 of 500 (samples: 141442)
INFO:root:Loss: 1.8959 +/- 0.0041
INFO:root:Epoch no. 229 of 500 (samples: 141442)
INFO:root:Loss: 1.8918 +/- 0.0056
INFO:root:Epoch no. 230 of 500 (samples: 141442)
INFO:root:Loss: 1.8882 +/- 0.0052
INFO:root:Epoch no. 231 of 500 (samples: 141442)
INFO:root:Loss: 1.8841 +/- 0.0032
INFO:root:Epoch no. 232 of 500 (samples: 141442)
INFO:root:Loss: 1.8784 +/- 0.0077
INFO:root:Epoch no. 233 of 500 (samples: 141442)
INFO:root:Loss: 1.8753 +/- 0.0039
INFO:root:Epoch no. 234 of 500 (samples: 141442)
INFO:root:Loss: 1.8716 +/- 0.0057
INFO:root:Epoch no. 235 of 500 (samples: 141442)
INFO:root:Loss: 1.8674 +/- 0.004
INFO:root:Epoch no. 236 of 500 (samples: 141442)
INFO:root:Loss: 1.866 +/- 0.0054
INFO:root:Epoch no. 237 of 500 (samples: 141442)
INFO:root:Loss: 1.862 +/- 0.0028
INFO:root:Epoch no. 238 of 500 (samples: 141442)
INFO:root:Loss: 1.8567 +/- 0.0037
INFO:root:Epoch no. 239 of 500 (samples: 141442)
INFO:root:Loss: 1.8545 +/- 0.0068
INFO:root:Epoch no. 240 of 500 (samples: 141442)
INFO:root:Loss: 1.8507 +/- 0.0062
INFO:root:Epoch no. 241 of 500 (samples: 141442)
INFO:root:Loss: 1.8466 +/- 0.0049
INFO:root:Epoch no. 242 of 500 (samples: 141442)
INFO:root:Loss: 1.8427 +/- 0.0037
INFO:root:Epoch no. 243 of 500 (samples: 141442)
INFO:root:Loss: 1.8388 +/- 0.005
INFO:root:Epoch no. 244 of 500 (samples: 141442)
INFO:root:Loss: 1.8355 +/- 0.0052
INFO:root:Epoch no. 245 of 500 (samples: 141442)
INFO:root:Loss: 1.833 +/- 0.0091
INFO:root:Epoch no. 246 of 500 (samples: 141442)
INFO:root:Loss: 1.8276 +/- 0.0056
INFO:root:Epoch no. 247 of 500 (samples: 141442)
INFO:root:Loss: 1.8238 +/- 0.008
INFO:root:Epoch no. 248 of 500 (samples: 141442)
INFO:root:Loss: 1.8212 +/- 0.0053
INFO:root:Epoch no. 249 of 500 (samples: 141442)
INFO:root:Loss: 1.8166 +/- 0.007
INFO:root:Epoch no. 250 of 500 (samples: 141442)
INFO:root:Loss: 1.8129 +/- 0.0055
INFO:root:Epoch no. 251 of 500 (samples: 141442)
INFO:root:Loss: 1.8114 +/- 0.0063
INFO:root:Epoch no. 252 of 500 (samples: 141442)
INFO:root:Loss: 1.8055 +/- 0.006
INFO:root:Epoch no. 253 of 500 (samples: 141442)
INFO:root:Loss: 1.8029 +/- 0.0078
INFO:root:Epoch no. 254 of 500 (samples: 141442)
INFO:root:Loss: 1.7999 +/- 0.0049
INFO:root:Epoch no. 255 of 500 (samples: 141442)
INFO:root:Loss: 1.7965 +/- 0.0071
INFO:root:Epoch no. 256 of 500 (samples: 141442)
INFO:root:Loss: 1.7927 +/- 0.0048
INFO:root:Epoch no. 257 of 500 (samples: 141442)
INFO:root:Loss: 1.7901 +/- 0.004
INFO:root:Epoch no. 258 of 500 (samples: 141442)
INFO:root:Loss: 1.7857 +/- 0.0073
INFO:root:Epoch no. 259 of 500 (samples: 141442)
INFO:root:Loss: 1.7818 +/- 0.01
INFO:root:Epoch no. 260 of 500 (samples: 141442)
INFO:root:Loss: 1.779 +/- 0.0038
INFO:root:Epoch no. 261 of 500 (samples: 141442)
INFO:root:Loss: 1.7754 +/- 0.0046
INFO:root:Epoch no. 262 of 500 (samples: 141442)
INFO:root:Loss: 1.7718 +/- 0.0073
INFO:root:Epoch no. 263 of 500 (samples: 141442)
INFO:root:Loss: 1.7696 +/- 0.0067
INFO:root:Epoch no. 264 of 500 (samples: 141442)
INFO:root:Loss: 1.7656 +/- 0.0048
INFO:root:Epoch no. 265 of 500 (samples: 141442)
INFO:root:Loss: 1.7627 +/- 0.0038
INFO:root:Epoch no. 266 of 500 (samples: 141442)
INFO:root:Loss: 1.7591 +/- 0.0054
INFO:root:Epoch no. 267 of 500 (samples: 141442)
INFO:root:Loss: 1.7564 +/- 0.0057
INFO:root:Epoch no. 268 of 500 (samples: 141442)
INFO:root:Loss: 1.7514 +/- 0.0084
INFO:root:Epoch no. 269 of 500 (samples: 141442)
INFO:root:Loss: 1.7503 +/- 0.0033
INFO:root:Epoch no. 270 of 500 (samples: 141442)
INFO:root:Loss: 1.7462 +/- 0.0059
INFO:root:Epoch no. 271 of 500 (samples: 141442)
INFO:root:Loss: 1.7432 +/- 0.0048
INFO:root:Epoch no. 272 of 500 (samples: 141442)
INFO:root:Loss: 1.7412 +/- 0.0062
INFO:root:Epoch no. 273 of 500 (samples: 141442)
INFO:root:Loss: 1.7368 +/- 0.0042
INFO:root:Epoch no. 274 of 500 (samples: 141442)
INFO:root:Loss: 1.7326 +/- 0.0057
INFO:root:Epoch no. 275 of 500 (samples: 141442)
INFO:root:Loss: 1.7291 +/- 0.0055
INFO:root:Epoch no. 276 of 500 (samples: 141442)
INFO:root:Loss: 1.7256 +/- 0.0035
INFO:root:Epoch no. 277 of 500 (samples: 141442)
INFO:root:Loss: 1.7215 +/- 0.0048
INFO:root:Epoch no. 278 of 500 (samples: 141442)
INFO:root:Loss: 1.7191 +/- 0.0072
INFO:root:Epoch no. 279 of 500 (samples: 141442)
INFO:root:Loss: 1.7154 +/- 0.0078
INFO:root:Epoch no. 280 of 500 (samples: 141442)
INFO:root:Loss: 1.715 +/- 0.0046
INFO:root:Epoch no. 281 of 500 (samples: 141442)
INFO:root:Loss: 1.7101 +/- 0.0049
INFO:root:Epoch no. 282 of 500 (samples: 141442)
INFO:root:Loss: 1.7077 +/- 0.0044
INFO:root:Epoch no. 283 of 500 (samples: 141442)
INFO:root:Loss: 1.7043 +/- 0.0068
INFO:root:Epoch no. 284 of 500 (samples: 141442)
INFO:root:Loss: 1.6997 +/- 0.0061
INFO:root:Epoch no. 285 of 500 (samples: 141442)
INFO:root:Loss: 1.6979 +/- 0.0065
INFO:root:Epoch no. 286 of 500 (samples: 141442)
INFO:root:Loss: 1.695 +/- 0.0052
INFO:root:Epoch no. 287 of 500 (samples: 141442)
INFO:root:Loss: 1.6928 +/- 0.0072
INFO:root:Epoch no. 288 of 500 (samples: 141442)
INFO:root:Loss: 1.69 +/- 0.0058
INFO:root:Epoch no. 289 of 500 (samples: 141442)
INFO:root:Loss: 1.6845 +/- 0.006
INFO:root:Epoch no. 290 of 500 (samples: 141442)
INFO:root:Loss: 1.6835 +/- 0.0034
INFO:root:Epoch no. 291 of 500 (samples: 141442)
INFO:root:Loss: 1.68 +/- 0.004
INFO:root:Epoch no. 292 of 500 (samples: 141442)
INFO:root:Loss: 1.6768 +/- 0.0051
INFO:root:Epoch no. 293 of 500 (samples: 141442)
INFO:root:Loss: 1.6745 +/- 0.004
INFO:root:Epoch no. 294 of 500 (samples: 141442)
INFO:root:Loss: 1.6718 +/- 0.0063
INFO:root:Epoch no. 295 of 500 (samples: 141442)
INFO:root:Loss: 1.6676 +/- 0.0062
INFO:root:Epoch no. 296 of 500 (samples: 141442)
INFO:root:Loss: 1.6649 +/- 0.004
INFO:root:Epoch no. 297 of 500 (samples: 141442)
INFO:root:Loss: 1.6614 +/- 0.0045
INFO:root:Epoch no. 298 of 500 (samples: 141442)
INFO:root:Loss: 1.6585 +/- 0.008
INFO:root:Epoch no. 299 of 500 (samples: 141442)
INFO:root:Loss: 1.657 +/- 0.007
INFO:root:Epoch no. 300 of 500 (samples: 141442)
INFO:root:Loss: 1.6547 +/- 0.0053
INFO:root:Epoch no. 301 of 500 (samples: 141442)
INFO:root:Loss: 1.6504 +/- 0.0059
INFO:root:Epoch no. 302 of 500 (samples: 141442)
INFO:root:Loss: 1.6483 +/- 0.0044
INFO:root:Epoch no. 303 of 500 (samples: 141442)
INFO:root:Loss: 1.6457 +/- 0.0059
INFO:root:Epoch no. 304 of 500 (samples: 141442)
INFO:root:Loss: 1.643 +/- 0.0056
INFO:root:Epoch no. 305 of 500 (samples: 141442)
INFO:root:Loss: 1.6381 +/- 0.0038
INFO:root:Epoch no. 306 of 500 (samples: 141442)
INFO:root:Loss: 1.6364 +/- 0.0055
INFO:root:Epoch no. 307 of 500 (samples: 141442)
INFO:root:Loss: 1.634 +/- 0.0036
INFO:root:Epoch no. 308 of 500 (samples: 141442)
INFO:root:Loss: 1.6306 +/- 0.0062
INFO:root:Epoch no. 309 of 500 (samples: 141442)
INFO:root:Loss: 1.6283 +/- 0.0069
INFO:root:Epoch no. 310 of 500 (samples: 141442)
INFO:root:Loss: 1.6248 +/- 0.0071
INFO:root:Epoch no. 311 of 500 (samples: 141442)
INFO:root:Loss: 1.6217 +/- 0.006
INFO:root:Epoch no. 312 of 500 (samples: 141442)
INFO:root:Loss: 1.6201 +/- 0.0017
INFO:root:Epoch no. 313 of 500 (samples: 141442)
INFO:root:Loss: 1.6181 +/- 0.0055
INFO:root:Epoch no. 314 of 500 (samples: 141442)
INFO:root:Loss: 1.612 +/- 0.0047
INFO:root:Epoch no. 315 of 500 (samples: 141442)
INFO:root:Loss: 1.6117 +/- 0.0068
INFO:root:Epoch no. 316 of 500 (samples: 141442)
INFO:root:Loss: 1.6084 +/- 0.0069
INFO:root:Epoch no. 317 of 500 (samples: 141442)
INFO:root:Loss: 1.6053 +/- 0.007
INFO:root:Epoch no. 318 of 500 (samples: 141442)
INFO:root:Loss: 1.603 +/- 0.0057
INFO:root:Epoch no. 319 of 500 (samples: 141442)
INFO:root:Loss: 1.5999 +/- 0.0045
INFO:root:Epoch no. 320 of 500 (samples: 141442)
INFO:root:Loss: 1.6 +/- 0.0047
INFO:root:Epoch no. 321 of 500 (samples: 141442)
INFO:root:Loss: 1.5957 +/- 0.0065
INFO:root:Epoch no. 322 of 500 (samples: 141442)
INFO:root:Loss: 1.5929 +/- 0.0061
INFO:root:Epoch no. 323 of 500 (samples: 141442)
INFO:root:Loss: 1.5882 +/- 0.0064
INFO:root:Epoch no. 324 of 500 (samples: 141442)
INFO:root:Loss: 1.5873 +/- 0.0065
INFO:root:Epoch no. 325 of 500 (samples: 141442)
INFO:root:Loss: 1.5841 +/- 0.006
INFO:root:Epoch no. 326 of 500 (samples: 141442)
INFO:root:Loss: 1.5817 +/- 0.0071
INFO:root:Epoch no. 327 of 500 (samples: 141442)
INFO:root:Loss: 1.578 +/- 0.0076
INFO:root:Epoch no. 328 of 500 (samples: 141442)
INFO:root:Loss: 1.5753 +/- 0.0042
INFO:root:Epoch no. 329 of 500 (samples: 141442)
INFO:root:Loss: 1.5749 +/- 0.0075
INFO:root:Epoch no. 330 of 500 (samples: 141442)
INFO:root:Loss: 1.5714 +/- 0.0065
INFO:root:Epoch no. 331 of 500 (samples: 141442)
INFO:root:Loss: 1.57 +/- 0.007
INFO:root:Epoch no. 332 of 500 (samples: 141442)
INFO:root:Loss: 1.5657 +/- 0.0065
INFO:root:Epoch no. 333 of 500 (samples: 141442)
INFO:root:Loss: 1.5623 +/- 0.0066
INFO:root:Epoch no. 334 of 500 (samples: 141442)
INFO:root:Loss: 1.5614 +/- 0.0038
INFO:root:Epoch no. 335 of 500 (samples: 141442)
INFO:root:Loss: 1.5585 +/- 0.0053
INFO:root:Epoch no. 336 of 500 (samples: 141442)
INFO:root:Loss: 1.5549 +/- 0.007
INFO:root:Epoch no. 337 of 500 (samples: 141442)
INFO:root:Loss: 1.5533 +/- 0.0048
INFO:root:Epoch no. 338 of 500 (samples: 141442)
INFO:root:Loss: 1.5509 +/- 0.0072
INFO:root:Epoch no. 339 of 500 (samples: 141442)
INFO:root:Loss: 1.5483 +/- 0.0056
INFO:root:Epoch no. 340 of 500 (samples: 141442)
INFO:root:Loss: 1.5455 +/- 0.0061
INFO:root:Epoch no. 341 of 500 (samples: 141442)
INFO:root:Loss: 1.542 +/- 0.0063
INFO:root:Epoch no. 342 of 500 (samples: 141442)
INFO:root:Loss: 1.5418 +/- 0.0074
INFO:root:Epoch no. 343 of 500 (samples: 141442)
INFO:root:Loss: 1.5397 +/- 0.0071
INFO:root:Epoch no. 344 of 500 (samples: 141442)
INFO:root:Loss: 1.5366 +/- 0.0081
INFO:root:Epoch no. 345 of 500 (samples: 141442)
INFO:root:Loss: 1.5323 +/- 0.0076
INFO:root:Epoch no. 346 of 500 (samples: 141442)
INFO:root:Loss: 1.5296 +/- 0.0077
INFO:root:Epoch no. 347 of 500 (samples: 141442)
INFO:root:Loss: 1.5318 +/- 0.0077
INFO:root:Epoch no. 348 of 500 (samples: 141442)
INFO:root:Loss: 1.5272 +/- 0.0058
INFO:root:Epoch no. 349 of 500 (samples: 141442)
INFO:root:Loss: 1.5251 +/- 0.0047
INFO:root:Epoch no. 350 of 500 (samples: 141442)
INFO:root:Loss: 1.5209 +/- 0.0071
INFO:root:Epoch no. 351 of 500 (samples: 141442)
INFO:root:Loss: 1.5195 +/- 0.005
INFO:root:Epoch no. 352 of 500 (samples: 141442)
INFO:root:Loss: 1.5166 +/- 0.0056
INFO:root:Epoch no. 353 of 500 (samples: 141442)
INFO:root:Loss: 1.5141 +/- 0.0034
INFO:root:Epoch no. 354 of 500 (samples: 141442)
INFO:root:Loss: 1.5121 +/- 0.0053
INFO:root:Epoch no. 355 of 500 (samples: 141442)
INFO:root:Loss: 1.5118 +/- 0.0056
INFO:root:Epoch no. 356 of 500 (samples: 141442)
INFO:root:Loss: 1.5069 +/- 0.0049
INFO:root:Epoch no. 357 of 500 (samples: 141442)
INFO:root:Loss: 1.5064 +/- 0.0054
INFO:root:Epoch no. 358 of 500 (samples: 141442)
INFO:root:Loss: 1.5024 +/- 0.0047
INFO:root:Epoch no. 359 of 500 (samples: 141442)
INFO:root:Loss: 1.4994 +/- 0.0043
INFO:root:Epoch no. 360 of 500 (samples: 141442)
INFO:root:Loss: 1.4996 +/- 0.0073
INFO:root:Epoch no. 361 of 500 (samples: 141442)
INFO:root:Loss: 1.4956 +/- 0.0058
INFO:root:Epoch no. 362 of 500 (samples: 141442)
INFO:root:Loss: 1.4935 +/- 0.0068
INFO:root:Epoch no. 363 of 500 (samples: 141442)
INFO:root:Loss: 1.4908 +/- 0.0037
INFO:root:Epoch no. 364 of 500 (samples: 141442)
INFO:root:Loss: 1.4886 +/- 0.0071
INFO:root:Epoch no. 365 of 500 (samples: 141442)
INFO:root:Loss: 1.4865 +/- 0.0049
INFO:root:Epoch no. 366 of 500 (samples: 141442)
INFO:root:Loss: 1.4841 +/- 0.005
INFO:root:Epoch no. 367 of 500 (samples: 141442)
INFO:root:Loss: 1.4839 +/- 0.005
INFO:root:Epoch no. 368 of 500 (samples: 141442)
INFO:root:Loss: 1.4791 +/- 0.0062
INFO:root:Epoch no. 369 of 500 (samples: 141442)
INFO:root:Loss: 1.4772 +/- 0.0068
INFO:root:Epoch no. 370 of 500 (samples: 141442)
INFO:root:Loss: 1.4764 +/- 0.0051
INFO:root:Epoch no. 371 of 500 (samples: 141442)
INFO:root:Loss: 1.4725 +/- 0.0031
INFO:root:Epoch no. 372 of 500 (samples: 141442)
INFO:root:Loss: 1.471 +/- 0.0038
INFO:root:Epoch no. 373 of 500 (samples: 141442)
INFO:root:Loss: 1.4682 +/- 0.0051
INFO:root:Epoch no. 374 of 500 (samples: 141442)
INFO:root:Loss: 1.4662 +/- 0.0038
INFO:root:Epoch no. 375 of 500 (samples: 141442)
INFO:root:Loss: 1.4639 +/- 0.0048
INFO:root:Epoch no. 376 of 500 (samples: 141442)
INFO:root:Loss: 1.4619 +/- 0.0059
INFO:root:Epoch no. 377 of 500 (samples: 141442)
INFO:root:Loss: 1.4593 +/- 0.0047
INFO:root:Epoch no. 378 of 500 (samples: 141442)
INFO:root:Loss: 1.4577 +/- 0.0025
INFO:root:Epoch no. 379 of 500 (samples: 141442)
INFO:root:Loss: 1.4547 +/- 0.0052
INFO:root:Epoch no. 380 of 500 (samples: 141442)
INFO:root:Loss: 1.4525 +/- 0.0038
INFO:root:Epoch no. 381 of 500 (samples: 141442)
INFO:root:Loss: 1.4513 +/- 0.0062
INFO:root:Epoch no. 382 of 500 (samples: 141442)
INFO:root:Loss: 1.4492 +/- 0.005
INFO:root:Epoch no. 383 of 500 (samples: 141442)
INFO:root:Loss: 1.4462 +/- 0.0073
INFO:root:Epoch no. 384 of 500 (samples: 141442)
INFO:root:Loss: 1.4445 +/- 0.0033
INFO:root:Epoch no. 385 of 500 (samples: 141442)
INFO:root:Loss: 1.4415 +/- 0.0051
INFO:root:Epoch no. 386 of 500 (samples: 141442)
INFO:root:Loss: 1.4416 +/- 0.0035
INFO:root:Epoch no. 387 of 500 (samples: 141442)
INFO:root:Loss: 1.4371 +/- 0.0097
INFO:root:Epoch no. 388 of 500 (samples: 141442)
INFO:root:Loss: 1.436 +/- 0.0045
INFO:root:Epoch no. 389 of 500 (samples: 141442)
INFO:root:Loss: 1.4328 +/- 0.0036
INFO:root:Epoch no. 390 of 500 (samples: 141442)
INFO:root:Loss: 1.4324 +/- 0.0053
INFO:root:Epoch no. 391 of 500 (samples: 141442)
INFO:root:Loss: 1.428 +/- 0.0048
INFO:root:Epoch no. 392 of 500 (samples: 141442)
INFO:root:Loss: 1.4276 +/- 0.0052
INFO:root:Epoch no. 393 of 500 (samples: 141442)
INFO:root:Loss: 1.4255 +/- 0.0084
INFO:root:Epoch no. 394 of 500 (samples: 141442)
INFO:root:Loss: 1.4216 +/- 0.0059
INFO:root:Epoch no. 395 of 500 (samples: 141442)
INFO:root:Loss: 1.4226 +/- 0.0069
INFO:root:Epoch no. 396 of 500 (samples: 141442)
INFO:root:Loss: 1.4188 +/- 0.0054
INFO:root:Epoch no. 397 of 500 (samples: 141442)
INFO:root:Loss: 1.4166 +/- 0.0085
INFO:root:Epoch no. 398 of 500 (samples: 141442)
INFO:root:Loss: 1.4137 +/- 0.0056
INFO:root:Epoch no. 399 of 500 (samples: 141442)
INFO:root:Loss: 1.4127 +/- 0.0071
INFO:root:Epoch no. 400 of 500 (samples: 141442)
INFO:root:Loss: 1.4098 +/- 0.0042
INFO:root:Epoch no. 401 of 500 (samples: 141442)
INFO:root:Loss: 1.4072 +/- 0.0054
INFO:root:Epoch no. 402 of 500 (samples: 141442)
INFO:root:Loss: 1.4066 +/- 0.0065
INFO:root:Epoch no. 403 of 500 (samples: 141442)
INFO:root:Loss: 1.4049 +/- 0.0061
INFO:root:Epoch no. 404 of 500 (samples: 141442)
INFO:root:Loss: 1.4031 +/- 0.0098
INFO:root:Epoch no. 405 of 500 (samples: 141442)
INFO:root:Loss: 1.4003 +/- 0.0045
INFO:root:Epoch no. 406 of 500 (samples: 141442)
INFO:root:Loss: 1.399 +/- 0.0056
INFO:root:Epoch no. 407 of 500 (samples: 141442)
INFO:root:Loss: 1.3966 +/- 0.0065
INFO:root:Epoch no. 408 of 500 (samples: 141442)
INFO:root:Loss: 1.3944 +/- 0.0078
INFO:root:Epoch no. 409 of 500 (samples: 141442)
INFO:root:Loss: 1.3946 +/- 0.0076
INFO:root:Epoch no. 410 of 500 (samples: 141442)
INFO:root:Loss: 1.3908 +/- 0.0062
INFO:root:Epoch no. 411 of 500 (samples: 141442)
INFO:root:Loss: 1.3907 +/- 0.0065
INFO:root:Epoch no. 412 of 500 (samples: 141442)
INFO:root:Loss: 1.388 +/- 0.007
INFO:root:Epoch no. 413 of 500 (samples: 141442)
INFO:root:Loss: 1.3833 +/- 0.0062
INFO:root:Epoch no. 414 of 500 (samples: 141442)
INFO:root:Loss: 1.3844 +/- 0.0067
INFO:root:Epoch no. 415 of 500 (samples: 141442)
INFO:root:Loss: 1.3786 +/- 0.0065
INFO:root:Epoch no. 416 of 500 (samples: 141442)
INFO:root:Loss: 1.3803 +/- 0.0037
INFO:root:Epoch no. 417 of 500 (samples: 141442)
INFO:root:Loss: 1.3786 +/- 0.0063
INFO:root:Epoch no. 418 of 500 (samples: 141442)
INFO:root:Loss: 1.3761 +/- 0.0043
INFO:root:Epoch no. 419 of 500 (samples: 141442)
INFO:root:Loss: 1.3732 +/- 0.0078
INFO:root:Epoch no. 420 of 500 (samples: 141442)
INFO:root:Loss: 1.3722 +/- 0.0087
INFO:root:Epoch no. 421 of 500 (samples: 141442)
INFO:root:Loss: 1.3694 +/- 0.0083
INFO:root:Epoch no. 422 of 500 (samples: 141442)
INFO:root:Loss: 1.3672 +/- 0.005
INFO:root:Epoch no. 423 of 500 (samples: 141442)
INFO:root:Loss: 1.3643 +/- 0.0082
INFO:root:Epoch no. 424 of 500 (samples: 141442)
INFO:root:Loss: 1.3611 +/- 0.0055
INFO:root:Epoch no. 425 of 500 (samples: 141442)
INFO:root:Loss: 1.363 +/- 0.0065
INFO:root:Epoch no. 426 of 500 (samples: 141442)
INFO:root:Loss: 1.3589 +/- 0.0053
INFO:root:Epoch no. 427 of 500 (samples: 141442)
INFO:root:Loss: 1.3576 +/- 0.0027
INFO:root:Epoch no. 428 of 500 (samples: 141442)
INFO:root:Loss: 1.3552 +/- 0.006
INFO:root:Epoch no. 429 of 500 (samples: 141442)
INFO:root:Loss: 1.3545 +/- 0.0062
INFO:root:Epoch no. 430 of 500 (samples: 141442)
INFO:root:Loss: 1.3515 +/- 0.0065
INFO:root:Epoch no. 431 of 500 (samples: 141442)
INFO:root:Loss: 1.3481 +/- 0.0045
INFO:root:Epoch no. 432 of 500 (samples: 141442)
INFO:root:Loss: 1.3482 +/- 0.0063
INFO:root:Epoch no. 433 of 500 (samples: 141442)
INFO:root:Loss: 1.3473 +/- 0.0032
INFO:root:Epoch no. 434 of 500 (samples: 141442)
INFO:root:Loss: 1.3437 +/- 0.0036
INFO:root:Epoch no. 435 of 500 (samples: 141442)
INFO:root:Loss: 1.3429 +/- 0.0059
INFO:root:Epoch no. 436 of 500 (samples: 141442)
INFO:root:Loss: 1.3411 +/- 0.0061
INFO:root:Epoch no. 437 of 500 (samples: 141442)
INFO:root:Loss: 1.3382 +/- 0.0044
INFO:root:Epoch no. 438 of 500 (samples: 141442)
INFO:root:Loss: 1.3373 +/- 0.0054
INFO:root:Epoch no. 439 of 500 (samples: 141442)
INFO:root:Loss: 1.3364 +/- 0.0061
INFO:root:Epoch no. 440 of 500 (samples: 141442)
INFO:root:Loss: 1.3314 +/- 0.0084
INFO:root:Epoch no. 441 of 500 (samples: 141442)
INFO:root:Loss: 1.3305 +/- 0.0059
INFO:root:Epoch no. 442 of 500 (samples: 141442)
INFO:root:Loss: 1.3297 +/- 0.0042
INFO:root:Epoch no. 443 of 500 (samples: 141442)
INFO:root:Loss: 1.3269 +/- 0.0056
INFO:root:Epoch no. 444 of 500 (samples: 141442)
INFO:root:Loss: 1.3258 +/- 0.0032
INFO:root:Epoch no. 445 of 500 (samples: 141442)
INFO:root:Loss: 1.3235 +/- 0.0051
INFO:root:Epoch no. 446 of 500 (samples: 141442)
INFO:root:Loss: 1.3219 +/- 0.0058
INFO:root:Epoch no. 447 of 500 (samples: 141442)
INFO:root:Loss: 1.3204 +/- 0.0052
INFO:root:Epoch no. 448 of 500 (samples: 141442)
INFO:root:Loss: 1.3181 +/- 0.0066
INFO:root:Epoch no. 449 of 500 (samples: 141442)
INFO:root:Loss: 1.3164 +/- 0.0056
INFO:root:Epoch no. 450 of 500 (samples: 141442)
INFO:root:Loss: 1.3153 +/- 0.004
INFO:root:Epoch no. 451 of 500 (samples: 141442)
INFO:root:Loss: 1.3125 +/- 0.0036
INFO:root:Epoch no. 452 of 500 (samples: 141442)
INFO:root:Loss: 1.3116 +/- 0.0055
INFO:root:Epoch no. 453 of 500 (samples: 141442)
INFO:root:Loss: 1.3102 +/- 0.0071
INFO:root:Epoch no. 454 of 500 (samples: 141442)
INFO:root:Loss: 1.3074 +/- 0.0053
INFO:root:Epoch no. 455 of 500 (samples: 141442)
INFO:root:Loss: 1.3059 +/- 0.0061
INFO:root:Epoch no. 456 of 500 (samples: 141442)
INFO:root:Loss: 1.3057 +/- 0.0051
INFO:root:Epoch no. 457 of 500 (samples: 141442)
INFO:root:Loss: 1.3035 +/- 0.0058
INFO:root:Epoch no. 458 of 500 (samples: 141442)
INFO:root:Loss: 1.3011 +/- 0.006
INFO:root:Epoch no. 459 of 500 (samples: 141442)
INFO:root:Loss: 1.3012 +/- 0.0069
INFO:root:Epoch no. 460 of 500 (samples: 141442)
INFO:root:Loss: 1.2983 +/- 0.0059
INFO:root:Epoch no. 461 of 500 (samples: 141442)
INFO:root:Loss: 1.2979 +/- 0.0044
INFO:root:Epoch no. 462 of 500 (samples: 141442)
INFO:root:Loss: 1.2943 +/- 0.005
INFO:root:Epoch no. 463 of 500 (samples: 141442)
INFO:root:Loss: 1.2919 +/- 0.0051
INFO:root:Epoch no. 464 of 500 (samples: 141442)
INFO:root:Loss: 1.2896 +/- 0.0064
INFO:root:Epoch no. 465 of 500 (samples: 141442)
INFO:root:Loss: 1.2875 +/- 0.0065
INFO:root:Epoch no. 466 of 500 (samples: 141442)
INFO:root:Loss: 1.2888 +/- 0.0043
INFO:root:Epoch no. 467 of 500 (samples: 141442)
INFO:root:Loss: 1.2867 +/- 0.0083
INFO:root:Epoch no. 468 of 500 (samples: 141442)
INFO:root:Loss: 1.284 +/- 0.0068
INFO:root:Epoch no. 469 of 500 (samples: 141442)
INFO:root:Loss: 1.2809 +/- 0.0054
INFO:root:Epoch no. 470 of 500 (samples: 141442)
INFO:root:Loss: 1.2812 +/- 0.0054
INFO:root:Epoch no. 471 of 500 (samples: 141442)
INFO:root:Loss: 1.2784 +/- 0.0044
INFO:root:Epoch no. 472 of 500 (samples: 141442)
INFO:root:Loss: 1.2763 +/- 0.0056
INFO:root:Epoch no. 473 of 500 (samples: 141442)
INFO:root:Loss: 1.2754 +/- 0.0066
INFO:root:Epoch no. 474 of 500 (samples: 141442)
INFO:root:Loss: 1.2745 +/- 0.0043
INFO:root:Epoch no. 475 of 500 (samples: 141442)
INFO:root:Loss: 1.2715 +/- 0.0069
INFO:root:Epoch no. 476 of 500 (samples: 141442)
INFO:root:Loss: 1.268 +/- 0.0072
INFO:root:Epoch no. 477 of 500 (samples: 141442)
INFO:root:Loss: 1.2707 +/- 0.0059
INFO:root:Epoch no. 478 of 500 (samples: 141442)
INFO:root:Loss: 1.2658 +/- 0.0086
INFO:root:Epoch no. 479 of 500 (samples: 141442)
INFO:root:Loss: 1.2655 +/- 0.0056
INFO:root:Epoch no. 480 of 500 (samples: 141442)
INFO:root:Loss: 1.2642 +/- 0.0065
INFO:root:Epoch no. 481 of 500 (samples: 141442)
INFO:root:Loss: 1.2604 +/- 0.0074
INFO:root:Epoch no. 482 of 500 (samples: 141442)
INFO:root:Loss: 1.259 +/- 0.0037
INFO:root:Epoch no. 483 of 500 (samples: 141442)
INFO:root:Loss: 1.2587 +/- 0.0036
INFO:root:Epoch no. 484 of 500 (samples: 141442)
INFO:root:Loss: 1.2546 +/- 0.0061
INFO:root:Epoch no. 485 of 500 (samples: 141442)
INFO:root:Loss: 1.2551 +/- 0.0059
INFO:root:Epoch no. 486 of 500 (samples: 141442)
INFO:root:Loss: 1.2533 +/- 0.0053
INFO:root:Epoch no. 487 of 500 (samples: 141442)
INFO:root:Loss: 1.2506 +/- 0.0053
INFO:root:Epoch no. 488 of 500 (samples: 141442)
INFO:root:Loss: 1.2497 +/- 0.0071
INFO:root:Epoch no. 489 of 500 (samples: 141442)
INFO:root:Loss: 1.2484 +/- 0.0049
INFO:root:Epoch no. 490 of 500 (samples: 141442)
INFO:root:Loss: 1.2475 +/- 0.0043
INFO:root:Epoch no. 491 of 500 (samples: 141442)
INFO:root:Loss: 1.2439 +/- 0.0084
INFO:root:Epoch no. 492 of 500 (samples: 141442)
INFO:root:Loss: 1.2437 +/- 0.0034
INFO:root:Epoch no. 493 of 500 (samples: 141442)
INFO:root:Loss: 1.2426 +/- 0.0068
INFO:root:Epoch no. 494 of 500 (samples: 141442)
INFO:root:Loss: 1.2387 +/- 0.0052
INFO:root:Epoch no. 495 of 500 (samples: 141442)
INFO:root:Loss: 1.2409 +/- 0.0044
INFO:root:Epoch no. 496 of 500 (samples: 141442)
INFO:root:Loss: 1.237 +/- 0.0033
INFO:root:Epoch no. 497 of 500 (samples: 141442)
INFO:root:Loss: 1.2356 +/- 0.0052
INFO:root:Epoch no. 498 of 500 (samples: 141442)
INFO:root:Loss: 1.2337 +/- 0.0054
INFO:root:Epoch no. 499 of 500 (samples: 141442)
INFO:root:Loss: 1.2325 +/- 0.0044
INFO:root:Epoch no. 500 of 500 (samples: 141442)
INFO:root:Loss: 1.2294 +/- 0.0083
INFO:root:### MICRO (validation raw):
INFO:root:	-- left   >> mean: 3819.6184, median: 451.0, mrr: 0.083, hits@1: 3.14%
INFO:root:	-- right  >> mean: 4429.9284, median: 465.0, mrr: 0.083, hits@1: 3.02%
INFO:root:	-- global >> mean: 4124.7734, median: 458.0, mrr: 0.083, hits@1: 3.08%
INFO:root:### MICRO (validation raw):
INFO:root:	-- left   >> mean: 3819.6184, median: 451.0, mrr: 0.083, hits@3: 9.86%
INFO:root:	-- right  >> mean: 4429.9284, median: 465.0, mrr: 0.083, hits@3: 9.78%
INFO:root:	-- global >> mean: 4124.7734, median: 458.0, mrr: 0.083, hits@3: 9.82%
INFO:root:### MICRO (validation raw):
INFO:root:	-- left   >> mean: 3819.6184, median: 451.0, mrr: 0.083, hits@5: 13.72%
INFO:root:	-- right  >> mean: 4429.9284, median: 465.0, mrr: 0.083, hits@5: 14.42%
INFO:root:	-- global >> mean: 4124.7734, median: 458.0, mrr: 0.083, hits@5: 14.07%
INFO:root:### MICRO (validation raw):
INFO:root:	-- left   >> mean: 3819.6184, median: 451.0, mrr: 0.083, hits@10: 19.0%
INFO:root:	-- right  >> mean: 4429.9284, median: 465.0, mrr: 0.083, hits@10: 19.18%
INFO:root:	-- global >> mean: 4124.7734, median: 458.0, mrr: 0.083, hits@10: 19.09%
INFO:root:### MICRO (validation filtered):
INFO:root:	-- left   >> mean: 3806.3586, median: 438.0, mrr: 0.099, hits@1: 4.08%
INFO:root:	-- right  >> mean: 4416.1318, median: 452.5, mrr: 0.1, hits@1: 3.94%
INFO:root:	-- global >> mean: 4111.2452, median: 445.5, mrr: 0.1, hits@1: 4.01%
INFO:root:### MICRO (validation filtered):
INFO:root:	-- left   >> mean: 3806.3586, median: 438.0, mrr: 0.099, hits@3: 12.86%
INFO:root:	-- right  >> mean: 4416.1318, median: 452.5, mrr: 0.1, hits@3: 13.24%
INFO:root:	-- global >> mean: 4111.2452, median: 445.5, mrr: 0.1, hits@3: 13.05%
INFO:root:### MICRO (validation filtered):
INFO:root:	-- left   >> mean: 3806.3586, median: 438.0, mrr: 0.099, hits@5: 15.84%
INFO:root:	-- right  >> mean: 4416.1318, median: 452.5, mrr: 0.1, hits@5: 16.5%
INFO:root:	-- global >> mean: 4111.2452, median: 445.5, mrr: 0.1, hits@5: 16.17%
INFO:root:### MICRO (validation filtered):
INFO:root:	-- left   >> mean: 3806.3586, median: 438.0, mrr: 0.099, hits@10: 20.18%
INFO:root:	-- right  >> mean: 4416.1318, median: 452.5, mrr: 0.1, hits@10: 20.52%
INFO:root:	-- global >> mean: 4111.2452, median: 445.5, mrr: 0.1, hits@10: 20.35%
INFO:root:### MICRO (test raw):
INFO:root:	-- left   >> mean: 3826.17, median: 469.0, mrr: 0.081, hits@1: 2.9%
INFO:root:	-- right  >> mean: 4298.4868, median: 387.5, mrr: 0.089, hits@1: 3.44%
INFO:root:	-- global >> mean: 4062.3284, median: 430.0, mrr: 0.085, hits@1: 3.17%
INFO:root:### MICRO (test raw):
INFO:root:	-- left   >> mean: 3826.17, median: 469.0, mrr: 0.081, hits@3: 9.66%
INFO:root:	-- right  >> mean: 4298.4868, median: 387.5, mrr: 0.089, hits@3: 11.02%
INFO:root:	-- global >> mean: 4062.3284, median: 430.0, mrr: 0.085, hits@3: 10.34%
INFO:root:### MICRO (test raw):
INFO:root:	-- left   >> mean: 3826.17, median: 469.0, mrr: 0.081, hits@5: 13.94%
INFO:root:	-- right  >> mean: 4298.4868, median: 387.5, mrr: 0.089, hits@5: 14.92%
INFO:root:	-- global >> mean: 4062.3284, median: 430.0, mrr: 0.085, hits@5: 14.43%
INFO:root:### MICRO (test raw):
INFO:root:	-- left   >> mean: 3826.17, median: 469.0, mrr: 0.081, hits@10: 18.44%
INFO:root:	-- right  >> mean: 4298.4868, median: 387.5, mrr: 0.089, hits@10: 19.46%
INFO:root:	-- global >> mean: 4062.3284, median: 430.0, mrr: 0.085, hits@10: 18.95%
INFO:root:### MICRO (test filtered):
INFO:root:	-- left   >> mean: 3812.0178, median: 455.5, mrr: 0.098, hits@1: 4.02%
INFO:root:	-- right  >> mean: 4285.557, median: 373.5, mrr: 0.103, hits@1: 4.02%
INFO:root:	-- global >> mean: 4048.7874, median: 418.0, mrr: 0.101, hits@1: 4.02%
INFO:root:### MICRO (test filtered):
INFO:root:	-- left   >> mean: 3812.0178, median: 455.5, mrr: 0.098, hits@3: 13.06%
INFO:root:	-- right  >> mean: 4285.557, median: 373.5, mrr: 0.103, hits@3: 13.68%
INFO:root:	-- global >> mean: 4048.7874, median: 418.0, mrr: 0.101, hits@3: 13.37%
INFO:root:### MICRO (test filtered):
INFO:root:	-- left   >> mean: 3812.0178, median: 455.5, mrr: 0.098, hits@5: 16.18%
INFO:root:	-- right  >> mean: 4285.557, median: 373.5, mrr: 0.103, hits@5: 17.0%
INFO:root:	-- global >> mean: 4048.7874, median: 418.0, mrr: 0.101, hits@5: 16.59%
INFO:root:### MICRO (test filtered):
INFO:root:	-- left   >> mean: 3812.0178, median: 455.5, mrr: 0.098, hits@10: 19.86%
INFO:root:	-- right  >> mean: 4285.557, median: 373.5, mrr: 0.103, hits@10: 20.8%
INFO:root:	-- global >> mean: 4048.7874, median: 418.0, mrr: 0.101, hits@10: 20.33%
