Using Theano backend.
INFO:root:Acquiring data/music_5k/music-train.txt.gz ..
INFO:root:Acquiring data/music_5k/music-valid.txt.gz ..
INFO:root:Acquiring data/music_5k/music-test.txt.gz ..
INFO:root:Samples: 710911, no. batches: 10 -> batch size: 71092
INFO:root:Epoch no. 1 of 500 (samples: 710911)
INFO:root:Loss: 1705.0661 +/- 386.9316
INFO:root:Epoch no. 2 of 500 (samples: 710911)
INFO:root:Loss: 1046.4759 +/- 23.2271
INFO:root:Epoch no. 3 of 500 (samples: 710911)
INFO:root:Loss: 818.7041 +/- 31.4757
INFO:root:Epoch no. 4 of 500 (samples: 710911)
INFO:root:Loss: 694.3884 +/- 30.2295
INFO:root:Epoch no. 5 of 500 (samples: 710911)
INFO:root:Loss: 617.8945 +/- 28.5464
INFO:root:Epoch no. 6 of 500 (samples: 710911)
INFO:root:Loss: 569.0925 +/- 28.0267
INFO:root:Epoch no. 7 of 500 (samples: 710911)
INFO:root:Loss: 531.2955 +/- 26.7949
INFO:root:Epoch no. 8 of 500 (samples: 710911)
INFO:root:Loss: 504.802 +/- 24.2662
INFO:root:Epoch no. 9 of 500 (samples: 710911)
INFO:root:Loss: 483.4435 +/- 23.7862
INFO:root:Epoch no. 10 of 500 (samples: 710911)
INFO:root:Loss: 467.2073 +/- 22.1079
INFO:root:Epoch no. 11 of 500 (samples: 710911)
INFO:root:Loss: 452.7231 +/- 21.5332
INFO:root:Epoch no. 12 of 500 (samples: 710911)
INFO:root:Loss: 442.3326 +/- 20.8953
INFO:root:Epoch no. 13 of 500 (samples: 710911)
INFO:root:Loss: 431.2693 +/- 19.6477
INFO:root:Epoch no. 14 of 500 (samples: 710911)
INFO:root:Loss: 422.7341 +/- 17.8293
INFO:root:Epoch no. 15 of 500 (samples: 710911)
INFO:root:Loss: 415.7069 +/- 18.6282
INFO:root:Epoch no. 16 of 500 (samples: 710911)
INFO:root:Loss: 408.7164 +/- 17.3188
INFO:root:Epoch no. 17 of 500 (samples: 710911)
INFO:root:Loss: 403.165 +/- 16.9512
INFO:root:Epoch no. 18 of 500 (samples: 710911)
INFO:root:Loss: 397.028 +/- 16.0061
INFO:root:Epoch no. 19 of 500 (samples: 710911)
INFO:root:Loss: 392.8439 +/- 15.7811
INFO:root:Epoch no. 20 of 500 (samples: 710911)
INFO:root:Loss: 388.8571 +/- 15.324
INFO:root:Epoch no. 21 of 500 (samples: 710911)
INFO:root:Loss: 385.2216 +/- 14.8318
INFO:root:Epoch no. 22 of 500 (samples: 710911)
INFO:root:Loss: 380.7554 +/- 14.0818
INFO:root:Epoch no. 23 of 500 (samples: 710911)
INFO:root:Loss: 378.2556 +/- 14.0659
INFO:root:Epoch no. 24 of 500 (samples: 710911)
INFO:root:Loss: 374.9141 +/- 14.0265
INFO:root:Epoch no. 25 of 500 (samples: 710911)
INFO:root:Loss: 371.5599 +/- 13.1735
INFO:root:Epoch no. 26 of 500 (samples: 710911)
INFO:root:Loss: 369.545 +/- 13.4728
INFO:root:Epoch no. 27 of 500 (samples: 710911)
INFO:root:Loss: 367.3977 +/- 13.241
INFO:root:Epoch no. 28 of 500 (samples: 710911)
INFO:root:Loss: 364.3978 +/- 12.3049
INFO:root:Epoch no. 29 of 500 (samples: 710911)
INFO:root:Loss: 362.333 +/- 13.0503
INFO:root:Epoch no. 30 of 500 (samples: 710911)
INFO:root:Loss: 359.4026 +/- 12.1142
INFO:root:Epoch no. 31 of 500 (samples: 710911)
INFO:root:Loss: 358.6846 +/- 11.74
INFO:root:Epoch no. 32 of 500 (samples: 710911)
INFO:root:Loss: 356.0501 +/- 11.6673
INFO:root:Epoch no. 33 of 500 (samples: 710911)
INFO:root:Loss: 353.9721 +/- 11.2823
INFO:root:Epoch no. 34 of 500 (samples: 710911)
INFO:root:Loss: 352.5143 +/- 10.9356
INFO:root:Epoch no. 35 of 500 (samples: 710911)
INFO:root:Loss: 350.88 +/- 11.916
INFO:root:Epoch no. 36 of 500 (samples: 710911)
INFO:root:Loss: 349.8355 +/- 11.3353
INFO:root:Epoch no. 37 of 500 (samples: 710911)
INFO:root:Loss: 348.1872 +/- 10.2056
INFO:root:Epoch no. 38 of 500 (samples: 710911)
INFO:root:Loss: 347.2275 +/- 11.483
INFO:root:Epoch no. 39 of 500 (samples: 710911)
INFO:root:Loss: 346.0912 +/- 9.524
INFO:root:Epoch no. 40 of 500 (samples: 710911)
INFO:root:Loss: 343.8567 +/- 10.4968
INFO:root:Epoch no. 41 of 500 (samples: 710911)
INFO:root:Loss: 342.5914 +/- 10.2972
INFO:root:Epoch no. 42 of 500 (samples: 710911)
INFO:root:Loss: 341.5897 +/- 9.6809
INFO:root:Epoch no. 43 of 500 (samples: 710911)
INFO:root:Loss: 340.4607 +/- 9.5967
INFO:root:Epoch no. 44 of 500 (samples: 710911)
INFO:root:Loss: 339.1554 +/- 9.2868
INFO:root:Epoch no. 45 of 500 (samples: 710911)
INFO:root:Loss: 338.0186 +/- 9.7839
INFO:root:Epoch no. 46 of 500 (samples: 710911)
INFO:root:Loss: 336.398 +/- 10.1275
INFO:root:Epoch no. 47 of 500 (samples: 710911)
INFO:root:Loss: 336.1638 +/- 9.4663
INFO:root:Epoch no. 48 of 500 (samples: 710911)
INFO:root:Loss: 334.0959 +/- 9.3237
INFO:root:Epoch no. 49 of 500 (samples: 710911)
INFO:root:Loss: 333.3793 +/- 9.1731
INFO:root:Epoch no. 50 of 500 (samples: 710911)
INFO:root:Loss: 333.0243 +/- 9.5354
INFO:root:Epoch no. 51 of 500 (samples: 710911)
INFO:root:Loss: 332.0603 +/- 8.5007
INFO:root:Epoch no. 52 of 500 (samples: 710911)
INFO:root:Loss: 330.4874 +/- 9.2003
INFO:root:Epoch no. 53 of 500 (samples: 710911)
INFO:root:Loss: 330.3757 +/- 8.7147
INFO:root:Epoch no. 54 of 500 (samples: 710911)
INFO:root:Loss: 329.7553 +/- 8.7467
INFO:root:Epoch no. 55 of 500 (samples: 710911)
INFO:root:Loss: 328.6145 +/- 8.8073
INFO:root:Epoch no. 56 of 500 (samples: 710911)
INFO:root:Loss: 327.8699 +/- 7.9222
INFO:root:Epoch no. 57 of 500 (samples: 710911)
INFO:root:Loss: 326.7646 +/- 8.8543
INFO:root:Epoch no. 58 of 500 (samples: 710911)
INFO:root:Loss: 326.9341 +/- 8.1415
INFO:root:Epoch no. 59 of 500 (samples: 710911)
INFO:root:Loss: 325.6135 +/- 8.014
INFO:root:Epoch no. 60 of 500 (samples: 710911)
INFO:root:Loss: 324.2484 +/- 8.2747
INFO:root:Epoch no. 61 of 500 (samples: 710911)
INFO:root:Loss: 324.4894 +/- 8.1902
INFO:root:Epoch no. 62 of 500 (samples: 710911)
INFO:root:Loss: 323.8374 +/- 8.3908
INFO:root:Epoch no. 63 of 500 (samples: 710911)
INFO:root:Loss: 323.2717 +/- 7.4618
INFO:root:Epoch no. 64 of 500 (samples: 710911)
INFO:root:Loss: 321.8675 +/- 8.4021
INFO:root:Epoch no. 65 of 500 (samples: 710911)
INFO:root:Loss: 321.2336 +/- 7.9026
INFO:root:Epoch no. 66 of 500 (samples: 710911)
INFO:root:Loss: 320.8758 +/- 7.3128
INFO:root:Epoch no. 67 of 500 (samples: 710911)
INFO:root:Loss: 320.1989 +/- 7.636
INFO:root:Epoch no. 68 of 500 (samples: 710911)
INFO:root:Loss: 319.7881 +/- 7.6628
INFO:root:Epoch no. 69 of 500 (samples: 710911)
INFO:root:Loss: 319.3505 +/- 8.5104
INFO:root:Epoch no. 70 of 500 (samples: 710911)
INFO:root:Loss: 318.939 +/- 7.5793
INFO:root:Epoch no. 71 of 500 (samples: 710911)
INFO:root:Loss: 317.8634 +/- 7.0194
INFO:root:Epoch no. 72 of 500 (samples: 710911)
INFO:root:Loss: 317.8515 +/- 7.2777
INFO:root:Epoch no. 73 of 500 (samples: 710911)
INFO:root:Loss: 317.1781 +/- 6.3247
INFO:root:Epoch no. 74 of 500 (samples: 710911)
INFO:root:Loss: 317.5333 +/- 7.6982
INFO:root:Epoch no. 75 of 500 (samples: 710911)
INFO:root:Loss: 316.6766 +/- 6.6789
INFO:root:Epoch no. 76 of 500 (samples: 710911)
INFO:root:Loss: 316.344 +/- 7.3719
INFO:root:Epoch no. 77 of 500 (samples: 710911)
INFO:root:Loss: 315.6616 +/- 7.4952
INFO:root:Epoch no. 78 of 500 (samples: 710911)
INFO:root:Loss: 315.4097 +/- 6.6676
INFO:root:Epoch no. 79 of 500 (samples: 710911)
INFO:root:Loss: 315.1295 +/- 7.4434
INFO:root:Epoch no. 80 of 500 (samples: 710911)
INFO:root:Loss: 313.9132 +/- 6.8945
INFO:root:Epoch no. 81 of 500 (samples: 710911)
INFO:root:Loss: 313.6638 +/- 6.7147
INFO:root:Epoch no. 82 of 500 (samples: 710911)
INFO:root:Loss: 313.3974 +/- 6.4812
INFO:root:Epoch no. 83 of 500 (samples: 710911)
INFO:root:Loss: 312.8271 +/- 6.7423
INFO:root:Epoch no. 84 of 500 (samples: 710911)
INFO:root:Loss: 313.6193 +/- 6.1857
INFO:root:Epoch no. 85 of 500 (samples: 710911)
INFO:root:Loss: 312.3432 +/- 7.3195
INFO:root:Epoch no. 86 of 500 (samples: 710911)
INFO:root:Loss: 312.1868 +/- 6.5343
INFO:root:Epoch no. 87 of 500 (samples: 710911)
INFO:root:Loss: 311.9267 +/- 6.4355
INFO:root:Epoch no. 88 of 500 (samples: 710911)
INFO:root:Loss: 311.2048 +/- 6.73
INFO:root:Epoch no. 89 of 500 (samples: 710911)
INFO:root:Loss: 310.4101 +/- 6.4044
INFO:root:Epoch no. 90 of 500 (samples: 710911)
INFO:root:Loss: 310.4539 +/- 6.6888
INFO:root:Epoch no. 91 of 500 (samples: 710911)
INFO:root:Loss: 310.3377 +/- 6.1076
INFO:root:Epoch no. 92 of 500 (samples: 710911)
INFO:root:Loss: 310.1249 +/- 6.8348
INFO:root:Epoch no. 93 of 500 (samples: 710911)
INFO:root:Loss: 310.04 +/- 6.5951
INFO:root:Epoch no. 94 of 500 (samples: 710911)
INFO:root:Loss: 308.9798 +/- 6.1047
INFO:root:Epoch no. 95 of 500 (samples: 710911)
INFO:root:Loss: 309.1165 +/- 5.8448
INFO:root:Epoch no. 96 of 500 (samples: 710911)
INFO:root:Loss: 308.4478 +/- 5.9407
INFO:root:Epoch no. 97 of 500 (samples: 710911)
INFO:root:Loss: 307.9389 +/- 6.0961
INFO:root:Epoch no. 98 of 500 (samples: 710911)
INFO:root:Loss: 307.3935 +/- 5.8584
INFO:root:Epoch no. 99 of 500 (samples: 710911)
INFO:root:Loss: 307.6655 +/- 5.8949
INFO:root:Epoch no. 100 of 500 (samples: 710911)
INFO:root:Loss: 307.5903 +/- 6.1679
INFO:root:Epoch no. 101 of 500 (samples: 710911)
INFO:root:Loss: 307.1227 +/- 5.8498
INFO:root:Epoch no. 102 of 500 (samples: 710911)
INFO:root:Loss: 306.8182 +/- 5.747
INFO:root:Epoch no. 103 of 500 (samples: 710911)
INFO:root:Loss: 305.7361 +/- 5.9638
INFO:root:Epoch no. 104 of 500 (samples: 710911)
INFO:root:Loss: 305.9099 +/- 5.7783
INFO:root:Epoch no. 105 of 500 (samples: 710911)
INFO:root:Loss: 305.5346 +/- 5.6645
INFO:root:Epoch no. 106 of 500 (samples: 710911)
INFO:root:Loss: 305.267 +/- 6.0625
INFO:root:Epoch no. 107 of 500 (samples: 710911)
INFO:root:Loss: 305.6588 +/- 6.2318
INFO:root:Epoch no. 108 of 500 (samples: 710911)
INFO:root:Loss: 305.1558 +/- 5.0343
INFO:root:Epoch no. 109 of 500 (samples: 710911)
INFO:root:Loss: 305.4414 +/- 5.3974
INFO:root:Epoch no. 110 of 500 (samples: 710911)
INFO:root:Loss: 304.8109 +/- 6.2447
INFO:root:Epoch no. 111 of 500 (samples: 710911)
INFO:root:Loss: 304.2587 +/- 6.0129
INFO:root:Epoch no. 112 of 500 (samples: 710911)
INFO:root:Loss: 304.4162 +/- 5.601
INFO:root:Epoch no. 113 of 500 (samples: 710911)
INFO:root:Loss: 304.5013 +/- 5.703
INFO:root:Epoch no. 114 of 500 (samples: 710911)
INFO:root:Loss: 303.7944 +/- 6.2156
INFO:root:Epoch no. 115 of 500 (samples: 710911)
INFO:root:Loss: 303.8291 +/- 5.45
INFO:root:Epoch no. 116 of 500 (samples: 710911)
INFO:root:Loss: 303.1394 +/- 5.5207
INFO:root:Epoch no. 117 of 500 (samples: 710911)
INFO:root:Loss: 302.6972 +/- 5.7329
INFO:root:Epoch no. 118 of 500 (samples: 710911)
INFO:root:Loss: 302.752 +/- 5.6446
INFO:root:Epoch no. 119 of 500 (samples: 710911)
INFO:root:Loss: 302.5865 +/- 5.5327
INFO:root:Epoch no. 120 of 500 (samples: 710911)
INFO:root:Loss: 302.3019 +/- 6.3917
INFO:root:Epoch no. 121 of 500 (samples: 710911)
INFO:root:Loss: 302.7549 +/- 5.6311
INFO:root:Epoch no. 122 of 500 (samples: 710911)
INFO:root:Loss: 302.0842 +/- 5.369
INFO:root:Epoch no. 123 of 500 (samples: 710911)
INFO:root:Loss: 302.0359 +/- 5.1207
INFO:root:Epoch no. 124 of 500 (samples: 710911)
INFO:root:Loss: 301.5234 +/- 5.8309
INFO:root:Epoch no. 125 of 500 (samples: 710911)
INFO:root:Loss: 301.7055 +/- 5.3106
INFO:root:Epoch no. 126 of 500 (samples: 710911)
INFO:root:Loss: 301.1631 +/- 5.6912
INFO:root:Epoch no. 127 of 500 (samples: 710911)
INFO:root:Loss: 300.6299 +/- 5.2814
INFO:root:Epoch no. 128 of 500 (samples: 710911)
INFO:root:Loss: 300.8912 +/- 5.4861
INFO:root:Epoch no. 129 of 500 (samples: 710911)
INFO:root:Loss: 300.745 +/- 5.4821
INFO:root:Epoch no. 130 of 500 (samples: 710911)
INFO:root:Loss: 300.4846 +/- 5.295
INFO:root:Epoch no. 131 of 500 (samples: 710911)
INFO:root:Loss: 300.5311 +/- 5.0992
INFO:root:Epoch no. 132 of 500 (samples: 710911)
INFO:root:Loss: 300.1824 +/- 4.8476
INFO:root:Epoch no. 133 of 500 (samples: 710911)
INFO:root:Loss: 299.9083 +/- 5.3007
INFO:root:Epoch no. 134 of 500 (samples: 710911)
INFO:root:Loss: 300.1842 +/- 5.9395
INFO:root:Epoch no. 135 of 500 (samples: 710911)
INFO:root:Loss: 299.7318 +/- 4.9673
INFO:root:Epoch no. 136 of 500 (samples: 710911)
INFO:root:Loss: 299.0534 +/- 5.6682
INFO:root:Epoch no. 137 of 500 (samples: 710911)
INFO:root:Loss: 299.4582 +/- 5.477
INFO:root:Epoch no. 138 of 500 (samples: 710911)
INFO:root:Loss: 299.383 +/- 5.4591
INFO:root:Epoch no. 139 of 500 (samples: 710911)
INFO:root:Loss: 299.057 +/- 4.4549
INFO:root:Epoch no. 140 of 500 (samples: 710911)
INFO:root:Loss: 297.8127 +/- 4.8161
INFO:root:Epoch no. 141 of 500 (samples: 710911)
INFO:root:Loss: 298.0274 +/- 4.9014
INFO:root:Epoch no. 142 of 500 (samples: 710911)
INFO:root:Loss: 298.3308 +/- 5.2734
INFO:root:Epoch no. 143 of 500 (samples: 710911)
INFO:root:Loss: 297.8533 +/- 5.0913
INFO:root:Epoch no. 144 of 500 (samples: 710911)
INFO:root:Loss: 298.4358 +/- 5.182
INFO:root:Epoch no. 145 of 500 (samples: 710911)
INFO:root:Loss: 297.4914 +/- 5.7885
INFO:root:Epoch no. 146 of 500 (samples: 710911)
INFO:root:Loss: 297.6443 +/- 4.6901
INFO:root:Epoch no. 147 of 500 (samples: 710911)
INFO:root:Loss: 297.403 +/- 4.5906
INFO:root:Epoch no. 148 of 500 (samples: 710911)
INFO:root:Loss: 297.2285 +/- 4.8736
INFO:root:Epoch no. 149 of 500 (samples: 710911)
INFO:root:Loss: 297.8037 +/- 4.2963
INFO:root:Epoch no. 150 of 500 (samples: 710911)
INFO:root:Loss: 296.7979 +/- 5.2693
INFO:root:Epoch no. 151 of 500 (samples: 710911)
INFO:root:Loss: 297.1572 +/- 4.676
INFO:root:Epoch no. 152 of 500 (samples: 710911)
INFO:root:Loss: 296.2534 +/- 5.5611
INFO:root:Epoch no. 153 of 500 (samples: 710911)
INFO:root:Loss: 296.4512 +/- 4.9447
INFO:root:Epoch no. 154 of 500 (samples: 710911)
INFO:root:Loss: 296.1533 +/- 5.0029
INFO:root:Epoch no. 155 of 500 (samples: 710911)
INFO:root:Loss: 296.5128 +/- 4.8555
INFO:root:Epoch no. 156 of 500 (samples: 710911)
INFO:root:Loss: 296.2282 +/- 5.1457
INFO:root:Epoch no. 157 of 500 (samples: 710911)
INFO:root:Loss: 295.5865 +/- 4.7672
INFO:root:Epoch no. 158 of 500 (samples: 710911)
INFO:root:Loss: 295.8409 +/- 4.2908
INFO:root:Epoch no. 159 of 500 (samples: 710911)
INFO:root:Loss: 295.6997 +/- 4.6767
INFO:root:Epoch no. 160 of 500 (samples: 710911)
INFO:root:Loss: 295.6257 +/- 5.1848
INFO:root:Epoch no. 161 of 500 (samples: 710911)
INFO:root:Loss: 295.4565 +/- 4.6143
INFO:root:Epoch no. 162 of 500 (samples: 710911)
INFO:root:Loss: 295.2353 +/- 4.8822
INFO:root:Epoch no. 163 of 500 (samples: 710911)
INFO:root:Loss: 295.8934 +/- 4.8077
INFO:root:Epoch no. 164 of 500 (samples: 710911)
INFO:root:Loss: 295.593 +/- 4.841
INFO:root:Epoch no. 165 of 500 (samples: 710911)
INFO:root:Loss: 295.05 +/- 4.9452
INFO:root:Epoch no. 166 of 500 (samples: 710911)
INFO:root:Loss: 295.1147 +/- 5.3192
INFO:root:Epoch no. 167 of 500 (samples: 710911)
INFO:root:Loss: 294.2007 +/- 3.9507
INFO:root:Epoch no. 168 of 500 (samples: 710911)
INFO:root:Loss: 294.7799 +/- 4.3696
INFO:root:Epoch no. 169 of 500 (samples: 710911)
INFO:root:Loss: 294.1091 +/- 4.5181
INFO:root:Epoch no. 170 of 500 (samples: 710911)
INFO:root:Loss: 293.5529 +/- 5.381
INFO:root:Epoch no. 171 of 500 (samples: 710911)
INFO:root:Loss: 294.1988 +/- 4.1638
INFO:root:Epoch no. 172 of 500 (samples: 710911)
INFO:root:Loss: 294.1677 +/- 4.7933
INFO:root:Epoch no. 173 of 500 (samples: 710911)
INFO:root:Loss: 293.887 +/- 4.371
INFO:root:Epoch no. 174 of 500 (samples: 710911)
INFO:root:Loss: 293.7265 +/- 4.3092
INFO:root:Epoch no. 175 of 500 (samples: 710911)
INFO:root:Loss: 293.3075 +/- 3.575
INFO:root:Epoch no. 176 of 500 (samples: 710911)
INFO:root:Loss: 293.2685 +/- 3.6174
INFO:root:Epoch no. 177 of 500 (samples: 710911)
INFO:root:Loss: 293.5815 +/- 4.8765
INFO:root:Epoch no. 178 of 500 (samples: 710911)
INFO:root:Loss: 293.2417 +/- 5.2352
INFO:root:Epoch no. 179 of 500 (samples: 710911)
INFO:root:Loss: 293.1651 +/- 4.7195
INFO:root:Epoch no. 180 of 500 (samples: 710911)
INFO:root:Loss: 292.0131 +/- 4.6228
INFO:root:Epoch no. 181 of 500 (samples: 710911)
INFO:root:Loss: 293.0406 +/- 4.7314
INFO:root:Epoch no. 182 of 500 (samples: 710911)
INFO:root:Loss: 292.5258 +/- 4.5125
INFO:root:Epoch no. 183 of 500 (samples: 710911)
INFO:root:Loss: 292.7767 +/- 3.9538
INFO:root:Epoch no. 184 of 500 (samples: 710911)
INFO:root:Loss: 291.8105 +/- 3.8637
INFO:root:Epoch no. 185 of 500 (samples: 710911)
INFO:root:Loss: 292.675 +/- 4.5903
INFO:root:Epoch no. 186 of 500 (samples: 710911)
INFO:root:Loss: 292.4042 +/- 4.255
INFO:root:Epoch no. 187 of 500 (samples: 710911)
INFO:root:Loss: 292.0607 +/- 4.432
INFO:root:Epoch no. 188 of 500 (samples: 710911)
INFO:root:Loss: 292.4293 +/- 4.9651
INFO:root:Epoch no. 189 of 500 (samples: 710911)
INFO:root:Loss: 292.6205 +/- 4.4738
INFO:root:Epoch no. 190 of 500 (samples: 710911)
INFO:root:Loss: 292.1545 +/- 3.8806
INFO:root:Epoch no. 191 of 500 (samples: 710911)
INFO:root:Loss: 292.0862 +/- 4.9642
INFO:root:Epoch no. 192 of 500 (samples: 710911)
INFO:root:Loss: 291.2126 +/- 4.5396
INFO:root:Epoch no. 193 of 500 (samples: 710911)
INFO:root:Loss: 291.1846 +/- 3.8812
INFO:root:Epoch no. 194 of 500 (samples: 710911)
INFO:root:Loss: 291.6455 +/- 4.2756
INFO:root:Epoch no. 195 of 500 (samples: 710911)
INFO:root:Loss: 291.0596 +/- 5.1146
INFO:root:Epoch no. 196 of 500 (samples: 710911)
INFO:root:Loss: 291.4843 +/- 4.4365
INFO:root:Epoch no. 197 of 500 (samples: 710911)
INFO:root:Loss: 291.114 +/- 5.2937
INFO:root:Epoch no. 198 of 500 (samples: 710911)
INFO:root:Loss: 291.1624 +/- 4.4147
INFO:root:Epoch no. 199 of 500 (samples: 710911)
INFO:root:Loss: 290.6336 +/- 4.6042
INFO:root:Epoch no. 200 of 500 (samples: 710911)
INFO:root:Loss: 290.0347 +/- 4.7035
INFO:root:Epoch no. 201 of 500 (samples: 710911)
INFO:root:Loss: 291.0053 +/- 4.7872
INFO:root:Epoch no. 202 of 500 (samples: 710911)
INFO:root:Loss: 290.4207 +/- 4.4959
INFO:root:Epoch no. 203 of 500 (samples: 710911)
INFO:root:Loss: 290.7164 +/- 4.5482
INFO:root:Epoch no. 204 of 500 (samples: 710911)
INFO:root:Loss: 290.5222 +/- 4.239
INFO:root:Epoch no. 205 of 500 (samples: 710911)
INFO:root:Loss: 290.4177 +/- 3.4031
INFO:root:Epoch no. 206 of 500 (samples: 710911)
INFO:root:Loss: 290.2815 +/- 4.5435
INFO:root:Epoch no. 207 of 500 (samples: 710911)
INFO:root:Loss: 289.8875 +/- 4.5555
INFO:root:Epoch no. 208 of 500 (samples: 710911)
INFO:root:Loss: 290.4095 +/- 3.8719
INFO:root:Epoch no. 209 of 500 (samples: 710911)
INFO:root:Loss: 289.8471 +/- 3.8151
INFO:root:Epoch no. 210 of 500 (samples: 710911)
INFO:root:Loss: 289.702 +/- 4.2515
INFO:root:Epoch no. 211 of 500 (samples: 710911)
INFO:root:Loss: 289.7371 +/- 3.4481
INFO:root:Epoch no. 212 of 500 (samples: 710911)
INFO:root:Loss: 290.226 +/- 4.1682
INFO:root:Epoch no. 213 of 500 (samples: 710911)
INFO:root:Loss: 289.4106 +/- 4.7218
INFO:root:Epoch no. 214 of 500 (samples: 710911)
INFO:root:Loss: 289.196 +/- 3.7571
INFO:root:Epoch no. 215 of 500 (samples: 710911)
INFO:root:Loss: 288.3677 +/- 3.8736
INFO:root:Epoch no. 216 of 500 (samples: 710911)
INFO:root:Loss: 289.33 +/- 4.2556
INFO:root:Epoch no. 217 of 500 (samples: 710911)
INFO:root:Loss: 289.1193 +/- 4.1302
INFO:root:Epoch no. 218 of 500 (samples: 710911)
INFO:root:Loss: 288.935 +/- 4.0931
INFO:root:Epoch no. 219 of 500 (samples: 710911)
INFO:root:Loss: 288.5557 +/- 3.7528
INFO:root:Epoch no. 220 of 500 (samples: 710911)
INFO:root:Loss: 289.1106 +/- 4.5064
INFO:root:Epoch no. 221 of 500 (samples: 710911)
INFO:root:Loss: 288.7638 +/- 4.038
INFO:root:Epoch no. 222 of 500 (samples: 710911)
INFO:root:Loss: 288.709 +/- 4.0334
INFO:root:Epoch no. 223 of 500 (samples: 710911)
INFO:root:Loss: 288.7061 +/- 3.9672
INFO:root:Epoch no. 224 of 500 (samples: 710911)
INFO:root:Loss: 289.0337 +/- 4.371
INFO:root:Epoch no. 225 of 500 (samples: 710911)
INFO:root:Loss: 288.4573 +/- 4.3563
INFO:root:Epoch no. 226 of 500 (samples: 710911)
INFO:root:Loss: 288.0332 +/- 3.9292
INFO:root:Epoch no. 227 of 500 (samples: 710911)
INFO:root:Loss: 288.0589 +/- 4.2293
INFO:root:Epoch no. 228 of 500 (samples: 710911)
INFO:root:Loss: 287.8707 +/- 4.5793
INFO:root:Epoch no. 229 of 500 (samples: 710911)
INFO:root:Loss: 287.7186 +/- 4.2743
INFO:root:Epoch no. 230 of 500 (samples: 710911)
INFO:root:Loss: 288.2061 +/- 4.3294
INFO:root:Epoch no. 231 of 500 (samples: 710911)
INFO:root:Loss: 288.471 +/- 3.9573
INFO:root:Epoch no. 232 of 500 (samples: 710911)
INFO:root:Loss: 288.0867 +/- 3.285
INFO:root:Epoch no. 233 of 500 (samples: 710911)
INFO:root:Loss: 287.8424 +/- 3.8725
INFO:root:Epoch no. 234 of 500 (samples: 710911)
INFO:root:Loss: 288.192 +/- 3.679
INFO:root:Epoch no. 235 of 500 (samples: 710911)
INFO:root:Loss: 287.3908 +/- 3.9829
INFO:root:Epoch no. 236 of 500 (samples: 710911)
INFO:root:Loss: 287.6244 +/- 4.3042
INFO:root:Epoch no. 237 of 500 (samples: 710911)
INFO:root:Loss: 287.3078 +/- 3.7398
INFO:root:Epoch no. 238 of 500 (samples: 710911)
INFO:root:Loss: 287.5759 +/- 3.6422
INFO:root:Epoch no. 239 of 500 (samples: 710911)
INFO:root:Loss: 287.5969 +/- 3.754
INFO:root:Epoch no. 240 of 500 (samples: 710911)
INFO:root:Loss: 287.4546 +/- 4.5978
INFO:root:Epoch no. 241 of 500 (samples: 710911)
INFO:root:Loss: 286.9274 +/- 4.3915
INFO:root:Epoch no. 242 of 500 (samples: 710911)
INFO:root:Loss: 286.3761 +/- 3.3998
INFO:root:Epoch no. 243 of 500 (samples: 710911)
INFO:root:Loss: 286.782 +/- 3.384
INFO:root:Epoch no. 244 of 500 (samples: 710911)
INFO:root:Loss: 286.8263 +/- 3.8226
INFO:root:Epoch no. 245 of 500 (samples: 710911)
INFO:root:Loss: 286.8114 +/- 4.13
INFO:root:Epoch no. 246 of 500 (samples: 710911)
INFO:root:Loss: 287.0447 +/- 3.6737
INFO:root:Epoch no. 247 of 500 (samples: 710911)
INFO:root:Loss: 287.3032 +/- 3.808
INFO:root:Epoch no. 248 of 500 (samples: 710911)
INFO:root:Loss: 286.5999 +/- 3.9092
INFO:root:Epoch no. 249 of 500 (samples: 710911)
INFO:root:Loss: 286.9514 +/- 3.7512
INFO:root:Epoch no. 250 of 500 (samples: 710911)
INFO:root:Loss: 286.4964 +/- 3.3112
INFO:root:Epoch no. 251 of 500 (samples: 710911)
INFO:root:Loss: 286.8504 +/- 3.5854
INFO:root:Epoch no. 252 of 500 (samples: 710911)
INFO:root:Loss: 286.818 +/- 4.0597
INFO:root:Epoch no. 253 of 500 (samples: 710911)
INFO:root:Loss: 285.6657 +/- 4.2167
INFO:root:Epoch no. 254 of 500 (samples: 710911)
INFO:root:Loss: 286.4231 +/- 3.841
INFO:root:Epoch no. 255 of 500 (samples: 710911)
INFO:root:Loss: 286.1939 +/- 3.5554
INFO:root:Epoch no. 256 of 500 (samples: 710911)
INFO:root:Loss: 285.9883 +/- 3.1872
INFO:root:Epoch no. 257 of 500 (samples: 710911)
INFO:root:Loss: 286.3132 +/- 4.2659
INFO:root:Epoch no. 258 of 500 (samples: 710911)
INFO:root:Loss: 286.538 +/- 4.0719
INFO:root:Epoch no. 259 of 500 (samples: 710911)
INFO:root:Loss: 285.7402 +/- 3.6935
INFO:root:Epoch no. 260 of 500 (samples: 710911)
INFO:root:Loss: 286.7763 +/- 3.6365
INFO:root:Epoch no. 261 of 500 (samples: 710911)
INFO:root:Loss: 285.7833 +/- 4.1959
INFO:root:Epoch no. 262 of 500 (samples: 710911)
INFO:root:Loss: 285.7318 +/- 3.5704
INFO:root:Epoch no. 263 of 500 (samples: 710911)
INFO:root:Loss: 285.8187 +/- 3.8243
INFO:root:Epoch no. 264 of 500 (samples: 710911)
INFO:root:Loss: 285.5822 +/- 4.274
INFO:root:Epoch no. 265 of 500 (samples: 710911)
INFO:root:Loss: 285.3628 +/- 3.6323
INFO:root:Epoch no. 266 of 500 (samples: 710911)
INFO:root:Loss: 285.9584 +/- 4.0076
INFO:root:Epoch no. 267 of 500 (samples: 710911)
INFO:root:Loss: 285.4831 +/- 4.2089
INFO:root:Epoch no. 268 of 500 (samples: 710911)
INFO:root:Loss: 285.1272 +/- 3.9971
INFO:root:Epoch no. 269 of 500 (samples: 710911)
INFO:root:Loss: 285.9792 +/- 4.0885
INFO:root:Epoch no. 270 of 500 (samples: 710911)
INFO:root:Loss: 285.1484 +/- 3.1553
INFO:root:Epoch no. 271 of 500 (samples: 710911)
INFO:root:Loss: 285.614 +/- 3.9954
INFO:root:Epoch no. 272 of 500 (samples: 710911)
INFO:root:Loss: 284.9375 +/- 3.6528
INFO:root:Epoch no. 273 of 500 (samples: 710911)
INFO:root:Loss: 284.967 +/- 3.6545
INFO:root:Epoch no. 274 of 500 (samples: 710911)
INFO:root:Loss: 285.2516 +/- 4.016
INFO:root:Epoch no. 275 of 500 (samples: 710911)
INFO:root:Loss: 285.3291 +/- 3.8049
INFO:root:Epoch no. 276 of 500 (samples: 710911)
INFO:root:Loss: 285.032 +/- 3.701
INFO:root:Epoch no. 277 of 500 (samples: 710911)
INFO:root:Loss: 285.0353 +/- 3.7828
INFO:root:Epoch no. 278 of 500 (samples: 710911)
INFO:root:Loss: 284.8255 +/- 3.5019
INFO:root:Epoch no. 279 of 500 (samples: 710911)
INFO:root:Loss: 284.6795 +/- 4.0985
INFO:root:Epoch no. 280 of 500 (samples: 710911)
INFO:root:Loss: 285.1025 +/- 3.4487
INFO:root:Epoch no. 281 of 500 (samples: 710911)
INFO:root:Loss: 284.7744 +/- 3.934
INFO:root:Epoch no. 282 of 500 (samples: 710911)
INFO:root:Loss: 284.6476 +/- 2.9823
INFO:root:Epoch no. 283 of 500 (samples: 710911)
INFO:root:Loss: 284.6362 +/- 3.8349
INFO:root:Epoch no. 284 of 500 (samples: 710911)
INFO:root:Loss: 284.8086 +/- 4.0959
INFO:root:Epoch no. 285 of 500 (samples: 710911)
INFO:root:Loss: 284.4319 +/- 3.9596
INFO:root:Epoch no. 286 of 500 (samples: 710911)
INFO:root:Loss: 283.7512 +/- 3.8584
INFO:root:Epoch no. 287 of 500 (samples: 710911)
INFO:root:Loss: 284.4476 +/- 4.0627
INFO:root:Epoch no. 288 of 500 (samples: 710911)
INFO:root:Loss: 284.2463 +/- 3.17
INFO:root:Epoch no. 289 of 500 (samples: 710911)
INFO:root:Loss: 283.5629 +/- 3.672
INFO:root:Epoch no. 290 of 500 (samples: 710911)
INFO:root:Loss: 284.1584 +/- 3.4453
INFO:root:Epoch no. 291 of 500 (samples: 710911)
INFO:root:Loss: 283.9754 +/- 3.8842
INFO:root:Epoch no. 292 of 500 (samples: 710911)
INFO:root:Loss: 284.0918 +/- 3.2647
INFO:root:Epoch no. 293 of 500 (samples: 710911)
INFO:root:Loss: 283.4986 +/- 4.0559
INFO:root:Epoch no. 294 of 500 (samples: 710911)
INFO:root:Loss: 283.5061 +/- 3.9383
INFO:root:Epoch no. 295 of 500 (samples: 710911)
INFO:root:Loss: 283.7337 +/- 3.7811
INFO:root:Epoch no. 296 of 500 (samples: 710911)
INFO:root:Loss: 283.5905 +/- 3.3196
INFO:root:Epoch no. 297 of 500 (samples: 710911)
INFO:root:Loss: 284.008 +/- 3.6046
INFO:root:Epoch no. 298 of 500 (samples: 710911)
INFO:root:Loss: 283.2111 +/- 4.2516
INFO:root:Epoch no. 299 of 500 (samples: 710911)
INFO:root:Loss: 283.5288 +/- 3.3845
INFO:root:Epoch no. 300 of 500 (samples: 710911)
INFO:root:Loss: 283.7967 +/- 3.0465
INFO:root:Epoch no. 301 of 500 (samples: 710911)
INFO:root:Loss: 283.6696 +/- 3.5639
INFO:root:Epoch no. 302 of 500 (samples: 710911)
INFO:root:Loss: 283.8307 +/- 3.5755
INFO:root:Epoch no. 303 of 500 (samples: 710911)
INFO:root:Loss: 283.6679 +/- 3.9321
INFO:root:Epoch no. 304 of 500 (samples: 710911)
INFO:root:Loss: 283.9024 +/- 4.2422
INFO:root:Epoch no. 305 of 500 (samples: 710911)
INFO:root:Loss: 283.1522 +/- 3.3051
INFO:root:Epoch no. 306 of 500 (samples: 710911)
INFO:root:Loss: 282.7851 +/- 3.9337
INFO:root:Epoch no. 307 of 500 (samples: 710911)
INFO:root:Loss: 283.0285 +/- 4.3898
INFO:root:Epoch no. 308 of 500 (samples: 710911)
INFO:root:Loss: 283.2211 +/- 3.6542
INFO:root:Epoch no. 309 of 500 (samples: 710911)
INFO:root:Loss: 282.896 +/- 3.8542
INFO:root:Epoch no. 310 of 500 (samples: 710911)
INFO:root:Loss: 283.0858 +/- 4.1522
INFO:root:Epoch no. 311 of 500 (samples: 710911)
INFO:root:Loss: 283.1773 +/- 4.0745
INFO:root:Epoch no. 312 of 500 (samples: 710911)
INFO:root:Loss: 282.8375 +/- 3.23
INFO:root:Epoch no. 313 of 500 (samples: 710911)
INFO:root:Loss: 282.8144 +/- 3.1349
INFO:root:Epoch no. 314 of 500 (samples: 710911)
INFO:root:Loss: 283.1475 +/- 3.2787
INFO:root:Epoch no. 315 of 500 (samples: 710911)
INFO:root:Loss: 282.3896 +/- 3.7164
INFO:root:Epoch no. 316 of 500 (samples: 710911)
INFO:root:Loss: 282.1751 +/- 3.7599
INFO:root:Epoch no. 317 of 500 (samples: 710911)
INFO:root:Loss: 282.6543 +/- 3.6499
INFO:root:Epoch no. 318 of 500 (samples: 710911)
INFO:root:Loss: 283.2037 +/- 3.5485
INFO:root:Epoch no. 319 of 500 (samples: 710911)
INFO:root:Loss: 282.5478 +/- 3.5347
INFO:root:Epoch no. 320 of 500 (samples: 710911)
INFO:root:Loss: 283.1091 +/- 3.294
INFO:root:Epoch no. 321 of 500 (samples: 710911)
INFO:root:Loss: 282.5587 +/- 3.2947
INFO:root:Epoch no. 322 of 500 (samples: 710911)
INFO:root:Loss: 282.8507 +/- 3.1637
INFO:root:Epoch no. 323 of 500 (samples: 710911)
INFO:root:Loss: 282.4005 +/- 3.4979
INFO:root:Epoch no. 324 of 500 (samples: 710911)
INFO:root:Loss: 282.6101 +/- 3.7244
INFO:root:Epoch no. 325 of 500 (samples: 710911)
INFO:root:Loss: 282.5669 +/- 3.7887
INFO:root:Epoch no. 326 of 500 (samples: 710911)
INFO:root:Loss: 282.0123 +/- 3.0278
INFO:root:Epoch no. 327 of 500 (samples: 710911)
INFO:root:Loss: 281.7518 +/- 3.3819
INFO:root:Epoch no. 328 of 500 (samples: 710911)
INFO:root:Loss: 282.5018 +/- 3.702
INFO:root:Epoch no. 329 of 500 (samples: 710911)
INFO:root:Loss: 282.1392 +/- 4.0169
INFO:root:Epoch no. 330 of 500 (samples: 710911)
INFO:root:Loss: 282.3439 +/- 3.169
INFO:root:Epoch no. 331 of 500 (samples: 710911)
INFO:root:Loss: 281.8736 +/- 3.087
INFO:root:Epoch no. 332 of 500 (samples: 710911)
INFO:root:Loss: 281.34 +/- 2.9345
INFO:root:Epoch no. 333 of 500 (samples: 710911)
INFO:root:Loss: 282.0408 +/- 3.4979
INFO:root:Epoch no. 334 of 500 (samples: 710911)
INFO:root:Loss: 281.9005 +/- 3.8388
INFO:root:Epoch no. 335 of 500 (samples: 710911)
INFO:root:Loss: 282.0704 +/- 3.2862
INFO:root:Epoch no. 336 of 500 (samples: 710911)
INFO:root:Loss: 282.0282 +/- 3.422
INFO:root:Epoch no. 337 of 500 (samples: 710911)
INFO:root:Loss: 281.8336 +/- 3.7287
INFO:root:Epoch no. 338 of 500 (samples: 710911)
INFO:root:Loss: 281.3125 +/- 3.413
INFO:root:Epoch no. 339 of 500 (samples: 710911)
INFO:root:Loss: 281.7412 +/- 3.4879
INFO:root:Epoch no. 340 of 500 (samples: 710911)
INFO:root:Loss: 281.5782 +/- 3.1578
INFO:root:Epoch no. 341 of 500 (samples: 710911)
INFO:root:Loss: 281.7069 +/- 3.742
INFO:root:Epoch no. 342 of 500 (samples: 710911)
INFO:root:Loss: 281.3077 +/- 3.6608
INFO:root:Epoch no. 343 of 500 (samples: 710911)
INFO:root:Loss: 282.1196 +/- 3.0538
INFO:root:Epoch no. 344 of 500 (samples: 710911)
INFO:root:Loss: 281.4258 +/- 3.7892
INFO:root:Epoch no. 345 of 500 (samples: 710911)
INFO:root:Loss: 281.2939 +/- 2.9742
INFO:root:Epoch no. 346 of 500 (samples: 710911)
INFO:root:Loss: 281.2285 +/- 3.2024
INFO:root:Epoch no. 347 of 500 (samples: 710911)
INFO:root:Loss: 281.3815 +/- 2.8602
INFO:root:Epoch no. 348 of 500 (samples: 710911)
INFO:root:Loss: 281.7892 +/- 3.2434
INFO:root:Epoch no. 349 of 500 (samples: 710911)
INFO:root:Loss: 281.2455 +/- 3.9453
INFO:root:Epoch no. 350 of 500 (samples: 710911)
INFO:root:Loss: 281.6361 +/- 3.5193
INFO:root:Epoch no. 351 of 500 (samples: 710911)
INFO:root:Loss: 281.749 +/- 2.8597
INFO:root:Epoch no. 352 of 500 (samples: 710911)
INFO:root:Loss: 281.1506 +/- 3.7108
INFO:root:Epoch no. 353 of 500 (samples: 710911)
INFO:root:Loss: 281.0826 +/- 3.426
INFO:root:Epoch no. 354 of 500 (samples: 710911)
INFO:root:Loss: 280.6455 +/- 3.8535
INFO:root:Epoch no. 355 of 500 (samples: 710911)
INFO:root:Loss: 281.006 +/- 3.8504
INFO:root:Epoch no. 356 of 500 (samples: 710911)
INFO:root:Loss: 280.7646 +/- 3.8512
INFO:root:Epoch no. 357 of 500 (samples: 710911)
INFO:root:Loss: 281.0339 +/- 3.2496
INFO:root:Epoch no. 358 of 500 (samples: 710911)
INFO:root:Loss: 280.8268 +/- 3.5963
INFO:root:Epoch no. 359 of 500 (samples: 710911)
INFO:root:Loss: 280.9559 +/- 3.7203
INFO:root:Epoch no. 360 of 500 (samples: 710911)
INFO:root:Loss: 281.1284 +/- 3.0461
INFO:root:Epoch no. 361 of 500 (samples: 710911)
INFO:root:Loss: 281.0789 +/- 3.4016
INFO:root:Epoch no. 362 of 500 (samples: 710911)
INFO:root:Loss: 280.1081 +/- 3.6608
INFO:root:Epoch no. 363 of 500 (samples: 710911)
INFO:root:Loss: 280.4879 +/- 3.5575
INFO:root:Epoch no. 364 of 500 (samples: 710911)
INFO:root:Loss: 280.379 +/- 3.4818
INFO:root:Epoch no. 365 of 500 (samples: 710911)
INFO:root:Loss: 280.0209 +/- 3.4176
INFO:root:Epoch no. 366 of 500 (samples: 710911)
INFO:root:Loss: 280.2548 +/- 2.8764
INFO:root:Epoch no. 367 of 500 (samples: 710911)
INFO:root:Loss: 280.8943 +/- 3.4025
INFO:root:Epoch no. 368 of 500 (samples: 710911)
INFO:root:Loss: 280.7747 +/- 3.5001
INFO:root:Epoch no. 369 of 500 (samples: 710911)
INFO:root:Loss: 280.4983 +/- 3.3621
INFO:root:Epoch no. 370 of 500 (samples: 710911)
INFO:root:Loss: 280.9727 +/- 2.6285
INFO:root:Epoch no. 371 of 500 (samples: 710911)
INFO:root:Loss: 280.2998 +/- 3.1817
INFO:root:Epoch no. 372 of 500 (samples: 710911)
INFO:root:Loss: 280.3862 +/- 3.8356
INFO:root:Epoch no. 373 of 500 (samples: 710911)
INFO:root:Loss: 280.1958 +/- 3.1162
INFO:root:Epoch no. 374 of 500 (samples: 710911)
INFO:root:Loss: 280.4398 +/- 2.9466
INFO:root:Epoch no. 375 of 500 (samples: 710911)
INFO:root:Loss: 280.4585 +/- 3.7096
INFO:root:Epoch no. 376 of 500 (samples: 710911)
INFO:root:Loss: 279.7373 +/- 3.7438
INFO:root:Epoch no. 377 of 500 (samples: 710911)
INFO:root:Loss: 280.1135 +/- 2.7825
INFO:root:Epoch no. 378 of 500 (samples: 710911)
INFO:root:Loss: 280.1114 +/- 4.0869
INFO:root:Epoch no. 379 of 500 (samples: 710911)
INFO:root:Loss: 279.7794 +/- 3.5386
INFO:root:Epoch no. 380 of 500 (samples: 710911)
INFO:root:Loss: 280.5095 +/- 2.9866
INFO:root:Epoch no. 381 of 500 (samples: 710911)
INFO:root:Loss: 279.7745 +/- 3.0719
INFO:root:Epoch no. 382 of 500 (samples: 710911)
INFO:root:Loss: 279.9717 +/- 3.618
INFO:root:Epoch no. 383 of 500 (samples: 710911)
INFO:root:Loss: 279.7287 +/- 3.6191
INFO:root:Epoch no. 384 of 500 (samples: 710911)
INFO:root:Loss: 280.082 +/- 3.1585
INFO:root:Epoch no. 385 of 500 (samples: 710911)
INFO:root:Loss: 280.1179 +/- 3.2292
INFO:root:Epoch no. 386 of 500 (samples: 710911)
INFO:root:Loss: 279.8139 +/- 3.627
INFO:root:Epoch no. 387 of 500 (samples: 710911)
INFO:root:Loss: 279.8521 +/- 3.1906
INFO:root:Epoch no. 388 of 500 (samples: 710911)
INFO:root:Loss: 279.8967 +/- 2.7839
INFO:root:Epoch no. 389 of 500 (samples: 710911)
INFO:root:Loss: 279.7148 +/- 3.947
INFO:root:Epoch no. 390 of 500 (samples: 710911)
INFO:root:Loss: 280.2254 +/- 3.1835
INFO:root:Epoch no. 391 of 500 (samples: 710911)
INFO:root:Loss: 279.8563 +/- 3.2682
INFO:root:Epoch no. 392 of 500 (samples: 710911)
INFO:root:Loss: 279.1399 +/- 3.1153
INFO:root:Epoch no. 393 of 500 (samples: 710911)
INFO:root:Loss: 280.1731 +/- 2.9906
INFO:root:Epoch no. 394 of 500 (samples: 710911)
INFO:root:Loss: 279.2243 +/- 3.3699
INFO:root:Epoch no. 395 of 500 (samples: 710911)
INFO:root:Loss: 279.3507 +/- 4.128
INFO:root:Epoch no. 396 of 500 (samples: 710911)
INFO:root:Loss: 279.2167 +/- 3.0691
INFO:root:Epoch no. 397 of 500 (samples: 710911)
INFO:root:Loss: 278.9832 +/- 2.8724
INFO:root:Epoch no. 398 of 500 (samples: 710911)
INFO:root:Loss: 279.3465 +/- 3.732
INFO:root:Epoch no. 399 of 500 (samples: 710911)
INFO:root:Loss: 279.2697 +/- 3.4958
INFO:root:Epoch no. 400 of 500 (samples: 710911)
INFO:root:Loss: 278.4989 +/- 2.7598
INFO:root:Epoch no. 401 of 500 (samples: 710911)
INFO:root:Loss: 279.1044 +/- 3.4187
INFO:root:Epoch no. 402 of 500 (samples: 710911)
INFO:root:Loss: 279.2485 +/- 3.522
INFO:root:Epoch no. 403 of 500 (samples: 710911)
INFO:root:Loss: 279.2321 +/- 2.7718
INFO:root:Epoch no. 404 of 500 (samples: 710911)
INFO:root:Loss: 279.0501 +/- 3.7086
INFO:root:Epoch no. 405 of 500 (samples: 710911)
INFO:root:Loss: 278.7024 +/- 2.3356
INFO:root:Epoch no. 406 of 500 (samples: 710911)
INFO:root:Loss: 279.6325 +/- 3.3361
INFO:root:Epoch no. 407 of 500 (samples: 710911)
INFO:root:Loss: 279.456 +/- 2.3984
INFO:root:Epoch no. 408 of 500 (samples: 710911)
INFO:root:Loss: 279.2335 +/- 2.4736
INFO:root:Epoch no. 409 of 500 (samples: 710911)
INFO:root:Loss: 279.1028 +/- 3.2295
INFO:root:Epoch no. 410 of 500 (samples: 710911)
INFO:root:Loss: 279.13 +/- 3.303
INFO:root:Epoch no. 411 of 500 (samples: 710911)
INFO:root:Loss: 278.5388 +/- 3.3994
INFO:root:Epoch no. 412 of 500 (samples: 710911)
INFO:root:Loss: 279.2456 +/- 3.4535
INFO:root:Epoch no. 413 of 500 (samples: 710911)
INFO:root:Loss: 278.4741 +/- 2.9902
INFO:root:Epoch no. 414 of 500 (samples: 710911)
INFO:root:Loss: 279.1171 +/- 3.0669
INFO:root:Epoch no. 415 of 500 (samples: 710911)
INFO:root:Loss: 278.834 +/- 2.8423
INFO:root:Epoch no. 416 of 500 (samples: 710911)
INFO:root:Loss: 278.7685 +/- 3.5214
INFO:root:Epoch no. 417 of 500 (samples: 710911)
INFO:root:Loss: 278.4293 +/- 3.0486
INFO:root:Epoch no. 418 of 500 (samples: 710911)
INFO:root:Loss: 278.7891 +/- 3.8937
INFO:root:Epoch no. 419 of 500 (samples: 710911)
INFO:root:Loss: 278.7764 +/- 3.047
INFO:root:Epoch no. 420 of 500 (samples: 710911)
INFO:root:Loss: 278.8811 +/- 3.0077
INFO:root:Epoch no. 421 of 500 (samples: 710911)
INFO:root:Loss: 278.6252 +/- 3.0898
INFO:root:Epoch no. 422 of 500 (samples: 710911)
INFO:root:Loss: 278.0192 +/- 2.3319
INFO:root:Epoch no. 423 of 500 (samples: 710911)
INFO:root:Loss: 278.4864 +/- 2.4958
INFO:root:Epoch no. 424 of 500 (samples: 710911)
INFO:root:Loss: 279.0208 +/- 3.0946
INFO:root:Epoch no. 425 of 500 (samples: 710911)
INFO:root:Loss: 278.6734 +/- 3.3374
INFO:root:Epoch no. 426 of 500 (samples: 710911)
INFO:root:Loss: 278.8078 +/- 3.4696
INFO:root:Epoch no. 427 of 500 (samples: 710911)
INFO:root:Loss: 278.6026 +/- 2.9254
INFO:root:Epoch no. 428 of 500 (samples: 710911)
INFO:root:Loss: 278.9438 +/- 2.8019
INFO:root:Epoch no. 429 of 500 (samples: 710911)
INFO:root:Loss: 278.7764 +/- 3.2093
INFO:root:Epoch no. 430 of 500 (samples: 710911)
INFO:root:Loss: 278.0289 +/- 3.1373
INFO:root:Epoch no. 431 of 500 (samples: 710911)
INFO:root:Loss: 277.8305 +/- 2.698
INFO:root:Epoch no. 432 of 500 (samples: 710911)
INFO:root:Loss: 278.7149 +/- 2.9074
INFO:root:Epoch no. 433 of 500 (samples: 710911)
INFO:root:Loss: 278.1462 +/- 3.5244
INFO:root:Epoch no. 434 of 500 (samples: 710911)
INFO:root:Loss: 277.8294 +/- 2.8259
INFO:root:Epoch no. 435 of 500 (samples: 710911)
INFO:root:Loss: 277.9518 +/- 3.2747
INFO:root:Epoch no. 436 of 500 (samples: 710911)
INFO:root:Loss: 277.7094 +/- 3.1245
INFO:root:Epoch no. 437 of 500 (samples: 710911)
INFO:root:Loss: 277.8122 +/- 2.9466
INFO:root:Epoch no. 438 of 500 (samples: 710911)
INFO:root:Loss: 277.9852 +/- 3.0597
INFO:root:Epoch no. 439 of 500 (samples: 710911)
INFO:root:Loss: 278.502 +/- 3.151
INFO:root:Epoch no. 440 of 500 (samples: 710911)
INFO:root:Loss: 278.3521 +/- 3.3176
INFO:root:Epoch no. 441 of 500 (samples: 710911)
INFO:root:Loss: 277.7945 +/- 2.883
INFO:root:Epoch no. 442 of 500 (samples: 710911)
INFO:root:Loss: 278.0438 +/- 2.8965
INFO:root:Epoch no. 443 of 500 (samples: 710911)
INFO:root:Loss: 277.8176 +/- 3.0673
INFO:root:Epoch no. 444 of 500 (samples: 710911)
INFO:root:Loss: 278.1615 +/- 3.2666
INFO:root:Epoch no. 445 of 500 (samples: 710911)
INFO:root:Loss: 277.6067 +/- 2.8026
INFO:root:Epoch no. 446 of 500 (samples: 710911)
INFO:root:Loss: 278.0572 +/- 2.9613
INFO:root:Epoch no. 447 of 500 (samples: 710911)
INFO:root:Loss: 278.0112 +/- 3.5044
INFO:root:Epoch no. 448 of 500 (samples: 710911)
INFO:root:Loss: 277.7271 +/- 2.847
INFO:root:Epoch no. 449 of 500 (samples: 710911)
INFO:root:Loss: 277.6448 +/- 3.2249
INFO:root:Epoch no. 450 of 500 (samples: 710911)
INFO:root:Loss: 277.5421 +/- 3.1188
INFO:root:Epoch no. 451 of 500 (samples: 710911)
INFO:root:Loss: 277.4109 +/- 3.3226
INFO:root:Epoch no. 452 of 500 (samples: 710911)
INFO:root:Loss: 277.9462 +/- 3.4901
INFO:root:Epoch no. 453 of 500 (samples: 710911)
INFO:root:Loss: 277.5183 +/- 2.4974
INFO:root:Epoch no. 454 of 500 (samples: 710911)
INFO:root:Loss: 278.2687 +/- 2.9051
INFO:root:Epoch no. 455 of 500 (samples: 710911)
INFO:root:Loss: 277.3567 +/- 3.6472
INFO:root:Epoch no. 456 of 500 (samples: 710911)
INFO:root:Loss: 277.5926 +/- 3.0876
INFO:root:Epoch no. 457 of 500 (samples: 710911)
INFO:root:Loss: 277.6026 +/- 2.8771
INFO:root:Epoch no. 458 of 500 (samples: 710911)
INFO:root:Loss: 277.2195 +/- 3.2898
INFO:root:Epoch no. 459 of 500 (samples: 710911)
INFO:root:Loss: 277.5956 +/- 3.1479
INFO:root:Epoch no. 460 of 500 (samples: 710911)
INFO:root:Loss: 277.3752 +/- 3.1347
INFO:root:Epoch no. 461 of 500 (samples: 710911)
INFO:root:Loss: 277.2326 +/- 3.2112
INFO:root:Epoch no. 462 of 500 (samples: 710911)
INFO:root:Loss: 277.5182 +/- 2.8607
INFO:root:Epoch no. 463 of 500 (samples: 710911)
INFO:root:Loss: 277.2175 +/- 3.2199
INFO:root:Epoch no. 464 of 500 (samples: 710911)
INFO:root:Loss: 277.1169 +/- 2.3081
INFO:root:Epoch no. 465 of 500 (samples: 710911)
INFO:root:Loss: 277.5332 +/- 1.9269
INFO:root:Epoch no. 466 of 500 (samples: 710911)
INFO:root:Loss: 277.1027 +/- 2.2522
INFO:root:Epoch no. 467 of 500 (samples: 710911)
INFO:root:Loss: 277.5388 +/- 2.7638
INFO:root:Epoch no. 468 of 500 (samples: 710911)
INFO:root:Loss: 277.3078 +/- 2.8577
INFO:root:Epoch no. 469 of 500 (samples: 710911)
INFO:root:Loss: 277.3141 +/- 2.7882
INFO:root:Epoch no. 470 of 500 (samples: 710911)
INFO:root:Loss: 277.118 +/- 2.6436
INFO:root:Epoch no. 471 of 500 (samples: 710911)
INFO:root:Loss: 277.0261 +/- 2.57
INFO:root:Epoch no. 472 of 500 (samples: 710911)
INFO:root:Loss: 276.6408 +/- 3.2611
INFO:root:Epoch no. 473 of 500 (samples: 710911)
INFO:root:Loss: 276.85 +/- 2.8727
INFO:root:Epoch no. 474 of 500 (samples: 710911)
INFO:root:Loss: 276.9832 +/- 3.4867
INFO:root:Epoch no. 475 of 500 (samples: 710911)
INFO:root:Loss: 276.4186 +/- 2.7638
INFO:root:Epoch no. 476 of 500 (samples: 710911)
INFO:root:Loss: 277.4576 +/- 3.0524
INFO:root:Epoch no. 477 of 500 (samples: 710911)
INFO:root:Loss: 277.147 +/- 3.0415
INFO:root:Epoch no. 478 of 500 (samples: 710911)
INFO:root:Loss: 277.3416 +/- 3.2259
INFO:root:Epoch no. 479 of 500 (samples: 710911)
INFO:root:Loss: 277.0795 +/- 3.3862
INFO:root:Epoch no. 480 of 500 (samples: 710911)
INFO:root:Loss: 277.4046 +/- 3.1194
INFO:root:Epoch no. 481 of 500 (samples: 710911)
INFO:root:Loss: 276.3016 +/- 2.7771
INFO:root:Epoch no. 482 of 500 (samples: 710911)
INFO:root:Loss: 277.0211 +/- 3.3358
INFO:root:Epoch no. 483 of 500 (samples: 710911)
INFO:root:Loss: 276.9188 +/- 3.3291
INFO:root:Epoch no. 484 of 500 (samples: 710911)
INFO:root:Loss: 277.1475 +/- 2.5962
INFO:root:Epoch no. 485 of 500 (samples: 710911)
INFO:root:Loss: 276.7466 +/- 2.5465
INFO:root:Epoch no. 486 of 500 (samples: 710911)
INFO:root:Loss: 276.9148 +/- 2.907
INFO:root:Epoch no. 487 of 500 (samples: 710911)
INFO:root:Loss: 277.0217 +/- 3.1894
INFO:root:Epoch no. 488 of 500 (samples: 710911)
INFO:root:Loss: 276.3894 +/- 3.1869
INFO:root:Epoch no. 489 of 500 (samples: 710911)
INFO:root:Loss: 276.0407 +/- 2.78
INFO:root:Epoch no. 490 of 500 (samples: 710911)
INFO:root:Loss: 276.9056 +/- 2.5653
INFO:root:Epoch no. 491 of 500 (samples: 710911)
INFO:root:Loss: 276.5197 +/- 2.64
INFO:root:Epoch no. 492 of 500 (samples: 710911)
INFO:root:Loss: 277.2236 +/- 2.7865
INFO:root:Epoch no. 493 of 500 (samples: 710911)
INFO:root:Loss: 276.2542 +/- 2.5058
INFO:root:Epoch no. 494 of 500 (samples: 710911)
INFO:root:Loss: 276.3525 +/- 2.8348
INFO:root:Epoch no. 495 of 500 (samples: 710911)
INFO:root:Loss: 277.0431 +/- 2.9118
INFO:root:Epoch no. 496 of 500 (samples: 710911)
INFO:root:Loss: 276.3488 +/- 2.9421
INFO:root:Epoch no. 497 of 500 (samples: 710911)
INFO:root:Loss: 276.8212 +/- 2.7471
INFO:root:Epoch no. 498 of 500 (samples: 710911)
INFO:root:Loss: 276.4512 +/- 2.7228
INFO:root:Epoch no. 499 of 500 (samples: 710911)
INFO:root:Loss: 276.5025 +/- 2.5761
INFO:root:Epoch no. 500 of 500 (samples: 710911)
INFO:root:Loss: 276.83 +/- 2.7069
/home/insight/.local/lib/python3.4/site-packages/Keras-1.0.1-py3.4.egg/keras/backend/theano_backend.py:489: UserWarning: theano.function was asked to create a function computing outputs given certain inputs, but the provided input variable at index 2 is not part of the computational graph needed to compute the outputs: keras_learning_phase.
To make this warning into an error, you can pass the parameter on_unused_input='raise' to theano.function. To disable it completely, use on_unused_input='ignore'.
  **kwargs)
INFO:root:### MICRO (validation raw):
INFO:root:	-- left   >> mean: 38386.8402, median: 4843.0, mrr: 0.036, hits@1: 0.1%
INFO:root:	-- right  >> mean: 8733.4972, median: 30.0, mrr: 0.151, hits@1: 6.32%
INFO:root:	-- global >> mean: 23560.1687, median: 235.0, mrr: 0.093, hits@1: 3.21%
INFO:root:### MICRO (validation raw):
INFO:root:	-- left   >> mean: 38386.8402, median: 4843.0, mrr: 0.036, hits@3: 5.02%
INFO:root:	-- right  >> mean: 8733.4972, median: 30.0, mrr: 0.151, hits@3: 16.82%
INFO:root:	-- global >> mean: 23560.1687, median: 235.0, mrr: 0.093, hits@3: 10.92%
INFO:root:### MICRO (validation raw):
INFO:root:	-- left   >> mean: 38386.8402, median: 4843.0, mrr: 0.036, hits@5: 7.64%
INFO:root:	-- right  >> mean: 8733.4972, median: 30.0, mrr: 0.151, hits@5: 23.66%
INFO:root:	-- global >> mean: 23560.1687, median: 235.0, mrr: 0.093, hits@5: 15.65%
INFO:root:### MICRO (validation raw):
INFO:root:	-- left   >> mean: 38386.8402, median: 4843.0, mrr: 0.036, hits@10: 10.5%
INFO:root:	-- right  >> mean: 8733.4972, median: 30.0, mrr: 0.151, hits@10: 34.36%
INFO:root:	-- global >> mean: 23560.1687, median: 235.0, mrr: 0.093, hits@10: 22.43%
INFO:root:### MICRO (validation filtered):
INFO:root:	-- left   >> mean: 36829.1738, median: 3311.0, mrr: 0.044, hits@1: 0.12%
INFO:root:	-- right  >> mean: 8732.513, median: 28.0, mrr: 0.174, hits@1: 8.56%
INFO:root:	-- global >> mean: 22780.8434, median: 208.5, mrr: 0.109, hits@1: 4.34%
INFO:root:### MICRO (validation filtered):
INFO:root:	-- left   >> mean: 36829.1738, median: 3311.0, mrr: 0.044, hits@3: 6.46%
INFO:root:	-- right  >> mean: 8732.513, median: 28.0, mrr: 0.174, hits@3: 19.88%
INFO:root:	-- global >> mean: 22780.8434, median: 208.5, mrr: 0.109, hits@3: 13.17%
INFO:root:### MICRO (validation filtered):
INFO:root:	-- left   >> mean: 36829.1738, median: 3311.0, mrr: 0.044, hits@5: 9.06%
INFO:root:	-- right  >> mean: 8732.513, median: 28.0, mrr: 0.174, hits@5: 26.22%
INFO:root:	-- global >> mean: 22780.8434, median: 208.5, mrr: 0.109, hits@5: 17.64%
INFO:root:### MICRO (validation filtered):
INFO:root:	-- left   >> mean: 36829.1738, median: 3311.0, mrr: 0.044, hits@10: 12.34%
INFO:root:	-- right  >> mean: 8732.513, median: 28.0, mrr: 0.174, hits@10: 35.74%
INFO:root:	-- global >> mean: 22780.8434, median: 208.5, mrr: 0.109, hits@10: 24.04%
INFO:root:### MICRO (test raw):
INFO:root:	-- left   >> mean: 37107.9944, median: 4658.0, mrr: 0.036, hits@1: 0.1%
INFO:root:	-- right  >> mean: 8624.5892, median: 34.0, mrr: 0.151, hits@1: 6.74%
INFO:root:	-- global >> mean: 22866.2918, median: 217.0, mrr: 0.093, hits@1: 3.42%
INFO:root:### MICRO (test raw):
INFO:root:	-- left   >> mean: 37107.9944, median: 4658.0, mrr: 0.036, hits@3: 4.86%
INFO:root:	-- right  >> mean: 8624.5892, median: 34.0, mrr: 0.151, hits@3: 16.74%
INFO:root:	-- global >> mean: 22866.2918, median: 217.0, mrr: 0.093, hits@3: 10.8%
INFO:root:### MICRO (test raw):
INFO:root:	-- left   >> mean: 37107.9944, median: 4658.0, mrr: 0.036, hits@5: 7.14%
INFO:root:	-- right  >> mean: 8624.5892, median: 34.0, mrr: 0.151, hits@5: 22.86%
INFO:root:	-- global >> mean: 22866.2918, median: 217.0, mrr: 0.093, hits@5: 15.0%
INFO:root:### MICRO (test raw):
INFO:root:	-- left   >> mean: 37107.9944, median: 4658.0, mrr: 0.036, hits@10: 10.44%
INFO:root:	-- right  >> mean: 8624.5892, median: 34.0, mrr: 0.151, hits@10: 32.5%
INFO:root:	-- global >> mean: 22866.2918, median: 217.0, mrr: 0.093, hits@10: 21.47%
INFO:root:### MICRO (test filtered):
INFO:root:	-- left   >> mean: 35587.806, median: 3141.5, mrr: 0.043, hits@1: 0.14%
INFO:root:	-- right  >> mean: 8623.566, median: 33.0, mrr: 0.17, hits@1: 8.56%
INFO:root:	-- global >> mean: 22105.686, median: 195.0, mrr: 0.106, hits@1: 4.35%
INFO:root:### MICRO (test filtered):
INFO:root:	-- left   >> mean: 35587.806, median: 3141.5, mrr: 0.043, hits@3: 6.06%
INFO:root:	-- right  >> mean: 8623.566, median: 33.0, mrr: 0.17, hits@3: 19.18%
INFO:root:	-- global >> mean: 22105.686, median: 195.0, mrr: 0.106, hits@3: 12.62%
INFO:root:### MICRO (test filtered):
INFO:root:	-- left   >> mean: 35587.806, median: 3141.5, mrr: 0.043, hits@5: 8.7%
INFO:root:	-- right  >> mean: 8623.566, median: 33.0, mrr: 0.17, hits@5: 24.92%
INFO:root:	-- global >> mean: 22105.686, median: 195.0, mrr: 0.106, hits@5: 16.81%
INFO:root:### MICRO (test filtered):
INFO:root:	-- left   >> mean: 35587.806, median: 3141.5, mrr: 0.043, hits@10: 12.06%
INFO:root:	-- right  >> mean: 8623.566, median: 33.0, mrr: 0.17, hits@10: 33.92%
INFO:root:	-- global >> mean: 22105.686, median: 195.0, mrr: 0.106, hits@10: 22.99%
