Using Theano backend.
INFO:root:Acquiring data/music_5k/music-train.txt.gz ..
INFO:root:Acquiring data/music_5k/music-valid.txt.gz ..
INFO:root:Acquiring data/music_5k/music-test.txt.gz ..
INFO:root:Samples: 101559, no. batches: 10 -> batch size: 10156
INFO:root:Epoch no. 1 of 500 (samples: 101559)
INFO:root:Loss: 2802.9375 +/- 120.0211
INFO:root:Epoch no. 2 of 500 (samples: 101559)
INFO:root:Loss: 2448.9563 +/- 62.347
INFO:root:Epoch no. 3 of 500 (samples: 101559)
INFO:root:Loss: 1775.2756 +/- 55.8613
INFO:root:Epoch no. 4 of 500 (samples: 101559)
INFO:root:Loss: 1134.853 +/- 13.8273
INFO:root:Epoch no. 5 of 500 (samples: 101559)
INFO:root:Loss: 815.0515 +/- 32.1057
INFO:root:Epoch no. 6 of 500 (samples: 101559)
INFO:root:Loss: 723.9784 +/- 31.1527
INFO:root:Epoch no. 7 of 500 (samples: 101559)
INFO:root:Loss: 685.7109 +/- 19.4389
INFO:root:Epoch no. 8 of 500 (samples: 101559)
INFO:root:Loss: 664.2677 +/- 17.4635
INFO:root:Epoch no. 9 of 500 (samples: 101559)
INFO:root:Loss: 651.0254 +/- 13.9292
INFO:root:Epoch no. 10 of 500 (samples: 101559)
INFO:root:Loss: 642.9003 +/- 12.9768
INFO:root:Epoch no. 11 of 500 (samples: 101559)
INFO:root:Loss: 637.0201 +/- 10.8093
INFO:root:Epoch no. 12 of 500 (samples: 101559)
INFO:root:Loss: 633.2602 +/- 10.0842
INFO:root:Epoch no. 13 of 500 (samples: 101559)
INFO:root:Loss: 630.5904 +/- 9.0495
INFO:root:Epoch no. 14 of 500 (samples: 101559)
INFO:root:Loss: 627.7902 +/- 5.828
INFO:root:Epoch no. 15 of 500 (samples: 101559)
INFO:root:Loss: 626.1019 +/- 11.4698
INFO:root:Epoch no. 16 of 500 (samples: 101559)
INFO:root:Loss: 624.1804 +/- 13.8231
INFO:root:Epoch no. 17 of 500 (samples: 101559)
INFO:root:Loss: 621.7727 +/- 7.6449
INFO:root:Epoch no. 18 of 500 (samples: 101559)
INFO:root:Loss: 615.787 +/- 8.5479
INFO:root:Epoch no. 19 of 500 (samples: 101559)
INFO:root:Loss: 599.7909 +/- 11.7395
INFO:root:Epoch no. 20 of 500 (samples: 101559)
INFO:root:Loss: 557.3387 +/- 15.0849
INFO:root:Epoch no. 21 of 500 (samples: 101559)
INFO:root:Loss: 488.0511 +/- 11.5312
INFO:root:Epoch no. 22 of 500 (samples: 101559)
INFO:root:Loss: 413.1085 +/- 10.1854
INFO:root:Epoch no. 23 of 500 (samples: 101559)
INFO:root:Loss: 355.36 +/- 6.2493
INFO:root:Epoch no. 24 of 500 (samples: 101559)
INFO:root:Loss: 319.7705 +/- 7.5225
INFO:root:Epoch no. 25 of 500 (samples: 101559)
INFO:root:Loss: 297.076 +/- 8.4429
INFO:root:Epoch no. 26 of 500 (samples: 101559)
INFO:root:Loss: 280.5838 +/- 10.6478
INFO:root:Epoch no. 27 of 500 (samples: 101559)
INFO:root:Loss: 268.7932 +/- 8.2524
INFO:root:Epoch no. 28 of 500 (samples: 101559)
INFO:root:Loss: 261.6238 +/- 6.3615
INFO:root:Epoch no. 29 of 500 (samples: 101559)
INFO:root:Loss: 255.0543 +/- 6.2949
INFO:root:Epoch no. 30 of 500 (samples: 101559)
INFO:root:Loss: 246.5703 +/- 4.9144
INFO:root:Epoch no. 31 of 500 (samples: 101559)
INFO:root:Loss: 229.92 +/- 4.3109
INFO:root:Epoch no. 32 of 500 (samples: 101559)
INFO:root:Loss: 220.3167 +/- 5.9643
INFO:root:Epoch no. 33 of 500 (samples: 101559)
INFO:root:Loss: 213.2612 +/- 6.1093
INFO:root:Epoch no. 34 of 500 (samples: 101559)
INFO:root:Loss: 210.3148 +/- 6.8771
INFO:root:Epoch no. 35 of 500 (samples: 101559)
INFO:root:Loss: 206.4823 +/- 3.7077
INFO:root:Epoch no. 36 of 500 (samples: 101559)
INFO:root:Loss: 202.8906 +/- 7.1873
INFO:root:Epoch no. 37 of 500 (samples: 101559)
INFO:root:Loss: 201.5831 +/- 5.0257
INFO:root:Epoch no. 38 of 500 (samples: 101559)
INFO:root:Loss: 200.4225 +/- 4.6585
INFO:root:Epoch no. 39 of 500 (samples: 101559)
INFO:root:Loss: 198.7039 +/- 4.468
INFO:root:Epoch no. 40 of 500 (samples: 101559)
INFO:root:Loss: 198.0516 +/- 6.6408
INFO:root:Epoch no. 41 of 500 (samples: 101559)
INFO:root:Loss: 198.5624 +/- 4.8018
INFO:root:Epoch no. 42 of 500 (samples: 101559)
INFO:root:Loss: 199.7749 +/- 3.2017
INFO:root:Epoch no. 43 of 500 (samples: 101559)
INFO:root:Loss: 198.6254 +/- 4.9514
INFO:root:Epoch no. 44 of 500 (samples: 101559)
INFO:root:Loss: 191.5055 +/- 3.0804
INFO:root:Epoch no. 45 of 500 (samples: 101559)
INFO:root:Loss: 184.4122 +/- 4.1952
INFO:root:Epoch no. 46 of 500 (samples: 101559)
INFO:root:Loss: 180.0672 +/- 3.6528
INFO:root:Epoch no. 47 of 500 (samples: 101559)
INFO:root:Loss: 178.3842 +/- 6.1329
INFO:root:Epoch no. 48 of 500 (samples: 101559)
INFO:root:Loss: 178.014 +/- 6.6704
INFO:root:Epoch no. 49 of 500 (samples: 101559)
INFO:root:Loss: 178.4555 +/- 4.3319
INFO:root:Epoch no. 50 of 500 (samples: 101559)
INFO:root:Loss: 171.8324 +/- 5.1806
INFO:root:Epoch no. 51 of 500 (samples: 101559)
INFO:root:Loss: 160.2112 +/- 1.9225
INFO:root:Epoch no. 52 of 500 (samples: 101559)
INFO:root:Loss: 154.9702 +/- 6.0617
INFO:root:Epoch no. 53 of 500 (samples: 101559)
INFO:root:Loss: 149.5841 +/- 6.1434
INFO:root:Epoch no. 54 of 500 (samples: 101559)
INFO:root:Loss: 146.9983 +/- 5.0018
INFO:root:Epoch no. 55 of 500 (samples: 101559)
INFO:root:Loss: 144.8583 +/- 3.895
INFO:root:Epoch no. 56 of 500 (samples: 101559)
INFO:root:Loss: 143.1918 +/- 5.3915
INFO:root:Epoch no. 57 of 500 (samples: 101559)
INFO:root:Loss: 140.9331 +/- 3.0557
INFO:root:Epoch no. 58 of 500 (samples: 101559)
INFO:root:Loss: 140.6861 +/- 3.3791
INFO:root:Epoch no. 59 of 500 (samples: 101559)
INFO:root:Loss: 139.163 +/- 3.6319
INFO:root:Epoch no. 60 of 500 (samples: 101559)
INFO:root:Loss: 138.2777 +/- 4.3558
INFO:root:Epoch no. 61 of 500 (samples: 101559)
INFO:root:Loss: 136.79 +/- 3.8911
INFO:root:Epoch no. 62 of 500 (samples: 101559)
INFO:root:Loss: 135.6056 +/- 4.8509
INFO:root:Epoch no. 63 of 500 (samples: 101559)
INFO:root:Loss: 136.1965 +/- 4.0504
INFO:root:Epoch no. 64 of 500 (samples: 101559)
INFO:root:Loss: 135.4896 +/- 4.8835
INFO:root:Epoch no. 65 of 500 (samples: 101559)
INFO:root:Loss: 134.6004 +/- 3.2584
INFO:root:Epoch no. 66 of 500 (samples: 101559)
INFO:root:Loss: 133.998 +/- 4.8731
INFO:root:Epoch no. 67 of 500 (samples: 101559)
INFO:root:Loss: 133.3137 +/- 2.7509
INFO:root:Epoch no. 68 of 500 (samples: 101559)
INFO:root:Loss: 132.7086 +/- 4.817
INFO:root:Epoch no. 69 of 500 (samples: 101559)
INFO:root:Loss: 132.033 +/- 1.9881
INFO:root:Epoch no. 70 of 500 (samples: 101559)
INFO:root:Loss: 132.4716 +/- 4.2489
INFO:root:Epoch no. 71 of 500 (samples: 101559)
INFO:root:Loss: 131.3748 +/- 4.4091
INFO:root:Epoch no. 72 of 500 (samples: 101559)
INFO:root:Loss: 131.1866 +/- 3.5406
INFO:root:Epoch no. 73 of 500 (samples: 101559)
INFO:root:Loss: 130.8153 +/- 4.0151
INFO:root:Epoch no. 74 of 500 (samples: 101559)
INFO:root:Loss: 129.8202 +/- 3.543
INFO:root:Epoch no. 75 of 500 (samples: 101559)
INFO:root:Loss: 128.6969 +/- 3.058
INFO:root:Epoch no. 76 of 500 (samples: 101559)
INFO:root:Loss: 129.0918 +/- 2.7533
INFO:root:Epoch no. 77 of 500 (samples: 101559)
INFO:root:Loss: 128.622 +/- 4.4072
INFO:root:Epoch no. 78 of 500 (samples: 101559)
INFO:root:Loss: 128.0662 +/- 3.8036
INFO:root:Epoch no. 79 of 500 (samples: 101559)
INFO:root:Loss: 127.2837 +/- 3.5932
INFO:root:Epoch no. 80 of 500 (samples: 101559)
INFO:root:Loss: 127.3155 +/- 3.1845
INFO:root:Epoch no. 81 of 500 (samples: 101559)
INFO:root:Loss: 126.7732 +/- 2.8007
INFO:root:Epoch no. 82 of 500 (samples: 101559)
INFO:root:Loss: 126.8214 +/- 2.0837
INFO:root:Epoch no. 83 of 500 (samples: 101559)
INFO:root:Loss: 125.8553 +/- 3.3796
INFO:root:Epoch no. 84 of 500 (samples: 101559)
INFO:root:Loss: 123.84 +/- 3.562
INFO:root:Epoch no. 85 of 500 (samples: 101559)
INFO:root:Loss: 124.6491 +/- 3.6665
INFO:root:Epoch no. 86 of 500 (samples: 101559)
INFO:root:Loss: 124.1155 +/- 1.5632
INFO:root:Epoch no. 87 of 500 (samples: 101559)
INFO:root:Loss: 123.3658 +/- 2.8347
INFO:root:Epoch no. 88 of 500 (samples: 101559)
INFO:root:Loss: 121.8537 +/- 4.093
INFO:root:Epoch no. 89 of 500 (samples: 101559)
INFO:root:Loss: 122.298 +/- 2.1961
INFO:root:Epoch no. 90 of 500 (samples: 101559)
INFO:root:Loss: 122.3986 +/- 2.3232
INFO:root:Epoch no. 91 of 500 (samples: 101559)
INFO:root:Loss: 122.8522 +/- 2.055
INFO:root:Epoch no. 92 of 500 (samples: 101559)
INFO:root:Loss: 121.7154 +/- 3.133
INFO:root:Epoch no. 93 of 500 (samples: 101559)
INFO:root:Loss: 120.7696 +/- 2.781
INFO:root:Epoch no. 94 of 500 (samples: 101559)
INFO:root:Loss: 121.1448 +/- 3.0275
INFO:root:Epoch no. 95 of 500 (samples: 101559)
INFO:root:Loss: 119.6749 +/- 2.1005
INFO:root:Epoch no. 96 of 500 (samples: 101559)
INFO:root:Loss: 120.3678 +/- 3.0289
INFO:root:Epoch no. 97 of 500 (samples: 101559)
INFO:root:Loss: 119.4635 +/- 3.2985
INFO:root:Epoch no. 98 of 500 (samples: 101559)
INFO:root:Loss: 118.5951 +/- 3.7171
INFO:root:Epoch no. 99 of 500 (samples: 101559)
INFO:root:Loss: 119.3422 +/- 3.6021
INFO:root:Epoch no. 100 of 500 (samples: 101559)
INFO:root:Loss: 118.2117 +/- 2.295
INFO:root:Epoch no. 101 of 500 (samples: 101559)
INFO:root:Loss: 118.2662 +/- 1.6165
INFO:root:Epoch no. 102 of 500 (samples: 101559)
INFO:root:Loss: 116.9176 +/- 3.7479
INFO:root:Epoch no. 103 of 500 (samples: 101559)
INFO:root:Loss: 115.7192 +/- 2.9497
INFO:root:Epoch no. 104 of 500 (samples: 101559)
INFO:root:Loss: 116.3267 +/- 1.6777
INFO:root:Epoch no. 105 of 500 (samples: 101559)
INFO:root:Loss: 115.6104 +/- 2.7916
INFO:root:Epoch no. 106 of 500 (samples: 101559)
INFO:root:Loss: 115.1995 +/- 1.5383
INFO:root:Epoch no. 107 of 500 (samples: 101559)
INFO:root:Loss: 115.6579 +/- 3.0725
INFO:root:Epoch no. 108 of 500 (samples: 101559)
INFO:root:Loss: 114.4613 +/- 1.9295
INFO:root:Epoch no. 109 of 500 (samples: 101559)
INFO:root:Loss: 114.6563 +/- 3.0049
INFO:root:Epoch no. 110 of 500 (samples: 101559)
INFO:root:Loss: 114.4935 +/- 3.5247
INFO:root:Epoch no. 111 of 500 (samples: 101559)
INFO:root:Loss: 114.0322 +/- 2.2166
INFO:root:Epoch no. 112 of 500 (samples: 101559)
INFO:root:Loss: 114.227 +/- 3.3323
INFO:root:Epoch no. 113 of 500 (samples: 101559)
INFO:root:Loss: 112.9019 +/- 3.1239
INFO:root:Epoch no. 114 of 500 (samples: 101559)
INFO:root:Loss: 112.1855 +/- 3.1767
INFO:root:Epoch no. 115 of 500 (samples: 101559)
INFO:root:Loss: 112.0945 +/- 2.7007
INFO:root:Epoch no. 116 of 500 (samples: 101559)
INFO:root:Loss: 111.7384 +/- 2.7318
INFO:root:Epoch no. 117 of 500 (samples: 101559)
INFO:root:Loss: 111.9048 +/- 4.4358
INFO:root:Epoch no. 118 of 500 (samples: 101559)
INFO:root:Loss: 110.6707 +/- 1.5985
INFO:root:Epoch no. 119 of 500 (samples: 101559)
INFO:root:Loss: 110.3688 +/- 2.4217
INFO:root:Epoch no. 120 of 500 (samples: 101559)
INFO:root:Loss: 110.2528 +/- 2.7393
INFO:root:Epoch no. 121 of 500 (samples: 101559)
INFO:root:Loss: 109.2747 +/- 2.0468
INFO:root:Epoch no. 122 of 500 (samples: 101559)
INFO:root:Loss: 109.5028 +/- 3.1101
INFO:root:Epoch no. 123 of 500 (samples: 101559)
INFO:root:Loss: 109.7833 +/- 2.138
INFO:root:Epoch no. 124 of 500 (samples: 101559)
INFO:root:Loss: 108.1194 +/- 3.0165
INFO:root:Epoch no. 125 of 500 (samples: 101559)
INFO:root:Loss: 108.1656 +/- 2.9631
INFO:root:Epoch no. 126 of 500 (samples: 101559)
INFO:root:Loss: 108.6389 +/- 1.8645
INFO:root:Epoch no. 127 of 500 (samples: 101559)
INFO:root:Loss: 108.0107 +/- 3.6138
INFO:root:Epoch no. 128 of 500 (samples: 101559)
INFO:root:Loss: 107.8079 +/- 3.257
INFO:root:Epoch no. 129 of 500 (samples: 101559)
INFO:root:Loss: 107.1002 +/- 3.0802
INFO:root:Epoch no. 130 of 500 (samples: 101559)
INFO:root:Loss: 107.1821 +/- 2.5292
INFO:root:Epoch no. 131 of 500 (samples: 101559)
INFO:root:Loss: 106.4365 +/- 2.7151
INFO:root:Epoch no. 132 of 500 (samples: 101559)
INFO:root:Loss: 106.3832 +/- 3.3369
INFO:root:Epoch no. 133 of 500 (samples: 101559)
INFO:root:Loss: 105.6031 +/- 2.5303
INFO:root:Epoch no. 134 of 500 (samples: 101559)
INFO:root:Loss: 105.7775 +/- 1.7792
INFO:root:Epoch no. 135 of 500 (samples: 101559)
INFO:root:Loss: 105.5032 +/- 2.5652
INFO:root:Epoch no. 136 of 500 (samples: 101559)
INFO:root:Loss: 105.2061 +/- 1.3522
INFO:root:Epoch no. 137 of 500 (samples: 101559)
INFO:root:Loss: 105.2416 +/- 1.8828
INFO:root:Epoch no. 138 of 500 (samples: 101559)
INFO:root:Loss: 104.4248 +/- 2.1567
INFO:root:Epoch no. 139 of 500 (samples: 101559)
INFO:root:Loss: 104.1311 +/- 3.3452
INFO:root:Epoch no. 140 of 500 (samples: 101559)
INFO:root:Loss: 103.7443 +/- 1.9024
INFO:root:Epoch no. 141 of 500 (samples: 101559)
INFO:root:Loss: 102.9273 +/- 3.0
INFO:root:Epoch no. 142 of 500 (samples: 101559)
INFO:root:Loss: 103.549 +/- 2.2857
INFO:root:Epoch no. 143 of 500 (samples: 101559)
INFO:root:Loss: 102.405 +/- 2.4312
INFO:root:Epoch no. 144 of 500 (samples: 101559)
INFO:root:Loss: 102.6552 +/- 1.6052
INFO:root:Epoch no. 145 of 500 (samples: 101559)
INFO:root:Loss: 101.8211 +/- 2.3927
INFO:root:Epoch no. 146 of 500 (samples: 101559)
INFO:root:Loss: 101.6011 +/- 1.9795
INFO:root:Epoch no. 147 of 500 (samples: 101559)
INFO:root:Loss: 102.0402 +/- 2.7697
INFO:root:Epoch no. 148 of 500 (samples: 101559)
INFO:root:Loss: 101.1946 +/- 2.6581
INFO:root:Epoch no. 149 of 500 (samples: 101559)
INFO:root:Loss: 100.6815 +/- 1.3874
INFO:root:Epoch no. 150 of 500 (samples: 101559)
INFO:root:Loss: 100.566 +/- 2.0559
INFO:root:Epoch no. 151 of 500 (samples: 101559)
INFO:root:Loss: 100.7001 +/- 2.3006
INFO:root:Epoch no. 152 of 500 (samples: 101559)
INFO:root:Loss: 99.69 +/- 2.0676
INFO:root:Epoch no. 153 of 500 (samples: 101559)
INFO:root:Loss: 99.8092 +/- 2.4906
INFO:root:Epoch no. 154 of 500 (samples: 101559)
INFO:root:Loss: 100.0549 +/- 3.1352
INFO:root:Epoch no. 155 of 500 (samples: 101559)
INFO:root:Loss: 99.0696 +/- 2.8419
INFO:root:Epoch no. 156 of 500 (samples: 101559)
INFO:root:Loss: 98.9814 +/- 1.6707
INFO:root:Epoch no. 157 of 500 (samples: 101559)
INFO:root:Loss: 98.1353 +/- 1.9536
INFO:root:Epoch no. 158 of 500 (samples: 101559)
INFO:root:Loss: 97.9775 +/- 2.9481
INFO:root:Epoch no. 159 of 500 (samples: 101559)
INFO:root:Loss: 97.751 +/- 1.8332
INFO:root:Epoch no. 160 of 500 (samples: 101559)
INFO:root:Loss: 96.5772 +/- 1.4076
INFO:root:Epoch no. 161 of 500 (samples: 101559)
INFO:root:Loss: 97.1719 +/- 2.6503
INFO:root:Epoch no. 162 of 500 (samples: 101559)
INFO:root:Loss: 96.1678 +/- 2.1886
INFO:root:Epoch no. 163 of 500 (samples: 101559)
INFO:root:Loss: 96.2626 +/- 2.5452
INFO:root:Epoch no. 164 of 500 (samples: 101559)
INFO:root:Loss: 95.6924 +/- 2.615
INFO:root:Epoch no. 165 of 500 (samples: 101559)
INFO:root:Loss: 95.1387 +/- 2.0319
INFO:root:Epoch no. 166 of 500 (samples: 101559)
INFO:root:Loss: 95.7786 +/- 2.6133
INFO:root:Epoch no. 167 of 500 (samples: 101559)
INFO:root:Loss: 94.4596 +/- 2.882
INFO:root:Epoch no. 168 of 500 (samples: 101559)
INFO:root:Loss: 94.5003 +/- 1.9688
INFO:root:Epoch no. 169 of 500 (samples: 101559)
INFO:root:Loss: 94.3548 +/- 1.4755
INFO:root:Epoch no. 170 of 500 (samples: 101559)
INFO:root:Loss: 94.0709 +/- 2.347
INFO:root:Epoch no. 171 of 500 (samples: 101559)
INFO:root:Loss: 93.1568 +/- 2.1282
INFO:root:Epoch no. 172 of 500 (samples: 101559)
INFO:root:Loss: 92.952 +/- 2.3566
INFO:root:Epoch no. 173 of 500 (samples: 101559)
INFO:root:Loss: 94.0326 +/- 2.2947
INFO:root:Epoch no. 174 of 500 (samples: 101559)
INFO:root:Loss: 92.6776 +/- 1.911
INFO:root:Epoch no. 175 of 500 (samples: 101559)
INFO:root:Loss: 93.3742 +/- 1.9342
INFO:root:Epoch no. 176 of 500 (samples: 101559)
INFO:root:Loss: 92.4695 +/- 1.8908
INFO:root:Epoch no. 177 of 500 (samples: 101559)
INFO:root:Loss: 92.7839 +/- 3.0322
INFO:root:Epoch no. 178 of 500 (samples: 101559)
INFO:root:Loss: 91.6315 +/- 2.0207
INFO:root:Epoch no. 179 of 500 (samples: 101559)
INFO:root:Loss: 92.0948 +/- 2.3368
INFO:root:Epoch no. 180 of 500 (samples: 101559)
INFO:root:Loss: 91.1833 +/- 2.6734
INFO:root:Epoch no. 181 of 500 (samples: 101559)
INFO:root:Loss: 90.9965 +/- 1.6041
INFO:root:Epoch no. 182 of 500 (samples: 101559)
INFO:root:Loss: 90.2785 +/- 2.1655
INFO:root:Epoch no. 183 of 500 (samples: 101559)
INFO:root:Loss: 89.9055 +/- 2.0509
INFO:root:Epoch no. 184 of 500 (samples: 101559)
INFO:root:Loss: 90.7476 +/- 2.451
INFO:root:Epoch no. 185 of 500 (samples: 101559)
INFO:root:Loss: 90.5551 +/- 2.1811
INFO:root:Epoch no. 186 of 500 (samples: 101559)
INFO:root:Loss: 90.5135 +/- 2.0334
INFO:root:Epoch no. 187 of 500 (samples: 101559)
INFO:root:Loss: 89.6036 +/- 2.7095
INFO:root:Epoch no. 188 of 500 (samples: 101559)
INFO:root:Loss: 89.3027 +/- 2.4171
INFO:root:Epoch no. 189 of 500 (samples: 101559)
INFO:root:Loss: 89.0703 +/- 2.3114
INFO:root:Epoch no. 190 of 500 (samples: 101559)
INFO:root:Loss: 88.9746 +/- 1.1549
INFO:root:Epoch no. 191 of 500 (samples: 101559)
INFO:root:Loss: 88.8708 +/- 2.6852
INFO:root:Epoch no. 192 of 500 (samples: 101559)
INFO:root:Loss: 88.726 +/- 1.0244
INFO:root:Epoch no. 193 of 500 (samples: 101559)
INFO:root:Loss: 88.6387 +/- 1.8662
INFO:root:Epoch no. 194 of 500 (samples: 101559)
INFO:root:Loss: 88.0664 +/- 1.446
INFO:root:Epoch no. 195 of 500 (samples: 101559)
INFO:root:Loss: 88.6295 +/- 1.9999
INFO:root:Epoch no. 196 of 500 (samples: 101559)
INFO:root:Loss: 87.2891 +/- 3.2977
INFO:root:Epoch no. 197 of 500 (samples: 101559)
INFO:root:Loss: 87.3197 +/- 2.3852
INFO:root:Epoch no. 198 of 500 (samples: 101559)
INFO:root:Loss: 87.2972 +/- 1.837
INFO:root:Epoch no. 199 of 500 (samples: 101559)
INFO:root:Loss: 86.8988 +/- 2.1369
INFO:root:Epoch no. 200 of 500 (samples: 101559)
INFO:root:Loss: 86.5892 +/- 2.3979
INFO:root:Epoch no. 201 of 500 (samples: 101559)
INFO:root:Loss: 86.2615 +/- 2.6333
INFO:root:Epoch no. 202 of 500 (samples: 101559)
INFO:root:Loss: 86.1718 +/- 1.8566
INFO:root:Epoch no. 203 of 500 (samples: 101559)
INFO:root:Loss: 86.4984 +/- 1.1883
INFO:root:Epoch no. 204 of 500 (samples: 101559)
INFO:root:Loss: 85.1454 +/- 2.5964
INFO:root:Epoch no. 205 of 500 (samples: 101559)
INFO:root:Loss: 84.5541 +/- 1.3453
INFO:root:Epoch no. 206 of 500 (samples: 101559)
INFO:root:Loss: 84.6248 +/- 2.8475
INFO:root:Epoch no. 207 of 500 (samples: 101559)
INFO:root:Loss: 84.431 +/- 1.7908
INFO:root:Epoch no. 208 of 500 (samples: 101559)
INFO:root:Loss: 83.533 +/- 2.7296
INFO:root:Epoch no. 209 of 500 (samples: 101559)
INFO:root:Loss: 83.7623 +/- 1.5924
INFO:root:Epoch no. 210 of 500 (samples: 101559)
INFO:root:Loss: 83.2784 +/- 2.2896
INFO:root:Epoch no. 211 of 500 (samples: 101559)
INFO:root:Loss: 83.6048 +/- 2.0183
INFO:root:Epoch no. 212 of 500 (samples: 101559)
INFO:root:Loss: 84.033 +/- 2.0885
INFO:root:Epoch no. 213 of 500 (samples: 101559)
INFO:root:Loss: 83.8331 +/- 1.74
INFO:root:Epoch no. 214 of 500 (samples: 101559)
INFO:root:Loss: 83.557 +/- 1.7054
INFO:root:Epoch no. 215 of 500 (samples: 101559)
INFO:root:Loss: 83.3624 +/- 2.328
INFO:root:Epoch no. 216 of 500 (samples: 101559)
INFO:root:Loss: 83.1219 +/- 1.6082
INFO:root:Epoch no. 217 of 500 (samples: 101559)
INFO:root:Loss: 82.2952 +/- 2.2828
INFO:root:Epoch no. 218 of 500 (samples: 101559)
INFO:root:Loss: 82.6957 +/- 1.2339
INFO:root:Epoch no. 219 of 500 (samples: 101559)
INFO:root:Loss: 82.4938 +/- 1.4333
INFO:root:Epoch no. 220 of 500 (samples: 101559)
INFO:root:Loss: 81.4492 +/- 1.5826
INFO:root:Epoch no. 221 of 500 (samples: 101559)
INFO:root:Loss: 81.4436 +/- 1.7857
INFO:root:Epoch no. 222 of 500 (samples: 101559)
INFO:root:Loss: 80.6728 +/- 2.0512
INFO:root:Epoch no. 223 of 500 (samples: 101559)
INFO:root:Loss: 80.93 +/- 2.1802
INFO:root:Epoch no. 224 of 500 (samples: 101559)
INFO:root:Loss: 80.919 +/- 0.8616
INFO:root:Epoch no. 225 of 500 (samples: 101559)
INFO:root:Loss: 80.2088 +/- 1.7463
INFO:root:Epoch no. 226 of 500 (samples: 101559)
INFO:root:Loss: 80.4649 +/- 2.2244
INFO:root:Epoch no. 227 of 500 (samples: 101559)
INFO:root:Loss: 79.3459 +/- 1.8615
INFO:root:Epoch no. 228 of 500 (samples: 101559)
INFO:root:Loss: 79.7621 +/- 2.6552
INFO:root:Epoch no. 229 of 500 (samples: 101559)
INFO:root:Loss: 80.2559 +/- 2.4635
INFO:root:Epoch no. 230 of 500 (samples: 101559)
INFO:root:Loss: 79.8555 +/- 1.9271
INFO:root:Epoch no. 231 of 500 (samples: 101559)
INFO:root:Loss: 79.3183 +/- 2.0556
INFO:root:Epoch no. 232 of 500 (samples: 101559)
INFO:root:Loss: 80.0936 +/- 2.0695
INFO:root:Epoch no. 233 of 500 (samples: 101559)
INFO:root:Loss: 79.7504 +/- 2.1613
INFO:root:Epoch no. 234 of 500 (samples: 101559)
INFO:root:Loss: 79.8957 +/- 1.3945
INFO:root:Epoch no. 235 of 500 (samples: 101559)
INFO:root:Loss: 79.6777 +/- 1.427
INFO:root:Epoch no. 236 of 500 (samples: 101559)
INFO:root:Loss: 78.7469 +/- 0.9136
INFO:root:Epoch no. 237 of 500 (samples: 101559)
INFO:root:Loss: 78.9704 +/- 2.6817
INFO:root:Epoch no. 238 of 500 (samples: 101559)
INFO:root:Loss: 78.2068 +/- 2.3064
INFO:root:Epoch no. 239 of 500 (samples: 101559)
INFO:root:Loss: 77.6116 +/- 1.4423
INFO:root:Epoch no. 240 of 500 (samples: 101559)
INFO:root:Loss: 77.977 +/- 1.8375
INFO:root:Epoch no. 241 of 500 (samples: 101559)
INFO:root:Loss: 77.1657 +/- 1.4573
INFO:root:Epoch no. 242 of 500 (samples: 101559)
INFO:root:Loss: 77.9564 +/- 2.216
INFO:root:Epoch no. 243 of 500 (samples: 101559)
INFO:root:Loss: 77.8016 +/- 2.4894
INFO:root:Epoch no. 244 of 500 (samples: 101559)
INFO:root:Loss: 77.3198 +/- 2.521
INFO:root:Epoch no. 245 of 500 (samples: 101559)
INFO:root:Loss: 76.6336 +/- 1.7474
INFO:root:Epoch no. 246 of 500 (samples: 101559)
INFO:root:Loss: 76.1 +/- 1.7602
INFO:root:Epoch no. 247 of 500 (samples: 101559)
INFO:root:Loss: 75.6667 +/- 1.7549
INFO:root:Epoch no. 248 of 500 (samples: 101559)
INFO:root:Loss: 76.5057 +/- 1.7866
INFO:root:Epoch no. 249 of 500 (samples: 101559)
INFO:root:Loss: 75.2887 +/- 2.0947
INFO:root:Epoch no. 250 of 500 (samples: 101559)
INFO:root:Loss: 75.7827 +/- 1.241
INFO:root:Epoch no. 251 of 500 (samples: 101559)
INFO:root:Loss: 75.1901 +/- 1.2992
INFO:root:Epoch no. 252 of 500 (samples: 101559)
INFO:root:Loss: 74.9558 +/- 2.0085
INFO:root:Epoch no. 253 of 500 (samples: 101559)
INFO:root:Loss: 74.6706 +/- 1.931
INFO:root:Epoch no. 254 of 500 (samples: 101559)
INFO:root:Loss: 74.5684 +/- 2.4111
INFO:root:Epoch no. 255 of 500 (samples: 101559)
INFO:root:Loss: 74.5443 +/- 1.5573
INFO:root:Epoch no. 256 of 500 (samples: 101559)
INFO:root:Loss: 73.5972 +/- 1.9213
INFO:root:Epoch no. 257 of 500 (samples: 101559)
INFO:root:Loss: 74.4182 +/- 1.4835
INFO:root:Epoch no. 258 of 500 (samples: 101559)
INFO:root:Loss: 74.4492 +/- 2.2143
INFO:root:Epoch no. 259 of 500 (samples: 101559)
INFO:root:Loss: 74.0013 +/- 2.3549
INFO:root:Epoch no. 260 of 500 (samples: 101559)
INFO:root:Loss: 72.8359 +/- 1.8085
INFO:root:Epoch no. 261 of 500 (samples: 101559)
INFO:root:Loss: 73.3679 +/- 2.4308
INFO:root:Epoch no. 262 of 500 (samples: 101559)
INFO:root:Loss: 73.5278 +/- 1.0889
INFO:root:Epoch no. 263 of 500 (samples: 101559)
INFO:root:Loss: 73.3877 +/- 0.6119
INFO:root:Epoch no. 264 of 500 (samples: 101559)
INFO:root:Loss: 73.2661 +/- 1.164
INFO:root:Epoch no. 265 of 500 (samples: 101559)
INFO:root:Loss: 73.3038 +/- 2.2788
INFO:root:Epoch no. 266 of 500 (samples: 101559)
INFO:root:Loss: 73.1052 +/- 1.2874
INFO:root:Epoch no. 267 of 500 (samples: 101559)
INFO:root:Loss: 72.7923 +/- 1.5857
INFO:root:Epoch no. 268 of 500 (samples: 101559)
INFO:root:Loss: 72.7736 +/- 0.973
INFO:root:Epoch no. 269 of 500 (samples: 101559)
INFO:root:Loss: 72.3987 +/- 1.6697
INFO:root:Epoch no. 270 of 500 (samples: 101559)
INFO:root:Loss: 72.4538 +/- 2.4895
INFO:root:Epoch no. 271 of 500 (samples: 101559)
INFO:root:Loss: 71.6838 +/- 1.7193
INFO:root:Epoch no. 272 of 500 (samples: 101559)
INFO:root:Loss: 72.3159 +/- 1.9549
INFO:root:Epoch no. 273 of 500 (samples: 101559)
INFO:root:Loss: 71.5761 +/- 1.305
INFO:root:Epoch no. 274 of 500 (samples: 101559)
INFO:root:Loss: 71.2518 +/- 1.6696
INFO:root:Epoch no. 275 of 500 (samples: 101559)
INFO:root:Loss: 70.3441 +/- 2.04
INFO:root:Epoch no. 276 of 500 (samples: 101559)
INFO:root:Loss: 71.4449 +/- 1.7125
INFO:root:Epoch no. 277 of 500 (samples: 101559)
INFO:root:Loss: 70.6139 +/- 0.9912
INFO:root:Epoch no. 278 of 500 (samples: 101559)
INFO:root:Loss: 70.7734 +/- 2.4516
INFO:root:Epoch no. 279 of 500 (samples: 101559)
INFO:root:Loss: 70.2088 +/- 1.7341
INFO:root:Epoch no. 280 of 500 (samples: 101559)
INFO:root:Loss: 70.3025 +/- 1.4258
INFO:root:Epoch no. 281 of 500 (samples: 101559)
INFO:root:Loss: 69.9395 +/- 1.6679
INFO:root:Epoch no. 282 of 500 (samples: 101559)
INFO:root:Loss: 69.2092 +/- 1.5222
INFO:root:Epoch no. 283 of 500 (samples: 101559)
INFO:root:Loss: 69.6864 +/- 1.1951
INFO:root:Epoch no. 284 of 500 (samples: 101559)
INFO:root:Loss: 68.8589 +/- 2.2672
INFO:root:Epoch no. 285 of 500 (samples: 101559)
INFO:root:Loss: 70.1388 +/- 1.5945
INFO:root:Epoch no. 286 of 500 (samples: 101559)
INFO:root:Loss: 69.648 +/- 2.635
INFO:root:Epoch no. 287 of 500 (samples: 101559)
INFO:root:Loss: 69.01 +/- 2.5571
INFO:root:Epoch no. 288 of 500 (samples: 101559)
INFO:root:Loss: 69.5556 +/- 1.4389
INFO:root:Epoch no. 289 of 500 (samples: 101559)
INFO:root:Loss: 68.9473 +/- 2.4105
INFO:root:Epoch no. 290 of 500 (samples: 101559)
INFO:root:Loss: 68.881 +/- 2.4808
INFO:root:Epoch no. 291 of 500 (samples: 101559)
INFO:root:Loss: 69.6665 +/- 1.6645
INFO:root:Epoch no. 292 of 500 (samples: 101559)
INFO:root:Loss: 68.5888 +/- 2.4876
INFO:root:Epoch no. 293 of 500 (samples: 101559)
INFO:root:Loss: 68.1975 +/- 1.8098
INFO:root:Epoch no. 294 of 500 (samples: 101559)
INFO:root:Loss: 67.8911 +/- 1.9301
INFO:root:Epoch no. 295 of 500 (samples: 101559)
INFO:root:Loss: 67.5323 +/- 0.856
INFO:root:Epoch no. 296 of 500 (samples: 101559)
INFO:root:Loss: 67.6362 +/- 1.6983
INFO:root:Epoch no. 297 of 500 (samples: 101559)
INFO:root:Loss: 67.5399 +/- 2.026
INFO:root:Epoch no. 298 of 500 (samples: 101559)
INFO:root:Loss: 67.5674 +/- 1.1144
INFO:root:Epoch no. 299 of 500 (samples: 101559)
INFO:root:Loss: 67.5241 +/- 2.5736
INFO:root:Epoch no. 300 of 500 (samples: 101559)
INFO:root:Loss: 67.5596 +/- 1.8357
INFO:root:Epoch no. 301 of 500 (samples: 101559)
INFO:root:Loss: 67.7374 +/- 2.6743
INFO:root:Epoch no. 302 of 500 (samples: 101559)
INFO:root:Loss: 66.893 +/- 1.8914
INFO:root:Epoch no. 303 of 500 (samples: 101559)
INFO:root:Loss: 67.7064 +/- 1.5517
INFO:root:Epoch no. 304 of 500 (samples: 101559)
INFO:root:Loss: 67.1554 +/- 1.6054
INFO:root:Epoch no. 305 of 500 (samples: 101559)
INFO:root:Loss: 66.2293 +/- 1.7259
INFO:root:Epoch no. 306 of 500 (samples: 101559)
INFO:root:Loss: 66.3336 +/- 1.4382
INFO:root:Epoch no. 307 of 500 (samples: 101559)
INFO:root:Loss: 65.8843 +/- 2.5022
INFO:root:Epoch no. 308 of 500 (samples: 101559)
INFO:root:Loss: 65.8401 +/- 1.4834
INFO:root:Epoch no. 309 of 500 (samples: 101559)
INFO:root:Loss: 66.1185 +/- 1.4498
INFO:root:Epoch no. 310 of 500 (samples: 101559)
INFO:root:Loss: 66.2839 +/- 1.4647
INFO:root:Epoch no. 311 of 500 (samples: 101559)
INFO:root:Loss: 65.8997 +/- 1.4706
INFO:root:Epoch no. 312 of 500 (samples: 101559)
INFO:root:Loss: 64.9383 +/- 1.9047
INFO:root:Epoch no. 313 of 500 (samples: 101559)
INFO:root:Loss: 64.8368 +/- 1.9926
INFO:root:Epoch no. 314 of 500 (samples: 101559)
INFO:root:Loss: 65.0294 +/- 1.6402
INFO:root:Epoch no. 315 of 500 (samples: 101559)
INFO:root:Loss: 64.8113 +/- 1.5747
INFO:root:Epoch no. 316 of 500 (samples: 101559)
INFO:root:Loss: 65.2768 +/- 1.6045
INFO:root:Epoch no. 317 of 500 (samples: 101559)
INFO:root:Loss: 64.3164 +/- 1.4879
INFO:root:Epoch no. 318 of 500 (samples: 101559)
INFO:root:Loss: 64.7204 +/- 1.7111
INFO:root:Epoch no. 319 of 500 (samples: 101559)
INFO:root:Loss: 64.8368 +/- 1.7893
INFO:root:Epoch no. 320 of 500 (samples: 101559)
INFO:root:Loss: 64.7409 +/- 1.2566
INFO:root:Epoch no. 321 of 500 (samples: 101559)
INFO:root:Loss: 64.4608 +/- 1.9699
INFO:root:Epoch no. 322 of 500 (samples: 101559)
INFO:root:Loss: 64.3677 +/- 2.3819
INFO:root:Epoch no. 323 of 500 (samples: 101559)
INFO:root:Loss: 63.812 +/- 2.0404
INFO:root:Epoch no. 324 of 500 (samples: 101559)
INFO:root:Loss: 64.322 +/- 2.0843
INFO:root:Epoch no. 325 of 500 (samples: 101559)
INFO:root:Loss: 64.4259 +/- 2.4423
INFO:root:Epoch no. 326 of 500 (samples: 101559)
INFO:root:Loss: 64.4541 +/- 2.5538
INFO:root:Epoch no. 327 of 500 (samples: 101559)
INFO:root:Loss: 63.8097 +/- 1.5242
INFO:root:Epoch no. 328 of 500 (samples: 101559)
INFO:root:Loss: 63.6915 +/- 1.968
INFO:root:Epoch no. 329 of 500 (samples: 101559)
INFO:root:Loss: 63.6536 +/- 1.4978
INFO:root:Epoch no. 330 of 500 (samples: 101559)
INFO:root:Loss: 63.2417 +/- 1.7863
INFO:root:Epoch no. 331 of 500 (samples: 101559)
INFO:root:Loss: 63.1248 +/- 2.2152
INFO:root:Epoch no. 332 of 500 (samples: 101559)
INFO:root:Loss: 63.2432 +/- 1.9931
INFO:root:Epoch no. 333 of 500 (samples: 101559)
INFO:root:Loss: 63.666 +/- 1.7239
INFO:root:Epoch no. 334 of 500 (samples: 101559)
INFO:root:Loss: 62.7155 +/- 1.5417
INFO:root:Epoch no. 335 of 500 (samples: 101559)
INFO:root:Loss: 62.5428 +/- 1.2725
INFO:root:Epoch no. 336 of 500 (samples: 101559)
INFO:root:Loss: 62.8438 +/- 1.4982
INFO:root:Epoch no. 337 of 500 (samples: 101559)
INFO:root:Loss: 62.299 +/- 1.0118
INFO:root:Epoch no. 338 of 500 (samples: 101559)
INFO:root:Loss: 61.979 +/- 1.7004
INFO:root:Epoch no. 339 of 500 (samples: 101559)
INFO:root:Loss: 62.2401 +/- 1.3955
INFO:root:Epoch no. 340 of 500 (samples: 101559)
INFO:root:Loss: 61.7653 +/- 1.7301
INFO:root:Epoch no. 341 of 500 (samples: 101559)
INFO:root:Loss: 62.189 +/- 1.0081
INFO:root:Epoch no. 342 of 500 (samples: 101559)
INFO:root:Loss: 62.1516 +/- 1.2221
INFO:root:Epoch no. 343 of 500 (samples: 101559)
INFO:root:Loss: 61.7265 +/- 2.4395
INFO:root:Epoch no. 344 of 500 (samples: 101559)
INFO:root:Loss: 60.9727 +/- 1.4925
INFO:root:Epoch no. 345 of 500 (samples: 101559)
INFO:root:Loss: 61.3302 +/- 1.3367
INFO:root:Epoch no. 346 of 500 (samples: 101559)
INFO:root:Loss: 61.4713 +/- 2.2388
INFO:root:Epoch no. 347 of 500 (samples: 101559)
INFO:root:Loss: 60.9081 +/- 1.6754
INFO:root:Epoch no. 348 of 500 (samples: 101559)
INFO:root:Loss: 61.0111 +/- 1.8924
INFO:root:Epoch no. 349 of 500 (samples: 101559)
INFO:root:Loss: 61.1547 +/- 1.7716
INFO:root:Epoch no. 350 of 500 (samples: 101559)
INFO:root:Loss: 60.2565 +/- 1.5855
INFO:root:Epoch no. 351 of 500 (samples: 101559)
INFO:root:Loss: 60.5428 +/- 2.0049
INFO:root:Epoch no. 352 of 500 (samples: 101559)
INFO:root:Loss: 61.0801 +/- 1.8638
INFO:root:Epoch no. 353 of 500 (samples: 101559)
INFO:root:Loss: 60.1058 +/- 1.4957
INFO:root:Epoch no. 354 of 500 (samples: 101559)
INFO:root:Loss: 60.603 +/- 1.4506
INFO:root:Epoch no. 355 of 500 (samples: 101559)
INFO:root:Loss: 59.884 +/- 1.616
INFO:root:Epoch no. 356 of 500 (samples: 101559)
INFO:root:Loss: 60.312 +/- 1.644
INFO:root:Epoch no. 357 of 500 (samples: 101559)
INFO:root:Loss: 60.2861 +/- 1.5891
INFO:root:Epoch no. 358 of 500 (samples: 101559)
INFO:root:Loss: 59.7714 +/- 1.7439
INFO:root:Epoch no. 359 of 500 (samples: 101559)
INFO:root:Loss: 60.102 +/- 1.2742
INFO:root:Epoch no. 360 of 500 (samples: 101559)
INFO:root:Loss: 59.7361 +/- 1.1641
INFO:root:Epoch no. 361 of 500 (samples: 101559)
INFO:root:Loss: 59.6564 +/- 1.3591
INFO:root:Epoch no. 362 of 500 (samples: 101559)
INFO:root:Loss: 59.3697 +/- 1.9772
INFO:root:Epoch no. 363 of 500 (samples: 101559)
INFO:root:Loss: 59.0021 +/- 1.8724
INFO:root:Epoch no. 364 of 500 (samples: 101559)
INFO:root:Loss: 59.6703 +/- 1.861
INFO:root:Epoch no. 365 of 500 (samples: 101559)
INFO:root:Loss: 58.4649 +/- 1.9692
INFO:root:Epoch no. 366 of 500 (samples: 101559)
INFO:root:Loss: 59.44 +/- 1.2913
INFO:root:Epoch no. 367 of 500 (samples: 101559)
INFO:root:Loss: 58.6683 +/- 1.2293
INFO:root:Epoch no. 368 of 500 (samples: 101559)
INFO:root:Loss: 59.2569 +/- 2.2489
INFO:root:Epoch no. 369 of 500 (samples: 101559)
INFO:root:Loss: 58.169 +/- 1.6037
INFO:root:Epoch no. 370 of 500 (samples: 101559)
INFO:root:Loss: 58.5944 +/- 2.0053
INFO:root:Epoch no. 371 of 500 (samples: 101559)
INFO:root:Loss: 58.1795 +/- 1.4725
INFO:root:Epoch no. 372 of 500 (samples: 101559)
INFO:root:Loss: 58.6236 +/- 1.0843
INFO:root:Epoch no. 373 of 500 (samples: 101559)
INFO:root:Loss: 57.5838 +/- 1.1846
INFO:root:Epoch no. 374 of 500 (samples: 101559)
INFO:root:Loss: 57.9104 +/- 1.6542
INFO:root:Epoch no. 375 of 500 (samples: 101559)
INFO:root:Loss: 57.5168 +/- 1.3794
INFO:root:Epoch no. 376 of 500 (samples: 101559)
INFO:root:Loss: 58.0706 +/- 1.3226
INFO:root:Epoch no. 377 of 500 (samples: 101559)
INFO:root:Loss: 57.3271 +/- 1.0487
INFO:root:Epoch no. 378 of 500 (samples: 101559)
INFO:root:Loss: 57.5669 +/- 0.9058
INFO:root:Epoch no. 379 of 500 (samples: 101559)
INFO:root:Loss: 57.1252 +/- 1.7496
INFO:root:Epoch no. 380 of 500 (samples: 101559)
INFO:root:Loss: 56.713 +/- 1.9764
INFO:root:Epoch no. 381 of 500 (samples: 101559)
INFO:root:Loss: 56.7418 +/- 1.7284
INFO:root:Epoch no. 382 of 500 (samples: 101559)
INFO:root:Loss: 56.5926 +/- 1.5269
INFO:root:Epoch no. 383 of 500 (samples: 101559)
INFO:root:Loss: 56.1251 +/- 1.4386
INFO:root:Epoch no. 384 of 500 (samples: 101559)
INFO:root:Loss: 57.0658 +/- 1.3364
INFO:root:Epoch no. 385 of 500 (samples: 101559)
INFO:root:Loss: 57.1365 +/- 1.4772
INFO:root:Epoch no. 386 of 500 (samples: 101559)
INFO:root:Loss: 57.1694 +/- 1.0444
INFO:root:Epoch no. 387 of 500 (samples: 101559)
INFO:root:Loss: 56.9518 +/- 1.0512
INFO:root:Epoch no. 388 of 500 (samples: 101559)
INFO:root:Loss: 56.2296 +/- 1.2559
INFO:root:Epoch no. 389 of 500 (samples: 101559)
INFO:root:Loss: 56.5368 +/- 1.3349
INFO:root:Epoch no. 390 of 500 (samples: 101559)
INFO:root:Loss: 55.4561 +/- 1.7935
INFO:root:Epoch no. 391 of 500 (samples: 101559)
INFO:root:Loss: 56.3799 +/- 1.5173
INFO:root:Epoch no. 392 of 500 (samples: 101559)
INFO:root:Loss: 56.1355 +/- 1.087
INFO:root:Epoch no. 393 of 500 (samples: 101559)
INFO:root:Loss: 55.8306 +/- 1.7285
INFO:root:Epoch no. 394 of 500 (samples: 101559)
INFO:root:Loss: 55.4444 +/- 1.0996
INFO:root:Epoch no. 395 of 500 (samples: 101559)
INFO:root:Loss: 55.5917 +/- 1.1978
INFO:root:Epoch no. 396 of 500 (samples: 101559)
INFO:root:Loss: 55.8569 +/- 1.6025
INFO:root:Epoch no. 397 of 500 (samples: 101559)
INFO:root:Loss: 55.6037 +/- 1.0022
INFO:root:Epoch no. 398 of 500 (samples: 101559)
INFO:root:Loss: 55.7678 +/- 1.5505
INFO:root:Epoch no. 399 of 500 (samples: 101559)
INFO:root:Loss: 55.256 +/- 2.1234
INFO:root:Epoch no. 400 of 500 (samples: 101559)
INFO:root:Loss: 55.3444 +/- 1.3811
INFO:root:Epoch no. 401 of 500 (samples: 101559)
INFO:root:Loss: 54.8404 +/- 1.643
INFO:root:Epoch no. 402 of 500 (samples: 101559)
INFO:root:Loss: 55.0394 +/- 1.0954
INFO:root:Epoch no. 403 of 500 (samples: 101559)
INFO:root:Loss: 55.2075 +/- 1.5081
INFO:root:Epoch no. 404 of 500 (samples: 101559)
INFO:root:Loss: 54.6257 +/- 1.652
INFO:root:Epoch no. 405 of 500 (samples: 101559)
INFO:root:Loss: 54.6322 +/- 2.3427
INFO:root:Epoch no. 406 of 500 (samples: 101559)
INFO:root:Loss: 54.559 +/- 1.6346
INFO:root:Epoch no. 407 of 500 (samples: 101559)
INFO:root:Loss: 54.6409 +/- 2.3865
INFO:root:Epoch no. 408 of 500 (samples: 101559)
INFO:root:Loss: 54.5139 +/- 1.181
INFO:root:Epoch no. 409 of 500 (samples: 101559)
INFO:root:Loss: 54.5064 +/- 1.2458
INFO:root:Epoch no. 410 of 500 (samples: 101559)
INFO:root:Loss: 54.4965 +/- 1.2985
INFO:root:Epoch no. 411 of 500 (samples: 101559)
INFO:root:Loss: 54.8233 +/- 1.2711
INFO:root:Epoch no. 412 of 500 (samples: 101559)
INFO:root:Loss: 54.1421 +/- 1.633
INFO:root:Epoch no. 413 of 500 (samples: 101559)
INFO:root:Loss: 53.6448 +/- 1.4723
INFO:root:Epoch no. 414 of 500 (samples: 101559)
INFO:root:Loss: 54.208 +/- 1.7774
INFO:root:Epoch no. 415 of 500 (samples: 101559)
INFO:root:Loss: 53.3871 +/- 1.6445
INFO:root:Epoch no. 416 of 500 (samples: 101559)
INFO:root:Loss: 54.3374 +/- 1.3311
INFO:root:Epoch no. 417 of 500 (samples: 101559)
INFO:root:Loss: 54.5114 +/- 2.2102
INFO:root:Epoch no. 418 of 500 (samples: 101559)
INFO:root:Loss: 53.1914 +/- 1.8347
INFO:root:Epoch no. 419 of 500 (samples: 101559)
INFO:root:Loss: 52.6522 +/- 1.763
INFO:root:Epoch no. 420 of 500 (samples: 101559)
INFO:root:Loss: 53.6812 +/- 1.6176
INFO:root:Epoch no. 421 of 500 (samples: 101559)
INFO:root:Loss: 53.0338 +/- 1.1505
INFO:root:Epoch no. 422 of 500 (samples: 101559)
INFO:root:Loss: 53.1564 +/- 2.2403
INFO:root:Epoch no. 423 of 500 (samples: 101559)
INFO:root:Loss: 52.7046 +/- 1.3659
INFO:root:Epoch no. 424 of 500 (samples: 101559)
INFO:root:Loss: 52.6177 +/- 0.9163
INFO:root:Epoch no. 425 of 500 (samples: 101559)
INFO:root:Loss: 52.6018 +/- 1.6701
INFO:root:Epoch no. 426 of 500 (samples: 101559)
INFO:root:Loss: 52.5092 +/- 0.9761
INFO:root:Epoch no. 427 of 500 (samples: 101559)
INFO:root:Loss: 52.9744 +/- 1.5988
INFO:root:Epoch no. 428 of 500 (samples: 101559)
INFO:root:Loss: 52.334 +/- 1.1486
INFO:root:Epoch no. 429 of 500 (samples: 101559)
INFO:root:Loss: 52.2511 +/- 1.2889
INFO:root:Epoch no. 430 of 500 (samples: 101559)
INFO:root:Loss: 52.7664 +/- 1.3331
INFO:root:Epoch no. 431 of 500 (samples: 101559)
INFO:root:Loss: 52.1914 +/- 1.5618
INFO:root:Epoch no. 432 of 500 (samples: 101559)
INFO:root:Loss: 51.8608 +/- 1.5598
INFO:root:Epoch no. 433 of 500 (samples: 101559)
INFO:root:Loss: 51.9172 +/- 1.916
INFO:root:Epoch no. 434 of 500 (samples: 101559)
INFO:root:Loss: 51.9362 +/- 1.2591
INFO:root:Epoch no. 435 of 500 (samples: 101559)
INFO:root:Loss: 51.9997 +/- 1.6374
INFO:root:Epoch no. 436 of 500 (samples: 101559)
INFO:root:Loss: 52.0562 +/- 1.9139
INFO:root:Epoch no. 437 of 500 (samples: 101559)
INFO:root:Loss: 52.3705 +/- 1.3312
INFO:root:Epoch no. 438 of 500 (samples: 101559)
INFO:root:Loss: 50.6369 +/- 1.2667
INFO:root:Epoch no. 439 of 500 (samples: 101559)
INFO:root:Loss: 50.9649 +/- 1.2624
INFO:root:Epoch no. 440 of 500 (samples: 101559)
INFO:root:Loss: 51.1335 +/- 1.3416
INFO:root:Epoch no. 441 of 500 (samples: 101559)
INFO:root:Loss: 50.2771 +/- 1.3018
INFO:root:Epoch no. 442 of 500 (samples: 101559)
INFO:root:Loss: 50.9362 +/- 0.6482
INFO:root:Epoch no. 443 of 500 (samples: 101559)
INFO:root:Loss: 51.726 +/- 1.2761
INFO:root:Epoch no. 444 of 500 (samples: 101559)
INFO:root:Loss: 50.5355 +/- 1.1487
INFO:root:Epoch no. 445 of 500 (samples: 101559)
INFO:root:Loss: 50.9923 +/- 2.0264
INFO:root:Epoch no. 446 of 500 (samples: 101559)
INFO:root:Loss: 51.2305 +/- 1.0759
INFO:root:Epoch no. 447 of 500 (samples: 101559)
INFO:root:Loss: 50.6995 +/- 1.1281
INFO:root:Epoch no. 448 of 500 (samples: 101559)
INFO:root:Loss: 49.8275 +/- 1.8392
INFO:root:Epoch no. 449 of 500 (samples: 101559)
INFO:root:Loss: 50.5038 +/- 1.5189
INFO:root:Epoch no. 450 of 500 (samples: 101559)
INFO:root:Loss: 50.2193 +/- 1.3334
INFO:root:Epoch no. 451 of 500 (samples: 101559)
INFO:root:Loss: 50.4489 +/- 1.4089
INFO:root:Epoch no. 452 of 500 (samples: 101559)
INFO:root:Loss: 49.5136 +/- 1.3049
INFO:root:Epoch no. 453 of 500 (samples: 101559)
INFO:root:Loss: 50.254 +/- 1.5744
INFO:root:Epoch no. 454 of 500 (samples: 101559)
INFO:root:Loss: 49.9788 +/- 1.6127
INFO:root:Epoch no. 455 of 500 (samples: 101559)
INFO:root:Loss: 49.6882 +/- 2.0094
INFO:root:Epoch no. 456 of 500 (samples: 101559)
INFO:root:Loss: 50.126 +/- 1.4407
INFO:root:Epoch no. 457 of 500 (samples: 101559)
INFO:root:Loss: 49.5364 +/- 1.5926
INFO:root:Epoch no. 458 of 500 (samples: 101559)
INFO:root:Loss: 48.4392 +/- 1.8588
INFO:root:Epoch no. 459 of 500 (samples: 101559)
INFO:root:Loss: 49.9685 +/- 0.5147
INFO:root:Epoch no. 460 of 500 (samples: 101559)
INFO:root:Loss: 49.4238 +/- 1.339
INFO:root:Epoch no. 461 of 500 (samples: 101559)
INFO:root:Loss: 49.0114 +/- 1.336
INFO:root:Epoch no. 462 of 500 (samples: 101559)
INFO:root:Loss: 49.3736 +/- 1.7802
INFO:root:Epoch no. 463 of 500 (samples: 101559)
INFO:root:Loss: 48.7935 +/- 1.2335
INFO:root:Epoch no. 464 of 500 (samples: 101559)
INFO:root:Loss: 48.9972 +/- 1.7257
INFO:root:Epoch no. 465 of 500 (samples: 101559)
INFO:root:Loss: 48.5777 +/- 1.4746
INFO:root:Epoch no. 466 of 500 (samples: 101559)
INFO:root:Loss: 48.3317 +/- 1.0283
INFO:root:Epoch no. 467 of 500 (samples: 101559)
INFO:root:Loss: 48.899 +/- 1.5704
INFO:root:Epoch no. 468 of 500 (samples: 101559)
INFO:root:Loss: 48.6154 +/- 1.3056
INFO:root:Epoch no. 469 of 500 (samples: 101559)
INFO:root:Loss: 48.4779 +/- 1.0765
INFO:root:Epoch no. 470 of 500 (samples: 101559)
INFO:root:Loss: 48.6635 +/- 1.3303
INFO:root:Epoch no. 471 of 500 (samples: 101559)
INFO:root:Loss: 49.1484 +/- 1.1546
INFO:root:Epoch no. 472 of 500 (samples: 101559)
INFO:root:Loss: 48.6773 +/- 1.7467
INFO:root:Epoch no. 473 of 500 (samples: 101559)
INFO:root:Loss: 48.1159 +/- 1.3742
INFO:root:Epoch no. 474 of 500 (samples: 101559)
INFO:root:Loss: 48.3235 +/- 1.4904
INFO:root:Epoch no. 475 of 500 (samples: 101559)
INFO:root:Loss: 48.2321 +/- 1.1934
INFO:root:Epoch no. 476 of 500 (samples: 101559)
INFO:root:Loss: 48.1727 +/- 1.1351
INFO:root:Epoch no. 477 of 500 (samples: 101559)
INFO:root:Loss: 47.8282 +/- 0.9379
INFO:root:Epoch no. 478 of 500 (samples: 101559)
INFO:root:Loss: 48.3658 +/- 1.5124
INFO:root:Epoch no. 479 of 500 (samples: 101559)
INFO:root:Loss: 47.8769 +/- 1.411
INFO:root:Epoch no. 480 of 500 (samples: 101559)
INFO:root:Loss: 48.3619 +/- 1.3562
INFO:root:Epoch no. 481 of 500 (samples: 101559)
INFO:root:Loss: 47.3604 +/- 2.1318
INFO:root:Epoch no. 482 of 500 (samples: 101559)
INFO:root:Loss: 47.6271 +/- 1.0349
INFO:root:Epoch no. 483 of 500 (samples: 101559)
INFO:root:Loss: 47.8278 +/- 1.7366
INFO:root:Epoch no. 484 of 500 (samples: 101559)
INFO:root:Loss: 46.706 +/- 1.3356
INFO:root:Epoch no. 485 of 500 (samples: 101559)
INFO:root:Loss: 47.1467 +/- 1.5823
INFO:root:Epoch no. 486 of 500 (samples: 101559)
INFO:root:Loss: 47.3849 +/- 1.5125
INFO:root:Epoch no. 487 of 500 (samples: 101559)
INFO:root:Loss: 47.3807 +/- 1.0676
INFO:root:Epoch no. 488 of 500 (samples: 101559)
INFO:root:Loss: 47.3312 +/- 1.0509
INFO:root:Epoch no. 489 of 500 (samples: 101559)
INFO:root:Loss: 46.9695 +/- 1.8696
INFO:root:Epoch no. 490 of 500 (samples: 101559)
INFO:root:Loss: 47.0493 +/- 1.3031
INFO:root:Epoch no. 491 of 500 (samples: 101559)
INFO:root:Loss: 47.5487 +/- 1.2535
INFO:root:Epoch no. 492 of 500 (samples: 101559)
INFO:root:Loss: 46.1467 +/- 1.3415
INFO:root:Epoch no. 493 of 500 (samples: 101559)
INFO:root:Loss: 46.5428 +/- 0.6364
INFO:root:Epoch no. 494 of 500 (samples: 101559)
INFO:root:Loss: 46.532 +/- 1.5918
INFO:root:Epoch no. 495 of 500 (samples: 101559)
INFO:root:Loss: 46.6303 +/- 1.0722
INFO:root:Epoch no. 496 of 500 (samples: 101559)
INFO:root:Loss: 47.1342 +/- 0.9795
INFO:root:Epoch no. 497 of 500 (samples: 101559)
INFO:root:Loss: 47.5396 +/- 1.5887
INFO:root:Epoch no. 498 of 500 (samples: 101559)
INFO:root:Loss: 46.2765 +/- 1.3495
INFO:root:Epoch no. 499 of 500 (samples: 101559)
INFO:root:Loss: 46.3845 +/- 0.9836
INFO:root:Epoch no. 500 of 500 (samples: 101559)
INFO:root:Loss: 46.0525 +/- 1.9246
/home/insight/.local/lib/python3.4/site-packages/Keras-1.0.1-py3.4.egg/keras/backend/theano_backend.py:489: UserWarning: theano.function was asked to create a function computing outputs given certain inputs, but the provided input variable at index 2 is not part of the computational graph needed to compute the outputs: keras_learning_phase.
To make this warning into an error, you can pass the parameter on_unused_input='raise' to theano.function. To disable it completely, use on_unused_input='ignore'.
  **kwargs)
INFO:root:### MICRO (validation raw):
INFO:root:	-- left   >> mean: 127709.7344, median: 117842.0, mrr: 0.01, hits@1: 0.66%
INFO:root:	-- right  >> mean: 154012.7484, median: 165321.5, mrr: 0.012, hits@1: 0.86%
INFO:root:	-- global >> mean: 140861.2414, median: 138582.0, mrr: 0.011, hits@1: 0.76%
INFO:root:### MICRO (validation raw):
INFO:root:	-- left   >> mean: 127709.7344, median: 117842.0, mrr: 0.01, hits@3: 1.06%
INFO:root:	-- right  >> mean: 154012.7484, median: 165321.5, mrr: 0.012, hits@3: 1.22%
INFO:root:	-- global >> mean: 140861.2414, median: 138582.0, mrr: 0.011, hits@3: 1.14%
INFO:root:### MICRO (validation raw):
INFO:root:	-- left   >> mean: 127709.7344, median: 117842.0, mrr: 0.01, hits@5: 1.2%
INFO:root:	-- right  >> mean: 154012.7484, median: 165321.5, mrr: 0.012, hits@5: 1.36%
INFO:root:	-- global >> mean: 140861.2414, median: 138582.0, mrr: 0.011, hits@5: 1.28%
INFO:root:### MICRO (validation raw):
INFO:root:	-- left   >> mean: 127709.7344, median: 117842.0, mrr: 0.01, hits@10: 1.56%
INFO:root:	-- right  >> mean: 154012.7484, median: 165321.5, mrr: 0.012, hits@10: 1.62%
INFO:root:	-- global >> mean: 140861.2414, median: 138582.0, mrr: 0.011, hits@10: 1.59%
INFO:root:### MICRO (validation filtered):
INFO:root:	-- left   >> mean: 127451.3596, median: 117373.0, mrr: 0.011, hits@1: 0.84%
INFO:root:	-- right  >> mean: 154012.5412, median: 165321.5, mrr: 0.012, hits@1: 0.94%
INFO:root:	-- global >> mean: 140731.9504, median: 138420.0, mrr: 0.012, hits@1: 0.89%
INFO:root:### MICRO (validation filtered):
INFO:root:	-- left   >> mean: 127451.3596, median: 117373.0, mrr: 0.011, hits@3: 1.24%
INFO:root:	-- right  >> mean: 154012.5412, median: 165321.5, mrr: 0.012, hits@3: 1.24%
INFO:root:	-- global >> mean: 140731.9504, median: 138420.0, mrr: 0.012, hits@3: 1.24%
INFO:root:### MICRO (validation filtered):
INFO:root:	-- left   >> mean: 127451.3596, median: 117373.0, mrr: 0.011, hits@5: 1.38%
INFO:root:	-- right  >> mean: 154012.5412, median: 165321.5, mrr: 0.012, hits@5: 1.38%
INFO:root:	-- global >> mean: 140731.9504, median: 138420.0, mrr: 0.012, hits@5: 1.38%
INFO:root:### MICRO (validation filtered):
INFO:root:	-- left   >> mean: 127451.3596, median: 117373.0, mrr: 0.011, hits@10: 1.72%
INFO:root:	-- right  >> mean: 154012.5412, median: 165321.5, mrr: 0.012, hits@10: 1.62%
INFO:root:	-- global >> mean: 140731.9504, median: 138420.0, mrr: 0.012, hits@10: 1.67%
INFO:root:### MICRO (test raw):
INFO:root:	-- left   >> mean: 128581.4474, median: 122485.5, mrr: 0.01, hits@1: 0.62%
INFO:root:	-- right  >> mean: 152106.2596, median: 161185.5, mrr: 0.012, hits@1: 0.88%
INFO:root:	-- global >> mean: 140343.8535, median: 138906.0, mrr: 0.011, hits@1: 0.75%
INFO:root:### MICRO (test raw):
INFO:root:	-- left   >> mean: 128581.4474, median: 122485.5, mrr: 0.01, hits@3: 1.06%
INFO:root:	-- right  >> mean: 152106.2596, median: 161185.5, mrr: 0.012, hits@3: 1.2%
INFO:root:	-- global >> mean: 140343.8535, median: 138906.0, mrr: 0.011, hits@3: 1.13%
INFO:root:### MICRO (test raw):
INFO:root:	-- left   >> mean: 128581.4474, median: 122485.5, mrr: 0.01, hits@5: 1.32%
INFO:root:	-- right  >> mean: 152106.2596, median: 161185.5, mrr: 0.012, hits@5: 1.36%
INFO:root:	-- global >> mean: 140343.8535, median: 138906.0, mrr: 0.011, hits@5: 1.34%
INFO:root:### MICRO (test raw):
INFO:root:	-- left   >> mean: 128581.4474, median: 122485.5, mrr: 0.01, hits@10: 1.68%
INFO:root:	-- right  >> mean: 152106.2596, median: 161185.5, mrr: 0.012, hits@10: 1.66%
INFO:root:	-- global >> mean: 140343.8535, median: 138906.0, mrr: 0.011, hits@10: 1.67%
INFO:root:### MICRO (test filtered):
INFO:root:	-- left   >> mean: 128327.7806, median: 122243.0, mrr: 0.012, hits@1: 0.82%
INFO:root:	-- right  >> mean: 152106.04, median: 161185.5, mrr: 0.012, hits@1: 0.92%
INFO:root:	-- global >> mean: 140216.9103, median: 138817.0, mrr: 0.012, hits@1: 0.87%
INFO:root:### MICRO (test filtered):
INFO:root:	-- left   >> mean: 128327.7806, median: 122243.0, mrr: 0.012, hits@3: 1.26%
INFO:root:	-- right  >> mean: 152106.04, median: 161185.5, mrr: 0.012, hits@3: 1.22%
INFO:root:	-- global >> mean: 140216.9103, median: 138817.0, mrr: 0.012, hits@3: 1.24%
INFO:root:### MICRO (test filtered):
INFO:root:	-- left   >> mean: 128327.7806, median: 122243.0, mrr: 0.012, hits@5: 1.52%
INFO:root:	-- right  >> mean: 152106.04, median: 161185.5, mrr: 0.012, hits@5: 1.36%
INFO:root:	-- global >> mean: 140216.9103, median: 138817.0, mrr: 0.012, hits@5: 1.44%
INFO:root:### MICRO (test filtered):
INFO:root:	-- left   >> mean: 128327.7806, median: 122243.0, mrr: 0.012, hits@10: 1.78%
INFO:root:	-- right  >> mean: 152106.04, median: 161185.5, mrr: 0.012, hits@10: 1.68%
INFO:root:	-- global >> mean: 140216.9103, median: 138817.0, mrr: 0.012, hits@10: 1.73%
