Using Theano backend.
INFO:root:Acquiring data/music_5k/music-train.txt.gz ..
INFO:root:Acquiring data/music_5k/music-valid.txt.gz ..
INFO:root:Acquiring data/music_5k/music-test.txt.gz ..
INFO:root:Samples: 507794, no. batches: 10 -> batch size: 50780
INFO:root:Epoch no. 1 of 500 (samples: 507794)
INFO:root:Loss: 2145.4251 +/- 342.8282
INFO:root:Epoch no. 2 of 500 (samples: 507794)
INFO:root:Loss: 947.829 +/- 14.0731
INFO:root:Epoch no. 3 of 500 (samples: 507794)
INFO:root:Loss: 566.7991 +/- 22.3284
INFO:root:Epoch no. 4 of 500 (samples: 507794)
INFO:root:Loss: 390.1595 +/- 17.7155
INFO:root:Epoch no. 5 of 500 (samples: 507794)
INFO:root:Loss: 290.578 +/- 13.0108
INFO:root:Epoch no. 6 of 500 (samples: 507794)
INFO:root:Loss: 226.4743 +/- 11.8016
INFO:root:Epoch no. 7 of 500 (samples: 507794)
INFO:root:Loss: 181.7575 +/- 6.9306
INFO:root:Epoch no. 8 of 500 (samples: 507794)
INFO:root:Loss: 149.0762 +/- 6.2088
INFO:root:Epoch no. 9 of 500 (samples: 507794)
INFO:root:Loss: 125.4872 +/- 4.3771
INFO:root:Epoch no. 10 of 500 (samples: 507794)
INFO:root:Loss: 108.3149 +/- 3.6742
INFO:root:Epoch no. 11 of 500 (samples: 507794)
INFO:root:Loss: 94.5609 +/- 3.2705
INFO:root:Epoch no. 12 of 500 (samples: 507794)
INFO:root:Loss: 84.6883 +/- 3.0723
INFO:root:Epoch no. 13 of 500 (samples: 507794)
INFO:root:Loss: 74.271 +/- 2.227
INFO:root:Epoch no. 14 of 500 (samples: 507794)
INFO:root:Loss: 67.934 +/- 2.1764
INFO:root:Epoch no. 15 of 500 (samples: 507794)
INFO:root:Loss: 61.7385 +/- 1.7043
INFO:root:Epoch no. 16 of 500 (samples: 507794)
INFO:root:Loss: 56.9254 +/- 1.911
INFO:root:Epoch no. 17 of 500 (samples: 507794)
INFO:root:Loss: 52.5521 +/- 1.283
INFO:root:Epoch no. 18 of 500 (samples: 507794)
INFO:root:Loss: 49.0655 +/- 1.6152
INFO:root:Epoch no. 19 of 500 (samples: 507794)
INFO:root:Loss: 45.9351 +/- 1.2846
INFO:root:Epoch no. 20 of 500 (samples: 507794)
INFO:root:Loss: 43.3545 +/- 1.1127
INFO:root:Epoch no. 21 of 500 (samples: 507794)
INFO:root:Loss: 40.5631 +/- 1.3612
INFO:root:Epoch no. 22 of 500 (samples: 507794)
INFO:root:Loss: 38.964 +/- 0.6613
INFO:root:Epoch no. 23 of 500 (samples: 507794)
INFO:root:Loss: 36.7216 +/- 1.5347
INFO:root:Epoch no. 24 of 500 (samples: 507794)
INFO:root:Loss: 35.2669 +/- 0.8404
INFO:root:Epoch no. 25 of 500 (samples: 507794)
INFO:root:Loss: 33.3535 +/- 0.9786
INFO:root:Epoch no. 26 of 500 (samples: 507794)
INFO:root:Loss: 32.2889 +/- 1.1492
INFO:root:Epoch no. 27 of 500 (samples: 507794)
INFO:root:Loss: 30.784 +/- 0.8412
INFO:root:Epoch no. 28 of 500 (samples: 507794)
INFO:root:Loss: 29.352 +/- 0.7652
INFO:root:Epoch no. 29 of 500 (samples: 507794)
INFO:root:Loss: 28.8213 +/- 0.8035
INFO:root:Epoch no. 30 of 500 (samples: 507794)
INFO:root:Loss: 27.8049 +/- 1.2244
INFO:root:Epoch no. 31 of 500 (samples: 507794)
INFO:root:Loss: 26.6291 +/- 0.6918
INFO:root:Epoch no. 32 of 500 (samples: 507794)
INFO:root:Loss: 25.856 +/- 0.5432
INFO:root:Epoch no. 33 of 500 (samples: 507794)
INFO:root:Loss: 25.1914 +/- 0.8784
INFO:root:Epoch no. 34 of 500 (samples: 507794)
INFO:root:Loss: 24.2903 +/- 1.1085
INFO:root:Epoch no. 35 of 500 (samples: 507794)
INFO:root:Loss: 23.8823 +/- 1.0918
INFO:root:Epoch no. 36 of 500 (samples: 507794)
INFO:root:Loss: 23.0082 +/- 0.9192
INFO:root:Epoch no. 37 of 500 (samples: 507794)
INFO:root:Loss: 22.7162 +/- 0.7118
INFO:root:Epoch no. 38 of 500 (samples: 507794)
INFO:root:Loss: 22.0927 +/- 0.8075
INFO:root:Epoch no. 39 of 500 (samples: 507794)
INFO:root:Loss: 21.6281 +/- 0.7649
INFO:root:Epoch no. 40 of 500 (samples: 507794)
INFO:root:Loss: 20.9003 +/- 0.4251
INFO:root:Epoch no. 41 of 500 (samples: 507794)
INFO:root:Loss: 20.8256 +/- 0.5844
INFO:root:Epoch no. 42 of 500 (samples: 507794)
INFO:root:Loss: 19.9367 +/- 0.6329
INFO:root:Epoch no. 43 of 500 (samples: 507794)
INFO:root:Loss: 20.1672 +/- 0.8004
INFO:root:Epoch no. 44 of 500 (samples: 507794)
INFO:root:Loss: 19.4249 +/- 0.4542
INFO:root:Epoch no. 45 of 500 (samples: 507794)
INFO:root:Loss: 18.9043 +/- 0.5684
INFO:root:Epoch no. 46 of 500 (samples: 507794)
INFO:root:Loss: 18.8811 +/- 0.5991
INFO:root:Epoch no. 47 of 500 (samples: 507794)
INFO:root:Loss: 18.7738 +/- 0.6233
INFO:root:Epoch no. 48 of 500 (samples: 507794)
INFO:root:Loss: 18.2102 +/- 0.4697
INFO:root:Epoch no. 49 of 500 (samples: 507794)
INFO:root:Loss: 17.8847 +/- 0.6209
INFO:root:Epoch no. 50 of 500 (samples: 507794)
INFO:root:Loss: 17.4442 +/- 0.6115
INFO:root:Epoch no. 51 of 500 (samples: 507794)
INFO:root:Loss: 17.0881 +/- 0.5255
INFO:root:Epoch no. 52 of 500 (samples: 507794)
INFO:root:Loss: 17.0509 +/- 0.9539
INFO:root:Epoch no. 53 of 500 (samples: 507794)
INFO:root:Loss: 16.771 +/- 0.6269
INFO:root:Epoch no. 54 of 500 (samples: 507794)
INFO:root:Loss: 16.4859 +/- 0.4883
INFO:root:Epoch no. 55 of 500 (samples: 507794)
INFO:root:Loss: 16.7579 +/- 0.8819
INFO:root:Epoch no. 56 of 500 (samples: 507794)
INFO:root:Loss: 16.0197 +/- 0.4014
INFO:root:Epoch no. 57 of 500 (samples: 507794)
INFO:root:Loss: 16.0743 +/- 0.4255
INFO:root:Epoch no. 58 of 500 (samples: 507794)
INFO:root:Loss: 16.1084 +/- 0.5679
INFO:root:Epoch no. 59 of 500 (samples: 507794)
INFO:root:Loss: 15.6859 +/- 0.6794
INFO:root:Epoch no. 60 of 500 (samples: 507794)
INFO:root:Loss: 14.9965 +/- 0.5988
INFO:root:Epoch no. 61 of 500 (samples: 507794)
INFO:root:Loss: 15.4749 +/- 0.325
INFO:root:Epoch no. 62 of 500 (samples: 507794)
INFO:root:Loss: 14.9462 +/- 0.7193
INFO:root:Epoch no. 63 of 500 (samples: 507794)
INFO:root:Loss: 14.7269 +/- 0.4689
INFO:root:Epoch no. 64 of 500 (samples: 507794)
INFO:root:Loss: 14.5206 +/- 0.3786
INFO:root:Epoch no. 65 of 500 (samples: 507794)
INFO:root:Loss: 14.7595 +/- 0.6008
INFO:root:Epoch no. 66 of 500 (samples: 507794)
INFO:root:Loss: 14.4766 +/- 0.2843
INFO:root:Epoch no. 67 of 500 (samples: 507794)
INFO:root:Loss: 14.4477 +/- 0.7902
INFO:root:Epoch no. 68 of 500 (samples: 507794)
INFO:root:Loss: 13.9019 +/- 0.4687
INFO:root:Epoch no. 69 of 500 (samples: 507794)
INFO:root:Loss: 13.8154 +/- 0.6285
INFO:root:Epoch no. 70 of 500 (samples: 507794)
INFO:root:Loss: 13.7646 +/- 0.6024
INFO:root:Epoch no. 71 of 500 (samples: 507794)
INFO:root:Loss: 13.9289 +/- 0.6208
INFO:root:Epoch no. 72 of 500 (samples: 507794)
INFO:root:Loss: 13.6656 +/- 0.3856
INFO:root:Epoch no. 73 of 500 (samples: 507794)
INFO:root:Loss: 13.5453 +/- 0.3966
INFO:root:Epoch no. 74 of 500 (samples: 507794)
INFO:root:Loss: 13.5425 +/- 0.5569
INFO:root:Epoch no. 75 of 500 (samples: 507794)
INFO:root:Loss: 13.395 +/- 0.6926
INFO:root:Epoch no. 76 of 500 (samples: 507794)
INFO:root:Loss: 13.0558 +/- 0.6811
INFO:root:Epoch no. 77 of 500 (samples: 507794)
INFO:root:Loss: 13.0942 +/- 0.4508
INFO:root:Epoch no. 78 of 500 (samples: 507794)
INFO:root:Loss: 12.9698 +/- 0.5557
INFO:root:Epoch no. 79 of 500 (samples: 507794)
INFO:root:Loss: 12.7218 +/- 0.5002
INFO:root:Epoch no. 80 of 500 (samples: 507794)
INFO:root:Loss: 12.7824 +/- 0.6223
INFO:root:Epoch no. 81 of 500 (samples: 507794)
INFO:root:Loss: 12.9871 +/- 0.4378
INFO:root:Epoch no. 82 of 500 (samples: 507794)
INFO:root:Loss: 12.4126 +/- 0.7121
INFO:root:Epoch no. 83 of 500 (samples: 507794)
INFO:root:Loss: 12.7288 +/- 0.6585
INFO:root:Epoch no. 84 of 500 (samples: 507794)
INFO:root:Loss: 12.4282 +/- 0.427
INFO:root:Epoch no. 85 of 500 (samples: 507794)
INFO:root:Loss: 12.4332 +/- 0.4122
INFO:root:Epoch no. 86 of 500 (samples: 507794)
INFO:root:Loss: 12.1626 +/- 0.6979
INFO:root:Epoch no. 87 of 500 (samples: 507794)
INFO:root:Loss: 12.3887 +/- 0.4776
INFO:root:Epoch no. 88 of 500 (samples: 507794)
INFO:root:Loss: 12.2282 +/- 0.6007
INFO:root:Epoch no. 89 of 500 (samples: 507794)
INFO:root:Loss: 12.0479 +/- 0.5773
INFO:root:Epoch no. 90 of 500 (samples: 507794)
INFO:root:Loss: 11.9915 +/- 0.5073
INFO:root:Epoch no. 91 of 500 (samples: 507794)
INFO:root:Loss: 11.6586 +/- 0.7208
INFO:root:Epoch no. 92 of 500 (samples: 507794)
INFO:root:Loss: 11.7197 +/- 0.7059
INFO:root:Epoch no. 93 of 500 (samples: 507794)
INFO:root:Loss: 11.8978 +/- 0.5333
INFO:root:Epoch no. 94 of 500 (samples: 507794)
INFO:root:Loss: 11.3489 +/- 0.6603
INFO:root:Epoch no. 95 of 500 (samples: 507794)
INFO:root:Loss: 11.6012 +/- 0.5187
INFO:root:Epoch no. 96 of 500 (samples: 507794)
INFO:root:Loss: 11.7113 +/- 0.3128
INFO:root:Epoch no. 97 of 500 (samples: 507794)
INFO:root:Loss: 11.2402 +/- 0.41
INFO:root:Epoch no. 98 of 500 (samples: 507794)
INFO:root:Loss: 11.5214 +/- 0.5641
INFO:root:Epoch no. 99 of 500 (samples: 507794)
INFO:root:Loss: 11.4646 +/- 0.5375
INFO:root:Epoch no. 100 of 500 (samples: 507794)
INFO:root:Loss: 11.4 +/- 0.492
INFO:root:Epoch no. 101 of 500 (samples: 507794)
INFO:root:Loss: 11.1979 +/- 0.5423
INFO:root:Epoch no. 102 of 500 (samples: 507794)
INFO:root:Loss: 11.262 +/- 0.5665
INFO:root:Epoch no. 103 of 500 (samples: 507794)
INFO:root:Loss: 10.9521 +/- 0.2618
INFO:root:Epoch no. 104 of 500 (samples: 507794)
INFO:root:Loss: 11.0447 +/- 0.7479
INFO:root:Epoch no. 105 of 500 (samples: 507794)
INFO:root:Loss: 11.1826 +/- 0.605
INFO:root:Epoch no. 106 of 500 (samples: 507794)
INFO:root:Loss: 11.1339 +/- 0.4972
INFO:root:Epoch no. 107 of 500 (samples: 507794)
INFO:root:Loss: 11.1371 +/- 0.3154
INFO:root:Epoch no. 108 of 500 (samples: 507794)
INFO:root:Loss: 10.821 +/- 0.4569
INFO:root:Epoch no. 109 of 500 (samples: 507794)
INFO:root:Loss: 11.0436 +/- 0.6834
INFO:root:Epoch no. 110 of 500 (samples: 507794)
INFO:root:Loss: 10.8254 +/- 0.7759
INFO:root:Epoch no. 111 of 500 (samples: 507794)
INFO:root:Loss: 10.5425 +/- 0.5085
INFO:root:Epoch no. 112 of 500 (samples: 507794)
INFO:root:Loss: 10.8261 +/- 0.5524
INFO:root:Epoch no. 113 of 500 (samples: 507794)
INFO:root:Loss: 10.7524 +/- 0.4142
INFO:root:Epoch no. 114 of 500 (samples: 507794)
INFO:root:Loss: 11.1247 +/- 0.5568
INFO:root:Epoch no. 115 of 500 (samples: 507794)
INFO:root:Loss: 10.678 +/- 0.6842
INFO:root:Epoch no. 116 of 500 (samples: 507794)
INFO:root:Loss: 10.3395 +/- 0.246
INFO:root:Epoch no. 117 of 500 (samples: 507794)
INFO:root:Loss: 10.5156 +/- 0.5583
INFO:root:Epoch no. 118 of 500 (samples: 507794)
INFO:root:Loss: 10.4814 +/- 0.504
INFO:root:Epoch no. 119 of 500 (samples: 507794)
INFO:root:Loss: 10.6172 +/- 0.5167
INFO:root:Epoch no. 120 of 500 (samples: 507794)
INFO:root:Loss: 10.6036 +/- 0.8284
INFO:root:Epoch no. 121 of 500 (samples: 507794)
INFO:root:Loss: 10.453 +/- 0.5494
INFO:root:Epoch no. 122 of 500 (samples: 507794)
INFO:root:Loss: 10.4233 +/- 0.656
INFO:root:Epoch no. 123 of 500 (samples: 507794)
INFO:root:Loss: 10.1781 +/- 0.6055
INFO:root:Epoch no. 124 of 500 (samples: 507794)
INFO:root:Loss: 10.0593 +/- 0.3347
INFO:root:Epoch no. 125 of 500 (samples: 507794)
INFO:root:Loss: 10.0742 +/- 0.4714
INFO:root:Epoch no. 126 of 500 (samples: 507794)
INFO:root:Loss: 10.2484 +/- 0.471
INFO:root:Epoch no. 127 of 500 (samples: 507794)
INFO:root:Loss: 10.545 +/- 0.3701
INFO:root:Epoch no. 128 of 500 (samples: 507794)
INFO:root:Loss: 10.2394 +/- 0.5788
INFO:root:Epoch no. 129 of 500 (samples: 507794)
INFO:root:Loss: 9.8044 +/- 0.5845
INFO:root:Epoch no. 130 of 500 (samples: 507794)
INFO:root:Loss: 10.1145 +/- 0.5142
INFO:root:Epoch no. 131 of 500 (samples: 507794)
INFO:root:Loss: 10.1337 +/- 0.5986
INFO:root:Epoch no. 132 of 500 (samples: 507794)
INFO:root:Loss: 9.6386 +/- 0.3116
INFO:root:Epoch no. 133 of 500 (samples: 507794)
INFO:root:Loss: 10.2202 +/- 0.5962
INFO:root:Epoch no. 134 of 500 (samples: 507794)
INFO:root:Loss: 10.0471 +/- 0.5231
INFO:root:Epoch no. 135 of 500 (samples: 507794)
INFO:root:Loss: 9.7113 +/- 0.3481
INFO:root:Epoch no. 136 of 500 (samples: 507794)
INFO:root:Loss: 10.0351 +/- 0.4337
INFO:root:Epoch no. 137 of 500 (samples: 507794)
INFO:root:Loss: 9.8513 +/- 0.4879
INFO:root:Epoch no. 138 of 500 (samples: 507794)
INFO:root:Loss: 9.944 +/- 0.4196
INFO:root:Epoch no. 139 of 500 (samples: 507794)
INFO:root:Loss: 9.5958 +/- 0.5885
INFO:root:Epoch no. 140 of 500 (samples: 507794)
INFO:root:Loss: 9.757 +/- 0.3072
INFO:root:Epoch no. 141 of 500 (samples: 507794)
INFO:root:Loss: 9.6003 +/- 0.2913
INFO:root:Epoch no. 142 of 500 (samples: 507794)
INFO:root:Loss: 9.8205 +/- 0.3762
INFO:root:Epoch no. 143 of 500 (samples: 507794)
INFO:root:Loss: 9.517 +/- 0.4686
INFO:root:Epoch no. 144 of 500 (samples: 507794)
INFO:root:Loss: 9.4944 +/- 0.5975
INFO:root:Epoch no. 145 of 500 (samples: 507794)
INFO:root:Loss: 9.7792 +/- 0.4668
INFO:root:Epoch no. 146 of 500 (samples: 507794)
INFO:root:Loss: 9.3822 +/- 0.4444
INFO:root:Epoch no. 147 of 500 (samples: 507794)
INFO:root:Loss: 9.6843 +/- 0.4488
INFO:root:Epoch no. 148 of 500 (samples: 507794)
INFO:root:Loss: 9.8223 +/- 0.566
INFO:root:Epoch no. 149 of 500 (samples: 507794)
INFO:root:Loss: 9.8922 +/- 0.623
INFO:root:Epoch no. 150 of 500 (samples: 507794)
INFO:root:Loss: 9.8139 +/- 0.314
INFO:root:Epoch no. 151 of 500 (samples: 507794)
INFO:root:Loss: 9.5376 +/- 0.4743
INFO:root:Epoch no. 152 of 500 (samples: 507794)
INFO:root:Loss: 9.4437 +/- 0.4716
INFO:root:Epoch no. 153 of 500 (samples: 507794)
INFO:root:Loss: 9.8122 +/- 0.4826
INFO:root:Epoch no. 154 of 500 (samples: 507794)
INFO:root:Loss: 9.5192 +/- 0.3859
INFO:root:Epoch no. 155 of 500 (samples: 507794)
INFO:root:Loss: 9.3938 +/- 0.2692
INFO:root:Epoch no. 156 of 500 (samples: 507794)
INFO:root:Loss: 9.4003 +/- 0.4369
INFO:root:Epoch no. 157 of 500 (samples: 507794)
INFO:root:Loss: 9.2919 +/- 0.5982
INFO:root:Epoch no. 158 of 500 (samples: 507794)
INFO:root:Loss: 9.4077 +/- 0.3066
INFO:root:Epoch no. 159 of 500 (samples: 507794)
INFO:root:Loss: 9.4929 +/- 0.482
INFO:root:Epoch no. 160 of 500 (samples: 507794)
INFO:root:Loss: 9.5509 +/- 0.3814
INFO:root:Epoch no. 161 of 500 (samples: 507794)
INFO:root:Loss: 9.4738 +/- 0.4929
INFO:root:Epoch no. 162 of 500 (samples: 507794)
INFO:root:Loss: 9.7019 +/- 0.7308
INFO:root:Epoch no. 163 of 500 (samples: 507794)
INFO:root:Loss: 9.28 +/- 0.4975
INFO:root:Epoch no. 164 of 500 (samples: 507794)
INFO:root:Loss: 9.2564 +/- 0.448
INFO:root:Epoch no. 165 of 500 (samples: 507794)
INFO:root:Loss: 9.1047 +/- 0.4547
INFO:root:Epoch no. 166 of 500 (samples: 507794)
INFO:root:Loss: 9.0577 +/- 0.584
INFO:root:Epoch no. 167 of 500 (samples: 507794)
INFO:root:Loss: 9.2239 +/- 0.3499
INFO:root:Epoch no. 168 of 500 (samples: 507794)
INFO:root:Loss: 9.0261 +/- 0.5375
INFO:root:Epoch no. 169 of 500 (samples: 507794)
INFO:root:Loss: 9.4077 +/- 0.5652
INFO:root:Epoch no. 170 of 500 (samples: 507794)
INFO:root:Loss: 8.9024 +/- 0.3991
INFO:root:Epoch no. 171 of 500 (samples: 507794)
INFO:root:Loss: 9.0924 +/- 0.4747
INFO:root:Epoch no. 172 of 500 (samples: 507794)
INFO:root:Loss: 9.3867 +/- 0.4378
INFO:root:Epoch no. 173 of 500 (samples: 507794)
INFO:root:Loss: 9.1566 +/- 0.6584
INFO:root:Epoch no. 174 of 500 (samples: 507794)
INFO:root:Loss: 8.9153 +/- 0.5723
INFO:root:Epoch no. 175 of 500 (samples: 507794)
INFO:root:Loss: 8.9469 +/- 0.6128
INFO:root:Epoch no. 176 of 500 (samples: 507794)
INFO:root:Loss: 8.897 +/- 0.5461
INFO:root:Epoch no. 177 of 500 (samples: 507794)
INFO:root:Loss: 9.3568 +/- 0.384
INFO:root:Epoch no. 178 of 500 (samples: 507794)
INFO:root:Loss: 8.8572 +/- 0.3442
INFO:root:Epoch no. 179 of 500 (samples: 507794)
INFO:root:Loss: 8.864 +/- 0.6127
INFO:root:Epoch no. 180 of 500 (samples: 507794)
INFO:root:Loss: 8.9598 +/- 0.639
INFO:root:Epoch no. 181 of 500 (samples: 507794)
INFO:root:Loss: 9.0331 +/- 0.6251
INFO:root:Epoch no. 182 of 500 (samples: 507794)
INFO:root:Loss: 8.713 +/- 0.5243
INFO:root:Epoch no. 183 of 500 (samples: 507794)
INFO:root:Loss: 9.0262 +/- 0.5072
INFO:root:Epoch no. 184 of 500 (samples: 507794)
INFO:root:Loss: 9.0936 +/- 0.3998
INFO:root:Epoch no. 185 of 500 (samples: 507794)
INFO:root:Loss: 8.7542 +/- 0.2654
INFO:root:Epoch no. 186 of 500 (samples: 507794)
INFO:root:Loss: 9.2966 +/- 0.5014
INFO:root:Epoch no. 187 of 500 (samples: 507794)
INFO:root:Loss: 8.8454 +/- 0.4372
INFO:root:Epoch no. 188 of 500 (samples: 507794)
INFO:root:Loss: 9.0933 +/- 0.441
INFO:root:Epoch no. 189 of 500 (samples: 507794)
INFO:root:Loss: 8.8225 +/- 0.3873
INFO:root:Epoch no. 190 of 500 (samples: 507794)
INFO:root:Loss: 9.03 +/- 0.6266
INFO:root:Epoch no. 191 of 500 (samples: 507794)
INFO:root:Loss: 8.8859 +/- 0.4934
INFO:root:Epoch no. 192 of 500 (samples: 507794)
INFO:root:Loss: 8.7639 +/- 0.513
INFO:root:Epoch no. 193 of 500 (samples: 507794)
INFO:root:Loss: 8.7923 +/- 0.4075
INFO:root:Epoch no. 194 of 500 (samples: 507794)
INFO:root:Loss: 8.6338 +/- 0.417
INFO:root:Epoch no. 195 of 500 (samples: 507794)
INFO:root:Loss: 8.7965 +/- 0.4253
INFO:root:Epoch no. 196 of 500 (samples: 507794)
INFO:root:Loss: 8.9737 +/- 0.4789
INFO:root:Epoch no. 197 of 500 (samples: 507794)
INFO:root:Loss: 8.569 +/- 0.4965
INFO:root:Epoch no. 198 of 500 (samples: 507794)
INFO:root:Loss: 8.6826 +/- 0.3383
INFO:root:Epoch no. 199 of 500 (samples: 507794)
INFO:root:Loss: 8.7531 +/- 0.397
INFO:root:Epoch no. 200 of 500 (samples: 507794)
INFO:root:Loss: 8.8207 +/- 0.6113
INFO:root:Epoch no. 201 of 500 (samples: 507794)
INFO:root:Loss: 8.3602 +/- 0.5587
INFO:root:Epoch no. 202 of 500 (samples: 507794)
INFO:root:Loss: 8.6473 +/- 0.3897
INFO:root:Epoch no. 203 of 500 (samples: 507794)
INFO:root:Loss: 8.6845 +/- 0.4162
INFO:root:Epoch no. 204 of 500 (samples: 507794)
INFO:root:Loss: 8.5755 +/- 0.3003
INFO:root:Epoch no. 205 of 500 (samples: 507794)
INFO:root:Loss: 8.6506 +/- 0.545
INFO:root:Epoch no. 206 of 500 (samples: 507794)
INFO:root:Loss: 8.6626 +/- 0.4004
INFO:root:Epoch no. 207 of 500 (samples: 507794)
INFO:root:Loss: 8.4947 +/- 0.6133
INFO:root:Epoch no. 208 of 500 (samples: 507794)
INFO:root:Loss: 8.5364 +/- 0.2252
INFO:root:Epoch no. 209 of 500 (samples: 507794)
INFO:root:Loss: 9.0074 +/- 0.6399
INFO:root:Epoch no. 210 of 500 (samples: 507794)
INFO:root:Loss: 8.5846 +/- 0.5368
INFO:root:Epoch no. 211 of 500 (samples: 507794)
INFO:root:Loss: 8.4554 +/- 0.3105
INFO:root:Epoch no. 212 of 500 (samples: 507794)
INFO:root:Loss: 8.2553 +/- 0.4423
INFO:root:Epoch no. 213 of 500 (samples: 507794)
INFO:root:Loss: 8.5314 +/- 0.5095
INFO:root:Epoch no. 214 of 500 (samples: 507794)
INFO:root:Loss: 8.6604 +/- 0.2941
INFO:root:Epoch no. 215 of 500 (samples: 507794)
INFO:root:Loss: 8.6553 +/- 0.2492
INFO:root:Epoch no. 216 of 500 (samples: 507794)
INFO:root:Loss: 8.3983 +/- 0.4447
INFO:root:Epoch no. 217 of 500 (samples: 507794)
INFO:root:Loss: 8.4726 +/- 0.6127
INFO:root:Epoch no. 218 of 500 (samples: 507794)
INFO:root:Loss: 8.6387 +/- 0.4327
INFO:root:Epoch no. 219 of 500 (samples: 507794)
INFO:root:Loss: 8.3646 +/- 0.6156
INFO:root:Epoch no. 220 of 500 (samples: 507794)
INFO:root:Loss: 8.2798 +/- 0.4595
INFO:root:Epoch no. 221 of 500 (samples: 507794)
INFO:root:Loss: 8.3301 +/- 0.5175
INFO:root:Epoch no. 222 of 500 (samples: 507794)
INFO:root:Loss: 8.4164 +/- 0.4188
INFO:root:Epoch no. 223 of 500 (samples: 507794)
INFO:root:Loss: 8.4558 +/- 0.7096
INFO:root:Epoch no. 224 of 500 (samples: 507794)
INFO:root:Loss: 8.3713 +/- 0.5777
INFO:root:Epoch no. 225 of 500 (samples: 507794)
INFO:root:Loss: 8.3876 +/- 0.5129
INFO:root:Epoch no. 226 of 500 (samples: 507794)
INFO:root:Loss: 8.4342 +/- 0.3469
INFO:root:Epoch no. 227 of 500 (samples: 507794)
INFO:root:Loss: 8.4247 +/- 0.4959
INFO:root:Epoch no. 228 of 500 (samples: 507794)
INFO:root:Loss: 8.5288 +/- 0.2044
INFO:root:Epoch no. 229 of 500 (samples: 507794)
INFO:root:Loss: 8.676 +/- 0.3671
INFO:root:Epoch no. 230 of 500 (samples: 507794)
INFO:root:Loss: 8.0955 +/- 0.4254
INFO:root:Epoch no. 231 of 500 (samples: 507794)
INFO:root:Loss: 8.1039 +/- 0.337
INFO:root:Epoch no. 232 of 500 (samples: 507794)
INFO:root:Loss: 8.2718 +/- 0.5369
INFO:root:Epoch no. 233 of 500 (samples: 507794)
INFO:root:Loss: 8.2019 +/- 0.395
INFO:root:Epoch no. 234 of 500 (samples: 507794)
INFO:root:Loss: 8.7482 +/- 0.5437
INFO:root:Epoch no. 235 of 500 (samples: 507794)
INFO:root:Loss: 8.4889 +/- 0.5108
INFO:root:Epoch no. 236 of 500 (samples: 507794)
INFO:root:Loss: 8.3164 +/- 0.5131
INFO:root:Epoch no. 237 of 500 (samples: 507794)
INFO:root:Loss: 8.4741 +/- 0.3916
INFO:root:Epoch no. 238 of 500 (samples: 507794)
INFO:root:Loss: 8.0136 +/- 0.4247
INFO:root:Epoch no. 239 of 500 (samples: 507794)
INFO:root:Loss: 8.1654 +/- 0.3758
INFO:root:Epoch no. 240 of 500 (samples: 507794)
INFO:root:Loss: 8.0596 +/- 0.5497
INFO:root:Epoch no. 241 of 500 (samples: 507794)
INFO:root:Loss: 8.0796 +/- 0.3972
INFO:root:Epoch no. 242 of 500 (samples: 507794)
INFO:root:Loss: 8.217 +/- 0.5618
INFO:root:Epoch no. 243 of 500 (samples: 507794)
INFO:root:Loss: 8.3105 +/- 0.4425
INFO:root:Epoch no. 244 of 500 (samples: 507794)
INFO:root:Loss: 8.1598 +/- 0.631
INFO:root:Epoch no. 245 of 500 (samples: 507794)
INFO:root:Loss: 8.205 +/- 0.2918
INFO:root:Epoch no. 246 of 500 (samples: 507794)
INFO:root:Loss: 7.8877 +/- 0.4325
INFO:root:Epoch no. 247 of 500 (samples: 507794)
INFO:root:Loss: 8.4271 +/- 0.435
INFO:root:Epoch no. 248 of 500 (samples: 507794)
INFO:root:Loss: 8.0414 +/- 0.5608
INFO:root:Epoch no. 249 of 500 (samples: 507794)
INFO:root:Loss: 8.3356 +/- 0.3116
INFO:root:Epoch no. 250 of 500 (samples: 507794)
INFO:root:Loss: 8.3385 +/- 0.4646
INFO:root:Epoch no. 251 of 500 (samples: 507794)
INFO:root:Loss: 8.1265 +/- 0.2922
INFO:root:Epoch no. 252 of 500 (samples: 507794)
INFO:root:Loss: 8.2004 +/- 0.6425
INFO:root:Epoch no. 253 of 500 (samples: 507794)
INFO:root:Loss: 8.0938 +/- 0.4855
INFO:root:Epoch no. 254 of 500 (samples: 507794)
INFO:root:Loss: 8.0972 +/- 0.6042
INFO:root:Epoch no. 255 of 500 (samples: 507794)
INFO:root:Loss: 7.8195 +/- 0.3418
INFO:root:Epoch no. 256 of 500 (samples: 507794)
INFO:root:Loss: 7.9528 +/- 0.4131
INFO:root:Epoch no. 257 of 500 (samples: 507794)
INFO:root:Loss: 8.0512 +/- 0.4107
INFO:root:Epoch no. 258 of 500 (samples: 507794)
INFO:root:Loss: 7.8423 +/- 0.5065
INFO:root:Epoch no. 259 of 500 (samples: 507794)
INFO:root:Loss: 7.9131 +/- 0.3704
INFO:root:Epoch no. 260 of 500 (samples: 507794)
INFO:root:Loss: 8.043 +/- 0.6177
INFO:root:Epoch no. 261 of 500 (samples: 507794)
INFO:root:Loss: 8.3337 +/- 0.4298
INFO:root:Epoch no. 262 of 500 (samples: 507794)
INFO:root:Loss: 7.7741 +/- 0.5201
INFO:root:Epoch no. 263 of 500 (samples: 507794)
INFO:root:Loss: 8.1531 +/- 0.71
INFO:root:Epoch no. 264 of 500 (samples: 507794)
INFO:root:Loss: 8.0941 +/- 0.6044
INFO:root:Epoch no. 265 of 500 (samples: 507794)
INFO:root:Loss: 7.9137 +/- 0.3642
INFO:root:Epoch no. 266 of 500 (samples: 507794)
INFO:root:Loss: 7.9149 +/- 0.3644
INFO:root:Epoch no. 267 of 500 (samples: 507794)
INFO:root:Loss: 8.107 +/- 0.3271
INFO:root:Epoch no. 268 of 500 (samples: 507794)
INFO:root:Loss: 8.0852 +/- 0.3277
INFO:root:Epoch no. 269 of 500 (samples: 507794)
INFO:root:Loss: 8.0578 +/- 0.4411
INFO:root:Epoch no. 270 of 500 (samples: 507794)
INFO:root:Loss: 7.9154 +/- 0.5823
INFO:root:Epoch no. 271 of 500 (samples: 507794)
INFO:root:Loss: 8.0161 +/- 0.504
INFO:root:Epoch no. 272 of 500 (samples: 507794)
INFO:root:Loss: 8.1391 +/- 0.5528
INFO:root:Epoch no. 273 of 500 (samples: 507794)
INFO:root:Loss: 7.6533 +/- 0.5534
INFO:root:Epoch no. 274 of 500 (samples: 507794)
INFO:root:Loss: 7.9145 +/- 0.3192
INFO:root:Epoch no. 275 of 500 (samples: 507794)
INFO:root:Loss: 8.0695 +/- 0.4459
INFO:root:Epoch no. 276 of 500 (samples: 507794)
INFO:root:Loss: 7.7433 +/- 0.3765
INFO:root:Epoch no. 277 of 500 (samples: 507794)
INFO:root:Loss: 8.3935 +/- 0.8312
INFO:root:Epoch no. 278 of 500 (samples: 507794)
INFO:root:Loss: 7.7665 +/- 0.5122
INFO:root:Epoch no. 279 of 500 (samples: 507794)
INFO:root:Loss: 8.0071 +/- 0.366
INFO:root:Epoch no. 280 of 500 (samples: 507794)
INFO:root:Loss: 7.9051 +/- 0.381
INFO:root:Epoch no. 281 of 500 (samples: 507794)
INFO:root:Loss: 7.8212 +/- 0.4992
INFO:root:Epoch no. 282 of 500 (samples: 507794)
INFO:root:Loss: 7.6698 +/- 0.3297
INFO:root:Epoch no. 283 of 500 (samples: 507794)
INFO:root:Loss: 7.6254 +/- 0.3864
INFO:root:Epoch no. 284 of 500 (samples: 507794)
INFO:root:Loss: 7.8879 +/- 0.5506
INFO:root:Epoch no. 285 of 500 (samples: 507794)
INFO:root:Loss: 7.9086 +/- 0.5434
INFO:root:Epoch no. 286 of 500 (samples: 507794)
INFO:root:Loss: 8.0924 +/- 0.4571
INFO:root:Epoch no. 287 of 500 (samples: 507794)
INFO:root:Loss: 8.0021 +/- 0.3202
INFO:root:Epoch no. 288 of 500 (samples: 507794)
INFO:root:Loss: 7.8256 +/- 0.586
INFO:root:Epoch no. 289 of 500 (samples: 507794)
INFO:root:Loss: 8.129 +/- 0.474
INFO:root:Epoch no. 290 of 500 (samples: 507794)
INFO:root:Loss: 7.6946 +/- 0.2825
INFO:root:Epoch no. 291 of 500 (samples: 507794)
INFO:root:Loss: 8.1049 +/- 0.5472
INFO:root:Epoch no. 292 of 500 (samples: 507794)
INFO:root:Loss: 7.7961 +/- 0.5938
INFO:root:Epoch no. 293 of 500 (samples: 507794)
INFO:root:Loss: 7.8079 +/- 0.4135
INFO:root:Epoch no. 294 of 500 (samples: 507794)
INFO:root:Loss: 8.0936 +/- 0.3961
INFO:root:Epoch no. 295 of 500 (samples: 507794)
INFO:root:Loss: 7.7593 +/- 0.3542
INFO:root:Epoch no. 296 of 500 (samples: 507794)
INFO:root:Loss: 7.9069 +/- 0.3568
INFO:root:Epoch no. 297 of 500 (samples: 507794)
INFO:root:Loss: 7.927 +/- 0.5776
INFO:root:Epoch no. 298 of 500 (samples: 507794)
INFO:root:Loss: 7.8424 +/- 0.4559
INFO:root:Epoch no. 299 of 500 (samples: 507794)
INFO:root:Loss: 7.9309 +/- 0.4151
INFO:root:Epoch no. 300 of 500 (samples: 507794)
INFO:root:Loss: 7.8566 +/- 0.5356
INFO:root:Epoch no. 301 of 500 (samples: 507794)
INFO:root:Loss: 7.7019 +/- 0.4804
INFO:root:Epoch no. 302 of 500 (samples: 507794)
INFO:root:Loss: 7.5796 +/- 0.5124
INFO:root:Epoch no. 303 of 500 (samples: 507794)
INFO:root:Loss: 7.9901 +/- 0.4082
INFO:root:Epoch no. 304 of 500 (samples: 507794)
INFO:root:Loss: 7.8883 +/- 0.4223
INFO:root:Epoch no. 305 of 500 (samples: 507794)
INFO:root:Loss: 7.7895 +/- 0.3524
INFO:root:Epoch no. 306 of 500 (samples: 507794)
INFO:root:Loss: 8.0861 +/- 0.4685
INFO:root:Epoch no. 307 of 500 (samples: 507794)
INFO:root:Loss: 7.7263 +/- 0.4054
INFO:root:Epoch no. 308 of 500 (samples: 507794)
INFO:root:Loss: 7.8018 +/- 0.3821
INFO:root:Epoch no. 309 of 500 (samples: 507794)
INFO:root:Loss: 8.0493 +/- 0.4669
INFO:root:Epoch no. 310 of 500 (samples: 507794)
INFO:root:Loss: 7.7466 +/- 0.2747
INFO:root:Epoch no. 311 of 500 (samples: 507794)
INFO:root:Loss: 7.8006 +/- 0.4654
INFO:root:Epoch no. 312 of 500 (samples: 507794)
INFO:root:Loss: 7.8953 +/- 0.3709
INFO:root:Epoch no. 313 of 500 (samples: 507794)
INFO:root:Loss: 7.6652 +/- 0.3984
INFO:root:Epoch no. 314 of 500 (samples: 507794)
INFO:root:Loss: 7.6278 +/- 0.4851
INFO:root:Epoch no. 315 of 500 (samples: 507794)
INFO:root:Loss: 7.8147 +/- 0.364
INFO:root:Epoch no. 316 of 500 (samples: 507794)
INFO:root:Loss: 7.8491 +/- 0.5426
INFO:root:Epoch no. 317 of 500 (samples: 507794)
INFO:root:Loss: 7.6128 +/- 0.4553
INFO:root:Epoch no. 318 of 500 (samples: 507794)
INFO:root:Loss: 7.9055 +/- 0.3241
INFO:root:Epoch no. 319 of 500 (samples: 507794)
INFO:root:Loss: 7.8428 +/- 0.486
INFO:root:Epoch no. 320 of 500 (samples: 507794)
INFO:root:Loss: 7.7744 +/- 0.456
INFO:root:Epoch no. 321 of 500 (samples: 507794)
INFO:root:Loss: 7.919 +/- 0.4435
INFO:root:Epoch no. 322 of 500 (samples: 507794)
INFO:root:Loss: 7.7901 +/- 0.4704
INFO:root:Epoch no. 323 of 500 (samples: 507794)
INFO:root:Loss: 7.6017 +/- 0.6024
INFO:root:Epoch no. 324 of 500 (samples: 507794)
INFO:root:Loss: 7.655 +/- 0.5238
INFO:root:Epoch no. 325 of 500 (samples: 507794)
INFO:root:Loss: 7.8946 +/- 0.4612
INFO:root:Epoch no. 326 of 500 (samples: 507794)
INFO:root:Loss: 7.7735 +/- 0.607
INFO:root:Epoch no. 327 of 500 (samples: 507794)
INFO:root:Loss: 7.7604 +/- 0.4857
INFO:root:Epoch no. 328 of 500 (samples: 507794)
INFO:root:Loss: 7.5123 +/- 0.4477
INFO:root:Epoch no. 329 of 500 (samples: 507794)
INFO:root:Loss: 7.6034 +/- 0.3166
INFO:root:Epoch no. 330 of 500 (samples: 507794)
INFO:root:Loss: 7.6131 +/- 0.4643
INFO:root:Epoch no. 331 of 500 (samples: 507794)
INFO:root:Loss: 7.9718 +/- 0.5819
INFO:root:Epoch no. 332 of 500 (samples: 507794)
INFO:root:Loss: 7.8617 +/- 0.5181
INFO:root:Epoch no. 333 of 500 (samples: 507794)
INFO:root:Loss: 7.6769 +/- 0.4559
INFO:root:Epoch no. 334 of 500 (samples: 507794)
INFO:root:Loss: 7.6787 +/- 0.5199
INFO:root:Epoch no. 335 of 500 (samples: 507794)
INFO:root:Loss: 7.5104 +/- 0.4855
INFO:root:Epoch no. 336 of 500 (samples: 507794)
INFO:root:Loss: 7.74 +/- 0.4918
INFO:root:Epoch no. 337 of 500 (samples: 507794)
INFO:root:Loss: 7.7272 +/- 0.5316
INFO:root:Epoch no. 338 of 500 (samples: 507794)
INFO:root:Loss: 7.5247 +/- 0.413
INFO:root:Epoch no. 339 of 500 (samples: 507794)
INFO:root:Loss: 7.5931 +/- 0.2893
INFO:root:Epoch no. 340 of 500 (samples: 507794)
INFO:root:Loss: 7.9352 +/- 0.4676
INFO:root:Epoch no. 341 of 500 (samples: 507794)
INFO:root:Loss: 7.7093 +/- 0.4161
INFO:root:Epoch no. 342 of 500 (samples: 507794)
INFO:root:Loss: 7.7783 +/- 0.3173
INFO:root:Epoch no. 343 of 500 (samples: 507794)
INFO:root:Loss: 7.646 +/- 0.3757
INFO:root:Epoch no. 344 of 500 (samples: 507794)
INFO:root:Loss: 7.5975 +/- 0.4613
INFO:root:Epoch no. 345 of 500 (samples: 507794)
INFO:root:Loss: 7.811 +/- 0.3963
INFO:root:Epoch no. 346 of 500 (samples: 507794)
INFO:root:Loss: 7.8287 +/- 0.5904
INFO:root:Epoch no. 347 of 500 (samples: 507794)
INFO:root:Loss: 7.531 +/- 0.52
INFO:root:Epoch no. 348 of 500 (samples: 507794)
INFO:root:Loss: 7.6308 +/- 0.4432
INFO:root:Epoch no. 349 of 500 (samples: 507794)
INFO:root:Loss: 7.5754 +/- 0.487
INFO:root:Epoch no. 350 of 500 (samples: 507794)
INFO:root:Loss: 7.627 +/- 0.6307
INFO:root:Epoch no. 351 of 500 (samples: 507794)
INFO:root:Loss: 7.7475 +/- 0.603
INFO:root:Epoch no. 352 of 500 (samples: 507794)
INFO:root:Loss: 7.6045 +/- 0.3525
INFO:root:Epoch no. 353 of 500 (samples: 507794)
INFO:root:Loss: 7.4019 +/- 0.2984
INFO:root:Epoch no. 354 of 500 (samples: 507794)
INFO:root:Loss: 7.7162 +/- 0.6106
INFO:root:Epoch no. 355 of 500 (samples: 507794)
INFO:root:Loss: 7.3693 +/- 0.2301
INFO:root:Epoch no. 356 of 500 (samples: 507794)
INFO:root:Loss: 7.645 +/- 0.4482
INFO:root:Epoch no. 357 of 500 (samples: 507794)
INFO:root:Loss: 7.4054 +/- 0.4773
INFO:root:Epoch no. 358 of 500 (samples: 507794)
INFO:root:Loss: 7.8228 +/- 0.5741
INFO:root:Epoch no. 359 of 500 (samples: 507794)
INFO:root:Loss: 7.2825 +/- 0.6278
INFO:root:Epoch no. 360 of 500 (samples: 507794)
INFO:root:Loss: 7.5949 +/- 0.748
INFO:root:Epoch no. 361 of 500 (samples: 507794)
INFO:root:Loss: 7.7733 +/- 0.5045
INFO:root:Epoch no. 362 of 500 (samples: 507794)
INFO:root:Loss: 7.4688 +/- 0.5992
INFO:root:Epoch no. 363 of 500 (samples: 507794)
INFO:root:Loss: 7.4633 +/- 0.403
INFO:root:Epoch no. 364 of 500 (samples: 507794)
INFO:root:Loss: 7.6075 +/- 0.6401
INFO:root:Epoch no. 365 of 500 (samples: 507794)
INFO:root:Loss: 7.4832 +/- 0.3966
INFO:root:Epoch no. 366 of 500 (samples: 507794)
INFO:root:Loss: 7.4723 +/- 0.3532
INFO:root:Epoch no. 367 of 500 (samples: 507794)
INFO:root:Loss: 7.505 +/- 0.435
INFO:root:Epoch no. 368 of 500 (samples: 507794)
INFO:root:Loss: 7.6624 +/- 0.4905
INFO:root:Epoch no. 369 of 500 (samples: 507794)
INFO:root:Loss: 7.5374 +/- 0.725
INFO:root:Epoch no. 370 of 500 (samples: 507794)
INFO:root:Loss: 7.5869 +/- 0.587
INFO:root:Epoch no. 371 of 500 (samples: 507794)
INFO:root:Loss: 7.6772 +/- 0.2778
INFO:root:Epoch no. 372 of 500 (samples: 507794)
INFO:root:Loss: 7.7541 +/- 0.5336
INFO:root:Epoch no. 373 of 500 (samples: 507794)
INFO:root:Loss: 7.9157 +/- 0.6518
INFO:root:Epoch no. 374 of 500 (samples: 507794)
INFO:root:Loss: 7.3535 +/- 0.4429
INFO:root:Epoch no. 375 of 500 (samples: 507794)
INFO:root:Loss: 7.512 +/- 0.5258
INFO:root:Epoch no. 376 of 500 (samples: 507794)
INFO:root:Loss: 7.5829 +/- 0.4159
INFO:root:Epoch no. 377 of 500 (samples: 507794)
INFO:root:Loss: 7.4191 +/- 0.3442
INFO:root:Epoch no. 378 of 500 (samples: 507794)
INFO:root:Loss: 7.209 +/- 0.4914
INFO:root:Epoch no. 379 of 500 (samples: 507794)
INFO:root:Loss: 7.1699 +/- 0.4371
INFO:root:Epoch no. 380 of 500 (samples: 507794)
INFO:root:Loss: 7.5822 +/- 0.469
INFO:root:Epoch no. 381 of 500 (samples: 507794)
INFO:root:Loss: 7.5599 +/- 0.4486
INFO:root:Epoch no. 382 of 500 (samples: 507794)
INFO:root:Loss: 7.6415 +/- 0.5352
INFO:root:Epoch no. 383 of 500 (samples: 507794)
INFO:root:Loss: 7.5869 +/- 0.3566
INFO:root:Epoch no. 384 of 500 (samples: 507794)
INFO:root:Loss: 7.5454 +/- 0.3723
INFO:root:Epoch no. 385 of 500 (samples: 507794)
INFO:root:Loss: 7.7005 +/- 0.4114
INFO:root:Epoch no. 386 of 500 (samples: 507794)
INFO:root:Loss: 7.3267 +/- 0.6957
INFO:root:Epoch no. 387 of 500 (samples: 507794)
INFO:root:Loss: 7.4485 +/- 0.6114
INFO:root:Epoch no. 388 of 500 (samples: 507794)
INFO:root:Loss: 7.4466 +/- 0.6184
INFO:root:Epoch no. 389 of 500 (samples: 507794)
INFO:root:Loss: 7.3073 +/- 0.5221
INFO:root:Epoch no. 390 of 500 (samples: 507794)
INFO:root:Loss: 7.2889 +/- 0.5523
INFO:root:Epoch no. 391 of 500 (samples: 507794)
INFO:root:Loss: 7.5625 +/- 0.4913
INFO:root:Epoch no. 392 of 500 (samples: 507794)
INFO:root:Loss: 7.4538 +/- 0.6564
INFO:root:Epoch no. 393 of 500 (samples: 507794)
INFO:root:Loss: 7.443 +/- 0.4801
INFO:root:Epoch no. 394 of 500 (samples: 507794)
INFO:root:Loss: 7.1968 +/- 0.4576
INFO:root:Epoch no. 395 of 500 (samples: 507794)
INFO:root:Loss: 7.5604 +/- 0.4647
INFO:root:Epoch no. 396 of 500 (samples: 507794)
INFO:root:Loss: 7.5192 +/- 0.373
INFO:root:Epoch no. 397 of 500 (samples: 507794)
INFO:root:Loss: 7.3648 +/- 0.4655
INFO:root:Epoch no. 398 of 500 (samples: 507794)
INFO:root:Loss: 7.5454 +/- 0.4411
INFO:root:Epoch no. 399 of 500 (samples: 507794)
INFO:root:Loss: 7.2392 +/- 0.4852
INFO:root:Epoch no. 400 of 500 (samples: 507794)
INFO:root:Loss: 7.4168 +/- 0.5691
INFO:root:Epoch no. 401 of 500 (samples: 507794)
INFO:root:Loss: 7.2164 +/- 0.5359
INFO:root:Epoch no. 402 of 500 (samples: 507794)
INFO:root:Loss: 7.4157 +/- 0.5829
INFO:root:Epoch no. 403 of 500 (samples: 507794)
INFO:root:Loss: 7.365 +/- 0.6104
INFO:root:Epoch no. 404 of 500 (samples: 507794)
INFO:root:Loss: 7.4642 +/- 0.6638
INFO:root:Epoch no. 405 of 500 (samples: 507794)
INFO:root:Loss: 7.1837 +/- 0.5866
INFO:root:Epoch no. 406 of 500 (samples: 507794)
INFO:root:Loss: 7.5603 +/- 0.4292
INFO:root:Epoch no. 407 of 500 (samples: 507794)
INFO:root:Loss: 7.4542 +/- 0.4847
INFO:root:Epoch no. 408 of 500 (samples: 507794)
INFO:root:Loss: 7.673 +/- 0.4308
INFO:root:Epoch no. 409 of 500 (samples: 507794)
INFO:root:Loss: 7.3892 +/- 0.5477
INFO:root:Epoch no. 410 of 500 (samples: 507794)
INFO:root:Loss: 7.1503 +/- 0.2936
INFO:root:Epoch no. 411 of 500 (samples: 507794)
INFO:root:Loss: 7.0419 +/- 0.4738
INFO:root:Epoch no. 412 of 500 (samples: 507794)
INFO:root:Loss: 7.4397 +/- 0.4362
INFO:root:Epoch no. 413 of 500 (samples: 507794)
INFO:root:Loss: 7.3539 +/- 0.555
INFO:root:Epoch no. 414 of 500 (samples: 507794)
INFO:root:Loss: 7.4415 +/- 0.549
INFO:root:Epoch no. 415 of 500 (samples: 507794)
INFO:root:Loss: 7.0294 +/- 0.3468
INFO:root:Epoch no. 416 of 500 (samples: 507794)
INFO:root:Loss: 7.1359 +/- 0.3732
INFO:root:Epoch no. 417 of 500 (samples: 507794)
INFO:root:Loss: 7.3011 +/- 0.6341
INFO:root:Epoch no. 418 of 500 (samples: 507794)
INFO:root:Loss: 7.5225 +/- 0.4519
INFO:root:Epoch no. 419 of 500 (samples: 507794)
INFO:root:Loss: 7.5834 +/- 0.4412
INFO:root:Epoch no. 420 of 500 (samples: 507794)
INFO:root:Loss: 7.7279 +/- 0.6306
INFO:root:Epoch no. 421 of 500 (samples: 507794)
INFO:root:Loss: 7.2777 +/- 0.518
INFO:root:Epoch no. 422 of 500 (samples: 507794)
INFO:root:Loss: 7.361 +/- 0.4177
INFO:root:Epoch no. 423 of 500 (samples: 507794)
INFO:root:Loss: 7.4039 +/- 0.5653
INFO:root:Epoch no. 424 of 500 (samples: 507794)
INFO:root:Loss: 7.6637 +/- 0.6005
INFO:root:Epoch no. 425 of 500 (samples: 507794)
INFO:root:Loss: 7.4028 +/- 0.9483
INFO:root:Epoch no. 426 of 500 (samples: 507794)
INFO:root:Loss: 7.478 +/- 0.4548
INFO:root:Epoch no. 427 of 500 (samples: 507794)
INFO:root:Loss: 7.3887 +/- 0.5002
INFO:root:Epoch no. 428 of 500 (samples: 507794)
INFO:root:Loss: 7.4954 +/- 0.6359
INFO:root:Epoch no. 429 of 500 (samples: 507794)
INFO:root:Loss: 7.1684 +/- 0.4418
INFO:root:Epoch no. 430 of 500 (samples: 507794)
INFO:root:Loss: 7.204 +/- 0.3704
INFO:root:Epoch no. 431 of 500 (samples: 507794)
INFO:root:Loss: 7.0691 +/- 0.3902
INFO:root:Epoch no. 432 of 500 (samples: 507794)
INFO:root:Loss: 7.1556 +/- 0.5534
INFO:root:Epoch no. 433 of 500 (samples: 507794)
INFO:root:Loss: 7.2796 +/- 0.2888
INFO:root:Epoch no. 434 of 500 (samples: 507794)
INFO:root:Loss: 7.3328 +/- 0.5658
INFO:root:Epoch no. 435 of 500 (samples: 507794)
INFO:root:Loss: 7.331 +/- 0.253
INFO:root:Epoch no. 436 of 500 (samples: 507794)
INFO:root:Loss: 7.3527 +/- 0.5269
INFO:root:Epoch no. 437 of 500 (samples: 507794)
INFO:root:Loss: 7.1278 +/- 0.5276
INFO:root:Epoch no. 438 of 500 (samples: 507794)
INFO:root:Loss: 7.111 +/- 0.3798
INFO:root:Epoch no. 439 of 500 (samples: 507794)
INFO:root:Loss: 7.2056 +/- 0.4598
INFO:root:Epoch no. 440 of 500 (samples: 507794)
INFO:root:Loss: 7.4861 +/- 0.4702
INFO:root:Epoch no. 441 of 500 (samples: 507794)
INFO:root:Loss: 7.2511 +/- 0.3343
INFO:root:Epoch no. 442 of 500 (samples: 507794)
INFO:root:Loss: 7.75 +/- 0.6294
INFO:root:Epoch no. 443 of 500 (samples: 507794)
INFO:root:Loss: 7.2202 +/- 0.7824
INFO:root:Epoch no. 444 of 500 (samples: 507794)
INFO:root:Loss: 7.31 +/- 0.6512
INFO:root:Epoch no. 445 of 500 (samples: 507794)
INFO:root:Loss: 7.3261 +/- 0.4497
INFO:root:Epoch no. 446 of 500 (samples: 507794)
INFO:root:Loss: 7.4405 +/- 0.4884
INFO:root:Epoch no. 447 of 500 (samples: 507794)
INFO:root:Loss: 7.2339 +/- 0.2979
INFO:root:Epoch no. 448 of 500 (samples: 507794)
INFO:root:Loss: 7.7704 +/- 0.3326
INFO:root:Epoch no. 449 of 500 (samples: 507794)
INFO:root:Loss: 7.3483 +/- 0.4421
INFO:root:Epoch no. 450 of 500 (samples: 507794)
INFO:root:Loss: 7.4909 +/- 0.4241
INFO:root:Epoch no. 451 of 500 (samples: 507794)
INFO:root:Loss: 7.253 +/- 0.4677
INFO:root:Epoch no. 452 of 500 (samples: 507794)
INFO:root:Loss: 7.27 +/- 0.4905
INFO:root:Epoch no. 453 of 500 (samples: 507794)
INFO:root:Loss: 7.5393 +/- 0.4829
INFO:root:Epoch no. 454 of 500 (samples: 507794)
INFO:root:Loss: 7.1 +/- 0.3983
INFO:root:Epoch no. 455 of 500 (samples: 507794)
INFO:root:Loss: 6.9713 +/- 0.6057
INFO:root:Epoch no. 456 of 500 (samples: 507794)
INFO:root:Loss: 7.2969 +/- 0.3237
INFO:root:Epoch no. 457 of 500 (samples: 507794)
INFO:root:Loss: 7.4973 +/- 0.2435
INFO:root:Epoch no. 458 of 500 (samples: 507794)
INFO:root:Loss: 7.3316 +/- 0.5799
INFO:root:Epoch no. 459 of 500 (samples: 507794)
INFO:root:Loss: 7.4866 +/- 0.6948
INFO:root:Epoch no. 460 of 500 (samples: 507794)
INFO:root:Loss: 7.0944 +/- 0.4984
INFO:root:Epoch no. 461 of 500 (samples: 507794)
INFO:root:Loss: 7.2762 +/- 0.5543
INFO:root:Epoch no. 462 of 500 (samples: 507794)
INFO:root:Loss: 7.2815 +/- 0.4272
INFO:root:Epoch no. 463 of 500 (samples: 507794)
INFO:root:Loss: 7.1383 +/- 0.4038
INFO:root:Epoch no. 464 of 500 (samples: 507794)
INFO:root:Loss: 7.3683 +/- 0.4856
INFO:root:Epoch no. 465 of 500 (samples: 507794)
INFO:root:Loss: 7.1723 +/- 0.5566
INFO:root:Epoch no. 466 of 500 (samples: 507794)
INFO:root:Loss: 7.2074 +/- 0.5439
INFO:root:Epoch no. 467 of 500 (samples: 507794)
INFO:root:Loss: 7.2548 +/- 0.744
INFO:root:Epoch no. 468 of 500 (samples: 507794)
INFO:root:Loss: 7.081 +/- 0.5281
INFO:root:Epoch no. 469 of 500 (samples: 507794)
INFO:root:Loss: 7.0595 +/- 0.4697
INFO:root:Epoch no. 470 of 500 (samples: 507794)
INFO:root:Loss: 6.9146 +/- 0.5542
INFO:root:Epoch no. 471 of 500 (samples: 507794)
INFO:root:Loss: 7.4809 +/- 0.5472
INFO:root:Epoch no. 472 of 500 (samples: 507794)
INFO:root:Loss: 7.0942 +/- 0.5434
INFO:root:Epoch no. 473 of 500 (samples: 507794)
INFO:root:Loss: 7.4853 +/- 0.3795
INFO:root:Epoch no. 474 of 500 (samples: 507794)
INFO:root:Loss: 7.1841 +/- 0.4338
INFO:root:Epoch no. 475 of 500 (samples: 507794)
INFO:root:Loss: 7.0216 +/- 0.6312
INFO:root:Epoch no. 476 of 500 (samples: 507794)
INFO:root:Loss: 6.8954 +/- 0.2976
INFO:root:Epoch no. 477 of 500 (samples: 507794)
INFO:root:Loss: 7.2145 +/- 0.4941
INFO:root:Epoch no. 478 of 500 (samples: 507794)
INFO:root:Loss: 7.3009 +/- 0.4251
INFO:root:Epoch no. 479 of 500 (samples: 507794)
INFO:root:Loss: 7.2348 +/- 0.2658
INFO:root:Epoch no. 480 of 500 (samples: 507794)
INFO:root:Loss: 7.3975 +/- 0.6079
INFO:root:Epoch no. 481 of 500 (samples: 507794)
INFO:root:Loss: 6.9894 +/- 0.6666
INFO:root:Epoch no. 482 of 500 (samples: 507794)
INFO:root:Loss: 7.2446 +/- 0.5458
INFO:root:Epoch no. 483 of 500 (samples: 507794)
INFO:root:Loss: 7.35 +/- 0.5024
INFO:root:Epoch no. 484 of 500 (samples: 507794)
INFO:root:Loss: 7.0436 +/- 0.5972
INFO:root:Epoch no. 485 of 500 (samples: 507794)
INFO:root:Loss: 7.419 +/- 0.4097
INFO:root:Epoch no. 486 of 500 (samples: 507794)
INFO:root:Loss: 7.1535 +/- 0.6237
INFO:root:Epoch no. 487 of 500 (samples: 507794)
INFO:root:Loss: 7.0658 +/- 0.4151
INFO:root:Epoch no. 488 of 500 (samples: 507794)
INFO:root:Loss: 7.4304 +/- 0.3011
INFO:root:Epoch no. 489 of 500 (samples: 507794)
INFO:root:Loss: 7.2496 +/- 0.3866
INFO:root:Epoch no. 490 of 500 (samples: 507794)
INFO:root:Loss: 7.157 +/- 0.7311
INFO:root:Epoch no. 491 of 500 (samples: 507794)
INFO:root:Loss: 7.1721 +/- 0.6312
INFO:root:Epoch no. 492 of 500 (samples: 507794)
INFO:root:Loss: 6.9708 +/- 0.5394
INFO:root:Epoch no. 493 of 500 (samples: 507794)
INFO:root:Loss: 6.9616 +/- 0.4365
INFO:root:Epoch no. 494 of 500 (samples: 507794)
INFO:root:Loss: 7.2037 +/- 0.607
INFO:root:Epoch no. 495 of 500 (samples: 507794)
INFO:root:Loss: 7.4128 +/- 0.4608
INFO:root:Epoch no. 496 of 500 (samples: 507794)
INFO:root:Loss: 7.0258 +/- 0.3525
INFO:root:Epoch no. 497 of 500 (samples: 507794)
INFO:root:Loss: 7.3291 +/- 0.5975
INFO:root:Epoch no. 498 of 500 (samples: 507794)
INFO:root:Loss: 7.2698 +/- 0.483
INFO:root:Epoch no. 499 of 500 (samples: 507794)
INFO:root:Loss: 7.025 +/- 0.3195
INFO:root:Epoch no. 500 of 500 (samples: 507794)
INFO:root:Loss: 7.1434 +/- 0.3604
/home/insight/.local/lib/python3.4/site-packages/Keras-1.0.1-py3.4.egg/keras/backend/theano_backend.py:489: UserWarning: theano.function was asked to create a function computing outputs given certain inputs, but the provided input variable at index 2 is not part of the computational graph needed to compute the outputs: keras_learning_phase.
To make this warning into an error, you can pass the parameter on_unused_input='raise' to theano.function. To disable it completely, use on_unused_input='ignore'.
  **kwargs)
INFO:root:### MICRO (validation raw):
INFO:root:	-- left   >> mean: 75043.855, median: 37146.0, mrr: 0.038, hits@1: 0.48%
INFO:root:	-- right  >> mean: 16752.9772, median: 1222.0, mrr: 0.068, hits@1: 2.46%
INFO:root:	-- global >> mean: 45898.4161, median: 5662.5, mrr: 0.053, hits@1: 1.47%
INFO:root:### MICRO (validation raw):
INFO:root:	-- left   >> mean: 75043.855, median: 37146.0, mrr: 0.038, hits@3: 5.44%
INFO:root:	-- right  >> mean: 16752.9772, median: 1222.0, mrr: 0.068, hits@3: 8.46%
INFO:root:	-- global >> mean: 45898.4161, median: 5662.5, mrr: 0.053, hits@3: 6.95%
INFO:root:### MICRO (validation raw):
INFO:root:	-- left   >> mean: 75043.855, median: 37146.0, mrr: 0.038, hits@5: 7.26%
INFO:root:	-- right  >> mean: 16752.9772, median: 1222.0, mrr: 0.068, hits@5: 11.78%
INFO:root:	-- global >> mean: 45898.4161, median: 5662.5, mrr: 0.053, hits@5: 9.52%
INFO:root:### MICRO (validation raw):
INFO:root:	-- left   >> mean: 75043.855, median: 37146.0, mrr: 0.038, hits@10: 9.48%
INFO:root:	-- right  >> mean: 16752.9772, median: 1222.0, mrr: 0.068, hits@10: 15.3%
INFO:root:	-- global >> mean: 45898.4161, median: 5662.5, mrr: 0.053, hits@10: 12.39%
INFO:root:### MICRO (validation filtered):
INFO:root:	-- left   >> mean: 73795.9314, median: 35301.5, mrr: 0.047, hits@1: 0.84%
INFO:root:	-- right  >> mean: 16752.072, median: 1221.0, mrr: 0.076, hits@1: 2.7%
INFO:root:	-- global >> mean: 45274.0017, median: 5325.5, mrr: 0.061, hits@1: 1.77%
INFO:root:### MICRO (validation filtered):
INFO:root:	-- left   >> mean: 73795.9314, median: 35301.5, mrr: 0.047, hits@3: 6.96%
INFO:root:	-- right  >> mean: 16752.072, median: 1221.0, mrr: 0.076, hits@3: 10.24%
INFO:root:	-- global >> mean: 45274.0017, median: 5325.5, mrr: 0.061, hits@3: 8.6%
INFO:root:### MICRO (validation filtered):
INFO:root:	-- left   >> mean: 73795.9314, median: 35301.5, mrr: 0.047, hits@5: 8.68%
INFO:root:	-- right  >> mean: 16752.072, median: 1221.0, mrr: 0.076, hits@5: 13.0%
INFO:root:	-- global >> mean: 45274.0017, median: 5325.5, mrr: 0.061, hits@5: 10.84%
INFO:root:### MICRO (validation filtered):
INFO:root:	-- left   >> mean: 73795.9314, median: 35301.5, mrr: 0.047, hits@10: 11.02%
INFO:root:	-- right  >> mean: 16752.072, median: 1221.0, mrr: 0.076, hits@10: 16.14%
INFO:root:	-- global >> mean: 45274.0017, median: 5325.5, mrr: 0.061, hits@10: 13.58%
INFO:root:### MICRO (test raw):
INFO:root:	-- left   >> mean: 74449.2486, median: 35379.5, mrr: 0.037, hits@1: 0.4%
INFO:root:	-- right  >> mean: 15880.4298, median: 1292.5, mrr: 0.065, hits@1: 2.24%
INFO:root:	-- global >> mean: 45164.8392, median: 5981.5, mrr: 0.051, hits@1: 1.32%
INFO:root:### MICRO (test raw):
INFO:root:	-- left   >> mean: 74449.2486, median: 35379.5, mrr: 0.037, hits@3: 5.2%
INFO:root:	-- right  >> mean: 15880.4298, median: 1292.5, mrr: 0.065, hits@3: 8.12%
INFO:root:	-- global >> mean: 45164.8392, median: 5981.5, mrr: 0.051, hits@3: 6.66%
INFO:root:### MICRO (test raw):
INFO:root:	-- left   >> mean: 74449.2486, median: 35379.5, mrr: 0.037, hits@5: 7.28%
INFO:root:	-- right  >> mean: 15880.4298, median: 1292.5, mrr: 0.065, hits@5: 11.28%
INFO:root:	-- global >> mean: 45164.8392, median: 5981.5, mrr: 0.051, hits@5: 9.28%
INFO:root:### MICRO (test raw):
INFO:root:	-- left   >> mean: 74449.2486, median: 35379.5, mrr: 0.037, hits@10: 10.12%
INFO:root:	-- right  >> mean: 15880.4298, median: 1292.5, mrr: 0.065, hits@10: 14.76%
INFO:root:	-- global >> mean: 45164.8392, median: 5981.5, mrr: 0.051, hits@10: 12.44%
INFO:root:### MICRO (test filtered):
INFO:root:	-- left   >> mean: 73226.0088, median: 33853.0, mrr: 0.047, hits@1: 0.92%
INFO:root:	-- right  >> mean: 15879.472, median: 1291.5, mrr: 0.073, hits@1: 2.58%
INFO:root:	-- global >> mean: 44552.7404, median: 5604.5, mrr: 0.06, hits@1: 1.75%
INFO:root:### MICRO (test filtered):
INFO:root:	-- left   >> mean: 73226.0088, median: 33853.0, mrr: 0.047, hits@3: 6.92%
INFO:root:	-- right  >> mean: 15879.472, median: 1291.5, mrr: 0.073, hits@3: 9.54%
INFO:root:	-- global >> mean: 44552.7404, median: 5604.5, mrr: 0.06, hits@3: 8.23%
INFO:root:### MICRO (test filtered):
INFO:root:	-- left   >> mean: 73226.0088, median: 33853.0, mrr: 0.047, hits@5: 9.02%
INFO:root:	-- right  >> mean: 15879.472, median: 1291.5, mrr: 0.073, hits@5: 12.38%
INFO:root:	-- global >> mean: 44552.7404, median: 5604.5, mrr: 0.06, hits@5: 10.7%
INFO:root:### MICRO (test filtered):
INFO:root:	-- left   >> mean: 73226.0088, median: 33853.0, mrr: 0.047, hits@10: 11.46%
INFO:root:	-- right  >> mean: 15879.472, median: 1291.5, mrr: 0.073, hits@10: 15.64%
INFO:root:	-- global >> mean: 44552.7404, median: 5604.5, mrr: 0.06, hits@10: 13.55%
