Using Theano backend.
INFO:root:Acquiring data/music_5k/music-train.txt.gz ..
INFO:root:Acquiring data/music_5k/music-valid.txt.gz ..
INFO:root:Acquiring data/music_5k/music-test.txt.gz ..
INFO:root:Samples: 101559, no. batches: 10 -> batch size: 10156
INFO:root:Epoch no. 1 of 500 (samples: 101559)
INFO:root:Loss: 8.387 +/- 1.5071
INFO:root:Epoch no. 2 of 500 (samples: 101559)
INFO:root:Loss: 4.7209 +/- 0.1549
INFO:root:Epoch no. 3 of 500 (samples: 101559)
INFO:root:Loss: 3.1802 +/- 0.1901
INFO:root:Epoch no. 4 of 500 (samples: 101559)
INFO:root:Loss: 2.3734 +/- 0.1678
INFO:root:Epoch no. 5 of 500 (samples: 101559)
INFO:root:Loss: 1.9327 +/- 0.124
INFO:root:Epoch no. 6 of 500 (samples: 101559)
INFO:root:Loss: 1.6633 +/- 0.1141
INFO:root:Epoch no. 7 of 500 (samples: 101559)
INFO:root:Loss: 1.4784 +/- 0.0955
INFO:root:Epoch no. 8 of 500 (samples: 101559)
INFO:root:Loss: 1.3423 +/- 0.0928
INFO:root:Epoch no. 9 of 500 (samples: 101559)
INFO:root:Loss: 1.2372 +/- 0.0856
INFO:root:Epoch no. 10 of 500 (samples: 101559)
INFO:root:Loss: 1.1538 +/- 0.0686
INFO:root:Epoch no. 11 of 500 (samples: 101559)
INFO:root:Loss: 1.0968 +/- 0.0557
INFO:root:Epoch no. 12 of 500 (samples: 101559)
INFO:root:Loss: 1.0362 +/- 0.0703
INFO:root:Epoch no. 13 of 500 (samples: 101559)
INFO:root:Loss: 0.9986 +/- 0.0519
INFO:root:Epoch no. 14 of 500 (samples: 101559)
INFO:root:Loss: 0.9549 +/- 0.0508
INFO:root:Epoch no. 15 of 500 (samples: 101559)
INFO:root:Loss: 0.913 +/- 0.0444
INFO:root:Epoch no. 16 of 500 (samples: 101559)
INFO:root:Loss: 0.8903 +/- 0.0431
INFO:root:Epoch no. 17 of 500 (samples: 101559)
INFO:root:Loss: 0.855 +/- 0.0429
INFO:root:Epoch no. 18 of 500 (samples: 101559)
INFO:root:Loss: 0.8322 +/- 0.0527
INFO:root:Epoch no. 19 of 500 (samples: 101559)
INFO:root:Loss: 0.8089 +/- 0.0413
INFO:root:Epoch no. 20 of 500 (samples: 101559)
INFO:root:Loss: 0.7793 +/- 0.0372
INFO:root:Epoch no. 21 of 500 (samples: 101559)
INFO:root:Loss: 0.7614 +/- 0.0356
INFO:root:Epoch no. 22 of 500 (samples: 101559)
INFO:root:Loss: 0.7447 +/- 0.0387
INFO:root:Epoch no. 23 of 500 (samples: 101559)
INFO:root:Loss: 0.7213 +/- 0.0338
INFO:root:Epoch no. 24 of 500 (samples: 101559)
INFO:root:Loss: 0.707 +/- 0.0359
INFO:root:Epoch no. 25 of 500 (samples: 101559)
INFO:root:Loss: 0.6848 +/- 0.0338
INFO:root:Epoch no. 26 of 500 (samples: 101559)
INFO:root:Loss: 0.6727 +/- 0.0362
INFO:root:Epoch no. 27 of 500 (samples: 101559)
INFO:root:Loss: 0.6593 +/- 0.0364
INFO:root:Epoch no. 28 of 500 (samples: 101559)
INFO:root:Loss: 0.6422 +/- 0.0322
INFO:root:Epoch no. 29 of 500 (samples: 101559)
INFO:root:Loss: 0.6255 +/- 0.0243
INFO:root:Epoch no. 30 of 500 (samples: 101559)
INFO:root:Loss: 0.6145 +/- 0.0299
INFO:root:Epoch no. 31 of 500 (samples: 101559)
INFO:root:Loss: 0.5967 +/- 0.0309
INFO:root:Epoch no. 32 of 500 (samples: 101559)
INFO:root:Loss: 0.589 +/- 0.0311
INFO:root:Epoch no. 33 of 500 (samples: 101559)
INFO:root:Loss: 0.5758 +/- 0.0289
INFO:root:Epoch no. 34 of 500 (samples: 101559)
INFO:root:Loss: 0.5618 +/- 0.026
INFO:root:Epoch no. 35 of 500 (samples: 101559)
INFO:root:Loss: 0.5503 +/- 0.0238
INFO:root:Epoch no. 36 of 500 (samples: 101559)
INFO:root:Loss: 0.5364 +/- 0.0257
INFO:root:Epoch no. 37 of 500 (samples: 101559)
INFO:root:Loss: 0.5288 +/- 0.0206
INFO:root:Epoch no. 38 of 500 (samples: 101559)
INFO:root:Loss: 0.5168 +/- 0.0209
INFO:root:Epoch no. 39 of 500 (samples: 101559)
INFO:root:Loss: 0.5122 +/- 0.0222
INFO:root:Epoch no. 40 of 500 (samples: 101559)
INFO:root:Loss: 0.4962 +/- 0.0223
INFO:root:Epoch no. 41 of 500 (samples: 101559)
INFO:root:Loss: 0.4888 +/- 0.0222
INFO:root:Epoch no. 42 of 500 (samples: 101559)
INFO:root:Loss: 0.4828 +/- 0.0239
INFO:root:Epoch no. 43 of 500 (samples: 101559)
INFO:root:Loss: 0.4714 +/- 0.0168
INFO:root:Epoch no. 44 of 500 (samples: 101559)
INFO:root:Loss: 0.4658 +/- 0.0166
INFO:root:Epoch no. 45 of 500 (samples: 101559)
INFO:root:Loss: 0.4593 +/- 0.023
INFO:root:Epoch no. 46 of 500 (samples: 101559)
INFO:root:Loss: 0.445 +/- 0.0253
INFO:root:Epoch no. 47 of 500 (samples: 101559)
INFO:root:Loss: 0.4414 +/- 0.0232
INFO:root:Epoch no. 48 of 500 (samples: 101559)
INFO:root:Loss: 0.4339 +/- 0.0213
INFO:root:Epoch no. 49 of 500 (samples: 101559)
INFO:root:Loss: 0.4279 +/- 0.0178
INFO:root:Epoch no. 50 of 500 (samples: 101559)
INFO:root:Loss: 0.4227 +/- 0.0178
INFO:root:Epoch no. 51 of 500 (samples: 101559)
INFO:root:Loss: 0.4145 +/- 0.0213
INFO:root:Epoch no. 52 of 500 (samples: 101559)
INFO:root:Loss: 0.4119 +/- 0.0172
INFO:root:Epoch no. 53 of 500 (samples: 101559)
INFO:root:Loss: 0.4007 +/- 0.0164
INFO:root:Epoch no. 54 of 500 (samples: 101559)
INFO:root:Loss: 0.4016 +/- 0.021
INFO:root:Epoch no. 55 of 500 (samples: 101559)
INFO:root:Loss: 0.3922 +/- 0.0201
INFO:root:Epoch no. 56 of 500 (samples: 101559)
INFO:root:Loss: 0.3862 +/- 0.0217
INFO:root:Epoch no. 57 of 500 (samples: 101559)
INFO:root:Loss: 0.3819 +/- 0.0204
INFO:root:Epoch no. 58 of 500 (samples: 101559)
INFO:root:Loss: 0.375 +/- 0.0117
INFO:root:Epoch no. 59 of 500 (samples: 101559)
INFO:root:Loss: 0.3682 +/- 0.0168
INFO:root:Epoch no. 60 of 500 (samples: 101559)
INFO:root:Loss: 0.3671 +/- 0.0165
INFO:root:Epoch no. 61 of 500 (samples: 101559)
INFO:root:Loss: 0.3633 +/- 0.0131
INFO:root:Epoch no. 62 of 500 (samples: 101559)
INFO:root:Loss: 0.3614 +/- 0.0215
INFO:root:Epoch no. 63 of 500 (samples: 101559)
INFO:root:Loss: 0.3531 +/- 0.0102
INFO:root:Epoch no. 64 of 500 (samples: 101559)
INFO:root:Loss: 0.3536 +/- 0.0215
INFO:root:Epoch no. 65 of 500 (samples: 101559)
INFO:root:Loss: 0.351 +/- 0.0173
INFO:root:Epoch no. 66 of 500 (samples: 101559)
INFO:root:Loss: 0.346 +/- 0.0168
INFO:root:Epoch no. 67 of 500 (samples: 101559)
INFO:root:Loss: 0.3366 +/- 0.0138
INFO:root:Epoch no. 68 of 500 (samples: 101559)
INFO:root:Loss: 0.3361 +/- 0.019
INFO:root:Epoch no. 69 of 500 (samples: 101559)
INFO:root:Loss: 0.3335 +/- 0.0164
INFO:root:Epoch no. 70 of 500 (samples: 101559)
INFO:root:Loss: 0.3314 +/- 0.0186
INFO:root:Epoch no. 71 of 500 (samples: 101559)
INFO:root:Loss: 0.3284 +/- 0.0148
INFO:root:Epoch no. 72 of 500 (samples: 101559)
INFO:root:Loss: 0.3253 +/- 0.0157
INFO:root:Epoch no. 73 of 500 (samples: 101559)
INFO:root:Loss: 0.3227 +/- 0.0171
INFO:root:Epoch no. 74 of 500 (samples: 101559)
INFO:root:Loss: 0.3207 +/- 0.0153
INFO:root:Epoch no. 75 of 500 (samples: 101559)
INFO:root:Loss: 0.3156 +/- 0.0117
INFO:root:Epoch no. 76 of 500 (samples: 101559)
INFO:root:Loss: 0.3135 +/- 0.0155
INFO:root:Epoch no. 77 of 500 (samples: 101559)
INFO:root:Loss: 0.3097 +/- 0.0117
INFO:root:Epoch no. 78 of 500 (samples: 101559)
INFO:root:Loss: 0.311 +/- 0.0171
INFO:root:Epoch no. 79 of 500 (samples: 101559)
INFO:root:Loss: 0.3009 +/- 0.0176
INFO:root:Epoch no. 80 of 500 (samples: 101559)
INFO:root:Loss: 0.3035 +/- 0.0136
INFO:root:Epoch no. 81 of 500 (samples: 101559)
INFO:root:Loss: 0.2985 +/- 0.0179
INFO:root:Epoch no. 82 of 500 (samples: 101559)
INFO:root:Loss: 0.2952 +/- 0.0161
INFO:root:Epoch no. 83 of 500 (samples: 101559)
INFO:root:Loss: 0.2931 +/- 0.014
INFO:root:Epoch no. 84 of 500 (samples: 101559)
INFO:root:Loss: 0.2888 +/- 0.0129
INFO:root:Epoch no. 85 of 500 (samples: 101559)
INFO:root:Loss: 0.2892 +/- 0.0138
INFO:root:Epoch no. 86 of 500 (samples: 101559)
INFO:root:Loss: 0.2886 +/- 0.0143
INFO:root:Epoch no. 87 of 500 (samples: 101559)
INFO:root:Loss: 0.2852 +/- 0.0157
INFO:root:Epoch no. 88 of 500 (samples: 101559)
INFO:root:Loss: 0.2808 +/- 0.0132
INFO:root:Epoch no. 89 of 500 (samples: 101559)
INFO:root:Loss: 0.2804 +/- 0.01
INFO:root:Epoch no. 90 of 500 (samples: 101559)
INFO:root:Loss: 0.2772 +/- 0.0105
INFO:root:Epoch no. 91 of 500 (samples: 101559)
INFO:root:Loss: 0.2766 +/- 0.011
INFO:root:Epoch no. 92 of 500 (samples: 101559)
INFO:root:Loss: 0.2793 +/- 0.0124
INFO:root:Epoch no. 93 of 500 (samples: 101559)
INFO:root:Loss: 0.2768 +/- 0.0121
INFO:root:Epoch no. 94 of 500 (samples: 101559)
INFO:root:Loss: 0.2724 +/- 0.0117
INFO:root:Epoch no. 95 of 500 (samples: 101559)
INFO:root:Loss: 0.2719 +/- 0.0149
INFO:root:Epoch no. 96 of 500 (samples: 101559)
INFO:root:Loss: 0.2713 +/- 0.0187
INFO:root:Epoch no. 97 of 500 (samples: 101559)
INFO:root:Loss: 0.2668 +/- 0.0074
INFO:root:Epoch no. 98 of 500 (samples: 101559)
INFO:root:Loss: 0.2655 +/- 0.0154
INFO:root:Epoch no. 99 of 500 (samples: 101559)
INFO:root:Loss: 0.2662 +/- 0.0084
INFO:root:Epoch no. 100 of 500 (samples: 101559)
INFO:root:Loss: 0.2639 +/- 0.0117
INFO:root:Epoch no. 101 of 500 (samples: 101559)
INFO:root:Loss: 0.2625 +/- 0.0135
INFO:root:Epoch no. 102 of 500 (samples: 101559)
INFO:root:Loss: 0.2585 +/- 0.0125
INFO:root:Epoch no. 103 of 500 (samples: 101559)
INFO:root:Loss: 0.2603 +/- 0.0115
INFO:root:Epoch no. 104 of 500 (samples: 101559)
INFO:root:Loss: 0.2559 +/- 0.012
INFO:root:Epoch no. 105 of 500 (samples: 101559)
INFO:root:Loss: 0.2578 +/- 0.0087
INFO:root:Epoch no. 106 of 500 (samples: 101559)
INFO:root:Loss: 0.2539 +/- 0.0085
INFO:root:Epoch no. 107 of 500 (samples: 101559)
INFO:root:Loss: 0.2524 +/- 0.0088
INFO:root:Epoch no. 108 of 500 (samples: 101559)
INFO:root:Loss: 0.2523 +/- 0.0105
INFO:root:Epoch no. 109 of 500 (samples: 101559)
INFO:root:Loss: 0.2486 +/- 0.0112
INFO:root:Epoch no. 110 of 500 (samples: 101559)
INFO:root:Loss: 0.2504 +/- 0.0093
INFO:root:Epoch no. 111 of 500 (samples: 101559)
INFO:root:Loss: 0.2445 +/- 0.0103
INFO:root:Epoch no. 112 of 500 (samples: 101559)
INFO:root:Loss: 0.2471 +/- 0.0132
INFO:root:Epoch no. 113 of 500 (samples: 101559)
INFO:root:Loss: 0.241 +/- 0.0105
INFO:root:Epoch no. 114 of 500 (samples: 101559)
INFO:root:Loss: 0.2423 +/- 0.0104
INFO:root:Epoch no. 115 of 500 (samples: 101559)
INFO:root:Loss: 0.2443 +/- 0.0107
INFO:root:Epoch no. 116 of 500 (samples: 101559)
INFO:root:Loss: 0.2437 +/- 0.0101
INFO:root:Epoch no. 117 of 500 (samples: 101559)
INFO:root:Loss: 0.2416 +/- 0.0138
INFO:root:Epoch no. 118 of 500 (samples: 101559)
INFO:root:Loss: 0.2402 +/- 0.0089
INFO:root:Epoch no. 119 of 500 (samples: 101559)
INFO:root:Loss: 0.2377 +/- 0.0132
INFO:root:Epoch no. 120 of 500 (samples: 101559)
INFO:root:Loss: 0.2408 +/- 0.0117
INFO:root:Epoch no. 121 of 500 (samples: 101559)
INFO:root:Loss: 0.236 +/- 0.0112
INFO:root:Epoch no. 122 of 500 (samples: 101559)
INFO:root:Loss: 0.2355 +/- 0.0106
INFO:root:Epoch no. 123 of 500 (samples: 101559)
INFO:root:Loss: 0.2355 +/- 0.008
INFO:root:Epoch no. 124 of 500 (samples: 101559)
INFO:root:Loss: 0.2355 +/- 0.0072
INFO:root:Epoch no. 125 of 500 (samples: 101559)
INFO:root:Loss: 0.2324 +/- 0.0064
INFO:root:Epoch no. 126 of 500 (samples: 101559)
INFO:root:Loss: 0.2353 +/- 0.0117
INFO:root:Epoch no. 127 of 500 (samples: 101559)
INFO:root:Loss: 0.2328 +/- 0.0081
INFO:root:Epoch no. 128 of 500 (samples: 101559)
INFO:root:Loss: 0.2304 +/- 0.011
INFO:root:Epoch no. 129 of 500 (samples: 101559)
INFO:root:Loss: 0.2303 +/- 0.0072
INFO:root:Epoch no. 130 of 500 (samples: 101559)
INFO:root:Loss: 0.2295 +/- 0.0061
INFO:root:Epoch no. 131 of 500 (samples: 101559)
INFO:root:Loss: 0.2228 +/- 0.01
INFO:root:Epoch no. 132 of 500 (samples: 101559)
INFO:root:Loss: 0.2281 +/- 0.0089
INFO:root:Epoch no. 133 of 500 (samples: 101559)
INFO:root:Loss: 0.2247 +/- 0.0113
INFO:root:Epoch no. 134 of 500 (samples: 101559)
INFO:root:Loss: 0.2242 +/- 0.0092
INFO:root:Epoch no. 135 of 500 (samples: 101559)
INFO:root:Loss: 0.2243 +/- 0.0097
INFO:root:Epoch no. 136 of 500 (samples: 101559)
INFO:root:Loss: 0.2245 +/- 0.0089
INFO:root:Epoch no. 137 of 500 (samples: 101559)
INFO:root:Loss: 0.2255 +/- 0.008
INFO:root:Epoch no. 138 of 500 (samples: 101559)
INFO:root:Loss: 0.2246 +/- 0.0099
INFO:root:Epoch no. 139 of 500 (samples: 101559)
INFO:root:Loss: 0.2259 +/- 0.0095
INFO:root:Epoch no. 140 of 500 (samples: 101559)
INFO:root:Loss: 0.2197 +/- 0.0114
INFO:root:Epoch no. 141 of 500 (samples: 101559)
INFO:root:Loss: 0.2215 +/- 0.0064
INFO:root:Epoch no. 142 of 500 (samples: 101559)
INFO:root:Loss: 0.2202 +/- 0.0086
INFO:root:Epoch no. 143 of 500 (samples: 101559)
INFO:root:Loss: 0.2164 +/- 0.0115
INFO:root:Epoch no. 144 of 500 (samples: 101559)
INFO:root:Loss: 0.219 +/- 0.0087
INFO:root:Epoch no. 145 of 500 (samples: 101559)
INFO:root:Loss: 0.2192 +/- 0.0088
INFO:root:Epoch no. 146 of 500 (samples: 101559)
INFO:root:Loss: 0.2167 +/- 0.0083
INFO:root:Epoch no. 147 of 500 (samples: 101559)
INFO:root:Loss: 0.2172 +/- 0.0077
INFO:root:Epoch no. 148 of 500 (samples: 101559)
INFO:root:Loss: 0.2163 +/- 0.0074
INFO:root:Epoch no. 149 of 500 (samples: 101559)
INFO:root:Loss: 0.2156 +/- 0.0072
INFO:root:Epoch no. 150 of 500 (samples: 101559)
INFO:root:Loss: 0.2139 +/- 0.0069
INFO:root:Epoch no. 151 of 500 (samples: 101559)
INFO:root:Loss: 0.2128 +/- 0.0081
INFO:root:Epoch no. 152 of 500 (samples: 101559)
INFO:root:Loss: 0.2139 +/- 0.0077
INFO:root:Epoch no. 153 of 500 (samples: 101559)
INFO:root:Loss: 0.2102 +/- 0.0092
INFO:root:Epoch no. 154 of 500 (samples: 101559)
INFO:root:Loss: 0.2112 +/- 0.0075
INFO:root:Epoch no. 155 of 500 (samples: 101559)
INFO:root:Loss: 0.2096 +/- 0.0058
INFO:root:Epoch no. 156 of 500 (samples: 101559)
INFO:root:Loss: 0.2128 +/- 0.0093
INFO:root:Epoch no. 157 of 500 (samples: 101559)
INFO:root:Loss: 0.2119 +/- 0.0055
INFO:root:Epoch no. 158 of 500 (samples: 101559)
INFO:root:Loss: 0.2094 +/- 0.0086
INFO:root:Epoch no. 159 of 500 (samples: 101559)
INFO:root:Loss: 0.2102 +/- 0.0102
INFO:root:Epoch no. 160 of 500 (samples: 101559)
INFO:root:Loss: 0.2095 +/- 0.0094
INFO:root:Epoch no. 161 of 500 (samples: 101559)
INFO:root:Loss: 0.2076 +/- 0.0071
INFO:root:Epoch no. 162 of 500 (samples: 101559)
INFO:root:Loss: 0.2089 +/- 0.0089
INFO:root:Epoch no. 163 of 500 (samples: 101559)
INFO:root:Loss: 0.2103 +/- 0.0091
INFO:root:Epoch no. 164 of 500 (samples: 101559)
INFO:root:Loss: 0.2086 +/- 0.0076
INFO:root:Epoch no. 165 of 500 (samples: 101559)
INFO:root:Loss: 0.2075 +/- 0.01
INFO:root:Epoch no. 166 of 500 (samples: 101559)
INFO:root:Loss: 0.2062 +/- 0.006
INFO:root:Epoch no. 167 of 500 (samples: 101559)
INFO:root:Loss: 0.2034 +/- 0.0088
INFO:root:Epoch no. 168 of 500 (samples: 101559)
INFO:root:Loss: 0.2047 +/- 0.0092
INFO:root:Epoch no. 169 of 500 (samples: 101559)
INFO:root:Loss: 0.2038 +/- 0.0075
INFO:root:Epoch no. 170 of 500 (samples: 101559)
INFO:root:Loss: 0.2059 +/- 0.0104
INFO:root:Epoch no. 171 of 500 (samples: 101559)
INFO:root:Loss: 0.201 +/- 0.0099
INFO:root:Epoch no. 172 of 500 (samples: 101559)
INFO:root:Loss: 0.2056 +/- 0.0094
INFO:root:Epoch no. 173 of 500 (samples: 101559)
INFO:root:Loss: 0.2025 +/- 0.0117
INFO:root:Epoch no. 174 of 500 (samples: 101559)
INFO:root:Loss: 0.2012 +/- 0.0092
INFO:root:Epoch no. 175 of 500 (samples: 101559)
INFO:root:Loss: 0.2005 +/- 0.007
INFO:root:Epoch no. 176 of 500 (samples: 101559)
INFO:root:Loss: 0.2005 +/- 0.0069
INFO:root:Epoch no. 177 of 500 (samples: 101559)
INFO:root:Loss: 0.2012 +/- 0.0084
INFO:root:Epoch no. 178 of 500 (samples: 101559)
INFO:root:Loss: 0.1984 +/- 0.0058
INFO:root:Epoch no. 179 of 500 (samples: 101559)
INFO:root:Loss: 0.1976 +/- 0.0089
INFO:root:Epoch no. 180 of 500 (samples: 101559)
INFO:root:Loss: 0.2008 +/- 0.0058
INFO:root:Epoch no. 181 of 500 (samples: 101559)
INFO:root:Loss: 0.1981 +/- 0.007
INFO:root:Epoch no. 182 of 500 (samples: 101559)
INFO:root:Loss: 0.1984 +/- 0.0099
INFO:root:Epoch no. 183 of 500 (samples: 101559)
INFO:root:Loss: 0.1987 +/- 0.0068
INFO:root:Epoch no. 184 of 500 (samples: 101559)
INFO:root:Loss: 0.1959 +/- 0.01
INFO:root:Epoch no. 185 of 500 (samples: 101559)
INFO:root:Loss: 0.1969 +/- 0.0101
INFO:root:Epoch no. 186 of 500 (samples: 101559)
INFO:root:Loss: 0.1969 +/- 0.0086
INFO:root:Epoch no. 187 of 500 (samples: 101559)
INFO:root:Loss: 0.196 +/- 0.0085
INFO:root:Epoch no. 188 of 500 (samples: 101559)
INFO:root:Loss: 0.1967 +/- 0.0094
INFO:root:Epoch no. 189 of 500 (samples: 101559)
INFO:root:Loss: 0.1972 +/- 0.0079
INFO:root:Epoch no. 190 of 500 (samples: 101559)
INFO:root:Loss: 0.1948 +/- 0.0072
INFO:root:Epoch no. 191 of 500 (samples: 101559)
INFO:root:Loss: 0.1937 +/- 0.0076
INFO:root:Epoch no. 192 of 500 (samples: 101559)
INFO:root:Loss: 0.1938 +/- 0.0088
INFO:root:Epoch no. 193 of 500 (samples: 101559)
INFO:root:Loss: 0.1936 +/- 0.0065
INFO:root:Epoch no. 194 of 500 (samples: 101559)
INFO:root:Loss: 0.195 +/- 0.0062
INFO:root:Epoch no. 195 of 500 (samples: 101559)
INFO:root:Loss: 0.1928 +/- 0.0095
INFO:root:Epoch no. 196 of 500 (samples: 101559)
INFO:root:Loss: 0.1927 +/- 0.0079
INFO:root:Epoch no. 197 of 500 (samples: 101559)
INFO:root:Loss: 0.1903 +/- 0.0063
INFO:root:Epoch no. 198 of 500 (samples: 101559)
INFO:root:Loss: 0.1922 +/- 0.0072
INFO:root:Epoch no. 199 of 500 (samples: 101559)
INFO:root:Loss: 0.1936 +/- 0.0102
INFO:root:Epoch no. 200 of 500 (samples: 101559)
INFO:root:Loss: 0.1912 +/- 0.0085
INFO:root:Epoch no. 201 of 500 (samples: 101559)
INFO:root:Loss: 0.1891 +/- 0.0066
INFO:root:Epoch no. 202 of 500 (samples: 101559)
INFO:root:Loss: 0.1915 +/- 0.0073
INFO:root:Epoch no. 203 of 500 (samples: 101559)
INFO:root:Loss: 0.1911 +/- 0.0065
INFO:root:Epoch no. 204 of 500 (samples: 101559)
INFO:root:Loss: 0.19 +/- 0.0072
INFO:root:Epoch no. 205 of 500 (samples: 101559)
INFO:root:Loss: 0.1892 +/- 0.0075
INFO:root:Epoch no. 206 of 500 (samples: 101559)
INFO:root:Loss: 0.1894 +/- 0.0085
INFO:root:Epoch no. 207 of 500 (samples: 101559)
INFO:root:Loss: 0.1899 +/- 0.0058
INFO:root:Epoch no. 208 of 500 (samples: 101559)
INFO:root:Loss: 0.1922 +/- 0.0086
INFO:root:Epoch no. 209 of 500 (samples: 101559)
INFO:root:Loss: 0.1883 +/- 0.0059
INFO:root:Epoch no. 210 of 500 (samples: 101559)
INFO:root:Loss: 0.1879 +/- 0.006
INFO:root:Epoch no. 211 of 500 (samples: 101559)
INFO:root:Loss: 0.1874 +/- 0.0075
INFO:root:Epoch no. 212 of 500 (samples: 101559)
INFO:root:Loss: 0.1896 +/- 0.0087
INFO:root:Epoch no. 213 of 500 (samples: 101559)
INFO:root:Loss: 0.187 +/- 0.0054
INFO:root:Epoch no. 214 of 500 (samples: 101559)
INFO:root:Loss: 0.189 +/- 0.0074
INFO:root:Epoch no. 215 of 500 (samples: 101559)
INFO:root:Loss: 0.1851 +/- 0.0041
INFO:root:Epoch no. 216 of 500 (samples: 101559)
INFO:root:Loss: 0.1856 +/- 0.0079
INFO:root:Epoch no. 217 of 500 (samples: 101559)
INFO:root:Loss: 0.1846 +/- 0.0073
INFO:root:Epoch no. 218 of 500 (samples: 101559)
INFO:root:Loss: 0.1844 +/- 0.0064
INFO:root:Epoch no. 219 of 500 (samples: 101559)
INFO:root:Loss: 0.187 +/- 0.0067
INFO:root:Epoch no. 220 of 500 (samples: 101559)
INFO:root:Loss: 0.1844 +/- 0.0065
INFO:root:Epoch no. 221 of 500 (samples: 101559)
INFO:root:Loss: 0.184 +/- 0.0084
INFO:root:Epoch no. 222 of 500 (samples: 101559)
INFO:root:Loss: 0.1878 +/- 0.0061
INFO:root:Epoch no. 223 of 500 (samples: 101559)
INFO:root:Loss: 0.183 +/- 0.0085
INFO:root:Epoch no. 224 of 500 (samples: 101559)
INFO:root:Loss: 0.1823 +/- 0.0056
INFO:root:Epoch no. 225 of 500 (samples: 101559)
INFO:root:Loss: 0.1829 +/- 0.0044
INFO:root:Epoch no. 226 of 500 (samples: 101559)
INFO:root:Loss: 0.1828 +/- 0.0069
INFO:root:Epoch no. 227 of 500 (samples: 101559)
INFO:root:Loss: 0.1822 +/- 0.007
INFO:root:Epoch no. 228 of 500 (samples: 101559)
INFO:root:Loss: 0.1805 +/- 0.0046
INFO:root:Epoch no. 229 of 500 (samples: 101559)
INFO:root:Loss: 0.1822 +/- 0.0084
INFO:root:Epoch no. 230 of 500 (samples: 101559)
INFO:root:Loss: 0.1836 +/- 0.0069
INFO:root:Epoch no. 231 of 500 (samples: 101559)
INFO:root:Loss: 0.1826 +/- 0.0095
INFO:root:Epoch no. 232 of 500 (samples: 101559)
INFO:root:Loss: 0.1833 +/- 0.0094
INFO:root:Epoch no. 233 of 500 (samples: 101559)
INFO:root:Loss: 0.1804 +/- 0.0059
INFO:root:Epoch no. 234 of 500 (samples: 101559)
INFO:root:Loss: 0.1843 +/- 0.0062
INFO:root:Epoch no. 235 of 500 (samples: 101559)
INFO:root:Loss: 0.1807 +/- 0.0082
INFO:root:Epoch no. 236 of 500 (samples: 101559)
INFO:root:Loss: 0.1831 +/- 0.0061
INFO:root:Epoch no. 237 of 500 (samples: 101559)
INFO:root:Loss: 0.1823 +/- 0.0089
INFO:root:Epoch no. 238 of 500 (samples: 101559)
INFO:root:Loss: 0.1822 +/- 0.0054
INFO:root:Epoch no. 239 of 500 (samples: 101559)
INFO:root:Loss: 0.1838 +/- 0.0056
INFO:root:Epoch no. 240 of 500 (samples: 101559)
INFO:root:Loss: 0.1828 +/- 0.0064
INFO:root:Epoch no. 241 of 500 (samples: 101559)
INFO:root:Loss: 0.1811 +/- 0.0078
INFO:root:Epoch no. 242 of 500 (samples: 101559)
INFO:root:Loss: 0.1847 +/- 0.006
INFO:root:Epoch no. 243 of 500 (samples: 101559)
INFO:root:Loss: 0.1824 +/- 0.0074
INFO:root:Epoch no. 244 of 500 (samples: 101559)
INFO:root:Loss: 0.18 +/- 0.0079
INFO:root:Epoch no. 245 of 500 (samples: 101559)
INFO:root:Loss: 0.1815 +/- 0.0086
INFO:root:Epoch no. 246 of 500 (samples: 101559)
INFO:root:Loss: 0.1797 +/- 0.0069
INFO:root:Epoch no. 247 of 500 (samples: 101559)
INFO:root:Loss: 0.1796 +/- 0.0085
INFO:root:Epoch no. 248 of 500 (samples: 101559)
INFO:root:Loss: 0.1812 +/- 0.0081
INFO:root:Epoch no. 249 of 500 (samples: 101559)
INFO:root:Loss: 0.1789 +/- 0.0071
INFO:root:Epoch no. 250 of 500 (samples: 101559)
INFO:root:Loss: 0.1809 +/- 0.005
INFO:root:Epoch no. 251 of 500 (samples: 101559)
INFO:root:Loss: 0.1782 +/- 0.007
INFO:root:Epoch no. 252 of 500 (samples: 101559)
INFO:root:Loss: 0.1765 +/- 0.0062
INFO:root:Epoch no. 253 of 500 (samples: 101559)
INFO:root:Loss: 0.1768 +/- 0.0025
INFO:root:Epoch no. 254 of 500 (samples: 101559)
INFO:root:Loss: 0.1778 +/- 0.0073
INFO:root:Epoch no. 255 of 500 (samples: 101559)
INFO:root:Loss: 0.176 +/- 0.0085
INFO:root:Epoch no. 256 of 500 (samples: 101559)
INFO:root:Loss: 0.1776 +/- 0.0071
INFO:root:Epoch no. 257 of 500 (samples: 101559)
INFO:root:Loss: 0.1782 +/- 0.0051
INFO:root:Epoch no. 258 of 500 (samples: 101559)
INFO:root:Loss: 0.1784 +/- 0.0077
INFO:root:Epoch no. 259 of 500 (samples: 101559)
INFO:root:Loss: 0.1723 +/- 0.0074
INFO:root:Epoch no. 260 of 500 (samples: 101559)
INFO:root:Loss: 0.1738 +/- 0.006
INFO:root:Epoch no. 261 of 500 (samples: 101559)
INFO:root:Loss: 0.1771 +/- 0.0044
INFO:root:Epoch no. 262 of 500 (samples: 101559)
INFO:root:Loss: 0.1766 +/- 0.0076
INFO:root:Epoch no. 263 of 500 (samples: 101559)
INFO:root:Loss: 0.1776 +/- 0.0054
INFO:root:Epoch no. 264 of 500 (samples: 101559)
INFO:root:Loss: 0.1763 +/- 0.0044
INFO:root:Epoch no. 265 of 500 (samples: 101559)
INFO:root:Loss: 0.1757 +/- 0.0059
INFO:root:Epoch no. 266 of 500 (samples: 101559)
INFO:root:Loss: 0.1772 +/- 0.005
INFO:root:Epoch no. 267 of 500 (samples: 101559)
INFO:root:Loss: 0.1738 +/- 0.006
INFO:root:Epoch no. 268 of 500 (samples: 101559)
INFO:root:Loss: 0.1761 +/- 0.0071
INFO:root:Epoch no. 269 of 500 (samples: 101559)
INFO:root:Loss: 0.1744 +/- 0.0088
INFO:root:Epoch no. 270 of 500 (samples: 101559)
INFO:root:Loss: 0.1746 +/- 0.0059
INFO:root:Epoch no. 271 of 500 (samples: 101559)
INFO:root:Loss: 0.1752 +/- 0.0061
INFO:root:Epoch no. 272 of 500 (samples: 101559)
INFO:root:Loss: 0.1775 +/- 0.0084
INFO:root:Epoch no. 273 of 500 (samples: 101559)
INFO:root:Loss: 0.1756 +/- 0.0074
INFO:root:Epoch no. 274 of 500 (samples: 101559)
INFO:root:Loss: 0.174 +/- 0.0054
INFO:root:Epoch no. 275 of 500 (samples: 101559)
INFO:root:Loss: 0.1727 +/- 0.0033
INFO:root:Epoch no. 276 of 500 (samples: 101559)
INFO:root:Loss: 0.1743 +/- 0.0046
INFO:root:Epoch no. 277 of 500 (samples: 101559)
INFO:root:Loss: 0.178 +/- 0.009
INFO:root:Epoch no. 278 of 500 (samples: 101559)
INFO:root:Loss: 0.1753 +/- 0.0063
INFO:root:Epoch no. 279 of 500 (samples: 101559)
INFO:root:Loss: 0.1712 +/- 0.0088
INFO:root:Epoch no. 280 of 500 (samples: 101559)
INFO:root:Loss: 0.1739 +/- 0.0041
INFO:root:Epoch no. 281 of 500 (samples: 101559)
INFO:root:Loss: 0.1729 +/- 0.0072
INFO:root:Epoch no. 282 of 500 (samples: 101559)
INFO:root:Loss: 0.172 +/- 0.008
INFO:root:Epoch no. 283 of 500 (samples: 101559)
INFO:root:Loss: 0.1744 +/- 0.006
INFO:root:Epoch no. 284 of 500 (samples: 101559)
INFO:root:Loss: 0.1738 +/- 0.0037
INFO:root:Epoch no. 285 of 500 (samples: 101559)
INFO:root:Loss: 0.1732 +/- 0.0068
INFO:root:Epoch no. 286 of 500 (samples: 101559)
INFO:root:Loss: 0.1742 +/- 0.0076
INFO:root:Epoch no. 287 of 500 (samples: 101559)
INFO:root:Loss: 0.1739 +/- 0.0071
INFO:root:Epoch no. 288 of 500 (samples: 101559)
INFO:root:Loss: 0.1725 +/- 0.0095
INFO:root:Epoch no. 289 of 500 (samples: 101559)
INFO:root:Loss: 0.1729 +/- 0.0042
INFO:root:Epoch no. 290 of 500 (samples: 101559)
INFO:root:Loss: 0.1726 +/- 0.0072
INFO:root:Epoch no. 291 of 500 (samples: 101559)
INFO:root:Loss: 0.1704 +/- 0.0098
INFO:root:Epoch no. 292 of 500 (samples: 101559)
INFO:root:Loss: 0.1712 +/- 0.0055
INFO:root:Epoch no. 293 of 500 (samples: 101559)
INFO:root:Loss: 0.1714 +/- 0.0096
INFO:root:Epoch no. 294 of 500 (samples: 101559)
INFO:root:Loss: 0.1678 +/- 0.0034
INFO:root:Epoch no. 295 of 500 (samples: 101559)
INFO:root:Loss: 0.1695 +/- 0.0052
INFO:root:Epoch no. 296 of 500 (samples: 101559)
INFO:root:Loss: 0.1708 +/- 0.005
INFO:root:Epoch no. 297 of 500 (samples: 101559)
INFO:root:Loss: 0.1711 +/- 0.0065
INFO:root:Epoch no. 298 of 500 (samples: 101559)
INFO:root:Loss: 0.1706 +/- 0.0088
INFO:root:Epoch no. 299 of 500 (samples: 101559)
INFO:root:Loss: 0.1707 +/- 0.004
INFO:root:Epoch no. 300 of 500 (samples: 101559)
INFO:root:Loss: 0.1705 +/- 0.0072
INFO:root:Epoch no. 301 of 500 (samples: 101559)
INFO:root:Loss: 0.1699 +/- 0.0069
INFO:root:Epoch no. 302 of 500 (samples: 101559)
INFO:root:Loss: 0.1703 +/- 0.0087
INFO:root:Epoch no. 303 of 500 (samples: 101559)
INFO:root:Loss: 0.172 +/- 0.0048
INFO:root:Epoch no. 304 of 500 (samples: 101559)
INFO:root:Loss: 0.1697 +/- 0.0075
INFO:root:Epoch no. 305 of 500 (samples: 101559)
INFO:root:Loss: 0.1696 +/- 0.0058
INFO:root:Epoch no. 306 of 500 (samples: 101559)
INFO:root:Loss: 0.1685 +/- 0.0049
INFO:root:Epoch no. 307 of 500 (samples: 101559)
INFO:root:Loss: 0.1703 +/- 0.0057
INFO:root:Epoch no. 308 of 500 (samples: 101559)
INFO:root:Loss: 0.1681 +/- 0.0081
INFO:root:Epoch no. 309 of 500 (samples: 101559)
INFO:root:Loss: 0.1705 +/- 0.0058
INFO:root:Epoch no. 310 of 500 (samples: 101559)
INFO:root:Loss: 0.1682 +/- 0.0046
INFO:root:Epoch no. 311 of 500 (samples: 101559)
INFO:root:Loss: 0.1666 +/- 0.0055
INFO:root:Epoch no. 312 of 500 (samples: 101559)
INFO:root:Loss: 0.1667 +/- 0.0037
INFO:root:Epoch no. 313 of 500 (samples: 101559)
INFO:root:Loss: 0.1692 +/- 0.0058
INFO:root:Epoch no. 314 of 500 (samples: 101559)
INFO:root:Loss: 0.17 +/- 0.0092
INFO:root:Epoch no. 315 of 500 (samples: 101559)
INFO:root:Loss: 0.169 +/- 0.0074
INFO:root:Epoch no. 316 of 500 (samples: 101559)
INFO:root:Loss: 0.1685 +/- 0.0073
INFO:root:Epoch no. 317 of 500 (samples: 101559)
INFO:root:Loss: 0.1684 +/- 0.0074
INFO:root:Epoch no. 318 of 500 (samples: 101559)
INFO:root:Loss: 0.171 +/- 0.0069
INFO:root:Epoch no. 319 of 500 (samples: 101559)
INFO:root:Loss: 0.1671 +/- 0.0048
INFO:root:Epoch no. 320 of 500 (samples: 101559)
INFO:root:Loss: 0.1652 +/- 0.0061
INFO:root:Epoch no. 321 of 500 (samples: 101559)
INFO:root:Loss: 0.1674 +/- 0.0057
INFO:root:Epoch no. 322 of 500 (samples: 101559)
INFO:root:Loss: 0.1684 +/- 0.0072
INFO:root:Epoch no. 323 of 500 (samples: 101559)
INFO:root:Loss: 0.1673 +/- 0.0068
INFO:root:Epoch no. 324 of 500 (samples: 101559)
INFO:root:Loss: 0.1675 +/- 0.0067
INFO:root:Epoch no. 325 of 500 (samples: 101559)
INFO:root:Loss: 0.1688 +/- 0.0043
INFO:root:Epoch no. 326 of 500 (samples: 101559)
INFO:root:Loss: 0.1691 +/- 0.0068
INFO:root:Epoch no. 327 of 500 (samples: 101559)
INFO:root:Loss: 0.1693 +/- 0.0079
INFO:root:Epoch no. 328 of 500 (samples: 101559)
INFO:root:Loss: 0.1656 +/- 0.0061
INFO:root:Epoch no. 329 of 500 (samples: 101559)
INFO:root:Loss: 0.1672 +/- 0.0044
INFO:root:Epoch no. 330 of 500 (samples: 101559)
INFO:root:Loss: 0.1676 +/- 0.0063
INFO:root:Epoch no. 331 of 500 (samples: 101559)
INFO:root:Loss: 0.1663 +/- 0.0061
INFO:root:Epoch no. 332 of 500 (samples: 101559)
INFO:root:Loss: 0.1649 +/- 0.0057
INFO:root:Epoch no. 333 of 500 (samples: 101559)
INFO:root:Loss: 0.1663 +/- 0.0059
INFO:root:Epoch no. 334 of 500 (samples: 101559)
INFO:root:Loss: 0.1657 +/- 0.0077
INFO:root:Epoch no. 335 of 500 (samples: 101559)
INFO:root:Loss: 0.1656 +/- 0.0053
INFO:root:Epoch no. 336 of 500 (samples: 101559)
INFO:root:Loss: 0.1654 +/- 0.0039
INFO:root:Epoch no. 337 of 500 (samples: 101559)
INFO:root:Loss: 0.1655 +/- 0.0067
INFO:root:Epoch no. 338 of 500 (samples: 101559)
INFO:root:Loss: 0.1657 +/- 0.0065
INFO:root:Epoch no. 339 of 500 (samples: 101559)
INFO:root:Loss: 0.1646 +/- 0.0038
INFO:root:Epoch no. 340 of 500 (samples: 101559)
INFO:root:Loss: 0.1675 +/- 0.0059
INFO:root:Epoch no. 341 of 500 (samples: 101559)
INFO:root:Loss: 0.1652 +/- 0.0064
INFO:root:Epoch no. 342 of 500 (samples: 101559)
INFO:root:Loss: 0.1642 +/- 0.0044
INFO:root:Epoch no. 343 of 500 (samples: 101559)
INFO:root:Loss: 0.1666 +/- 0.0041
INFO:root:Epoch no. 344 of 500 (samples: 101559)
INFO:root:Loss: 0.1642 +/- 0.0053
INFO:root:Epoch no. 345 of 500 (samples: 101559)
INFO:root:Loss: 0.165 +/- 0.0026
INFO:root:Epoch no. 346 of 500 (samples: 101559)
INFO:root:Loss: 0.167 +/- 0.0064
INFO:root:Epoch no. 347 of 500 (samples: 101559)
INFO:root:Loss: 0.1668 +/- 0.0068
INFO:root:Epoch no. 348 of 500 (samples: 101559)
INFO:root:Loss: 0.1665 +/- 0.0094
INFO:root:Epoch no. 349 of 500 (samples: 101559)
INFO:root:Loss: 0.1644 +/- 0.0062
INFO:root:Epoch no. 350 of 500 (samples: 101559)
INFO:root:Loss: 0.1631 +/- 0.0049
INFO:root:Epoch no. 351 of 500 (samples: 101559)
INFO:root:Loss: 0.1636 +/- 0.0069
INFO:root:Epoch no. 352 of 500 (samples: 101559)
INFO:root:Loss: 0.1654 +/- 0.0062
INFO:root:Epoch no. 353 of 500 (samples: 101559)
INFO:root:Loss: 0.1649 +/- 0.0056
INFO:root:Epoch no. 354 of 500 (samples: 101559)
INFO:root:Loss: 0.1663 +/- 0.0062
INFO:root:Epoch no. 355 of 500 (samples: 101559)
INFO:root:Loss: 0.1639 +/- 0.0068
INFO:root:Epoch no. 356 of 500 (samples: 101559)
INFO:root:Loss: 0.167 +/- 0.0053
INFO:root:Epoch no. 357 of 500 (samples: 101559)
INFO:root:Loss: 0.1628 +/- 0.0066
INFO:root:Epoch no. 358 of 500 (samples: 101559)
INFO:root:Loss: 0.1618 +/- 0.0073
INFO:root:Epoch no. 359 of 500 (samples: 101559)
INFO:root:Loss: 0.1637 +/- 0.0066
INFO:root:Epoch no. 360 of 500 (samples: 101559)
INFO:root:Loss: 0.1643 +/- 0.0056
INFO:root:Epoch no. 361 of 500 (samples: 101559)
INFO:root:Loss: 0.1631 +/- 0.0061
INFO:root:Epoch no. 362 of 500 (samples: 101559)
INFO:root:Loss: 0.1629 +/- 0.0064
INFO:root:Epoch no. 363 of 500 (samples: 101559)
INFO:root:Loss: 0.1622 +/- 0.0056
INFO:root:Epoch no. 364 of 500 (samples: 101559)
INFO:root:Loss: 0.1653 +/- 0.0045
INFO:root:Epoch no. 365 of 500 (samples: 101559)
INFO:root:Loss: 0.1618 +/- 0.0067
INFO:root:Epoch no. 366 of 500 (samples: 101559)
INFO:root:Loss: 0.1647 +/- 0.0078
INFO:root:Epoch no. 367 of 500 (samples: 101559)
INFO:root:Loss: 0.1632 +/- 0.0036
INFO:root:Epoch no. 368 of 500 (samples: 101559)
INFO:root:Loss: 0.1657 +/- 0.0063
INFO:root:Epoch no. 369 of 500 (samples: 101559)
INFO:root:Loss: 0.1642 +/- 0.0059
INFO:root:Epoch no. 370 of 500 (samples: 101559)
INFO:root:Loss: 0.1635 +/- 0.0098
INFO:root:Epoch no. 371 of 500 (samples: 101559)
INFO:root:Loss: 0.1617 +/- 0.0072
INFO:root:Epoch no. 372 of 500 (samples: 101559)
INFO:root:Loss: 0.1624 +/- 0.0051
INFO:root:Epoch no. 373 of 500 (samples: 101559)
INFO:root:Loss: 0.1618 +/- 0.0044
INFO:root:Epoch no. 374 of 500 (samples: 101559)
INFO:root:Loss: 0.1641 +/- 0.0058
INFO:root:Epoch no. 375 of 500 (samples: 101559)
INFO:root:Loss: 0.1601 +/- 0.0063
INFO:root:Epoch no. 376 of 500 (samples: 101559)
INFO:root:Loss: 0.163 +/- 0.0046
INFO:root:Epoch no. 377 of 500 (samples: 101559)
INFO:root:Loss: 0.1602 +/- 0.0059
INFO:root:Epoch no. 378 of 500 (samples: 101559)
INFO:root:Loss: 0.1621 +/- 0.0069
INFO:root:Epoch no. 379 of 500 (samples: 101559)
INFO:root:Loss: 0.1597 +/- 0.0056
INFO:root:Epoch no. 380 of 500 (samples: 101559)
INFO:root:Loss: 0.1608 +/- 0.0064
INFO:root:Epoch no. 381 of 500 (samples: 101559)
INFO:root:Loss: 0.1618 +/- 0.0056
INFO:root:Epoch no. 382 of 500 (samples: 101559)
INFO:root:Loss: 0.1598 +/- 0.0071
INFO:root:Epoch no. 383 of 500 (samples: 101559)
INFO:root:Loss: 0.1611 +/- 0.0062
INFO:root:Epoch no. 384 of 500 (samples: 101559)
INFO:root:Loss: 0.1612 +/- 0.0058
INFO:root:Epoch no. 385 of 500 (samples: 101559)
INFO:root:Loss: 0.1629 +/- 0.0066
INFO:root:Epoch no. 386 of 500 (samples: 101559)
INFO:root:Loss: 0.1616 +/- 0.0061
INFO:root:Epoch no. 387 of 500 (samples: 101559)
INFO:root:Loss: 0.1606 +/- 0.0058
INFO:root:Epoch no. 388 of 500 (samples: 101559)
INFO:root:Loss: 0.1616 +/- 0.0053
INFO:root:Epoch no. 389 of 500 (samples: 101559)
INFO:root:Loss: 0.161 +/- 0.0054
INFO:root:Epoch no. 390 of 500 (samples: 101559)
INFO:root:Loss: 0.1605 +/- 0.0084
INFO:root:Epoch no. 391 of 500 (samples: 101559)
INFO:root:Loss: 0.1621 +/- 0.0044
INFO:root:Epoch no. 392 of 500 (samples: 101559)
INFO:root:Loss: 0.1598 +/- 0.0047
INFO:root:Epoch no. 393 of 500 (samples: 101559)
INFO:root:Loss: 0.1593 +/- 0.0037
INFO:root:Epoch no. 394 of 500 (samples: 101559)
INFO:root:Loss: 0.1626 +/- 0.0054
INFO:root:Epoch no. 395 of 500 (samples: 101559)
INFO:root:Loss: 0.1584 +/- 0.0074
INFO:root:Epoch no. 396 of 500 (samples: 101559)
INFO:root:Loss: 0.1596 +/- 0.0048
INFO:root:Epoch no. 397 of 500 (samples: 101559)
INFO:root:Loss: 0.1612 +/- 0.0055
INFO:root:Epoch no. 398 of 500 (samples: 101559)
INFO:root:Loss: 0.1589 +/- 0.0054
INFO:root:Epoch no. 399 of 500 (samples: 101559)
INFO:root:Loss: 0.1598 +/- 0.0067
INFO:root:Epoch no. 400 of 500 (samples: 101559)
INFO:root:Loss: 0.1584 +/- 0.0043
INFO:root:Epoch no. 401 of 500 (samples: 101559)
INFO:root:Loss: 0.162 +/- 0.0051
INFO:root:Epoch no. 402 of 500 (samples: 101559)
INFO:root:Loss: 0.1604 +/- 0.0066
INFO:root:Epoch no. 403 of 500 (samples: 101559)
INFO:root:Loss: 0.1587 +/- 0.0065
INFO:root:Epoch no. 404 of 500 (samples: 101559)
INFO:root:Loss: 0.16 +/- 0.0054
INFO:root:Epoch no. 405 of 500 (samples: 101559)
INFO:root:Loss: 0.158 +/- 0.0039
INFO:root:Epoch no. 406 of 500 (samples: 101559)
INFO:root:Loss: 0.1575 +/- 0.0066
INFO:root:Epoch no. 407 of 500 (samples: 101559)
INFO:root:Loss: 0.1609 +/- 0.0052
INFO:root:Epoch no. 408 of 500 (samples: 101559)
INFO:root:Loss: 0.1584 +/- 0.0049
INFO:root:Epoch no. 409 of 500 (samples: 101559)
INFO:root:Loss: 0.1605 +/- 0.0034
INFO:root:Epoch no. 410 of 500 (samples: 101559)
INFO:root:Loss: 0.158 +/- 0.0066
INFO:root:Epoch no. 411 of 500 (samples: 101559)
INFO:root:Loss: 0.1606 +/- 0.0059
INFO:root:Epoch no. 412 of 500 (samples: 101559)
INFO:root:Loss: 0.1563 +/- 0.0053
INFO:root:Epoch no. 413 of 500 (samples: 101559)
INFO:root:Loss: 0.1581 +/- 0.006
INFO:root:Epoch no. 414 of 500 (samples: 101559)
INFO:root:Loss: 0.1598 +/- 0.0059
INFO:root:Epoch no. 415 of 500 (samples: 101559)
INFO:root:Loss: 0.1595 +/- 0.0048
INFO:root:Epoch no. 416 of 500 (samples: 101559)
INFO:root:Loss: 0.1605 +/- 0.005
INFO:root:Epoch no. 417 of 500 (samples: 101559)
INFO:root:Loss: 0.1586 +/- 0.0057
INFO:root:Epoch no. 418 of 500 (samples: 101559)
INFO:root:Loss: 0.1563 +/- 0.0038
INFO:root:Epoch no. 419 of 500 (samples: 101559)
INFO:root:Loss: 0.1606 +/- 0.0036
INFO:root:Epoch no. 420 of 500 (samples: 101559)
INFO:root:Loss: 0.1577 +/- 0.0057
INFO:root:Epoch no. 421 of 500 (samples: 101559)
INFO:root:Loss: 0.1593 +/- 0.0035
INFO:root:Epoch no. 422 of 500 (samples: 101559)
INFO:root:Loss: 0.159 +/- 0.0055
INFO:root:Epoch no. 423 of 500 (samples: 101559)
INFO:root:Loss: 0.1585 +/- 0.0046
INFO:root:Epoch no. 424 of 500 (samples: 101559)
INFO:root:Loss: 0.1593 +/- 0.0083
INFO:root:Epoch no. 425 of 500 (samples: 101559)
INFO:root:Loss: 0.1568 +/- 0.0061
INFO:root:Epoch no. 426 of 500 (samples: 101559)
INFO:root:Loss: 0.1586 +/- 0.0029
INFO:root:Epoch no. 427 of 500 (samples: 101559)
INFO:root:Loss: 0.1619 +/- 0.0065
INFO:root:Epoch no. 428 of 500 (samples: 101559)
INFO:root:Loss: 0.1597 +/- 0.0058
INFO:root:Epoch no. 429 of 500 (samples: 101559)
INFO:root:Loss: 0.1579 +/- 0.0068
INFO:root:Epoch no. 430 of 500 (samples: 101559)
INFO:root:Loss: 0.1587 +/- 0.0064
INFO:root:Epoch no. 431 of 500 (samples: 101559)
INFO:root:Loss: 0.1576 +/- 0.0046
INFO:root:Epoch no. 432 of 500 (samples: 101559)
INFO:root:Loss: 0.1568 +/- 0.0049
INFO:root:Epoch no. 433 of 500 (samples: 101559)
INFO:root:Loss: 0.1583 +/- 0.0045
INFO:root:Epoch no. 434 of 500 (samples: 101559)
INFO:root:Loss: 0.1547 +/- 0.0045
INFO:root:Epoch no. 435 of 500 (samples: 101559)
INFO:root:Loss: 0.1585 +/- 0.0043
INFO:root:Epoch no. 436 of 500 (samples: 101559)
INFO:root:Loss: 0.1572 +/- 0.0081
INFO:root:Epoch no. 437 of 500 (samples: 101559)
INFO:root:Loss: 0.1602 +/- 0.0064
INFO:root:Epoch no. 438 of 500 (samples: 101559)
INFO:root:Loss: 0.1588 +/- 0.0066
INFO:root:Epoch no. 439 of 500 (samples: 101559)
INFO:root:Loss: 0.1555 +/- 0.0052
INFO:root:Epoch no. 440 of 500 (samples: 101559)
INFO:root:Loss: 0.1564 +/- 0.0037
INFO:root:Epoch no. 441 of 500 (samples: 101559)
INFO:root:Loss: 0.1555 +/- 0.0041
INFO:root:Epoch no. 442 of 500 (samples: 101559)
INFO:root:Loss: 0.158 +/- 0.0051
INFO:root:Epoch no. 443 of 500 (samples: 101559)
INFO:root:Loss: 0.1556 +/- 0.0061
INFO:root:Epoch no. 444 of 500 (samples: 101559)
INFO:root:Loss: 0.1577 +/- 0.0046
INFO:root:Epoch no. 445 of 500 (samples: 101559)
INFO:root:Loss: 0.1565 +/- 0.0048
INFO:root:Epoch no. 446 of 500 (samples: 101559)
INFO:root:Loss: 0.1581 +/- 0.0055
INFO:root:Epoch no. 447 of 500 (samples: 101559)
INFO:root:Loss: 0.1544 +/- 0.0046
INFO:root:Epoch no. 448 of 500 (samples: 101559)
INFO:root:Loss: 0.1572 +/- 0.0062
INFO:root:Epoch no. 449 of 500 (samples: 101559)
INFO:root:Loss: 0.1584 +/- 0.0064
INFO:root:Epoch no. 450 of 500 (samples: 101559)
INFO:root:Loss: 0.1574 +/- 0.004
INFO:root:Epoch no. 451 of 500 (samples: 101559)
INFO:root:Loss: 0.1576 +/- 0.0051
INFO:root:Epoch no. 452 of 500 (samples: 101559)
INFO:root:Loss: 0.1547 +/- 0.0042
INFO:root:Epoch no. 453 of 500 (samples: 101559)
INFO:root:Loss: 0.1563 +/- 0.0029
INFO:root:Epoch no. 454 of 500 (samples: 101559)
INFO:root:Loss: 0.1548 +/- 0.0051
INFO:root:Epoch no. 455 of 500 (samples: 101559)
INFO:root:Loss: 0.1563 +/- 0.0052
INFO:root:Epoch no. 456 of 500 (samples: 101559)
INFO:root:Loss: 0.1563 +/- 0.0073
INFO:root:Epoch no. 457 of 500 (samples: 101559)
INFO:root:Loss: 0.1545 +/- 0.0053
INFO:root:Epoch no. 458 of 500 (samples: 101559)
INFO:root:Loss: 0.1553 +/- 0.0075
INFO:root:Epoch no. 459 of 500 (samples: 101559)
INFO:root:Loss: 0.1568 +/- 0.0076
INFO:root:Epoch no. 460 of 500 (samples: 101559)
INFO:root:Loss: 0.1581 +/- 0.007
INFO:root:Epoch no. 461 of 500 (samples: 101559)
INFO:root:Loss: 0.1575 +/- 0.0056
INFO:root:Epoch no. 462 of 500 (samples: 101559)
INFO:root:Loss: 0.1567 +/- 0.0067
INFO:root:Epoch no. 463 of 500 (samples: 101559)
INFO:root:Loss: 0.157 +/- 0.0041
INFO:root:Epoch no. 464 of 500 (samples: 101559)
INFO:root:Loss: 0.1527 +/- 0.0059
INFO:root:Epoch no. 465 of 500 (samples: 101559)
INFO:root:Loss: 0.1573 +/- 0.007
INFO:root:Epoch no. 466 of 500 (samples: 101559)
INFO:root:Loss: 0.1546 +/- 0.0038
INFO:root:Epoch no. 467 of 500 (samples: 101559)
INFO:root:Loss: 0.1569 +/- 0.0056
INFO:root:Epoch no. 468 of 500 (samples: 101559)
INFO:root:Loss: 0.1535 +/- 0.0083
INFO:root:Epoch no. 469 of 500 (samples: 101559)
INFO:root:Loss: 0.1551 +/- 0.0053
INFO:root:Epoch no. 470 of 500 (samples: 101559)
INFO:root:Loss: 0.1556 +/- 0.0065
INFO:root:Epoch no. 471 of 500 (samples: 101559)
INFO:root:Loss: 0.1556 +/- 0.0065
INFO:root:Epoch no. 472 of 500 (samples: 101559)
INFO:root:Loss: 0.156 +/- 0.0044
INFO:root:Epoch no. 473 of 500 (samples: 101559)
INFO:root:Loss: 0.1577 +/- 0.0064
INFO:root:Epoch no. 474 of 500 (samples: 101559)
INFO:root:Loss: 0.1564 +/- 0.0055
INFO:root:Epoch no. 475 of 500 (samples: 101559)
INFO:root:Loss: 0.1551 +/- 0.0054
INFO:root:Epoch no. 476 of 500 (samples: 101559)
INFO:root:Loss: 0.1554 +/- 0.0065
INFO:root:Epoch no. 477 of 500 (samples: 101559)
INFO:root:Loss: 0.1548 +/- 0.0042
INFO:root:Epoch no. 478 of 500 (samples: 101559)
INFO:root:Loss: 0.1524 +/- 0.0045
INFO:root:Epoch no. 479 of 500 (samples: 101559)
INFO:root:Loss: 0.1566 +/- 0.0072
INFO:root:Epoch no. 480 of 500 (samples: 101559)
INFO:root:Loss: 0.1538 +/- 0.004
INFO:root:Epoch no. 481 of 500 (samples: 101559)
INFO:root:Loss: 0.1534 +/- 0.0063
INFO:root:Epoch no. 482 of 500 (samples: 101559)
INFO:root:Loss: 0.1539 +/- 0.0059
INFO:root:Epoch no. 483 of 500 (samples: 101559)
INFO:root:Loss: 0.1531 +/- 0.0063
INFO:root:Epoch no. 484 of 500 (samples: 101559)
INFO:root:Loss: 0.1556 +/- 0.0042
INFO:root:Epoch no. 485 of 500 (samples: 101559)
INFO:root:Loss: 0.1515 +/- 0.0061
INFO:root:Epoch no. 486 of 500 (samples: 101559)
INFO:root:Loss: 0.1552 +/- 0.005
INFO:root:Epoch no. 487 of 500 (samples: 101559)
INFO:root:Loss: 0.1531 +/- 0.0052
INFO:root:Epoch no. 488 of 500 (samples: 101559)
INFO:root:Loss: 0.154 +/- 0.0056
INFO:root:Epoch no. 489 of 500 (samples: 101559)
INFO:root:Loss: 0.1561 +/- 0.0046
INFO:root:Epoch no. 490 of 500 (samples: 101559)
INFO:root:Loss: 0.1542 +/- 0.0049
INFO:root:Epoch no. 491 of 500 (samples: 101559)
INFO:root:Loss: 0.1569 +/- 0.0033
INFO:root:Epoch no. 492 of 500 (samples: 101559)
INFO:root:Loss: 0.1549 +/- 0.0028
INFO:root:Epoch no. 493 of 500 (samples: 101559)
INFO:root:Loss: 0.151 +/- 0.0069
INFO:root:Epoch no. 494 of 500 (samples: 101559)
INFO:root:Loss: 0.153 +/- 0.0057
INFO:root:Epoch no. 495 of 500 (samples: 101559)
INFO:root:Loss: 0.1551 +/- 0.0058
INFO:root:Epoch no. 496 of 500 (samples: 101559)
INFO:root:Loss: 0.1534 +/- 0.0058
INFO:root:Epoch no. 497 of 500 (samples: 101559)
INFO:root:Loss: 0.1548 +/- 0.0051
INFO:root:Epoch no. 498 of 500 (samples: 101559)
INFO:root:Loss: 0.1524 +/- 0.0051
INFO:root:Epoch no. 499 of 500 (samples: 101559)
INFO:root:Loss: 0.1518 +/- 0.0028
INFO:root:Epoch no. 500 of 500 (samples: 101559)
INFO:root:Loss: 0.1539 +/- 0.0067
/home/insight/.local/lib/python3.4/site-packages/Keras-1.0.1-py3.4.egg/keras/backend/theano_backend.py:489: UserWarning: theano.function was asked to create a function computing outputs given certain inputs, but the provided input variable at index 2 is not part of the computational graph needed to compute the outputs: keras_learning_phase.
To make this warning into an error, you can pass the parameter on_unused_input='raise' to theano.function. To disable it completely, use on_unused_input='ignore'.
  **kwargs)
INFO:root:### MICRO (validation raw):
INFO:root:	-- left   >> mean: 120207.8964, median: 114205.5, mrr: 0.018, hits@1: 0.56%
INFO:root:	-- right  >> mean: 124114.1468, median: 151939.5, mrr: 0.033, hits@1: 1.5%
INFO:root:	-- global >> mean: 122161.0216, median: 126614.0, mrr: 0.026, hits@1: 1.03%
INFO:root:### MICRO (validation raw):
INFO:root:	-- left   >> mean: 120207.8964, median: 114205.5, mrr: 0.018, hits@3: 2.54%
INFO:root:	-- right  >> mean: 124114.1468, median: 151939.5, mrr: 0.033, hits@3: 4.12%
INFO:root:	-- global >> mean: 122161.0216, median: 126614.0, mrr: 0.026, hits@3: 3.33%
INFO:root:### MICRO (validation raw):
INFO:root:	-- left   >> mean: 120207.8964, median: 114205.5, mrr: 0.018, hits@5: 3.36%
INFO:root:	-- right  >> mean: 124114.1468, median: 151939.5, mrr: 0.033, hits@5: 5.44%
INFO:root:	-- global >> mean: 122161.0216, median: 126614.0, mrr: 0.026, hits@5: 4.4%
INFO:root:### MICRO (validation raw):
INFO:root:	-- left   >> mean: 120207.8964, median: 114205.5, mrr: 0.018, hits@10: 4.22%
INFO:root:	-- right  >> mean: 124114.1468, median: 151939.5, mrr: 0.033, hits@10: 6.88%
INFO:root:	-- global >> mean: 122161.0216, median: 126614.0, mrr: 0.026, hits@10: 5.55%
INFO:root:### MICRO (validation filtered):
INFO:root:	-- left   >> mean: 119949.7898, median: 113687.5, mrr: 0.021, hits@1: 0.76%
INFO:root:	-- right  >> mean: 124113.9394, median: 151939.0, mrr: 0.035, hits@1: 1.66%
INFO:root:	-- global >> mean: 122031.8646, median: 126400.5, mrr: 0.028, hits@1: 1.21%
INFO:root:### MICRO (validation filtered):
INFO:root:	-- left   >> mean: 119949.7898, median: 113687.5, mrr: 0.021, hits@3: 3.1%
INFO:root:	-- right  >> mean: 124113.9394, median: 151939.0, mrr: 0.035, hits@3: 4.46%
INFO:root:	-- global >> mean: 122031.8646, median: 126400.5, mrr: 0.028, hits@3: 3.78%
INFO:root:### MICRO (validation filtered):
INFO:root:	-- left   >> mean: 119949.7898, median: 113687.5, mrr: 0.021, hits@5: 3.72%
INFO:root:	-- right  >> mean: 124113.9394, median: 151939.0, mrr: 0.035, hits@5: 5.62%
INFO:root:	-- global >> mean: 122031.8646, median: 126400.5, mrr: 0.028, hits@5: 4.67%
INFO:root:### MICRO (validation filtered):
INFO:root:	-- left   >> mean: 119949.7898, median: 113687.5, mrr: 0.021, hits@10: 4.54%
INFO:root:	-- right  >> mean: 124113.9394, median: 151939.0, mrr: 0.035, hits@10: 6.98%
INFO:root:	-- global >> mean: 122031.8646, median: 126400.5, mrr: 0.028, hits@10: 5.76%
INFO:root:### MICRO (test raw):
INFO:root:	-- left   >> mean: 120607.8934, median: 115521.0, mrr: 0.02, hits@1: 0.54%
INFO:root:	-- right  >> mean: 122065.1094, median: 141753.5, mrr: 0.033, hits@1: 1.44%
INFO:root:	-- global >> mean: 121336.5014, median: 125908.5, mrr: 0.027, hits@1: 0.99%
INFO:root:### MICRO (test raw):
INFO:root:	-- left   >> mean: 120607.8934, median: 115521.0, mrr: 0.02, hits@3: 2.98%
INFO:root:	-- right  >> mean: 122065.1094, median: 141753.5, mrr: 0.033, hits@3: 4.24%
INFO:root:	-- global >> mean: 121336.5014, median: 125908.5, mrr: 0.027, hits@3: 3.61%
INFO:root:### MICRO (test raw):
INFO:root:	-- left   >> mean: 120607.8934, median: 115521.0, mrr: 0.02, hits@5: 3.84%
INFO:root:	-- right  >> mean: 122065.1094, median: 141753.5, mrr: 0.033, hits@5: 5.54%
INFO:root:	-- global >> mean: 121336.5014, median: 125908.5, mrr: 0.027, hits@5: 4.69%
INFO:root:### MICRO (test raw):
INFO:root:	-- left   >> mean: 120607.8934, median: 115521.0, mrr: 0.02, hits@10: 4.66%
INFO:root:	-- right  >> mean: 122065.1094, median: 141753.5, mrr: 0.033, hits@10: 6.7%
INFO:root:	-- global >> mean: 121336.5014, median: 125908.5, mrr: 0.027, hits@10: 5.68%
INFO:root:### MICRO (test filtered):
INFO:root:	-- left   >> mean: 120354.2512, median: 115473.5, mrr: 0.024, hits@1: 0.78%
INFO:root:	-- right  >> mean: 122064.8844, median: 141753.5, mrr: 0.036, hits@1: 1.64%
INFO:root:	-- global >> mean: 121209.5678, median: 125640.5, mrr: 0.03, hits@1: 1.21%
INFO:root:### MICRO (test filtered):
INFO:root:	-- left   >> mean: 120354.2512, median: 115473.5, mrr: 0.024, hits@3: 3.38%
INFO:root:	-- right  >> mean: 122064.8844, median: 141753.5, mrr: 0.036, hits@3: 4.6%
INFO:root:	-- global >> mean: 121209.5678, median: 125640.5, mrr: 0.03, hits@3: 3.99%
INFO:root:### MICRO (test filtered):
INFO:root:	-- left   >> mean: 120354.2512, median: 115473.5, mrr: 0.024, hits@5: 4.28%
INFO:root:	-- right  >> mean: 122064.8844, median: 141753.5, mrr: 0.036, hits@5: 5.72%
INFO:root:	-- global >> mean: 121209.5678, median: 125640.5, mrr: 0.03, hits@5: 5.0%
INFO:root:### MICRO (test filtered):
INFO:root:	-- left   >> mean: 120354.2512, median: 115473.5, mrr: 0.024, hits@10: 4.96%
INFO:root:	-- right  >> mean: 122064.8844, median: 141753.5, mrr: 0.036, hits@10: 6.9%
INFO:root:	-- global >> mean: 121209.5678, median: 125640.5, mrr: 0.03, hits@10: 5.93%
