Using Theano backend.
INFO:root:Acquiring data/music_5k/music-train.txt.gz ..
INFO:root:Acquiring data/music_5k/music-valid.txt.gz ..
INFO:root:Acquiring data/music_5k/music-test.txt.gz ..
INFO:root:Samples: 101559, no. batches: 10 -> batch size: 10156
INFO:root:Epoch no. 1 of 500 (samples: 101559)
INFO:root:Loss: 2730.7154 +/- 2.0573
INFO:root:Epoch no. 2 of 500 (samples: 101559)
INFO:root:Loss: 2409.8654 +/- 64.7906
INFO:root:Epoch no. 3 of 500 (samples: 101559)
INFO:root:Loss: 1688.0344 +/- 42.555
INFO:root:Epoch no. 4 of 500 (samples: 101559)
INFO:root:Loss: 984.3274 +/- 25.7681
INFO:root:Epoch no. 5 of 500 (samples: 101559)
INFO:root:Loss: 592.0542 +/- 42.371
INFO:root:Epoch no. 6 of 500 (samples: 101559)
INFO:root:Loss: 435.4267 +/- 43.6779
INFO:root:Epoch no. 7 of 500 (samples: 101559)
INFO:root:Loss: 353.6538 +/- 33.6936
INFO:root:Epoch no. 8 of 500 (samples: 101559)
INFO:root:Loss: 305.1936 +/- 30.7306
INFO:root:Epoch no. 9 of 500 (samples: 101559)
INFO:root:Loss: 268.5088 +/- 25.3898
INFO:root:Epoch no. 10 of 500 (samples: 101559)
INFO:root:Loss: 240.3036 +/- 24.371
INFO:root:Epoch no. 11 of 500 (samples: 101559)
INFO:root:Loss: 218.2175 +/- 19.6292
INFO:root:Epoch no. 12 of 500 (samples: 101559)
INFO:root:Loss: 200.4062 +/- 20.8307
INFO:root:Epoch no. 13 of 500 (samples: 101559)
INFO:root:Loss: 185.9726 +/- 18.6478
INFO:root:Epoch no. 14 of 500 (samples: 101559)
INFO:root:Loss: 172.5325 +/- 16.67
INFO:root:Epoch no. 15 of 500 (samples: 101559)
INFO:root:Loss: 161.6698 +/- 16.1715
INFO:root:Epoch no. 16 of 500 (samples: 101559)
INFO:root:Loss: 152.9579 +/- 13.1932
INFO:root:Epoch no. 17 of 500 (samples: 101559)
INFO:root:Loss: 144.8098 +/- 12.9073
INFO:root:Epoch no. 18 of 500 (samples: 101559)
INFO:root:Loss: 135.6073 +/- 12.572
INFO:root:Epoch no. 19 of 500 (samples: 101559)
INFO:root:Loss: 129.8393 +/- 11.1445
INFO:root:Epoch no. 20 of 500 (samples: 101559)
INFO:root:Loss: 123.7419 +/- 10.8241
INFO:root:Epoch no. 21 of 500 (samples: 101559)
INFO:root:Loss: 119.5228 +/- 11.4816
INFO:root:Epoch no. 22 of 500 (samples: 101559)
INFO:root:Loss: 114.3791 +/- 10.2278
INFO:root:Epoch no. 23 of 500 (samples: 101559)
INFO:root:Loss: 110.2405 +/- 8.7421
INFO:root:Epoch no. 24 of 500 (samples: 101559)
INFO:root:Loss: 106.769 +/- 8.8626
INFO:root:Epoch no. 25 of 500 (samples: 101559)
INFO:root:Loss: 102.4563 +/- 8.8155
INFO:root:Epoch no. 26 of 500 (samples: 101559)
INFO:root:Loss: 99.6848 +/- 8.7493
INFO:root:Epoch no. 27 of 500 (samples: 101559)
INFO:root:Loss: 96.6252 +/- 7.6973
INFO:root:Epoch no. 28 of 500 (samples: 101559)
INFO:root:Loss: 93.5613 +/- 7.4046
INFO:root:Epoch no. 29 of 500 (samples: 101559)
INFO:root:Loss: 90.8988 +/- 6.0512
INFO:root:Epoch no. 30 of 500 (samples: 101559)
INFO:root:Loss: 88.0013 +/- 6.5731
INFO:root:Epoch no. 31 of 500 (samples: 101559)
INFO:root:Loss: 85.4603 +/- 7.0266
INFO:root:Epoch no. 32 of 500 (samples: 101559)
INFO:root:Loss: 84.1974 +/- 7.0612
INFO:root:Epoch no. 33 of 500 (samples: 101559)
INFO:root:Loss: 82.0259 +/- 6.1448
INFO:root:Epoch no. 34 of 500 (samples: 101559)
INFO:root:Loss: 79.9622 +/- 5.4724
INFO:root:Epoch no. 35 of 500 (samples: 101559)
INFO:root:Loss: 78.0931 +/- 5.5576
INFO:root:Epoch no. 36 of 500 (samples: 101559)
INFO:root:Loss: 75.869 +/- 5.9911
INFO:root:Epoch no. 37 of 500 (samples: 101559)
INFO:root:Loss: 74.8331 +/- 5.2506
INFO:root:Epoch no. 38 of 500 (samples: 101559)
INFO:root:Loss: 73.2947 +/- 5.7971
INFO:root:Epoch no. 39 of 500 (samples: 101559)
INFO:root:Loss: 72.0906 +/- 4.2542
INFO:root:Epoch no. 40 of 500 (samples: 101559)
INFO:root:Loss: 69.8535 +/- 4.283
INFO:root:Epoch no. 41 of 500 (samples: 101559)
INFO:root:Loss: 69.3169 +/- 4.9124
INFO:root:Epoch no. 42 of 500 (samples: 101559)
INFO:root:Loss: 67.3325 +/- 3.8784
INFO:root:Epoch no. 43 of 500 (samples: 101559)
INFO:root:Loss: 66.2113 +/- 4.4549
INFO:root:Epoch no. 44 of 500 (samples: 101559)
INFO:root:Loss: 65.683 +/- 3.5218
INFO:root:Epoch no. 45 of 500 (samples: 101559)
INFO:root:Loss: 64.3165 +/- 3.3722
INFO:root:Epoch no. 46 of 500 (samples: 101559)
INFO:root:Loss: 62.8887 +/- 3.9931
INFO:root:Epoch no. 47 of 500 (samples: 101559)
INFO:root:Loss: 62.4903 +/- 3.6486
INFO:root:Epoch no. 48 of 500 (samples: 101559)
INFO:root:Loss: 61.6359 +/- 3.7381
INFO:root:Epoch no. 49 of 500 (samples: 101559)
INFO:root:Loss: 59.9867 +/- 4.0098
INFO:root:Epoch no. 50 of 500 (samples: 101559)
INFO:root:Loss: 59.2242 +/- 3.7257
INFO:root:Epoch no. 51 of 500 (samples: 101559)
INFO:root:Loss: 58.541 +/- 3.8079
INFO:root:Epoch no. 52 of 500 (samples: 101559)
INFO:root:Loss: 58.4151 +/- 3.3039
INFO:root:Epoch no. 53 of 500 (samples: 101559)
INFO:root:Loss: 56.6185 +/- 3.0157
INFO:root:Epoch no. 54 of 500 (samples: 101559)
INFO:root:Loss: 56.4423 +/- 2.9617
INFO:root:Epoch no. 55 of 500 (samples: 101559)
INFO:root:Loss: 56.0516 +/- 3.2795
INFO:root:Epoch no. 56 of 500 (samples: 101559)
INFO:root:Loss: 55.0744 +/- 3.9321
INFO:root:Epoch no. 57 of 500 (samples: 101559)
INFO:root:Loss: 53.4823 +/- 3.0569
INFO:root:Epoch no. 58 of 500 (samples: 101559)
INFO:root:Loss: 53.2895 +/- 2.853
INFO:root:Epoch no. 59 of 500 (samples: 101559)
INFO:root:Loss: 52.5714 +/- 2.6474
INFO:root:Epoch no. 60 of 500 (samples: 101559)
INFO:root:Loss: 51.4855 +/- 3.58
INFO:root:Epoch no. 61 of 500 (samples: 101559)
INFO:root:Loss: 51.3042 +/- 2.3389
INFO:root:Epoch no. 62 of 500 (samples: 101559)
INFO:root:Loss: 51.2385 +/- 3.3668
INFO:root:Epoch no. 63 of 500 (samples: 101559)
INFO:root:Loss: 49.8668 +/- 3.6173
INFO:root:Epoch no. 64 of 500 (samples: 101559)
INFO:root:Loss: 49.883 +/- 2.7396
INFO:root:Epoch no. 65 of 500 (samples: 101559)
INFO:root:Loss: 49.2127 +/- 2.6347
INFO:root:Epoch no. 66 of 500 (samples: 101559)
INFO:root:Loss: 49.1212 +/- 3.155
INFO:root:Epoch no. 67 of 500 (samples: 101559)
INFO:root:Loss: 48.2149 +/- 2.5822
INFO:root:Epoch no. 68 of 500 (samples: 101559)
INFO:root:Loss: 48.1259 +/- 2.6386
INFO:root:Epoch no. 69 of 500 (samples: 101559)
INFO:root:Loss: 46.7689 +/- 2.8611
INFO:root:Epoch no. 70 of 500 (samples: 101559)
INFO:root:Loss: 46.8254 +/- 2.8082
INFO:root:Epoch no. 71 of 500 (samples: 101559)
INFO:root:Loss: 46.4005 +/- 2.6735
INFO:root:Epoch no. 72 of 500 (samples: 101559)
INFO:root:Loss: 46.3006 +/- 2.4048
INFO:root:Epoch no. 73 of 500 (samples: 101559)
INFO:root:Loss: 45.7454 +/- 2.8741
INFO:root:Epoch no. 74 of 500 (samples: 101559)
INFO:root:Loss: 45.2711 +/- 2.8274
INFO:root:Epoch no. 75 of 500 (samples: 101559)
INFO:root:Loss: 44.459 +/- 2.1682
INFO:root:Epoch no. 76 of 500 (samples: 101559)
INFO:root:Loss: 44.208 +/- 2.397
INFO:root:Epoch no. 77 of 500 (samples: 101559)
INFO:root:Loss: 43.9655 +/- 2.1389
INFO:root:Epoch no. 78 of 500 (samples: 101559)
INFO:root:Loss: 43.6082 +/- 2.7646
INFO:root:Epoch no. 79 of 500 (samples: 101559)
INFO:root:Loss: 42.8116 +/- 2.5702
INFO:root:Epoch no. 80 of 500 (samples: 101559)
INFO:root:Loss: 43.2638 +/- 1.8465
INFO:root:Epoch no. 81 of 500 (samples: 101559)
INFO:root:Loss: 42.2519 +/- 2.0328
INFO:root:Epoch no. 82 of 500 (samples: 101559)
INFO:root:Loss: 42.0328 +/- 2.5113
INFO:root:Epoch no. 83 of 500 (samples: 101559)
INFO:root:Loss: 41.463 +/- 2.2585
INFO:root:Epoch no. 84 of 500 (samples: 101559)
INFO:root:Loss: 41.229 +/- 2.1765
INFO:root:Epoch no. 85 of 500 (samples: 101559)
INFO:root:Loss: 41.2977 +/- 2.1636
INFO:root:Epoch no. 86 of 500 (samples: 101559)
INFO:root:Loss: 40.5281 +/- 1.7824
INFO:root:Epoch no. 87 of 500 (samples: 101559)
INFO:root:Loss: 40.7042 +/- 2.0961
INFO:root:Epoch no. 88 of 500 (samples: 101559)
INFO:root:Loss: 39.598 +/- 1.7345
INFO:root:Epoch no. 89 of 500 (samples: 101559)
INFO:root:Loss: 39.5453 +/- 2.0296
INFO:root:Epoch no. 90 of 500 (samples: 101559)
INFO:root:Loss: 39.6639 +/- 1.7549
INFO:root:Epoch no. 91 of 500 (samples: 101559)
INFO:root:Loss: 39.4489 +/- 1.5249
INFO:root:Epoch no. 92 of 500 (samples: 101559)
INFO:root:Loss: 39.3171 +/- 2.5266
INFO:root:Epoch no. 93 of 500 (samples: 101559)
INFO:root:Loss: 38.7517 +/- 1.604
INFO:root:Epoch no. 94 of 500 (samples: 101559)
INFO:root:Loss: 37.9314 +/- 2.5271
INFO:root:Epoch no. 95 of 500 (samples: 101559)
INFO:root:Loss: 37.8635 +/- 1.8617
INFO:root:Epoch no. 96 of 500 (samples: 101559)
INFO:root:Loss: 38.1821 +/- 2.2824
INFO:root:Epoch no. 97 of 500 (samples: 101559)
INFO:root:Loss: 37.4965 +/- 1.5412
INFO:root:Epoch no. 98 of 500 (samples: 101559)
INFO:root:Loss: 37.438 +/- 2.3111
INFO:root:Epoch no. 99 of 500 (samples: 101559)
INFO:root:Loss: 37.5518 +/- 1.3758
INFO:root:Epoch no. 100 of 500 (samples: 101559)
INFO:root:Loss: 37.507 +/- 2.0775
INFO:root:Epoch no. 101 of 500 (samples: 101559)
INFO:root:Loss: 36.8506 +/- 2.3273
INFO:root:Epoch no. 102 of 500 (samples: 101559)
INFO:root:Loss: 36.8529 +/- 2.0472
INFO:root:Epoch no. 103 of 500 (samples: 101559)
INFO:root:Loss: 36.6705 +/- 1.5541
INFO:root:Epoch no. 104 of 500 (samples: 101559)
INFO:root:Loss: 35.7845 +/- 1.7833
INFO:root:Epoch no. 105 of 500 (samples: 101559)
INFO:root:Loss: 36.3204 +/- 1.6559
INFO:root:Epoch no. 106 of 500 (samples: 101559)
INFO:root:Loss: 35.9144 +/- 1.1077
INFO:root:Epoch no. 107 of 500 (samples: 101559)
INFO:root:Loss: 35.8206 +/- 1.8577
INFO:root:Epoch no. 108 of 500 (samples: 101559)
INFO:root:Loss: 35.4763 +/- 1.3986
INFO:root:Epoch no. 109 of 500 (samples: 101559)
INFO:root:Loss: 35.0874 +/- 1.9312
INFO:root:Epoch no. 110 of 500 (samples: 101559)
INFO:root:Loss: 35.6364 +/- 1.4418
INFO:root:Epoch no. 111 of 500 (samples: 101559)
INFO:root:Loss: 34.2304 +/- 1.5178
INFO:root:Epoch no. 112 of 500 (samples: 101559)
INFO:root:Loss: 34.4873 +/- 2.7209
INFO:root:Epoch no. 113 of 500 (samples: 101559)
INFO:root:Loss: 34.4249 +/- 1.847
INFO:root:Epoch no. 114 of 500 (samples: 101559)
INFO:root:Loss: 33.4983 +/- 1.4719
INFO:root:Epoch no. 115 of 500 (samples: 101559)
INFO:root:Loss: 34.4289 +/- 1.3472
INFO:root:Epoch no. 116 of 500 (samples: 101559)
INFO:root:Loss: 34.0201 +/- 1.9106
INFO:root:Epoch no. 117 of 500 (samples: 101559)
INFO:root:Loss: 33.6875 +/- 2.3532
INFO:root:Epoch no. 118 of 500 (samples: 101559)
INFO:root:Loss: 33.4327 +/- 1.5497
INFO:root:Epoch no. 119 of 500 (samples: 101559)
INFO:root:Loss: 34.023 +/- 1.831
INFO:root:Epoch no. 120 of 500 (samples: 101559)
INFO:root:Loss: 33.615 +/- 1.4687
INFO:root:Epoch no. 121 of 500 (samples: 101559)
INFO:root:Loss: 32.7675 +/- 1.5608
INFO:root:Epoch no. 122 of 500 (samples: 101559)
INFO:root:Loss: 32.5806 +/- 1.886
INFO:root:Epoch no. 123 of 500 (samples: 101559)
INFO:root:Loss: 32.3934 +/- 1.086
INFO:root:Epoch no. 124 of 500 (samples: 101559)
INFO:root:Loss: 32.432 +/- 1.1125
INFO:root:Epoch no. 125 of 500 (samples: 101559)
INFO:root:Loss: 32.8181 +/- 0.8695
INFO:root:Epoch no. 126 of 500 (samples: 101559)
INFO:root:Loss: 32.5522 +/- 1.0979
INFO:root:Epoch no. 127 of 500 (samples: 101559)
INFO:root:Loss: 32.0987 +/- 0.7253
INFO:root:Epoch no. 128 of 500 (samples: 101559)
INFO:root:Loss: 32.3157 +/- 1.8257
INFO:root:Epoch no. 129 of 500 (samples: 101559)
INFO:root:Loss: 32.0132 +/- 0.9201
INFO:root:Epoch no. 130 of 500 (samples: 101559)
INFO:root:Loss: 31.948 +/- 1.0828
INFO:root:Epoch no. 131 of 500 (samples: 101559)
INFO:root:Loss: 31.1456 +/- 1.6645
INFO:root:Epoch no. 132 of 500 (samples: 101559)
INFO:root:Loss: 31.66 +/- 1.4246
INFO:root:Epoch no. 133 of 500 (samples: 101559)
INFO:root:Loss: 31.0997 +/- 1.8676
INFO:root:Epoch no. 134 of 500 (samples: 101559)
INFO:root:Loss: 30.9611 +/- 1.8677
INFO:root:Epoch no. 135 of 500 (samples: 101559)
INFO:root:Loss: 31.0333 +/- 1.2622
INFO:root:Epoch no. 136 of 500 (samples: 101559)
INFO:root:Loss: 31.2622 +/- 1.2852
INFO:root:Epoch no. 137 of 500 (samples: 101559)
INFO:root:Loss: 31.6961 +/- 1.2098
INFO:root:Epoch no. 138 of 500 (samples: 101559)
INFO:root:Loss: 30.8167 +/- 1.3939
INFO:root:Epoch no. 139 of 500 (samples: 101559)
INFO:root:Loss: 31.2099 +/- 1.4077
INFO:root:Epoch no. 140 of 500 (samples: 101559)
INFO:root:Loss: 29.6329 +/- 1.4741
INFO:root:Epoch no. 141 of 500 (samples: 101559)
INFO:root:Loss: 29.9757 +/- 1.1484
INFO:root:Epoch no. 142 of 500 (samples: 101559)
INFO:root:Loss: 30.5229 +/- 1.3166
INFO:root:Epoch no. 143 of 500 (samples: 101559)
INFO:root:Loss: 29.9028 +/- 1.4582
INFO:root:Epoch no. 144 of 500 (samples: 101559)
INFO:root:Loss: 29.9143 +/- 1.0303
INFO:root:Epoch no. 145 of 500 (samples: 101559)
INFO:root:Loss: 30.0759 +/- 1.6387
INFO:root:Epoch no. 146 of 500 (samples: 101559)
INFO:root:Loss: 29.7083 +/- 1.2199
INFO:root:Epoch no. 147 of 500 (samples: 101559)
INFO:root:Loss: 29.2661 +/- 1.0268
INFO:root:Epoch no. 148 of 500 (samples: 101559)
INFO:root:Loss: 29.7667 +/- 1.5993
INFO:root:Epoch no. 149 of 500 (samples: 101559)
INFO:root:Loss: 29.2163 +/- 1.4187
INFO:root:Epoch no. 150 of 500 (samples: 101559)
INFO:root:Loss: 28.5041 +/- 0.9959
INFO:root:Epoch no. 151 of 500 (samples: 101559)
INFO:root:Loss: 29.1247 +/- 1.255
INFO:root:Epoch no. 152 of 500 (samples: 101559)
INFO:root:Loss: 28.6762 +/- 1.4309
INFO:root:Epoch no. 153 of 500 (samples: 101559)
INFO:root:Loss: 28.6755 +/- 1.458
INFO:root:Epoch no. 154 of 500 (samples: 101559)
INFO:root:Loss: 28.815 +/- 1.4522
INFO:root:Epoch no. 155 of 500 (samples: 101559)
INFO:root:Loss: 28.322 +/- 0.9944
INFO:root:Epoch no. 156 of 500 (samples: 101559)
INFO:root:Loss: 28.6573 +/- 1.5846
INFO:root:Epoch no. 157 of 500 (samples: 101559)
INFO:root:Loss: 28.5928 +/- 1.0451
INFO:root:Epoch no. 158 of 500 (samples: 101559)
INFO:root:Loss: 28.3283 +/- 0.9712
INFO:root:Epoch no. 159 of 500 (samples: 101559)
INFO:root:Loss: 28.3197 +/- 1.5668
INFO:root:Epoch no. 160 of 500 (samples: 101559)
INFO:root:Loss: 28.1493 +/- 1.217
INFO:root:Epoch no. 161 of 500 (samples: 101559)
INFO:root:Loss: 27.4235 +/- 1.5955
INFO:root:Epoch no. 162 of 500 (samples: 101559)
INFO:root:Loss: 28.44 +/- 1.6329
INFO:root:Epoch no. 163 of 500 (samples: 101559)
INFO:root:Loss: 28.4683 +/- 1.4774
INFO:root:Epoch no. 164 of 500 (samples: 101559)
INFO:root:Loss: 28.0781 +/- 1.3649
INFO:root:Epoch no. 165 of 500 (samples: 101559)
INFO:root:Loss: 27.2728 +/- 1.2729
INFO:root:Epoch no. 166 of 500 (samples: 101559)
INFO:root:Loss: 27.6501 +/- 1.1895
INFO:root:Epoch no. 167 of 500 (samples: 101559)
INFO:root:Loss: 27.4477 +/- 1.0149
INFO:root:Epoch no. 168 of 500 (samples: 101559)
INFO:root:Loss: 27.3008 +/- 0.8809
INFO:root:Epoch no. 169 of 500 (samples: 101559)
INFO:root:Loss: 27.1631 +/- 1.6585
INFO:root:Epoch no. 170 of 500 (samples: 101559)
INFO:root:Loss: 27.1486 +/- 1.1946
INFO:root:Epoch no. 171 of 500 (samples: 101559)
INFO:root:Loss: 26.7816 +/- 1.5122
INFO:root:Epoch no. 172 of 500 (samples: 101559)
INFO:root:Loss: 27.0475 +/- 1.2607
INFO:root:Epoch no. 173 of 500 (samples: 101559)
INFO:root:Loss: 26.9425 +/- 1.5649
INFO:root:Epoch no. 174 of 500 (samples: 101559)
INFO:root:Loss: 26.8168 +/- 1.144
INFO:root:Epoch no. 175 of 500 (samples: 101559)
INFO:root:Loss: 26.2626 +/- 1.3298
INFO:root:Epoch no. 176 of 500 (samples: 101559)
INFO:root:Loss: 26.4851 +/- 1.1493
INFO:root:Epoch no. 177 of 500 (samples: 101559)
INFO:root:Loss: 26.4583 +/- 1.4358
INFO:root:Epoch no. 178 of 500 (samples: 101559)
INFO:root:Loss: 26.2159 +/- 1.0854
INFO:root:Epoch no. 179 of 500 (samples: 101559)
INFO:root:Loss: 26.4094 +/- 1.1459
INFO:root:Epoch no. 180 of 500 (samples: 101559)
INFO:root:Loss: 26.3319 +/- 1.0345
INFO:root:Epoch no. 181 of 500 (samples: 101559)
INFO:root:Loss: 26.2793 +/- 0.843
INFO:root:Epoch no. 182 of 500 (samples: 101559)
INFO:root:Loss: 26.2954 +/- 0.5171
INFO:root:Epoch no. 183 of 500 (samples: 101559)
INFO:root:Loss: 26.03 +/- 0.7504
INFO:root:Epoch no. 184 of 500 (samples: 101559)
INFO:root:Loss: 25.923 +/- 0.9626
INFO:root:Epoch no. 185 of 500 (samples: 101559)
INFO:root:Loss: 26.06 +/- 1.3068
INFO:root:Epoch no. 186 of 500 (samples: 101559)
INFO:root:Loss: 26.1038 +/- 0.9113
INFO:root:Epoch no. 187 of 500 (samples: 101559)
INFO:root:Loss: 25.6472 +/- 1.4059
INFO:root:Epoch no. 188 of 500 (samples: 101559)
INFO:root:Loss: 26.032 +/- 1.2324
INFO:root:Epoch no. 189 of 500 (samples: 101559)
INFO:root:Loss: 25.8725 +/- 1.2963
INFO:root:Epoch no. 190 of 500 (samples: 101559)
INFO:root:Loss: 25.7905 +/- 1.0872
INFO:root:Epoch no. 191 of 500 (samples: 101559)
INFO:root:Loss: 25.3778 +/- 1.6724
INFO:root:Epoch no. 192 of 500 (samples: 101559)
INFO:root:Loss: 25.6635 +/- 1.0974
INFO:root:Epoch no. 193 of 500 (samples: 101559)
INFO:root:Loss: 25.5674 +/- 0.9279
INFO:root:Epoch no. 194 of 500 (samples: 101559)
INFO:root:Loss: 25.3112 +/- 0.8307
INFO:root:Epoch no. 195 of 500 (samples: 101559)
INFO:root:Loss: 25.3907 +/- 1.0734
INFO:root:Epoch no. 196 of 500 (samples: 101559)
INFO:root:Loss: 24.8494 +/- 1.029
INFO:root:Epoch no. 197 of 500 (samples: 101559)
INFO:root:Loss: 24.9715 +/- 0.6951
INFO:root:Epoch no. 198 of 500 (samples: 101559)
INFO:root:Loss: 24.9907 +/- 1.215
INFO:root:Epoch no. 199 of 500 (samples: 101559)
INFO:root:Loss: 25.0673 +/- 1.5573
INFO:root:Epoch no. 200 of 500 (samples: 101559)
INFO:root:Loss: 25.1287 +/- 1.3124
INFO:root:Epoch no. 201 of 500 (samples: 101559)
INFO:root:Loss: 24.6219 +/- 1.0503
INFO:root:Epoch no. 202 of 500 (samples: 101559)
INFO:root:Loss: 25.3312 +/- 0.9262
INFO:root:Epoch no. 203 of 500 (samples: 101559)
INFO:root:Loss: 24.9158 +/- 0.9635
INFO:root:Epoch no. 204 of 500 (samples: 101559)
INFO:root:Loss: 24.6528 +/- 1.0782
INFO:root:Epoch no. 205 of 500 (samples: 101559)
INFO:root:Loss: 24.4331 +/- 0.8297
INFO:root:Epoch no. 206 of 500 (samples: 101559)
INFO:root:Loss: 24.8593 +/- 0.8353
INFO:root:Epoch no. 207 of 500 (samples: 101559)
INFO:root:Loss: 24.9091 +/- 1.0987
INFO:root:Epoch no. 208 of 500 (samples: 101559)
INFO:root:Loss: 24.644 +/- 1.0972
INFO:root:Epoch no. 209 of 500 (samples: 101559)
INFO:root:Loss: 24.5805 +/- 1.3729
INFO:root:Epoch no. 210 of 500 (samples: 101559)
INFO:root:Loss: 24.4623 +/- 0.8407
INFO:root:Epoch no. 211 of 500 (samples: 101559)
INFO:root:Loss: 24.1619 +/- 1.1336
INFO:root:Epoch no. 212 of 500 (samples: 101559)
INFO:root:Loss: 24.5014 +/- 0.9476
INFO:root:Epoch no. 213 of 500 (samples: 101559)
INFO:root:Loss: 24.4416 +/- 0.6689
INFO:root:Epoch no. 214 of 500 (samples: 101559)
INFO:root:Loss: 24.0254 +/- 1.2448
INFO:root:Epoch no. 215 of 500 (samples: 101559)
INFO:root:Loss: 23.5175 +/- 0.7468
INFO:root:Epoch no. 216 of 500 (samples: 101559)
INFO:root:Loss: 24.0044 +/- 1.2024
INFO:root:Epoch no. 217 of 500 (samples: 101559)
INFO:root:Loss: 23.8944 +/- 1.0379
INFO:root:Epoch no. 218 of 500 (samples: 101559)
INFO:root:Loss: 23.5567 +/- 1.0546
INFO:root:Epoch no. 219 of 500 (samples: 101559)
INFO:root:Loss: 24.1053 +/- 0.9254
INFO:root:Epoch no. 220 of 500 (samples: 101559)
INFO:root:Loss: 23.9003 +/- 0.9028
INFO:root:Epoch no. 221 of 500 (samples: 101559)
INFO:root:Loss: 23.9652 +/- 1.2903
INFO:root:Epoch no. 222 of 500 (samples: 101559)
INFO:root:Loss: 24.2975 +/- 1.0355
INFO:root:Epoch no. 223 of 500 (samples: 101559)
INFO:root:Loss: 23.3475 +/- 1.1165
INFO:root:Epoch no. 224 of 500 (samples: 101559)
INFO:root:Loss: 23.2995 +/- 0.9196
INFO:root:Epoch no. 225 of 500 (samples: 101559)
INFO:root:Loss: 23.2035 +/- 1.0369
INFO:root:Epoch no. 226 of 500 (samples: 101559)
INFO:root:Loss: 23.4017 +/- 1.1436
INFO:root:Epoch no. 227 of 500 (samples: 101559)
INFO:root:Loss: 23.4778 +/- 0.8288
INFO:root:Epoch no. 228 of 500 (samples: 101559)
INFO:root:Loss: 22.5693 +/- 0.9184
INFO:root:Epoch no. 229 of 500 (samples: 101559)
INFO:root:Loss: 23.4864 +/- 1.4494
INFO:root:Epoch no. 230 of 500 (samples: 101559)
INFO:root:Loss: 23.0603 +/- 0.8518
INFO:root:Epoch no. 231 of 500 (samples: 101559)
INFO:root:Loss: 22.6917 +/- 0.7992
INFO:root:Epoch no. 232 of 500 (samples: 101559)
INFO:root:Loss: 23.137 +/- 1.389
INFO:root:Epoch no. 233 of 500 (samples: 101559)
INFO:root:Loss: 23.2864 +/- 1.1588
INFO:root:Epoch no. 234 of 500 (samples: 101559)
INFO:root:Loss: 23.1756 +/- 0.7971
INFO:root:Epoch no. 235 of 500 (samples: 101559)
INFO:root:Loss: 22.8339 +/- 0.9729
INFO:root:Epoch no. 236 of 500 (samples: 101559)
INFO:root:Loss: 23.0203 +/- 0.945
INFO:root:Epoch no. 237 of 500 (samples: 101559)
INFO:root:Loss: 23.0766 +/- 1.2438
INFO:root:Epoch no. 238 of 500 (samples: 101559)
INFO:root:Loss: 23.0917 +/- 0.987
INFO:root:Epoch no. 239 of 500 (samples: 101559)
INFO:root:Loss: 22.9572 +/- 0.7599
INFO:root:Epoch no. 240 of 500 (samples: 101559)
INFO:root:Loss: 23.2979 +/- 1.026
INFO:root:Epoch no. 241 of 500 (samples: 101559)
INFO:root:Loss: 23.2645 +/- 1.1545
INFO:root:Epoch no. 242 of 500 (samples: 101559)
INFO:root:Loss: 23.1925 +/- 0.8551
INFO:root:Epoch no. 243 of 500 (samples: 101559)
INFO:root:Loss: 23.0408 +/- 0.9167
INFO:root:Epoch no. 244 of 500 (samples: 101559)
INFO:root:Loss: 22.5534 +/- 1.0107
INFO:root:Epoch no. 245 of 500 (samples: 101559)
INFO:root:Loss: 22.8432 +/- 0.9291
INFO:root:Epoch no. 246 of 500 (samples: 101559)
INFO:root:Loss: 22.6635 +/- 0.7105
INFO:root:Epoch no. 247 of 500 (samples: 101559)
INFO:root:Loss: 22.6031 +/- 0.9449
INFO:root:Epoch no. 248 of 500 (samples: 101559)
INFO:root:Loss: 22.5329 +/- 0.7518
INFO:root:Epoch no. 249 of 500 (samples: 101559)
INFO:root:Loss: 22.3053 +/- 0.7946
INFO:root:Epoch no. 250 of 500 (samples: 101559)
INFO:root:Loss: 22.2592 +/- 0.8531
INFO:root:Epoch no. 251 of 500 (samples: 101559)
INFO:root:Loss: 22.1601 +/- 0.8332
INFO:root:Epoch no. 252 of 500 (samples: 101559)
INFO:root:Loss: 22.0096 +/- 0.9516
INFO:root:Epoch no. 253 of 500 (samples: 101559)
INFO:root:Loss: 22.3588 +/- 0.8372
INFO:root:Epoch no. 254 of 500 (samples: 101559)
INFO:root:Loss: 22.5887 +/- 1.1198
INFO:root:Epoch no. 255 of 500 (samples: 101559)
INFO:root:Loss: 21.7847 +/- 0.8301
INFO:root:Epoch no. 256 of 500 (samples: 101559)
INFO:root:Loss: 22.2476 +/- 1.1127
INFO:root:Epoch no. 257 of 500 (samples: 101559)
INFO:root:Loss: 21.9894 +/- 1.0905
INFO:root:Epoch no. 258 of 500 (samples: 101559)
INFO:root:Loss: 21.7434 +/- 1.1481
INFO:root:Epoch no. 259 of 500 (samples: 101559)
INFO:root:Loss: 21.6205 +/- 1.4621
INFO:root:Epoch no. 260 of 500 (samples: 101559)
INFO:root:Loss: 21.7648 +/- 0.8097
INFO:root:Epoch no. 261 of 500 (samples: 101559)
INFO:root:Loss: 22.2622 +/- 0.98
INFO:root:Epoch no. 262 of 500 (samples: 101559)
INFO:root:Loss: 22.0421 +/- 1.1425
INFO:root:Epoch no. 263 of 500 (samples: 101559)
INFO:root:Loss: 21.8042 +/- 0.8074
INFO:root:Epoch no. 264 of 500 (samples: 101559)
INFO:root:Loss: 21.6217 +/- 0.6693
INFO:root:Epoch no. 265 of 500 (samples: 101559)
INFO:root:Loss: 21.6164 +/- 0.6601
INFO:root:Epoch no. 266 of 500 (samples: 101559)
INFO:root:Loss: 22.0152 +/- 0.7586
INFO:root:Epoch no. 267 of 500 (samples: 101559)
INFO:root:Loss: 21.3527 +/- 1.1687
INFO:root:Epoch no. 268 of 500 (samples: 101559)
INFO:root:Loss: 21.8207 +/- 0.9576
INFO:root:Epoch no. 269 of 500 (samples: 101559)
INFO:root:Loss: 21.5724 +/- 1.3025
INFO:root:Epoch no. 270 of 500 (samples: 101559)
INFO:root:Loss: 21.1975 +/- 1.0508
INFO:root:Epoch no. 271 of 500 (samples: 101559)
INFO:root:Loss: 21.3751 +/- 1.0099
INFO:root:Epoch no. 272 of 500 (samples: 101559)
INFO:root:Loss: 21.7147 +/- 1.4347
INFO:root:Epoch no. 273 of 500 (samples: 101559)
INFO:root:Loss: 21.8274 +/- 1.1213
INFO:root:Epoch no. 274 of 500 (samples: 101559)
INFO:root:Loss: 21.2731 +/- 1.1278
INFO:root:Epoch no. 275 of 500 (samples: 101559)
INFO:root:Loss: 21.6777 +/- 0.6165
INFO:root:Epoch no. 276 of 500 (samples: 101559)
INFO:root:Loss: 21.2014 +/- 0.7575
INFO:root:Epoch no. 277 of 500 (samples: 101559)
INFO:root:Loss: 21.5396 +/- 1.1123
INFO:root:Epoch no. 278 of 500 (samples: 101559)
INFO:root:Loss: 21.4452 +/- 0.4441
INFO:root:Epoch no. 279 of 500 (samples: 101559)
INFO:root:Loss: 20.7837 +/- 1.0947
INFO:root:Epoch no. 280 of 500 (samples: 101559)
INFO:root:Loss: 20.4815 +/- 0.5778
INFO:root:Epoch no. 281 of 500 (samples: 101559)
INFO:root:Loss: 20.9322 +/- 0.736
INFO:root:Epoch no. 282 of 500 (samples: 101559)
INFO:root:Loss: 20.8509 +/- 1.2394
INFO:root:Epoch no. 283 of 500 (samples: 101559)
INFO:root:Loss: 21.3968 +/- 1.0049
INFO:root:Epoch no. 284 of 500 (samples: 101559)
INFO:root:Loss: 21.4555 +/- 0.5677
INFO:root:Epoch no. 285 of 500 (samples: 101559)
INFO:root:Loss: 20.8076 +/- 1.1401
INFO:root:Epoch no. 286 of 500 (samples: 101559)
INFO:root:Loss: 21.0956 +/- 1.1892
INFO:root:Epoch no. 287 of 500 (samples: 101559)
INFO:root:Loss: 20.8397 +/- 1.1364
INFO:root:Epoch no. 288 of 500 (samples: 101559)
INFO:root:Loss: 20.7893 +/- 1.2587
INFO:root:Epoch no. 289 of 500 (samples: 101559)
INFO:root:Loss: 20.7106 +/- 1.0818
INFO:root:Epoch no. 290 of 500 (samples: 101559)
INFO:root:Loss: 21.1651 +/- 0.9771
INFO:root:Epoch no. 291 of 500 (samples: 101559)
INFO:root:Loss: 20.4442 +/- 1.0358
INFO:root:Epoch no. 292 of 500 (samples: 101559)
INFO:root:Loss: 20.352 +/- 1.2531
INFO:root:Epoch no. 293 of 500 (samples: 101559)
INFO:root:Loss: 20.7784 +/- 1.0533
INFO:root:Epoch no. 294 of 500 (samples: 101559)
INFO:root:Loss: 20.2353 +/- 0.7915
INFO:root:Epoch no. 295 of 500 (samples: 101559)
INFO:root:Loss: 19.9558 +/- 0.6437
INFO:root:Epoch no. 296 of 500 (samples: 101559)
INFO:root:Loss: 20.0985 +/- 0.8793
INFO:root:Epoch no. 297 of 500 (samples: 101559)
INFO:root:Loss: 20.5453 +/- 0.9653
INFO:root:Epoch no. 298 of 500 (samples: 101559)
INFO:root:Loss: 20.2126 +/- 1.1846
INFO:root:Epoch no. 299 of 500 (samples: 101559)
INFO:root:Loss: 20.3962 +/- 1.1619
INFO:root:Epoch no. 300 of 500 (samples: 101559)
INFO:root:Loss: 20.3462 +/- 0.9207
INFO:root:Epoch no. 301 of 500 (samples: 101559)
INFO:root:Loss: 20.5357 +/- 0.9463
INFO:root:Epoch no. 302 of 500 (samples: 101559)
INFO:root:Loss: 20.2579 +/- 0.8161
INFO:root:Epoch no. 303 of 500 (samples: 101559)
INFO:root:Loss: 20.2617 +/- 0.668
INFO:root:Epoch no. 304 of 500 (samples: 101559)
INFO:root:Loss: 20.127 +/- 1.2162
INFO:root:Epoch no. 305 of 500 (samples: 101559)
INFO:root:Loss: 19.9453 +/- 0.5899
INFO:root:Epoch no. 306 of 500 (samples: 101559)
INFO:root:Loss: 19.9807 +/- 0.792
INFO:root:Epoch no. 307 of 500 (samples: 101559)
INFO:root:Loss: 20.1732 +/- 0.8653
INFO:root:Epoch no. 308 of 500 (samples: 101559)
INFO:root:Loss: 20.0083 +/- 1.1601
INFO:root:Epoch no. 309 of 500 (samples: 101559)
INFO:root:Loss: 20.6842 +/- 1.0519
INFO:root:Epoch no. 310 of 500 (samples: 101559)
INFO:root:Loss: 19.4973 +/- 0.8947
INFO:root:Epoch no. 311 of 500 (samples: 101559)
INFO:root:Loss: 19.7714 +/- 0.48
INFO:root:Epoch no. 312 of 500 (samples: 101559)
INFO:root:Loss: 19.5518 +/- 0.9015
INFO:root:Epoch no. 313 of 500 (samples: 101559)
INFO:root:Loss: 19.5657 +/- 0.9418
INFO:root:Epoch no. 314 of 500 (samples: 101559)
INFO:root:Loss: 20.2795 +/- 1.3801
INFO:root:Epoch no. 315 of 500 (samples: 101559)
INFO:root:Loss: 19.6079 +/- 0.7545
INFO:root:Epoch no. 316 of 500 (samples: 101559)
INFO:root:Loss: 19.7962 +/- 0.5754
INFO:root:Epoch no. 317 of 500 (samples: 101559)
INFO:root:Loss: 19.8632 +/- 1.2023
INFO:root:Epoch no. 318 of 500 (samples: 101559)
INFO:root:Loss: 19.655 +/- 0.9195
INFO:root:Epoch no. 319 of 500 (samples: 101559)
INFO:root:Loss: 19.8633 +/- 0.7263
INFO:root:Epoch no. 320 of 500 (samples: 101559)
INFO:root:Loss: 19.536 +/- 0.902
INFO:root:Epoch no. 321 of 500 (samples: 101559)
INFO:root:Loss: 19.7022 +/- 0.6502
INFO:root:Epoch no. 322 of 500 (samples: 101559)
INFO:root:Loss: 19.5798 +/- 0.9792
INFO:root:Epoch no. 323 of 500 (samples: 101559)
INFO:root:Loss: 19.643 +/- 0.9803
INFO:root:Epoch no. 324 of 500 (samples: 101559)
INFO:root:Loss: 19.5014 +/- 0.9326
INFO:root:Epoch no. 325 of 500 (samples: 101559)
INFO:root:Loss: 19.7394 +/- 0.8841
INFO:root:Epoch no. 326 of 500 (samples: 101559)
INFO:root:Loss: 19.452 +/- 0.8974
INFO:root:Epoch no. 327 of 500 (samples: 101559)
INFO:root:Loss: 19.8524 +/- 1.0854
INFO:root:Epoch no. 328 of 500 (samples: 101559)
INFO:root:Loss: 18.9748 +/- 1.1985
INFO:root:Epoch no. 329 of 500 (samples: 101559)
INFO:root:Loss: 19.9583 +/- 0.6775
INFO:root:Epoch no. 330 of 500 (samples: 101559)
INFO:root:Loss: 19.4674 +/- 1.1903
INFO:root:Epoch no. 331 of 500 (samples: 101559)
INFO:root:Loss: 19.4087 +/- 1.3105
INFO:root:Epoch no. 332 of 500 (samples: 101559)
INFO:root:Loss: 19.2497 +/- 0.9476
INFO:root:Epoch no. 333 of 500 (samples: 101559)
INFO:root:Loss: 19.2511 +/- 0.986
INFO:root:Epoch no. 334 of 500 (samples: 101559)
INFO:root:Loss: 19.221 +/- 1.0579
INFO:root:Epoch no. 335 of 500 (samples: 101559)
INFO:root:Loss: 19.5905 +/- 1.0695
INFO:root:Epoch no. 336 of 500 (samples: 101559)
INFO:root:Loss: 19.3718 +/- 0.6833
INFO:root:Epoch no. 337 of 500 (samples: 101559)
INFO:root:Loss: 19.4931 +/- 0.8164
INFO:root:Epoch no. 338 of 500 (samples: 101559)
INFO:root:Loss: 19.5308 +/- 0.9329
INFO:root:Epoch no. 339 of 500 (samples: 101559)
INFO:root:Loss: 18.9206 +/- 0.9351
INFO:root:Epoch no. 340 of 500 (samples: 101559)
INFO:root:Loss: 19.5691 +/- 0.8154
INFO:root:Epoch no. 341 of 500 (samples: 101559)
INFO:root:Loss: 19.3281 +/- 0.647
INFO:root:Epoch no. 342 of 500 (samples: 101559)
INFO:root:Loss: 18.9894 +/- 0.6053
INFO:root:Epoch no. 343 of 500 (samples: 101559)
INFO:root:Loss: 19.2321 +/- 0.7627
INFO:root:Epoch no. 344 of 500 (samples: 101559)
INFO:root:Loss: 18.9683 +/- 0.6724
INFO:root:Epoch no. 345 of 500 (samples: 101559)
INFO:root:Loss: 18.7688 +/- 0.6725
INFO:root:Epoch no. 346 of 500 (samples: 101559)
INFO:root:Loss: 18.9562 +/- 0.6553
INFO:root:Epoch no. 347 of 500 (samples: 101559)
INFO:root:Loss: 19.2895 +/- 0.9623
INFO:root:Epoch no. 348 of 500 (samples: 101559)
INFO:root:Loss: 19.3443 +/- 1.1846
INFO:root:Epoch no. 349 of 500 (samples: 101559)
INFO:root:Loss: 18.8035 +/- 1.0696
INFO:root:Epoch no. 350 of 500 (samples: 101559)
INFO:root:Loss: 18.7476 +/- 0.7033
INFO:root:Epoch no. 351 of 500 (samples: 101559)
INFO:root:Loss: 18.7232 +/- 0.6024
INFO:root:Epoch no. 352 of 500 (samples: 101559)
INFO:root:Loss: 19.0291 +/- 0.7085
INFO:root:Epoch no. 353 of 500 (samples: 101559)
INFO:root:Loss: 18.8279 +/- 0.7515
INFO:root:Epoch no. 354 of 500 (samples: 101559)
INFO:root:Loss: 18.9094 +/- 0.817
INFO:root:Epoch no. 355 of 500 (samples: 101559)
INFO:root:Loss: 18.5434 +/- 1.3651
INFO:root:Epoch no. 356 of 500 (samples: 101559)
INFO:root:Loss: 19.0442 +/- 0.9004
INFO:root:Epoch no. 357 of 500 (samples: 101559)
INFO:root:Loss: 18.5126 +/- 0.6903
INFO:root:Epoch no. 358 of 500 (samples: 101559)
INFO:root:Loss: 18.3785 +/- 0.9818
INFO:root:Epoch no. 359 of 500 (samples: 101559)
INFO:root:Loss: 18.6765 +/- 0.8153
INFO:root:Epoch no. 360 of 500 (samples: 101559)
INFO:root:Loss: 18.6991 +/- 0.9301
INFO:root:Epoch no. 361 of 500 (samples: 101559)
INFO:root:Loss: 18.4293 +/- 1.1302
INFO:root:Epoch no. 362 of 500 (samples: 101559)
INFO:root:Loss: 18.5972 +/- 0.7721
INFO:root:Epoch no. 363 of 500 (samples: 101559)
INFO:root:Loss: 18.4571 +/- 0.6103
INFO:root:Epoch no. 364 of 500 (samples: 101559)
INFO:root:Loss: 19.1634 +/- 0.651
INFO:root:Epoch no. 365 of 500 (samples: 101559)
INFO:root:Loss: 18.5072 +/- 1.0523
INFO:root:Epoch no. 366 of 500 (samples: 101559)
INFO:root:Loss: 18.6225 +/- 0.9596
INFO:root:Epoch no. 367 of 500 (samples: 101559)
INFO:root:Loss: 18.5255 +/- 0.9278
INFO:root:Epoch no. 368 of 500 (samples: 101559)
INFO:root:Loss: 19.0562 +/- 1.06
INFO:root:Epoch no. 369 of 500 (samples: 101559)
INFO:root:Loss: 18.8171 +/- 0.911
INFO:root:Epoch no. 370 of 500 (samples: 101559)
INFO:root:Loss: 18.3961 +/- 1.0275
INFO:root:Epoch no. 371 of 500 (samples: 101559)
INFO:root:Loss: 18.1712 +/- 0.8213
INFO:root:Epoch no. 372 of 500 (samples: 101559)
INFO:root:Loss: 18.7723 +/- 0.8814
INFO:root:Epoch no. 373 of 500 (samples: 101559)
INFO:root:Loss: 18.3783 +/- 0.7037
INFO:root:Epoch no. 374 of 500 (samples: 101559)
INFO:root:Loss: 18.4763 +/- 0.6953
INFO:root:Epoch no. 375 of 500 (samples: 101559)
INFO:root:Loss: 18.0708 +/- 0.9569
INFO:root:Epoch no. 376 of 500 (samples: 101559)
INFO:root:Loss: 18.692 +/- 0.8889
INFO:root:Epoch no. 377 of 500 (samples: 101559)
INFO:root:Loss: 18.24 +/- 0.9328
INFO:root:Epoch no. 378 of 500 (samples: 101559)
INFO:root:Loss: 17.9692 +/- 0.6835
INFO:root:Epoch no. 379 of 500 (samples: 101559)
INFO:root:Loss: 18.1961 +/- 0.96
INFO:root:Epoch no. 380 of 500 (samples: 101559)
INFO:root:Loss: 17.6459 +/- 0.9238
INFO:root:Epoch no. 381 of 500 (samples: 101559)
INFO:root:Loss: 18.3077 +/- 0.9572
INFO:root:Epoch no. 382 of 500 (samples: 101559)
INFO:root:Loss: 18.1639 +/- 0.9767
INFO:root:Epoch no. 383 of 500 (samples: 101559)
INFO:root:Loss: 17.8504 +/- 0.6952
INFO:root:Epoch no. 384 of 500 (samples: 101559)
INFO:root:Loss: 17.8057 +/- 0.8494
INFO:root:Epoch no. 385 of 500 (samples: 101559)
INFO:root:Loss: 18.2485 +/- 0.9914
INFO:root:Epoch no. 386 of 500 (samples: 101559)
INFO:root:Loss: 18.0355 +/- 1.0605
INFO:root:Epoch no. 387 of 500 (samples: 101559)
INFO:root:Loss: 17.8673 +/- 0.5711
INFO:root:Epoch no. 388 of 500 (samples: 101559)
INFO:root:Loss: 18.1018 +/- 0.7663
INFO:root:Epoch no. 389 of 500 (samples: 101559)
INFO:root:Loss: 18.1154 +/- 1.3403
INFO:root:Epoch no. 390 of 500 (samples: 101559)
INFO:root:Loss: 18.1575 +/- 0.6955
INFO:root:Epoch no. 391 of 500 (samples: 101559)
INFO:root:Loss: 18.2947 +/- 0.7762
INFO:root:Epoch no. 392 of 500 (samples: 101559)
INFO:root:Loss: 17.524 +/- 0.6733
INFO:root:Epoch no. 393 of 500 (samples: 101559)
INFO:root:Loss: 17.8513 +/- 0.9025
INFO:root:Epoch no. 394 of 500 (samples: 101559)
INFO:root:Loss: 18.0307 +/- 0.754
INFO:root:Epoch no. 395 of 500 (samples: 101559)
INFO:root:Loss: 17.6644 +/- 1.0867
INFO:root:Epoch no. 396 of 500 (samples: 101559)
INFO:root:Loss: 18.2676 +/- 0.8409
INFO:root:Epoch no. 397 of 500 (samples: 101559)
INFO:root:Loss: 17.9632 +/- 0.862
INFO:root:Epoch no. 398 of 500 (samples: 101559)
INFO:root:Loss: 17.528 +/- 0.5485
INFO:root:Epoch no. 399 of 500 (samples: 101559)
INFO:root:Loss: 17.7431 +/- 0.8858
INFO:root:Epoch no. 400 of 500 (samples: 101559)
INFO:root:Loss: 17.9833 +/- 0.9935
INFO:root:Epoch no. 401 of 500 (samples: 101559)
INFO:root:Loss: 17.8725 +/- 0.5825
INFO:root:Epoch no. 402 of 500 (samples: 101559)
INFO:root:Loss: 17.9689 +/- 0.9423
INFO:root:Epoch no. 403 of 500 (samples: 101559)
INFO:root:Loss: 17.702 +/- 0.7366
INFO:root:Epoch no. 404 of 500 (samples: 101559)
INFO:root:Loss: 17.5888 +/- 0.9731
INFO:root:Epoch no. 405 of 500 (samples: 101559)
INFO:root:Loss: 17.4307 +/- 0.7018
INFO:root:Epoch no. 406 of 500 (samples: 101559)
INFO:root:Loss: 17.4778 +/- 1.0875
INFO:root:Epoch no. 407 of 500 (samples: 101559)
INFO:root:Loss: 17.7878 +/- 0.8741
INFO:root:Epoch no. 408 of 500 (samples: 101559)
INFO:root:Loss: 17.7772 +/- 0.9267
INFO:root:Epoch no. 409 of 500 (samples: 101559)
INFO:root:Loss: 17.6861 +/- 0.7082
INFO:root:Epoch no. 410 of 500 (samples: 101559)
INFO:root:Loss: 17.6219 +/- 1.2535
INFO:root:Epoch no. 411 of 500 (samples: 101559)
INFO:root:Loss: 17.9145 +/- 0.741
INFO:root:Epoch no. 412 of 500 (samples: 101559)
INFO:root:Loss: 17.5084 +/- 0.6635
INFO:root:Epoch no. 413 of 500 (samples: 101559)
INFO:root:Loss: 17.6471 +/- 0.5757
INFO:root:Epoch no. 414 of 500 (samples: 101559)
INFO:root:Loss: 17.9327 +/- 0.8555
INFO:root:Epoch no. 415 of 500 (samples: 101559)
INFO:root:Loss: 17.5626 +/- 0.6705
INFO:root:Epoch no. 416 of 500 (samples: 101559)
INFO:root:Loss: 17.3764 +/- 0.7988
INFO:root:Epoch no. 417 of 500 (samples: 101559)
INFO:root:Loss: 17.4152 +/- 0.8097
INFO:root:Epoch no. 418 of 500 (samples: 101559)
INFO:root:Loss: 17.4126 +/- 0.8662
INFO:root:Epoch no. 419 of 500 (samples: 101559)
INFO:root:Loss: 17.4126 +/- 0.5515
INFO:root:Epoch no. 420 of 500 (samples: 101559)
INFO:root:Loss: 17.6434 +/- 0.9835
INFO:root:Epoch no. 421 of 500 (samples: 101559)
INFO:root:Loss: 17.5589 +/- 0.3986
INFO:root:Epoch no. 422 of 500 (samples: 101559)
INFO:root:Loss: 16.9427 +/- 0.8201
INFO:root:Epoch no. 423 of 500 (samples: 101559)
INFO:root:Loss: 17.3294 +/- 0.7047
INFO:root:Epoch no. 424 of 500 (samples: 101559)
INFO:root:Loss: 17.5607 +/- 0.9362
INFO:root:Epoch no. 425 of 500 (samples: 101559)
INFO:root:Loss: 17.4416 +/- 1.2285
INFO:root:Epoch no. 426 of 500 (samples: 101559)
INFO:root:Loss: 17.4093 +/- 0.8174
INFO:root:Epoch no. 427 of 500 (samples: 101559)
INFO:root:Loss: 17.7528 +/- 0.9597
INFO:root:Epoch no. 428 of 500 (samples: 101559)
INFO:root:Loss: 17.6158 +/- 0.731
INFO:root:Epoch no. 429 of 500 (samples: 101559)
INFO:root:Loss: 17.3436 +/- 0.5678
INFO:root:Epoch no. 430 of 500 (samples: 101559)
INFO:root:Loss: 17.3756 +/- 1.1341
INFO:root:Epoch no. 431 of 500 (samples: 101559)
INFO:root:Loss: 17.365 +/- 0.6491
INFO:root:Epoch no. 432 of 500 (samples: 101559)
INFO:root:Loss: 17.2025 +/- 0.6174
INFO:root:Epoch no. 433 of 500 (samples: 101559)
INFO:root:Loss: 17.103 +/- 0.7906
INFO:root:Epoch no. 434 of 500 (samples: 101559)
INFO:root:Loss: 16.8705 +/- 0.7557
INFO:root:Epoch no. 435 of 500 (samples: 101559)
INFO:root:Loss: 17.0538 +/- 0.4831
INFO:root:Epoch no. 436 of 500 (samples: 101559)
INFO:root:Loss: 17.27 +/- 1.1247
INFO:root:Epoch no. 437 of 500 (samples: 101559)
INFO:root:Loss: 17.5386 +/- 0.9156
INFO:root:Epoch no. 438 of 500 (samples: 101559)
INFO:root:Loss: 16.9751 +/- 1.096
INFO:root:Epoch no. 439 of 500 (samples: 101559)
INFO:root:Loss: 17.0651 +/- 0.8939
INFO:root:Epoch no. 440 of 500 (samples: 101559)
INFO:root:Loss: 17.3661 +/- 0.486
INFO:root:Epoch no. 441 of 500 (samples: 101559)
INFO:root:Loss: 16.8862 +/- 0.7314
INFO:root:Epoch no. 442 of 500 (samples: 101559)
INFO:root:Loss: 17.2022 +/- 0.8089
INFO:root:Epoch no. 443 of 500 (samples: 101559)
INFO:root:Loss: 17.423 +/- 0.6484
INFO:root:Epoch no. 444 of 500 (samples: 101559)
INFO:root:Loss: 17.1192 +/- 0.8999
INFO:root:Epoch no. 445 of 500 (samples: 101559)
INFO:root:Loss: 17.2056 +/- 1.2146
INFO:root:Epoch no. 446 of 500 (samples: 101559)
INFO:root:Loss: 16.9665 +/- 0.7312
INFO:root:Epoch no. 447 of 500 (samples: 101559)
INFO:root:Loss: 16.7102 +/- 0.6902
INFO:root:Epoch no. 448 of 500 (samples: 101559)
INFO:root:Loss: 17.2053 +/- 1.1101
INFO:root:Epoch no. 449 of 500 (samples: 101559)
INFO:root:Loss: 16.7595 +/- 0.8496
INFO:root:Epoch no. 450 of 500 (samples: 101559)
INFO:root:Loss: 16.8099 +/- 0.9567
INFO:root:Epoch no. 451 of 500 (samples: 101559)
INFO:root:Loss: 17.1833 +/- 0.6624
INFO:root:Epoch no. 452 of 500 (samples: 101559)
INFO:root:Loss: 16.8686 +/- 0.4993
INFO:root:Epoch no. 453 of 500 (samples: 101559)
INFO:root:Loss: 16.9712 +/- 0.9156
INFO:root:Epoch no. 454 of 500 (samples: 101559)
INFO:root:Loss: 17.0474 +/- 0.7851
INFO:root:Epoch no. 455 of 500 (samples: 101559)
INFO:root:Loss: 16.9899 +/- 1.1225
INFO:root:Epoch no. 456 of 500 (samples: 101559)
INFO:root:Loss: 17.0568 +/- 0.8136
INFO:root:Epoch no. 457 of 500 (samples: 101559)
INFO:root:Loss: 16.5732 +/- 0.8579
INFO:root:Epoch no. 458 of 500 (samples: 101559)
INFO:root:Loss: 16.5923 +/- 1.0636
INFO:root:Epoch no. 459 of 500 (samples: 101559)
INFO:root:Loss: 17.0127 +/- 0.9054
INFO:root:Epoch no. 460 of 500 (samples: 101559)
INFO:root:Loss: 17.147 +/- 0.9953
INFO:root:Epoch no. 461 of 500 (samples: 101559)
INFO:root:Loss: 16.8659 +/- 0.8263
INFO:root:Epoch no. 462 of 500 (samples: 101559)
INFO:root:Loss: 17.0945 +/- 0.8383
INFO:root:Epoch no. 463 of 500 (samples: 101559)
INFO:root:Loss: 17.0229 +/- 0.7652
INFO:root:Epoch no. 464 of 500 (samples: 101559)
INFO:root:Loss: 16.4759 +/- 1.0584
INFO:root:Epoch no. 465 of 500 (samples: 101559)
INFO:root:Loss: 16.7897 +/- 0.7321
INFO:root:Epoch no. 466 of 500 (samples: 101559)
INFO:root:Loss: 16.6864 +/- 0.6558
INFO:root:Epoch no. 467 of 500 (samples: 101559)
INFO:root:Loss: 16.577 +/- 0.8235
INFO:root:Epoch no. 468 of 500 (samples: 101559)
INFO:root:Loss: 16.5269 +/- 1.124
INFO:root:Epoch no. 469 of 500 (samples: 101559)
INFO:root:Loss: 16.6202 +/- 0.7769
INFO:root:Epoch no. 470 of 500 (samples: 101559)
INFO:root:Loss: 17.0667 +/- 0.9202
INFO:root:Epoch no. 471 of 500 (samples: 101559)
INFO:root:Loss: 16.9278 +/- 0.9641
INFO:root:Epoch no. 472 of 500 (samples: 101559)
INFO:root:Loss: 16.7809 +/- 0.6783
INFO:root:Epoch no. 473 of 500 (samples: 101559)
INFO:root:Loss: 16.7022 +/- 0.9913
INFO:root:Epoch no. 474 of 500 (samples: 101559)
INFO:root:Loss: 16.8841 +/- 0.7913
INFO:root:Epoch no. 475 of 500 (samples: 101559)
INFO:root:Loss: 16.8595 +/- 0.7777
INFO:root:Epoch no. 476 of 500 (samples: 101559)
INFO:root:Loss: 16.5507 +/- 0.7798
INFO:root:Epoch no. 477 of 500 (samples: 101559)
INFO:root:Loss: 16.8942 +/- 0.8596
INFO:root:Epoch no. 478 of 500 (samples: 101559)
INFO:root:Loss: 16.2789 +/- 0.7151
INFO:root:Epoch no. 479 of 500 (samples: 101559)
INFO:root:Loss: 17.4498 +/- 1.0292
INFO:root:Epoch no. 480 of 500 (samples: 101559)
INFO:root:Loss: 16.4838 +/- 0.7763
INFO:root:Epoch no. 481 of 500 (samples: 101559)
INFO:root:Loss: 16.063 +/- 0.7375
INFO:root:Epoch no. 482 of 500 (samples: 101559)
INFO:root:Loss: 16.653 +/- 0.5034
INFO:root:Epoch no. 483 of 500 (samples: 101559)
INFO:root:Loss: 16.2502 +/- 0.8581
INFO:root:Epoch no. 484 of 500 (samples: 101559)
INFO:root:Loss: 16.8578 +/- 0.6625
INFO:root:Epoch no. 485 of 500 (samples: 101559)
INFO:root:Loss: 16.185 +/- 0.8541
INFO:root:Epoch no. 486 of 500 (samples: 101559)
INFO:root:Loss: 16.9135 +/- 0.7166
INFO:root:Epoch no. 487 of 500 (samples: 101559)
INFO:root:Loss: 16.279 +/- 0.8885
INFO:root:Epoch no. 488 of 500 (samples: 101559)
INFO:root:Loss: 16.734 +/- 0.4119
INFO:root:Epoch no. 489 of 500 (samples: 101559)
INFO:root:Loss: 16.2094 +/- 1.049
INFO:root:Epoch no. 490 of 500 (samples: 101559)
INFO:root:Loss: 16.0785 +/- 0.6932
INFO:root:Epoch no. 491 of 500 (samples: 101559)
INFO:root:Loss: 17.0478 +/- 0.8765
INFO:root:Epoch no. 492 of 500 (samples: 101559)
INFO:root:Loss: 16.5541 +/- 0.6881
INFO:root:Epoch no. 493 of 500 (samples: 101559)
INFO:root:Loss: 16.0163 +/- 0.7885
INFO:root:Epoch no. 494 of 500 (samples: 101559)
INFO:root:Loss: 16.4723 +/- 0.9187
INFO:root:Epoch no. 495 of 500 (samples: 101559)
INFO:root:Loss: 16.549 +/- 0.8544
INFO:root:Epoch no. 496 of 500 (samples: 101559)
INFO:root:Loss: 16.1615 +/- 0.6187
INFO:root:Epoch no. 497 of 500 (samples: 101559)
INFO:root:Loss: 17.0527 +/- 0.9055
INFO:root:Epoch no. 498 of 500 (samples: 101559)
INFO:root:Loss: 16.3708 +/- 0.5759
INFO:root:Epoch no. 499 of 500 (samples: 101559)
INFO:root:Loss: 16.6161 +/- 0.4791
INFO:root:Epoch no. 500 of 500 (samples: 101559)
INFO:root:Loss: 16.3712 +/- 0.9959
/home/insight/.local/lib/python3.4/site-packages/Keras-1.0.1-py3.4.egg/keras/backend/theano_backend.py:489: UserWarning: theano.function was asked to create a function computing outputs given certain inputs, but the provided input variable at index 2 is not part of the computational graph needed to compute the outputs: keras_learning_phase.
To make this warning into an error, you can pass the parameter on_unused_input='raise' to theano.function. To disable it completely, use on_unused_input='ignore'.
  **kwargs)
INFO:root:### MICRO (validation raw):
INFO:root:	-- left   >> mean: 129406.417, median: 127214.5, mrr: 0.022, hits@1: 1.46%
INFO:root:	-- right  >> mean: 140196.7934, median: 141995.0, mrr: 0.029, hits@1: 1.68%
INFO:root:	-- global >> mean: 134801.6052, median: 132354.5, mrr: 0.026, hits@1: 1.57%
INFO:root:### MICRO (validation raw):
INFO:root:	-- left   >> mean: 129406.417, median: 127214.5, mrr: 0.022, hits@3: 2.56%
INFO:root:	-- right  >> mean: 140196.7934, median: 141995.0, mrr: 0.029, hits@3: 3.22%
INFO:root:	-- global >> mean: 134801.6052, median: 132354.5, mrr: 0.026, hits@3: 2.89%
INFO:root:### MICRO (validation raw):
INFO:root:	-- left   >> mean: 129406.417, median: 127214.5, mrr: 0.022, hits@5: 3.0%
INFO:root:	-- right  >> mean: 140196.7934, median: 141995.0, mrr: 0.029, hits@5: 4.14%
INFO:root:	-- global >> mean: 134801.6052, median: 132354.5, mrr: 0.026, hits@5: 3.57%
INFO:root:### MICRO (validation raw):
INFO:root:	-- left   >> mean: 129406.417, median: 127214.5, mrr: 0.022, hits@10: 3.64%
INFO:root:	-- right  >> mean: 140196.7934, median: 141995.0, mrr: 0.029, hits@10: 5.22%
INFO:root:	-- global >> mean: 134801.6052, median: 132354.5, mrr: 0.026, hits@10: 4.43%
INFO:root:### MICRO (validation filtered):
INFO:root:	-- left   >> mean: 129147.8612, median: 126889.0, mrr: 0.025, hits@1: 1.74%
INFO:root:	-- right  >> mean: 140196.5826, median: 141994.5, mrr: 0.033, hits@1: 2.14%
INFO:root:	-- global >> mean: 134672.2219, median: 132195.0, mrr: 0.029, hits@1: 1.94%
INFO:root:### MICRO (validation filtered):
INFO:root:	-- left   >> mean: 129147.8612, median: 126889.0, mrr: 0.025, hits@3: 2.9%
INFO:root:	-- right  >> mean: 140196.5826, median: 141994.5, mrr: 0.033, hits@3: 3.62%
INFO:root:	-- global >> mean: 134672.2219, median: 132195.0, mrr: 0.029, hits@3: 3.26%
INFO:root:### MICRO (validation filtered):
INFO:root:	-- left   >> mean: 129147.8612, median: 126889.0, mrr: 0.025, hits@5: 3.36%
INFO:root:	-- right  >> mean: 140196.5826, median: 141994.5, mrr: 0.033, hits@5: 4.36%
INFO:root:	-- global >> mean: 134672.2219, median: 132195.0, mrr: 0.029, hits@5: 3.86%
INFO:root:### MICRO (validation filtered):
INFO:root:	-- left   >> mean: 129147.8612, median: 126889.0, mrr: 0.025, hits@10: 3.92%
INFO:root:	-- right  >> mean: 140196.5826, median: 141994.5, mrr: 0.033, hits@10: 5.34%
INFO:root:	-- global >> mean: 134672.2219, median: 132195.0, mrr: 0.029, hits@10: 4.63%
INFO:root:### MICRO (test raw):
INFO:root:	-- left   >> mean: 128914.8144, median: 126568.5, mrr: 0.024, hits@1: 1.66%
INFO:root:	-- right  >> mean: 139293.4782, median: 138667.0, mrr: 0.033, hits@1: 1.9%
INFO:root:	-- global >> mean: 134104.1463, median: 132059.0, mrr: 0.028, hits@1: 1.78%
INFO:root:### MICRO (test raw):
INFO:root:	-- left   >> mean: 128914.8144, median: 126568.5, mrr: 0.024, hits@3: 2.76%
INFO:root:	-- right  >> mean: 139293.4782, median: 138667.0, mrr: 0.033, hits@3: 3.64%
INFO:root:	-- global >> mean: 134104.1463, median: 132059.0, mrr: 0.028, hits@3: 3.2%
INFO:root:### MICRO (test raw):
INFO:root:	-- left   >> mean: 128914.8144, median: 126568.5, mrr: 0.024, hits@5: 3.34%
INFO:root:	-- right  >> mean: 139293.4782, median: 138667.0, mrr: 0.033, hits@5: 4.46%
INFO:root:	-- global >> mean: 134104.1463, median: 132059.0, mrr: 0.028, hits@5: 3.9%
INFO:root:### MICRO (test raw):
INFO:root:	-- left   >> mean: 128914.8144, median: 126568.5, mrr: 0.024, hits@10: 3.98%
INFO:root:	-- right  >> mean: 139293.4782, median: 138667.0, mrr: 0.033, hits@10: 5.88%
INFO:root:	-- global >> mean: 134104.1463, median: 132059.0, mrr: 0.028, hits@10: 4.93%
INFO:root:### MICRO (test filtered):
INFO:root:	-- left   >> mean: 128661.3782, median: 126215.5, mrr: 0.027, hits@1: 1.96%
INFO:root:	-- right  >> mean: 139293.2554, median: 138667.5, mrr: 0.036, hits@1: 2.28%
INFO:root:	-- global >> mean: 133977.3168, median: 131899.0, mrr: 0.032, hits@1: 2.12%
INFO:root:### MICRO (test filtered):
INFO:root:	-- left   >> mean: 128661.3782, median: 126215.5, mrr: 0.027, hits@3: 3.04%
INFO:root:	-- right  >> mean: 139293.2554, median: 138667.5, mrr: 0.036, hits@3: 4.08%
INFO:root:	-- global >> mean: 133977.3168, median: 131899.0, mrr: 0.032, hits@3: 3.56%
INFO:root:### MICRO (test filtered):
INFO:root:	-- left   >> mean: 128661.3782, median: 126215.5, mrr: 0.027, hits@5: 3.72%
INFO:root:	-- right  >> mean: 139293.2554, median: 138667.5, mrr: 0.036, hits@5: 4.8%
INFO:root:	-- global >> mean: 133977.3168, median: 131899.0, mrr: 0.032, hits@5: 4.26%
INFO:root:### MICRO (test filtered):
INFO:root:	-- left   >> mean: 128661.3782, median: 126215.5, mrr: 0.027, hits@10: 4.24%
INFO:root:	-- right  >> mean: 139293.2554, median: 138667.5, mrr: 0.036, hits@10: 6.1%
INFO:root:	-- global >> mean: 133977.3168, median: 131899.0, mrr: 0.032, hits@10: 5.17%
