Using Theano backend.
INFO:root:Samples: 483142, no. batches: 10 -> batch size: 48315
INFO:root:Epoch no. 1 of 500 (samples: 483142)
INFO:root:Loss: 2.4877 +/- 0.5067
INFO:root:Epoch no. 2 of 500 (samples: 483142)
INFO:root:Loss: 2.0852 +/- 0.0205
INFO:root:Epoch no. 3 of 500 (samples: 483142)
INFO:root:Loss: 2.0382 +/- 0.0216
INFO:root:Epoch no. 4 of 500 (samples: 483142)
INFO:root:Loss: 2.0034 +/- 0.0286
INFO:root:Epoch no. 5 of 500 (samples: 483142)
INFO:root:Loss: 1.9802 +/- 0.0331
INFO:root:Epoch no. 6 of 500 (samples: 483142)
INFO:root:Loss: 1.9594 +/- 0.0336
INFO:root:Epoch no. 7 of 500 (samples: 483142)
INFO:root:Loss: 1.9416 +/- 0.0364
INFO:root:Epoch no. 8 of 500 (samples: 483142)
INFO:root:Loss: 1.9265 +/- 0.0358
INFO:root:Epoch no. 9 of 500 (samples: 483142)
INFO:root:Loss: 1.9157 +/- 0.0371
INFO:root:Epoch no. 10 of 500 (samples: 483142)
INFO:root:Loss: 1.9045 +/- 0.0374
INFO:root:Epoch no. 11 of 500 (samples: 483142)
INFO:root:Loss: 1.8936 +/- 0.0379
INFO:root:Epoch no. 12 of 500 (samples: 483142)
INFO:root:Loss: 1.8847 +/- 0.0393
INFO:root:Epoch no. 13 of 500 (samples: 483142)
INFO:root:Loss: 1.8767 +/- 0.0393
INFO:root:Epoch no. 14 of 500 (samples: 483142)
INFO:root:Loss: 1.8681 +/- 0.0373
INFO:root:Epoch no. 15 of 500 (samples: 483142)
INFO:root:Loss: 1.8612 +/- 0.0402
INFO:root:Epoch no. 16 of 500 (samples: 483142)
INFO:root:Loss: 1.8559 +/- 0.0398
INFO:root:Epoch no. 17 of 500 (samples: 483142)
INFO:root:Loss: 1.8511 +/- 0.0414
INFO:root:Epoch no. 18 of 500 (samples: 483142)
INFO:root:Loss: 1.844 +/- 0.0404
INFO:root:Epoch no. 19 of 500 (samples: 483142)
INFO:root:Loss: 1.8386 +/- 0.0375
INFO:root:Epoch no. 20 of 500 (samples: 483142)
INFO:root:Loss: 1.8333 +/- 0.0399
INFO:root:Epoch no. 21 of 500 (samples: 483142)
INFO:root:Loss: 1.8301 +/- 0.0414
INFO:root:Epoch no. 22 of 500 (samples: 483142)
INFO:root:Loss: 1.8229 +/- 0.0409
INFO:root:Epoch no. 23 of 500 (samples: 483142)
INFO:root:Loss: 1.8204 +/- 0.0404
INFO:root:Epoch no. 24 of 500 (samples: 483142)
INFO:root:Loss: 1.8177 +/- 0.0401
INFO:root:Epoch no. 25 of 500 (samples: 483142)
INFO:root:Loss: 1.813 +/- 0.0408
INFO:root:Epoch no. 26 of 500 (samples: 483142)
INFO:root:Loss: 1.8093 +/- 0.0419
INFO:root:Epoch no. 27 of 500 (samples: 483142)
INFO:root:Loss: 1.8069 +/- 0.0385
INFO:root:Epoch no. 28 of 500 (samples: 483142)
INFO:root:Loss: 1.8018 +/- 0.0416
INFO:root:Epoch no. 29 of 500 (samples: 483142)
INFO:root:Loss: 1.7993 +/- 0.0403
INFO:root:Epoch no. 30 of 500 (samples: 483142)
INFO:root:Loss: 1.7952 +/- 0.0375
INFO:root:Epoch no. 31 of 500 (samples: 483142)
INFO:root:Loss: 1.7945 +/- 0.0376
INFO:root:Epoch no. 32 of 500 (samples: 483142)
INFO:root:Loss: 1.7913 +/- 0.0387
INFO:root:Epoch no. 33 of 500 (samples: 483142)
INFO:root:Loss: 1.7897 +/- 0.0363
INFO:root:Epoch no. 34 of 500 (samples: 483142)
INFO:root:Loss: 1.7852 +/- 0.038
INFO:root:Epoch no. 35 of 500 (samples: 483142)
INFO:root:Loss: 1.7832 +/- 0.0361
INFO:root:Epoch no. 36 of 500 (samples: 483142)
INFO:root:Loss: 1.7802 +/- 0.0382
INFO:root:Epoch no. 37 of 500 (samples: 483142)
INFO:root:Loss: 1.7799 +/- 0.0373
INFO:root:Epoch no. 38 of 500 (samples: 483142)
INFO:root:Loss: 1.7758 +/- 0.038
INFO:root:Epoch no. 39 of 500 (samples: 483142)
INFO:root:Loss: 1.7743 +/- 0.0359
INFO:root:Epoch no. 40 of 500 (samples: 483142)
INFO:root:Loss: 1.7721 +/- 0.0388
INFO:root:Epoch no. 41 of 500 (samples: 483142)
INFO:root:Loss: 1.7704 +/- 0.0355
INFO:root:Epoch no. 42 of 500 (samples: 483142)
INFO:root:Loss: 1.7687 +/- 0.0345
INFO:root:Epoch no. 43 of 500 (samples: 483142)
INFO:root:Loss: 1.7673 +/- 0.0379
INFO:root:Epoch no. 44 of 500 (samples: 483142)
INFO:root:Loss: 1.763 +/- 0.037
INFO:root:Epoch no. 45 of 500 (samples: 483142)
INFO:root:Loss: 1.7643 +/- 0.038
INFO:root:Epoch no. 46 of 500 (samples: 483142)
INFO:root:Loss: 1.7611 +/- 0.0385
INFO:root:Epoch no. 47 of 500 (samples: 483142)
INFO:root:Loss: 1.7581 +/- 0.0346
INFO:root:Epoch no. 48 of 500 (samples: 483142)
INFO:root:Loss: 1.7581 +/- 0.0368
INFO:root:Epoch no. 49 of 500 (samples: 483142)
INFO:root:Loss: 1.7575 +/- 0.0362
INFO:root:Epoch no. 50 of 500 (samples: 483142)
INFO:root:Loss: 1.7539 +/- 0.0347
INFO:root:Epoch no. 51 of 500 (samples: 483142)
INFO:root:Loss: 1.7547 +/- 0.0371
INFO:root:Epoch no. 52 of 500 (samples: 483142)
INFO:root:Loss: 1.7508 +/- 0.0351
INFO:root:Epoch no. 53 of 500 (samples: 483142)
INFO:root:Loss: 1.7509 +/- 0.0345
INFO:root:Epoch no. 54 of 500 (samples: 483142)
INFO:root:Loss: 1.7484 +/- 0.0363
INFO:root:Epoch no. 55 of 500 (samples: 483142)
INFO:root:Loss: 1.7484 +/- 0.0356
INFO:root:Epoch no. 56 of 500 (samples: 483142)
INFO:root:Loss: 1.748 +/- 0.0352
INFO:root:Epoch no. 57 of 500 (samples: 483142)
INFO:root:Loss: 1.7458 +/- 0.035
INFO:root:Epoch no. 58 of 500 (samples: 483142)
INFO:root:Loss: 1.7448 +/- 0.0325
INFO:root:Epoch no. 59 of 500 (samples: 483142)
INFO:root:Loss: 1.7456 +/- 0.0335
INFO:root:Epoch no. 60 of 500 (samples: 483142)
INFO:root:Loss: 1.7415 +/- 0.0349
INFO:root:Epoch no. 61 of 500 (samples: 483142)
INFO:root:Loss: 1.7404 +/- 0.0337
INFO:root:Epoch no. 62 of 500 (samples: 483142)
INFO:root:Loss: 1.7387 +/- 0.0358
INFO:root:Epoch no. 63 of 500 (samples: 483142)
INFO:root:Loss: 1.7381 +/- 0.0355
INFO:root:Epoch no. 64 of 500 (samples: 483142)
INFO:root:Loss: 1.7361 +/- 0.0342
INFO:root:Epoch no. 65 of 500 (samples: 483142)
INFO:root:Loss: 1.7361 +/- 0.0331
INFO:root:Epoch no. 66 of 500 (samples: 483142)
INFO:root:Loss: 1.7369 +/- 0.0355
INFO:root:Epoch no. 67 of 500 (samples: 483142)
INFO:root:Loss: 1.7347 +/- 0.0338
INFO:root:Epoch no. 68 of 500 (samples: 483142)
INFO:root:Loss: 1.733 +/- 0.0321
INFO:root:Epoch no. 69 of 500 (samples: 483142)
INFO:root:Loss: 1.7323 +/- 0.0331
INFO:root:Epoch no. 70 of 500 (samples: 483142)
INFO:root:Loss: 1.7309 +/- 0.034
INFO:root:Epoch no. 71 of 500 (samples: 483142)
INFO:root:Loss: 1.7291 +/- 0.0317
INFO:root:Epoch no. 72 of 500 (samples: 483142)
INFO:root:Loss: 1.7279 +/- 0.0332
INFO:root:Epoch no. 73 of 500 (samples: 483142)
INFO:root:Loss: 1.7292 +/- 0.0352
INFO:root:Epoch no. 74 of 500 (samples: 483142)
INFO:root:Loss: 1.7286 +/- 0.0362
INFO:root:Epoch no. 75 of 500 (samples: 483142)
INFO:root:Loss: 1.7266 +/- 0.0331
INFO:root:Epoch no. 76 of 500 (samples: 483142)
INFO:root:Loss: 1.7262 +/- 0.0323
INFO:root:Epoch no. 77 of 500 (samples: 483142)
INFO:root:Loss: 1.7253 +/- 0.0332
INFO:root:Epoch no. 78 of 500 (samples: 483142)
INFO:root:Loss: 1.7242 +/- 0.0341
INFO:root:Epoch no. 79 of 500 (samples: 483142)
INFO:root:Loss: 1.7231 +/- 0.0317
INFO:root:Epoch no. 80 of 500 (samples: 483142)
INFO:root:Loss: 1.7221 +/- 0.0339
INFO:root:Epoch no. 81 of 500 (samples: 483142)
INFO:root:Loss: 1.722 +/- 0.032
INFO:root:Epoch no. 82 of 500 (samples: 483142)
INFO:root:Loss: 1.7221 +/- 0.0299
INFO:root:Epoch no. 83 of 500 (samples: 483142)
INFO:root:Loss: 1.7201 +/- 0.0335
INFO:root:Epoch no. 84 of 500 (samples: 483142)
INFO:root:Loss: 1.7201 +/- 0.0295
INFO:root:Epoch no. 85 of 500 (samples: 483142)
INFO:root:Loss: 1.7188 +/- 0.0299
INFO:root:Epoch no. 86 of 500 (samples: 483142)
INFO:root:Loss: 1.7176 +/- 0.0317
INFO:root:Epoch no. 87 of 500 (samples: 483142)
INFO:root:Loss: 1.7181 +/- 0.03
INFO:root:Epoch no. 88 of 500 (samples: 483142)
INFO:root:Loss: 1.7172 +/- 0.0309
INFO:root:Epoch no. 89 of 500 (samples: 483142)
INFO:root:Loss: 1.7177 +/- 0.0292
INFO:root:Epoch no. 90 of 500 (samples: 483142)
INFO:root:Loss: 1.7148 +/- 0.033
INFO:root:Epoch no. 91 of 500 (samples: 483142)
INFO:root:Loss: 1.7151 +/- 0.0319
INFO:root:Epoch no. 92 of 500 (samples: 483142)
INFO:root:Loss: 1.7143 +/- 0.0318
INFO:root:Epoch no. 93 of 500 (samples: 483142)
INFO:root:Loss: 1.714 +/- 0.031
INFO:root:Epoch no. 94 of 500 (samples: 483142)
INFO:root:Loss: 1.7121 +/- 0.0318
INFO:root:Epoch no. 95 of 500 (samples: 483142)
INFO:root:Loss: 1.7119 +/- 0.0321
INFO:root:Epoch no. 96 of 500 (samples: 483142)
INFO:root:Loss: 1.7113 +/- 0.0319
INFO:root:Epoch no. 97 of 500 (samples: 483142)
INFO:root:Loss: 1.7116 +/- 0.0291
INFO:root:Epoch no. 98 of 500 (samples: 483142)
INFO:root:Loss: 1.7106 +/- 0.0271
INFO:root:Epoch no. 99 of 500 (samples: 483142)
INFO:root:Loss: 1.7097 +/- 0.0312
INFO:root:Epoch no. 100 of 500 (samples: 483142)
INFO:root:Loss: 1.709 +/- 0.0304
INFO:root:Epoch no. 101 of 500 (samples: 483142)
INFO:root:Loss: 1.7089 +/- 0.0312
INFO:root:Epoch no. 102 of 500 (samples: 483142)
INFO:root:Loss: 1.708 +/- 0.032
INFO:root:Epoch no. 103 of 500 (samples: 483142)
INFO:root:Loss: 1.708 +/- 0.0301
INFO:root:Epoch no. 104 of 500 (samples: 483142)
INFO:root:Loss: 1.7065 +/- 0.0311
INFO:root:Epoch no. 105 of 500 (samples: 483142)
INFO:root:Loss: 1.7079 +/- 0.0322
INFO:root:Epoch no. 106 of 500 (samples: 483142)
INFO:root:Loss: 1.7065 +/- 0.0303
INFO:root:Epoch no. 107 of 500 (samples: 483142)
INFO:root:Loss: 1.7049 +/- 0.0275
INFO:root:Epoch no. 108 of 500 (samples: 483142)
INFO:root:Loss: 1.7044 +/- 0.0283
INFO:root:Epoch no. 109 of 500 (samples: 483142)
INFO:root:Loss: 1.7044 +/- 0.0305
INFO:root:Epoch no. 110 of 500 (samples: 483142)
INFO:root:Loss: 1.7029 +/- 0.0285
INFO:root:Epoch no. 111 of 500 (samples: 483142)
INFO:root:Loss: 1.7018 +/- 0.0284
INFO:root:Epoch no. 112 of 500 (samples: 483142)
INFO:root:Loss: 1.7034 +/- 0.0285
INFO:root:Epoch no. 113 of 500 (samples: 483142)
INFO:root:Loss: 1.7023 +/- 0.0304
INFO:root:Epoch no. 114 of 500 (samples: 483142)
INFO:root:Loss: 1.7019 +/- 0.0311
INFO:root:Epoch no. 115 of 500 (samples: 483142)
INFO:root:Loss: 1.7018 +/- 0.0299
INFO:root:Epoch no. 116 of 500 (samples: 483142)
INFO:root:Loss: 1.7011 +/- 0.0284
INFO:root:Epoch no. 117 of 500 (samples: 483142)
INFO:root:Loss: 1.702 +/- 0.0276
INFO:root:Epoch no. 118 of 500 (samples: 483142)
INFO:root:Loss: 1.7 +/- 0.0294
INFO:root:Epoch no. 119 of 500 (samples: 483142)
INFO:root:Loss: 1.6983 +/- 0.0284
INFO:root:Epoch no. 120 of 500 (samples: 483142)
INFO:root:Loss: 1.6985 +/- 0.0293
INFO:root:Epoch no. 121 of 500 (samples: 483142)
INFO:root:Loss: 1.6985 +/- 0.0298
INFO:root:Epoch no. 122 of 500 (samples: 483142)
INFO:root:Loss: 1.6973 +/- 0.0292
INFO:root:Epoch no. 123 of 500 (samples: 483142)
INFO:root:Loss: 1.6978 +/- 0.0293
INFO:root:Epoch no. 124 of 500 (samples: 483142)
INFO:root:Loss: 1.6955 +/- 0.0275
INFO:root:Epoch no. 125 of 500 (samples: 483142)
INFO:root:Loss: 1.6967 +/- 0.0289
INFO:root:Epoch no. 126 of 500 (samples: 483142)
INFO:root:Loss: 1.6956 +/- 0.0296
INFO:root:Epoch no. 127 of 500 (samples: 483142)
INFO:root:Loss: 1.694 +/- 0.0275
INFO:root:Epoch no. 128 of 500 (samples: 483142)
INFO:root:Loss: 1.6956 +/- 0.0278
INFO:root:Epoch no. 129 of 500 (samples: 483142)
INFO:root:Loss: 1.6954 +/- 0.0252
INFO:root:Epoch no. 130 of 500 (samples: 483142)
INFO:root:Loss: 1.6947 +/- 0.0286
INFO:root:Epoch no. 131 of 500 (samples: 483142)
INFO:root:Loss: 1.693 +/- 0.0294
INFO:root:Epoch no. 132 of 500 (samples: 483142)
INFO:root:Loss: 1.6921 +/- 0.0275
INFO:root:Epoch no. 133 of 500 (samples: 483142)
INFO:root:Loss: 1.6922 +/- 0.0289
INFO:root:Epoch no. 134 of 500 (samples: 483142)
INFO:root:Loss: 1.6936 +/- 0.0266
INFO:root:Epoch no. 135 of 500 (samples: 483142)
INFO:root:Loss: 1.6918 +/- 0.0265
INFO:root:Epoch no. 136 of 500 (samples: 483142)
INFO:root:Loss: 1.6909 +/- 0.0293
INFO:root:Epoch no. 137 of 500 (samples: 483142)
INFO:root:Loss: 1.6911 +/- 0.0287
INFO:root:Epoch no. 138 of 500 (samples: 483142)
INFO:root:Loss: 1.6919 +/- 0.0258
INFO:root:Epoch no. 139 of 500 (samples: 483142)
INFO:root:Loss: 1.6902 +/- 0.0267
INFO:root:Epoch no. 140 of 500 (samples: 483142)
INFO:root:Loss: 1.6898 +/- 0.027
INFO:root:Epoch no. 141 of 500 (samples: 483142)
INFO:root:Loss: 1.6902 +/- 0.027
INFO:root:Epoch no. 142 of 500 (samples: 483142)
INFO:root:Loss: 1.6899 +/- 0.0258
INFO:root:Epoch no. 143 of 500 (samples: 483142)
INFO:root:Loss: 1.6901 +/- 0.0271
INFO:root:Epoch no. 144 of 500 (samples: 483142)
INFO:root:Loss: 1.6888 +/- 0.0242
INFO:root:Epoch no. 145 of 500 (samples: 483142)
INFO:root:Loss: 1.6884 +/- 0.0281
INFO:root:Epoch no. 146 of 500 (samples: 483142)
INFO:root:Loss: 1.6889 +/- 0.0271
INFO:root:Epoch no. 147 of 500 (samples: 483142)
INFO:root:Loss: 1.6886 +/- 0.0266
INFO:root:Epoch no. 148 of 500 (samples: 483142)
INFO:root:Loss: 1.6891 +/- 0.0253
INFO:root:Epoch no. 149 of 500 (samples: 483142)
INFO:root:Loss: 1.6869 +/- 0.0275
INFO:root:Epoch no. 150 of 500 (samples: 483142)
INFO:root:Loss: 1.6871 +/- 0.0291
INFO:root:Epoch no. 151 of 500 (samples: 483142)
INFO:root:Loss: 1.6874 +/- 0.0271
INFO:root:Epoch no. 152 of 500 (samples: 483142)
INFO:root:Loss: 1.6871 +/- 0.0272
INFO:root:Epoch no. 153 of 500 (samples: 483142)
INFO:root:Loss: 1.6872 +/- 0.0273
INFO:root:Epoch no. 154 of 500 (samples: 483142)
INFO:root:Loss: 1.6853 +/- 0.0291
INFO:root:Epoch no. 155 of 500 (samples: 483142)
INFO:root:Loss: 1.6864 +/- 0.0255
INFO:root:Epoch no. 156 of 500 (samples: 483142)
INFO:root:Loss: 1.6856 +/- 0.0259
INFO:root:Epoch no. 157 of 500 (samples: 483142)
INFO:root:Loss: 1.6855 +/- 0.026
INFO:root:Epoch no. 158 of 500 (samples: 483142)
INFO:root:Loss: 1.6839 +/- 0.0254
INFO:root:Epoch no. 159 of 500 (samples: 483142)
INFO:root:Loss: 1.6844 +/- 0.0227
INFO:root:Epoch no. 160 of 500 (samples: 483142)
INFO:root:Loss: 1.6838 +/- 0.0283
INFO:root:Epoch no. 161 of 500 (samples: 483142)
INFO:root:Loss: 1.6831 +/- 0.026
INFO:root:Epoch no. 162 of 500 (samples: 483142)
INFO:root:Loss: 1.6836 +/- 0.027
INFO:root:Epoch no. 163 of 500 (samples: 483142)
INFO:root:Loss: 1.6834 +/- 0.026
INFO:root:Epoch no. 164 of 500 (samples: 483142)
INFO:root:Loss: 1.682 +/- 0.0271
INFO:root:Epoch no. 165 of 500 (samples: 483142)
INFO:root:Loss: 1.6823 +/- 0.026
INFO:root:Epoch no. 166 of 500 (samples: 483142)
INFO:root:Loss: 1.6844 +/- 0.0245
INFO:root:Epoch no. 167 of 500 (samples: 483142)
INFO:root:Loss: 1.6822 +/- 0.0267
INFO:root:Epoch no. 168 of 500 (samples: 483142)
INFO:root:Loss: 1.6816 +/- 0.0249
INFO:root:Epoch no. 169 of 500 (samples: 483142)
INFO:root:Loss: 1.6802 +/- 0.0262
INFO:root:Epoch no. 170 of 500 (samples: 483142)
INFO:root:Loss: 1.681 +/- 0.0274
INFO:root:Epoch no. 171 of 500 (samples: 483142)
INFO:root:Loss: 1.6811 +/- 0.0263
INFO:root:Epoch no. 172 of 500 (samples: 483142)
INFO:root:Loss: 1.6799 +/- 0.0283
INFO:root:Epoch no. 173 of 500 (samples: 483142)
INFO:root:Loss: 1.6799 +/- 0.0251
INFO:root:Epoch no. 174 of 500 (samples: 483142)
INFO:root:Loss: 1.6802 +/- 0.0259
INFO:root:Epoch no. 175 of 500 (samples: 483142)
INFO:root:Loss: 1.6796 +/- 0.0262
INFO:root:Epoch no. 176 of 500 (samples: 483142)
INFO:root:Loss: 1.6802 +/- 0.0231
INFO:root:Epoch no. 177 of 500 (samples: 483142)
INFO:root:Loss: 1.6801 +/- 0.0269
INFO:root:Epoch no. 178 of 500 (samples: 483142)
INFO:root:Loss: 1.6788 +/- 0.0256
INFO:root:Epoch no. 179 of 500 (samples: 483142)
INFO:root:Loss: 1.6785 +/- 0.0275
INFO:root:Epoch no. 180 of 500 (samples: 483142)
INFO:root:Loss: 1.6785 +/- 0.0276
INFO:root:Epoch no. 181 of 500 (samples: 483142)
INFO:root:Loss: 1.6788 +/- 0.0242
INFO:root:Epoch no. 182 of 500 (samples: 483142)
INFO:root:Loss: 1.6777 +/- 0.0277
INFO:root:Epoch no. 183 of 500 (samples: 483142)
INFO:root:Loss: 1.6778 +/- 0.0249
INFO:root:Epoch no. 184 of 500 (samples: 483142)
INFO:root:Loss: 1.6766 +/- 0.026
INFO:root:Epoch no. 185 of 500 (samples: 483142)
INFO:root:Loss: 1.6778 +/- 0.0277
INFO:root:Epoch no. 186 of 500 (samples: 483142)
INFO:root:Loss: 1.6771 +/- 0.0243
INFO:root:Epoch no. 187 of 500 (samples: 483142)
INFO:root:Loss: 1.6767 +/- 0.0237
INFO:root:Epoch no. 188 of 500 (samples: 483142)
INFO:root:Loss: 1.6771 +/- 0.0248
INFO:root:Epoch no. 189 of 500 (samples: 483142)
INFO:root:Loss: 1.6763 +/- 0.0216
INFO:root:Epoch no. 190 of 500 (samples: 483142)
INFO:root:Loss: 1.6759 +/- 0.0247
INFO:root:Epoch no. 191 of 500 (samples: 483142)
INFO:root:Loss: 1.6753 +/- 0.0238
INFO:root:Epoch no. 192 of 500 (samples: 483142)
INFO:root:Loss: 1.6763 +/- 0.0249
INFO:root:Epoch no. 193 of 500 (samples: 483142)
INFO:root:Loss: 1.6747 +/- 0.0264
INFO:root:Epoch no. 194 of 500 (samples: 483142)
INFO:root:Loss: 1.6746 +/- 0.0256
INFO:root:Epoch no. 195 of 500 (samples: 483142)
INFO:root:Loss: 1.6759 +/- 0.0256
INFO:root:Epoch no. 196 of 500 (samples: 483142)
INFO:root:Loss: 1.6745 +/- 0.0241
INFO:root:Epoch no. 197 of 500 (samples: 483142)
INFO:root:Loss: 1.6745 +/- 0.0247
INFO:root:Epoch no. 198 of 500 (samples: 483142)
INFO:root:Loss: 1.6741 +/- 0.0228
INFO:root:Epoch no. 199 of 500 (samples: 483142)
INFO:root:Loss: 1.6729 +/- 0.0245
INFO:root:Epoch no. 200 of 500 (samples: 483142)
INFO:root:Loss: 1.674 +/- 0.0237
INFO:root:Epoch no. 201 of 500 (samples: 483142)
INFO:root:Loss: 1.6723 +/- 0.0236
INFO:root:Epoch no. 202 of 500 (samples: 483142)
INFO:root:Loss: 1.6735 +/- 0.0242
INFO:root:Epoch no. 203 of 500 (samples: 483142)
INFO:root:Loss: 1.6732 +/- 0.0235
INFO:root:Epoch no. 204 of 500 (samples: 483142)
INFO:root:Loss: 1.6729 +/- 0.0256
INFO:root:Epoch no. 205 of 500 (samples: 483142)
INFO:root:Loss: 1.6729 +/- 0.0229
INFO:root:Epoch no. 206 of 500 (samples: 483142)
INFO:root:Loss: 1.6731 +/- 0.0237
INFO:root:Epoch no. 207 of 500 (samples: 483142)
INFO:root:Loss: 1.673 +/- 0.0221
INFO:root:Epoch no. 208 of 500 (samples: 483142)
INFO:root:Loss: 1.6725 +/- 0.0224
INFO:root:Epoch no. 209 of 500 (samples: 483142)
INFO:root:Loss: 1.6713 +/- 0.0257
INFO:root:Epoch no. 210 of 500 (samples: 483142)
INFO:root:Loss: 1.6716 +/- 0.0248
INFO:root:Epoch no. 211 of 500 (samples: 483142)
INFO:root:Loss: 1.6717 +/- 0.0238
INFO:root:Epoch no. 212 of 500 (samples: 483142)
INFO:root:Loss: 1.6709 +/- 0.0245
INFO:root:Epoch no. 213 of 500 (samples: 483142)
INFO:root:Loss: 1.6723 +/- 0.0226
INFO:root:Epoch no. 214 of 500 (samples: 483142)
INFO:root:Loss: 1.6724 +/- 0.0229
INFO:root:Epoch no. 215 of 500 (samples: 483142)
INFO:root:Loss: 1.6702 +/- 0.0233
INFO:root:Epoch no. 216 of 500 (samples: 483142)
INFO:root:Loss: 1.6697 +/- 0.0225
INFO:root:Epoch no. 217 of 500 (samples: 483142)
INFO:root:Loss: 1.6691 +/- 0.0227
INFO:root:Epoch no. 218 of 500 (samples: 483142)
INFO:root:Loss: 1.6704 +/- 0.024
INFO:root:Epoch no. 219 of 500 (samples: 483142)
INFO:root:Loss: 1.6697 +/- 0.0226
INFO:root:Epoch no. 220 of 500 (samples: 483142)
INFO:root:Loss: 1.6686 +/- 0.0236
INFO:root:Epoch no. 221 of 500 (samples: 483142)
INFO:root:Loss: 1.6698 +/- 0.024
INFO:root:Epoch no. 222 of 500 (samples: 483142)
INFO:root:Loss: 1.6695 +/- 0.0243
INFO:root:Epoch no. 223 of 500 (samples: 483142)
INFO:root:Loss: 1.6675 +/- 0.0218
INFO:root:Epoch no. 224 of 500 (samples: 483142)
INFO:root:Loss: 1.6687 +/- 0.0238
INFO:root:Epoch no. 225 of 500 (samples: 483142)
INFO:root:Loss: 1.6682 +/- 0.0227
INFO:root:Epoch no. 226 of 500 (samples: 483142)
INFO:root:Loss: 1.6687 +/- 0.0232
INFO:root:Epoch no. 227 of 500 (samples: 483142)
INFO:root:Loss: 1.6685 +/- 0.0209
INFO:root:Epoch no. 228 of 500 (samples: 483142)
INFO:root:Loss: 1.6678 +/- 0.0225
INFO:root:Epoch no. 229 of 500 (samples: 483142)
INFO:root:Loss: 1.6675 +/- 0.0212
INFO:root:Epoch no. 230 of 500 (samples: 483142)
INFO:root:Loss: 1.6682 +/- 0.0223
INFO:root:Epoch no. 231 of 500 (samples: 483142)
INFO:root:Loss: 1.6679 +/- 0.0216
INFO:root:Epoch no. 232 of 500 (samples: 483142)
INFO:root:Loss: 1.6666 +/- 0.0215
INFO:root:Epoch no. 233 of 500 (samples: 483142)
INFO:root:Loss: 1.6665 +/- 0.0238
INFO:root:Epoch no. 234 of 500 (samples: 483142)
INFO:root:Loss: 1.6685 +/- 0.0219
INFO:root:Epoch no. 235 of 500 (samples: 483142)
INFO:root:Loss: 1.6676 +/- 0.0223
INFO:root:Epoch no. 236 of 500 (samples: 483142)
INFO:root:Loss: 1.6674 +/- 0.0232
INFO:root:Epoch no. 237 of 500 (samples: 483142)
INFO:root:Loss: 1.6667 +/- 0.0205
INFO:root:Epoch no. 238 of 500 (samples: 483142)
INFO:root:Loss: 1.6668 +/- 0.0244
INFO:root:Epoch no. 239 of 500 (samples: 483142)
INFO:root:Loss: 1.6657 +/- 0.022
INFO:root:Epoch no. 240 of 500 (samples: 483142)
INFO:root:Loss: 1.6653 +/- 0.0216
INFO:root:Epoch no. 241 of 500 (samples: 483142)
INFO:root:Loss: 1.6664 +/- 0.0233
INFO:root:Epoch no. 242 of 500 (samples: 483142)
INFO:root:Loss: 1.6647 +/- 0.0227
INFO:root:Epoch no. 243 of 500 (samples: 483142)
INFO:root:Loss: 1.6649 +/- 0.0239
INFO:root:Epoch no. 244 of 500 (samples: 483142)
INFO:root:Loss: 1.6654 +/- 0.0218
INFO:root:Epoch no. 245 of 500 (samples: 483142)
INFO:root:Loss: 1.6651 +/- 0.0216
INFO:root:Epoch no. 246 of 500 (samples: 483142)
INFO:root:Loss: 1.6646 +/- 0.0235
INFO:root:Epoch no. 247 of 500 (samples: 483142)
INFO:root:Loss: 1.6654 +/- 0.0203
INFO:root:Epoch no. 248 of 500 (samples: 483142)
INFO:root:Loss: 1.6649 +/- 0.0209
INFO:root:Epoch no. 249 of 500 (samples: 483142)
INFO:root:Loss: 1.665 +/- 0.0231
INFO:root:Epoch no. 250 of 500 (samples: 483142)
INFO:root:Loss: 1.6641 +/- 0.0232
INFO:root:Epoch no. 251 of 500 (samples: 483142)
INFO:root:Loss: 1.6651 +/- 0.0218
INFO:root:Epoch no. 252 of 500 (samples: 483142)
INFO:root:Loss: 1.6635 +/- 0.0227
INFO:root:Epoch no. 253 of 500 (samples: 483142)
INFO:root:Loss: 1.665 +/- 0.0228
INFO:root:Epoch no. 254 of 500 (samples: 483142)
INFO:root:Loss: 1.6657 +/- 0.0208
INFO:root:Epoch no. 255 of 500 (samples: 483142)
INFO:root:Loss: 1.6637 +/- 0.0204
INFO:root:Epoch no. 256 of 500 (samples: 483142)
INFO:root:Loss: 1.6639 +/- 0.0241
INFO:root:Epoch no. 257 of 500 (samples: 483142)
INFO:root:Loss: 1.6624 +/- 0.0182
INFO:root:Epoch no. 258 of 500 (samples: 483142)
INFO:root:Loss: 1.6636 +/- 0.0249
INFO:root:Epoch no. 259 of 500 (samples: 483142)
INFO:root:Loss: 1.6637 +/- 0.0224
INFO:root:Epoch no. 260 of 500 (samples: 483142)
INFO:root:Loss: 1.6629 +/- 0.0231
INFO:root:Epoch no. 261 of 500 (samples: 483142)
INFO:root:Loss: 1.6626 +/- 0.0225
INFO:root:Epoch no. 262 of 500 (samples: 483142)
INFO:root:Loss: 1.6626 +/- 0.0222
INFO:root:Epoch no. 263 of 500 (samples: 483142)
INFO:root:Loss: 1.6631 +/- 0.0232
INFO:root:Epoch no. 264 of 500 (samples: 483142)
INFO:root:Loss: 1.6617 +/- 0.0223
INFO:root:Epoch no. 265 of 500 (samples: 483142)
INFO:root:Loss: 1.6622 +/- 0.0225
INFO:root:Epoch no. 266 of 500 (samples: 483142)
INFO:root:Loss: 1.6621 +/- 0.0224
INFO:root:Epoch no. 267 of 500 (samples: 483142)
INFO:root:Loss: 1.6616 +/- 0.0224
INFO:root:Epoch no. 268 of 500 (samples: 483142)
INFO:root:Loss: 1.6618 +/- 0.0216
INFO:root:Epoch no. 269 of 500 (samples: 483142)
INFO:root:Loss: 1.6619 +/- 0.0227
INFO:root:Epoch no. 270 of 500 (samples: 483142)
INFO:root:Loss: 1.6609 +/- 0.0208
INFO:root:Epoch no. 271 of 500 (samples: 483142)
INFO:root:Loss: 1.6607 +/- 0.02
INFO:root:Epoch no. 272 of 500 (samples: 483142)
INFO:root:Loss: 1.6611 +/- 0.0205
INFO:root:Epoch no. 273 of 500 (samples: 483142)
INFO:root:Loss: 1.6604 +/- 0.0191
INFO:root:Epoch no. 274 of 500 (samples: 483142)
INFO:root:Loss: 1.6598 +/- 0.023
INFO:root:Epoch no. 275 of 500 (samples: 483142)
INFO:root:Loss: 1.6612 +/- 0.0223
INFO:root:Epoch no. 276 of 500 (samples: 483142)
INFO:root:Loss: 1.6613 +/- 0.0219
INFO:root:Epoch no. 277 of 500 (samples: 483142)
INFO:root:Loss: 1.6608 +/- 0.0203
INFO:root:Epoch no. 278 of 500 (samples: 483142)
INFO:root:Loss: 1.6609 +/- 0.0224
INFO:root:Epoch no. 279 of 500 (samples: 483142)
INFO:root:Loss: 1.6606 +/- 0.02
INFO:root:Epoch no. 280 of 500 (samples: 483142)
INFO:root:Loss: 1.6609 +/- 0.0229
INFO:root:Epoch no. 281 of 500 (samples: 483142)
INFO:root:Loss: 1.6598 +/- 0.0202
INFO:root:Epoch no. 282 of 500 (samples: 483142)
INFO:root:Loss: 1.659 +/- 0.0201
INFO:root:Epoch no. 283 of 500 (samples: 483142)
INFO:root:Loss: 1.6611 +/- 0.0212
INFO:root:Epoch no. 284 of 500 (samples: 483142)
INFO:root:Loss: 1.6596 +/- 0.0214
INFO:root:Epoch no. 285 of 500 (samples: 483142)
INFO:root:Loss: 1.6586 +/- 0.0195
INFO:root:Epoch no. 286 of 500 (samples: 483142)
INFO:root:Loss: 1.6601 +/- 0.0222
INFO:root:Epoch no. 287 of 500 (samples: 483142)
INFO:root:Loss: 1.6588 +/- 0.0228
INFO:root:Epoch no. 288 of 500 (samples: 483142)
INFO:root:Loss: 1.6585 +/- 0.0218
INFO:root:Epoch no. 289 of 500 (samples: 483142)
INFO:root:Loss: 1.6583 +/- 0.0221
INFO:root:Epoch no. 290 of 500 (samples: 483142)
INFO:root:Loss: 1.6597 +/- 0.0218
INFO:root:Epoch no. 291 of 500 (samples: 483142)
INFO:root:Loss: 1.6595 +/- 0.0224
INFO:root:Epoch no. 292 of 500 (samples: 483142)
INFO:root:Loss: 1.6589 +/- 0.0228
INFO:root:Epoch no. 293 of 500 (samples: 483142)
INFO:root:Loss: 1.6584 +/- 0.0213
INFO:root:Epoch no. 294 of 500 (samples: 483142)
INFO:root:Loss: 1.6586 +/- 0.0211
INFO:root:Epoch no. 295 of 500 (samples: 483142)
INFO:root:Loss: 1.6575 +/- 0.0205
INFO:root:Epoch no. 296 of 500 (samples: 483142)
INFO:root:Loss: 1.6585 +/- 0.0215
INFO:root:Epoch no. 297 of 500 (samples: 483142)
INFO:root:Loss: 1.6576 +/- 0.0202
INFO:root:Epoch no. 298 of 500 (samples: 483142)
INFO:root:Loss: 1.6587 +/- 0.0212
INFO:root:Epoch no. 299 of 500 (samples: 483142)
INFO:root:Loss: 1.6587 +/- 0.0181
INFO:root:Epoch no. 300 of 500 (samples: 483142)
INFO:root:Loss: 1.6588 +/- 0.0203
INFO:root:Epoch no. 301 of 500 (samples: 483142)
INFO:root:Loss: 1.6575 +/- 0.0199
INFO:root:Epoch no. 302 of 500 (samples: 483142)
INFO:root:Loss: 1.6591 +/- 0.0221
INFO:root:Epoch no. 303 of 500 (samples: 483142)
INFO:root:Loss: 1.6574 +/- 0.0225
INFO:root:Epoch no. 304 of 500 (samples: 483142)
INFO:root:Loss: 1.6575 +/- 0.0208
INFO:root:Epoch no. 305 of 500 (samples: 483142)
INFO:root:Loss: 1.6571 +/- 0.0199
INFO:root:Epoch no. 306 of 500 (samples: 483142)
INFO:root:Loss: 1.6567 +/- 0.0208
INFO:root:Epoch no. 307 of 500 (samples: 483142)
INFO:root:Loss: 1.6567 +/- 0.0206
INFO:root:Epoch no. 308 of 500 (samples: 483142)
INFO:root:Loss: 1.6563 +/- 0.0221
INFO:root:Epoch no. 309 of 500 (samples: 483142)
INFO:root:Loss: 1.6571 +/- 0.0195
INFO:root:Epoch no. 310 of 500 (samples: 483142)
INFO:root:Loss: 1.6554 +/- 0.0182
INFO:root:Epoch no. 311 of 500 (samples: 483142)
INFO:root:Loss: 1.6565 +/- 0.0208
INFO:root:Epoch no. 312 of 500 (samples: 483142)
INFO:root:Loss: 1.655 +/- 0.019
INFO:root:Epoch no. 313 of 500 (samples: 483142)
INFO:root:Loss: 1.6559 +/- 0.0199
INFO:root:Epoch no. 314 of 500 (samples: 483142)
INFO:root:Loss: 1.6561 +/- 0.0192
INFO:root:Epoch no. 315 of 500 (samples: 483142)
INFO:root:Loss: 1.6564 +/- 0.0205
INFO:root:Epoch no. 316 of 500 (samples: 483142)
INFO:root:Loss: 1.6558 +/- 0.0172
INFO:root:Epoch no. 317 of 500 (samples: 483142)
INFO:root:Loss: 1.6559 +/- 0.0175
INFO:root:Epoch no. 318 of 500 (samples: 483142)
INFO:root:Loss: 1.6549 +/- 0.0198
INFO:root:Epoch no. 319 of 500 (samples: 483142)
INFO:root:Loss: 1.6547 +/- 0.021
INFO:root:Epoch no. 320 of 500 (samples: 483142)
INFO:root:Loss: 1.6552 +/- 0.0216
INFO:root:Epoch no. 321 of 500 (samples: 483142)
INFO:root:Loss: 1.654 +/- 0.0186
INFO:root:Epoch no. 322 of 500 (samples: 483142)
INFO:root:Loss: 1.6548 +/- 0.0205
INFO:root:Epoch no. 323 of 500 (samples: 483142)
INFO:root:Loss: 1.6547 +/- 0.0184
INFO:root:Epoch no. 324 of 500 (samples: 483142)
INFO:root:Loss: 1.6541 +/- 0.0218
INFO:root:Epoch no. 325 of 500 (samples: 483142)
INFO:root:Loss: 1.6546 +/- 0.0218
INFO:root:Epoch no. 326 of 500 (samples: 483142)
INFO:root:Loss: 1.6523 +/- 0.0202
INFO:root:Epoch no. 327 of 500 (samples: 483142)
INFO:root:Loss: 1.6542 +/- 0.0208
INFO:root:Epoch no. 328 of 500 (samples: 483142)
INFO:root:Loss: 1.6545 +/- 0.0192
INFO:root:Epoch no. 329 of 500 (samples: 483142)
INFO:root:Loss: 1.6557 +/- 0.0198
INFO:root:Epoch no. 330 of 500 (samples: 483142)
INFO:root:Loss: 1.6563 +/- 0.0208
INFO:root:Epoch no. 331 of 500 (samples: 483142)
INFO:root:Loss: 1.6541 +/- 0.0183
INFO:root:Epoch no. 332 of 500 (samples: 483142)
INFO:root:Loss: 1.653 +/- 0.0206
INFO:root:Epoch no. 333 of 500 (samples: 483142)
INFO:root:Loss: 1.6531 +/- 0.0233
INFO:root:Epoch no. 334 of 500 (samples: 483142)
INFO:root:Loss: 1.6538 +/- 0.0222
INFO:root:Epoch no. 335 of 500 (samples: 483142)
INFO:root:Loss: 1.6534 +/- 0.0214
INFO:root:Epoch no. 336 of 500 (samples: 483142)
INFO:root:Loss: 1.6537 +/- 0.0185
INFO:root:Epoch no. 337 of 500 (samples: 483142)
INFO:root:Loss: 1.6536 +/- 0.0205
INFO:root:Epoch no. 338 of 500 (samples: 483142)
INFO:root:Loss: 1.6534 +/- 0.0209
INFO:root:Epoch no. 339 of 500 (samples: 483142)
INFO:root:Loss: 1.6544 +/- 0.0231
INFO:root:Epoch no. 340 of 500 (samples: 483142)
INFO:root:Loss: 1.6526 +/- 0.019
INFO:root:Epoch no. 341 of 500 (samples: 483142)
INFO:root:Loss: 1.6533 +/- 0.0203
INFO:root:Epoch no. 342 of 500 (samples: 483142)
INFO:root:Loss: 1.653 +/- 0.02
INFO:root:Epoch no. 343 of 500 (samples: 483142)
INFO:root:Loss: 1.6529 +/- 0.0177
INFO:root:Epoch no. 344 of 500 (samples: 483142)
INFO:root:Loss: 1.6524 +/- 0.0189
INFO:root:Epoch no. 345 of 500 (samples: 483142)
INFO:root:Loss: 1.6519 +/- 0.0222
INFO:root:Epoch no. 346 of 500 (samples: 483142)
INFO:root:Loss: 1.6539 +/- 0.0186
INFO:root:Epoch no. 347 of 500 (samples: 483142)
INFO:root:Loss: 1.6525 +/- 0.0198
INFO:root:Epoch no. 348 of 500 (samples: 483142)
INFO:root:Loss: 1.6521 +/- 0.0202
INFO:root:Epoch no. 349 of 500 (samples: 483142)
INFO:root:Loss: 1.6517 +/- 0.0194
INFO:root:Epoch no. 350 of 500 (samples: 483142)
INFO:root:Loss: 1.6506 +/- 0.0203
INFO:root:Epoch no. 351 of 500 (samples: 483142)
INFO:root:Loss: 1.6508 +/- 0.0203
INFO:root:Epoch no. 352 of 500 (samples: 483142)
INFO:root:Loss: 1.6514 +/- 0.0186
INFO:root:Epoch no. 353 of 500 (samples: 483142)
INFO:root:Loss: 1.6514 +/- 0.0186
INFO:root:Epoch no. 354 of 500 (samples: 483142)
INFO:root:Loss: 1.651 +/- 0.0196
INFO:root:Epoch no. 355 of 500 (samples: 483142)
INFO:root:Loss: 1.6514 +/- 0.0222
INFO:root:Epoch no. 356 of 500 (samples: 483142)
INFO:root:Loss: 1.6511 +/- 0.0203
INFO:root:Epoch no. 357 of 500 (samples: 483142)
INFO:root:Loss: 1.6511 +/- 0.0201
INFO:root:Epoch no. 358 of 500 (samples: 483142)
INFO:root:Loss: 1.6511 +/- 0.0185
INFO:root:Epoch no. 359 of 500 (samples: 483142)
INFO:root:Loss: 1.6512 +/- 0.0226
INFO:root:Epoch no. 360 of 500 (samples: 483142)
INFO:root:Loss: 1.6507 +/- 0.0198
INFO:root:Epoch no. 361 of 500 (samples: 483142)
INFO:root:Loss: 1.6504 +/- 0.0178
INFO:root:Epoch no. 362 of 500 (samples: 483142)
INFO:root:Loss: 1.6513 +/- 0.0192
INFO:root:Epoch no. 363 of 500 (samples: 483142)
INFO:root:Loss: 1.6512 +/- 0.0224
INFO:root:Epoch no. 364 of 500 (samples: 483142)
INFO:root:Loss: 1.6506 +/- 0.0194
INFO:root:Epoch no. 365 of 500 (samples: 483142)
INFO:root:Loss: 1.6521 +/- 0.0187
INFO:root:Epoch no. 366 of 500 (samples: 483142)
INFO:root:Loss: 1.6508 +/- 0.0198
INFO:root:Epoch no. 367 of 500 (samples: 483142)
INFO:root:Loss: 1.6513 +/- 0.0187
INFO:root:Epoch no. 368 of 500 (samples: 483142)
INFO:root:Loss: 1.6499 +/- 0.02
INFO:root:Epoch no. 369 of 500 (samples: 483142)
INFO:root:Loss: 1.6508 +/- 0.0185
INFO:root:Epoch no. 370 of 500 (samples: 483142)
INFO:root:Loss: 1.6496 +/- 0.0217
INFO:root:Epoch no. 371 of 500 (samples: 483142)
INFO:root:Loss: 1.649 +/- 0.0198
INFO:root:Epoch no. 372 of 500 (samples: 483142)
INFO:root:Loss: 1.6497 +/- 0.0214
INFO:root:Epoch no. 373 of 500 (samples: 483142)
INFO:root:Loss: 1.6497 +/- 0.0181
INFO:root:Epoch no. 374 of 500 (samples: 483142)
INFO:root:Loss: 1.6498 +/- 0.019
INFO:root:Epoch no. 375 of 500 (samples: 483142)
INFO:root:Loss: 1.6496 +/- 0.0216
INFO:root:Epoch no. 376 of 500 (samples: 483142)
INFO:root:Loss: 1.6493 +/- 0.0168
INFO:root:Epoch no. 377 of 500 (samples: 483142)
INFO:root:Loss: 1.6498 +/- 0.02
INFO:root:Epoch no. 378 of 500 (samples: 483142)
INFO:root:Loss: 1.6495 +/- 0.0176
INFO:root:Epoch no. 379 of 500 (samples: 483142)
INFO:root:Loss: 1.6489 +/- 0.0183
INFO:root:Epoch no. 380 of 500 (samples: 483142)
INFO:root:Loss: 1.6488 +/- 0.0179
INFO:root:Epoch no. 381 of 500 (samples: 483142)
INFO:root:Loss: 1.6493 +/- 0.0191
INFO:root:Epoch no. 382 of 500 (samples: 483142)
INFO:root:Loss: 1.6484 +/- 0.0216
INFO:root:Epoch no. 383 of 500 (samples: 483142)
INFO:root:Loss: 1.6488 +/- 0.0189
INFO:root:Epoch no. 384 of 500 (samples: 483142)
INFO:root:Loss: 1.6481 +/- 0.0193
INFO:root:Epoch no. 385 of 500 (samples: 483142)
INFO:root:Loss: 1.6495 +/- 0.0194
INFO:root:Epoch no. 386 of 500 (samples: 483142)
INFO:root:Loss: 1.6494 +/- 0.0185
INFO:root:Epoch no. 387 of 500 (samples: 483142)
INFO:root:Loss: 1.6496 +/- 0.0208
INFO:root:Epoch no. 388 of 500 (samples: 483142)
INFO:root:Loss: 1.648 +/- 0.0208
INFO:root:Epoch no. 389 of 500 (samples: 483142)
INFO:root:Loss: 1.6485 +/- 0.0176
INFO:root:Epoch no. 390 of 500 (samples: 483142)
INFO:root:Loss: 1.6484 +/- 0.0195
INFO:root:Epoch no. 391 of 500 (samples: 483142)
INFO:root:Loss: 1.6479 +/- 0.0221
INFO:root:Epoch no. 392 of 500 (samples: 483142)
INFO:root:Loss: 1.6485 +/- 0.0173
INFO:root:Epoch no. 393 of 500 (samples: 483142)
INFO:root:Loss: 1.6481 +/- 0.0182
INFO:root:Epoch no. 394 of 500 (samples: 483142)
INFO:root:Loss: 1.6478 +/- 0.0178
INFO:root:Epoch no. 395 of 500 (samples: 483142)
INFO:root:Loss: 1.6472 +/- 0.0189
INFO:root:Epoch no. 396 of 500 (samples: 483142)
INFO:root:Loss: 1.647 +/- 0.0205
INFO:root:Epoch no. 397 of 500 (samples: 483142)
INFO:root:Loss: 1.6483 +/- 0.0189
INFO:root:Epoch no. 398 of 500 (samples: 483142)
INFO:root:Loss: 1.6489 +/- 0.0187
INFO:root:Epoch no. 399 of 500 (samples: 483142)
INFO:root:Loss: 1.6461 +/- 0.0177
INFO:root:Epoch no. 400 of 500 (samples: 483142)
INFO:root:Loss: 1.6455 +/- 0.0192
INFO:root:Epoch no. 401 of 500 (samples: 483142)
INFO:root:Loss: 1.6485 +/- 0.0174
INFO:root:Epoch no. 402 of 500 (samples: 483142)
INFO:root:Loss: 1.6468 +/- 0.018
INFO:root:Epoch no. 403 of 500 (samples: 483142)
INFO:root:Loss: 1.6491 +/- 0.0182
INFO:root:Epoch no. 404 of 500 (samples: 483142)
INFO:root:Loss: 1.647 +/- 0.0187
INFO:root:Epoch no. 405 of 500 (samples: 483142)
INFO:root:Loss: 1.6468 +/- 0.0187
INFO:root:Epoch no. 406 of 500 (samples: 483142)
INFO:root:Loss: 1.6465 +/- 0.0214
INFO:root:Epoch no. 407 of 500 (samples: 483142)
INFO:root:Loss: 1.6462 +/- 0.0198
INFO:root:Epoch no. 408 of 500 (samples: 483142)
INFO:root:Loss: 1.6464 +/- 0.0186
INFO:root:Epoch no. 409 of 500 (samples: 483142)
INFO:root:Loss: 1.6475 +/- 0.0176
INFO:root:Epoch no. 410 of 500 (samples: 483142)
INFO:root:Loss: 1.6469 +/- 0.0213
INFO:root:Epoch no. 411 of 500 (samples: 483142)
INFO:root:Loss: 1.647 +/- 0.0182
INFO:root:Epoch no. 412 of 500 (samples: 483142)
INFO:root:Loss: 1.6472 +/- 0.0193
INFO:root:Epoch no. 413 of 500 (samples: 483142)
INFO:root:Loss: 1.6456 +/- 0.0201
INFO:root:Epoch no. 414 of 500 (samples: 483142)
INFO:root:Loss: 1.647 +/- 0.0192
INFO:root:Epoch no. 415 of 500 (samples: 483142)
INFO:root:Loss: 1.6459 +/- 0.0195
INFO:root:Epoch no. 416 of 500 (samples: 483142)
INFO:root:Loss: 1.6469 +/- 0.0193
INFO:root:Epoch no. 417 of 500 (samples: 483142)
INFO:root:Loss: 1.6479 +/- 0.0199
INFO:root:Epoch no. 418 of 500 (samples: 483142)
INFO:root:Loss: 1.6458 +/- 0.02
INFO:root:Epoch no. 419 of 500 (samples: 483142)
INFO:root:Loss: 1.6454 +/- 0.02
INFO:root:Epoch no. 420 of 500 (samples: 483142)
INFO:root:Loss: 1.6466 +/- 0.0177
INFO:root:Epoch no. 421 of 500 (samples: 483142)
INFO:root:Loss: 1.6455 +/- 0.0186
INFO:root:Epoch no. 422 of 500 (samples: 483142)
INFO:root:Loss: 1.646 +/- 0.0186
INFO:root:Epoch no. 423 of 500 (samples: 483142)
INFO:root:Loss: 1.6464 +/- 0.017
INFO:root:Epoch no. 424 of 500 (samples: 483142)
INFO:root:Loss: 1.6459 +/- 0.0174
INFO:root:Epoch no. 425 of 500 (samples: 483142)
INFO:root:Loss: 1.6456 +/- 0.0186
INFO:root:Epoch no. 426 of 500 (samples: 483142)
INFO:root:Loss: 1.6452 +/- 0.02
INFO:root:Epoch no. 427 of 500 (samples: 483142)
INFO:root:Loss: 1.6457 +/- 0.0185
INFO:root:Epoch no. 428 of 500 (samples: 483142)
INFO:root:Loss: 1.6447 +/- 0.0191
INFO:root:Epoch no. 429 of 500 (samples: 483142)
INFO:root:Loss: 1.6448 +/- 0.0199
INFO:root:Epoch no. 430 of 500 (samples: 483142)
INFO:root:Loss: 1.6455 +/- 0.0158
INFO:root:Epoch no. 431 of 500 (samples: 483142)
INFO:root:Loss: 1.6455 +/- 0.018
INFO:root:Epoch no. 432 of 500 (samples: 483142)
INFO:root:Loss: 1.6445 +/- 0.0188
INFO:root:Epoch no. 433 of 500 (samples: 483142)
INFO:root:Loss: 1.6432 +/- 0.0188
INFO:root:Epoch no. 434 of 500 (samples: 483142)
INFO:root:Loss: 1.6435 +/- 0.0164
INFO:root:Epoch no. 435 of 500 (samples: 483142)
INFO:root:Loss: 1.6445 +/- 0.0171
INFO:root:Epoch no. 436 of 500 (samples: 483142)
INFO:root:Loss: 1.6458 +/- 0.0146
INFO:root:Epoch no. 437 of 500 (samples: 483142)
INFO:root:Loss: 1.6441 +/- 0.0204
INFO:root:Epoch no. 438 of 500 (samples: 483142)
INFO:root:Loss: 1.6454 +/- 0.0174
INFO:root:Epoch no. 439 of 500 (samples: 483142)
INFO:root:Loss: 1.6448 +/- 0.0212
INFO:root:Epoch no. 440 of 500 (samples: 483142)
INFO:root:Loss: 1.6445 +/- 0.0173
INFO:root:Epoch no. 441 of 500 (samples: 483142)
INFO:root:Loss: 1.6455 +/- 0.0193
INFO:root:Epoch no. 442 of 500 (samples: 483142)
INFO:root:Loss: 1.6423 +/- 0.0189
INFO:root:Epoch no. 443 of 500 (samples: 483142)
INFO:root:Loss: 1.6442 +/- 0.0186
INFO:root:Epoch no. 444 of 500 (samples: 483142)
INFO:root:Loss: 1.6456 +/- 0.0189
INFO:root:Epoch no. 445 of 500 (samples: 483142)
INFO:root:Loss: 1.6447 +/- 0.0202
INFO:root:Epoch no. 446 of 500 (samples: 483142)
INFO:root:Loss: 1.6434 +/- 0.0196
INFO:root:Epoch no. 447 of 500 (samples: 483142)
INFO:root:Loss: 1.6434 +/- 0.0195
INFO:root:Epoch no. 448 of 500 (samples: 483142)
INFO:root:Loss: 1.6435 +/- 0.017
INFO:root:Epoch no. 449 of 500 (samples: 483142)
INFO:root:Loss: 1.6439 +/- 0.0163
INFO:root:Epoch no. 450 of 500 (samples: 483142)
INFO:root:Loss: 1.6438 +/- 0.0181
INFO:root:Epoch no. 451 of 500 (samples: 483142)
INFO:root:Loss: 1.6427 +/- 0.0182
INFO:root:Epoch no. 452 of 500 (samples: 483142)
INFO:root:Loss: 1.6446 +/- 0.0163
INFO:root:Epoch no. 453 of 500 (samples: 483142)
INFO:root:Loss: 1.6454 +/- 0.0179
INFO:root:Epoch no. 454 of 500 (samples: 483142)
INFO:root:Loss: 1.6438 +/- 0.0197
INFO:root:Epoch no. 455 of 500 (samples: 483142)
INFO:root:Loss: 1.6429 +/- 0.0182
INFO:root:Epoch no. 456 of 500 (samples: 483142)
INFO:root:Loss: 1.6441 +/- 0.017
INFO:root:Epoch no. 457 of 500 (samples: 483142)
INFO:root:Loss: 1.6439 +/- 0.0161
INFO:root:Epoch no. 458 of 500 (samples: 483142)
INFO:root:Loss: 1.6442 +/- 0.0194
INFO:root:Epoch no. 459 of 500 (samples: 483142)
INFO:root:Loss: 1.6434 +/- 0.0192
INFO:root:Epoch no. 460 of 500 (samples: 483142)
INFO:root:Loss: 1.6414 +/- 0.0175
INFO:root:Epoch no. 461 of 500 (samples: 483142)
INFO:root:Loss: 1.643 +/- 0.0186
INFO:root:Epoch no. 462 of 500 (samples: 483142)
INFO:root:Loss: 1.6428 +/- 0.0168
INFO:root:Epoch no. 463 of 500 (samples: 483142)
INFO:root:Loss: 1.6424 +/- 0.0179
INFO:root:Epoch no. 464 of 500 (samples: 483142)
INFO:root:Loss: 1.6424 +/- 0.0166
INFO:root:Epoch no. 465 of 500 (samples: 483142)
INFO:root:Loss: 1.642 +/- 0.0172
INFO:root:Epoch no. 466 of 500 (samples: 483142)
INFO:root:Loss: 1.6421 +/- 0.0172
INFO:root:Epoch no. 467 of 500 (samples: 483142)
INFO:root:Loss: 1.6429 +/- 0.0172
INFO:root:Epoch no. 468 of 500 (samples: 483142)
INFO:root:Loss: 1.6431 +/- 0.016
INFO:root:Epoch no. 469 of 500 (samples: 483142)
INFO:root:Loss: 1.6423 +/- 0.0203
INFO:root:Epoch no. 470 of 500 (samples: 483142)
INFO:root:Loss: 1.6416 +/- 0.018
INFO:root:Epoch no. 471 of 500 (samples: 483142)
INFO:root:Loss: 1.6413 +/- 0.0208
INFO:root:Epoch no. 472 of 500 (samples: 483142)
INFO:root:Loss: 1.6426 +/- 0.0176
INFO:root:Epoch no. 473 of 500 (samples: 483142)
INFO:root:Loss: 1.6424 +/- 0.0189
INFO:root:Epoch no. 474 of 500 (samples: 483142)
INFO:root:Loss: 1.6422 +/- 0.0178
INFO:root:Epoch no. 475 of 500 (samples: 483142)
INFO:root:Loss: 1.6409 +/- 0.0164
INFO:root:Epoch no. 476 of 500 (samples: 483142)
INFO:root:Loss: 1.6404 +/- 0.0185
INFO:root:Epoch no. 477 of 500 (samples: 483142)
INFO:root:Loss: 1.6405 +/- 0.0178
INFO:root:Epoch no. 478 of 500 (samples: 483142)
INFO:root:Loss: 1.6413 +/- 0.0182
INFO:root:Epoch no. 479 of 500 (samples: 483142)
INFO:root:Loss: 1.6408 +/- 0.0148
INFO:root:Epoch no. 480 of 500 (samples: 483142)
INFO:root:Loss: 1.6417 +/- 0.0185
INFO:root:Epoch no. 481 of 500 (samples: 483142)
INFO:root:Loss: 1.6414 +/- 0.019
INFO:root:Epoch no. 482 of 500 (samples: 483142)
INFO:root:Loss: 1.6424 +/- 0.0166
INFO:root:Epoch no. 483 of 500 (samples: 483142)
INFO:root:Loss: 1.6415 +/- 0.0158
INFO:root:Epoch no. 484 of 500 (samples: 483142)
INFO:root:Loss: 1.6415 +/- 0.0163
INFO:root:Epoch no. 485 of 500 (samples: 483142)
INFO:root:Loss: 1.6415 +/- 0.0179
INFO:root:Epoch no. 486 of 500 (samples: 483142)
INFO:root:Loss: 1.6411 +/- 0.0154
INFO:root:Epoch no. 487 of 500 (samples: 483142)
INFO:root:Loss: 1.6409 +/- 0.0184
INFO:root:Epoch no. 488 of 500 (samples: 483142)
INFO:root:Loss: 1.6407 +/- 0.0164
INFO:root:Epoch no. 489 of 500 (samples: 483142)
INFO:root:Loss: 1.6417 +/- 0.0185
INFO:root:Epoch no. 490 of 500 (samples: 483142)
INFO:root:Loss: 1.641 +/- 0.0171
INFO:root:Epoch no. 491 of 500 (samples: 483142)
INFO:root:Loss: 1.6411 +/- 0.0169
INFO:root:Epoch no. 492 of 500 (samples: 483142)
INFO:root:Loss: 1.6415 +/- 0.0173
INFO:root:Epoch no. 493 of 500 (samples: 483142)
INFO:root:Loss: 1.6392 +/- 0.0168
INFO:root:Epoch no. 494 of 500 (samples: 483142)
INFO:root:Loss: 1.6402 +/- 0.0157
INFO:root:Epoch no. 495 of 500 (samples: 483142)
INFO:root:Loss: 1.6397 +/- 0.0153
INFO:root:Epoch no. 496 of 500 (samples: 483142)
INFO:root:Loss: 1.6413 +/- 0.0165
INFO:root:Epoch no. 497 of 500 (samples: 483142)
INFO:root:Loss: 1.6407 +/- 0.0176
INFO:root:Epoch no. 498 of 500 (samples: 483142)
INFO:root:Loss: 1.6405 +/- 0.0171
INFO:root:Epoch no. 499 of 500 (samples: 483142)
INFO:root:Loss: 1.6405 +/- 0.0178
INFO:root:Epoch no. 500 of 500 (samples: 483142)
INFO:root:Loss: 1.6402 +/- 0.0138
INFO:root:### MICRO (validation raw):
INFO:root:	-- left   >> mean: 2659.31026, median: 528.0, hits@10: 11.148%
INFO:root:	-- right  >> mean: 2403.10428, median: 285.0, hits@10: 16.154%
INFO:root:	-- global >> mean: 2531.20727, median: 402.0, hits@10: 13.651%
INFO:root:### MICRO (validation filtered):
INFO:root:	-- left   >> mean: 2515.99278, median: 414.0, hits@10: 14.37%
INFO:root:	-- right  >> mean: 2323.03608, median: 238.0, hits@10: 19.238%
INFO:root:	-- global >> mean: 2419.51443, median: 316.0, hits@10: 16.804%
INFO:root:### MICRO (test raw):
INFO:root:	-- left   >> mean: 2658.32496, median: 526.0, hits@10: 11.376%
INFO:root:	-- right  >> mean: 2466.14549, median: 306.0, hits@10: 15.92%
INFO:root:	-- global >> mean: 2562.23523, median: 407.0, hits@10: 13.648%
INFO:root:### MICRO (test filtered):
INFO:root:	-- left   >> mean: 2517.2959, median: 419.0, hits@10: 14.52%
INFO:root:	-- right  >> mean: 2381.54353, median: 253.0, hits@10: 19.055%
INFO:root:	-- global >> mean: 2449.41972, median: 324.0, hits@10: 16.787%
