Using Theano backend.
INFO:root:Samples: 483142, no. batches: 10 -> batch size: 48315
INFO:root:Epoch no. 1 of 500 (samples: 483142)
INFO:root:Loss: 1.2076 +/- 0.066
INFO:root:Epoch no. 2 of 500 (samples: 483142)
INFO:root:Loss: 0.995 +/- 0.0482
INFO:root:Epoch no. 3 of 500 (samples: 483142)
INFO:root:Loss: 0.8381 +/- 0.035
INFO:root:Epoch no. 4 of 500 (samples: 483142)
INFO:root:Loss: 0.7375 +/- 0.0195
INFO:root:Epoch no. 5 of 500 (samples: 483142)
INFO:root:Loss: 0.6816 +/- 0.0112
INFO:root:Epoch no. 6 of 500 (samples: 483142)
INFO:root:Loss: 0.649 +/- 0.0071
INFO:root:Epoch no. 7 of 500 (samples: 483142)
INFO:root:Loss: 0.6262 +/- 0.0042
INFO:root:Epoch no. 8 of 500 (samples: 483142)
INFO:root:Loss: 0.6099 +/- 0.0038
INFO:root:Epoch no. 9 of 500 (samples: 483142)
INFO:root:Loss: 0.598 +/- 0.003
INFO:root:Epoch no. 10 of 500 (samples: 483142)
INFO:root:Loss: 0.5872 +/- 0.0021
INFO:root:Epoch no. 11 of 500 (samples: 483142)
INFO:root:Loss: 0.5792 +/- 0.0022
INFO:root:Epoch no. 12 of 500 (samples: 483142)
INFO:root:Loss: 0.5724 +/- 0.0015
INFO:root:Epoch no. 13 of 500 (samples: 483142)
INFO:root:Loss: 0.5664 +/- 0.0009
INFO:root:Epoch no. 14 of 500 (samples: 483142)
INFO:root:Loss: 0.561 +/- 0.0014
INFO:root:Epoch no. 15 of 500 (samples: 483142)
INFO:root:Loss: 0.5566 +/- 0.001
INFO:root:Epoch no. 16 of 500 (samples: 483142)
INFO:root:Loss: 0.5532 +/- 0.0012
INFO:root:Epoch no. 17 of 500 (samples: 483142)
INFO:root:Loss: 0.5498 +/- 0.0016
INFO:root:Epoch no. 18 of 500 (samples: 483142)
INFO:root:Loss: 0.5472 +/- 0.0009
INFO:root:Epoch no. 19 of 500 (samples: 483142)
INFO:root:Loss: 0.5437 +/- 0.0017
INFO:root:Epoch no. 20 of 500 (samples: 483142)
INFO:root:Loss: 0.5414 +/- 0.001
INFO:root:Epoch no. 21 of 500 (samples: 483142)
INFO:root:Loss: 0.5388 +/- 0.0008
INFO:root:Epoch no. 22 of 500 (samples: 483142)
INFO:root:Loss: 0.5369 +/- 0.0013
INFO:root:Epoch no. 23 of 500 (samples: 483142)
INFO:root:Loss: 0.5354 +/- 0.0007
INFO:root:Epoch no. 24 of 500 (samples: 483142)
INFO:root:Loss: 0.5338 +/- 0.001
INFO:root:Epoch no. 25 of 500 (samples: 483142)
INFO:root:Loss: 0.5323 +/- 0.0012
INFO:root:Epoch no. 26 of 500 (samples: 483142)
INFO:root:Loss: 0.5296 +/- 0.0009
INFO:root:Epoch no. 27 of 500 (samples: 483142)
INFO:root:Loss: 0.529 +/- 0.0011
INFO:root:Epoch no. 28 of 500 (samples: 483142)
INFO:root:Loss: 0.5275 +/- 0.0011
INFO:root:Epoch no. 29 of 500 (samples: 483142)
INFO:root:Loss: 0.5261 +/- 0.001
INFO:root:Epoch no. 30 of 500 (samples: 483142)
INFO:root:Loss: 0.5252 +/- 0.001
INFO:root:Epoch no. 31 of 500 (samples: 483142)
INFO:root:Loss: 0.5238 +/- 0.0011
INFO:root:Epoch no. 32 of 500 (samples: 483142)
INFO:root:Loss: 0.5221 +/- 0.0011
INFO:root:Epoch no. 33 of 500 (samples: 483142)
INFO:root:Loss: 0.5217 +/- 0.0012
INFO:root:Epoch no. 34 of 500 (samples: 483142)
INFO:root:Loss: 0.5211 +/- 0.0012
INFO:root:Epoch no. 35 of 500 (samples: 483142)
INFO:root:Loss: 0.5197 +/- 0.0009
INFO:root:Epoch no. 36 of 500 (samples: 483142)
INFO:root:Loss: 0.5196 +/- 0.0008
INFO:root:Epoch no. 37 of 500 (samples: 483142)
INFO:root:Loss: 0.5182 +/- 0.0012
INFO:root:Epoch no. 38 of 500 (samples: 483142)
INFO:root:Loss: 0.5169 +/- 0.0012
INFO:root:Epoch no. 39 of 500 (samples: 483142)
INFO:root:Loss: 0.5165 +/- 0.0014
INFO:root:Epoch no. 40 of 500 (samples: 483142)
INFO:root:Loss: 0.5156 +/- 0.001
INFO:root:Epoch no. 41 of 500 (samples: 483142)
INFO:root:Loss: 0.5153 +/- 0.0011
INFO:root:Epoch no. 42 of 500 (samples: 483142)
INFO:root:Loss: 0.5152 +/- 0.0013
INFO:root:Epoch no. 43 of 500 (samples: 483142)
INFO:root:Loss: 0.514 +/- 0.001
INFO:root:Epoch no. 44 of 500 (samples: 483142)
INFO:root:Loss: 0.5129 +/- 0.0008
INFO:root:Epoch no. 45 of 500 (samples: 483142)
INFO:root:Loss: 0.5119 +/- 0.0015
INFO:root:Epoch no. 46 of 500 (samples: 483142)
INFO:root:Loss: 0.5117 +/- 0.0005
INFO:root:Epoch no. 47 of 500 (samples: 483142)
INFO:root:Loss: 0.511 +/- 0.0013
INFO:root:Epoch no. 48 of 500 (samples: 483142)
INFO:root:Loss: 0.5107 +/- 0.0009
INFO:root:Epoch no. 49 of 500 (samples: 483142)
INFO:root:Loss: 0.5104 +/- 0.001
INFO:root:Epoch no. 50 of 500 (samples: 483142)
INFO:root:Loss: 0.5102 +/- 0.0009
INFO:root:Epoch no. 51 of 500 (samples: 483142)
INFO:root:Loss: 0.5094 +/- 0.0008
INFO:root:Epoch no. 52 of 500 (samples: 483142)
INFO:root:Loss: 0.5085 +/- 0.0011
INFO:root:Epoch no. 53 of 500 (samples: 483142)
INFO:root:Loss: 0.5085 +/- 0.0009
INFO:root:Epoch no. 54 of 500 (samples: 483142)
INFO:root:Loss: 0.5069 +/- 0.0007
INFO:root:Epoch no. 55 of 500 (samples: 483142)
INFO:root:Loss: 0.5071 +/- 0.0009
INFO:root:Epoch no. 56 of 500 (samples: 483142)
INFO:root:Loss: 0.5065 +/- 0.0011
INFO:root:Epoch no. 57 of 500 (samples: 483142)
INFO:root:Loss: 0.5067 +/- 0.0007
INFO:root:Epoch no. 58 of 500 (samples: 483142)
INFO:root:Loss: 0.5055 +/- 0.0012
INFO:root:Epoch no. 59 of 500 (samples: 483142)
INFO:root:Loss: 0.505 +/- 0.001
INFO:root:Epoch no. 60 of 500 (samples: 483142)
INFO:root:Loss: 0.5045 +/- 0.0011
INFO:root:Epoch no. 61 of 500 (samples: 483142)
INFO:root:Loss: 0.5041 +/- 0.0008
INFO:root:Epoch no. 62 of 500 (samples: 483142)
INFO:root:Loss: 0.5039 +/- 0.0008
INFO:root:Epoch no. 63 of 500 (samples: 483142)
INFO:root:Loss: 0.5036 +/- 0.0009
INFO:root:Epoch no. 64 of 500 (samples: 483142)
INFO:root:Loss: 0.5029 +/- 0.0007
INFO:root:Epoch no. 65 of 500 (samples: 483142)
INFO:root:Loss: 0.5028 +/- 0.0011
INFO:root:Epoch no. 66 of 500 (samples: 483142)
INFO:root:Loss: 0.5027 +/- 0.001
INFO:root:Epoch no. 67 of 500 (samples: 483142)
INFO:root:Loss: 0.5019 +/- 0.0012
INFO:root:Epoch no. 68 of 500 (samples: 483142)
INFO:root:Loss: 0.5016 +/- 0.0012
INFO:root:Epoch no. 69 of 500 (samples: 483142)
INFO:root:Loss: 0.5019 +/- 0.001
INFO:root:Epoch no. 70 of 500 (samples: 483142)
INFO:root:Loss: 0.5015 +/- 0.0012
INFO:root:Epoch no. 71 of 500 (samples: 483142)
INFO:root:Loss: 0.5 +/- 0.0008
INFO:root:Epoch no. 72 of 500 (samples: 483142)
INFO:root:Loss: 0.5 +/- 0.0012
INFO:root:Epoch no. 73 of 500 (samples: 483142)
INFO:root:Loss: 0.5 +/- 0.0009
INFO:root:Epoch no. 74 of 500 (samples: 483142)
INFO:root:Loss: 0.5002 +/- 0.001
INFO:root:Epoch no. 75 of 500 (samples: 483142)
INFO:root:Loss: 0.4997 +/- 0.0013
INFO:root:Epoch no. 76 of 500 (samples: 483142)
INFO:root:Loss: 0.499 +/- 0.0012
INFO:root:Epoch no. 77 of 500 (samples: 483142)
INFO:root:Loss: 0.4985 +/- 0.0009
INFO:root:Epoch no. 78 of 500 (samples: 483142)
INFO:root:Loss: 0.4987 +/- 0.0008
INFO:root:Epoch no. 79 of 500 (samples: 483142)
INFO:root:Loss: 0.4984 +/- 0.0012
INFO:root:Epoch no. 80 of 500 (samples: 483142)
INFO:root:Loss: 0.4979 +/- 0.0009
INFO:root:Epoch no. 81 of 500 (samples: 483142)
INFO:root:Loss: 0.4978 +/- 0.0007
INFO:root:Epoch no. 82 of 500 (samples: 483142)
INFO:root:Loss: 0.497 +/- 0.001
INFO:root:Epoch no. 83 of 500 (samples: 483142)
INFO:root:Loss: 0.4968 +/- 0.001
INFO:root:Epoch no. 84 of 500 (samples: 483142)
INFO:root:Loss: 0.4968 +/- 0.0009
INFO:root:Epoch no. 85 of 500 (samples: 483142)
INFO:root:Loss: 0.4967 +/- 0.0007
INFO:root:Epoch no. 86 of 500 (samples: 483142)
INFO:root:Loss: 0.4961 +/- 0.0009
INFO:root:Epoch no. 87 of 500 (samples: 483142)
INFO:root:Loss: 0.4951 +/- 0.001
INFO:root:Epoch no. 88 of 500 (samples: 483142)
INFO:root:Loss: 0.4957 +/- 0.0014
INFO:root:Epoch no. 89 of 500 (samples: 483142)
INFO:root:Loss: 0.4949 +/- 0.0008
INFO:root:Epoch no. 90 of 500 (samples: 483142)
INFO:root:Loss: 0.495 +/- 0.0015
INFO:root:Epoch no. 91 of 500 (samples: 483142)
INFO:root:Loss: 0.4948 +/- 0.0015
INFO:root:Epoch no. 92 of 500 (samples: 483142)
INFO:root:Loss: 0.4947 +/- 0.0015
INFO:root:Epoch no. 93 of 500 (samples: 483142)
INFO:root:Loss: 0.4944 +/- 0.0007
INFO:root:Epoch no. 94 of 500 (samples: 483142)
INFO:root:Loss: 0.4942 +/- 0.0009
INFO:root:Epoch no. 95 of 500 (samples: 483142)
INFO:root:Loss: 0.4942 +/- 0.001
INFO:root:Epoch no. 96 of 500 (samples: 483142)
INFO:root:Loss: 0.4937 +/- 0.001
INFO:root:Epoch no. 97 of 500 (samples: 483142)
INFO:root:Loss: 0.4935 +/- 0.0008
INFO:root:Epoch no. 98 of 500 (samples: 483142)
INFO:root:Loss: 0.4931 +/- 0.001
INFO:root:Epoch no. 99 of 500 (samples: 483142)
INFO:root:Loss: 0.4933 +/- 0.0007
INFO:root:Epoch no. 100 of 500 (samples: 483142)
INFO:root:Loss: 0.4925 +/- 0.0013
INFO:root:Epoch no. 101 of 500 (samples: 483142)
INFO:root:Loss: 0.4929 +/- 0.0007
INFO:root:Epoch no. 102 of 500 (samples: 483142)
INFO:root:Loss: 0.4922 +/- 0.0011
INFO:root:Epoch no. 103 of 500 (samples: 483142)
INFO:root:Loss: 0.4923 +/- 0.0011
INFO:root:Epoch no. 104 of 500 (samples: 483142)
INFO:root:Loss: 0.4915 +/- 0.0012
INFO:root:Epoch no. 105 of 500 (samples: 483142)
INFO:root:Loss: 0.4917 +/- 0.0009
INFO:root:Epoch no. 106 of 500 (samples: 483142)
INFO:root:Loss: 0.4914 +/- 0.0011
INFO:root:Epoch no. 107 of 500 (samples: 483142)
INFO:root:Loss: 0.4912 +/- 0.0006
INFO:root:Epoch no. 108 of 500 (samples: 483142)
INFO:root:Loss: 0.4906 +/- 0.0009
INFO:root:Epoch no. 109 of 500 (samples: 483142)
INFO:root:Loss: 0.4905 +/- 0.001
INFO:root:Epoch no. 110 of 500 (samples: 483142)
INFO:root:Loss: 0.4902 +/- 0.0007
INFO:root:Epoch no. 111 of 500 (samples: 483142)
INFO:root:Loss: 0.4905 +/- 0.0009
INFO:root:Epoch no. 112 of 500 (samples: 483142)
INFO:root:Loss: 0.4903 +/- 0.0009
INFO:root:Epoch no. 113 of 500 (samples: 483142)
INFO:root:Loss: 0.4899 +/- 0.0008
INFO:root:Epoch no. 114 of 500 (samples: 483142)
INFO:root:Loss: 0.4895 +/- 0.001
INFO:root:Epoch no. 115 of 500 (samples: 483142)
INFO:root:Loss: 0.4898 +/- 0.0014
INFO:root:Epoch no. 116 of 500 (samples: 483142)
INFO:root:Loss: 0.4898 +/- 0.0013
INFO:root:Epoch no. 117 of 500 (samples: 483142)
INFO:root:Loss: 0.4894 +/- 0.0006
INFO:root:Epoch no. 118 of 500 (samples: 483142)
INFO:root:Loss: 0.489 +/- 0.0012
INFO:root:Epoch no. 119 of 500 (samples: 483142)
INFO:root:Loss: 0.4891 +/- 0.0009
INFO:root:Epoch no. 120 of 500 (samples: 483142)
INFO:root:Loss: 0.4882 +/- 0.0008
INFO:root:Epoch no. 121 of 500 (samples: 483142)
INFO:root:Loss: 0.4884 +/- 0.0008
INFO:root:Epoch no. 122 of 500 (samples: 483142)
INFO:root:Loss: 0.4885 +/- 0.0008
INFO:root:Epoch no. 123 of 500 (samples: 483142)
INFO:root:Loss: 0.4886 +/- 0.001
INFO:root:Epoch no. 124 of 500 (samples: 483142)
INFO:root:Loss: 0.4887 +/- 0.001
INFO:root:Epoch no. 125 of 500 (samples: 483142)
INFO:root:Loss: 0.4877 +/- 0.0012
INFO:root:Epoch no. 126 of 500 (samples: 483142)
INFO:root:Loss: 0.488 +/- 0.001
INFO:root:Epoch no. 127 of 500 (samples: 483142)
INFO:root:Loss: 0.4874 +/- 0.0015
INFO:root:Epoch no. 128 of 500 (samples: 483142)
INFO:root:Loss: 0.4876 +/- 0.001
INFO:root:Epoch no. 129 of 500 (samples: 483142)
INFO:root:Loss: 0.4875 +/- 0.001
INFO:root:Epoch no. 130 of 500 (samples: 483142)
INFO:root:Loss: 0.4871 +/- 0.001
INFO:root:Epoch no. 131 of 500 (samples: 483142)
INFO:root:Loss: 0.4871 +/- 0.0011
INFO:root:Epoch no. 132 of 500 (samples: 483142)
INFO:root:Loss: 0.4867 +/- 0.0009
INFO:root:Epoch no. 133 of 500 (samples: 483142)
INFO:root:Loss: 0.487 +/- 0.0007
INFO:root:Epoch no. 134 of 500 (samples: 483142)
INFO:root:Loss: 0.4864 +/- 0.0007
INFO:root:Epoch no. 135 of 500 (samples: 483142)
INFO:root:Loss: 0.4863 +/- 0.0004
INFO:root:Epoch no. 136 of 500 (samples: 483142)
INFO:root:Loss: 0.4858 +/- 0.0009
INFO:root:Epoch no. 137 of 500 (samples: 483142)
INFO:root:Loss: 0.4854 +/- 0.0012
INFO:root:Epoch no. 138 of 500 (samples: 483142)
INFO:root:Loss: 0.4855 +/- 0.0008
INFO:root:Epoch no. 139 of 500 (samples: 483142)
INFO:root:Loss: 0.4854 +/- 0.0009
INFO:root:Epoch no. 140 of 500 (samples: 483142)
INFO:root:Loss: 0.4856 +/- 0.0009
INFO:root:Epoch no. 141 of 500 (samples: 483142)
INFO:root:Loss: 0.4855 +/- 0.0013
INFO:root:Epoch no. 142 of 500 (samples: 483142)
INFO:root:Loss: 0.4854 +/- 0.001
INFO:root:Epoch no. 143 of 500 (samples: 483142)
INFO:root:Loss: 0.4853 +/- 0.0013
INFO:root:Epoch no. 144 of 500 (samples: 483142)
INFO:root:Loss: 0.4848 +/- 0.0015
INFO:root:Epoch no. 145 of 500 (samples: 483142)
INFO:root:Loss: 0.4848 +/- 0.0009
INFO:root:Epoch no. 146 of 500 (samples: 483142)
INFO:root:Loss: 0.4843 +/- 0.0013
INFO:root:Epoch no. 147 of 500 (samples: 483142)
INFO:root:Loss: 0.4845 +/- 0.0009
INFO:root:Epoch no. 148 of 500 (samples: 483142)
INFO:root:Loss: 0.4845 +/- 0.0009
INFO:root:Epoch no. 149 of 500 (samples: 483142)
INFO:root:Loss: 0.4842 +/- 0.0013
INFO:root:Epoch no. 150 of 500 (samples: 483142)
INFO:root:Loss: 0.4841 +/- 0.0009
INFO:root:Epoch no. 151 of 500 (samples: 483142)
INFO:root:Loss: 0.4841 +/- 0.0009
INFO:root:Epoch no. 152 of 500 (samples: 483142)
INFO:root:Loss: 0.4837 +/- 0.0012
INFO:root:Epoch no. 153 of 500 (samples: 483142)
INFO:root:Loss: 0.4837 +/- 0.0009
INFO:root:Epoch no. 154 of 500 (samples: 483142)
INFO:root:Loss: 0.4836 +/- 0.0005
INFO:root:Epoch no. 155 of 500 (samples: 483142)
INFO:root:Loss: 0.4829 +/- 0.0012
INFO:root:Epoch no. 156 of 500 (samples: 483142)
INFO:root:Loss: 0.4832 +/- 0.0005
INFO:root:Epoch no. 157 of 500 (samples: 483142)
INFO:root:Loss: 0.4832 +/- 0.0013
INFO:root:Epoch no. 158 of 500 (samples: 483142)
INFO:root:Loss: 0.4831 +/- 0.0011
INFO:root:Epoch no. 159 of 500 (samples: 483142)
INFO:root:Loss: 0.4829 +/- 0.0008
INFO:root:Epoch no. 160 of 500 (samples: 483142)
INFO:root:Loss: 0.4824 +/- 0.0008
INFO:root:Epoch no. 161 of 500 (samples: 483142)
INFO:root:Loss: 0.4827 +/- 0.0008
INFO:root:Epoch no. 162 of 500 (samples: 483142)
INFO:root:Loss: 0.4824 +/- 0.0009
INFO:root:Epoch no. 163 of 500 (samples: 483142)
INFO:root:Loss: 0.4825 +/- 0.0011
INFO:root:Epoch no. 164 of 500 (samples: 483142)
INFO:root:Loss: 0.4824 +/- 0.0007
INFO:root:Epoch no. 165 of 500 (samples: 483142)
INFO:root:Loss: 0.4823 +/- 0.0009
INFO:root:Epoch no. 166 of 500 (samples: 483142)
INFO:root:Loss: 0.4822 +/- 0.0008
INFO:root:Epoch no. 167 of 500 (samples: 483142)
INFO:root:Loss: 0.4821 +/- 0.0009
INFO:root:Epoch no. 168 of 500 (samples: 483142)
INFO:root:Loss: 0.4818 +/- 0.001
INFO:root:Epoch no. 169 of 500 (samples: 483142)
INFO:root:Loss: 0.4816 +/- 0.001
INFO:root:Epoch no. 170 of 500 (samples: 483142)
INFO:root:Loss: 0.481 +/- 0.0013
INFO:root:Epoch no. 171 of 500 (samples: 483142)
INFO:root:Loss: 0.4817 +/- 0.001
INFO:root:Epoch no. 172 of 500 (samples: 483142)
INFO:root:Loss: 0.4811 +/- 0.0009
INFO:root:Epoch no. 173 of 500 (samples: 483142)
INFO:root:Loss: 0.4813 +/- 0.0009
INFO:root:Epoch no. 174 of 500 (samples: 483142)
INFO:root:Loss: 0.481 +/- 0.0012
INFO:root:Epoch no. 175 of 500 (samples: 483142)
INFO:root:Loss: 0.4803 +/- 0.0007
INFO:root:Epoch no. 176 of 500 (samples: 483142)
INFO:root:Loss: 0.4807 +/- 0.0011
INFO:root:Epoch no. 177 of 500 (samples: 483142)
INFO:root:Loss: 0.4805 +/- 0.0013
INFO:root:Epoch no. 178 of 500 (samples: 483142)
INFO:root:Loss: 0.4803 +/- 0.0009
INFO:root:Epoch no. 179 of 500 (samples: 483142)
INFO:root:Loss: 0.48 +/- 0.0009
INFO:root:Epoch no. 180 of 500 (samples: 483142)
INFO:root:Loss: 0.4803 +/- 0.0011
INFO:root:Epoch no. 181 of 500 (samples: 483142)
INFO:root:Loss: 0.4807 +/- 0.0008
INFO:root:Epoch no. 182 of 500 (samples: 483142)
INFO:root:Loss: 0.4799 +/- 0.0005
INFO:root:Epoch no. 183 of 500 (samples: 483142)
INFO:root:Loss: 0.4801 +/- 0.0011
INFO:root:Epoch no. 184 of 500 (samples: 483142)
INFO:root:Loss: 0.4803 +/- 0.001
INFO:root:Epoch no. 185 of 500 (samples: 483142)
INFO:root:Loss: 0.4799 +/- 0.0014
INFO:root:Epoch no. 186 of 500 (samples: 483142)
INFO:root:Loss: 0.4801 +/- 0.0011
INFO:root:Epoch no. 187 of 500 (samples: 483142)
INFO:root:Loss: 0.4795 +/- 0.0012
INFO:root:Epoch no. 188 of 500 (samples: 483142)
INFO:root:Loss: 0.4792 +/- 0.0008
INFO:root:Epoch no. 189 of 500 (samples: 483142)
INFO:root:Loss: 0.4794 +/- 0.0005
INFO:root:Epoch no. 190 of 500 (samples: 483142)
INFO:root:Loss: 0.4793 +/- 0.0014
INFO:root:Epoch no. 191 of 500 (samples: 483142)
INFO:root:Loss: 0.4792 +/- 0.0008
INFO:root:Epoch no. 192 of 500 (samples: 483142)
INFO:root:Loss: 0.4788 +/- 0.0011
INFO:root:Epoch no. 193 of 500 (samples: 483142)
INFO:root:Loss: 0.4783 +/- 0.0008
INFO:root:Epoch no. 194 of 500 (samples: 483142)
INFO:root:Loss: 0.4788 +/- 0.0009
INFO:root:Epoch no. 195 of 500 (samples: 483142)
INFO:root:Loss: 0.4786 +/- 0.0009
INFO:root:Epoch no. 196 of 500 (samples: 483142)
INFO:root:Loss: 0.4788 +/- 0.0007
INFO:root:Epoch no. 197 of 500 (samples: 483142)
INFO:root:Loss: 0.4784 +/- 0.0015
INFO:root:Epoch no. 198 of 500 (samples: 483142)
INFO:root:Loss: 0.4785 +/- 0.0013
INFO:root:Epoch no. 199 of 500 (samples: 483142)
INFO:root:Loss: 0.4785 +/- 0.0009
INFO:root:Epoch no. 200 of 500 (samples: 483142)
INFO:root:Loss: 0.4783 +/- 0.0011
INFO:root:Epoch no. 201 of 500 (samples: 483142)
INFO:root:Loss: 0.4782 +/- 0.001
INFO:root:Epoch no. 202 of 500 (samples: 483142)
INFO:root:Loss: 0.4777 +/- 0.0008
INFO:root:Epoch no. 203 of 500 (samples: 483142)
INFO:root:Loss: 0.478 +/- 0.0012
INFO:root:Epoch no. 204 of 500 (samples: 483142)
INFO:root:Loss: 0.4781 +/- 0.0008
INFO:root:Epoch no. 205 of 500 (samples: 483142)
INFO:root:Loss: 0.4774 +/- 0.0011
INFO:root:Epoch no. 206 of 500 (samples: 483142)
INFO:root:Loss: 0.4774 +/- 0.0014
INFO:root:Epoch no. 207 of 500 (samples: 483142)
INFO:root:Loss: 0.4777 +/- 0.0009
INFO:root:Epoch no. 208 of 500 (samples: 483142)
INFO:root:Loss: 0.4776 +/- 0.0014
INFO:root:Epoch no. 209 of 500 (samples: 483142)
INFO:root:Loss: 0.4771 +/- 0.0013
INFO:root:Epoch no. 210 of 500 (samples: 483142)
INFO:root:Loss: 0.4772 +/- 0.0012
INFO:root:Epoch no. 211 of 500 (samples: 483142)
INFO:root:Loss: 0.4775 +/- 0.0011
INFO:root:Epoch no. 212 of 500 (samples: 483142)
INFO:root:Loss: 0.4767 +/- 0.0015
INFO:root:Epoch no. 213 of 500 (samples: 483142)
INFO:root:Loss: 0.4769 +/- 0.0007
INFO:root:Epoch no. 214 of 500 (samples: 483142)
INFO:root:Loss: 0.4767 +/- 0.001
INFO:root:Epoch no. 215 of 500 (samples: 483142)
INFO:root:Loss: 0.4769 +/- 0.0011
INFO:root:Epoch no. 216 of 500 (samples: 483142)
INFO:root:Loss: 0.477 +/- 0.001
INFO:root:Epoch no. 217 of 500 (samples: 483142)
INFO:root:Loss: 0.4767 +/- 0.0008
INFO:root:Epoch no. 218 of 500 (samples: 483142)
INFO:root:Loss: 0.4763 +/- 0.001
INFO:root:Epoch no. 219 of 500 (samples: 483142)
INFO:root:Loss: 0.4768 +/- 0.0009
INFO:root:Epoch no. 220 of 500 (samples: 483142)
INFO:root:Loss: 0.477 +/- 0.0012
INFO:root:Epoch no. 221 of 500 (samples: 483142)
INFO:root:Loss: 0.4766 +/- 0.001
INFO:root:Epoch no. 222 of 500 (samples: 483142)
INFO:root:Loss: 0.4758 +/- 0.0013
INFO:root:Epoch no. 223 of 500 (samples: 483142)
INFO:root:Loss: 0.4762 +/- 0.001
INFO:root:Epoch no. 224 of 500 (samples: 483142)
INFO:root:Loss: 0.4761 +/- 0.0012
INFO:root:Epoch no. 225 of 500 (samples: 483142)
INFO:root:Loss: 0.4758 +/- 0.0013
INFO:root:Epoch no. 226 of 500 (samples: 483142)
INFO:root:Loss: 0.4758 +/- 0.0011
INFO:root:Epoch no. 227 of 500 (samples: 483142)
INFO:root:Loss: 0.4754 +/- 0.0016
INFO:root:Epoch no. 228 of 500 (samples: 483142)
INFO:root:Loss: 0.4757 +/- 0.0011
INFO:root:Epoch no. 229 of 500 (samples: 483142)
INFO:root:Loss: 0.4758 +/- 0.0013
INFO:root:Epoch no. 230 of 500 (samples: 483142)
INFO:root:Loss: 0.4749 +/- 0.001
INFO:root:Epoch no. 231 of 500 (samples: 483142)
INFO:root:Loss: 0.4752 +/- 0.001
INFO:root:Epoch no. 232 of 500 (samples: 483142)
INFO:root:Loss: 0.475 +/- 0.0014
INFO:root:Epoch no. 233 of 500 (samples: 483142)
INFO:root:Loss: 0.4754 +/- 0.001
INFO:root:Epoch no. 234 of 500 (samples: 483142)
INFO:root:Loss: 0.4754 +/- 0.0014
INFO:root:Epoch no. 235 of 500 (samples: 483142)
INFO:root:Loss: 0.4752 +/- 0.0008
INFO:root:Epoch no. 236 of 500 (samples: 483142)
INFO:root:Loss: 0.4749 +/- 0.0017
INFO:root:Epoch no. 237 of 500 (samples: 483142)
INFO:root:Loss: 0.4754 +/- 0.001
INFO:root:Epoch no. 238 of 500 (samples: 483142)
INFO:root:Loss: 0.4745 +/- 0.0011
INFO:root:Epoch no. 239 of 500 (samples: 483142)
INFO:root:Loss: 0.4744 +/- 0.0006
INFO:root:Epoch no. 240 of 500 (samples: 483142)
INFO:root:Loss: 0.4751 +/- 0.0011
INFO:root:Epoch no. 241 of 500 (samples: 483142)
INFO:root:Loss: 0.4746 +/- 0.0013
INFO:root:Epoch no. 242 of 500 (samples: 483142)
INFO:root:Loss: 0.4742 +/- 0.0011
INFO:root:Epoch no. 243 of 500 (samples: 483142)
INFO:root:Loss: 0.475 +/- 0.0007
INFO:root:Epoch no. 244 of 500 (samples: 483142)
INFO:root:Loss: 0.4748 +/- 0.001
INFO:root:Epoch no. 245 of 500 (samples: 483142)
INFO:root:Loss: 0.4746 +/- 0.001
INFO:root:Epoch no. 246 of 500 (samples: 483142)
INFO:root:Loss: 0.4741 +/- 0.0007
INFO:root:Epoch no. 247 of 500 (samples: 483142)
INFO:root:Loss: 0.4742 +/- 0.0009
INFO:root:Epoch no. 248 of 500 (samples: 483142)
INFO:root:Loss: 0.4742 +/- 0.0004
INFO:root:Epoch no. 249 of 500 (samples: 483142)
INFO:root:Loss: 0.4738 +/- 0.0012
INFO:root:Epoch no. 250 of 500 (samples: 483142)
INFO:root:Loss: 0.4743 +/- 0.0011
INFO:root:Epoch no. 251 of 500 (samples: 483142)
INFO:root:Loss: 0.4743 +/- 0.001
INFO:root:Epoch no. 252 of 500 (samples: 483142)
INFO:root:Loss: 0.4738 +/- 0.0014
INFO:root:Epoch no. 253 of 500 (samples: 483142)
INFO:root:Loss: 0.4737 +/- 0.0014
INFO:root:Epoch no. 254 of 500 (samples: 483142)
INFO:root:Loss: 0.4736 +/- 0.0009
INFO:root:Epoch no. 255 of 500 (samples: 483142)
INFO:root:Loss: 0.4733 +/- 0.0009
INFO:root:Epoch no. 256 of 500 (samples: 483142)
INFO:root:Loss: 0.4736 +/- 0.001
INFO:root:Epoch no. 257 of 500 (samples: 483142)
INFO:root:Loss: 0.4731 +/- 0.0012
INFO:root:Epoch no. 258 of 500 (samples: 483142)
INFO:root:Loss: 0.4726 +/- 0.0008
INFO:root:Epoch no. 259 of 500 (samples: 483142)
INFO:root:Loss: 0.4733 +/- 0.0007
INFO:root:Epoch no. 260 of 500 (samples: 483142)
INFO:root:Loss: 0.4734 +/- 0.0007
INFO:root:Epoch no. 261 of 500 (samples: 483142)
INFO:root:Loss: 0.4728 +/- 0.0008
INFO:root:Epoch no. 262 of 500 (samples: 483142)
INFO:root:Loss: 0.4732 +/- 0.0006
INFO:root:Epoch no. 263 of 500 (samples: 483142)
INFO:root:Loss: 0.4725 +/- 0.0007
INFO:root:Epoch no. 264 of 500 (samples: 483142)
INFO:root:Loss: 0.4731 +/- 0.001
INFO:root:Epoch no. 265 of 500 (samples: 483142)
INFO:root:Loss: 0.4727 +/- 0.0011
INFO:root:Epoch no. 266 of 500 (samples: 483142)
INFO:root:Loss: 0.4717 +/- 0.0011
INFO:root:Epoch no. 267 of 500 (samples: 483142)
INFO:root:Loss: 0.4728 +/- 0.0011
INFO:root:Epoch no. 268 of 500 (samples: 483142)
INFO:root:Loss: 0.4724 +/- 0.0012
INFO:root:Epoch no. 269 of 500 (samples: 483142)
INFO:root:Loss: 0.4728 +/- 0.0012
INFO:root:Epoch no. 270 of 500 (samples: 483142)
INFO:root:Loss: 0.4724 +/- 0.0011
INFO:root:Epoch no. 271 of 500 (samples: 483142)
INFO:root:Loss: 0.4721 +/- 0.0012
INFO:root:Epoch no. 272 of 500 (samples: 483142)
INFO:root:Loss: 0.472 +/- 0.0013
INFO:root:Epoch no. 273 of 500 (samples: 483142)
INFO:root:Loss: 0.4725 +/- 0.0015
INFO:root:Epoch no. 274 of 500 (samples: 483142)
INFO:root:Loss: 0.4721 +/- 0.0015
INFO:root:Epoch no. 275 of 500 (samples: 483142)
INFO:root:Loss: 0.472 +/- 0.0011
INFO:root:Epoch no. 276 of 500 (samples: 483142)
INFO:root:Loss: 0.472 +/- 0.0012
INFO:root:Epoch no. 277 of 500 (samples: 483142)
INFO:root:Loss: 0.4719 +/- 0.0011
INFO:root:Epoch no. 278 of 500 (samples: 483142)
INFO:root:Loss: 0.4718 +/- 0.0006
INFO:root:Epoch no. 279 of 500 (samples: 483142)
INFO:root:Loss: 0.4724 +/- 0.0011
INFO:root:Epoch no. 280 of 500 (samples: 483142)
INFO:root:Loss: 0.472 +/- 0.0011
INFO:root:Epoch no. 281 of 500 (samples: 483142)
INFO:root:Loss: 0.4716 +/- 0.0013
INFO:root:Epoch no. 282 of 500 (samples: 483142)
INFO:root:Loss: 0.4715 +/- 0.0008
INFO:root:Epoch no. 283 of 500 (samples: 483142)
INFO:root:Loss: 0.4713 +/- 0.0012
INFO:root:Epoch no. 284 of 500 (samples: 483142)
INFO:root:Loss: 0.4718 +/- 0.0012
INFO:root:Epoch no. 285 of 500 (samples: 483142)
INFO:root:Loss: 0.4717 +/- 0.0009
INFO:root:Epoch no. 286 of 500 (samples: 483142)
INFO:root:Loss: 0.4714 +/- 0.0007
INFO:root:Epoch no. 287 of 500 (samples: 483142)
INFO:root:Loss: 0.4712 +/- 0.0006
INFO:root:Epoch no. 288 of 500 (samples: 483142)
INFO:root:Loss: 0.4714 +/- 0.001
INFO:root:Epoch no. 289 of 500 (samples: 483142)
INFO:root:Loss: 0.4707 +/- 0.0007
INFO:root:Epoch no. 290 of 500 (samples: 483142)
INFO:root:Loss: 0.471 +/- 0.001
INFO:root:Epoch no. 291 of 500 (samples: 483142)
INFO:root:Loss: 0.4714 +/- 0.0012
INFO:root:Epoch no. 292 of 500 (samples: 483142)
INFO:root:Loss: 0.4713 +/- 0.0008
INFO:root:Epoch no. 293 of 500 (samples: 483142)
INFO:root:Loss: 0.4706 +/- 0.0011
INFO:root:Epoch no. 294 of 500 (samples: 483142)
INFO:root:Loss: 0.4715 +/- 0.0009
INFO:root:Epoch no. 295 of 500 (samples: 483142)
INFO:root:Loss: 0.4709 +/- 0.001
INFO:root:Epoch no. 296 of 500 (samples: 483142)
INFO:root:Loss: 0.4708 +/- 0.0011
INFO:root:Epoch no. 297 of 500 (samples: 483142)
INFO:root:Loss: 0.4707 +/- 0.0009
INFO:root:Epoch no. 298 of 500 (samples: 483142)
INFO:root:Loss: 0.471 +/- 0.0011
INFO:root:Epoch no. 299 of 500 (samples: 483142)
INFO:root:Loss: 0.4706 +/- 0.0012
INFO:root:Epoch no. 300 of 500 (samples: 483142)
INFO:root:Loss: 0.4707 +/- 0.0009
INFO:root:Epoch no. 301 of 500 (samples: 483142)
INFO:root:Loss: 0.4704 +/- 0.001
INFO:root:Epoch no. 302 of 500 (samples: 483142)
INFO:root:Loss: 0.4699 +/- 0.0012
INFO:root:Epoch no. 303 of 500 (samples: 483142)
INFO:root:Loss: 0.4711 +/- 0.0007
INFO:root:Epoch no. 304 of 500 (samples: 483142)
INFO:root:Loss: 0.47 +/- 0.0011
INFO:root:Epoch no. 305 of 500 (samples: 483142)
INFO:root:Loss: 0.4702 +/- 0.001
INFO:root:Epoch no. 306 of 500 (samples: 483142)
INFO:root:Loss: 0.4707 +/- 0.0013
INFO:root:Epoch no. 307 of 500 (samples: 483142)
INFO:root:Loss: 0.47 +/- 0.0009
INFO:root:Epoch no. 308 of 500 (samples: 483142)
INFO:root:Loss: 0.4698 +/- 0.0007
INFO:root:Epoch no. 309 of 500 (samples: 483142)
INFO:root:Loss: 0.4702 +/- 0.0015
INFO:root:Epoch no. 310 of 500 (samples: 483142)
INFO:root:Loss: 0.4697 +/- 0.0013
INFO:root:Epoch no. 311 of 500 (samples: 483142)
INFO:root:Loss: 0.47 +/- 0.0013
INFO:root:Epoch no. 312 of 500 (samples: 483142)
INFO:root:Loss: 0.47 +/- 0.0007
INFO:root:Epoch no. 313 of 500 (samples: 483142)
INFO:root:Loss: 0.4696 +/- 0.0011
INFO:root:Epoch no. 314 of 500 (samples: 483142)
INFO:root:Loss: 0.4697 +/- 0.0009
INFO:root:Epoch no. 315 of 500 (samples: 483142)
INFO:root:Loss: 0.47 +/- 0.0009
INFO:root:Epoch no. 316 of 500 (samples: 483142)
INFO:root:Loss: 0.4696 +/- 0.0012
INFO:root:Epoch no. 317 of 500 (samples: 483142)
INFO:root:Loss: 0.4696 +/- 0.0016
INFO:root:Epoch no. 318 of 500 (samples: 483142)
INFO:root:Loss: 0.4699 +/- 0.0009
INFO:root:Epoch no. 319 of 500 (samples: 483142)
INFO:root:Loss: 0.4696 +/- 0.0009
INFO:root:Epoch no. 320 of 500 (samples: 483142)
INFO:root:Loss: 0.4693 +/- 0.0014
INFO:root:Epoch no. 321 of 500 (samples: 483142)
INFO:root:Loss: 0.4694 +/- 0.0007
INFO:root:Epoch no. 322 of 500 (samples: 483142)
INFO:root:Loss: 0.4689 +/- 0.0008
INFO:root:Epoch no. 323 of 500 (samples: 483142)
INFO:root:Loss: 0.4694 +/- 0.0011
INFO:root:Epoch no. 324 of 500 (samples: 483142)
INFO:root:Loss: 0.4694 +/- 0.001
INFO:root:Epoch no. 325 of 500 (samples: 483142)
INFO:root:Loss: 0.4687 +/- 0.001
INFO:root:Epoch no. 326 of 500 (samples: 483142)
INFO:root:Loss: 0.4691 +/- 0.0011
INFO:root:Epoch no. 327 of 500 (samples: 483142)
INFO:root:Loss: 0.4694 +/- 0.0011
INFO:root:Epoch no. 328 of 500 (samples: 483142)
INFO:root:Loss: 0.4698 +/- 0.001
INFO:root:Epoch no. 329 of 500 (samples: 483142)
INFO:root:Loss: 0.4689 +/- 0.0008
INFO:root:Epoch no. 330 of 500 (samples: 483142)
INFO:root:Loss: 0.4693 +/- 0.0013
INFO:root:Epoch no. 331 of 500 (samples: 483142)
INFO:root:Loss: 0.4689 +/- 0.0008
INFO:root:Epoch no. 332 of 500 (samples: 483142)
INFO:root:Loss: 0.4686 +/- 0.0015
INFO:root:Epoch no. 333 of 500 (samples: 483142)
INFO:root:Loss: 0.4693 +/- 0.0013
INFO:root:Epoch no. 334 of 500 (samples: 483142)
INFO:root:Loss: 0.4683 +/- 0.0008
INFO:root:Epoch no. 335 of 500 (samples: 483142)
INFO:root:Loss: 0.4694 +/- 0.0013
INFO:root:Epoch no. 336 of 500 (samples: 483142)
INFO:root:Loss: 0.4688 +/- 0.0013
INFO:root:Epoch no. 337 of 500 (samples: 483142)
INFO:root:Loss: 0.4682 +/- 0.0009
INFO:root:Epoch no. 338 of 500 (samples: 483142)
INFO:root:Loss: 0.4682 +/- 0.0006
INFO:root:Epoch no. 339 of 500 (samples: 483142)
INFO:root:Loss: 0.4683 +/- 0.0014
INFO:root:Epoch no. 340 of 500 (samples: 483142)
INFO:root:Loss: 0.4683 +/- 0.0014
INFO:root:Epoch no. 341 of 500 (samples: 483142)
INFO:root:Loss: 0.4681 +/- 0.0011
INFO:root:Epoch no. 342 of 500 (samples: 483142)
INFO:root:Loss: 0.4682 +/- 0.001
INFO:root:Epoch no. 343 of 500 (samples: 483142)
INFO:root:Loss: 0.4686 +/- 0.0013
INFO:root:Epoch no. 344 of 500 (samples: 483142)
INFO:root:Loss: 0.4679 +/- 0.0009
INFO:root:Epoch no. 345 of 500 (samples: 483142)
INFO:root:Loss: 0.468 +/- 0.001
INFO:root:Epoch no. 346 of 500 (samples: 483142)
INFO:root:Loss: 0.4677 +/- 0.0016
INFO:root:Epoch no. 347 of 500 (samples: 483142)
INFO:root:Loss: 0.4678 +/- 0.001
INFO:root:Epoch no. 348 of 500 (samples: 483142)
INFO:root:Loss: 0.4678 +/- 0.0012
INFO:root:Epoch no. 349 of 500 (samples: 483142)
INFO:root:Loss: 0.4681 +/- 0.0008
INFO:root:Epoch no. 350 of 500 (samples: 483142)
INFO:root:Loss: 0.4679 +/- 0.0009
INFO:root:Epoch no. 351 of 500 (samples: 483142)
INFO:root:Loss: 0.4672 +/- 0.0009
INFO:root:Epoch no. 352 of 500 (samples: 483142)
INFO:root:Loss: 0.4674 +/- 0.0009
INFO:root:Epoch no. 353 of 500 (samples: 483142)
INFO:root:Loss: 0.4676 +/- 0.0011
INFO:root:Epoch no. 354 of 500 (samples: 483142)
INFO:root:Loss: 0.4675 +/- 0.0009
INFO:root:Epoch no. 355 of 500 (samples: 483142)
INFO:root:Loss: 0.4673 +/- 0.001
INFO:root:Epoch no. 356 of 500 (samples: 483142)
INFO:root:Loss: 0.4673 +/- 0.0011
INFO:root:Epoch no. 357 of 500 (samples: 483142)
INFO:root:Loss: 0.4677 +/- 0.0006
INFO:root:Epoch no. 358 of 500 (samples: 483142)
INFO:root:Loss: 0.4677 +/- 0.0011
INFO:root:Epoch no. 359 of 500 (samples: 483142)
INFO:root:Loss: 0.4673 +/- 0.0019
INFO:root:Epoch no. 360 of 500 (samples: 483142)
INFO:root:Loss: 0.4671 +/- 0.0012
INFO:root:Epoch no. 361 of 500 (samples: 483142)
INFO:root:Loss: 0.4676 +/- 0.0013
INFO:root:Epoch no. 362 of 500 (samples: 483142)
INFO:root:Loss: 0.4673 +/- 0.0012
INFO:root:Epoch no. 363 of 500 (samples: 483142)
INFO:root:Loss: 0.4669 +/- 0.0011
INFO:root:Epoch no. 364 of 500 (samples: 483142)
INFO:root:Loss: 0.4665 +/- 0.0008
INFO:root:Epoch no. 365 of 500 (samples: 483142)
INFO:root:Loss: 0.4667 +/- 0.0008
INFO:root:Epoch no. 366 of 500 (samples: 483142)
INFO:root:Loss: 0.4669 +/- 0.0009
INFO:root:Epoch no. 367 of 500 (samples: 483142)
INFO:root:Loss: 0.4672 +/- 0.0009
INFO:root:Epoch no. 368 of 500 (samples: 483142)
INFO:root:Loss: 0.4669 +/- 0.0009
INFO:root:Epoch no. 369 of 500 (samples: 483142)
INFO:root:Loss: 0.4665 +/- 0.0009
INFO:root:Epoch no. 370 of 500 (samples: 483142)
INFO:root:Loss: 0.4669 +/- 0.0014
INFO:root:Epoch no. 371 of 500 (samples: 483142)
INFO:root:Loss: 0.4662 +/- 0.0011
INFO:root:Epoch no. 372 of 500 (samples: 483142)
INFO:root:Loss: 0.4667 +/- 0.0013
INFO:root:Epoch no. 373 of 500 (samples: 483142)
INFO:root:Loss: 0.4667 +/- 0.0011
INFO:root:Epoch no. 374 of 500 (samples: 483142)
INFO:root:Loss: 0.4663 +/- 0.001
INFO:root:Epoch no. 375 of 500 (samples: 483142)
INFO:root:Loss: 0.4663 +/- 0.0014
INFO:root:Epoch no. 376 of 500 (samples: 483142)
INFO:root:Loss: 0.467 +/- 0.0013
INFO:root:Epoch no. 377 of 500 (samples: 483142)
INFO:root:Loss: 0.4663 +/- 0.0011
INFO:root:Epoch no. 378 of 500 (samples: 483142)
INFO:root:Loss: 0.4664 +/- 0.0007
INFO:root:Epoch no. 379 of 500 (samples: 483142)
INFO:root:Loss: 0.4666 +/- 0.0012
INFO:root:Epoch no. 380 of 500 (samples: 483142)
INFO:root:Loss: 0.4664 +/- 0.0011
INFO:root:Epoch no. 381 of 500 (samples: 483142)
INFO:root:Loss: 0.4666 +/- 0.0009
INFO:root:Epoch no. 382 of 500 (samples: 483142)
INFO:root:Loss: 0.4663 +/- 0.001
INFO:root:Epoch no. 383 of 500 (samples: 483142)
INFO:root:Loss: 0.4659 +/- 0.0011
INFO:root:Epoch no. 384 of 500 (samples: 483142)
INFO:root:Loss: 0.4659 +/- 0.0011
INFO:root:Epoch no. 385 of 500 (samples: 483142)
INFO:root:Loss: 0.4664 +/- 0.001
INFO:root:Epoch no. 386 of 500 (samples: 483142)
INFO:root:Loss: 0.4664 +/- 0.0012
INFO:root:Epoch no. 387 of 500 (samples: 483142)
INFO:root:Loss: 0.4663 +/- 0.0012
INFO:root:Epoch no. 388 of 500 (samples: 483142)
INFO:root:Loss: 0.4659 +/- 0.0009
INFO:root:Epoch no. 389 of 500 (samples: 483142)
INFO:root:Loss: 0.4665 +/- 0.0017
INFO:root:Epoch no. 390 of 500 (samples: 483142)
INFO:root:Loss: 0.4658 +/- 0.0011
INFO:root:Epoch no. 391 of 500 (samples: 483142)
INFO:root:Loss: 0.4661 +/- 0.0011
INFO:root:Epoch no. 392 of 500 (samples: 483142)
INFO:root:Loss: 0.4662 +/- 0.0016
INFO:root:Epoch no. 393 of 500 (samples: 483142)
INFO:root:Loss: 0.4665 +/- 0.0008
INFO:root:Epoch no. 394 of 500 (samples: 483142)
INFO:root:Loss: 0.4657 +/- 0.0009
INFO:root:Epoch no. 395 of 500 (samples: 483142)
INFO:root:Loss: 0.4658 +/- 0.0009
INFO:root:Epoch no. 396 of 500 (samples: 483142)
INFO:root:Loss: 0.4659 +/- 0.0008
INFO:root:Epoch no. 397 of 500 (samples: 483142)
INFO:root:Loss: 0.4656 +/- 0.001
INFO:root:Epoch no. 398 of 500 (samples: 483142)
INFO:root:Loss: 0.4657 +/- 0.0009
INFO:root:Epoch no. 399 of 500 (samples: 483142)
INFO:root:Loss: 0.4653 +/- 0.0008
INFO:root:Epoch no. 400 of 500 (samples: 483142)
INFO:root:Loss: 0.4652 +/- 0.0011
INFO:root:Epoch no. 401 of 500 (samples: 483142)
INFO:root:Loss: 0.4655 +/- 0.0008
INFO:root:Epoch no. 402 of 500 (samples: 483142)
INFO:root:Loss: 0.4656 +/- 0.0008
INFO:root:Epoch no. 403 of 500 (samples: 483142)
INFO:root:Loss: 0.4661 +/- 0.0014
INFO:root:Epoch no. 404 of 500 (samples: 483142)
INFO:root:Loss: 0.4665 +/- 0.0008
INFO:root:Epoch no. 405 of 500 (samples: 483142)
INFO:root:Loss: 0.4653 +/- 0.0015
INFO:root:Epoch no. 406 of 500 (samples: 483142)
INFO:root:Loss: 0.4655 +/- 0.0007
INFO:root:Epoch no. 407 of 500 (samples: 483142)
INFO:root:Loss: 0.4652 +/- 0.0009
INFO:root:Epoch no. 408 of 500 (samples: 483142)
INFO:root:Loss: 0.4652 +/- 0.001
INFO:root:Epoch no. 409 of 500 (samples: 483142)
INFO:root:Loss: 0.4654 +/- 0.0008
INFO:root:Epoch no. 410 of 500 (samples: 483142)
INFO:root:Loss: 0.4656 +/- 0.0008
INFO:root:Epoch no. 411 of 500 (samples: 483142)
INFO:root:Loss: 0.4648 +/- 0.0013
INFO:root:Epoch no. 412 of 500 (samples: 483142)
INFO:root:Loss: 0.4654 +/- 0.0014
INFO:root:Epoch no. 413 of 500 (samples: 483142)
INFO:root:Loss: 0.4649 +/- 0.001
INFO:root:Epoch no. 414 of 500 (samples: 483142)
INFO:root:Loss: 0.4654 +/- 0.0014
INFO:root:Epoch no. 415 of 500 (samples: 483142)
INFO:root:Loss: 0.4652 +/- 0.0015
INFO:root:Epoch no. 416 of 500 (samples: 483142)
INFO:root:Loss: 0.4649 +/- 0.0007
INFO:root:Epoch no. 417 of 500 (samples: 483142)
INFO:root:Loss: 0.4653 +/- 0.0009
INFO:root:Epoch no. 418 of 500 (samples: 483142)
INFO:root:Loss: 0.4646 +/- 0.0012
INFO:root:Epoch no. 419 of 500 (samples: 483142)
INFO:root:Loss: 0.4642 +/- 0.0011
INFO:root:Epoch no. 420 of 500 (samples: 483142)
INFO:root:Loss: 0.4649 +/- 0.0006
INFO:root:Epoch no. 421 of 500 (samples: 483142)
INFO:root:Loss: 0.4647 +/- 0.0009
INFO:root:Epoch no. 422 of 500 (samples: 483142)
INFO:root:Loss: 0.4638 +/- 0.0011
INFO:root:Epoch no. 423 of 500 (samples: 483142)
INFO:root:Loss: 0.465 +/- 0.0011
INFO:root:Epoch no. 424 of 500 (samples: 483142)
INFO:root:Loss: 0.4648 +/- 0.0009
INFO:root:Epoch no. 425 of 500 (samples: 483142)
INFO:root:Loss: 0.465 +/- 0.0009
INFO:root:Epoch no. 426 of 500 (samples: 483142)
INFO:root:Loss: 0.4646 +/- 0.0013
INFO:root:Epoch no. 427 of 500 (samples: 483142)
INFO:root:Loss: 0.4645 +/- 0.0011
INFO:root:Epoch no. 428 of 500 (samples: 483142)
INFO:root:Loss: 0.4644 +/- 0.0017
INFO:root:Epoch no. 429 of 500 (samples: 483142)
INFO:root:Loss: 0.4643 +/- 0.0011
INFO:root:Epoch no. 430 of 500 (samples: 483142)
INFO:root:Loss: 0.4644 +/- 0.001
INFO:root:Epoch no. 431 of 500 (samples: 483142)
INFO:root:Loss: 0.4641 +/- 0.0013
INFO:root:Epoch no. 432 of 500 (samples: 483142)
INFO:root:Loss: 0.464 +/- 0.0013
INFO:root:Epoch no. 433 of 500 (samples: 483142)
INFO:root:Loss: 0.4642 +/- 0.0014
INFO:root:Epoch no. 434 of 500 (samples: 483142)
INFO:root:Loss: 0.4639 +/- 0.0013
INFO:root:Epoch no. 435 of 500 (samples: 483142)
INFO:root:Loss: 0.4642 +/- 0.001
INFO:root:Epoch no. 436 of 500 (samples: 483142)
INFO:root:Loss: 0.4646 +/- 0.0012
INFO:root:Epoch no. 437 of 500 (samples: 483142)
INFO:root:Loss: 0.4638 +/- 0.001
INFO:root:Epoch no. 438 of 500 (samples: 483142)
INFO:root:Loss: 0.4643 +/- 0.0012
INFO:root:Epoch no. 439 of 500 (samples: 483142)
INFO:root:Loss: 0.464 +/- 0.0012
INFO:root:Epoch no. 440 of 500 (samples: 483142)
INFO:root:Loss: 0.4637 +/- 0.0012
INFO:root:Epoch no. 441 of 500 (samples: 483142)
INFO:root:Loss: 0.4641 +/- 0.0013
INFO:root:Epoch no. 442 of 500 (samples: 483142)
INFO:root:Loss: 0.4636 +/- 0.0013
INFO:root:Epoch no. 443 of 500 (samples: 483142)
INFO:root:Loss: 0.4634 +/- 0.0016
INFO:root:Epoch no. 444 of 500 (samples: 483142)
INFO:root:Loss: 0.4641 +/- 0.0014
INFO:root:Epoch no. 445 of 500 (samples: 483142)
INFO:root:Loss: 0.4637 +/- 0.0018
INFO:root:Epoch no. 446 of 500 (samples: 483142)
INFO:root:Loss: 0.464 +/- 0.0016
INFO:root:Epoch no. 447 of 500 (samples: 483142)
INFO:root:Loss: 0.4642 +/- 0.0011
INFO:root:Epoch no. 448 of 500 (samples: 483142)
INFO:root:Loss: 0.4641 +/- 0.0009
INFO:root:Epoch no. 449 of 500 (samples: 483142)
INFO:root:Loss: 0.4639 +/- 0.0009
INFO:root:Epoch no. 450 of 500 (samples: 483142)
INFO:root:Loss: 0.4639 +/- 0.0008
INFO:root:Epoch no. 451 of 500 (samples: 483142)
INFO:root:Loss: 0.4636 +/- 0.0007
INFO:root:Epoch no. 452 of 500 (samples: 483142)
INFO:root:Loss: 0.4638 +/- 0.0008
INFO:root:Epoch no. 453 of 500 (samples: 483142)
INFO:root:Loss: 0.4636 +/- 0.0011
INFO:root:Epoch no. 454 of 500 (samples: 483142)
INFO:root:Loss: 0.4639 +/- 0.0014
INFO:root:Epoch no. 455 of 500 (samples: 483142)
INFO:root:Loss: 0.4634 +/- 0.0013
INFO:root:Epoch no. 456 of 500 (samples: 483142)
INFO:root:Loss: 0.4636 +/- 0.001
INFO:root:Epoch no. 457 of 500 (samples: 483142)
INFO:root:Loss: 0.4636 +/- 0.0009
INFO:root:Epoch no. 458 of 500 (samples: 483142)
INFO:root:Loss: 0.4635 +/- 0.0009
INFO:root:Epoch no. 459 of 500 (samples: 483142)
INFO:root:Loss: 0.4635 +/- 0.0009
INFO:root:Epoch no. 460 of 500 (samples: 483142)
INFO:root:Loss: 0.463 +/- 0.0014
INFO:root:Epoch no. 461 of 500 (samples: 483142)
INFO:root:Loss: 0.4632 +/- 0.0011
INFO:root:Epoch no. 462 of 500 (samples: 483142)
INFO:root:Loss: 0.4633 +/- 0.0014
INFO:root:Epoch no. 463 of 500 (samples: 483142)
INFO:root:Loss: 0.4628 +/- 0.0008
INFO:root:Epoch no. 464 of 500 (samples: 483142)
INFO:root:Loss: 0.4626 +/- 0.0006
INFO:root:Epoch no. 465 of 500 (samples: 483142)
INFO:root:Loss: 0.4631 +/- 0.001
INFO:root:Epoch no. 466 of 500 (samples: 483142)
INFO:root:Loss: 0.4631 +/- 0.0011
INFO:root:Epoch no. 467 of 500 (samples: 483142)
INFO:root:Loss: 0.4628 +/- 0.001
INFO:root:Epoch no. 468 of 500 (samples: 483142)
INFO:root:Loss: 0.4633 +/- 0.001
INFO:root:Epoch no. 469 of 500 (samples: 483142)
INFO:root:Loss: 0.463 +/- 0.0005
INFO:root:Epoch no. 470 of 500 (samples: 483142)
INFO:root:Loss: 0.4631 +/- 0.0014
INFO:root:Epoch no. 471 of 500 (samples: 483142)
INFO:root:Loss: 0.4629 +/- 0.0012
INFO:root:Epoch no. 472 of 500 (samples: 483142)
INFO:root:Loss: 0.4626 +/- 0.0011
INFO:root:Epoch no. 473 of 500 (samples: 483142)
INFO:root:Loss: 0.4631 +/- 0.001
INFO:root:Epoch no. 474 of 500 (samples: 483142)
INFO:root:Loss: 0.4627 +/- 0.0012
INFO:root:Epoch no. 475 of 500 (samples: 483142)
INFO:root:Loss: 0.4627 +/- 0.0014
INFO:root:Epoch no. 476 of 500 (samples: 483142)
INFO:root:Loss: 0.4631 +/- 0.0011
INFO:root:Epoch no. 477 of 500 (samples: 483142)
INFO:root:Loss: 0.4632 +/- 0.001
INFO:root:Epoch no. 478 of 500 (samples: 483142)
INFO:root:Loss: 0.4627 +/- 0.0012
INFO:root:Epoch no. 479 of 500 (samples: 483142)
INFO:root:Loss: 0.4626 +/- 0.0012
INFO:root:Epoch no. 480 of 500 (samples: 483142)
INFO:root:Loss: 0.4624 +/- 0.0013
INFO:root:Epoch no. 481 of 500 (samples: 483142)
INFO:root:Loss: 0.4629 +/- 0.0005
INFO:root:Epoch no. 482 of 500 (samples: 483142)
INFO:root:Loss: 0.4627 +/- 0.0008
INFO:root:Epoch no. 483 of 500 (samples: 483142)
INFO:root:Loss: 0.4623 +/- 0.0011
INFO:root:Epoch no. 484 of 500 (samples: 483142)
INFO:root:Loss: 0.4623 +/- 0.0006
INFO:root:Epoch no. 485 of 500 (samples: 483142)
INFO:root:Loss: 0.4626 +/- 0.0013
INFO:root:Epoch no. 486 of 500 (samples: 483142)
INFO:root:Loss: 0.4625 +/- 0.0009
INFO:root:Epoch no. 487 of 500 (samples: 483142)
INFO:root:Loss: 0.4624 +/- 0.0013
INFO:root:Epoch no. 488 of 500 (samples: 483142)
INFO:root:Loss: 0.4626 +/- 0.001
INFO:root:Epoch no. 489 of 500 (samples: 483142)
INFO:root:Loss: 0.4625 +/- 0.0012
INFO:root:Epoch no. 490 of 500 (samples: 483142)
INFO:root:Loss: 0.4625 +/- 0.0013
INFO:root:Epoch no. 491 of 500 (samples: 483142)
INFO:root:Loss: 0.4625 +/- 0.0013
INFO:root:Epoch no. 492 of 500 (samples: 483142)
INFO:root:Loss: 0.4623 +/- 0.0013
INFO:root:Epoch no. 493 of 500 (samples: 483142)
INFO:root:Loss: 0.4621 +/- 0.0011
INFO:root:Epoch no. 494 of 500 (samples: 483142)
INFO:root:Loss: 0.4625 +/- 0.0015
INFO:root:Epoch no. 495 of 500 (samples: 483142)
INFO:root:Loss: 0.4619 +/- 0.0015
INFO:root:Epoch no. 496 of 500 (samples: 483142)
INFO:root:Loss: 0.4625 +/- 0.0005
INFO:root:Epoch no. 497 of 500 (samples: 483142)
INFO:root:Loss: 0.4619 +/- 0.0012
INFO:root:Epoch no. 498 of 500 (samples: 483142)
INFO:root:Loss: 0.4616 +/- 0.0011
INFO:root:Epoch no. 499 of 500 (samples: 483142)
INFO:root:Loss: 0.4622 +/- 0.0008
INFO:root:Epoch no. 500 of 500 (samples: 483142)
INFO:root:Loss: 0.4619 +/- 0.0013
INFO:root:### MICRO (validation raw):
INFO:root:	-- left   >> mean: 1654.14202, median: 666.0, hits@10: 3.832%
INFO:root:	-- right  >> mean: 423.68198, median: 79.0, hits@10: 22.894%
INFO:root:	-- global >> mean: 1038.912, median: 260.0, hits@10: 13.363%
INFO:root:### MICRO (validation filtered):
INFO:root:	-- left   >> mean: 1537.37144, median: 531.0, hits@10: 6.62%
INFO:root:	-- right  >> mean: 340.41318, median: 66.0, hits@10: 26.338%
INFO:root:	-- global >> mean: 938.89231, median: 187.0, hits@10: 16.479%
INFO:root:### MICRO (test raw):
INFO:root:	-- left   >> mean: 1659.03867, median: 680.0, hits@10: 3.668%
INFO:root:	-- right  >> mean: 438.43399, median: 80.0, hits@10: 22.52%
INFO:root:	-- global >> mean: 1048.73633, median: 265.0, hits@10: 13.094%
INFO:root:### MICRO (test filtered):
INFO:root:	-- left   >> mean: 1543.70822, median: 555.0, hits@10: 6.474%
INFO:root:	-- right  >> mean: 351.56276, median: 66.0, hits@10: 25.996%
INFO:root:	-- global >> mean: 947.63549, median: 190.0, hits@10: 16.235%
