Using Theano backend.
INFO:root:Samples: 483142, no. batches: 10 -> batch size: 48315
INFO:root:Epoch no. 1 of 500 (samples: 483142)
INFO:root:Loss: 1.3434 +/- 0.0083
INFO:root:Epoch no. 2 of 500 (samples: 483142)
INFO:root:Loss: 1.3131 +/- 0.0232
INFO:root:Epoch no. 3 of 500 (samples: 483142)
INFO:root:Loss: 1.2063 +/- 0.0303
INFO:root:Epoch no. 4 of 500 (samples: 483142)
INFO:root:Loss: 1.1083 +/- 0.0235
INFO:root:Epoch no. 5 of 500 (samples: 483142)
INFO:root:Loss: 1.0123 +/- 0.0286
INFO:root:Epoch no. 6 of 500 (samples: 483142)
INFO:root:Loss: 0.9137 +/- 0.0277
INFO:root:Epoch no. 7 of 500 (samples: 483142)
INFO:root:Loss: 0.8307 +/- 0.0196
INFO:root:Epoch no. 8 of 500 (samples: 483142)
INFO:root:Loss: 0.7913 +/- 0.0073
INFO:root:Epoch no. 9 of 500 (samples: 483142)
INFO:root:Loss: 0.7585 +/- 0.0099
INFO:root:Epoch no. 10 of 500 (samples: 483142)
INFO:root:Loss: 0.7266 +/- 0.0096
INFO:root:Epoch no. 11 of 500 (samples: 483142)
INFO:root:Loss: 0.7044 +/- 0.0052
INFO:root:Epoch no. 12 of 500 (samples: 483142)
INFO:root:Loss: 0.6923 +/- 0.0037
INFO:root:Epoch no. 13 of 500 (samples: 483142)
INFO:root:Loss: 0.6853 +/- 0.005
INFO:root:Epoch no. 14 of 500 (samples: 483142)
INFO:root:Loss: 0.6624 +/- 0.0081
INFO:root:Epoch no. 15 of 500 (samples: 483142)
INFO:root:Loss: 0.6391 +/- 0.0061
INFO:root:Epoch no. 16 of 500 (samples: 483142)
INFO:root:Loss: 0.6184 +/- 0.0059
INFO:root:Epoch no. 17 of 500 (samples: 483142)
INFO:root:Loss: 0.5987 +/- 0.005
INFO:root:Epoch no. 18 of 500 (samples: 483142)
INFO:root:Loss: 0.5878 +/- 0.0011
INFO:root:Epoch no. 19 of 500 (samples: 483142)
INFO:root:Loss: 0.5827 +/- 0.002
INFO:root:Epoch no. 20 of 500 (samples: 483142)
INFO:root:Loss: 0.5832 +/- 0.0014
INFO:root:Epoch no. 21 of 500 (samples: 483142)
INFO:root:Loss: 0.5787 +/- 0.0022
INFO:root:Epoch no. 22 of 500 (samples: 483142)
INFO:root:Loss: 0.5714 +/- 0.0015
INFO:root:Epoch no. 23 of 500 (samples: 483142)
INFO:root:Loss: 0.5644 +/- 0.0022
INFO:root:Epoch no. 24 of 500 (samples: 483142)
INFO:root:Loss: 0.5554 +/- 0.0018
INFO:root:Epoch no. 25 of 500 (samples: 483142)
INFO:root:Loss: 0.5443 +/- 0.0021
INFO:root:Epoch no. 26 of 500 (samples: 483142)
INFO:root:Loss: 0.5355 +/- 0.001
INFO:root:Epoch no. 27 of 500 (samples: 483142)
INFO:root:Loss: 0.5305 +/- 0.0012
INFO:root:Epoch no. 28 of 500 (samples: 483142)
INFO:root:Loss: 0.5232 +/- 0.0014
INFO:root:Epoch no. 29 of 500 (samples: 483142)
INFO:root:Loss: 0.5187 +/- 0.0017
INFO:root:Epoch no. 30 of 500 (samples: 483142)
INFO:root:Loss: 0.5128 +/- 0.0012
INFO:root:Epoch no. 31 of 500 (samples: 483142)
INFO:root:Loss: 0.5081 +/- 0.0011
INFO:root:Epoch no. 32 of 500 (samples: 483142)
INFO:root:Loss: 0.5042 +/- 0.0014
INFO:root:Epoch no. 33 of 500 (samples: 483142)
INFO:root:Loss: 0.5035 +/- 0.0013
INFO:root:Epoch no. 34 of 500 (samples: 483142)
INFO:root:Loss: 0.5015 +/- 0.0008
INFO:root:Epoch no. 35 of 500 (samples: 483142)
INFO:root:Loss: 0.4992 +/- 0.0021
INFO:root:Epoch no. 36 of 500 (samples: 483142)
INFO:root:Loss: 0.4973 +/- 0.0012
INFO:root:Epoch no. 37 of 500 (samples: 483142)
INFO:root:Loss: 0.4952 +/- 0.002
INFO:root:Epoch no. 38 of 500 (samples: 483142)
INFO:root:Loss: 0.4955 +/- 0.0019
INFO:root:Epoch no. 39 of 500 (samples: 483142)
INFO:root:Loss: 0.4953 +/- 0.0014
INFO:root:Epoch no. 40 of 500 (samples: 483142)
INFO:root:Loss: 0.4946 +/- 0.0023
INFO:root:Epoch no. 41 of 500 (samples: 483142)
INFO:root:Loss: 0.4944 +/- 0.0016
INFO:root:Epoch no. 42 of 500 (samples: 483142)
INFO:root:Loss: 0.4939 +/- 0.0019
INFO:root:Epoch no. 43 of 500 (samples: 483142)
INFO:root:Loss: 0.4922 +/- 0.0015
INFO:root:Epoch no. 44 of 500 (samples: 483142)
INFO:root:Loss: 0.4891 +/- 0.0015
INFO:root:Epoch no. 45 of 500 (samples: 483142)
INFO:root:Loss: 0.4869 +/- 0.0024
INFO:root:Epoch no. 46 of 500 (samples: 483142)
INFO:root:Loss: 0.4849 +/- 0.0018
INFO:root:Epoch no. 47 of 500 (samples: 483142)
INFO:root:Loss: 0.4836 +/- 0.0016
INFO:root:Epoch no. 48 of 500 (samples: 483142)
INFO:root:Loss: 0.4822 +/- 0.0019
INFO:root:Epoch no. 49 of 500 (samples: 483142)
INFO:root:Loss: 0.4805 +/- 0.0016
INFO:root:Epoch no. 50 of 500 (samples: 483142)
INFO:root:Loss: 0.478 +/- 0.0015
INFO:root:Epoch no. 51 of 500 (samples: 483142)
INFO:root:Loss: 0.4768 +/- 0.0015
INFO:root:Epoch no. 52 of 500 (samples: 483142)
INFO:root:Loss: 0.4753 +/- 0.0018
INFO:root:Epoch no. 53 of 500 (samples: 483142)
INFO:root:Loss: 0.475 +/- 0.0021
INFO:root:Epoch no. 54 of 500 (samples: 483142)
INFO:root:Loss: 0.473 +/- 0.0022
INFO:root:Epoch no. 55 of 500 (samples: 483142)
INFO:root:Loss: 0.4726 +/- 0.0024
INFO:root:Epoch no. 56 of 500 (samples: 483142)
INFO:root:Loss: 0.4712 +/- 0.0019
INFO:root:Epoch no. 57 of 500 (samples: 483142)
INFO:root:Loss: 0.4704 +/- 0.0026
INFO:root:Epoch no. 58 of 500 (samples: 483142)
INFO:root:Loss: 0.4706 +/- 0.002
INFO:root:Epoch no. 59 of 500 (samples: 483142)
INFO:root:Loss: 0.4696 +/- 0.0022
INFO:root:Epoch no. 60 of 500 (samples: 483142)
INFO:root:Loss: 0.4664 +/- 0.0012
INFO:root:Epoch no. 61 of 500 (samples: 483142)
INFO:root:Loss: 0.465 +/- 0.002
INFO:root:Epoch no. 62 of 500 (samples: 483142)
INFO:root:Loss: 0.4639 +/- 0.0018
INFO:root:Epoch no. 63 of 500 (samples: 483142)
INFO:root:Loss: 0.4629 +/- 0.0027
INFO:root:Epoch no. 64 of 500 (samples: 483142)
INFO:root:Loss: 0.4628 +/- 0.0017
INFO:root:Epoch no. 65 of 500 (samples: 483142)
INFO:root:Loss: 0.4617 +/- 0.0017
INFO:root:Epoch no. 66 of 500 (samples: 483142)
INFO:root:Loss: 0.461 +/- 0.0014
INFO:root:Epoch no. 67 of 500 (samples: 483142)
INFO:root:Loss: 0.4614 +/- 0.0022
INFO:root:Epoch no. 68 of 500 (samples: 483142)
INFO:root:Loss: 0.4601 +/- 0.0022
INFO:root:Epoch no. 69 of 500 (samples: 483142)
INFO:root:Loss: 0.4606 +/- 0.0022
INFO:root:Epoch no. 70 of 500 (samples: 483142)
INFO:root:Loss: 0.4602 +/- 0.0019
INFO:root:Epoch no. 71 of 500 (samples: 483142)
INFO:root:Loss: 0.4585 +/- 0.002
INFO:root:Epoch no. 72 of 500 (samples: 483142)
INFO:root:Loss: 0.4581 +/- 0.0023
INFO:root:Epoch no. 73 of 500 (samples: 483142)
INFO:root:Loss: 0.4575 +/- 0.002
INFO:root:Epoch no. 74 of 500 (samples: 483142)
INFO:root:Loss: 0.4564 +/- 0.0015
INFO:root:Epoch no. 75 of 500 (samples: 483142)
INFO:root:Loss: 0.4559 +/- 0.0014
INFO:root:Epoch no. 76 of 500 (samples: 483142)
INFO:root:Loss: 0.4551 +/- 0.0016
INFO:root:Epoch no. 77 of 500 (samples: 483142)
INFO:root:Loss: 0.4546 +/- 0.0023
INFO:root:Epoch no. 78 of 500 (samples: 483142)
INFO:root:Loss: 0.4542 +/- 0.0021
INFO:root:Epoch no. 79 of 500 (samples: 483142)
INFO:root:Loss: 0.4533 +/- 0.0017
INFO:root:Epoch no. 80 of 500 (samples: 483142)
INFO:root:Loss: 0.4534 +/- 0.0026
INFO:root:Epoch no. 81 of 500 (samples: 483142)
INFO:root:Loss: 0.4536 +/- 0.0015
INFO:root:Epoch no. 82 of 500 (samples: 483142)
INFO:root:Loss: 0.4533 +/- 0.0021
INFO:root:Epoch no. 83 of 500 (samples: 483142)
INFO:root:Loss: 0.4532 +/- 0.0019
INFO:root:Epoch no. 84 of 500 (samples: 483142)
INFO:root:Loss: 0.4527 +/- 0.0018
INFO:root:Epoch no. 85 of 500 (samples: 483142)
INFO:root:Loss: 0.4528 +/- 0.0018
INFO:root:Epoch no. 86 of 500 (samples: 483142)
INFO:root:Loss: 0.452 +/- 0.0018
INFO:root:Epoch no. 87 of 500 (samples: 483142)
INFO:root:Loss: 0.451 +/- 0.0019
INFO:root:Epoch no. 88 of 500 (samples: 483142)
INFO:root:Loss: 0.4505 +/- 0.0026
INFO:root:Epoch no. 89 of 500 (samples: 483142)
INFO:root:Loss: 0.4505 +/- 0.0018
INFO:root:Epoch no. 90 of 500 (samples: 483142)
INFO:root:Loss: 0.4505 +/- 0.0022
INFO:root:Epoch no. 91 of 500 (samples: 483142)
INFO:root:Loss: 0.451 +/- 0.0021
INFO:root:Epoch no. 92 of 500 (samples: 483142)
INFO:root:Loss: 0.4514 +/- 0.0029
INFO:root:Epoch no. 93 of 500 (samples: 483142)
INFO:root:Loss: 0.4529 +/- 0.0024
INFO:root:Epoch no. 94 of 500 (samples: 483142)
INFO:root:Loss: 0.4528 +/- 0.002
INFO:root:Epoch no. 95 of 500 (samples: 483142)
INFO:root:Loss: 0.4532 +/- 0.0026
INFO:root:Epoch no. 96 of 500 (samples: 483142)
INFO:root:Loss: 0.4529 +/- 0.0019
INFO:root:Epoch no. 97 of 500 (samples: 483142)
INFO:root:Loss: 0.4511 +/- 0.0015
INFO:root:Epoch no. 98 of 500 (samples: 483142)
INFO:root:Loss: 0.4502 +/- 0.0022
INFO:root:Epoch no. 99 of 500 (samples: 483142)
INFO:root:Loss: 0.4497 +/- 0.002
INFO:root:Epoch no. 100 of 500 (samples: 483142)
INFO:root:Loss: 0.4475 +/- 0.0016
INFO:root:Epoch no. 101 of 500 (samples: 483142)
INFO:root:Loss: 0.4472 +/- 0.0013
INFO:root:Epoch no. 102 of 500 (samples: 483142)
INFO:root:Loss: 0.4452 +/- 0.0017
INFO:root:Epoch no. 103 of 500 (samples: 483142)
INFO:root:Loss: 0.4445 +/- 0.0016
INFO:root:Epoch no. 104 of 500 (samples: 483142)
INFO:root:Loss: 0.4423 +/- 0.0018
INFO:root:Epoch no. 105 of 500 (samples: 483142)
INFO:root:Loss: 0.4416 +/- 0.0014
INFO:root:Epoch no. 106 of 500 (samples: 483142)
INFO:root:Loss: 0.4409 +/- 0.0019
INFO:root:Epoch no. 107 of 500 (samples: 483142)
INFO:root:Loss: 0.4406 +/- 0.002
INFO:root:Epoch no. 108 of 500 (samples: 483142)
INFO:root:Loss: 0.4391 +/- 0.0024
INFO:root:Epoch no. 109 of 500 (samples: 483142)
INFO:root:Loss: 0.4399 +/- 0.0021
INFO:root:Epoch no. 110 of 500 (samples: 483142)
INFO:root:Loss: 0.4387 +/- 0.0018
INFO:root:Epoch no. 111 of 500 (samples: 483142)
INFO:root:Loss: 0.4373 +/- 0.0021
INFO:root:Epoch no. 112 of 500 (samples: 483142)
INFO:root:Loss: 0.4381 +/- 0.0017
INFO:root:Epoch no. 113 of 500 (samples: 483142)
INFO:root:Loss: 0.4372 +/- 0.0016
INFO:root:Epoch no. 114 of 500 (samples: 483142)
INFO:root:Loss: 0.4371 +/- 0.0018
INFO:root:Epoch no. 115 of 500 (samples: 483142)
INFO:root:Loss: 0.4382 +/- 0.002
INFO:root:Epoch no. 116 of 500 (samples: 483142)
INFO:root:Loss: 0.4382 +/- 0.0016
INFO:root:Epoch no. 117 of 500 (samples: 483142)
INFO:root:Loss: 0.4385 +/- 0.0028
INFO:root:Epoch no. 118 of 500 (samples: 483142)
INFO:root:Loss: 0.4388 +/- 0.0022
INFO:root:Epoch no. 119 of 500 (samples: 483142)
INFO:root:Loss: 0.4401 +/- 0.003
INFO:root:Epoch no. 120 of 500 (samples: 483142)
INFO:root:Loss: 0.4403 +/- 0.0028
INFO:root:Epoch no. 121 of 500 (samples: 483142)
INFO:root:Loss: 0.4409 +/- 0.0015
INFO:root:Epoch no. 122 of 500 (samples: 483142)
INFO:root:Loss: 0.4405 +/- 0.002
INFO:root:Epoch no. 123 of 500 (samples: 483142)
INFO:root:Loss: 0.4414 +/- 0.0028
INFO:root:Epoch no. 124 of 500 (samples: 483142)
INFO:root:Loss: 0.4421 +/- 0.0026
INFO:root:Epoch no. 125 of 500 (samples: 483142)
INFO:root:Loss: 0.4423 +/- 0.0024
INFO:root:Epoch no. 126 of 500 (samples: 483142)
INFO:root:Loss: 0.4413 +/- 0.0022
INFO:root:Epoch no. 127 of 500 (samples: 483142)
INFO:root:Loss: 0.4409 +/- 0.0019
INFO:root:Epoch no. 128 of 500 (samples: 483142)
INFO:root:Loss: 0.4401 +/- 0.002
INFO:root:Epoch no. 129 of 500 (samples: 483142)
INFO:root:Loss: 0.4395 +/- 0.0016
INFO:root:Epoch no. 130 of 500 (samples: 483142)
INFO:root:Loss: 0.4379 +/- 0.0019
INFO:root:Epoch no. 131 of 500 (samples: 483142)
INFO:root:Loss: 0.4369 +/- 0.0019
INFO:root:Epoch no. 132 of 500 (samples: 483142)
INFO:root:Loss: 0.4367 +/- 0.0011
INFO:root:Epoch no. 133 of 500 (samples: 483142)
INFO:root:Loss: 0.4361 +/- 0.0019
INFO:root:Epoch no. 134 of 500 (samples: 483142)
INFO:root:Loss: 0.4356 +/- 0.0016
INFO:root:Epoch no. 135 of 500 (samples: 483142)
INFO:root:Loss: 0.4347 +/- 0.0017
INFO:root:Epoch no. 136 of 500 (samples: 483142)
INFO:root:Loss: 0.4341 +/- 0.0023
INFO:root:Epoch no. 137 of 500 (samples: 483142)
INFO:root:Loss: 0.4339 +/- 0.002
INFO:root:Epoch no. 138 of 500 (samples: 483142)
INFO:root:Loss: 0.4338 +/- 0.0015
INFO:root:Epoch no. 139 of 500 (samples: 483142)
INFO:root:Loss: 0.4328 +/- 0.002
INFO:root:Epoch no. 140 of 500 (samples: 483142)
INFO:root:Loss: 0.4326 +/- 0.0026
INFO:root:Epoch no. 141 of 500 (samples: 483142)
INFO:root:Loss: 0.4324 +/- 0.0026
INFO:root:Epoch no. 142 of 500 (samples: 483142)
INFO:root:Loss: 0.4322 +/- 0.0017
INFO:root:Epoch no. 143 of 500 (samples: 483142)
INFO:root:Loss: 0.4316 +/- 0.0019
INFO:root:Epoch no. 144 of 500 (samples: 483142)
INFO:root:Loss: 0.4304 +/- 0.0025
INFO:root:Epoch no. 145 of 500 (samples: 483142)
INFO:root:Loss: 0.4301 +/- 0.0025
INFO:root:Epoch no. 146 of 500 (samples: 483142)
INFO:root:Loss: 0.4289 +/- 0.0019
INFO:root:Epoch no. 147 of 500 (samples: 483142)
INFO:root:Loss: 0.43 +/- 0.0019
INFO:root:Epoch no. 148 of 500 (samples: 483142)
INFO:root:Loss: 0.4293 +/- 0.0018
INFO:root:Epoch no. 149 of 500 (samples: 483142)
INFO:root:Loss: 0.43 +/- 0.0024
INFO:root:Epoch no. 150 of 500 (samples: 483142)
INFO:root:Loss: 0.4292 +/- 0.0017
INFO:root:Epoch no. 151 of 500 (samples: 483142)
INFO:root:Loss: 0.4292 +/- 0.0019
INFO:root:Epoch no. 152 of 500 (samples: 483142)
INFO:root:Loss: 0.429 +/- 0.0022
INFO:root:Epoch no. 153 of 500 (samples: 483142)
INFO:root:Loss: 0.4301 +/- 0.0024
INFO:root:Epoch no. 154 of 500 (samples: 483142)
INFO:root:Loss: 0.4284 +/- 0.0022
INFO:root:Epoch no. 155 of 500 (samples: 483142)
INFO:root:Loss: 0.4282 +/- 0.0022
INFO:root:Epoch no. 156 of 500 (samples: 483142)
INFO:root:Loss: 0.4283 +/- 0.0021
INFO:root:Epoch no. 157 of 500 (samples: 483142)
INFO:root:Loss: 0.4283 +/- 0.0021
INFO:root:Epoch no. 158 of 500 (samples: 483142)
INFO:root:Loss: 0.4273 +/- 0.0025
INFO:root:Epoch no. 159 of 500 (samples: 483142)
INFO:root:Loss: 0.4278 +/- 0.0019
INFO:root:Epoch no. 160 of 500 (samples: 483142)
INFO:root:Loss: 0.4275 +/- 0.0024
INFO:root:Epoch no. 161 of 500 (samples: 483142)
INFO:root:Loss: 0.4282 +/- 0.0015
INFO:root:Epoch no. 162 of 500 (samples: 483142)
INFO:root:Loss: 0.4273 +/- 0.002
INFO:root:Epoch no. 163 of 500 (samples: 483142)
INFO:root:Loss: 0.4275 +/- 0.0028
INFO:root:Epoch no. 164 of 500 (samples: 483142)
INFO:root:Loss: 0.4274 +/- 0.0018
INFO:root:Epoch no. 165 of 500 (samples: 483142)
INFO:root:Loss: 0.4267 +/- 0.0028
INFO:root:Epoch no. 166 of 500 (samples: 483142)
INFO:root:Loss: 0.4269 +/- 0.0018
INFO:root:Epoch no. 167 of 500 (samples: 483142)
INFO:root:Loss: 0.4264 +/- 0.0016
INFO:root:Epoch no. 168 of 500 (samples: 483142)
INFO:root:Loss: 0.426 +/- 0.0024
INFO:root:Epoch no. 169 of 500 (samples: 483142)
INFO:root:Loss: 0.4258 +/- 0.0024
INFO:root:Epoch no. 170 of 500 (samples: 483142)
INFO:root:Loss: 0.4254 +/- 0.0019
INFO:root:Epoch no. 171 of 500 (samples: 483142)
INFO:root:Loss: 0.4263 +/- 0.002
INFO:root:Epoch no. 172 of 500 (samples: 483142)
INFO:root:Loss: 0.4248 +/- 0.002
INFO:root:Epoch no. 173 of 500 (samples: 483142)
INFO:root:Loss: 0.4256 +/- 0.0017
INFO:root:Epoch no. 174 of 500 (samples: 483142)
INFO:root:Loss: 0.4248 +/- 0.0023
INFO:root:Epoch no. 175 of 500 (samples: 483142)
INFO:root:Loss: 0.4244 +/- 0.0019
INFO:root:Epoch no. 176 of 500 (samples: 483142)
INFO:root:Loss: 0.4243 +/- 0.0015
INFO:root:Epoch no. 177 of 500 (samples: 483142)
INFO:root:Loss: 0.4244 +/- 0.0024
INFO:root:Epoch no. 178 of 500 (samples: 483142)
INFO:root:Loss: 0.424 +/- 0.0023
INFO:root:Epoch no. 179 of 500 (samples: 483142)
INFO:root:Loss: 0.4229 +/- 0.0019
INFO:root:Epoch no. 180 of 500 (samples: 483142)
INFO:root:Loss: 0.423 +/- 0.0025
INFO:root:Epoch no. 181 of 500 (samples: 483142)
INFO:root:Loss: 0.4234 +/- 0.0022
INFO:root:Epoch no. 182 of 500 (samples: 483142)
INFO:root:Loss: 0.4233 +/- 0.0024
INFO:root:Epoch no. 183 of 500 (samples: 483142)
INFO:root:Loss: 0.4228 +/- 0.0021
INFO:root:Epoch no. 184 of 500 (samples: 483142)
INFO:root:Loss: 0.4226 +/- 0.0022
INFO:root:Epoch no. 185 of 500 (samples: 483142)
INFO:root:Loss: 0.4218 +/- 0.0026
INFO:root:Epoch no. 186 of 500 (samples: 483142)
INFO:root:Loss: 0.4218 +/- 0.0022
INFO:root:Epoch no. 187 of 500 (samples: 483142)
INFO:root:Loss: 0.4216 +/- 0.0021
INFO:root:Epoch no. 188 of 500 (samples: 483142)
INFO:root:Loss: 0.4213 +/- 0.0028
INFO:root:Epoch no. 189 of 500 (samples: 483142)
INFO:root:Loss: 0.4211 +/- 0.0021
INFO:root:Epoch no. 190 of 500 (samples: 483142)
INFO:root:Loss: 0.421 +/- 0.0021
INFO:root:Epoch no. 191 of 500 (samples: 483142)
INFO:root:Loss: 0.4214 +/- 0.0017
INFO:root:Epoch no. 192 of 500 (samples: 483142)
INFO:root:Loss: 0.4209 +/- 0.0024
INFO:root:Epoch no. 193 of 500 (samples: 483142)
INFO:root:Loss: 0.42 +/- 0.0022
INFO:root:Epoch no. 194 of 500 (samples: 483142)
INFO:root:Loss: 0.4197 +/- 0.0018
INFO:root:Epoch no. 195 of 500 (samples: 483142)
INFO:root:Loss: 0.419 +/- 0.0025
INFO:root:Epoch no. 196 of 500 (samples: 483142)
INFO:root:Loss: 0.4194 +/- 0.0019
INFO:root:Epoch no. 197 of 500 (samples: 483142)
INFO:root:Loss: 0.4182 +/- 0.0021
INFO:root:Epoch no. 198 of 500 (samples: 483142)
INFO:root:Loss: 0.4182 +/- 0.0017
INFO:root:Epoch no. 199 of 500 (samples: 483142)
INFO:root:Loss: 0.4189 +/- 0.0025
INFO:root:Epoch no. 200 of 500 (samples: 483142)
INFO:root:Loss: 0.4191 +/- 0.0024
INFO:root:Epoch no. 201 of 500 (samples: 483142)
INFO:root:Loss: 0.4197 +/- 0.0021
INFO:root:Epoch no. 202 of 500 (samples: 483142)
INFO:root:Loss: 0.4204 +/- 0.0019
INFO:root:Epoch no. 203 of 500 (samples: 483142)
INFO:root:Loss: 0.4204 +/- 0.0023
INFO:root:Epoch no. 204 of 500 (samples: 483142)
INFO:root:Loss: 0.4209 +/- 0.0026
INFO:root:Epoch no. 205 of 500 (samples: 483142)
INFO:root:Loss: 0.4206 +/- 0.0012
INFO:root:Epoch no. 206 of 500 (samples: 483142)
INFO:root:Loss: 0.4205 +/- 0.0023
INFO:root:Epoch no. 207 of 500 (samples: 483142)
INFO:root:Loss: 0.4201 +/- 0.0013
INFO:root:Epoch no. 208 of 500 (samples: 483142)
INFO:root:Loss: 0.4196 +/- 0.002
INFO:root:Epoch no. 209 of 500 (samples: 483142)
INFO:root:Loss: 0.4192 +/- 0.0021
INFO:root:Epoch no. 210 of 500 (samples: 483142)
INFO:root:Loss: 0.4187 +/- 0.0024
INFO:root:Epoch no. 211 of 500 (samples: 483142)
INFO:root:Loss: 0.419 +/- 0.0023
INFO:root:Epoch no. 212 of 500 (samples: 483142)
INFO:root:Loss: 0.4186 +/- 0.0028
INFO:root:Epoch no. 213 of 500 (samples: 483142)
INFO:root:Loss: 0.4181 +/- 0.0021
INFO:root:Epoch no. 214 of 500 (samples: 483142)
INFO:root:Loss: 0.4191 +/- 0.0022
INFO:root:Epoch no. 215 of 500 (samples: 483142)
INFO:root:Loss: 0.4177 +/- 0.002
INFO:root:Epoch no. 216 of 500 (samples: 483142)
INFO:root:Loss: 0.4177 +/- 0.0023
INFO:root:Epoch no. 217 of 500 (samples: 483142)
INFO:root:Loss: 0.4176 +/- 0.0019
INFO:root:Epoch no. 218 of 500 (samples: 483142)
INFO:root:Loss: 0.4172 +/- 0.0023
INFO:root:Epoch no. 219 of 500 (samples: 483142)
INFO:root:Loss: 0.4175 +/- 0.0022
INFO:root:Epoch no. 220 of 500 (samples: 483142)
INFO:root:Loss: 0.4168 +/- 0.0021
INFO:root:Epoch no. 221 of 500 (samples: 483142)
INFO:root:Loss: 0.4163 +/- 0.0017
INFO:root:Epoch no. 222 of 500 (samples: 483142)
INFO:root:Loss: 0.4149 +/- 0.0024
INFO:root:Epoch no. 223 of 500 (samples: 483142)
INFO:root:Loss: 0.415 +/- 0.0017
INFO:root:Epoch no. 224 of 500 (samples: 483142)
INFO:root:Loss: 0.4155 +/- 0.0021
INFO:root:Epoch no. 225 of 500 (samples: 483142)
INFO:root:Loss: 0.4162 +/- 0.0028
INFO:root:Epoch no. 226 of 500 (samples: 483142)
INFO:root:Loss: 0.4159 +/- 0.0025
INFO:root:Epoch no. 227 of 500 (samples: 483142)
INFO:root:Loss: 0.4155 +/- 0.002
INFO:root:Epoch no. 228 of 500 (samples: 483142)
INFO:root:Loss: 0.416 +/- 0.0021
INFO:root:Epoch no. 229 of 500 (samples: 483142)
INFO:root:Loss: 0.416 +/- 0.0028
INFO:root:Epoch no. 230 of 500 (samples: 483142)
INFO:root:Loss: 0.4153 +/- 0.002
INFO:root:Epoch no. 231 of 500 (samples: 483142)
INFO:root:Loss: 0.4158 +/- 0.002
INFO:root:Epoch no. 232 of 500 (samples: 483142)
INFO:root:Loss: 0.4152 +/- 0.0019
INFO:root:Epoch no. 233 of 500 (samples: 483142)
INFO:root:Loss: 0.415 +/- 0.0022
INFO:root:Epoch no. 234 of 500 (samples: 483142)
INFO:root:Loss: 0.4159 +/- 0.002
INFO:root:Epoch no. 235 of 500 (samples: 483142)
INFO:root:Loss: 0.415 +/- 0.0021
INFO:root:Epoch no. 236 of 500 (samples: 483142)
INFO:root:Loss: 0.4152 +/- 0.0024
INFO:root:Epoch no. 237 of 500 (samples: 483142)
INFO:root:Loss: 0.415 +/- 0.0022
INFO:root:Epoch no. 238 of 500 (samples: 483142)
INFO:root:Loss: 0.4158 +/- 0.002
INFO:root:Epoch no. 239 of 500 (samples: 483142)
INFO:root:Loss: 0.4157 +/- 0.0024
INFO:root:Epoch no. 240 of 500 (samples: 483142)
INFO:root:Loss: 0.415 +/- 0.0016
INFO:root:Epoch no. 241 of 500 (samples: 483142)
INFO:root:Loss: 0.4151 +/- 0.0027
INFO:root:Epoch no. 242 of 500 (samples: 483142)
INFO:root:Loss: 0.4155 +/- 0.002
INFO:root:Epoch no. 243 of 500 (samples: 483142)
INFO:root:Loss: 0.4152 +/- 0.0021
INFO:root:Epoch no. 244 of 500 (samples: 483142)
INFO:root:Loss: 0.4154 +/- 0.002
INFO:root:Epoch no. 245 of 500 (samples: 483142)
INFO:root:Loss: 0.4148 +/- 0.0018
INFO:root:Epoch no. 246 of 500 (samples: 483142)
INFO:root:Loss: 0.4147 +/- 0.0018
INFO:root:Epoch no. 247 of 500 (samples: 483142)
INFO:root:Loss: 0.4138 +/- 0.0018
INFO:root:Epoch no. 248 of 500 (samples: 483142)
INFO:root:Loss: 0.4135 +/- 0.0016
INFO:root:Epoch no. 249 of 500 (samples: 483142)
INFO:root:Loss: 0.4129 +/- 0.0019
INFO:root:Epoch no. 250 of 500 (samples: 483142)
INFO:root:Loss: 0.4115 +/- 0.0017
INFO:root:Epoch no. 251 of 500 (samples: 483142)
INFO:root:Loss: 0.4122 +/- 0.0023
INFO:root:Epoch no. 252 of 500 (samples: 483142)
INFO:root:Loss: 0.4114 +/- 0.0015
INFO:root:Epoch no. 253 of 500 (samples: 483142)
INFO:root:Loss: 0.4114 +/- 0.0017
INFO:root:Epoch no. 254 of 500 (samples: 483142)
INFO:root:Loss: 0.4105 +/- 0.0016
INFO:root:Epoch no. 255 of 500 (samples: 483142)
INFO:root:Loss: 0.4102 +/- 0.0021
INFO:root:Epoch no. 256 of 500 (samples: 483142)
INFO:root:Loss: 0.4104 +/- 0.002
INFO:root:Epoch no. 257 of 500 (samples: 483142)
INFO:root:Loss: 0.4105 +/- 0.0019
INFO:root:Epoch no. 258 of 500 (samples: 483142)
INFO:root:Loss: 0.4105 +/- 0.0023
INFO:root:Epoch no. 259 of 500 (samples: 483142)
INFO:root:Loss: 0.4102 +/- 0.002
INFO:root:Epoch no. 260 of 500 (samples: 483142)
INFO:root:Loss: 0.4107 +/- 0.002
INFO:root:Epoch no. 261 of 500 (samples: 483142)
INFO:root:Loss: 0.4114 +/- 0.0023
INFO:root:Epoch no. 262 of 500 (samples: 483142)
INFO:root:Loss: 0.4118 +/- 0.0021
INFO:root:Epoch no. 263 of 500 (samples: 483142)
INFO:root:Loss: 0.4111 +/- 0.0022
INFO:root:Epoch no. 264 of 500 (samples: 483142)
INFO:root:Loss: 0.411 +/- 0.0024
INFO:root:Epoch no. 265 of 500 (samples: 483142)
INFO:root:Loss: 0.4098 +/- 0.0019
INFO:root:Epoch no. 266 of 500 (samples: 483142)
INFO:root:Loss: 0.4098 +/- 0.0018
INFO:root:Epoch no. 267 of 500 (samples: 483142)
INFO:root:Loss: 0.4105 +/- 0.0023
INFO:root:Epoch no. 268 of 500 (samples: 483142)
INFO:root:Loss: 0.4105 +/- 0.0024
INFO:root:Epoch no. 269 of 500 (samples: 483142)
INFO:root:Loss: 0.4102 +/- 0.002
INFO:root:Epoch no. 270 of 500 (samples: 483142)
INFO:root:Loss: 0.4095 +/- 0.0024
INFO:root:Epoch no. 271 of 500 (samples: 483142)
INFO:root:Loss: 0.4094 +/- 0.0023
INFO:root:Epoch no. 272 of 500 (samples: 483142)
INFO:root:Loss: 0.4091 +/- 0.002
INFO:root:Epoch no. 273 of 500 (samples: 483142)
INFO:root:Loss: 0.4089 +/- 0.0015
INFO:root:Epoch no. 274 of 500 (samples: 483142)
INFO:root:Loss: 0.4083 +/- 0.0024
INFO:root:Epoch no. 275 of 500 (samples: 483142)
INFO:root:Loss: 0.4081 +/- 0.0019
INFO:root:Epoch no. 276 of 500 (samples: 483142)
INFO:root:Loss: 0.408 +/- 0.0021
INFO:root:Epoch no. 277 of 500 (samples: 483142)
INFO:root:Loss: 0.4067 +/- 0.0022
INFO:root:Epoch no. 278 of 500 (samples: 483142)
INFO:root:Loss: 0.4071 +/- 0.0017
INFO:root:Epoch no. 279 of 500 (samples: 483142)
INFO:root:Loss: 0.407 +/- 0.0023
INFO:root:Epoch no. 280 of 500 (samples: 483142)
INFO:root:Loss: 0.4063 +/- 0.002
INFO:root:Epoch no. 281 of 500 (samples: 483142)
INFO:root:Loss: 0.4056 +/- 0.0014
INFO:root:Epoch no. 282 of 500 (samples: 483142)
INFO:root:Loss: 0.4055 +/- 0.0021
INFO:root:Epoch no. 283 of 500 (samples: 483142)
INFO:root:Loss: 0.4054 +/- 0.002
INFO:root:Epoch no. 284 of 500 (samples: 483142)
INFO:root:Loss: 0.4052 +/- 0.0015
INFO:root:Epoch no. 285 of 500 (samples: 483142)
INFO:root:Loss: 0.4046 +/- 0.0021
INFO:root:Epoch no. 286 of 500 (samples: 483142)
INFO:root:Loss: 0.4045 +/- 0.0019
INFO:root:Epoch no. 287 of 500 (samples: 483142)
INFO:root:Loss: 0.4046 +/- 0.002
INFO:root:Epoch no. 288 of 500 (samples: 483142)
INFO:root:Loss: 0.4042 +/- 0.0017
INFO:root:Epoch no. 289 of 500 (samples: 483142)
INFO:root:Loss: 0.4038 +/- 0.0022
INFO:root:Epoch no. 290 of 500 (samples: 483142)
INFO:root:Loss: 0.4043 +/- 0.0024
INFO:root:Epoch no. 291 of 500 (samples: 483142)
INFO:root:Loss: 0.4041 +/- 0.002
INFO:root:Epoch no. 292 of 500 (samples: 483142)
INFO:root:Loss: 0.4043 +/- 0.0016
INFO:root:Epoch no. 293 of 500 (samples: 483142)
INFO:root:Loss: 0.4041 +/- 0.0021
INFO:root:Epoch no. 294 of 500 (samples: 483142)
INFO:root:Loss: 0.4041 +/- 0.0019
INFO:root:Epoch no. 295 of 500 (samples: 483142)
INFO:root:Loss: 0.4034 +/- 0.0012
INFO:root:Epoch no. 296 of 500 (samples: 483142)
INFO:root:Loss: 0.4035 +/- 0.0022
INFO:root:Epoch no. 297 of 500 (samples: 483142)
INFO:root:Loss: 0.4031 +/- 0.0016
INFO:root:Epoch no. 298 of 500 (samples: 483142)
INFO:root:Loss: 0.4033 +/- 0.0019
INFO:root:Epoch no. 299 of 500 (samples: 483142)
INFO:root:Loss: 0.4032 +/- 0.0016
INFO:root:Epoch no. 300 of 500 (samples: 483142)
INFO:root:Loss: 0.4028 +/- 0.0014
INFO:root:Epoch no. 301 of 500 (samples: 483142)
INFO:root:Loss: 0.402 +/- 0.0021
INFO:root:Epoch no. 302 of 500 (samples: 483142)
INFO:root:Loss: 0.4023 +/- 0.0019
INFO:root:Epoch no. 303 of 500 (samples: 483142)
INFO:root:Loss: 0.4016 +/- 0.0018
INFO:root:Epoch no. 304 of 500 (samples: 483142)
INFO:root:Loss: 0.4017 +/- 0.0022
INFO:root:Epoch no. 305 of 500 (samples: 483142)
INFO:root:Loss: 0.4024 +/- 0.0016
INFO:root:Epoch no. 306 of 500 (samples: 483142)
INFO:root:Loss: 0.403 +/- 0.0021
INFO:root:Epoch no. 307 of 500 (samples: 483142)
INFO:root:Loss: 0.4031 +/- 0.0021
INFO:root:Epoch no. 308 of 500 (samples: 483142)
INFO:root:Loss: 0.4025 +/- 0.0016
INFO:root:Epoch no. 309 of 500 (samples: 483142)
INFO:root:Loss: 0.4034 +/- 0.0018
INFO:root:Epoch no. 310 of 500 (samples: 483142)
INFO:root:Loss: 0.4021 +/- 0.0017
INFO:root:Epoch no. 311 of 500 (samples: 483142)
INFO:root:Loss: 0.4033 +/- 0.0017
INFO:root:Epoch no. 312 of 500 (samples: 483142)
INFO:root:Loss: 0.4034 +/- 0.0014
INFO:root:Epoch no. 313 of 500 (samples: 483142)
INFO:root:Loss: 0.4029 +/- 0.0018
INFO:root:Epoch no. 314 of 500 (samples: 483142)
INFO:root:Loss: 0.4029 +/- 0.0016
INFO:root:Epoch no. 315 of 500 (samples: 483142)
INFO:root:Loss: 0.4029 +/- 0.0023
INFO:root:Epoch no. 316 of 500 (samples: 483142)
INFO:root:Loss: 0.402 +/- 0.0009
INFO:root:Epoch no. 317 of 500 (samples: 483142)
INFO:root:Loss: 0.4019 +/- 0.0015
INFO:root:Epoch no. 318 of 500 (samples: 483142)
INFO:root:Loss: 0.4033 +/- 0.0018
INFO:root:Epoch no. 319 of 500 (samples: 483142)
INFO:root:Loss: 0.4031 +/- 0.002
INFO:root:Epoch no. 320 of 500 (samples: 483142)
INFO:root:Loss: 0.4031 +/- 0.0013
INFO:root:Epoch no. 321 of 500 (samples: 483142)
INFO:root:Loss: 0.4032 +/- 0.0015
INFO:root:Epoch no. 322 of 500 (samples: 483142)
INFO:root:Loss: 0.4028 +/- 0.0019
INFO:root:Epoch no. 323 of 500 (samples: 483142)
INFO:root:Loss: 0.4023 +/- 0.0017
INFO:root:Epoch no. 324 of 500 (samples: 483142)
INFO:root:Loss: 0.4023 +/- 0.0024
INFO:root:Epoch no. 325 of 500 (samples: 483142)
INFO:root:Loss: 0.4022 +/- 0.0018
INFO:root:Epoch no. 326 of 500 (samples: 483142)
INFO:root:Loss: 0.4024 +/- 0.001
INFO:root:Epoch no. 327 of 500 (samples: 483142)
INFO:root:Loss: 0.4028 +/- 0.0019
INFO:root:Epoch no. 328 of 500 (samples: 483142)
INFO:root:Loss: 0.4028 +/- 0.0019
INFO:root:Epoch no. 329 of 500 (samples: 483142)
INFO:root:Loss: 0.4024 +/- 0.0016
INFO:root:Epoch no. 330 of 500 (samples: 483142)
INFO:root:Loss: 0.4024 +/- 0.0022
INFO:root:Epoch no. 331 of 500 (samples: 483142)
INFO:root:Loss: 0.4021 +/- 0.0017
INFO:root:Epoch no. 332 of 500 (samples: 483142)
INFO:root:Loss: 0.4013 +/- 0.0022
INFO:root:Epoch no. 333 of 500 (samples: 483142)
INFO:root:Loss: 0.4016 +/- 0.0023
INFO:root:Epoch no. 334 of 500 (samples: 483142)
INFO:root:Loss: 0.4007 +/- 0.0021
INFO:root:Epoch no. 335 of 500 (samples: 483142)
INFO:root:Loss: 0.4011 +/- 0.0019
INFO:root:Epoch no. 336 of 500 (samples: 483142)
INFO:root:Loss: 0.4008 +/- 0.002
INFO:root:Epoch no. 337 of 500 (samples: 483142)
INFO:root:Loss: 0.4002 +/- 0.0019
INFO:root:Epoch no. 338 of 500 (samples: 483142)
INFO:root:Loss: 0.3998 +/- 0.0022
INFO:root:Epoch no. 339 of 500 (samples: 483142)
INFO:root:Loss: 0.3996 +/- 0.002
INFO:root:Epoch no. 340 of 500 (samples: 483142)
INFO:root:Loss: 0.3988 +/- 0.0025
INFO:root:Epoch no. 341 of 500 (samples: 483142)
INFO:root:Loss: 0.3988 +/- 0.0023
INFO:root:Epoch no. 342 of 500 (samples: 483142)
INFO:root:Loss: 0.3986 +/- 0.0015
INFO:root:Epoch no. 343 of 500 (samples: 483142)
INFO:root:Loss: 0.3987 +/- 0.0023
INFO:root:Epoch no. 344 of 500 (samples: 483142)
INFO:root:Loss: 0.3981 +/- 0.002
INFO:root:Epoch no. 345 of 500 (samples: 483142)
INFO:root:Loss: 0.3983 +/- 0.0022
INFO:root:Epoch no. 346 of 500 (samples: 483142)
INFO:root:Loss: 0.3984 +/- 0.0021
INFO:root:Epoch no. 347 of 500 (samples: 483142)
INFO:root:Loss: 0.3974 +/- 0.0017
INFO:root:Epoch no. 348 of 500 (samples: 483142)
INFO:root:Loss: 0.3979 +/- 0.0019
INFO:root:Epoch no. 349 of 500 (samples: 483142)
INFO:root:Loss: 0.3983 +/- 0.0021
INFO:root:Epoch no. 350 of 500 (samples: 483142)
INFO:root:Loss: 0.398 +/- 0.0024
INFO:root:Epoch no. 351 of 500 (samples: 483142)
INFO:root:Loss: 0.3983 +/- 0.002
INFO:root:Epoch no. 352 of 500 (samples: 483142)
INFO:root:Loss: 0.3987 +/- 0.0022
INFO:root:Epoch no. 353 of 500 (samples: 483142)
INFO:root:Loss: 0.3989 +/- 0.002
INFO:root:Epoch no. 354 of 500 (samples: 483142)
INFO:root:Loss: 0.3982 +/- 0.002
INFO:root:Epoch no. 355 of 500 (samples: 483142)
INFO:root:Loss: 0.3984 +/- 0.0018
INFO:root:Epoch no. 356 of 500 (samples: 483142)
INFO:root:Loss: 0.3984 +/- 0.0021
INFO:root:Epoch no. 357 of 500 (samples: 483142)
INFO:root:Loss: 0.3977 +/- 0.0019
INFO:root:Epoch no. 358 of 500 (samples: 483142)
INFO:root:Loss: 0.3976 +/- 0.0017
INFO:root:Epoch no. 359 of 500 (samples: 483142)
INFO:root:Loss: 0.3973 +/- 0.0025
INFO:root:Epoch no. 360 of 500 (samples: 483142)
INFO:root:Loss: 0.3974 +/- 0.0013
INFO:root:Epoch no. 361 of 500 (samples: 483142)
INFO:root:Loss: 0.3968 +/- 0.002
INFO:root:Epoch no. 362 of 500 (samples: 483142)
INFO:root:Loss: 0.3977 +/- 0.0018
INFO:root:Epoch no. 363 of 500 (samples: 483142)
INFO:root:Loss: 0.3962 +/- 0.0018
INFO:root:Epoch no. 364 of 500 (samples: 483142)
INFO:root:Loss: 0.3962 +/- 0.0013
INFO:root:Epoch no. 365 of 500 (samples: 483142)
INFO:root:Loss: 0.3962 +/- 0.0011
INFO:root:Epoch no. 366 of 500 (samples: 483142)
INFO:root:Loss: 0.3961 +/- 0.0021
INFO:root:Epoch no. 367 of 500 (samples: 483142)
INFO:root:Loss: 0.3969 +/- 0.0013
INFO:root:Epoch no. 368 of 500 (samples: 483142)
INFO:root:Loss: 0.3956 +/- 0.0016
INFO:root:Epoch no. 369 of 500 (samples: 483142)
INFO:root:Loss: 0.3956 +/- 0.0022
INFO:root:Epoch no. 370 of 500 (samples: 483142)
INFO:root:Loss: 0.3958 +/- 0.0018
INFO:root:Epoch no. 371 of 500 (samples: 483142)
INFO:root:Loss: 0.3946 +/- 0.0011
INFO:root:Epoch no. 372 of 500 (samples: 483142)
INFO:root:Loss: 0.3949 +/- 0.0019
INFO:root:Epoch no. 373 of 500 (samples: 483142)
INFO:root:Loss: 0.395 +/- 0.0013
INFO:root:Epoch no. 374 of 500 (samples: 483142)
INFO:root:Loss: 0.3947 +/- 0.0011
INFO:root:Epoch no. 375 of 500 (samples: 483142)
INFO:root:Loss: 0.3938 +/- 0.002
INFO:root:Epoch no. 376 of 500 (samples: 483142)
INFO:root:Loss: 0.3947 +/- 0.0016
INFO:root:Epoch no. 377 of 500 (samples: 483142)
INFO:root:Loss: 0.3934 +/- 0.0022
INFO:root:Epoch no. 378 of 500 (samples: 483142)
INFO:root:Loss: 0.3932 +/- 0.0018
INFO:root:Epoch no. 379 of 500 (samples: 483142)
INFO:root:Loss: 0.3928 +/- 0.0019
INFO:root:Epoch no. 380 of 500 (samples: 483142)
INFO:root:Loss: 0.3928 +/- 0.0016
INFO:root:Epoch no. 381 of 500 (samples: 483142)
INFO:root:Loss: 0.3931 +/- 0.0014
INFO:root:Epoch no. 382 of 500 (samples: 483142)
INFO:root:Loss: 0.393 +/- 0.0018
INFO:root:Epoch no. 383 of 500 (samples: 483142)
INFO:root:Loss: 0.3929 +/- 0.002
INFO:root:Epoch no. 384 of 500 (samples: 483142)
INFO:root:Loss: 0.3932 +/- 0.0016
INFO:root:Epoch no. 385 of 500 (samples: 483142)
INFO:root:Loss: 0.3938 +/- 0.0017
INFO:root:Epoch no. 386 of 500 (samples: 483142)
INFO:root:Loss: 0.3937 +/- 0.0021
INFO:root:Epoch no. 387 of 500 (samples: 483142)
INFO:root:Loss: 0.3942 +/- 0.0021
INFO:root:Epoch no. 388 of 500 (samples: 483142)
INFO:root:Loss: 0.3939 +/- 0.0022
INFO:root:Epoch no. 389 of 500 (samples: 483142)
INFO:root:Loss: 0.3937 +/- 0.0013
INFO:root:Epoch no. 390 of 500 (samples: 483142)
INFO:root:Loss: 0.3925 +/- 0.002
INFO:root:Epoch no. 391 of 500 (samples: 483142)
INFO:root:Loss: 0.3933 +/- 0.0024
INFO:root:Epoch no. 392 of 500 (samples: 483142)
INFO:root:Loss: 0.3936 +/- 0.0019
INFO:root:Epoch no. 393 of 500 (samples: 483142)
INFO:root:Loss: 0.3939 +/- 0.0026
INFO:root:Epoch no. 394 of 500 (samples: 483142)
INFO:root:Loss: 0.3936 +/- 0.002
INFO:root:Epoch no. 395 of 500 (samples: 483142)
INFO:root:Loss: 0.3942 +/- 0.0016
INFO:root:Epoch no. 396 of 500 (samples: 483142)
INFO:root:Loss: 0.3942 +/- 0.0018
INFO:root:Epoch no. 397 of 500 (samples: 483142)
INFO:root:Loss: 0.3943 +/- 0.0025
INFO:root:Epoch no. 398 of 500 (samples: 483142)
INFO:root:Loss: 0.3939 +/- 0.0018
INFO:root:Epoch no. 399 of 500 (samples: 483142)
INFO:root:Loss: 0.3935 +/- 0.0018
INFO:root:Epoch no. 400 of 500 (samples: 483142)
INFO:root:Loss: 0.3929 +/- 0.0024
INFO:root:Epoch no. 401 of 500 (samples: 483142)
INFO:root:Loss: 0.3942 +/- 0.0017
INFO:root:Epoch no. 402 of 500 (samples: 483142)
INFO:root:Loss: 0.3934 +/- 0.002
INFO:root:Epoch no. 403 of 500 (samples: 483142)
INFO:root:Loss: 0.394 +/- 0.0018
INFO:root:Epoch no. 404 of 500 (samples: 483142)
INFO:root:Loss: 0.3944 +/- 0.002
INFO:root:Epoch no. 405 of 500 (samples: 483142)
INFO:root:Loss: 0.393 +/- 0.0015
INFO:root:Epoch no. 406 of 500 (samples: 483142)
INFO:root:Loss: 0.3926 +/- 0.0019
INFO:root:Epoch no. 407 of 500 (samples: 483142)
INFO:root:Loss: 0.3933 +/- 0.0025
INFO:root:Epoch no. 408 of 500 (samples: 483142)
INFO:root:Loss: 0.3935 +/- 0.0021
INFO:root:Epoch no. 409 of 500 (samples: 483142)
INFO:root:Loss: 0.3935 +/- 0.001
INFO:root:Epoch no. 410 of 500 (samples: 483142)
INFO:root:Loss: 0.3927 +/- 0.0015
INFO:root:Epoch no. 411 of 500 (samples: 483142)
INFO:root:Loss: 0.3927 +/- 0.0017
INFO:root:Epoch no. 412 of 500 (samples: 483142)
INFO:root:Loss: 0.3933 +/- 0.002
INFO:root:Epoch no. 413 of 500 (samples: 483142)
INFO:root:Loss: 0.3925 +/- 0.0017
INFO:root:Epoch no. 414 of 500 (samples: 483142)
INFO:root:Loss: 0.3926 +/- 0.0022
INFO:root:Epoch no. 415 of 500 (samples: 483142)
INFO:root:Loss: 0.3924 +/- 0.0023
INFO:root:Epoch no. 416 of 500 (samples: 483142)
INFO:root:Loss: 0.3925 +/- 0.0019
INFO:root:Epoch no. 417 of 500 (samples: 483142)
INFO:root:Loss: 0.3929 +/- 0.0022
INFO:root:Epoch no. 418 of 500 (samples: 483142)
INFO:root:Loss: 0.3918 +/- 0.0021
INFO:root:Epoch no. 419 of 500 (samples: 483142)
INFO:root:Loss: 0.3914 +/- 0.0017
INFO:root:Epoch no. 420 of 500 (samples: 483142)
INFO:root:Loss: 0.3914 +/- 0.0018
INFO:root:Epoch no. 421 of 500 (samples: 483142)
INFO:root:Loss: 0.3913 +/- 0.0018
INFO:root:Epoch no. 422 of 500 (samples: 483142)
INFO:root:Loss: 0.3905 +/- 0.0021
INFO:root:Epoch no. 423 of 500 (samples: 483142)
INFO:root:Loss: 0.3917 +/- 0.0022
INFO:root:Epoch no. 424 of 500 (samples: 483142)
INFO:root:Loss: 0.3912 +/- 0.0019
INFO:root:Epoch no. 425 of 500 (samples: 483142)
INFO:root:Loss: 0.3911 +/- 0.0019
INFO:root:Epoch no. 426 of 500 (samples: 483142)
INFO:root:Loss: 0.391 +/- 0.0018
INFO:root:Epoch no. 427 of 500 (samples: 483142)
INFO:root:Loss: 0.3905 +/- 0.0017
INFO:root:Epoch no. 428 of 500 (samples: 483142)
INFO:root:Loss: 0.3905 +/- 0.0025
INFO:root:Epoch no. 429 of 500 (samples: 483142)
INFO:root:Loss: 0.3899 +/- 0.0013
INFO:root:Epoch no. 430 of 500 (samples: 483142)
INFO:root:Loss: 0.3899 +/- 0.0017
INFO:root:Epoch no. 431 of 500 (samples: 483142)
INFO:root:Loss: 0.3899 +/- 0.0023
INFO:root:Epoch no. 432 of 500 (samples: 483142)
INFO:root:Loss: 0.3897 +/- 0.0019
INFO:root:Epoch no. 433 of 500 (samples: 483142)
INFO:root:Loss: 0.3898 +/- 0.0019
INFO:root:Epoch no. 434 of 500 (samples: 483142)
INFO:root:Loss: 0.389 +/- 0.0017
INFO:root:Epoch no. 435 of 500 (samples: 483142)
INFO:root:Loss: 0.3896 +/- 0.0014
INFO:root:Epoch no. 436 of 500 (samples: 483142)
INFO:root:Loss: 0.39 +/- 0.0016
INFO:root:Epoch no. 437 of 500 (samples: 483142)
INFO:root:Loss: 0.389 +/- 0.0015
INFO:root:Epoch no. 438 of 500 (samples: 483142)
INFO:root:Loss: 0.3893 +/- 0.0013
INFO:root:Epoch no. 439 of 500 (samples: 483142)
INFO:root:Loss: 0.3892 +/- 0.002
INFO:root:Epoch no. 440 of 500 (samples: 483142)
INFO:root:Loss: 0.3898 +/- 0.0019
INFO:root:Epoch no. 441 of 500 (samples: 483142)
INFO:root:Loss: 0.3903 +/- 0.0019
INFO:root:Epoch no. 442 of 500 (samples: 483142)
INFO:root:Loss: 0.3892 +/- 0.0019
INFO:root:Epoch no. 443 of 500 (samples: 483142)
INFO:root:Loss: 0.3894 +/- 0.0017
INFO:root:Epoch no. 444 of 500 (samples: 483142)
INFO:root:Loss: 0.3897 +/- 0.0019
INFO:root:Epoch no. 445 of 500 (samples: 483142)
INFO:root:Loss: 0.3885 +/- 0.0016
INFO:root:Epoch no. 446 of 500 (samples: 483142)
INFO:root:Loss: 0.3888 +/- 0.0014
INFO:root:Epoch no. 447 of 500 (samples: 483142)
INFO:root:Loss: 0.3889 +/- 0.0016
INFO:root:Epoch no. 448 of 500 (samples: 483142)
INFO:root:Loss: 0.3891 +/- 0.0024
INFO:root:Epoch no. 449 of 500 (samples: 483142)
INFO:root:Loss: 0.3882 +/- 0.0017
INFO:root:Epoch no. 450 of 500 (samples: 483142)
INFO:root:Loss: 0.3885 +/- 0.0019
INFO:root:Epoch no. 451 of 500 (samples: 483142)
INFO:root:Loss: 0.3883 +/- 0.0021
INFO:root:Epoch no. 452 of 500 (samples: 483142)
INFO:root:Loss: 0.3883 +/- 0.0022
INFO:root:Epoch no. 453 of 500 (samples: 483142)
INFO:root:Loss: 0.3882 +/- 0.0018
INFO:root:Epoch no. 454 of 500 (samples: 483142)
INFO:root:Loss: 0.3878 +/- 0.0018
INFO:root:Epoch no. 455 of 500 (samples: 483142)
INFO:root:Loss: 0.3873 +/- 0.0019
INFO:root:Epoch no. 456 of 500 (samples: 483142)
INFO:root:Loss: 0.3881 +/- 0.0021
INFO:root:Epoch no. 457 of 500 (samples: 483142)
INFO:root:Loss: 0.3881 +/- 0.0017
INFO:root:Epoch no. 458 of 500 (samples: 483142)
INFO:root:Loss: 0.3881 +/- 0.0022
INFO:root:Epoch no. 459 of 500 (samples: 483142)
INFO:root:Loss: 0.3879 +/- 0.0019
INFO:root:Epoch no. 460 of 500 (samples: 483142)
INFO:root:Loss: 0.3879 +/- 0.0018
INFO:root:Epoch no. 461 of 500 (samples: 483142)
INFO:root:Loss: 0.3882 +/- 0.0024
INFO:root:Epoch no. 462 of 500 (samples: 483142)
INFO:root:Loss: 0.3883 +/- 0.002
INFO:root:Epoch no. 463 of 500 (samples: 483142)
INFO:root:Loss: 0.3886 +/- 0.0021
INFO:root:Epoch no. 464 of 500 (samples: 483142)
INFO:root:Loss: 0.3887 +/- 0.0015
INFO:root:Epoch no. 465 of 500 (samples: 483142)
INFO:root:Loss: 0.3892 +/- 0.0022
INFO:root:Epoch no. 466 of 500 (samples: 483142)
INFO:root:Loss: 0.3897 +/- 0.0015
INFO:root:Epoch no. 467 of 500 (samples: 483142)
INFO:root:Loss: 0.3905 +/- 0.002
INFO:root:Epoch no. 468 of 500 (samples: 483142)
INFO:root:Loss: 0.3902 +/- 0.0014
INFO:root:Epoch no. 469 of 500 (samples: 483142)
INFO:root:Loss: 0.3911 +/- 0.002
INFO:root:Epoch no. 470 of 500 (samples: 483142)
INFO:root:Loss: 0.3903 +/- 0.0017
INFO:root:Epoch no. 471 of 500 (samples: 483142)
INFO:root:Loss: 0.3903 +/- 0.0017
INFO:root:Epoch no. 472 of 500 (samples: 483142)
INFO:root:Loss: 0.3909 +/- 0.0018
INFO:root:Epoch no. 473 of 500 (samples: 483142)
INFO:root:Loss: 0.3898 +/- 0.0018
INFO:root:Epoch no. 474 of 500 (samples: 483142)
INFO:root:Loss: 0.39 +/- 0.002
INFO:root:Epoch no. 475 of 500 (samples: 483142)
INFO:root:Loss: 0.3894 +/- 0.0011
INFO:root:Epoch no. 476 of 500 (samples: 483142)
INFO:root:Loss: 0.39 +/- 0.002
INFO:root:Epoch no. 477 of 500 (samples: 483142)
INFO:root:Loss: 0.3899 +/- 0.0018
INFO:root:Epoch no. 478 of 500 (samples: 483142)
INFO:root:Loss: 0.3895 +/- 0.0022
INFO:root:Epoch no. 479 of 500 (samples: 483142)
INFO:root:Loss: 0.3899 +/- 0.0016
INFO:root:Epoch no. 480 of 500 (samples: 483142)
INFO:root:Loss: 0.3899 +/- 0.0016
INFO:root:Epoch no. 481 of 500 (samples: 483142)
INFO:root:Loss: 0.3895 +/- 0.0012
INFO:root:Epoch no. 482 of 500 (samples: 483142)
INFO:root:Loss: 0.3901 +/- 0.0015
INFO:root:Epoch no. 483 of 500 (samples: 483142)
INFO:root:Loss: 0.389 +/- 0.0011
INFO:root:Epoch no. 484 of 500 (samples: 483142)
INFO:root:Loss: 0.3886 +/- 0.0018
INFO:root:Epoch no. 485 of 500 (samples: 483142)
INFO:root:Loss: 0.3879 +/- 0.0019
INFO:root:Epoch no. 486 of 500 (samples: 483142)
INFO:root:Loss: 0.3885 +/- 0.0021
INFO:root:Epoch no. 487 of 500 (samples: 483142)
INFO:root:Loss: 0.3877 +/- 0.0019
INFO:root:Epoch no. 488 of 500 (samples: 483142)
INFO:root:Loss: 0.387 +/- 0.0018
INFO:root:Epoch no. 489 of 500 (samples: 483142)
INFO:root:Loss: 0.3872 +/- 0.0023
INFO:root:Epoch no. 490 of 500 (samples: 483142)
INFO:root:Loss: 0.3867 +/- 0.0014
INFO:root:Epoch no. 491 of 500 (samples: 483142)
INFO:root:Loss: 0.3866 +/- 0.0015
INFO:root:Epoch no. 492 of 500 (samples: 483142)
INFO:root:Loss: 0.3862 +/- 0.0014
INFO:root:Epoch no. 493 of 500 (samples: 483142)
INFO:root:Loss: 0.3862 +/- 0.002
INFO:root:Epoch no. 494 of 500 (samples: 483142)
INFO:root:Loss: 0.3865 +/- 0.0021
INFO:root:Epoch no. 495 of 500 (samples: 483142)
INFO:root:Loss: 0.3861 +/- 0.0013
INFO:root:Epoch no. 496 of 500 (samples: 483142)
INFO:root:Loss: 0.3865 +/- 0.0015
INFO:root:Epoch no. 497 of 500 (samples: 483142)
INFO:root:Loss: 0.3862 +/- 0.002
INFO:root:Epoch no. 498 of 500 (samples: 483142)
INFO:root:Loss: 0.3861 +/- 0.0016
INFO:root:Epoch no. 499 of 500 (samples: 483142)
INFO:root:Loss: 0.3861 +/- 0.0021
INFO:root:Epoch no. 500 of 500 (samples: 483142)
INFO:root:Loss: 0.3862 +/- 0.001
INFO:root:### MICRO (validation raw):
INFO:root:	-- left   >> mean: 612.08472, median: 144.0, hits@10: 18.124%
INFO:root:	-- right  >> mean: 511.22638, median: 60.0, hits@10: 26.724%
INFO:root:	-- global >> mean: 561.65555, median: 92.0, hits@10: 22.424%
INFO:root:### MICRO (validation filtered):
INFO:root:	-- left   >> mean: 484.37966, median: 90.0, hits@10: 24.848%
INFO:root:	-- right  >> mean: 443.82018, median: 43.0, hits@10: 33.082%
INFO:root:	-- global >> mean: 464.09992, median: 63.0, hits@10: 28.965%
INFO:root:### MICRO (test raw):
INFO:root:	-- left   >> mean: 613.16048, median: 142.0, hits@10: 18.1%
INFO:root:	-- right  >> mean: 515.2183, median: 62.0, hits@10: 26.236%
INFO:root:	-- global >> mean: 564.18939, median: 94.0, hits@10: 22.168%
INFO:root:### MICRO (test filtered):
INFO:root:	-- left   >> mean: 487.32987, median: 90.0, hits@10: 24.779%
INFO:root:	-- right  >> mean: 444.61192, median: 44.0, hits@10: 32.547%
INFO:root:	-- global >> mean: 465.9709, median: 64.0, hits@10: 28.663%
