Using Theano backend.
INFO:root:Samples: 483142, no. batches: 10 -> batch size: 48315
INFO:root:Epoch no. 1 of 500 (samples: 483142)
INFO:root:Loss: 6.6163 +/- 0.0571
INFO:root:Epoch no. 2 of 500 (samples: 483142)
INFO:root:Loss: 6.3388 +/- 0.0688
INFO:root:Epoch no. 3 of 500 (samples: 483142)
INFO:root:Loss: 6.1452 +/- 0.0437
INFO:root:Epoch no. 4 of 500 (samples: 483142)
INFO:root:Loss: 6.0059 +/- 0.0349
INFO:root:Epoch no. 5 of 500 (samples: 483142)
INFO:root:Loss: 5.8915 +/- 0.0283
INFO:root:Epoch no. 6 of 500 (samples: 483142)
INFO:root:Loss: 5.7953 +/- 0.0242
INFO:root:Epoch no. 7 of 500 (samples: 483142)
INFO:root:Loss: 5.7095 +/- 0.0214
INFO:root:Epoch no. 8 of 500 (samples: 483142)
INFO:root:Loss: 5.6315 +/- 0.021
INFO:root:Epoch no. 9 of 500 (samples: 483142)
INFO:root:Loss: 5.5605 +/- 0.0182
INFO:root:Epoch no. 10 of 500 (samples: 483142)
INFO:root:Loss: 5.4934 +/- 0.0172
INFO:root:Epoch no. 11 of 500 (samples: 483142)
INFO:root:Loss: 5.4294 +/- 0.0155
INFO:root:Epoch no. 12 of 500 (samples: 483142)
INFO:root:Loss: 5.3694 +/- 0.0145
INFO:root:Epoch no. 13 of 500 (samples: 483142)
INFO:root:Loss: 5.3127 +/- 0.0145
INFO:root:Epoch no. 14 of 500 (samples: 483142)
INFO:root:Loss: 5.2581 +/- 0.0138
INFO:root:Epoch no. 15 of 500 (samples: 483142)
INFO:root:Loss: 5.2052 +/- 0.0122
INFO:root:Epoch no. 16 of 500 (samples: 483142)
INFO:root:Loss: 5.1547 +/- 0.013
INFO:root:Epoch no. 17 of 500 (samples: 483142)
INFO:root:Loss: 5.1064 +/- 0.014
INFO:root:Epoch no. 18 of 500 (samples: 483142)
INFO:root:Loss: 5.0585 +/- 0.0114
INFO:root:Epoch no. 19 of 500 (samples: 483142)
INFO:root:Loss: 5.0123 +/- 0.0123
INFO:root:Epoch no. 20 of 500 (samples: 483142)
INFO:root:Loss: 4.968 +/- 0.011
INFO:root:Epoch no. 21 of 500 (samples: 483142)
INFO:root:Loss: 4.9226 +/- 0.0101
INFO:root:Epoch no. 22 of 500 (samples: 483142)
INFO:root:Loss: 4.8813 +/- 0.0125
INFO:root:Epoch no. 23 of 500 (samples: 483142)
INFO:root:Loss: 4.8404 +/- 0.0098
INFO:root:Epoch no. 24 of 500 (samples: 483142)
INFO:root:Loss: 4.8004 +/- 0.0101
INFO:root:Epoch no. 25 of 500 (samples: 483142)
INFO:root:Loss: 4.7602 +/- 0.0088
INFO:root:Epoch no. 26 of 500 (samples: 483142)
INFO:root:Loss: 4.7204 +/- 0.0097
INFO:root:Epoch no. 27 of 500 (samples: 483142)
INFO:root:Loss: 4.6839 +/- 0.0114
INFO:root:Epoch no. 28 of 500 (samples: 483142)
INFO:root:Loss: 4.6445 +/- 0.0101
INFO:root:Epoch no. 29 of 500 (samples: 483142)
INFO:root:Loss: 4.6082 +/- 0.0105
INFO:root:Epoch no. 30 of 500 (samples: 483142)
INFO:root:Loss: 4.5718 +/- 0.0098
INFO:root:Epoch no. 31 of 500 (samples: 483142)
INFO:root:Loss: 4.5343 +/- 0.009
INFO:root:Epoch no. 32 of 500 (samples: 483142)
INFO:root:Loss: 4.4988 +/- 0.0096
INFO:root:Epoch no. 33 of 500 (samples: 483142)
INFO:root:Loss: 4.4655 +/- 0.0102
INFO:root:Epoch no. 34 of 500 (samples: 483142)
INFO:root:Loss: 4.4308 +/- 0.0096
INFO:root:Epoch no. 35 of 500 (samples: 483142)
INFO:root:Loss: 4.3976 +/- 0.0082
INFO:root:Epoch no. 36 of 500 (samples: 483142)
INFO:root:Loss: 4.3642 +/- 0.0104
INFO:root:Epoch no. 37 of 500 (samples: 483142)
INFO:root:Loss: 4.3297 +/- 0.0085
INFO:root:Epoch no. 38 of 500 (samples: 483142)
INFO:root:Loss: 4.2979 +/- 0.0082
INFO:root:Epoch no. 39 of 500 (samples: 483142)
INFO:root:Loss: 4.2686 +/- 0.0087
INFO:root:Epoch no. 40 of 500 (samples: 483142)
INFO:root:Loss: 4.2355 +/- 0.0092
INFO:root:Epoch no. 41 of 500 (samples: 483142)
INFO:root:Loss: 4.2028 +/- 0.0087
INFO:root:Epoch no. 42 of 500 (samples: 483142)
INFO:root:Loss: 4.1742 +/- 0.0107
INFO:root:Epoch no. 43 of 500 (samples: 483142)
INFO:root:Loss: 4.1445 +/- 0.0065
INFO:root:Epoch no. 44 of 500 (samples: 483142)
INFO:root:Loss: 4.1141 +/- 0.0096
INFO:root:Epoch no. 45 of 500 (samples: 483142)
INFO:root:Loss: 4.0835 +/- 0.009
INFO:root:Epoch no. 46 of 500 (samples: 483142)
INFO:root:Loss: 4.0577 +/- 0.0068
INFO:root:Epoch no. 47 of 500 (samples: 483142)
INFO:root:Loss: 4.0273 +/- 0.0079
INFO:root:Epoch no. 48 of 500 (samples: 483142)
INFO:root:Loss: 4.0012 +/- 0.0073
INFO:root:Epoch no. 49 of 500 (samples: 483142)
INFO:root:Loss: 3.9747 +/- 0.0096
INFO:root:Epoch no. 50 of 500 (samples: 483142)
INFO:root:Loss: 3.945 +/- 0.0087
INFO:root:Epoch no. 51 of 500 (samples: 483142)
INFO:root:Loss: 3.9173 +/- 0.009
INFO:root:Epoch no. 52 of 500 (samples: 483142)
INFO:root:Loss: 3.888 +/- 0.0071
INFO:root:Epoch no. 53 of 500 (samples: 483142)
INFO:root:Loss: 3.8612 +/- 0.0092
INFO:root:Epoch no. 54 of 500 (samples: 483142)
INFO:root:Loss: 3.8317 +/- 0.0072
INFO:root:Epoch no. 55 of 500 (samples: 483142)
INFO:root:Loss: 3.8081 +/- 0.0089
INFO:root:Epoch no. 56 of 500 (samples: 483142)
INFO:root:Loss: 3.7803 +/- 0.0068
INFO:root:Epoch no. 57 of 500 (samples: 483142)
INFO:root:Loss: 3.7536 +/- 0.0065
INFO:root:Epoch no. 58 of 500 (samples: 483142)
INFO:root:Loss: 3.7246 +/- 0.0081
INFO:root:Epoch no. 59 of 500 (samples: 483142)
INFO:root:Loss: 3.6999 +/- 0.0068
INFO:root:Epoch no. 60 of 500 (samples: 483142)
INFO:root:Loss: 3.6727 +/- 0.0081
INFO:root:Epoch no. 61 of 500 (samples: 483142)
INFO:root:Loss: 3.6462 +/- 0.0077
INFO:root:Epoch no. 62 of 500 (samples: 483142)
INFO:root:Loss: 3.6203 +/- 0.0084
INFO:root:Epoch no. 63 of 500 (samples: 483142)
INFO:root:Loss: 3.5971 +/- 0.0084
INFO:root:Epoch no. 64 of 500 (samples: 483142)
INFO:root:Loss: 3.5693 +/- 0.0068
INFO:root:Epoch no. 65 of 500 (samples: 483142)
INFO:root:Loss: 3.5439 +/- 0.0087
INFO:root:Epoch no. 66 of 500 (samples: 483142)
INFO:root:Loss: 3.519 +/- 0.0048
INFO:root:Epoch no. 67 of 500 (samples: 483142)
INFO:root:Loss: 3.4989 +/- 0.0082
INFO:root:Epoch no. 68 of 500 (samples: 483142)
INFO:root:Loss: 3.471 +/- 0.0078
INFO:root:Epoch no. 69 of 500 (samples: 483142)
INFO:root:Loss: 3.4491 +/- 0.0081
INFO:root:Epoch no. 70 of 500 (samples: 483142)
INFO:root:Loss: 3.4243 +/- 0.0086
INFO:root:Epoch no. 71 of 500 (samples: 483142)
INFO:root:Loss: 3.3982 +/- 0.0078
INFO:root:Epoch no. 72 of 500 (samples: 483142)
INFO:root:Loss: 3.3787 +/- 0.0073
INFO:root:Epoch no. 73 of 500 (samples: 483142)
INFO:root:Loss: 3.3552 +/- 0.0066
INFO:root:Epoch no. 74 of 500 (samples: 483142)
INFO:root:Loss: 3.3343 +/- 0.0059
INFO:root:Epoch no. 75 of 500 (samples: 483142)
INFO:root:Loss: 3.3112 +/- 0.0064
INFO:root:Epoch no. 76 of 500 (samples: 483142)
INFO:root:Loss: 3.2879 +/- 0.006
INFO:root:Epoch no. 77 of 500 (samples: 483142)
INFO:root:Loss: 3.2624 +/- 0.008
INFO:root:Epoch no. 78 of 500 (samples: 483142)
INFO:root:Loss: 3.2441 +/- 0.0067
INFO:root:Epoch no. 79 of 500 (samples: 483142)
INFO:root:Loss: 3.2171 +/- 0.0076
INFO:root:Epoch no. 80 of 500 (samples: 483142)
INFO:root:Loss: 3.2005 +/- 0.0052
INFO:root:Epoch no. 81 of 500 (samples: 483142)
INFO:root:Loss: 3.1776 +/- 0.0092
INFO:root:Epoch no. 82 of 500 (samples: 483142)
INFO:root:Loss: 3.1574 +/- 0.0034
INFO:root:Epoch no. 83 of 500 (samples: 483142)
INFO:root:Loss: 3.1312 +/- 0.0093
INFO:root:Epoch no. 84 of 500 (samples: 483142)
INFO:root:Loss: 3.1143 +/- 0.0088
INFO:root:Epoch no. 85 of 500 (samples: 483142)
INFO:root:Loss: 3.0943 +/- 0.0076
INFO:root:Epoch no. 86 of 500 (samples: 483142)
INFO:root:Loss: 3.0721 +/- 0.0056
INFO:root:Epoch no. 87 of 500 (samples: 483142)
INFO:root:Loss: 3.0512 +/- 0.0062
INFO:root:Epoch no. 88 of 500 (samples: 483142)
INFO:root:Loss: 3.0324 +/- 0.0092
INFO:root:Epoch no. 89 of 500 (samples: 483142)
INFO:root:Loss: 3.0108 +/- 0.0109
INFO:root:Epoch no. 90 of 500 (samples: 483142)
INFO:root:Loss: 2.9926 +/- 0.0048
INFO:root:Epoch no. 91 of 500 (samples: 483142)
INFO:root:Loss: 2.9715 +/- 0.0081
INFO:root:Epoch no. 92 of 500 (samples: 483142)
INFO:root:Loss: 2.9499 +/- 0.0091
INFO:root:Epoch no. 93 of 500 (samples: 483142)
INFO:root:Loss: 2.9322 +/- 0.0055
INFO:root:Epoch no. 94 of 500 (samples: 483142)
INFO:root:Loss: 2.9118 +/- 0.005
INFO:root:Epoch no. 95 of 500 (samples: 483142)
INFO:root:Loss: 2.8935 +/- 0.0085
INFO:root:Epoch no. 96 of 500 (samples: 483142)
INFO:root:Loss: 2.8733 +/- 0.0071
INFO:root:Epoch no. 97 of 500 (samples: 483142)
INFO:root:Loss: 2.8549 +/- 0.0084
INFO:root:Epoch no. 98 of 500 (samples: 483142)
INFO:root:Loss: 2.8358 +/- 0.0075
INFO:root:Epoch no. 99 of 500 (samples: 483142)
INFO:root:Loss: 2.8217 +/- 0.0054
INFO:root:Epoch no. 100 of 500 (samples: 483142)
INFO:root:Loss: 2.7989 +/- 0.0074
INFO:root:Epoch no. 101 of 500 (samples: 483142)
INFO:root:Loss: 2.7816 +/- 0.0092
INFO:root:Epoch no. 102 of 500 (samples: 483142)
INFO:root:Loss: 2.7615 +/- 0.0081
INFO:root:Epoch no. 103 of 500 (samples: 483142)
INFO:root:Loss: 2.7428 +/- 0.0112
INFO:root:Epoch no. 104 of 500 (samples: 483142)
INFO:root:Loss: 2.7234 +/- 0.0069
INFO:root:Epoch no. 105 of 500 (samples: 483142)
INFO:root:Loss: 2.7058 +/- 0.0089
INFO:root:Epoch no. 106 of 500 (samples: 483142)
INFO:root:Loss: 2.6877 +/- 0.0062
INFO:root:Epoch no. 107 of 500 (samples: 483142)
INFO:root:Loss: 2.669 +/- 0.0072
INFO:root:Epoch no. 108 of 500 (samples: 483142)
INFO:root:Loss: 2.6498 +/- 0.0051
INFO:root:Epoch no. 109 of 500 (samples: 483142)
INFO:root:Loss: 2.6325 +/- 0.0064
INFO:root:Epoch no. 110 of 500 (samples: 483142)
INFO:root:Loss: 2.6154 +/- 0.0092
INFO:root:Epoch no. 111 of 500 (samples: 483142)
INFO:root:Loss: 2.5984 +/- 0.0056
INFO:root:Epoch no. 112 of 500 (samples: 483142)
INFO:root:Loss: 2.5815 +/- 0.009
INFO:root:Epoch no. 113 of 500 (samples: 483142)
INFO:root:Loss: 2.5623 +/- 0.009
INFO:root:Epoch no. 114 of 500 (samples: 483142)
INFO:root:Loss: 2.546 +/- 0.0071
INFO:root:Epoch no. 115 of 500 (samples: 483142)
INFO:root:Loss: 2.5329 +/- 0.0058
INFO:root:Epoch no. 116 of 500 (samples: 483142)
INFO:root:Loss: 2.5143 +/- 0.0112
INFO:root:Epoch no. 117 of 500 (samples: 483142)
INFO:root:Loss: 2.495 +/- 0.0069
INFO:root:Epoch no. 118 of 500 (samples: 483142)
INFO:root:Loss: 2.4793 +/- 0.0079
INFO:root:Epoch no. 119 of 500 (samples: 483142)
INFO:root:Loss: 2.4651 +/- 0.0052
INFO:root:Epoch no. 120 of 500 (samples: 483142)
INFO:root:Loss: 2.4456 +/- 0.0028
INFO:root:Epoch no. 121 of 500 (samples: 483142)
INFO:root:Loss: 2.4319 +/- 0.0087
INFO:root:Epoch no. 122 of 500 (samples: 483142)
INFO:root:Loss: 2.4116 +/- 0.0096
INFO:root:Epoch no. 123 of 500 (samples: 483142)
INFO:root:Loss: 2.4002 +/- 0.0084
INFO:root:Epoch no. 124 of 500 (samples: 483142)
INFO:root:Loss: 2.3826 +/- 0.0063
INFO:root:Epoch no. 125 of 500 (samples: 483142)
INFO:root:Loss: 2.368 +/- 0.0075
INFO:root:Epoch no. 126 of 500 (samples: 483142)
INFO:root:Loss: 2.3515 +/- 0.0096
INFO:root:Epoch no. 127 of 500 (samples: 483142)
INFO:root:Loss: 2.336 +/- 0.0121
INFO:root:Epoch no. 128 of 500 (samples: 483142)
INFO:root:Loss: 2.3214 +/- 0.008
INFO:root:Epoch no. 129 of 500 (samples: 483142)
INFO:root:Loss: 2.3062 +/- 0.0077
INFO:root:Epoch no. 130 of 500 (samples: 483142)
INFO:root:Loss: 2.292 +/- 0.0058
INFO:root:Epoch no. 131 of 500 (samples: 483142)
INFO:root:Loss: 2.279 +/- 0.0074
INFO:root:Epoch no. 132 of 500 (samples: 483142)
INFO:root:Loss: 2.2642 +/- 0.0086
INFO:root:Epoch no. 133 of 500 (samples: 483142)
INFO:root:Loss: 2.248 +/- 0.0077
INFO:root:Epoch no. 134 of 500 (samples: 483142)
INFO:root:Loss: 2.2337 +/- 0.0066
INFO:root:Epoch no. 135 of 500 (samples: 483142)
INFO:root:Loss: 2.2199 +/- 0.0066
INFO:root:Epoch no. 136 of 500 (samples: 483142)
INFO:root:Loss: 2.2045 +/- 0.0084
INFO:root:Epoch no. 137 of 500 (samples: 483142)
INFO:root:Loss: 2.1898 +/- 0.0093
INFO:root:Epoch no. 138 of 500 (samples: 483142)
INFO:root:Loss: 2.179 +/- 0.006
INFO:root:Epoch no. 139 of 500 (samples: 483142)
INFO:root:Loss: 2.1656 +/- 0.0083
INFO:root:Epoch no. 140 of 500 (samples: 483142)
INFO:root:Loss: 2.1518 +/- 0.0074
INFO:root:Epoch no. 141 of 500 (samples: 483142)
INFO:root:Loss: 2.1378 +/- 0.0086
INFO:root:Epoch no. 142 of 500 (samples: 483142)
INFO:root:Loss: 2.1286 +/- 0.0066
INFO:root:Epoch no. 143 of 500 (samples: 483142)
INFO:root:Loss: 2.1117 +/- 0.0083
INFO:root:Epoch no. 144 of 500 (samples: 483142)
INFO:root:Loss: 2.099 +/- 0.0076
INFO:root:Epoch no. 145 of 500 (samples: 483142)
INFO:root:Loss: 2.0874 +/- 0.0056
INFO:root:Epoch no. 146 of 500 (samples: 483142)
INFO:root:Loss: 2.0711 +/- 0.0058
INFO:root:Epoch no. 147 of 500 (samples: 483142)
INFO:root:Loss: 2.0647 +/- 0.0099
INFO:root:Epoch no. 148 of 500 (samples: 483142)
INFO:root:Loss: 2.0516 +/- 0.0105
INFO:root:Epoch no. 149 of 500 (samples: 483142)
INFO:root:Loss: 2.0395 +/- 0.0076
INFO:root:Epoch no. 150 of 500 (samples: 483142)
INFO:root:Loss: 2.0271 +/- 0.0091
INFO:root:Epoch no. 151 of 500 (samples: 483142)
INFO:root:Loss: 2.0169 +/- 0.0041
INFO:root:Epoch no. 152 of 500 (samples: 483142)
INFO:root:Loss: 2.0032 +/- 0.0083
INFO:root:Epoch no. 153 of 500 (samples: 483142)
INFO:root:Loss: 1.9966 +/- 0.0074
INFO:root:Epoch no. 154 of 500 (samples: 483142)
INFO:root:Loss: 1.9798 +/- 0.0073
INFO:root:Epoch no. 155 of 500 (samples: 483142)
INFO:root:Loss: 1.9678 +/- 0.0065
INFO:root:Epoch no. 156 of 500 (samples: 483142)
INFO:root:Loss: 1.9564 +/- 0.0062
INFO:root:Epoch no. 157 of 500 (samples: 483142)
INFO:root:Loss: 1.947 +/- 0.0073
INFO:root:Epoch no. 158 of 500 (samples: 483142)
INFO:root:Loss: 1.9352 +/- 0.0103
INFO:root:Epoch no. 159 of 500 (samples: 483142)
INFO:root:Loss: 1.9245 +/- 0.0076
INFO:root:Epoch no. 160 of 500 (samples: 483142)
INFO:root:Loss: 1.9132 +/- 0.0049
INFO:root:Epoch no. 161 of 500 (samples: 483142)
INFO:root:Loss: 1.905 +/- 0.0082
INFO:root:Epoch no. 162 of 500 (samples: 483142)
INFO:root:Loss: 1.8929 +/- 0.0078
INFO:root:Epoch no. 163 of 500 (samples: 483142)
INFO:root:Loss: 1.8831 +/- 0.0097
INFO:root:Epoch no. 164 of 500 (samples: 483142)
INFO:root:Loss: 1.8732 +/- 0.0068
INFO:root:Epoch no. 165 of 500 (samples: 483142)
INFO:root:Loss: 1.8612 +/- 0.0067
INFO:root:Epoch no. 166 of 500 (samples: 483142)
INFO:root:Loss: 1.8518 +/- 0.0066
INFO:root:Epoch no. 167 of 500 (samples: 483142)
INFO:root:Loss: 1.8395 +/- 0.0043
INFO:root:Epoch no. 168 of 500 (samples: 483142)
INFO:root:Loss: 1.8279 +/- 0.0094
INFO:root:Epoch no. 169 of 500 (samples: 483142)
INFO:root:Loss: 1.8217 +/- 0.0067
INFO:root:Epoch no. 170 of 500 (samples: 483142)
INFO:root:Loss: 1.8116 +/- 0.009
INFO:root:Epoch no. 171 of 500 (samples: 483142)
INFO:root:Loss: 1.8051 +/- 0.0055
INFO:root:Epoch no. 172 of 500 (samples: 483142)
INFO:root:Loss: 1.7905 +/- 0.0072
INFO:root:Epoch no. 173 of 500 (samples: 483142)
INFO:root:Loss: 1.7842 +/- 0.0059
INFO:root:Epoch no. 174 of 500 (samples: 483142)
INFO:root:Loss: 1.7716 +/- 0.0068
INFO:root:Epoch no. 175 of 500 (samples: 483142)
INFO:root:Loss: 1.763 +/- 0.0057
INFO:root:Epoch no. 176 of 500 (samples: 483142)
INFO:root:Loss: 1.7562 +/- 0.0047
INFO:root:Epoch no. 177 of 500 (samples: 483142)
INFO:root:Loss: 1.7486 +/- 0.0108
INFO:root:Epoch no. 178 of 500 (samples: 483142)
INFO:root:Loss: 1.7344 +/- 0.0052
INFO:root:Epoch no. 179 of 500 (samples: 483142)
INFO:root:Loss: 1.7254 +/- 0.0069
INFO:root:Epoch no. 180 of 500 (samples: 483142)
INFO:root:Loss: 1.7181 +/- 0.0049
INFO:root:Epoch no. 181 of 500 (samples: 483142)
INFO:root:Loss: 1.7154 +/- 0.007
INFO:root:Epoch no. 182 of 500 (samples: 483142)
INFO:root:Loss: 1.7025 +/- 0.0084
INFO:root:Epoch no. 183 of 500 (samples: 483142)
INFO:root:Loss: 1.6948 +/- 0.0084
INFO:root:Epoch no. 184 of 500 (samples: 483142)
INFO:root:Loss: 1.6896 +/- 0.0049
INFO:root:Epoch no. 185 of 500 (samples: 483142)
INFO:root:Loss: 1.6816 +/- 0.0095
INFO:root:Epoch no. 186 of 500 (samples: 483142)
INFO:root:Loss: 1.6742 +/- 0.0071
INFO:root:Epoch no. 187 of 500 (samples: 483142)
INFO:root:Loss: 1.665 +/- 0.0084
INFO:root:Epoch no. 188 of 500 (samples: 483142)
INFO:root:Loss: 1.6573 +/- 0.0075
INFO:root:Epoch no. 189 of 500 (samples: 483142)
INFO:root:Loss: 1.6494 +/- 0.0036
INFO:root:Epoch no. 190 of 500 (samples: 483142)
INFO:root:Loss: 1.6431 +/- 0.009
INFO:root:Epoch no. 191 of 500 (samples: 483142)
INFO:root:Loss: 1.6362 +/- 0.0065
INFO:root:Epoch no. 192 of 500 (samples: 483142)
INFO:root:Loss: 1.6267 +/- 0.0073
INFO:root:Epoch no. 193 of 500 (samples: 483142)
INFO:root:Loss: 1.6177 +/- 0.0066
INFO:root:Epoch no. 194 of 500 (samples: 483142)
INFO:root:Loss: 1.6143 +/- 0.0054
INFO:root:Epoch no. 195 of 500 (samples: 483142)
INFO:root:Loss: 1.604 +/- 0.0059
INFO:root:Epoch no. 196 of 500 (samples: 483142)
INFO:root:Loss: 1.6019 +/- 0.0064
INFO:root:Epoch no. 197 of 500 (samples: 483142)
INFO:root:Loss: 1.591 +/- 0.0072
INFO:root:Epoch no. 198 of 500 (samples: 483142)
INFO:root:Loss: 1.584 +/- 0.0077
INFO:root:Epoch no. 199 of 500 (samples: 483142)
INFO:root:Loss: 1.5799 +/- 0.0081
INFO:root:Epoch no. 200 of 500 (samples: 483142)
INFO:root:Loss: 1.574 +/- 0.0076
INFO:root:Epoch no. 201 of 500 (samples: 483142)
INFO:root:Loss: 1.5667 +/- 0.0051
INFO:root:Epoch no. 202 of 500 (samples: 483142)
INFO:root:Loss: 1.5599 +/- 0.0091
INFO:root:Epoch no. 203 of 500 (samples: 483142)
INFO:root:Loss: 1.5542 +/- 0.0084
INFO:root:Epoch no. 204 of 500 (samples: 483142)
INFO:root:Loss: 1.5486 +/- 0.0075
INFO:root:Epoch no. 205 of 500 (samples: 483142)
INFO:root:Loss: 1.542 +/- 0.0106
INFO:root:Epoch no. 206 of 500 (samples: 483142)
INFO:root:Loss: 1.5394 +/- 0.0078
INFO:root:Epoch no. 207 of 500 (samples: 483142)
INFO:root:Loss: 1.5327 +/- 0.006
INFO:root:Epoch no. 208 of 500 (samples: 483142)
INFO:root:Loss: 1.5251 +/- 0.0088
INFO:root:Epoch no. 209 of 500 (samples: 483142)
INFO:root:Loss: 1.5171 +/- 0.0061
INFO:root:Epoch no. 210 of 500 (samples: 483142)
INFO:root:Loss: 1.5126 +/- 0.0084
INFO:root:Epoch no. 211 of 500 (samples: 483142)
INFO:root:Loss: 1.5093 +/- 0.0083
INFO:root:Epoch no. 212 of 500 (samples: 483142)
INFO:root:Loss: 1.5004 +/- 0.0095
INFO:root:Epoch no. 213 of 500 (samples: 483142)
INFO:root:Loss: 1.4945 +/- 0.0057
INFO:root:Epoch no. 214 of 500 (samples: 483142)
INFO:root:Loss: 1.4902 +/- 0.0067
INFO:root:Epoch no. 215 of 500 (samples: 483142)
INFO:root:Loss: 1.4869 +/- 0.0077
INFO:root:Epoch no. 216 of 500 (samples: 483142)
INFO:root:Loss: 1.4815 +/- 0.0072
INFO:root:Epoch no. 217 of 500 (samples: 483142)
INFO:root:Loss: 1.4774 +/- 0.007
INFO:root:Epoch no. 218 of 500 (samples: 483142)
INFO:root:Loss: 1.4703 +/- 0.0076
INFO:root:Epoch no. 219 of 500 (samples: 483142)
INFO:root:Loss: 1.4684 +/- 0.0075
INFO:root:Epoch no. 220 of 500 (samples: 483142)
INFO:root:Loss: 1.4627 +/- 0.0078
INFO:root:Epoch no. 221 of 500 (samples: 483142)
INFO:root:Loss: 1.4584 +/- 0.0066
INFO:root:Epoch no. 222 of 500 (samples: 483142)
INFO:root:Loss: 1.4501 +/- 0.0091
INFO:root:Epoch no. 223 of 500 (samples: 483142)
INFO:root:Loss: 1.4464 +/- 0.008
INFO:root:Epoch no. 224 of 500 (samples: 483142)
INFO:root:Loss: 1.4451 +/- 0.0075
INFO:root:Epoch no. 225 of 500 (samples: 483142)
INFO:root:Loss: 1.4345 +/- 0.008
INFO:root:Epoch no. 226 of 500 (samples: 483142)
INFO:root:Loss: 1.4315 +/- 0.009
INFO:root:Epoch no. 227 of 500 (samples: 483142)
INFO:root:Loss: 1.4231 +/- 0.0085
INFO:root:Epoch no. 228 of 500 (samples: 483142)
INFO:root:Loss: 1.4236 +/- 0.0068
INFO:root:Epoch no. 229 of 500 (samples: 483142)
INFO:root:Loss: 1.4206 +/- 0.0057
INFO:root:Epoch no. 230 of 500 (samples: 483142)
INFO:root:Loss: 1.4114 +/- 0.0091
INFO:root:Epoch no. 231 of 500 (samples: 483142)
INFO:root:Loss: 1.4116 +/- 0.0069
INFO:root:Epoch no. 232 of 500 (samples: 483142)
INFO:root:Loss: 1.4017 +/- 0.0092
INFO:root:Epoch no. 233 of 500 (samples: 483142)
INFO:root:Loss: 1.4015 +/- 0.0079
INFO:root:Epoch no. 234 of 500 (samples: 483142)
INFO:root:Loss: 1.4 +/- 0.0078
INFO:root:Epoch no. 235 of 500 (samples: 483142)
INFO:root:Loss: 1.3935 +/- 0.0039
INFO:root:Epoch no. 236 of 500 (samples: 483142)
INFO:root:Loss: 1.3896 +/- 0.01
INFO:root:Epoch no. 237 of 500 (samples: 483142)
INFO:root:Loss: 1.3868 +/- 0.0093
INFO:root:Epoch no. 238 of 500 (samples: 483142)
INFO:root:Loss: 1.3848 +/- 0.0085
INFO:root:Epoch no. 239 of 500 (samples: 483142)
INFO:root:Loss: 1.3798 +/- 0.0084
INFO:root:Epoch no. 240 of 500 (samples: 483142)
INFO:root:Loss: 1.3739 +/- 0.0092
INFO:root:Epoch no. 241 of 500 (samples: 483142)
INFO:root:Loss: 1.3749 +/- 0.0117
INFO:root:Epoch no. 242 of 500 (samples: 483142)
INFO:root:Loss: 1.3689 +/- 0.0052
INFO:root:Epoch no. 243 of 500 (samples: 483142)
INFO:root:Loss: 1.364 +/- 0.0064
INFO:root:Epoch no. 244 of 500 (samples: 483142)
INFO:root:Loss: 1.3637 +/- 0.0054
INFO:root:Epoch no. 245 of 500 (samples: 483142)
INFO:root:Loss: 1.3573 +/- 0.0075
INFO:root:Epoch no. 246 of 500 (samples: 483142)
INFO:root:Loss: 1.3518 +/- 0.0109
INFO:root:Epoch no. 247 of 500 (samples: 483142)
INFO:root:Loss: 1.3495 +/- 0.004
INFO:root:Epoch no. 248 of 500 (samples: 483142)
INFO:root:Loss: 1.3478 +/- 0.0061
INFO:root:Epoch no. 249 of 500 (samples: 483142)
INFO:root:Loss: 1.3424 +/- 0.0084
INFO:root:Epoch no. 250 of 500 (samples: 483142)
INFO:root:Loss: 1.3367 +/- 0.0069
INFO:root:Epoch no. 251 of 500 (samples: 483142)
INFO:root:Loss: 1.3384 +/- 0.0099
INFO:root:Epoch no. 252 of 500 (samples: 483142)
INFO:root:Loss: 1.3332 +/- 0.0045
INFO:root:Epoch no. 253 of 500 (samples: 483142)
INFO:root:Loss: 1.3298 +/- 0.0056
INFO:root:Epoch no. 254 of 500 (samples: 483142)
INFO:root:Loss: 1.328 +/- 0.0097
INFO:root:Epoch no. 255 of 500 (samples: 483142)
INFO:root:Loss: 1.3226 +/- 0.005
INFO:root:Epoch no. 256 of 500 (samples: 483142)
INFO:root:Loss: 1.3226 +/- 0.0077
INFO:root:Epoch no. 257 of 500 (samples: 483142)
INFO:root:Loss: 1.3176 +/- 0.0087
INFO:root:Epoch no. 258 of 500 (samples: 483142)
INFO:root:Loss: 1.3114 +/- 0.0064
INFO:root:Epoch no. 259 of 500 (samples: 483142)
INFO:root:Loss: 1.3106 +/- 0.0062
INFO:root:Epoch no. 260 of 500 (samples: 483142)
INFO:root:Loss: 1.307 +/- 0.0058
INFO:root:Epoch no. 261 of 500 (samples: 483142)
INFO:root:Loss: 1.3048 +/- 0.008
INFO:root:Epoch no. 262 of 500 (samples: 483142)
INFO:root:Loss: 1.3032 +/- 0.0079
INFO:root:Epoch no. 263 of 500 (samples: 483142)
INFO:root:Loss: 1.2979 +/- 0.0044
INFO:root:Epoch no. 264 of 500 (samples: 483142)
INFO:root:Loss: 1.2969 +/- 0.0089
INFO:root:Epoch no. 265 of 500 (samples: 483142)
INFO:root:Loss: 1.2894 +/- 0.007
INFO:root:Epoch no. 266 of 500 (samples: 483142)
INFO:root:Loss: 1.287 +/- 0.0039
INFO:root:Epoch no. 267 of 500 (samples: 483142)
INFO:root:Loss: 1.2895 +/- 0.0085
INFO:root:Epoch no. 268 of 500 (samples: 483142)
INFO:root:Loss: 1.2865 +/- 0.009
INFO:root:Epoch no. 269 of 500 (samples: 483142)
INFO:root:Loss: 1.2824 +/- 0.0042
INFO:root:Epoch no. 270 of 500 (samples: 483142)
INFO:root:Loss: 1.2789 +/- 0.0089
INFO:root:Epoch no. 271 of 500 (samples: 483142)
INFO:root:Loss: 1.2762 +/- 0.0066
INFO:root:Epoch no. 272 of 500 (samples: 483142)
INFO:root:Loss: 1.2748 +/- 0.0097
INFO:root:Epoch no. 273 of 500 (samples: 483142)
INFO:root:Loss: 1.2701 +/- 0.0058
INFO:root:Epoch no. 274 of 500 (samples: 483142)
INFO:root:Loss: 1.267 +/- 0.0049
INFO:root:Epoch no. 275 of 500 (samples: 483142)
INFO:root:Loss: 1.2642 +/- 0.005
INFO:root:Epoch no. 276 of 500 (samples: 483142)
INFO:root:Loss: 1.2621 +/- 0.0079
INFO:root:Epoch no. 277 of 500 (samples: 483142)
INFO:root:Loss: 1.2592 +/- 0.0079
INFO:root:Epoch no. 278 of 500 (samples: 483142)
INFO:root:Loss: 1.2567 +/- 0.0095
INFO:root:Epoch no. 279 of 500 (samples: 483142)
INFO:root:Loss: 1.2549 +/- 0.0059
INFO:root:Epoch no. 280 of 500 (samples: 483142)
INFO:root:Loss: 1.2521 +/- 0.0087
INFO:root:Epoch no. 281 of 500 (samples: 483142)
INFO:root:Loss: 1.2481 +/- 0.0059
INFO:root:Epoch no. 282 of 500 (samples: 483142)
INFO:root:Loss: 1.2477 +/- 0.0055
INFO:root:Epoch no. 283 of 500 (samples: 483142)
INFO:root:Loss: 1.2459 +/- 0.0059
INFO:root:Epoch no. 284 of 500 (samples: 483142)
INFO:root:Loss: 1.2417 +/- 0.0064
INFO:root:Epoch no. 285 of 500 (samples: 483142)
INFO:root:Loss: 1.2415 +/- 0.0043
INFO:root:Epoch no. 286 of 500 (samples: 483142)
INFO:root:Loss: 1.2376 +/- 0.0046
INFO:root:Epoch no. 287 of 500 (samples: 483142)
INFO:root:Loss: 1.2323 +/- 0.0074
INFO:root:Epoch no. 288 of 500 (samples: 483142)
INFO:root:Loss: 1.2303 +/- 0.0065
INFO:root:Epoch no. 289 of 500 (samples: 483142)
INFO:root:Loss: 1.2263 +/- 0.0078
INFO:root:Epoch no. 290 of 500 (samples: 483142)
INFO:root:Loss: 1.2256 +/- 0.0082
INFO:root:Epoch no. 291 of 500 (samples: 483142)
INFO:root:Loss: 1.2247 +/- 0.0077
INFO:root:Epoch no. 292 of 500 (samples: 483142)
INFO:root:Loss: 1.2223 +/- 0.0065
INFO:root:Epoch no. 293 of 500 (samples: 483142)
INFO:root:Loss: 1.22 +/- 0.0072
INFO:root:Epoch no. 294 of 500 (samples: 483142)
INFO:root:Loss: 1.2198 +/- 0.006
INFO:root:Epoch no. 295 of 500 (samples: 483142)
INFO:root:Loss: 1.2158 +/- 0.0052
INFO:root:Epoch no. 296 of 500 (samples: 483142)
INFO:root:Loss: 1.2109 +/- 0.0052
INFO:root:Epoch no. 297 of 500 (samples: 483142)
INFO:root:Loss: 1.2107 +/- 0.0079
INFO:root:Epoch no. 298 of 500 (samples: 483142)
INFO:root:Loss: 1.2094 +/- 0.0056
INFO:root:Epoch no. 299 of 500 (samples: 483142)
INFO:root:Loss: 1.2063 +/- 0.0059
INFO:root:Epoch no. 300 of 500 (samples: 483142)
INFO:root:Loss: 1.204 +/- 0.0064
INFO:root:Epoch no. 301 of 500 (samples: 483142)
INFO:root:Loss: 1.1985 +/- 0.0078
INFO:root:Epoch no. 302 of 500 (samples: 483142)
INFO:root:Loss: 1.1967 +/- 0.0096
INFO:root:Epoch no. 303 of 500 (samples: 483142)
INFO:root:Loss: 1.1956 +/- 0.008
INFO:root:Epoch no. 304 of 500 (samples: 483142)
INFO:root:Loss: 1.1926 +/- 0.0091
INFO:root:Epoch no. 305 of 500 (samples: 483142)
INFO:root:Loss: 1.1905 +/- 0.0084
INFO:root:Epoch no. 306 of 500 (samples: 483142)
INFO:root:Loss: 1.1925 +/- 0.0057
INFO:root:Epoch no. 307 of 500 (samples: 483142)
INFO:root:Loss: 1.1876 +/- 0.0099
INFO:root:Epoch no. 308 of 500 (samples: 483142)
INFO:root:Loss: 1.1853 +/- 0.0046
INFO:root:Epoch no. 309 of 500 (samples: 483142)
INFO:root:Loss: 1.1837 +/- 0.0055
INFO:root:Epoch no. 310 of 500 (samples: 483142)
INFO:root:Loss: 1.1778 +/- 0.0051
INFO:root:Epoch no. 311 of 500 (samples: 483142)
INFO:root:Loss: 1.1798 +/- 0.0055
INFO:root:Epoch no. 312 of 500 (samples: 483142)
INFO:root:Loss: 1.1776 +/- 0.0068
INFO:root:Epoch no. 313 of 500 (samples: 483142)
INFO:root:Loss: 1.1724 +/- 0.0066
INFO:root:Epoch no. 314 of 500 (samples: 483142)
INFO:root:Loss: 1.1702 +/- 0.0062
INFO:root:Epoch no. 315 of 500 (samples: 483142)
INFO:root:Loss: 1.1716 +/- 0.0078
INFO:root:Epoch no. 316 of 500 (samples: 483142)
INFO:root:Loss: 1.1638 +/- 0.0067
INFO:root:Epoch no. 317 of 500 (samples: 483142)
INFO:root:Loss: 1.1646 +/- 0.009
INFO:root:Epoch no. 318 of 500 (samples: 483142)
INFO:root:Loss: 1.1637 +/- 0.0064
INFO:root:Epoch no. 319 of 500 (samples: 483142)
INFO:root:Loss: 1.1618 +/- 0.0038
INFO:root:Epoch no. 320 of 500 (samples: 483142)
INFO:root:Loss: 1.1592 +/- 0.0069
INFO:root:Epoch no. 321 of 500 (samples: 483142)
INFO:root:Loss: 1.1548 +/- 0.0048
INFO:root:Epoch no. 322 of 500 (samples: 483142)
INFO:root:Loss: 1.1509 +/- 0.0045
INFO:root:Epoch no. 323 of 500 (samples: 483142)
INFO:root:Loss: 1.1506 +/- 0.0046
INFO:root:Epoch no. 324 of 500 (samples: 483142)
INFO:root:Loss: 1.149 +/- 0.0089
INFO:root:Epoch no. 325 of 500 (samples: 483142)
INFO:root:Loss: 1.1465 +/- 0.0063
INFO:root:Epoch no. 326 of 500 (samples: 483142)
INFO:root:Loss: 1.1459 +/- 0.0066
INFO:root:Epoch no. 327 of 500 (samples: 483142)
INFO:root:Loss: 1.1441 +/- 0.0035
INFO:root:Epoch no. 328 of 500 (samples: 483142)
INFO:root:Loss: 1.1442 +/- 0.0064
INFO:root:Epoch no. 329 of 500 (samples: 483142)
INFO:root:Loss: 1.1378 +/- 0.0049
INFO:root:Epoch no. 330 of 500 (samples: 483142)
INFO:root:Loss: 1.1382 +/- 0.0058
INFO:root:Epoch no. 331 of 500 (samples: 483142)
INFO:root:Loss: 1.1369 +/- 0.0074
INFO:root:Epoch no. 332 of 500 (samples: 483142)
INFO:root:Loss: 1.1329 +/- 0.0075
INFO:root:Epoch no. 333 of 500 (samples: 483142)
INFO:root:Loss: 1.1335 +/- 0.0074
INFO:root:Epoch no. 334 of 500 (samples: 483142)
INFO:root:Loss: 1.126 +/- 0.0041
INFO:root:Epoch no. 335 of 500 (samples: 483142)
INFO:root:Loss: 1.1297 +/- 0.0094
INFO:root:Epoch no. 336 of 500 (samples: 483142)
INFO:root:Loss: 1.1287 +/- 0.0068
INFO:root:Epoch no. 337 of 500 (samples: 483142)
INFO:root:Loss: 1.1226 +/- 0.0048
INFO:root:Epoch no. 338 of 500 (samples: 483142)
INFO:root:Loss: 1.1193 +/- 0.0072
INFO:root:Epoch no. 339 of 500 (samples: 483142)
INFO:root:Loss: 1.1175 +/- 0.0092
INFO:root:Epoch no. 340 of 500 (samples: 483142)
INFO:root:Loss: 1.1159 +/- 0.0046
INFO:root:Epoch no. 341 of 500 (samples: 483142)
INFO:root:Loss: 1.1131 +/- 0.0053
INFO:root:Epoch no. 342 of 500 (samples: 483142)
INFO:root:Loss: 1.1115 +/- 0.005
INFO:root:Epoch no. 343 of 500 (samples: 483142)
INFO:root:Loss: 1.111 +/- 0.0081
INFO:root:Epoch no. 344 of 500 (samples: 483142)
INFO:root:Loss: 1.1048 +/- 0.0067
INFO:root:Epoch no. 345 of 500 (samples: 483142)
INFO:root:Loss: 1.1075 +/- 0.0089
INFO:root:Epoch no. 346 of 500 (samples: 483142)
INFO:root:Loss: 1.1051 +/- 0.0075
INFO:root:Epoch no. 347 of 500 (samples: 483142)
INFO:root:Loss: 1.0986 +/- 0.0046
INFO:root:Epoch no. 348 of 500 (samples: 483142)
INFO:root:Loss: 1.1016 +/- 0.0062
INFO:root:Epoch no. 349 of 500 (samples: 483142)
INFO:root:Loss: 1.0988 +/- 0.0071
INFO:root:Epoch no. 350 of 500 (samples: 483142)
INFO:root:Loss: 1.0959 +/- 0.0049
INFO:root:Epoch no. 351 of 500 (samples: 483142)
INFO:root:Loss: 1.0928 +/- 0.0059
INFO:root:Epoch no. 352 of 500 (samples: 483142)
INFO:root:Loss: 1.0921 +/- 0.0072
INFO:root:Epoch no. 353 of 500 (samples: 483142)
INFO:root:Loss: 1.0942 +/- 0.0091
INFO:root:Epoch no. 354 of 500 (samples: 483142)
INFO:root:Loss: 1.088 +/- 0.0047
INFO:root:Epoch no. 355 of 500 (samples: 483142)
INFO:root:Loss: 1.0879 +/- 0.0054
INFO:root:Epoch no. 356 of 500 (samples: 483142)
INFO:root:Loss: 1.0858 +/- 0.0079
INFO:root:Epoch no. 357 of 500 (samples: 483142)
INFO:root:Loss: 1.0827 +/- 0.0036
INFO:root:Epoch no. 358 of 500 (samples: 483142)
INFO:root:Loss: 1.0807 +/- 0.0032
INFO:root:Epoch no. 359 of 500 (samples: 483142)
INFO:root:Loss: 1.0794 +/- 0.0094
INFO:root:Epoch no. 360 of 500 (samples: 483142)
INFO:root:Loss: 1.0787 +/- 0.0059
INFO:root:Epoch no. 361 of 500 (samples: 483142)
INFO:root:Loss: 1.0777 +/- 0.0076
INFO:root:Epoch no. 362 of 500 (samples: 483142)
INFO:root:Loss: 1.0777 +/- 0.0069
INFO:root:Epoch no. 363 of 500 (samples: 483142)
INFO:root:Loss: 1.0735 +/- 0.0064
INFO:root:Epoch no. 364 of 500 (samples: 483142)
INFO:root:Loss: 1.0691 +/- 0.0051
INFO:root:Epoch no. 365 of 500 (samples: 483142)
INFO:root:Loss: 1.0698 +/- 0.0056
INFO:root:Epoch no. 366 of 500 (samples: 483142)
INFO:root:Loss: 1.0671 +/- 0.0054
INFO:root:Epoch no. 367 of 500 (samples: 483142)
INFO:root:Loss: 1.0696 +/- 0.006
INFO:root:Epoch no. 368 of 500 (samples: 483142)
INFO:root:Loss: 1.0641 +/- 0.0079
INFO:root:Epoch no. 369 of 500 (samples: 483142)
INFO:root:Loss: 1.0619 +/- 0.0055
INFO:root:Epoch no. 370 of 500 (samples: 483142)
INFO:root:Loss: 1.0614 +/- 0.0048
INFO:root:Epoch no. 371 of 500 (samples: 483142)
INFO:root:Loss: 1.0566 +/- 0.0065
INFO:root:Epoch no. 372 of 500 (samples: 483142)
INFO:root:Loss: 1.0586 +/- 0.0044
INFO:root:Epoch no. 373 of 500 (samples: 483142)
INFO:root:Loss: 1.0569 +/- 0.0079
INFO:root:Epoch no. 374 of 500 (samples: 483142)
INFO:root:Loss: 1.0545 +/- 0.0055
INFO:root:Epoch no. 375 of 500 (samples: 483142)
INFO:root:Loss: 1.0528 +/- 0.0019
INFO:root:Epoch no. 376 of 500 (samples: 483142)
INFO:root:Loss: 1.055 +/- 0.0053
INFO:root:Epoch no. 377 of 500 (samples: 483142)
INFO:root:Loss: 1.049 +/- 0.0076
INFO:root:Epoch no. 378 of 500 (samples: 483142)
INFO:root:Loss: 1.048 +/- 0.0053
INFO:root:Epoch no. 379 of 500 (samples: 483142)
INFO:root:Loss: 1.0442 +/- 0.0068
INFO:root:Epoch no. 380 of 500 (samples: 483142)
INFO:root:Loss: 1.0443 +/- 0.0068
INFO:root:Epoch no. 381 of 500 (samples: 483142)
INFO:root:Loss: 1.0458 +/- 0.0072
INFO:root:Epoch no. 382 of 500 (samples: 483142)
INFO:root:Loss: 1.0434 +/- 0.0042
INFO:root:Epoch no. 383 of 500 (samples: 483142)
INFO:root:Loss: 1.0388 +/- 0.0079
INFO:root:Epoch no. 384 of 500 (samples: 483142)
INFO:root:Loss: 1.0385 +/- 0.0073
INFO:root:Epoch no. 385 of 500 (samples: 483142)
INFO:root:Loss: 1.0402 +/- 0.0058
INFO:root:Epoch no. 386 of 500 (samples: 483142)
INFO:root:Loss: 1.0359 +/- 0.0072
INFO:root:Epoch no. 387 of 500 (samples: 483142)
INFO:root:Loss: 1.0364 +/- 0.0073
INFO:root:Epoch no. 388 of 500 (samples: 483142)
INFO:root:Loss: 1.0341 +/- 0.0059
INFO:root:Epoch no. 389 of 500 (samples: 483142)
INFO:root:Loss: 1.0318 +/- 0.0088
INFO:root:Epoch no. 390 of 500 (samples: 483142)
INFO:root:Loss: 1.0247 +/- 0.0067
INFO:root:Epoch no. 391 of 500 (samples: 483142)
INFO:root:Loss: 1.0276 +/- 0.0055
INFO:root:Epoch no. 392 of 500 (samples: 483142)
INFO:root:Loss: 1.0277 +/- 0.0073
INFO:root:Epoch no. 393 of 500 (samples: 483142)
INFO:root:Loss: 1.0249 +/- 0.0082
INFO:root:Epoch no. 394 of 500 (samples: 483142)
INFO:root:Loss: 1.0231 +/- 0.0058
INFO:root:Epoch no. 395 of 500 (samples: 483142)
INFO:root:Loss: 1.021 +/- 0.0058
INFO:root:Epoch no. 396 of 500 (samples: 483142)
INFO:root:Loss: 1.0202 +/- 0.0068
INFO:root:Epoch no. 397 of 500 (samples: 483142)
INFO:root:Loss: 1.0194 +/- 0.009
INFO:root:Epoch no. 398 of 500 (samples: 483142)
INFO:root:Loss: 1.0168 +/- 0.0094
INFO:root:Epoch no. 399 of 500 (samples: 483142)
INFO:root:Loss: 1.0156 +/- 0.005
INFO:root:Epoch no. 400 of 500 (samples: 483142)
INFO:root:Loss: 1.01 +/- 0.0069
INFO:root:Epoch no. 401 of 500 (samples: 483142)
INFO:root:Loss: 1.0157 +/- 0.0081
INFO:root:Epoch no. 402 of 500 (samples: 483142)
INFO:root:Loss: 1.0118 +/- 0.0053
INFO:root:Epoch no. 403 of 500 (samples: 483142)
INFO:root:Loss: 1.0131 +/- 0.0063
INFO:root:Epoch no. 404 of 500 (samples: 483142)
INFO:root:Loss: 1.0125 +/- 0.0037
INFO:root:Epoch no. 405 of 500 (samples: 483142)
INFO:root:Loss: 1.0055 +/- 0.006
INFO:root:Epoch no. 406 of 500 (samples: 483142)
INFO:root:Loss: 1.0045 +/- 0.0046
INFO:root:Epoch no. 407 of 500 (samples: 483142)
INFO:root:Loss: 1.0021 +/- 0.01
INFO:root:Epoch no. 408 of 500 (samples: 483142)
INFO:root:Loss: 1.0031 +/- 0.0054
INFO:root:Epoch no. 409 of 500 (samples: 483142)
INFO:root:Loss: 1.0007 +/- 0.0074
INFO:root:Epoch no. 410 of 500 (samples: 483142)
INFO:root:Loss: 1.0007 +/- 0.0059
INFO:root:Epoch no. 411 of 500 (samples: 483142)
INFO:root:Loss: 0.9984 +/- 0.0049
INFO:root:Epoch no. 412 of 500 (samples: 483142)
INFO:root:Loss: 1.0001 +/- 0.0057
INFO:root:Epoch no. 413 of 500 (samples: 483142)
INFO:root:Loss: 0.9937 +/- 0.006
INFO:root:Epoch no. 414 of 500 (samples: 483142)
INFO:root:Loss: 0.997 +/- 0.0074
INFO:root:Epoch no. 415 of 500 (samples: 483142)
INFO:root:Loss: 0.9923 +/- 0.0066
INFO:root:Epoch no. 416 of 500 (samples: 483142)
INFO:root:Loss: 0.9906 +/- 0.0053
INFO:root:Epoch no. 417 of 500 (samples: 483142)
INFO:root:Loss: 0.9921 +/- 0.0052
INFO:root:Epoch no. 418 of 500 (samples: 483142)
INFO:root:Loss: 0.9886 +/- 0.0079
INFO:root:Epoch no. 419 of 500 (samples: 483142)
INFO:root:Loss: 0.9849 +/- 0.0058
INFO:root:Epoch no. 420 of 500 (samples: 483142)
INFO:root:Loss: 0.9852 +/- 0.0037
INFO:root:Epoch no. 421 of 500 (samples: 483142)
INFO:root:Loss: 0.985 +/- 0.0041
INFO:root:Epoch no. 422 of 500 (samples: 483142)
INFO:root:Loss: 0.981 +/- 0.005
INFO:root:Epoch no. 423 of 500 (samples: 483142)
INFO:root:Loss: 0.9846 +/- 0.0057
INFO:root:Epoch no. 424 of 500 (samples: 483142)
INFO:root:Loss: 0.9809 +/- 0.006
INFO:root:Epoch no. 425 of 500 (samples: 483142)
INFO:root:Loss: 0.9795 +/- 0.0055
INFO:root:Epoch no. 426 of 500 (samples: 483142)
INFO:root:Loss: 0.9796 +/- 0.005
INFO:root:Epoch no. 427 of 500 (samples: 483142)
INFO:root:Loss: 0.9767 +/- 0.0049
INFO:root:Epoch no. 428 of 500 (samples: 483142)
INFO:root:Loss: 0.9778 +/- 0.0103
INFO:root:Epoch no. 429 of 500 (samples: 483142)
INFO:root:Loss: 0.9734 +/- 0.0068
INFO:root:Epoch no. 430 of 500 (samples: 483142)
INFO:root:Loss: 0.9748 +/- 0.0051
INFO:root:Epoch no. 431 of 500 (samples: 483142)
INFO:root:Loss: 0.9725 +/- 0.0066
INFO:root:Epoch no. 432 of 500 (samples: 483142)
INFO:root:Loss: 0.9686 +/- 0.0103
INFO:root:Epoch no. 433 of 500 (samples: 483142)
INFO:root:Loss: 0.9696 +/- 0.0062
INFO:root:Epoch no. 434 of 500 (samples: 483142)
INFO:root:Loss: 0.9648 +/- 0.0074
INFO:root:Epoch no. 435 of 500 (samples: 483142)
INFO:root:Loss: 0.9667 +/- 0.0056
INFO:root:Epoch no. 436 of 500 (samples: 483142)
INFO:root:Loss: 0.9672 +/- 0.0062
INFO:root:Epoch no. 437 of 500 (samples: 483142)
INFO:root:Loss: 0.9622 +/- 0.006
INFO:root:Epoch no. 438 of 500 (samples: 483142)
INFO:root:Loss: 0.9642 +/- 0.0046
INFO:root:Epoch no. 439 of 500 (samples: 483142)
INFO:root:Loss: 0.9605 +/- 0.0053
INFO:root:Epoch no. 440 of 500 (samples: 483142)
INFO:root:Loss: 0.96 +/- 0.0064
INFO:root:Epoch no. 441 of 500 (samples: 483142)
INFO:root:Loss: 0.9598 +/- 0.0065
INFO:root:Epoch no. 442 of 500 (samples: 483142)
INFO:root:Loss: 0.9564 +/- 0.0083
INFO:root:Epoch no. 443 of 500 (samples: 483142)
INFO:root:Loss: 0.9555 +/- 0.0086
INFO:root:Epoch no. 444 of 500 (samples: 483142)
INFO:root:Loss: 0.9588 +/- 0.0083
INFO:root:Epoch no. 445 of 500 (samples: 483142)
INFO:root:Loss: 0.9526 +/- 0.0074
INFO:root:Epoch no. 446 of 500 (samples: 483142)
INFO:root:Loss: 0.9542 +/- 0.006
INFO:root:Epoch no. 447 of 500 (samples: 483142)
INFO:root:Loss: 0.9536 +/- 0.0049
INFO:root:Epoch no. 448 of 500 (samples: 483142)
INFO:root:Loss: 0.9533 +/- 0.0086
INFO:root:Epoch no. 449 of 500 (samples: 483142)
INFO:root:Loss: 0.9502 +/- 0.0071
INFO:root:Epoch no. 450 of 500 (samples: 483142)
INFO:root:Loss: 0.9505 +/- 0.0068
INFO:root:Epoch no. 451 of 500 (samples: 483142)
INFO:root:Loss: 0.9476 +/- 0.0051
INFO:root:Epoch no. 452 of 500 (samples: 483142)
INFO:root:Loss: 0.948 +/- 0.0057
INFO:root:Epoch no. 453 of 500 (samples: 483142)
INFO:root:Loss: 0.9475 +/- 0.0057
INFO:root:Epoch no. 454 of 500 (samples: 483142)
INFO:root:Loss: 0.9434 +/- 0.0053
INFO:root:Epoch no. 455 of 500 (samples: 483142)
INFO:root:Loss: 0.9393 +/- 0.0044
INFO:root:Epoch no. 456 of 500 (samples: 483142)
INFO:root:Loss: 0.9411 +/- 0.0067
INFO:root:Epoch no. 457 of 500 (samples: 483142)
INFO:root:Loss: 0.9423 +/- 0.0045
INFO:root:Epoch no. 458 of 500 (samples: 483142)
INFO:root:Loss: 0.9402 +/- 0.0071
INFO:root:Epoch no. 459 of 500 (samples: 483142)
INFO:root:Loss: 0.9355 +/- 0.0061
INFO:root:Epoch no. 460 of 500 (samples: 483142)
INFO:root:Loss: 0.9373 +/- 0.0053
INFO:root:Epoch no. 461 of 500 (samples: 483142)
INFO:root:Loss: 0.9356 +/- 0.0072
INFO:root:Epoch no. 462 of 500 (samples: 483142)
INFO:root:Loss: 0.9343 +/- 0.0086
INFO:root:Epoch no. 463 of 500 (samples: 483142)
INFO:root:Loss: 0.9314 +/- 0.0072
INFO:root:Epoch no. 464 of 500 (samples: 483142)
INFO:root:Loss: 0.9315 +/- 0.0059
INFO:root:Epoch no. 465 of 500 (samples: 483142)
INFO:root:Loss: 0.932 +/- 0.0099
INFO:root:Epoch no. 466 of 500 (samples: 483142)
INFO:root:Loss: 0.9286 +/- 0.0063
INFO:root:Epoch no. 467 of 500 (samples: 483142)
INFO:root:Loss: 0.9293 +/- 0.0049
INFO:root:Epoch no. 468 of 500 (samples: 483142)
INFO:root:Loss: 0.9288 +/- 0.006
INFO:root:Epoch no. 469 of 500 (samples: 483142)
INFO:root:Loss: 0.9273 +/- 0.0054
INFO:root:Epoch no. 470 of 500 (samples: 483142)
INFO:root:Loss: 0.9267 +/- 0.0068
INFO:root:Epoch no. 471 of 500 (samples: 483142)
INFO:root:Loss: 0.9241 +/- 0.0071
INFO:root:Epoch no. 472 of 500 (samples: 483142)
INFO:root:Loss: 0.9253 +/- 0.0037
INFO:root:Epoch no. 473 of 500 (samples: 483142)
INFO:root:Loss: 0.9232 +/- 0.0067
INFO:root:Epoch no. 474 of 500 (samples: 483142)
INFO:root:Loss: 0.9219 +/- 0.0056
INFO:root:Epoch no. 475 of 500 (samples: 483142)
INFO:root:Loss: 0.9194 +/- 0.0052
INFO:root:Epoch no. 476 of 500 (samples: 483142)
INFO:root:Loss: 0.9205 +/- 0.0065
INFO:root:Epoch no. 477 of 500 (samples: 483142)
INFO:root:Loss: 0.9205 +/- 0.0057
INFO:root:Epoch no. 478 of 500 (samples: 483142)
INFO:root:Loss: 0.9171 +/- 0.0095
INFO:root:Epoch no. 479 of 500 (samples: 483142)
INFO:root:Loss: 0.9168 +/- 0.0064
INFO:root:Epoch no. 480 of 500 (samples: 483142)
INFO:root:Loss: 0.9155 +/- 0.0056
INFO:root:Epoch no. 481 of 500 (samples: 483142)
INFO:root:Loss: 0.9138 +/- 0.0044
INFO:root:Epoch no. 482 of 500 (samples: 483142)
INFO:root:Loss: 0.9165 +/- 0.0044
INFO:root:Epoch no. 483 of 500 (samples: 483142)
INFO:root:Loss: 0.9129 +/- 0.005
INFO:root:Epoch no. 484 of 500 (samples: 483142)
INFO:root:Loss: 0.9103 +/- 0.0056
INFO:root:Epoch no. 485 of 500 (samples: 483142)
INFO:root:Loss: 0.9095 +/- 0.0045
INFO:root:Epoch no. 486 of 500 (samples: 483142)
INFO:root:Loss: 0.911 +/- 0.0047
INFO:root:Epoch no. 487 of 500 (samples: 483142)
INFO:root:Loss: 0.9095 +/- 0.006
INFO:root:Epoch no. 488 of 500 (samples: 483142)
INFO:root:Loss: 0.9066 +/- 0.008
INFO:root:Epoch no. 489 of 500 (samples: 483142)
INFO:root:Loss: 0.906 +/- 0.0078
INFO:root:Epoch no. 490 of 500 (samples: 483142)
INFO:root:Loss: 0.9065 +/- 0.006
INFO:root:Epoch no. 491 of 500 (samples: 483142)
INFO:root:Loss: 0.9038 +/- 0.0059
INFO:root:Epoch no. 492 of 500 (samples: 483142)
INFO:root:Loss: 0.9 +/- 0.0044
INFO:root:Epoch no. 493 of 500 (samples: 483142)
INFO:root:Loss: 0.901 +/- 0.007
INFO:root:Epoch no. 494 of 500 (samples: 483142)
INFO:root:Loss: 0.9012 +/- 0.0073
INFO:root:Epoch no. 495 of 500 (samples: 483142)
INFO:root:Loss: 0.8978 +/- 0.0055
INFO:root:Epoch no. 496 of 500 (samples: 483142)
INFO:root:Loss: 0.9015 +/- 0.0047
INFO:root:Epoch no. 497 of 500 (samples: 483142)
INFO:root:Loss: 0.899 +/- 0.0062
INFO:root:Epoch no. 498 of 500 (samples: 483142)
INFO:root:Loss: 0.8973 +/- 0.0064
INFO:root:Epoch no. 499 of 500 (samples: 483142)
INFO:root:Loss: 0.8967 +/- 0.0057
INFO:root:Epoch no. 500 of 500 (samples: 483142)
INFO:root:Loss: 0.8953 +/- 0.0047
INFO:root:### MICRO (validation raw):
INFO:root:	-- left   >> mean: 432.30604, median: 80.0, hits@10: 22.202%
INFO:root:	-- right  >> mean: 341.06682, median: 46.0, hits@10: 29.332%
INFO:root:	-- global >> mean: 386.68643, median: 60.0, hits@10: 25.767%
INFO:root:### MICRO (validation filtered):
INFO:root:	-- left   >> mean: 311.15164, median: 44.0, hits@10: 31.346%
INFO:root:	-- right  >> mean: 268.54964, median: 31.0, hits@10: 36.528%
INFO:root:	-- global >> mean: 289.85064, median: 37.0, hits@10: 33.937%
INFO:root:### MICRO (test raw):
INFO:root:	-- left   >> mean: 431.24584, median: 82.0, hits@10: 22.255%
INFO:root:	-- right  >> mean: 343.78228, median: 48.0, hits@10: 28.755%
INFO:root:	-- global >> mean: 387.51406, median: 62.0, hits@10: 25.505%
INFO:root:### MICRO (test filtered):
INFO:root:	-- left   >> mean: 312.19605, median: 45.0, hits@10: 31.212%
INFO:root:	-- right  >> mean: 267.71202, median: 32.0, hits@10: 35.901%
INFO:root:	-- global >> mean: 289.95404, median: 38.0, hits@10: 33.556%
