Using Theano backend.
Using gpu device 0: GeForce GTX TITAN X (CNMeM is disabled, cuDNN not available)
INFO:root:Acquiring data/music_2015-10_mte10_5k/music_2015-10_mte10-train.tsv.gz ..
INFO:root:Acquiring data/music_2015-10_mte10_5k/music_2015-10_mte10-valid.tsv.gz ..
INFO:root:Acquiring data/music_2015-10_mte10_5k/music_2015-10_mte10-test.tsv.gz ..
INFO:root:[Rules] Adding Head: 3, Tail: [(2, False)]
INFO:root:[Rules] Adding Head: 3, Tail: [(3, False), (2, False)]
INFO:root:[Rules] Adding Head: 3, Tail: [(3, False), (3, False)]
INFO:root:[Rules] Adding Head: 3, Tail: [(2, False), (2, False)]
INFO:root:[Rules] Adding Head: 3, Tail: [(2, False), (3, False)]
INFO:root:[Rules] Adding Head: 6, Tail: [(5, False)]
INFO:root:[Rules] Adding Head: 2, Tail: [(3, False)]
INFO:root:[Rules] Adding Head: 2, Tail: [(2, False), (2, False)]
INFO:root:[Rules] Adding Head: 2, Tail: [(2, False), (3, False)]
INFO:root:[Rules] Adding Head: 2, Tail: [(3, False), (2, False)]
INFO:root:[Rules] Adding Head: 2, Tail: [(3, False), (3, False)]
INFO:root:[Rules] Adding Head: 5, Tail: [(6, False)]
INFO:root:Samples: 202878, no. batches: 10 -> batch size: 20288
INFO:root:Epoch no. 1 of 500 (samples: 202878)
INFO:root:Loss: 2536.0102 +/- 1004.3147
INFO:root:Epoch no. 2 of 500 (samples: 202878)
INFO:root:Loss: 1376.5963 +/- 58.9657
INFO:root:Epoch no. 3 of 500 (samples: 202878)
INFO:root:Loss: 1070.1306 +/- 12.187
INFO:root:Epoch no. 4 of 500 (samples: 202878)
INFO:root:Loss: 932.4351 +/- 11.022
INFO:root:Epoch no. 5 of 500 (samples: 202878)
INFO:root:Loss: 851.0865 +/- 12.151
INFO:root:Epoch no. 6 of 500 (samples: 202878)
INFO:root:Loss: 799.4215 +/- 13.7747
INFO:root:Epoch no. 7 of 500 (samples: 202878)
INFO:root:Loss: 761.258 +/- 13.8524
INFO:root:Epoch no. 8 of 500 (samples: 202878)
INFO:root:Loss: 728.2049 +/- 15.806
INFO:root:Epoch no. 9 of 500 (samples: 202878)
INFO:root:Loss: 703.3933 +/- 14.357
INFO:root:Epoch no. 10 of 500 (samples: 202878)
INFO:root:Loss: 682.4797 +/- 14.9276
INFO:root:Epoch no. 11 of 500 (samples: 202878)
INFO:root:Loss: 662.8156 +/- 12.3511
INFO:root:Epoch no. 12 of 500 (samples: 202878)
INFO:root:Loss: 648.511 +/- 14.1429
INFO:root:Epoch no. 13 of 500 (samples: 202878)
INFO:root:Loss: 635.3666 +/- 13.2714
INFO:root:Epoch no. 14 of 500 (samples: 202878)
INFO:root:Loss: 622.8981 +/- 13.0199
INFO:root:Epoch no. 15 of 500 (samples: 202878)
INFO:root:Loss: 613.5248 +/- 13.6461
INFO:root:Epoch no. 16 of 500 (samples: 202878)
INFO:root:Loss: 603.8797 +/- 14.608
INFO:root:Epoch no. 17 of 500 (samples: 202878)
INFO:root:Loss: 597.8547 +/- 13.672
INFO:root:Epoch no. 18 of 500 (samples: 202878)
INFO:root:Loss: 590.4154 +/- 10.7711
INFO:root:Epoch no. 19 of 500 (samples: 202878)
INFO:root:Loss: 585.2718 +/- 13.5496
INFO:root:Epoch no. 20 of 500 (samples: 202878)
INFO:root:Loss: 580.0393 +/- 13.7022
INFO:root:Epoch no. 21 of 500 (samples: 202878)
INFO:root:Loss: 575.1487 +/- 12.0588
INFO:root:Epoch no. 22 of 500 (samples: 202878)
INFO:root:Loss: 570.9851 +/- 11.0293
INFO:root:Epoch no. 23 of 500 (samples: 202878)
INFO:root:Loss: 567.8639 +/- 11.1596
INFO:root:Epoch no. 24 of 500 (samples: 202878)
INFO:root:Loss: 564.1096 +/- 12.3671
INFO:root:Epoch no. 25 of 500 (samples: 202878)
INFO:root:Loss: 560.6335 +/- 10.1989
INFO:root:Epoch no. 26 of 500 (samples: 202878)
INFO:root:Loss: 559.3496 +/- 12.2631
INFO:root:Epoch no. 27 of 500 (samples: 202878)
INFO:root:Loss: 555.8658 +/- 13.237
INFO:root:Epoch no. 28 of 500 (samples: 202878)
INFO:root:Loss: 553.223 +/- 11.7414
INFO:root:Epoch no. 29 of 500 (samples: 202878)
INFO:root:Loss: 550.7075 +/- 11.2548
INFO:root:Epoch no. 30 of 500 (samples: 202878)
INFO:root:Loss: 548.8182 +/- 13.2194
INFO:root:Epoch no. 31 of 500 (samples: 202878)
INFO:root:Loss: 545.4889 +/- 9.1713
INFO:root:Epoch no. 32 of 500 (samples: 202878)
INFO:root:Loss: 545.047 +/- 11.6711
INFO:root:Epoch no. 33 of 500 (samples: 202878)
INFO:root:Loss: 543.892 +/- 11.0517
INFO:root:Epoch no. 34 of 500 (samples: 202878)
INFO:root:Loss: 543.3406 +/- 9.3997
INFO:root:Epoch no. 35 of 500 (samples: 202878)
INFO:root:Loss: 541.0077 +/- 10.6352
INFO:root:Epoch no. 36 of 500 (samples: 202878)
INFO:root:Loss: 539.5662 +/- 8.7083
INFO:root:Epoch no. 37 of 500 (samples: 202878)
INFO:root:Loss: 538.1817 +/- 8.3096
INFO:root:Epoch no. 38 of 500 (samples: 202878)
INFO:root:Loss: 539.2585 +/- 9.9815
INFO:root:Epoch no. 39 of 500 (samples: 202878)
INFO:root:Loss: 538.5405 +/- 10.6482
INFO:root:Epoch no. 40 of 500 (samples: 202878)
INFO:root:Loss: 535.6767 +/- 10.4588
INFO:root:Epoch no. 41 of 500 (samples: 202878)
INFO:root:Loss: 534.2827 +/- 11.1928
INFO:root:Epoch no. 42 of 500 (samples: 202878)
INFO:root:Loss: 534.1397 +/- 9.5488
INFO:root:Epoch no. 43 of 500 (samples: 202878)
INFO:root:Loss: 533.1825 +/- 10.9735
INFO:root:Epoch no. 44 of 500 (samples: 202878)
INFO:root:Loss: 532.5026 +/- 8.5002
INFO:root:Epoch no. 45 of 500 (samples: 202878)
INFO:root:Loss: 533.196 +/- 8.4121
INFO:root:Epoch no. 46 of 500 (samples: 202878)
INFO:root:Loss: 531.407 +/- 7.42
INFO:root:Epoch no. 47 of 500 (samples: 202878)
INFO:root:Loss: 530.2122 +/- 8.7592
INFO:root:Epoch no. 48 of 500 (samples: 202878)
INFO:root:Loss: 529.8699 +/- 7.6146
INFO:root:Epoch no. 49 of 500 (samples: 202878)
INFO:root:Loss: 527.8219 +/- 9.6057
INFO:root:Epoch no. 50 of 500 (samples: 202878)
INFO:root:Loss: 529.0887 +/- 9.3225
INFO:root:Epoch no. 51 of 500 (samples: 202878)
INFO:root:Loss: 528.4216 +/- 10.7511
INFO:root:Epoch no. 52 of 500 (samples: 202878)
INFO:root:Loss: 528.1998 +/- 9.0125
INFO:root:Epoch no. 53 of 500 (samples: 202878)
INFO:root:Loss: 526.8701 +/- 8.3844
INFO:root:Epoch no. 54 of 500 (samples: 202878)
INFO:root:Loss: 526.5369 +/- 9.266
INFO:root:Epoch no. 55 of 500 (samples: 202878)
INFO:root:Loss: 527.1447 +/- 7.4661
INFO:root:Epoch no. 56 of 500 (samples: 202878)
INFO:root:Loss: 526.3969 +/- 9.9747
INFO:root:Epoch no. 57 of 500 (samples: 202878)
INFO:root:Loss: 525.9289 +/- 9.9072
INFO:root:Epoch no. 58 of 500 (samples: 202878)
INFO:root:Loss: 524.9663 +/- 6.5667
INFO:root:Epoch no. 59 of 500 (samples: 202878)
INFO:root:Loss: 525.8344 +/- 10.6367
INFO:root:Epoch no. 60 of 500 (samples: 202878)
INFO:root:Loss: 524.8563 +/- 9.1797
INFO:root:Epoch no. 61 of 500 (samples: 202878)
INFO:root:Loss: 524.0864 +/- 8.5996
INFO:root:Epoch no. 62 of 500 (samples: 202878)
INFO:root:Loss: 524.0767 +/- 6.5458
INFO:root:Epoch no. 63 of 500 (samples: 202878)
INFO:root:Loss: 524.8309 +/- 11.1737
INFO:root:Epoch no. 64 of 500 (samples: 202878)
INFO:root:Loss: 522.5246 +/- 7.634
INFO:root:Epoch no. 65 of 500 (samples: 202878)
INFO:root:Loss: 523.0545 +/- 8.0694
INFO:root:Epoch no. 66 of 500 (samples: 202878)
INFO:root:Loss: 523.0518 +/- 8.7226
INFO:root:Epoch no. 67 of 500 (samples: 202878)
INFO:root:Loss: 521.5759 +/- 6.249
INFO:root:Epoch no. 68 of 500 (samples: 202878)
INFO:root:Loss: 522.6258 +/- 9.3266
INFO:root:Epoch no. 69 of 500 (samples: 202878)
INFO:root:Loss: 521.1529 +/- 6.9223
INFO:root:Epoch no. 70 of 500 (samples: 202878)
INFO:root:Loss: 520.6509 +/- 7.2727
INFO:root:Epoch no. 71 of 500 (samples: 202878)
INFO:root:Loss: 520.6542 +/- 8.7412
INFO:root:Epoch no. 72 of 500 (samples: 202878)
INFO:root:Loss: 520.6946 +/- 11.3426
INFO:root:Epoch no. 73 of 500 (samples: 202878)
INFO:root:Loss: 519.4567 +/- 9.1552
INFO:root:Epoch no. 74 of 500 (samples: 202878)
INFO:root:Loss: 521.6791 +/- 6.1211
INFO:root:Epoch no. 75 of 500 (samples: 202878)
INFO:root:Loss: 519.6691 +/- 7.5393
INFO:root:Epoch no. 76 of 500 (samples: 202878)
INFO:root:Loss: 521.6043 +/- 7.7795
INFO:root:Epoch no. 77 of 500 (samples: 202878)
INFO:root:Loss: 520.0469 +/- 6.5815
INFO:root:Epoch no. 78 of 500 (samples: 202878)
INFO:root:Loss: 518.735 +/- 9.26
INFO:root:Epoch no. 79 of 500 (samples: 202878)
INFO:root:Loss: 520.3509 +/- 9.3746
INFO:root:Epoch no. 80 of 500 (samples: 202878)
INFO:root:Loss: 519.7028 +/- 7.2342
INFO:root:Epoch no. 81 of 500 (samples: 202878)
INFO:root:Loss: 518.7812 +/- 8.967
INFO:root:Epoch no. 82 of 500 (samples: 202878)
INFO:root:Loss: 517.0814 +/- 9.1467
INFO:root:Epoch no. 83 of 500 (samples: 202878)
INFO:root:Loss: 519.8967 +/- 8.2845
INFO:root:Epoch no. 84 of 500 (samples: 202878)
INFO:root:Loss: 519.2732 +/- 8.1333
INFO:root:Epoch no. 85 of 500 (samples: 202878)
INFO:root:Loss: 518.4981 +/- 8.0019
INFO:root:Epoch no. 86 of 500 (samples: 202878)
INFO:root:Loss: 519.0347 +/- 8.2559
INFO:root:Epoch no. 87 of 500 (samples: 202878)
INFO:root:Loss: 517.1042 +/- 8.4258
INFO:root:Epoch no. 88 of 500 (samples: 202878)
INFO:root:Loss: 519.0427 +/- 8.0291
INFO:root:Epoch no. 89 of 500 (samples: 202878)
INFO:root:Loss: 518.7819 +/- 7.8919
INFO:root:Epoch no. 90 of 500 (samples: 202878)
INFO:root:Loss: 518.4308 +/- 6.0816
INFO:root:Epoch no. 91 of 500 (samples: 202878)
INFO:root:Loss: 518.2666 +/- 7.2666
INFO:root:Epoch no. 92 of 500 (samples: 202878)
INFO:root:Loss: 517.436 +/- 8.4169
INFO:root:Epoch no. 93 of 500 (samples: 202878)
INFO:root:Loss: 517.9795 +/- 5.3607
INFO:root:Epoch no. 94 of 500 (samples: 202878)
INFO:root:Loss: 516.696 +/- 9.1539
INFO:root:Epoch no. 95 of 500 (samples: 202878)
INFO:root:Loss: 518.0201 +/- 6.9548
INFO:root:Epoch no. 96 of 500 (samples: 202878)
INFO:root:Loss: 518.7732 +/- 7.2457
INFO:root:Epoch no. 97 of 500 (samples: 202878)
INFO:root:Loss: 516.5401 +/- 6.8926
INFO:root:Epoch no. 98 of 500 (samples: 202878)
INFO:root:Loss: 517.4214 +/- 5.8914
INFO:root:Epoch no. 99 of 500 (samples: 202878)
INFO:root:Loss: 516.7574 +/- 5.9752
INFO:root:Epoch no. 100 of 500 (samples: 202878)
INFO:root:Loss: 517.2869 +/- 7.9434
INFO:root:Epoch no. 101 of 500 (samples: 202878)
INFO:root:Loss: 517.1059 +/- 8.6582
INFO:root:Epoch no. 102 of 500 (samples: 202878)
INFO:root:Loss: 517.5763 +/- 6.1213
INFO:root:Epoch no. 103 of 500 (samples: 202878)
INFO:root:Loss: 515.46 +/- 5.683
INFO:root:Epoch no. 104 of 500 (samples: 202878)
INFO:root:Loss: 516.626 +/- 8.5207
INFO:root:Epoch no. 105 of 500 (samples: 202878)
INFO:root:Loss: 515.0699 +/- 8.2854
INFO:root:Epoch no. 106 of 500 (samples: 202878)
INFO:root:Loss: 516.2617 +/- 8.3498
INFO:root:Epoch no. 107 of 500 (samples: 202878)
INFO:root:Loss: 515.8756 +/- 7.1173
INFO:root:Epoch no. 108 of 500 (samples: 202878)
INFO:root:Loss: 516.1579 +/- 8.0101
INFO:root:Epoch no. 109 of 500 (samples: 202878)
INFO:root:Loss: 517.0063 +/- 7.1229
INFO:root:Epoch no. 110 of 500 (samples: 202878)
INFO:root:Loss: 515.995 +/- 8.3934
INFO:root:Epoch no. 111 of 500 (samples: 202878)
INFO:root:Loss: 515.8477 +/- 9.0841
INFO:root:Epoch no. 112 of 500 (samples: 202878)
INFO:root:Loss: 515.6374 +/- 7.5472
INFO:root:Epoch no. 113 of 500 (samples: 202878)
INFO:root:Loss: 515.4727 +/- 9.5593
INFO:root:Epoch no. 114 of 500 (samples: 202878)
INFO:root:Loss: 516.1732 +/- 8.8221
INFO:root:Epoch no. 115 of 500 (samples: 202878)
INFO:root:Loss: 514.5336 +/- 7.5976
INFO:root:Epoch no. 116 of 500 (samples: 202878)
INFO:root:Loss: 515.5514 +/- 6.8802
INFO:root:Epoch no. 117 of 500 (samples: 202878)
INFO:root:Loss: 514.6027 +/- 6.5976
INFO:root:Epoch no. 118 of 500 (samples: 202878)
INFO:root:Loss: 515.4835 +/- 7.8515
INFO:root:Epoch no. 119 of 500 (samples: 202878)
INFO:root:Loss: 515.7099 +/- 6.4317
INFO:root:Epoch no. 120 of 500 (samples: 202878)
INFO:root:Loss: 516.8885 +/- 7.7865
INFO:root:Epoch no. 121 of 500 (samples: 202878)
INFO:root:Loss: 515.7893 +/- 7.2995
INFO:root:Epoch no. 122 of 500 (samples: 202878)
INFO:root:Loss: 514.4065 +/- 7.8559
INFO:root:Epoch no. 123 of 500 (samples: 202878)
INFO:root:Loss: 515.2078 +/- 5.6506
INFO:root:Epoch no. 124 of 500 (samples: 202878)
INFO:root:Loss: 514.1817 +/- 7.133
INFO:root:Epoch no. 125 of 500 (samples: 202878)
INFO:root:Loss: 514.5719 +/- 8.3344
INFO:root:Epoch no. 126 of 500 (samples: 202878)
INFO:root:Loss: 515.8298 +/- 6.1828
INFO:root:Epoch no. 127 of 500 (samples: 202878)
INFO:root:Loss: 513.7312 +/- 7.4542
INFO:root:Epoch no. 128 of 500 (samples: 202878)
INFO:root:Loss: 515.2412 +/- 8.207
INFO:root:Epoch no. 129 of 500 (samples: 202878)
INFO:root:Loss: 515.3928 +/- 4.2371
INFO:root:Epoch no. 130 of 500 (samples: 202878)
INFO:root:Loss: 514.6977 +/- 5.9081
INFO:root:Epoch no. 131 of 500 (samples: 202878)
INFO:root:Loss: 512.4529 +/- 7.7514
INFO:root:Epoch no. 132 of 500 (samples: 202878)
INFO:root:Loss: 513.2325 +/- 5.865
INFO:root:Epoch no. 133 of 500 (samples: 202878)
INFO:root:Loss: 514.0106 +/- 6.7036
INFO:root:Epoch no. 134 of 500 (samples: 202878)
INFO:root:Loss: 514.264 +/- 5.4267
INFO:root:Epoch no. 135 of 500 (samples: 202878)
INFO:root:Loss: 513.3115 +/- 6.1479
INFO:root:Epoch no. 136 of 500 (samples: 202878)
INFO:root:Loss: 514.805 +/- 5.4389
INFO:root:Epoch no. 137 of 500 (samples: 202878)
INFO:root:Loss: 513.3556 +/- 5.0004
INFO:root:Epoch no. 138 of 500 (samples: 202878)
INFO:root:Loss: 515.0275 +/- 9.4449
INFO:root:Epoch no. 139 of 500 (samples: 202878)
INFO:root:Loss: 513.6866 +/- 5.3813
INFO:root:Epoch no. 140 of 500 (samples: 202878)
INFO:root:Loss: 512.6734 +/- 5.7749
INFO:root:Epoch no. 141 of 500 (samples: 202878)
INFO:root:Loss: 513.0936 +/- 5.8707
INFO:root:Epoch no. 142 of 500 (samples: 202878)
INFO:root:Loss: 513.8694 +/- 5.5211
INFO:root:Epoch no. 143 of 500 (samples: 202878)
INFO:root:Loss: 512.7535 +/- 5.65
INFO:root:Epoch no. 144 of 500 (samples: 202878)
INFO:root:Loss: 513.4069 +/- 6.372
INFO:root:Epoch no. 145 of 500 (samples: 202878)
INFO:root:Loss: 513.2471 +/- 4.0102
INFO:root:Epoch no. 146 of 500 (samples: 202878)
INFO:root:Loss: 513.0159 +/- 7.2272
INFO:root:Epoch no. 147 of 500 (samples: 202878)
INFO:root:Loss: 512.466 +/- 7.8365
INFO:root:Epoch no. 148 of 500 (samples: 202878)
INFO:root:Loss: 512.431 +/- 6.4301
INFO:root:Epoch no. 149 of 500 (samples: 202878)
INFO:root:Loss: 513.146 +/- 5.3084
INFO:root:Epoch no. 150 of 500 (samples: 202878)
INFO:root:Loss: 512.7602 +/- 5.7477
INFO:root:Epoch no. 151 of 500 (samples: 202878)
INFO:root:Loss: 513.359 +/- 5.7174
INFO:root:Epoch no. 152 of 500 (samples: 202878)
INFO:root:Loss: 513.8478 +/- 5.8027
INFO:root:Epoch no. 153 of 500 (samples: 202878)
INFO:root:Loss: 512.5349 +/- 6.7414
INFO:root:Epoch no. 154 of 500 (samples: 202878)
INFO:root:Loss: 513.4136 +/- 6.9741
INFO:root:Epoch no. 155 of 500 (samples: 202878)
INFO:root:Loss: 512.0741 +/- 4.3361
INFO:root:Epoch no. 156 of 500 (samples: 202878)
INFO:root:Loss: 513.3028 +/- 6.8246
INFO:root:Epoch no. 157 of 500 (samples: 202878)
INFO:root:Loss: 513.357 +/- 5.3268
INFO:root:Epoch no. 158 of 500 (samples: 202878)
INFO:root:Loss: 512.8163 +/- 6.9844
INFO:root:Epoch no. 159 of 500 (samples: 202878)
INFO:root:Loss: 513.3664 +/- 4.4137
INFO:root:Epoch no. 160 of 500 (samples: 202878)
INFO:root:Loss: 512.3546 +/- 4.7056
INFO:root:Epoch no. 161 of 500 (samples: 202878)
INFO:root:Loss: 513.7086 +/- 6.2245
INFO:root:Epoch no. 162 of 500 (samples: 202878)
INFO:root:Loss: 513.4794 +/- 6.1711
INFO:root:Epoch no. 163 of 500 (samples: 202878)
INFO:root:Loss: 511.2018 +/- 7.4835
INFO:root:Epoch no. 164 of 500 (samples: 202878)
INFO:root:Loss: 513.7183 +/- 7.3389
INFO:root:Epoch no. 165 of 500 (samples: 202878)
INFO:root:Loss: 512.0825 +/- 7.4044
INFO:root:Epoch no. 166 of 500 (samples: 202878)
INFO:root:Loss: 511.8059 +/- 5.3923
INFO:root:Epoch no. 167 of 500 (samples: 202878)
INFO:root:Loss: 511.702 +/- 4.5656
INFO:root:Epoch no. 168 of 500 (samples: 202878)
INFO:root:Loss: 512.6371 +/- 5.9528
INFO:root:Epoch no. 169 of 500 (samples: 202878)
INFO:root:Loss: 512.4863 +/- 7.8854
INFO:root:Epoch no. 170 of 500 (samples: 202878)
INFO:root:Loss: 512.2057 +/- 4.7861
INFO:root:Epoch no. 171 of 500 (samples: 202878)
INFO:root:Loss: 510.9568 +/- 7.7552
INFO:root:Epoch no. 172 of 500 (samples: 202878)
INFO:root:Loss: 511.9271 +/- 8.4936
INFO:root:Epoch no. 173 of 500 (samples: 202878)
INFO:root:Loss: 512.2025 +/- 7.9279
INFO:root:Epoch no. 174 of 500 (samples: 202878)
INFO:root:Loss: 512.8404 +/- 4.4527
INFO:root:Epoch no. 175 of 500 (samples: 202878)
INFO:root:Loss: 511.5948 +/- 4.1973
INFO:root:Epoch no. 176 of 500 (samples: 202878)
INFO:root:Loss: 511.4689 +/- 4.0601
INFO:root:Epoch no. 177 of 500 (samples: 202878)
INFO:root:Loss: 511.1692 +/- 6.8915
INFO:root:Epoch no. 178 of 500 (samples: 202878)
INFO:root:Loss: 511.0787 +/- 5.5624
INFO:root:Epoch no. 179 of 500 (samples: 202878)
INFO:root:Loss: 511.3665 +/- 8.1607
INFO:root:Epoch no. 180 of 500 (samples: 202878)
INFO:root:Loss: 510.7309 +/- 5.9366
INFO:root:Epoch no. 181 of 500 (samples: 202878)
INFO:root:Loss: 511.6567 +/- 7.3065
INFO:root:Epoch no. 182 of 500 (samples: 202878)
INFO:root:Loss: 511.0926 +/- 5.3717
INFO:root:Epoch no. 183 of 500 (samples: 202878)
INFO:root:Loss: 511.2131 +/- 5.3638
INFO:root:Epoch no. 184 of 500 (samples: 202878)
INFO:root:Loss: 511.4468 +/- 5.4952
INFO:root:Epoch no. 185 of 500 (samples: 202878)
INFO:root:Loss: 511.3288 +/- 6.6305
INFO:root:Epoch no. 186 of 500 (samples: 202878)
INFO:root:Loss: 510.14 +/- 7.7771
INFO:root:Epoch no. 187 of 500 (samples: 202878)
INFO:root:Loss: 511.471 +/- 4.6456
INFO:root:Epoch no. 188 of 500 (samples: 202878)
INFO:root:Loss: 511.833 +/- 5.8148
INFO:root:Epoch no. 189 of 500 (samples: 202878)
INFO:root:Loss: 511.2591 +/- 6.2598
INFO:root:Epoch no. 190 of 500 (samples: 202878)
INFO:root:Loss: 510.245 +/- 5.6058
INFO:root:Epoch no. 191 of 500 (samples: 202878)
INFO:root:Loss: 512.144 +/- 7.7021
INFO:root:Epoch no. 192 of 500 (samples: 202878)
INFO:root:Loss: 510.5262 +/- 5.5245
INFO:root:Epoch no. 193 of 500 (samples: 202878)
INFO:root:Loss: 511.2368 +/- 4.0083
INFO:root:Epoch no. 194 of 500 (samples: 202878)
INFO:root:Loss: 510.0818 +/- 4.7565
INFO:root:Epoch no. 195 of 500 (samples: 202878)
INFO:root:Loss: 510.8993 +/- 7.3915
INFO:root:Epoch no. 196 of 500 (samples: 202878)
INFO:root:Loss: 509.8599 +/- 7.1503
INFO:root:Epoch no. 197 of 500 (samples: 202878)
INFO:root:Loss: 511.1778 +/- 6.9416
INFO:root:Epoch no. 198 of 500 (samples: 202878)
INFO:root:Loss: 511.4196 +/- 5.6709
INFO:root:Epoch no. 199 of 500 (samples: 202878)
INFO:root:Loss: 510.2483 +/- 4.9554
INFO:root:Epoch no. 200 of 500 (samples: 202878)
INFO:root:Loss: 511.0446 +/- 6.9742
INFO:root:Epoch no. 201 of 500 (samples: 202878)
INFO:root:Loss: 510.2003 +/- 5.3976
INFO:root:Epoch no. 202 of 500 (samples: 202878)
INFO:root:Loss: 511.0451 +/- 6.1675
INFO:root:Epoch no. 203 of 500 (samples: 202878)
INFO:root:Loss: 509.2445 +/- 6.0058
INFO:root:Epoch no. 204 of 500 (samples: 202878)
INFO:root:Loss: 510.697 +/- 6.913
INFO:root:Epoch no. 205 of 500 (samples: 202878)
INFO:root:Loss: 510.3016 +/- 7.4157
INFO:root:Epoch no. 206 of 500 (samples: 202878)
INFO:root:Loss: 509.5479 +/- 6.7544
INFO:root:Epoch no. 207 of 500 (samples: 202878)
INFO:root:Loss: 509.558 +/- 5.1962
INFO:root:Epoch no. 208 of 500 (samples: 202878)
INFO:root:Loss: 509.6943 +/- 5.9984
INFO:root:Epoch no. 209 of 500 (samples: 202878)
INFO:root:Loss: 509.2096 +/- 4.8889
INFO:root:Epoch no. 210 of 500 (samples: 202878)
INFO:root:Loss: 508.9745 +/- 7.6704
INFO:root:Epoch no. 211 of 500 (samples: 202878)
INFO:root:Loss: 509.1649 +/- 4.9467
INFO:root:Epoch no. 212 of 500 (samples: 202878)
INFO:root:Loss: 510.2275 +/- 5.5387
INFO:root:Epoch no. 213 of 500 (samples: 202878)
INFO:root:Loss: 509.2298 +/- 6.3898
INFO:root:Epoch no. 214 of 500 (samples: 202878)
INFO:root:Loss: 510.3307 +/- 4.8756
INFO:root:Epoch no. 215 of 500 (samples: 202878)
INFO:root:Loss: 509.4192 +/- 5.3027
INFO:root:Epoch no. 216 of 500 (samples: 202878)
INFO:root:Loss: 509.0471 +/- 6.1927
INFO:root:Epoch no. 217 of 500 (samples: 202878)
INFO:root:Loss: 509.3337 +/- 6.9747
INFO:root:Epoch no. 218 of 500 (samples: 202878)
INFO:root:Loss: 509.957 +/- 7.2802
INFO:root:Epoch no. 219 of 500 (samples: 202878)
INFO:root:Loss: 508.5301 +/- 6.2993
INFO:root:Epoch no. 220 of 500 (samples: 202878)
INFO:root:Loss: 509.0308 +/- 6.4185
INFO:root:Epoch no. 221 of 500 (samples: 202878)
INFO:root:Loss: 508.319 +/- 4.1272
INFO:root:Epoch no. 222 of 500 (samples: 202878)
INFO:root:Loss: 509.5372 +/- 6.9297
INFO:root:Epoch no. 223 of 500 (samples: 202878)
INFO:root:Loss: 511.0261 +/- 5.2789
INFO:root:Epoch no. 224 of 500 (samples: 202878)
INFO:root:Loss: 510.9278 +/- 5.7097
INFO:root:Epoch no. 225 of 500 (samples: 202878)
INFO:root:Loss: 509.1623 +/- 4.6827
INFO:root:Epoch no. 226 of 500 (samples: 202878)
INFO:root:Loss: 507.6339 +/- 5.6269
INFO:root:Epoch no. 227 of 500 (samples: 202878)
INFO:root:Loss: 509.0455 +/- 5.1188
INFO:root:Epoch no. 228 of 500 (samples: 202878)
INFO:root:Loss: 510.2196 +/- 6.5321
INFO:root:Epoch no. 229 of 500 (samples: 202878)
INFO:root:Loss: 509.0811 +/- 4.6406
INFO:root:Epoch no. 230 of 500 (samples: 202878)
INFO:root:Loss: 509.7866 +/- 4.1047
INFO:root:Epoch no. 231 of 500 (samples: 202878)
INFO:root:Loss: 507.9054 +/- 5.4286
INFO:root:Epoch no. 232 of 500 (samples: 202878)
INFO:root:Loss: 508.5186 +/- 6.1858
INFO:root:Epoch no. 233 of 500 (samples: 202878)
INFO:root:Loss: 509.8107 +/- 5.7517
INFO:root:Epoch no. 234 of 500 (samples: 202878)
INFO:root:Loss: 509.5155 +/- 6.2941
INFO:root:Epoch no. 235 of 500 (samples: 202878)
INFO:root:Loss: 509.1336 +/- 5.3929
INFO:root:Epoch no. 236 of 500 (samples: 202878)
INFO:root:Loss: 509.4593 +/- 5.2154
INFO:root:Epoch no. 237 of 500 (samples: 202878)
INFO:root:Loss: 508.4383 +/- 2.5425
INFO:root:Epoch no. 238 of 500 (samples: 202878)
INFO:root:Loss: 510.3712 +/- 6.1228
INFO:root:Epoch no. 239 of 500 (samples: 202878)
INFO:root:Loss: 508.7935 +/- 5.0811
INFO:root:Epoch no. 240 of 500 (samples: 202878)
INFO:root:Loss: 508.8884 +/- 4.4667
INFO:root:Epoch no. 241 of 500 (samples: 202878)
INFO:root:Loss: 509.301 +/- 6.2484
INFO:root:Epoch no. 242 of 500 (samples: 202878)
INFO:root:Loss: 510.0165 +/- 4.9523
INFO:root:Epoch no. 243 of 500 (samples: 202878)
INFO:root:Loss: 509.7886 +/- 5.074
INFO:root:Epoch no. 244 of 500 (samples: 202878)
INFO:root:Loss: 508.7211 +/- 4.6878
INFO:root:Epoch no. 245 of 500 (samples: 202878)
INFO:root:Loss: 507.7428 +/- 8.3275
INFO:root:Epoch no. 246 of 500 (samples: 202878)
INFO:root:Loss: 507.5919 +/- 5.1817
INFO:root:Epoch no. 247 of 500 (samples: 202878)
INFO:root:Loss: 509.2212 +/- 6.1254
INFO:root:Epoch no. 248 of 500 (samples: 202878)
INFO:root:Loss: 507.4169 +/- 4.2491
INFO:root:Epoch no. 249 of 500 (samples: 202878)
INFO:root:Loss: 507.7822 +/- 7.8954
INFO:root:Epoch no. 250 of 500 (samples: 202878)
INFO:root:Loss: 508.4247 +/- 4.8996
INFO:root:Epoch no. 251 of 500 (samples: 202878)
INFO:root:Loss: 509.0464 +/- 5.235
INFO:root:Epoch no. 252 of 500 (samples: 202878)
INFO:root:Loss: 508.5614 +/- 7.0049
INFO:root:Epoch no. 253 of 500 (samples: 202878)
INFO:root:Loss: 509.109 +/- 6.1385
INFO:root:Epoch no. 254 of 500 (samples: 202878)
INFO:root:Loss: 508.4929 +/- 5.634
INFO:root:Epoch no. 255 of 500 (samples: 202878)
INFO:root:Loss: 507.9325 +/- 3.0786
INFO:root:Epoch no. 256 of 500 (samples: 202878)
INFO:root:Loss: 507.9133 +/- 6.3925
INFO:root:Epoch no. 257 of 500 (samples: 202878)
INFO:root:Loss: 507.4929 +/- 5.2711
INFO:root:Epoch no. 258 of 500 (samples: 202878)
INFO:root:Loss: 508.5903 +/- 3.8725
INFO:root:Epoch no. 259 of 500 (samples: 202878)
INFO:root:Loss: 508.3116 +/- 6.5052
INFO:root:Epoch no. 260 of 500 (samples: 202878)
INFO:root:Loss: 507.2472 +/- 5.1851
INFO:root:Epoch no. 261 of 500 (samples: 202878)
INFO:root:Loss: 507.0241 +/- 4.612
INFO:root:Epoch no. 262 of 500 (samples: 202878)
INFO:root:Loss: 507.4102 +/- 5.5597
INFO:root:Epoch no. 263 of 500 (samples: 202878)
INFO:root:Loss: 507.4033 +/- 9.1823
INFO:root:Epoch no. 264 of 500 (samples: 202878)
INFO:root:Loss: 507.892 +/- 2.4658
INFO:root:Epoch no. 265 of 500 (samples: 202878)
INFO:root:Loss: 507.3083 +/- 3.7628
INFO:root:Epoch no. 266 of 500 (samples: 202878)
INFO:root:Loss: 507.2775 +/- 7.7638
INFO:root:Epoch no. 267 of 500 (samples: 202878)
INFO:root:Loss: 509.0573 +/- 5.8461
INFO:root:Epoch no. 268 of 500 (samples: 202878)
INFO:root:Loss: 507.0714 +/- 6.4696
INFO:root:Epoch no. 269 of 500 (samples: 202878)
INFO:root:Loss: 507.8894 +/- 4.4351
INFO:root:Epoch no. 270 of 500 (samples: 202878)
INFO:root:Loss: 506.5459 +/- 5.3818
INFO:root:Epoch no. 271 of 500 (samples: 202878)
INFO:root:Loss: 507.5197 +/- 7.0688
INFO:root:Epoch no. 272 of 500 (samples: 202878)
INFO:root:Loss: 507.803 +/- 5.5186
INFO:root:Epoch no. 273 of 500 (samples: 202878)
INFO:root:Loss: 507.8913 +/- 6.1871
INFO:root:Epoch no. 274 of 500 (samples: 202878)
INFO:root:Loss: 507.6626 +/- 6.6777
INFO:root:Epoch no. 275 of 500 (samples: 202878)
INFO:root:Loss: 506.6106 +/- 6.4027
INFO:root:Epoch no. 276 of 500 (samples: 202878)
INFO:root:Loss: 506.2813 +/- 4.6748
INFO:root:Epoch no. 277 of 500 (samples: 202878)
INFO:root:Loss: 506.5997 +/- 7.3353
INFO:root:Epoch no. 278 of 500 (samples: 202878)
INFO:root:Loss: 506.2909 +/- 3.8542
INFO:root:Epoch no. 279 of 500 (samples: 202878)
INFO:root:Loss: 508.3731 +/- 5.0272
INFO:root:Epoch no. 280 of 500 (samples: 202878)
INFO:root:Loss: 508.076 +/- 4.0711
INFO:root:Epoch no. 281 of 500 (samples: 202878)
INFO:root:Loss: 507.2385 +/- 4.8944
INFO:root:Epoch no. 282 of 500 (samples: 202878)
INFO:root:Loss: 506.8124 +/- 6.5003
INFO:root:Epoch no. 283 of 500 (samples: 202878)
INFO:root:Loss: 507.0837 +/- 6.3071
INFO:root:Epoch no. 284 of 500 (samples: 202878)
INFO:root:Loss: 507.1046 +/- 6.029
INFO:root:Epoch no. 285 of 500 (samples: 202878)
INFO:root:Loss: 507.1044 +/- 5.3206
INFO:root:Epoch no. 286 of 500 (samples: 202878)
INFO:root:Loss: 506.9275 +/- 6.0397
INFO:root:Epoch no. 287 of 500 (samples: 202878)
INFO:root:Loss: 507.5752 +/- 5.5379
INFO:root:Epoch no. 288 of 500 (samples: 202878)
INFO:root:Loss: 505.2068 +/- 5.0289
INFO:root:Epoch no. 289 of 500 (samples: 202878)
INFO:root:Loss: 507.4419 +/- 6.7308
INFO:root:Epoch no. 290 of 500 (samples: 202878)
INFO:root:Loss: 507.0357 +/- 6.1917
INFO:root:Epoch no. 291 of 500 (samples: 202878)
INFO:root:Loss: 506.0821 +/- 4.169
INFO:root:Epoch no. 292 of 500 (samples: 202878)
INFO:root:Loss: 507.3771 +/- 3.7377
INFO:root:Epoch no. 293 of 500 (samples: 202878)
INFO:root:Loss: 506.6988 +/- 5.3074
INFO:root:Epoch no. 294 of 500 (samples: 202878)
INFO:root:Loss: 506.324 +/- 4.4087
INFO:root:Epoch no. 295 of 500 (samples: 202878)
INFO:root:Loss: 506.4277 +/- 5.5333
INFO:root:Epoch no. 296 of 500 (samples: 202878)
INFO:root:Loss: 506.0087 +/- 3.3288
INFO:root:Epoch no. 297 of 500 (samples: 202878)
INFO:root:Loss: 506.6356 +/- 5.4555
INFO:root:Epoch no. 298 of 500 (samples: 202878)
INFO:root:Loss: 507.3837 +/- 6.5491
INFO:root:Epoch no. 299 of 500 (samples: 202878)
INFO:root:Loss: 507.4376 +/- 4.6888
INFO:root:Epoch no. 300 of 500 (samples: 202878)
INFO:root:Loss: 507.2907 +/- 5.3009
INFO:root:Epoch no. 301 of 500 (samples: 202878)
INFO:root:Loss: 506.0322 +/- 5.6917
INFO:root:Epoch no. 302 of 500 (samples: 202878)
INFO:root:Loss: 507.9222 +/- 5.1864
INFO:root:Epoch no. 303 of 500 (samples: 202878)
INFO:root:Loss: 507.2647 +/- 3.886
INFO:root:Epoch no. 304 of 500 (samples: 202878)
INFO:root:Loss: 505.5166 +/- 5.4826
INFO:root:Epoch no. 305 of 500 (samples: 202878)
INFO:root:Loss: 506.4574 +/- 8.0496
INFO:root:Epoch no. 306 of 500 (samples: 202878)
INFO:root:Loss: 506.4997 +/- 4.7596
INFO:root:Epoch no. 307 of 500 (samples: 202878)
INFO:root:Loss: 506.2505 +/- 6.6202
INFO:root:Epoch no. 308 of 500 (samples: 202878)
INFO:root:Loss: 506.0246 +/- 4.8835
INFO:root:Epoch no. 309 of 500 (samples: 202878)
INFO:root:Loss: 507.2963 +/- 4.9415
INFO:root:Epoch no. 310 of 500 (samples: 202878)
INFO:root:Loss: 505.8842 +/- 4.1691
INFO:root:Epoch no. 311 of 500 (samples: 202878)
INFO:root:Loss: 505.9214 +/- 4.3114
INFO:root:Epoch no. 312 of 500 (samples: 202878)
INFO:root:Loss: 506.0541 +/- 4.6006
INFO:root:Epoch no. 313 of 500 (samples: 202878)
INFO:root:Loss: 506.6799 +/- 5.008
INFO:root:Epoch no. 314 of 500 (samples: 202878)
INFO:root:Loss: 507.2162 +/- 5.2086
INFO:root:Epoch no. 315 of 500 (samples: 202878)
INFO:root:Loss: 506.4021 +/- 4.8055
INFO:root:Epoch no. 316 of 500 (samples: 202878)
INFO:root:Loss: 506.3814 +/- 5.2918
INFO:root:Epoch no. 317 of 500 (samples: 202878)
INFO:root:Loss: 506.4958 +/- 5.259
INFO:root:Epoch no. 318 of 500 (samples: 202878)
INFO:root:Loss: 505.2858 +/- 7.2004
INFO:root:Epoch no. 319 of 500 (samples: 202878)
INFO:root:Loss: 504.8381 +/- 5.2528
INFO:root:Epoch no. 320 of 500 (samples: 202878)
INFO:root:Loss: 505.8309 +/- 4.3331
INFO:root:Epoch no. 321 of 500 (samples: 202878)
INFO:root:Loss: 506.4482 +/- 5.5143
INFO:root:Epoch no. 322 of 500 (samples: 202878)
INFO:root:Loss: 506.6787 +/- 7.1327
INFO:root:Epoch no. 323 of 500 (samples: 202878)
INFO:root:Loss: 505.5065 +/- 5.8539
INFO:root:Epoch no. 324 of 500 (samples: 202878)
INFO:root:Loss: 504.7922 +/- 5.7066
INFO:root:Epoch no. 325 of 500 (samples: 202878)
INFO:root:Loss: 505.1234 +/- 5.3744
INFO:root:Epoch no. 326 of 500 (samples: 202878)
INFO:root:Loss: 504.523 +/- 5.958
INFO:root:Epoch no. 327 of 500 (samples: 202878)
INFO:root:Loss: 504.6202 +/- 5.299
INFO:root:Epoch no. 328 of 500 (samples: 202878)
INFO:root:Loss: 506.4393 +/- 6.6364
INFO:root:Epoch no. 329 of 500 (samples: 202878)
INFO:root:Loss: 505.1485 +/- 4.3779
INFO:root:Epoch no. 330 of 500 (samples: 202878)
INFO:root:Loss: 504.8124 +/- 4.138
INFO:root:Epoch no. 331 of 500 (samples: 202878)
INFO:root:Loss: 505.4808 +/- 5.0151
INFO:root:Epoch no. 332 of 500 (samples: 202878)
INFO:root:Loss: 505.0775 +/- 5.0249
INFO:root:Epoch no. 333 of 500 (samples: 202878)
INFO:root:Loss: 505.8856 +/- 6.0932
INFO:root:Epoch no. 334 of 500 (samples: 202878)
INFO:root:Loss: 506.982 +/- 4.4229
INFO:root:Epoch no. 335 of 500 (samples: 202878)
INFO:root:Loss: 505.5833 +/- 6.1902
INFO:root:Epoch no. 336 of 500 (samples: 202878)
INFO:root:Loss: 504.7965 +/- 3.8199
INFO:root:Epoch no. 337 of 500 (samples: 202878)
INFO:root:Loss: 505.4842 +/- 4.1539
INFO:root:Epoch no. 338 of 500 (samples: 202878)
INFO:root:Loss: 504.8393 +/- 5.3878
INFO:root:Epoch no. 339 of 500 (samples: 202878)
INFO:root:Loss: 505.5751 +/- 5.8283
INFO:root:Epoch no. 340 of 500 (samples: 202878)
INFO:root:Loss: 506.4771 +/- 5.3749
INFO:root:Epoch no. 341 of 500 (samples: 202878)
INFO:root:Loss: 505.3391 +/- 4.9038
INFO:root:Epoch no. 342 of 500 (samples: 202878)
INFO:root:Loss: 505.2062 +/- 3.609
INFO:root:Epoch no. 343 of 500 (samples: 202878)
INFO:root:Loss: 505.0651 +/- 5.6868
INFO:root:Epoch no. 344 of 500 (samples: 202878)
INFO:root:Loss: 506.18 +/- 5.0785
INFO:root:Epoch no. 345 of 500 (samples: 202878)
INFO:root:Loss: 505.395 +/- 6.1114
INFO:root:Epoch no. 346 of 500 (samples: 202878)
INFO:root:Loss: 505.6789 +/- 2.8584
INFO:root:Epoch no. 347 of 500 (samples: 202878)
INFO:root:Loss: 506.016 +/- 3.8111
INFO:root:Epoch no. 348 of 500 (samples: 202878)
INFO:root:Loss: 506.2446 +/- 6.3578
INFO:root:Epoch no. 349 of 500 (samples: 202878)
INFO:root:Loss: 506.3473 +/- 5.5803
INFO:root:Epoch no. 350 of 500 (samples: 202878)
INFO:root:Loss: 505.8032 +/- 6.3634
INFO:root:Epoch no. 351 of 500 (samples: 202878)
INFO:root:Loss: 505.3403 +/- 4.837
INFO:root:Epoch no. 352 of 500 (samples: 202878)
INFO:root:Loss: 505.3137 +/- 4.1666
INFO:root:Epoch no. 353 of 500 (samples: 202878)
INFO:root:Loss: 505.4048 +/- 4.0878
INFO:root:Epoch no. 354 of 500 (samples: 202878)
INFO:root:Loss: 504.8836 +/- 6.2355
INFO:root:Epoch no. 355 of 500 (samples: 202878)
INFO:root:Loss: 505.3475 +/- 8.1161
INFO:root:Epoch no. 356 of 500 (samples: 202878)
INFO:root:Loss: 505.7777 +/- 3.1419
INFO:root:Epoch no. 357 of 500 (samples: 202878)
INFO:root:Loss: 506.0738 +/- 4.421
INFO:root:Epoch no. 358 of 500 (samples: 202878)
INFO:root:Loss: 504.5785 +/- 4.5844
INFO:root:Epoch no. 359 of 500 (samples: 202878)
INFO:root:Loss: 505.046 +/- 4.6661
INFO:root:Epoch no. 360 of 500 (samples: 202878)
INFO:root:Loss: 505.5872 +/- 5.618
INFO:root:Epoch no. 361 of 500 (samples: 202878)
INFO:root:Loss: 504.2963 +/- 6.3541
INFO:root:Epoch no. 362 of 500 (samples: 202878)
INFO:root:Loss: 505.7269 +/- 4.5609
INFO:root:Epoch no. 363 of 500 (samples: 202878)
INFO:root:Loss: 504.2737 +/- 5.0801
INFO:root:Epoch no. 364 of 500 (samples: 202878)
INFO:root:Loss: 504.7986 +/- 5.0626
INFO:root:Epoch no. 365 of 500 (samples: 202878)
INFO:root:Loss: 506.73 +/- 6.4339
INFO:root:Epoch no. 366 of 500 (samples: 202878)
INFO:root:Loss: 505.554 +/- 2.971
INFO:root:Epoch no. 367 of 500 (samples: 202878)
INFO:root:Loss: 505.9197 +/- 6.5659
INFO:root:Epoch no. 368 of 500 (samples: 202878)
INFO:root:Loss: 505.3162 +/- 5.3518
INFO:root:Epoch no. 369 of 500 (samples: 202878)
INFO:root:Loss: 505.3648 +/- 4.349
INFO:root:Epoch no. 370 of 500 (samples: 202878)
INFO:root:Loss: 504.8228 +/- 4.4324
INFO:root:Epoch no. 371 of 500 (samples: 202878)
INFO:root:Loss: 505.5892 +/- 5.4782
INFO:root:Epoch no. 372 of 500 (samples: 202878)
INFO:root:Loss: 504.4148 +/- 5.9823
INFO:root:Epoch no. 373 of 500 (samples: 202878)
INFO:root:Loss: 505.6988 +/- 4.0405
INFO:root:Epoch no. 374 of 500 (samples: 202878)
INFO:root:Loss: 505.1471 +/- 4.7853
INFO:root:Epoch no. 375 of 500 (samples: 202878)
INFO:root:Loss: 505.1121 +/- 4.3949
INFO:root:Epoch no. 376 of 500 (samples: 202878)
INFO:root:Loss: 505.1787 +/- 4.4038
INFO:root:Epoch no. 377 of 500 (samples: 202878)
INFO:root:Loss: 504.8544 +/- 3.9643
INFO:root:Epoch no. 378 of 500 (samples: 202878)
INFO:root:Loss: 503.9041 +/- 4.5083
INFO:root:Epoch no. 379 of 500 (samples: 202878)
INFO:root:Loss: 504.2802 +/- 3.9039
INFO:root:Epoch no. 380 of 500 (samples: 202878)
INFO:root:Loss: 505.2117 +/- 6.6044
INFO:root:Epoch no. 381 of 500 (samples: 202878)
INFO:root:Loss: 504.4541 +/- 4.7937
INFO:root:Epoch no. 382 of 500 (samples: 202878)
INFO:root:Loss: 504.4483 +/- 5.1028
INFO:root:Epoch no. 383 of 500 (samples: 202878)
INFO:root:Loss: 504.6603 +/- 3.6492
INFO:root:Epoch no. 384 of 500 (samples: 202878)
INFO:root:Loss: 504.8319 +/- 5.5041
INFO:root:Epoch no. 385 of 500 (samples: 202878)
INFO:root:Loss: 504.9742 +/- 4.0533
INFO:root:Epoch no. 386 of 500 (samples: 202878)
INFO:root:Loss: 504.1737 +/- 5.2831
INFO:root:Epoch no. 387 of 500 (samples: 202878)
INFO:root:Loss: 505.7843 +/- 5.0275
INFO:root:Epoch no. 388 of 500 (samples: 202878)
INFO:root:Loss: 504.906 +/- 6.4367
INFO:root:Epoch no. 389 of 500 (samples: 202878)
INFO:root:Loss: 504.6475 +/- 5.6156
INFO:root:Epoch no. 390 of 500 (samples: 202878)
INFO:root:Loss: 505.4246 +/- 6.1783
INFO:root:Epoch no. 391 of 500 (samples: 202878)
INFO:root:Loss: 505.9407 +/- 6.5837
INFO:root:Epoch no. 392 of 500 (samples: 202878)
INFO:root:Loss: 505.1781 +/- 3.1043
INFO:root:Epoch no. 393 of 500 (samples: 202878)
INFO:root:Loss: 503.6834 +/- 5.3998
INFO:root:Epoch no. 394 of 500 (samples: 202878)
INFO:root:Loss: 504.7872 +/- 4.3073
INFO:root:Epoch no. 395 of 500 (samples: 202878)
INFO:root:Loss: 504.1141 +/- 3.6798
INFO:root:Epoch no. 396 of 500 (samples: 202878)
INFO:root:Loss: 504.2615 +/- 4.7505
INFO:root:Epoch no. 397 of 500 (samples: 202878)
INFO:root:Loss: 504.3357 +/- 4.5298
INFO:root:Epoch no. 398 of 500 (samples: 202878)
INFO:root:Loss: 504.5251 +/- 7.5259
INFO:root:Epoch no. 399 of 500 (samples: 202878)
INFO:root:Loss: 505.7941 +/- 5.4686
INFO:root:Epoch no. 400 of 500 (samples: 202878)
INFO:root:Loss: 505.4923 +/- 6.5045
INFO:root:Epoch no. 401 of 500 (samples: 202878)
INFO:root:Loss: 503.9215 +/- 3.9603
INFO:root:Epoch no. 402 of 500 (samples: 202878)
INFO:root:Loss: 504.1418 +/- 4.8173
INFO:root:Epoch no. 403 of 500 (samples: 202878)
INFO:root:Loss: 503.8195 +/- 6.9177
INFO:root:Epoch no. 404 of 500 (samples: 202878)
INFO:root:Loss: 504.9888 +/- 5.7502
INFO:root:Epoch no. 405 of 500 (samples: 202878)
INFO:root:Loss: 505.8282 +/- 3.9824
INFO:root:Epoch no. 406 of 500 (samples: 202878)
INFO:root:Loss: 502.8768 +/- 6.7823
INFO:root:Epoch no. 407 of 500 (samples: 202878)
INFO:root:Loss: 504.5728 +/- 4.3713
INFO:root:Epoch no. 408 of 500 (samples: 202878)
INFO:root:Loss: 505.6017 +/- 7.0285
INFO:root:Epoch no. 409 of 500 (samples: 202878)
INFO:root:Loss: 505.3013 +/- 5.5842
INFO:root:Epoch no. 410 of 500 (samples: 202878)
INFO:root:Loss: 504.0228 +/- 6.4465
INFO:root:Epoch no. 411 of 500 (samples: 202878)
INFO:root:Loss: 504.0836 +/- 5.45
INFO:root:Epoch no. 412 of 500 (samples: 202878)
INFO:root:Loss: 504.9324 +/- 3.5931
INFO:root:Epoch no. 413 of 500 (samples: 202878)
INFO:root:Loss: 505.2623 +/- 4.5796
INFO:root:Epoch no. 414 of 500 (samples: 202878)
INFO:root:Loss: 503.6412 +/- 3.6637
INFO:root:Epoch no. 415 of 500 (samples: 202878)
INFO:root:Loss: 503.7217 +/- 5.5222
INFO:root:Epoch no. 416 of 500 (samples: 202878)
INFO:root:Loss: 505.2799 +/- 4.3972
INFO:root:Epoch no. 417 of 500 (samples: 202878)
INFO:root:Loss: 505.1132 +/- 5.4309
INFO:root:Epoch no. 418 of 500 (samples: 202878)
INFO:root:Loss: 503.3135 +/- 7.1891
INFO:root:Epoch no. 419 of 500 (samples: 202878)
INFO:root:Loss: 504.8534 +/- 5.7372
INFO:root:Epoch no. 420 of 500 (samples: 202878)
INFO:root:Loss: 504.5448 +/- 3.9347
INFO:root:Epoch no. 421 of 500 (samples: 202878)
INFO:root:Loss: 504.7865 +/- 5.2711
INFO:root:Epoch no. 422 of 500 (samples: 202878)
INFO:root:Loss: 504.0104 +/- 4.6773
INFO:root:Epoch no. 423 of 500 (samples: 202878)
INFO:root:Loss: 503.7813 +/- 3.6827
INFO:root:Epoch no. 424 of 500 (samples: 202878)
INFO:root:Loss: 504.1548 +/- 4.411
INFO:root:Epoch no. 425 of 500 (samples: 202878)
INFO:root:Loss: 504.4368 +/- 5.4299
INFO:root:Epoch no. 426 of 500 (samples: 202878)
INFO:root:Loss: 504.4042 +/- 4.0404
INFO:root:Epoch no. 427 of 500 (samples: 202878)
INFO:root:Loss: 502.9234 +/- 4.7305
INFO:root:Epoch no. 428 of 500 (samples: 202878)
INFO:root:Loss: 502.7207 +/- 4.176
INFO:root:Epoch no. 429 of 500 (samples: 202878)
INFO:root:Loss: 504.635 +/- 5.8385
INFO:root:Epoch no. 430 of 500 (samples: 202878)
INFO:root:Loss: 503.5383 +/- 7.0889
INFO:root:Epoch no. 431 of 500 (samples: 202878)
INFO:root:Loss: 505.3227 +/- 6.6267
INFO:root:Epoch no. 432 of 500 (samples: 202878)
INFO:root:Loss: 503.2267 +/- 4.9931
INFO:root:Epoch no. 433 of 500 (samples: 202878)
INFO:root:Loss: 504.6209 +/- 4.7823
INFO:root:Epoch no. 434 of 500 (samples: 202878)
INFO:root:Loss: 503.5457 +/- 2.4258
INFO:root:Epoch no. 435 of 500 (samples: 202878)
INFO:root:Loss: 504.0713 +/- 4.1417
INFO:root:Epoch no. 436 of 500 (samples: 202878)
INFO:root:Loss: 504.2501 +/- 3.0594
INFO:root:Epoch no. 437 of 500 (samples: 202878)
INFO:root:Loss: 503.7033 +/- 5.3921
INFO:root:Epoch no. 438 of 500 (samples: 202878)
INFO:root:Loss: 503.7153 +/- 5.3655
INFO:root:Epoch no. 439 of 500 (samples: 202878)
INFO:root:Loss: 502.855 +/- 4.8782
INFO:root:Epoch no. 440 of 500 (samples: 202878)
INFO:root:Loss: 502.8833 +/- 5.6545
INFO:root:Epoch no. 441 of 500 (samples: 202878)
INFO:root:Loss: 504.1102 +/- 5.7804
INFO:root:Epoch no. 442 of 500 (samples: 202878)
INFO:root:Loss: 504.3852 +/- 6.6516
INFO:root:Epoch no. 443 of 500 (samples: 202878)
INFO:root:Loss: 504.2372 +/- 6.3224
INFO:root:Epoch no. 444 of 500 (samples: 202878)
INFO:root:Loss: 504.3623 +/- 4.5712
INFO:root:Epoch no. 445 of 500 (samples: 202878)
INFO:root:Loss: 504.0246 +/- 5.6996
INFO:root:Epoch no. 446 of 500 (samples: 202878)
INFO:root:Loss: 504.031 +/- 4.8576
INFO:root:Epoch no. 447 of 500 (samples: 202878)
INFO:root:Loss: 502.5297 +/- 3.6597
INFO:root:Epoch no. 448 of 500 (samples: 202878)
INFO:root:Loss: 502.2584 +/- 4.0055
INFO:root:Epoch no. 449 of 500 (samples: 202878)
INFO:root:Loss: 503.8289 +/- 5.4629
INFO:root:Epoch no. 450 of 500 (samples: 202878)
INFO:root:Loss: 502.8183 +/- 5.8146
INFO:root:Epoch no. 451 of 500 (samples: 202878)
INFO:root:Loss: 502.7487 +/- 5.7541
INFO:root:Epoch no. 452 of 500 (samples: 202878)
INFO:root:Loss: 504.5579 +/- 4.9511
INFO:root:Epoch no. 453 of 500 (samples: 202878)
INFO:root:Loss: 504.3098 +/- 6.4716
INFO:root:Epoch no. 454 of 500 (samples: 202878)
INFO:root:Loss: 504.5023 +/- 3.1454
INFO:root:Epoch no. 455 of 500 (samples: 202878)
INFO:root:Loss: 504.3277 +/- 3.9574
INFO:root:Epoch no. 456 of 500 (samples: 202878)
INFO:root:Loss: 504.3063 +/- 5.8473
INFO:root:Epoch no. 457 of 500 (samples: 202878)
INFO:root:Loss: 504.658 +/- 3.5935
INFO:root:Epoch no. 458 of 500 (samples: 202878)
INFO:root:Loss: 504.3334 +/- 3.4326
INFO:root:Epoch no. 459 of 500 (samples: 202878)
INFO:root:Loss: 503.559 +/- 5.4086
INFO:root:Epoch no. 460 of 500 (samples: 202878)
INFO:root:Loss: 502.4356 +/- 3.4038
INFO:root:Epoch no. 461 of 500 (samples: 202878)
INFO:root:Loss: 502.789 +/- 4.6497
INFO:root:Epoch no. 462 of 500 (samples: 202878)
INFO:root:Loss: 503.4998 +/- 4.9817
INFO:root:Epoch no. 463 of 500 (samples: 202878)
INFO:root:Loss: 504.1853 +/- 4.8464
INFO:root:Epoch no. 464 of 500 (samples: 202878)
INFO:root:Loss: 503.7786 +/- 5.2159
INFO:root:Epoch no. 465 of 500 (samples: 202878)
INFO:root:Loss: 503.9427 +/- 2.5594
INFO:root:Epoch no. 466 of 500 (samples: 202878)
INFO:root:Loss: 502.7842 +/- 3.7875
INFO:root:Epoch no. 467 of 500 (samples: 202878)
INFO:root:Loss: 504.6484 +/- 4.309
INFO:root:Epoch no. 468 of 500 (samples: 202878)
INFO:root:Loss: 503.8196 +/- 6.3156
INFO:root:Epoch no. 469 of 500 (samples: 202878)
INFO:root:Loss: 504.9634 +/- 5.8737
INFO:root:Epoch no. 470 of 500 (samples: 202878)
INFO:root:Loss: 503.6435 +/- 4.1684
INFO:root:Epoch no. 471 of 500 (samples: 202878)
INFO:root:Loss: 504.2952 +/- 3.4064
INFO:root:Epoch no. 472 of 500 (samples: 202878)
INFO:root:Loss: 503.4824 +/- 4.8889
INFO:root:Epoch no. 473 of 500 (samples: 202878)
INFO:root:Loss: 504.7311 +/- 5.6803
INFO:root:Epoch no. 474 of 500 (samples: 202878)
INFO:root:Loss: 503.0607 +/- 5.0214
INFO:root:Epoch no. 475 of 500 (samples: 202878)
INFO:root:Loss: 502.6482 +/- 5.7483
INFO:root:Epoch no. 476 of 500 (samples: 202878)
INFO:root:Loss: 503.3507 +/- 2.7254
INFO:root:Epoch no. 477 of 500 (samples: 202878)
INFO:root:Loss: 503.7673 +/- 4.9581
INFO:root:Epoch no. 478 of 500 (samples: 202878)
INFO:root:Loss: 503.8557 +/- 3.5831
INFO:root:Epoch no. 479 of 500 (samples: 202878)
INFO:root:Loss: 503.5221 +/- 4.2028
INFO:root:Epoch no. 480 of 500 (samples: 202878)
INFO:root:Loss: 503.8853 +/- 4.1353
INFO:root:Epoch no. 481 of 500 (samples: 202878)
INFO:root:Loss: 503.9002 +/- 4.548
INFO:root:Epoch no. 482 of 500 (samples: 202878)
INFO:root:Loss: 503.2219 +/- 4.6915
INFO:root:Epoch no. 483 of 500 (samples: 202878)
INFO:root:Loss: 502.6939 +/- 4.9899
INFO:root:Epoch no. 484 of 500 (samples: 202878)
INFO:root:Loss: 502.535 +/- 6.1859
INFO:root:Epoch no. 485 of 500 (samples: 202878)
INFO:root:Loss: 504.7013 +/- 6.6063
INFO:root:Epoch no. 486 of 500 (samples: 202878)
INFO:root:Loss: 503.7162 +/- 5.3975
INFO:root:Epoch no. 487 of 500 (samples: 202878)
INFO:root:Loss: 503.8541 +/- 3.9004
INFO:root:Epoch no. 488 of 500 (samples: 202878)
INFO:root:Loss: 503.8296 +/- 5.4152
INFO:root:Epoch no. 489 of 500 (samples: 202878)
INFO:root:Loss: 503.6343 +/- 4.5444
INFO:root:Epoch no. 490 of 500 (samples: 202878)
INFO:root:Loss: 502.6106 +/- 4.3039
INFO:root:Epoch no. 491 of 500 (samples: 202878)
INFO:root:Loss: 503.8549 +/- 3.0379
INFO:root:Epoch no. 492 of 500 (samples: 202878)
INFO:root:Loss: 501.6433 +/- 3.5035
INFO:root:Epoch no. 493 of 500 (samples: 202878)
INFO:root:Loss: 504.3296 +/- 6.2061
INFO:root:Epoch no. 494 of 500 (samples: 202878)
INFO:root:Loss: 504.1871 +/- 4.6547
INFO:root:Epoch no. 495 of 500 (samples: 202878)
INFO:root:Loss: 503.6558 +/- 5.0017
INFO:root:Epoch no. 496 of 500 (samples: 202878)
INFO:root:Loss: 502.9128 +/- 6.1207
INFO:root:Epoch no. 497 of 500 (samples: 202878)
INFO:root:Loss: 502.8797 +/- 3.659
INFO:root:Epoch no. 498 of 500 (samples: 202878)
INFO:root:Loss: 503.1619 +/- 4.3219
INFO:root:Epoch no. 499 of 500 (samples: 202878)
INFO:root:Loss: 502.6666 +/- 4.027
INFO:root:Epoch no. 500 of 500 (samples: 202878)
INFO:root:Loss: 501.9065 +/- 4.5162
/usr/local/lib/python3.5/dist-packages/keras/backend/theano_backend.py:527: UserWarning: theano.function was asked to create a function computing outputs given certain inputs, but the provided input variable at index 2 is not part of the computational graph needed to compute the outputs: keras_learning_phase.
To make this warning into an error, you can pass the parameter on_unused_input='raise' to theano.function. To disable it completely, use on_unused_input='ignore'.
  **kwargs)
INFO:root:### MICRO (validation raw):
INFO:root:	-- left   >> mean: 2252.2192, median: 250.0, mrr: 0.071, hits@1: 0.6%
INFO:root:	-- right  >> mean: 347.2992, median: 26.0, mrr: 0.143, hits@1: 3.84%
INFO:root:	-- global >> mean: 1299.7592, median: 65.0, mrr: 0.107, hits@1: 2.22%
INFO:root:### MICRO (validation raw):
INFO:root:	-- left   >> mean: 2252.2192, median: 250.0, mrr: 0.071, hits@3: 9.36%
INFO:root:	-- right  >> mean: 347.2992, median: 26.0, mrr: 0.143, hits@3: 17.4%
INFO:root:	-- global >> mean: 1299.7592, median: 65.0, mrr: 0.107, hits@3: 13.38%
INFO:root:### MICRO (validation raw):
INFO:root:	-- left   >> mean: 2252.2192, median: 250.0, mrr: 0.071, hits@5: 13.88%
INFO:root:	-- right  >> mean: 347.2992, median: 26.0, mrr: 0.143, hits@5: 25.12%
INFO:root:	-- global >> mean: 1299.7592, median: 65.0, mrr: 0.107, hits@5: 19.5%
INFO:root:### MICRO (validation raw):
INFO:root:	-- left   >> mean: 2252.2192, median: 250.0, mrr: 0.071, hits@10: 20.06%
INFO:root:	-- right  >> mean: 347.2992, median: 26.0, mrr: 0.143, hits@10: 35.44%
INFO:root:	-- global >> mean: 1299.7592, median: 65.0, mrr: 0.107, hits@10: 27.75%
INFO:root:### MICRO (validation filtered):
INFO:root:	-- left   >> mean: 2081.2616, median: 209.0, mrr: 0.086, hits@1: 0.88%
INFO:root:	-- right  >> mean: 345.4984, median: 25.0, mrr: 0.16, hits@1: 4.74%
INFO:root:	-- global >> mean: 1213.38, median: 60.0, mrr: 0.123, hits@1: 2.81%
INFO:root:### MICRO (validation filtered):
INFO:root:	-- left   >> mean: 2081.2616, median: 209.0, mrr: 0.086, hits@3: 12.82%
INFO:root:	-- right  >> mean: 345.4984, median: 25.0, mrr: 0.16, hits@3: 20.54%
INFO:root:	-- global >> mean: 1213.38, median: 60.0, mrr: 0.123, hits@3: 16.68%
INFO:root:### MICRO (validation filtered):
INFO:root:	-- left   >> mean: 2081.2616, median: 209.0, mrr: 0.086, hits@5: 16.74%
INFO:root:	-- right  >> mean: 345.4984, median: 25.0, mrr: 0.16, hits@5: 28.18%
INFO:root:	-- global >> mean: 1213.38, median: 60.0, mrr: 0.123, hits@5: 22.46%
INFO:root:### MICRO (validation filtered):
INFO:root:	-- left   >> mean: 2081.2616, median: 209.0, mrr: 0.086, hits@10: 22.22%
INFO:root:	-- right  >> mean: 345.4984, median: 25.0, mrr: 0.16, hits@10: 37.14%
INFO:root:	-- global >> mean: 1213.38, median: 60.0, mrr: 0.123, hits@10: 29.68%
INFO:root:### MICRO (test raw):
INFO:root:	-- left   >> mean: 2251.627, median: 254.0, mrr: 0.065, hits@1: 0.54%
INFO:root:	-- right  >> mean: 319.7332, median: 26.0, mrr: 0.142, hits@1: 4.28%
INFO:root:	-- global >> mean: 1285.6801, median: 69.0, mrr: 0.103, hits@1: 2.41%
INFO:root:### MICRO (test raw):
INFO:root:	-- left   >> mean: 2251.627, median: 254.0, mrr: 0.065, hits@3: 8.18%
INFO:root:	-- right  >> mean: 319.7332, median: 26.0, mrr: 0.142, hits@3: 16.78%
INFO:root:	-- global >> mean: 1285.6801, median: 69.0, mrr: 0.103, hits@3: 12.48%
INFO:root:### MICRO (test raw):
INFO:root:	-- left   >> mean: 2251.627, median: 254.0, mrr: 0.065, hits@5: 12.72%
INFO:root:	-- right  >> mean: 319.7332, median: 26.0, mrr: 0.142, hits@5: 24.3%
INFO:root:	-- global >> mean: 1285.6801, median: 69.0, mrr: 0.103, hits@5: 18.51%
INFO:root:### MICRO (test raw):
INFO:root:	-- left   >> mean: 2251.627, median: 254.0, mrr: 0.065, hits@10: 19.02%
INFO:root:	-- right  >> mean: 319.7332, median: 26.0, mrr: 0.142, hits@10: 34.98%
INFO:root:	-- global >> mean: 1285.6801, median: 69.0, mrr: 0.103, hits@10: 27.0%
INFO:root:### MICRO (test filtered):
INFO:root:	-- left   >> mean: 2086.2812, median: 209.0, mrr: 0.082, hits@1: 0.9%
INFO:root:	-- right  >> mean: 317.8944, median: 24.0, mrr: 0.161, hits@1: 5.18%
INFO:root:	-- global >> mean: 1202.0878, median: 62.0, mrr: 0.121, hits@1: 3.04%
INFO:root:### MICRO (test filtered):
INFO:root:	-- left   >> mean: 2086.2812, median: 209.0, mrr: 0.082, hits@3: 11.86%
INFO:root:	-- right  >> mean: 317.8944, median: 24.0, mrr: 0.161, hits@3: 20.38%
INFO:root:	-- global >> mean: 1202.0878, median: 62.0, mrr: 0.121, hits@3: 16.12%
INFO:root:### MICRO (test filtered):
INFO:root:	-- left   >> mean: 2086.2812, median: 209.0, mrr: 0.082, hits@5: 16.0%
INFO:root:	-- right  >> mean: 317.8944, median: 24.0, mrr: 0.161, hits@5: 27.02%
INFO:root:	-- global >> mean: 1202.0878, median: 62.0, mrr: 0.121, hits@5: 21.51%
INFO:root:### MICRO (test filtered):
INFO:root:	-- left   >> mean: 2086.2812, median: 209.0, mrr: 0.082, hits@10: 21.36%
INFO:root:	-- right  >> mean: 317.8944, median: 24.0, mrr: 0.161, hits@10: 37.4%
INFO:root:	-- global >> mean: 1202.0878, median: 62.0, mrr: 0.121, hits@10: 29.38%
