Using Theano backend.
Using gpu device 0: GeForce GTX TITAN X (CNMeM is disabled, cuDNN not available)
INFO:root:Acquiring data/music_2015-10_mte10_5k/music_2015-10_mte10-train.tsv.gz ..
INFO:root:Acquiring data/music_2015-10_mte10_5k/music_2015-10_mte10-valid.tsv.gz ..
INFO:root:Acquiring data/music_2015-10_mte10_5k/music_2015-10_mte10-test.tsv.gz ..
INFO:root:[Rules] Adding Head: 3, Tail: [(2, False)]
INFO:root:[Rules] Adding Head: 3, Tail: [(3, False), (2, False)]
INFO:root:[Rules] Adding Head: 3, Tail: [(3, False), (3, False)]
INFO:root:[Rules] Adding Head: 3, Tail: [(2, False), (2, False)]
INFO:root:[Rules] Adding Head: 3, Tail: [(2, False), (3, False)]
INFO:root:[Rules] Adding Head: 6, Tail: [(5, False)]
INFO:root:[Rules] Adding Head: 2, Tail: [(3, False)]
INFO:root:[Rules] Adding Head: 2, Tail: [(2, False), (2, False)]
INFO:root:[Rules] Adding Head: 2, Tail: [(2, False), (3, False)]
INFO:root:[Rules] Adding Head: 2, Tail: [(3, False), (2, False)]
INFO:root:[Rules] Adding Head: 2, Tail: [(3, False), (3, False)]
INFO:root:[Rules] Adding Head: 5, Tail: [(6, False)]
INFO:root:Samples: 260842, no. batches: 10 -> batch size: 26085
INFO:root:Epoch no. 1 of 500 (samples: 260842)
INFO:root:Loss: 2448.1042 +/- 646.5606
INFO:root:Epoch no. 2 of 500 (samples: 260842)
INFO:root:Loss: 1575.0094 +/- 63.4781
INFO:root:Epoch no. 3 of 500 (samples: 260842)
INFO:root:Loss: 1276.4491 +/- 29.1358
INFO:root:Epoch no. 4 of 500 (samples: 260842)
INFO:root:Loss: 1103.9014 +/- 14.923
INFO:root:Epoch no. 5 of 500 (samples: 260842)
INFO:root:Loss: 998.0066 +/- 5.5714
INFO:root:Epoch no. 6 of 500 (samples: 260842)
INFO:root:Loss: 924.8223 +/- 4.1736
INFO:root:Epoch no. 7 of 500 (samples: 260842)
INFO:root:Loss: 875.6647 +/- 4.9148
INFO:root:Epoch no. 8 of 500 (samples: 260842)
INFO:root:Loss: 836.1993 +/- 8.35
INFO:root:Epoch no. 9 of 500 (samples: 260842)
INFO:root:Loss: 807.3451 +/- 6.9006
INFO:root:Epoch no. 10 of 500 (samples: 260842)
INFO:root:Loss: 781.9336 +/- 7.1423
INFO:root:Epoch no. 11 of 500 (samples: 260842)
INFO:root:Loss: 762.3292 +/- 5.2606
INFO:root:Epoch no. 12 of 500 (samples: 260842)
INFO:root:Loss: 745.4142 +/- 7.6244
INFO:root:Epoch no. 13 of 500 (samples: 260842)
INFO:root:Loss: 728.7396 +/- 8.4671
INFO:root:Epoch no. 14 of 500 (samples: 260842)
INFO:root:Loss: 714.7891 +/- 9.2007
INFO:root:Epoch no. 15 of 500 (samples: 260842)
INFO:root:Loss: 701.7841 +/- 8.3614
INFO:root:Epoch no. 16 of 500 (samples: 260842)
INFO:root:Loss: 690.6322 +/- 8.3725
INFO:root:Epoch no. 17 of 500 (samples: 260842)
INFO:root:Loss: 682.1568 +/- 7.9034
INFO:root:Epoch no. 18 of 500 (samples: 260842)
INFO:root:Loss: 671.4729 +/- 6.3853
INFO:root:Epoch no. 19 of 500 (samples: 260842)
INFO:root:Loss: 660.7121 +/- 6.2572
INFO:root:Epoch no. 20 of 500 (samples: 260842)
INFO:root:Loss: 653.4102 +/- 6.4051
INFO:root:Epoch no. 21 of 500 (samples: 260842)
INFO:root:Loss: 645.689 +/- 6.0959
INFO:root:Epoch no. 22 of 500 (samples: 260842)
INFO:root:Loss: 637.6977 +/- 7.2991
INFO:root:Epoch no. 23 of 500 (samples: 260842)
INFO:root:Loss: 632.979 +/- 4.8201
INFO:root:Epoch no. 24 of 500 (samples: 260842)
INFO:root:Loss: 627.0311 +/- 5.8903
INFO:root:Epoch no. 25 of 500 (samples: 260842)
INFO:root:Loss: 619.4249 +/- 7.3135
INFO:root:Epoch no. 26 of 500 (samples: 260842)
INFO:root:Loss: 615.9314 +/- 4.4539
INFO:root:Epoch no. 27 of 500 (samples: 260842)
INFO:root:Loss: 610.9987 +/- 6.5537
INFO:root:Epoch no. 28 of 500 (samples: 260842)
INFO:root:Loss: 606.4605 +/- 7.768
INFO:root:Epoch no. 29 of 500 (samples: 260842)
INFO:root:Loss: 601.9187 +/- 4.0986
INFO:root:Epoch no. 30 of 500 (samples: 260842)
INFO:root:Loss: 596.976 +/- 5.1963
INFO:root:Epoch no. 31 of 500 (samples: 260842)
INFO:root:Loss: 593.2983 +/- 5.2977
INFO:root:Epoch no. 32 of 500 (samples: 260842)
INFO:root:Loss: 589.2725 +/- 5.6749
INFO:root:Epoch no. 33 of 500 (samples: 260842)
INFO:root:Loss: 587.2473 +/- 7.3817
INFO:root:Epoch no. 34 of 500 (samples: 260842)
INFO:root:Loss: 583.7217 +/- 5.924
INFO:root:Epoch no. 35 of 500 (samples: 260842)
INFO:root:Loss: 580.2696 +/- 5.758
INFO:root:Epoch no. 36 of 500 (samples: 260842)
INFO:root:Loss: 577.5162 +/- 6.4537
INFO:root:Epoch no. 37 of 500 (samples: 260842)
INFO:root:Loss: 575.2719 +/- 7.6343
INFO:root:Epoch no. 38 of 500 (samples: 260842)
INFO:root:Loss: 572.3322 +/- 7.2282
INFO:root:Epoch no. 39 of 500 (samples: 260842)
INFO:root:Loss: 569.7853 +/- 6.0029
INFO:root:Epoch no. 40 of 500 (samples: 260842)
INFO:root:Loss: 568.8493 +/- 5.0861
INFO:root:Epoch no. 41 of 500 (samples: 260842)
INFO:root:Loss: 566.3848 +/- 7.1777
INFO:root:Epoch no. 42 of 500 (samples: 260842)
INFO:root:Loss: 563.8364 +/- 6.4701
INFO:root:Epoch no. 43 of 500 (samples: 260842)
INFO:root:Loss: 562.5261 +/- 7.5263
INFO:root:Epoch no. 44 of 500 (samples: 260842)
INFO:root:Loss: 560.414 +/- 6.4493
INFO:root:Epoch no. 45 of 500 (samples: 260842)
INFO:root:Loss: 558.5821 +/- 6.1514
INFO:root:Epoch no. 46 of 500 (samples: 260842)
INFO:root:Loss: 558.5054 +/- 6.0209
INFO:root:Epoch no. 47 of 500 (samples: 260842)
INFO:root:Loss: 556.4918 +/- 4.699
INFO:root:Epoch no. 48 of 500 (samples: 260842)
INFO:root:Loss: 554.0427 +/- 3.7404
INFO:root:Epoch no. 49 of 500 (samples: 260842)
INFO:root:Loss: 553.4771 +/- 3.8141
INFO:root:Epoch no. 50 of 500 (samples: 260842)
INFO:root:Loss: 553.2718 +/- 4.6063
INFO:root:Epoch no. 51 of 500 (samples: 260842)
INFO:root:Loss: 551.5036 +/- 8.0249
INFO:root:Epoch no. 52 of 500 (samples: 260842)
INFO:root:Loss: 550.0615 +/- 3.9949
INFO:root:Epoch no. 53 of 500 (samples: 260842)
INFO:root:Loss: 549.1423 +/- 4.5616
INFO:root:Epoch no. 54 of 500 (samples: 260842)
INFO:root:Loss: 548.6769 +/- 5.3206
INFO:root:Epoch no. 55 of 500 (samples: 260842)
INFO:root:Loss: 548.3438 +/- 6.7454
INFO:root:Epoch no. 56 of 500 (samples: 260842)
INFO:root:Loss: 546.2286 +/- 5.5386
INFO:root:Epoch no. 57 of 500 (samples: 260842)
INFO:root:Loss: 545.4844 +/- 3.5568
INFO:root:Epoch no. 58 of 500 (samples: 260842)
INFO:root:Loss: 545.1839 +/- 4.2045
INFO:root:Epoch no. 59 of 500 (samples: 260842)
INFO:root:Loss: 544.014 +/- 4.0892
INFO:root:Epoch no. 60 of 500 (samples: 260842)
INFO:root:Loss: 543.664 +/- 4.701
INFO:root:Epoch no. 61 of 500 (samples: 260842)
INFO:root:Loss: 543.4787 +/- 4.7815
INFO:root:Epoch no. 62 of 500 (samples: 260842)
INFO:root:Loss: 542.9102 +/- 4.6788
INFO:root:Epoch no. 63 of 500 (samples: 260842)
INFO:root:Loss: 543.0131 +/- 6.982
INFO:root:Epoch no. 64 of 500 (samples: 260842)
INFO:root:Loss: 542.2965 +/- 4.4689
INFO:root:Epoch no. 65 of 500 (samples: 260842)
INFO:root:Loss: 541.6438 +/- 5.062
INFO:root:Epoch no. 66 of 500 (samples: 260842)
INFO:root:Loss: 541.5964 +/- 4.2186
INFO:root:Epoch no. 67 of 500 (samples: 260842)
INFO:root:Loss: 540.7396 +/- 4.3353
INFO:root:Epoch no. 68 of 500 (samples: 260842)
INFO:root:Loss: 540.5337 +/- 5.3318
INFO:root:Epoch no. 69 of 500 (samples: 260842)
INFO:root:Loss: 539.7649 +/- 3.8191
INFO:root:Epoch no. 70 of 500 (samples: 260842)
INFO:root:Loss: 538.7292 +/- 4.9716
INFO:root:Epoch no. 71 of 500 (samples: 260842)
INFO:root:Loss: 537.9298 +/- 6.0329
INFO:root:Epoch no. 72 of 500 (samples: 260842)
INFO:root:Loss: 537.806 +/- 5.131
INFO:root:Epoch no. 73 of 500 (samples: 260842)
INFO:root:Loss: 537.4229 +/- 6.2618
INFO:root:Epoch no. 74 of 500 (samples: 260842)
INFO:root:Loss: 536.7842 +/- 5.036
INFO:root:Epoch no. 75 of 500 (samples: 260842)
INFO:root:Loss: 537.8477 +/- 5.4235
INFO:root:Epoch no. 76 of 500 (samples: 260842)
INFO:root:Loss: 537.7729 +/- 4.1069
INFO:root:Epoch no. 77 of 500 (samples: 260842)
INFO:root:Loss: 536.8916 +/- 4.9544
INFO:root:Epoch no. 78 of 500 (samples: 260842)
INFO:root:Loss: 537.6825 +/- 5.3654
INFO:root:Epoch no. 79 of 500 (samples: 260842)
INFO:root:Loss: 536.8499 +/- 5.3498
INFO:root:Epoch no. 80 of 500 (samples: 260842)
INFO:root:Loss: 535.396 +/- 4.5512
INFO:root:Epoch no. 81 of 500 (samples: 260842)
INFO:root:Loss: 535.7172 +/- 5.6281
INFO:root:Epoch no. 82 of 500 (samples: 260842)
INFO:root:Loss: 536.3905 +/- 5.1442
INFO:root:Epoch no. 83 of 500 (samples: 260842)
INFO:root:Loss: 535.1636 +/- 5.5627
INFO:root:Epoch no. 84 of 500 (samples: 260842)
INFO:root:Loss: 534.5319 +/- 6.1496
INFO:root:Epoch no. 85 of 500 (samples: 260842)
INFO:root:Loss: 534.7958 +/- 5.5739
INFO:root:Epoch no. 86 of 500 (samples: 260842)
INFO:root:Loss: 534.2148 +/- 7.6376
INFO:root:Epoch no. 87 of 500 (samples: 260842)
INFO:root:Loss: 535.1179 +/- 5.3835
INFO:root:Epoch no. 88 of 500 (samples: 260842)
INFO:root:Loss: 534.7265 +/- 5.151
INFO:root:Epoch no. 89 of 500 (samples: 260842)
INFO:root:Loss: 533.8905 +/- 4.9322
INFO:root:Epoch no. 90 of 500 (samples: 260842)
INFO:root:Loss: 533.463 +/- 4.6627
INFO:root:Epoch no. 91 of 500 (samples: 260842)
INFO:root:Loss: 533.0969 +/- 6.6043
INFO:root:Epoch no. 92 of 500 (samples: 260842)
INFO:root:Loss: 532.8185 +/- 3.9624
INFO:root:Epoch no. 93 of 500 (samples: 260842)
INFO:root:Loss: 533.958 +/- 6.0865
INFO:root:Epoch no. 94 of 500 (samples: 260842)
INFO:root:Loss: 534.5468 +/- 4.0172
INFO:root:Epoch no. 95 of 500 (samples: 260842)
INFO:root:Loss: 532.4479 +/- 5.9811
INFO:root:Epoch no. 96 of 500 (samples: 260842)
INFO:root:Loss: 532.6826 +/- 6.7961
INFO:root:Epoch no. 97 of 500 (samples: 260842)
INFO:root:Loss: 531.3678 +/- 4.792
INFO:root:Epoch no. 98 of 500 (samples: 260842)
INFO:root:Loss: 532.5403 +/- 5.501
INFO:root:Epoch no. 99 of 500 (samples: 260842)
INFO:root:Loss: 532.1486 +/- 2.8305
INFO:root:Epoch no. 100 of 500 (samples: 260842)
INFO:root:Loss: 533.3924 +/- 3.7079
INFO:root:Epoch no. 101 of 500 (samples: 260842)
INFO:root:Loss: 531.5217 +/- 5.0938
INFO:root:Epoch no. 102 of 500 (samples: 260842)
INFO:root:Loss: 532.4718 +/- 6.3299
INFO:root:Epoch no. 103 of 500 (samples: 260842)
INFO:root:Loss: 530.8009 +/- 6.3448
INFO:root:Epoch no. 104 of 500 (samples: 260842)
INFO:root:Loss: 530.0356 +/- 5.3622
INFO:root:Epoch no. 105 of 500 (samples: 260842)
INFO:root:Loss: 531.0496 +/- 4.1907
INFO:root:Epoch no. 106 of 500 (samples: 260842)
INFO:root:Loss: 531.6065 +/- 6.2712
INFO:root:Epoch no. 107 of 500 (samples: 260842)
INFO:root:Loss: 531.1883 +/- 4.3267
INFO:root:Epoch no. 108 of 500 (samples: 260842)
INFO:root:Loss: 531.3759 +/- 5.8528
INFO:root:Epoch no. 109 of 500 (samples: 260842)
INFO:root:Loss: 530.4783 +/- 5.9031
INFO:root:Epoch no. 110 of 500 (samples: 260842)
INFO:root:Loss: 530.6236 +/- 4.2631
INFO:root:Epoch no. 111 of 500 (samples: 260842)
INFO:root:Loss: 530.9075 +/- 4.5817
INFO:root:Epoch no. 112 of 500 (samples: 260842)
INFO:root:Loss: 530.4179 +/- 5.5231
INFO:root:Epoch no. 113 of 500 (samples: 260842)
INFO:root:Loss: 530.2091 +/- 5.8905
INFO:root:Epoch no. 114 of 500 (samples: 260842)
INFO:root:Loss: 530.8907 +/- 3.9276
INFO:root:Epoch no. 115 of 500 (samples: 260842)
INFO:root:Loss: 531.4139 +/- 5.6262
INFO:root:Epoch no. 116 of 500 (samples: 260842)
INFO:root:Loss: 530.3083 +/- 5.2648
INFO:root:Epoch no. 117 of 500 (samples: 260842)
INFO:root:Loss: 529.391 +/- 3.9626
INFO:root:Epoch no. 118 of 500 (samples: 260842)
INFO:root:Loss: 531.7124 +/- 6.2807
INFO:root:Epoch no. 119 of 500 (samples: 260842)
INFO:root:Loss: 530.332 +/- 4.3509
INFO:root:Epoch no. 120 of 500 (samples: 260842)
INFO:root:Loss: 530.6575 +/- 4.3627
INFO:root:Epoch no. 121 of 500 (samples: 260842)
INFO:root:Loss: 529.7667 +/- 5.8693
INFO:root:Epoch no. 122 of 500 (samples: 260842)
INFO:root:Loss: 528.2361 +/- 2.6445
INFO:root:Epoch no. 123 of 500 (samples: 260842)
INFO:root:Loss: 529.7098 +/- 4.8972
INFO:root:Epoch no. 124 of 500 (samples: 260842)
INFO:root:Loss: 529.7225 +/- 4.309
INFO:root:Epoch no. 125 of 500 (samples: 260842)
INFO:root:Loss: 529.5331 +/- 4.6295
INFO:root:Epoch no. 126 of 500 (samples: 260842)
INFO:root:Loss: 529.2289 +/- 5.1992
INFO:root:Epoch no. 127 of 500 (samples: 260842)
INFO:root:Loss: 530.5623 +/- 4.4438
INFO:root:Epoch no. 128 of 500 (samples: 260842)
INFO:root:Loss: 530.2175 +/- 4.3048
INFO:root:Epoch no. 129 of 500 (samples: 260842)
INFO:root:Loss: 529.673 +/- 5.2405
INFO:root:Epoch no. 130 of 500 (samples: 260842)
INFO:root:Loss: 528.9532 +/- 2.9695
INFO:root:Epoch no. 131 of 500 (samples: 260842)
INFO:root:Loss: 530.1808 +/- 5.2395
INFO:root:Epoch no. 132 of 500 (samples: 260842)
INFO:root:Loss: 528.322 +/- 3.4972
INFO:root:Epoch no. 133 of 500 (samples: 260842)
INFO:root:Loss: 528.9569 +/- 4.5832
INFO:root:Epoch no. 134 of 500 (samples: 260842)
INFO:root:Loss: 528.9036 +/- 4.3406
INFO:root:Epoch no. 135 of 500 (samples: 260842)
INFO:root:Loss: 529.6773 +/- 5.8276
INFO:root:Epoch no. 136 of 500 (samples: 260842)
INFO:root:Loss: 528.2575 +/- 4.31
INFO:root:Epoch no. 137 of 500 (samples: 260842)
INFO:root:Loss: 529.7867 +/- 2.918
INFO:root:Epoch no. 138 of 500 (samples: 260842)
INFO:root:Loss: 528.6361 +/- 3.9025
INFO:root:Epoch no. 139 of 500 (samples: 260842)
INFO:root:Loss: 528.837 +/- 5.0297
INFO:root:Epoch no. 140 of 500 (samples: 260842)
INFO:root:Loss: 528.8028 +/- 3.4176
INFO:root:Epoch no. 141 of 500 (samples: 260842)
INFO:root:Loss: 528.6947 +/- 5.5481
INFO:root:Epoch no. 142 of 500 (samples: 260842)
INFO:root:Loss: 527.7903 +/- 4.7385
INFO:root:Epoch no. 143 of 500 (samples: 260842)
INFO:root:Loss: 528.2019 +/- 3.5769
INFO:root:Epoch no. 144 of 500 (samples: 260842)
INFO:root:Loss: 528.7215 +/- 3.8873
INFO:root:Epoch no. 145 of 500 (samples: 260842)
INFO:root:Loss: 528.4987 +/- 4.2005
INFO:root:Epoch no. 146 of 500 (samples: 260842)
INFO:root:Loss: 528.5998 +/- 3.6607
INFO:root:Epoch no. 147 of 500 (samples: 260842)
INFO:root:Loss: 529.3365 +/- 5.4627
INFO:root:Epoch no. 148 of 500 (samples: 260842)
INFO:root:Loss: 529.0952 +/- 4.7283
INFO:root:Epoch no. 149 of 500 (samples: 260842)
INFO:root:Loss: 527.3328 +/- 4.7747
INFO:root:Epoch no. 150 of 500 (samples: 260842)
INFO:root:Loss: 529.5989 +/- 3.6468
INFO:root:Epoch no. 151 of 500 (samples: 260842)
INFO:root:Loss: 528.1373 +/- 3.2754
INFO:root:Epoch no. 152 of 500 (samples: 260842)
INFO:root:Loss: 528.0905 +/- 4.6183
INFO:root:Epoch no. 153 of 500 (samples: 260842)
INFO:root:Loss: 526.8189 +/- 5.3602
INFO:root:Epoch no. 154 of 500 (samples: 260842)
INFO:root:Loss: 527.3377 +/- 3.4202
INFO:root:Epoch no. 155 of 500 (samples: 260842)
INFO:root:Loss: 527.7764 +/- 3.7011
INFO:root:Epoch no. 156 of 500 (samples: 260842)
INFO:root:Loss: 528.0904 +/- 3.037
INFO:root:Epoch no. 157 of 500 (samples: 260842)
INFO:root:Loss: 527.505 +/- 5.5242
INFO:root:Epoch no. 158 of 500 (samples: 260842)
INFO:root:Loss: 527.2789 +/- 3.8265
INFO:root:Epoch no. 159 of 500 (samples: 260842)
INFO:root:Loss: 527.4549 +/- 6.3499
INFO:root:Epoch no. 160 of 500 (samples: 260842)
INFO:root:Loss: 527.6501 +/- 3.7133
INFO:root:Epoch no. 161 of 500 (samples: 260842)
INFO:root:Loss: 527.5354 +/- 4.5042
INFO:root:Epoch no. 162 of 500 (samples: 260842)
INFO:root:Loss: 528.0636 +/- 5.3917
INFO:root:Epoch no. 163 of 500 (samples: 260842)
INFO:root:Loss: 526.2494 +/- 3.9753
INFO:root:Epoch no. 164 of 500 (samples: 260842)
INFO:root:Loss: 527.7067 +/- 3.6028
INFO:root:Epoch no. 165 of 500 (samples: 260842)
INFO:root:Loss: 526.1583 +/- 3.7249
INFO:root:Epoch no. 166 of 500 (samples: 260842)
INFO:root:Loss: 528.2928 +/- 3.8712
INFO:root:Epoch no. 167 of 500 (samples: 260842)
INFO:root:Loss: 527.388 +/- 3.6482
INFO:root:Epoch no. 168 of 500 (samples: 260842)
INFO:root:Loss: 528.0292 +/- 4.1142
INFO:root:Epoch no. 169 of 500 (samples: 260842)
INFO:root:Loss: 527.3152 +/- 3.6319
INFO:root:Epoch no. 170 of 500 (samples: 260842)
INFO:root:Loss: 527.6123 +/- 5.4801
INFO:root:Epoch no. 171 of 500 (samples: 260842)
INFO:root:Loss: 526.6572 +/- 2.9861
INFO:root:Epoch no. 172 of 500 (samples: 260842)
INFO:root:Loss: 526.738 +/- 4.2681
INFO:root:Epoch no. 173 of 500 (samples: 260842)
INFO:root:Loss: 527.9278 +/- 4.1704
INFO:root:Epoch no. 174 of 500 (samples: 260842)
INFO:root:Loss: 526.1524 +/- 5.1765
INFO:root:Epoch no. 175 of 500 (samples: 260842)
INFO:root:Loss: 526.7138 +/- 5.4246
INFO:root:Epoch no. 176 of 500 (samples: 260842)
INFO:root:Loss: 526.2303 +/- 4.554
INFO:root:Epoch no. 177 of 500 (samples: 260842)
INFO:root:Loss: 526.3339 +/- 3.6043
INFO:root:Epoch no. 178 of 500 (samples: 260842)
INFO:root:Loss: 525.8885 +/- 4.9537
INFO:root:Epoch no. 179 of 500 (samples: 260842)
INFO:root:Loss: 526.5283 +/- 4.0835
INFO:root:Epoch no. 180 of 500 (samples: 260842)
INFO:root:Loss: 527.4281 +/- 3.9796
INFO:root:Epoch no. 181 of 500 (samples: 260842)
INFO:root:Loss: 526.2198 +/- 3.79
INFO:root:Epoch no. 182 of 500 (samples: 260842)
INFO:root:Loss: 525.9247 +/- 3.78
INFO:root:Epoch no. 183 of 500 (samples: 260842)
INFO:root:Loss: 525.8984 +/- 3.7124
INFO:root:Epoch no. 184 of 500 (samples: 260842)
INFO:root:Loss: 525.9141 +/- 4.0221
INFO:root:Epoch no. 185 of 500 (samples: 260842)
INFO:root:Loss: 526.6282 +/- 2.7226
INFO:root:Epoch no. 186 of 500 (samples: 260842)
INFO:root:Loss: 527.5317 +/- 3.5608
INFO:root:Epoch no. 187 of 500 (samples: 260842)
INFO:root:Loss: 526.5626 +/- 3.6774
INFO:root:Epoch no. 188 of 500 (samples: 260842)
INFO:root:Loss: 526.166 +/- 5.5718
INFO:root:Epoch no. 189 of 500 (samples: 260842)
INFO:root:Loss: 525.5381 +/- 3.4156
INFO:root:Epoch no. 190 of 500 (samples: 260842)
INFO:root:Loss: 526.3298 +/- 3.6538
INFO:root:Epoch no. 191 of 500 (samples: 260842)
INFO:root:Loss: 525.6254 +/- 4.6066
INFO:root:Epoch no. 192 of 500 (samples: 260842)
INFO:root:Loss: 526.261 +/- 3.944
INFO:root:Epoch no. 193 of 500 (samples: 260842)
INFO:root:Loss: 527.0128 +/- 4.1093
INFO:root:Epoch no. 194 of 500 (samples: 260842)
INFO:root:Loss: 526.1025 +/- 3.3752
INFO:root:Epoch no. 195 of 500 (samples: 260842)
INFO:root:Loss: 526.3922 +/- 3.2464
INFO:root:Epoch no. 196 of 500 (samples: 260842)
INFO:root:Loss: 526.3766 +/- 4.7176
INFO:root:Epoch no. 197 of 500 (samples: 260842)
INFO:root:Loss: 526.1926 +/- 3.8298
INFO:root:Epoch no. 198 of 500 (samples: 260842)
INFO:root:Loss: 526.1027 +/- 4.2383
INFO:root:Epoch no. 199 of 500 (samples: 260842)
INFO:root:Loss: 526.1154 +/- 3.7473
INFO:root:Epoch no. 200 of 500 (samples: 260842)
INFO:root:Loss: 524.3398 +/- 5.2054
INFO:root:Epoch no. 201 of 500 (samples: 260842)
INFO:root:Loss: 526.8959 +/- 3.4673
INFO:root:Epoch no. 202 of 500 (samples: 260842)
INFO:root:Loss: 526.551 +/- 2.5632
INFO:root:Epoch no. 203 of 500 (samples: 260842)
INFO:root:Loss: 525.4745 +/- 2.6612
INFO:root:Epoch no. 204 of 500 (samples: 260842)
INFO:root:Loss: 525.1965 +/- 5.2065
INFO:root:Epoch no. 205 of 500 (samples: 260842)
INFO:root:Loss: 525.3902 +/- 3.2036
INFO:root:Epoch no. 206 of 500 (samples: 260842)
INFO:root:Loss: 524.6547 +/- 4.6816
INFO:root:Epoch no. 207 of 500 (samples: 260842)
INFO:root:Loss: 525.1776 +/- 3.8658
INFO:root:Epoch no. 208 of 500 (samples: 260842)
INFO:root:Loss: 524.9285 +/- 4.5313
INFO:root:Epoch no. 209 of 500 (samples: 260842)
INFO:root:Loss: 525.1543 +/- 3.3681
INFO:root:Epoch no. 210 of 500 (samples: 260842)
INFO:root:Loss: 524.9001 +/- 4.6767
INFO:root:Epoch no. 211 of 500 (samples: 260842)
INFO:root:Loss: 524.7599 +/- 2.4275
INFO:root:Epoch no. 212 of 500 (samples: 260842)
INFO:root:Loss: 524.9262 +/- 4.2349
INFO:root:Epoch no. 213 of 500 (samples: 260842)
INFO:root:Loss: 525.5274 +/- 4.1616
INFO:root:Epoch no. 214 of 500 (samples: 260842)
INFO:root:Loss: 525.3013 +/- 3.0212
INFO:root:Epoch no. 215 of 500 (samples: 260842)
INFO:root:Loss: 524.6442 +/- 3.4915
INFO:root:Epoch no. 216 of 500 (samples: 260842)
INFO:root:Loss: 523.9837 +/- 3.6855
INFO:root:Epoch no. 217 of 500 (samples: 260842)
INFO:root:Loss: 524.5802 +/- 3.739
INFO:root:Epoch no. 218 of 500 (samples: 260842)
INFO:root:Loss: 524.7047 +/- 4.4818
INFO:root:Epoch no. 219 of 500 (samples: 260842)
INFO:root:Loss: 525.4066 +/- 4.2223
INFO:root:Epoch no. 220 of 500 (samples: 260842)
INFO:root:Loss: 525.5815 +/- 4.5462
INFO:root:Epoch no. 221 of 500 (samples: 260842)
INFO:root:Loss: 523.4492 +/- 3.5939
INFO:root:Epoch no. 222 of 500 (samples: 260842)
INFO:root:Loss: 524.6593 +/- 3.6646
INFO:root:Epoch no. 223 of 500 (samples: 260842)
INFO:root:Loss: 523.9121 +/- 4.2993
INFO:root:Epoch no. 224 of 500 (samples: 260842)
INFO:root:Loss: 524.0604 +/- 4.1016
INFO:root:Epoch no. 225 of 500 (samples: 260842)
INFO:root:Loss: 525.4934 +/- 5.1801
INFO:root:Epoch no. 226 of 500 (samples: 260842)
INFO:root:Loss: 523.2433 +/- 3.23
INFO:root:Epoch no. 227 of 500 (samples: 260842)
INFO:root:Loss: 524.8756 +/- 3.1956
INFO:root:Epoch no. 228 of 500 (samples: 260842)
INFO:root:Loss: 524.5884 +/- 3.3647
INFO:root:Epoch no. 229 of 500 (samples: 260842)
INFO:root:Loss: 524.9459 +/- 3.38
INFO:root:Epoch no. 230 of 500 (samples: 260842)
INFO:root:Loss: 525.6668 +/- 3.0103
INFO:root:Epoch no. 231 of 500 (samples: 260842)
INFO:root:Loss: 523.7208 +/- 5.3162
INFO:root:Epoch no. 232 of 500 (samples: 260842)
INFO:root:Loss: 524.7785 +/- 4.1707
INFO:root:Epoch no. 233 of 500 (samples: 260842)
INFO:root:Loss: 524.4986 +/- 3.3559
INFO:root:Epoch no. 234 of 500 (samples: 260842)
INFO:root:Loss: 524.3374 +/- 3.3695
INFO:root:Epoch no. 235 of 500 (samples: 260842)
INFO:root:Loss: 524.7168 +/- 5.512
INFO:root:Epoch no. 236 of 500 (samples: 260842)
INFO:root:Loss: 524.3477 +/- 3.4293
INFO:root:Epoch no. 237 of 500 (samples: 260842)
INFO:root:Loss: 524.7962 +/- 3.6919
INFO:root:Epoch no. 238 of 500 (samples: 260842)
INFO:root:Loss: 524.7047 +/- 2.956
INFO:root:Epoch no. 239 of 500 (samples: 260842)
INFO:root:Loss: 524.2093 +/- 4.1607
INFO:root:Epoch no. 240 of 500 (samples: 260842)
INFO:root:Loss: 523.3488 +/- 3.5406
INFO:root:Epoch no. 241 of 500 (samples: 260842)
INFO:root:Loss: 524.8701 +/- 5.8387
INFO:root:Epoch no. 242 of 500 (samples: 260842)
INFO:root:Loss: 524.4029 +/- 4.525
INFO:root:Epoch no. 243 of 500 (samples: 260842)
INFO:root:Loss: 523.1417 +/- 5.077
INFO:root:Epoch no. 244 of 500 (samples: 260842)
INFO:root:Loss: 524.5165 +/- 5.3492
INFO:root:Epoch no. 245 of 500 (samples: 260842)
INFO:root:Loss: 522.7586 +/- 4.8781
INFO:root:Epoch no. 246 of 500 (samples: 260842)
INFO:root:Loss: 524.1187 +/- 4.8244
INFO:root:Epoch no. 247 of 500 (samples: 260842)
INFO:root:Loss: 524.3429 +/- 6.1122
INFO:root:Epoch no. 248 of 500 (samples: 260842)
INFO:root:Loss: 524.1393 +/- 4.6177
INFO:root:Epoch no. 249 of 500 (samples: 260842)
INFO:root:Loss: 523.4401 +/- 4.6909
INFO:root:Epoch no. 250 of 500 (samples: 260842)
INFO:root:Loss: 523.4901 +/- 6.2567
INFO:root:Epoch no. 251 of 500 (samples: 260842)
INFO:root:Loss: 523.6133 +/- 3.4998
INFO:root:Epoch no. 252 of 500 (samples: 260842)
INFO:root:Loss: 523.5088 +/- 4.6048
INFO:root:Epoch no. 253 of 500 (samples: 260842)
INFO:root:Loss: 523.9158 +/- 4.2051
INFO:root:Epoch no. 254 of 500 (samples: 260842)
INFO:root:Loss: 524.342 +/- 3.2481
INFO:root:Epoch no. 255 of 500 (samples: 260842)
INFO:root:Loss: 523.7412 +/- 4.4066
INFO:root:Epoch no. 256 of 500 (samples: 260842)
INFO:root:Loss: 524.0968 +/- 2.7245
INFO:root:Epoch no. 257 of 500 (samples: 260842)
INFO:root:Loss: 522.9665 +/- 3.59
INFO:root:Epoch no. 258 of 500 (samples: 260842)
INFO:root:Loss: 523.8251 +/- 3.2228
INFO:root:Epoch no. 259 of 500 (samples: 260842)
INFO:root:Loss: 523.3181 +/- 3.5847
INFO:root:Epoch no. 260 of 500 (samples: 260842)
INFO:root:Loss: 524.2709 +/- 3.9665
INFO:root:Epoch no. 261 of 500 (samples: 260842)
INFO:root:Loss: 522.6773 +/- 4.0701
INFO:root:Epoch no. 262 of 500 (samples: 260842)
INFO:root:Loss: 523.4199 +/- 4.0645
INFO:root:Epoch no. 263 of 500 (samples: 260842)
INFO:root:Loss: 523.5108 +/- 2.3615
INFO:root:Epoch no. 264 of 500 (samples: 260842)
INFO:root:Loss: 523.8441 +/- 4.9988
INFO:root:Epoch no. 265 of 500 (samples: 260842)
INFO:root:Loss: 522.7969 +/- 3.8747
INFO:root:Epoch no. 266 of 500 (samples: 260842)
INFO:root:Loss: 523.6616 +/- 5.6327
INFO:root:Epoch no. 267 of 500 (samples: 260842)
INFO:root:Loss: 523.5086 +/- 3.4861
INFO:root:Epoch no. 268 of 500 (samples: 260842)
INFO:root:Loss: 521.6762 +/- 5.2987
INFO:root:Epoch no. 269 of 500 (samples: 260842)
INFO:root:Loss: 523.7227 +/- 3.1183
INFO:root:Epoch no. 270 of 500 (samples: 260842)
INFO:root:Loss: 523.2019 +/- 4.1662
INFO:root:Epoch no. 271 of 500 (samples: 260842)
INFO:root:Loss: 524.609 +/- 4.5055
INFO:root:Epoch no. 272 of 500 (samples: 260842)
INFO:root:Loss: 523.4571 +/- 3.3412
INFO:root:Epoch no. 273 of 500 (samples: 260842)
INFO:root:Loss: 522.6658 +/- 6.3452
INFO:root:Epoch no. 274 of 500 (samples: 260842)
INFO:root:Loss: 523.0271 +/- 4.3218
INFO:root:Epoch no. 275 of 500 (samples: 260842)
INFO:root:Loss: 522.6051 +/- 2.3392
INFO:root:Epoch no. 276 of 500 (samples: 260842)
INFO:root:Loss: 522.3511 +/- 3.9044
INFO:root:Epoch no. 277 of 500 (samples: 260842)
INFO:root:Loss: 522.8041 +/- 3.5833
INFO:root:Epoch no. 278 of 500 (samples: 260842)
INFO:root:Loss: 522.1996 +/- 2.4684
INFO:root:Epoch no. 279 of 500 (samples: 260842)
INFO:root:Loss: 522.8235 +/- 4.0644
INFO:root:Epoch no. 280 of 500 (samples: 260842)
INFO:root:Loss: 522.0308 +/- 3.3081
INFO:root:Epoch no. 281 of 500 (samples: 260842)
INFO:root:Loss: 523.1126 +/- 4.3191
INFO:root:Epoch no. 282 of 500 (samples: 260842)
INFO:root:Loss: 522.1462 +/- 2.833
INFO:root:Epoch no. 283 of 500 (samples: 260842)
INFO:root:Loss: 522.4297 +/- 4.4699
INFO:root:Epoch no. 284 of 500 (samples: 260842)
INFO:root:Loss: 522.2089 +/- 3.5273
INFO:root:Epoch no. 285 of 500 (samples: 260842)
INFO:root:Loss: 522.1982 +/- 4.2761
INFO:root:Epoch no. 286 of 500 (samples: 260842)
INFO:root:Loss: 522.4344 +/- 2.0089
INFO:root:Epoch no. 287 of 500 (samples: 260842)
INFO:root:Loss: 523.1203 +/- 4.9038
INFO:root:Epoch no. 288 of 500 (samples: 260842)
INFO:root:Loss: 522.5163 +/- 4.2806
INFO:root:Epoch no. 289 of 500 (samples: 260842)
INFO:root:Loss: 523.4115 +/- 3.7609
INFO:root:Epoch no. 290 of 500 (samples: 260842)
INFO:root:Loss: 522.6068 +/- 2.959
INFO:root:Epoch no. 291 of 500 (samples: 260842)
INFO:root:Loss: 523.4935 +/- 4.4528
INFO:root:Epoch no. 292 of 500 (samples: 260842)
INFO:root:Loss: 522.3154 +/- 3.8667
INFO:root:Epoch no. 293 of 500 (samples: 260842)
INFO:root:Loss: 522.7311 +/- 2.4956
INFO:root:Epoch no. 294 of 500 (samples: 260842)
INFO:root:Loss: 523.4825 +/- 6.0721
INFO:root:Epoch no. 295 of 500 (samples: 260842)
INFO:root:Loss: 522.3899 +/- 3.2775
INFO:root:Epoch no. 296 of 500 (samples: 260842)
INFO:root:Loss: 522.8902 +/- 3.4746
INFO:root:Epoch no. 297 of 500 (samples: 260842)
INFO:root:Loss: 522.2555 +/- 6.1543
INFO:root:Epoch no. 298 of 500 (samples: 260842)
INFO:root:Loss: 522.8465 +/- 2.543
INFO:root:Epoch no. 299 of 500 (samples: 260842)
INFO:root:Loss: 522.0372 +/- 3.9508
INFO:root:Epoch no. 300 of 500 (samples: 260842)
INFO:root:Loss: 521.4694 +/- 3.6864
INFO:root:Epoch no. 301 of 500 (samples: 260842)
INFO:root:Loss: 522.6713 +/- 4.2272
INFO:root:Epoch no. 302 of 500 (samples: 260842)
INFO:root:Loss: 521.8988 +/- 4.9616
INFO:root:Epoch no. 303 of 500 (samples: 260842)
INFO:root:Loss: 522.844 +/- 4.0128
INFO:root:Epoch no. 304 of 500 (samples: 260842)
INFO:root:Loss: 522.292 +/- 4.0369
INFO:root:Epoch no. 305 of 500 (samples: 260842)
INFO:root:Loss: 522.8385 +/- 3.4514
INFO:root:Epoch no. 306 of 500 (samples: 260842)
INFO:root:Loss: 521.5412 +/- 3.0063
INFO:root:Epoch no. 307 of 500 (samples: 260842)
INFO:root:Loss: 522.4582 +/- 6.6328
INFO:root:Epoch no. 308 of 500 (samples: 260842)
INFO:root:Loss: 521.6842 +/- 4.1239
INFO:root:Epoch no. 309 of 500 (samples: 260842)
INFO:root:Loss: 521.7665 +/- 4.6423
INFO:root:Epoch no. 310 of 500 (samples: 260842)
INFO:root:Loss: 521.9149 +/- 4.2458
INFO:root:Epoch no. 311 of 500 (samples: 260842)
INFO:root:Loss: 523.0429 +/- 4.1922
INFO:root:Epoch no. 312 of 500 (samples: 260842)
INFO:root:Loss: 522.9701 +/- 2.2984
INFO:root:Epoch no. 313 of 500 (samples: 260842)
INFO:root:Loss: 521.3619 +/- 3.5775
INFO:root:Epoch no. 314 of 500 (samples: 260842)
INFO:root:Loss: 522.4064 +/- 4.1957
INFO:root:Epoch no. 315 of 500 (samples: 260842)
INFO:root:Loss: 521.7394 +/- 3.7766
INFO:root:Epoch no. 316 of 500 (samples: 260842)
INFO:root:Loss: 522.6509 +/- 4.6842
INFO:root:Epoch no. 317 of 500 (samples: 260842)
INFO:root:Loss: 521.99 +/- 3.0261
INFO:root:Epoch no. 318 of 500 (samples: 260842)
INFO:root:Loss: 521.5555 +/- 2.8783
INFO:root:Epoch no. 319 of 500 (samples: 260842)
INFO:root:Loss: 521.5449 +/- 4.5523
INFO:root:Epoch no. 320 of 500 (samples: 260842)
INFO:root:Loss: 522.3668 +/- 4.1044
INFO:root:Epoch no. 321 of 500 (samples: 260842)
INFO:root:Loss: 522.0703 +/- 3.7334
INFO:root:Epoch no. 322 of 500 (samples: 260842)
INFO:root:Loss: 521.7618 +/- 2.3837
INFO:root:Epoch no. 323 of 500 (samples: 260842)
INFO:root:Loss: 522.7282 +/- 4.1922
INFO:root:Epoch no. 324 of 500 (samples: 260842)
INFO:root:Loss: 521.4352 +/- 3.5099
INFO:root:Epoch no. 325 of 500 (samples: 260842)
INFO:root:Loss: 521.8032 +/- 3.6627
INFO:root:Epoch no. 326 of 500 (samples: 260842)
INFO:root:Loss: 521.7892 +/- 5.116
INFO:root:Epoch no. 327 of 500 (samples: 260842)
INFO:root:Loss: 521.7137 +/- 3.2088
INFO:root:Epoch no. 328 of 500 (samples: 260842)
INFO:root:Loss: 519.9771 +/- 4.4472
INFO:root:Epoch no. 329 of 500 (samples: 260842)
INFO:root:Loss: 522.174 +/- 3.6408
INFO:root:Epoch no. 330 of 500 (samples: 260842)
INFO:root:Loss: 521.9882 +/- 4.0206
INFO:root:Epoch no. 331 of 500 (samples: 260842)
INFO:root:Loss: 522.0532 +/- 2.7049
INFO:root:Epoch no. 332 of 500 (samples: 260842)
INFO:root:Loss: 519.9696 +/- 4.6416
INFO:root:Epoch no. 333 of 500 (samples: 260842)
INFO:root:Loss: 520.6608 +/- 3.0297
INFO:root:Epoch no. 334 of 500 (samples: 260842)
INFO:root:Loss: 520.9752 +/- 4.924
INFO:root:Epoch no. 335 of 500 (samples: 260842)
INFO:root:Loss: 522.1373 +/- 4.0434
INFO:root:Epoch no. 336 of 500 (samples: 260842)
INFO:root:Loss: 521.9446 +/- 3.4598
INFO:root:Epoch no. 337 of 500 (samples: 260842)
INFO:root:Loss: 522.2978 +/- 4.6713
INFO:root:Epoch no. 338 of 500 (samples: 260842)
INFO:root:Loss: 521.8258 +/- 4.2156
INFO:root:Epoch no. 339 of 500 (samples: 260842)
INFO:root:Loss: 521.8307 +/- 2.3126
INFO:root:Epoch no. 340 of 500 (samples: 260842)
INFO:root:Loss: 520.2497 +/- 3.1077
INFO:root:Epoch no. 341 of 500 (samples: 260842)
INFO:root:Loss: 520.7264 +/- 3.4582
INFO:root:Epoch no. 342 of 500 (samples: 260842)
INFO:root:Loss: 521.5575 +/- 4.0923
INFO:root:Epoch no. 343 of 500 (samples: 260842)
INFO:root:Loss: 521.8901 +/- 4.3259
INFO:root:Epoch no. 344 of 500 (samples: 260842)
INFO:root:Loss: 520.6556 +/- 4.5163
INFO:root:Epoch no. 345 of 500 (samples: 260842)
INFO:root:Loss: 522.4033 +/- 4.6501
INFO:root:Epoch no. 346 of 500 (samples: 260842)
INFO:root:Loss: 521.1235 +/- 3.6396
INFO:root:Epoch no. 347 of 500 (samples: 260842)
INFO:root:Loss: 521.9739 +/- 4.5112
INFO:root:Epoch no. 348 of 500 (samples: 260842)
INFO:root:Loss: 521.0434 +/- 4.6777
INFO:root:Epoch no. 349 of 500 (samples: 260842)
INFO:root:Loss: 521.5305 +/- 4.0836
INFO:root:Epoch no. 350 of 500 (samples: 260842)
INFO:root:Loss: 520.5691 +/- 2.9415
INFO:root:Epoch no. 351 of 500 (samples: 260842)
INFO:root:Loss: 522.8279 +/- 4.5418
INFO:root:Epoch no. 352 of 500 (samples: 260842)
INFO:root:Loss: 521.3102 +/- 3.3748
INFO:root:Epoch no. 353 of 500 (samples: 260842)
INFO:root:Loss: 522.3188 +/- 3.5169
INFO:root:Epoch no. 354 of 500 (samples: 260842)
INFO:root:Loss: 519.6829 +/- 3.5874
INFO:root:Epoch no. 355 of 500 (samples: 260842)
INFO:root:Loss: 522.1175 +/- 6.3108
INFO:root:Epoch no. 356 of 500 (samples: 260842)
INFO:root:Loss: 521.7321 +/- 4.1542
INFO:root:Epoch no. 357 of 500 (samples: 260842)
INFO:root:Loss: 521.4578 +/- 4.6825
INFO:root:Epoch no. 358 of 500 (samples: 260842)
INFO:root:Loss: 521.9315 +/- 4.0224
INFO:root:Epoch no. 359 of 500 (samples: 260842)
INFO:root:Loss: 520.5158 +/- 2.445
INFO:root:Epoch no. 360 of 500 (samples: 260842)
INFO:root:Loss: 521.222 +/- 3.2867
INFO:root:Epoch no. 361 of 500 (samples: 260842)
INFO:root:Loss: 520.2702 +/- 2.9098
INFO:root:Epoch no. 362 of 500 (samples: 260842)
INFO:root:Loss: 521.2664 +/- 2.9002
INFO:root:Epoch no. 363 of 500 (samples: 260842)
INFO:root:Loss: 519.93 +/- 4.2107
INFO:root:Epoch no. 364 of 500 (samples: 260842)
INFO:root:Loss: 521.2488 +/- 4.2995
INFO:root:Epoch no. 365 of 500 (samples: 260842)
INFO:root:Loss: 521.7699 +/- 4.1721
INFO:root:Epoch no. 366 of 500 (samples: 260842)
INFO:root:Loss: 520.1515 +/- 3.8365
INFO:root:Epoch no. 367 of 500 (samples: 260842)
INFO:root:Loss: 520.7897 +/- 3.5757
INFO:root:Epoch no. 368 of 500 (samples: 260842)
INFO:root:Loss: 522.4269 +/- 4.0795
INFO:root:Epoch no. 369 of 500 (samples: 260842)
INFO:root:Loss: 521.0338 +/- 4.6866
INFO:root:Epoch no. 370 of 500 (samples: 260842)
INFO:root:Loss: 521.2944 +/- 4.8152
INFO:root:Epoch no. 371 of 500 (samples: 260842)
INFO:root:Loss: 520.7291 +/- 4.0997
INFO:root:Epoch no. 372 of 500 (samples: 260842)
INFO:root:Loss: 521.2628 +/- 2.8312
INFO:root:Epoch no. 373 of 500 (samples: 260842)
INFO:root:Loss: 519.9466 +/- 3.0625
INFO:root:Epoch no. 374 of 500 (samples: 260842)
INFO:root:Loss: 521.5957 +/- 3.4372
INFO:root:Epoch no. 375 of 500 (samples: 260842)
INFO:root:Loss: 520.2992 +/- 4.3698
INFO:root:Epoch no. 376 of 500 (samples: 260842)
INFO:root:Loss: 520.7837 +/- 3.7289
INFO:root:Epoch no. 377 of 500 (samples: 260842)
INFO:root:Loss: 520.7599 +/- 4.2053
INFO:root:Epoch no. 378 of 500 (samples: 260842)
INFO:root:Loss: 520.391 +/- 3.7205
INFO:root:Epoch no. 379 of 500 (samples: 260842)
INFO:root:Loss: 520.8985 +/- 3.5662
INFO:root:Epoch no. 380 of 500 (samples: 260842)
INFO:root:Loss: 520.7394 +/- 4.1663
INFO:root:Epoch no. 381 of 500 (samples: 260842)
INFO:root:Loss: 521.0156 +/- 5.3848
INFO:root:Epoch no. 382 of 500 (samples: 260842)
INFO:root:Loss: 521.2299 +/- 4.332
INFO:root:Epoch no. 383 of 500 (samples: 260842)
INFO:root:Loss: 518.5156 +/- 3.7929
INFO:root:Epoch no. 384 of 500 (samples: 260842)
INFO:root:Loss: 519.4991 +/- 3.5368
INFO:root:Epoch no. 385 of 500 (samples: 260842)
INFO:root:Loss: 520.1384 +/- 2.8425
INFO:root:Epoch no. 386 of 500 (samples: 260842)
INFO:root:Loss: 521.2018 +/- 2.7171
INFO:root:Epoch no. 387 of 500 (samples: 260842)
INFO:root:Loss: 520.1606 +/- 3.2178
INFO:root:Epoch no. 388 of 500 (samples: 260842)
INFO:root:Loss: 521.3417 +/- 4.7653
INFO:root:Epoch no. 389 of 500 (samples: 260842)
INFO:root:Loss: 521.0968 +/- 4.9457
INFO:root:Epoch no. 390 of 500 (samples: 260842)
INFO:root:Loss: 520.4346 +/- 4.5886
INFO:root:Epoch no. 391 of 500 (samples: 260842)
INFO:root:Loss: 520.4209 +/- 2.3514
INFO:root:Epoch no. 392 of 500 (samples: 260842)
INFO:root:Loss: 519.7281 +/- 3.2809
INFO:root:Epoch no. 393 of 500 (samples: 260842)
INFO:root:Loss: 520.9676 +/- 3.9516
INFO:root:Epoch no. 394 of 500 (samples: 260842)
INFO:root:Loss: 520.1497 +/- 2.618
INFO:root:Epoch no. 395 of 500 (samples: 260842)
INFO:root:Loss: 521.1703 +/- 3.8948
INFO:root:Epoch no. 396 of 500 (samples: 260842)
INFO:root:Loss: 520.5043 +/- 2.8706
INFO:root:Epoch no. 397 of 500 (samples: 260842)
INFO:root:Loss: 519.6921 +/- 4.4788
INFO:root:Epoch no. 398 of 500 (samples: 260842)
INFO:root:Loss: 518.6113 +/- 1.2797
INFO:root:Epoch no. 399 of 500 (samples: 260842)
INFO:root:Loss: 520.055 +/- 4.146
INFO:root:Epoch no. 400 of 500 (samples: 260842)
INFO:root:Loss: 520.6013 +/- 3.96
INFO:root:Epoch no. 401 of 500 (samples: 260842)
INFO:root:Loss: 520.7059 +/- 4.1355
INFO:root:Epoch no. 402 of 500 (samples: 260842)
INFO:root:Loss: 519.7346 +/- 3.5497
INFO:root:Epoch no. 403 of 500 (samples: 260842)
INFO:root:Loss: 519.9408 +/- 2.6775
INFO:root:Epoch no. 404 of 500 (samples: 260842)
INFO:root:Loss: 519.1107 +/- 3.5843
INFO:root:Epoch no. 405 of 500 (samples: 260842)
INFO:root:Loss: 521.152 +/- 6.1776
INFO:root:Epoch no. 406 of 500 (samples: 260842)
INFO:root:Loss: 520.2842 +/- 4.7788
INFO:root:Epoch no. 407 of 500 (samples: 260842)
INFO:root:Loss: 520.6123 +/- 3.5383
INFO:root:Epoch no. 408 of 500 (samples: 260842)
INFO:root:Loss: 519.8328 +/- 4.2568
INFO:root:Epoch no. 409 of 500 (samples: 260842)
INFO:root:Loss: 521.3967 +/- 3.0361
INFO:root:Epoch no. 410 of 500 (samples: 260842)
INFO:root:Loss: 520.7481 +/- 4.3928
INFO:root:Epoch no. 411 of 500 (samples: 260842)
INFO:root:Loss: 520.4112 +/- 4.1891
INFO:root:Epoch no. 412 of 500 (samples: 260842)
INFO:root:Loss: 519.6648 +/- 3.6984
INFO:root:Epoch no. 413 of 500 (samples: 260842)
INFO:root:Loss: 520.4763 +/- 4.4468
INFO:root:Epoch no. 414 of 500 (samples: 260842)
INFO:root:Loss: 519.9602 +/- 4.1546
INFO:root:Epoch no. 415 of 500 (samples: 260842)
INFO:root:Loss: 521.0579 +/- 3.7685
INFO:root:Epoch no. 416 of 500 (samples: 260842)
INFO:root:Loss: 520.2421 +/- 4.6732
INFO:root:Epoch no. 417 of 500 (samples: 260842)
INFO:root:Loss: 520.5703 +/- 3.0431
INFO:root:Epoch no. 418 of 500 (samples: 260842)
INFO:root:Loss: 520.5506 +/- 3.5008
INFO:root:Epoch no. 419 of 500 (samples: 260842)
INFO:root:Loss: 521.2021 +/- 3.0999
INFO:root:Epoch no. 420 of 500 (samples: 260842)
INFO:root:Loss: 520.8201 +/- 2.2704
INFO:root:Epoch no. 421 of 500 (samples: 260842)
INFO:root:Loss: 519.4964 +/- 4.2428
INFO:root:Epoch no. 422 of 500 (samples: 260842)
INFO:root:Loss: 520.3065 +/- 4.342
INFO:root:Epoch no. 423 of 500 (samples: 260842)
INFO:root:Loss: 520.5637 +/- 3.4497
INFO:root:Epoch no. 424 of 500 (samples: 260842)
INFO:root:Loss: 519.2627 +/- 3.7887
INFO:root:Epoch no. 425 of 500 (samples: 260842)
INFO:root:Loss: 519.9295 +/- 2.2855
INFO:root:Epoch no. 426 of 500 (samples: 260842)
INFO:root:Loss: 521.0655 +/- 5.1772
INFO:root:Epoch no. 427 of 500 (samples: 260842)
INFO:root:Loss: 519.4257 +/- 4.457
INFO:root:Epoch no. 428 of 500 (samples: 260842)
INFO:root:Loss: 519.9246 +/- 4.4561
INFO:root:Epoch no. 429 of 500 (samples: 260842)
INFO:root:Loss: 519.867 +/- 3.6159
INFO:root:Epoch no. 430 of 500 (samples: 260842)
INFO:root:Loss: 521.0977 +/- 3.1719
INFO:root:Epoch no. 431 of 500 (samples: 260842)
INFO:root:Loss: 519.4348 +/- 2.4622
INFO:root:Epoch no. 432 of 500 (samples: 260842)
INFO:root:Loss: 520.3613 +/- 4.4211
INFO:root:Epoch no. 433 of 500 (samples: 260842)
INFO:root:Loss: 520.5948 +/- 2.216
INFO:root:Epoch no. 434 of 500 (samples: 260842)
INFO:root:Loss: 520.6674 +/- 4.1668
INFO:root:Epoch no. 435 of 500 (samples: 260842)
INFO:root:Loss: 520.4086 +/- 3.9532
INFO:root:Epoch no. 436 of 500 (samples: 260842)
INFO:root:Loss: 519.3166 +/- 4.3523
INFO:root:Epoch no. 437 of 500 (samples: 260842)
INFO:root:Loss: 520.7208 +/- 2.8387
INFO:root:Epoch no. 438 of 500 (samples: 260842)
INFO:root:Loss: 519.9767 +/- 3.8663
INFO:root:Epoch no. 439 of 500 (samples: 260842)
INFO:root:Loss: 520.1685 +/- 3.241
INFO:root:Epoch no. 440 of 500 (samples: 260842)
INFO:root:Loss: 521.7637 +/- 4.4595
INFO:root:Epoch no. 441 of 500 (samples: 260842)
INFO:root:Loss: 519.1363 +/- 3.7626
INFO:root:Epoch no. 442 of 500 (samples: 260842)
INFO:root:Loss: 519.8602 +/- 3.9627
INFO:root:Epoch no. 443 of 500 (samples: 260842)
INFO:root:Loss: 520.4698 +/- 3.913
INFO:root:Epoch no. 444 of 500 (samples: 260842)
INFO:root:Loss: 519.3938 +/- 4.2719
INFO:root:Epoch no. 445 of 500 (samples: 260842)
INFO:root:Loss: 521.7939 +/- 3.6831
INFO:root:Epoch no. 446 of 500 (samples: 260842)
INFO:root:Loss: 520.8633 +/- 3.6697
INFO:root:Epoch no. 447 of 500 (samples: 260842)
INFO:root:Loss: 520.6614 +/- 3.8472
INFO:root:Epoch no. 448 of 500 (samples: 260842)
INFO:root:Loss: 521.5348 +/- 3.7748
INFO:root:Epoch no. 449 of 500 (samples: 260842)
INFO:root:Loss: 520.4099 +/- 3.267
INFO:root:Epoch no. 450 of 500 (samples: 260842)
INFO:root:Loss: 519.0395 +/- 6.6851
INFO:root:Epoch no. 451 of 500 (samples: 260842)
INFO:root:Loss: 518.5903 +/- 4.0109
INFO:root:Epoch no. 452 of 500 (samples: 260842)
INFO:root:Loss: 520.5268 +/- 3.952
INFO:root:Epoch no. 453 of 500 (samples: 260842)
INFO:root:Loss: 521.1004 +/- 3.8571
INFO:root:Epoch no. 454 of 500 (samples: 260842)
INFO:root:Loss: 518.2731 +/- 4.4169
INFO:root:Epoch no. 455 of 500 (samples: 260842)
INFO:root:Loss: 521.358 +/- 2.751
INFO:root:Epoch no. 456 of 500 (samples: 260842)
INFO:root:Loss: 520.3699 +/- 5.6946
INFO:root:Epoch no. 457 of 500 (samples: 260842)
INFO:root:Loss: 520.3024 +/- 4.495
INFO:root:Epoch no. 458 of 500 (samples: 260842)
INFO:root:Loss: 519.4694 +/- 2.7123
INFO:root:Epoch no. 459 of 500 (samples: 260842)
INFO:root:Loss: 519.6624 +/- 3.6195
INFO:root:Epoch no. 460 of 500 (samples: 260842)
INFO:root:Loss: 520.5168 +/- 2.7835
INFO:root:Epoch no. 461 of 500 (samples: 260842)
INFO:root:Loss: 519.6475 +/- 5.2719
INFO:root:Epoch no. 462 of 500 (samples: 260842)
INFO:root:Loss: 518.6978 +/- 2.6338
INFO:root:Epoch no. 463 of 500 (samples: 260842)
INFO:root:Loss: 520.329 +/- 4.9215
INFO:root:Epoch no. 464 of 500 (samples: 260842)
INFO:root:Loss: 520.3926 +/- 2.9002
INFO:root:Epoch no. 465 of 500 (samples: 260842)
INFO:root:Loss: 519.4229 +/- 5.4459
INFO:root:Epoch no. 466 of 500 (samples: 260842)
INFO:root:Loss: 519.4966 +/- 3.7447
INFO:root:Epoch no. 467 of 500 (samples: 260842)
INFO:root:Loss: 519.8741 +/- 3.8023
INFO:root:Epoch no. 468 of 500 (samples: 260842)
INFO:root:Loss: 520.33 +/- 3.376
INFO:root:Epoch no. 469 of 500 (samples: 260842)
INFO:root:Loss: 519.8556 +/- 3.2964
INFO:root:Epoch no. 470 of 500 (samples: 260842)
INFO:root:Loss: 520.1324 +/- 4.0034
INFO:root:Epoch no. 471 of 500 (samples: 260842)
INFO:root:Loss: 519.9811 +/- 5.6716
INFO:root:Epoch no. 472 of 500 (samples: 260842)
INFO:root:Loss: 518.7674 +/- 4.3879
INFO:root:Epoch no. 473 of 500 (samples: 260842)
INFO:root:Loss: 520.3029 +/- 4.3633
INFO:root:Epoch no. 474 of 500 (samples: 260842)
INFO:root:Loss: 519.3687 +/- 2.3481
INFO:root:Epoch no. 475 of 500 (samples: 260842)
INFO:root:Loss: 519.9708 +/- 3.9338
INFO:root:Epoch no. 476 of 500 (samples: 260842)
INFO:root:Loss: 519.9444 +/- 2.9909
INFO:root:Epoch no. 477 of 500 (samples: 260842)
INFO:root:Loss: 518.674 +/- 3.7726
INFO:root:Epoch no. 478 of 500 (samples: 260842)
INFO:root:Loss: 520.4007 +/- 1.8043
INFO:root:Epoch no. 479 of 500 (samples: 260842)
INFO:root:Loss: 520.6608 +/- 3.9338
INFO:root:Epoch no. 480 of 500 (samples: 260842)
INFO:root:Loss: 519.282 +/- 3.965
INFO:root:Epoch no. 481 of 500 (samples: 260842)
INFO:root:Loss: 518.643 +/- 4.0051
INFO:root:Epoch no. 482 of 500 (samples: 260842)
INFO:root:Loss: 519.1714 +/- 4.5824
INFO:root:Epoch no. 483 of 500 (samples: 260842)
INFO:root:Loss: 521.273 +/- 4.5186
INFO:root:Epoch no. 484 of 500 (samples: 260842)
INFO:root:Loss: 519.4539 +/- 4.2119
INFO:root:Epoch no. 485 of 500 (samples: 260842)
INFO:root:Loss: 519.1428 +/- 1.9308
INFO:root:Epoch no. 486 of 500 (samples: 260842)
INFO:root:Loss: 519.2217 +/- 3.1155
INFO:root:Epoch no. 487 of 500 (samples: 260842)
INFO:root:Loss: 520.3996 +/- 4.3711
INFO:root:Epoch no. 488 of 500 (samples: 260842)
INFO:root:Loss: 519.5059 +/- 4.8709
INFO:root:Epoch no. 489 of 500 (samples: 260842)
INFO:root:Loss: 520.3216 +/- 5.4977
INFO:root:Epoch no. 490 of 500 (samples: 260842)
INFO:root:Loss: 519.3927 +/- 4.3683
INFO:root:Epoch no. 491 of 500 (samples: 260842)
INFO:root:Loss: 519.3181 +/- 3.0344
INFO:root:Epoch no. 492 of 500 (samples: 260842)
INFO:root:Loss: 520.5147 +/- 5.5639
INFO:root:Epoch no. 493 of 500 (samples: 260842)
INFO:root:Loss: 519.7044 +/- 1.8637
INFO:root:Epoch no. 494 of 500 (samples: 260842)
INFO:root:Loss: 518.4766 +/- 3.5133
INFO:root:Epoch no. 495 of 500 (samples: 260842)
INFO:root:Loss: 518.9364 +/- 4.666
INFO:root:Epoch no. 496 of 500 (samples: 260842)
INFO:root:Loss: 520.1043 +/- 4.9636
INFO:root:Epoch no. 497 of 500 (samples: 260842)
INFO:root:Loss: 520.3969 +/- 2.9658
INFO:root:Epoch no. 498 of 500 (samples: 260842)
INFO:root:Loss: 519.2098 +/- 3.9728
INFO:root:Epoch no. 499 of 500 (samples: 260842)
INFO:root:Loss: 519.6426 +/- 4.6782
INFO:root:Epoch no. 500 of 500 (samples: 260842)
INFO:root:Loss: 519.2797 +/- 2.5366
/usr/local/lib/python3.5/dist-packages/keras/backend/theano_backend.py:527: UserWarning: theano.function was asked to create a function computing outputs given certain inputs, but the provided input variable at index 2 is not part of the computational graph needed to compute the outputs: keras_learning_phase.
To make this warning into an error, you can pass the parameter on_unused_input='raise' to theano.function. To disable it completely, use on_unused_input='ignore'.
  **kwargs)
INFO:root:### MICRO (validation raw):
INFO:root:	-- left   >> mean: 2160.3022, median: 244.5, mrr: 0.068, hits@1: 0.48%
INFO:root:	-- right  >> mean: 297.291, median: 29.0, mrr: 0.138, hits@1: 3.72%
INFO:root:	-- global >> mean: 1228.7966, median: 69.0, mrr: 0.103, hits@1: 2.1%
INFO:root:### MICRO (validation raw):
INFO:root:	-- left   >> mean: 2160.3022, median: 244.5, mrr: 0.068, hits@3: 8.84%
INFO:root:	-- right  >> mean: 297.291, median: 29.0, mrr: 0.138, hits@3: 16.22%
INFO:root:	-- global >> mean: 1228.7966, median: 69.0, mrr: 0.103, hits@3: 12.53%
INFO:root:### MICRO (validation raw):
INFO:root:	-- left   >> mean: 2160.3022, median: 244.5, mrr: 0.068, hits@5: 13.6%
INFO:root:	-- right  >> mean: 297.291, median: 29.0, mrr: 0.138, hits@5: 24.62%
INFO:root:	-- global >> mean: 1228.7966, median: 69.0, mrr: 0.103, hits@5: 19.11%
INFO:root:### MICRO (validation raw):
INFO:root:	-- left   >> mean: 2160.3022, median: 244.5, mrr: 0.068, hits@10: 19.2%
INFO:root:	-- right  >> mean: 297.291, median: 29.0, mrr: 0.138, hits@10: 34.72%
INFO:root:	-- global >> mean: 1228.7966, median: 69.0, mrr: 0.103, hits@10: 26.96%
INFO:root:### MICRO (validation filtered):
INFO:root:	-- left   >> mean: 1952.6462, median: 194.0, mrr: 0.087, hits@1: 0.8%
INFO:root:	-- right  >> mean: 295.0994, median: 28.0, mrr: 0.158, hits@1: 4.52%
INFO:root:	-- global >> mean: 1123.8728, median: 63.0, mrr: 0.123, hits@1: 2.66%
INFO:root:### MICRO (validation filtered):
INFO:root:	-- left   >> mean: 1952.6462, median: 194.0, mrr: 0.087, hits@3: 13.22%
INFO:root:	-- right  >> mean: 295.0994, median: 28.0, mrr: 0.158, hits@3: 20.8%
INFO:root:	-- global >> mean: 1123.8728, median: 63.0, mrr: 0.123, hits@3: 17.01%
INFO:root:### MICRO (validation filtered):
INFO:root:	-- left   >> mean: 1952.6462, median: 194.0, mrr: 0.087, hits@5: 16.92%
INFO:root:	-- right  >> mean: 295.0994, median: 28.0, mrr: 0.158, hits@5: 28.0%
INFO:root:	-- global >> mean: 1123.8728, median: 63.0, mrr: 0.123, hits@5: 22.46%
INFO:root:### MICRO (validation filtered):
INFO:root:	-- left   >> mean: 1952.6462, median: 194.0, mrr: 0.087, hits@10: 21.9%
INFO:root:	-- right  >> mean: 295.0994, median: 28.0, mrr: 0.158, hits@10: 37.08%
INFO:root:	-- global >> mean: 1123.8728, median: 63.0, mrr: 0.123, hits@10: 29.49%
INFO:root:### MICRO (test raw):
INFO:root:	-- left   >> mean: 2153.2166, median: 254.0, mrr: 0.062, hits@1: 0.58%
INFO:root:	-- right  >> mean: 287.5838, median: 28.0, mrr: 0.138, hits@1: 4.24%
INFO:root:	-- global >> mean: 1220.4002, median: 73.0, mrr: 0.1, hits@1: 2.41%
INFO:root:### MICRO (test raw):
INFO:root:	-- left   >> mean: 2153.2166, median: 254.0, mrr: 0.062, hits@3: 7.56%
INFO:root:	-- right  >> mean: 287.5838, median: 28.0, mrr: 0.138, hits@3: 15.84%
INFO:root:	-- global >> mean: 1220.4002, median: 73.0, mrr: 0.1, hits@3: 11.7%
INFO:root:### MICRO (test raw):
INFO:root:	-- left   >> mean: 2153.2166, median: 254.0, mrr: 0.062, hits@5: 11.78%
INFO:root:	-- right  >> mean: 287.5838, median: 28.0, mrr: 0.138, hits@5: 23.44%
INFO:root:	-- global >> mean: 1220.4002, median: 73.0, mrr: 0.1, hits@5: 17.61%
INFO:root:### MICRO (test raw):
INFO:root:	-- left   >> mean: 2153.2166, median: 254.0, mrr: 0.062, hits@10: 17.9%
INFO:root:	-- right  >> mean: 287.5838, median: 28.0, mrr: 0.138, hits@10: 34.2%
INFO:root:	-- global >> mean: 1220.4002, median: 73.0, mrr: 0.1, hits@10: 26.05%
INFO:root:### MICRO (test filtered):
INFO:root:	-- left   >> mean: 1952.169, median: 204.0, mrr: 0.081, hits@1: 0.82%
INFO:root:	-- right  >> mean: 285.3494, median: 25.0, mrr: 0.161, hits@1: 5.42%
INFO:root:	-- global >> mean: 1118.7592, median: 64.0, mrr: 0.121, hits@1: 3.12%
INFO:root:### MICRO (test filtered):
INFO:root:	-- left   >> mean: 1952.169, median: 204.0, mrr: 0.081, hits@3: 11.8%
INFO:root:	-- right  >> mean: 285.3494, median: 25.0, mrr: 0.161, hits@3: 20.32%
INFO:root:	-- global >> mean: 1118.7592, median: 64.0, mrr: 0.121, hits@3: 16.06%
INFO:root:### MICRO (test filtered):
INFO:root:	-- left   >> mean: 1952.169, median: 204.0, mrr: 0.081, hits@5: 15.5%
INFO:root:	-- right  >> mean: 285.3494, median: 25.0, mrr: 0.161, hits@5: 27.0%
INFO:root:	-- global >> mean: 1118.7592, median: 64.0, mrr: 0.121, hits@5: 21.25%
INFO:root:### MICRO (test filtered):
INFO:root:	-- left   >> mean: 1952.169, median: 204.0, mrr: 0.081, hits@10: 20.2%
INFO:root:	-- right  >> mean: 285.3494, median: 25.0, mrr: 0.161, hits@10: 36.56%
INFO:root:	-- global >> mean: 1118.7592, median: 64.0, mrr: 0.121, hits@10: 28.38%
