Using Theano backend.
Using gpu device 0: GeForce GTX TITAN X (CNMeM is disabled, cuDNN not available)
INFO:root:Acquiring data/music_2015-10_mte10_5k/music_2015-10_mte10-train.tsv.gz ..
INFO:root:Acquiring data/music_2015-10_mte10_5k/music_2015-10_mte10-valid.tsv.gz ..
INFO:root:Acquiring data/music_2015-10_mte10_5k/music_2015-10_mte10-test.tsv.gz ..
INFO:root:[Rules] Adding Head: 3, Tail: [(2, False)]
INFO:root:[Rules] Adding Head: 6, Tail: [(5, False)]
INFO:root:[Rules] Adding Head: 2, Tail: [(3, False)]
INFO:root:[Rules] Adding Head: 5, Tail: [(6, False)]
INFO:root:Samples: 289825, no. batches: 10 -> batch size: 28983
INFO:root:Epoch no. 1 of 500 (samples: 289825)
INFO:root:Loss: 8.8108 +/- 1.2709
INFO:root:Epoch no. 2 of 500 (samples: 289825)
INFO:root:Loss: 5.6005 +/- 0.2287
INFO:root:Epoch no. 3 of 500 (samples: 289825)
INFO:root:Loss: 4.1545 +/- 0.0928
INFO:root:Epoch no. 4 of 500 (samples: 289825)
INFO:root:Loss: 3.3272 +/- 0.0354
INFO:root:Epoch no. 5 of 500 (samples: 289825)
INFO:root:Loss: 2.8278 +/- 0.023
INFO:root:Epoch no. 6 of 500 (samples: 289825)
INFO:root:Loss: 2.4648 +/- 0.0149
INFO:root:Epoch no. 7 of 500 (samples: 289825)
INFO:root:Loss: 2.1995 +/- 0.0228
INFO:root:Epoch no. 8 of 500 (samples: 289825)
INFO:root:Loss: 1.9917 +/- 0.0194
INFO:root:Epoch no. 9 of 500 (samples: 289825)
INFO:root:Loss: 1.8303 +/- 0.0259
INFO:root:Epoch no. 10 of 500 (samples: 289825)
INFO:root:Loss: 1.6874 +/- 0.0202
INFO:root:Epoch no. 11 of 500 (samples: 289825)
INFO:root:Loss: 1.5665 +/- 0.0204
INFO:root:Epoch no. 12 of 500 (samples: 289825)
INFO:root:Loss: 1.4609 +/- 0.019
INFO:root:Epoch no. 13 of 500 (samples: 289825)
INFO:root:Loss: 1.372 +/- 0.012
INFO:root:Epoch no. 14 of 500 (samples: 289825)
INFO:root:Loss: 1.2901 +/- 0.0204
INFO:root:Epoch no. 15 of 500 (samples: 289825)
INFO:root:Loss: 1.2182 +/- 0.0166
INFO:root:Epoch no. 16 of 500 (samples: 289825)
INFO:root:Loss: 1.1534 +/- 0.0137
INFO:root:Epoch no. 17 of 500 (samples: 289825)
INFO:root:Loss: 1.1002 +/- 0.0158
INFO:root:Epoch no. 18 of 500 (samples: 289825)
INFO:root:Loss: 1.0479 +/- 0.0167
INFO:root:Epoch no. 19 of 500 (samples: 289825)
INFO:root:Loss: 0.9995 +/- 0.0142
INFO:root:Epoch no. 20 of 500 (samples: 289825)
INFO:root:Loss: 0.9631 +/- 0.0149
INFO:root:Epoch no. 21 of 500 (samples: 289825)
INFO:root:Loss: 0.9271 +/- 0.0138
INFO:root:Epoch no. 22 of 500 (samples: 289825)
INFO:root:Loss: 0.8942 +/- 0.0138
INFO:root:Epoch no. 23 of 500 (samples: 289825)
INFO:root:Loss: 0.866 +/- 0.0127
INFO:root:Epoch no. 24 of 500 (samples: 289825)
INFO:root:Loss: 0.8411 +/- 0.0155
INFO:root:Epoch no. 25 of 500 (samples: 289825)
INFO:root:Loss: 0.8141 +/- 0.0121
INFO:root:Epoch no. 26 of 500 (samples: 289825)
INFO:root:Loss: 0.7952 +/- 0.018
INFO:root:Epoch no. 27 of 500 (samples: 289825)
INFO:root:Loss: 0.7707 +/- 0.0169
INFO:root:Epoch no. 28 of 500 (samples: 289825)
INFO:root:Loss: 0.7522 +/- 0.0125
INFO:root:Epoch no. 29 of 500 (samples: 289825)
INFO:root:Loss: 0.7325 +/- 0.0166
INFO:root:Epoch no. 30 of 500 (samples: 289825)
INFO:root:Loss: 0.7114 +/- 0.0161
INFO:root:Epoch no. 31 of 500 (samples: 289825)
INFO:root:Loss: 0.6959 +/- 0.0191
INFO:root:Epoch no. 32 of 500 (samples: 289825)
INFO:root:Loss: 0.6878 +/- 0.0115
INFO:root:Epoch no. 33 of 500 (samples: 289825)
INFO:root:Loss: 0.6729 +/- 0.0121
INFO:root:Epoch no. 34 of 500 (samples: 289825)
INFO:root:Loss: 0.6563 +/- 0.0159
INFO:root:Epoch no. 35 of 500 (samples: 289825)
INFO:root:Loss: 0.6446 +/- 0.0137
INFO:root:Epoch no. 36 of 500 (samples: 289825)
INFO:root:Loss: 0.6328 +/- 0.0129
INFO:root:Epoch no. 37 of 500 (samples: 289825)
INFO:root:Loss: 0.625 +/- 0.0106
INFO:root:Epoch no. 38 of 500 (samples: 289825)
INFO:root:Loss: 0.6109 +/- 0.016
INFO:root:Epoch no. 39 of 500 (samples: 289825)
INFO:root:Loss: 0.5994 +/- 0.008
INFO:root:Epoch no. 40 of 500 (samples: 289825)
INFO:root:Loss: 0.5931 +/- 0.008
INFO:root:Epoch no. 41 of 500 (samples: 289825)
INFO:root:Loss: 0.5845 +/- 0.0092
INFO:root:Epoch no. 42 of 500 (samples: 289825)
INFO:root:Loss: 0.5767 +/- 0.0105
INFO:root:Epoch no. 43 of 500 (samples: 289825)
INFO:root:Loss: 0.569 +/- 0.0116
INFO:root:Epoch no. 44 of 500 (samples: 289825)
INFO:root:Loss: 0.5569 +/- 0.0085
INFO:root:Epoch no. 45 of 500 (samples: 289825)
INFO:root:Loss: 0.5496 +/- 0.0089
INFO:root:Epoch no. 46 of 500 (samples: 289825)
INFO:root:Loss: 0.5418 +/- 0.0129
INFO:root:Epoch no. 47 of 500 (samples: 289825)
INFO:root:Loss: 0.5387 +/- 0.0118
INFO:root:Epoch no. 48 of 500 (samples: 289825)
INFO:root:Loss: 0.531 +/- 0.0138
INFO:root:Epoch no. 49 of 500 (samples: 289825)
INFO:root:Loss: 0.5207 +/- 0.0116
INFO:root:Epoch no. 50 of 500 (samples: 289825)
INFO:root:Loss: 0.5137 +/- 0.0076
INFO:root:Epoch no. 51 of 500 (samples: 289825)
INFO:root:Loss: 0.5103 +/- 0.0109
INFO:root:Epoch no. 52 of 500 (samples: 289825)
INFO:root:Loss: 0.51 +/- 0.009
INFO:root:Epoch no. 53 of 500 (samples: 289825)
INFO:root:Loss: 0.4981 +/- 0.0087
INFO:root:Epoch no. 54 of 500 (samples: 289825)
INFO:root:Loss: 0.4977 +/- 0.0067
INFO:root:Epoch no. 55 of 500 (samples: 289825)
INFO:root:Loss: 0.4941 +/- 0.0097
INFO:root:Epoch no. 56 of 500 (samples: 289825)
INFO:root:Loss: 0.4899 +/- 0.0067
INFO:root:Epoch no. 57 of 500 (samples: 289825)
INFO:root:Loss: 0.4821 +/- 0.014
INFO:root:Epoch no. 58 of 500 (samples: 289825)
INFO:root:Loss: 0.4753 +/- 0.006
INFO:root:Epoch no. 59 of 500 (samples: 289825)
INFO:root:Loss: 0.4728 +/- 0.0105
INFO:root:Epoch no. 60 of 500 (samples: 289825)
INFO:root:Loss: 0.4684 +/- 0.0103
INFO:root:Epoch no. 61 of 500 (samples: 289825)
INFO:root:Loss: 0.4614 +/- 0.007
INFO:root:Epoch no. 62 of 500 (samples: 289825)
INFO:root:Loss: 0.4631 +/- 0.0074
INFO:root:Epoch no. 63 of 500 (samples: 289825)
INFO:root:Loss: 0.4596 +/- 0.0084
INFO:root:Epoch no. 64 of 500 (samples: 289825)
INFO:root:Loss: 0.4546 +/- 0.0128
INFO:root:Epoch no. 65 of 500 (samples: 289825)
INFO:root:Loss: 0.4494 +/- 0.0086
INFO:root:Epoch no. 66 of 500 (samples: 289825)
INFO:root:Loss: 0.4472 +/- 0.0102
INFO:root:Epoch no. 67 of 500 (samples: 289825)
INFO:root:Loss: 0.4442 +/- 0.0113
INFO:root:Epoch no. 68 of 500 (samples: 289825)
INFO:root:Loss: 0.4402 +/- 0.0079
INFO:root:Epoch no. 69 of 500 (samples: 289825)
INFO:root:Loss: 0.4337 +/- 0.0094
INFO:root:Epoch no. 70 of 500 (samples: 289825)
INFO:root:Loss: 0.4352 +/- 0.0087
INFO:root:Epoch no. 71 of 500 (samples: 289825)
INFO:root:Loss: 0.4294 +/- 0.0126
INFO:root:Epoch no. 72 of 500 (samples: 289825)
INFO:root:Loss: 0.4241 +/- 0.0043
INFO:root:Epoch no. 73 of 500 (samples: 289825)
INFO:root:Loss: 0.425 +/- 0.0137
INFO:root:Epoch no. 74 of 500 (samples: 289825)
INFO:root:Loss: 0.4267 +/- 0.0074
INFO:root:Epoch no. 75 of 500 (samples: 289825)
INFO:root:Loss: 0.42 +/- 0.0075
INFO:root:Epoch no. 76 of 500 (samples: 289825)
INFO:root:Loss: 0.4156 +/- 0.0058
INFO:root:Epoch no. 77 of 500 (samples: 289825)
INFO:root:Loss: 0.4122 +/- 0.0051
INFO:root:Epoch no. 78 of 500 (samples: 289825)
INFO:root:Loss: 0.4126 +/- 0.0059
INFO:root:Epoch no. 79 of 500 (samples: 289825)
INFO:root:Loss: 0.4097 +/- 0.0088
INFO:root:Epoch no. 80 of 500 (samples: 289825)
INFO:root:Loss: 0.4056 +/- 0.0112
INFO:root:Epoch no. 81 of 500 (samples: 289825)
INFO:root:Loss: 0.4071 +/- 0.0095
INFO:root:Epoch no. 82 of 500 (samples: 289825)
INFO:root:Loss: 0.4057 +/- 0.0077
INFO:root:Epoch no. 83 of 500 (samples: 289825)
INFO:root:Loss: 0.3984 +/- 0.0102
INFO:root:Epoch no. 84 of 500 (samples: 289825)
INFO:root:Loss: 0.3943 +/- 0.0095
INFO:root:Epoch no. 85 of 500 (samples: 289825)
INFO:root:Loss: 0.3942 +/- 0.0087
INFO:root:Epoch no. 86 of 500 (samples: 289825)
INFO:root:Loss: 0.3932 +/- 0.008
INFO:root:Epoch no. 87 of 500 (samples: 289825)
INFO:root:Loss: 0.395 +/- 0.0109
INFO:root:Epoch no. 88 of 500 (samples: 289825)
INFO:root:Loss: 0.3893 +/- 0.0062
INFO:root:Epoch no. 89 of 500 (samples: 289825)
INFO:root:Loss: 0.3896 +/- 0.0077
INFO:root:Epoch no. 90 of 500 (samples: 289825)
INFO:root:Loss: 0.3838 +/- 0.0057
INFO:root:Epoch no. 91 of 500 (samples: 289825)
INFO:root:Loss: 0.3796 +/- 0.0082
INFO:root:Epoch no. 92 of 500 (samples: 289825)
INFO:root:Loss: 0.3844 +/- 0.0071
INFO:root:Epoch no. 93 of 500 (samples: 289825)
INFO:root:Loss: 0.3798 +/- 0.0064
INFO:root:Epoch no. 94 of 500 (samples: 289825)
INFO:root:Loss: 0.3824 +/- 0.0046
INFO:root:Epoch no. 95 of 500 (samples: 289825)
INFO:root:Loss: 0.3768 +/- 0.0048
INFO:root:Epoch no. 96 of 500 (samples: 289825)
INFO:root:Loss: 0.3719 +/- 0.0061
INFO:root:Epoch no. 97 of 500 (samples: 289825)
INFO:root:Loss: 0.3729 +/- 0.0095
INFO:root:Epoch no. 98 of 500 (samples: 289825)
INFO:root:Loss: 0.3722 +/- 0.0069
INFO:root:Epoch no. 99 of 500 (samples: 289825)
INFO:root:Loss: 0.3684 +/- 0.0096
INFO:root:Epoch no. 100 of 500 (samples: 289825)
INFO:root:Loss: 0.3703 +/- 0.0083
INFO:root:Epoch no. 101 of 500 (samples: 289825)
INFO:root:Loss: 0.3683 +/- 0.007
INFO:root:Epoch no. 102 of 500 (samples: 289825)
INFO:root:Loss: 0.366 +/- 0.0093
INFO:root:Epoch no. 103 of 500 (samples: 289825)
INFO:root:Loss: 0.3639 +/- 0.0084
INFO:root:Epoch no. 104 of 500 (samples: 289825)
INFO:root:Loss: 0.3594 +/- 0.0055
INFO:root:Epoch no. 105 of 500 (samples: 289825)
INFO:root:Loss: 0.3625 +/- 0.006
INFO:root:Epoch no. 106 of 500 (samples: 289825)
INFO:root:Loss: 0.3609 +/- 0.0051
INFO:root:Epoch no. 107 of 500 (samples: 289825)
INFO:root:Loss: 0.3556 +/- 0.0084
INFO:root:Epoch no. 108 of 500 (samples: 289825)
INFO:root:Loss: 0.3606 +/- 0.0102
INFO:root:Epoch no. 109 of 500 (samples: 289825)
INFO:root:Loss: 0.3537 +/- 0.0068
INFO:root:Epoch no. 110 of 500 (samples: 289825)
INFO:root:Loss: 0.3548 +/- 0.009
INFO:root:Epoch no. 111 of 500 (samples: 289825)
INFO:root:Loss: 0.3502 +/- 0.0093
INFO:root:Epoch no. 112 of 500 (samples: 289825)
INFO:root:Loss: 0.3554 +/- 0.0106
INFO:root:Epoch no. 113 of 500 (samples: 289825)
INFO:root:Loss: 0.3517 +/- 0.0078
INFO:root:Epoch no. 114 of 500 (samples: 289825)
INFO:root:Loss: 0.3514 +/- 0.0036
INFO:root:Epoch no. 115 of 500 (samples: 289825)
INFO:root:Loss: 0.3484 +/- 0.0076
INFO:root:Epoch no. 116 of 500 (samples: 289825)
INFO:root:Loss: 0.3449 +/- 0.0079
INFO:root:Epoch no. 117 of 500 (samples: 289825)
INFO:root:Loss: 0.3462 +/- 0.0064
INFO:root:Epoch no. 118 of 500 (samples: 289825)
INFO:root:Loss: 0.3457 +/- 0.0073
INFO:root:Epoch no. 119 of 500 (samples: 289825)
INFO:root:Loss: 0.3439 +/- 0.0092
INFO:root:Epoch no. 120 of 500 (samples: 289825)
INFO:root:Loss: 0.3384 +/- 0.0042
INFO:root:Epoch no. 121 of 500 (samples: 289825)
INFO:root:Loss: 0.344 +/- 0.01
INFO:root:Epoch no. 122 of 500 (samples: 289825)
INFO:root:Loss: 0.3361 +/- 0.0059
INFO:root:Epoch no. 123 of 500 (samples: 289825)
INFO:root:Loss: 0.3395 +/- 0.0053
INFO:root:Epoch no. 124 of 500 (samples: 289825)
INFO:root:Loss: 0.3387 +/- 0.0101
INFO:root:Epoch no. 125 of 500 (samples: 289825)
INFO:root:Loss: 0.3335 +/- 0.0043
INFO:root:Epoch no. 126 of 500 (samples: 289825)
INFO:root:Loss: 0.3339 +/- 0.0099
INFO:root:Epoch no. 127 of 500 (samples: 289825)
INFO:root:Loss: 0.335 +/- 0.0056
INFO:root:Epoch no. 128 of 500 (samples: 289825)
INFO:root:Loss: 0.3293 +/- 0.0074
INFO:root:Epoch no. 129 of 500 (samples: 289825)
INFO:root:Loss: 0.332 +/- 0.0066
INFO:root:Epoch no. 130 of 500 (samples: 289825)
INFO:root:Loss: 0.3331 +/- 0.0068
INFO:root:Epoch no. 131 of 500 (samples: 289825)
INFO:root:Loss: 0.3337 +/- 0.0079
INFO:root:Epoch no. 132 of 500 (samples: 289825)
INFO:root:Loss: 0.3292 +/- 0.0077
INFO:root:Epoch no. 133 of 500 (samples: 289825)
INFO:root:Loss: 0.3274 +/- 0.0064
INFO:root:Epoch no. 134 of 500 (samples: 289825)
INFO:root:Loss: 0.3264 +/- 0.0072
INFO:root:Epoch no. 135 of 500 (samples: 289825)
INFO:root:Loss: 0.3239 +/- 0.007
INFO:root:Epoch no. 136 of 500 (samples: 289825)
INFO:root:Loss: 0.3236 +/- 0.0068
INFO:root:Epoch no. 137 of 500 (samples: 289825)
INFO:root:Loss: 0.3251 +/- 0.0041
INFO:root:Epoch no. 138 of 500 (samples: 289825)
INFO:root:Loss: 0.3238 +/- 0.0072
INFO:root:Epoch no. 139 of 500 (samples: 289825)
INFO:root:Loss: 0.3179 +/- 0.0096
INFO:root:Epoch no. 140 of 500 (samples: 289825)
INFO:root:Loss: 0.3232 +/- 0.0049
INFO:root:Epoch no. 141 of 500 (samples: 289825)
INFO:root:Loss: 0.3203 +/- 0.0072
INFO:root:Epoch no. 142 of 500 (samples: 289825)
INFO:root:Loss: 0.3155 +/- 0.0076
INFO:root:Epoch no. 143 of 500 (samples: 289825)
INFO:root:Loss: 0.322 +/- 0.0072
INFO:root:Epoch no. 144 of 500 (samples: 289825)
INFO:root:Loss: 0.3197 +/- 0.0069
INFO:root:Epoch no. 145 of 500 (samples: 289825)
INFO:root:Loss: 0.3172 +/- 0.0071
INFO:root:Epoch no. 146 of 500 (samples: 289825)
INFO:root:Loss: 0.3157 +/- 0.0058
INFO:root:Epoch no. 147 of 500 (samples: 289825)
INFO:root:Loss: 0.3189 +/- 0.007
INFO:root:Epoch no. 148 of 500 (samples: 289825)
INFO:root:Loss: 0.3154 +/- 0.0045
INFO:root:Epoch no. 149 of 500 (samples: 289825)
INFO:root:Loss: 0.3128 +/- 0.0057
INFO:root:Epoch no. 150 of 500 (samples: 289825)
INFO:root:Loss: 0.3134 +/- 0.007
INFO:root:Epoch no. 151 of 500 (samples: 289825)
INFO:root:Loss: 0.3143 +/- 0.0066
INFO:root:Epoch no. 152 of 500 (samples: 289825)
INFO:root:Loss: 0.317 +/- 0.0077
INFO:root:Epoch no. 153 of 500 (samples: 289825)
INFO:root:Loss: 0.3126 +/- 0.0051
INFO:root:Epoch no. 154 of 500 (samples: 289825)
INFO:root:Loss: 0.3127 +/- 0.0049
INFO:root:Epoch no. 155 of 500 (samples: 289825)
INFO:root:Loss: 0.3103 +/- 0.0069
INFO:root:Epoch no. 156 of 500 (samples: 289825)
INFO:root:Loss: 0.3072 +/- 0.0045
INFO:root:Epoch no. 157 of 500 (samples: 289825)
INFO:root:Loss: 0.3097 +/- 0.0058
INFO:root:Epoch no. 158 of 500 (samples: 289825)
INFO:root:Loss: 0.3053 +/- 0.0073
INFO:root:Epoch no. 159 of 500 (samples: 289825)
INFO:root:Loss: 0.3077 +/- 0.0071
INFO:root:Epoch no. 160 of 500 (samples: 289825)
INFO:root:Loss: 0.3084 +/- 0.0042
INFO:root:Epoch no. 161 of 500 (samples: 289825)
INFO:root:Loss: 0.305 +/- 0.0032
INFO:root:Epoch no. 162 of 500 (samples: 289825)
INFO:root:Loss: 0.3042 +/- 0.006
INFO:root:Epoch no. 163 of 500 (samples: 289825)
INFO:root:Loss: 0.3056 +/- 0.0057
INFO:root:Epoch no. 164 of 500 (samples: 289825)
INFO:root:Loss: 0.3041 +/- 0.008
INFO:root:Epoch no. 165 of 500 (samples: 289825)
INFO:root:Loss: 0.3033 +/- 0.008
INFO:root:Epoch no. 166 of 500 (samples: 289825)
INFO:root:Loss: 0.3003 +/- 0.0077
INFO:root:Epoch no. 167 of 500 (samples: 289825)
INFO:root:Loss: 0.3011 +/- 0.0081
INFO:root:Epoch no. 168 of 500 (samples: 289825)
INFO:root:Loss: 0.2993 +/- 0.0048
INFO:root:Epoch no. 169 of 500 (samples: 289825)
INFO:root:Loss: 0.3017 +/- 0.0059
INFO:root:Epoch no. 170 of 500 (samples: 289825)
INFO:root:Loss: 0.3007 +/- 0.005
INFO:root:Epoch no. 171 of 500 (samples: 289825)
INFO:root:Loss: 0.2978 +/- 0.0064
INFO:root:Epoch no. 172 of 500 (samples: 289825)
INFO:root:Loss: 0.3037 +/- 0.005
INFO:root:Epoch no. 173 of 500 (samples: 289825)
INFO:root:Loss: 0.2985 +/- 0.009
INFO:root:Epoch no. 174 of 500 (samples: 289825)
INFO:root:Loss: 0.2959 +/- 0.0052
INFO:root:Epoch no. 175 of 500 (samples: 289825)
INFO:root:Loss: 0.2962 +/- 0.0049
INFO:root:Epoch no. 176 of 500 (samples: 289825)
INFO:root:Loss: 0.2961 +/- 0.0044
INFO:root:Epoch no. 177 of 500 (samples: 289825)
INFO:root:Loss: 0.2954 +/- 0.0059
INFO:root:Epoch no. 178 of 500 (samples: 289825)
INFO:root:Loss: 0.292 +/- 0.0069
INFO:root:Epoch no. 179 of 500 (samples: 289825)
INFO:root:Loss: 0.2939 +/- 0.0045
INFO:root:Epoch no. 180 of 500 (samples: 289825)
INFO:root:Loss: 0.2914 +/- 0.01
INFO:root:Epoch no. 181 of 500 (samples: 289825)
INFO:root:Loss: 0.2915 +/- 0.0037
INFO:root:Epoch no. 182 of 500 (samples: 289825)
INFO:root:Loss: 0.2913 +/- 0.0048
INFO:root:Epoch no. 183 of 500 (samples: 289825)
INFO:root:Loss: 0.2939 +/- 0.0064
INFO:root:Epoch no. 184 of 500 (samples: 289825)
INFO:root:Loss: 0.292 +/- 0.0062
INFO:root:Epoch no. 185 of 500 (samples: 289825)
INFO:root:Loss: 0.2936 +/- 0.0043
INFO:root:Epoch no. 186 of 500 (samples: 289825)
INFO:root:Loss: 0.2924 +/- 0.0072
INFO:root:Epoch no. 187 of 500 (samples: 289825)
INFO:root:Loss: 0.2903 +/- 0.0043
INFO:root:Epoch no. 188 of 500 (samples: 289825)
INFO:root:Loss: 0.2875 +/- 0.0055
INFO:root:Epoch no. 189 of 500 (samples: 289825)
INFO:root:Loss: 0.2897 +/- 0.0084
INFO:root:Epoch no. 190 of 500 (samples: 289825)
INFO:root:Loss: 0.2864 +/- 0.0061
INFO:root:Epoch no. 191 of 500 (samples: 289825)
INFO:root:Loss: 0.2898 +/- 0.0044
INFO:root:Epoch no. 192 of 500 (samples: 289825)
INFO:root:Loss: 0.2886 +/- 0.0036
INFO:root:Epoch no. 193 of 500 (samples: 289825)
INFO:root:Loss: 0.2894 +/- 0.0036
INFO:root:Epoch no. 194 of 500 (samples: 289825)
INFO:root:Loss: 0.2854 +/- 0.0047
INFO:root:Epoch no. 195 of 500 (samples: 289825)
INFO:root:Loss: 0.2875 +/- 0.0059
INFO:root:Epoch no. 196 of 500 (samples: 289825)
INFO:root:Loss: 0.2817 +/- 0.0061
INFO:root:Epoch no. 197 of 500 (samples: 289825)
INFO:root:Loss: 0.2864 +/- 0.0059
INFO:root:Epoch no. 198 of 500 (samples: 289825)
INFO:root:Loss: 0.2868 +/- 0.0059
INFO:root:Epoch no. 199 of 500 (samples: 289825)
INFO:root:Loss: 0.2847 +/- 0.0054
INFO:root:Epoch no. 200 of 500 (samples: 289825)
INFO:root:Loss: 0.2819 +/- 0.0051
INFO:root:Epoch no. 201 of 500 (samples: 289825)
INFO:root:Loss: 0.2852 +/- 0.0049
INFO:root:Epoch no. 202 of 500 (samples: 289825)
INFO:root:Loss: 0.2803 +/- 0.0038
INFO:root:Epoch no. 203 of 500 (samples: 289825)
INFO:root:Loss: 0.2812 +/- 0.0075
INFO:root:Epoch no. 204 of 500 (samples: 289825)
INFO:root:Loss: 0.2806 +/- 0.006
INFO:root:Epoch no. 205 of 500 (samples: 289825)
INFO:root:Loss: 0.2835 +/- 0.0058
INFO:root:Epoch no. 206 of 500 (samples: 289825)
INFO:root:Loss: 0.2832 +/- 0.0082
INFO:root:Epoch no. 207 of 500 (samples: 289825)
INFO:root:Loss: 0.281 +/- 0.0039
INFO:root:Epoch no. 208 of 500 (samples: 289825)
INFO:root:Loss: 0.2806 +/- 0.0046
INFO:root:Epoch no. 209 of 500 (samples: 289825)
INFO:root:Loss: 0.2798 +/- 0.0067
INFO:root:Epoch no. 210 of 500 (samples: 289825)
INFO:root:Loss: 0.2804 +/- 0.0042
INFO:root:Epoch no. 211 of 500 (samples: 289825)
INFO:root:Loss: 0.2788 +/- 0.0036
INFO:root:Epoch no. 212 of 500 (samples: 289825)
INFO:root:Loss: 0.2778 +/- 0.0069
INFO:root:Epoch no. 213 of 500 (samples: 289825)
INFO:root:Loss: 0.2761 +/- 0.0046
INFO:root:Epoch no. 214 of 500 (samples: 289825)
INFO:root:Loss: 0.2755 +/- 0.0058
INFO:root:Epoch no. 215 of 500 (samples: 289825)
INFO:root:Loss: 0.2773 +/- 0.006
INFO:root:Epoch no. 216 of 500 (samples: 289825)
INFO:root:Loss: 0.2808 +/- 0.0057
INFO:root:Epoch no. 217 of 500 (samples: 289825)
INFO:root:Loss: 0.276 +/- 0.0056
INFO:root:Epoch no. 218 of 500 (samples: 289825)
INFO:root:Loss: 0.2775 +/- 0.0047
INFO:root:Epoch no. 219 of 500 (samples: 289825)
INFO:root:Loss: 0.2769 +/- 0.0047
INFO:root:Epoch no. 220 of 500 (samples: 289825)
INFO:root:Loss: 0.2759 +/- 0.0069
INFO:root:Epoch no. 221 of 500 (samples: 289825)
INFO:root:Loss: 0.2733 +/- 0.007
INFO:root:Epoch no. 222 of 500 (samples: 289825)
INFO:root:Loss: 0.2756 +/- 0.0069
INFO:root:Epoch no. 223 of 500 (samples: 289825)
INFO:root:Loss: 0.2756 +/- 0.0056
INFO:root:Epoch no. 224 of 500 (samples: 289825)
INFO:root:Loss: 0.2754 +/- 0.0059
INFO:root:Epoch no. 225 of 500 (samples: 289825)
INFO:root:Loss: 0.2718 +/- 0.0069
INFO:root:Epoch no. 226 of 500 (samples: 289825)
INFO:root:Loss: 0.2768 +/- 0.0039
INFO:root:Epoch no. 227 of 500 (samples: 289825)
INFO:root:Loss: 0.2756 +/- 0.0092
INFO:root:Epoch no. 228 of 500 (samples: 289825)
INFO:root:Loss: 0.273 +/- 0.0053
INFO:root:Epoch no. 229 of 500 (samples: 289825)
INFO:root:Loss: 0.2711 +/- 0.0059
INFO:root:Epoch no. 230 of 500 (samples: 289825)
INFO:root:Loss: 0.2692 +/- 0.0059
INFO:root:Epoch no. 231 of 500 (samples: 289825)
INFO:root:Loss: 0.2719 +/- 0.0055
INFO:root:Epoch no. 232 of 500 (samples: 289825)
INFO:root:Loss: 0.2746 +/- 0.0061
INFO:root:Epoch no. 233 of 500 (samples: 289825)
INFO:root:Loss: 0.2711 +/- 0.0042
INFO:root:Epoch no. 234 of 500 (samples: 289825)
INFO:root:Loss: 0.2715 +/- 0.005
INFO:root:Epoch no. 235 of 500 (samples: 289825)
INFO:root:Loss: 0.2712 +/- 0.0072
INFO:root:Epoch no. 236 of 500 (samples: 289825)
INFO:root:Loss: 0.2723 +/- 0.0061
INFO:root:Epoch no. 237 of 500 (samples: 289825)
INFO:root:Loss: 0.2695 +/- 0.0046
INFO:root:Epoch no. 238 of 500 (samples: 289825)
INFO:root:Loss: 0.2688 +/- 0.0042
INFO:root:Epoch no. 239 of 500 (samples: 289825)
INFO:root:Loss: 0.2695 +/- 0.0034
INFO:root:Epoch no. 240 of 500 (samples: 289825)
INFO:root:Loss: 0.2679 +/- 0.0071
INFO:root:Epoch no. 241 of 500 (samples: 289825)
INFO:root:Loss: 0.2653 +/- 0.0072
INFO:root:Epoch no. 242 of 500 (samples: 289825)
INFO:root:Loss: 0.2683 +/- 0.0043
INFO:root:Epoch no. 243 of 500 (samples: 289825)
INFO:root:Loss: 0.268 +/- 0.0054
INFO:root:Epoch no. 244 of 500 (samples: 289825)
INFO:root:Loss: 0.2656 +/- 0.0037
INFO:root:Epoch no. 245 of 500 (samples: 289825)
INFO:root:Loss: 0.2611 +/- 0.0057
INFO:root:Epoch no. 246 of 500 (samples: 289825)
INFO:root:Loss: 0.2663 +/- 0.0038
INFO:root:Epoch no. 247 of 500 (samples: 289825)
INFO:root:Loss: 0.2656 +/- 0.0045
INFO:root:Epoch no. 248 of 500 (samples: 289825)
INFO:root:Loss: 0.2655 +/- 0.0052
INFO:root:Epoch no. 249 of 500 (samples: 289825)
INFO:root:Loss: 0.2631 +/- 0.0061
INFO:root:Epoch no. 250 of 500 (samples: 289825)
INFO:root:Loss: 0.2672 +/- 0.0054
INFO:root:Epoch no. 251 of 500 (samples: 289825)
INFO:root:Loss: 0.2658 +/- 0.0018
INFO:root:Epoch no. 252 of 500 (samples: 289825)
INFO:root:Loss: 0.2606 +/- 0.0103
INFO:root:Epoch no. 253 of 500 (samples: 289825)
INFO:root:Loss: 0.2633 +/- 0.0045
INFO:root:Epoch no. 254 of 500 (samples: 289825)
INFO:root:Loss: 0.2645 +/- 0.0049
INFO:root:Epoch no. 255 of 500 (samples: 289825)
INFO:root:Loss: 0.2636 +/- 0.0051
INFO:root:Epoch no. 256 of 500 (samples: 289825)
INFO:root:Loss: 0.2624 +/- 0.0046
INFO:root:Epoch no. 257 of 500 (samples: 289825)
INFO:root:Loss: 0.2611 +/- 0.0041
INFO:root:Epoch no. 258 of 500 (samples: 289825)
INFO:root:Loss: 0.2606 +/- 0.006
INFO:root:Epoch no. 259 of 500 (samples: 289825)
INFO:root:Loss: 0.2622 +/- 0.0041
INFO:root:Epoch no. 260 of 500 (samples: 289825)
INFO:root:Loss: 0.2594 +/- 0.0055
INFO:root:Epoch no. 261 of 500 (samples: 289825)
INFO:root:Loss: 0.2592 +/- 0.004
INFO:root:Epoch no. 262 of 500 (samples: 289825)
INFO:root:Loss: 0.2619 +/- 0.0052
INFO:root:Epoch no. 263 of 500 (samples: 289825)
INFO:root:Loss: 0.2642 +/- 0.004
INFO:root:Epoch no. 264 of 500 (samples: 289825)
INFO:root:Loss: 0.2616 +/- 0.0044
INFO:root:Epoch no. 265 of 500 (samples: 289825)
INFO:root:Loss: 0.2616 +/- 0.005
INFO:root:Epoch no. 266 of 500 (samples: 289825)
INFO:root:Loss: 0.2593 +/- 0.0043
INFO:root:Epoch no. 267 of 500 (samples: 289825)
INFO:root:Loss: 0.2636 +/- 0.005
INFO:root:Epoch no. 268 of 500 (samples: 289825)
INFO:root:Loss: 0.2572 +/- 0.0078
INFO:root:Epoch no. 269 of 500 (samples: 289825)
INFO:root:Loss: 0.26 +/- 0.0053
INFO:root:Epoch no. 270 of 500 (samples: 289825)
INFO:root:Loss: 0.2595 +/- 0.0049
INFO:root:Epoch no. 271 of 500 (samples: 289825)
INFO:root:Loss: 0.2567 +/- 0.0056
INFO:root:Epoch no. 272 of 500 (samples: 289825)
INFO:root:Loss: 0.2589 +/- 0.0053
INFO:root:Epoch no. 273 of 500 (samples: 289825)
INFO:root:Loss: 0.259 +/- 0.0078
INFO:root:Epoch no. 274 of 500 (samples: 289825)
INFO:root:Loss: 0.2567 +/- 0.0042
INFO:root:Epoch no. 275 of 500 (samples: 289825)
INFO:root:Loss: 0.2592 +/- 0.0045
INFO:root:Epoch no. 276 of 500 (samples: 289825)
INFO:root:Loss: 0.2567 +/- 0.0055
INFO:root:Epoch no. 277 of 500 (samples: 289825)
INFO:root:Loss: 0.2556 +/- 0.0062
INFO:root:Epoch no. 278 of 500 (samples: 289825)
INFO:root:Loss: 0.2563 +/- 0.0044
INFO:root:Epoch no. 279 of 500 (samples: 289825)
INFO:root:Loss: 0.2576 +/- 0.0055
INFO:root:Epoch no. 280 of 500 (samples: 289825)
INFO:root:Loss: 0.2569 +/- 0.0051
INFO:root:Epoch no. 281 of 500 (samples: 289825)
INFO:root:Loss: 0.257 +/- 0.0038
INFO:root:Epoch no. 282 of 500 (samples: 289825)
INFO:root:Loss: 0.2552 +/- 0.0066
INFO:root:Epoch no. 283 of 500 (samples: 289825)
INFO:root:Loss: 0.2579 +/- 0.0039
INFO:root:Epoch no. 284 of 500 (samples: 289825)
INFO:root:Loss: 0.2537 +/- 0.0076
INFO:root:Epoch no. 285 of 500 (samples: 289825)
INFO:root:Loss: 0.2536 +/- 0.007
INFO:root:Epoch no. 286 of 500 (samples: 289825)
INFO:root:Loss: 0.2523 +/- 0.0056
INFO:root:Epoch no. 287 of 500 (samples: 289825)
INFO:root:Loss: 0.2523 +/- 0.0058
INFO:root:Epoch no. 288 of 500 (samples: 289825)
INFO:root:Loss: 0.2523 +/- 0.0066
INFO:root:Epoch no. 289 of 500 (samples: 289825)
INFO:root:Loss: 0.2497 +/- 0.0037
INFO:root:Epoch no. 290 of 500 (samples: 289825)
INFO:root:Loss: 0.2506 +/- 0.0048
INFO:root:Epoch no. 291 of 500 (samples: 289825)
INFO:root:Loss: 0.2508 +/- 0.0046
INFO:root:Epoch no. 292 of 500 (samples: 289825)
INFO:root:Loss: 0.2542 +/- 0.0066
INFO:root:Epoch no. 293 of 500 (samples: 289825)
INFO:root:Loss: 0.2517 +/- 0.006
INFO:root:Epoch no. 294 of 500 (samples: 289825)
INFO:root:Loss: 0.2529 +/- 0.0048
INFO:root:Epoch no. 295 of 500 (samples: 289825)
INFO:root:Loss: 0.2508 +/- 0.0048
INFO:root:Epoch no. 296 of 500 (samples: 289825)
INFO:root:Loss: 0.2546 +/- 0.006
INFO:root:Epoch no. 297 of 500 (samples: 289825)
INFO:root:Loss: 0.2514 +/- 0.0055
INFO:root:Epoch no. 298 of 500 (samples: 289825)
INFO:root:Loss: 0.2484 +/- 0.0032
INFO:root:Epoch no. 299 of 500 (samples: 289825)
INFO:root:Loss: 0.251 +/- 0.0068
INFO:root:Epoch no. 300 of 500 (samples: 289825)
INFO:root:Loss: 0.2522 +/- 0.005
INFO:root:Epoch no. 301 of 500 (samples: 289825)
INFO:root:Loss: 0.255 +/- 0.0024
INFO:root:Epoch no. 302 of 500 (samples: 289825)
INFO:root:Loss: 0.2528 +/- 0.0054
INFO:root:Epoch no. 303 of 500 (samples: 289825)
INFO:root:Loss: 0.2489 +/- 0.0052
INFO:root:Epoch no. 304 of 500 (samples: 289825)
INFO:root:Loss: 0.2503 +/- 0.0054
INFO:root:Epoch no. 305 of 500 (samples: 289825)
INFO:root:Loss: 0.249 +/- 0.0056
INFO:root:Epoch no. 306 of 500 (samples: 289825)
INFO:root:Loss: 0.2497 +/- 0.0065
INFO:root:Epoch no. 307 of 500 (samples: 289825)
INFO:root:Loss: 0.2497 +/- 0.0059
INFO:root:Epoch no. 308 of 500 (samples: 289825)
INFO:root:Loss: 0.2477 +/- 0.0064
INFO:root:Epoch no. 309 of 500 (samples: 289825)
INFO:root:Loss: 0.2491 +/- 0.0061
INFO:root:Epoch no. 310 of 500 (samples: 289825)
INFO:root:Loss: 0.2474 +/- 0.004
INFO:root:Epoch no. 311 of 500 (samples: 289825)
INFO:root:Loss: 0.2499 +/- 0.0065
INFO:root:Epoch no. 312 of 500 (samples: 289825)
INFO:root:Loss: 0.2482 +/- 0.0062
INFO:root:Epoch no. 313 of 500 (samples: 289825)
INFO:root:Loss: 0.2448 +/- 0.0055
INFO:root:Epoch no. 314 of 500 (samples: 289825)
INFO:root:Loss: 0.2475 +/- 0.0065
INFO:root:Epoch no. 315 of 500 (samples: 289825)
INFO:root:Loss: 0.2467 +/- 0.0053
INFO:root:Epoch no. 316 of 500 (samples: 289825)
INFO:root:Loss: 0.245 +/- 0.004
INFO:root:Epoch no. 317 of 500 (samples: 289825)
INFO:root:Loss: 0.2451 +/- 0.0055
INFO:root:Epoch no. 318 of 500 (samples: 289825)
INFO:root:Loss: 0.2452 +/- 0.0066
INFO:root:Epoch no. 319 of 500 (samples: 289825)
INFO:root:Loss: 0.2469 +/- 0.0089
INFO:root:Epoch no. 320 of 500 (samples: 289825)
INFO:root:Loss: 0.2454 +/- 0.0068
INFO:root:Epoch no. 321 of 500 (samples: 289825)
INFO:root:Loss: 0.2474 +/- 0.0055
INFO:root:Epoch no. 322 of 500 (samples: 289825)
INFO:root:Loss: 0.2419 +/- 0.0053
INFO:root:Epoch no. 323 of 500 (samples: 289825)
INFO:root:Loss: 0.2468 +/- 0.0056
INFO:root:Epoch no. 324 of 500 (samples: 289825)
INFO:root:Loss: 0.2462 +/- 0.0048
INFO:root:Epoch no. 325 of 500 (samples: 289825)
INFO:root:Loss: 0.2441 +/- 0.0037
INFO:root:Epoch no. 326 of 500 (samples: 289825)
INFO:root:Loss: 0.2451 +/- 0.0111
INFO:root:Epoch no. 327 of 500 (samples: 289825)
INFO:root:Loss: 0.2478 +/- 0.0073
INFO:root:Epoch no. 328 of 500 (samples: 289825)
INFO:root:Loss: 0.2458 +/- 0.0062
INFO:root:Epoch no. 329 of 500 (samples: 289825)
INFO:root:Loss: 0.2484 +/- 0.0063
INFO:root:Epoch no. 330 of 500 (samples: 289825)
INFO:root:Loss: 0.2457 +/- 0.0053
INFO:root:Epoch no. 331 of 500 (samples: 289825)
INFO:root:Loss: 0.2438 +/- 0.0059
INFO:root:Epoch no. 332 of 500 (samples: 289825)
INFO:root:Loss: 0.2432 +/- 0.0059
INFO:root:Epoch no. 333 of 500 (samples: 289825)
INFO:root:Loss: 0.2455 +/- 0.0036
INFO:root:Epoch no. 334 of 500 (samples: 289825)
INFO:root:Loss: 0.2405 +/- 0.0046
INFO:root:Epoch no. 335 of 500 (samples: 289825)
INFO:root:Loss: 0.2441 +/- 0.0068
INFO:root:Epoch no. 336 of 500 (samples: 289825)
INFO:root:Loss: 0.2433 +/- 0.0053
INFO:root:Epoch no. 337 of 500 (samples: 289825)
INFO:root:Loss: 0.2421 +/- 0.0047
INFO:root:Epoch no. 338 of 500 (samples: 289825)
INFO:root:Loss: 0.2419 +/- 0.0036
INFO:root:Epoch no. 339 of 500 (samples: 289825)
INFO:root:Loss: 0.2429 +/- 0.0054
INFO:root:Epoch no. 340 of 500 (samples: 289825)
INFO:root:Loss: 0.2383 +/- 0.0045
INFO:root:Epoch no. 341 of 500 (samples: 289825)
INFO:root:Loss: 0.2431 +/- 0.0056
INFO:root:Epoch no. 342 of 500 (samples: 289825)
INFO:root:Loss: 0.242 +/- 0.0047
INFO:root:Epoch no. 343 of 500 (samples: 289825)
INFO:root:Loss: 0.2399 +/- 0.0031
INFO:root:Epoch no. 344 of 500 (samples: 289825)
INFO:root:Loss: 0.2415 +/- 0.0079
INFO:root:Epoch no. 345 of 500 (samples: 289825)
INFO:root:Loss: 0.2378 +/- 0.0042
INFO:root:Epoch no. 346 of 500 (samples: 289825)
INFO:root:Loss: 0.2404 +/- 0.0062
INFO:root:Epoch no. 347 of 500 (samples: 289825)
INFO:root:Loss: 0.2443 +/- 0.0067
INFO:root:Epoch no. 348 of 500 (samples: 289825)
INFO:root:Loss: 0.2431 +/- 0.0045
INFO:root:Epoch no. 349 of 500 (samples: 289825)
INFO:root:Loss: 0.2408 +/- 0.0064
INFO:root:Epoch no. 350 of 500 (samples: 289825)
INFO:root:Loss: 0.2365 +/- 0.0069
INFO:root:Epoch no. 351 of 500 (samples: 289825)
INFO:root:Loss: 0.2433 +/- 0.0061
INFO:root:Epoch no. 352 of 500 (samples: 289825)
INFO:root:Loss: 0.2426 +/- 0.0054
INFO:root:Epoch no. 353 of 500 (samples: 289825)
INFO:root:Loss: 0.2403 +/- 0.0041
INFO:root:Epoch no. 354 of 500 (samples: 289825)
INFO:root:Loss: 0.2406 +/- 0.0046
INFO:root:Epoch no. 355 of 500 (samples: 289825)
INFO:root:Loss: 0.2391 +/- 0.0049
INFO:root:Epoch no. 356 of 500 (samples: 289825)
INFO:root:Loss: 0.2377 +/- 0.0069
INFO:root:Epoch no. 357 of 500 (samples: 289825)
INFO:root:Loss: 0.2402 +/- 0.0055
INFO:root:Epoch no. 358 of 500 (samples: 289825)
INFO:root:Loss: 0.2378 +/- 0.0051
INFO:root:Epoch no. 359 of 500 (samples: 289825)
INFO:root:Loss: 0.2402 +/- 0.0048
INFO:root:Epoch no. 360 of 500 (samples: 289825)
INFO:root:Loss: 0.2386 +/- 0.0056
INFO:root:Epoch no. 361 of 500 (samples: 289825)
INFO:root:Loss: 0.2365 +/- 0.0068
INFO:root:Epoch no. 362 of 500 (samples: 289825)
INFO:root:Loss: 0.2385 +/- 0.0061
INFO:root:Epoch no. 363 of 500 (samples: 289825)
INFO:root:Loss: 0.2387 +/- 0.0064
INFO:root:Epoch no. 364 of 500 (samples: 289825)
INFO:root:Loss: 0.2347 +/- 0.0053
INFO:root:Epoch no. 365 of 500 (samples: 289825)
INFO:root:Loss: 0.2375 +/- 0.0073
INFO:root:Epoch no. 366 of 500 (samples: 289825)
INFO:root:Loss: 0.2372 +/- 0.0081
INFO:root:Epoch no. 367 of 500 (samples: 289825)
INFO:root:Loss: 0.2385 +/- 0.0052
INFO:root:Epoch no. 368 of 500 (samples: 289825)
INFO:root:Loss: 0.2388 +/- 0.0043
INFO:root:Epoch no. 369 of 500 (samples: 289825)
INFO:root:Loss: 0.2351 +/- 0.0032
INFO:root:Epoch no. 370 of 500 (samples: 289825)
INFO:root:Loss: 0.2392 +/- 0.0057
INFO:root:Epoch no. 371 of 500 (samples: 289825)
INFO:root:Loss: 0.2385 +/- 0.0054
INFO:root:Epoch no. 372 of 500 (samples: 289825)
INFO:root:Loss: 0.2377 +/- 0.0031
INFO:root:Epoch no. 373 of 500 (samples: 289825)
INFO:root:Loss: 0.2386 +/- 0.0057
INFO:root:Epoch no. 374 of 500 (samples: 289825)
INFO:root:Loss: 0.2339 +/- 0.0099
INFO:root:Epoch no. 375 of 500 (samples: 289825)
INFO:root:Loss: 0.2378 +/- 0.0069
INFO:root:Epoch no. 376 of 500 (samples: 289825)
INFO:root:Loss: 0.2365 +/- 0.0053
INFO:root:Epoch no. 377 of 500 (samples: 289825)
INFO:root:Loss: 0.2349 +/- 0.0045
INFO:root:Epoch no. 378 of 500 (samples: 289825)
INFO:root:Loss: 0.2348 +/- 0.0048
INFO:root:Epoch no. 379 of 500 (samples: 289825)
INFO:root:Loss: 0.2355 +/- 0.0056
INFO:root:Epoch no. 380 of 500 (samples: 289825)
INFO:root:Loss: 0.2325 +/- 0.0055
INFO:root:Epoch no. 381 of 500 (samples: 289825)
INFO:root:Loss: 0.2364 +/- 0.0051
INFO:root:Epoch no. 382 of 500 (samples: 289825)
INFO:root:Loss: 0.2358 +/- 0.0056
INFO:root:Epoch no. 383 of 500 (samples: 289825)
INFO:root:Loss: 0.2339 +/- 0.0065
INFO:root:Epoch no. 384 of 500 (samples: 289825)
INFO:root:Loss: 0.2334 +/- 0.0075
INFO:root:Epoch no. 385 of 500 (samples: 289825)
INFO:root:Loss: 0.2369 +/- 0.0063
INFO:root:Epoch no. 386 of 500 (samples: 289825)
INFO:root:Loss: 0.2364 +/- 0.0062
INFO:root:Epoch no. 387 of 500 (samples: 289825)
INFO:root:Loss: 0.2339 +/- 0.0052
INFO:root:Epoch no. 388 of 500 (samples: 289825)
INFO:root:Loss: 0.2344 +/- 0.0032
INFO:root:Epoch no. 389 of 500 (samples: 289825)
INFO:root:Loss: 0.232 +/- 0.0071
INFO:root:Epoch no. 390 of 500 (samples: 289825)
INFO:root:Loss: 0.2366 +/- 0.0052
INFO:root:Epoch no. 391 of 500 (samples: 289825)
INFO:root:Loss: 0.2337 +/- 0.0048
INFO:root:Epoch no. 392 of 500 (samples: 289825)
INFO:root:Loss: 0.2327 +/- 0.0057
INFO:root:Epoch no. 393 of 500 (samples: 289825)
INFO:root:Loss: 0.2315 +/- 0.0043
INFO:root:Epoch no. 394 of 500 (samples: 289825)
INFO:root:Loss: 0.2341 +/- 0.007
INFO:root:Epoch no. 395 of 500 (samples: 289825)
INFO:root:Loss: 0.2333 +/- 0.0051
INFO:root:Epoch no. 396 of 500 (samples: 289825)
INFO:root:Loss: 0.2349 +/- 0.0071
INFO:root:Epoch no. 397 of 500 (samples: 289825)
INFO:root:Loss: 0.2348 +/- 0.0042
INFO:root:Epoch no. 398 of 500 (samples: 289825)
INFO:root:Loss: 0.2341 +/- 0.0059
INFO:root:Epoch no. 399 of 500 (samples: 289825)
INFO:root:Loss: 0.2323 +/- 0.0047
INFO:root:Epoch no. 400 of 500 (samples: 289825)
INFO:root:Loss: 0.2337 +/- 0.006
INFO:root:Epoch no. 401 of 500 (samples: 289825)
INFO:root:Loss: 0.2338 +/- 0.0033
INFO:root:Epoch no. 402 of 500 (samples: 289825)
INFO:root:Loss: 0.2324 +/- 0.0083
INFO:root:Epoch no. 403 of 500 (samples: 289825)
INFO:root:Loss: 0.2288 +/- 0.0064
INFO:root:Epoch no. 404 of 500 (samples: 289825)
INFO:root:Loss: 0.2335 +/- 0.0063
INFO:root:Epoch no. 405 of 500 (samples: 289825)
INFO:root:Loss: 0.2295 +/- 0.0033
INFO:root:Epoch no. 406 of 500 (samples: 289825)
INFO:root:Loss: 0.232 +/- 0.0061
INFO:root:Epoch no. 407 of 500 (samples: 289825)
INFO:root:Loss: 0.23 +/- 0.0038
INFO:root:Epoch no. 408 of 500 (samples: 289825)
INFO:root:Loss: 0.2332 +/- 0.0057
INFO:root:Epoch no. 409 of 500 (samples: 289825)
INFO:root:Loss: 0.2301 +/- 0.006
INFO:root:Epoch no. 410 of 500 (samples: 289825)
INFO:root:Loss: 0.2326 +/- 0.0043
INFO:root:Epoch no. 411 of 500 (samples: 289825)
INFO:root:Loss: 0.2331 +/- 0.0059
INFO:root:Epoch no. 412 of 500 (samples: 289825)
INFO:root:Loss: 0.2315 +/- 0.0048
INFO:root:Epoch no. 413 of 500 (samples: 289825)
INFO:root:Loss: 0.2276 +/- 0.0053
INFO:root:Epoch no. 414 of 500 (samples: 289825)
INFO:root:Loss: 0.2297 +/- 0.0052
INFO:root:Epoch no. 415 of 500 (samples: 289825)
INFO:root:Loss: 0.232 +/- 0.0064
INFO:root:Epoch no. 416 of 500 (samples: 289825)
INFO:root:Loss: 0.2291 +/- 0.006
INFO:root:Epoch no. 417 of 500 (samples: 289825)
INFO:root:Loss: 0.2321 +/- 0.0065
INFO:root:Epoch no. 418 of 500 (samples: 289825)
INFO:root:Loss: 0.2261 +/- 0.0054
INFO:root:Epoch no. 419 of 500 (samples: 289825)
INFO:root:Loss: 0.2296 +/- 0.0046
INFO:root:Epoch no. 420 of 500 (samples: 289825)
INFO:root:Loss: 0.2311 +/- 0.0058
INFO:root:Epoch no. 421 of 500 (samples: 289825)
INFO:root:Loss: 0.2312 +/- 0.0061
INFO:root:Epoch no. 422 of 500 (samples: 289825)
INFO:root:Loss: 0.2297 +/- 0.0033
INFO:root:Epoch no. 423 of 500 (samples: 289825)
INFO:root:Loss: 0.2284 +/- 0.0076
INFO:root:Epoch no. 424 of 500 (samples: 289825)
INFO:root:Loss: 0.2285 +/- 0.0063
INFO:root:Epoch no. 425 of 500 (samples: 289825)
INFO:root:Loss: 0.229 +/- 0.0036
INFO:root:Epoch no. 426 of 500 (samples: 289825)
INFO:root:Loss: 0.2301 +/- 0.0057
INFO:root:Epoch no. 427 of 500 (samples: 289825)
INFO:root:Loss: 0.2271 +/- 0.0052
INFO:root:Epoch no. 428 of 500 (samples: 289825)
INFO:root:Loss: 0.2275 +/- 0.0034
INFO:root:Epoch no. 429 of 500 (samples: 289825)
INFO:root:Loss: 0.2287 +/- 0.0081
INFO:root:Epoch no. 430 of 500 (samples: 289825)
INFO:root:Loss: 0.2307 +/- 0.003
INFO:root:Epoch no. 431 of 500 (samples: 289825)
INFO:root:Loss: 0.2264 +/- 0.0041
INFO:root:Epoch no. 432 of 500 (samples: 289825)
INFO:root:Loss: 0.2299 +/- 0.0071
INFO:root:Epoch no. 433 of 500 (samples: 289825)
INFO:root:Loss: 0.2269 +/- 0.0059
INFO:root:Epoch no. 434 of 500 (samples: 289825)
INFO:root:Loss: 0.2281 +/- 0.0028
INFO:root:Epoch no. 435 of 500 (samples: 289825)
INFO:root:Loss: 0.227 +/- 0.0053
INFO:root:Epoch no. 436 of 500 (samples: 289825)
INFO:root:Loss: 0.2296 +/- 0.0054
INFO:root:Epoch no. 437 of 500 (samples: 289825)
INFO:root:Loss: 0.2298 +/- 0.0055
INFO:root:Epoch no. 438 of 500 (samples: 289825)
INFO:root:Loss: 0.2272 +/- 0.0048
INFO:root:Epoch no. 439 of 500 (samples: 289825)
INFO:root:Loss: 0.2254 +/- 0.0046
INFO:root:Epoch no. 440 of 500 (samples: 289825)
INFO:root:Loss: 0.2281 +/- 0.0055
INFO:root:Epoch no. 441 of 500 (samples: 289825)
INFO:root:Loss: 0.2263 +/- 0.005
INFO:root:Epoch no. 442 of 500 (samples: 289825)
INFO:root:Loss: 0.2274 +/- 0.0049
INFO:root:Epoch no. 443 of 500 (samples: 289825)
INFO:root:Loss: 0.2292 +/- 0.0057
INFO:root:Epoch no. 444 of 500 (samples: 289825)
INFO:root:Loss: 0.2269 +/- 0.0054
INFO:root:Epoch no. 445 of 500 (samples: 289825)
INFO:root:Loss: 0.2263 +/- 0.0078
INFO:root:Epoch no. 446 of 500 (samples: 289825)
INFO:root:Loss: 0.224 +/- 0.0034
INFO:root:Epoch no. 447 of 500 (samples: 289825)
INFO:root:Loss: 0.2297 +/- 0.0051
INFO:root:Epoch no. 448 of 500 (samples: 289825)
INFO:root:Loss: 0.226 +/- 0.0076
INFO:root:Epoch no. 449 of 500 (samples: 289825)
INFO:root:Loss: 0.2238 +/- 0.0071
INFO:root:Epoch no. 450 of 500 (samples: 289825)
INFO:root:Loss: 0.2264 +/- 0.0055
INFO:root:Epoch no. 451 of 500 (samples: 289825)
INFO:root:Loss: 0.2247 +/- 0.0058
INFO:root:Epoch no. 452 of 500 (samples: 289825)
INFO:root:Loss: 0.2245 +/- 0.0056
INFO:root:Epoch no. 453 of 500 (samples: 289825)
INFO:root:Loss: 0.2261 +/- 0.005
INFO:root:Epoch no. 454 of 500 (samples: 289825)
INFO:root:Loss: 0.2232 +/- 0.0054
INFO:root:Epoch no. 455 of 500 (samples: 289825)
INFO:root:Loss: 0.2233 +/- 0.0049
INFO:root:Epoch no. 456 of 500 (samples: 289825)
INFO:root:Loss: 0.2239 +/- 0.0054
INFO:root:Epoch no. 457 of 500 (samples: 289825)
INFO:root:Loss: 0.2247 +/- 0.008
INFO:root:Epoch no. 458 of 500 (samples: 289825)
INFO:root:Loss: 0.2248 +/- 0.0069
INFO:root:Epoch no. 459 of 500 (samples: 289825)
INFO:root:Loss: 0.2253 +/- 0.005
INFO:root:Epoch no. 460 of 500 (samples: 289825)
INFO:root:Loss: 0.227 +/- 0.005
INFO:root:Epoch no. 461 of 500 (samples: 289825)
INFO:root:Loss: 0.2272 +/- 0.0053
INFO:root:Epoch no. 462 of 500 (samples: 289825)
INFO:root:Loss: 0.2229 +/- 0.0036
INFO:root:Epoch no. 463 of 500 (samples: 289825)
INFO:root:Loss: 0.2256 +/- 0.005
INFO:root:Epoch no. 464 of 500 (samples: 289825)
INFO:root:Loss: 0.225 +/- 0.0039
INFO:root:Epoch no. 465 of 500 (samples: 289825)
INFO:root:Loss: 0.2235 +/- 0.004
INFO:root:Epoch no. 466 of 500 (samples: 289825)
INFO:root:Loss: 0.2217 +/- 0.008
INFO:root:Epoch no. 467 of 500 (samples: 289825)
INFO:root:Loss: 0.2248 +/- 0.0051
INFO:root:Epoch no. 468 of 500 (samples: 289825)
INFO:root:Loss: 0.2248 +/- 0.0043
INFO:root:Epoch no. 469 of 500 (samples: 289825)
INFO:root:Loss: 0.2237 +/- 0.0052
INFO:root:Epoch no. 470 of 500 (samples: 289825)
INFO:root:Loss: 0.2227 +/- 0.0052
INFO:root:Epoch no. 471 of 500 (samples: 289825)
INFO:root:Loss: 0.2244 +/- 0.0035
INFO:root:Epoch no. 472 of 500 (samples: 289825)
INFO:root:Loss: 0.2233 +/- 0.0048
INFO:root:Epoch no. 473 of 500 (samples: 289825)
INFO:root:Loss: 0.2222 +/- 0.0038
INFO:root:Epoch no. 474 of 500 (samples: 289825)
INFO:root:Loss: 0.2222 +/- 0.004
INFO:root:Epoch no. 475 of 500 (samples: 289825)
INFO:root:Loss: 0.2239 +/- 0.006
INFO:root:Epoch no. 476 of 500 (samples: 289825)
INFO:root:Loss: 0.2252 +/- 0.0059
INFO:root:Epoch no. 477 of 500 (samples: 289825)
INFO:root:Loss: 0.2224 +/- 0.0063
INFO:root:Epoch no. 478 of 500 (samples: 289825)
INFO:root:Loss: 0.2254 +/- 0.006
INFO:root:Epoch no. 479 of 500 (samples: 289825)
INFO:root:Loss: 0.2218 +/- 0.0058
INFO:root:Epoch no. 480 of 500 (samples: 289825)
INFO:root:Loss: 0.2225 +/- 0.0036
INFO:root:Epoch no. 481 of 500 (samples: 289825)
INFO:root:Loss: 0.2211 +/- 0.0035
INFO:root:Epoch no. 482 of 500 (samples: 289825)
INFO:root:Loss: 0.2223 +/- 0.0037
INFO:root:Epoch no. 483 of 500 (samples: 289825)
INFO:root:Loss: 0.2214 +/- 0.0047
INFO:root:Epoch no. 484 of 500 (samples: 289825)
INFO:root:Loss: 0.2242 +/- 0.0042
INFO:root:Epoch no. 485 of 500 (samples: 289825)
INFO:root:Loss: 0.2213 +/- 0.0046
INFO:root:Epoch no. 486 of 500 (samples: 289825)
INFO:root:Loss: 0.2221 +/- 0.004
INFO:root:Epoch no. 487 of 500 (samples: 289825)
INFO:root:Loss: 0.223 +/- 0.0051
INFO:root:Epoch no. 488 of 500 (samples: 289825)
INFO:root:Loss: 0.2215 +/- 0.0043
INFO:root:Epoch no. 489 of 500 (samples: 289825)
INFO:root:Loss: 0.2208 +/- 0.004
INFO:root:Epoch no. 490 of 500 (samples: 289825)
INFO:root:Loss: 0.219 +/- 0.0047
INFO:root:Epoch no. 491 of 500 (samples: 289825)
INFO:root:Loss: 0.2159 +/- 0.0058
INFO:root:Epoch no. 492 of 500 (samples: 289825)
INFO:root:Loss: 0.2219 +/- 0.0054
INFO:root:Epoch no. 493 of 500 (samples: 289825)
INFO:root:Loss: 0.2225 +/- 0.0054
INFO:root:Epoch no. 494 of 500 (samples: 289825)
INFO:root:Loss: 0.2247 +/- 0.0037
INFO:root:Epoch no. 495 of 500 (samples: 289825)
INFO:root:Loss: 0.2172 +/- 0.0048
INFO:root:Epoch no. 496 of 500 (samples: 289825)
INFO:root:Loss: 0.2194 +/- 0.0047
INFO:root:Epoch no. 497 of 500 (samples: 289825)
INFO:root:Loss: 0.2218 +/- 0.0039
INFO:root:Epoch no. 498 of 500 (samples: 289825)
INFO:root:Loss: 0.217 +/- 0.0043
INFO:root:Epoch no. 499 of 500 (samples: 289825)
INFO:root:Loss: 0.2248 +/- 0.0072
INFO:root:Epoch no. 500 of 500 (samples: 289825)
INFO:root:Loss: 0.2213 +/- 0.0043
/usr/local/lib/python3.5/dist-packages/keras/backend/theano_backend.py:527: UserWarning: theano.function was asked to create a function computing outputs given certain inputs, but the provided input variable at index 2 is not part of the computational graph needed to compute the outputs: keras_learning_phase.
To make this warning into an error, you can pass the parameter on_unused_input='raise' to theano.function. To disable it completely, use on_unused_input='ignore'.
  **kwargs)
INFO:root:### MICRO (validation raw):
INFO:root:	-- left   >> mean: 2180.2882, median: 122.0, mrr: 0.062, hits@1: 0.42%
INFO:root:	-- right  >> mean: 253.9612, median: 23.0, mrr: 0.125, hits@1: 2.62%
INFO:root:	-- global >> mean: 1217.1247, median: 44.0, mrr: 0.094, hits@1: 1.52%
INFO:root:### MICRO (validation raw):
INFO:root:	-- left   >> mean: 2180.2882, median: 122.0, mrr: 0.062, hits@3: 6.82%
INFO:root:	-- right  >> mean: 253.9612, median: 23.0, mrr: 0.125, hits@3: 13.6%
INFO:root:	-- global >> mean: 1217.1247, median: 44.0, mrr: 0.094, hits@3: 10.21%
INFO:root:### MICRO (validation raw):
INFO:root:	-- left   >> mean: 2180.2882, median: 122.0, mrr: 0.062, hits@5: 10.78%
INFO:root:	-- right  >> mean: 253.9612, median: 23.0, mrr: 0.125, hits@5: 21.16%
INFO:root:	-- global >> mean: 1217.1247, median: 44.0, mrr: 0.094, hits@5: 15.97%
INFO:root:### MICRO (validation raw):
INFO:root:	-- left   >> mean: 2180.2882, median: 122.0, mrr: 0.062, hits@10: 17.88%
INFO:root:	-- right  >> mean: 253.9612, median: 23.0, mrr: 0.125, hits@10: 33.5%
INFO:root:	-- global >> mean: 1217.1247, median: 44.0, mrr: 0.094, hits@10: 25.69%
INFO:root:### MICRO (validation filtered):
INFO:root:	-- left   >> mean: 1837.3038, median: 94.0, mrr: 0.078, hits@1: 0.64%
INFO:root:	-- right  >> mean: 251.0862, median: 19.0, mrr: 0.155, hits@1: 4.24%
INFO:root:	-- global >> mean: 1044.195, median: 37.0, mrr: 0.117, hits@1: 2.44%
INFO:root:### MICRO (validation filtered):
INFO:root:	-- left   >> mean: 1837.3038, median: 94.0, mrr: 0.078, hits@3: 9.46%
INFO:root:	-- right  >> mean: 251.0862, median: 19.0, mrr: 0.155, hits@3: 18.92%
INFO:root:	-- global >> mean: 1044.195, median: 37.0, mrr: 0.117, hits@3: 14.19%
INFO:root:### MICRO (validation filtered):
INFO:root:	-- left   >> mean: 1837.3038, median: 94.0, mrr: 0.078, hits@5: 14.02%
INFO:root:	-- right  >> mean: 251.0862, median: 19.0, mrr: 0.155, hits@5: 26.14%
INFO:root:	-- global >> mean: 1044.195, median: 37.0, mrr: 0.117, hits@5: 20.08%
INFO:root:### MICRO (validation filtered):
INFO:root:	-- left   >> mean: 1837.3038, median: 94.0, mrr: 0.078, hits@10: 21.96%
INFO:root:	-- right  >> mean: 251.0862, median: 19.0, mrr: 0.155, hits@10: 38.42%
INFO:root:	-- global >> mean: 1044.195, median: 37.0, mrr: 0.117, hits@10: 30.19%
INFO:root:### MICRO (test raw):
INFO:root:	-- left   >> mean: 2121.343, median: 124.5, mrr: 0.06, hits@1: 0.42%
INFO:root:	-- right  >> mean: 244.6692, median: 22.0, mrr: 0.126, hits@1: 2.7%
INFO:root:	-- global >> mean: 1183.0061, median: 43.0, mrr: 0.093, hits@1: 1.56%
INFO:root:### MICRO (test raw):
INFO:root:	-- left   >> mean: 2121.343, median: 124.5, mrr: 0.06, hits@3: 6.56%
INFO:root:	-- right  >> mean: 244.6692, median: 22.0, mrr: 0.126, hits@3: 13.66%
INFO:root:	-- global >> mean: 1183.0061, median: 43.0, mrr: 0.093, hits@3: 10.11%
INFO:root:### MICRO (test raw):
INFO:root:	-- left   >> mean: 2121.343, median: 124.5, mrr: 0.06, hits@5: 10.28%
INFO:root:	-- right  >> mean: 244.6692, median: 22.0, mrr: 0.126, hits@5: 21.22%
INFO:root:	-- global >> mean: 1183.0061, median: 43.0, mrr: 0.093, hits@5: 15.75%
INFO:root:### MICRO (test raw):
INFO:root:	-- left   >> mean: 2121.343, median: 124.5, mrr: 0.06, hits@10: 17.42%
INFO:root:	-- right  >> mean: 244.6692, median: 22.0, mrr: 0.126, hits@10: 34.1%
INFO:root:	-- global >> mean: 1183.0061, median: 43.0, mrr: 0.093, hits@10: 25.76%
INFO:root:### MICRO (test filtered):
INFO:root:	-- left   >> mean: 1787.1424, median: 93.0, mrr: 0.077, hits@1: 0.52%
INFO:root:	-- right  >> mean: 241.8156, median: 19.0, mrr: 0.158, hits@1: 4.54%
INFO:root:	-- global >> mean: 1014.479, median: 37.0, mrr: 0.117, hits@1: 2.53%
INFO:root:### MICRO (test filtered):
INFO:root:	-- left   >> mean: 1787.1424, median: 93.0, mrr: 0.077, hits@3: 9.64%
INFO:root:	-- right  >> mean: 241.8156, median: 19.0, mrr: 0.158, hits@3: 18.82%
INFO:root:	-- global >> mean: 1014.479, median: 37.0, mrr: 0.117, hits@3: 14.23%
INFO:root:### MICRO (test filtered):
INFO:root:	-- left   >> mean: 1787.1424, median: 93.0, mrr: 0.077, hits@5: 14.22%
INFO:root:	-- right  >> mean: 241.8156, median: 19.0, mrr: 0.158, hits@5: 26.54%
INFO:root:	-- global >> mean: 1014.479, median: 37.0, mrr: 0.117, hits@5: 20.38%
INFO:root:### MICRO (test filtered):
INFO:root:	-- left   >> mean: 1787.1424, median: 93.0, mrr: 0.077, hits@10: 21.5%
INFO:root:	-- right  >> mean: 241.8156, median: 19.0, mrr: 0.158, hits@10: 38.26%
INFO:root:	-- global >> mean: 1014.479, median: 37.0, mrr: 0.117, hits@10: 29.88%
