Using Theano backend.
Using gpu device 0: GeForce GTX TITAN X (CNMeM is disabled, cuDNN not available)
INFO:root:Acquiring data/music_2015-10_mte10_5k/music_2015-10_mte10-train.tsv.gz ..
INFO:root:Acquiring data/music_2015-10_mte10_5k/music_2015-10_mte10-valid.tsv.gz ..
INFO:root:Acquiring data/music_2015-10_mte10_5k/music_2015-10_mte10-test.tsv.gz ..
INFO:root:[Rules] Adding Head: 3, Tail: [(2, False)]
INFO:root:[Rules] Adding Head: 6, Tail: [(5, False)]
INFO:root:[Rules] Adding Head: 2, Tail: [(3, False)]
INFO:root:[Rules] Adding Head: 5, Tail: [(6, False)]
INFO:root:Samples: 289825, no. batches: 10 -> batch size: 28983
INFO:root:Epoch no. 1 of 500 (samples: 289825)
INFO:root:Loss: 9.1568 +/- 4.1738
INFO:root:Epoch no. 2 of 500 (samples: 289825)
INFO:root:Loss: 5.083 +/- 0.2232
INFO:root:Epoch no. 3 of 500 (samples: 289825)
INFO:root:Loss: 3.953 +/- 0.1216
INFO:root:Epoch no. 4 of 500 (samples: 289825)
INFO:root:Loss: 3.3127 +/- 0.0422
INFO:root:Epoch no. 5 of 500 (samples: 289825)
INFO:root:Loss: 3.0172 +/- 0.0502
INFO:root:Epoch no. 6 of 500 (samples: 289825)
INFO:root:Loss: 2.8358 +/- 0.0563
INFO:root:Epoch no. 7 of 500 (samples: 289825)
INFO:root:Loss: 2.7232 +/- 0.0641
INFO:root:Epoch no. 8 of 500 (samples: 289825)
INFO:root:Loss: 2.6418 +/- 0.0653
INFO:root:Epoch no. 9 of 500 (samples: 289825)
INFO:root:Loss: 2.5812 +/- 0.0779
INFO:root:Epoch no. 10 of 500 (samples: 289825)
INFO:root:Loss: 2.5345 +/- 0.0713
INFO:root:Epoch no. 11 of 500 (samples: 289825)
INFO:root:Loss: 2.4979 +/- 0.0708
INFO:root:Epoch no. 12 of 500 (samples: 289825)
INFO:root:Loss: 2.4633 +/- 0.0703
INFO:root:Epoch no. 13 of 500 (samples: 289825)
INFO:root:Loss: 2.4478 +/- 0.0641
INFO:root:Epoch no. 14 of 500 (samples: 289825)
INFO:root:Loss: 2.4238 +/- 0.0635
INFO:root:Epoch no. 15 of 500 (samples: 289825)
INFO:root:Loss: 2.4125 +/- 0.0651
INFO:root:Epoch no. 16 of 500 (samples: 289825)
INFO:root:Loss: 2.3953 +/- 0.0651
INFO:root:Epoch no. 17 of 500 (samples: 289825)
INFO:root:Loss: 2.3776 +/- 0.056
INFO:root:Epoch no. 18 of 500 (samples: 289825)
INFO:root:Loss: 2.3675 +/- 0.0658
INFO:root:Epoch no. 19 of 500 (samples: 289825)
INFO:root:Loss: 2.3507 +/- 0.0569
INFO:root:Epoch no. 20 of 500 (samples: 289825)
INFO:root:Loss: 2.3487 +/- 0.0642
INFO:root:Epoch no. 21 of 500 (samples: 289825)
INFO:root:Loss: 2.3351 +/- 0.0648
INFO:root:Epoch no. 22 of 500 (samples: 289825)
INFO:root:Loss: 2.3324 +/- 0.061
INFO:root:Epoch no. 23 of 500 (samples: 289825)
INFO:root:Loss: 2.3185 +/- 0.0661
INFO:root:Epoch no. 24 of 500 (samples: 289825)
INFO:root:Loss: 2.3132 +/- 0.0599
INFO:root:Epoch no. 25 of 500 (samples: 289825)
INFO:root:Loss: 2.3111 +/- 0.0549
INFO:root:Epoch no. 26 of 500 (samples: 289825)
INFO:root:Loss: 2.307 +/- 0.0621
INFO:root:Epoch no. 27 of 500 (samples: 289825)
INFO:root:Loss: 2.2984 +/- 0.0696
INFO:root:Epoch no. 28 of 500 (samples: 289825)
INFO:root:Loss: 2.2892 +/- 0.0572
INFO:root:Epoch no. 29 of 500 (samples: 289825)
INFO:root:Loss: 2.2851 +/- 0.0694
INFO:root:Epoch no. 30 of 500 (samples: 289825)
INFO:root:Loss: 2.2796 +/- 0.0629
INFO:root:Epoch no. 31 of 500 (samples: 289825)
INFO:root:Loss: 2.2753 +/- 0.0689
INFO:root:Epoch no. 32 of 500 (samples: 289825)
INFO:root:Loss: 2.2778 +/- 0.056
INFO:root:Epoch no. 33 of 500 (samples: 289825)
INFO:root:Loss: 2.2678 +/- 0.0614
INFO:root:Epoch no. 34 of 500 (samples: 289825)
INFO:root:Loss: 2.2618 +/- 0.0663
INFO:root:Epoch no. 35 of 500 (samples: 289825)
INFO:root:Loss: 2.2572 +/- 0.0525
INFO:root:Epoch no. 36 of 500 (samples: 289825)
INFO:root:Loss: 2.2553 +/- 0.0517
INFO:root:Epoch no. 37 of 500 (samples: 289825)
INFO:root:Loss: 2.2548 +/- 0.0626
INFO:root:Epoch no. 38 of 500 (samples: 289825)
INFO:root:Loss: 2.2485 +/- 0.0598
INFO:root:Epoch no. 39 of 500 (samples: 289825)
INFO:root:Loss: 2.2445 +/- 0.0562
INFO:root:Epoch no. 40 of 500 (samples: 289825)
INFO:root:Loss: 2.2481 +/- 0.0495
INFO:root:Epoch no. 41 of 500 (samples: 289825)
INFO:root:Loss: 2.2372 +/- 0.0537
INFO:root:Epoch no. 42 of 500 (samples: 289825)
INFO:root:Loss: 2.2384 +/- 0.0568
INFO:root:Epoch no. 43 of 500 (samples: 289825)
INFO:root:Loss: 2.238 +/- 0.0615
INFO:root:Epoch no. 44 of 500 (samples: 289825)
INFO:root:Loss: 2.2349 +/- 0.0598
INFO:root:Epoch no. 45 of 500 (samples: 289825)
INFO:root:Loss: 2.2327 +/- 0.0536
INFO:root:Epoch no. 46 of 500 (samples: 289825)
INFO:root:Loss: 2.2272 +/- 0.0566
INFO:root:Epoch no. 47 of 500 (samples: 289825)
INFO:root:Loss: 2.2254 +/- 0.0508
INFO:root:Epoch no. 48 of 500 (samples: 289825)
INFO:root:Loss: 2.2202 +/- 0.063
INFO:root:Epoch no. 49 of 500 (samples: 289825)
INFO:root:Loss: 2.2244 +/- 0.0513
INFO:root:Epoch no. 50 of 500 (samples: 289825)
INFO:root:Loss: 2.2178 +/- 0.0478
INFO:root:Epoch no. 51 of 500 (samples: 289825)
INFO:root:Loss: 2.2161 +/- 0.055
INFO:root:Epoch no. 52 of 500 (samples: 289825)
INFO:root:Loss: 2.218 +/- 0.0466
INFO:root:Epoch no. 53 of 500 (samples: 289825)
INFO:root:Loss: 2.2122 +/- 0.0456
INFO:root:Epoch no. 54 of 500 (samples: 289825)
INFO:root:Loss: 2.2126 +/- 0.0483
INFO:root:Epoch no. 55 of 500 (samples: 289825)
INFO:root:Loss: 2.212 +/- 0.0502
INFO:root:Epoch no. 56 of 500 (samples: 289825)
INFO:root:Loss: 2.2118 +/- 0.0532
INFO:root:Epoch no. 57 of 500 (samples: 289825)
INFO:root:Loss: 2.202 +/- 0.0559
INFO:root:Epoch no. 58 of 500 (samples: 289825)
INFO:root:Loss: 2.1996 +/- 0.0475
INFO:root:Epoch no. 59 of 500 (samples: 289825)
INFO:root:Loss: 2.2006 +/- 0.0578
INFO:root:Epoch no. 60 of 500 (samples: 289825)
INFO:root:Loss: 2.2011 +/- 0.0489
INFO:root:Epoch no. 61 of 500 (samples: 289825)
INFO:root:Loss: 2.1951 +/- 0.0468
INFO:root:Epoch no. 62 of 500 (samples: 289825)
INFO:root:Loss: 2.1992 +/- 0.0527
INFO:root:Epoch no. 63 of 500 (samples: 289825)
INFO:root:Loss: 2.1978 +/- 0.0451
INFO:root:Epoch no. 64 of 500 (samples: 289825)
INFO:root:Loss: 2.1945 +/- 0.0482
INFO:root:Epoch no. 65 of 500 (samples: 289825)
INFO:root:Loss: 2.1927 +/- 0.0377
INFO:root:Epoch no. 66 of 500 (samples: 289825)
INFO:root:Loss: 2.1878 +/- 0.0479
INFO:root:Epoch no. 67 of 500 (samples: 289825)
INFO:root:Loss: 2.1921 +/- 0.0466
INFO:root:Epoch no. 68 of 500 (samples: 289825)
INFO:root:Loss: 2.1869 +/- 0.0478
INFO:root:Epoch no. 69 of 500 (samples: 289825)
INFO:root:Loss: 2.186 +/- 0.0574
INFO:root:Epoch no. 70 of 500 (samples: 289825)
INFO:root:Loss: 2.1885 +/- 0.0443
INFO:root:Epoch no. 71 of 500 (samples: 289825)
INFO:root:Loss: 2.1855 +/- 0.0517
INFO:root:Epoch no. 72 of 500 (samples: 289825)
INFO:root:Loss: 2.1817 +/- 0.0439
INFO:root:Epoch no. 73 of 500 (samples: 289825)
INFO:root:Loss: 2.1841 +/- 0.0549
INFO:root:Epoch no. 74 of 500 (samples: 289825)
INFO:root:Loss: 2.1843 +/- 0.0517
INFO:root:Epoch no. 75 of 500 (samples: 289825)
INFO:root:Loss: 2.1803 +/- 0.0411
INFO:root:Epoch no. 76 of 500 (samples: 289825)
INFO:root:Loss: 2.176 +/- 0.044
INFO:root:Epoch no. 77 of 500 (samples: 289825)
INFO:root:Loss: 2.1788 +/- 0.0476
INFO:root:Epoch no. 78 of 500 (samples: 289825)
INFO:root:Loss: 2.1766 +/- 0.0445
INFO:root:Epoch no. 79 of 500 (samples: 289825)
INFO:root:Loss: 2.1776 +/- 0.047
INFO:root:Epoch no. 80 of 500 (samples: 289825)
INFO:root:Loss: 2.1762 +/- 0.0507
INFO:root:Epoch no. 81 of 500 (samples: 289825)
INFO:root:Loss: 2.1796 +/- 0.0401
INFO:root:Epoch no. 82 of 500 (samples: 289825)
INFO:root:Loss: 2.1777 +/- 0.0364
INFO:root:Epoch no. 83 of 500 (samples: 289825)
INFO:root:Loss: 2.1713 +/- 0.0462
INFO:root:Epoch no. 84 of 500 (samples: 289825)
INFO:root:Loss: 2.1741 +/- 0.045
INFO:root:Epoch no. 85 of 500 (samples: 289825)
INFO:root:Loss: 2.1705 +/- 0.0498
INFO:root:Epoch no. 86 of 500 (samples: 289825)
INFO:root:Loss: 2.1707 +/- 0.0436
INFO:root:Epoch no. 87 of 500 (samples: 289825)
INFO:root:Loss: 2.172 +/- 0.0377
INFO:root:Epoch no. 88 of 500 (samples: 289825)
INFO:root:Loss: 2.1662 +/- 0.0466
INFO:root:Epoch no. 89 of 500 (samples: 289825)
INFO:root:Loss: 2.1695 +/- 0.0427
INFO:root:Epoch no. 90 of 500 (samples: 289825)
INFO:root:Loss: 2.1639 +/- 0.0371
INFO:root:Epoch no. 91 of 500 (samples: 289825)
INFO:root:Loss: 2.1652 +/- 0.0442
INFO:root:Epoch no. 92 of 500 (samples: 289825)
INFO:root:Loss: 2.1695 +/- 0.0501
INFO:root:Epoch no. 93 of 500 (samples: 289825)
INFO:root:Loss: 2.1664 +/- 0.0397
INFO:root:Epoch no. 94 of 500 (samples: 289825)
INFO:root:Loss: 2.1659 +/- 0.0351
INFO:root:Epoch no. 95 of 500 (samples: 289825)
INFO:root:Loss: 2.1622 +/- 0.045
INFO:root:Epoch no. 96 of 500 (samples: 289825)
INFO:root:Loss: 2.163 +/- 0.042
INFO:root:Epoch no. 97 of 500 (samples: 289825)
INFO:root:Loss: 2.1626 +/- 0.0454
INFO:root:Epoch no. 98 of 500 (samples: 289825)
INFO:root:Loss: 2.1585 +/- 0.0463
INFO:root:Epoch no. 99 of 500 (samples: 289825)
INFO:root:Loss: 2.158 +/- 0.042
INFO:root:Epoch no. 100 of 500 (samples: 289825)
INFO:root:Loss: 2.1611 +/- 0.0438
INFO:root:Epoch no. 101 of 500 (samples: 289825)
INFO:root:Loss: 2.1545 +/- 0.0409
INFO:root:Epoch no. 102 of 500 (samples: 289825)
INFO:root:Loss: 2.1619 +/- 0.0387
INFO:root:Epoch no. 103 of 500 (samples: 289825)
INFO:root:Loss: 2.1572 +/- 0.0447
INFO:root:Epoch no. 104 of 500 (samples: 289825)
INFO:root:Loss: 2.1562 +/- 0.0451
INFO:root:Epoch no. 105 of 500 (samples: 289825)
INFO:root:Loss: 2.155 +/- 0.0413
INFO:root:Epoch no. 106 of 500 (samples: 289825)
INFO:root:Loss: 2.1533 +/- 0.0477
INFO:root:Epoch no. 107 of 500 (samples: 289825)
INFO:root:Loss: 2.1548 +/- 0.0507
INFO:root:Epoch no. 108 of 500 (samples: 289825)
INFO:root:Loss: 2.1581 +/- 0.0435
INFO:root:Epoch no. 109 of 500 (samples: 289825)
INFO:root:Loss: 2.1538 +/- 0.0388
INFO:root:Epoch no. 110 of 500 (samples: 289825)
INFO:root:Loss: 2.1546 +/- 0.0432
INFO:root:Epoch no. 111 of 500 (samples: 289825)
INFO:root:Loss: 2.149 +/- 0.0423
INFO:root:Epoch no. 112 of 500 (samples: 289825)
INFO:root:Loss: 2.1556 +/- 0.0436
INFO:root:Epoch no. 113 of 500 (samples: 289825)
INFO:root:Loss: 2.1535 +/- 0.0443
INFO:root:Epoch no. 114 of 500 (samples: 289825)
INFO:root:Loss: 2.1501 +/- 0.0401
INFO:root:Epoch no. 115 of 500 (samples: 289825)
INFO:root:Loss: 2.1513 +/- 0.0422
INFO:root:Epoch no. 116 of 500 (samples: 289825)
INFO:root:Loss: 2.1495 +/- 0.0421
INFO:root:Epoch no. 117 of 500 (samples: 289825)
INFO:root:Loss: 2.1506 +/- 0.0349
INFO:root:Epoch no. 118 of 500 (samples: 289825)
INFO:root:Loss: 2.1465 +/- 0.045
INFO:root:Epoch no. 119 of 500 (samples: 289825)
INFO:root:Loss: 2.1478 +/- 0.0395
INFO:root:Epoch no. 120 of 500 (samples: 289825)
INFO:root:Loss: 2.1466 +/- 0.0455
INFO:root:Epoch no. 121 of 500 (samples: 289825)
INFO:root:Loss: 2.1474 +/- 0.0439
INFO:root:Epoch no. 122 of 500 (samples: 289825)
INFO:root:Loss: 2.1462 +/- 0.0446
INFO:root:Epoch no. 123 of 500 (samples: 289825)
INFO:root:Loss: 2.1456 +/- 0.0398
INFO:root:Epoch no. 124 of 500 (samples: 289825)
INFO:root:Loss: 2.144 +/- 0.0482
INFO:root:Epoch no. 125 of 500 (samples: 289825)
INFO:root:Loss: 2.1425 +/- 0.0353
INFO:root:Epoch no. 126 of 500 (samples: 289825)
INFO:root:Loss: 2.1446 +/- 0.0373
INFO:root:Epoch no. 127 of 500 (samples: 289825)
INFO:root:Loss: 2.1454 +/- 0.0447
INFO:root:Epoch no. 128 of 500 (samples: 289825)
INFO:root:Loss: 2.1396 +/- 0.0444
INFO:root:Epoch no. 129 of 500 (samples: 289825)
INFO:root:Loss: 2.1404 +/- 0.0436
INFO:root:Epoch no. 130 of 500 (samples: 289825)
INFO:root:Loss: 2.1425 +/- 0.0356
INFO:root:Epoch no. 131 of 500 (samples: 289825)
INFO:root:Loss: 2.1394 +/- 0.0362
INFO:root:Epoch no. 132 of 500 (samples: 289825)
INFO:root:Loss: 2.1387 +/- 0.0377
INFO:root:Epoch no. 133 of 500 (samples: 289825)
INFO:root:Loss: 2.1369 +/- 0.036
INFO:root:Epoch no. 134 of 500 (samples: 289825)
INFO:root:Loss: 2.1448 +/- 0.0384
INFO:root:Epoch no. 135 of 500 (samples: 289825)
INFO:root:Loss: 2.1352 +/- 0.0371
INFO:root:Epoch no. 136 of 500 (samples: 289825)
INFO:root:Loss: 2.1359 +/- 0.042
INFO:root:Epoch no. 137 of 500 (samples: 289825)
INFO:root:Loss: 2.1364 +/- 0.0358
INFO:root:Epoch no. 138 of 500 (samples: 289825)
INFO:root:Loss: 2.1393 +/- 0.0393
INFO:root:Epoch no. 139 of 500 (samples: 289825)
INFO:root:Loss: 2.1351 +/- 0.0353
INFO:root:Epoch no. 140 of 500 (samples: 289825)
INFO:root:Loss: 2.1386 +/- 0.0421
INFO:root:Epoch no. 141 of 500 (samples: 289825)
INFO:root:Loss: 2.1322 +/- 0.0418
INFO:root:Epoch no. 142 of 500 (samples: 289825)
INFO:root:Loss: 2.1333 +/- 0.0392
INFO:root:Epoch no. 143 of 500 (samples: 289825)
INFO:root:Loss: 2.136 +/- 0.0445
INFO:root:Epoch no. 144 of 500 (samples: 289825)
INFO:root:Loss: 2.1351 +/- 0.0324
INFO:root:Epoch no. 145 of 500 (samples: 289825)
INFO:root:Loss: 2.1342 +/- 0.0389
INFO:root:Epoch no. 146 of 500 (samples: 289825)
INFO:root:Loss: 2.1337 +/- 0.0381
INFO:root:Epoch no. 147 of 500 (samples: 289825)
INFO:root:Loss: 2.1402 +/- 0.0402
INFO:root:Epoch no. 148 of 500 (samples: 289825)
INFO:root:Loss: 2.1327 +/- 0.0326
INFO:root:Epoch no. 149 of 500 (samples: 289825)
INFO:root:Loss: 2.1336 +/- 0.0386
INFO:root:Epoch no. 150 of 500 (samples: 289825)
INFO:root:Loss: 2.1345 +/- 0.0418
INFO:root:Epoch no. 151 of 500 (samples: 289825)
INFO:root:Loss: 2.1337 +/- 0.0381
INFO:root:Epoch no. 152 of 500 (samples: 289825)
INFO:root:Loss: 2.1358 +/- 0.0419
INFO:root:Epoch no. 153 of 500 (samples: 289825)
INFO:root:Loss: 2.13 +/- 0.0465
INFO:root:Epoch no. 154 of 500 (samples: 289825)
INFO:root:Loss: 2.1315 +/- 0.0376
INFO:root:Epoch no. 155 of 500 (samples: 289825)
INFO:root:Loss: 2.1332 +/- 0.0382
INFO:root:Epoch no. 156 of 500 (samples: 289825)
INFO:root:Loss: 2.13 +/- 0.0392
INFO:root:Epoch no. 157 of 500 (samples: 289825)
INFO:root:Loss: 2.1306 +/- 0.0357
INFO:root:Epoch no. 158 of 500 (samples: 289825)
INFO:root:Loss: 2.1255 +/- 0.0332
INFO:root:Epoch no. 159 of 500 (samples: 289825)
INFO:root:Loss: 2.1322 +/- 0.0333
INFO:root:Epoch no. 160 of 500 (samples: 289825)
INFO:root:Loss: 2.1302 +/- 0.0381
INFO:root:Epoch no. 161 of 500 (samples: 289825)
INFO:root:Loss: 2.1287 +/- 0.0381
INFO:root:Epoch no. 162 of 500 (samples: 289825)
INFO:root:Loss: 2.126 +/- 0.0343
INFO:root:Epoch no. 163 of 500 (samples: 289825)
INFO:root:Loss: 2.1298 +/- 0.0319
INFO:root:Epoch no. 164 of 500 (samples: 289825)
INFO:root:Loss: 2.1218 +/- 0.034
INFO:root:Epoch no. 165 of 500 (samples: 289825)
INFO:root:Loss: 2.1219 +/- 0.0407
INFO:root:Epoch no. 166 of 500 (samples: 289825)
INFO:root:Loss: 2.1265 +/- 0.0383
INFO:root:Epoch no. 167 of 500 (samples: 289825)
INFO:root:Loss: 2.1261 +/- 0.043
INFO:root:Epoch no. 168 of 500 (samples: 289825)
INFO:root:Loss: 2.1279 +/- 0.0248
INFO:root:Epoch no. 169 of 500 (samples: 289825)
INFO:root:Loss: 2.1223 +/- 0.0342
INFO:root:Epoch no. 170 of 500 (samples: 289825)
INFO:root:Loss: 2.128 +/- 0.037
INFO:root:Epoch no. 171 of 500 (samples: 289825)
INFO:root:Loss: 2.1227 +/- 0.0308
INFO:root:Epoch no. 172 of 500 (samples: 289825)
INFO:root:Loss: 2.1298 +/- 0.0305
INFO:root:Epoch no. 173 of 500 (samples: 289825)
INFO:root:Loss: 2.1253 +/- 0.0393
INFO:root:Epoch no. 174 of 500 (samples: 289825)
INFO:root:Loss: 2.1278 +/- 0.0316
INFO:root:Epoch no. 175 of 500 (samples: 289825)
INFO:root:Loss: 2.1204 +/- 0.0412
INFO:root:Epoch no. 176 of 500 (samples: 289825)
INFO:root:Loss: 2.1205 +/- 0.0327
INFO:root:Epoch no. 177 of 500 (samples: 289825)
INFO:root:Loss: 2.1243 +/- 0.0345
INFO:root:Epoch no. 178 of 500 (samples: 289825)
INFO:root:Loss: 2.1209 +/- 0.0354
INFO:root:Epoch no. 179 of 500 (samples: 289825)
INFO:root:Loss: 2.1233 +/- 0.0278
INFO:root:Epoch no. 180 of 500 (samples: 289825)
INFO:root:Loss: 2.1231 +/- 0.0403
INFO:root:Epoch no. 181 of 500 (samples: 289825)
INFO:root:Loss: 2.1221 +/- 0.0404
INFO:root:Epoch no. 182 of 500 (samples: 289825)
INFO:root:Loss: 2.1232 +/- 0.0327
INFO:root:Epoch no. 183 of 500 (samples: 289825)
INFO:root:Loss: 2.1197 +/- 0.0293
INFO:root:Epoch no. 184 of 500 (samples: 289825)
INFO:root:Loss: 2.1237 +/- 0.0449
INFO:root:Epoch no. 185 of 500 (samples: 289825)
INFO:root:Loss: 2.1204 +/- 0.0333
INFO:root:Epoch no. 186 of 500 (samples: 289825)
INFO:root:Loss: 2.1204 +/- 0.034
INFO:root:Epoch no. 187 of 500 (samples: 289825)
INFO:root:Loss: 2.1241 +/- 0.0369
INFO:root:Epoch no. 188 of 500 (samples: 289825)
INFO:root:Loss: 2.1218 +/- 0.0411
INFO:root:Epoch no. 189 of 500 (samples: 289825)
INFO:root:Loss: 2.1175 +/- 0.037
INFO:root:Epoch no. 190 of 500 (samples: 289825)
INFO:root:Loss: 2.1163 +/- 0.0276
INFO:root:Epoch no. 191 of 500 (samples: 289825)
INFO:root:Loss: 2.1194 +/- 0.0334
INFO:root:Epoch no. 192 of 500 (samples: 289825)
INFO:root:Loss: 2.1193 +/- 0.0337
INFO:root:Epoch no. 193 of 500 (samples: 289825)
INFO:root:Loss: 2.1208 +/- 0.0258
INFO:root:Epoch no. 194 of 500 (samples: 289825)
INFO:root:Loss: 2.1214 +/- 0.0404
INFO:root:Epoch no. 195 of 500 (samples: 289825)
INFO:root:Loss: 2.1172 +/- 0.0305
INFO:root:Epoch no. 196 of 500 (samples: 289825)
INFO:root:Loss: 2.1172 +/- 0.026
INFO:root:Epoch no. 197 of 500 (samples: 289825)
INFO:root:Loss: 2.122 +/- 0.032
INFO:root:Epoch no. 198 of 500 (samples: 289825)
INFO:root:Loss: 2.1138 +/- 0.0349
INFO:root:Epoch no. 199 of 500 (samples: 289825)
INFO:root:Loss: 2.1172 +/- 0.0332
INFO:root:Epoch no. 200 of 500 (samples: 289825)
INFO:root:Loss: 2.1135 +/- 0.0349
INFO:root:Epoch no. 201 of 500 (samples: 289825)
INFO:root:Loss: 2.1151 +/- 0.0345
INFO:root:Epoch no. 202 of 500 (samples: 289825)
INFO:root:Loss: 2.1164 +/- 0.0359
INFO:root:Epoch no. 203 of 500 (samples: 289825)
INFO:root:Loss: 2.1128 +/- 0.0341
INFO:root:Epoch no. 204 of 500 (samples: 289825)
INFO:root:Loss: 2.1167 +/- 0.036
INFO:root:Epoch no. 205 of 500 (samples: 289825)
INFO:root:Loss: 2.1179 +/- 0.0358
INFO:root:Epoch no. 206 of 500 (samples: 289825)
INFO:root:Loss: 2.1141 +/- 0.043
INFO:root:Epoch no. 207 of 500 (samples: 289825)
INFO:root:Loss: 2.1128 +/- 0.0296
INFO:root:Epoch no. 208 of 500 (samples: 289825)
INFO:root:Loss: 2.1141 +/- 0.0284
INFO:root:Epoch no. 209 of 500 (samples: 289825)
INFO:root:Loss: 2.1062 +/- 0.0343
INFO:root:Epoch no. 210 of 500 (samples: 289825)
INFO:root:Loss: 2.1167 +/- 0.0344
INFO:root:Epoch no. 211 of 500 (samples: 289825)
INFO:root:Loss: 2.1149 +/- 0.0344
INFO:root:Epoch no. 212 of 500 (samples: 289825)
INFO:root:Loss: 2.1146 +/- 0.0284
INFO:root:Epoch no. 213 of 500 (samples: 289825)
INFO:root:Loss: 2.1132 +/- 0.0298
INFO:root:Epoch no. 214 of 500 (samples: 289825)
INFO:root:Loss: 2.1093 +/- 0.0297
INFO:root:Epoch no. 215 of 500 (samples: 289825)
INFO:root:Loss: 2.112 +/- 0.0365
INFO:root:Epoch no. 216 of 500 (samples: 289825)
INFO:root:Loss: 2.1179 +/- 0.0334
INFO:root:Epoch no. 217 of 500 (samples: 289825)
INFO:root:Loss: 2.1117 +/- 0.0375
INFO:root:Epoch no. 218 of 500 (samples: 289825)
INFO:root:Loss: 2.1101 +/- 0.0302
INFO:root:Epoch no. 219 of 500 (samples: 289825)
INFO:root:Loss: 2.1148 +/- 0.0395
INFO:root:Epoch no. 220 of 500 (samples: 289825)
INFO:root:Loss: 2.1128 +/- 0.0331
INFO:root:Epoch no. 221 of 500 (samples: 289825)
INFO:root:Loss: 2.1108 +/- 0.0319
INFO:root:Epoch no. 222 of 500 (samples: 289825)
INFO:root:Loss: 2.1103 +/- 0.0277
INFO:root:Epoch no. 223 of 500 (samples: 289825)
INFO:root:Loss: 2.1087 +/- 0.0308
INFO:root:Epoch no. 224 of 500 (samples: 289825)
INFO:root:Loss: 2.109 +/- 0.038
INFO:root:Epoch no. 225 of 500 (samples: 289825)
INFO:root:Loss: 2.1107 +/- 0.0376
INFO:root:Epoch no. 226 of 500 (samples: 289825)
INFO:root:Loss: 2.1128 +/- 0.0312
INFO:root:Epoch no. 227 of 500 (samples: 289825)
INFO:root:Loss: 2.1092 +/- 0.0362
INFO:root:Epoch no. 228 of 500 (samples: 289825)
INFO:root:Loss: 2.1127 +/- 0.033
INFO:root:Epoch no. 229 of 500 (samples: 289825)
INFO:root:Loss: 2.1063 +/- 0.0291
INFO:root:Epoch no. 230 of 500 (samples: 289825)
INFO:root:Loss: 2.1101 +/- 0.0313
INFO:root:Epoch no. 231 of 500 (samples: 289825)
INFO:root:Loss: 2.1045 +/- 0.0253
INFO:root:Epoch no. 232 of 500 (samples: 289825)
INFO:root:Loss: 2.1094 +/- 0.0291
INFO:root:Epoch no. 233 of 500 (samples: 289825)
INFO:root:Loss: 2.1103 +/- 0.0329
INFO:root:Epoch no. 234 of 500 (samples: 289825)
INFO:root:Loss: 2.1105 +/- 0.0354
INFO:root:Epoch no. 235 of 500 (samples: 289825)
INFO:root:Loss: 2.1096 +/- 0.0352
INFO:root:Epoch no. 236 of 500 (samples: 289825)
INFO:root:Loss: 2.1036 +/- 0.0326
INFO:root:Epoch no. 237 of 500 (samples: 289825)
INFO:root:Loss: 2.1075 +/- 0.0287
INFO:root:Epoch no. 238 of 500 (samples: 289825)
INFO:root:Loss: 2.1098 +/- 0.035
INFO:root:Epoch no. 239 of 500 (samples: 289825)
INFO:root:Loss: 2.1079 +/- 0.029
INFO:root:Epoch no. 240 of 500 (samples: 289825)
INFO:root:Loss: 2.1094 +/- 0.0258
INFO:root:Epoch no. 241 of 500 (samples: 289825)
INFO:root:Loss: 2.1057 +/- 0.0361
INFO:root:Epoch no. 242 of 500 (samples: 289825)
INFO:root:Loss: 2.1086 +/- 0.0302
INFO:root:Epoch no. 243 of 500 (samples: 289825)
INFO:root:Loss: 2.1088 +/- 0.0241
INFO:root:Epoch no. 244 of 500 (samples: 289825)
INFO:root:Loss: 2.1059 +/- 0.036
INFO:root:Epoch no. 245 of 500 (samples: 289825)
INFO:root:Loss: 2.1068 +/- 0.0297
INFO:root:Epoch no. 246 of 500 (samples: 289825)
INFO:root:Loss: 2.1046 +/- 0.0389
INFO:root:Epoch no. 247 of 500 (samples: 289825)
INFO:root:Loss: 2.1034 +/- 0.0318
INFO:root:Epoch no. 248 of 500 (samples: 289825)
INFO:root:Loss: 2.1035 +/- 0.0257
INFO:root:Epoch no. 249 of 500 (samples: 289825)
INFO:root:Loss: 2.1047 +/- 0.0337
INFO:root:Epoch no. 250 of 500 (samples: 289825)
INFO:root:Loss: 2.1066 +/- 0.0353
INFO:root:Epoch no. 251 of 500 (samples: 289825)
INFO:root:Loss: 2.1077 +/- 0.0293
INFO:root:Epoch no. 252 of 500 (samples: 289825)
INFO:root:Loss: 2.1035 +/- 0.0348
INFO:root:Epoch no. 253 of 500 (samples: 289825)
INFO:root:Loss: 2.1017 +/- 0.0283
INFO:root:Epoch no. 254 of 500 (samples: 289825)
INFO:root:Loss: 2.1029 +/- 0.0323
INFO:root:Epoch no. 255 of 500 (samples: 289825)
INFO:root:Loss: 2.1026 +/- 0.0253
INFO:root:Epoch no. 256 of 500 (samples: 289825)
INFO:root:Loss: 2.1071 +/- 0.029
INFO:root:Epoch no. 257 of 500 (samples: 289825)
INFO:root:Loss: 2.1034 +/- 0.0337
INFO:root:Epoch no. 258 of 500 (samples: 289825)
INFO:root:Loss: 2.1048 +/- 0.0335
INFO:root:Epoch no. 259 of 500 (samples: 289825)
INFO:root:Loss: 2.1033 +/- 0.0309
INFO:root:Epoch no. 260 of 500 (samples: 289825)
INFO:root:Loss: 2.1061 +/- 0.0294
INFO:root:Epoch no. 261 of 500 (samples: 289825)
INFO:root:Loss: 2.1027 +/- 0.0314
INFO:root:Epoch no. 262 of 500 (samples: 289825)
INFO:root:Loss: 2.1046 +/- 0.0336
INFO:root:Epoch no. 263 of 500 (samples: 289825)
INFO:root:Loss: 2.1012 +/- 0.03
INFO:root:Epoch no. 264 of 500 (samples: 289825)
INFO:root:Loss: 2.1031 +/- 0.0292
INFO:root:Epoch no. 265 of 500 (samples: 289825)
INFO:root:Loss: 2.1067 +/- 0.0298
INFO:root:Epoch no. 266 of 500 (samples: 289825)
INFO:root:Loss: 2.1019 +/- 0.0229
INFO:root:Epoch no. 267 of 500 (samples: 289825)
INFO:root:Loss: 2.1023 +/- 0.0263
INFO:root:Epoch no. 268 of 500 (samples: 289825)
INFO:root:Loss: 2.1012 +/- 0.0349
INFO:root:Epoch no. 269 of 500 (samples: 289825)
INFO:root:Loss: 2.1045 +/- 0.0265
INFO:root:Epoch no. 270 of 500 (samples: 289825)
INFO:root:Loss: 2.1007 +/- 0.0338
INFO:root:Epoch no. 271 of 500 (samples: 289825)
INFO:root:Loss: 2.0989 +/- 0.0262
INFO:root:Epoch no. 272 of 500 (samples: 289825)
INFO:root:Loss: 2.1 +/- 0.0311
INFO:root:Epoch no. 273 of 500 (samples: 289825)
INFO:root:Loss: 2.1038 +/- 0.0356
INFO:root:Epoch no. 274 of 500 (samples: 289825)
INFO:root:Loss: 2.0994 +/- 0.0342
INFO:root:Epoch no. 275 of 500 (samples: 289825)
INFO:root:Loss: 2.1021 +/- 0.0291
INFO:root:Epoch no. 276 of 500 (samples: 289825)
INFO:root:Loss: 2.1049 +/- 0.0258
INFO:root:Epoch no. 277 of 500 (samples: 289825)
INFO:root:Loss: 2.1013 +/- 0.0303
INFO:root:Epoch no. 278 of 500 (samples: 289825)
INFO:root:Loss: 2.1011 +/- 0.0289
INFO:root:Epoch no. 279 of 500 (samples: 289825)
INFO:root:Loss: 2.1023 +/- 0.0277
INFO:root:Epoch no. 280 of 500 (samples: 289825)
INFO:root:Loss: 2.1005 +/- 0.0297
INFO:root:Epoch no. 281 of 500 (samples: 289825)
INFO:root:Loss: 2.0976 +/- 0.0338
INFO:root:Epoch no. 282 of 500 (samples: 289825)
INFO:root:Loss: 2.1003 +/- 0.0297
INFO:root:Epoch no. 283 of 500 (samples: 289825)
INFO:root:Loss: 2.1032 +/- 0.0217
INFO:root:Epoch no. 284 of 500 (samples: 289825)
INFO:root:Loss: 2.0989 +/- 0.0341
INFO:root:Epoch no. 285 of 500 (samples: 289825)
INFO:root:Loss: 2.0993 +/- 0.0384
INFO:root:Epoch no. 286 of 500 (samples: 289825)
INFO:root:Loss: 2.0994 +/- 0.0298
INFO:root:Epoch no. 287 of 500 (samples: 289825)
INFO:root:Loss: 2.0954 +/- 0.0273
INFO:root:Epoch no. 288 of 500 (samples: 289825)
INFO:root:Loss: 2.0972 +/- 0.0245
INFO:root:Epoch no. 289 of 500 (samples: 289825)
INFO:root:Loss: 2.0993 +/- 0.0259
INFO:root:Epoch no. 290 of 500 (samples: 289825)
INFO:root:Loss: 2.098 +/- 0.0299
INFO:root:Epoch no. 291 of 500 (samples: 289825)
INFO:root:Loss: 2.0979 +/- 0.0284
INFO:root:Epoch no. 292 of 500 (samples: 289825)
INFO:root:Loss: 2.0963 +/- 0.026
INFO:root:Epoch no. 293 of 500 (samples: 289825)
INFO:root:Loss: 2.0999 +/- 0.0324
INFO:root:Epoch no. 294 of 500 (samples: 289825)
INFO:root:Loss: 2.0998 +/- 0.0256
INFO:root:Epoch no. 295 of 500 (samples: 289825)
INFO:root:Loss: 2.0973 +/- 0.0269
INFO:root:Epoch no. 296 of 500 (samples: 289825)
INFO:root:Loss: 2.1027 +/- 0.0336
INFO:root:Epoch no. 297 of 500 (samples: 289825)
INFO:root:Loss: 2.0969 +/- 0.0318
INFO:root:Epoch no. 298 of 500 (samples: 289825)
INFO:root:Loss: 2.1003 +/- 0.0286
INFO:root:Epoch no. 299 of 500 (samples: 289825)
INFO:root:Loss: 2.0948 +/- 0.0331
INFO:root:Epoch no. 300 of 500 (samples: 289825)
INFO:root:Loss: 2.0948 +/- 0.0376
INFO:root:Epoch no. 301 of 500 (samples: 289825)
INFO:root:Loss: 2.1025 +/- 0.0314
INFO:root:Epoch no. 302 of 500 (samples: 289825)
INFO:root:Loss: 2.0954 +/- 0.0316
INFO:root:Epoch no. 303 of 500 (samples: 289825)
INFO:root:Loss: 2.0978 +/- 0.0272
INFO:root:Epoch no. 304 of 500 (samples: 289825)
INFO:root:Loss: 2.0953 +/- 0.0215
INFO:root:Epoch no. 305 of 500 (samples: 289825)
INFO:root:Loss: 2.1016 +/- 0.0303
INFO:root:Epoch no. 306 of 500 (samples: 289825)
INFO:root:Loss: 2.0972 +/- 0.0332
INFO:root:Epoch no. 307 of 500 (samples: 289825)
INFO:root:Loss: 2.0981 +/- 0.0193
INFO:root:Epoch no. 308 of 500 (samples: 289825)
INFO:root:Loss: 2.101 +/- 0.0315
INFO:root:Epoch no. 309 of 500 (samples: 289825)
INFO:root:Loss: 2.0954 +/- 0.0253
INFO:root:Epoch no. 310 of 500 (samples: 289825)
INFO:root:Loss: 2.0949 +/- 0.023
INFO:root:Epoch no. 311 of 500 (samples: 289825)
INFO:root:Loss: 2.0964 +/- 0.0351
INFO:root:Epoch no. 312 of 500 (samples: 289825)
INFO:root:Loss: 2.0938 +/- 0.0313
INFO:root:Epoch no. 313 of 500 (samples: 289825)
INFO:root:Loss: 2.0971 +/- 0.035
INFO:root:Epoch no. 314 of 500 (samples: 289825)
INFO:root:Loss: 2.0963 +/- 0.0213
INFO:root:Epoch no. 315 of 500 (samples: 289825)
INFO:root:Loss: 2.096 +/- 0.0324
INFO:root:Epoch no. 316 of 500 (samples: 289825)
INFO:root:Loss: 2.0906 +/- 0.0293
INFO:root:Epoch no. 317 of 500 (samples: 289825)
INFO:root:Loss: 2.0986 +/- 0.0274
INFO:root:Epoch no. 318 of 500 (samples: 289825)
INFO:root:Loss: 2.0955 +/- 0.0333
INFO:root:Epoch no. 319 of 500 (samples: 289825)
INFO:root:Loss: 2.0975 +/- 0.0284
INFO:root:Epoch no. 320 of 500 (samples: 289825)
INFO:root:Loss: 2.093 +/- 0.034
INFO:root:Epoch no. 321 of 500 (samples: 289825)
INFO:root:Loss: 2.0972 +/- 0.0272
INFO:root:Epoch no. 322 of 500 (samples: 289825)
INFO:root:Loss: 2.0917 +/- 0.0293
INFO:root:Epoch no. 323 of 500 (samples: 289825)
INFO:root:Loss: 2.0978 +/- 0.0339
INFO:root:Epoch no. 324 of 500 (samples: 289825)
INFO:root:Loss: 2.093 +/- 0.0281
INFO:root:Epoch no. 325 of 500 (samples: 289825)
INFO:root:Loss: 2.0923 +/- 0.0268
INFO:root:Epoch no. 326 of 500 (samples: 289825)
INFO:root:Loss: 2.0952 +/- 0.0345
INFO:root:Epoch no. 327 of 500 (samples: 289825)
INFO:root:Loss: 2.0911 +/- 0.0268
INFO:root:Epoch no. 328 of 500 (samples: 289825)
INFO:root:Loss: 2.0948 +/- 0.0327
INFO:root:Epoch no. 329 of 500 (samples: 289825)
INFO:root:Loss: 2.0979 +/- 0.0335
INFO:root:Epoch no. 330 of 500 (samples: 289825)
INFO:root:Loss: 2.0954 +/- 0.0336
INFO:root:Epoch no. 331 of 500 (samples: 289825)
INFO:root:Loss: 2.0976 +/- 0.0292
INFO:root:Epoch no. 332 of 500 (samples: 289825)
INFO:root:Loss: 2.0921 +/- 0.0294
INFO:root:Epoch no. 333 of 500 (samples: 289825)
INFO:root:Loss: 2.0939 +/- 0.029
INFO:root:Epoch no. 334 of 500 (samples: 289825)
INFO:root:Loss: 2.0901 +/- 0.0271
INFO:root:Epoch no. 335 of 500 (samples: 289825)
INFO:root:Loss: 2.0938 +/- 0.034
INFO:root:Epoch no. 336 of 500 (samples: 289825)
INFO:root:Loss: 2.0937 +/- 0.0267
INFO:root:Epoch no. 337 of 500 (samples: 289825)
INFO:root:Loss: 2.0931 +/- 0.0258
INFO:root:Epoch no. 338 of 500 (samples: 289825)
INFO:root:Loss: 2.0895 +/- 0.0352
INFO:root:Epoch no. 339 of 500 (samples: 289825)
INFO:root:Loss: 2.0937 +/- 0.0303
INFO:root:Epoch no. 340 of 500 (samples: 289825)
INFO:root:Loss: 2.0911 +/- 0.0299
INFO:root:Epoch no. 341 of 500 (samples: 289825)
INFO:root:Loss: 2.0952 +/- 0.0328
INFO:root:Epoch no. 342 of 500 (samples: 289825)
INFO:root:Loss: 2.0915 +/- 0.0333
INFO:root:Epoch no. 343 of 500 (samples: 289825)
INFO:root:Loss: 2.0925 +/- 0.0269
INFO:root:Epoch no. 344 of 500 (samples: 289825)
INFO:root:Loss: 2.0917 +/- 0.0302
INFO:root:Epoch no. 345 of 500 (samples: 289825)
INFO:root:Loss: 2.0878 +/- 0.0258
INFO:root:Epoch no. 346 of 500 (samples: 289825)
INFO:root:Loss: 2.0897 +/- 0.0314
INFO:root:Epoch no. 347 of 500 (samples: 289825)
INFO:root:Loss: 2.093 +/- 0.0219
INFO:root:Epoch no. 348 of 500 (samples: 289825)
INFO:root:Loss: 2.0888 +/- 0.0252
INFO:root:Epoch no. 349 of 500 (samples: 289825)
INFO:root:Loss: 2.0922 +/- 0.0289
INFO:root:Epoch no. 350 of 500 (samples: 289825)
INFO:root:Loss: 2.0881 +/- 0.037
INFO:root:Epoch no. 351 of 500 (samples: 289825)
INFO:root:Loss: 2.091 +/- 0.0212
INFO:root:Epoch no. 352 of 500 (samples: 289825)
INFO:root:Loss: 2.0929 +/- 0.0253
INFO:root:Epoch no. 353 of 500 (samples: 289825)
INFO:root:Loss: 2.0938 +/- 0.0261
INFO:root:Epoch no. 354 of 500 (samples: 289825)
INFO:root:Loss: 2.0928 +/- 0.0377
INFO:root:Epoch no. 355 of 500 (samples: 289825)
INFO:root:Loss: 2.0904 +/- 0.0252
INFO:root:Epoch no. 356 of 500 (samples: 289825)
INFO:root:Loss: 2.0947 +/- 0.0256
INFO:root:Epoch no. 357 of 500 (samples: 289825)
INFO:root:Loss: 2.0872 +/- 0.029
INFO:root:Epoch no. 358 of 500 (samples: 289825)
INFO:root:Loss: 2.0905 +/- 0.0313
INFO:root:Epoch no. 359 of 500 (samples: 289825)
INFO:root:Loss: 2.0904 +/- 0.022
INFO:root:Epoch no. 360 of 500 (samples: 289825)
INFO:root:Loss: 2.0873 +/- 0.0313
INFO:root:Epoch no. 361 of 500 (samples: 289825)
INFO:root:Loss: 2.0867 +/- 0.0361
INFO:root:Epoch no. 362 of 500 (samples: 289825)
INFO:root:Loss: 2.091 +/- 0.0328
INFO:root:Epoch no. 363 of 500 (samples: 289825)
INFO:root:Loss: 2.0917 +/- 0.0334
INFO:root:Epoch no. 364 of 500 (samples: 289825)
INFO:root:Loss: 2.0883 +/- 0.0207
INFO:root:Epoch no. 365 of 500 (samples: 289825)
INFO:root:Loss: 2.092 +/- 0.0259
INFO:root:Epoch no. 366 of 500 (samples: 289825)
INFO:root:Loss: 2.0846 +/- 0.033
INFO:root:Epoch no. 367 of 500 (samples: 289825)
INFO:root:Loss: 2.0941 +/- 0.0281
INFO:root:Epoch no. 368 of 500 (samples: 289825)
INFO:root:Loss: 2.0884 +/- 0.0304
INFO:root:Epoch no. 369 of 500 (samples: 289825)
INFO:root:Loss: 2.0858 +/- 0.03
INFO:root:Epoch no. 370 of 500 (samples: 289825)
INFO:root:Loss: 2.0915 +/- 0.0267
INFO:root:Epoch no. 371 of 500 (samples: 289825)
INFO:root:Loss: 2.0931 +/- 0.0309
INFO:root:Epoch no. 372 of 500 (samples: 289825)
INFO:root:Loss: 2.0902 +/- 0.0267
INFO:root:Epoch no. 373 of 500 (samples: 289825)
INFO:root:Loss: 2.0941 +/- 0.0287
INFO:root:Epoch no. 374 of 500 (samples: 289825)
INFO:root:Loss: 2.0902 +/- 0.0316
INFO:root:Epoch no. 375 of 500 (samples: 289825)
INFO:root:Loss: 2.0878 +/- 0.0305
INFO:root:Epoch no. 376 of 500 (samples: 289825)
INFO:root:Loss: 2.0882 +/- 0.0253
INFO:root:Epoch no. 377 of 500 (samples: 289825)
INFO:root:Loss: 2.0874 +/- 0.0238
INFO:root:Epoch no. 378 of 500 (samples: 289825)
INFO:root:Loss: 2.0875 +/- 0.0336
INFO:root:Epoch no. 379 of 500 (samples: 289825)
INFO:root:Loss: 2.0881 +/- 0.0341
INFO:root:Epoch no. 380 of 500 (samples: 289825)
INFO:root:Loss: 2.0815 +/- 0.0278
INFO:root:Epoch no. 381 of 500 (samples: 289825)
INFO:root:Loss: 2.0883 +/- 0.0254
INFO:root:Epoch no. 382 of 500 (samples: 289825)
INFO:root:Loss: 2.0876 +/- 0.0327
INFO:root:Epoch no. 383 of 500 (samples: 289825)
INFO:root:Loss: 2.0873 +/- 0.0321
INFO:root:Epoch no. 384 of 500 (samples: 289825)
INFO:root:Loss: 2.0858 +/- 0.0293
INFO:root:Epoch no. 385 of 500 (samples: 289825)
INFO:root:Loss: 2.0846 +/- 0.0218
INFO:root:Epoch no. 386 of 500 (samples: 289825)
INFO:root:Loss: 2.0877 +/- 0.0181
INFO:root:Epoch no. 387 of 500 (samples: 289825)
INFO:root:Loss: 2.0864 +/- 0.0223
INFO:root:Epoch no. 388 of 500 (samples: 289825)
INFO:root:Loss: 2.0842 +/- 0.0227
INFO:root:Epoch no. 389 of 500 (samples: 289825)
INFO:root:Loss: 2.0882 +/- 0.0236
INFO:root:Epoch no. 390 of 500 (samples: 289825)
INFO:root:Loss: 2.0888 +/- 0.0287
INFO:root:Epoch no. 391 of 500 (samples: 289825)
INFO:root:Loss: 2.0895 +/- 0.0336
INFO:root:Epoch no. 392 of 500 (samples: 289825)
INFO:root:Loss: 2.0868 +/- 0.0286
INFO:root:Epoch no. 393 of 500 (samples: 289825)
INFO:root:Loss: 2.0882 +/- 0.0227
INFO:root:Epoch no. 394 of 500 (samples: 289825)
INFO:root:Loss: 2.0867 +/- 0.0253
INFO:root:Epoch no. 395 of 500 (samples: 289825)
INFO:root:Loss: 2.0844 +/- 0.0266
INFO:root:Epoch no. 396 of 500 (samples: 289825)
INFO:root:Loss: 2.0831 +/- 0.032
INFO:root:Epoch no. 397 of 500 (samples: 289825)
INFO:root:Loss: 2.0878 +/- 0.0275
INFO:root:Epoch no. 398 of 500 (samples: 289825)
INFO:root:Loss: 2.0834 +/- 0.0267
INFO:root:Epoch no. 399 of 500 (samples: 289825)
INFO:root:Loss: 2.0837 +/- 0.021
INFO:root:Epoch no. 400 of 500 (samples: 289825)
INFO:root:Loss: 2.0872 +/- 0.0233
INFO:root:Epoch no. 401 of 500 (samples: 289825)
INFO:root:Loss: 2.0882 +/- 0.0229
INFO:root:Epoch no. 402 of 500 (samples: 289825)
INFO:root:Loss: 2.0828 +/- 0.0305
INFO:root:Epoch no. 403 of 500 (samples: 289825)
INFO:root:Loss: 2.0853 +/- 0.0288
INFO:root:Epoch no. 404 of 500 (samples: 289825)
INFO:root:Loss: 2.0874 +/- 0.0308
INFO:root:Epoch no. 405 of 500 (samples: 289825)
INFO:root:Loss: 2.0837 +/- 0.0235
INFO:root:Epoch no. 406 of 500 (samples: 289825)
INFO:root:Loss: 2.0813 +/- 0.0307
INFO:root:Epoch no. 407 of 500 (samples: 289825)
INFO:root:Loss: 2.0801 +/- 0.0214
INFO:root:Epoch no. 408 of 500 (samples: 289825)
INFO:root:Loss: 2.084 +/- 0.0259
INFO:root:Epoch no. 409 of 500 (samples: 289825)
INFO:root:Loss: 2.0885 +/- 0.023
INFO:root:Epoch no. 410 of 500 (samples: 289825)
INFO:root:Loss: 2.087 +/- 0.0265
INFO:root:Epoch no. 411 of 500 (samples: 289825)
INFO:root:Loss: 2.0859 +/- 0.0256
INFO:root:Epoch no. 412 of 500 (samples: 289825)
INFO:root:Loss: 2.0871 +/- 0.0241
INFO:root:Epoch no. 413 of 500 (samples: 289825)
INFO:root:Loss: 2.0817 +/- 0.0263
INFO:root:Epoch no. 414 of 500 (samples: 289825)
INFO:root:Loss: 2.0811 +/- 0.0291
INFO:root:Epoch no. 415 of 500 (samples: 289825)
INFO:root:Loss: 2.0871 +/- 0.0259
INFO:root:Epoch no. 416 of 500 (samples: 289825)
INFO:root:Loss: 2.0877 +/- 0.0245
INFO:root:Epoch no. 417 of 500 (samples: 289825)
INFO:root:Loss: 2.0862 +/- 0.0274
INFO:root:Epoch no. 418 of 500 (samples: 289825)
INFO:root:Loss: 2.079 +/- 0.0222
INFO:root:Epoch no. 419 of 500 (samples: 289825)
INFO:root:Loss: 2.0834 +/- 0.0288
INFO:root:Epoch no. 420 of 500 (samples: 289825)
INFO:root:Loss: 2.088 +/- 0.0229
INFO:root:Epoch no. 421 of 500 (samples: 289825)
INFO:root:Loss: 2.0834 +/- 0.0236
INFO:root:Epoch no. 422 of 500 (samples: 289825)
INFO:root:Loss: 2.0832 +/- 0.0304
INFO:root:Epoch no. 423 of 500 (samples: 289825)
INFO:root:Loss: 2.0797 +/- 0.0303
INFO:root:Epoch no. 424 of 500 (samples: 289825)
INFO:root:Loss: 2.08 +/- 0.0261
INFO:root:Epoch no. 425 of 500 (samples: 289825)
INFO:root:Loss: 2.0795 +/- 0.0248
INFO:root:Epoch no. 426 of 500 (samples: 289825)
INFO:root:Loss: 2.0873 +/- 0.0331
INFO:root:Epoch no. 427 of 500 (samples: 289825)
INFO:root:Loss: 2.0884 +/- 0.0327
INFO:root:Epoch no. 428 of 500 (samples: 289825)
INFO:root:Loss: 2.0859 +/- 0.0262
INFO:root:Epoch no. 429 of 500 (samples: 289825)
INFO:root:Loss: 2.0818 +/- 0.026
INFO:root:Epoch no. 430 of 500 (samples: 289825)
INFO:root:Loss: 2.0832 +/- 0.0182
INFO:root:Epoch no. 431 of 500 (samples: 289825)
INFO:root:Loss: 2.0775 +/- 0.023
INFO:root:Epoch no. 432 of 500 (samples: 289825)
INFO:root:Loss: 2.0775 +/- 0.0252
INFO:root:Epoch no. 433 of 500 (samples: 289825)
INFO:root:Loss: 2.0855 +/- 0.0264
INFO:root:Epoch no. 434 of 500 (samples: 289825)
INFO:root:Loss: 2.0842 +/- 0.0245
INFO:root:Epoch no. 435 of 500 (samples: 289825)
INFO:root:Loss: 2.0804 +/- 0.03
INFO:root:Epoch no. 436 of 500 (samples: 289825)
INFO:root:Loss: 2.0806 +/- 0.0278
INFO:root:Epoch no. 437 of 500 (samples: 289825)
INFO:root:Loss: 2.0865 +/- 0.0272
INFO:root:Epoch no. 438 of 500 (samples: 289825)
INFO:root:Loss: 2.0811 +/- 0.0282
INFO:root:Epoch no. 439 of 500 (samples: 289825)
INFO:root:Loss: 2.0814 +/- 0.0174
INFO:root:Epoch no. 440 of 500 (samples: 289825)
INFO:root:Loss: 2.0832 +/- 0.0287
INFO:root:Epoch no. 441 of 500 (samples: 289825)
INFO:root:Loss: 2.0821 +/- 0.0205
INFO:root:Epoch no. 442 of 500 (samples: 289825)
INFO:root:Loss: 2.0797 +/- 0.029
INFO:root:Epoch no. 443 of 500 (samples: 289825)
INFO:root:Loss: 2.0817 +/- 0.0306
INFO:root:Epoch no. 444 of 500 (samples: 289825)
INFO:root:Loss: 2.0849 +/- 0.0277
INFO:root:Epoch no. 445 of 500 (samples: 289825)
INFO:root:Loss: 2.081 +/- 0.0257
INFO:root:Epoch no. 446 of 500 (samples: 289825)
INFO:root:Loss: 2.08 +/- 0.0253
INFO:root:Epoch no. 447 of 500 (samples: 289825)
INFO:root:Loss: 2.0823 +/- 0.0293
INFO:root:Epoch no. 448 of 500 (samples: 289825)
INFO:root:Loss: 2.0832 +/- 0.0291
INFO:root:Epoch no. 449 of 500 (samples: 289825)
INFO:root:Loss: 2.0801 +/- 0.0177
INFO:root:Epoch no. 450 of 500 (samples: 289825)
INFO:root:Loss: 2.0819 +/- 0.0195
INFO:root:Epoch no. 451 of 500 (samples: 289825)
INFO:root:Loss: 2.0813 +/- 0.0225
INFO:root:Epoch no. 452 of 500 (samples: 289825)
INFO:root:Loss: 2.0817 +/- 0.0278
INFO:root:Epoch no. 453 of 500 (samples: 289825)
INFO:root:Loss: 2.077 +/- 0.027
INFO:root:Epoch no. 454 of 500 (samples: 289825)
INFO:root:Loss: 2.082 +/- 0.0257
INFO:root:Epoch no. 455 of 500 (samples: 289825)
INFO:root:Loss: 2.0798 +/- 0.0279
INFO:root:Epoch no. 456 of 500 (samples: 289825)
INFO:root:Loss: 2.08 +/- 0.0247
INFO:root:Epoch no. 457 of 500 (samples: 289825)
INFO:root:Loss: 2.08 +/- 0.0316
INFO:root:Epoch no. 458 of 500 (samples: 289825)
INFO:root:Loss: 2.0767 +/- 0.0212
INFO:root:Epoch no. 459 of 500 (samples: 289825)
INFO:root:Loss: 2.0796 +/- 0.0276
INFO:root:Epoch no. 460 of 500 (samples: 289825)
INFO:root:Loss: 2.0802 +/- 0.0263
INFO:root:Epoch no. 461 of 500 (samples: 289825)
INFO:root:Loss: 2.0858 +/- 0.0222
INFO:root:Epoch no. 462 of 500 (samples: 289825)
INFO:root:Loss: 2.0768 +/- 0.0272
INFO:root:Epoch no. 463 of 500 (samples: 289825)
INFO:root:Loss: 2.0821 +/- 0.0257
INFO:root:Epoch no. 464 of 500 (samples: 289825)
INFO:root:Loss: 2.0798 +/- 0.0236
INFO:root:Epoch no. 465 of 500 (samples: 289825)
INFO:root:Loss: 2.0775 +/- 0.0259
INFO:root:Epoch no. 466 of 500 (samples: 289825)
INFO:root:Loss: 2.0788 +/- 0.02
INFO:root:Epoch no. 467 of 500 (samples: 289825)
INFO:root:Loss: 2.0778 +/- 0.0303
INFO:root:Epoch no. 468 of 500 (samples: 289825)
INFO:root:Loss: 2.0831 +/- 0.0301
INFO:root:Epoch no. 469 of 500 (samples: 289825)
INFO:root:Loss: 2.0771 +/- 0.028
INFO:root:Epoch no. 470 of 500 (samples: 289825)
INFO:root:Loss: 2.0784 +/- 0.0231
INFO:root:Epoch no. 471 of 500 (samples: 289825)
INFO:root:Loss: 2.0804 +/- 0.0257
INFO:root:Epoch no. 472 of 500 (samples: 289825)
INFO:root:Loss: 2.0782 +/- 0.0284
INFO:root:Epoch no. 473 of 500 (samples: 289825)
INFO:root:Loss: 2.0813 +/- 0.0261
INFO:root:Epoch no. 474 of 500 (samples: 289825)
INFO:root:Loss: 2.08 +/- 0.0242
INFO:root:Epoch no. 475 of 500 (samples: 289825)
INFO:root:Loss: 2.0821 +/- 0.0283
INFO:root:Epoch no. 476 of 500 (samples: 289825)
INFO:root:Loss: 2.0826 +/- 0.0301
INFO:root:Epoch no. 477 of 500 (samples: 289825)
INFO:root:Loss: 2.0793 +/- 0.0215
INFO:root:Epoch no. 478 of 500 (samples: 289825)
INFO:root:Loss: 2.0778 +/- 0.0256
INFO:root:Epoch no. 479 of 500 (samples: 289825)
INFO:root:Loss: 2.0779 +/- 0.0302
INFO:root:Epoch no. 480 of 500 (samples: 289825)
INFO:root:Loss: 2.0764 +/- 0.0255
INFO:root:Epoch no. 481 of 500 (samples: 289825)
INFO:root:Loss: 2.0786 +/- 0.024
INFO:root:Epoch no. 482 of 500 (samples: 289825)
INFO:root:Loss: 2.0769 +/- 0.0272
INFO:root:Epoch no. 483 of 500 (samples: 289825)
INFO:root:Loss: 2.0798 +/- 0.0217
INFO:root:Epoch no. 484 of 500 (samples: 289825)
INFO:root:Loss: 2.0837 +/- 0.0278
INFO:root:Epoch no. 485 of 500 (samples: 289825)
INFO:root:Loss: 2.0732 +/- 0.0289
INFO:root:Epoch no. 486 of 500 (samples: 289825)
INFO:root:Loss: 2.083 +/- 0.0253
INFO:root:Epoch no. 487 of 500 (samples: 289825)
INFO:root:Loss: 2.0834 +/- 0.0298
INFO:root:Epoch no. 488 of 500 (samples: 289825)
INFO:root:Loss: 2.0801 +/- 0.022
INFO:root:Epoch no. 489 of 500 (samples: 289825)
INFO:root:Loss: 2.0799 +/- 0.0226
INFO:root:Epoch no. 490 of 500 (samples: 289825)
INFO:root:Loss: 2.0824 +/- 0.0239
INFO:root:Epoch no. 491 of 500 (samples: 289825)
INFO:root:Loss: 2.0735 +/- 0.0196
INFO:root:Epoch no. 492 of 500 (samples: 289825)
INFO:root:Loss: 2.0794 +/- 0.0225
INFO:root:Epoch no. 493 of 500 (samples: 289825)
INFO:root:Loss: 2.0808 +/- 0.027
INFO:root:Epoch no. 494 of 500 (samples: 289825)
INFO:root:Loss: 2.082 +/- 0.0222
INFO:root:Epoch no. 495 of 500 (samples: 289825)
INFO:root:Loss: 2.0774 +/- 0.017
INFO:root:Epoch no. 496 of 500 (samples: 289825)
INFO:root:Loss: 2.0784 +/- 0.0175
INFO:root:Epoch no. 497 of 500 (samples: 289825)
INFO:root:Loss: 2.0794 +/- 0.025
INFO:root:Epoch no. 498 of 500 (samples: 289825)
INFO:root:Loss: 2.0719 +/- 0.0221
INFO:root:Epoch no. 499 of 500 (samples: 289825)
INFO:root:Loss: 2.0773 +/- 0.0269
INFO:root:Epoch no. 500 of 500 (samples: 289825)
INFO:root:Loss: 2.0792 +/- 0.0249
/usr/local/lib/python3.5/dist-packages/keras/backend/theano_backend.py:527: UserWarning: theano.function was asked to create a function computing outputs given certain inputs, but the provided input variable at index 2 is not part of the computational graph needed to compute the outputs: keras_learning_phase.
To make this warning into an error, you can pass the parameter on_unused_input='raise' to theano.function. To disable it completely, use on_unused_input='ignore'.
  **kwargs)
INFO:root:### MICRO (validation raw):
INFO:root:	-- left   >> mean: 2085.0774, median: 218.5, mrr: 0.07, hits@1: 0.56%
INFO:root:	-- right  >> mean: 257.4056, median: 25.0, mrr: 0.147, hits@1: 4.4%
INFO:root:	-- global >> mean: 1171.2415, median: 60.0, mrr: 0.109, hits@1: 2.48%
INFO:root:### MICRO (validation raw):
INFO:root:	-- left   >> mean: 2085.0774, median: 218.5, mrr: 0.07, hits@3: 9.34%
INFO:root:	-- right  >> mean: 257.4056, median: 25.0, mrr: 0.147, hits@3: 17.66%
INFO:root:	-- global >> mean: 1171.2415, median: 60.0, mrr: 0.109, hits@3: 13.5%
INFO:root:### MICRO (validation raw):
INFO:root:	-- left   >> mean: 2085.0774, median: 218.5, mrr: 0.07, hits@5: 13.7%
INFO:root:	-- right  >> mean: 257.4056, median: 25.0, mrr: 0.147, hits@5: 25.3%
INFO:root:	-- global >> mean: 1171.2415, median: 60.0, mrr: 0.109, hits@5: 19.5%
INFO:root:### MICRO (validation raw):
INFO:root:	-- left   >> mean: 2085.0774, median: 218.5, mrr: 0.07, hits@10: 20.1%
INFO:root:	-- right  >> mean: 257.4056, median: 25.0, mrr: 0.147, hits@10: 36.52%
INFO:root:	-- global >> mean: 1171.2415, median: 60.0, mrr: 0.109, hits@10: 28.31%
INFO:root:### MICRO (validation filtered):
INFO:root:	-- left   >> mean: 1856.4896, median: 171.5, mrr: 0.093, hits@1: 0.86%
INFO:root:	-- right  >> mean: 255.0084, median: 23.0, mrr: 0.171, hits@1: 5.48%
INFO:root:	-- global >> mean: 1055.749, median: 53.0, mrr: 0.132, hits@1: 3.17%
INFO:root:### MICRO (validation filtered):
INFO:root:	-- left   >> mean: 1856.4896, median: 171.5, mrr: 0.093, hits@3: 14.24%
INFO:root:	-- right  >> mean: 255.0084, median: 23.0, mrr: 0.171, hits@3: 22.14%
INFO:root:	-- global >> mean: 1055.749, median: 53.0, mrr: 0.132, hits@3: 18.19%
INFO:root:### MICRO (validation filtered):
INFO:root:	-- left   >> mean: 1856.4896, median: 171.5, mrr: 0.093, hits@5: 17.94%
INFO:root:	-- right  >> mean: 255.0084, median: 23.0, mrr: 0.171, hits@5: 29.26%
INFO:root:	-- global >> mean: 1055.749, median: 53.0, mrr: 0.132, hits@5: 23.6%
INFO:root:### MICRO (validation filtered):
INFO:root:	-- left   >> mean: 1856.4896, median: 171.5, mrr: 0.093, hits@10: 23.28%
INFO:root:	-- right  >> mean: 255.0084, median: 23.0, mrr: 0.171, hits@10: 38.92%
INFO:root:	-- global >> mean: 1055.749, median: 53.0, mrr: 0.132, hits@10: 31.1%
INFO:root:### MICRO (test raw):
INFO:root:	-- left   >> mean: 2077.7372, median: 221.5, mrr: 0.065, hits@1: 0.56%
INFO:root:	-- right  >> mean: 239.2144, median: 24.0, mrr: 0.148, hits@1: 4.8%
INFO:root:	-- global >> mean: 1158.4758, median: 62.0, mrr: 0.107, hits@1: 2.68%
INFO:root:### MICRO (test raw):
INFO:root:	-- left   >> mean: 2077.7372, median: 221.5, mrr: 0.065, hits@3: 8.0%
INFO:root:	-- right  >> mean: 239.2144, median: 24.0, mrr: 0.148, hits@3: 17.34%
INFO:root:	-- global >> mean: 1158.4758, median: 62.0, mrr: 0.107, hits@3: 12.67%
INFO:root:### MICRO (test raw):
INFO:root:	-- left   >> mean: 2077.7372, median: 221.5, mrr: 0.065, hits@5: 12.48%
INFO:root:	-- right  >> mean: 239.2144, median: 24.0, mrr: 0.148, hits@5: 25.08%
INFO:root:	-- global >> mean: 1158.4758, median: 62.0, mrr: 0.107, hits@5: 18.78%
INFO:root:### MICRO (test raw):
INFO:root:	-- left   >> mean: 2077.7372, median: 221.5, mrr: 0.065, hits@10: 18.44%
INFO:root:	-- right  >> mean: 239.2144, median: 24.0, mrr: 0.148, hits@10: 36.28%
INFO:root:	-- global >> mean: 1158.4758, median: 62.0, mrr: 0.107, hits@10: 27.36%
INFO:root:### MICRO (test filtered):
INFO:root:	-- left   >> mean: 1858.7916, median: 169.0, mrr: 0.088, hits@1: 0.94%
INFO:root:	-- right  >> mean: 236.7704, median: 22.0, mrr: 0.176, hits@1: 6.32%
INFO:root:	-- global >> mean: 1047.781, median: 53.0, mrr: 0.132, hits@1: 3.63%
INFO:root:### MICRO (test filtered):
INFO:root:	-- left   >> mean: 1858.7916, median: 169.0, mrr: 0.088, hits@3: 12.76%
INFO:root:	-- right  >> mean: 236.7704, median: 22.0, mrr: 0.176, hits@3: 22.22%
INFO:root:	-- global >> mean: 1047.781, median: 53.0, mrr: 0.132, hits@3: 17.49%
INFO:root:### MICRO (test filtered):
INFO:root:	-- left   >> mean: 1858.7916, median: 169.0, mrr: 0.088, hits@5: 16.48%
INFO:root:	-- right  >> mean: 236.7704, median: 22.0, mrr: 0.176, hits@5: 29.14%
INFO:root:	-- global >> mean: 1047.781, median: 53.0, mrr: 0.132, hits@5: 22.81%
INFO:root:### MICRO (test filtered):
INFO:root:	-- left   >> mean: 1858.7916, median: 169.0, mrr: 0.088, hits@10: 22.08%
INFO:root:	-- right  >> mean: 236.7704, median: 22.0, mrr: 0.176, hits@10: 38.68%
INFO:root:	-- global >> mean: 1047.781, median: 53.0, mrr: 0.132, hits@10: 30.38%
