Using Theano backend.
Using gpu device 0: GeForce GTX TITAN X (CNMeM is disabled, cuDNN not available)
INFO:root:Acquiring data/music_2015-10_mte10_5k/music_2015-10_mte10-train.tsv.gz ..
INFO:root:Acquiring data/music_2015-10_mte10_5k/music_2015-10_mte10-valid.tsv.gz ..
INFO:root:Acquiring data/music_2015-10_mte10_5k/music_2015-10_mte10-test.tsv.gz ..
INFO:root:[Rules] Adding Head: 3, Tail: [(2, False)]
INFO:root:[Rules] Adding Head: 3, Tail: [(3, False), (2, False)]
INFO:root:[Rules] Adding Head: 3, Tail: [(3, False), (3, False)]
INFO:root:[Rules] Adding Head: 3, Tail: [(2, False), (2, False)]
INFO:root:[Rules] Adding Head: 3, Tail: [(2, False), (3, False)]
INFO:root:[Rules] Adding Head: 6, Tail: [(5, False)]
INFO:root:[Rules] Adding Head: 2, Tail: [(3, False)]
INFO:root:[Rules] Adding Head: 2, Tail: [(2, False), (2, False)]
INFO:root:[Rules] Adding Head: 2, Tail: [(2, False), (3, False)]
INFO:root:[Rules] Adding Head: 2, Tail: [(3, False), (2, False)]
INFO:root:[Rules] Adding Head: 2, Tail: [(3, False), (3, False)]
INFO:root:[Rules] Adding Head: 5, Tail: [(6, False)]
INFO:root:Samples: 260842, no. batches: 10 -> batch size: 26085
INFO:root:Epoch no. 1 of 500 (samples: 260842)
INFO:root:Loss: 1953.622 +/- 327.0393
INFO:root:Epoch no. 2 of 500 (samples: 260842)
INFO:root:Loss: 1382.1253 +/- 27.8153
INFO:root:Epoch no. 3 of 500 (samples: 260842)
INFO:root:Loss: 1150.5432 +/- 22.6773
INFO:root:Epoch no. 4 of 500 (samples: 260842)
INFO:root:Loss: 965.0704 +/- 13.2375
INFO:root:Epoch no. 5 of 500 (samples: 260842)
INFO:root:Loss: 851.7481 +/- 8.1977
INFO:root:Epoch no. 6 of 500 (samples: 260842)
INFO:root:Loss: 787.1309 +/- 10.4458
INFO:root:Epoch no. 7 of 500 (samples: 260842)
INFO:root:Loss: 744.1193 +/- 10.9029
INFO:root:Epoch no. 8 of 500 (samples: 260842)
INFO:root:Loss: 710.5645 +/- 12.9253
INFO:root:Epoch no. 9 of 500 (samples: 260842)
INFO:root:Loss: 685.8598 +/- 11.0771
INFO:root:Epoch no. 10 of 500 (samples: 260842)
INFO:root:Loss: 665.3975 +/- 11.1996
INFO:root:Epoch no. 11 of 500 (samples: 260842)
INFO:root:Loss: 649.7141 +/- 10.317
INFO:root:Epoch no. 12 of 500 (samples: 260842)
INFO:root:Loss: 635.3485 +/- 10.6294
INFO:root:Epoch no. 13 of 500 (samples: 260842)
INFO:root:Loss: 624.2694 +/- 11.1498
INFO:root:Epoch no. 14 of 500 (samples: 260842)
INFO:root:Loss: 614.4594 +/- 12.1546
INFO:root:Epoch no. 15 of 500 (samples: 260842)
INFO:root:Loss: 606.0785 +/- 11.8148
INFO:root:Epoch no. 16 of 500 (samples: 260842)
INFO:root:Loss: 598.0535 +/- 12.8266
INFO:root:Epoch no. 17 of 500 (samples: 260842)
INFO:root:Loss: 593.627 +/- 11.9099
INFO:root:Epoch no. 18 of 500 (samples: 260842)
INFO:root:Loss: 588.1914 +/- 10.0895
INFO:root:Epoch no. 19 of 500 (samples: 260842)
INFO:root:Loss: 581.5846 +/- 10.8284
INFO:root:Epoch no. 20 of 500 (samples: 260842)
INFO:root:Loss: 577.7468 +/- 10.3865
INFO:root:Epoch no. 21 of 500 (samples: 260842)
INFO:root:Loss: 574.7212 +/- 9.6864
INFO:root:Epoch no. 22 of 500 (samples: 260842)
INFO:root:Loss: 569.9526 +/- 10.2871
INFO:root:Epoch no. 23 of 500 (samples: 260842)
INFO:root:Loss: 569.2141 +/- 8.5019
INFO:root:Epoch no. 24 of 500 (samples: 260842)
INFO:root:Loss: 567.2457 +/- 9.837
INFO:root:Epoch no. 25 of 500 (samples: 260842)
INFO:root:Loss: 562.2333 +/- 10.4779
INFO:root:Epoch no. 26 of 500 (samples: 260842)
INFO:root:Loss: 562.3346 +/- 8.1916
INFO:root:Epoch no. 27 of 500 (samples: 260842)
INFO:root:Loss: 559.9869 +/- 9.7424
INFO:root:Epoch no. 28 of 500 (samples: 260842)
INFO:root:Loss: 558.7583 +/- 11.5768
INFO:root:Epoch no. 29 of 500 (samples: 260842)
INFO:root:Loss: 557.1997 +/- 7.5979
INFO:root:Epoch no. 30 of 500 (samples: 260842)
INFO:root:Loss: 554.8721 +/- 9.3839
INFO:root:Epoch no. 31 of 500 (samples: 260842)
INFO:root:Loss: 553.5585 +/- 9.1404
INFO:root:Epoch no. 32 of 500 (samples: 260842)
INFO:root:Loss: 552.522 +/- 9.7106
INFO:root:Epoch no. 33 of 500 (samples: 260842)
INFO:root:Loss: 552.0764 +/- 11.02
INFO:root:Epoch no. 34 of 500 (samples: 260842)
INFO:root:Loss: 551.2589 +/- 8.5652
INFO:root:Epoch no. 35 of 500 (samples: 260842)
INFO:root:Loss: 549.6411 +/- 8.7665
INFO:root:Epoch no. 36 of 500 (samples: 260842)
INFO:root:Loss: 549.013 +/- 8.7996
INFO:root:Epoch no. 37 of 500 (samples: 260842)
INFO:root:Loss: 548.78 +/- 10.3772
INFO:root:Epoch no. 38 of 500 (samples: 260842)
INFO:root:Loss: 547.0707 +/- 10.0999
INFO:root:Epoch no. 39 of 500 (samples: 260842)
INFO:root:Loss: 546.0541 +/- 9.5131
INFO:root:Epoch no. 40 of 500 (samples: 260842)
INFO:root:Loss: 546.579 +/- 7.4396
INFO:root:Epoch no. 41 of 500 (samples: 260842)
INFO:root:Loss: 545.6206 +/- 9.68
INFO:root:Epoch no. 42 of 500 (samples: 260842)
INFO:root:Loss: 544.4979 +/- 8.8532
INFO:root:Epoch no. 43 of 500 (samples: 260842)
INFO:root:Loss: 544.1977 +/- 9.8738
INFO:root:Epoch no. 44 of 500 (samples: 260842)
INFO:root:Loss: 543.6549 +/- 8.9859
INFO:root:Epoch no. 45 of 500 (samples: 260842)
INFO:root:Loss: 542.3196 +/- 9.3719
INFO:root:Epoch no. 46 of 500 (samples: 260842)
INFO:root:Loss: 543.4621 +/- 9.1092
INFO:root:Epoch no. 47 of 500 (samples: 260842)
INFO:root:Loss: 542.5277 +/- 7.1222
INFO:root:Epoch no. 48 of 500 (samples: 260842)
INFO:root:Loss: 541.1513 +/- 6.3665
INFO:root:Epoch no. 49 of 500 (samples: 260842)
INFO:root:Loss: 541.1495 +/- 6.2739
INFO:root:Epoch no. 50 of 500 (samples: 260842)
INFO:root:Loss: 541.3092 +/- 7.4975
INFO:root:Epoch no. 51 of 500 (samples: 260842)
INFO:root:Loss: 540.6953 +/- 10.1056
INFO:root:Epoch no. 52 of 500 (samples: 260842)
INFO:root:Loss: 539.7881 +/- 5.7879
INFO:root:Epoch no. 53 of 500 (samples: 260842)
INFO:root:Loss: 539.6881 +/- 7.0343
INFO:root:Epoch no. 54 of 500 (samples: 260842)
INFO:root:Loss: 539.9499 +/- 7.5412
INFO:root:Epoch no. 55 of 500 (samples: 260842)
INFO:root:Loss: 539.7704 +/- 8.8047
INFO:root:Epoch no. 56 of 500 (samples: 260842)
INFO:root:Loss: 538.4641 +/- 8.1597
INFO:root:Epoch no. 57 of 500 (samples: 260842)
INFO:root:Loss: 538.164 +/- 5.4188
INFO:root:Epoch no. 58 of 500 (samples: 260842)
INFO:root:Loss: 538.2234 +/- 6.6353
INFO:root:Epoch no. 59 of 500 (samples: 260842)
INFO:root:Loss: 537.5371 +/- 6.5242
INFO:root:Epoch no. 60 of 500 (samples: 260842)
INFO:root:Loss: 537.8796 +/- 7.0372
INFO:root:Epoch no. 61 of 500 (samples: 260842)
INFO:root:Loss: 537.4148 +/- 7.0364
INFO:root:Epoch no. 62 of 500 (samples: 260842)
INFO:root:Loss: 537.447 +/- 6.681
INFO:root:Epoch no. 63 of 500 (samples: 260842)
INFO:root:Loss: 538.1462 +/- 9.2333
INFO:root:Epoch no. 64 of 500 (samples: 260842)
INFO:root:Loss: 537.8967 +/- 6.6949
INFO:root:Epoch no. 65 of 500 (samples: 260842)
INFO:root:Loss: 537.6158 +/- 7.2326
INFO:root:Epoch no. 66 of 500 (samples: 260842)
INFO:root:Loss: 537.4276 +/- 5.784
INFO:root:Epoch no. 67 of 500 (samples: 260842)
INFO:root:Loss: 536.9235 +/- 5.7313
INFO:root:Epoch no. 68 of 500 (samples: 260842)
INFO:root:Loss: 536.9393 +/- 7.8422
INFO:root:Epoch no. 69 of 500 (samples: 260842)
INFO:root:Loss: 536.1646 +/- 5.9409
INFO:root:Epoch no. 70 of 500 (samples: 260842)
INFO:root:Loss: 535.6175 +/- 7.2015
INFO:root:Epoch no. 71 of 500 (samples: 260842)
INFO:root:Loss: 535.1165 +/- 7.7956
INFO:root:Epoch no. 72 of 500 (samples: 260842)
INFO:root:Loss: 535.3122 +/- 7.4488
INFO:root:Epoch no. 73 of 500 (samples: 260842)
INFO:root:Loss: 535.0955 +/- 7.7602
INFO:root:Epoch no. 74 of 500 (samples: 260842)
INFO:root:Loss: 534.765 +/- 6.6032
INFO:root:Epoch no. 75 of 500 (samples: 260842)
INFO:root:Loss: 535.6882 +/- 7.4182
INFO:root:Epoch no. 76 of 500 (samples: 260842)
INFO:root:Loss: 535.7037 +/- 6.3585
INFO:root:Epoch no. 77 of 500 (samples: 260842)
INFO:root:Loss: 534.9145 +/- 6.9774
INFO:root:Epoch no. 78 of 500 (samples: 260842)
INFO:root:Loss: 535.8292 +/- 7.5428
INFO:root:Epoch no. 79 of 500 (samples: 260842)
INFO:root:Loss: 535.198 +/- 6.8083
INFO:root:Epoch no. 80 of 500 (samples: 260842)
INFO:root:Loss: 534.2906 +/- 6.2151
INFO:root:Epoch no. 81 of 500 (samples: 260842)
INFO:root:Loss: 534.5306 +/- 7.672
INFO:root:Epoch no. 82 of 500 (samples: 260842)
INFO:root:Loss: 535.3343 +/- 6.6564
INFO:root:Epoch no. 83 of 500 (samples: 260842)
INFO:root:Loss: 534.0157 +/- 7.0375
INFO:root:Epoch no. 84 of 500 (samples: 260842)
INFO:root:Loss: 533.8466 +/- 8.1384
INFO:root:Epoch no. 85 of 500 (samples: 260842)
INFO:root:Loss: 533.9042 +/- 7.2006
INFO:root:Epoch no. 86 of 500 (samples: 260842)
INFO:root:Loss: 533.2885 +/- 9.8171
INFO:root:Epoch no. 87 of 500 (samples: 260842)
INFO:root:Loss: 534.2904 +/- 6.7072
INFO:root:Epoch no. 88 of 500 (samples: 260842)
INFO:root:Loss: 534.1292 +/- 6.5614
INFO:root:Epoch no. 89 of 500 (samples: 260842)
INFO:root:Loss: 533.2347 +/- 6.5704
INFO:root:Epoch no. 90 of 500 (samples: 260842)
INFO:root:Loss: 533.0497 +/- 6.3933
INFO:root:Epoch no. 91 of 500 (samples: 260842)
INFO:root:Loss: 533.0152 +/- 8.8875
INFO:root:Epoch no. 92 of 500 (samples: 260842)
INFO:root:Loss: 532.9288 +/- 6.2355
INFO:root:Epoch no. 93 of 500 (samples: 260842)
INFO:root:Loss: 534.1971 +/- 7.6638
INFO:root:Epoch no. 94 of 500 (samples: 260842)
INFO:root:Loss: 534.5335 +/- 5.9973
INFO:root:Epoch no. 95 of 500 (samples: 260842)
INFO:root:Loss: 532.4655 +/- 7.3174
INFO:root:Epoch no. 96 of 500 (samples: 260842)
INFO:root:Loss: 532.6268 +/- 8.6403
INFO:root:Epoch no. 97 of 500 (samples: 260842)
INFO:root:Loss: 531.4589 +/- 6.2474
INFO:root:Epoch no. 98 of 500 (samples: 260842)
INFO:root:Loss: 532.6739 +/- 7.109
INFO:root:Epoch no. 99 of 500 (samples: 260842)
INFO:root:Loss: 532.4301 +/- 4.8239
INFO:root:Epoch no. 100 of 500 (samples: 260842)
INFO:root:Loss: 533.43 +/- 5.2823
INFO:root:Epoch no. 101 of 500 (samples: 260842)
INFO:root:Loss: 531.8637 +/- 6.5016
INFO:root:Epoch no. 102 of 500 (samples: 260842)
INFO:root:Loss: 532.5794 +/- 7.9323
INFO:root:Epoch no. 103 of 500 (samples: 260842)
INFO:root:Loss: 531.2292 +/- 8.2396
INFO:root:Epoch no. 104 of 500 (samples: 260842)
INFO:root:Loss: 530.2826 +/- 7.0809
INFO:root:Epoch no. 105 of 500 (samples: 260842)
INFO:root:Loss: 531.3638 +/- 5.8515
INFO:root:Epoch no. 106 of 500 (samples: 260842)
INFO:root:Loss: 532.0167 +/- 7.8128
INFO:root:Epoch no. 107 of 500 (samples: 260842)
INFO:root:Loss: 531.537 +/- 5.6084
INFO:root:Epoch no. 108 of 500 (samples: 260842)
INFO:root:Loss: 531.683 +/- 7.3882
INFO:root:Epoch no. 109 of 500 (samples: 260842)
INFO:root:Loss: 530.8788 +/- 7.5345
INFO:root:Epoch no. 110 of 500 (samples: 260842)
INFO:root:Loss: 531.117 +/- 5.7461
INFO:root:Epoch no. 111 of 500 (samples: 260842)
INFO:root:Loss: 531.6363 +/- 6.506
INFO:root:Epoch no. 112 of 500 (samples: 260842)
INFO:root:Loss: 530.9639 +/- 7.0048
INFO:root:Epoch no. 113 of 500 (samples: 260842)
INFO:root:Loss: 530.5781 +/- 7.4402
INFO:root:Epoch no. 114 of 500 (samples: 260842)
INFO:root:Loss: 531.2722 +/- 5.1528
INFO:root:Epoch no. 115 of 500 (samples: 260842)
INFO:root:Loss: 531.8178 +/- 7.101
INFO:root:Epoch no. 116 of 500 (samples: 260842)
INFO:root:Loss: 530.7077 +/- 6.424
INFO:root:Epoch no. 117 of 500 (samples: 260842)
INFO:root:Loss: 530.0583 +/- 5.5344
INFO:root:Epoch no. 118 of 500 (samples: 260842)
INFO:root:Loss: 532.0087 +/- 8.1195
INFO:root:Epoch no. 119 of 500 (samples: 260842)
INFO:root:Loss: 530.743 +/- 5.8722
INFO:root:Epoch no. 120 of 500 (samples: 260842)
INFO:root:Loss: 531.0927 +/- 6.0773
INFO:root:Epoch no. 121 of 500 (samples: 260842)
INFO:root:Loss: 530.1954 +/- 7.2007
INFO:root:Epoch no. 122 of 500 (samples: 260842)
INFO:root:Loss: 528.5972 +/- 4.1171
INFO:root:Epoch no. 123 of 500 (samples: 260842)
INFO:root:Loss: 530.1827 +/- 6.3722
INFO:root:Epoch no. 124 of 500 (samples: 260842)
INFO:root:Loss: 529.8851 +/- 5.4442
INFO:root:Epoch no. 125 of 500 (samples: 260842)
INFO:root:Loss: 529.9361 +/- 6.3236
INFO:root:Epoch no. 126 of 500 (samples: 260842)
INFO:root:Loss: 529.6133 +/- 6.6506
INFO:root:Epoch no. 127 of 500 (samples: 260842)
INFO:root:Loss: 530.9388 +/- 5.695
INFO:root:Epoch no. 128 of 500 (samples: 260842)
INFO:root:Loss: 530.6336 +/- 5.1842
INFO:root:Epoch no. 129 of 500 (samples: 260842)
INFO:root:Loss: 529.9804 +/- 6.9362
INFO:root:Epoch no. 130 of 500 (samples: 260842)
INFO:root:Loss: 529.5849 +/- 4.3991
INFO:root:Epoch no. 131 of 500 (samples: 260842)
INFO:root:Loss: 530.2343 +/- 6.4099
INFO:root:Epoch no. 132 of 500 (samples: 260842)
INFO:root:Loss: 528.8293 +/- 4.3819
INFO:root:Epoch no. 133 of 500 (samples: 260842)
INFO:root:Loss: 529.4818 +/- 5.8412
INFO:root:Epoch no. 134 of 500 (samples: 260842)
INFO:root:Loss: 529.2857 +/- 5.6974
INFO:root:Epoch no. 135 of 500 (samples: 260842)
INFO:root:Loss: 529.9034 +/- 7.4135
INFO:root:Epoch no. 136 of 500 (samples: 260842)
INFO:root:Loss: 528.7407 +/- 5.8302
INFO:root:Epoch no. 137 of 500 (samples: 260842)
INFO:root:Loss: 530.0573 +/- 3.734
INFO:root:Epoch no. 138 of 500 (samples: 260842)
INFO:root:Loss: 528.6342 +/- 5.0542
INFO:root:Epoch no. 139 of 500 (samples: 260842)
INFO:root:Loss: 529.3042 +/- 6.6212
INFO:root:Epoch no. 140 of 500 (samples: 260842)
INFO:root:Loss: 529.3057 +/- 5.1031
INFO:root:Epoch no. 141 of 500 (samples: 260842)
INFO:root:Loss: 529.2237 +/- 6.6959
INFO:root:Epoch no. 142 of 500 (samples: 260842)
INFO:root:Loss: 528.192 +/- 5.9337
INFO:root:Epoch no. 143 of 500 (samples: 260842)
INFO:root:Loss: 528.5025 +/- 4.5087
INFO:root:Epoch no. 144 of 500 (samples: 260842)
INFO:root:Loss: 528.9081 +/- 5.4728
INFO:root:Epoch no. 145 of 500 (samples: 260842)
INFO:root:Loss: 528.716 +/- 5.5632
INFO:root:Epoch no. 146 of 500 (samples: 260842)
INFO:root:Loss: 528.5959 +/- 4.8704
INFO:root:Epoch no. 147 of 500 (samples: 260842)
INFO:root:Loss: 529.4814 +/- 6.8641
INFO:root:Epoch no. 148 of 500 (samples: 260842)
INFO:root:Loss: 529.0564 +/- 5.8972
INFO:root:Epoch no. 149 of 500 (samples: 260842)
INFO:root:Loss: 527.4887 +/- 5.9806
INFO:root:Epoch no. 150 of 500 (samples: 260842)
INFO:root:Loss: 529.4513 +/- 4.8887
INFO:root:Epoch no. 151 of 500 (samples: 260842)
INFO:root:Loss: 528.5425 +/- 4.4092
INFO:root:Epoch no. 152 of 500 (samples: 260842)
INFO:root:Loss: 528.1698 +/- 5.6507
INFO:root:Epoch no. 153 of 500 (samples: 260842)
INFO:root:Loss: 527.022 +/- 6.6674
INFO:root:Epoch no. 154 of 500 (samples: 260842)
INFO:root:Loss: 527.4064 +/- 4.5802
INFO:root:Epoch no. 155 of 500 (samples: 260842)
INFO:root:Loss: 527.8969 +/- 5.0402
INFO:root:Epoch no. 156 of 500 (samples: 260842)
INFO:root:Loss: 528.1602 +/- 4.4969
INFO:root:Epoch no. 157 of 500 (samples: 260842)
INFO:root:Loss: 527.5943 +/- 6.4959
INFO:root:Epoch no. 158 of 500 (samples: 260842)
INFO:root:Loss: 527.1811 +/- 5.4562
INFO:root:Epoch no. 159 of 500 (samples: 260842)
INFO:root:Loss: 527.5265 +/- 7.4154
INFO:root:Epoch no. 160 of 500 (samples: 260842)
INFO:root:Loss: 527.6952 +/- 5.4167
INFO:root:Epoch no. 161 of 500 (samples: 260842)
INFO:root:Loss: 527.4521 +/- 5.6355
INFO:root:Epoch no. 162 of 500 (samples: 260842)
INFO:root:Loss: 528.0403 +/- 6.6671
INFO:root:Epoch no. 163 of 500 (samples: 260842)
INFO:root:Loss: 526.2788 +/- 5.209
INFO:root:Epoch no. 164 of 500 (samples: 260842)
INFO:root:Loss: 527.6209 +/- 5.1289
INFO:root:Epoch no. 165 of 500 (samples: 260842)
INFO:root:Loss: 526.1876 +/- 5.1961
INFO:root:Epoch no. 166 of 500 (samples: 260842)
INFO:root:Loss: 528.2395 +/- 5.1484
INFO:root:Epoch no. 167 of 500 (samples: 260842)
INFO:root:Loss: 527.6235 +/- 4.3316
INFO:root:Epoch no. 168 of 500 (samples: 260842)
INFO:root:Loss: 527.7205 +/- 4.9127
INFO:root:Epoch no. 169 of 500 (samples: 260842)
INFO:root:Loss: 527.1848 +/- 4.8368
INFO:root:Epoch no. 170 of 500 (samples: 260842)
INFO:root:Loss: 527.396 +/- 6.6627
INFO:root:Epoch no. 171 of 500 (samples: 260842)
INFO:root:Loss: 526.7511 +/- 4.3153
INFO:root:Epoch no. 172 of 500 (samples: 260842)
INFO:root:Loss: 526.7363 +/- 5.7151
INFO:root:Epoch no. 173 of 500 (samples: 260842)
INFO:root:Loss: 527.6129 +/- 4.4227
INFO:root:Epoch no. 174 of 500 (samples: 260842)
INFO:root:Loss: 526.0197 +/- 6.095
INFO:root:Epoch no. 175 of 500 (samples: 260842)
INFO:root:Loss: 526.4248 +/- 6.5822
INFO:root:Epoch no. 176 of 500 (samples: 260842)
INFO:root:Loss: 526.0012 +/- 5.4504
INFO:root:Epoch no. 177 of 500 (samples: 260842)
INFO:root:Loss: 526.2483 +/- 4.434
INFO:root:Epoch no. 178 of 500 (samples: 260842)
INFO:root:Loss: 525.6326 +/- 6.0208
INFO:root:Epoch no. 179 of 500 (samples: 260842)
INFO:root:Loss: 526.2553 +/- 4.6377
INFO:root:Epoch no. 180 of 500 (samples: 260842)
INFO:root:Loss: 526.9834 +/- 5.3591
INFO:root:Epoch no. 181 of 500 (samples: 260842)
INFO:root:Loss: 526.0993 +/- 4.5448
INFO:root:Epoch no. 182 of 500 (samples: 260842)
INFO:root:Loss: 525.6518 +/- 4.6463
INFO:root:Epoch no. 183 of 500 (samples: 260842)
INFO:root:Loss: 525.7822 +/- 4.0471
INFO:root:Epoch no. 184 of 500 (samples: 260842)
INFO:root:Loss: 525.4578 +/- 4.9578
INFO:root:Epoch no. 185 of 500 (samples: 260842)
INFO:root:Loss: 526.2796 +/- 3.8304
INFO:root:Epoch no. 186 of 500 (samples: 260842)
INFO:root:Loss: 527.1964 +/- 4.6355
INFO:root:Epoch no. 187 of 500 (samples: 260842)
INFO:root:Loss: 526.3642 +/- 4.6631
INFO:root:Epoch no. 188 of 500 (samples: 260842)
INFO:root:Loss: 525.9508 +/- 6.8531
INFO:root:Epoch no. 189 of 500 (samples: 260842)
INFO:root:Loss: 525.2013 +/- 3.9327
INFO:root:Epoch no. 190 of 500 (samples: 260842)
INFO:root:Loss: 525.9275 +/- 4.2859
INFO:root:Epoch no. 191 of 500 (samples: 260842)
INFO:root:Loss: 525.4438 +/- 5.5612
INFO:root:Epoch no. 192 of 500 (samples: 260842)
INFO:root:Loss: 526.1601 +/- 4.1946
INFO:root:Epoch no. 193 of 500 (samples: 260842)
INFO:root:Loss: 526.6622 +/- 5.5021
INFO:root:Epoch no. 194 of 500 (samples: 260842)
INFO:root:Loss: 525.9056 +/- 4.3572
INFO:root:Epoch no. 195 of 500 (samples: 260842)
INFO:root:Loss: 526.0945 +/- 4.4819
INFO:root:Epoch no. 196 of 500 (samples: 260842)
INFO:root:Loss: 526.1637 +/- 5.6918
INFO:root:Epoch no. 197 of 500 (samples: 260842)
INFO:root:Loss: 525.6767 +/- 4.4132
INFO:root:Epoch no. 198 of 500 (samples: 260842)
INFO:root:Loss: 525.9344 +/- 5.3952
INFO:root:Epoch no. 199 of 500 (samples: 260842)
INFO:root:Loss: 525.7189 +/- 4.8624
INFO:root:Epoch no. 200 of 500 (samples: 260842)
INFO:root:Loss: 524.3136 +/- 6.2217
INFO:root:Epoch no. 201 of 500 (samples: 260842)
INFO:root:Loss: 526.4177 +/- 3.4499
INFO:root:Epoch no. 202 of 500 (samples: 260842)
INFO:root:Loss: 526.0706 +/- 2.8098
INFO:root:Epoch no. 203 of 500 (samples: 260842)
INFO:root:Loss: 525.0816 +/- 3.253
INFO:root:Epoch no. 204 of 500 (samples: 260842)
INFO:root:Loss: 525.0545 +/- 6.6482
INFO:root:Epoch no. 205 of 500 (samples: 260842)
INFO:root:Loss: 525.2196 +/- 4.2908
INFO:root:Epoch no. 206 of 500 (samples: 260842)
INFO:root:Loss: 524.214 +/- 5.3658
INFO:root:Epoch no. 207 of 500 (samples: 260842)
INFO:root:Loss: 524.7744 +/- 3.6273
INFO:root:Epoch no. 208 of 500 (samples: 260842)
INFO:root:Loss: 524.4373 +/- 5.0412
INFO:root:Epoch no. 209 of 500 (samples: 260842)
INFO:root:Loss: 524.7654 +/- 4.0731
INFO:root:Epoch no. 210 of 500 (samples: 260842)
INFO:root:Loss: 524.3513 +/- 5.6348
INFO:root:Epoch no. 211 of 500 (samples: 260842)
INFO:root:Loss: 524.3714 +/- 3.5432
INFO:root:Epoch no. 212 of 500 (samples: 260842)
INFO:root:Loss: 524.5068 +/- 4.8626
INFO:root:Epoch no. 213 of 500 (samples: 260842)
INFO:root:Loss: 525.3033 +/- 5.0909
INFO:root:Epoch no. 214 of 500 (samples: 260842)
INFO:root:Loss: 524.6904 +/- 3.6158
INFO:root:Epoch no. 215 of 500 (samples: 260842)
INFO:root:Loss: 524.2848 +/- 4.7681
INFO:root:Epoch no. 216 of 500 (samples: 260842)
INFO:root:Loss: 523.5555 +/- 4.4439
INFO:root:Epoch no. 217 of 500 (samples: 260842)
INFO:root:Loss: 524.2371 +/- 4.8673
INFO:root:Epoch no. 218 of 500 (samples: 260842)
INFO:root:Loss: 524.3739 +/- 5.5915
INFO:root:Epoch no. 219 of 500 (samples: 260842)
INFO:root:Loss: 524.6226 +/- 5.1202
INFO:root:Epoch no. 220 of 500 (samples: 260842)
INFO:root:Loss: 524.7853 +/- 5.4378
INFO:root:Epoch no. 221 of 500 (samples: 260842)
INFO:root:Loss: 523.1269 +/- 4.8488
INFO:root:Epoch no. 222 of 500 (samples: 260842)
INFO:root:Loss: 524.2186 +/- 4.2472
INFO:root:Epoch no. 223 of 500 (samples: 260842)
INFO:root:Loss: 523.7414 +/- 5.3766
INFO:root:Epoch no. 224 of 500 (samples: 260842)
INFO:root:Loss: 523.7225 +/- 4.9851
INFO:root:Epoch no. 225 of 500 (samples: 260842)
INFO:root:Loss: 524.9558 +/- 6.2352
INFO:root:Epoch no. 226 of 500 (samples: 260842)
INFO:root:Loss: 522.7348 +/- 4.3616
INFO:root:Epoch no. 227 of 500 (samples: 260842)
INFO:root:Loss: 524.6407 +/- 4.1706
INFO:root:Epoch no. 228 of 500 (samples: 260842)
INFO:root:Loss: 523.9115 +/- 4.2169
INFO:root:Epoch no. 229 of 500 (samples: 260842)
INFO:root:Loss: 524.4833 +/- 3.9549
INFO:root:Epoch no. 230 of 500 (samples: 260842)
INFO:root:Loss: 525.0572 +/- 4.0336
INFO:root:Epoch no. 231 of 500 (samples: 260842)
INFO:root:Loss: 523.1524 +/- 6.3032
INFO:root:Epoch no. 232 of 500 (samples: 260842)
INFO:root:Loss: 524.2079 +/- 4.4955
INFO:root:Epoch no. 233 of 500 (samples: 260842)
INFO:root:Loss: 523.7831 +/- 4.1167
INFO:root:Epoch no. 234 of 500 (samples: 260842)
INFO:root:Loss: 523.9214 +/- 4.2121
INFO:root:Epoch no. 235 of 500 (samples: 260842)
INFO:root:Loss: 524.1708 +/- 6.3877
INFO:root:Epoch no. 236 of 500 (samples: 260842)
INFO:root:Loss: 523.6006 +/- 4.1201
INFO:root:Epoch no. 237 of 500 (samples: 260842)
INFO:root:Loss: 524.0597 +/- 4.4227
INFO:root:Epoch no. 238 of 500 (samples: 260842)
INFO:root:Loss: 524.1467 +/- 3.9611
INFO:root:Epoch no. 239 of 500 (samples: 260842)
INFO:root:Loss: 523.4877 +/- 5.0929
INFO:root:Epoch no. 240 of 500 (samples: 260842)
INFO:root:Loss: 522.7572 +/- 4.3256
INFO:root:Epoch no. 241 of 500 (samples: 260842)
INFO:root:Loss: 524.2944 +/- 6.7433
INFO:root:Epoch no. 242 of 500 (samples: 260842)
INFO:root:Loss: 523.908 +/- 5.6312
INFO:root:Epoch no. 243 of 500 (samples: 260842)
INFO:root:Loss: 522.7659 +/- 5.8216
INFO:root:Epoch no. 244 of 500 (samples: 260842)
INFO:root:Loss: 524.0154 +/- 6.225
INFO:root:Epoch no. 245 of 500 (samples: 260842)
INFO:root:Loss: 522.4034 +/- 5.571
INFO:root:Epoch no. 246 of 500 (samples: 260842)
INFO:root:Loss: 523.5353 +/- 5.7798
INFO:root:Epoch no. 247 of 500 (samples: 260842)
INFO:root:Loss: 523.7704 +/- 7.238
INFO:root:Epoch no. 248 of 500 (samples: 260842)
INFO:root:Loss: 523.4689 +/- 5.6664
INFO:root:Epoch no. 249 of 500 (samples: 260842)
INFO:root:Loss: 522.7931 +/- 5.6533
INFO:root:Epoch no. 250 of 500 (samples: 260842)
INFO:root:Loss: 522.9002 +/- 7.3918
INFO:root:Epoch no. 251 of 500 (samples: 260842)
INFO:root:Loss: 522.9886 +/- 4.1389
INFO:root:Epoch no. 252 of 500 (samples: 260842)
INFO:root:Loss: 523.0254 +/- 5.9255
INFO:root:Epoch no. 253 of 500 (samples: 260842)
INFO:root:Loss: 523.4882 +/- 4.9623
INFO:root:Epoch no. 254 of 500 (samples: 260842)
INFO:root:Loss: 523.9776 +/- 3.8954
INFO:root:Epoch no. 255 of 500 (samples: 260842)
INFO:root:Loss: 523.1572 +/- 5.3668
INFO:root:Epoch no. 256 of 500 (samples: 260842)
INFO:root:Loss: 523.4774 +/- 3.3922
INFO:root:Epoch no. 257 of 500 (samples: 260842)
INFO:root:Loss: 522.6244 +/- 4.8377
INFO:root:Epoch no. 258 of 500 (samples: 260842)
INFO:root:Loss: 523.3342 +/- 3.5072
INFO:root:Epoch no. 259 of 500 (samples: 260842)
INFO:root:Loss: 522.7359 +/- 4.1185
INFO:root:Epoch no. 260 of 500 (samples: 260842)
INFO:root:Loss: 523.7892 +/- 4.7775
INFO:root:Epoch no. 261 of 500 (samples: 260842)
INFO:root:Loss: 522.3281 +/- 5.1615
INFO:root:Epoch no. 262 of 500 (samples: 260842)
INFO:root:Loss: 522.6698 +/- 4.8814
INFO:root:Epoch no. 263 of 500 (samples: 260842)
INFO:root:Loss: 522.9981 +/- 3.2583
INFO:root:Epoch no. 264 of 500 (samples: 260842)
INFO:root:Loss: 523.2354 +/- 6.0838
INFO:root:Epoch no. 265 of 500 (samples: 260842)
INFO:root:Loss: 522.232 +/- 4.6426
INFO:root:Epoch no. 266 of 500 (samples: 260842)
INFO:root:Loss: 523.1237 +/- 6.5849
INFO:root:Epoch no. 267 of 500 (samples: 260842)
INFO:root:Loss: 522.9391 +/- 4.271
INFO:root:Epoch no. 268 of 500 (samples: 260842)
INFO:root:Loss: 521.4086 +/- 6.2698
INFO:root:Epoch no. 269 of 500 (samples: 260842)
INFO:root:Loss: 523.1466 +/- 4.1313
INFO:root:Epoch no. 270 of 500 (samples: 260842)
INFO:root:Loss: 522.7478 +/- 5.0893
INFO:root:Epoch no. 271 of 500 (samples: 260842)
INFO:root:Loss: 523.9153 +/- 4.8922
INFO:root:Epoch no. 272 of 500 (samples: 260842)
INFO:root:Loss: 523.0262 +/- 4.2949
INFO:root:Epoch no. 273 of 500 (samples: 260842)
INFO:root:Loss: 522.3362 +/- 7.051
INFO:root:Epoch no. 274 of 500 (samples: 260842)
INFO:root:Loss: 522.7465 +/- 5.1557
INFO:root:Epoch no. 275 of 500 (samples: 260842)
INFO:root:Loss: 522.1344 +/- 3.3514
INFO:root:Epoch no. 276 of 500 (samples: 260842)
INFO:root:Loss: 521.802 +/- 4.6833
INFO:root:Epoch no. 277 of 500 (samples: 260842)
INFO:root:Loss: 522.5931 +/- 4.6933
INFO:root:Epoch no. 278 of 500 (samples: 260842)
INFO:root:Loss: 521.98 +/- 3.4206
INFO:root:Epoch no. 279 of 500 (samples: 260842)
INFO:root:Loss: 522.6195 +/- 5.1859
INFO:root:Epoch no. 280 of 500 (samples: 260842)
INFO:root:Loss: 521.7324 +/- 4.2133
INFO:root:Epoch no. 281 of 500 (samples: 260842)
INFO:root:Loss: 522.6903 +/- 4.8445
INFO:root:Epoch no. 282 of 500 (samples: 260842)
INFO:root:Loss: 521.6587 +/- 3.9587
INFO:root:Epoch no. 283 of 500 (samples: 260842)
INFO:root:Loss: 521.8802 +/- 5.6161
INFO:root:Epoch no. 284 of 500 (samples: 260842)
INFO:root:Loss: 521.6232 +/- 4.7337
INFO:root:Epoch no. 285 of 500 (samples: 260842)
INFO:root:Loss: 521.9206 +/- 5.1859
INFO:root:Epoch no. 286 of 500 (samples: 260842)
INFO:root:Loss: 521.9456 +/- 2.5612
INFO:root:Epoch no. 287 of 500 (samples: 260842)
INFO:root:Loss: 522.4733 +/- 5.8736
INFO:root:Epoch no. 288 of 500 (samples: 260842)
INFO:root:Loss: 521.8902 +/- 5.3653
INFO:root:Epoch no. 289 of 500 (samples: 260842)
INFO:root:Loss: 523.2723 +/- 4.7732
INFO:root:Epoch no. 290 of 500 (samples: 260842)
INFO:root:Loss: 522.1781 +/- 3.6865
INFO:root:Epoch no. 291 of 500 (samples: 260842)
INFO:root:Loss: 523.0414 +/- 5.4666
INFO:root:Epoch no. 292 of 500 (samples: 260842)
INFO:root:Loss: 521.7949 +/- 4.2991
INFO:root:Epoch no. 293 of 500 (samples: 260842)
INFO:root:Loss: 522.4871 +/- 2.6183
INFO:root:Epoch no. 294 of 500 (samples: 260842)
INFO:root:Loss: 523.1649 +/- 6.7842
INFO:root:Epoch no. 295 of 500 (samples: 260842)
INFO:root:Loss: 522.0233 +/- 3.9585
INFO:root:Epoch no. 296 of 500 (samples: 260842)
INFO:root:Loss: 522.6706 +/- 4.2501
INFO:root:Epoch no. 297 of 500 (samples: 260842)
INFO:root:Loss: 521.9806 +/- 6.7084
INFO:root:Epoch no. 298 of 500 (samples: 260842)
INFO:root:Loss: 522.5289 +/- 3.4695
INFO:root:Epoch no. 299 of 500 (samples: 260842)
INFO:root:Loss: 521.4726 +/- 4.3549
INFO:root:Epoch no. 300 of 500 (samples: 260842)
INFO:root:Loss: 521.2367 +/- 4.2637
INFO:root:Epoch no. 301 of 500 (samples: 260842)
INFO:root:Loss: 522.5299 +/- 5.1038
INFO:root:Epoch no. 302 of 500 (samples: 260842)
INFO:root:Loss: 521.648 +/- 5.4639
INFO:root:Epoch no. 303 of 500 (samples: 260842)
INFO:root:Loss: 522.2583 +/- 4.8786
INFO:root:Epoch no. 304 of 500 (samples: 260842)
INFO:root:Loss: 521.9244 +/- 4.8748
INFO:root:Epoch no. 305 of 500 (samples: 260842)
INFO:root:Loss: 522.4895 +/- 4.1055
INFO:root:Epoch no. 306 of 500 (samples: 260842)
INFO:root:Loss: 521.476 +/- 3.5754
INFO:root:Epoch no. 307 of 500 (samples: 260842)
INFO:root:Loss: 522.0829 +/- 7.0987
INFO:root:Epoch no. 308 of 500 (samples: 260842)
INFO:root:Loss: 521.4208 +/- 4.4875
INFO:root:Epoch no. 309 of 500 (samples: 260842)
INFO:root:Loss: 521.547 +/- 5.4952
INFO:root:Epoch no. 310 of 500 (samples: 260842)
INFO:root:Loss: 521.6455 +/- 4.7275
INFO:root:Epoch no. 311 of 500 (samples: 260842)
INFO:root:Loss: 522.6406 +/- 4.9666
INFO:root:Epoch no. 312 of 500 (samples: 260842)
INFO:root:Loss: 522.5624 +/- 3.1565
INFO:root:Epoch no. 313 of 500 (samples: 260842)
INFO:root:Loss: 521.2155 +/- 3.547
INFO:root:Epoch no. 314 of 500 (samples: 260842)
INFO:root:Loss: 522.1493 +/- 4.7842
INFO:root:Epoch no. 315 of 500 (samples: 260842)
INFO:root:Loss: 521.5149 +/- 4.1684
INFO:root:Epoch no. 316 of 500 (samples: 260842)
INFO:root:Loss: 522.3965 +/- 5.597
INFO:root:Epoch no. 317 of 500 (samples: 260842)
INFO:root:Loss: 521.8614 +/- 3.4711
INFO:root:Epoch no. 318 of 500 (samples: 260842)
INFO:root:Loss: 521.1178 +/- 3.1173
INFO:root:Epoch no. 319 of 500 (samples: 260842)
INFO:root:Loss: 521.2144 +/- 5.0328
INFO:root:Epoch no. 320 of 500 (samples: 260842)
INFO:root:Loss: 522.0593 +/- 4.5971
INFO:root:Epoch no. 321 of 500 (samples: 260842)
INFO:root:Loss: 521.9818 +/- 4.6658
INFO:root:Epoch no. 322 of 500 (samples: 260842)
INFO:root:Loss: 521.6268 +/- 2.7472
INFO:root:Epoch no. 323 of 500 (samples: 260842)
INFO:root:Loss: 522.7064 +/- 4.874
INFO:root:Epoch no. 324 of 500 (samples: 260842)
INFO:root:Loss: 521.1908 +/- 3.9712
INFO:root:Epoch no. 325 of 500 (samples: 260842)
INFO:root:Loss: 521.6358 +/- 4.1972
INFO:root:Epoch no. 326 of 500 (samples: 260842)
INFO:root:Loss: 521.566 +/- 5.714
INFO:root:Epoch no. 327 of 500 (samples: 260842)
INFO:root:Loss: 521.5325 +/- 4.0349
INFO:root:Epoch no. 328 of 500 (samples: 260842)
INFO:root:Loss: 519.7305 +/- 5.5941
INFO:root:Epoch no. 329 of 500 (samples: 260842)
INFO:root:Loss: 521.7481 +/- 4.6981
INFO:root:Epoch no. 330 of 500 (samples: 260842)
INFO:root:Loss: 521.6975 +/- 4.6915
INFO:root:Epoch no. 331 of 500 (samples: 260842)
INFO:root:Loss: 521.988 +/- 3.7952
INFO:root:Epoch no. 332 of 500 (samples: 260842)
INFO:root:Loss: 519.7951 +/- 5.3932
INFO:root:Epoch no. 333 of 500 (samples: 260842)
INFO:root:Loss: 520.6185 +/- 3.3533
INFO:root:Epoch no. 334 of 500 (samples: 260842)
INFO:root:Loss: 520.7747 +/- 5.7362
INFO:root:Epoch no. 335 of 500 (samples: 260842)
INFO:root:Loss: 521.9686 +/- 4.3995
INFO:root:Epoch no. 336 of 500 (samples: 260842)
INFO:root:Loss: 521.8951 +/- 4.0866
INFO:root:Epoch no. 337 of 500 (samples: 260842)
INFO:root:Loss: 522.0469 +/- 5.071
INFO:root:Epoch no. 338 of 500 (samples: 260842)
INFO:root:Loss: 521.591 +/- 5.1291
INFO:root:Epoch no. 339 of 500 (samples: 260842)
INFO:root:Loss: 521.7518 +/- 2.8187
INFO:root:Epoch no. 340 of 500 (samples: 260842)
INFO:root:Loss: 520.1023 +/- 3.4919
INFO:root:Epoch no. 341 of 500 (samples: 260842)
INFO:root:Loss: 520.7781 +/- 3.9892
INFO:root:Epoch no. 342 of 500 (samples: 260842)
INFO:root:Loss: 521.2242 +/- 5.0677
INFO:root:Epoch no. 343 of 500 (samples: 260842)
INFO:root:Loss: 521.5808 +/- 5.1831
INFO:root:Epoch no. 344 of 500 (samples: 260842)
INFO:root:Loss: 520.6501 +/- 5.2284
INFO:root:Epoch no. 345 of 500 (samples: 260842)
INFO:root:Loss: 522.4774 +/- 5.4155
INFO:root:Epoch no. 346 of 500 (samples: 260842)
INFO:root:Loss: 520.8515 +/- 4.1563
INFO:root:Epoch no. 347 of 500 (samples: 260842)
INFO:root:Loss: 521.7972 +/- 5.3689
INFO:root:Epoch no. 348 of 500 (samples: 260842)
INFO:root:Loss: 520.7976 +/- 5.1251
INFO:root:Epoch no. 349 of 500 (samples: 260842)
INFO:root:Loss: 521.5313 +/- 5.1512
INFO:root:Epoch no. 350 of 500 (samples: 260842)
INFO:root:Loss: 520.5429 +/- 3.4928
INFO:root:Epoch no. 351 of 500 (samples: 260842)
INFO:root:Loss: 522.7105 +/- 5.5419
INFO:root:Epoch no. 352 of 500 (samples: 260842)
INFO:root:Loss: 521.1892 +/- 4.1993
INFO:root:Epoch no. 353 of 500 (samples: 260842)
INFO:root:Loss: 521.948 +/- 3.9625
INFO:root:Epoch no. 354 of 500 (samples: 260842)
INFO:root:Loss: 519.5935 +/- 4.8451
INFO:root:Epoch no. 355 of 500 (samples: 260842)
INFO:root:Loss: 522.0704 +/- 6.6772
INFO:root:Epoch no. 356 of 500 (samples: 260842)
INFO:root:Loss: 521.4734 +/- 4.6393
INFO:root:Epoch no. 357 of 500 (samples: 260842)
INFO:root:Loss: 521.1309 +/- 5.5811
INFO:root:Epoch no. 358 of 500 (samples: 260842)
INFO:root:Loss: 521.7064 +/- 5.2114
INFO:root:Epoch no. 359 of 500 (samples: 260842)
INFO:root:Loss: 520.4957 +/- 3.1837
INFO:root:Epoch no. 360 of 500 (samples: 260842)
INFO:root:Loss: 520.8684 +/- 3.4799
INFO:root:Epoch no. 361 of 500 (samples: 260842)
INFO:root:Loss: 520.2458 +/- 3.5317
INFO:root:Epoch no. 362 of 500 (samples: 260842)
INFO:root:Loss: 520.9806 +/- 3.536
INFO:root:Epoch no. 363 of 500 (samples: 260842)
INFO:root:Loss: 519.8131 +/- 5.1276
INFO:root:Epoch no. 364 of 500 (samples: 260842)
INFO:root:Loss: 520.9832 +/- 5.0677
INFO:root:Epoch no. 365 of 500 (samples: 260842)
INFO:root:Loss: 521.6884 +/- 5.2378
INFO:root:Epoch no. 366 of 500 (samples: 260842)
INFO:root:Loss: 520.0769 +/- 4.8101
INFO:root:Epoch no. 367 of 500 (samples: 260842)
INFO:root:Loss: 520.5135 +/- 4.1717
INFO:root:Epoch no. 368 of 500 (samples: 260842)
INFO:root:Loss: 522.2423 +/- 4.7697
INFO:root:Epoch no. 369 of 500 (samples: 260842)
INFO:root:Loss: 521.0221 +/- 5.4726
INFO:root:Epoch no. 370 of 500 (samples: 260842)
INFO:root:Loss: 521.1681 +/- 5.3274
INFO:root:Epoch no. 371 of 500 (samples: 260842)
INFO:root:Loss: 520.7573 +/- 4.7628
INFO:root:Epoch no. 372 of 500 (samples: 260842)
INFO:root:Loss: 521.1924 +/- 3.3225
INFO:root:Epoch no. 373 of 500 (samples: 260842)
INFO:root:Loss: 519.7925 +/- 3.4906
INFO:root:Epoch no. 374 of 500 (samples: 260842)
INFO:root:Loss: 521.5548 +/- 3.857
INFO:root:Epoch no. 375 of 500 (samples: 260842)
INFO:root:Loss: 520.1917 +/- 5.1185
INFO:root:Epoch no. 376 of 500 (samples: 260842)
INFO:root:Loss: 520.7369 +/- 4.3036
INFO:root:Epoch no. 377 of 500 (samples: 260842)
INFO:root:Loss: 520.7414 +/- 4.5206
INFO:root:Epoch no. 378 of 500 (samples: 260842)
INFO:root:Loss: 520.3886 +/- 3.7901
INFO:root:Epoch no. 379 of 500 (samples: 260842)
INFO:root:Loss: 520.7693 +/- 4.1669
INFO:root:Epoch no. 380 of 500 (samples: 260842)
INFO:root:Loss: 520.7639 +/- 4.8596
INFO:root:Epoch no. 381 of 500 (samples: 260842)
INFO:root:Loss: 520.8114 +/- 6.0728
INFO:root:Epoch no. 382 of 500 (samples: 260842)
INFO:root:Loss: 521.0784 +/- 4.9265
INFO:root:Epoch no. 383 of 500 (samples: 260842)
INFO:root:Loss: 518.4248 +/- 4.2173
INFO:root:Epoch no. 384 of 500 (samples: 260842)
INFO:root:Loss: 519.5941 +/- 4.082
INFO:root:Epoch no. 385 of 500 (samples: 260842)
INFO:root:Loss: 520.1591 +/- 3.3278
INFO:root:Epoch no. 386 of 500 (samples: 260842)
INFO:root:Loss: 521.2309 +/- 3.4478
INFO:root:Epoch no. 387 of 500 (samples: 260842)
INFO:root:Loss: 520.1917 +/- 3.6043
INFO:root:Epoch no. 388 of 500 (samples: 260842)
INFO:root:Loss: 521.2646 +/- 5.5208
INFO:root:Epoch no. 389 of 500 (samples: 260842)
INFO:root:Loss: 520.8578 +/- 5.7704
INFO:root:Epoch no. 390 of 500 (samples: 260842)
INFO:root:Loss: 520.2385 +/- 5.2498
INFO:root:Epoch no. 391 of 500 (samples: 260842)
INFO:root:Loss: 520.2237 +/- 3.113
INFO:root:Epoch no. 392 of 500 (samples: 260842)
INFO:root:Loss: 519.7898 +/- 3.9979
INFO:root:Epoch no. 393 of 500 (samples: 260842)
INFO:root:Loss: 520.9747 +/- 4.7058
INFO:root:Epoch no. 394 of 500 (samples: 260842)
INFO:root:Loss: 520.0714 +/- 3.1318
INFO:root:Epoch no. 395 of 500 (samples: 260842)
INFO:root:Loss: 521.1374 +/- 4.3707
INFO:root:Epoch no. 396 of 500 (samples: 260842)
INFO:root:Loss: 520.5548 +/- 3.4231
INFO:root:Epoch no. 397 of 500 (samples: 260842)
INFO:root:Loss: 519.8951 +/- 5.3156
INFO:root:Epoch no. 398 of 500 (samples: 260842)
INFO:root:Loss: 518.6481 +/- 1.7785
INFO:root:Epoch no. 399 of 500 (samples: 260842)
INFO:root:Loss: 520.0852 +/- 4.6144
INFO:root:Epoch no. 400 of 500 (samples: 260842)
INFO:root:Loss: 520.5951 +/- 4.6577
INFO:root:Epoch no. 401 of 500 (samples: 260842)
INFO:root:Loss: 520.6404 +/- 4.074
INFO:root:Epoch no. 402 of 500 (samples: 260842)
INFO:root:Loss: 519.6239 +/- 4.5452
INFO:root:Epoch no. 403 of 500 (samples: 260842)
INFO:root:Loss: 519.9744 +/- 3.7067
INFO:root:Epoch no. 404 of 500 (samples: 260842)
INFO:root:Loss: 519.1267 +/- 4.481
INFO:root:Epoch no. 405 of 500 (samples: 260842)
INFO:root:Loss: 521.3131 +/- 7.0851
INFO:root:Epoch no. 406 of 500 (samples: 260842)
INFO:root:Loss: 520.2605 +/- 5.3758
INFO:root:Epoch no. 407 of 500 (samples: 260842)
INFO:root:Loss: 520.6389 +/- 3.8894
INFO:root:Epoch no. 408 of 500 (samples: 260842)
INFO:root:Loss: 519.8532 +/- 4.662
INFO:root:Epoch no. 409 of 500 (samples: 260842)
INFO:root:Loss: 521.101 +/- 3.3922
INFO:root:Epoch no. 410 of 500 (samples: 260842)
INFO:root:Loss: 520.5908 +/- 4.5836
INFO:root:Epoch no. 411 of 500 (samples: 260842)
INFO:root:Loss: 520.2992 +/- 4.989
INFO:root:Epoch no. 412 of 500 (samples: 260842)
INFO:root:Loss: 519.5583 +/- 4.2036
INFO:root:Epoch no. 413 of 500 (samples: 260842)
INFO:root:Loss: 520.3937 +/- 5.2658
INFO:root:Epoch no. 414 of 500 (samples: 260842)
INFO:root:Loss: 519.71 +/- 3.9072
INFO:root:Epoch no. 415 of 500 (samples: 260842)
INFO:root:Loss: 520.9245 +/- 4.3171
INFO:root:Epoch no. 416 of 500 (samples: 260842)
INFO:root:Loss: 520.2245 +/- 5.3925
INFO:root:Epoch no. 417 of 500 (samples: 260842)
INFO:root:Loss: 520.6007 +/- 3.5931
INFO:root:Epoch no. 418 of 500 (samples: 260842)
INFO:root:Loss: 520.5169 +/- 4.2176
INFO:root:Epoch no. 419 of 500 (samples: 260842)
INFO:root:Loss: 520.9392 +/- 3.8047
INFO:root:Epoch no. 420 of 500 (samples: 260842)
INFO:root:Loss: 520.6578 +/- 3.0235
INFO:root:Epoch no. 421 of 500 (samples: 260842)
INFO:root:Loss: 519.4619 +/- 4.9334
INFO:root:Epoch no. 422 of 500 (samples: 260842)
INFO:root:Loss: 520.3584 +/- 5.3644
INFO:root:Epoch no. 423 of 500 (samples: 260842)
INFO:root:Loss: 520.8356 +/- 3.7328
INFO:root:Epoch no. 424 of 500 (samples: 260842)
INFO:root:Loss: 519.4797 +/- 4.441
INFO:root:Epoch no. 425 of 500 (samples: 260842)
INFO:root:Loss: 520.0918 +/- 2.3142
INFO:root:Epoch no. 426 of 500 (samples: 260842)
INFO:root:Loss: 521.1449 +/- 6.1672
INFO:root:Epoch no. 427 of 500 (samples: 260842)
INFO:root:Loss: 519.5228 +/- 5.0354
INFO:root:Epoch no. 428 of 500 (samples: 260842)
INFO:root:Loss: 519.8919 +/- 5.0829
INFO:root:Epoch no. 429 of 500 (samples: 260842)
INFO:root:Loss: 519.7623 +/- 4.4575
INFO:root:Epoch no. 430 of 500 (samples: 260842)
INFO:root:Loss: 520.8841 +/- 3.87
INFO:root:Epoch no. 431 of 500 (samples: 260842)
INFO:root:Loss: 519.3145 +/- 3.5887
INFO:root:Epoch no. 432 of 500 (samples: 260842)
INFO:root:Loss: 520.2784 +/- 5.0491
INFO:root:Epoch no. 433 of 500 (samples: 260842)
INFO:root:Loss: 520.5749 +/- 2.9353
INFO:root:Epoch no. 434 of 500 (samples: 260842)
INFO:root:Loss: 520.4435 +/- 4.9217
INFO:root:Epoch no. 435 of 500 (samples: 260842)
INFO:root:Loss: 520.4766 +/- 4.5165
INFO:root:Epoch no. 436 of 500 (samples: 260842)
INFO:root:Loss: 519.5405 +/- 5.0841
INFO:root:Epoch no. 437 of 500 (samples: 260842)
INFO:root:Loss: 520.4567 +/- 3.6081
INFO:root:Epoch no. 438 of 500 (samples: 260842)
INFO:root:Loss: 519.8392 +/- 4.1503
INFO:root:Epoch no. 439 of 500 (samples: 260842)
INFO:root:Loss: 520.1628 +/- 3.5726
INFO:root:Epoch no. 440 of 500 (samples: 260842)
INFO:root:Loss: 521.567 +/- 4.8226
INFO:root:Epoch no. 441 of 500 (samples: 260842)
INFO:root:Loss: 519.2143 +/- 4.1575
INFO:root:Epoch no. 442 of 500 (samples: 260842)
INFO:root:Loss: 519.9255 +/- 4.0747
INFO:root:Epoch no. 443 of 500 (samples: 260842)
INFO:root:Loss: 520.3043 +/- 4.0373
INFO:root:Epoch no. 444 of 500 (samples: 260842)
INFO:root:Loss: 519.4574 +/- 5.0979
INFO:root:Epoch no. 445 of 500 (samples: 260842)
INFO:root:Loss: 521.7513 +/- 4.3265
INFO:root:Epoch no. 446 of 500 (samples: 260842)
INFO:root:Loss: 520.843 +/- 4.2283
INFO:root:Epoch no. 447 of 500 (samples: 260842)
INFO:root:Loss: 520.6658 +/- 4.4364
INFO:root:Epoch no. 448 of 500 (samples: 260842)
INFO:root:Loss: 521.4083 +/- 4.1951
INFO:root:Epoch no. 449 of 500 (samples: 260842)
INFO:root:Loss: 520.5317 +/- 3.8393
INFO:root:Epoch no. 450 of 500 (samples: 260842)
INFO:root:Loss: 519.047 +/- 7.1898
INFO:root:Epoch no. 451 of 500 (samples: 260842)
INFO:root:Loss: 518.6432 +/- 4.2758
INFO:root:Epoch no. 452 of 500 (samples: 260842)
INFO:root:Loss: 520.429 +/- 4.0116
INFO:root:Epoch no. 453 of 500 (samples: 260842)
INFO:root:Loss: 521.0465 +/- 4.3325
INFO:root:Epoch no. 454 of 500 (samples: 260842)
INFO:root:Loss: 518.1885 +/- 5.2062
INFO:root:Epoch no. 455 of 500 (samples: 260842)
INFO:root:Loss: 521.1233 +/- 2.9598
INFO:root:Epoch no. 456 of 500 (samples: 260842)
INFO:root:Loss: 520.1525 +/- 6.1534
INFO:root:Epoch no. 457 of 500 (samples: 260842)
INFO:root:Loss: 520.1239 +/- 5.0309
INFO:root:Epoch no. 458 of 500 (samples: 260842)
INFO:root:Loss: 519.4396 +/- 3.2959
INFO:root:Epoch no. 459 of 500 (samples: 260842)
INFO:root:Loss: 519.5688 +/- 3.8823
INFO:root:Epoch no. 460 of 500 (samples: 260842)
INFO:root:Loss: 520.5309 +/- 3.2933
INFO:root:Epoch no. 461 of 500 (samples: 260842)
INFO:root:Loss: 519.5128 +/- 5.503
INFO:root:Epoch no. 462 of 500 (samples: 260842)
INFO:root:Loss: 518.6981 +/- 3.1039
INFO:root:Epoch no. 463 of 500 (samples: 260842)
INFO:root:Loss: 520.1998 +/- 5.5837
INFO:root:Epoch no. 464 of 500 (samples: 260842)
INFO:root:Loss: 520.1875 +/- 3.3752
INFO:root:Epoch no. 465 of 500 (samples: 260842)
INFO:root:Loss: 519.3921 +/- 5.843
INFO:root:Epoch no. 466 of 500 (samples: 260842)
INFO:root:Loss: 519.5095 +/- 4.0527
INFO:root:Epoch no. 467 of 500 (samples: 260842)
INFO:root:Loss: 519.7669 +/- 4.0994
INFO:root:Epoch no. 468 of 500 (samples: 260842)
INFO:root:Loss: 520.111 +/- 3.7212
INFO:root:Epoch no. 469 of 500 (samples: 260842)
INFO:root:Loss: 519.8994 +/- 4.0108
INFO:root:Epoch no. 470 of 500 (samples: 260842)
INFO:root:Loss: 519.844 +/- 4.8273
INFO:root:Epoch no. 471 of 500 (samples: 260842)
INFO:root:Loss: 519.7703 +/- 6.1768
INFO:root:Epoch no. 472 of 500 (samples: 260842)
INFO:root:Loss: 518.7304 +/- 4.9494
INFO:root:Epoch no. 473 of 500 (samples: 260842)
INFO:root:Loss: 520.2744 +/- 4.6992
INFO:root:Epoch no. 474 of 500 (samples: 260842)
INFO:root:Loss: 519.237 +/- 3.1359
INFO:root:Epoch no. 475 of 500 (samples: 260842)
INFO:root:Loss: 519.7762 +/- 4.5619
INFO:root:Epoch no. 476 of 500 (samples: 260842)
INFO:root:Loss: 519.6766 +/- 3.1426
INFO:root:Epoch no. 477 of 500 (samples: 260842)
INFO:root:Loss: 518.5902 +/- 4.0104
INFO:root:Epoch no. 478 of 500 (samples: 260842)
INFO:root:Loss: 520.2491 +/- 2.1053
INFO:root:Epoch no. 479 of 500 (samples: 260842)
INFO:root:Loss: 520.3949 +/- 4.6961
INFO:root:Epoch no. 480 of 500 (samples: 260842)
INFO:root:Loss: 519.2297 +/- 4.912
INFO:root:Epoch no. 481 of 500 (samples: 260842)
INFO:root:Loss: 518.6828 +/- 4.4139
INFO:root:Epoch no. 482 of 500 (samples: 260842)
INFO:root:Loss: 519.0607 +/- 5.2172
INFO:root:Epoch no. 483 of 500 (samples: 260842)
INFO:root:Loss: 520.7783 +/- 5.2397
INFO:root:Epoch no. 484 of 500 (samples: 260842)
INFO:root:Loss: 519.2734 +/- 4.6775
INFO:root:Epoch no. 485 of 500 (samples: 260842)
INFO:root:Loss: 519.0771 +/- 2.7187
INFO:root:Epoch no. 486 of 500 (samples: 260842)
INFO:root:Loss: 519.027 +/- 3.6437
INFO:root:Epoch no. 487 of 500 (samples: 260842)
INFO:root:Loss: 520.1042 +/- 5.4264
INFO:root:Epoch no. 488 of 500 (samples: 260842)
INFO:root:Loss: 519.369 +/- 5.3775
INFO:root:Epoch no. 489 of 500 (samples: 260842)
INFO:root:Loss: 519.9671 +/- 5.5467
INFO:root:Epoch no. 490 of 500 (samples: 260842)
INFO:root:Loss: 519.3479 +/- 5.059
INFO:root:Epoch no. 491 of 500 (samples: 260842)
INFO:root:Loss: 519.1764 +/- 3.4793
INFO:root:Epoch no. 492 of 500 (samples: 260842)
INFO:root:Loss: 520.3032 +/- 5.6788
INFO:root:Epoch no. 493 of 500 (samples: 260842)
INFO:root:Loss: 519.5288 +/- 2.0271
INFO:root:Epoch no. 494 of 500 (samples: 260842)
INFO:root:Loss: 518.1499 +/- 3.8477
INFO:root:Epoch no. 495 of 500 (samples: 260842)
INFO:root:Loss: 518.8672 +/- 5.4071
INFO:root:Epoch no. 496 of 500 (samples: 260842)
INFO:root:Loss: 519.9757 +/- 5.5036
INFO:root:Epoch no. 497 of 500 (samples: 260842)
INFO:root:Loss: 520.1349 +/- 3.7504
INFO:root:Epoch no. 498 of 500 (samples: 260842)
INFO:root:Loss: 518.8973 +/- 4.3995
INFO:root:Epoch no. 499 of 500 (samples: 260842)
INFO:root:Loss: 519.3419 +/- 5.3174
INFO:root:Epoch no. 500 of 500 (samples: 260842)
INFO:root:Loss: 519.0688 +/- 2.6469
/usr/local/lib/python3.5/dist-packages/keras/backend/theano_backend.py:527: UserWarning: theano.function was asked to create a function computing outputs given certain inputs, but the provided input variable at index 2 is not part of the computational graph needed to compute the outputs: keras_learning_phase.
To make this warning into an error, you can pass the parameter on_unused_input='raise' to theano.function. To disable it completely, use on_unused_input='ignore'.
  **kwargs)
INFO:root:### MICRO (validation raw):
INFO:root:	-- left   >> mean: 2114.507, median: 231.0, mrr: 0.071, hits@1: 0.54%
INFO:root:	-- right  >> mean: 269.259, median: 27.0, mrr: 0.146, hits@1: 4.16%
INFO:root:	-- global >> mean: 1191.883, median: 61.0, mrr: 0.108, hits@1: 2.35%
INFO:root:### MICRO (validation raw):
INFO:root:	-- left   >> mean: 2114.507, median: 231.0, mrr: 0.071, hits@3: 9.26%
INFO:root:	-- right  >> mean: 269.259, median: 27.0, mrr: 0.146, hits@3: 17.52%
INFO:root:	-- global >> mean: 1191.883, median: 61.0, mrr: 0.108, hits@3: 13.39%
INFO:root:### MICRO (validation raw):
INFO:root:	-- left   >> mean: 2114.507, median: 231.0, mrr: 0.071, hits@5: 13.98%
INFO:root:	-- right  >> mean: 269.259, median: 27.0, mrr: 0.146, hits@5: 25.7%
INFO:root:	-- global >> mean: 1191.883, median: 61.0, mrr: 0.108, hits@5: 19.84%
INFO:root:### MICRO (validation raw):
INFO:root:	-- left   >> mean: 2114.507, median: 231.0, mrr: 0.071, hits@10: 20.26%
INFO:root:	-- right  >> mean: 269.259, median: 27.0, mrr: 0.146, hits@10: 36.28%
INFO:root:	-- global >> mean: 1191.883, median: 61.0, mrr: 0.108, hits@10: 28.27%
INFO:root:### MICRO (validation filtered):
INFO:root:	-- left   >> mean: 1905.8394, median: 183.0, mrr: 0.092, hits@1: 0.92%
INFO:root:	-- right  >> mean: 267.0596, median: 25.0, mrr: 0.168, hits@1: 5.3%
INFO:root:	-- global >> mean: 1086.4495, median: 54.0, mrr: 0.13, hits@1: 3.11%
INFO:root:### MICRO (validation filtered):
INFO:root:	-- left   >> mean: 1905.8394, median: 183.0, mrr: 0.092, hits@3: 13.98%
INFO:root:	-- right  >> mean: 267.0596, median: 25.0, mrr: 0.168, hits@3: 21.98%
INFO:root:	-- global >> mean: 1086.4495, median: 54.0, mrr: 0.13, hits@3: 17.98%
INFO:root:### MICRO (validation filtered):
INFO:root:	-- left   >> mean: 1905.8394, median: 183.0, mrr: 0.092, hits@5: 17.68%
INFO:root:	-- right  >> mean: 267.0596, median: 25.0, mrr: 0.168, hits@5: 29.28%
INFO:root:	-- global >> mean: 1086.4495, median: 54.0, mrr: 0.13, hits@5: 23.48%
INFO:root:### MICRO (validation filtered):
INFO:root:	-- left   >> mean: 1905.8394, median: 183.0, mrr: 0.092, hits@10: 22.9%
INFO:root:	-- right  >> mean: 267.0596, median: 25.0, mrr: 0.168, hits@10: 38.64%
INFO:root:	-- global >> mean: 1086.4495, median: 54.0, mrr: 0.13, hits@10: 30.77%
INFO:root:### MICRO (test raw):
INFO:root:	-- left   >> mean: 2115.008, median: 237.5, mrr: 0.064, hits@1: 0.54%
INFO:root:	-- right  >> mean: 255.5012, median: 25.0, mrr: 0.143, hits@1: 4.38%
INFO:root:	-- global >> mean: 1185.2546, median: 66.0, mrr: 0.104, hits@1: 2.46%
INFO:root:### MICRO (test raw):
INFO:root:	-- left   >> mean: 2115.008, median: 237.5, mrr: 0.064, hits@3: 7.78%
INFO:root:	-- right  >> mean: 255.5012, median: 25.0, mrr: 0.143, hits@3: 16.64%
INFO:root:	-- global >> mean: 1185.2546, median: 66.0, mrr: 0.104, hits@3: 12.21%
INFO:root:### MICRO (test raw):
INFO:root:	-- left   >> mean: 2115.008, median: 237.5, mrr: 0.064, hits@5: 12.66%
INFO:root:	-- right  >> mean: 255.5012, median: 25.0, mrr: 0.143, hits@5: 24.14%
INFO:root:	-- global >> mean: 1185.2546, median: 66.0, mrr: 0.104, hits@5: 18.4%
INFO:root:### MICRO (test raw):
INFO:root:	-- left   >> mean: 2115.008, median: 237.5, mrr: 0.064, hits@10: 18.54%
INFO:root:	-- right  >> mean: 255.5012, median: 25.0, mrr: 0.143, hits@10: 34.92%
INFO:root:	-- global >> mean: 1185.2546, median: 66.0, mrr: 0.104, hits@10: 26.73%
INFO:root:### MICRO (test filtered):
INFO:root:	-- left   >> mean: 1912.2556, median: 180.5, mrr: 0.085, hits@1: 0.82%
INFO:root:	-- right  >> mean: 253.2618, median: 23.0, mrr: 0.167, hits@1: 5.66%
INFO:root:	-- global >> mean: 1082.7587, median: 57.0, mrr: 0.126, hits@1: 3.24%
INFO:root:### MICRO (test filtered):
INFO:root:	-- left   >> mean: 1912.2556, median: 180.5, mrr: 0.085, hits@3: 12.8%
INFO:root:	-- right  >> mean: 253.2618, median: 23.0, mrr: 0.167, hits@3: 21.02%
INFO:root:	-- global >> mean: 1082.7587, median: 57.0, mrr: 0.126, hits@3: 16.91%
INFO:root:### MICRO (test filtered):
INFO:root:	-- left   >> mean: 1912.2556, median: 180.5, mrr: 0.085, hits@5: 16.62%
INFO:root:	-- right  >> mean: 253.2618, median: 23.0, mrr: 0.167, hits@5: 27.98%
INFO:root:	-- global >> mean: 1082.7587, median: 57.0, mrr: 0.126, hits@5: 22.3%
INFO:root:### MICRO (test filtered):
INFO:root:	-- left   >> mean: 1912.2556, median: 180.5, mrr: 0.085, hits@10: 21.16%
INFO:root:	-- right  >> mean: 253.2618, median: 23.0, mrr: 0.167, hits@10: 37.52%
INFO:root:	-- global >> mean: 1082.7587, median: 57.0, mrr: 0.126, hits@10: 29.34%
