Using Theano backend.
Using gpu device 0: GeForce GTX TITAN X (CNMeM is disabled, cuDNN not available)
INFO:root:Acquiring data/music_2015-10_mte10_5k/music_2015-10_mte10-train.tsv.gz ..
INFO:root:Acquiring data/music_2015-10_mte10_5k/music_2015-10_mte10-valid.tsv.gz ..
INFO:root:Acquiring data/music_2015-10_mte10_5k/music_2015-10_mte10-test.tsv.gz ..
INFO:root:[Rules] Adding Head: 3, Tail: [(2, False)]
INFO:root:[Rules] Adding Head: 3, Tail: [(3, False), (2, False)]
INFO:root:[Rules] Adding Head: 3, Tail: [(3, False), (3, False)]
INFO:root:[Rules] Adding Head: 3, Tail: [(2, False), (2, False)]
INFO:root:[Rules] Adding Head: 3, Tail: [(2, False), (3, False)]
INFO:root:[Rules] Adding Head: 6, Tail: [(5, False)]
INFO:root:[Rules] Adding Head: 2, Tail: [(3, False)]
INFO:root:[Rules] Adding Head: 2, Tail: [(2, False), (2, False)]
INFO:root:[Rules] Adding Head: 2, Tail: [(2, False), (3, False)]
INFO:root:[Rules] Adding Head: 2, Tail: [(3, False), (2, False)]
INFO:root:[Rules] Adding Head: 2, Tail: [(3, False), (3, False)]
INFO:root:[Rules] Adding Head: 5, Tail: [(6, False)]
INFO:root:Samples: 289825, no. batches: 10 -> batch size: 28983
INFO:root:Epoch no. 1 of 500 (samples: 289825)
INFO:root:Loss: 1921.3481 +/- 335.7894
INFO:root:Epoch no. 2 of 500 (samples: 289825)
INFO:root:Loss: 1362.7384 +/- 30.9109
INFO:root:Epoch no. 3 of 500 (samples: 289825)
INFO:root:Loss: 1136.9223 +/- 25.199
INFO:root:Epoch no. 4 of 500 (samples: 289825)
INFO:root:Loss: 952.0446 +/- 15.3295
INFO:root:Epoch no. 5 of 500 (samples: 289825)
INFO:root:Loss: 840.4315 +/- 6.0531
INFO:root:Epoch no. 6 of 500 (samples: 289825)
INFO:root:Loss: 776.613 +/- 5.2839
INFO:root:Epoch no. 7 of 500 (samples: 289825)
INFO:root:Loss: 734.5702 +/- 7.9786
INFO:root:Epoch no. 8 of 500 (samples: 289825)
INFO:root:Loss: 701.1337 +/- 8.5716
INFO:root:Epoch no. 9 of 500 (samples: 289825)
INFO:root:Loss: 675.561 +/- 12.3127
INFO:root:Epoch no. 10 of 500 (samples: 289825)
INFO:root:Loss: 655.564 +/- 10.4066
INFO:root:Epoch no. 11 of 500 (samples: 289825)
INFO:root:Loss: 639.4001 +/- 10.2108
INFO:root:Epoch no. 12 of 500 (samples: 289825)
INFO:root:Loss: 625.5101 +/- 10.096
INFO:root:Epoch no. 13 of 500 (samples: 289825)
INFO:root:Loss: 616.29 +/- 9.3726
INFO:root:Epoch no. 14 of 500 (samples: 289825)
INFO:root:Loss: 605.6404 +/- 9.0524
INFO:root:Epoch no. 15 of 500 (samples: 289825)
INFO:root:Loss: 599.7409 +/- 10.2089
INFO:root:Epoch no. 16 of 500 (samples: 289825)
INFO:root:Loss: 594.0568 +/- 8.6833
INFO:root:Epoch no. 17 of 500 (samples: 289825)
INFO:root:Loss: 587.6612 +/- 7.2319
INFO:root:Epoch no. 18 of 500 (samples: 289825)
INFO:root:Loss: 583.4703 +/- 9.0078
INFO:root:Epoch no. 19 of 500 (samples: 289825)
INFO:root:Loss: 578.0777 +/- 8.0946
INFO:root:Epoch no. 20 of 500 (samples: 289825)
INFO:root:Loss: 576.4913 +/- 9.3946
INFO:root:Epoch no. 21 of 500 (samples: 289825)
INFO:root:Loss: 572.6301 +/- 9.2387
INFO:root:Epoch no. 22 of 500 (samples: 289825)
INFO:root:Loss: 570.7498 +/- 9.4644
INFO:root:Epoch no. 23 of 500 (samples: 289825)
INFO:root:Loss: 567.0198 +/- 9.8825
INFO:root:Epoch no. 24 of 500 (samples: 289825)
INFO:root:Loss: 565.7546 +/- 8.3725
INFO:root:Epoch no. 25 of 500 (samples: 289825)
INFO:root:Loss: 564.6459 +/- 7.576
INFO:root:Epoch no. 26 of 500 (samples: 289825)
INFO:root:Loss: 563.4199 +/- 8.9468
INFO:root:Epoch no. 27 of 500 (samples: 289825)
INFO:root:Loss: 561.0298 +/- 10.9807
INFO:root:Epoch no. 28 of 500 (samples: 289825)
INFO:root:Loss: 559.0574 +/- 8.0664
INFO:root:Epoch no. 29 of 500 (samples: 289825)
INFO:root:Loss: 557.9224 +/- 11.2901
INFO:root:Epoch no. 30 of 500 (samples: 289825)
INFO:root:Loss: 556.3503 +/- 9.7078
INFO:root:Epoch no. 31 of 500 (samples: 289825)
INFO:root:Loss: 555.6127 +/- 11.2984
INFO:root:Epoch no. 32 of 500 (samples: 289825)
INFO:root:Loss: 555.6576 +/- 7.847
INFO:root:Epoch no. 33 of 500 (samples: 289825)
INFO:root:Loss: 553.7794 +/- 9.3926
INFO:root:Epoch no. 34 of 500 (samples: 289825)
INFO:root:Loss: 552.3943 +/- 10.4992
INFO:root:Epoch no. 35 of 500 (samples: 289825)
INFO:root:Loss: 551.0374 +/- 7.1477
INFO:root:Epoch no. 36 of 500 (samples: 289825)
INFO:root:Loss: 551.1593 +/- 6.9957
INFO:root:Epoch no. 37 of 500 (samples: 289825)
INFO:root:Loss: 551.0657 +/- 9.3539
INFO:root:Epoch no. 38 of 500 (samples: 289825)
INFO:root:Loss: 549.1818 +/- 9.2964
INFO:root:Epoch no. 39 of 500 (samples: 289825)
INFO:root:Loss: 548.7169 +/- 8.1594
INFO:root:Epoch no. 40 of 500 (samples: 289825)
INFO:root:Loss: 549.7891 +/- 6.3304
INFO:root:Epoch no. 41 of 500 (samples: 289825)
INFO:root:Loss: 547.1109 +/- 7.9091
INFO:root:Epoch no. 42 of 500 (samples: 289825)
INFO:root:Loss: 547.4925 +/- 8.369
INFO:root:Epoch no. 43 of 500 (samples: 289825)
INFO:root:Loss: 547.7273 +/- 9.8516
INFO:root:Epoch no. 44 of 500 (samples: 289825)
INFO:root:Loss: 547.1863 +/- 8.9863
INFO:root:Epoch no. 45 of 500 (samples: 289825)
INFO:root:Loss: 546.5553 +/- 7.7192
INFO:root:Epoch no. 46 of 500 (samples: 289825)
INFO:root:Loss: 545.5252 +/- 8.4937
INFO:root:Epoch no. 47 of 500 (samples: 289825)
INFO:root:Loss: 545.1437 +/- 6.8308
INFO:root:Epoch no. 48 of 500 (samples: 289825)
INFO:root:Loss: 544.2224 +/- 10.2796
INFO:root:Epoch no. 49 of 500 (samples: 289825)
INFO:root:Loss: 545.1873 +/- 7.3393
INFO:root:Epoch no. 50 of 500 (samples: 289825)
INFO:root:Loss: 543.9111 +/- 6.5029
INFO:root:Epoch no. 51 of 500 (samples: 289825)
INFO:root:Loss: 543.6124 +/- 8.223
INFO:root:Epoch no. 52 of 500 (samples: 289825)
INFO:root:Loss: 544.4349 +/- 5.952
INFO:root:Epoch no. 53 of 500 (samples: 289825)
INFO:root:Loss: 543.1881 +/- 6.0397
INFO:root:Epoch no. 54 of 500 (samples: 289825)
INFO:root:Loss: 543.2867 +/- 6.2798
INFO:root:Epoch no. 55 of 500 (samples: 289825)
INFO:root:Loss: 543.5451 +/- 8.0071
INFO:root:Epoch no. 56 of 500 (samples: 289825)
INFO:root:Loss: 543.6064 +/- 7.9465
INFO:root:Epoch no. 57 of 500 (samples: 289825)
INFO:root:Loss: 541.5079 +/- 8.4518
INFO:root:Epoch no. 58 of 500 (samples: 289825)
INFO:root:Loss: 540.9119 +/- 6.7419
INFO:root:Epoch no. 59 of 500 (samples: 289825)
INFO:root:Loss: 541.4055 +/- 8.8403
INFO:root:Epoch no. 60 of 500 (samples: 289825)
INFO:root:Loss: 541.8617 +/- 6.8601
INFO:root:Epoch no. 61 of 500 (samples: 289825)
INFO:root:Loss: 540.44 +/- 6.2898
INFO:root:Epoch no. 62 of 500 (samples: 289825)
INFO:root:Loss: 541.5869 +/- 8.0881
INFO:root:Epoch no. 63 of 500 (samples: 289825)
INFO:root:Loss: 541.1211 +/- 5.9592
INFO:root:Epoch no. 64 of 500 (samples: 289825)
INFO:root:Loss: 540.7509 +/- 7.3495
INFO:root:Epoch no. 65 of 500 (samples: 289825)
INFO:root:Loss: 540.2065 +/- 4.4012
INFO:root:Epoch no. 66 of 500 (samples: 289825)
INFO:root:Loss: 539.136 +/- 6.6199
INFO:root:Epoch no. 67 of 500 (samples: 289825)
INFO:root:Loss: 540.3855 +/- 6.6231
INFO:root:Epoch no. 68 of 500 (samples: 289825)
INFO:root:Loss: 539.5666 +/- 7.0747
INFO:root:Epoch no. 69 of 500 (samples: 289825)
INFO:root:Loss: 539.2638 +/- 8.676
INFO:root:Epoch no. 70 of 500 (samples: 289825)
INFO:root:Loss: 539.9809 +/- 6.2414
INFO:root:Epoch no. 71 of 500 (samples: 289825)
INFO:root:Loss: 539.4838 +/- 8.067
INFO:root:Epoch no. 72 of 500 (samples: 289825)
INFO:root:Loss: 538.5057 +/- 5.9191
INFO:root:Epoch no. 73 of 500 (samples: 289825)
INFO:root:Loss: 539.281 +/- 8.5205
INFO:root:Epoch no. 74 of 500 (samples: 289825)
INFO:root:Loss: 539.4422 +/- 7.6918
INFO:root:Epoch no. 75 of 500 (samples: 289825)
INFO:root:Loss: 538.6504 +/- 5.4176
INFO:root:Epoch no. 76 of 500 (samples: 289825)
INFO:root:Loss: 537.7176 +/- 6.0067
INFO:root:Epoch no. 77 of 500 (samples: 289825)
INFO:root:Loss: 538.4252 +/- 6.7828
INFO:root:Epoch no. 78 of 500 (samples: 289825)
INFO:root:Loss: 537.8906 +/- 6.0041
INFO:root:Epoch no. 79 of 500 (samples: 289825)
INFO:root:Loss: 538.3737 +/- 6.8321
INFO:root:Epoch no. 80 of 500 (samples: 289825)
INFO:root:Loss: 538.339 +/- 7.8355
INFO:root:Epoch no. 81 of 500 (samples: 289825)
INFO:root:Loss: 539.1606 +/- 5.3905
INFO:root:Epoch no. 82 of 500 (samples: 289825)
INFO:root:Loss: 538.7176 +/- 4.7448
INFO:root:Epoch no. 83 of 500 (samples: 289825)
INFO:root:Loss: 537.0758 +/- 6.4146
INFO:root:Epoch no. 84 of 500 (samples: 289825)
INFO:root:Loss: 538.103 +/- 6.5531
INFO:root:Epoch no. 85 of 500 (samples: 289825)
INFO:root:Loss: 537.1849 +/- 7.8282
INFO:root:Epoch no. 86 of 500 (samples: 289825)
INFO:root:Loss: 537.5398 +/- 6.6099
INFO:root:Epoch no. 87 of 500 (samples: 289825)
INFO:root:Loss: 537.781 +/- 4.6872
INFO:root:Epoch no. 88 of 500 (samples: 289825)
INFO:root:Loss: 536.6707 +/- 6.7048
INFO:root:Epoch no. 89 of 500 (samples: 289825)
INFO:root:Loss: 537.5377 +/- 5.8778
INFO:root:Epoch no. 90 of 500 (samples: 289825)
INFO:root:Loss: 536.2376 +/- 4.466
INFO:root:Epoch no. 91 of 500 (samples: 289825)
INFO:root:Loss: 536.5771 +/- 6.051
INFO:root:Epoch no. 92 of 500 (samples: 289825)
INFO:root:Loss: 537.8641 +/- 7.4357
INFO:root:Epoch no. 93 of 500 (samples: 289825)
INFO:root:Loss: 537.1645 +/- 5.4557
INFO:root:Epoch no. 94 of 500 (samples: 289825)
INFO:root:Loss: 537.083 +/- 4.3112
INFO:root:Epoch no. 95 of 500 (samples: 289825)
INFO:root:Loss: 536.5415 +/- 6.3969
INFO:root:Epoch no. 96 of 500 (samples: 289825)
INFO:root:Loss: 536.5883 +/- 5.6571
INFO:root:Epoch no. 97 of 500 (samples: 289825)
INFO:root:Loss: 536.5639 +/- 7.0243
INFO:root:Epoch no. 98 of 500 (samples: 289825)
INFO:root:Loss: 535.6663 +/- 6.7963
INFO:root:Epoch no. 99 of 500 (samples: 289825)
INFO:root:Loss: 535.5469 +/- 6.1378
INFO:root:Epoch no. 100 of 500 (samples: 289825)
INFO:root:Loss: 536.4586 +/- 6.3819
INFO:root:Epoch no. 101 of 500 (samples: 289825)
INFO:root:Loss: 535.0901 +/- 5.6835
INFO:root:Epoch no. 102 of 500 (samples: 289825)
INFO:root:Loss: 536.692 +/- 5.1867
INFO:root:Epoch no. 103 of 500 (samples: 289825)
INFO:root:Loss: 535.8079 +/- 6.9836
INFO:root:Epoch no. 104 of 500 (samples: 289825)
INFO:root:Loss: 535.5972 +/- 6.3615
INFO:root:Epoch no. 105 of 500 (samples: 289825)
INFO:root:Loss: 535.3494 +/- 5.9048
INFO:root:Epoch no. 106 of 500 (samples: 289825)
INFO:root:Loss: 534.8733 +/- 7.3284
INFO:root:Epoch no. 107 of 500 (samples: 289825)
INFO:root:Loss: 535.4807 +/- 8.1664
INFO:root:Epoch no. 108 of 500 (samples: 289825)
INFO:root:Loss: 536.4867 +/- 6.3383
INFO:root:Epoch no. 109 of 500 (samples: 289825)
INFO:root:Loss: 535.166 +/- 5.9829
INFO:root:Epoch no. 110 of 500 (samples: 289825)
INFO:root:Loss: 535.5794 +/- 6.503
INFO:root:Epoch no. 111 of 500 (samples: 289825)
INFO:root:Loss: 534.2026 +/- 6.1379
INFO:root:Epoch no. 112 of 500 (samples: 289825)
INFO:root:Loss: 536.1337 +/- 7.2372
INFO:root:Epoch no. 113 of 500 (samples: 289825)
INFO:root:Loss: 535.4058 +/- 6.7555
INFO:root:Epoch no. 114 of 500 (samples: 289825)
INFO:root:Loss: 534.6867 +/- 5.3915
INFO:root:Epoch no. 115 of 500 (samples: 289825)
INFO:root:Loss: 535.0276 +/- 6.0242
INFO:root:Epoch no. 116 of 500 (samples: 289825)
INFO:root:Loss: 534.8103 +/- 5.8617
INFO:root:Epoch no. 117 of 500 (samples: 289825)
INFO:root:Loss: 534.8615 +/- 3.9875
INFO:root:Epoch no. 118 of 500 (samples: 289825)
INFO:root:Loss: 534.2062 +/- 7.0068
INFO:root:Epoch no. 119 of 500 (samples: 289825)
INFO:root:Loss: 534.4305 +/- 5.1099
INFO:root:Epoch no. 120 of 500 (samples: 289825)
INFO:root:Loss: 534.2303 +/- 6.6994
INFO:root:Epoch no. 121 of 500 (samples: 289825)
INFO:root:Loss: 534.5998 +/- 6.5105
INFO:root:Epoch no. 122 of 500 (samples: 289825)
INFO:root:Loss: 534.2788 +/- 7.0953
INFO:root:Epoch no. 123 of 500 (samples: 289825)
INFO:root:Loss: 534.1572 +/- 5.163
INFO:root:Epoch no. 124 of 500 (samples: 289825)
INFO:root:Loss: 533.6832 +/- 8.041
INFO:root:Epoch no. 125 of 500 (samples: 289825)
INFO:root:Loss: 533.4683 +/- 4.6878
INFO:root:Epoch no. 126 of 500 (samples: 289825)
INFO:root:Loss: 533.7504 +/- 5.1573
INFO:root:Epoch no. 127 of 500 (samples: 289825)
INFO:root:Loss: 534.0843 +/- 6.5102
INFO:root:Epoch no. 128 of 500 (samples: 289825)
INFO:root:Loss: 532.676 +/- 6.88
INFO:root:Epoch no. 129 of 500 (samples: 289825)
INFO:root:Loss: 533.0373 +/- 6.7009
INFO:root:Epoch no. 130 of 500 (samples: 289825)
INFO:root:Loss: 533.7143 +/- 4.3787
INFO:root:Epoch no. 131 of 500 (samples: 289825)
INFO:root:Loss: 532.8226 +/- 4.9141
INFO:root:Epoch no. 132 of 500 (samples: 289825)
INFO:root:Loss: 532.7649 +/- 5.569
INFO:root:Epoch no. 133 of 500 (samples: 289825)
INFO:root:Loss: 532.3413 +/- 5.0062
INFO:root:Epoch no. 134 of 500 (samples: 289825)
INFO:root:Loss: 534.4821 +/- 5.2436
INFO:root:Epoch no. 135 of 500 (samples: 289825)
INFO:root:Loss: 532.0555 +/- 5.3738
INFO:root:Epoch no. 136 of 500 (samples: 289825)
INFO:root:Loss: 532.2225 +/- 6.3841
INFO:root:Epoch no. 137 of 500 (samples: 289825)
INFO:root:Loss: 532.3787 +/- 4.8059
INFO:root:Epoch no. 138 of 500 (samples: 289825)
INFO:root:Loss: 533.2131 +/- 5.3648
INFO:root:Epoch no. 139 of 500 (samples: 289825)
INFO:root:Loss: 532.2403 +/- 5.3942
INFO:root:Epoch no. 140 of 500 (samples: 289825)
INFO:root:Loss: 533.2254 +/- 6.2459
INFO:root:Epoch no. 141 of 500 (samples: 289825)
INFO:root:Loss: 531.5413 +/- 5.9046
INFO:root:Epoch no. 142 of 500 (samples: 289825)
INFO:root:Loss: 531.8681 +/- 5.31
INFO:root:Epoch no. 143 of 500 (samples: 289825)
INFO:root:Loss: 532.523 +/- 6.9666
INFO:root:Epoch no. 144 of 500 (samples: 289825)
INFO:root:Loss: 532.4621 +/- 4.2446
INFO:root:Epoch no. 145 of 500 (samples: 289825)
INFO:root:Loss: 532.3032 +/- 5.3195
INFO:root:Epoch no. 146 of 500 (samples: 289825)
INFO:root:Loss: 532.2753 +/- 5.9793
INFO:root:Epoch no. 147 of 500 (samples: 289825)
INFO:root:Loss: 533.7947 +/- 5.9284
INFO:root:Epoch no. 148 of 500 (samples: 289825)
INFO:root:Loss: 531.8221 +/- 4.5047
INFO:root:Epoch no. 149 of 500 (samples: 289825)
INFO:root:Loss: 532.3038 +/- 5.5195
INFO:root:Epoch no. 150 of 500 (samples: 289825)
INFO:root:Loss: 532.5741 +/- 6.6671
INFO:root:Epoch no. 151 of 500 (samples: 289825)
INFO:root:Loss: 532.5938 +/- 5.4962
INFO:root:Epoch no. 152 of 500 (samples: 289825)
INFO:root:Loss: 533.0712 +/- 5.7006
INFO:root:Epoch no. 153 of 500 (samples: 289825)
INFO:root:Loss: 531.6258 +/- 7.1306
INFO:root:Epoch no. 154 of 500 (samples: 289825)
INFO:root:Loss: 532.2519 +/- 5.2472
INFO:root:Epoch no. 155 of 500 (samples: 289825)
INFO:root:Loss: 532.5107 +/- 5.2055
INFO:root:Epoch no. 156 of 500 (samples: 289825)
INFO:root:Loss: 531.8096 +/- 5.5927
INFO:root:Epoch no. 157 of 500 (samples: 289825)
INFO:root:Loss: 532.0772 +/- 5.3107
INFO:root:Epoch no. 158 of 500 (samples: 289825)
INFO:root:Loss: 530.7826 +/- 4.2823
INFO:root:Epoch no. 159 of 500 (samples: 289825)
INFO:root:Loss: 532.6276 +/- 4.6744
INFO:root:Epoch no. 160 of 500 (samples: 289825)
INFO:root:Loss: 532.1114 +/- 5.5615
INFO:root:Epoch no. 161 of 500 (samples: 289825)
INFO:root:Loss: 531.7421 +/- 5.5839
INFO:root:Epoch no. 162 of 500 (samples: 289825)
INFO:root:Loss: 531.2087 +/- 4.9786
INFO:root:Epoch no. 163 of 500 (samples: 289825)
INFO:root:Loss: 532.3485 +/- 4.465
INFO:root:Epoch no. 164 of 500 (samples: 289825)
INFO:root:Loss: 530.2019 +/- 4.5377
INFO:root:Epoch no. 165 of 500 (samples: 289825)
INFO:root:Loss: 530.3442 +/- 6.0543
INFO:root:Epoch no. 166 of 500 (samples: 289825)
INFO:root:Loss: 531.4914 +/- 5.8039
INFO:root:Epoch no. 167 of 500 (samples: 289825)
INFO:root:Loss: 531.4638 +/- 6.6439
INFO:root:Epoch no. 168 of 500 (samples: 289825)
INFO:root:Loss: 531.8589 +/- 2.2285
INFO:root:Epoch no. 169 of 500 (samples: 289825)
INFO:root:Loss: 530.5317 +/- 4.4604
INFO:root:Epoch no. 170 of 500 (samples: 289825)
INFO:root:Loss: 532.1583 +/- 5.241
INFO:root:Epoch no. 171 of 500 (samples: 289825)
INFO:root:Loss: 530.8965 +/- 3.5536
INFO:root:Epoch no. 172 of 500 (samples: 289825)
INFO:root:Loss: 532.6714 +/- 4.5792
INFO:root:Epoch no. 173 of 500 (samples: 289825)
INFO:root:Loss: 531.3957 +/- 5.7265
INFO:root:Epoch no. 174 of 500 (samples: 289825)
INFO:root:Loss: 532.1258 +/- 3.8559
INFO:root:Epoch no. 175 of 500 (samples: 289825)
INFO:root:Loss: 530.3763 +/- 6.3614
INFO:root:Epoch no. 176 of 500 (samples: 289825)
INFO:root:Loss: 530.3713 +/- 4.1647
INFO:root:Epoch no. 177 of 500 (samples: 289825)
INFO:root:Loss: 531.4225 +/- 4.812
INFO:root:Epoch no. 178 of 500 (samples: 289825)
INFO:root:Loss: 530.6124 +/- 4.8113
INFO:root:Epoch no. 179 of 500 (samples: 289825)
INFO:root:Loss: 531.397 +/- 3.4355
INFO:root:Epoch no. 180 of 500 (samples: 289825)
INFO:root:Loss: 531.3974 +/- 5.9416
INFO:root:Epoch no. 181 of 500 (samples: 289825)
INFO:root:Loss: 531.0556 +/- 6.2803
INFO:root:Epoch no. 182 of 500 (samples: 289825)
INFO:root:Loss: 531.3794 +/- 4.348
INFO:root:Epoch no. 183 of 500 (samples: 289825)
INFO:root:Loss: 530.6741 +/- 3.9692
INFO:root:Epoch no. 184 of 500 (samples: 289825)
INFO:root:Loss: 531.7592 +/- 6.9596
INFO:root:Epoch no. 185 of 500 (samples: 289825)
INFO:root:Loss: 530.8204 +/- 4.9382
INFO:root:Epoch no. 186 of 500 (samples: 289825)
INFO:root:Loss: 530.9661 +/- 5.2085
INFO:root:Epoch no. 187 of 500 (samples: 289825)
INFO:root:Loss: 531.8069 +/- 5.4289
INFO:root:Epoch no. 188 of 500 (samples: 289825)
INFO:root:Loss: 531.2999 +/- 6.0878
INFO:root:Epoch no. 189 of 500 (samples: 289825)
INFO:root:Loss: 530.2504 +/- 5.1475
INFO:root:Epoch no. 190 of 500 (samples: 289825)
INFO:root:Loss: 529.9573 +/- 3.4903
INFO:root:Epoch no. 191 of 500 (samples: 289825)
INFO:root:Loss: 530.8544 +/- 4.6455
INFO:root:Epoch no. 192 of 500 (samples: 289825)
INFO:root:Loss: 530.7505 +/- 4.9368
INFO:root:Epoch no. 193 of 500 (samples: 289825)
INFO:root:Loss: 531.3171 +/- 3.1931
INFO:root:Epoch no. 194 of 500 (samples: 289825)
INFO:root:Loss: 531.5035 +/- 6.1425
INFO:root:Epoch no. 195 of 500 (samples: 289825)
INFO:root:Loss: 530.4953 +/- 3.7964
INFO:root:Epoch no. 196 of 500 (samples: 289825)
INFO:root:Loss: 530.2102 +/- 3.6001
INFO:root:Epoch no. 197 of 500 (samples: 289825)
INFO:root:Loss: 531.5845 +/- 4.4437
INFO:root:Epoch no. 198 of 500 (samples: 289825)
INFO:root:Loss: 529.8487 +/- 4.7267
INFO:root:Epoch no. 199 of 500 (samples: 289825)
INFO:root:Loss: 530.6709 +/- 4.804
INFO:root:Epoch no. 200 of 500 (samples: 289825)
INFO:root:Loss: 529.6092 +/- 5.0335
INFO:root:Epoch no. 201 of 500 (samples: 289825)
INFO:root:Loss: 530.1018 +/- 4.8034
INFO:root:Epoch no. 202 of 500 (samples: 289825)
INFO:root:Loss: 530.3594 +/- 5.2634
INFO:root:Epoch no. 203 of 500 (samples: 289825)
INFO:root:Loss: 529.493 +/- 5.0
INFO:root:Epoch no. 204 of 500 (samples: 289825)
INFO:root:Loss: 530.7046 +/- 4.9071
INFO:root:Epoch no. 205 of 500 (samples: 289825)
INFO:root:Loss: 531.0628 +/- 5.77
INFO:root:Epoch no. 206 of 500 (samples: 289825)
INFO:root:Loss: 529.8117 +/- 7.2932
INFO:root:Epoch no. 207 of 500 (samples: 289825)
INFO:root:Loss: 529.4886 +/- 3.7456
INFO:root:Epoch no. 208 of 500 (samples: 289825)
INFO:root:Loss: 530.1494 +/- 3.6587
INFO:root:Epoch no. 209 of 500 (samples: 289825)
INFO:root:Loss: 528.1313 +/- 5.0716
INFO:root:Epoch no. 210 of 500 (samples: 289825)
INFO:root:Loss: 530.6746 +/- 4.769
INFO:root:Epoch no. 211 of 500 (samples: 289825)
INFO:root:Loss: 530.3882 +/- 5.2099
INFO:root:Epoch no. 212 of 500 (samples: 289825)
INFO:root:Loss: 530.2985 +/- 3.9223
INFO:root:Epoch no. 213 of 500 (samples: 289825)
INFO:root:Loss: 530.0913 +/- 3.9718
INFO:root:Epoch no. 214 of 500 (samples: 289825)
INFO:root:Loss: 529.1287 +/- 3.6801
INFO:root:Epoch no. 215 of 500 (samples: 289825)
INFO:root:Loss: 529.8476 +/- 5.6075
INFO:root:Epoch no. 216 of 500 (samples: 289825)
INFO:root:Loss: 531.4746 +/- 4.95
INFO:root:Epoch no. 217 of 500 (samples: 289825)
INFO:root:Loss: 529.5839 +/- 6.0197
INFO:root:Epoch no. 218 of 500 (samples: 289825)
INFO:root:Loss: 529.2482 +/- 4.0426
INFO:root:Epoch no. 219 of 500 (samples: 289825)
INFO:root:Loss: 530.6604 +/- 6.4453
INFO:root:Epoch no. 220 of 500 (samples: 289825)
INFO:root:Loss: 530.1974 +/- 4.3966
INFO:root:Epoch no. 221 of 500 (samples: 289825)
INFO:root:Loss: 529.5035 +/- 5.3267
INFO:root:Epoch no. 222 of 500 (samples: 289825)
INFO:root:Loss: 529.4641 +/- 4.151
INFO:root:Epoch no. 223 of 500 (samples: 289825)
INFO:root:Loss: 529.0535 +/- 4.4291
INFO:root:Epoch no. 224 of 500 (samples: 289825)
INFO:root:Loss: 529.2199 +/- 6.2785
INFO:root:Epoch no. 225 of 500 (samples: 289825)
INFO:root:Loss: 529.6836 +/- 5.9314
INFO:root:Epoch no. 226 of 500 (samples: 289825)
INFO:root:Loss: 530.3163 +/- 4.4205
INFO:root:Epoch no. 227 of 500 (samples: 289825)
INFO:root:Loss: 529.259 +/- 5.737
INFO:root:Epoch no. 228 of 500 (samples: 289825)
INFO:root:Loss: 530.2094 +/- 4.7069
INFO:root:Epoch no. 229 of 500 (samples: 289825)
INFO:root:Loss: 528.7203 +/- 3.7183
INFO:root:Epoch no. 230 of 500 (samples: 289825)
INFO:root:Loss: 529.6075 +/- 4.9647
INFO:root:Epoch no. 231 of 500 (samples: 289825)
INFO:root:Loss: 528.2496 +/- 2.953
INFO:root:Epoch no. 232 of 500 (samples: 289825)
INFO:root:Loss: 529.6063 +/- 4.1305
INFO:root:Epoch no. 233 of 500 (samples: 289825)
INFO:root:Loss: 529.71 +/- 4.6004
INFO:root:Epoch no. 234 of 500 (samples: 289825)
INFO:root:Loss: 529.7844 +/- 5.0539
INFO:root:Epoch no. 235 of 500 (samples: 289825)
INFO:root:Loss: 529.6738 +/- 5.2112
INFO:root:Epoch no. 236 of 500 (samples: 289825)
INFO:root:Loss: 528.0982 +/- 5.3364
INFO:root:Epoch no. 237 of 500 (samples: 289825)
INFO:root:Loss: 528.9892 +/- 3.5412
INFO:root:Epoch no. 238 of 500 (samples: 289825)
INFO:root:Loss: 529.7023 +/- 5.2165
INFO:root:Epoch no. 239 of 500 (samples: 289825)
INFO:root:Loss: 529.4642 +/- 4.3862
INFO:root:Epoch no. 240 of 500 (samples: 289825)
INFO:root:Loss: 529.4053 +/- 3.2853
INFO:root:Epoch no. 241 of 500 (samples: 289825)
INFO:root:Loss: 528.5727 +/- 5.5169
INFO:root:Epoch no. 242 of 500 (samples: 289825)
INFO:root:Loss: 529.4488 +/- 4.3754
INFO:root:Epoch no. 243 of 500 (samples: 289825)
INFO:root:Loss: 529.4453 +/- 2.7622
INFO:root:Epoch no. 244 of 500 (samples: 289825)
INFO:root:Loss: 528.8691 +/- 5.6116
INFO:root:Epoch no. 245 of 500 (samples: 289825)
INFO:root:Loss: 529.0107 +/- 4.9054
INFO:root:Epoch no. 246 of 500 (samples: 289825)
INFO:root:Loss: 528.429 +/- 6.4997
INFO:root:Epoch no. 247 of 500 (samples: 289825)
INFO:root:Loss: 528.1443 +/- 4.7236
INFO:root:Epoch no. 248 of 500 (samples: 289825)
INFO:root:Loss: 528.4508 +/- 3.1973
INFO:root:Epoch no. 249 of 500 (samples: 289825)
INFO:root:Loss: 528.497 +/- 5.07
INFO:root:Epoch no. 250 of 500 (samples: 289825)
INFO:root:Loss: 529.1414 +/- 5.2096
INFO:root:Epoch no. 251 of 500 (samples: 289825)
INFO:root:Loss: 529.1705 +/- 3.9826
INFO:root:Epoch no. 252 of 500 (samples: 289825)
INFO:root:Loss: 528.4027 +/- 5.3608
INFO:root:Epoch no. 253 of 500 (samples: 289825)
INFO:root:Loss: 527.7963 +/- 3.5758
INFO:root:Epoch no. 254 of 500 (samples: 289825)
INFO:root:Loss: 528.1489 +/- 5.0377
INFO:root:Epoch no. 255 of 500 (samples: 289825)
INFO:root:Loss: 528.128 +/- 3.3594
INFO:root:Epoch no. 256 of 500 (samples: 289825)
INFO:root:Loss: 529.3237 +/- 4.2219
INFO:root:Epoch no. 257 of 500 (samples: 289825)
INFO:root:Loss: 528.2886 +/- 5.2256
INFO:root:Epoch no. 258 of 500 (samples: 289825)
INFO:root:Loss: 528.6931 +/- 4.9526
INFO:root:Epoch no. 259 of 500 (samples: 289825)
INFO:root:Loss: 528.2869 +/- 4.4424
INFO:root:Epoch no. 260 of 500 (samples: 289825)
INFO:root:Loss: 529.0273 +/- 3.8059
INFO:root:Epoch no. 261 of 500 (samples: 289825)
INFO:root:Loss: 528.2311 +/- 4.8113
INFO:root:Epoch no. 262 of 500 (samples: 289825)
INFO:root:Loss: 528.576 +/- 5.2619
INFO:root:Epoch no. 263 of 500 (samples: 289825)
INFO:root:Loss: 527.8088 +/- 4.6961
INFO:root:Epoch no. 264 of 500 (samples: 289825)
INFO:root:Loss: 528.3324 +/- 3.7972
INFO:root:Epoch no. 265 of 500 (samples: 289825)
INFO:root:Loss: 529.2093 +/- 4.2301
INFO:root:Epoch no. 266 of 500 (samples: 289825)
INFO:root:Loss: 528.0844 +/- 2.9152
INFO:root:Epoch no. 267 of 500 (samples: 289825)
INFO:root:Loss: 528.2668 +/- 3.0912
INFO:root:Epoch no. 268 of 500 (samples: 289825)
INFO:root:Loss: 528.0444 +/- 5.248
INFO:root:Epoch no. 269 of 500 (samples: 289825)
INFO:root:Loss: 528.8431 +/- 3.3791
INFO:root:Epoch no. 270 of 500 (samples: 289825)
INFO:root:Loss: 527.9011 +/- 5.014
INFO:root:Epoch no. 271 of 500 (samples: 289825)
INFO:root:Loss: 527.4172 +/- 3.8747
INFO:root:Epoch no. 272 of 500 (samples: 289825)
INFO:root:Loss: 527.6983 +/- 4.5987
INFO:root:Epoch no. 273 of 500 (samples: 289825)
INFO:root:Loss: 528.7975 +/- 5.6814
INFO:root:Epoch no. 274 of 500 (samples: 289825)
INFO:root:Loss: 527.677 +/- 5.1377
INFO:root:Epoch no. 275 of 500 (samples: 289825)
INFO:root:Loss: 528.3122 +/- 3.8965
INFO:root:Epoch no. 276 of 500 (samples: 289825)
INFO:root:Loss: 529.0543 +/- 3.403
INFO:root:Epoch no. 277 of 500 (samples: 289825)
INFO:root:Loss: 528.0026 +/- 4.2356
INFO:root:Epoch no. 278 of 500 (samples: 289825)
INFO:root:Loss: 528.2263 +/- 3.8079
INFO:root:Epoch no. 279 of 500 (samples: 289825)
INFO:root:Loss: 528.4033 +/- 3.5769
INFO:root:Epoch no. 280 of 500 (samples: 289825)
INFO:root:Loss: 527.8779 +/- 4.4046
INFO:root:Epoch no. 281 of 500 (samples: 289825)
INFO:root:Loss: 527.1868 +/- 5.3799
INFO:root:Epoch no. 282 of 500 (samples: 289825)
INFO:root:Loss: 527.9653 +/- 4.3124
INFO:root:Epoch no. 283 of 500 (samples: 289825)
INFO:root:Loss: 528.5644 +/- 2.3373
INFO:root:Epoch no. 284 of 500 (samples: 289825)
INFO:root:Loss: 527.5274 +/- 5.3003
INFO:root:Epoch no. 285 of 500 (samples: 289825)
INFO:root:Loss: 527.6738 +/- 6.487
INFO:root:Epoch no. 286 of 500 (samples: 289825)
INFO:root:Loss: 527.6588 +/- 3.8403
INFO:root:Epoch no. 287 of 500 (samples: 289825)
INFO:root:Loss: 526.6166 +/- 3.5405
INFO:root:Epoch no. 288 of 500 (samples: 289825)
INFO:root:Loss: 527.2953 +/- 2.6283
INFO:root:Epoch no. 289 of 500 (samples: 289825)
INFO:root:Loss: 527.7168 +/- 3.8148
INFO:root:Epoch no. 290 of 500 (samples: 289825)
INFO:root:Loss: 527.3907 +/- 4.3321
INFO:root:Epoch no. 291 of 500 (samples: 289825)
INFO:root:Loss: 527.4564 +/- 4.337
INFO:root:Epoch no. 292 of 500 (samples: 289825)
INFO:root:Loss: 527.2266 +/- 3.9771
INFO:root:Epoch no. 293 of 500 (samples: 289825)
INFO:root:Loss: 527.9261 +/- 4.651
INFO:root:Epoch no. 294 of 500 (samples: 289825)
INFO:root:Loss: 527.8832 +/- 2.9553
INFO:root:Epoch no. 295 of 500 (samples: 289825)
INFO:root:Loss: 527.4156 +/- 3.5997
INFO:root:Epoch no. 296 of 500 (samples: 289825)
INFO:root:Loss: 528.7396 +/- 5.4339
INFO:root:Epoch no. 297 of 500 (samples: 289825)
INFO:root:Loss: 527.3786 +/- 5.2572
INFO:root:Epoch no. 298 of 500 (samples: 289825)
INFO:root:Loss: 528.1654 +/- 4.004
INFO:root:Epoch no. 299 of 500 (samples: 289825)
INFO:root:Loss: 526.6906 +/- 5.3745
INFO:root:Epoch no. 300 of 500 (samples: 289825)
INFO:root:Loss: 526.7985 +/- 6.1608
INFO:root:Epoch no. 301 of 500 (samples: 289825)
INFO:root:Loss: 528.7992 +/- 5.0593
INFO:root:Epoch no. 302 of 500 (samples: 289825)
INFO:root:Loss: 527.0081 +/- 4.6805
INFO:root:Epoch no. 303 of 500 (samples: 289825)
INFO:root:Loss: 527.562 +/- 3.6432
INFO:root:Epoch no. 304 of 500 (samples: 289825)
INFO:root:Loss: 527.0289 +/- 2.2371
INFO:root:Epoch no. 305 of 500 (samples: 289825)
INFO:root:Loss: 528.5432 +/- 4.4744
INFO:root:Epoch no. 306 of 500 (samples: 289825)
INFO:root:Loss: 527.4739 +/- 5.3305
INFO:root:Epoch no. 307 of 500 (samples: 289825)
INFO:root:Loss: 527.815 +/- 3.3187
INFO:root:Epoch no. 308 of 500 (samples: 289825)
INFO:root:Loss: 528.5387 +/- 4.6647
INFO:root:Epoch no. 309 of 500 (samples: 289825)
INFO:root:Loss: 526.9977 +/- 3.6128
INFO:root:Epoch no. 310 of 500 (samples: 289825)
INFO:root:Loss: 526.8256 +/- 2.9163
INFO:root:Epoch no. 311 of 500 (samples: 289825)
INFO:root:Loss: 527.4525 +/- 5.6775
INFO:root:Epoch no. 312 of 500 (samples: 289825)
INFO:root:Loss: 526.7035 +/- 4.7878
INFO:root:Epoch no. 313 of 500 (samples: 289825)
INFO:root:Loss: 527.6361 +/- 5.7529
INFO:root:Epoch no. 314 of 500 (samples: 289825)
INFO:root:Loss: 527.3412 +/- 2.9448
INFO:root:Epoch no. 315 of 500 (samples: 289825)
INFO:root:Loss: 527.2152 +/- 4.7437
INFO:root:Epoch no. 316 of 500 (samples: 289825)
INFO:root:Loss: 525.9661 +/- 4.2732
INFO:root:Epoch no. 317 of 500 (samples: 289825)
INFO:root:Loss: 527.8962 +/- 3.5334
INFO:root:Epoch no. 318 of 500 (samples: 289825)
INFO:root:Loss: 527.2328 +/- 5.2568
INFO:root:Epoch no. 319 of 500 (samples: 289825)
INFO:root:Loss: 527.7411 +/- 4.1574
INFO:root:Epoch no. 320 of 500 (samples: 289825)
INFO:root:Loss: 526.5833 +/- 5.3048
INFO:root:Epoch no. 321 of 500 (samples: 289825)
INFO:root:Loss: 527.7501 +/- 3.9441
INFO:root:Epoch no. 322 of 500 (samples: 289825)
INFO:root:Loss: 526.2322 +/- 4.1578
INFO:root:Epoch no. 323 of 500 (samples: 289825)
INFO:root:Loss: 527.8888 +/- 5.2562
INFO:root:Epoch no. 324 of 500 (samples: 289825)
INFO:root:Loss: 526.6915 +/- 4.3877
INFO:root:Epoch no. 325 of 500 (samples: 289825)
INFO:root:Loss: 526.5271 +/- 3.6271
INFO:root:Epoch no. 326 of 500 (samples: 289825)
INFO:root:Loss: 527.0732 +/- 5.7102
INFO:root:Epoch no. 327 of 500 (samples: 289825)
INFO:root:Loss: 526.2244 +/- 3.7591
INFO:root:Epoch no. 328 of 500 (samples: 289825)
INFO:root:Loss: 527.1921 +/- 5.1314
INFO:root:Epoch no. 329 of 500 (samples: 289825)
INFO:root:Loss: 528.1397 +/- 5.0937
INFO:root:Epoch no. 330 of 500 (samples: 289825)
INFO:root:Loss: 527.2662 +/- 5.5371
INFO:root:Epoch no. 331 of 500 (samples: 289825)
INFO:root:Loss: 528.0239 +/- 4.2655
INFO:root:Epoch no. 332 of 500 (samples: 289825)
INFO:root:Loss: 526.4525 +/- 3.8902
INFO:root:Epoch no. 333 of 500 (samples: 289825)
INFO:root:Loss: 526.9955 +/- 4.2966
INFO:root:Epoch no. 334 of 500 (samples: 289825)
INFO:root:Loss: 525.9164 +/- 3.9654
INFO:root:Epoch no. 335 of 500 (samples: 289825)
INFO:root:Loss: 526.9806 +/- 5.3105
INFO:root:Epoch no. 336 of 500 (samples: 289825)
INFO:root:Loss: 526.9441 +/- 3.6395
INFO:root:Epoch no. 337 of 500 (samples: 289825)
INFO:root:Loss: 526.9272 +/- 3.9867
INFO:root:Epoch no. 338 of 500 (samples: 289825)
INFO:root:Loss: 525.9497 +/- 5.9414
INFO:root:Epoch no. 339 of 500 (samples: 289825)
INFO:root:Loss: 527.0402 +/- 4.3279
INFO:root:Epoch no. 340 of 500 (samples: 289825)
INFO:root:Loss: 526.4427 +/- 4.4004
INFO:root:Epoch no. 341 of 500 (samples: 289825)
INFO:root:Loss: 527.3676 +/- 5.4316
INFO:root:Epoch no. 342 of 500 (samples: 289825)
INFO:root:Loss: 526.5224 +/- 5.0753
INFO:root:Epoch no. 343 of 500 (samples: 289825)
INFO:root:Loss: 526.7285 +/- 3.4098
INFO:root:Epoch no. 344 of 500 (samples: 289825)
INFO:root:Loss: 526.5604 +/- 4.6943
INFO:root:Epoch no. 345 of 500 (samples: 289825)
INFO:root:Loss: 525.6584 +/- 3.4699
INFO:root:Epoch no. 346 of 500 (samples: 289825)
INFO:root:Loss: 526.1872 +/- 5.0563
INFO:root:Epoch no. 347 of 500 (samples: 289825)
INFO:root:Loss: 527.0026 +/- 3.1448
INFO:root:Epoch no. 348 of 500 (samples: 289825)
INFO:root:Loss: 526.0925 +/- 3.9519
INFO:root:Epoch no. 349 of 500 (samples: 289825)
INFO:root:Loss: 526.7387 +/- 4.0314
INFO:root:Epoch no. 350 of 500 (samples: 289825)
INFO:root:Loss: 525.8369 +/- 6.3154
INFO:root:Epoch no. 351 of 500 (samples: 289825)
INFO:root:Loss: 526.4865 +/- 2.2126
INFO:root:Epoch no. 352 of 500 (samples: 289825)
INFO:root:Loss: 527.0365 +/- 4.143
INFO:root:Epoch no. 353 of 500 (samples: 289825)
INFO:root:Loss: 527.2955 +/- 3.6819
INFO:root:Epoch no. 354 of 500 (samples: 289825)
INFO:root:Loss: 527.036 +/- 6.3408
INFO:root:Epoch no. 355 of 500 (samples: 289825)
INFO:root:Loss: 526.3277 +/- 4.0178
INFO:root:Epoch no. 356 of 500 (samples: 289825)
INFO:root:Loss: 527.6973 +/- 3.3894
INFO:root:Epoch no. 357 of 500 (samples: 289825)
INFO:root:Loss: 525.855 +/- 3.9528
INFO:root:Epoch no. 358 of 500 (samples: 289825)
INFO:root:Loss: 526.4683 +/- 5.3756
INFO:root:Epoch no. 359 of 500 (samples: 289825)
INFO:root:Loss: 526.507 +/- 3.1805
INFO:root:Epoch no. 360 of 500 (samples: 289825)
INFO:root:Loss: 525.8012 +/- 5.2574
INFO:root:Epoch no. 361 of 500 (samples: 289825)
INFO:root:Loss: 525.647 +/- 6.139
INFO:root:Epoch no. 362 of 500 (samples: 289825)
INFO:root:Loss: 526.6913 +/- 5.1838
INFO:root:Epoch no. 363 of 500 (samples: 289825)
INFO:root:Loss: 526.882 +/- 5.3889
INFO:root:Epoch no. 364 of 500 (samples: 289825)
INFO:root:Loss: 526.0378 +/- 2.8044
INFO:root:Epoch no. 365 of 500 (samples: 289825)
INFO:root:Loss: 526.9675 +/- 4.5773
INFO:root:Epoch no. 366 of 500 (samples: 289825)
INFO:root:Loss: 525.2013 +/- 5.2617
INFO:root:Epoch no. 367 of 500 (samples: 289825)
INFO:root:Loss: 527.7867 +/- 3.9847
INFO:root:Epoch no. 368 of 500 (samples: 289825)
INFO:root:Loss: 526.14 +/- 4.7169
INFO:root:Epoch no. 369 of 500 (samples: 289825)
INFO:root:Loss: 525.5461 +/- 4.4882
INFO:root:Epoch no. 370 of 500 (samples: 289825)
INFO:root:Loss: 527.065 +/- 4.2389
INFO:root:Epoch no. 371 of 500 (samples: 289825)
INFO:root:Loss: 527.4114 +/- 5.0027
INFO:root:Epoch no. 372 of 500 (samples: 289825)
INFO:root:Loss: 526.855 +/- 3.737
INFO:root:Epoch no. 373 of 500 (samples: 289825)
INFO:root:Loss: 527.7298 +/- 4.2786
INFO:root:Epoch no. 374 of 500 (samples: 289825)
INFO:root:Loss: 526.7078 +/- 5.42
INFO:root:Epoch no. 375 of 500 (samples: 289825)
INFO:root:Loss: 526.2489 +/- 5.1617
INFO:root:Epoch no. 376 of 500 (samples: 289825)
INFO:root:Loss: 526.2518 +/- 4.2341
INFO:root:Epoch no. 377 of 500 (samples: 289825)
INFO:root:Loss: 526.1151 +/- 3.9086
INFO:root:Epoch no. 378 of 500 (samples: 289825)
INFO:root:Loss: 526.066 +/- 5.2256
INFO:root:Epoch no. 379 of 500 (samples: 289825)
INFO:root:Loss: 526.0931 +/- 5.7177
INFO:root:Epoch no. 380 of 500 (samples: 289825)
INFO:root:Loss: 524.5655 +/- 4.3719
INFO:root:Epoch no. 381 of 500 (samples: 289825)
INFO:root:Loss: 526.3022 +/- 3.9376
INFO:root:Epoch no. 382 of 500 (samples: 289825)
INFO:root:Loss: 526.1217 +/- 5.371
INFO:root:Epoch no. 383 of 500 (samples: 289825)
INFO:root:Loss: 526.1134 +/- 5.1563
INFO:root:Epoch no. 384 of 500 (samples: 289825)
INFO:root:Loss: 525.7618 +/- 4.7718
INFO:root:Epoch no. 385 of 500 (samples: 289825)
INFO:root:Loss: 525.5591 +/- 2.5212
INFO:root:Epoch no. 386 of 500 (samples: 289825)
INFO:root:Loss: 526.2908 +/- 1.6588
INFO:root:Epoch no. 387 of 500 (samples: 289825)
INFO:root:Loss: 526.0561 +/- 3.3153
INFO:root:Epoch no. 388 of 500 (samples: 289825)
INFO:root:Loss: 525.5061 +/- 3.5451
INFO:root:Epoch no. 389 of 500 (samples: 289825)
INFO:root:Loss: 526.4115 +/- 3.5971
INFO:root:Epoch no. 390 of 500 (samples: 289825)
INFO:root:Loss: 526.523 +/- 4.6825
INFO:root:Epoch no. 391 of 500 (samples: 289825)
INFO:root:Loss: 526.8699 +/- 5.318
INFO:root:Epoch no. 392 of 500 (samples: 289825)
INFO:root:Loss: 526.1427 +/- 4.2955
INFO:root:Epoch no. 393 of 500 (samples: 289825)
INFO:root:Loss: 526.438 +/- 3.1771
INFO:root:Epoch no. 394 of 500 (samples: 289825)
INFO:root:Loss: 526.0475 +/- 4.4851
INFO:root:Epoch no. 395 of 500 (samples: 289825)
INFO:root:Loss: 525.571 +/- 3.4089
INFO:root:Epoch no. 396 of 500 (samples: 289825)
INFO:root:Loss: 525.4718 +/- 5.0356
INFO:root:Epoch no. 397 of 500 (samples: 289825)
INFO:root:Loss: 526.4736 +/- 4.0938
INFO:root:Epoch no. 398 of 500 (samples: 289825)
INFO:root:Loss: 525.259 +/- 4.4169
INFO:root:Epoch no. 399 of 500 (samples: 289825)
INFO:root:Loss: 525.4874 +/- 4.2976
INFO:root:Epoch no. 400 of 500 (samples: 289825)
INFO:root:Loss: 526.2786 +/- 3.3124
INFO:root:Epoch no. 401 of 500 (samples: 289825)
INFO:root:Loss: 526.6072 +/- 3.4227
INFO:root:Epoch no. 402 of 500 (samples: 289825)
INFO:root:Loss: 525.2318 +/- 4.5943
INFO:root:Epoch no. 403 of 500 (samples: 289825)
INFO:root:Loss: 525.8558 +/- 4.7305
INFO:root:Epoch no. 404 of 500 (samples: 289825)
INFO:root:Loss: 526.3125 +/- 5.0483
INFO:root:Epoch no. 405 of 500 (samples: 289825)
INFO:root:Loss: 525.5117 +/- 3.1109
INFO:root:Epoch no. 406 of 500 (samples: 289825)
INFO:root:Loss: 524.9335 +/- 4.6407
INFO:root:Epoch no. 407 of 500 (samples: 289825)
INFO:root:Loss: 524.7901 +/- 2.8374
INFO:root:Epoch no. 408 of 500 (samples: 289825)
INFO:root:Loss: 525.5787 +/- 3.8059
INFO:root:Epoch no. 409 of 500 (samples: 289825)
INFO:root:Loss: 526.7347 +/- 3.3821
INFO:root:Epoch no. 410 of 500 (samples: 289825)
INFO:root:Loss: 526.5081 +/- 4.2111
INFO:root:Epoch no. 411 of 500 (samples: 289825)
INFO:root:Loss: 526.1939 +/- 3.6262
INFO:root:Epoch no. 412 of 500 (samples: 289825)
INFO:root:Loss: 526.5536 +/- 3.2146
INFO:root:Epoch no. 413 of 500 (samples: 289825)
INFO:root:Loss: 525.0585 +/- 4.1909
INFO:root:Epoch no. 414 of 500 (samples: 289825)
INFO:root:Loss: 524.9005 +/- 4.9494
INFO:root:Epoch no. 415 of 500 (samples: 289825)
INFO:root:Loss: 526.5274 +/- 3.922
INFO:root:Epoch no. 416 of 500 (samples: 289825)
INFO:root:Loss: 526.7054 +/- 3.9726
INFO:root:Epoch no. 417 of 500 (samples: 289825)
INFO:root:Loss: 526.3207 +/- 4.3994
INFO:root:Epoch no. 418 of 500 (samples: 289825)
INFO:root:Loss: 524.5174 +/- 3.3995
INFO:root:Epoch no. 419 of 500 (samples: 289825)
INFO:root:Loss: 525.6039 +/- 4.6144
INFO:root:Epoch no. 420 of 500 (samples: 289825)
INFO:root:Loss: 526.7477 +/- 3.6404
INFO:root:Epoch no. 421 of 500 (samples: 289825)
INFO:root:Loss: 525.7223 +/- 3.5559
INFO:root:Epoch no. 422 of 500 (samples: 289825)
INFO:root:Loss: 525.5733 +/- 4.8156
INFO:root:Epoch no. 423 of 500 (samples: 289825)
INFO:root:Loss: 524.6406 +/- 4.5381
INFO:root:Epoch no. 424 of 500 (samples: 289825)
INFO:root:Loss: 524.8214 +/- 3.9634
INFO:root:Epoch no. 425 of 500 (samples: 289825)
INFO:root:Loss: 524.6796 +/- 3.416
INFO:root:Epoch no. 426 of 500 (samples: 289825)
INFO:root:Loss: 526.7321 +/- 5.787
INFO:root:Epoch no. 427 of 500 (samples: 289825)
INFO:root:Loss: 527.0577 +/- 5.0844
INFO:root:Epoch no. 428 of 500 (samples: 289825)
INFO:root:Loss: 526.4483 +/- 3.5774
INFO:root:Epoch no. 429 of 500 (samples: 289825)
INFO:root:Loss: 525.3039 +/- 4.0003
INFO:root:Epoch no. 430 of 500 (samples: 289825)
INFO:root:Loss: 525.55 +/- 2.6768
INFO:root:Epoch no. 431 of 500 (samples: 289825)
INFO:root:Loss: 524.1972 +/- 3.8714
INFO:root:Epoch no. 432 of 500 (samples: 289825)
INFO:root:Loss: 524.1968 +/- 4.4433
INFO:root:Epoch no. 433 of 500 (samples: 289825)
INFO:root:Loss: 526.2501 +/- 3.8712
INFO:root:Epoch no. 434 of 500 (samples: 289825)
INFO:root:Loss: 526.0486 +/- 3.6745
INFO:root:Epoch no. 435 of 500 (samples: 289825)
INFO:root:Loss: 525.1006 +/- 5.0524
INFO:root:Epoch no. 436 of 500 (samples: 289825)
INFO:root:Loss: 525.1212 +/- 4.9099
INFO:root:Epoch no. 437 of 500 (samples: 289825)
INFO:root:Loss: 526.5808 +/- 4.6377
INFO:root:Epoch no. 438 of 500 (samples: 289825)
INFO:root:Loss: 525.187 +/- 4.0791
INFO:root:Epoch no. 439 of 500 (samples: 289825)
INFO:root:Loss: 525.2646 +/- 2.1045
INFO:root:Epoch no. 440 of 500 (samples: 289825)
INFO:root:Loss: 525.7344 +/- 4.8375
INFO:root:Epoch no. 441 of 500 (samples: 289825)
INFO:root:Loss: 525.4331 +/- 2.7127
INFO:root:Epoch no. 442 of 500 (samples: 289825)
INFO:root:Loss: 524.9798 +/- 4.5138
INFO:root:Epoch no. 443 of 500 (samples: 289825)
INFO:root:Loss: 525.4836 +/- 4.7908
INFO:root:Epoch no. 444 of 500 (samples: 289825)
INFO:root:Loss: 526.4217 +/- 3.9587
INFO:root:Epoch no. 445 of 500 (samples: 289825)
INFO:root:Loss: 525.4682 +/- 4.383
INFO:root:Epoch no. 446 of 500 (samples: 289825)
INFO:root:Loss: 524.8997 +/- 3.5041
INFO:root:Epoch no. 447 of 500 (samples: 289825)
INFO:root:Loss: 525.685 +/- 5.3144
INFO:root:Epoch no. 448 of 500 (samples: 289825)
INFO:root:Loss: 525.8136 +/- 4.6182
INFO:root:Epoch no. 449 of 500 (samples: 289825)
INFO:root:Loss: 525.1185 +/- 3.4232
INFO:root:Epoch no. 450 of 500 (samples: 289825)
INFO:root:Loss: 525.5904 +/- 2.5431
INFO:root:Epoch no. 451 of 500 (samples: 289825)
INFO:root:Loss: 525.4296 +/- 3.002
INFO:root:Epoch no. 452 of 500 (samples: 289825)
INFO:root:Loss: 525.4241 +/- 4.3921
INFO:root:Epoch no. 453 of 500 (samples: 289825)
INFO:root:Loss: 524.3103 +/- 4.4972
INFO:root:Epoch no. 454 of 500 (samples: 289825)
INFO:root:Loss: 525.5809 +/- 3.6211
INFO:root:Epoch no. 455 of 500 (samples: 289825)
INFO:root:Loss: 525.0472 +/- 5.09
INFO:root:Epoch no. 456 of 500 (samples: 289825)
INFO:root:Loss: 525.1687 +/- 4.1547
INFO:root:Epoch no. 457 of 500 (samples: 289825)
INFO:root:Loss: 525.1776 +/- 4.8834
INFO:root:Epoch no. 458 of 500 (samples: 289825)
INFO:root:Loss: 524.1874 +/- 2.602
INFO:root:Epoch no. 459 of 500 (samples: 289825)
INFO:root:Loss: 524.9781 +/- 4.2056
INFO:root:Epoch no. 460 of 500 (samples: 289825)
INFO:root:Loss: 525.1837 +/- 3.8583
INFO:root:Epoch no. 461 of 500 (samples: 289825)
INFO:root:Loss: 526.6603 +/- 2.8215
INFO:root:Epoch no. 462 of 500 (samples: 289825)
INFO:root:Loss: 524.1937 +/- 4.0559
INFO:root:Epoch no. 463 of 500 (samples: 289825)
INFO:root:Loss: 525.8656 +/- 3.6535
INFO:root:Epoch no. 464 of 500 (samples: 289825)
INFO:root:Loss: 525.0416 +/- 3.5571
INFO:root:Epoch no. 465 of 500 (samples: 289825)
INFO:root:Loss: 524.7948 +/- 4.2747
INFO:root:Epoch no. 466 of 500 (samples: 289825)
INFO:root:Loss: 524.8682 +/- 3.4597
INFO:root:Epoch no. 467 of 500 (samples: 289825)
INFO:root:Loss: 524.6645 +/- 4.8527
INFO:root:Epoch no. 468 of 500 (samples: 289825)
INFO:root:Loss: 525.9873 +/- 4.8057
INFO:root:Epoch no. 469 of 500 (samples: 289825)
INFO:root:Loss: 524.4499 +/- 4.7015
INFO:root:Epoch no. 470 of 500 (samples: 289825)
INFO:root:Loss: 524.8745 +/- 3.1341
INFO:root:Epoch no. 471 of 500 (samples: 289825)
INFO:root:Loss: 525.3825 +/- 3.9175
INFO:root:Epoch no. 472 of 500 (samples: 289825)
INFO:root:Loss: 524.8834 +/- 5.1607
INFO:root:Epoch no. 473 of 500 (samples: 289825)
INFO:root:Loss: 525.6595 +/- 4.225
INFO:root:Epoch no. 474 of 500 (samples: 289825)
INFO:root:Loss: 525.2398 +/- 3.7442
INFO:root:Epoch no. 475 of 500 (samples: 289825)
INFO:root:Loss: 525.7875 +/- 4.2435
INFO:root:Epoch no. 476 of 500 (samples: 289825)
INFO:root:Loss: 525.9323 +/- 4.6161
INFO:root:Epoch no. 477 of 500 (samples: 289825)
INFO:root:Loss: 525.1525 +/- 3.2029
INFO:root:Epoch no. 478 of 500 (samples: 289825)
INFO:root:Loss: 524.769 +/- 4.1226
INFO:root:Epoch no. 479 of 500 (samples: 289825)
INFO:root:Loss: 524.7629 +/- 4.9036
INFO:root:Epoch no. 480 of 500 (samples: 289825)
INFO:root:Loss: 524.5131 +/- 4.0164
INFO:root:Epoch no. 481 of 500 (samples: 289825)
INFO:root:Loss: 524.8806 +/- 3.6381
INFO:root:Epoch no. 482 of 500 (samples: 289825)
INFO:root:Loss: 524.6495 +/- 4.3929
INFO:root:Epoch no. 483 of 500 (samples: 289825)
INFO:root:Loss: 525.3746 +/- 2.8525
INFO:root:Epoch no. 484 of 500 (samples: 289825)
INFO:root:Loss: 526.3235 +/- 4.6828
INFO:root:Epoch no. 485 of 500 (samples: 289825)
INFO:root:Loss: 523.7798 +/- 4.5914
INFO:root:Epoch no. 486 of 500 (samples: 289825)
INFO:root:Loss: 526.1488 +/- 4.0476
INFO:root:Epoch no. 487 of 500 (samples: 289825)
INFO:root:Loss: 526.2628 +/- 4.6888
INFO:root:Epoch no. 488 of 500 (samples: 289825)
INFO:root:Loss: 525.4126 +/- 2.9494
INFO:root:Epoch no. 489 of 500 (samples: 289825)
INFO:root:Loss: 525.4075 +/- 3.3431
INFO:root:Epoch no. 490 of 500 (samples: 289825)
INFO:root:Loss: 526.0833 +/- 3.3758
INFO:root:Epoch no. 491 of 500 (samples: 289825)
INFO:root:Loss: 523.8877 +/- 3.2435
INFO:root:Epoch no. 492 of 500 (samples: 289825)
INFO:root:Loss: 525.3887 +/- 3.1594
INFO:root:Epoch no. 493 of 500 (samples: 289825)
INFO:root:Loss: 525.6919 +/- 4.5907
INFO:root:Epoch no. 494 of 500 (samples: 289825)
INFO:root:Loss: 526.0179 +/- 3.6236
INFO:root:Epoch no. 495 of 500 (samples: 289825)
INFO:root:Loss: 524.8819 +/- 3.0629
INFO:root:Epoch no. 496 of 500 (samples: 289825)
INFO:root:Loss: 525.1352 +/- 2.354
INFO:root:Epoch no. 497 of 500 (samples: 289825)
INFO:root:Loss: 525.4135 +/- 3.3793
INFO:root:Epoch no. 498 of 500 (samples: 289825)
INFO:root:Loss: 523.5031 +/- 3.0605
INFO:root:Epoch no. 499 of 500 (samples: 289825)
INFO:root:Loss: 524.8741 +/- 4.7917
INFO:root:Epoch no. 500 of 500 (samples: 289825)
INFO:root:Loss: 525.3113 +/- 3.8823
/usr/local/lib/python3.5/dist-packages/keras/backend/theano_backend.py:527: UserWarning: theano.function was asked to create a function computing outputs given certain inputs, but the provided input variable at index 2 is not part of the computational graph needed to compute the outputs: keras_learning_phase.
To make this warning into an error, you can pass the parameter on_unused_input='raise' to theano.function. To disable it completely, use on_unused_input='ignore'.
  **kwargs)
INFO:root:### MICRO (validation raw):
INFO:root:	-- left   >> mean: 2074.1114, median: 222.5, mrr: 0.07, hits@1: 0.56%
INFO:root:	-- right  >> mean: 261.533, median: 26.0, mrr: 0.146, hits@1: 4.3%
INFO:root:	-- global >> mean: 1167.8222, median: 61.0, mrr: 0.108, hits@1: 2.43%
INFO:root:### MICRO (validation raw):
INFO:root:	-- left   >> mean: 2074.1114, median: 222.5, mrr: 0.07, hits@3: 9.32%
INFO:root:	-- right  >> mean: 261.533, median: 26.0, mrr: 0.146, hits@3: 17.52%
INFO:root:	-- global >> mean: 1167.8222, median: 61.0, mrr: 0.108, hits@3: 13.42%
INFO:root:### MICRO (validation raw):
INFO:root:	-- left   >> mean: 2074.1114, median: 222.5, mrr: 0.07, hits@5: 14.04%
INFO:root:	-- right  >> mean: 261.533, median: 26.0, mrr: 0.146, hits@5: 25.54%
INFO:root:	-- global >> mean: 1167.8222, median: 61.0, mrr: 0.108, hits@5: 19.79%
INFO:root:### MICRO (validation raw):
INFO:root:	-- left   >> mean: 2074.1114, median: 222.5, mrr: 0.07, hits@10: 19.92%
INFO:root:	-- right  >> mean: 261.533, median: 26.0, mrr: 0.146, hits@10: 36.4%
INFO:root:	-- global >> mean: 1167.8222, median: 61.0, mrr: 0.108, hits@10: 28.16%
INFO:root:### MICRO (validation filtered):
INFO:root:	-- left   >> mean: 1845.2866, median: 170.0, mrr: 0.094, hits@1: 0.96%
INFO:root:	-- right  >> mean: 259.1222, median: 24.0, mrr: 0.17, hits@1: 5.26%
INFO:root:	-- global >> mean: 1052.2044, median: 53.0, mrr: 0.132, hits@1: 3.11%
INFO:root:### MICRO (validation filtered):
INFO:root:	-- left   >> mean: 1845.2866, median: 170.0, mrr: 0.094, hits@3: 14.42%
INFO:root:	-- right  >> mean: 259.1222, median: 24.0, mrr: 0.17, hits@3: 21.98%
INFO:root:	-- global >> mean: 1052.2044, median: 53.0, mrr: 0.132, hits@3: 18.2%
INFO:root:### MICRO (validation filtered):
INFO:root:	-- left   >> mean: 1845.2866, median: 170.0, mrr: 0.094, hits@5: 17.9%
INFO:root:	-- right  >> mean: 259.1222, median: 24.0, mrr: 0.17, hits@5: 29.12%
INFO:root:	-- global >> mean: 1052.2044, median: 53.0, mrr: 0.132, hits@5: 23.51%
INFO:root:### MICRO (validation filtered):
INFO:root:	-- left   >> mean: 1845.2866, median: 170.0, mrr: 0.094, hits@10: 22.92%
INFO:root:	-- right  >> mean: 259.1222, median: 24.0, mrr: 0.17, hits@10: 39.02%
INFO:root:	-- global >> mean: 1052.2044, median: 53.0, mrr: 0.132, hits@10: 30.97%
INFO:root:### MICRO (test raw):
INFO:root:	-- left   >> mean: 2076.0328, median: 230.0, mrr: 0.065, hits@1: 0.48%
INFO:root:	-- right  >> mean: 245.0124, median: 25.0, mrr: 0.145, hits@1: 4.48%
INFO:root:	-- global >> mean: 1160.5226, median: 63.0, mrr: 0.105, hits@1: 2.48%
INFO:root:### MICRO (test raw):
INFO:root:	-- left   >> mean: 2076.0328, median: 230.0, mrr: 0.065, hits@3: 8.24%
INFO:root:	-- right  >> mean: 245.0124, median: 25.0, mrr: 0.145, hits@3: 16.96%
INFO:root:	-- global >> mean: 1160.5226, median: 63.0, mrr: 0.105, hits@3: 12.6%
INFO:root:### MICRO (test raw):
INFO:root:	-- left   >> mean: 2076.0328, median: 230.0, mrr: 0.065, hits@5: 12.96%
INFO:root:	-- right  >> mean: 245.0124, median: 25.0, mrr: 0.145, hits@5: 25.12%
INFO:root:	-- global >> mean: 1160.5226, median: 63.0, mrr: 0.105, hits@5: 19.04%
INFO:root:### MICRO (test raw):
INFO:root:	-- left   >> mean: 2076.0328, median: 230.0, mrr: 0.065, hits@10: 19.04%
INFO:root:	-- right  >> mean: 245.0124, median: 25.0, mrr: 0.145, hits@10: 35.74%
INFO:root:	-- global >> mean: 1160.5226, median: 63.0, mrr: 0.105, hits@10: 27.39%
INFO:root:### MICRO (test filtered):
INFO:root:	-- left   >> mean: 1856.7304, median: 176.0, mrr: 0.089, hits@1: 0.88%
INFO:root:	-- right  >> mean: 242.565, median: 22.0, mrr: 0.171, hits@1: 5.82%
INFO:root:	-- global >> mean: 1049.6477, median: 55.0, mrr: 0.13, hits@1: 3.35%
INFO:root:### MICRO (test filtered):
INFO:root:	-- left   >> mean: 1856.7304, median: 176.0, mrr: 0.089, hits@3: 13.08%
INFO:root:	-- right  >> mean: 242.565, median: 22.0, mrr: 0.171, hits@3: 21.72%
INFO:root:	-- global >> mean: 1049.6477, median: 55.0, mrr: 0.13, hits@3: 17.4%
INFO:root:### MICRO (test filtered):
INFO:root:	-- left   >> mean: 1856.7304, median: 176.0, mrr: 0.089, hits@5: 17.04%
INFO:root:	-- right  >> mean: 242.565, median: 22.0, mrr: 0.171, hits@5: 29.0%
INFO:root:	-- global >> mean: 1049.6477, median: 55.0, mrr: 0.13, hits@5: 23.02%
INFO:root:### MICRO (test filtered):
INFO:root:	-- left   >> mean: 1856.7304, median: 176.0, mrr: 0.089, hits@10: 22.08%
INFO:root:	-- right  >> mean: 242.565, median: 22.0, mrr: 0.171, hits@10: 38.2%
INFO:root:	-- global >> mean: 1049.6477, median: 55.0, mrr: 0.13, hits@10: 30.14%
