Using Theano backend.
Using gpu device 0: GeForce GTX TITAN X (CNMeM is disabled, cuDNN not available)
INFO:root:Acquiring data/music_2015-10_mte10_5k/music_2015-10_mte10-train.tsv.gz ..
INFO:root:Acquiring data/music_2015-10_mte10_5k/music_2015-10_mte10-valid.tsv.gz ..
INFO:root:Acquiring data/music_2015-10_mte10_5k/music_2015-10_mte10-test.tsv.gz ..
INFO:root:[Rules] Adding Head: 3, Tail: [(2, False)]
INFO:root:[Rules] Adding Head: 3, Tail: [(3, False), (2, False)]
INFO:root:[Rules] Adding Head: 3, Tail: [(3, False), (3, False)]
INFO:root:[Rules] Adding Head: 3, Tail: [(2, False), (2, False)]
INFO:root:[Rules] Adding Head: 3, Tail: [(2, False), (3, False)]
INFO:root:[Rules] Adding Head: 6, Tail: [(5, False)]
INFO:root:[Rules] Adding Head: 2, Tail: [(3, False)]
INFO:root:[Rules] Adding Head: 2, Tail: [(2, False), (2, False)]
INFO:root:[Rules] Adding Head: 2, Tail: [(2, False), (3, False)]
INFO:root:[Rules] Adding Head: 2, Tail: [(3, False), (2, False)]
INFO:root:[Rules] Adding Head: 2, Tail: [(3, False), (3, False)]
INFO:root:[Rules] Adding Head: 5, Tail: [(6, False)]
INFO:root:Samples: 202878, no. batches: 10 -> batch size: 20288
INFO:root:Epoch no. 1 of 500 (samples: 202878)
INFO:root:Loss: 3100.4005 +/- 623.1803
INFO:root:Epoch no. 2 of 500 (samples: 202878)
INFO:root:Loss: 2501.009 +/- 44.5827
INFO:root:Epoch no. 3 of 500 (samples: 202878)
INFO:root:Loss: 2150.7363 +/- 28.0124
INFO:root:Epoch no. 4 of 500 (samples: 202878)
INFO:root:Loss: 1875.4872 +/- 4.9143
INFO:root:Epoch no. 5 of 500 (samples: 202878)
INFO:root:Loss: 1718.4108 +/- 8.977
INFO:root:Epoch no. 6 of 500 (samples: 202878)
INFO:root:Loss: 1636.9888 +/- 8.9272
INFO:root:Epoch no. 7 of 500 (samples: 202878)
INFO:root:Loss: 1592.1425 +/- 8.2967
INFO:root:Epoch no. 8 of 500 (samples: 202878)
INFO:root:Loss: 1558.2923 +/- 9.2888
INFO:root:Epoch no. 9 of 500 (samples: 202878)
INFO:root:Loss: 1534.6098 +/- 10.1577
INFO:root:Epoch no. 10 of 500 (samples: 202878)
INFO:root:Loss: 1515.2948 +/- 6.7348
INFO:root:Epoch no. 11 of 500 (samples: 202878)
INFO:root:Loss: 1499.0987 +/- 9.7857
INFO:root:Epoch no. 12 of 500 (samples: 202878)
INFO:root:Loss: 1488.0431 +/- 8.9264
INFO:root:Epoch no. 13 of 500 (samples: 202878)
INFO:root:Loss: 1479.4467 +/- 11.9651
INFO:root:Epoch no. 14 of 500 (samples: 202878)
INFO:root:Loss: 1470.3898 +/- 10.7955
INFO:root:Epoch no. 15 of 500 (samples: 202878)
INFO:root:Loss: 1463.1898 +/- 8.6279
INFO:root:Epoch no. 16 of 500 (samples: 202878)
INFO:root:Loss: 1455.5257 +/- 7.1681
INFO:root:Epoch no. 17 of 500 (samples: 202878)
INFO:root:Loss: 1444.0748 +/- 8.1092
INFO:root:Epoch no. 18 of 500 (samples: 202878)
INFO:root:Loss: 1405.9079 +/- 17.7596
INFO:root:Epoch no. 19 of 500 (samples: 202878)
INFO:root:Loss: 1286.5278 +/- 42.0615
INFO:root:Epoch no. 20 of 500 (samples: 202878)
INFO:root:Loss: 1138.9527 +/- 25.4844
INFO:root:Epoch no. 21 of 500 (samples: 202878)
INFO:root:Loss: 1057.915 +/- 6.0694
INFO:root:Epoch no. 22 of 500 (samples: 202878)
INFO:root:Loss: 1013.3601 +/- 7.9122
INFO:root:Epoch no. 23 of 500 (samples: 202878)
INFO:root:Loss: 986.5231 +/- 7.3865
INFO:root:Epoch no. 24 of 500 (samples: 202878)
INFO:root:Loss: 967.1065 +/- 7.6137
INFO:root:Epoch no. 25 of 500 (samples: 202878)
INFO:root:Loss: 952.818 +/- 8.2897
INFO:root:Epoch no. 26 of 500 (samples: 202878)
INFO:root:Loss: 939.9771 +/- 7.6909
INFO:root:Epoch no. 27 of 500 (samples: 202878)
INFO:root:Loss: 927.1576 +/- 4.1212
INFO:root:Epoch no. 28 of 500 (samples: 202878)
INFO:root:Loss: 919.179 +/- 7.3008
INFO:root:Epoch no. 29 of 500 (samples: 202878)
INFO:root:Loss: 908.1619 +/- 7.5325
INFO:root:Epoch no. 30 of 500 (samples: 202878)
INFO:root:Loss: 899.4602 +/- 6.9767
INFO:root:Epoch no. 31 of 500 (samples: 202878)
INFO:root:Loss: 890.7936 +/- 3.0491
INFO:root:Epoch no. 32 of 500 (samples: 202878)
INFO:root:Loss: 884.3434 +/- 10.2788
INFO:root:Epoch no. 33 of 500 (samples: 202878)
INFO:root:Loss: 879.3754 +/- 5.9106
INFO:root:Epoch no. 34 of 500 (samples: 202878)
INFO:root:Loss: 874.8341 +/- 3.9161
INFO:root:Epoch no. 35 of 500 (samples: 202878)
INFO:root:Loss: 866.8538 +/- 9.0453
INFO:root:Epoch no. 36 of 500 (samples: 202878)
INFO:root:Loss: 863.2055 +/- 9.5808
INFO:root:Epoch no. 37 of 500 (samples: 202878)
INFO:root:Loss: 857.1201 +/- 5.8424
INFO:root:Epoch no. 38 of 500 (samples: 202878)
INFO:root:Loss: 852.6944 +/- 5.7238
INFO:root:Epoch no. 39 of 500 (samples: 202878)
INFO:root:Loss: 852.7541 +/- 5.677
INFO:root:Epoch no. 40 of 500 (samples: 202878)
INFO:root:Loss: 848.5996 +/- 6.2689
INFO:root:Epoch no. 41 of 500 (samples: 202878)
INFO:root:Loss: 843.1453 +/- 8.1669
INFO:root:Epoch no. 42 of 500 (samples: 202878)
INFO:root:Loss: 838.3997 +/- 6.0713
INFO:root:Epoch no. 43 of 500 (samples: 202878)
INFO:root:Loss: 836.1099 +/- 6.058
INFO:root:Epoch no. 44 of 500 (samples: 202878)
INFO:root:Loss: 833.5642 +/- 7.8259
INFO:root:Epoch no. 45 of 500 (samples: 202878)
INFO:root:Loss: 831.8625 +/- 6.0069
INFO:root:Epoch no. 46 of 500 (samples: 202878)
INFO:root:Loss: 826.4617 +/- 9.5042
INFO:root:Epoch no. 47 of 500 (samples: 202878)
INFO:root:Loss: 826.118 +/- 7.8809
INFO:root:Epoch no. 48 of 500 (samples: 202878)
INFO:root:Loss: 823.2591 +/- 6.349
INFO:root:Epoch no. 49 of 500 (samples: 202878)
INFO:root:Loss: 818.2868 +/- 6.7378
INFO:root:Epoch no. 50 of 500 (samples: 202878)
INFO:root:Loss: 817.7549 +/- 8.1589
INFO:root:Epoch no. 51 of 500 (samples: 202878)
INFO:root:Loss: 817.8858 +/- 4.0359
INFO:root:Epoch no. 52 of 500 (samples: 202878)
INFO:root:Loss: 812.9826 +/- 7.4634
INFO:root:Epoch no. 53 of 500 (samples: 202878)
INFO:root:Loss: 810.555 +/- 5.8901
INFO:root:Epoch no. 54 of 500 (samples: 202878)
INFO:root:Loss: 811.0645 +/- 6.997
INFO:root:Epoch no. 55 of 500 (samples: 202878)
INFO:root:Loss: 807.585 +/- 6.9587
INFO:root:Epoch no. 56 of 500 (samples: 202878)
INFO:root:Loss: 806.9438 +/- 7.8935
INFO:root:Epoch no. 57 of 500 (samples: 202878)
INFO:root:Loss: 803.378 +/- 6.0121
INFO:root:Epoch no. 58 of 500 (samples: 202878)
INFO:root:Loss: 799.5367 +/- 7.3117
INFO:root:Epoch no. 59 of 500 (samples: 202878)
INFO:root:Loss: 802.3394 +/- 6.6318
INFO:root:Epoch no. 60 of 500 (samples: 202878)
INFO:root:Loss: 800.8348 +/- 9.5421
INFO:root:Epoch no. 61 of 500 (samples: 202878)
INFO:root:Loss: 798.1136 +/- 4.7546
INFO:root:Epoch no. 62 of 500 (samples: 202878)
INFO:root:Loss: 796.1193 +/- 5.8601
INFO:root:Epoch no. 63 of 500 (samples: 202878)
INFO:root:Loss: 796.9629 +/- 6.6951
INFO:root:Epoch no. 64 of 500 (samples: 202878)
INFO:root:Loss: 794.0878 +/- 4.5933
INFO:root:Epoch no. 65 of 500 (samples: 202878)
INFO:root:Loss: 792.3272 +/- 6.0739
INFO:root:Epoch no. 66 of 500 (samples: 202878)
INFO:root:Loss: 790.9818 +/- 3.2058
INFO:root:Epoch no. 67 of 500 (samples: 202878)
INFO:root:Loss: 791.6573 +/- 7.6445
INFO:root:Epoch no. 68 of 500 (samples: 202878)
INFO:root:Loss: 788.5838 +/- 8.744
INFO:root:Epoch no. 69 of 500 (samples: 202878)
INFO:root:Loss: 786.7081 +/- 7.3976
INFO:root:Epoch no. 70 of 500 (samples: 202878)
INFO:root:Loss: 784.6428 +/- 5.708
INFO:root:Epoch no. 71 of 500 (samples: 202878)
INFO:root:Loss: 785.1537 +/- 6.3311
INFO:root:Epoch no. 72 of 500 (samples: 202878)
INFO:root:Loss: 784.693 +/- 8.036
INFO:root:Epoch no. 73 of 500 (samples: 202878)
INFO:root:Loss: 783.0383 +/- 8.4365
INFO:root:Epoch no. 74 of 500 (samples: 202878)
INFO:root:Loss: 781.3061 +/- 4.9334
INFO:root:Epoch no. 75 of 500 (samples: 202878)
INFO:root:Loss: 779.9863 +/- 7.5889
INFO:root:Epoch no. 76 of 500 (samples: 202878)
INFO:root:Loss: 782.4454 +/- 4.7486
INFO:root:Epoch no. 77 of 500 (samples: 202878)
INFO:root:Loss: 780.0699 +/- 9.5512
INFO:root:Epoch no. 78 of 500 (samples: 202878)
INFO:root:Loss: 779.3645 +/- 5.0348
INFO:root:Epoch no. 79 of 500 (samples: 202878)
INFO:root:Loss: 778.5385 +/- 7.6553
INFO:root:Epoch no. 80 of 500 (samples: 202878)
INFO:root:Loss: 776.5895 +/- 4.4379
INFO:root:Epoch no. 81 of 500 (samples: 202878)
INFO:root:Loss: 774.2918 +/- 6.8482
INFO:root:Epoch no. 82 of 500 (samples: 202878)
INFO:root:Loss: 774.1796 +/- 5.6405
INFO:root:Epoch no. 83 of 500 (samples: 202878)
INFO:root:Loss: 775.0481 +/- 4.7352
INFO:root:Epoch no. 84 of 500 (samples: 202878)
INFO:root:Loss: 774.4797 +/- 5.4059
INFO:root:Epoch no. 85 of 500 (samples: 202878)
INFO:root:Loss: 773.0137 +/- 9.326
INFO:root:Epoch no. 86 of 500 (samples: 202878)
INFO:root:Loss: 771.4533 +/- 4.9544
INFO:root:Epoch no. 87 of 500 (samples: 202878)
INFO:root:Loss: 771.8646 +/- 6.0685
INFO:root:Epoch no. 88 of 500 (samples: 202878)
INFO:root:Loss: 768.6887 +/- 10.7771
INFO:root:Epoch no. 89 of 500 (samples: 202878)
INFO:root:Loss: 770.4357 +/- 6.3994
INFO:root:Epoch no. 90 of 500 (samples: 202878)
INFO:root:Loss: 770.5416 +/- 5.7533
INFO:root:Epoch no. 91 of 500 (samples: 202878)
INFO:root:Loss: 767.8142 +/- 5.9854
INFO:root:Epoch no. 92 of 500 (samples: 202878)
INFO:root:Loss: 767.7532 +/- 7.5054
INFO:root:Epoch no. 93 of 500 (samples: 202878)
INFO:root:Loss: 766.456 +/- 8.8484
INFO:root:Epoch no. 94 of 500 (samples: 202878)
INFO:root:Loss: 766.7893 +/- 7.4807
INFO:root:Epoch no. 95 of 500 (samples: 202878)
INFO:root:Loss: 765.8272 +/- 7.7939
INFO:root:Epoch no. 96 of 500 (samples: 202878)
INFO:root:Loss: 765.5009 +/- 5.0536
INFO:root:Epoch no. 97 of 500 (samples: 202878)
INFO:root:Loss: 763.7428 +/- 8.6561
INFO:root:Epoch no. 98 of 500 (samples: 202878)
INFO:root:Loss: 762.0305 +/- 6.0396
INFO:root:Epoch no. 99 of 500 (samples: 202878)
INFO:root:Loss: 762.9897 +/- 7.2472
INFO:root:Epoch no. 100 of 500 (samples: 202878)
INFO:root:Loss: 761.6946 +/- 4.7604
INFO:root:Epoch no. 101 of 500 (samples: 202878)
INFO:root:Loss: 763.6835 +/- 5.6283
INFO:root:Epoch no. 102 of 500 (samples: 202878)
INFO:root:Loss: 763.1892 +/- 4.8276
INFO:root:Epoch no. 103 of 500 (samples: 202878)
INFO:root:Loss: 760.4039 +/- 6.6275
INFO:root:Epoch no. 104 of 500 (samples: 202878)
INFO:root:Loss: 759.0485 +/- 4.6627
INFO:root:Epoch no. 105 of 500 (samples: 202878)
INFO:root:Loss: 757.8466 +/- 7.4645
INFO:root:Epoch no. 106 of 500 (samples: 202878)
INFO:root:Loss: 759.7446 +/- 5.3198
INFO:root:Epoch no. 107 of 500 (samples: 202878)
INFO:root:Loss: 754.9464 +/- 7.0002
INFO:root:Epoch no. 108 of 500 (samples: 202878)
INFO:root:Loss: 758.5391 +/- 4.4194
INFO:root:Epoch no. 109 of 500 (samples: 202878)
INFO:root:Loss: 756.7433 +/- 4.8798
INFO:root:Epoch no. 110 of 500 (samples: 202878)
INFO:root:Loss: 757.771 +/- 4.8975
INFO:root:Epoch no. 111 of 500 (samples: 202878)
INFO:root:Loss: 755.4238 +/- 5.7536
INFO:root:Epoch no. 112 of 500 (samples: 202878)
INFO:root:Loss: 755.7409 +/- 5.9037
INFO:root:Epoch no. 113 of 500 (samples: 202878)
INFO:root:Loss: 753.7787 +/- 5.5788
INFO:root:Epoch no. 114 of 500 (samples: 202878)
INFO:root:Loss: 755.6988 +/- 5.2912
INFO:root:Epoch no. 115 of 500 (samples: 202878)
INFO:root:Loss: 755.3722 +/- 8.8242
INFO:root:Epoch no. 116 of 500 (samples: 202878)
INFO:root:Loss: 753.2776 +/- 5.4883
INFO:root:Epoch no. 117 of 500 (samples: 202878)
INFO:root:Loss: 751.8111 +/- 6.0523
INFO:root:Epoch no. 118 of 500 (samples: 202878)
INFO:root:Loss: 752.5688 +/- 5.3474
INFO:root:Epoch no. 119 of 500 (samples: 202878)
INFO:root:Loss: 751.2264 +/- 7.9155
INFO:root:Epoch no. 120 of 500 (samples: 202878)
INFO:root:Loss: 748.4185 +/- 5.3132
INFO:root:Epoch no. 121 of 500 (samples: 202878)
INFO:root:Loss: 751.068 +/- 5.1633
INFO:root:Epoch no. 122 of 500 (samples: 202878)
INFO:root:Loss: 749.8986 +/- 5.0153
INFO:root:Epoch no. 123 of 500 (samples: 202878)
INFO:root:Loss: 750.2409 +/- 8.3115
INFO:root:Epoch no. 124 of 500 (samples: 202878)
INFO:root:Loss: 749.5239 +/- 6.4408
INFO:root:Epoch no. 125 of 500 (samples: 202878)
INFO:root:Loss: 747.2392 +/- 7.1936
INFO:root:Epoch no. 126 of 500 (samples: 202878)
INFO:root:Loss: 747.6664 +/- 6.5054
INFO:root:Epoch no. 127 of 500 (samples: 202878)
INFO:root:Loss: 746.4534 +/- 9.5826
INFO:root:Epoch no. 128 of 500 (samples: 202878)
INFO:root:Loss: 747.1752 +/- 7.9831
INFO:root:Epoch no. 129 of 500 (samples: 202878)
INFO:root:Loss: 747.3961 +/- 6.1089
INFO:root:Epoch no. 130 of 500 (samples: 202878)
INFO:root:Loss: 749.4755 +/- 6.0336
INFO:root:Epoch no. 131 of 500 (samples: 202878)
INFO:root:Loss: 745.7079 +/- 6.7589
INFO:root:Epoch no. 132 of 500 (samples: 202878)
INFO:root:Loss: 745.8361 +/- 5.8526
INFO:root:Epoch no. 133 of 500 (samples: 202878)
INFO:root:Loss: 744.9538 +/- 5.7576
INFO:root:Epoch no. 134 of 500 (samples: 202878)
INFO:root:Loss: 745.5137 +/- 7.3886
INFO:root:Epoch no. 135 of 500 (samples: 202878)
INFO:root:Loss: 744.2463 +/- 7.0772
INFO:root:Epoch no. 136 of 500 (samples: 202878)
INFO:root:Loss: 744.6282 +/- 5.542
INFO:root:Epoch no. 137 of 500 (samples: 202878)
INFO:root:Loss: 744.3355 +/- 6.5535
INFO:root:Epoch no. 138 of 500 (samples: 202878)
INFO:root:Loss: 743.3419 +/- 7.1094
INFO:root:Epoch no. 139 of 500 (samples: 202878)
INFO:root:Loss: 745.3203 +/- 5.4918
INFO:root:Epoch no. 140 of 500 (samples: 202878)
INFO:root:Loss: 742.7016 +/- 5.7044
INFO:root:Epoch no. 141 of 500 (samples: 202878)
INFO:root:Loss: 744.1703 +/- 6.5057
INFO:root:Epoch no. 142 of 500 (samples: 202878)
INFO:root:Loss: 741.5903 +/- 5.8692
INFO:root:Epoch no. 143 of 500 (samples: 202878)
INFO:root:Loss: 742.2226 +/- 5.5195
INFO:root:Epoch no. 144 of 500 (samples: 202878)
INFO:root:Loss: 742.7314 +/- 6.0397
INFO:root:Epoch no. 145 of 500 (samples: 202878)
INFO:root:Loss: 738.7868 +/- 9.0563
INFO:root:Epoch no. 146 of 500 (samples: 202878)
INFO:root:Loss: 738.7922 +/- 5.0147
INFO:root:Epoch no. 147 of 500 (samples: 202878)
INFO:root:Loss: 739.5672 +/- 9.2969
INFO:root:Epoch no. 148 of 500 (samples: 202878)
INFO:root:Loss: 740.8682 +/- 6.9479
INFO:root:Epoch no. 149 of 500 (samples: 202878)
INFO:root:Loss: 738.3482 +/- 6.5769
INFO:root:Epoch no. 150 of 500 (samples: 202878)
INFO:root:Loss: 738.6838 +/- 9.7126
INFO:root:Epoch no. 151 of 500 (samples: 202878)
INFO:root:Loss: 737.0873 +/- 6.9295
INFO:root:Epoch no. 152 of 500 (samples: 202878)
INFO:root:Loss: 739.0889 +/- 5.5842
INFO:root:Epoch no. 153 of 500 (samples: 202878)
INFO:root:Loss: 738.9311 +/- 7.5378
INFO:root:Epoch no. 154 of 500 (samples: 202878)
INFO:root:Loss: 735.3203 +/- 7.5767
INFO:root:Epoch no. 155 of 500 (samples: 202878)
INFO:root:Loss: 737.7106 +/- 5.1952
INFO:root:Epoch no. 156 of 500 (samples: 202878)
INFO:root:Loss: 737.5676 +/- 9.3809
INFO:root:Epoch no. 157 of 500 (samples: 202878)
INFO:root:Loss: 737.0528 +/- 4.7932
INFO:root:Epoch no. 158 of 500 (samples: 202878)
INFO:root:Loss: 736.8329 +/- 6.1979
INFO:root:Epoch no. 159 of 500 (samples: 202878)
INFO:root:Loss: 734.1335 +/- 7.0161
INFO:root:Epoch no. 160 of 500 (samples: 202878)
INFO:root:Loss: 735.9072 +/- 7.8843
INFO:root:Epoch no. 161 of 500 (samples: 202878)
INFO:root:Loss: 736.785 +/- 4.0434
INFO:root:Epoch no. 162 of 500 (samples: 202878)
INFO:root:Loss: 733.8436 +/- 4.5784
INFO:root:Epoch no. 163 of 500 (samples: 202878)
INFO:root:Loss: 734.3556 +/- 8.8237
INFO:root:Epoch no. 164 of 500 (samples: 202878)
INFO:root:Loss: 734.4977 +/- 8.8474
INFO:root:Epoch no. 165 of 500 (samples: 202878)
INFO:root:Loss: 735.545 +/- 6.1174
INFO:root:Epoch no. 166 of 500 (samples: 202878)
INFO:root:Loss: 734.2246 +/- 4.3407
INFO:root:Epoch no. 167 of 500 (samples: 202878)
INFO:root:Loss: 734.4587 +/- 8.6817
INFO:root:Epoch no. 168 of 500 (samples: 202878)
INFO:root:Loss: 733.6675 +/- 4.8714
INFO:root:Epoch no. 169 of 500 (samples: 202878)
INFO:root:Loss: 731.9869 +/- 5.8031
INFO:root:Epoch no. 170 of 500 (samples: 202878)
INFO:root:Loss: 732.1178 +/- 5.8968
INFO:root:Epoch no. 171 of 500 (samples: 202878)
INFO:root:Loss: 731.3007 +/- 5.8026
INFO:root:Epoch no. 172 of 500 (samples: 202878)
INFO:root:Loss: 732.8802 +/- 7.0083
INFO:root:Epoch no. 173 of 500 (samples: 202878)
INFO:root:Loss: 732.3239 +/- 5.2801
INFO:root:Epoch no. 174 of 500 (samples: 202878)
INFO:root:Loss: 733.0772 +/- 5.2394
INFO:root:Epoch no. 175 of 500 (samples: 202878)
INFO:root:Loss: 731.3699 +/- 9.97
INFO:root:Epoch no. 176 of 500 (samples: 202878)
INFO:root:Loss: 730.4436 +/- 4.7761
INFO:root:Epoch no. 177 of 500 (samples: 202878)
INFO:root:Loss: 730.0866 +/- 6.8336
INFO:root:Epoch no. 178 of 500 (samples: 202878)
INFO:root:Loss: 729.1328 +/- 9.0984
INFO:root:Epoch no. 179 of 500 (samples: 202878)
INFO:root:Loss: 729.5109 +/- 4.7062
INFO:root:Epoch no. 180 of 500 (samples: 202878)
INFO:root:Loss: 730.2329 +/- 8.7342
INFO:root:Epoch no. 181 of 500 (samples: 202878)
INFO:root:Loss: 731.1413 +/- 6.7525
INFO:root:Epoch no. 182 of 500 (samples: 202878)
INFO:root:Loss: 727.976 +/- 5.3276
INFO:root:Epoch no. 183 of 500 (samples: 202878)
INFO:root:Loss: 728.2575 +/- 3.5185
INFO:root:Epoch no. 184 of 500 (samples: 202878)
INFO:root:Loss: 728.8009 +/- 9.1783
INFO:root:Epoch no. 185 of 500 (samples: 202878)
INFO:root:Loss: 727.3449 +/- 5.5506
INFO:root:Epoch no. 186 of 500 (samples: 202878)
INFO:root:Loss: 727.4879 +/- 6.6562
INFO:root:Epoch no. 187 of 500 (samples: 202878)
INFO:root:Loss: 725.9637 +/- 5.5858
INFO:root:Epoch no. 188 of 500 (samples: 202878)
INFO:root:Loss: 726.8585 +/- 4.9636
INFO:root:Epoch no. 189 of 500 (samples: 202878)
INFO:root:Loss: 727.7421 +/- 8.6877
INFO:root:Epoch no. 190 of 500 (samples: 202878)
INFO:root:Loss: 728.3237 +/- 7.489
INFO:root:Epoch no. 191 of 500 (samples: 202878)
INFO:root:Loss: 727.7923 +/- 9.7821
INFO:root:Epoch no. 192 of 500 (samples: 202878)
INFO:root:Loss: 726.5346 +/- 7.568
INFO:root:Epoch no. 193 of 500 (samples: 202878)
INFO:root:Loss: 726.8532 +/- 6.4018
INFO:root:Epoch no. 194 of 500 (samples: 202878)
INFO:root:Loss: 727.515 +/- 7.7639
INFO:root:Epoch no. 195 of 500 (samples: 202878)
INFO:root:Loss: 726.2202 +/- 8.0855
INFO:root:Epoch no. 196 of 500 (samples: 202878)
INFO:root:Loss: 725.2364 +/- 5.7444
INFO:root:Epoch no. 197 of 500 (samples: 202878)
INFO:root:Loss: 723.5161 +/- 8.3244
INFO:root:Epoch no. 198 of 500 (samples: 202878)
INFO:root:Loss: 724.833 +/- 5.2397
INFO:root:Epoch no. 199 of 500 (samples: 202878)
INFO:root:Loss: 725.1376 +/- 7.404
INFO:root:Epoch no. 200 of 500 (samples: 202878)
INFO:root:Loss: 727.2079 +/- 7.8179
INFO:root:Epoch no. 201 of 500 (samples: 202878)
INFO:root:Loss: 724.2448 +/- 6.4291
INFO:root:Epoch no. 202 of 500 (samples: 202878)
INFO:root:Loss: 728.0531 +/- 6.7598
INFO:root:Epoch no. 203 of 500 (samples: 202878)
INFO:root:Loss: 723.3402 +/- 6.3004
INFO:root:Epoch no. 204 of 500 (samples: 202878)
INFO:root:Loss: 722.6527 +/- 5.8054
INFO:root:Epoch no. 205 of 500 (samples: 202878)
INFO:root:Loss: 723.3033 +/- 8.5876
INFO:root:Epoch no. 206 of 500 (samples: 202878)
INFO:root:Loss: 723.5045 +/- 3.3714
INFO:root:Epoch no. 207 of 500 (samples: 202878)
INFO:root:Loss: 722.855 +/- 5.666
INFO:root:Epoch no. 208 of 500 (samples: 202878)
INFO:root:Loss: 723.3687 +/- 3.8734
INFO:root:Epoch no. 209 of 500 (samples: 202878)
INFO:root:Loss: 722.3101 +/- 6.3451
INFO:root:Epoch no. 210 of 500 (samples: 202878)
INFO:root:Loss: 721.9791 +/- 5.7099
INFO:root:Epoch no. 211 of 500 (samples: 202878)
INFO:root:Loss: 721.5816 +/- 6.3569
INFO:root:Epoch no. 212 of 500 (samples: 202878)
INFO:root:Loss: 723.9449 +/- 8.4885
INFO:root:Epoch no. 213 of 500 (samples: 202878)
INFO:root:Loss: 720.858 +/- 4.1575
INFO:root:Epoch no. 214 of 500 (samples: 202878)
INFO:root:Loss: 723.7344 +/- 8.7072
INFO:root:Epoch no. 215 of 500 (samples: 202878)
INFO:root:Loss: 722.5006 +/- 5.9776
INFO:root:Epoch no. 216 of 500 (samples: 202878)
INFO:root:Loss: 720.1524 +/- 6.9748
INFO:root:Epoch no. 217 of 500 (samples: 202878)
INFO:root:Loss: 721.5447 +/- 5.6434
INFO:root:Epoch no. 218 of 500 (samples: 202878)
INFO:root:Loss: 722.2124 +/- 6.2801
INFO:root:Epoch no. 219 of 500 (samples: 202878)
INFO:root:Loss: 722.5912 +/- 3.635
INFO:root:Epoch no. 220 of 500 (samples: 202878)
INFO:root:Loss: 721.4434 +/- 4.5053
INFO:root:Epoch no. 221 of 500 (samples: 202878)
INFO:root:Loss: 720.1348 +/- 7.2433
INFO:root:Epoch no. 222 of 500 (samples: 202878)
INFO:root:Loss: 721.7342 +/- 6.1627
INFO:root:Epoch no. 223 of 500 (samples: 202878)
INFO:root:Loss: 720.0374 +/- 2.9326
INFO:root:Epoch no. 224 of 500 (samples: 202878)
INFO:root:Loss: 721.5982 +/- 8.2349
INFO:root:Epoch no. 225 of 500 (samples: 202878)
INFO:root:Loss: 719.5595 +/- 4.4021
INFO:root:Epoch no. 226 of 500 (samples: 202878)
INFO:root:Loss: 716.9951 +/- 8.6883
INFO:root:Epoch no. 227 of 500 (samples: 202878)
INFO:root:Loss: 721.2525 +/- 3.4361
INFO:root:Epoch no. 228 of 500 (samples: 202878)
INFO:root:Loss: 719.1461 +/- 4.9904
INFO:root:Epoch no. 229 of 500 (samples: 202878)
INFO:root:Loss: 715.2864 +/- 5.1909
INFO:root:Epoch no. 230 of 500 (samples: 202878)
INFO:root:Loss: 717.087 +/- 8.1536
INFO:root:Epoch no. 231 of 500 (samples: 202878)
INFO:root:Loss: 717.0783 +/- 6.3542
INFO:root:Epoch no. 232 of 500 (samples: 202878)
INFO:root:Loss: 715.5394 +/- 9.2193
INFO:root:Epoch no. 233 of 500 (samples: 202878)
INFO:root:Loss: 718.005 +/- 7.0404
INFO:root:Epoch no. 234 of 500 (samples: 202878)
INFO:root:Loss: 717.9998 +/- 6.4537
INFO:root:Epoch no. 235 of 500 (samples: 202878)
INFO:root:Loss: 717.0929 +/- 8.0003
INFO:root:Epoch no. 236 of 500 (samples: 202878)
INFO:root:Loss: 717.4093 +/- 5.7035
INFO:root:Epoch no. 237 of 500 (samples: 202878)
INFO:root:Loss: 717.3735 +/- 8.4807
INFO:root:Epoch no. 238 of 500 (samples: 202878)
INFO:root:Loss: 716.6292 +/- 6.653
INFO:root:Epoch no. 239 of 500 (samples: 202878)
INFO:root:Loss: 715.5971 +/- 6.2914
INFO:root:Epoch no. 240 of 500 (samples: 202878)
INFO:root:Loss: 715.379 +/- 6.8625
INFO:root:Epoch no. 241 of 500 (samples: 202878)
INFO:root:Loss: 717.1765 +/- 4.7978
INFO:root:Epoch no. 242 of 500 (samples: 202878)
INFO:root:Loss: 716.1733 +/- 6.149
INFO:root:Epoch no. 243 of 500 (samples: 202878)
INFO:root:Loss: 715.4982 +/- 5.5961
INFO:root:Epoch no. 244 of 500 (samples: 202878)
INFO:root:Loss: 716.5456 +/- 4.911
INFO:root:Epoch no. 245 of 500 (samples: 202878)
INFO:root:Loss: 715.8359 +/- 4.7375
INFO:root:Epoch no. 246 of 500 (samples: 202878)
INFO:root:Loss: 713.6445 +/- 6.395
INFO:root:Epoch no. 247 of 500 (samples: 202878)
INFO:root:Loss: 716.7113 +/- 5.4314
INFO:root:Epoch no. 248 of 500 (samples: 202878)
INFO:root:Loss: 715.0463 +/- 5.0214
INFO:root:Epoch no. 249 of 500 (samples: 202878)
INFO:root:Loss: 714.5398 +/- 7.5544
INFO:root:Epoch no. 250 of 500 (samples: 202878)
INFO:root:Loss: 714.1629 +/- 6.0801
INFO:root:Epoch no. 251 of 500 (samples: 202878)
INFO:root:Loss: 713.2418 +/- 5.0197
INFO:root:Epoch no. 252 of 500 (samples: 202878)
INFO:root:Loss: 713.4294 +/- 5.9411
INFO:root:Epoch no. 253 of 500 (samples: 202878)
INFO:root:Loss: 713.1898 +/- 9.7483
INFO:root:Epoch no. 254 of 500 (samples: 202878)
INFO:root:Loss: 716.0572 +/- 6.7409
INFO:root:Epoch no. 255 of 500 (samples: 202878)
INFO:root:Loss: 713.3136 +/- 5.5967
INFO:root:Epoch no. 256 of 500 (samples: 202878)
INFO:root:Loss: 712.0615 +/- 7.1355
INFO:root:Epoch no. 257 of 500 (samples: 202878)
INFO:root:Loss: 712.49 +/- 7.6471
INFO:root:Epoch no. 258 of 500 (samples: 202878)
INFO:root:Loss: 713.1162 +/- 4.5546
INFO:root:Epoch no. 259 of 500 (samples: 202878)
INFO:root:Loss: 714.0579 +/- 6.7293
INFO:root:Epoch no. 260 of 500 (samples: 202878)
INFO:root:Loss: 712.6611 +/- 6.6978
INFO:root:Epoch no. 261 of 500 (samples: 202878)
INFO:root:Loss: 711.4678 +/- 4.9079
INFO:root:Epoch no. 262 of 500 (samples: 202878)
INFO:root:Loss: 713.4418 +/- 9.6402
INFO:root:Epoch no. 263 of 500 (samples: 202878)
INFO:root:Loss: 710.7318 +/- 7.1959
INFO:root:Epoch no. 264 of 500 (samples: 202878)
INFO:root:Loss: 713.14 +/- 7.2337
INFO:root:Epoch no. 265 of 500 (samples: 202878)
INFO:root:Loss: 709.9416 +/- 6.9087
INFO:root:Epoch no. 266 of 500 (samples: 202878)
INFO:root:Loss: 711.602 +/- 8.5215
INFO:root:Epoch no. 267 of 500 (samples: 202878)
INFO:root:Loss: 714.0543 +/- 5.8346
INFO:root:Epoch no. 268 of 500 (samples: 202878)
INFO:root:Loss: 709.4653 +/- 6.2962
INFO:root:Epoch no. 269 of 500 (samples: 202878)
INFO:root:Loss: 710.4241 +/- 7.0915
INFO:root:Epoch no. 270 of 500 (samples: 202878)
INFO:root:Loss: 711.5993 +/- 4.9896
INFO:root:Epoch no. 271 of 500 (samples: 202878)
INFO:root:Loss: 709.5009 +/- 6.0957
INFO:root:Epoch no. 272 of 500 (samples: 202878)
INFO:root:Loss: 710.956 +/- 7.0167
INFO:root:Epoch no. 273 of 500 (samples: 202878)
INFO:root:Loss: 710.5687 +/- 7.7214
INFO:root:Epoch no. 274 of 500 (samples: 202878)
INFO:root:Loss: 710.864 +/- 7.4711
INFO:root:Epoch no. 275 of 500 (samples: 202878)
INFO:root:Loss: 711.4408 +/- 6.5219
INFO:root:Epoch no. 276 of 500 (samples: 202878)
INFO:root:Loss: 709.2234 +/- 7.0406
INFO:root:Epoch no. 277 of 500 (samples: 202878)
INFO:root:Loss: 711.0747 +/- 8.2712
INFO:root:Epoch no. 278 of 500 (samples: 202878)
INFO:root:Loss: 708.3988 +/- 8.8812
INFO:root:Epoch no. 279 of 500 (samples: 202878)
INFO:root:Loss: 711.1264 +/- 4.3661
INFO:root:Epoch no. 280 of 500 (samples: 202878)
INFO:root:Loss: 708.6488 +/- 6.025
INFO:root:Epoch no. 281 of 500 (samples: 202878)
INFO:root:Loss: 709.9032 +/- 5.4976
INFO:root:Epoch no. 282 of 500 (samples: 202878)
INFO:root:Loss: 709.8386 +/- 8.0417
INFO:root:Epoch no. 283 of 500 (samples: 202878)
INFO:root:Loss: 708.993 +/- 4.9244
INFO:root:Epoch no. 284 of 500 (samples: 202878)
INFO:root:Loss: 708.983 +/- 7.6057
INFO:root:Epoch no. 285 of 500 (samples: 202878)
INFO:root:Loss: 708.8434 +/- 5.7108
INFO:root:Epoch no. 286 of 500 (samples: 202878)
INFO:root:Loss: 705.6789 +/- 5.7958
INFO:root:Epoch no. 287 of 500 (samples: 202878)
INFO:root:Loss: 707.506 +/- 9.5658
INFO:root:Epoch no. 288 of 500 (samples: 202878)
INFO:root:Loss: 710.4304 +/- 5.9829
INFO:root:Epoch no. 289 of 500 (samples: 202878)
INFO:root:Loss: 708.3251 +/- 6.0651
INFO:root:Epoch no. 290 of 500 (samples: 202878)
INFO:root:Loss: 705.4689 +/- 7.7426
INFO:root:Epoch no. 291 of 500 (samples: 202878)
INFO:root:Loss: 706.9067 +/- 8.2586
INFO:root:Epoch no. 292 of 500 (samples: 202878)
INFO:root:Loss: 707.3005 +/- 6.7741
INFO:root:Epoch no. 293 of 500 (samples: 202878)
INFO:root:Loss: 707.4224 +/- 6.7005
INFO:root:Epoch no. 294 of 500 (samples: 202878)
INFO:root:Loss: 707.7434 +/- 7.9646
INFO:root:Epoch no. 295 of 500 (samples: 202878)
INFO:root:Loss: 707.951 +/- 5.2147
INFO:root:Epoch no. 296 of 500 (samples: 202878)
INFO:root:Loss: 706.8794 +/- 8.4286
INFO:root:Epoch no. 297 of 500 (samples: 202878)
INFO:root:Loss: 706.2018 +/- 7.4802
INFO:root:Epoch no. 298 of 500 (samples: 202878)
INFO:root:Loss: 704.8616 +/- 5.4771
INFO:root:Epoch no. 299 of 500 (samples: 202878)
INFO:root:Loss: 705.7194 +/- 4.0565
INFO:root:Epoch no. 300 of 500 (samples: 202878)
INFO:root:Loss: 708.4233 +/- 8.1664
INFO:root:Epoch no. 301 of 500 (samples: 202878)
INFO:root:Loss: 707.156 +/- 4.0406
INFO:root:Epoch no. 302 of 500 (samples: 202878)
INFO:root:Loss: 707.9379 +/- 5.667
INFO:root:Epoch no. 303 of 500 (samples: 202878)
INFO:root:Loss: 706.3113 +/- 8.3886
INFO:root:Epoch no. 304 of 500 (samples: 202878)
INFO:root:Loss: 708.2799 +/- 6.1233
INFO:root:Epoch no. 305 of 500 (samples: 202878)
INFO:root:Loss: 705.2024 +/- 9.1703
INFO:root:Epoch no. 306 of 500 (samples: 202878)
INFO:root:Loss: 706.3955 +/- 9.4907
INFO:root:Epoch no. 307 of 500 (samples: 202878)
INFO:root:Loss: 705.3508 +/- 6.9635
INFO:root:Epoch no. 308 of 500 (samples: 202878)
INFO:root:Loss: 702.9213 +/- 4.0997
INFO:root:Epoch no. 309 of 500 (samples: 202878)
INFO:root:Loss: 702.5101 +/- 8.2224
INFO:root:Epoch no. 310 of 500 (samples: 202878)
INFO:root:Loss: 702.6471 +/- 8.4995
INFO:root:Epoch no. 311 of 500 (samples: 202878)
INFO:root:Loss: 704.187 +/- 9.3284
INFO:root:Epoch no. 312 of 500 (samples: 202878)
INFO:root:Loss: 705.2475 +/- 5.0984
INFO:root:Epoch no. 313 of 500 (samples: 202878)
INFO:root:Loss: 704.5599 +/- 7.1055
INFO:root:Epoch no. 314 of 500 (samples: 202878)
INFO:root:Loss: 702.627 +/- 4.6263
INFO:root:Epoch no. 315 of 500 (samples: 202878)
INFO:root:Loss: 705.8496 +/- 9.2199
INFO:root:Epoch no. 316 of 500 (samples: 202878)
INFO:root:Loss: 705.0076 +/- 6.5899
INFO:root:Epoch no. 317 of 500 (samples: 202878)
INFO:root:Loss: 705.7833 +/- 6.8445
INFO:root:Epoch no. 318 of 500 (samples: 202878)
INFO:root:Loss: 701.9373 +/- 5.5197
INFO:root:Epoch no. 319 of 500 (samples: 202878)
INFO:root:Loss: 703.5587 +/- 5.8487
INFO:root:Epoch no. 320 of 500 (samples: 202878)
INFO:root:Loss: 704.5844 +/- 6.0229
INFO:root:Epoch no. 321 of 500 (samples: 202878)
INFO:root:Loss: 705.9467 +/- 7.7957
INFO:root:Epoch no. 322 of 500 (samples: 202878)
INFO:root:Loss: 700.5567 +/- 1.6972
INFO:root:Epoch no. 323 of 500 (samples: 202878)
INFO:root:Loss: 701.9201 +/- 6.6946
INFO:root:Epoch no. 324 of 500 (samples: 202878)
INFO:root:Loss: 702.4168 +/- 8.21
INFO:root:Epoch no. 325 of 500 (samples: 202878)
INFO:root:Loss: 703.2978 +/- 4.705
INFO:root:Epoch no. 326 of 500 (samples: 202878)
INFO:root:Loss: 700.0838 +/- 7.0092
INFO:root:Epoch no. 327 of 500 (samples: 202878)
INFO:root:Loss: 703.0228 +/- 3.6903
INFO:root:Epoch no. 328 of 500 (samples: 202878)
INFO:root:Loss: 704.9207 +/- 7.5005
INFO:root:Epoch no. 329 of 500 (samples: 202878)
INFO:root:Loss: 701.9303 +/- 4.2402
INFO:root:Epoch no. 330 of 500 (samples: 202878)
INFO:root:Loss: 700.747 +/- 6.5199
INFO:root:Epoch no. 331 of 500 (samples: 202878)
INFO:root:Loss: 702.7935 +/- 5.2728
INFO:root:Epoch no. 332 of 500 (samples: 202878)
INFO:root:Loss: 699.7223 +/- 6.8552
INFO:root:Epoch no. 333 of 500 (samples: 202878)
INFO:root:Loss: 701.7855 +/- 9.9801
INFO:root:Epoch no. 334 of 500 (samples: 202878)
INFO:root:Loss: 701.0667 +/- 5.3239
INFO:root:Epoch no. 335 of 500 (samples: 202878)
INFO:root:Loss: 701.7481 +/- 4.7707
INFO:root:Epoch no. 336 of 500 (samples: 202878)
INFO:root:Loss: 700.3988 +/- 5.1033
INFO:root:Epoch no. 337 of 500 (samples: 202878)
INFO:root:Loss: 702.0887 +/- 8.8309
INFO:root:Epoch no. 338 of 500 (samples: 202878)
INFO:root:Loss: 700.0168 +/- 5.91
INFO:root:Epoch no. 339 of 500 (samples: 202878)
INFO:root:Loss: 701.4727 +/- 6.4248
INFO:root:Epoch no. 340 of 500 (samples: 202878)
INFO:root:Loss: 698.9996 +/- 4.3257
INFO:root:Epoch no. 341 of 500 (samples: 202878)
INFO:root:Loss: 699.0042 +/- 6.7169
INFO:root:Epoch no. 342 of 500 (samples: 202878)
INFO:root:Loss: 701.0324 +/- 6.6703
INFO:root:Epoch no. 343 of 500 (samples: 202878)
INFO:root:Loss: 700.4061 +/- 8.4923
INFO:root:Epoch no. 344 of 500 (samples: 202878)
INFO:root:Loss: 701.7854 +/- 5.4286
INFO:root:Epoch no. 345 of 500 (samples: 202878)
INFO:root:Loss: 701.5149 +/- 8.5512
INFO:root:Epoch no. 346 of 500 (samples: 202878)
INFO:root:Loss: 699.1498 +/- 6.6299
INFO:root:Epoch no. 347 of 500 (samples: 202878)
INFO:root:Loss: 699.3487 +/- 6.0639
INFO:root:Epoch no. 348 of 500 (samples: 202878)
INFO:root:Loss: 700.7719 +/- 5.5765
INFO:root:Epoch no. 349 of 500 (samples: 202878)
INFO:root:Loss: 701.3625 +/- 6.3091
INFO:root:Epoch no. 350 of 500 (samples: 202878)
INFO:root:Loss: 697.8084 +/- 7.4013
INFO:root:Epoch no. 351 of 500 (samples: 202878)
INFO:root:Loss: 701.4189 +/- 3.8218
INFO:root:Epoch no. 352 of 500 (samples: 202878)
INFO:root:Loss: 699.6283 +/- 7.752
INFO:root:Epoch no. 353 of 500 (samples: 202878)
INFO:root:Loss: 696.8347 +/- 5.8916
INFO:root:Epoch no. 354 of 500 (samples: 202878)
INFO:root:Loss: 698.3 +/- 5.7707
INFO:root:Epoch no. 355 of 500 (samples: 202878)
INFO:root:Loss: 695.9237 +/- 6.2483
INFO:root:Epoch no. 356 of 500 (samples: 202878)
INFO:root:Loss: 697.9094 +/- 4.0382
INFO:root:Epoch no. 357 of 500 (samples: 202878)
INFO:root:Loss: 698.1111 +/- 7.7948
INFO:root:Epoch no. 358 of 500 (samples: 202878)
INFO:root:Loss: 699.1253 +/- 6.4208
INFO:root:Epoch no. 359 of 500 (samples: 202878)
INFO:root:Loss: 700.4526 +/- 7.1454
INFO:root:Epoch no. 360 of 500 (samples: 202878)
INFO:root:Loss: 700.1587 +/- 6.5854
INFO:root:Epoch no. 361 of 500 (samples: 202878)
INFO:root:Loss: 696.6161 +/- 6.3801
INFO:root:Epoch no. 362 of 500 (samples: 202878)
INFO:root:Loss: 696.3894 +/- 4.2576
INFO:root:Epoch no. 363 of 500 (samples: 202878)
INFO:root:Loss: 696.8751 +/- 9.7816
INFO:root:Epoch no. 364 of 500 (samples: 202878)
INFO:root:Loss: 696.2935 +/- 8.7988
INFO:root:Epoch no. 365 of 500 (samples: 202878)
INFO:root:Loss: 697.3914 +/- 8.4256
INFO:root:Epoch no. 366 of 500 (samples: 202878)
INFO:root:Loss: 696.3744 +/- 4.6042
INFO:root:Epoch no. 367 of 500 (samples: 202878)
INFO:root:Loss: 696.6154 +/- 3.4906
INFO:root:Epoch no. 368 of 500 (samples: 202878)
INFO:root:Loss: 696.9584 +/- 4.611
INFO:root:Epoch no. 369 of 500 (samples: 202878)
INFO:root:Loss: 697.254 +/- 7.8444
INFO:root:Epoch no. 370 of 500 (samples: 202878)
INFO:root:Loss: 696.6902 +/- 8.6212
INFO:root:Epoch no. 371 of 500 (samples: 202878)
INFO:root:Loss: 696.0457 +/- 5.2592
INFO:root:Epoch no. 372 of 500 (samples: 202878)
INFO:root:Loss: 698.0215 +/- 6.74
INFO:root:Epoch no. 373 of 500 (samples: 202878)
INFO:root:Loss: 695.1366 +/- 5.0667
INFO:root:Epoch no. 374 of 500 (samples: 202878)
INFO:root:Loss: 696.4222 +/- 7.0178
INFO:root:Epoch no. 375 of 500 (samples: 202878)
INFO:root:Loss: 694.2004 +/- 8.2669
INFO:root:Epoch no. 376 of 500 (samples: 202878)
INFO:root:Loss: 696.9149 +/- 7.5993
INFO:root:Epoch no. 377 of 500 (samples: 202878)
INFO:root:Loss: 696.0525 +/- 3.9176
INFO:root:Epoch no. 378 of 500 (samples: 202878)
INFO:root:Loss: 694.7831 +/- 7.5993
INFO:root:Epoch no. 379 of 500 (samples: 202878)
INFO:root:Loss: 695.9265 +/- 4.0054
INFO:root:Epoch no. 380 of 500 (samples: 202878)
INFO:root:Loss: 697.4037 +/- 5.0469
INFO:root:Epoch no. 381 of 500 (samples: 202878)
INFO:root:Loss: 696.2763 +/- 5.7846
INFO:root:Epoch no. 382 of 500 (samples: 202878)
INFO:root:Loss: 696.105 +/- 6.393
INFO:root:Epoch no. 383 of 500 (samples: 202878)
INFO:root:Loss: 696.0207 +/- 8.6101
INFO:root:Epoch no. 384 of 500 (samples: 202878)
INFO:root:Loss: 693.5536 +/- 6.2249
INFO:root:Epoch no. 385 of 500 (samples: 202878)
INFO:root:Loss: 697.1453 +/- 7.1102
INFO:root:Epoch no. 386 of 500 (samples: 202878)
INFO:root:Loss: 692.9657 +/- 4.2336
INFO:root:Epoch no. 387 of 500 (samples: 202878)
INFO:root:Loss: 694.5643 +/- 6.5581
INFO:root:Epoch no. 388 of 500 (samples: 202878)
INFO:root:Loss: 695.5094 +/- 5.4186
INFO:root:Epoch no. 389 of 500 (samples: 202878)
INFO:root:Loss: 694.8793 +/- 6.3004
INFO:root:Epoch no. 390 of 500 (samples: 202878)
INFO:root:Loss: 694.2262 +/- 6.0426
INFO:root:Epoch no. 391 of 500 (samples: 202878)
INFO:root:Loss: 694.6618 +/- 6.9025
INFO:root:Epoch no. 392 of 500 (samples: 202878)
INFO:root:Loss: 694.0572 +/- 6.5335
INFO:root:Epoch no. 393 of 500 (samples: 202878)
INFO:root:Loss: 692.2282 +/- 6.1997
INFO:root:Epoch no. 394 of 500 (samples: 202878)
INFO:root:Loss: 696.8757 +/- 8.1003
INFO:root:Epoch no. 395 of 500 (samples: 202878)
INFO:root:Loss: 692.6892 +/- 12.8023
INFO:root:Epoch no. 396 of 500 (samples: 202878)
INFO:root:Loss: 694.2881 +/- 6.9214
INFO:root:Epoch no. 397 of 500 (samples: 202878)
INFO:root:Loss: 692.4471 +/- 7.5352
INFO:root:Epoch no. 398 of 500 (samples: 202878)
INFO:root:Loss: 693.9327 +/- 6.3609
INFO:root:Epoch no. 399 of 500 (samples: 202878)
INFO:root:Loss: 695.5916 +/- 6.4976
INFO:root:Epoch no. 400 of 500 (samples: 202878)
INFO:root:Loss: 692.7748 +/- 6.8081
INFO:root:Epoch no. 401 of 500 (samples: 202878)
INFO:root:Loss: 693.5442 +/- 5.8647
INFO:root:Epoch no. 402 of 500 (samples: 202878)
INFO:root:Loss: 692.1567 +/- 6.194
INFO:root:Epoch no. 403 of 500 (samples: 202878)
INFO:root:Loss: 692.0555 +/- 2.9725
INFO:root:Epoch no. 404 of 500 (samples: 202878)
INFO:root:Loss: 693.2955 +/- 5.724
INFO:root:Epoch no. 405 of 500 (samples: 202878)
INFO:root:Loss: 690.1784 +/- 4.4075
INFO:root:Epoch no. 406 of 500 (samples: 202878)
INFO:root:Loss: 691.992 +/- 6.3984
INFO:root:Epoch no. 407 of 500 (samples: 202878)
INFO:root:Loss: 690.9982 +/- 5.4264
INFO:root:Epoch no. 408 of 500 (samples: 202878)
INFO:root:Loss: 692.5169 +/- 7.2449
INFO:root:Epoch no. 409 of 500 (samples: 202878)
INFO:root:Loss: 693.8934 +/- 7.4937
INFO:root:Epoch no. 410 of 500 (samples: 202878)
INFO:root:Loss: 691.7658 +/- 9.6173
INFO:root:Epoch no. 411 of 500 (samples: 202878)
INFO:root:Loss: 692.5697 +/- 5.3102
INFO:root:Epoch no. 412 of 500 (samples: 202878)
INFO:root:Loss: 691.5311 +/- 6.6312
INFO:root:Epoch no. 413 of 500 (samples: 202878)
INFO:root:Loss: 691.9286 +/- 5.6863
INFO:root:Epoch no. 414 of 500 (samples: 202878)
INFO:root:Loss: 691.9679 +/- 6.428
INFO:root:Epoch no. 415 of 500 (samples: 202878)
INFO:root:Loss: 689.8853 +/- 7.0491
INFO:root:Epoch no. 416 of 500 (samples: 202878)
INFO:root:Loss: 691.1682 +/- 6.6311
INFO:root:Epoch no. 417 of 500 (samples: 202878)
INFO:root:Loss: 691.4724 +/- 6.4911
INFO:root:Epoch no. 418 of 500 (samples: 202878)
INFO:root:Loss: 691.8282 +/- 6.2912
INFO:root:Epoch no. 419 of 500 (samples: 202878)
INFO:root:Loss: 691.0972 +/- 5.1891
INFO:root:Epoch no. 420 of 500 (samples: 202878)
INFO:root:Loss: 691.5362 +/- 6.2262
INFO:root:Epoch no. 421 of 500 (samples: 202878)
INFO:root:Loss: 693.055 +/- 7.6828
INFO:root:Epoch no. 422 of 500 (samples: 202878)
INFO:root:Loss: 691.6421 +/- 7.2034
INFO:root:Epoch no. 423 of 500 (samples: 202878)
INFO:root:Loss: 690.9917 +/- 6.5612
INFO:root:Epoch no. 424 of 500 (samples: 202878)
INFO:root:Loss: 689.7462 +/- 6.4579
INFO:root:Epoch no. 425 of 500 (samples: 202878)
INFO:root:Loss: 691.4037 +/- 4.8408
INFO:root:Epoch no. 426 of 500 (samples: 202878)
INFO:root:Loss: 690.5906 +/- 6.3736
INFO:root:Epoch no. 427 of 500 (samples: 202878)
INFO:root:Loss: 687.8688 +/- 5.3867
INFO:root:Epoch no. 428 of 500 (samples: 202878)
INFO:root:Loss: 690.2616 +/- 7.1379
INFO:root:Epoch no. 429 of 500 (samples: 202878)
INFO:root:Loss: 690.587 +/- 7.856
INFO:root:Epoch no. 430 of 500 (samples: 202878)
INFO:root:Loss: 690.4921 +/- 3.3592
INFO:root:Epoch no. 431 of 500 (samples: 202878)
INFO:root:Loss: 691.0067 +/- 7.1335
INFO:root:Epoch no. 432 of 500 (samples: 202878)
INFO:root:Loss: 688.5789 +/- 6.4502
INFO:root:Epoch no. 433 of 500 (samples: 202878)
INFO:root:Loss: 687.2353 +/- 5.9884
INFO:root:Epoch no. 434 of 500 (samples: 202878)
INFO:root:Loss: 691.4104 +/- 4.8524
INFO:root:Epoch no. 435 of 500 (samples: 202878)
INFO:root:Loss: 690.7739 +/- 9.2315
INFO:root:Epoch no. 436 of 500 (samples: 202878)
INFO:root:Loss: 688.5746 +/- 4.7317
INFO:root:Epoch no. 437 of 500 (samples: 202878)
INFO:root:Loss: 685.8815 +/- 5.9486
INFO:root:Epoch no. 438 of 500 (samples: 202878)
INFO:root:Loss: 689.9945 +/- 6.8132
INFO:root:Epoch no. 439 of 500 (samples: 202878)
INFO:root:Loss: 690.2684 +/- 6.6108
INFO:root:Epoch no. 440 of 500 (samples: 202878)
INFO:root:Loss: 689.4683 +/- 7.4898
INFO:root:Epoch no. 441 of 500 (samples: 202878)
INFO:root:Loss: 687.8252 +/- 5.1317
INFO:root:Epoch no. 442 of 500 (samples: 202878)
INFO:root:Loss: 687.1806 +/- 6.4418
INFO:root:Epoch no. 443 of 500 (samples: 202878)
INFO:root:Loss: 687.9804 +/- 5.8559
INFO:root:Epoch no. 444 of 500 (samples: 202878)
INFO:root:Loss: 689.9535 +/- 6.6192
INFO:root:Epoch no. 445 of 500 (samples: 202878)
INFO:root:Loss: 688.0278 +/- 5.5272
INFO:root:Epoch no. 446 of 500 (samples: 202878)
INFO:root:Loss: 688.6855 +/- 6.0438
INFO:root:Epoch no. 447 of 500 (samples: 202878)
INFO:root:Loss: 689.7694 +/- 7.4376
INFO:root:Epoch no. 448 of 500 (samples: 202878)
INFO:root:Loss: 691.0111 +/- 6.1566
INFO:root:Epoch no. 449 of 500 (samples: 202878)
INFO:root:Loss: 689.7433 +/- 8.5653
INFO:root:Epoch no. 450 of 500 (samples: 202878)
INFO:root:Loss: 686.3951 +/- 7.1455
INFO:root:Epoch no. 451 of 500 (samples: 202878)
INFO:root:Loss: 687.3787 +/- 6.2795
INFO:root:Epoch no. 452 of 500 (samples: 202878)
INFO:root:Loss: 687.8001 +/- 5.7744
INFO:root:Epoch no. 453 of 500 (samples: 202878)
INFO:root:Loss: 687.5244 +/- 5.9818
INFO:root:Epoch no. 454 of 500 (samples: 202878)
INFO:root:Loss: 687.4762 +/- 9.258
INFO:root:Epoch no. 455 of 500 (samples: 202878)
INFO:root:Loss: 686.1416 +/- 3.5092
INFO:root:Epoch no. 456 of 500 (samples: 202878)
INFO:root:Loss: 685.6169 +/- 8.0467
INFO:root:Epoch no. 457 of 500 (samples: 202878)
INFO:root:Loss: 686.8029 +/- 4.7072
INFO:root:Epoch no. 458 of 500 (samples: 202878)
INFO:root:Loss: 688.3855 +/- 7.4801
INFO:root:Epoch no. 459 of 500 (samples: 202878)
INFO:root:Loss: 686.6024 +/- 3.029
INFO:root:Epoch no. 460 of 500 (samples: 202878)
INFO:root:Loss: 688.7751 +/- 6.4193
INFO:root:Epoch no. 461 of 500 (samples: 202878)
INFO:root:Loss: 685.3981 +/- 5.708
INFO:root:Epoch no. 462 of 500 (samples: 202878)
INFO:root:Loss: 686.9781 +/- 7.8834
INFO:root:Epoch no. 463 of 500 (samples: 202878)
INFO:root:Loss: 686.588 +/- 8.6525
INFO:root:Epoch no. 464 of 500 (samples: 202878)
INFO:root:Loss: 688.3323 +/- 7.6113
INFO:root:Epoch no. 465 of 500 (samples: 202878)
INFO:root:Loss: 687.196 +/- 7.3223
INFO:root:Epoch no. 466 of 500 (samples: 202878)
INFO:root:Loss: 685.1346 +/- 8.5845
INFO:root:Epoch no. 467 of 500 (samples: 202878)
INFO:root:Loss: 686.3403 +/- 6.8759
INFO:root:Epoch no. 468 of 500 (samples: 202878)
INFO:root:Loss: 685.0057 +/- 7.3693
INFO:root:Epoch no. 469 of 500 (samples: 202878)
INFO:root:Loss: 687.0963 +/- 6.3353
INFO:root:Epoch no. 470 of 500 (samples: 202878)
INFO:root:Loss: 683.3007 +/- 5.2902
INFO:root:Epoch no. 471 of 500 (samples: 202878)
INFO:root:Loss: 686.0211 +/- 6.8782
INFO:root:Epoch no. 472 of 500 (samples: 202878)
INFO:root:Loss: 687.2882 +/- 5.7742
INFO:root:Epoch no. 473 of 500 (samples: 202878)
INFO:root:Loss: 686.3898 +/- 8.7613
INFO:root:Epoch no. 474 of 500 (samples: 202878)
INFO:root:Loss: 684.8511 +/- 6.1366
INFO:root:Epoch no. 475 of 500 (samples: 202878)
INFO:root:Loss: 685.2588 +/- 4.4028
INFO:root:Epoch no. 476 of 500 (samples: 202878)
INFO:root:Loss: 686.7453 +/- 9.8698
INFO:root:Epoch no. 477 of 500 (samples: 202878)
INFO:root:Loss: 684.8014 +/- 7.634
INFO:root:Epoch no. 478 of 500 (samples: 202878)
INFO:root:Loss: 686.7568 +/- 6.3858
INFO:root:Epoch no. 479 of 500 (samples: 202878)
INFO:root:Loss: 684.5891 +/- 8.7691
INFO:root:Epoch no. 480 of 500 (samples: 202878)
INFO:root:Loss: 683.7831 +/- 9.8466
INFO:root:Epoch no. 481 of 500 (samples: 202878)
INFO:root:Loss: 684.7438 +/- 4.6396
INFO:root:Epoch no. 482 of 500 (samples: 202878)
INFO:root:Loss: 685.5789 +/- 3.9034
INFO:root:Epoch no. 483 of 500 (samples: 202878)
INFO:root:Loss: 684.1943 +/- 7.8772
INFO:root:Epoch no. 484 of 500 (samples: 202878)
INFO:root:Loss: 683.2462 +/- 10.2601
INFO:root:Epoch no. 485 of 500 (samples: 202878)
INFO:root:Loss: 684.3112 +/- 5.9992
INFO:root:Epoch no. 486 of 500 (samples: 202878)
INFO:root:Loss: 683.8287 +/- 7.309
INFO:root:Epoch no. 487 of 500 (samples: 202878)
INFO:root:Loss: 684.8751 +/- 7.7509
INFO:root:Epoch no. 488 of 500 (samples: 202878)
INFO:root:Loss: 683.0805 +/- 5.3572
INFO:root:Epoch no. 489 of 500 (samples: 202878)
INFO:root:Loss: 682.6966 +/- 4.1591
INFO:root:Epoch no. 490 of 500 (samples: 202878)
INFO:root:Loss: 685.4375 +/- 6.3507
INFO:root:Epoch no. 491 of 500 (samples: 202878)
INFO:root:Loss: 681.8665 +/- 8.4929
INFO:root:Epoch no. 492 of 500 (samples: 202878)
INFO:root:Loss: 682.9537 +/- 6.68
INFO:root:Epoch no. 493 of 500 (samples: 202878)
INFO:root:Loss: 685.0288 +/- 6.8369
INFO:root:Epoch no. 494 of 500 (samples: 202878)
INFO:root:Loss: 681.6938 +/- 6.1879
INFO:root:Epoch no. 495 of 500 (samples: 202878)
INFO:root:Loss: 683.344 +/- 8.0242
INFO:root:Epoch no. 496 of 500 (samples: 202878)
INFO:root:Loss: 681.9159 +/- 5.2334
INFO:root:Epoch no. 497 of 500 (samples: 202878)
INFO:root:Loss: 682.7934 +/- 6.5099
INFO:root:Epoch no. 498 of 500 (samples: 202878)
INFO:root:Loss: 680.8085 +/- 5.4522
INFO:root:Epoch no. 499 of 500 (samples: 202878)
INFO:root:Loss: 683.5389 +/- 5.5479
INFO:root:Epoch no. 500 of 500 (samples: 202878)
INFO:root:Loss: 681.5953 +/- 5.289
/usr/local/lib/python3.5/dist-packages/keras/backend/theano_backend.py:527: UserWarning: theano.function was asked to create a function computing outputs given certain inputs, but the provided input variable at index 2 is not part of the computational graph needed to compute the outputs: keras_learning_phase.
To make this warning into an error, you can pass the parameter on_unused_input='raise' to theano.function. To disable it completely, use on_unused_input='ignore'.
  **kwargs)
INFO:root:### MICRO (validation raw):
INFO:root:	-- left   >> mean: 6465.5852, median: 4134.5, mrr: 0.013, hits@1: 0.7%
INFO:root:	-- right  >> mean: 5718.7574, median: 3345.5, mrr: 0.024, hits@1: 0.58%
INFO:root:	-- global >> mean: 6092.1713, median: 3768.0, mrr: 0.018, hits@1: 0.64%
INFO:root:### MICRO (validation raw):
INFO:root:	-- left   >> mean: 6465.5852, median: 4134.5, mrr: 0.013, hits@3: 1.4%
INFO:root:	-- right  >> mean: 5718.7574, median: 3345.5, mrr: 0.024, hits@3: 2.32%
INFO:root:	-- global >> mean: 6092.1713, median: 3768.0, mrr: 0.018, hits@3: 1.86%
INFO:root:### MICRO (validation raw):
INFO:root:	-- left   >> mean: 6465.5852, median: 4134.5, mrr: 0.013, hits@5: 1.58%
INFO:root:	-- right  >> mean: 5718.7574, median: 3345.5, mrr: 0.024, hits@5: 3.82%
INFO:root:	-- global >> mean: 6092.1713, median: 3768.0, mrr: 0.018, hits@5: 2.7%
INFO:root:### MICRO (validation raw):
INFO:root:	-- left   >> mean: 6465.5852, median: 4134.5, mrr: 0.013, hits@10: 2.02%
INFO:root:	-- right  >> mean: 5718.7574, median: 3345.5, mrr: 0.024, hits@10: 6.3%
INFO:root:	-- global >> mean: 6092.1713, median: 3768.0, mrr: 0.018, hits@10: 4.16%
INFO:root:### MICRO (validation filtered):
INFO:root:	-- left   >> mean: 6200.5438, median: 3880.5, mrr: 0.02, hits@1: 1.32%
INFO:root:	-- right  >> mean: 5716.723, median: 3344.5, mrr: 0.035, hits@1: 1.78%
INFO:root:	-- global >> mean: 5958.6334, median: 3624.0, mrr: 0.027, hits@1: 1.55%
INFO:root:### MICRO (validation filtered):
INFO:root:	-- left   >> mean: 6200.5438, median: 3880.5, mrr: 0.02, hits@3: 2.04%
INFO:root:	-- right  >> mean: 5716.723, median: 3344.5, mrr: 0.035, hits@3: 3.52%
INFO:root:	-- global >> mean: 5958.6334, median: 3624.0, mrr: 0.027, hits@3: 2.78%
INFO:root:### MICRO (validation filtered):
INFO:root:	-- left   >> mean: 6200.5438, median: 3880.5, mrr: 0.02, hits@5: 2.42%
INFO:root:	-- right  >> mean: 5716.723, median: 3344.5, mrr: 0.035, hits@5: 5.12%
INFO:root:	-- global >> mean: 5958.6334, median: 3624.0, mrr: 0.027, hits@5: 3.77%
INFO:root:### MICRO (validation filtered):
INFO:root:	-- left   >> mean: 6200.5438, median: 3880.5, mrr: 0.02, hits@10: 2.9%
INFO:root:	-- right  >> mean: 5716.723, median: 3344.5, mrr: 0.035, hits@10: 7.1%
INFO:root:	-- global >> mean: 5958.6334, median: 3624.0, mrr: 0.027, hits@10: 5.0%
INFO:root:### MICRO (test raw):
INFO:root:	-- left   >> mean: 6334.0582, median: 3942.5, mrr: 0.011, hits@1: 0.68%
INFO:root:	-- right  >> mean: 5617.0578, median: 3207.0, mrr: 0.023, hits@1: 0.58%
INFO:root:	-- global >> mean: 5975.558, median: 3571.0, mrr: 0.017, hits@1: 0.63%
INFO:root:### MICRO (test raw):
INFO:root:	-- left   >> mean: 6334.0582, median: 3942.5, mrr: 0.011, hits@3: 1.02%
INFO:root:	-- right  >> mean: 5617.0578, median: 3207.0, mrr: 0.023, hits@3: 2.18%
INFO:root:	-- global >> mean: 5975.558, median: 3571.0, mrr: 0.017, hits@3: 1.6%
INFO:root:### MICRO (test raw):
INFO:root:	-- left   >> mean: 6334.0582, median: 3942.5, mrr: 0.011, hits@5: 1.36%
INFO:root:	-- right  >> mean: 5617.0578, median: 3207.0, mrr: 0.023, hits@5: 3.7%
INFO:root:	-- global >> mean: 5975.558, median: 3571.0, mrr: 0.017, hits@5: 2.53%
INFO:root:### MICRO (test raw):
INFO:root:	-- left   >> mean: 6334.0582, median: 3942.5, mrr: 0.011, hits@10: 1.86%
INFO:root:	-- right  >> mean: 5617.0578, median: 3207.0, mrr: 0.023, hits@10: 6.0%
INFO:root:	-- global >> mean: 5975.558, median: 3571.0, mrr: 0.017, hits@10: 3.93%
INFO:root:### MICRO (test filtered):
INFO:root:	-- left   >> mean: 6071.266, median: 3751.0, mrr: 0.016, hits@1: 1.04%
INFO:root:	-- right  >> mean: 5614.9902, median: 3205.5, mrr: 0.035, hits@1: 1.74%
INFO:root:	-- global >> mean: 5843.1281, median: 3460.5, mrr: 0.026, hits@1: 1.39%
INFO:root:### MICRO (test filtered):
INFO:root:	-- left   >> mean: 6071.266, median: 3751.0, mrr: 0.016, hits@3: 1.68%
INFO:root:	-- right  >> mean: 5614.9902, median: 3205.5, mrr: 0.035, hits@3: 3.72%
INFO:root:	-- global >> mean: 5843.1281, median: 3460.5, mrr: 0.026, hits@3: 2.7%
INFO:root:### MICRO (test filtered):
INFO:root:	-- left   >> mean: 6071.266, median: 3751.0, mrr: 0.016, hits@5: 1.98%
INFO:root:	-- right  >> mean: 5614.9902, median: 3205.5, mrr: 0.035, hits@5: 4.86%
INFO:root:	-- global >> mean: 5843.1281, median: 3460.5, mrr: 0.026, hits@5: 3.42%
INFO:root:### MICRO (test filtered):
INFO:root:	-- left   >> mean: 6071.266, median: 3751.0, mrr: 0.016, hits@10: 2.52%
INFO:root:	-- right  >> mean: 5614.9902, median: 3205.5, mrr: 0.035, hits@10: 6.9%
INFO:root:	-- global >> mean: 5843.1281, median: 3460.5, mrr: 0.026, hits@10: 4.71%
