Using Theano backend.
Using gpu device 0: GeForce GTX TITAN X (CNMeM is disabled, cuDNN not available)
INFO:root:Acquiring data/music_2015-10_mte10_5k/music_2015-10_mte10-train.tsv.gz ..
INFO:root:Acquiring data/music_2015-10_mte10_5k/music_2015-10_mte10-valid.tsv.gz ..
INFO:root:Acquiring data/music_2015-10_mte10_5k/music_2015-10_mte10-test.tsv.gz ..
INFO:root:[Rules] Adding Head: 3, Tail: [(2, False)]
INFO:root:[Rules] Adding Head: 3, Tail: [(3, False), (2, False)]
INFO:root:[Rules] Adding Head: 3, Tail: [(3, False), (3, False)]
INFO:root:[Rules] Adding Head: 3, Tail: [(2, False), (2, False)]
INFO:root:[Rules] Adding Head: 3, Tail: [(2, False), (3, False)]
INFO:root:[Rules] Adding Head: 6, Tail: [(5, False)]
INFO:root:[Rules] Adding Head: 2, Tail: [(3, False)]
INFO:root:[Rules] Adding Head: 2, Tail: [(2, False), (2, False)]
INFO:root:[Rules] Adding Head: 2, Tail: [(2, False), (3, False)]
INFO:root:[Rules] Adding Head: 2, Tail: [(3, False), (2, False)]
INFO:root:[Rules] Adding Head: 2, Tail: [(3, False), (3, False)]
INFO:root:[Rules] Adding Head: 5, Tail: [(6, False)]
INFO:root:Samples: 289825, no. batches: 10 -> batch size: 28983
INFO:root:Epoch no. 1 of 500 (samples: 289825)
INFO:root:Loss: 2666.8903 +/- 66.5442
INFO:root:Epoch no. 2 of 500 (samples: 289825)
INFO:root:Loss: 2083.6101 +/- 148.946
INFO:root:Epoch no. 3 of 500 (samples: 289825)
INFO:root:Loss: 1445.53 +/- 90.8547
INFO:root:Epoch no. 4 of 500 (samples: 289825)
INFO:root:Loss: 1051.4026 +/- 35.3998
INFO:root:Epoch no. 5 of 500 (samples: 289825)
INFO:root:Loss: 835.2635 +/- 12.7474
INFO:root:Epoch no. 6 of 500 (samples: 289825)
INFO:root:Loss: 704.3558 +/- 6.5856
INFO:root:Epoch no. 7 of 500 (samples: 289825)
INFO:root:Loss: 618.0115 +/- 5.2603
INFO:root:Epoch no. 8 of 500 (samples: 289825)
INFO:root:Loss: 554.3454 +/- 5.9921
INFO:root:Epoch no. 9 of 500 (samples: 289825)
INFO:root:Loss: 508.5841 +/- 6.2824
INFO:root:Epoch no. 10 of 500 (samples: 289825)
INFO:root:Loss: 472.6009 +/- 6.4413
INFO:root:Epoch no. 11 of 500 (samples: 289825)
INFO:root:Loss: 444.7439 +/- 5.7983
INFO:root:Epoch no. 12 of 500 (samples: 289825)
INFO:root:Loss: 424.2492 +/- 6.7879
INFO:root:Epoch no. 13 of 500 (samples: 289825)
INFO:root:Loss: 405.7055 +/- 4.193
INFO:root:Epoch no. 14 of 500 (samples: 289825)
INFO:root:Loss: 388.1457 +/- 5.375
INFO:root:Epoch no. 15 of 500 (samples: 289825)
INFO:root:Loss: 377.0105 +/- 4.7058
INFO:root:Epoch no. 16 of 500 (samples: 289825)
INFO:root:Loss: 365.1188 +/- 4.2556
INFO:root:Epoch no. 17 of 500 (samples: 289825)
INFO:root:Loss: 353.5562 +/- 3.1919
INFO:root:Epoch no. 18 of 500 (samples: 289825)
INFO:root:Loss: 344.2511 +/- 5.7595
INFO:root:Epoch no. 19 of 500 (samples: 289825)
INFO:root:Loss: 333.8609 +/- 3.7235
INFO:root:Epoch no. 20 of 500 (samples: 289825)
INFO:root:Loss: 328.5561 +/- 3.3094
INFO:root:Epoch no. 21 of 500 (samples: 289825)
INFO:root:Loss: 321.0834 +/- 4.5198
INFO:root:Epoch no. 22 of 500 (samples: 289825)
INFO:root:Loss: 315.1416 +/- 3.348
INFO:root:Epoch no. 23 of 500 (samples: 289825)
INFO:root:Loss: 307.6193 +/- 4.9597
INFO:root:Epoch no. 24 of 500 (samples: 289825)
INFO:root:Loss: 303.5223 +/- 4.9858
INFO:root:Epoch no. 25 of 500 (samples: 289825)
INFO:root:Loss: 298.8511 +/- 3.8155
INFO:root:Epoch no. 26 of 500 (samples: 289825)
INFO:root:Loss: 294.4587 +/- 3.3962
INFO:root:Epoch no. 27 of 500 (samples: 289825)
INFO:root:Loss: 289.4911 +/- 4.13
INFO:root:Epoch no. 28 of 500 (samples: 289825)
INFO:root:Loss: 284.5106 +/- 3.0841
INFO:root:Epoch no. 29 of 500 (samples: 289825)
INFO:root:Loss: 281.541 +/- 3.8335
INFO:root:Epoch no. 30 of 500 (samples: 289825)
INFO:root:Loss: 276.9245 +/- 3.7974
INFO:root:Epoch no. 31 of 500 (samples: 289825)
INFO:root:Loss: 273.8606 +/- 4.5806
INFO:root:Epoch no. 32 of 500 (samples: 289825)
INFO:root:Loss: 272.0963 +/- 1.9004
INFO:root:Epoch no. 33 of 500 (samples: 289825)
INFO:root:Loss: 267.7923 +/- 4.2
INFO:root:Epoch no. 34 of 500 (samples: 289825)
INFO:root:Loss: 264.508 +/- 5.1445
INFO:root:Epoch no. 35 of 500 (samples: 289825)
INFO:root:Loss: 260.9704 +/- 3.6057
INFO:root:Epoch no. 36 of 500 (samples: 289825)
INFO:root:Loss: 259.4896 +/- 3.85
INFO:root:Epoch no. 37 of 500 (samples: 289825)
INFO:root:Loss: 258.0854 +/- 3.9201
INFO:root:Epoch no. 38 of 500 (samples: 289825)
INFO:root:Loss: 253.6881 +/- 3.9113
INFO:root:Epoch no. 39 of 500 (samples: 289825)
INFO:root:Loss: 252.546 +/- 3.7589
INFO:root:Epoch no. 40 of 500 (samples: 289825)
INFO:root:Loss: 251.153 +/- 3.3128
INFO:root:Epoch no. 41 of 500 (samples: 289825)
INFO:root:Loss: 247.9257 +/- 4.3813
INFO:root:Epoch no. 42 of 500 (samples: 289825)
INFO:root:Loss: 246.1058 +/- 3.2041
INFO:root:Epoch no. 43 of 500 (samples: 289825)
INFO:root:Loss: 245.3979 +/- 3.4803
INFO:root:Epoch no. 44 of 500 (samples: 289825)
INFO:root:Loss: 242.7904 +/- 3.9203
INFO:root:Epoch no. 45 of 500 (samples: 289825)
INFO:root:Loss: 241.7551 +/- 3.026
INFO:root:Epoch no. 46 of 500 (samples: 289825)
INFO:root:Loss: 239.0414 +/- 2.9951
INFO:root:Epoch no. 47 of 500 (samples: 289825)
INFO:root:Loss: 238.1835 +/- 4.3374
INFO:root:Epoch no. 48 of 500 (samples: 289825)
INFO:root:Loss: 235.2308 +/- 2.6381
INFO:root:Epoch no. 49 of 500 (samples: 289825)
INFO:root:Loss: 234.3808 +/- 2.7416
INFO:root:Epoch no. 50 of 500 (samples: 289825)
INFO:root:Loss: 232.4377 +/- 2.5109
INFO:root:Epoch no. 51 of 500 (samples: 289825)
INFO:root:Loss: 231.9745 +/- 2.926
INFO:root:Epoch no. 52 of 500 (samples: 289825)
INFO:root:Loss: 230.4776 +/- 1.8274
INFO:root:Epoch no. 53 of 500 (samples: 289825)
INFO:root:Loss: 228.7487 +/- 2.8215
INFO:root:Epoch no. 54 of 500 (samples: 289825)
INFO:root:Loss: 228.5249 +/- 2.3628
INFO:root:Epoch no. 55 of 500 (samples: 289825)
INFO:root:Loss: 227.5988 +/- 1.9856
INFO:root:Epoch no. 56 of 500 (samples: 289825)
INFO:root:Loss: 225.8725 +/- 2.5152
INFO:root:Epoch no. 57 of 500 (samples: 289825)
INFO:root:Loss: 224.5362 +/- 2.5732
INFO:root:Epoch no. 58 of 500 (samples: 289825)
INFO:root:Loss: 222.0659 +/- 2.0702
INFO:root:Epoch no. 59 of 500 (samples: 289825)
INFO:root:Loss: 222.9111 +/- 2.8023
INFO:root:Epoch no. 60 of 500 (samples: 289825)
INFO:root:Loss: 221.6295 +/- 3.0015
INFO:root:Epoch no. 61 of 500 (samples: 289825)
INFO:root:Loss: 219.773 +/- 3.0433
INFO:root:Epoch no. 62 of 500 (samples: 289825)
INFO:root:Loss: 219.0963 +/- 3.2467
INFO:root:Epoch no. 63 of 500 (samples: 289825)
INFO:root:Loss: 217.4816 +/- 3.1991
INFO:root:Epoch no. 64 of 500 (samples: 289825)
INFO:root:Loss: 217.3847 +/- 1.8848
INFO:root:Epoch no. 65 of 500 (samples: 289825)
INFO:root:Loss: 215.1578 +/- 2.0385
INFO:root:Epoch no. 66 of 500 (samples: 289825)
INFO:root:Loss: 214.635 +/- 2.953
INFO:root:Epoch no. 67 of 500 (samples: 289825)
INFO:root:Loss: 214.3108 +/- 3.3044
INFO:root:Epoch no. 68 of 500 (samples: 289825)
INFO:root:Loss: 213.0722 +/- 2.0646
INFO:root:Epoch no. 69 of 500 (samples: 289825)
INFO:root:Loss: 212.1838 +/- 2.6408
INFO:root:Epoch no. 70 of 500 (samples: 289825)
INFO:root:Loss: 211.8925 +/- 3.183
INFO:root:Epoch no. 71 of 500 (samples: 289825)
INFO:root:Loss: 212.2008 +/- 2.9422
INFO:root:Epoch no. 72 of 500 (samples: 289825)
INFO:root:Loss: 210.1614 +/- 1.9671
INFO:root:Epoch no. 73 of 500 (samples: 289825)
INFO:root:Loss: 210.1562 +/- 3.2101
INFO:root:Epoch no. 74 of 500 (samples: 289825)
INFO:root:Loss: 209.3833 +/- 2.2606
INFO:root:Epoch no. 75 of 500 (samples: 289825)
INFO:root:Loss: 207.5611 +/- 2.7791
INFO:root:Epoch no. 76 of 500 (samples: 289825)
INFO:root:Loss: 206.3275 +/- 2.563
INFO:root:Epoch no. 77 of 500 (samples: 289825)
INFO:root:Loss: 206.807 +/- 2.2479
INFO:root:Epoch no. 78 of 500 (samples: 289825)
INFO:root:Loss: 205.4608 +/- 2.3595
INFO:root:Epoch no. 79 of 500 (samples: 289825)
INFO:root:Loss: 205.355 +/- 2.7113
INFO:root:Epoch no. 80 of 500 (samples: 289825)
INFO:root:Loss: 204.9394 +/- 2.7171
INFO:root:Epoch no. 81 of 500 (samples: 289825)
INFO:root:Loss: 203.8346 +/- 2.0793
INFO:root:Epoch no. 82 of 500 (samples: 289825)
INFO:root:Loss: 204.4079 +/- 2.071
INFO:root:Epoch no. 83 of 500 (samples: 289825)
INFO:root:Loss: 202.9654 +/- 2.8957
INFO:root:Epoch no. 84 of 500 (samples: 289825)
INFO:root:Loss: 202.3612 +/- 3.983
INFO:root:Epoch no. 85 of 500 (samples: 289825)
INFO:root:Loss: 201.7194 +/- 2.88
INFO:root:Epoch no. 86 of 500 (samples: 289825)
INFO:root:Loss: 200.757 +/- 2.3135
INFO:root:Epoch no. 87 of 500 (samples: 289825)
INFO:root:Loss: 200.9437 +/- 2.1845
INFO:root:Epoch no. 88 of 500 (samples: 289825)
INFO:root:Loss: 200.6986 +/- 2.4552
INFO:root:Epoch no. 89 of 500 (samples: 289825)
INFO:root:Loss: 200.2471 +/- 2.5259
INFO:root:Epoch no. 90 of 500 (samples: 289825)
INFO:root:Loss: 198.4622 +/- 2.2299
INFO:root:Epoch no. 91 of 500 (samples: 289825)
INFO:root:Loss: 198.1901 +/- 1.8967
INFO:root:Epoch no. 92 of 500 (samples: 289825)
INFO:root:Loss: 198.5501 +/- 2.5748
INFO:root:Epoch no. 93 of 500 (samples: 289825)
INFO:root:Loss: 197.0361 +/- 2.8665
INFO:root:Epoch no. 94 of 500 (samples: 289825)
INFO:root:Loss: 197.8785 +/- 2.101
INFO:root:Epoch no. 95 of 500 (samples: 289825)
INFO:root:Loss: 196.9736 +/- 2.2388
INFO:root:Epoch no. 96 of 500 (samples: 289825)
INFO:root:Loss: 195.6568 +/- 1.3698
INFO:root:Epoch no. 97 of 500 (samples: 289825)
INFO:root:Loss: 194.8051 +/- 2.0626
INFO:root:Epoch no. 98 of 500 (samples: 289825)
INFO:root:Loss: 195.3676 +/- 2.3682
INFO:root:Epoch no. 99 of 500 (samples: 289825)
INFO:root:Loss: 193.764 +/- 2.7612
INFO:root:Epoch no. 100 of 500 (samples: 289825)
INFO:root:Loss: 195.7242 +/- 2.5458
INFO:root:Epoch no. 101 of 500 (samples: 289825)
INFO:root:Loss: 194.342 +/- 2.0533
INFO:root:Epoch no. 102 of 500 (samples: 289825)
INFO:root:Loss: 193.2733 +/- 2.3764
INFO:root:Epoch no. 103 of 500 (samples: 289825)
INFO:root:Loss: 192.6879 +/- 2.8481
INFO:root:Epoch no. 104 of 500 (samples: 289825)
INFO:root:Loss: 191.1869 +/- 2.2339
INFO:root:Epoch no. 105 of 500 (samples: 289825)
INFO:root:Loss: 191.8895 +/- 3.2755
INFO:root:Epoch no. 106 of 500 (samples: 289825)
INFO:root:Loss: 190.4738 +/- 2.1319
INFO:root:Epoch no. 107 of 500 (samples: 289825)
INFO:root:Loss: 190.5894 +/- 2.8639
INFO:root:Epoch no. 108 of 500 (samples: 289825)
INFO:root:Loss: 190.6045 +/- 2.3359
INFO:root:Epoch no. 109 of 500 (samples: 289825)
INFO:root:Loss: 190.5609 +/- 2.5552
INFO:root:Epoch no. 110 of 500 (samples: 289825)
INFO:root:Loss: 189.7463 +/- 2.2917
INFO:root:Epoch no. 111 of 500 (samples: 289825)
INFO:root:Loss: 188.0107 +/- 3.7711
INFO:root:Epoch no. 112 of 500 (samples: 289825)
INFO:root:Loss: 189.055 +/- 2.5513
INFO:root:Epoch no. 113 of 500 (samples: 289825)
INFO:root:Loss: 188.7678 +/- 3.3666
INFO:root:Epoch no. 114 of 500 (samples: 289825)
INFO:root:Loss: 186.8841 +/- 1.8674
INFO:root:Epoch no. 115 of 500 (samples: 289825)
INFO:root:Loss: 187.3113 +/- 1.4127
INFO:root:Epoch no. 116 of 500 (samples: 289825)
INFO:root:Loss: 186.936 +/- 2.3612
INFO:root:Epoch no. 117 of 500 (samples: 289825)
INFO:root:Loss: 186.3673 +/- 1.7305
INFO:root:Epoch no. 118 of 500 (samples: 289825)
INFO:root:Loss: 186.0612 +/- 2.4571
INFO:root:Epoch no. 119 of 500 (samples: 289825)
INFO:root:Loss: 185.6701 +/- 1.487
INFO:root:Epoch no. 120 of 500 (samples: 289825)
INFO:root:Loss: 184.4846 +/- 2.4487
INFO:root:Epoch no. 121 of 500 (samples: 289825)
INFO:root:Loss: 184.8421 +/- 2.4157
INFO:root:Epoch no. 122 of 500 (samples: 289825)
INFO:root:Loss: 183.8726 +/- 2.2543
INFO:root:Epoch no. 123 of 500 (samples: 289825)
INFO:root:Loss: 184.4725 +/- 2.2772
INFO:root:Epoch no. 124 of 500 (samples: 289825)
INFO:root:Loss: 183.8362 +/- 1.9108
INFO:root:Epoch no. 125 of 500 (samples: 289825)
INFO:root:Loss: 182.2387 +/- 1.5455
INFO:root:Epoch no. 126 of 500 (samples: 289825)
INFO:root:Loss: 182.6194 +/- 3.0862
INFO:root:Epoch no. 127 of 500 (samples: 289825)
INFO:root:Loss: 182.1033 +/- 2.5291
INFO:root:Epoch no. 128 of 500 (samples: 289825)
INFO:root:Loss: 180.6559 +/- 2.8555
INFO:root:Epoch no. 129 of 500 (samples: 289825)
INFO:root:Loss: 181.3013 +/- 2.6026
INFO:root:Epoch no. 130 of 500 (samples: 289825)
INFO:root:Loss: 182.7737 +/- 2.0606
INFO:root:Epoch no. 131 of 500 (samples: 289825)
INFO:root:Loss: 181.7036 +/- 2.5551
INFO:root:Epoch no. 132 of 500 (samples: 289825)
INFO:root:Loss: 180.419 +/- 2.3755
INFO:root:Epoch no. 133 of 500 (samples: 289825)
INFO:root:Loss: 180.028 +/- 1.7477
INFO:root:Epoch no. 134 of 500 (samples: 289825)
INFO:root:Loss: 180.642 +/- 3.6907
INFO:root:Epoch no. 135 of 500 (samples: 289825)
INFO:root:Loss: 178.3679 +/- 2.2335
INFO:root:Epoch no. 136 of 500 (samples: 289825)
INFO:root:Loss: 179.1585 +/- 3.4088
INFO:root:Epoch no. 137 of 500 (samples: 289825)
INFO:root:Loss: 179.9255 +/- 1.8026
INFO:root:Epoch no. 138 of 500 (samples: 289825)
INFO:root:Loss: 178.6304 +/- 1.87
INFO:root:Epoch no. 139 of 500 (samples: 289825)
INFO:root:Loss: 177.6005 +/- 2.3036
INFO:root:Epoch no. 140 of 500 (samples: 289825)
INFO:root:Loss: 178.7593 +/- 2.7939
INFO:root:Epoch no. 141 of 500 (samples: 289825)
INFO:root:Loss: 178.0342 +/- 1.7754
INFO:root:Epoch no. 142 of 500 (samples: 289825)
INFO:root:Loss: 177.9693 +/- 2.2152
INFO:root:Epoch no. 143 of 500 (samples: 289825)
INFO:root:Loss: 178.1055 +/- 2.3363
INFO:root:Epoch no. 144 of 500 (samples: 289825)
INFO:root:Loss: 177.0019 +/- 2.2829
INFO:root:Epoch no. 145 of 500 (samples: 289825)
INFO:root:Loss: 176.3965 +/- 1.7395
INFO:root:Epoch no. 146 of 500 (samples: 289825)
INFO:root:Loss: 176.7167 +/- 1.9991
INFO:root:Epoch no. 147 of 500 (samples: 289825)
INFO:root:Loss: 177.6079 +/- 3.3446
INFO:root:Epoch no. 148 of 500 (samples: 289825)
INFO:root:Loss: 176.6124 +/- 1.9672
INFO:root:Epoch no. 149 of 500 (samples: 289825)
INFO:root:Loss: 176.042 +/- 2.3183
INFO:root:Epoch no. 150 of 500 (samples: 289825)
INFO:root:Loss: 176.5172 +/- 2.8078
INFO:root:Epoch no. 151 of 500 (samples: 289825)
INFO:root:Loss: 175.9162 +/- 2.0622
INFO:root:Epoch no. 152 of 500 (samples: 289825)
INFO:root:Loss: 176.4904 +/- 2.6251
INFO:root:Epoch no. 153 of 500 (samples: 289825)
INFO:root:Loss: 175.736 +/- 2.6594
INFO:root:Epoch no. 154 of 500 (samples: 289825)
INFO:root:Loss: 175.8895 +/- 2.2943
INFO:root:Epoch no. 155 of 500 (samples: 289825)
INFO:root:Loss: 175.6032 +/- 2.8242
INFO:root:Epoch no. 156 of 500 (samples: 289825)
INFO:root:Loss: 173.9181 +/- 2.5326
INFO:root:Epoch no. 157 of 500 (samples: 289825)
INFO:root:Loss: 174.9746 +/- 1.5748
INFO:root:Epoch no. 158 of 500 (samples: 289825)
INFO:root:Loss: 173.5915 +/- 2.1378
INFO:root:Epoch no. 159 of 500 (samples: 289825)
INFO:root:Loss: 173.4942 +/- 2.2641
INFO:root:Epoch no. 160 of 500 (samples: 289825)
INFO:root:Loss: 173.8831 +/- 1.7114
INFO:root:Epoch no. 161 of 500 (samples: 289825)
INFO:root:Loss: 174.0171 +/- 2.7134
INFO:root:Epoch no. 162 of 500 (samples: 289825)
INFO:root:Loss: 173.4468 +/- 2.2323
INFO:root:Epoch no. 163 of 500 (samples: 289825)
INFO:root:Loss: 173.2394 +/- 1.2319
INFO:root:Epoch no. 164 of 500 (samples: 289825)
INFO:root:Loss: 172.9105 +/- 1.7013
INFO:root:Epoch no. 165 of 500 (samples: 289825)
INFO:root:Loss: 172.2539 +/- 2.4369
INFO:root:Epoch no. 166 of 500 (samples: 289825)
INFO:root:Loss: 172.3312 +/- 1.4669
INFO:root:Epoch no. 167 of 500 (samples: 289825)
INFO:root:Loss: 171.8208 +/- 2.9324
INFO:root:Epoch no. 168 of 500 (samples: 289825)
INFO:root:Loss: 172.6418 +/- 2.0157
INFO:root:Epoch no. 169 of 500 (samples: 289825)
INFO:root:Loss: 171.7178 +/- 1.2321
INFO:root:Epoch no. 170 of 500 (samples: 289825)
INFO:root:Loss: 173.395 +/- 1.9256
INFO:root:Epoch no. 171 of 500 (samples: 289825)
INFO:root:Loss: 171.525 +/- 2.5866
INFO:root:Epoch no. 172 of 500 (samples: 289825)
INFO:root:Loss: 172.6092 +/- 2.6358
INFO:root:Epoch no. 173 of 500 (samples: 289825)
INFO:root:Loss: 171.5402 +/- 2.2622
INFO:root:Epoch no. 174 of 500 (samples: 289825)
INFO:root:Loss: 170.9328 +/- 2.2249
INFO:root:Epoch no. 175 of 500 (samples: 289825)
INFO:root:Loss: 171.6599 +/- 2.7881
INFO:root:Epoch no. 176 of 500 (samples: 289825)
INFO:root:Loss: 170.7542 +/- 1.8755
INFO:root:Epoch no. 177 of 500 (samples: 289825)
INFO:root:Loss: 171.8526 +/- 1.5618
INFO:root:Epoch no. 178 of 500 (samples: 289825)
INFO:root:Loss: 169.5036 +/- 2.357
INFO:root:Epoch no. 179 of 500 (samples: 289825)
INFO:root:Loss: 171.7152 +/- 2.2884
INFO:root:Epoch no. 180 of 500 (samples: 289825)
INFO:root:Loss: 170.2552 +/- 2.1304
INFO:root:Epoch no. 181 of 500 (samples: 289825)
INFO:root:Loss: 169.443 +/- 2.2906
INFO:root:Epoch no. 182 of 500 (samples: 289825)
INFO:root:Loss: 169.5324 +/- 1.0651
INFO:root:Epoch no. 183 of 500 (samples: 289825)
INFO:root:Loss: 169.6652 +/- 1.2844
INFO:root:Epoch no. 184 of 500 (samples: 289825)
INFO:root:Loss: 170.7482 +/- 2.1959
INFO:root:Epoch no. 185 of 500 (samples: 289825)
INFO:root:Loss: 169.9609 +/- 1.8631
INFO:root:Epoch no. 186 of 500 (samples: 289825)
INFO:root:Loss: 170.1001 +/- 1.8785
INFO:root:Epoch no. 187 of 500 (samples: 289825)
INFO:root:Loss: 169.5542 +/- 1.3251
INFO:root:Epoch no. 188 of 500 (samples: 289825)
INFO:root:Loss: 168.9569 +/- 2.202
INFO:root:Epoch no. 189 of 500 (samples: 289825)
INFO:root:Loss: 167.8407 +/- 1.9454
INFO:root:Epoch no. 190 of 500 (samples: 289825)
INFO:root:Loss: 167.9593 +/- 2.6182
INFO:root:Epoch no. 191 of 500 (samples: 289825)
INFO:root:Loss: 168.9848 +/- 2.0409
INFO:root:Epoch no. 192 of 500 (samples: 289825)
INFO:root:Loss: 168.7327 +/- 1.3464
INFO:root:Epoch no. 193 of 500 (samples: 289825)
INFO:root:Loss: 168.368 +/- 1.1722
INFO:root:Epoch no. 194 of 500 (samples: 289825)
INFO:root:Loss: 168.1876 +/- 1.5214
INFO:root:Epoch no. 195 of 500 (samples: 289825)
INFO:root:Loss: 168.248 +/- 1.8226
INFO:root:Epoch no. 196 of 500 (samples: 289825)
INFO:root:Loss: 167.1834 +/- 1.815
INFO:root:Epoch no. 197 of 500 (samples: 289825)
INFO:root:Loss: 168.432 +/- 1.9459
INFO:root:Epoch no. 198 of 500 (samples: 289825)
INFO:root:Loss: 166.5731 +/- 1.6641
INFO:root:Epoch no. 199 of 500 (samples: 289825)
INFO:root:Loss: 166.932 +/- 1.1709
INFO:root:Epoch no. 200 of 500 (samples: 289825)
INFO:root:Loss: 166.6486 +/- 1.8612
INFO:root:Epoch no. 201 of 500 (samples: 289825)
INFO:root:Loss: 167.7041 +/- 1.4658
INFO:root:Epoch no. 202 of 500 (samples: 289825)
INFO:root:Loss: 166.8678 +/- 2.1889
INFO:root:Epoch no. 203 of 500 (samples: 289825)
INFO:root:Loss: 166.5077 +/- 2.5997
INFO:root:Epoch no. 204 of 500 (samples: 289825)
INFO:root:Loss: 166.897 +/- 3.5681
INFO:root:Epoch no. 205 of 500 (samples: 289825)
INFO:root:Loss: 167.2222 +/- 2.3529
INFO:root:Epoch no. 206 of 500 (samples: 289825)
INFO:root:Loss: 166.9152 +/- 3.1536
INFO:root:Epoch no. 207 of 500 (samples: 289825)
INFO:root:Loss: 164.9641 +/- 1.6497
INFO:root:Epoch no. 208 of 500 (samples: 289825)
INFO:root:Loss: 166.2784 +/- 1.9435
INFO:root:Epoch no. 209 of 500 (samples: 289825)
INFO:root:Loss: 164.8536 +/- 2.1562
INFO:root:Epoch no. 210 of 500 (samples: 289825)
INFO:root:Loss: 166.1569 +/- 1.0064
INFO:root:Epoch no. 211 of 500 (samples: 289825)
INFO:root:Loss: 165.609 +/- 1.709
INFO:root:Epoch no. 212 of 500 (samples: 289825)
INFO:root:Loss: 165.6365 +/- 1.5544
INFO:root:Epoch no. 213 of 500 (samples: 289825)
INFO:root:Loss: 165.4498 +/- 2.7303
INFO:root:Epoch no. 214 of 500 (samples: 289825)
INFO:root:Loss: 164.5172 +/- 2.7211
INFO:root:Epoch no. 215 of 500 (samples: 289825)
INFO:root:Loss: 165.0794 +/- 1.011
INFO:root:Epoch no. 216 of 500 (samples: 289825)
INFO:root:Loss: 165.9179 +/- 1.7174
INFO:root:Epoch no. 217 of 500 (samples: 289825)
INFO:root:Loss: 164.1805 +/- 2.2996
INFO:root:Epoch no. 218 of 500 (samples: 289825)
INFO:root:Loss: 164.1821 +/- 1.1349
INFO:root:Epoch no. 219 of 500 (samples: 289825)
INFO:root:Loss: 165.1231 +/- 2.0953
INFO:root:Epoch no. 220 of 500 (samples: 289825)
INFO:root:Loss: 164.829 +/- 2.7332
INFO:root:Epoch no. 221 of 500 (samples: 289825)
INFO:root:Loss: 164.1431 +/- 1.3851
INFO:root:Epoch no. 222 of 500 (samples: 289825)
INFO:root:Loss: 164.546 +/- 1.9323
INFO:root:Epoch no. 223 of 500 (samples: 289825)
INFO:root:Loss: 164.3565 +/- 1.6529
INFO:root:Epoch no. 224 of 500 (samples: 289825)
INFO:root:Loss: 164.2324 +/- 1.9526
INFO:root:Epoch no. 225 of 500 (samples: 289825)
INFO:root:Loss: 162.9923 +/- 2.6678
INFO:root:Epoch no. 226 of 500 (samples: 289825)
INFO:root:Loss: 164.8264 +/- 2.1866
INFO:root:Epoch no. 227 of 500 (samples: 289825)
INFO:root:Loss: 163.465 +/- 2.8706
INFO:root:Epoch no. 228 of 500 (samples: 289825)
INFO:root:Loss: 164.1121 +/- 1.4378
INFO:root:Epoch no. 229 of 500 (samples: 289825)
INFO:root:Loss: 163.0813 +/- 1.7907
INFO:root:Epoch no. 230 of 500 (samples: 289825)
INFO:root:Loss: 163.2209 +/- 1.7796
INFO:root:Epoch no. 231 of 500 (samples: 289825)
INFO:root:Loss: 162.6415 +/- 1.6641
INFO:root:Epoch no. 232 of 500 (samples: 289825)
INFO:root:Loss: 163.4206 +/- 2.0065
INFO:root:Epoch no. 233 of 500 (samples: 289825)
INFO:root:Loss: 162.4554 +/- 1.7198
INFO:root:Epoch no. 234 of 500 (samples: 289825)
INFO:root:Loss: 163.2945 +/- 3.015
INFO:root:Epoch no. 235 of 500 (samples: 289825)
INFO:root:Loss: 163.22 +/- 1.7552
INFO:root:Epoch no. 236 of 500 (samples: 289825)
INFO:root:Loss: 162.0732 +/- 1.6462
INFO:root:Epoch no. 237 of 500 (samples: 289825)
INFO:root:Loss: 162.0995 +/- 1.5656
INFO:root:Epoch no. 238 of 500 (samples: 289825)
INFO:root:Loss: 162.7282 +/- 1.6181
INFO:root:Epoch no. 239 of 500 (samples: 289825)
INFO:root:Loss: 162.1319 +/- 1.5894
INFO:root:Epoch no. 240 of 500 (samples: 289825)
INFO:root:Loss: 162.7744 +/- 2.5996
INFO:root:Epoch no. 241 of 500 (samples: 289825)
INFO:root:Loss: 162.1573 +/- 1.79
INFO:root:Epoch no. 242 of 500 (samples: 289825)
INFO:root:Loss: 162.3438 +/- 2.1044
INFO:root:Epoch no. 243 of 500 (samples: 289825)
INFO:root:Loss: 161.8198 +/- 1.316
INFO:root:Epoch no. 244 of 500 (samples: 289825)
INFO:root:Loss: 161.7378 +/- 1.6931
INFO:root:Epoch no. 245 of 500 (samples: 289825)
INFO:root:Loss: 161.5527 +/- 1.7642
INFO:root:Epoch no. 246 of 500 (samples: 289825)
INFO:root:Loss: 161.9822 +/- 2.0494
INFO:root:Epoch no. 247 of 500 (samples: 289825)
INFO:root:Loss: 162.155 +/- 2.2158
INFO:root:Epoch no. 248 of 500 (samples: 289825)
INFO:root:Loss: 160.4615 +/- 1.889
INFO:root:Epoch no. 249 of 500 (samples: 289825)
INFO:root:Loss: 159.7091 +/- 2.6703
INFO:root:Epoch no. 250 of 500 (samples: 289825)
INFO:root:Loss: 160.9474 +/- 2.2066
INFO:root:Epoch no. 251 of 500 (samples: 289825)
INFO:root:Loss: 160.6799 +/- 1.5928
INFO:root:Epoch no. 252 of 500 (samples: 289825)
INFO:root:Loss: 160.1971 +/- 2.6644
INFO:root:Epoch no. 253 of 500 (samples: 289825)
INFO:root:Loss: 160.3548 +/- 1.8223
INFO:root:Epoch no. 254 of 500 (samples: 289825)
INFO:root:Loss: 160.753 +/- 2.3166
INFO:root:Epoch no. 255 of 500 (samples: 289825)
INFO:root:Loss: 161.0368 +/- 1.6732
INFO:root:Epoch no. 256 of 500 (samples: 289825)
INFO:root:Loss: 161.5106 +/- 2.2506
INFO:root:Epoch no. 257 of 500 (samples: 289825)
INFO:root:Loss: 160.4672 +/- 2.1666
INFO:root:Epoch no. 258 of 500 (samples: 289825)
INFO:root:Loss: 159.2323 +/- 2.0932
INFO:root:Epoch no. 259 of 500 (samples: 289825)
INFO:root:Loss: 159.5214 +/- 1.4859
INFO:root:Epoch no. 260 of 500 (samples: 289825)
INFO:root:Loss: 160.0976 +/- 2.4847
INFO:root:Epoch no. 261 of 500 (samples: 289825)
INFO:root:Loss: 160.3752 +/- 2.4848
INFO:root:Epoch no. 262 of 500 (samples: 289825)
INFO:root:Loss: 160.3378 +/- 2.2022
INFO:root:Epoch no. 263 of 500 (samples: 289825)
INFO:root:Loss: 160.2733 +/- 1.6032
INFO:root:Epoch no. 264 of 500 (samples: 289825)
INFO:root:Loss: 159.6583 +/- 1.9177
INFO:root:Epoch no. 265 of 500 (samples: 289825)
INFO:root:Loss: 159.8027 +/- 2.8375
INFO:root:Epoch no. 266 of 500 (samples: 289825)
INFO:root:Loss: 159.4939 +/- 1.6076
INFO:root:Epoch no. 267 of 500 (samples: 289825)
INFO:root:Loss: 160.5491 +/- 1.9202
INFO:root:Epoch no. 268 of 500 (samples: 289825)
INFO:root:Loss: 160.0051 +/- 1.4533
INFO:root:Epoch no. 269 of 500 (samples: 289825)
INFO:root:Loss: 159.0285 +/- 2.5862
INFO:root:Epoch no. 270 of 500 (samples: 289825)
INFO:root:Loss: 159.3764 +/- 2.3722
INFO:root:Epoch no. 271 of 500 (samples: 289825)
INFO:root:Loss: 158.3852 +/- 2.361
INFO:root:Epoch no. 272 of 500 (samples: 289825)
INFO:root:Loss: 159.4206 +/- 2.4332
INFO:root:Epoch no. 273 of 500 (samples: 289825)
INFO:root:Loss: 159.1627 +/- 1.9197
INFO:root:Epoch no. 274 of 500 (samples: 289825)
INFO:root:Loss: 158.5617 +/- 2.4135
INFO:root:Epoch no. 275 of 500 (samples: 289825)
INFO:root:Loss: 159.3283 +/- 1.6578
INFO:root:Epoch no. 276 of 500 (samples: 289825)
INFO:root:Loss: 159.2699 +/- 1.9004
INFO:root:Epoch no. 277 of 500 (samples: 289825)
INFO:root:Loss: 158.5267 +/- 2.0302
INFO:root:Epoch no. 278 of 500 (samples: 289825)
INFO:root:Loss: 159.4105 +/- 1.907
INFO:root:Epoch no. 279 of 500 (samples: 289825)
INFO:root:Loss: 158.6814 +/- 2.622
INFO:root:Epoch no. 280 of 500 (samples: 289825)
INFO:root:Loss: 158.0379 +/- 1.8788
INFO:root:Epoch no. 281 of 500 (samples: 289825)
INFO:root:Loss: 159.5152 +/- 1.7364
INFO:root:Epoch no. 282 of 500 (samples: 289825)
INFO:root:Loss: 159.0338 +/- 1.8502
INFO:root:Epoch no. 283 of 500 (samples: 289825)
INFO:root:Loss: 158.7122 +/- 1.1828
INFO:root:Epoch no. 284 of 500 (samples: 289825)
INFO:root:Loss: 157.4169 +/- 2.54
INFO:root:Epoch no. 285 of 500 (samples: 289825)
INFO:root:Loss: 157.5301 +/- 2.3853
INFO:root:Epoch no. 286 of 500 (samples: 289825)
INFO:root:Loss: 158.1907 +/- 1.5295
INFO:root:Epoch no. 287 of 500 (samples: 289825)
INFO:root:Loss: 157.9111 +/- 2.3179
INFO:root:Epoch no. 288 of 500 (samples: 289825)
INFO:root:Loss: 157.4784 +/- 2.0544
INFO:root:Epoch no. 289 of 500 (samples: 289825)
INFO:root:Loss: 157.4701 +/- 1.0346
INFO:root:Epoch no. 290 of 500 (samples: 289825)
INFO:root:Loss: 156.761 +/- 1.8245
INFO:root:Epoch no. 291 of 500 (samples: 289825)
INFO:root:Loss: 157.3114 +/- 1.6785
INFO:root:Epoch no. 292 of 500 (samples: 289825)
INFO:root:Loss: 156.6698 +/- 2.1969
INFO:root:Epoch no. 293 of 500 (samples: 289825)
INFO:root:Loss: 158.3131 +/- 1.9251
INFO:root:Epoch no. 294 of 500 (samples: 289825)
INFO:root:Loss: 157.6945 +/- 2.4741
INFO:root:Epoch no. 295 of 500 (samples: 289825)
INFO:root:Loss: 157.4955 +/- 1.9279
INFO:root:Epoch no. 296 of 500 (samples: 289825)
INFO:root:Loss: 156.9324 +/- 1.8888
INFO:root:Epoch no. 297 of 500 (samples: 289825)
INFO:root:Loss: 156.841 +/- 2.423
INFO:root:Epoch no. 298 of 500 (samples: 289825)
INFO:root:Loss: 156.6293 +/- 2.0064
INFO:root:Epoch no. 299 of 500 (samples: 289825)
INFO:root:Loss: 157.1022 +/- 2.8534
INFO:root:Epoch no. 300 of 500 (samples: 289825)
INFO:root:Loss: 156.3273 +/- 2.1803
INFO:root:Epoch no. 301 of 500 (samples: 289825)
INFO:root:Loss: 158.6102 +/- 2.5335
INFO:root:Epoch no. 302 of 500 (samples: 289825)
INFO:root:Loss: 156.3814 +/- 2.5899
INFO:root:Epoch no. 303 of 500 (samples: 289825)
INFO:root:Loss: 156.6202 +/- 1.3557
INFO:root:Epoch no. 304 of 500 (samples: 289825)
INFO:root:Loss: 155.3077 +/- 1.8225
INFO:root:Epoch no. 305 of 500 (samples: 289825)
INFO:root:Loss: 157.1925 +/- 2.0172
INFO:root:Epoch no. 306 of 500 (samples: 289825)
INFO:root:Loss: 156.5939 +/- 2.5356
INFO:root:Epoch no. 307 of 500 (samples: 289825)
INFO:root:Loss: 156.1206 +/- 1.797
INFO:root:Epoch no. 308 of 500 (samples: 289825)
INFO:root:Loss: 157.0622 +/- 2.4035
INFO:root:Epoch no. 309 of 500 (samples: 289825)
INFO:root:Loss: 156.1548 +/- 1.5876
INFO:root:Epoch no. 310 of 500 (samples: 289825)
INFO:root:Loss: 155.3978 +/- 1.0992
INFO:root:Epoch no. 311 of 500 (samples: 289825)
INFO:root:Loss: 156.7389 +/- 1.7865
INFO:root:Epoch no. 312 of 500 (samples: 289825)
INFO:root:Loss: 155.5408 +/- 2.4835
INFO:root:Epoch no. 313 of 500 (samples: 289825)
INFO:root:Loss: 155.8493 +/- 2.2748
INFO:root:Epoch no. 314 of 500 (samples: 289825)
INFO:root:Loss: 155.6641 +/- 2.2183
INFO:root:Epoch no. 315 of 500 (samples: 289825)
INFO:root:Loss: 155.5213 +/- 1.8345
INFO:root:Epoch no. 316 of 500 (samples: 289825)
INFO:root:Loss: 155.2509 +/- 1.514
INFO:root:Epoch no. 317 of 500 (samples: 289825)
INFO:root:Loss: 155.2157 +/- 1.2966
INFO:root:Epoch no. 318 of 500 (samples: 289825)
INFO:root:Loss: 155.367 +/- 2.4766
INFO:root:Epoch no. 319 of 500 (samples: 289825)
INFO:root:Loss: 156.2486 +/- 1.9058
INFO:root:Epoch no. 320 of 500 (samples: 289825)
INFO:root:Loss: 155.6166 +/- 1.7931
INFO:root:Epoch no. 321 of 500 (samples: 289825)
INFO:root:Loss: 156.225 +/- 2.054
INFO:root:Epoch no. 322 of 500 (samples: 289825)
INFO:root:Loss: 155.2807 +/- 2.2616
INFO:root:Epoch no. 323 of 500 (samples: 289825)
INFO:root:Loss: 155.8784 +/- 1.9786
INFO:root:Epoch no. 324 of 500 (samples: 289825)
INFO:root:Loss: 154.738 +/- 1.8833
INFO:root:Epoch no. 325 of 500 (samples: 289825)
INFO:root:Loss: 155.5898 +/- 1.5649
INFO:root:Epoch no. 326 of 500 (samples: 289825)
INFO:root:Loss: 155.124 +/- 2.5951
INFO:root:Epoch no. 327 of 500 (samples: 289825)
INFO:root:Loss: 154.7937 +/- 1.7616
INFO:root:Epoch no. 328 of 500 (samples: 289825)
INFO:root:Loss: 154.9646 +/- 1.6325
INFO:root:Epoch no. 329 of 500 (samples: 289825)
INFO:root:Loss: 156.3069 +/- 1.7823
INFO:root:Epoch no. 330 of 500 (samples: 289825)
INFO:root:Loss: 155.4352 +/- 2.5788
INFO:root:Epoch no. 331 of 500 (samples: 289825)
INFO:root:Loss: 155.4868 +/- 2.1455
INFO:root:Epoch no. 332 of 500 (samples: 289825)
INFO:root:Loss: 154.3861 +/- 2.1317
INFO:root:Epoch no. 333 of 500 (samples: 289825)
INFO:root:Loss: 154.832 +/- 1.7894
INFO:root:Epoch no. 334 of 500 (samples: 289825)
INFO:root:Loss: 153.6736 +/- 1.8602
INFO:root:Epoch no. 335 of 500 (samples: 289825)
INFO:root:Loss: 154.5828 +/- 1.9276
INFO:root:Epoch no. 336 of 500 (samples: 289825)
INFO:root:Loss: 154.9578 +/- 1.4767
INFO:root:Epoch no. 337 of 500 (samples: 289825)
INFO:root:Loss: 153.7615 +/- 1.993
INFO:root:Epoch no. 338 of 500 (samples: 289825)
INFO:root:Loss: 153.2185 +/- 1.8279
INFO:root:Epoch no. 339 of 500 (samples: 289825)
INFO:root:Loss: 154.7202 +/- 1.1576
INFO:root:Epoch no. 340 of 500 (samples: 289825)
INFO:root:Loss: 153.4633 +/- 1.611
INFO:root:Epoch no. 341 of 500 (samples: 289825)
INFO:root:Loss: 154.4974 +/- 2.0766
INFO:root:Epoch no. 342 of 500 (samples: 289825)
INFO:root:Loss: 153.4694 +/- 2.4993
INFO:root:Epoch no. 343 of 500 (samples: 289825)
INFO:root:Loss: 153.9828 +/- 1.0997
INFO:root:Epoch no. 344 of 500 (samples: 289825)
INFO:root:Loss: 154.3444 +/- 2.162
INFO:root:Epoch no. 345 of 500 (samples: 289825)
INFO:root:Loss: 153.5454 +/- 1.662
INFO:root:Epoch no. 346 of 500 (samples: 289825)
INFO:root:Loss: 153.1663 +/- 1.8671
INFO:root:Epoch no. 347 of 500 (samples: 289825)
INFO:root:Loss: 154.94 +/- 1.7849
INFO:root:Epoch no. 348 of 500 (samples: 289825)
INFO:root:Loss: 153.8462 +/- 1.2814
INFO:root:Epoch no. 349 of 500 (samples: 289825)
INFO:root:Loss: 154.1139 +/- 2.0254
INFO:root:Epoch no. 350 of 500 (samples: 289825)
INFO:root:Loss: 153.2762 +/- 4.1604
INFO:root:Epoch no. 351 of 500 (samples: 289825)
INFO:root:Loss: 153.5853 +/- 1.8439
INFO:root:Epoch no. 352 of 500 (samples: 289825)
INFO:root:Loss: 153.4869 +/- 1.2821
INFO:root:Epoch no. 353 of 500 (samples: 289825)
INFO:root:Loss: 154.0716 +/- 1.5713
INFO:root:Epoch no. 354 of 500 (samples: 289825)
INFO:root:Loss: 153.2455 +/- 2.3505
INFO:root:Epoch no. 355 of 500 (samples: 289825)
INFO:root:Loss: 152.7756 +/- 1.7794
INFO:root:Epoch no. 356 of 500 (samples: 289825)
INFO:root:Loss: 153.8498 +/- 2.1237
INFO:root:Epoch no. 357 of 500 (samples: 289825)
INFO:root:Loss: 152.1683 +/- 1.6908
INFO:root:Epoch no. 358 of 500 (samples: 289825)
INFO:root:Loss: 152.9436 +/- 1.7862
INFO:root:Epoch no. 359 of 500 (samples: 289825)
INFO:root:Loss: 152.4224 +/- 1.3197
INFO:root:Epoch no. 360 of 500 (samples: 289825)
INFO:root:Loss: 153.4625 +/- 1.4109
INFO:root:Epoch no. 361 of 500 (samples: 289825)
INFO:root:Loss: 152.7155 +/- 1.8865
INFO:root:Epoch no. 362 of 500 (samples: 289825)
INFO:root:Loss: 152.2411 +/- 2.0363
INFO:root:Epoch no. 363 of 500 (samples: 289825)
INFO:root:Loss: 153.5598 +/- 1.9484
INFO:root:Epoch no. 364 of 500 (samples: 289825)
INFO:root:Loss: 152.8868 +/- 1.2516
INFO:root:Epoch no. 365 of 500 (samples: 289825)
INFO:root:Loss: 152.1145 +/- 2.4111
INFO:root:Epoch no. 366 of 500 (samples: 289825)
INFO:root:Loss: 152.0939 +/- 2.3828
INFO:root:Epoch no. 367 of 500 (samples: 289825)
INFO:root:Loss: 153.0463 +/- 2.138
INFO:root:Epoch no. 368 of 500 (samples: 289825)
INFO:root:Loss: 152.8547 +/- 1.8768
INFO:root:Epoch no. 369 of 500 (samples: 289825)
INFO:root:Loss: 151.5068 +/- 1.5742
INFO:root:Epoch no. 370 of 500 (samples: 289825)
INFO:root:Loss: 153.4396 +/- 1.8745
INFO:root:Epoch no. 371 of 500 (samples: 289825)
INFO:root:Loss: 152.6335 +/- 1.3816
INFO:root:Epoch no. 372 of 500 (samples: 289825)
INFO:root:Loss: 153.2649 +/- 1.4361
INFO:root:Epoch no. 373 of 500 (samples: 289825)
INFO:root:Loss: 153.7899 +/- 1.989
INFO:root:Epoch no. 374 of 500 (samples: 289825)
INFO:root:Loss: 151.9168 +/- 2.7838
INFO:root:Epoch no. 375 of 500 (samples: 289825)
INFO:root:Loss: 153.0053 +/- 1.7948
INFO:root:Epoch no. 376 of 500 (samples: 289825)
INFO:root:Loss: 151.8432 +/- 1.0879
INFO:root:Epoch no. 377 of 500 (samples: 289825)
INFO:root:Loss: 152.0288 +/- 2.548
INFO:root:Epoch no. 378 of 500 (samples: 289825)
INFO:root:Loss: 151.4555 +/- 1.9549
INFO:root:Epoch no. 379 of 500 (samples: 289825)
INFO:root:Loss: 151.4208 +/- 1.5641
INFO:root:Epoch no. 380 of 500 (samples: 289825)
INFO:root:Loss: 149.8431 +/- 2.1541
INFO:root:Epoch no. 381 of 500 (samples: 289825)
INFO:root:Loss: 151.6762 +/- 1.8899
INFO:root:Epoch no. 382 of 500 (samples: 289825)
INFO:root:Loss: 151.7059 +/- 2.0797
INFO:root:Epoch no. 383 of 500 (samples: 289825)
INFO:root:Loss: 150.3297 +/- 2.0492
INFO:root:Epoch no. 384 of 500 (samples: 289825)
INFO:root:Loss: 150.8046 +/- 2.6172
INFO:root:Epoch no. 385 of 500 (samples: 289825)
INFO:root:Loss: 152.009 +/- 2.1917
INFO:root:Epoch no. 386 of 500 (samples: 289825)
INFO:root:Loss: 150.687 +/- 2.1678
INFO:root:Epoch no. 387 of 500 (samples: 289825)
INFO:root:Loss: 150.6956 +/- 2.0277
INFO:root:Epoch no. 388 of 500 (samples: 289825)
INFO:root:Loss: 151.6514 +/- 2.2875
INFO:root:Epoch no. 389 of 500 (samples: 289825)
INFO:root:Loss: 152.1158 +/- 2.8241
INFO:root:Epoch no. 390 of 500 (samples: 289825)
INFO:root:Loss: 152.6626 +/- 2.1389
INFO:root:Epoch no. 391 of 500 (samples: 289825)
INFO:root:Loss: 151.3445 +/- 2.3082
INFO:root:Epoch no. 392 of 500 (samples: 289825)
INFO:root:Loss: 151.3384 +/- 2.3181
INFO:root:Epoch no. 393 of 500 (samples: 289825)
INFO:root:Loss: 150.8032 +/- 2.214
INFO:root:Epoch no. 394 of 500 (samples: 289825)
INFO:root:Loss: 150.5213 +/- 1.928
INFO:root:Epoch no. 395 of 500 (samples: 289825)
INFO:root:Loss: 150.5683 +/- 1.0303
INFO:root:Epoch no. 396 of 500 (samples: 289825)
INFO:root:Loss: 151.3597 +/- 1.8225
INFO:root:Epoch no. 397 of 500 (samples: 289825)
INFO:root:Loss: 151.4578 +/- 1.4459
INFO:root:Epoch no. 398 of 500 (samples: 289825)
INFO:root:Loss: 151.1212 +/- 0.8427
INFO:root:Epoch no. 399 of 500 (samples: 289825)
INFO:root:Loss: 150.1249 +/- 1.5016
INFO:root:Epoch no. 400 of 500 (samples: 289825)
INFO:root:Loss: 151.2142 +/- 2.6424
INFO:root:Epoch no. 401 of 500 (samples: 289825)
INFO:root:Loss: 150.4683 +/- 1.5771
INFO:root:Epoch no. 402 of 500 (samples: 289825)
INFO:root:Loss: 150.2997 +/- 2.2689
INFO:root:Epoch no. 403 of 500 (samples: 289825)
INFO:root:Loss: 149.0175 +/- 1.4562
INFO:root:Epoch no. 404 of 500 (samples: 289825)
INFO:root:Loss: 151.4134 +/- 1.982
INFO:root:Epoch no. 405 of 500 (samples: 289825)
INFO:root:Loss: 149.7106 +/- 2.3578
INFO:root:Epoch no. 406 of 500 (samples: 289825)
INFO:root:Loss: 150.5818 +/- 2.4527
INFO:root:Epoch no. 407 of 500 (samples: 289825)
INFO:root:Loss: 149.2345 +/- 1.8926
INFO:root:Epoch no. 408 of 500 (samples: 289825)
INFO:root:Loss: 150.975 +/- 1.5737
INFO:root:Epoch no. 409 of 500 (samples: 289825)
INFO:root:Loss: 150.4153 +/- 2.2107
INFO:root:Epoch no. 410 of 500 (samples: 289825)
INFO:root:Loss: 150.3379 +/- 2.5131
INFO:root:Epoch no. 411 of 500 (samples: 289825)
INFO:root:Loss: 150.8378 +/- 1.8382
INFO:root:Epoch no. 412 of 500 (samples: 289825)
INFO:root:Loss: 151.3044 +/- 1.56
INFO:root:Epoch no. 413 of 500 (samples: 289825)
INFO:root:Loss: 149.2552 +/- 1.9925
INFO:root:Epoch no. 414 of 500 (samples: 289825)
INFO:root:Loss: 149.6398 +/- 1.535
INFO:root:Epoch no. 415 of 500 (samples: 289825)
INFO:root:Loss: 150.513 +/- 1.934
INFO:root:Epoch no. 416 of 500 (samples: 289825)
INFO:root:Loss: 149.9911 +/- 1.3338
INFO:root:Epoch no. 417 of 500 (samples: 289825)
INFO:root:Loss: 150.2586 +/- 2.0627
INFO:root:Epoch no. 418 of 500 (samples: 289825)
INFO:root:Loss: 148.5043 +/- 1.7908
INFO:root:Epoch no. 419 of 500 (samples: 289825)
INFO:root:Loss: 149.918 +/- 1.8565
INFO:root:Epoch no. 420 of 500 (samples: 289825)
INFO:root:Loss: 150.2659 +/- 1.9393
INFO:root:Epoch no. 421 of 500 (samples: 289825)
INFO:root:Loss: 150.5735 +/- 1.8003
INFO:root:Epoch no. 422 of 500 (samples: 289825)
INFO:root:Loss: 148.6297 +/- 2.6596
INFO:root:Epoch no. 423 of 500 (samples: 289825)
INFO:root:Loss: 149.4593 +/- 1.6776
INFO:root:Epoch no. 424 of 500 (samples: 289825)
INFO:root:Loss: 149.2099 +/- 1.9146
INFO:root:Epoch no. 425 of 500 (samples: 289825)
INFO:root:Loss: 149.0943 +/- 2.578
INFO:root:Epoch no. 426 of 500 (samples: 289825)
INFO:root:Loss: 149.9264 +/- 1.5613
INFO:root:Epoch no. 427 of 500 (samples: 289825)
INFO:root:Loss: 148.8488 +/- 2.2056
INFO:root:Epoch no. 428 of 500 (samples: 289825)
INFO:root:Loss: 149.7993 +/- 1.4502
INFO:root:Epoch no. 429 of 500 (samples: 289825)
INFO:root:Loss: 148.8011 +/- 2.4621
INFO:root:Epoch no. 430 of 500 (samples: 289825)
INFO:root:Loss: 150.1428 +/- 2.2758
INFO:root:Epoch no. 431 of 500 (samples: 289825)
INFO:root:Loss: 148.2417 +/- 2.715
INFO:root:Epoch no. 432 of 500 (samples: 289825)
INFO:root:Loss: 148.5036 +/- 2.1479
INFO:root:Epoch no. 433 of 500 (samples: 289825)
INFO:root:Loss: 147.6908 +/- 1.6594
INFO:root:Epoch no. 434 of 500 (samples: 289825)
INFO:root:Loss: 148.652 +/- 1.424
INFO:root:Epoch no. 435 of 500 (samples: 289825)
INFO:root:Loss: 148.614 +/- 1.4534
INFO:root:Epoch no. 436 of 500 (samples: 289825)
INFO:root:Loss: 148.9325 +/- 1.5293
INFO:root:Epoch no. 437 of 500 (samples: 289825)
INFO:root:Loss: 148.9368 +/- 1.9268
INFO:root:Epoch no. 438 of 500 (samples: 289825)
INFO:root:Loss: 149.1429 +/- 1.4276
INFO:root:Epoch no. 439 of 500 (samples: 289825)
INFO:root:Loss: 148.1688 +/- 1.5243
INFO:root:Epoch no. 440 of 500 (samples: 289825)
INFO:root:Loss: 148.5395 +/- 2.1944
INFO:root:Epoch no. 441 of 500 (samples: 289825)
INFO:root:Loss: 148.906 +/- 1.271
INFO:root:Epoch no. 442 of 500 (samples: 289825)
INFO:root:Loss: 147.8438 +/- 1.4218
INFO:root:Epoch no. 443 of 500 (samples: 289825)
INFO:root:Loss: 148.7503 +/- 1.6179
INFO:root:Epoch no. 444 of 500 (samples: 289825)
INFO:root:Loss: 148.5221 +/- 2.6071
INFO:root:Epoch no. 445 of 500 (samples: 289825)
INFO:root:Loss: 148.4866 +/- 1.9004
INFO:root:Epoch no. 446 of 500 (samples: 289825)
INFO:root:Loss: 147.565 +/- 1.3573
INFO:root:Epoch no. 447 of 500 (samples: 289825)
INFO:root:Loss: 149.0682 +/- 1.9259
INFO:root:Epoch no. 448 of 500 (samples: 289825)
INFO:root:Loss: 148.7472 +/- 2.1341
INFO:root:Epoch no. 449 of 500 (samples: 289825)
INFO:root:Loss: 148.5961 +/- 1.7341
INFO:root:Epoch no. 450 of 500 (samples: 289825)
INFO:root:Loss: 148.6514 +/- 2.6688
INFO:root:Epoch no. 451 of 500 (samples: 289825)
INFO:root:Loss: 148.492 +/- 2.3104
INFO:root:Epoch no. 452 of 500 (samples: 289825)
INFO:root:Loss: 148.0644 +/- 2.1152
INFO:root:Epoch no. 453 of 500 (samples: 289825)
INFO:root:Loss: 146.9123 +/- 2.4253
INFO:root:Epoch no. 454 of 500 (samples: 289825)
INFO:root:Loss: 147.8263 +/- 1.6824
INFO:root:Epoch no. 455 of 500 (samples: 289825)
INFO:root:Loss: 148.1814 +/- 2.3527
INFO:root:Epoch no. 456 of 500 (samples: 289825)
INFO:root:Loss: 147.2927 +/- 2.0856
INFO:root:Epoch no. 457 of 500 (samples: 289825)
INFO:root:Loss: 147.1572 +/- 2.253
INFO:root:Epoch no. 458 of 500 (samples: 289825)
INFO:root:Loss: 147.1622 +/- 2.1194
INFO:root:Epoch no. 459 of 500 (samples: 289825)
INFO:root:Loss: 148.6339 +/- 1.8366
INFO:root:Epoch no. 460 of 500 (samples: 289825)
INFO:root:Loss: 148.2769 +/- 1.7629
INFO:root:Epoch no. 461 of 500 (samples: 289825)
INFO:root:Loss: 149.3443 +/- 2.2589
INFO:root:Epoch no. 462 of 500 (samples: 289825)
INFO:root:Loss: 148.5269 +/- 1.3557
INFO:root:Epoch no. 463 of 500 (samples: 289825)
INFO:root:Loss: 148.3005 +/- 2.2444
INFO:root:Epoch no. 464 of 500 (samples: 289825)
INFO:root:Loss: 147.7587 +/- 2.0761
INFO:root:Epoch no. 465 of 500 (samples: 289825)
INFO:root:Loss: 147.2448 +/- 2.2453
INFO:root:Epoch no. 466 of 500 (samples: 289825)
INFO:root:Loss: 146.8937 +/- 1.8474
INFO:root:Epoch no. 467 of 500 (samples: 289825)
INFO:root:Loss: 146.5482 +/- 2.0728
INFO:root:Epoch no. 468 of 500 (samples: 289825)
INFO:root:Loss: 148.3529 +/- 1.791
INFO:root:Epoch no. 469 of 500 (samples: 289825)
INFO:root:Loss: 146.9649 +/- 1.6866
INFO:root:Epoch no. 470 of 500 (samples: 289825)
INFO:root:Loss: 147.576 +/- 1.7037
INFO:root:Epoch no. 471 of 500 (samples: 289825)
INFO:root:Loss: 147.5748 +/- 1.6561
INFO:root:Epoch no. 472 of 500 (samples: 289825)
INFO:root:Loss: 147.1791 +/- 1.9655
INFO:root:Epoch no. 473 of 500 (samples: 289825)
INFO:root:Loss: 147.355 +/- 1.6652
INFO:root:Epoch no. 474 of 500 (samples: 289825)
INFO:root:Loss: 146.9184 +/- 1.261
INFO:root:Epoch no. 475 of 500 (samples: 289825)
INFO:root:Loss: 148.6172 +/- 1.6267
INFO:root:Epoch no. 476 of 500 (samples: 289825)
INFO:root:Loss: 147.6787 +/- 1.7509
INFO:root:Epoch no. 477 of 500 (samples: 289825)
INFO:root:Loss: 146.8755 +/- 1.2725
INFO:root:Epoch no. 478 of 500 (samples: 289825)
INFO:root:Loss: 147.4077 +/- 2.0449
INFO:root:Epoch no. 479 of 500 (samples: 289825)
INFO:root:Loss: 146.6478 +/- 1.6823
INFO:root:Epoch no. 480 of 500 (samples: 289825)
INFO:root:Loss: 146.28 +/- 1.9858
INFO:root:Epoch no. 481 of 500 (samples: 289825)
INFO:root:Loss: 146.8196 +/- 1.9463
INFO:root:Epoch no. 482 of 500 (samples: 289825)
INFO:root:Loss: 146.523 +/- 1.0589
INFO:root:Epoch no. 483 of 500 (samples: 289825)
INFO:root:Loss: 146.6387 +/- 1.8336
INFO:root:Epoch no. 484 of 500 (samples: 289825)
INFO:root:Loss: 147.3498 +/- 1.9138
INFO:root:Epoch no. 485 of 500 (samples: 289825)
INFO:root:Loss: 146.5609 +/- 1.9894
INFO:root:Epoch no. 486 of 500 (samples: 289825)
INFO:root:Loss: 147.6971 +/- 1.7114
INFO:root:Epoch no. 487 of 500 (samples: 289825)
INFO:root:Loss: 147.8766 +/- 2.3641
INFO:root:Epoch no. 488 of 500 (samples: 289825)
INFO:root:Loss: 147.1084 +/- 1.4654
INFO:root:Epoch no. 489 of 500 (samples: 289825)
INFO:root:Loss: 146.1413 +/- 1.607
INFO:root:Epoch no. 490 of 500 (samples: 289825)
INFO:root:Loss: 146.212 +/- 2.3263
INFO:root:Epoch no. 491 of 500 (samples: 289825)
INFO:root:Loss: 145.1024 +/- 2.4007
INFO:root:Epoch no. 492 of 500 (samples: 289825)
INFO:root:Loss: 147.3626 +/- 1.1633
INFO:root:Epoch no. 493 of 500 (samples: 289825)
INFO:root:Loss: 146.6994 +/- 1.6918
INFO:root:Epoch no. 494 of 500 (samples: 289825)
INFO:root:Loss: 147.7298 +/- 1.9069
INFO:root:Epoch no. 495 of 500 (samples: 289825)
INFO:root:Loss: 145.4555 +/- 2.5433
INFO:root:Epoch no. 496 of 500 (samples: 289825)
INFO:root:Loss: 146.0986 +/- 1.7384
INFO:root:Epoch no. 497 of 500 (samples: 289825)
INFO:root:Loss: 146.9876 +/- 1.7762
INFO:root:Epoch no. 498 of 500 (samples: 289825)
INFO:root:Loss: 145.5593 +/- 2.0705
INFO:root:Epoch no. 499 of 500 (samples: 289825)
INFO:root:Loss: 146.9097 +/- 1.7454
INFO:root:Epoch no. 500 of 500 (samples: 289825)
INFO:root:Loss: 147.2061 +/- 1.7919
/usr/local/lib/python3.5/dist-packages/keras/backend/theano_backend.py:527: UserWarning: theano.function was asked to create a function computing outputs given certain inputs, but the provided input variable at index 2 is not part of the computational graph needed to compute the outputs: keras_learning_phase.
To make this warning into an error, you can pass the parameter on_unused_input='raise' to theano.function. To disable it completely, use on_unused_input='ignore'.
  **kwargs)
INFO:root:### MICRO (validation raw):
INFO:root:	-- left   >> mean: 1909.5522, median: 155.0, mrr: 0.071, hits@1: 0.44%
INFO:root:	-- right  >> mean: 967.7698, median: 52.0, mrr: 0.108, hits@1: 2.14%
INFO:root:	-- global >> mean: 1438.661, median: 84.0, mrr: 0.09, hits@1: 1.29%
INFO:root:### MICRO (validation raw):
INFO:root:	-- left   >> mean: 1909.5522, median: 155.0, mrr: 0.071, hits@3: 8.98%
INFO:root:	-- right  >> mean: 967.7698, median: 52.0, mrr: 0.108, hits@3: 13.02%
INFO:root:	-- global >> mean: 1438.661, median: 84.0, mrr: 0.09, hits@3: 11.0%
INFO:root:### MICRO (validation raw):
INFO:root:	-- left   >> mean: 1909.5522, median: 155.0, mrr: 0.071, hits@5: 13.84%
INFO:root:	-- right  >> mean: 967.7698, median: 52.0, mrr: 0.108, hits@5: 20.26%
INFO:root:	-- global >> mean: 1438.661, median: 84.0, mrr: 0.09, hits@5: 17.05%
INFO:root:### MICRO (validation raw):
INFO:root:	-- left   >> mean: 1909.5522, median: 155.0, mrr: 0.071, hits@10: 20.68%
INFO:root:	-- right  >> mean: 967.7698, median: 52.0, mrr: 0.108, hits@10: 28.54%
INFO:root:	-- global >> mean: 1438.661, median: 84.0, mrr: 0.09, hits@10: 24.61%
INFO:root:### MICRO (validation filtered):
INFO:root:	-- left   >> mean: 1592.0556, median: 117.0, mrr: 0.093, hits@1: 0.66%
INFO:root:	-- right  >> mean: 965.1334, median: 49.0, mrr: 0.128, hits@1: 2.78%
INFO:root:	-- global >> mean: 1278.5945, median: 73.0, mrr: 0.11, hits@1: 1.72%
INFO:root:### MICRO (validation filtered):
INFO:root:	-- left   >> mean: 1592.0556, median: 117.0, mrr: 0.093, hits@3: 13.74%
INFO:root:	-- right  >> mean: 965.1334, median: 49.0, mrr: 0.128, hits@3: 17.74%
INFO:root:	-- global >> mean: 1278.5945, median: 73.0, mrr: 0.11, hits@3: 15.74%
INFO:root:### MICRO (validation filtered):
INFO:root:	-- left   >> mean: 1592.0556, median: 117.0, mrr: 0.093, hits@5: 17.96%
INFO:root:	-- right  >> mean: 965.1334, median: 49.0, mrr: 0.128, hits@5: 23.36%
INFO:root:	-- global >> mean: 1278.5945, median: 73.0, mrr: 0.11, hits@5: 20.66%
INFO:root:### MICRO (validation filtered):
INFO:root:	-- left   >> mean: 1592.0556, median: 117.0, mrr: 0.093, hits@10: 23.76%
INFO:root:	-- right  >> mean: 965.1334, median: 49.0, mrr: 0.128, hits@10: 30.32%
INFO:root:	-- global >> mean: 1278.5945, median: 73.0, mrr: 0.11, hits@10: 27.04%
INFO:root:### MICRO (test raw):
INFO:root:	-- left   >> mean: 1960.1076, median: 164.0, mrr: 0.067, hits@1: 0.5%
INFO:root:	-- right  >> mean: 1050.0732, median: 53.0, mrr: 0.108, hits@1: 2.62%
INFO:root:	-- global >> mean: 1505.0904, median: 87.0, mrr: 0.088, hits@1: 1.56%
INFO:root:### MICRO (test raw):
INFO:root:	-- left   >> mean: 1960.1076, median: 164.0, mrr: 0.067, hits@3: 7.92%
INFO:root:	-- right  >> mean: 1050.0732, median: 53.0, mrr: 0.108, hits@3: 12.72%
INFO:root:	-- global >> mean: 1505.0904, median: 87.0, mrr: 0.088, hits@3: 10.32%
INFO:root:### MICRO (test raw):
INFO:root:	-- left   >> mean: 1960.1076, median: 164.0, mrr: 0.067, hits@5: 13.18%
INFO:root:	-- right  >> mean: 1050.0732, median: 53.0, mrr: 0.108, hits@5: 19.08%
INFO:root:	-- global >> mean: 1505.0904, median: 87.0, mrr: 0.088, hits@5: 16.13%
INFO:root:### MICRO (test raw):
INFO:root:	-- left   >> mean: 1960.1076, median: 164.0, mrr: 0.067, hits@10: 19.58%
INFO:root:	-- right  >> mean: 1050.0732, median: 53.0, mrr: 0.108, hits@10: 27.76%
INFO:root:	-- global >> mean: 1505.0904, median: 87.0, mrr: 0.088, hits@10: 23.67%
INFO:root:### MICRO (test filtered):
INFO:root:	-- left   >> mean: 1651.3336, median: 124.0, mrr: 0.089, hits@1: 0.76%
INFO:root:	-- right  >> mean: 1047.388, median: 50.0, mrr: 0.129, hits@1: 3.4%
INFO:root:	-- global >> mean: 1349.3608, median: 76.0, mrr: 0.109, hits@1: 2.08%
INFO:root:### MICRO (test filtered):
INFO:root:	-- left   >> mean: 1651.3336, median: 124.0, mrr: 0.089, hits@3: 12.6%
INFO:root:	-- right  >> mean: 1047.388, median: 50.0, mrr: 0.129, hits@3: 17.18%
INFO:root:	-- global >> mean: 1349.3608, median: 76.0, mrr: 0.109, hits@3: 14.89%
INFO:root:### MICRO (test filtered):
INFO:root:	-- left   >> mean: 1651.3336, median: 124.0, mrr: 0.089, hits@5: 17.26%
INFO:root:	-- right  >> mean: 1047.388, median: 50.0, mrr: 0.129, hits@5: 22.4%
INFO:root:	-- global >> mean: 1349.3608, median: 76.0, mrr: 0.109, hits@5: 19.83%
INFO:root:### MICRO (test filtered):
INFO:root:	-- left   >> mean: 1651.3336, median: 124.0, mrr: 0.089, hits@10: 22.96%
INFO:root:	-- right  >> mean: 1047.388, median: 50.0, mrr: 0.129, hits@10: 29.82%
INFO:root:	-- global >> mean: 1349.3608, median: 76.0, mrr: 0.109, hits@10: 26.39%
