Using Theano backend.
INFO:root:Acquiring data/yago2_1k/yago2-train.txt.gz ..
INFO:root:Acquiring data/yago2_1k/yago2-valid.txt.gz ..
INFO:root:Acquiring data/yago2_1k/yago2-test.txt.gz ..
INFO:root:[Rules] Adding Head: 18, Tail: [(19, False)]
INFO:root:[Rules] Adding Head: 30, Tail: [(4, False), (28, False)]
INFO:root:[Rules] Adding Head: 19, Tail: [(18, False)]
INFO:root:[Rules] Adding Head: 21, Tail: [(3, False), (21, False)]
INFO:root:[Rules] Adding Head: 21, Tail: [(3, True), (21, False)]
INFO:root:[Rules] Adding Head: 10, Tail: [(29, False), (10, False)]
INFO:root:[Rules] Adding Head: 10, Tail: [(29, True), (10, False)]
INFO:root:[Rules] Adding Head: 3, Tail: [(3, False), (3, False)]
INFO:root:[Rules] Adding Head: 3, Tail: [(3, True), (3, False)]
INFO:root:[Rules] Adding Head: 29, Tail: [(29, True)]
INFO:root:Samples: 946358, no. batches: 10 -> batch size: 94636
INFO:root:Epoch no. 1 of 500 (samples: 946358)
INFO:root:Loss: 534.7108 +/- 84.7333
INFO:root:Epoch no. 2 of 500 (samples: 946358)
INFO:root:Loss: 168.5305 +/- 17.5144
INFO:root:Epoch no. 3 of 500 (samples: 946358)
INFO:root:Loss: 72.8104 +/- 2.6347
INFO:root:Epoch no. 4 of 500 (samples: 946358)
INFO:root:Loss: 41.9339 +/- 1.7171
INFO:root:Epoch no. 5 of 500 (samples: 946358)
INFO:root:Loss: 28.6254 +/- 0.8709
INFO:root:Epoch no. 6 of 500 (samples: 946358)
INFO:root:Loss: 21.1583 +/- 0.6906
INFO:root:Epoch no. 7 of 500 (samples: 946358)
INFO:root:Loss: 16.8521 +/- 0.3518
INFO:root:Epoch no. 8 of 500 (samples: 946358)
INFO:root:Loss: 13.7862 +/- 0.2736
INFO:root:Epoch no. 9 of 500 (samples: 946358)
INFO:root:Loss: 11.7899 +/- 0.2216
INFO:root:Epoch no. 10 of 500 (samples: 946358)
INFO:root:Loss: 10.1916 +/- 0.2911
INFO:root:Epoch no. 11 of 500 (samples: 946358)
INFO:root:Loss: 9.0384 +/- 0.3365
INFO:root:Epoch no. 12 of 500 (samples: 946358)
INFO:root:Loss: 7.9781 +/- 0.2612
INFO:root:Epoch no. 13 of 500 (samples: 946358)
INFO:root:Loss: 7.3117 +/- 0.1836
INFO:root:Epoch no. 14 of 500 (samples: 946358)
INFO:root:Loss: 6.5941 +/- 0.2534
INFO:root:Epoch no. 15 of 500 (samples: 946358)
INFO:root:Loss: 6.1424 +/- 0.1734
INFO:root:Epoch no. 16 of 500 (samples: 946358)
INFO:root:Loss: 5.7381 +/- 0.1598
INFO:root:Epoch no. 17 of 500 (samples: 946358)
INFO:root:Loss: 5.2958 +/- 0.1616
INFO:root:Epoch no. 18 of 500 (samples: 946358)
INFO:root:Loss: 4.886 +/- 0.1821
INFO:root:Epoch no. 19 of 500 (samples: 946358)
INFO:root:Loss: 4.6577 +/- 0.1097
INFO:root:Epoch no. 20 of 500 (samples: 946358)
INFO:root:Loss: 4.377 +/- 0.0949
INFO:root:Epoch no. 21 of 500 (samples: 946358)
INFO:root:Loss: 4.115 +/- 0.1507
INFO:root:Epoch no. 22 of 500 (samples: 946358)
INFO:root:Loss: 3.9199 +/- 0.1361
INFO:root:Epoch no. 23 of 500 (samples: 946358)
INFO:root:Loss: 3.7138 +/- 0.1419
INFO:root:Epoch no. 24 of 500 (samples: 946358)
INFO:root:Loss: 3.4797 +/- 0.1524
INFO:root:Epoch no. 25 of 500 (samples: 946358)
INFO:root:Loss: 3.3056 +/- 0.1375
INFO:root:Epoch no. 26 of 500 (samples: 946358)
INFO:root:Loss: 3.298 +/- 0.0832
INFO:root:Epoch no. 27 of 500 (samples: 946358)
INFO:root:Loss: 3.044 +/- 0.1362
INFO:root:Epoch no. 28 of 500 (samples: 946358)
INFO:root:Loss: 2.9629 +/- 0.1497
INFO:root:Epoch no. 29 of 500 (samples: 946358)
INFO:root:Loss: 2.7601 +/- 0.0976
INFO:root:Epoch no. 30 of 500 (samples: 946358)
INFO:root:Loss: 2.7392 +/- 0.0387
INFO:root:Epoch no. 31 of 500 (samples: 946358)
INFO:root:Loss: 2.6461 +/- 0.1399
INFO:root:Epoch no. 32 of 500 (samples: 946358)
INFO:root:Loss: 2.5693 +/- 0.101
INFO:root:Epoch no. 33 of 500 (samples: 946358)
INFO:root:Loss: 2.4157 +/- 0.065
INFO:root:Epoch no. 34 of 500 (samples: 946358)
INFO:root:Loss: 2.3745 +/- 0.0846
INFO:root:Epoch no. 35 of 500 (samples: 946358)
INFO:root:Loss: 2.3194 +/- 0.0359
INFO:root:Epoch no. 36 of 500 (samples: 946358)
INFO:root:Loss: 2.2513 +/- 0.0723
INFO:root:Epoch no. 37 of 500 (samples: 946358)
INFO:root:Loss: 2.1419 +/- 0.0999
INFO:root:Epoch no. 38 of 500 (samples: 946358)
INFO:root:Loss: 2.0641 +/- 0.0788
INFO:root:Epoch no. 39 of 500 (samples: 946358)
INFO:root:Loss: 2.0589 +/- 0.0804
INFO:root:Epoch no. 40 of 500 (samples: 946358)
INFO:root:Loss: 1.9874 +/- 0.0491
INFO:root:Epoch no. 41 of 500 (samples: 946358)
INFO:root:Loss: 1.9081 +/- 0.107
INFO:root:Epoch no. 42 of 500 (samples: 946358)
INFO:root:Loss: 1.8249 +/- 0.074
INFO:root:Epoch no. 43 of 500 (samples: 946358)
INFO:root:Loss: 1.779 +/- 0.0866
INFO:root:Epoch no. 44 of 500 (samples: 946358)
INFO:root:Loss: 1.7453 +/- 0.0845
INFO:root:Epoch no. 45 of 500 (samples: 946358)
INFO:root:Loss: 1.695 +/- 0.0667
INFO:root:Epoch no. 46 of 500 (samples: 946358)
INFO:root:Loss: 1.6481 +/- 0.0814
INFO:root:Epoch no. 47 of 500 (samples: 946358)
INFO:root:Loss: 1.6548 +/- 0.0859
INFO:root:Epoch no. 48 of 500 (samples: 946358)
INFO:root:Loss: 1.5276 +/- 0.0548
INFO:root:Epoch no. 49 of 500 (samples: 946358)
INFO:root:Loss: 1.5225 +/- 0.0534
INFO:root:Epoch no. 50 of 500 (samples: 946358)
INFO:root:Loss: 1.4976 +/- 0.0683
INFO:root:Epoch no. 51 of 500 (samples: 946358)
INFO:root:Loss: 1.4165 +/- 0.0719
INFO:root:Epoch no. 52 of 500 (samples: 946358)
INFO:root:Loss: 1.462 +/- 0.1052
INFO:root:Epoch no. 53 of 500 (samples: 946358)
INFO:root:Loss: 1.4119 +/- 0.0631
INFO:root:Epoch no. 54 of 500 (samples: 946358)
INFO:root:Loss: 1.4043 +/- 0.0874
INFO:root:Epoch no. 55 of 500 (samples: 946358)
INFO:root:Loss: 1.333 +/- 0.0762
INFO:root:Epoch no. 56 of 500 (samples: 946358)
INFO:root:Loss: 1.3035 +/- 0.057
INFO:root:Epoch no. 57 of 500 (samples: 946358)
INFO:root:Loss: 1.3173 +/- 0.0885
INFO:root:Epoch no. 58 of 500 (samples: 946358)
INFO:root:Loss: 1.2812 +/- 0.0487
INFO:root:Epoch no. 59 of 500 (samples: 946358)
INFO:root:Loss: 1.2197 +/- 0.043
INFO:root:Epoch no. 60 of 500 (samples: 946358)
INFO:root:Loss: 1.1493 +/- 0.0763
INFO:root:Epoch no. 61 of 500 (samples: 946358)
INFO:root:Loss: 1.2171 +/- 0.1024
INFO:root:Epoch no. 62 of 500 (samples: 946358)
INFO:root:Loss: 1.2038 +/- 0.0796
INFO:root:Epoch no. 63 of 500 (samples: 946358)
INFO:root:Loss: 1.1072 +/- 0.0663
INFO:root:Epoch no. 64 of 500 (samples: 946358)
INFO:root:Loss: 1.0977 +/- 0.0692
INFO:root:Epoch no. 65 of 500 (samples: 946358)
INFO:root:Loss: 1.0941 +/- 0.0586
INFO:root:Epoch no. 66 of 500 (samples: 946358)
INFO:root:Loss: 1.0496 +/- 0.0616
INFO:root:Epoch no. 67 of 500 (samples: 946358)
INFO:root:Loss: 1.0948 +/- 0.0496
INFO:root:Epoch no. 68 of 500 (samples: 946358)
INFO:root:Loss: 1.0269 +/- 0.0501
INFO:root:Epoch no. 69 of 500 (samples: 946358)
INFO:root:Loss: 1.0185 +/- 0.045
INFO:root:Epoch no. 70 of 500 (samples: 946358)
INFO:root:Loss: 1.0305 +/- 0.0494
INFO:root:Epoch no. 71 of 500 (samples: 946358)
INFO:root:Loss: 0.9845 +/- 0.0576
INFO:root:Epoch no. 72 of 500 (samples: 946358)
INFO:root:Loss: 1.0146 +/- 0.0561
INFO:root:Epoch no. 73 of 500 (samples: 946358)
INFO:root:Loss: 0.9379 +/- 0.0326
INFO:root:Epoch no. 74 of 500 (samples: 946358)
INFO:root:Loss: 0.9064 +/- 0.0586
INFO:root:Epoch no. 75 of 500 (samples: 946358)
INFO:root:Loss: 0.953 +/- 0.0415
INFO:root:Epoch no. 76 of 500 (samples: 946358)
INFO:root:Loss: 0.9261 +/- 0.0294
INFO:root:Epoch no. 77 of 500 (samples: 946358)
INFO:root:Loss: 0.9189 +/- 0.0431
INFO:root:Epoch no. 78 of 500 (samples: 946358)
INFO:root:Loss: 0.923 +/- 0.0721
INFO:root:Epoch no. 79 of 500 (samples: 946358)
INFO:root:Loss: 0.8619 +/- 0.0311
INFO:root:Epoch no. 80 of 500 (samples: 946358)
INFO:root:Loss: 0.8808 +/- 0.0628
INFO:root:Epoch no. 81 of 500 (samples: 946358)
INFO:root:Loss: 0.8949 +/- 0.0646
INFO:root:Epoch no. 82 of 500 (samples: 946358)
INFO:root:Loss: 0.8492 +/- 0.0354
INFO:root:Epoch no. 83 of 500 (samples: 946358)
INFO:root:Loss: 0.8495 +/- 0.0652
INFO:root:Epoch no. 84 of 500 (samples: 946358)
INFO:root:Loss: 0.798 +/- 0.0433
INFO:root:Epoch no. 85 of 500 (samples: 946358)
INFO:root:Loss: 0.8384 +/- 0.0519
INFO:root:Epoch no. 86 of 500 (samples: 946358)
INFO:root:Loss: 0.8148 +/- 0.0768
INFO:root:Epoch no. 87 of 500 (samples: 946358)
INFO:root:Loss: 0.8116 +/- 0.0549
INFO:root:Epoch no. 88 of 500 (samples: 946358)
INFO:root:Loss: 0.7914 +/- 0.0597
INFO:root:Epoch no. 89 of 500 (samples: 946358)
INFO:root:Loss: 0.7888 +/- 0.0437
INFO:root:Epoch no. 90 of 500 (samples: 946358)
INFO:root:Loss: 0.7083 +/- 0.0477
INFO:root:Epoch no. 91 of 500 (samples: 946358)
INFO:root:Loss: 0.7491 +/- 0.0652
INFO:root:Epoch no. 92 of 500 (samples: 946358)
INFO:root:Loss: 0.7252 +/- 0.0479
INFO:root:Epoch no. 93 of 500 (samples: 946358)
INFO:root:Loss: 0.7346 +/- 0.0557
INFO:root:Epoch no. 94 of 500 (samples: 946358)
INFO:root:Loss: 0.7315 +/- 0.0539
INFO:root:Epoch no. 95 of 500 (samples: 946358)
INFO:root:Loss: 0.708 +/- 0.0469
INFO:root:Epoch no. 96 of 500 (samples: 946358)
INFO:root:Loss: 0.6908 +/- 0.0432
INFO:root:Epoch no. 97 of 500 (samples: 946358)
INFO:root:Loss: 0.693 +/- 0.0467
INFO:root:Epoch no. 98 of 500 (samples: 946358)
INFO:root:Loss: 0.7017 +/- 0.0276
INFO:root:Epoch no. 99 of 500 (samples: 946358)
INFO:root:Loss: 0.6743 +/- 0.05
INFO:root:Epoch no. 100 of 500 (samples: 946358)
INFO:root:Loss: 0.6815 +/- 0.0473
INFO:root:Epoch no. 101 of 500 (samples: 946358)
INFO:root:Loss: 0.6251 +/- 0.0491
INFO:root:Epoch no. 102 of 500 (samples: 946358)
INFO:root:Loss: 0.6595 +/- 0.0522
INFO:root:Epoch no. 103 of 500 (samples: 946358)
INFO:root:Loss: 0.6653 +/- 0.0491
INFO:root:Epoch no. 104 of 500 (samples: 946358)
INFO:root:Loss: 0.637 +/- 0.0509
INFO:root:Epoch no. 105 of 500 (samples: 946358)
INFO:root:Loss: 0.6392 +/- 0.0527
INFO:root:Epoch no. 106 of 500 (samples: 946358)
INFO:root:Loss: 0.6313 +/- 0.0569
INFO:root:Epoch no. 107 of 500 (samples: 946358)
INFO:root:Loss: 0.6516 +/- 0.0515
INFO:root:Epoch no. 108 of 500 (samples: 946358)
INFO:root:Loss: 0.6295 +/- 0.0305
INFO:root:Epoch no. 109 of 500 (samples: 946358)
INFO:root:Loss: 0.609 +/- 0.0423
INFO:root:Epoch no. 110 of 500 (samples: 946358)
INFO:root:Loss: 0.617 +/- 0.0336
INFO:root:Epoch no. 111 of 500 (samples: 946358)
INFO:root:Loss: 0.6019 +/- 0.0544
INFO:root:Epoch no. 112 of 500 (samples: 946358)
INFO:root:Loss: 0.5866 +/- 0.0332
INFO:root:Epoch no. 113 of 500 (samples: 946358)
INFO:root:Loss: 0.584 +/- 0.0427
INFO:root:Epoch no. 114 of 500 (samples: 946358)
INFO:root:Loss: 0.567 +/- 0.0446
INFO:root:Epoch no. 115 of 500 (samples: 946358)
INFO:root:Loss: 0.5827 +/- 0.0513
INFO:root:Epoch no. 116 of 500 (samples: 946358)
INFO:root:Loss: 0.5857 +/- 0.0312
INFO:root:Epoch no. 117 of 500 (samples: 946358)
INFO:root:Loss: 0.562 +/- 0.0384
INFO:root:Epoch no. 118 of 500 (samples: 946358)
INFO:root:Loss: 0.5769 +/- 0.0387
INFO:root:Epoch no. 119 of 500 (samples: 946358)
INFO:root:Loss: 0.5708 +/- 0.0642
INFO:root:Epoch no. 120 of 500 (samples: 946358)
INFO:root:Loss: 0.5704 +/- 0.0383
INFO:root:Epoch no. 121 of 500 (samples: 946358)
INFO:root:Loss: 0.5379 +/- 0.0448
INFO:root:Epoch no. 122 of 500 (samples: 946358)
INFO:root:Loss: 0.5411 +/- 0.0555
INFO:root:Epoch no. 123 of 500 (samples: 946358)
INFO:root:Loss: 0.5221 +/- 0.0518
INFO:root:Epoch no. 124 of 500 (samples: 946358)
INFO:root:Loss: 0.5372 +/- 0.049
INFO:root:Epoch no. 125 of 500 (samples: 946358)
INFO:root:Loss: 0.515 +/- 0.0395
INFO:root:Epoch no. 126 of 500 (samples: 946358)
INFO:root:Loss: 0.5134 +/- 0.0501
INFO:root:Epoch no. 127 of 500 (samples: 946358)
INFO:root:Loss: 0.5258 +/- 0.0484
INFO:root:Epoch no. 128 of 500 (samples: 946358)
INFO:root:Loss: 0.5541 +/- 0.0586
INFO:root:Epoch no. 129 of 500 (samples: 946358)
INFO:root:Loss: 0.5309 +/- 0.0494
INFO:root:Epoch no. 130 of 500 (samples: 946358)
INFO:root:Loss: 0.4936 +/- 0.0455
INFO:root:Epoch no. 131 of 500 (samples: 946358)
INFO:root:Loss: 0.5309 +/- 0.0495
INFO:root:Epoch no. 132 of 500 (samples: 946358)
INFO:root:Loss: 0.5249 +/- 0.0441
INFO:root:Epoch no. 133 of 500 (samples: 946358)
INFO:root:Loss: 0.4855 +/- 0.0661
INFO:root:Epoch no. 134 of 500 (samples: 946358)
INFO:root:Loss: 0.536 +/- 0.0288
INFO:root:Epoch no. 135 of 500 (samples: 946358)
INFO:root:Loss: 0.507 +/- 0.0427
INFO:root:Epoch no. 136 of 500 (samples: 946358)
INFO:root:Loss: 0.4902 +/- 0.0569
INFO:root:Epoch no. 137 of 500 (samples: 946358)
INFO:root:Loss: 0.4867 +/- 0.0433
INFO:root:Epoch no. 138 of 500 (samples: 946358)
INFO:root:Loss: 0.5015 +/- 0.0597
INFO:root:Epoch no. 139 of 500 (samples: 946358)
INFO:root:Loss: 0.4798 +/- 0.0381
INFO:root:Epoch no. 140 of 500 (samples: 946358)
INFO:root:Loss: 0.482 +/- 0.0296
INFO:root:Epoch no. 141 of 500 (samples: 946358)
INFO:root:Loss: 0.4924 +/- 0.0514
INFO:root:Epoch no. 142 of 500 (samples: 946358)
INFO:root:Loss: 0.487 +/- 0.0592
INFO:root:Epoch no. 143 of 500 (samples: 946358)
INFO:root:Loss: 0.4556 +/- 0.0559
INFO:root:Epoch no. 144 of 500 (samples: 946358)
INFO:root:Loss: 0.4777 +/- 0.0418
INFO:root:Epoch no. 145 of 500 (samples: 946358)
INFO:root:Loss: 0.4814 +/- 0.0686
INFO:root:Epoch no. 146 of 500 (samples: 946358)
INFO:root:Loss: 0.4405 +/- 0.0651
INFO:root:Epoch no. 147 of 500 (samples: 946358)
INFO:root:Loss: 0.4556 +/- 0.036
INFO:root:Epoch no. 148 of 500 (samples: 946358)
INFO:root:Loss: 0.4664 +/- 0.055
INFO:root:Epoch no. 149 of 500 (samples: 946358)
INFO:root:Loss: 0.4646 +/- 0.0543
INFO:root:Epoch no. 150 of 500 (samples: 946358)
INFO:root:Loss: 0.4565 +/- 0.0407
INFO:root:Epoch no. 151 of 500 (samples: 946358)
INFO:root:Loss: 0.4402 +/- 0.0427
INFO:root:Epoch no. 152 of 500 (samples: 946358)
INFO:root:Loss: 0.4349 +/- 0.0386
INFO:root:Epoch no. 153 of 500 (samples: 946358)
INFO:root:Loss: 0.4466 +/- 0.0545
INFO:root:Epoch no. 154 of 500 (samples: 946358)
INFO:root:Loss: 0.445 +/- 0.0553
INFO:root:Epoch no. 155 of 500 (samples: 946358)
INFO:root:Loss: 0.4375 +/- 0.054
INFO:root:Epoch no. 156 of 500 (samples: 946358)
INFO:root:Loss: 0.4352 +/- 0.0448
INFO:root:Epoch no. 157 of 500 (samples: 946358)
INFO:root:Loss: 0.4479 +/- 0.0567
INFO:root:Epoch no. 158 of 500 (samples: 946358)
INFO:root:Loss: 0.4482 +/- 0.0459
INFO:root:Epoch no. 159 of 500 (samples: 946358)
INFO:root:Loss: 0.4114 +/- 0.0401
INFO:root:Epoch no. 160 of 500 (samples: 946358)
INFO:root:Loss: 0.4302 +/- 0.0441
INFO:root:Epoch no. 161 of 500 (samples: 946358)
INFO:root:Loss: 0.4197 +/- 0.0355
INFO:root:Epoch no. 162 of 500 (samples: 946358)
INFO:root:Loss: 0.4196 +/- 0.0551
INFO:root:Epoch no. 163 of 500 (samples: 946358)
INFO:root:Loss: 0.4345 +/- 0.0488
INFO:root:Epoch no. 164 of 500 (samples: 946358)
INFO:root:Loss: 0.4095 +/- 0.053
INFO:root:Epoch no. 165 of 500 (samples: 946358)
INFO:root:Loss: 0.4228 +/- 0.0488
INFO:root:Epoch no. 166 of 500 (samples: 946358)
INFO:root:Loss: 0.4029 +/- 0.0491
INFO:root:Epoch no. 167 of 500 (samples: 946358)
INFO:root:Loss: 0.3993 +/- 0.0384
INFO:root:Epoch no. 168 of 500 (samples: 946358)
INFO:root:Loss: 0.3943 +/- 0.0395
INFO:root:Epoch no. 169 of 500 (samples: 946358)
INFO:root:Loss: 0.3872 +/- 0.0547
INFO:root:Epoch no. 170 of 500 (samples: 946358)
INFO:root:Loss: 0.4052 +/- 0.0327
INFO:root:Epoch no. 171 of 500 (samples: 946358)
INFO:root:Loss: 0.4159 +/- 0.0557
INFO:root:Epoch no. 172 of 500 (samples: 946358)
INFO:root:Loss: 0.4094 +/- 0.0196
INFO:root:Epoch no. 173 of 500 (samples: 946358)
INFO:root:Loss: 0.3966 +/- 0.0441
INFO:root:Epoch no. 174 of 500 (samples: 946358)
INFO:root:Loss: 0.3989 +/- 0.0286
INFO:root:Epoch no. 175 of 500 (samples: 946358)
INFO:root:Loss: 0.388 +/- 0.0352
INFO:root:Epoch no. 176 of 500 (samples: 946358)
INFO:root:Loss: 0.383 +/- 0.0288
INFO:root:Epoch no. 177 of 500 (samples: 946358)
INFO:root:Loss: 0.4114 +/- 0.0474
INFO:root:Epoch no. 178 of 500 (samples: 946358)
INFO:root:Loss: 0.3847 +/- 0.0514
INFO:root:Epoch no. 179 of 500 (samples: 946358)
INFO:root:Loss: 0.3787 +/- 0.026
INFO:root:Epoch no. 180 of 500 (samples: 946358)
INFO:root:Loss: 0.3806 +/- 0.0278
INFO:root:Epoch no. 181 of 500 (samples: 946358)
INFO:root:Loss: 0.3964 +/- 0.0275
INFO:root:Epoch no. 182 of 500 (samples: 946358)
INFO:root:Loss: 0.3973 +/- 0.0403
INFO:root:Epoch no. 183 of 500 (samples: 946358)
INFO:root:Loss: 0.3682 +/- 0.0403
INFO:root:Epoch no. 184 of 500 (samples: 946358)
INFO:root:Loss: 0.3836 +/- 0.0462
INFO:root:Epoch no. 185 of 500 (samples: 946358)
INFO:root:Loss: 0.3832 +/- 0.0547
INFO:root:Epoch no. 186 of 500 (samples: 946358)
INFO:root:Loss: 0.4033 +/- 0.0415
INFO:root:Epoch no. 187 of 500 (samples: 946358)
INFO:root:Loss: 0.3791 +/- 0.0438
INFO:root:Epoch no. 188 of 500 (samples: 946358)
INFO:root:Loss: 0.3783 +/- 0.0432
INFO:root:Epoch no. 189 of 500 (samples: 946358)
INFO:root:Loss: 0.3818 +/- 0.0426
INFO:root:Epoch no. 190 of 500 (samples: 946358)
INFO:root:Loss: 0.3606 +/- 0.0389
INFO:root:Epoch no. 191 of 500 (samples: 946358)
INFO:root:Loss: 0.3742 +/- 0.0511
INFO:root:Epoch no. 192 of 500 (samples: 946358)
INFO:root:Loss: 0.3524 +/- 0.0301
INFO:root:Epoch no. 193 of 500 (samples: 946358)
INFO:root:Loss: 0.377 +/- 0.0284
INFO:root:Epoch no. 194 of 500 (samples: 946358)
INFO:root:Loss: 0.3697 +/- 0.0364
INFO:root:Epoch no. 195 of 500 (samples: 946358)
INFO:root:Loss: 0.3489 +/- 0.0304
INFO:root:Epoch no. 196 of 500 (samples: 946358)
INFO:root:Loss: 0.3584 +/- 0.0479
INFO:root:Epoch no. 197 of 500 (samples: 946358)
INFO:root:Loss: 0.3688 +/- 0.034
INFO:root:Epoch no. 198 of 500 (samples: 946358)
INFO:root:Loss: 0.3335 +/- 0.0337
INFO:root:Epoch no. 199 of 500 (samples: 946358)
INFO:root:Loss: 0.3717 +/- 0.0417
INFO:root:Epoch no. 200 of 500 (samples: 946358)
INFO:root:Loss: 0.3456 +/- 0.0473
INFO:root:Epoch no. 201 of 500 (samples: 946358)
INFO:root:Loss: 0.3638 +/- 0.0341
INFO:root:Epoch no. 202 of 500 (samples: 946358)
INFO:root:Loss: 0.3413 +/- 0.0619
INFO:root:Epoch no. 203 of 500 (samples: 946358)
INFO:root:Loss: 0.3413 +/- 0.0471
INFO:root:Epoch no. 204 of 500 (samples: 946358)
INFO:root:Loss: 0.3587 +/- 0.0561
INFO:root:Epoch no. 205 of 500 (samples: 946358)
INFO:root:Loss: 0.3346 +/- 0.0313
INFO:root:Epoch no. 206 of 500 (samples: 946358)
INFO:root:Loss: 0.3466 +/- 0.0421
INFO:root:Epoch no. 207 of 500 (samples: 946358)
INFO:root:Loss: 0.3394 +/- 0.0248
INFO:root:Epoch no. 208 of 500 (samples: 946358)
INFO:root:Loss: 0.3351 +/- 0.0316
INFO:root:Epoch no. 209 of 500 (samples: 946358)
INFO:root:Loss: 0.3626 +/- 0.0356
INFO:root:Epoch no. 210 of 500 (samples: 946358)
INFO:root:Loss: 0.3549 +/- 0.0468
INFO:root:Epoch no. 211 of 500 (samples: 946358)
INFO:root:Loss: 0.3452 +/- 0.0324
INFO:root:Epoch no. 212 of 500 (samples: 946358)
INFO:root:Loss: 0.3586 +/- 0.0371
INFO:root:Epoch no. 213 of 500 (samples: 946358)
INFO:root:Loss: 0.3423 +/- 0.0391
INFO:root:Epoch no. 214 of 500 (samples: 946358)
INFO:root:Loss: 0.353 +/- 0.0399
INFO:root:Epoch no. 215 of 500 (samples: 946358)
INFO:root:Loss: 0.3551 +/- 0.0351
INFO:root:Epoch no. 216 of 500 (samples: 946358)
INFO:root:Loss: 0.32 +/- 0.0289
INFO:root:Epoch no. 217 of 500 (samples: 946358)
INFO:root:Loss: 0.3496 +/- 0.0318
INFO:root:Epoch no. 218 of 500 (samples: 946358)
INFO:root:Loss: 0.3324 +/- 0.0412
INFO:root:Epoch no. 219 of 500 (samples: 946358)
INFO:root:Loss: 0.3476 +/- 0.0472
INFO:root:Epoch no. 220 of 500 (samples: 946358)
INFO:root:Loss: 0.3344 +/- 0.0414
INFO:root:Epoch no. 221 of 500 (samples: 946358)
INFO:root:Loss: 0.3145 +/- 0.0509
INFO:root:Epoch no. 222 of 500 (samples: 946358)
INFO:root:Loss: 0.3139 +/- 0.0435
INFO:root:Epoch no. 223 of 500 (samples: 946358)
INFO:root:Loss: 0.329 +/- 0.0488
INFO:root:Epoch no. 224 of 500 (samples: 946358)
INFO:root:Loss: 0.3106 +/- 0.0437
INFO:root:Epoch no. 225 of 500 (samples: 946358)
INFO:root:Loss: 0.3295 +/- 0.0351
INFO:root:Epoch no. 226 of 500 (samples: 946358)
INFO:root:Loss: 0.3159 +/- 0.0232
INFO:root:Epoch no. 227 of 500 (samples: 946358)
INFO:root:Loss: 0.3331 +/- 0.0407
INFO:root:Epoch no. 228 of 500 (samples: 946358)
INFO:root:Loss: 0.3302 +/- 0.0378
INFO:root:Epoch no. 229 of 500 (samples: 946358)
INFO:root:Loss: 0.3528 +/- 0.0504
INFO:root:Epoch no. 230 of 500 (samples: 946358)
INFO:root:Loss: 0.3203 +/- 0.0381
INFO:root:Epoch no. 231 of 500 (samples: 946358)
INFO:root:Loss: 0.3077 +/- 0.0467
INFO:root:Epoch no. 232 of 500 (samples: 946358)
INFO:root:Loss: 0.3001 +/- 0.0495
INFO:root:Epoch no. 233 of 500 (samples: 946358)
INFO:root:Loss: 0.339 +/- 0.0377
INFO:root:Epoch no. 234 of 500 (samples: 946358)
INFO:root:Loss: 0.3236 +/- 0.0431
INFO:root:Epoch no. 235 of 500 (samples: 946358)
INFO:root:Loss: 0.299 +/- 0.0312
INFO:root:Epoch no. 236 of 500 (samples: 946358)
INFO:root:Loss: 0.3046 +/- 0.0387
INFO:root:Epoch no. 237 of 500 (samples: 946358)
INFO:root:Loss: 0.3003 +/- 0.0554
INFO:root:Epoch no. 238 of 500 (samples: 946358)
INFO:root:Loss: 0.31 +/- 0.0422
INFO:root:Epoch no. 239 of 500 (samples: 946358)
INFO:root:Loss: 0.2972 +/- 0.0398
INFO:root:Epoch no. 240 of 500 (samples: 946358)
INFO:root:Loss: 0.3253 +/- 0.057
INFO:root:Epoch no. 241 of 500 (samples: 946358)
INFO:root:Loss: 0.3003 +/- 0.0244
INFO:root:Epoch no. 242 of 500 (samples: 946358)
INFO:root:Loss: 0.2796 +/- 0.0269
INFO:root:Epoch no. 243 of 500 (samples: 946358)
INFO:root:Loss: 0.3135 +/- 0.0277
INFO:root:Epoch no. 244 of 500 (samples: 946358)
INFO:root:Loss: 0.2899 +/- 0.0445
INFO:root:Epoch no. 245 of 500 (samples: 946358)
INFO:root:Loss: 0.3123 +/- 0.0312
INFO:root:Epoch no. 246 of 500 (samples: 946358)
INFO:root:Loss: 0.2864 +/- 0.0203
INFO:root:Epoch no. 247 of 500 (samples: 946358)
INFO:root:Loss: 0.3016 +/- 0.0416
INFO:root:Epoch no. 248 of 500 (samples: 946358)
INFO:root:Loss: 0.3201 +/- 0.0319
INFO:root:Epoch no. 249 of 500 (samples: 946358)
INFO:root:Loss: 0.2933 +/- 0.0343
INFO:root:Epoch no. 250 of 500 (samples: 946358)
INFO:root:Loss: 0.2994 +/- 0.0264
INFO:root:Epoch no. 251 of 500 (samples: 946358)
INFO:root:Loss: 0.2771 +/- 0.0306
INFO:root:Epoch no. 252 of 500 (samples: 946358)
INFO:root:Loss: 0.2859 +/- 0.0449
INFO:root:Epoch no. 253 of 500 (samples: 946358)
INFO:root:Loss: 0.3054 +/- 0.0308
INFO:root:Epoch no. 254 of 500 (samples: 946358)
INFO:root:Loss: 0.2772 +/- 0.0378
INFO:root:Epoch no. 255 of 500 (samples: 946358)
INFO:root:Loss: 0.3038 +/- 0.0339
INFO:root:Epoch no. 256 of 500 (samples: 946358)
INFO:root:Loss: 0.2852 +/- 0.0293
INFO:root:Epoch no. 257 of 500 (samples: 946358)
INFO:root:Loss: 0.3004 +/- 0.0448
INFO:root:Epoch no. 258 of 500 (samples: 946358)
INFO:root:Loss: 0.2828 +/- 0.0344
INFO:root:Epoch no. 259 of 500 (samples: 946358)
INFO:root:Loss: 0.2786 +/- 0.0354
INFO:root:Epoch no. 260 of 500 (samples: 946358)
INFO:root:Loss: 0.2869 +/- 0.0632
INFO:root:Epoch no. 261 of 500 (samples: 946358)
INFO:root:Loss: 0.2801 +/- 0.0446
INFO:root:Epoch no. 262 of 500 (samples: 946358)
INFO:root:Loss: 0.3028 +/- 0.037
INFO:root:Epoch no. 263 of 500 (samples: 946358)
INFO:root:Loss: 0.2803 +/- 0.0248
INFO:root:Epoch no. 264 of 500 (samples: 946358)
INFO:root:Loss: 0.2931 +/- 0.0423
INFO:root:Epoch no. 265 of 500 (samples: 946358)
INFO:root:Loss: 0.2872 +/- 0.0332
INFO:root:Epoch no. 266 of 500 (samples: 946358)
INFO:root:Loss: 0.2828 +/- 0.0309
INFO:root:Epoch no. 267 of 500 (samples: 946358)
INFO:root:Loss: 0.3047 +/- 0.0346
INFO:root:Epoch no. 268 of 500 (samples: 946358)
INFO:root:Loss: 0.2976 +/- 0.0444
INFO:root:Epoch no. 269 of 500 (samples: 946358)
INFO:root:Loss: 0.2785 +/- 0.0315
INFO:root:Epoch no. 270 of 500 (samples: 946358)
INFO:root:Loss: 0.2609 +/- 0.036
INFO:root:Epoch no. 271 of 500 (samples: 946358)
INFO:root:Loss: 0.2896 +/- 0.0344
INFO:root:Epoch no. 272 of 500 (samples: 946358)
INFO:root:Loss: 0.2653 +/- 0.0322
INFO:root:Epoch no. 273 of 500 (samples: 946358)
INFO:root:Loss: 0.278 +/- 0.0303
INFO:root:Epoch no. 274 of 500 (samples: 946358)
INFO:root:Loss: 0.276 +/- 0.0336
INFO:root:Epoch no. 275 of 500 (samples: 946358)
INFO:root:Loss: 0.2699 +/- 0.0281
INFO:root:Epoch no. 276 of 500 (samples: 946358)
INFO:root:Loss: 0.2761 +/- 0.0419
INFO:root:Epoch no. 277 of 500 (samples: 946358)
INFO:root:Loss: 0.2524 +/- 0.0202
INFO:root:Epoch no. 278 of 500 (samples: 946358)
INFO:root:Loss: 0.2881 +/- 0.0297
INFO:root:Epoch no. 279 of 500 (samples: 946358)
INFO:root:Loss: 0.2645 +/- 0.0481
INFO:root:Epoch no. 280 of 500 (samples: 946358)
INFO:root:Loss: 0.2795 +/- 0.0321
INFO:root:Epoch no. 281 of 500 (samples: 946358)
INFO:root:Loss: 0.2725 +/- 0.0447
INFO:root:Epoch no. 282 of 500 (samples: 946358)
INFO:root:Loss: 0.2634 +/- 0.0368
INFO:root:Epoch no. 283 of 500 (samples: 946358)
INFO:root:Loss: 0.2914 +/- 0.0293
INFO:root:Epoch no. 284 of 500 (samples: 946358)
INFO:root:Loss: 0.2859 +/- 0.0355
INFO:root:Epoch no. 285 of 500 (samples: 946358)
INFO:root:Loss: 0.2945 +/- 0.0293
INFO:root:Epoch no. 286 of 500 (samples: 946358)
INFO:root:Loss: 0.2607 +/- 0.0272
INFO:root:Epoch no. 287 of 500 (samples: 946358)
INFO:root:Loss: 0.2856 +/- 0.0436
INFO:root:Epoch no. 288 of 500 (samples: 946358)
INFO:root:Loss: 0.2513 +/- 0.0505
INFO:root:Epoch no. 289 of 500 (samples: 946358)
INFO:root:Loss: 0.2693 +/- 0.0415
INFO:root:Epoch no. 290 of 500 (samples: 946358)
INFO:root:Loss: 0.2722 +/- 0.0197
INFO:root:Epoch no. 291 of 500 (samples: 946358)
INFO:root:Loss: 0.2833 +/- 0.0422
INFO:root:Epoch no. 292 of 500 (samples: 946358)
INFO:root:Loss: 0.2723 +/- 0.0301
INFO:root:Epoch no. 293 of 500 (samples: 946358)
INFO:root:Loss: 0.2575 +/- 0.0308
INFO:root:Epoch no. 294 of 500 (samples: 946358)
INFO:root:Loss: 0.2723 +/- 0.0305
INFO:root:Epoch no. 295 of 500 (samples: 946358)
INFO:root:Loss: 0.2574 +/- 0.0318
INFO:root:Epoch no. 296 of 500 (samples: 946358)
INFO:root:Loss: 0.2771 +/- 0.0381
INFO:root:Epoch no. 297 of 500 (samples: 946358)
INFO:root:Loss: 0.2529 +/- 0.0338
INFO:root:Epoch no. 298 of 500 (samples: 946358)
INFO:root:Loss: 0.2634 +/- 0.0183
INFO:root:Epoch no. 299 of 500 (samples: 946358)
INFO:root:Loss: 0.2654 +/- 0.0334
INFO:root:Epoch no. 300 of 500 (samples: 946358)
INFO:root:Loss: 0.2687 +/- 0.0348
INFO:root:Epoch no. 301 of 500 (samples: 946358)
INFO:root:Loss: 0.2553 +/- 0.0383
INFO:root:Epoch no. 302 of 500 (samples: 946358)
INFO:root:Loss: 0.2613 +/- 0.0353
INFO:root:Epoch no. 303 of 500 (samples: 946358)
INFO:root:Loss: 0.2532 +/- 0.0432
INFO:root:Epoch no. 304 of 500 (samples: 946358)
INFO:root:Loss: 0.2682 +/- 0.0357
INFO:root:Epoch no. 305 of 500 (samples: 946358)
INFO:root:Loss: 0.262 +/- 0.0295
INFO:root:Epoch no. 306 of 500 (samples: 946358)
INFO:root:Loss: 0.2504 +/- 0.0322
INFO:root:Epoch no. 307 of 500 (samples: 946358)
INFO:root:Loss: 0.2523 +/- 0.0355
INFO:root:Epoch no. 308 of 500 (samples: 946358)
INFO:root:Loss: 0.2566 +/- 0.0315
INFO:root:Epoch no. 309 of 500 (samples: 946358)
INFO:root:Loss: 0.2409 +/- 0.0229
INFO:root:Epoch no. 310 of 500 (samples: 946358)
INFO:root:Loss: 0.276 +/- 0.0414
INFO:root:Epoch no. 311 of 500 (samples: 946358)
INFO:root:Loss: 0.2411 +/- 0.0215
INFO:root:Epoch no. 312 of 500 (samples: 946358)
INFO:root:Loss: 0.2737 +/- 0.0459
INFO:root:Epoch no. 313 of 500 (samples: 946358)
INFO:root:Loss: 0.2402 +/- 0.0262
INFO:root:Epoch no. 314 of 500 (samples: 946358)
INFO:root:Loss: 0.2603 +/- 0.0483
INFO:root:Epoch no. 315 of 500 (samples: 946358)
INFO:root:Loss: 0.2664 +/- 0.0255
INFO:root:Epoch no. 316 of 500 (samples: 946358)
INFO:root:Loss: 0.2348 +/- 0.031
INFO:root:Epoch no. 317 of 500 (samples: 946358)
INFO:root:Loss: 0.2433 +/- 0.048
INFO:root:Epoch no. 318 of 500 (samples: 946358)
INFO:root:Loss: 0.2706 +/- 0.0342
INFO:root:Epoch no. 319 of 500 (samples: 946358)
INFO:root:Loss: 0.2354 +/- 0.034
INFO:root:Epoch no. 320 of 500 (samples: 946358)
INFO:root:Loss: 0.2621 +/- 0.046
INFO:root:Epoch no. 321 of 500 (samples: 946358)
INFO:root:Loss: 0.2806 +/- 0.0525
INFO:root:Epoch no. 322 of 500 (samples: 946358)
INFO:root:Loss: 0.2687 +/- 0.0446
INFO:root:Epoch no. 323 of 500 (samples: 946358)
INFO:root:Loss: 0.2387 +/- 0.0244
INFO:root:Epoch no. 324 of 500 (samples: 946358)
INFO:root:Loss: 0.2462 +/- 0.0464
INFO:root:Epoch no. 325 of 500 (samples: 946358)
INFO:root:Loss: 0.2337 +/- 0.03
INFO:root:Epoch no. 326 of 500 (samples: 946358)
INFO:root:Loss: 0.2891 +/- 0.037
INFO:root:Epoch no. 327 of 500 (samples: 946358)
INFO:root:Loss: 0.2373 +/- 0.0428
INFO:root:Epoch no. 328 of 500 (samples: 946358)
INFO:root:Loss: 0.2449 +/- 0.014
INFO:root:Epoch no. 329 of 500 (samples: 946358)
INFO:root:Loss: 0.2469 +/- 0.0308
INFO:root:Epoch no. 330 of 500 (samples: 946358)
INFO:root:Loss: 0.2424 +/- 0.0421
INFO:root:Epoch no. 331 of 500 (samples: 946358)
INFO:root:Loss: 0.2329 +/- 0.0345
INFO:root:Epoch no. 332 of 500 (samples: 946358)
INFO:root:Loss: 0.2452 +/- 0.0237
INFO:root:Epoch no. 333 of 500 (samples: 946358)
INFO:root:Loss: 0.2329 +/- 0.0246
INFO:root:Epoch no. 334 of 500 (samples: 946358)
INFO:root:Loss: 0.2577 +/- 0.0383
INFO:root:Epoch no. 335 of 500 (samples: 946358)
INFO:root:Loss: 0.246 +/- 0.0343
INFO:root:Epoch no. 336 of 500 (samples: 946358)
INFO:root:Loss: 0.238 +/- 0.0323
INFO:root:Epoch no. 337 of 500 (samples: 946358)
INFO:root:Loss: 0.2271 +/- 0.0362
INFO:root:Epoch no. 338 of 500 (samples: 946358)
INFO:root:Loss: 0.2549 +/- 0.0396
INFO:root:Epoch no. 339 of 500 (samples: 946358)
INFO:root:Loss: 0.2337 +/- 0.0277
INFO:root:Epoch no. 340 of 500 (samples: 946358)
INFO:root:Loss: 0.2451 +/- 0.0457
INFO:root:Epoch no. 341 of 500 (samples: 946358)
INFO:root:Loss: 0.2521 +/- 0.0358
INFO:root:Epoch no. 342 of 500 (samples: 946358)
INFO:root:Loss: 0.2435 +/- 0.0357
INFO:root:Epoch no. 343 of 500 (samples: 946358)
INFO:root:Loss: 0.2328 +/- 0.0181
INFO:root:Epoch no. 344 of 500 (samples: 946358)
INFO:root:Loss: 0.2439 +/- 0.0352
INFO:root:Epoch no. 345 of 500 (samples: 946358)
INFO:root:Loss: 0.2617 +/- 0.0344
INFO:root:Epoch no. 346 of 500 (samples: 946358)
INFO:root:Loss: 0.2218 +/- 0.0443
INFO:root:Epoch no. 347 of 500 (samples: 946358)
INFO:root:Loss: 0.2404 +/- 0.026
INFO:root:Epoch no. 348 of 500 (samples: 946358)
INFO:root:Loss: 0.2313 +/- 0.0355
INFO:root:Epoch no. 349 of 500 (samples: 946358)
INFO:root:Loss: 0.2407 +/- 0.042
INFO:root:Epoch no. 350 of 500 (samples: 946358)
INFO:root:Loss: 0.2337 +/- 0.0316
INFO:root:Epoch no. 351 of 500 (samples: 946358)
INFO:root:Loss: 0.2532 +/- 0.0297
INFO:root:Epoch no. 352 of 500 (samples: 946358)
INFO:root:Loss: 0.2293 +/- 0.032
INFO:root:Epoch no. 353 of 500 (samples: 946358)
INFO:root:Loss: 0.2348 +/- 0.0462
INFO:root:Epoch no. 354 of 500 (samples: 946358)
INFO:root:Loss: 0.2446 +/- 0.0239
INFO:root:Epoch no. 355 of 500 (samples: 946358)
INFO:root:Loss: 0.2296 +/- 0.026
INFO:root:Epoch no. 356 of 500 (samples: 946358)
INFO:root:Loss: 0.2187 +/- 0.043
INFO:root:Epoch no. 357 of 500 (samples: 946358)
INFO:root:Loss: 0.2128 +/- 0.0301
INFO:root:Epoch no. 358 of 500 (samples: 946358)
INFO:root:Loss: 0.2351 +/- 0.0339
INFO:root:Epoch no. 359 of 500 (samples: 946358)
INFO:root:Loss: 0.254 +/- 0.0294
INFO:root:Epoch no. 360 of 500 (samples: 946358)
INFO:root:Loss: 0.2215 +/- 0.0349
INFO:root:Epoch no. 361 of 500 (samples: 946358)
INFO:root:Loss: 0.2356 +/- 0.0212
INFO:root:Epoch no. 362 of 500 (samples: 946358)
INFO:root:Loss: 0.2529 +/- 0.0278
INFO:root:Epoch no. 363 of 500 (samples: 946358)
INFO:root:Loss: 0.2329 +/- 0.0272
INFO:root:Epoch no. 364 of 500 (samples: 946358)
INFO:root:Loss: 0.2536 +/- 0.0511
INFO:root:Epoch no. 365 of 500 (samples: 946358)
INFO:root:Loss: 0.2356 +/- 0.0523
INFO:root:Epoch no. 366 of 500 (samples: 946358)
INFO:root:Loss: 0.2228 +/- 0.0278
INFO:root:Epoch no. 367 of 500 (samples: 946358)
INFO:root:Loss: 0.2408 +/- 0.034
INFO:root:Epoch no. 368 of 500 (samples: 946358)
INFO:root:Loss: 0.2297 +/- 0.0485
INFO:root:Epoch no. 369 of 500 (samples: 946358)
INFO:root:Loss: 0.2334 +/- 0.0402
INFO:root:Epoch no. 370 of 500 (samples: 946358)
INFO:root:Loss: 0.2341 +/- 0.0448
INFO:root:Epoch no. 371 of 500 (samples: 946358)
INFO:root:Loss: 0.2311 +/- 0.0291
INFO:root:Epoch no. 372 of 500 (samples: 946358)
INFO:root:Loss: 0.2259 +/- 0.0278
INFO:root:Epoch no. 373 of 500 (samples: 946358)
INFO:root:Loss: 0.2459 +/- 0.0257
INFO:root:Epoch no. 374 of 500 (samples: 946358)
INFO:root:Loss: 0.2275 +/- 0.0318
INFO:root:Epoch no. 375 of 500 (samples: 946358)
INFO:root:Loss: 0.2449 +/- 0.0299
INFO:root:Epoch no. 376 of 500 (samples: 946358)
INFO:root:Loss: 0.2261 +/- 0.0208
INFO:root:Epoch no. 377 of 500 (samples: 946358)
INFO:root:Loss: 0.2262 +/- 0.0159
INFO:root:Epoch no. 378 of 500 (samples: 946358)
INFO:root:Loss: 0.2244 +/- 0.031
INFO:root:Epoch no. 379 of 500 (samples: 946358)
INFO:root:Loss: 0.2251 +/- 0.0163
INFO:root:Epoch no. 380 of 500 (samples: 946358)
INFO:root:Loss: 0.207 +/- 0.0512
INFO:root:Epoch no. 381 of 500 (samples: 946358)
INFO:root:Loss: 0.2216 +/- 0.0431
INFO:root:Epoch no. 382 of 500 (samples: 946358)
INFO:root:Loss: 0.2103 +/- 0.0236
INFO:root:Epoch no. 383 of 500 (samples: 946358)
INFO:root:Loss: 0.2341 +/- 0.0344
INFO:root:Epoch no. 384 of 500 (samples: 946358)
INFO:root:Loss: 0.2324 +/- 0.044
INFO:root:Epoch no. 385 of 500 (samples: 946358)
INFO:root:Loss: 0.2128 +/- 0.0382
INFO:root:Epoch no. 386 of 500 (samples: 946358)
INFO:root:Loss: 0.2229 +/- 0.0373
INFO:root:Epoch no. 387 of 500 (samples: 946358)
INFO:root:Loss: 0.2361 +/- 0.0258
INFO:root:Epoch no. 388 of 500 (samples: 946358)
INFO:root:Loss: 0.2417 +/- 0.0348
INFO:root:Epoch no. 389 of 500 (samples: 946358)
INFO:root:Loss: 0.2254 +/- 0.0275
INFO:root:Epoch no. 390 of 500 (samples: 946358)
INFO:root:Loss: 0.2357 +/- 0.034
INFO:root:Epoch no. 391 of 500 (samples: 946358)
INFO:root:Loss: 0.1926 +/- 0.0386
INFO:root:Epoch no. 392 of 500 (samples: 946358)
INFO:root:Loss: 0.2302 +/- 0.0358
INFO:root:Epoch no. 393 of 500 (samples: 946358)
INFO:root:Loss: 0.2039 +/- 0.0295
INFO:root:Epoch no. 394 of 500 (samples: 946358)
INFO:root:Loss: 0.2225 +/- 0.0213
INFO:root:Epoch no. 395 of 500 (samples: 946358)
INFO:root:Loss: 0.2272 +/- 0.0316
INFO:root:Epoch no. 396 of 500 (samples: 946358)
INFO:root:Loss: 0.2299 +/- 0.0305
INFO:root:Epoch no. 397 of 500 (samples: 946358)
INFO:root:Loss: 0.2109 +/- 0.034
INFO:root:Epoch no. 398 of 500 (samples: 946358)
INFO:root:Loss: 0.2142 +/- 0.0437
INFO:root:Epoch no. 399 of 500 (samples: 946358)
INFO:root:Loss: 0.2119 +/- 0.0291
INFO:root:Epoch no. 400 of 500 (samples: 946358)
INFO:root:Loss: 0.2106 +/- 0.0454
INFO:root:Epoch no. 401 of 500 (samples: 946358)
INFO:root:Loss: 0.2462 +/- 0.0496
INFO:root:Epoch no. 402 of 500 (samples: 946358)
INFO:root:Loss: 0.2251 +/- 0.0242
INFO:root:Epoch no. 403 of 500 (samples: 946358)
INFO:root:Loss: 0.2398 +/- 0.0366
INFO:root:Epoch no. 404 of 500 (samples: 946358)
INFO:root:Loss: 0.2158 +/- 0.042
INFO:root:Epoch no. 405 of 500 (samples: 946358)
INFO:root:Loss: 0.2121 +/- 0.0327
INFO:root:Epoch no. 406 of 500 (samples: 946358)
INFO:root:Loss: 0.2197 +/- 0.0368
INFO:root:Epoch no. 407 of 500 (samples: 946358)
INFO:root:Loss: 0.214 +/- 0.0212
INFO:root:Epoch no. 408 of 500 (samples: 946358)
INFO:root:Loss: 0.2183 +/- 0.0221
INFO:root:Epoch no. 409 of 500 (samples: 946358)
INFO:root:Loss: 0.218 +/- 0.0286
INFO:root:Epoch no. 410 of 500 (samples: 946358)
INFO:root:Loss: 0.2197 +/- 0.0386
INFO:root:Epoch no. 411 of 500 (samples: 946358)
INFO:root:Loss: 0.2194 +/- 0.0502
INFO:root:Epoch no. 412 of 500 (samples: 946358)
INFO:root:Loss: 0.2248 +/- 0.0334
INFO:root:Epoch no. 413 of 500 (samples: 946358)
INFO:root:Loss: 0.23 +/- 0.0294
INFO:root:Epoch no. 414 of 500 (samples: 946358)
INFO:root:Loss: 0.2294 +/- 0.0286
INFO:root:Epoch no. 415 of 500 (samples: 946358)
INFO:root:Loss: 0.2143 +/- 0.0225
INFO:root:Epoch no. 416 of 500 (samples: 946358)
INFO:root:Loss: 0.2292 +/- 0.0496
INFO:root:Epoch no. 417 of 500 (samples: 946358)
INFO:root:Loss: 0.2162 +/- 0.022
INFO:root:Epoch no. 418 of 500 (samples: 946358)
INFO:root:Loss: 0.2107 +/- 0.0263
INFO:root:Epoch no. 419 of 500 (samples: 946358)
INFO:root:Loss: 0.2158 +/- 0.05
INFO:root:Epoch no. 420 of 500 (samples: 946358)
INFO:root:Loss: 0.2279 +/- 0.032
INFO:root:Epoch no. 421 of 500 (samples: 946358)
INFO:root:Loss: 0.2072 +/- 0.0255
INFO:root:Epoch no. 422 of 500 (samples: 946358)
INFO:root:Loss: 0.2022 +/- 0.037
INFO:root:Epoch no. 423 of 500 (samples: 946358)
INFO:root:Loss: 0.2264 +/- 0.041
INFO:root:Epoch no. 424 of 500 (samples: 946358)
INFO:root:Loss: 0.1831 +/- 0.0288
INFO:root:Epoch no. 425 of 500 (samples: 946358)
INFO:root:Loss: 0.2243 +/- 0.036
INFO:root:Epoch no. 426 of 500 (samples: 946358)
INFO:root:Loss: 0.2037 +/- 0.0277
INFO:root:Epoch no. 427 of 500 (samples: 946358)
INFO:root:Loss: 0.2199 +/- 0.0351
INFO:root:Epoch no. 428 of 500 (samples: 946358)
INFO:root:Loss: 0.1899 +/- 0.025
INFO:root:Epoch no. 429 of 500 (samples: 946358)
INFO:root:Loss: 0.2113 +/- 0.0364
INFO:root:Epoch no. 430 of 500 (samples: 946358)
INFO:root:Loss: 0.1997 +/- 0.032
INFO:root:Epoch no. 431 of 500 (samples: 946358)
INFO:root:Loss: 0.2405 +/- 0.042
INFO:root:Epoch no. 432 of 500 (samples: 946358)
INFO:root:Loss: 0.219 +/- 0.04
INFO:root:Epoch no. 433 of 500 (samples: 946358)
INFO:root:Loss: 0.2083 +/- 0.0282
INFO:root:Epoch no. 434 of 500 (samples: 946358)
INFO:root:Loss: 0.2 +/- 0.038
INFO:root:Epoch no. 435 of 500 (samples: 946358)
INFO:root:Loss: 0.2281 +/- 0.0405
INFO:root:Epoch no. 436 of 500 (samples: 946358)
INFO:root:Loss: 0.2069 +/- 0.0279
INFO:root:Epoch no. 437 of 500 (samples: 946358)
INFO:root:Loss: 0.2089 +/- 0.0361
INFO:root:Epoch no. 438 of 500 (samples: 946358)
INFO:root:Loss: 0.2218 +/- 0.0553
INFO:root:Epoch no. 439 of 500 (samples: 946358)
INFO:root:Loss: 0.2193 +/- 0.0231
INFO:root:Epoch no. 440 of 500 (samples: 946358)
INFO:root:Loss: 0.2115 +/- 0.0436
INFO:root:Epoch no. 441 of 500 (samples: 946358)
INFO:root:Loss: 0.2146 +/- 0.026
INFO:root:Epoch no. 442 of 500 (samples: 946358)
INFO:root:Loss: 0.2142 +/- 0.0286
INFO:root:Epoch no. 443 of 500 (samples: 946358)
INFO:root:Loss: 0.2269 +/- 0.0261
INFO:root:Epoch no. 444 of 500 (samples: 946358)
INFO:root:Loss: 0.2236 +/- 0.0345
INFO:root:Epoch no. 445 of 500 (samples: 946358)
INFO:root:Loss: 0.2251 +/- 0.024
INFO:root:Epoch no. 446 of 500 (samples: 946358)
INFO:root:Loss: 0.2253 +/- 0.0266
INFO:root:Epoch no. 447 of 500 (samples: 946358)
INFO:root:Loss: 0.2215 +/- 0.0393
INFO:root:Epoch no. 448 of 500 (samples: 946358)
INFO:root:Loss: 0.2472 +/- 0.0363
INFO:root:Epoch no. 449 of 500 (samples: 946358)
INFO:root:Loss: 0.2179 +/- 0.0359
INFO:root:Epoch no. 450 of 500 (samples: 946358)
INFO:root:Loss: 0.224 +/- 0.0343
INFO:root:Epoch no. 451 of 500 (samples: 946358)
INFO:root:Loss: 0.2157 +/- 0.0331
INFO:root:Epoch no. 452 of 500 (samples: 946358)
INFO:root:Loss: 0.2137 +/- 0.0389
INFO:root:Epoch no. 453 of 500 (samples: 946358)
INFO:root:Loss: 0.2117 +/- 0.0289
INFO:root:Epoch no. 454 of 500 (samples: 946358)
INFO:root:Loss: 0.2186 +/- 0.0364
INFO:root:Epoch no. 455 of 500 (samples: 946358)
INFO:root:Loss: 0.1917 +/- 0.0379
INFO:root:Epoch no. 456 of 500 (samples: 946358)
INFO:root:Loss: 0.2077 +/- 0.0281
INFO:root:Epoch no. 457 of 500 (samples: 946358)
INFO:root:Loss: 0.2029 +/- 0.0373
INFO:root:Epoch no. 458 of 500 (samples: 946358)
INFO:root:Loss: 0.2202 +/- 0.0298
INFO:root:Epoch no. 459 of 500 (samples: 946358)
INFO:root:Loss: 0.2121 +/- 0.0334
INFO:root:Epoch no. 460 of 500 (samples: 946358)
INFO:root:Loss: 0.2088 +/- 0.0413
INFO:root:Epoch no. 461 of 500 (samples: 946358)
INFO:root:Loss: 0.2421 +/- 0.0224
INFO:root:Epoch no. 462 of 500 (samples: 946358)
INFO:root:Loss: 0.2061 +/- 0.0254
INFO:root:Epoch no. 463 of 500 (samples: 946358)
INFO:root:Loss: 0.2064 +/- 0.0319
INFO:root:Epoch no. 464 of 500 (samples: 946358)
INFO:root:Loss: 0.2236 +/- 0.03
INFO:root:Epoch no. 465 of 500 (samples: 946358)
INFO:root:Loss: 0.229 +/- 0.0242
INFO:root:Epoch no. 466 of 500 (samples: 946358)
INFO:root:Loss: 0.21 +/- 0.0252
INFO:root:Epoch no. 467 of 500 (samples: 946358)
INFO:root:Loss: 0.2117 +/- 0.0341
INFO:root:Epoch no. 468 of 500 (samples: 946358)
INFO:root:Loss: 0.2163 +/- 0.0353
INFO:root:Epoch no. 469 of 500 (samples: 946358)
INFO:root:Loss: 0.2071 +/- 0.0317
INFO:root:Epoch no. 470 of 500 (samples: 946358)
INFO:root:Loss: 0.2189 +/- 0.0374
INFO:root:Epoch no. 471 of 500 (samples: 946358)
INFO:root:Loss: 0.2261 +/- 0.0318
INFO:root:Epoch no. 472 of 500 (samples: 946358)
INFO:root:Loss: 0.1947 +/- 0.0373
INFO:root:Epoch no. 473 of 500 (samples: 946358)
INFO:root:Loss: 0.2144 +/- 0.0296
INFO:root:Epoch no. 474 of 500 (samples: 946358)
INFO:root:Loss: 0.2141 +/- 0.0342
INFO:root:Epoch no. 475 of 500 (samples: 946358)
INFO:root:Loss: 0.2147 +/- 0.0376
INFO:root:Epoch no. 476 of 500 (samples: 946358)
INFO:root:Loss: 0.2 +/- 0.0245
INFO:root:Epoch no. 477 of 500 (samples: 946358)
INFO:root:Loss: 0.1952 +/- 0.0355
INFO:root:Epoch no. 478 of 500 (samples: 946358)
INFO:root:Loss: 0.2027 +/- 0.0264
INFO:root:Epoch no. 479 of 500 (samples: 946358)
INFO:root:Loss: 0.2126 +/- 0.0487
INFO:root:Epoch no. 480 of 500 (samples: 946358)
INFO:root:Loss: 0.2008 +/- 0.0306
INFO:root:Epoch no. 481 of 500 (samples: 946358)
INFO:root:Loss: 0.2155 +/- 0.0296
INFO:root:Epoch no. 482 of 500 (samples: 946358)
INFO:root:Loss: 0.1942 +/- 0.035
INFO:root:Epoch no. 483 of 500 (samples: 946358)
INFO:root:Loss: 0.198 +/- 0.0305
INFO:root:Epoch no. 484 of 500 (samples: 946358)
INFO:root:Loss: 0.2098 +/- 0.0276
INFO:root:Epoch no. 485 of 500 (samples: 946358)
INFO:root:Loss: 0.1995 +/- 0.0358
INFO:root:Epoch no. 486 of 500 (samples: 946358)
INFO:root:Loss: 0.1918 +/- 0.0316
INFO:root:Epoch no. 487 of 500 (samples: 946358)
INFO:root:Loss: 0.212 +/- 0.0187
INFO:root:Epoch no. 488 of 500 (samples: 946358)
INFO:root:Loss: 0.1955 +/- 0.024
INFO:root:Epoch no. 489 of 500 (samples: 946358)
INFO:root:Loss: 0.2114 +/- 0.0359
INFO:root:Epoch no. 490 of 500 (samples: 946358)
INFO:root:Loss: 0.1936 +/- 0.0442
INFO:root:Epoch no. 491 of 500 (samples: 946358)
INFO:root:Loss: 0.1935 +/- 0.0344
INFO:root:Epoch no. 492 of 500 (samples: 946358)
INFO:root:Loss: 0.2277 +/- 0.0405
INFO:root:Epoch no. 493 of 500 (samples: 946358)
INFO:root:Loss: 0.2057 +/- 0.0389
INFO:root:Epoch no. 494 of 500 (samples: 946358)
INFO:root:Loss: 0.2026 +/- 0.0454
INFO:root:Epoch no. 495 of 500 (samples: 946358)
INFO:root:Loss: 0.2204 +/- 0.0214
INFO:root:Epoch no. 496 of 500 (samples: 946358)
INFO:root:Loss: 0.1954 +/- 0.0262
INFO:root:Epoch no. 497 of 500 (samples: 946358)
INFO:root:Loss: 0.1868 +/- 0.02
INFO:root:Epoch no. 498 of 500 (samples: 946358)
INFO:root:Loss: 0.2067 +/- 0.0283
INFO:root:Epoch no. 499 of 500 (samples: 946358)
INFO:root:Loss: 0.2015 +/- 0.0428
INFO:root:Epoch no. 500 of 500 (samples: 946358)
INFO:root:Loss: 0.1884 +/- 0.04
/usr/local/lib/python3.4/dist-packages/keras/backend/theano_backend.py:521: UserWarning: theano.function was asked to create a function computing outputs given certain inputs, but the provided input variable at index 2 is not part of the computational graph needed to compute the outputs: keras_learning_phase.
To make this warning into an error, you can pass the parameter on_unused_input='raise' to theano.function. To disable it completely, use on_unused_input='ignore'.
  **kwargs)
INFO:root:### MICRO (validation raw):
INFO:root:	-- left   >> mean: 226293.584, median: 96508.0, mrr: 0.015, hits@1: 0.3%
INFO:root:	-- right  >> mean: 169386.302, median: 32766.5, mrr: 0.012, hits@1: 0.3%
INFO:root:	-- global >> mean: 197839.943, median: 59487.0, mrr: 0.013, hits@1: 0.3%
INFO:root:### MICRO (validation raw):
INFO:root:	-- left   >> mean: 226293.584, median: 96508.0, mrr: 0.015, hits@3: 1.7%
INFO:root:	-- right  >> mean: 169386.302, median: 32766.5, mrr: 0.012, hits@3: 1.2%
INFO:root:	-- global >> mean: 197839.943, median: 59487.0, mrr: 0.013, hits@3: 1.45%
INFO:root:### MICRO (validation raw):
INFO:root:	-- left   >> mean: 226293.584, median: 96508.0, mrr: 0.015, hits@5: 2.8%
INFO:root:	-- right  >> mean: 169386.302, median: 32766.5, mrr: 0.012, hits@5: 1.6%
INFO:root:	-- global >> mean: 197839.943, median: 59487.0, mrr: 0.013, hits@5: 2.2%
INFO:root:### MICRO (validation raw):
INFO:root:	-- left   >> mean: 226293.584, median: 96508.0, mrr: 0.015, hits@10: 3.9%
INFO:root:	-- right  >> mean: 169386.302, median: 32766.5, mrr: 0.012, hits@10: 2.7%
INFO:root:	-- global >> mean: 197839.943, median: 59487.0, mrr: 0.013, hits@10: 3.3%
INFO:root:### MICRO (validation filtered):
INFO:root:	-- left   >> mean: 226115.571, median: 96471.0, mrr: 0.022, hits@1: 0.9%
INFO:root:	-- right  >> mean: 169377.053, median: 32759.0, mrr: 0.02, hits@1: 0.8%
INFO:root:	-- global >> mean: 197746.312, median: 59486.5, mrr: 0.021, hits@1: 0.85%
INFO:root:### MICRO (validation filtered):
INFO:root:	-- left   >> mean: 226115.571, median: 96471.0, mrr: 0.022, hits@3: 2.6%
INFO:root:	-- right  >> mean: 169377.053, median: 32759.0, mrr: 0.02, hits@3: 2.4%
INFO:root:	-- global >> mean: 197746.312, median: 59486.5, mrr: 0.021, hits@3: 2.5%
INFO:root:### MICRO (validation filtered):
INFO:root:	-- left   >> mean: 226115.571, median: 96471.0, mrr: 0.022, hits@5: 3.2%
INFO:root:	-- right  >> mean: 169377.053, median: 32759.0, mrr: 0.02, hits@5: 3.0%
INFO:root:	-- global >> mean: 197746.312, median: 59486.5, mrr: 0.021, hits@5: 3.1%
INFO:root:### MICRO (validation filtered):
INFO:root:	-- left   >> mean: 226115.571, median: 96471.0, mrr: 0.022, hits@10: 4.3%
INFO:root:	-- right  >> mean: 169377.053, median: 32759.0, mrr: 0.02, hits@10: 4.0%
INFO:root:	-- global >> mean: 197746.312, median: 59486.5, mrr: 0.021, hits@10: 4.15%
INFO:root:### MICRO (test raw):
INFO:root:	-- left   >> mean: 232060.149, median: 112702.0, mrr: 0.012, hits@1: 0.2%
INFO:root:	-- right  >> mean: 168468.239, median: 49823.0, mrr: 0.012, hits@1: 0.4%
INFO:root:	-- global >> mean: 200264.194, median: 69209.5, mrr: 0.012, hits@1: 0.3%
INFO:root:### MICRO (test raw):
INFO:root:	-- left   >> mean: 232060.149, median: 112702.0, mrr: 0.012, hits@3: 1.5%
INFO:root:	-- right  >> mean: 168468.239, median: 49823.0, mrr: 0.012, hits@3: 1.4%
INFO:root:	-- global >> mean: 200264.194, median: 69209.5, mrr: 0.012, hits@3: 1.45%
INFO:root:### MICRO (test raw):
INFO:root:	-- left   >> mean: 232060.149, median: 112702.0, mrr: 0.012, hits@5: 2.1%
INFO:root:	-- right  >> mean: 168468.239, median: 49823.0, mrr: 0.012, hits@5: 1.9%
INFO:root:	-- global >> mean: 200264.194, median: 69209.5, mrr: 0.012, hits@5: 2.0%
INFO:root:### MICRO (test raw):
INFO:root:	-- left   >> mean: 232060.149, median: 112702.0, mrr: 0.012, hits@10: 3.1%
INFO:root:	-- right  >> mean: 168468.239, median: 49823.0, mrr: 0.012, hits@10: 2.5%
INFO:root:	-- global >> mean: 200264.194, median: 69209.5, mrr: 0.012, hits@10: 2.8%
INFO:root:### MICRO (test filtered):
INFO:root:	-- left   >> mean: 231895.911, median: 112701.0, mrr: 0.019, hits@1: 1.2%
INFO:root:	-- right  >> mean: 168457.856, median: 49818.0, mrr: 0.017, hits@1: 0.8%
INFO:root:	-- global >> mean: 200176.8835, median: 69209.5, mrr: 0.018, hits@1: 1.0%
INFO:root:### MICRO (test filtered):
INFO:root:	-- left   >> mean: 231895.911, median: 112701.0, mrr: 0.019, hits@3: 2.3%
INFO:root:	-- right  >> mean: 168457.856, median: 49818.0, mrr: 0.017, hits@3: 1.9%
INFO:root:	-- global >> mean: 200176.8835, median: 69209.5, mrr: 0.018, hits@3: 2.1%
INFO:root:### MICRO (test filtered):
INFO:root:	-- left   >> mean: 231895.911, median: 112701.0, mrr: 0.019, hits@5: 2.3%
INFO:root:	-- right  >> mean: 168457.856, median: 49818.0, mrr: 0.017, hits@5: 2.5%
INFO:root:	-- global >> mean: 200176.8835, median: 69209.5, mrr: 0.018, hits@5: 2.4%
INFO:root:### MICRO (test filtered):
INFO:root:	-- left   >> mean: 231895.911, median: 112701.0, mrr: 0.019, hits@10: 3.1%
INFO:root:	-- right  >> mean: 168457.856, median: 49818.0, mrr: 0.017, hits@10: 3.1%
INFO:root:	-- global >> mean: 200176.8835, median: 69209.5, mrr: 0.018, hits@10: 3.1%
