Using Theano backend.
INFO:root:Acquiring data/wn18/wordnet-mlj12-train.txt ..
INFO:root:Acquiring data/wn18/wordnet-mlj12-valid.txt ..
INFO:root:Acquiring data/wn18/wordnet-mlj12-test.txt ..
INFO:root:[Rules] Adding Head: 15, Tail: [(10, True)]
INFO:root:[Rules] Adding Head: 12, Tail: [(17, True)]
INFO:root:[Rules] Adding Head: 4, Tail: [(5, True)]
INFO:root:[Rules] Adding Head: 13, Tail: [(3, True)]
INFO:root:[Rules] Adding Head: 5, Tail: [(4, True)]
INFO:root:[Rules] Adding Head: 16, Tail: [(11, True)]
INFO:root:[Rules] Adding Head: 17, Tail: [(12, True)]
INFO:root:[Rules] Adding Head: 11, Tail: [(16, True)]
INFO:root:[Rules] Adding Head: 8, Tail: [(9, True)]
INFO:root:[Rules] Adding Head: 2, Tail: [(2, True)]
INFO:root:Samples: 99009, no. batches: 10 -> batch size: 9901
INFO:root:Epoch no. 1 of 500 (samples: 99009)
INFO:root:Loss: 120678.4636 +/- 329260.9584
INFO:root:Epoch no. 2 of 500 (samples: 99009)
INFO:root:Loss: 8268.0749 +/- 432.7852
INFO:root:Epoch no. 3 of 500 (samples: 99009)
INFO:root:Loss: 7015.1166 +/- 236.1417
INFO:root:Epoch no. 4 of 500 (samples: 99009)
INFO:root:Loss: 6243.943 +/- 158.0394
INFO:root:Epoch no. 5 of 500 (samples: 99009)
INFO:root:Loss: 5707.7234 +/- 111.9575
INFO:root:Epoch no. 6 of 500 (samples: 99009)
INFO:root:Loss: 5305.2274 +/- 86.7716
INFO:root:Epoch no. 7 of 500 (samples: 99009)
INFO:root:Loss: 4988.3692 +/- 71.7038
INFO:root:Epoch no. 8 of 500 (samples: 99009)
INFO:root:Loss: 4728.3002 +/- 59.8397
INFO:root:Epoch no. 9 of 500 (samples: 99009)
INFO:root:Loss: 4510.1737 +/- 51.9283
INFO:root:Epoch no. 10 of 500 (samples: 99009)
INFO:root:Loss: 4323.0011 +/- 44.5613
INFO:root:Epoch no. 11 of 500 (samples: 99009)
INFO:root:Loss: 4160.0924 +/- 39.1192
INFO:root:Epoch no. 12 of 500 (samples: 99009)
INFO:root:Loss: 4014.7875 +/- 36.3302
INFO:root:Epoch no. 13 of 500 (samples: 99009)
INFO:root:Loss: 3885.8448 +/- 32.5367
INFO:root:Epoch no. 14 of 500 (samples: 99009)
INFO:root:Loss: 3768.8421 +/- 29.2259
INFO:root:Epoch no. 15 of 500 (samples: 99009)
INFO:root:Loss: 3662.5741 +/- 27.555
INFO:root:Epoch no. 16 of 500 (samples: 99009)
INFO:root:Loss: 3563.599 +/- 25.4955
INFO:root:Epoch no. 17 of 500 (samples: 99009)
INFO:root:Loss: 3473.7097 +/- 23.0616
INFO:root:Epoch no. 18 of 500 (samples: 99009)
INFO:root:Loss: 3389.7463 +/- 21.8744
INFO:root:Epoch no. 19 of 500 (samples: 99009)
INFO:root:Loss: 3311.1755 +/- 20.3366
INFO:root:Epoch no. 20 of 500 (samples: 99009)
INFO:root:Loss: 3238.106 +/- 19.0871
INFO:root:Epoch no. 21 of 500 (samples: 99009)
INFO:root:Loss: 3169.2284 +/- 18.3675
INFO:root:Epoch no. 22 of 500 (samples: 99009)
INFO:root:Loss: 3104.3919 +/- 17.1023
INFO:root:Epoch no. 23 of 500 (samples: 99009)
INFO:root:Loss: 3042.9822 +/- 16.3468
INFO:root:Epoch no. 24 of 500 (samples: 99009)
INFO:root:Loss: 2985.1538 +/- 15.8229
INFO:root:Epoch no. 25 of 500 (samples: 99009)
INFO:root:Loss: 2930.1077 +/- 14.8038
INFO:root:Epoch no. 26 of 500 (samples: 99009)
INFO:root:Loss: 2876.823 +/- 14.4977
INFO:root:Epoch no. 27 of 500 (samples: 99009)
INFO:root:Loss: 2827.0938 +/- 13.1183
INFO:root:Epoch no. 28 of 500 (samples: 99009)
INFO:root:Loss: 2779.1482 +/- 12.7298
INFO:root:Epoch no. 29 of 500 (samples: 99009)
INFO:root:Loss: 2733.1679 +/- 12.3755
INFO:root:Epoch no. 30 of 500 (samples: 99009)
INFO:root:Loss: 2689.355 +/- 11.919
INFO:root:Epoch no. 31 of 500 (samples: 99009)
INFO:root:Loss: 2647.2405 +/- 11.396
INFO:root:Epoch no. 32 of 500 (samples: 99009)
INFO:root:Loss: 2606.8272 +/- 11.1849
INFO:root:Epoch no. 33 of 500 (samples: 99009)
INFO:root:Loss: 2567.347 +/- 10.5314
INFO:root:Epoch no. 34 of 500 (samples: 99009)
INFO:root:Loss: 2529.8764 +/- 10.2617
INFO:root:Epoch no. 35 of 500 (samples: 99009)
INFO:root:Loss: 2493.557 +/- 9.6651
INFO:root:Epoch no. 36 of 500 (samples: 99009)
INFO:root:Loss: 2458.7034 +/- 9.6137
INFO:root:Epoch no. 37 of 500 (samples: 99009)
INFO:root:Loss: 2424.7348 +/- 9.2132
INFO:root:Epoch no. 38 of 500 (samples: 99009)
INFO:root:Loss: 2392.0864 +/- 8.9597
INFO:root:Epoch no. 39 of 500 (samples: 99009)
INFO:root:Loss: 2359.8046 +/- 8.2694
INFO:root:Epoch no. 40 of 500 (samples: 99009)
INFO:root:Loss: 2329.2959 +/- 8.3163
INFO:root:Epoch no. 41 of 500 (samples: 99009)
INFO:root:Loss: 2299.6604 +/- 8.1935
INFO:root:Epoch no. 42 of 500 (samples: 99009)
INFO:root:Loss: 2270.271 +/- 8.0876
INFO:root:Epoch no. 43 of 500 (samples: 99009)
INFO:root:Loss: 2242.3505 +/- 7.835
INFO:root:Epoch no. 44 of 500 (samples: 99009)
INFO:root:Loss: 2215.1873 +/- 7.4572
INFO:root:Epoch no. 45 of 500 (samples: 99009)
INFO:root:Loss: 2188.3878 +/- 7.185
INFO:root:Epoch no. 46 of 500 (samples: 99009)
INFO:root:Loss: 2162.7266 +/- 7.2179
INFO:root:Epoch no. 47 of 500 (samples: 99009)
INFO:root:Loss: 2137.388 +/- 6.7003
INFO:root:Epoch no. 48 of 500 (samples: 99009)
INFO:root:Loss: 2113.0745 +/- 6.7157
INFO:root:Epoch no. 49 of 500 (samples: 99009)
INFO:root:Loss: 2089.0792 +/- 6.3716
INFO:root:Epoch no. 50 of 500 (samples: 99009)
INFO:root:Loss: 2065.801 +/- 6.5632
INFO:root:Epoch no. 51 of 500 (samples: 99009)
INFO:root:Loss: 2043.349 +/- 5.9545
INFO:root:Epoch no. 52 of 500 (samples: 99009)
INFO:root:Loss: 2020.9604 +/- 6.0222
INFO:root:Epoch no. 53 of 500 (samples: 99009)
INFO:root:Loss: 1999.5282 +/- 6.0134
INFO:root:Epoch no. 54 of 500 (samples: 99009)
INFO:root:Loss: 1978.0421 +/- 6.0644
INFO:root:Epoch no. 55 of 500 (samples: 99009)
INFO:root:Loss: 1957.7095 +/- 5.8503
INFO:root:Epoch no. 56 of 500 (samples: 99009)
INFO:root:Loss: 1937.5654 +/- 5.3975
INFO:root:Epoch no. 57 of 500 (samples: 99009)
INFO:root:Loss: 1917.5801 +/- 5.4054
INFO:root:Epoch no. 58 of 500 (samples: 99009)
INFO:root:Loss: 1898.6179 +/- 5.1451
INFO:root:Epoch no. 59 of 500 (samples: 99009)
INFO:root:Loss: 1879.4826 +/- 5.3761
INFO:root:Epoch no. 60 of 500 (samples: 99009)
INFO:root:Loss: 1860.9644 +/- 4.9674
INFO:root:Epoch no. 61 of 500 (samples: 99009)
INFO:root:Loss: 1843.0506 +/- 5.1862
INFO:root:Epoch no. 62 of 500 (samples: 99009)
INFO:root:Loss: 1825.3 +/- 4.7058
INFO:root:Epoch no. 63 of 500 (samples: 99009)
INFO:root:Loss: 1807.6873 +/- 4.9716
INFO:root:Epoch no. 64 of 500 (samples: 99009)
INFO:root:Loss: 1790.9778 +/- 4.6239
INFO:root:Epoch no. 65 of 500 (samples: 99009)
INFO:root:Loss: 1774.1173 +/- 4.6428
INFO:root:Epoch no. 66 of 500 (samples: 99009)
INFO:root:Loss: 1757.5789 +/- 4.7564
INFO:root:Epoch no. 67 of 500 (samples: 99009)
INFO:root:Loss: 1741.3653 +/- 4.3173
INFO:root:Epoch no. 68 of 500 (samples: 99009)
INFO:root:Loss: 1725.6337 +/- 4.3166
INFO:root:Epoch no. 69 of 500 (samples: 99009)
INFO:root:Loss: 1710.379 +/- 4.2913
INFO:root:Epoch no. 70 of 500 (samples: 99009)
INFO:root:Loss: 1694.7066 +/- 4.1819
INFO:root:Epoch no. 71 of 500 (samples: 99009)
INFO:root:Loss: 1680.1091 +/- 4.2815
INFO:root:Epoch no. 72 of 500 (samples: 99009)
INFO:root:Loss: 1665.5928 +/- 4.1793
INFO:root:Epoch no. 73 of 500 (samples: 99009)
INFO:root:Loss: 1651.1308 +/- 3.9415
INFO:root:Epoch no. 74 of 500 (samples: 99009)
INFO:root:Loss: 1636.9323 +/- 3.7994
INFO:root:Epoch no. 75 of 500 (samples: 99009)
INFO:root:Loss: 1622.8619 +/- 3.8396
INFO:root:Epoch no. 76 of 500 (samples: 99009)
INFO:root:Loss: 1609.3592 +/- 3.6916
INFO:root:Epoch no. 77 of 500 (samples: 99009)
INFO:root:Loss: 1596.0271 +/- 3.8059
INFO:root:Epoch no. 78 of 500 (samples: 99009)
INFO:root:Loss: 1582.7243 +/- 3.5963
INFO:root:Epoch no. 79 of 500 (samples: 99009)
INFO:root:Loss: 1569.6758 +/- 3.6442
INFO:root:Epoch no. 80 of 500 (samples: 99009)
INFO:root:Loss: 1556.9381 +/- 3.6365
INFO:root:Epoch no. 81 of 500 (samples: 99009)
INFO:root:Loss: 1544.5058 +/- 3.4644
INFO:root:Epoch no. 82 of 500 (samples: 99009)
INFO:root:Loss: 1531.9904 +/- 3.4742
INFO:root:Epoch no. 83 of 500 (samples: 99009)
INFO:root:Loss: 1519.6419 +/- 3.3983
INFO:root:Epoch no. 84 of 500 (samples: 99009)
INFO:root:Loss: 1507.6482 +/- 3.1814
INFO:root:Epoch no. 85 of 500 (samples: 99009)
INFO:root:Loss: 1496.1384 +/- 3.1182
INFO:root:Epoch no. 86 of 500 (samples: 99009)
INFO:root:Loss: 1484.5439 +/- 3.3468
INFO:root:Epoch no. 87 of 500 (samples: 99009)
INFO:root:Loss: 1472.8933 +/- 3.1671
INFO:root:Epoch no. 88 of 500 (samples: 99009)
INFO:root:Loss: 1461.6361 +/- 3.1538
INFO:root:Epoch no. 89 of 500 (samples: 99009)
INFO:root:Loss: 1450.5013 +/- 3.124
INFO:root:Epoch no. 90 of 500 (samples: 99009)
INFO:root:Loss: 1439.732 +/- 3.2132
INFO:root:Epoch no. 91 of 500 (samples: 99009)
INFO:root:Loss: 1429.0056 +/- 2.9009
INFO:root:Epoch no. 92 of 500 (samples: 99009)
INFO:root:Loss: 1418.3175 +/- 2.8879
INFO:root:Epoch no. 93 of 500 (samples: 99009)
INFO:root:Loss: 1407.9177 +/- 3.0499
INFO:root:Epoch no. 94 of 500 (samples: 99009)
INFO:root:Loss: 1397.685 +/- 2.6841
INFO:root:Epoch no. 95 of 500 (samples: 99009)
INFO:root:Loss: 1387.529 +/- 2.6227
INFO:root:Epoch no. 96 of 500 (samples: 99009)
INFO:root:Loss: 1377.3726 +/- 2.5846
INFO:root:Epoch no. 97 of 500 (samples: 99009)
INFO:root:Loss: 1367.6436 +/- 2.7156
INFO:root:Epoch no. 98 of 500 (samples: 99009)
INFO:root:Loss: 1357.7314 +/- 2.7142
INFO:root:Epoch no. 99 of 500 (samples: 99009)
INFO:root:Loss: 1348.2564 +/- 2.529
INFO:root:Epoch no. 100 of 500 (samples: 99009)
INFO:root:Loss: 1338.6461 +/- 2.5154
INFO:root:Epoch no. 101 of 500 (samples: 99009)
INFO:root:Loss: 1329.2638 +/- 2.4251
INFO:root:Epoch no. 102 of 500 (samples: 99009)
INFO:root:Loss: 1320.0442 +/- 2.3841
INFO:root:Epoch no. 103 of 500 (samples: 99009)
INFO:root:Loss: 1311.1305 +/- 2.4698
INFO:root:Epoch no. 104 of 500 (samples: 99009)
INFO:root:Loss: 1302.0561 +/- 2.6156
INFO:root:Epoch no. 105 of 500 (samples: 99009)
INFO:root:Loss: 1293.1428 +/- 2.4737
INFO:root:Epoch no. 106 of 500 (samples: 99009)
INFO:root:Loss: 1284.4153 +/- 2.5405
INFO:root:Epoch no. 107 of 500 (samples: 99009)
INFO:root:Loss: 1275.8448 +/- 2.4669
INFO:root:Epoch no. 108 of 500 (samples: 99009)
INFO:root:Loss: 1267.3689 +/- 2.2251
INFO:root:Epoch no. 109 of 500 (samples: 99009)
INFO:root:Loss: 1258.9003 +/- 2.4755
INFO:root:Epoch no. 110 of 500 (samples: 99009)
INFO:root:Loss: 1250.8083 +/- 2.2385
INFO:root:Epoch no. 111 of 500 (samples: 99009)
INFO:root:Loss: 1242.4442 +/- 2.4494
INFO:root:Epoch no. 112 of 500 (samples: 99009)
INFO:root:Loss: 1234.5902 +/- 2.0014
INFO:root:Epoch no. 113 of 500 (samples: 99009)
INFO:root:Loss: 1226.3204 +/- 2.2564
INFO:root:Epoch no. 114 of 500 (samples: 99009)
INFO:root:Loss: 1218.5158 +/- 2.2286
INFO:root:Epoch no. 115 of 500 (samples: 99009)
INFO:root:Loss: 1210.7247 +/- 2.3765
INFO:root:Epoch no. 116 of 500 (samples: 99009)
INFO:root:Loss: 1203.1895 +/- 2.1192
INFO:root:Epoch no. 117 of 500 (samples: 99009)
INFO:root:Loss: 1195.4086 +/- 2.0679
INFO:root:Epoch no. 118 of 500 (samples: 99009)
INFO:root:Loss: 1187.7309 +/- 2.1683
INFO:root:Epoch no. 119 of 500 (samples: 99009)
INFO:root:Loss: 1180.4422 +/- 1.9849
INFO:root:Epoch no. 120 of 500 (samples: 99009)
INFO:root:Loss: 1173.2125 +/- 2.091
INFO:root:Epoch no. 121 of 500 (samples: 99009)
INFO:root:Loss: 1165.9596 +/- 2.0385
INFO:root:Epoch no. 122 of 500 (samples: 99009)
INFO:root:Loss: 1158.8955 +/- 1.996
INFO:root:Epoch no. 123 of 500 (samples: 99009)
INFO:root:Loss: 1151.7058 +/- 1.9794
INFO:root:Epoch no. 124 of 500 (samples: 99009)
INFO:root:Loss: 1144.6703 +/- 1.9662
INFO:root:Epoch no. 125 of 500 (samples: 99009)
INFO:root:Loss: 1137.8736 +/- 1.8813
INFO:root:Epoch no. 126 of 500 (samples: 99009)
INFO:root:Loss: 1131.0247 +/- 1.8983
INFO:root:Epoch no. 127 of 500 (samples: 99009)
INFO:root:Loss: 1124.412 +/- 1.9903
INFO:root:Epoch no. 128 of 500 (samples: 99009)
INFO:root:Loss: 1117.5298 +/- 1.8501
INFO:root:Epoch no. 129 of 500 (samples: 99009)
INFO:root:Loss: 1110.9598 +/- 1.8424
INFO:root:Epoch no. 130 of 500 (samples: 99009)
INFO:root:Loss: 1104.4928 +/- 1.686
INFO:root:Epoch no. 131 of 500 (samples: 99009)
INFO:root:Loss: 1098.0382 +/- 1.821
INFO:root:Epoch no. 132 of 500 (samples: 99009)
INFO:root:Loss: 1091.6255 +/- 1.718
INFO:root:Epoch no. 133 of 500 (samples: 99009)
INFO:root:Loss: 1085.5068 +/- 1.6962
INFO:root:Epoch no. 134 of 500 (samples: 99009)
INFO:root:Loss: 1079.0122 +/- 1.9012
INFO:root:Epoch no. 135 of 500 (samples: 99009)
INFO:root:Loss: 1073.0509 +/- 1.7082
INFO:root:Epoch no. 136 of 500 (samples: 99009)
INFO:root:Loss: 1066.9411 +/- 1.6297
INFO:root:Epoch no. 137 of 500 (samples: 99009)
INFO:root:Loss: 1060.9216 +/- 1.6847
INFO:root:Epoch no. 138 of 500 (samples: 99009)
INFO:root:Loss: 1054.9965 +/- 1.531
INFO:root:Epoch no. 139 of 500 (samples: 99009)
INFO:root:Loss: 1049.2013 +/- 1.6577
INFO:root:Epoch no. 140 of 500 (samples: 99009)
INFO:root:Loss: 1043.4183 +/- 1.5856
INFO:root:Epoch no. 141 of 500 (samples: 99009)
INFO:root:Loss: 1037.4536 +/- 1.4741
INFO:root:Epoch no. 142 of 500 (samples: 99009)
INFO:root:Loss: 1031.7123 +/- 1.5493
INFO:root:Epoch no. 143 of 500 (samples: 99009)
INFO:root:Loss: 1026.038 +/- 1.605
INFO:root:Epoch no. 144 of 500 (samples: 99009)
INFO:root:Loss: 1020.5167 +/- 1.6532
INFO:root:Epoch no. 145 of 500 (samples: 99009)
INFO:root:Loss: 1014.9884 +/- 1.4365
INFO:root:Epoch no. 146 of 500 (samples: 99009)
INFO:root:Loss: 1009.4834 +/- 1.4582
INFO:root:Epoch no. 147 of 500 (samples: 99009)
INFO:root:Loss: 1004.1523 +/- 1.5502
INFO:root:Epoch no. 148 of 500 (samples: 99009)
INFO:root:Loss: 998.8412 +/- 1.6196
INFO:root:Epoch no. 149 of 500 (samples: 99009)
INFO:root:Loss: 993.4423 +/- 1.482
INFO:root:Epoch no. 150 of 500 (samples: 99009)
INFO:root:Loss: 987.9944 +/- 1.4908
INFO:root:Epoch no. 151 of 500 (samples: 99009)
INFO:root:Loss: 982.9469 +/- 1.3834
INFO:root:Epoch no. 152 of 500 (samples: 99009)
INFO:root:Loss: 977.7617 +/- 1.5469
INFO:root:Epoch no. 153 of 500 (samples: 99009)
INFO:root:Loss: 972.8754 +/- 1.5084
INFO:root:Epoch no. 154 of 500 (samples: 99009)
INFO:root:Loss: 967.8405 +/- 1.4532
INFO:root:Epoch no. 155 of 500 (samples: 99009)
INFO:root:Loss: 962.6636 +/- 1.3293
INFO:root:Epoch no. 156 of 500 (samples: 99009)
INFO:root:Loss: 957.9494 +/- 1.5705
INFO:root:Epoch no. 157 of 500 (samples: 99009)
INFO:root:Loss: 952.8582 +/- 1.3843
INFO:root:Epoch no. 158 of 500 (samples: 99009)
INFO:root:Loss: 947.9881 +/- 1.4313
INFO:root:Epoch no. 159 of 500 (samples: 99009)
INFO:root:Loss: 943.3531 +/- 1.426
INFO:root:Epoch no. 160 of 500 (samples: 99009)
INFO:root:Loss: 938.6067 +/- 1.2353
INFO:root:Epoch no. 161 of 500 (samples: 99009)
INFO:root:Loss: 933.8637 +/- 1.3746
INFO:root:Epoch no. 162 of 500 (samples: 99009)
INFO:root:Loss: 929.3005 +/- 1.329
INFO:root:Epoch no. 163 of 500 (samples: 99009)
INFO:root:Loss: 924.6923 +/- 1.2442
INFO:root:Epoch no. 164 of 500 (samples: 99009)
INFO:root:Loss: 920.1401 +/- 1.2211
INFO:root:Epoch no. 165 of 500 (samples: 99009)
INFO:root:Loss: 915.561 +/- 1.1717
INFO:root:Epoch no. 166 of 500 (samples: 99009)
INFO:root:Loss: 911.1561 +/- 1.0665
INFO:root:Epoch no. 167 of 500 (samples: 99009)
INFO:root:Loss: 906.7312 +/- 1.1793
INFO:root:Epoch no. 168 of 500 (samples: 99009)
INFO:root:Loss: 902.3784 +/- 1.3031
INFO:root:Epoch no. 169 of 500 (samples: 99009)
INFO:root:Loss: 898.1116 +/- 1.3376
INFO:root:Epoch no. 170 of 500 (samples: 99009)
INFO:root:Loss: 893.5866 +/- 1.3022
INFO:root:Epoch no. 171 of 500 (samples: 99009)
INFO:root:Loss: 889.4166 +/- 1.2217
INFO:root:Epoch no. 172 of 500 (samples: 99009)
INFO:root:Loss: 885.2105 +/- 1.1349
INFO:root:Epoch no. 173 of 500 (samples: 99009)
INFO:root:Loss: 881.0975 +/- 1.1357
INFO:root:Epoch no. 174 of 500 (samples: 99009)
INFO:root:Loss: 876.9102 +/- 1.0127
INFO:root:Epoch no. 175 of 500 (samples: 99009)
INFO:root:Loss: 872.7897 +/- 1.2178
INFO:root:Epoch no. 176 of 500 (samples: 99009)
INFO:root:Loss: 868.8034 +/- 1.1136
INFO:root:Epoch no. 177 of 500 (samples: 99009)
INFO:root:Loss: 864.7856 +/- 1.1104
INFO:root:Epoch no. 178 of 500 (samples: 99009)
INFO:root:Loss: 860.7163 +/- 0.9622
INFO:root:Epoch no. 179 of 500 (samples: 99009)
INFO:root:Loss: 856.8195 +/- 1.1153
INFO:root:Epoch no. 180 of 500 (samples: 99009)
INFO:root:Loss: 852.8521 +/- 1.094
INFO:root:Epoch no. 181 of 500 (samples: 99009)
INFO:root:Loss: 849.2157 +/- 1.1498
INFO:root:Epoch no. 182 of 500 (samples: 99009)
INFO:root:Loss: 845.2668 +/- 0.9766
INFO:root:Epoch no. 183 of 500 (samples: 99009)
INFO:root:Loss: 841.2768 +/- 1.1422
INFO:root:Epoch no. 184 of 500 (samples: 99009)
INFO:root:Loss: 837.629 +/- 1.0444
INFO:root:Epoch no. 185 of 500 (samples: 99009)
INFO:root:Loss: 833.8983 +/- 1.1147
INFO:root:Epoch no. 186 of 500 (samples: 99009)
INFO:root:Loss: 830.2086 +/- 1.154
INFO:root:Epoch no. 187 of 500 (samples: 99009)
INFO:root:Loss: 826.6372 +/- 0.8659
INFO:root:Epoch no. 188 of 500 (samples: 99009)
INFO:root:Loss: 822.9514 +/- 0.993
INFO:root:Epoch no. 189 of 500 (samples: 99009)
INFO:root:Loss: 819.3439 +/- 0.9306
INFO:root:Epoch no. 190 of 500 (samples: 99009)
INFO:root:Loss: 815.902 +/- 0.9659
INFO:root:Epoch no. 191 of 500 (samples: 99009)
INFO:root:Loss: 812.2246 +/- 1.1074
INFO:root:Epoch no. 192 of 500 (samples: 99009)
INFO:root:Loss: 808.8567 +/- 0.9276
INFO:root:Epoch no. 193 of 500 (samples: 99009)
INFO:root:Loss: 805.2073 +/- 1.0185
INFO:root:Epoch no. 194 of 500 (samples: 99009)
INFO:root:Loss: 802.0136 +/- 0.9995
INFO:root:Epoch no. 195 of 500 (samples: 99009)
INFO:root:Loss: 798.4822 +/- 1.1157
INFO:root:Epoch no. 196 of 500 (samples: 99009)
INFO:root:Loss: 794.9509 +/- 1.0147
INFO:root:Epoch no. 197 of 500 (samples: 99009)
INFO:root:Loss: 791.7432 +/- 0.9525
INFO:root:Epoch no. 198 of 500 (samples: 99009)
INFO:root:Loss: 788.5033 +/- 0.9093
INFO:root:Epoch no. 199 of 500 (samples: 99009)
INFO:root:Loss: 785.0673 +/- 0.9624
INFO:root:Epoch no. 200 of 500 (samples: 99009)
INFO:root:Loss: 781.8151 +/- 0.8643
INFO:root:Epoch no. 201 of 500 (samples: 99009)
INFO:root:Loss: 778.7584 +/- 0.9493
INFO:root:Epoch no. 202 of 500 (samples: 99009)
INFO:root:Loss: 775.2675 +/- 0.9113
INFO:root:Epoch no. 203 of 500 (samples: 99009)
INFO:root:Loss: 772.1691 +/- 0.927
INFO:root:Epoch no. 204 of 500 (samples: 99009)
INFO:root:Loss: 769.047 +/- 0.9409
INFO:root:Epoch no. 205 of 500 (samples: 99009)
INFO:root:Loss: 765.8684 +/- 0.8692
INFO:root:Epoch no. 206 of 500 (samples: 99009)
INFO:root:Loss: 762.7901 +/- 0.8851
INFO:root:Epoch no. 207 of 500 (samples: 99009)
INFO:root:Loss: 759.7593 +/- 0.8378
INFO:root:Epoch no. 208 of 500 (samples: 99009)
INFO:root:Loss: 756.6486 +/- 0.8568
INFO:root:Epoch no. 209 of 500 (samples: 99009)
INFO:root:Loss: 753.7526 +/- 0.8617
INFO:root:Epoch no. 210 of 500 (samples: 99009)
INFO:root:Loss: 750.7907 +/- 0.8714
INFO:root:Epoch no. 211 of 500 (samples: 99009)
INFO:root:Loss: 747.7706 +/- 0.8979
INFO:root:Epoch no. 212 of 500 (samples: 99009)
INFO:root:Loss: 744.7874 +/- 0.9565
INFO:root:Epoch no. 213 of 500 (samples: 99009)
INFO:root:Loss: 741.8842 +/- 0.8559
INFO:root:Epoch no. 214 of 500 (samples: 99009)
INFO:root:Loss: 739.018 +/- 0.9158
INFO:root:Epoch no. 215 of 500 (samples: 99009)
INFO:root:Loss: 736.0656 +/- 0.794
INFO:root:Epoch no. 216 of 500 (samples: 99009)
INFO:root:Loss: 733.3355 +/- 0.7693
INFO:root:Epoch no. 217 of 500 (samples: 99009)
INFO:root:Loss: 730.5279 +/- 0.7468
INFO:root:Epoch no. 218 of 500 (samples: 99009)
INFO:root:Loss: 727.5593 +/- 0.7957
INFO:root:Epoch no. 219 of 500 (samples: 99009)
INFO:root:Loss: 724.8604 +/- 0.6469
INFO:root:Epoch no. 220 of 500 (samples: 99009)
INFO:root:Loss: 722.1913 +/- 0.8317
INFO:root:Epoch no. 221 of 500 (samples: 99009)
INFO:root:Loss: 719.55 +/- 0.7069
INFO:root:Epoch no. 222 of 500 (samples: 99009)
INFO:root:Loss: 716.6659 +/- 0.8659
INFO:root:Epoch no. 223 of 500 (samples: 99009)
INFO:root:Loss: 714.0371 +/- 0.7673
INFO:root:Epoch no. 224 of 500 (samples: 99009)
INFO:root:Loss: 711.3567 +/- 0.7591
INFO:root:Epoch no. 225 of 500 (samples: 99009)
INFO:root:Loss: 708.7745 +/- 0.5942
INFO:root:Epoch no. 226 of 500 (samples: 99009)
INFO:root:Loss: 706.1399 +/- 0.6831
INFO:root:Epoch no. 227 of 500 (samples: 99009)
INFO:root:Loss: 703.533 +/- 0.7539
INFO:root:Epoch no. 228 of 500 (samples: 99009)
INFO:root:Loss: 700.8749 +/- 0.6317
INFO:root:Epoch no. 229 of 500 (samples: 99009)
INFO:root:Loss: 698.4156 +/- 0.6807
INFO:root:Epoch no. 230 of 500 (samples: 99009)
INFO:root:Loss: 695.8625 +/- 0.7182
INFO:root:Epoch no. 231 of 500 (samples: 99009)
INFO:root:Loss: 693.3232 +/- 0.7386
INFO:root:Epoch no. 232 of 500 (samples: 99009)
INFO:root:Loss: 690.8835 +/- 0.671
INFO:root:Epoch no. 233 of 500 (samples: 99009)
INFO:root:Loss: 688.3713 +/- 0.7977
INFO:root:Epoch no. 234 of 500 (samples: 99009)
INFO:root:Loss: 685.8181 +/- 0.6838
INFO:root:Epoch no. 235 of 500 (samples: 99009)
INFO:root:Loss: 683.5331 +/- 0.6715
INFO:root:Epoch no. 236 of 500 (samples: 99009)
INFO:root:Loss: 680.9462 +/- 0.5819
INFO:root:Epoch no. 237 of 500 (samples: 99009)
INFO:root:Loss: 678.6991 +/- 0.6507
INFO:root:Epoch no. 238 of 500 (samples: 99009)
INFO:root:Loss: 676.309 +/- 0.6517
INFO:root:Epoch no. 239 of 500 (samples: 99009)
INFO:root:Loss: 674.1628 +/- 0.7713
INFO:root:Epoch no. 240 of 500 (samples: 99009)
INFO:root:Loss: 671.7004 +/- 0.6928
INFO:root:Epoch no. 241 of 500 (samples: 99009)
INFO:root:Loss: 669.3544 +/- 0.7044
INFO:root:Epoch no. 242 of 500 (samples: 99009)
INFO:root:Loss: 667.085 +/- 0.7415
INFO:root:Epoch no. 243 of 500 (samples: 99009)
INFO:root:Loss: 664.5774 +/- 0.6368
INFO:root:Epoch no. 244 of 500 (samples: 99009)
INFO:root:Loss: 662.4039 +/- 0.6901
INFO:root:Epoch no. 245 of 500 (samples: 99009)
INFO:root:Loss: 660.1326 +/- 0.6068
INFO:root:Epoch no. 246 of 500 (samples: 99009)
INFO:root:Loss: 658.0289 +/- 0.6166
INFO:root:Epoch no. 247 of 500 (samples: 99009)
INFO:root:Loss: 655.7175 +/- 0.6603
INFO:root:Epoch no. 248 of 500 (samples: 99009)
INFO:root:Loss: 653.5831 +/- 0.5986
INFO:root:Epoch no. 249 of 500 (samples: 99009)
INFO:root:Loss: 651.4724 +/- 0.6045
INFO:root:Epoch no. 250 of 500 (samples: 99009)
INFO:root:Loss: 649.3232 +/- 0.7053
INFO:root:Epoch no. 251 of 500 (samples: 99009)
INFO:root:Loss: 647.0718 +/- 0.6635
INFO:root:Epoch no. 252 of 500 (samples: 99009)
INFO:root:Loss: 644.9425 +/- 0.6341
INFO:root:Epoch no. 253 of 500 (samples: 99009)
INFO:root:Loss: 642.8734 +/- 0.5536
INFO:root:Epoch no. 254 of 500 (samples: 99009)
INFO:root:Loss: 640.7193 +/- 0.5831
INFO:root:Epoch no. 255 of 500 (samples: 99009)
INFO:root:Loss: 638.5595 +/- 0.6272
INFO:root:Epoch no. 256 of 500 (samples: 99009)
INFO:root:Loss: 636.4948 +/- 0.6104
INFO:root:Epoch no. 257 of 500 (samples: 99009)
INFO:root:Loss: 634.671 +/- 0.5568
INFO:root:Epoch no. 258 of 500 (samples: 99009)
INFO:root:Loss: 632.5582 +/- 0.4554
INFO:root:Epoch no. 259 of 500 (samples: 99009)
INFO:root:Loss: 630.5635 +/- 0.5164
INFO:root:Epoch no. 260 of 500 (samples: 99009)
INFO:root:Loss: 628.5074 +/- 0.5438
INFO:root:Epoch no. 261 of 500 (samples: 99009)
INFO:root:Loss: 626.5217 +/- 0.632
INFO:root:Epoch no. 262 of 500 (samples: 99009)
INFO:root:Loss: 624.5952 +/- 0.4228
INFO:root:Epoch no. 263 of 500 (samples: 99009)
INFO:root:Loss: 622.6596 +/- 0.6102
INFO:root:Epoch no. 264 of 500 (samples: 99009)
INFO:root:Loss: 620.6431 +/- 0.556
INFO:root:Epoch no. 265 of 500 (samples: 99009)
INFO:root:Loss: 618.7182 +/- 0.559
INFO:root:Epoch no. 266 of 500 (samples: 99009)
INFO:root:Loss: 616.8325 +/- 0.5057
INFO:root:Epoch no. 267 of 500 (samples: 99009)
INFO:root:Loss: 615.0292 +/- 0.6075
INFO:root:Epoch no. 268 of 500 (samples: 99009)
INFO:root:Loss: 612.9845 +/- 0.5347
INFO:root:Epoch no. 269 of 500 (samples: 99009)
INFO:root:Loss: 611.2387 +/- 0.6279
INFO:root:Epoch no. 270 of 500 (samples: 99009)
INFO:root:Loss: 609.4181 +/- 0.5349
INFO:root:Epoch no. 271 of 500 (samples: 99009)
INFO:root:Loss: 607.3912 +/- 0.6064
INFO:root:Epoch no. 272 of 500 (samples: 99009)
INFO:root:Loss: 605.6871 +/- 0.474
INFO:root:Epoch no. 273 of 500 (samples: 99009)
INFO:root:Loss: 603.9271 +/- 0.4579
INFO:root:Epoch no. 274 of 500 (samples: 99009)
INFO:root:Loss: 601.9462 +/- 0.4404
INFO:root:Epoch no. 275 of 500 (samples: 99009)
INFO:root:Loss: 600.2944 +/- 0.4931
INFO:root:Epoch no. 276 of 500 (samples: 99009)
INFO:root:Loss: 598.5294 +/- 0.4715
INFO:root:Epoch no. 277 of 500 (samples: 99009)
INFO:root:Loss: 596.7877 +/- 0.4907
INFO:root:Epoch no. 278 of 500 (samples: 99009)
INFO:root:Loss: 594.8821 +/- 0.4085
INFO:root:Epoch no. 279 of 500 (samples: 99009)
INFO:root:Loss: 593.3575 +/- 0.4921
INFO:root:Epoch no. 280 of 500 (samples: 99009)
INFO:root:Loss: 591.5189 +/- 0.5207
INFO:root:Epoch no. 281 of 500 (samples: 99009)
INFO:root:Loss: 589.8012 +/- 0.5531
INFO:root:Epoch no. 282 of 500 (samples: 99009)
INFO:root:Loss: 588.2544 +/- 0.5172
INFO:root:Epoch no. 283 of 500 (samples: 99009)
INFO:root:Loss: 586.4876 +/- 0.5338
INFO:root:Epoch no. 284 of 500 (samples: 99009)
INFO:root:Loss: 584.7135 +/- 0.5049
INFO:root:Epoch no. 285 of 500 (samples: 99009)
INFO:root:Loss: 583.1082 +/- 0.5009
INFO:root:Epoch no. 286 of 500 (samples: 99009)
INFO:root:Loss: 581.4882 +/- 0.645
INFO:root:Epoch no. 287 of 500 (samples: 99009)
INFO:root:Loss: 579.8099 +/- 0.4999
INFO:root:Epoch no. 288 of 500 (samples: 99009)
INFO:root:Loss: 578.1866 +/- 0.3696
INFO:root:Epoch no. 289 of 500 (samples: 99009)
INFO:root:Loss: 576.5587 +/- 0.3828
INFO:root:Epoch no. 290 of 500 (samples: 99009)
INFO:root:Loss: 575.0257 +/- 0.4081
INFO:root:Epoch no. 291 of 500 (samples: 99009)
INFO:root:Loss: 573.4618 +/- 0.3507
INFO:root:Epoch no. 292 of 500 (samples: 99009)
INFO:root:Loss: 571.8997 +/- 0.5814
INFO:root:Epoch no. 293 of 500 (samples: 99009)
INFO:root:Loss: 570.3183 +/- 0.4538
INFO:root:Epoch no. 294 of 500 (samples: 99009)
INFO:root:Loss: 568.7078 +/- 0.4564
INFO:root:Epoch no. 295 of 500 (samples: 99009)
INFO:root:Loss: 567.1062 +/- 0.4344
INFO:root:Epoch no. 296 of 500 (samples: 99009)
INFO:root:Loss: 565.6715 +/- 0.404
INFO:root:Epoch no. 297 of 500 (samples: 99009)
INFO:root:Loss: 564.1526 +/- 0.5199
INFO:root:Epoch no. 298 of 500 (samples: 99009)
INFO:root:Loss: 562.5584 +/- 0.5017
INFO:root:Epoch no. 299 of 500 (samples: 99009)
INFO:root:Loss: 561.2509 +/- 0.4869
INFO:root:Epoch no. 300 of 500 (samples: 99009)
INFO:root:Loss: 559.52 +/- 0.5069
INFO:root:Epoch no. 301 of 500 (samples: 99009)
INFO:root:Loss: 558.1453 +/- 0.4347
INFO:root:Epoch no. 302 of 500 (samples: 99009)
INFO:root:Loss: 556.8078 +/- 0.5405
INFO:root:Epoch no. 303 of 500 (samples: 99009)
INFO:root:Loss: 555.2163 +/- 0.4482
INFO:root:Epoch no. 304 of 500 (samples: 99009)
INFO:root:Loss: 553.7842 +/- 0.5012
INFO:root:Epoch no. 305 of 500 (samples: 99009)
INFO:root:Loss: 552.3054 +/- 0.4419
INFO:root:Epoch no. 306 of 500 (samples: 99009)
INFO:root:Loss: 550.8737 +/- 0.4306
INFO:root:Epoch no. 307 of 500 (samples: 99009)
INFO:root:Loss: 549.5096 +/- 0.4604
INFO:root:Epoch no. 308 of 500 (samples: 99009)
INFO:root:Loss: 548.0995 +/- 0.3454
INFO:root:Epoch no. 309 of 500 (samples: 99009)
INFO:root:Loss: 546.7341 +/- 0.3859
INFO:root:Epoch no. 310 of 500 (samples: 99009)
INFO:root:Loss: 545.3735 +/- 0.368
INFO:root:Epoch no. 311 of 500 (samples: 99009)
INFO:root:Loss: 543.984 +/- 0.5314
INFO:root:Epoch no. 312 of 500 (samples: 99009)
INFO:root:Loss: 542.5768 +/- 0.4668
INFO:root:Epoch no. 313 of 500 (samples: 99009)
INFO:root:Loss: 541.1837 +/- 0.4178
INFO:root:Epoch no. 314 of 500 (samples: 99009)
INFO:root:Loss: 539.862 +/- 0.3597
INFO:root:Epoch no. 315 of 500 (samples: 99009)
INFO:root:Loss: 538.4783 +/- 0.334
INFO:root:Epoch no. 316 of 500 (samples: 99009)
INFO:root:Loss: 537.2001 +/- 0.384
INFO:root:Epoch no. 317 of 500 (samples: 99009)
INFO:root:Loss: 535.8354 +/- 0.3849
INFO:root:Epoch no. 318 of 500 (samples: 99009)
INFO:root:Loss: 534.5439 +/- 0.3639
INFO:root:Epoch no. 319 of 500 (samples: 99009)
INFO:root:Loss: 533.1847 +/- 0.3387
INFO:root:Epoch no. 320 of 500 (samples: 99009)
INFO:root:Loss: 531.9061 +/- 0.3745
INFO:root:Epoch no. 321 of 500 (samples: 99009)
INFO:root:Loss: 530.6108 +/- 0.4219
INFO:root:Epoch no. 322 of 500 (samples: 99009)
INFO:root:Loss: 529.2984 +/- 0.4111
INFO:root:Epoch no. 323 of 500 (samples: 99009)
INFO:root:Loss: 528.093 +/- 0.3354
INFO:root:Epoch no. 324 of 500 (samples: 99009)
INFO:root:Loss: 526.8314 +/- 0.3997
INFO:root:Epoch no. 325 of 500 (samples: 99009)
INFO:root:Loss: 525.6122 +/- 0.387
INFO:root:Epoch no. 326 of 500 (samples: 99009)
INFO:root:Loss: 524.307 +/- 0.3852
INFO:root:Epoch no. 327 of 500 (samples: 99009)
INFO:root:Loss: 523.0987 +/- 0.4541
INFO:root:Epoch no. 328 of 500 (samples: 99009)
INFO:root:Loss: 521.849 +/- 0.3333
INFO:root:Epoch no. 329 of 500 (samples: 99009)
INFO:root:Loss: 520.6297 +/- 0.3988
INFO:root:Epoch no. 330 of 500 (samples: 99009)
INFO:root:Loss: 519.491 +/- 0.3729
INFO:root:Epoch no. 331 of 500 (samples: 99009)
INFO:root:Loss: 518.184 +/- 0.4999
INFO:root:Epoch no. 332 of 500 (samples: 99009)
INFO:root:Loss: 517.0504 +/- 0.4052
INFO:root:Epoch no. 333 of 500 (samples: 99009)
INFO:root:Loss: 515.9134 +/- 0.4023
INFO:root:Epoch no. 334 of 500 (samples: 99009)
INFO:root:Loss: 514.6557 +/- 0.3335
INFO:root:Epoch no. 335 of 500 (samples: 99009)
INFO:root:Loss: 513.5155 +/- 0.4279
INFO:root:Epoch no. 336 of 500 (samples: 99009)
INFO:root:Loss: 512.3685 +/- 0.3486
INFO:root:Epoch no. 337 of 500 (samples: 99009)
INFO:root:Loss: 511.3129 +/- 0.3507
INFO:root:Epoch no. 338 of 500 (samples: 99009)
INFO:root:Loss: 510.0753 +/- 0.4268
INFO:root:Epoch no. 339 of 500 (samples: 99009)
INFO:root:Loss: 509.0513 +/- 0.3866
INFO:root:Epoch no. 340 of 500 (samples: 99009)
INFO:root:Loss: 507.8564 +/- 0.3763
INFO:root:Epoch no. 341 of 500 (samples: 99009)
INFO:root:Loss: 506.6168 +/- 0.2521
INFO:root:Epoch no. 342 of 500 (samples: 99009)
INFO:root:Loss: 505.5149 +/- 0.409
INFO:root:Epoch no. 343 of 500 (samples: 99009)
INFO:root:Loss: 504.4586 +/- 0.4324
INFO:root:Epoch no. 344 of 500 (samples: 99009)
INFO:root:Loss: 503.3624 +/- 0.3074
INFO:root:Epoch no. 345 of 500 (samples: 99009)
INFO:root:Loss: 502.2332 +/- 0.3575
INFO:root:Epoch no. 346 of 500 (samples: 99009)
INFO:root:Loss: 501.2182 +/- 0.3376
INFO:root:Epoch no. 347 of 500 (samples: 99009)
INFO:root:Loss: 500.0638 +/- 0.2581
INFO:root:Epoch no. 348 of 500 (samples: 99009)
INFO:root:Loss: 498.9539 +/- 0.3997
INFO:root:Epoch no. 349 of 500 (samples: 99009)
INFO:root:Loss: 497.9682 +/- 0.2851
INFO:root:Epoch no. 350 of 500 (samples: 99009)
INFO:root:Loss: 496.8807 +/- 0.2259
INFO:root:Epoch no. 351 of 500 (samples: 99009)
INFO:root:Loss: 495.984 +/- 0.3166
INFO:root:Epoch no. 352 of 500 (samples: 99009)
INFO:root:Loss: 494.8387 +/- 0.3036
INFO:root:Epoch no. 353 of 500 (samples: 99009)
INFO:root:Loss: 493.775 +/- 0.3992
INFO:root:Epoch no. 354 of 500 (samples: 99009)
INFO:root:Loss: 492.7845 +/- 0.3313
INFO:root:Epoch no. 355 of 500 (samples: 99009)
INFO:root:Loss: 491.7364 +/- 0.4319
INFO:root:Epoch no. 356 of 500 (samples: 99009)
INFO:root:Loss: 490.7819 +/- 0.3578
INFO:root:Epoch no. 357 of 500 (samples: 99009)
INFO:root:Loss: 489.7482 +/- 0.3526
INFO:root:Epoch no. 358 of 500 (samples: 99009)
INFO:root:Loss: 488.7453 +/- 0.3303
INFO:root:Epoch no. 359 of 500 (samples: 99009)
INFO:root:Loss: 487.6703 +/- 0.4088
INFO:root:Epoch no. 360 of 500 (samples: 99009)
INFO:root:Loss: 486.7247 +/- 0.3267
INFO:root:Epoch no. 361 of 500 (samples: 99009)
INFO:root:Loss: 485.7466 +/- 0.2164
INFO:root:Epoch no. 362 of 500 (samples: 99009)
INFO:root:Loss: 484.8483 +/- 0.2134
INFO:root:Epoch no. 363 of 500 (samples: 99009)
INFO:root:Loss: 483.7647 +/- 0.2923
INFO:root:Epoch no. 364 of 500 (samples: 99009)
INFO:root:Loss: 482.9207 +/- 0.3467
INFO:root:Epoch no. 365 of 500 (samples: 99009)
INFO:root:Loss: 481.772 +/- 0.3114
INFO:root:Epoch no. 366 of 500 (samples: 99009)
INFO:root:Loss: 480.9479 +/- 0.3249
INFO:root:Epoch no. 367 of 500 (samples: 99009)
INFO:root:Loss: 479.9315 +/- 0.2579
INFO:root:Epoch no. 368 of 500 (samples: 99009)
INFO:root:Loss: 479.0107 +/- 0.369
INFO:root:Epoch no. 369 of 500 (samples: 99009)
INFO:root:Loss: 478.1503 +/- 0.259
INFO:root:Epoch no. 370 of 500 (samples: 99009)
INFO:root:Loss: 477.119 +/- 0.3549
INFO:root:Epoch no. 371 of 500 (samples: 99009)
INFO:root:Loss: 476.2038 +/- 0.3312
INFO:root:Epoch no. 372 of 500 (samples: 99009)
INFO:root:Loss: 475.3128 +/- 0.3234
INFO:root:Epoch no. 373 of 500 (samples: 99009)
INFO:root:Loss: 474.3787 +/- 0.3034
INFO:root:Epoch no. 374 of 500 (samples: 99009)
INFO:root:Loss: 473.5718 +/- 0.3442
INFO:root:Epoch no. 375 of 500 (samples: 99009)
INFO:root:Loss: 472.5803 +/- 0.2477
INFO:root:Epoch no. 376 of 500 (samples: 99009)
INFO:root:Loss: 471.5561 +/- 0.302
INFO:root:Epoch no. 377 of 500 (samples: 99009)
INFO:root:Loss: 470.7569 +/- 0.3328
INFO:root:Epoch no. 378 of 500 (samples: 99009)
INFO:root:Loss: 469.9956 +/- 0.3239
INFO:root:Epoch no. 379 of 500 (samples: 99009)
INFO:root:Loss: 469.0337 +/- 0.402
INFO:root:Epoch no. 380 of 500 (samples: 99009)
INFO:root:Loss: 468.252 +/- 0.3319
INFO:root:Epoch no. 381 of 500 (samples: 99009)
INFO:root:Loss: 467.3281 +/- 0.3406
INFO:root:Epoch no. 382 of 500 (samples: 99009)
INFO:root:Loss: 466.3875 +/- 0.2377
INFO:root:Epoch no. 383 of 500 (samples: 99009)
INFO:root:Loss: 465.6269 +/- 0.2384
INFO:root:Epoch no. 384 of 500 (samples: 99009)
INFO:root:Loss: 464.7869 +/- 0.3252
INFO:root:Epoch no. 385 of 500 (samples: 99009)
INFO:root:Loss: 463.9216 +/- 0.1867
INFO:root:Epoch no. 386 of 500 (samples: 99009)
INFO:root:Loss: 463.103 +/- 0.2788
INFO:root:Epoch no. 387 of 500 (samples: 99009)
INFO:root:Loss: 462.2689 +/- 0.2728
INFO:root:Epoch no. 388 of 500 (samples: 99009)
INFO:root:Loss: 461.5089 +/- 0.3026
INFO:root:Epoch no. 389 of 500 (samples: 99009)
INFO:root:Loss: 460.6172 +/- 0.195
INFO:root:Epoch no. 390 of 500 (samples: 99009)
INFO:root:Loss: 459.8701 +/- 0.2609
INFO:root:Epoch no. 391 of 500 (samples: 99009)
INFO:root:Loss: 459.0049 +/- 0.3675
INFO:root:Epoch no. 392 of 500 (samples: 99009)
INFO:root:Loss: 458.2244 +/- 0.3113
INFO:root:Epoch no. 393 of 500 (samples: 99009)
INFO:root:Loss: 457.3403 +/- 0.2608
INFO:root:Epoch no. 394 of 500 (samples: 99009)
INFO:root:Loss: 456.6263 +/- 0.2351
INFO:root:Epoch no. 395 of 500 (samples: 99009)
INFO:root:Loss: 455.6953 +/- 0.3186
INFO:root:Epoch no. 396 of 500 (samples: 99009)
INFO:root:Loss: 455.0527 +/- 0.2824
INFO:root:Epoch no. 397 of 500 (samples: 99009)
INFO:root:Loss: 454.2377 +/- 0.2656
INFO:root:Epoch no. 398 of 500 (samples: 99009)
INFO:root:Loss: 453.3904 +/- 0.2912
INFO:root:Epoch no. 399 of 500 (samples: 99009)
INFO:root:Loss: 452.7675 +/- 0.223
INFO:root:Epoch no. 400 of 500 (samples: 99009)
INFO:root:Loss: 452.0331 +/- 0.2818
INFO:root:Epoch no. 401 of 500 (samples: 99009)
INFO:root:Loss: 451.0898 +/- 0.2419
INFO:root:Epoch no. 402 of 500 (samples: 99009)
INFO:root:Loss: 450.3288 +/- 0.2189
INFO:root:Epoch no. 403 of 500 (samples: 99009)
INFO:root:Loss: 449.6886 +/- 0.174
INFO:root:Epoch no. 404 of 500 (samples: 99009)
INFO:root:Loss: 448.8071 +/- 0.2193
INFO:root:Epoch no. 405 of 500 (samples: 99009)
INFO:root:Loss: 448.1928 +/- 0.2601
INFO:root:Epoch no. 406 of 500 (samples: 99009)
INFO:root:Loss: 447.4368 +/- 0.1954
INFO:root:Epoch no. 407 of 500 (samples: 99009)
INFO:root:Loss: 446.647 +/- 0.2055
INFO:root:Epoch no. 408 of 500 (samples: 99009)
INFO:root:Loss: 445.8724 +/- 0.1944
INFO:root:Epoch no. 409 of 500 (samples: 99009)
INFO:root:Loss: 445.0807 +/- 0.3066
INFO:root:Epoch no. 410 of 500 (samples: 99009)
INFO:root:Loss: 444.5749 +/- 0.2168
INFO:root:Epoch no. 411 of 500 (samples: 99009)
INFO:root:Loss: 443.797 +/- 0.212
INFO:root:Epoch no. 412 of 500 (samples: 99009)
INFO:root:Loss: 443.0413 +/- 0.3627
INFO:root:Epoch no. 413 of 500 (samples: 99009)
INFO:root:Loss: 442.3204 +/- 0.1579
INFO:root:Epoch no. 414 of 500 (samples: 99009)
INFO:root:Loss: 441.6304 +/- 0.2806
INFO:root:Epoch no. 415 of 500 (samples: 99009)
INFO:root:Loss: 441.0017 +/- 0.2692
INFO:root:Epoch no. 416 of 500 (samples: 99009)
INFO:root:Loss: 440.2874 +/- 0.1725
INFO:root:Epoch no. 417 of 500 (samples: 99009)
INFO:root:Loss: 439.5572 +/- 0.2757
INFO:root:Epoch no. 418 of 500 (samples: 99009)
INFO:root:Loss: 438.948 +/- 0.2752
INFO:root:Epoch no. 419 of 500 (samples: 99009)
INFO:root:Loss: 438.2624 +/- 0.3185
INFO:root:Epoch no. 420 of 500 (samples: 99009)
INFO:root:Loss: 437.5417 +/- 0.2618
INFO:root:Epoch no. 421 of 500 (samples: 99009)
INFO:root:Loss: 436.8496 +/- 0.3282
INFO:root:Epoch no. 422 of 500 (samples: 99009)
INFO:root:Loss: 436.1278 +/- 0.1895
INFO:root:Epoch no. 423 of 500 (samples: 99009)
INFO:root:Loss: 435.5675 +/- 0.224
INFO:root:Epoch no. 424 of 500 (samples: 99009)
INFO:root:Loss: 434.7926 +/- 0.2126
INFO:root:Epoch no. 425 of 500 (samples: 99009)
INFO:root:Loss: 434.2216 +/- 0.173
INFO:root:Epoch no. 426 of 500 (samples: 99009)
INFO:root:Loss: 433.4606 +/- 0.2517
INFO:root:Epoch no. 427 of 500 (samples: 99009)
INFO:root:Loss: 432.808 +/- 0.2325
INFO:root:Epoch no. 428 of 500 (samples: 99009)
INFO:root:Loss: 432.1891 +/- 0.195
INFO:root:Epoch no. 429 of 500 (samples: 99009)
INFO:root:Loss: 431.5829 +/- 0.2496
INFO:root:Epoch no. 430 of 500 (samples: 99009)
INFO:root:Loss: 430.8564 +/- 0.2397
INFO:root:Epoch no. 431 of 500 (samples: 99009)
INFO:root:Loss: 430.3119 +/- 0.239
INFO:root:Epoch no. 432 of 500 (samples: 99009)
INFO:root:Loss: 429.631 +/- 0.3614
INFO:root:Epoch no. 433 of 500 (samples: 99009)
INFO:root:Loss: 429.0497 +/- 0.2237
INFO:root:Epoch no. 434 of 500 (samples: 99009)
INFO:root:Loss: 428.4355 +/- 0.2928
INFO:root:Epoch no. 435 of 500 (samples: 99009)
INFO:root:Loss: 427.922 +/- 0.25
INFO:root:Epoch no. 436 of 500 (samples: 99009)
INFO:root:Loss: 427.1294 +/- 0.2185
INFO:root:Epoch no. 437 of 500 (samples: 99009)
INFO:root:Loss: 426.628 +/- 0.2844
INFO:root:Epoch no. 438 of 500 (samples: 99009)
INFO:root:Loss: 425.908 +/- 0.1884
INFO:root:Epoch no. 439 of 500 (samples: 99009)
INFO:root:Loss: 425.323 +/- 0.2898
INFO:root:Epoch no. 440 of 500 (samples: 99009)
INFO:root:Loss: 424.6909 +/- 0.219
INFO:root:Epoch no. 441 of 500 (samples: 99009)
INFO:root:Loss: 424.0871 +/- 0.2409
INFO:root:Epoch no. 442 of 500 (samples: 99009)
INFO:root:Loss: 423.4811 +/- 0.1902
INFO:root:Epoch no. 443 of 500 (samples: 99009)
INFO:root:Loss: 422.9559 +/- 0.145
INFO:root:Epoch no. 444 of 500 (samples: 99009)
INFO:root:Loss: 422.383 +/- 0.1626
INFO:root:Epoch no. 445 of 500 (samples: 99009)
INFO:root:Loss: 421.792 +/- 0.2464
INFO:root:Epoch no. 446 of 500 (samples: 99009)
INFO:root:Loss: 421.1466 +/- 0.1825
INFO:root:Epoch no. 447 of 500 (samples: 99009)
INFO:root:Loss: 420.5836 +/- 0.2706
INFO:root:Epoch no. 448 of 500 (samples: 99009)
INFO:root:Loss: 420.0669 +/- 0.1316
INFO:root:Epoch no. 449 of 500 (samples: 99009)
INFO:root:Loss: 419.4818 +/- 0.2013
INFO:root:Epoch no. 450 of 500 (samples: 99009)
INFO:root:Loss: 418.8476 +/- 0.225
INFO:root:Epoch no. 451 of 500 (samples: 99009)
INFO:root:Loss: 418.3518 +/- 0.2066
INFO:root:Epoch no. 452 of 500 (samples: 99009)
INFO:root:Loss: 417.9603 +/- 0.2257
INFO:root:Epoch no. 453 of 500 (samples: 99009)
INFO:root:Loss: 417.2737 +/- 0.2503
INFO:root:Epoch no. 454 of 500 (samples: 99009)
INFO:root:Loss: 416.7502 +/- 0.1939
INFO:root:Epoch no. 455 of 500 (samples: 99009)
INFO:root:Loss: 416.1178 +/- 0.2033
INFO:root:Epoch no. 456 of 500 (samples: 99009)
INFO:root:Loss: 415.58 +/- 0.2598
INFO:root:Epoch no. 457 of 500 (samples: 99009)
INFO:root:Loss: 415.0643 +/- 0.1261
INFO:root:Epoch no. 458 of 500 (samples: 99009)
INFO:root:Loss: 414.5358 +/- 0.2151
INFO:root:Epoch no. 459 of 500 (samples: 99009)
INFO:root:Loss: 413.9719 +/- 0.1967
INFO:root:Epoch no. 460 of 500 (samples: 99009)
INFO:root:Loss: 413.3671 +/- 0.2071
INFO:root:Epoch no. 461 of 500 (samples: 99009)
INFO:root:Loss: 412.9756 +/- 0.277
INFO:root:Epoch no. 462 of 500 (samples: 99009)
INFO:root:Loss: 412.3856 +/- 0.2262
INFO:root:Epoch no. 463 of 500 (samples: 99009)
INFO:root:Loss: 411.8343 +/- 0.1582
INFO:root:Epoch no. 464 of 500 (samples: 99009)
INFO:root:Loss: 411.3326 +/- 0.2383
INFO:root:Epoch no. 465 of 500 (samples: 99009)
INFO:root:Loss: 410.7997 +/- 0.3024
INFO:root:Epoch no. 466 of 500 (samples: 99009)
INFO:root:Loss: 410.3261 +/- 0.137
INFO:root:Epoch no. 467 of 500 (samples: 99009)
INFO:root:Loss: 409.8648 +/- 0.2107
INFO:root:Epoch no. 468 of 500 (samples: 99009)
INFO:root:Loss: 409.2411 +/- 0.2067
INFO:root:Epoch no. 469 of 500 (samples: 99009)
INFO:root:Loss: 408.764 +/- 0.1502
INFO:root:Epoch no. 470 of 500 (samples: 99009)
INFO:root:Loss: 408.3375 +/- 0.2542
INFO:root:Epoch no. 471 of 500 (samples: 99009)
INFO:root:Loss: 407.7764 +/- 0.2407
INFO:root:Epoch no. 472 of 500 (samples: 99009)
INFO:root:Loss: 407.2123 +/- 0.2281
INFO:root:Epoch no. 473 of 500 (samples: 99009)
INFO:root:Loss: 406.9587 +/- 0.186
INFO:root:Epoch no. 474 of 500 (samples: 99009)
INFO:root:Loss: 406.3601 +/- 0.1768
INFO:root:Epoch no. 475 of 500 (samples: 99009)
INFO:root:Loss: 405.7862 +/- 0.2453
INFO:root:Epoch no. 476 of 500 (samples: 99009)
INFO:root:Loss: 405.2762 +/- 0.1996
INFO:root:Epoch no. 477 of 500 (samples: 99009)
INFO:root:Loss: 404.7603 +/- 0.1887
INFO:root:Epoch no. 478 of 500 (samples: 99009)
INFO:root:Loss: 404.4921 +/- 0.2874
INFO:root:Epoch no. 479 of 500 (samples: 99009)
INFO:root:Loss: 403.9752 +/- 0.3067
INFO:root:Epoch no. 480 of 500 (samples: 99009)
INFO:root:Loss: 403.3463 +/- 0.1738
INFO:root:Epoch no. 481 of 500 (samples: 99009)
INFO:root:Loss: 402.9226 +/- 0.2696
INFO:root:Epoch no. 482 of 500 (samples: 99009)
INFO:root:Loss: 402.4851 +/- 0.2728
INFO:root:Epoch no. 483 of 500 (samples: 99009)
INFO:root:Loss: 402.093 +/- 0.2165
INFO:root:Epoch no. 484 of 500 (samples: 99009)
INFO:root:Loss: 401.4474 +/- 0.1212
INFO:root:Epoch no. 485 of 500 (samples: 99009)
INFO:root:Loss: 400.9935 +/- 0.1276
INFO:root:Epoch no. 486 of 500 (samples: 99009)
INFO:root:Loss: 400.6255 +/- 0.1626
INFO:root:Epoch no. 487 of 500 (samples: 99009)
INFO:root:Loss: 400.141 +/- 0.2107
INFO:root:Epoch no. 488 of 500 (samples: 99009)
INFO:root:Loss: 399.7691 +/- 0.2311
INFO:root:Epoch no. 489 of 500 (samples: 99009)
INFO:root:Loss: 399.2434 +/- 0.1811
INFO:root:Epoch no. 490 of 500 (samples: 99009)
INFO:root:Loss: 398.763 +/- 0.105
INFO:root:Epoch no. 491 of 500 (samples: 99009)
INFO:root:Loss: 398.328 +/- 0.1542
INFO:root:Epoch no. 492 of 500 (samples: 99009)
INFO:root:Loss: 397.828 +/- 0.2644
INFO:root:Epoch no. 493 of 500 (samples: 99009)
INFO:root:Loss: 397.438 +/- 0.1864
INFO:root:Epoch no. 494 of 500 (samples: 99009)
INFO:root:Loss: 396.9359 +/- 0.2031
INFO:root:Epoch no. 495 of 500 (samples: 99009)
INFO:root:Loss: 396.5416 +/- 0.1246
INFO:root:Epoch no. 496 of 500 (samples: 99009)
INFO:root:Loss: 396.1219 +/- 0.146
INFO:root:Epoch no. 497 of 500 (samples: 99009)
INFO:root:Loss: 395.6155 +/- 0.1914
INFO:root:Epoch no. 498 of 500 (samples: 99009)
INFO:root:Loss: 395.3125 +/- 0.2098
INFO:root:Epoch no. 499 of 500 (samples: 99009)
INFO:root:Loss: 394.8894 +/- 0.3446
INFO:root:Epoch no. 500 of 500 (samples: 99009)
INFO:root:Loss: 394.4695 +/- 0.2554
/home/insight/.local/lib/python3.4/site-packages/Keras-1.0.1-py3.4.egg/keras/backend/theano_backend.py:489: UserWarning: theano.function was asked to create a function computing outputs given certain inputs, but the provided input variable at index 2 is not part of the computational graph needed to compute the outputs: keras_learning_phase.
To make this warning into an error, you can pass the parameter on_unused_input='raise' to theano.function. To disable it completely, use on_unused_input='ignore'.
  **kwargs)
INFO:root:### MICRO (validation raw):
INFO:root:	-- left   >> mean: 5488.0526, median: 328.5, mrr: 0.127, hits@1: 7.16%
INFO:root:	-- right  >> mean: 5521.825, median: 294.0, mrr: 0.132, hits@1: 7.26%
INFO:root:	-- global >> mean: 5504.9388, median: 310.0, mrr: 0.13, hits@1: 7.21%
INFO:root:### MICRO (validation raw):
INFO:root:	-- left   >> mean: 5488.0526, median: 328.5, mrr: 0.127, hits@3: 14.36%
INFO:root:	-- right  >> mean: 5521.825, median: 294.0, mrr: 0.132, hits@3: 14.92%
INFO:root:	-- global >> mean: 5504.9388, median: 310.0, mrr: 0.13, hits@3: 14.64%
INFO:root:### MICRO (validation raw):
INFO:root:	-- left   >> mean: 5488.0526, median: 328.5, mrr: 0.127, hits@5: 18.52%
INFO:root:	-- right  >> mean: 5521.825, median: 294.0, mrr: 0.132, hits@5: 19.62%
INFO:root:	-- global >> mean: 5504.9388, median: 310.0, mrr: 0.13, hits@5: 19.07%
INFO:root:### MICRO (validation raw):
INFO:root:	-- left   >> mean: 5488.0526, median: 328.5, mrr: 0.127, hits@10: 24.26%
INFO:root:	-- right  >> mean: 5521.825, median: 294.0, mrr: 0.132, hits@10: 26.06%
INFO:root:	-- global >> mean: 5504.9388, median: 310.0, mrr: 0.13, hits@10: 25.16%
INFO:root:### MICRO (validation filtered):
INFO:root:	-- left   >> mean: 5476.7906, median: 297.5, mrr: 0.145, hits@1: 9.0%
INFO:root:	-- right  >> mean: 5510.5486, median: 254.5, mrr: 0.154, hits@1: 9.44%
INFO:root:	-- global >> mean: 5493.6696, median: 278.0, mrr: 0.15, hits@1: 9.22%
INFO:root:### MICRO (validation filtered):
INFO:root:	-- left   >> mean: 5476.7906, median: 297.5, mrr: 0.145, hits@3: 16.26%
INFO:root:	-- right  >> mean: 5510.5486, median: 254.5, mrr: 0.154, hits@3: 17.24%
INFO:root:	-- global >> mean: 5493.6696, median: 278.0, mrr: 0.15, hits@3: 16.75%
INFO:root:### MICRO (validation filtered):
INFO:root:	-- left   >> mean: 5476.7906, median: 297.5, mrr: 0.145, hits@5: 20.34%
INFO:root:	-- right  >> mean: 5510.5486, median: 254.5, mrr: 0.154, hits@5: 21.78%
INFO:root:	-- global >> mean: 5493.6696, median: 278.0, mrr: 0.15, hits@5: 21.06%
INFO:root:### MICRO (validation filtered):
INFO:root:	-- left   >> mean: 5476.7906, median: 297.5, mrr: 0.145, hits@10: 25.76%
INFO:root:	-- right  >> mean: 5510.5486, median: 254.5, mrr: 0.154, hits@10: 28.32%
INFO:root:	-- global >> mean: 5493.6696, median: 278.0, mrr: 0.15, hits@10: 27.04%
INFO:root:### MICRO (test raw):
INFO:root:	-- left   >> mean: 5577.3452, median: 342.5, mrr: 0.129, hits@1: 7.44%
INFO:root:	-- right  >> mean: 5428.9996, median: 323.5, mrr: 0.139, hits@1: 8.02%
INFO:root:	-- global >> mean: 5503.1724, median: 334.0, mrr: 0.134, hits@1: 7.73%
INFO:root:### MICRO (test raw):
INFO:root:	-- left   >> mean: 5577.3452, median: 342.5, mrr: 0.129, hits@3: 14.42%
INFO:root:	-- right  >> mean: 5428.9996, median: 323.5, mrr: 0.139, hits@3: 15.72%
INFO:root:	-- global >> mean: 5503.1724, median: 334.0, mrr: 0.134, hits@3: 15.07%
INFO:root:### MICRO (test raw):
INFO:root:	-- left   >> mean: 5577.3452, median: 342.5, mrr: 0.129, hits@5: 18.52%
INFO:root:	-- right  >> mean: 5428.9996, median: 323.5, mrr: 0.139, hits@5: 20.24%
INFO:root:	-- global >> mean: 5503.1724, median: 334.0, mrr: 0.134, hits@5: 19.38%
INFO:root:### MICRO (test raw):
INFO:root:	-- left   >> mean: 5577.3452, median: 342.5, mrr: 0.129, hits@10: 24.64%
INFO:root:	-- right  >> mean: 5428.9996, median: 323.5, mrr: 0.139, hits@10: 26.12%
INFO:root:	-- global >> mean: 5503.1724, median: 334.0, mrr: 0.134, hits@10: 25.38%
INFO:root:### MICRO (test filtered):
INFO:root:	-- left   >> mean: 5565.683, median: 322.5, mrr: 0.148, hits@1: 9.14%
INFO:root:	-- right  >> mean: 5418.3222, median: 281.0, mrr: 0.158, hits@1: 9.6%
INFO:root:	-- global >> mean: 5492.0026, median: 300.5, mrr: 0.153, hits@1: 9.37%
INFO:root:### MICRO (test filtered):
INFO:root:	-- left   >> mean: 5565.683, median: 322.5, mrr: 0.148, hits@3: 16.72%
INFO:root:	-- right  >> mean: 5418.3222, median: 281.0, mrr: 0.158, hits@3: 17.84%
INFO:root:	-- global >> mean: 5492.0026, median: 300.5, mrr: 0.153, hits@3: 17.28%
INFO:root:### MICRO (test filtered):
INFO:root:	-- left   >> mean: 5565.683, median: 322.5, mrr: 0.148, hits@5: 20.54%
INFO:root:	-- right  >> mean: 5418.3222, median: 281.0, mrr: 0.158, hits@5: 22.8%
INFO:root:	-- global >> mean: 5492.0026, median: 300.5, mrr: 0.153, hits@5: 21.67%
INFO:root:### MICRO (test filtered):
INFO:root:	-- left   >> mean: 5565.683, median: 322.5, mrr: 0.148, hits@10: 26.42%
INFO:root:	-- right  >> mean: 5418.3222, median: 281.0, mrr: 0.158, hits@10: 28.32%
INFO:root:	-- global >> mean: 5492.0026, median: 300.5, mrr: 0.153, hits@10: 27.37%
