Using Theano backend.
INFO:root:Acquiring data/wn18/wordnet-mlj12-train.txt ..
INFO:root:Acquiring data/wn18/wordnet-mlj12-valid.txt ..
INFO:root:Acquiring data/wn18/wordnet-mlj12-test.txt ..
INFO:root:[Rules] Adding Head: 15, Tail: [(10, True)]
INFO:root:[Rules] Adding Head: 12, Tail: [(17, True)]
INFO:root:[Rules] Adding Head: 4, Tail: [(5, True)]
INFO:root:[Rules] Adding Head: 13, Tail: [(3, True)]
INFO:root:[Rules] Adding Head: 5, Tail: [(4, True)]
INFO:root:[Rules] Adding Head: 16, Tail: [(11, True)]
INFO:root:[Rules] Adding Head: 17, Tail: [(12, True)]
INFO:root:[Rules] Adding Head: 11, Tail: [(16, True)]
INFO:root:[Rules] Adding Head: 8, Tail: [(9, True)]
INFO:root:[Rules] Adding Head: 2, Tail: [(2, True)]
INFO:root:Samples: 42433, no. batches: 10 -> batch size: 4244
INFO:root:Epoch no. 1 of 500 (samples: 42433)
INFO:root:Loss: 3668.6223 +/- 5243.1322
INFO:root:Epoch no. 2 of 500 (samples: 42433)
INFO:root:Loss: 402.9795 +/- 9.6589
INFO:root:Epoch no. 3 of 500 (samples: 42433)
INFO:root:Loss: 297.98 +/- 5.8132
INFO:root:Epoch no. 4 of 500 (samples: 42433)
INFO:root:Loss: 248.5351 +/- 6.1946
INFO:root:Epoch no. 5 of 500 (samples: 42433)
INFO:root:Loss: 219.1743 +/- 5.8049
INFO:root:Epoch no. 6 of 500 (samples: 42433)
INFO:root:Loss: 198.3005 +/- 5.6285
INFO:root:Epoch no. 7 of 500 (samples: 42433)
INFO:root:Loss: 183.3521 +/- 3.9604
INFO:root:Epoch no. 8 of 500 (samples: 42433)
INFO:root:Loss: 170.6813 +/- 2.1707
INFO:root:Epoch no. 9 of 500 (samples: 42433)
INFO:root:Loss: 162.1297 +/- 4.0954
INFO:root:Epoch no. 10 of 500 (samples: 42433)
INFO:root:Loss: 154.2775 +/- 4.6205
INFO:root:Epoch no. 11 of 500 (samples: 42433)
INFO:root:Loss: 148.5303 +/- 3.629
INFO:root:Epoch no. 12 of 500 (samples: 42433)
INFO:root:Loss: 142.422 +/- 2.8542
INFO:root:Epoch no. 13 of 500 (samples: 42433)
INFO:root:Loss: 137.9781 +/- 2.6367
INFO:root:Epoch no. 14 of 500 (samples: 42433)
INFO:root:Loss: 133.7892 +/- 3.2555
INFO:root:Epoch no. 15 of 500 (samples: 42433)
INFO:root:Loss: 130.9221 +/- 3.1151
INFO:root:Epoch no. 16 of 500 (samples: 42433)
INFO:root:Loss: 128.5149 +/- 3.2579
INFO:root:Epoch no. 17 of 500 (samples: 42433)
INFO:root:Loss: 124.6066 +/- 2.561
INFO:root:Epoch no. 18 of 500 (samples: 42433)
INFO:root:Loss: 121.8347 +/- 2.148
INFO:root:Epoch no. 19 of 500 (samples: 42433)
INFO:root:Loss: 120.5461 +/- 2.7252
INFO:root:Epoch no. 20 of 500 (samples: 42433)
INFO:root:Loss: 118.4326 +/- 2.2112
INFO:root:Epoch no. 21 of 500 (samples: 42433)
INFO:root:Loss: 116.8119 +/- 1.5994
INFO:root:Epoch no. 22 of 500 (samples: 42433)
INFO:root:Loss: 114.9568 +/- 1.3521
INFO:root:Epoch no. 23 of 500 (samples: 42433)
INFO:root:Loss: 113.4801 +/- 1.9769
INFO:root:Epoch no. 24 of 500 (samples: 42433)
INFO:root:Loss: 111.124 +/- 2.1248
INFO:root:Epoch no. 25 of 500 (samples: 42433)
INFO:root:Loss: 111.0693 +/- 1.4202
INFO:root:Epoch no. 26 of 500 (samples: 42433)
INFO:root:Loss: 109.423 +/- 1.8651
INFO:root:Epoch no. 27 of 500 (samples: 42433)
INFO:root:Loss: 107.3339 +/- 1.9366
INFO:root:Epoch no. 28 of 500 (samples: 42433)
INFO:root:Loss: 106.926 +/- 1.5858
INFO:root:Epoch no. 29 of 500 (samples: 42433)
INFO:root:Loss: 105.4917 +/- 1.3887
INFO:root:Epoch no. 30 of 500 (samples: 42433)
INFO:root:Loss: 105.0494 +/- 1.7225
INFO:root:Epoch no. 31 of 500 (samples: 42433)
INFO:root:Loss: 104.9063 +/- 2.2072
INFO:root:Epoch no. 32 of 500 (samples: 42433)
INFO:root:Loss: 103.7925 +/- 0.8641
INFO:root:Epoch no. 33 of 500 (samples: 42433)
INFO:root:Loss: 102.2524 +/- 1.342
INFO:root:Epoch no. 34 of 500 (samples: 42433)
INFO:root:Loss: 102.1042 +/- 2.0083
INFO:root:Epoch no. 35 of 500 (samples: 42433)
INFO:root:Loss: 101.7472 +/- 2.0792
INFO:root:Epoch no. 36 of 500 (samples: 42433)
INFO:root:Loss: 100.4048 +/- 1.6255
INFO:root:Epoch no. 37 of 500 (samples: 42433)
INFO:root:Loss: 99.5685 +/- 1.5033
INFO:root:Epoch no. 38 of 500 (samples: 42433)
INFO:root:Loss: 98.3559 +/- 2.0281
INFO:root:Epoch no. 39 of 500 (samples: 42433)
INFO:root:Loss: 97.3049 +/- 1.7811
INFO:root:Epoch no. 40 of 500 (samples: 42433)
INFO:root:Loss: 98.3528 +/- 1.6976
INFO:root:Epoch no. 41 of 500 (samples: 42433)
INFO:root:Loss: 97.694 +/- 1.6959
INFO:root:Epoch no. 42 of 500 (samples: 42433)
INFO:root:Loss: 96.8675 +/- 2.0273
INFO:root:Epoch no. 43 of 500 (samples: 42433)
INFO:root:Loss: 96.5692 +/- 1.5722
INFO:root:Epoch no. 44 of 500 (samples: 42433)
INFO:root:Loss: 94.7149 +/- 1.4215
INFO:root:Epoch no. 45 of 500 (samples: 42433)
INFO:root:Loss: 94.9108 +/- 1.7954
INFO:root:Epoch no. 46 of 500 (samples: 42433)
INFO:root:Loss: 94.7082 +/- 1.3417
INFO:root:Epoch no. 47 of 500 (samples: 42433)
INFO:root:Loss: 94.4508 +/- 1.6465
INFO:root:Epoch no. 48 of 500 (samples: 42433)
INFO:root:Loss: 94.2202 +/- 2.0699
INFO:root:Epoch no. 49 of 500 (samples: 42433)
INFO:root:Loss: 93.7849 +/- 0.9219
INFO:root:Epoch no. 50 of 500 (samples: 42433)
INFO:root:Loss: 93.1894 +/- 1.6031
INFO:root:Epoch no. 51 of 500 (samples: 42433)
INFO:root:Loss: 93.0595 +/- 1.1247
INFO:root:Epoch no. 52 of 500 (samples: 42433)
INFO:root:Loss: 92.6536 +/- 2.4478
INFO:root:Epoch no. 53 of 500 (samples: 42433)
INFO:root:Loss: 92.537 +/- 1.2299
INFO:root:Epoch no. 54 of 500 (samples: 42433)
INFO:root:Loss: 91.6286 +/- 1.9662
INFO:root:Epoch no. 55 of 500 (samples: 42433)
INFO:root:Loss: 91.2588 +/- 1.229
INFO:root:Epoch no. 56 of 500 (samples: 42433)
INFO:root:Loss: 90.369 +/- 1.1391
INFO:root:Epoch no. 57 of 500 (samples: 42433)
INFO:root:Loss: 91.083 +/- 1.0414
INFO:root:Epoch no. 58 of 500 (samples: 42433)
INFO:root:Loss: 90.738 +/- 0.9825
INFO:root:Epoch no. 59 of 500 (samples: 42433)
INFO:root:Loss: 90.3959 +/- 1.0929
INFO:root:Epoch no. 60 of 500 (samples: 42433)
INFO:root:Loss: 89.8416 +/- 1.5911
INFO:root:Epoch no. 61 of 500 (samples: 42433)
INFO:root:Loss: 89.3721 +/- 1.6006
INFO:root:Epoch no. 62 of 500 (samples: 42433)
INFO:root:Loss: 88.9145 +/- 1.1242
INFO:root:Epoch no. 63 of 500 (samples: 42433)
INFO:root:Loss: 89.1908 +/- 0.5132
INFO:root:Epoch no. 64 of 500 (samples: 42433)
INFO:root:Loss: 88.3007 +/- 1.4126
INFO:root:Epoch no. 65 of 500 (samples: 42433)
INFO:root:Loss: 88.0008 +/- 1.5904
INFO:root:Epoch no. 66 of 500 (samples: 42433)
INFO:root:Loss: 88.1337 +/- 0.9838
INFO:root:Epoch no. 67 of 500 (samples: 42433)
INFO:root:Loss: 87.6253 +/- 1.3722
INFO:root:Epoch no. 68 of 500 (samples: 42433)
INFO:root:Loss: 87.9536 +/- 1.5871
INFO:root:Epoch no. 69 of 500 (samples: 42433)
INFO:root:Loss: 87.3895 +/- 1.281
INFO:root:Epoch no. 70 of 500 (samples: 42433)
INFO:root:Loss: 87.3687 +/- 0.9557
INFO:root:Epoch no. 71 of 500 (samples: 42433)
INFO:root:Loss: 86.1926 +/- 1.5101
INFO:root:Epoch no. 72 of 500 (samples: 42433)
INFO:root:Loss: 87.5951 +/- 1.7415
INFO:root:Epoch no. 73 of 500 (samples: 42433)
INFO:root:Loss: 86.3709 +/- 1.3265
INFO:root:Epoch no. 74 of 500 (samples: 42433)
INFO:root:Loss: 86.7556 +/- 1.6315
INFO:root:Epoch no. 75 of 500 (samples: 42433)
INFO:root:Loss: 86.2514 +/- 1.1655
INFO:root:Epoch no. 76 of 500 (samples: 42433)
INFO:root:Loss: 86.7247 +/- 1.0257
INFO:root:Epoch no. 77 of 500 (samples: 42433)
INFO:root:Loss: 86.2646 +/- 1.1549
INFO:root:Epoch no. 78 of 500 (samples: 42433)
INFO:root:Loss: 85.5246 +/- 1.6425
INFO:root:Epoch no. 79 of 500 (samples: 42433)
INFO:root:Loss: 85.0585 +/- 1.5115
INFO:root:Epoch no. 80 of 500 (samples: 42433)
INFO:root:Loss: 85.0013 +/- 1.2015
INFO:root:Epoch no. 81 of 500 (samples: 42433)
INFO:root:Loss: 84.5458 +/- 1.333
INFO:root:Epoch no. 82 of 500 (samples: 42433)
INFO:root:Loss: 84.7501 +/- 1.0269
INFO:root:Epoch no. 83 of 500 (samples: 42433)
INFO:root:Loss: 84.401 +/- 1.655
INFO:root:Epoch no. 84 of 500 (samples: 42433)
INFO:root:Loss: 84.7334 +/- 1.0944
INFO:root:Epoch no. 85 of 500 (samples: 42433)
INFO:root:Loss: 83.8687 +/- 1.61
INFO:root:Epoch no. 86 of 500 (samples: 42433)
INFO:root:Loss: 84.4327 +/- 1.1819
INFO:root:Epoch no. 87 of 500 (samples: 42433)
INFO:root:Loss: 83.6548 +/- 0.6599
INFO:root:Epoch no. 88 of 500 (samples: 42433)
INFO:root:Loss: 84.443 +/- 1.0513
INFO:root:Epoch no. 89 of 500 (samples: 42433)
INFO:root:Loss: 84.0073 +/- 1.1496
INFO:root:Epoch no. 90 of 500 (samples: 42433)
INFO:root:Loss: 83.818 +/- 1.4487
INFO:root:Epoch no. 91 of 500 (samples: 42433)
INFO:root:Loss: 83.142 +/- 1.1928
INFO:root:Epoch no. 92 of 500 (samples: 42433)
INFO:root:Loss: 83.2336 +/- 0.8991
INFO:root:Epoch no. 93 of 500 (samples: 42433)
INFO:root:Loss: 82.9874 +/- 0.8471
INFO:root:Epoch no. 94 of 500 (samples: 42433)
INFO:root:Loss: 82.6593 +/- 0.8066
INFO:root:Epoch no. 95 of 500 (samples: 42433)
INFO:root:Loss: 82.0382 +/- 1.1972
INFO:root:Epoch no. 96 of 500 (samples: 42433)
INFO:root:Loss: 82.531 +/- 1.0213
INFO:root:Epoch no. 97 of 500 (samples: 42433)
INFO:root:Loss: 82.3318 +/- 0.9914
INFO:root:Epoch no. 98 of 500 (samples: 42433)
INFO:root:Loss: 81.4825 +/- 0.7914
INFO:root:Epoch no. 99 of 500 (samples: 42433)
INFO:root:Loss: 81.9366 +/- 1.2299
INFO:root:Epoch no. 100 of 500 (samples: 42433)
INFO:root:Loss: 81.6114 +/- 1.241
INFO:root:Epoch no. 101 of 500 (samples: 42433)
INFO:root:Loss: 82.0017 +/- 0.9772
INFO:root:Epoch no. 102 of 500 (samples: 42433)
INFO:root:Loss: 81.1865 +/- 1.8569
INFO:root:Epoch no. 103 of 500 (samples: 42433)
INFO:root:Loss: 81.0303 +/- 1.6722
INFO:root:Epoch no. 104 of 500 (samples: 42433)
INFO:root:Loss: 81.2651 +/- 0.9417
INFO:root:Epoch no. 105 of 500 (samples: 42433)
INFO:root:Loss: 80.9052 +/- 1.0954
INFO:root:Epoch no. 106 of 500 (samples: 42433)
INFO:root:Loss: 80.4639 +/- 0.8571
INFO:root:Epoch no. 107 of 500 (samples: 42433)
INFO:root:Loss: 80.7382 +/- 1.1867
INFO:root:Epoch no. 108 of 500 (samples: 42433)
INFO:root:Loss: 80.4734 +/- 1.6062
INFO:root:Epoch no. 109 of 500 (samples: 42433)
INFO:root:Loss: 80.5006 +/- 1.5853
INFO:root:Epoch no. 110 of 500 (samples: 42433)
INFO:root:Loss: 80.5158 +/- 1.5964
INFO:root:Epoch no. 111 of 500 (samples: 42433)
INFO:root:Loss: 80.5945 +/- 0.8075
INFO:root:Epoch no. 112 of 500 (samples: 42433)
INFO:root:Loss: 80.0455 +/- 0.9958
INFO:root:Epoch no. 113 of 500 (samples: 42433)
INFO:root:Loss: 80.1472 +/- 1.1172
INFO:root:Epoch no. 114 of 500 (samples: 42433)
INFO:root:Loss: 80.0675 +/- 1.1249
INFO:root:Epoch no. 115 of 500 (samples: 42433)
INFO:root:Loss: 79.7677 +/- 1.0423
INFO:root:Epoch no. 116 of 500 (samples: 42433)
INFO:root:Loss: 80.1062 +/- 1.8498
INFO:root:Epoch no. 117 of 500 (samples: 42433)
INFO:root:Loss: 79.9632 +/- 1.3914
INFO:root:Epoch no. 118 of 500 (samples: 42433)
INFO:root:Loss: 79.6019 +/- 1.2256
INFO:root:Epoch no. 119 of 500 (samples: 42433)
INFO:root:Loss: 79.1502 +/- 1.5231
INFO:root:Epoch no. 120 of 500 (samples: 42433)
INFO:root:Loss: 79.2204 +/- 1.2669
INFO:root:Epoch no. 121 of 500 (samples: 42433)
INFO:root:Loss: 79.3104 +/- 1.2663
INFO:root:Epoch no. 122 of 500 (samples: 42433)
INFO:root:Loss: 78.3786 +/- 1.7784
INFO:root:Epoch no. 123 of 500 (samples: 42433)
INFO:root:Loss: 79.3583 +/- 1.0376
INFO:root:Epoch no. 124 of 500 (samples: 42433)
INFO:root:Loss: 78.5565 +/- 0.8231
INFO:root:Epoch no. 125 of 500 (samples: 42433)
INFO:root:Loss: 78.1072 +/- 0.8469
INFO:root:Epoch no. 126 of 500 (samples: 42433)
INFO:root:Loss: 78.7594 +/- 0.9559
INFO:root:Epoch no. 127 of 500 (samples: 42433)
INFO:root:Loss: 78.2245 +/- 1.0544
INFO:root:Epoch no. 128 of 500 (samples: 42433)
INFO:root:Loss: 77.7955 +/- 1.0923
INFO:root:Epoch no. 129 of 500 (samples: 42433)
INFO:root:Loss: 77.8614 +/- 1.654
INFO:root:Epoch no. 130 of 500 (samples: 42433)
INFO:root:Loss: 77.4345 +/- 1.1761
INFO:root:Epoch no. 131 of 500 (samples: 42433)
INFO:root:Loss: 77.7513 +/- 0.9184
INFO:root:Epoch no. 132 of 500 (samples: 42433)
INFO:root:Loss: 78.0065 +/- 0.897
INFO:root:Epoch no. 133 of 500 (samples: 42433)
INFO:root:Loss: 77.4827 +/- 1.9825
INFO:root:Epoch no. 134 of 500 (samples: 42433)
INFO:root:Loss: 77.4329 +/- 1.5514
INFO:root:Epoch no. 135 of 500 (samples: 42433)
INFO:root:Loss: 78.2319 +/- 1.1428
INFO:root:Epoch no. 136 of 500 (samples: 42433)
INFO:root:Loss: 77.2241 +/- 1.3197
INFO:root:Epoch no. 137 of 500 (samples: 42433)
INFO:root:Loss: 76.9328 +/- 1.592
INFO:root:Epoch no. 138 of 500 (samples: 42433)
INFO:root:Loss: 76.936 +/- 1.0708
INFO:root:Epoch no. 139 of 500 (samples: 42433)
INFO:root:Loss: 76.7655 +/- 0.9817
INFO:root:Epoch no. 140 of 500 (samples: 42433)
INFO:root:Loss: 77.1505 +/- 0.6637
INFO:root:Epoch no. 141 of 500 (samples: 42433)
INFO:root:Loss: 77.2793 +/- 1.9712
INFO:root:Epoch no. 142 of 500 (samples: 42433)
INFO:root:Loss: 76.9834 +/- 1.3972
INFO:root:Epoch no. 143 of 500 (samples: 42433)
INFO:root:Loss: 77.3493 +/- 1.1607
INFO:root:Epoch no. 144 of 500 (samples: 42433)
INFO:root:Loss: 76.8514 +/- 1.4968
INFO:root:Epoch no. 145 of 500 (samples: 42433)
INFO:root:Loss: 76.6852 +/- 0.8569
INFO:root:Epoch no. 146 of 500 (samples: 42433)
INFO:root:Loss: 76.4144 +/- 1.7148
INFO:root:Epoch no. 147 of 500 (samples: 42433)
INFO:root:Loss: 76.4288 +/- 1.1433
INFO:root:Epoch no. 148 of 500 (samples: 42433)
INFO:root:Loss: 75.9077 +/- 1.924
INFO:root:Epoch no. 149 of 500 (samples: 42433)
INFO:root:Loss: 75.7729 +/- 1.4883
INFO:root:Epoch no. 150 of 500 (samples: 42433)
INFO:root:Loss: 76.0122 +/- 0.856
INFO:root:Epoch no. 151 of 500 (samples: 42433)
INFO:root:Loss: 75.9601 +/- 0.9754
INFO:root:Epoch no. 152 of 500 (samples: 42433)
INFO:root:Loss: 75.6646 +/- 1.1168
INFO:root:Epoch no. 153 of 500 (samples: 42433)
INFO:root:Loss: 75.4352 +/- 0.8466
INFO:root:Epoch no. 154 of 500 (samples: 42433)
INFO:root:Loss: 74.9284 +/- 1.2463
INFO:root:Epoch no. 155 of 500 (samples: 42433)
INFO:root:Loss: 75.1536 +/- 1.4056
INFO:root:Epoch no. 156 of 500 (samples: 42433)
INFO:root:Loss: 76.0847 +/- 1.0567
INFO:root:Epoch no. 157 of 500 (samples: 42433)
INFO:root:Loss: 75.5086 +/- 1.3987
INFO:root:Epoch no. 158 of 500 (samples: 42433)
INFO:root:Loss: 75.0628 +/- 1.3262
INFO:root:Epoch no. 159 of 500 (samples: 42433)
INFO:root:Loss: 74.8941 +/- 0.9832
INFO:root:Epoch no. 160 of 500 (samples: 42433)
INFO:root:Loss: 75.4658 +/- 1.6703
INFO:root:Epoch no. 161 of 500 (samples: 42433)
INFO:root:Loss: 74.5924 +/- 0.7898
INFO:root:Epoch no. 162 of 500 (samples: 42433)
INFO:root:Loss: 74.7411 +/- 1.6153
INFO:root:Epoch no. 163 of 500 (samples: 42433)
INFO:root:Loss: 74.8433 +/- 1.5192
INFO:root:Epoch no. 164 of 500 (samples: 42433)
INFO:root:Loss: 75.0175 +/- 0.9816
INFO:root:Epoch no. 165 of 500 (samples: 42433)
INFO:root:Loss: 75.111 +/- 1.1836
INFO:root:Epoch no. 166 of 500 (samples: 42433)
INFO:root:Loss: 74.6989 +/- 0.7531
INFO:root:Epoch no. 167 of 500 (samples: 42433)
INFO:root:Loss: 74.3747 +/- 1.0101
INFO:root:Epoch no. 168 of 500 (samples: 42433)
INFO:root:Loss: 74.4479 +/- 1.1061
INFO:root:Epoch no. 169 of 500 (samples: 42433)
INFO:root:Loss: 74.3208 +/- 1.3771
INFO:root:Epoch no. 170 of 500 (samples: 42433)
INFO:root:Loss: 74.5759 +/- 1.8688
INFO:root:Epoch no. 171 of 500 (samples: 42433)
INFO:root:Loss: 73.8492 +/- 1.0955
INFO:root:Epoch no. 172 of 500 (samples: 42433)
INFO:root:Loss: 74.2957 +/- 1.1461
INFO:root:Epoch no. 173 of 500 (samples: 42433)
INFO:root:Loss: 74.5557 +/- 0.9425
INFO:root:Epoch no. 174 of 500 (samples: 42433)
INFO:root:Loss: 73.8556 +/- 1.1138
INFO:root:Epoch no. 175 of 500 (samples: 42433)
INFO:root:Loss: 74.0079 +/- 1.377
INFO:root:Epoch no. 176 of 500 (samples: 42433)
INFO:root:Loss: 73.5065 +/- 1.211
INFO:root:Epoch no. 177 of 500 (samples: 42433)
INFO:root:Loss: 73.5952 +/- 1.2488
INFO:root:Epoch no. 178 of 500 (samples: 42433)
INFO:root:Loss: 73.9458 +/- 1.1075
INFO:root:Epoch no. 179 of 500 (samples: 42433)
INFO:root:Loss: 73.5346 +/- 0.8322
INFO:root:Epoch no. 180 of 500 (samples: 42433)
INFO:root:Loss: 73.8943 +/- 0.9094
INFO:root:Epoch no. 181 of 500 (samples: 42433)
INFO:root:Loss: 74.2986 +/- 1.0072
INFO:root:Epoch no. 182 of 500 (samples: 42433)
INFO:root:Loss: 73.1948 +/- 1.0401
INFO:root:Epoch no. 183 of 500 (samples: 42433)
INFO:root:Loss: 73.6097 +/- 1.6028
INFO:root:Epoch no. 184 of 500 (samples: 42433)
INFO:root:Loss: 72.3076 +/- 1.1227
INFO:root:Epoch no. 185 of 500 (samples: 42433)
INFO:root:Loss: 72.3902 +/- 1.0396
INFO:root:Epoch no. 186 of 500 (samples: 42433)
INFO:root:Loss: 72.5358 +/- 0.8954
INFO:root:Epoch no. 187 of 500 (samples: 42433)
INFO:root:Loss: 72.8794 +/- 0.9853
INFO:root:Epoch no. 188 of 500 (samples: 42433)
INFO:root:Loss: 72.6115 +/- 0.7225
INFO:root:Epoch no. 189 of 500 (samples: 42433)
INFO:root:Loss: 73.0992 +/- 1.3661
INFO:root:Epoch no. 190 of 500 (samples: 42433)
INFO:root:Loss: 73.1279 +/- 1.3013
INFO:root:Epoch no. 191 of 500 (samples: 42433)
INFO:root:Loss: 72.6801 +/- 1.1564
INFO:root:Epoch no. 192 of 500 (samples: 42433)
INFO:root:Loss: 72.0827 +/- 1.6137
INFO:root:Epoch no. 193 of 500 (samples: 42433)
INFO:root:Loss: 72.682 +/- 0.8156
INFO:root:Epoch no. 194 of 500 (samples: 42433)
INFO:root:Loss: 72.739 +/- 0.9707
INFO:root:Epoch no. 195 of 500 (samples: 42433)
INFO:root:Loss: 72.6802 +/- 0.9693
INFO:root:Epoch no. 196 of 500 (samples: 42433)
INFO:root:Loss: 71.8238 +/- 1.263
INFO:root:Epoch no. 197 of 500 (samples: 42433)
INFO:root:Loss: 72.2499 +/- 1.3912
INFO:root:Epoch no. 198 of 500 (samples: 42433)
INFO:root:Loss: 71.8833 +/- 0.8954
INFO:root:Epoch no. 199 of 500 (samples: 42433)
INFO:root:Loss: 71.8273 +/- 1.4903
INFO:root:Epoch no. 200 of 500 (samples: 42433)
INFO:root:Loss: 72.8693 +/- 1.4628
INFO:root:Epoch no. 201 of 500 (samples: 42433)
INFO:root:Loss: 71.4998 +/- 0.9237
INFO:root:Epoch no. 202 of 500 (samples: 42433)
INFO:root:Loss: 72.1369 +/- 1.2619
INFO:root:Epoch no. 203 of 500 (samples: 42433)
INFO:root:Loss: 71.9723 +/- 0.9927
INFO:root:Epoch no. 204 of 500 (samples: 42433)
INFO:root:Loss: 72.2002 +/- 0.9139
INFO:root:Epoch no. 205 of 500 (samples: 42433)
INFO:root:Loss: 71.3441 +/- 1.0365
INFO:root:Epoch no. 206 of 500 (samples: 42433)
INFO:root:Loss: 71.6733 +/- 1.1993
INFO:root:Epoch no. 207 of 500 (samples: 42433)
INFO:root:Loss: 71.2245 +/- 1.2718
INFO:root:Epoch no. 208 of 500 (samples: 42433)
INFO:root:Loss: 71.1784 +/- 1.4197
INFO:root:Epoch no. 209 of 500 (samples: 42433)
INFO:root:Loss: 71.408 +/- 1.0769
INFO:root:Epoch no. 210 of 500 (samples: 42433)
INFO:root:Loss: 71.8254 +/- 1.336
INFO:root:Epoch no. 211 of 500 (samples: 42433)
INFO:root:Loss: 71.3774 +/- 1.0014
INFO:root:Epoch no. 212 of 500 (samples: 42433)
INFO:root:Loss: 70.7477 +/- 1.0097
INFO:root:Epoch no. 213 of 500 (samples: 42433)
INFO:root:Loss: 70.8038 +/- 0.9476
INFO:root:Epoch no. 214 of 500 (samples: 42433)
INFO:root:Loss: 71.0881 +/- 1.3245
INFO:root:Epoch no. 215 of 500 (samples: 42433)
INFO:root:Loss: 70.7533 +/- 0.884
INFO:root:Epoch no. 216 of 500 (samples: 42433)
INFO:root:Loss: 71.0029 +/- 1.0441
INFO:root:Epoch no. 217 of 500 (samples: 42433)
INFO:root:Loss: 71.4186 +/- 1.3468
INFO:root:Epoch no. 218 of 500 (samples: 42433)
INFO:root:Loss: 71.0689 +/- 0.828
INFO:root:Epoch no. 219 of 500 (samples: 42433)
INFO:root:Loss: 70.7768 +/- 1.3638
INFO:root:Epoch no. 220 of 500 (samples: 42433)
INFO:root:Loss: 71.0659 +/- 0.9408
INFO:root:Epoch no. 221 of 500 (samples: 42433)
INFO:root:Loss: 69.9018 +/- 1.5467
INFO:root:Epoch no. 222 of 500 (samples: 42433)
INFO:root:Loss: 70.9492 +/- 1.1209
INFO:root:Epoch no. 223 of 500 (samples: 42433)
INFO:root:Loss: 70.1811 +/- 1.1383
INFO:root:Epoch no. 224 of 500 (samples: 42433)
INFO:root:Loss: 70.3418 +/- 1.5212
INFO:root:Epoch no. 225 of 500 (samples: 42433)
INFO:root:Loss: 70.4563 +/- 1.1566
INFO:root:Epoch no. 226 of 500 (samples: 42433)
INFO:root:Loss: 70.5309 +/- 1.3673
INFO:root:Epoch no. 227 of 500 (samples: 42433)
INFO:root:Loss: 70.1848 +/- 1.0473
INFO:root:Epoch no. 228 of 500 (samples: 42433)
INFO:root:Loss: 70.1695 +/- 1.2161
INFO:root:Epoch no. 229 of 500 (samples: 42433)
INFO:root:Loss: 69.586 +/- 1.5169
INFO:root:Epoch no. 230 of 500 (samples: 42433)
INFO:root:Loss: 70.2987 +/- 1.3919
INFO:root:Epoch no. 231 of 500 (samples: 42433)
INFO:root:Loss: 69.9883 +/- 1.3076
INFO:root:Epoch no. 232 of 500 (samples: 42433)
INFO:root:Loss: 70.5793 +/- 1.2109
INFO:root:Epoch no. 233 of 500 (samples: 42433)
INFO:root:Loss: 69.9879 +/- 1.276
INFO:root:Epoch no. 234 of 500 (samples: 42433)
INFO:root:Loss: 69.9004 +/- 0.9827
INFO:root:Epoch no. 235 of 500 (samples: 42433)
INFO:root:Loss: 70.0212 +/- 1.5151
INFO:root:Epoch no. 236 of 500 (samples: 42433)
INFO:root:Loss: 69.9105 +/- 1.1467
INFO:root:Epoch no. 237 of 500 (samples: 42433)
INFO:root:Loss: 69.6657 +/- 1.1391
INFO:root:Epoch no. 238 of 500 (samples: 42433)
INFO:root:Loss: 69.2614 +/- 0.8833
INFO:root:Epoch no. 239 of 500 (samples: 42433)
INFO:root:Loss: 69.0686 +/- 0.9814
INFO:root:Epoch no. 240 of 500 (samples: 42433)
INFO:root:Loss: 69.8833 +/- 0.8833
INFO:root:Epoch no. 241 of 500 (samples: 42433)
INFO:root:Loss: 69.3704 +/- 1.1007
INFO:root:Epoch no. 242 of 500 (samples: 42433)
INFO:root:Loss: 69.2297 +/- 0.5666
INFO:root:Epoch no. 243 of 500 (samples: 42433)
INFO:root:Loss: 69.5276 +/- 0.875
INFO:root:Epoch no. 244 of 500 (samples: 42433)
INFO:root:Loss: 69.3284 +/- 0.7376
INFO:root:Epoch no. 245 of 500 (samples: 42433)
INFO:root:Loss: 68.6141 +/- 1.4001
INFO:root:Epoch no. 246 of 500 (samples: 42433)
INFO:root:Loss: 69.299 +/- 1.1845
INFO:root:Epoch no. 247 of 500 (samples: 42433)
INFO:root:Loss: 69.058 +/- 0.8401
INFO:root:Epoch no. 248 of 500 (samples: 42433)
INFO:root:Loss: 68.879 +/- 0.7971
INFO:root:Epoch no. 249 of 500 (samples: 42433)
INFO:root:Loss: 68.742 +/- 1.1281
INFO:root:Epoch no. 250 of 500 (samples: 42433)
INFO:root:Loss: 68.5838 +/- 0.8516
INFO:root:Epoch no. 251 of 500 (samples: 42433)
INFO:root:Loss: 68.7273 +/- 1.2146
INFO:root:Epoch no. 252 of 500 (samples: 42433)
INFO:root:Loss: 68.3294 +/- 0.9406
INFO:root:Epoch no. 253 of 500 (samples: 42433)
INFO:root:Loss: 68.0236 +/- 0.8113
INFO:root:Epoch no. 254 of 500 (samples: 42433)
INFO:root:Loss: 68.4095 +/- 1.0685
INFO:root:Epoch no. 255 of 500 (samples: 42433)
INFO:root:Loss: 68.6457 +/- 1.241
INFO:root:Epoch no. 256 of 500 (samples: 42433)
INFO:root:Loss: 68.3781 +/- 1.4613
INFO:root:Epoch no. 257 of 500 (samples: 42433)
INFO:root:Loss: 69.0258 +/- 0.8274
INFO:root:Epoch no. 258 of 500 (samples: 42433)
INFO:root:Loss: 68.4153 +/- 1.051
INFO:root:Epoch no. 259 of 500 (samples: 42433)
INFO:root:Loss: 68.1305 +/- 1.1688
INFO:root:Epoch no. 260 of 500 (samples: 42433)
INFO:root:Loss: 68.3615 +/- 1.2796
INFO:root:Epoch no. 261 of 500 (samples: 42433)
INFO:root:Loss: 67.7671 +/- 1.0596
INFO:root:Epoch no. 262 of 500 (samples: 42433)
INFO:root:Loss: 68.2255 +/- 1.2949
INFO:root:Epoch no. 263 of 500 (samples: 42433)
INFO:root:Loss: 68.162 +/- 1.0146
INFO:root:Epoch no. 264 of 500 (samples: 42433)
INFO:root:Loss: 68.3344 +/- 1.3947
INFO:root:Epoch no. 265 of 500 (samples: 42433)
INFO:root:Loss: 67.99 +/- 1.6048
INFO:root:Epoch no. 266 of 500 (samples: 42433)
INFO:root:Loss: 67.5924 +/- 1.056
INFO:root:Epoch no. 267 of 500 (samples: 42433)
INFO:root:Loss: 67.676 +/- 0.8281
INFO:root:Epoch no. 268 of 500 (samples: 42433)
INFO:root:Loss: 68.015 +/- 0.8913
INFO:root:Epoch no. 269 of 500 (samples: 42433)
INFO:root:Loss: 67.9288 +/- 0.8718
INFO:root:Epoch no. 270 of 500 (samples: 42433)
INFO:root:Loss: 67.7269 +/- 1.2301
INFO:root:Epoch no. 271 of 500 (samples: 42433)
INFO:root:Loss: 67.9959 +/- 1.1952
INFO:root:Epoch no. 272 of 500 (samples: 42433)
INFO:root:Loss: 67.4335 +/- 0.9097
INFO:root:Epoch no. 273 of 500 (samples: 42433)
INFO:root:Loss: 67.864 +/- 1.2284
INFO:root:Epoch no. 274 of 500 (samples: 42433)
INFO:root:Loss: 67.9408 +/- 1.5129
INFO:root:Epoch no. 275 of 500 (samples: 42433)
INFO:root:Loss: 67.1762 +/- 1.7564
INFO:root:Epoch no. 276 of 500 (samples: 42433)
INFO:root:Loss: 67.6087 +/- 0.8213
INFO:root:Epoch no. 277 of 500 (samples: 42433)
INFO:root:Loss: 68.0097 +/- 1.3307
INFO:root:Epoch no. 278 of 500 (samples: 42433)
INFO:root:Loss: 67.1558 +/- 1.384
INFO:root:Epoch no. 279 of 500 (samples: 42433)
INFO:root:Loss: 67.2233 +/- 1.2737
INFO:root:Epoch no. 280 of 500 (samples: 42433)
INFO:root:Loss: 67.1843 +/- 1.3525
INFO:root:Epoch no. 281 of 500 (samples: 42433)
INFO:root:Loss: 67.884 +/- 0.9526
INFO:root:Epoch no. 282 of 500 (samples: 42433)
INFO:root:Loss: 67.2981 +/- 1.072
INFO:root:Epoch no. 283 of 500 (samples: 42433)
INFO:root:Loss: 67.1289 +/- 1.3124
INFO:root:Epoch no. 284 of 500 (samples: 42433)
INFO:root:Loss: 66.9025 +/- 1.0389
INFO:root:Epoch no. 285 of 500 (samples: 42433)
INFO:root:Loss: 66.6317 +/- 1.8645
INFO:root:Epoch no. 286 of 500 (samples: 42433)
INFO:root:Loss: 66.6153 +/- 1.1163
INFO:root:Epoch no. 287 of 500 (samples: 42433)
INFO:root:Loss: 66.7387 +/- 0.7437
INFO:root:Epoch no. 288 of 500 (samples: 42433)
INFO:root:Loss: 66.6253 +/- 1.2456
INFO:root:Epoch no. 289 of 500 (samples: 42433)
INFO:root:Loss: 66.6609 +/- 1.1128
INFO:root:Epoch no. 290 of 500 (samples: 42433)
INFO:root:Loss: 66.4082 +/- 0.6049
INFO:root:Epoch no. 291 of 500 (samples: 42433)
INFO:root:Loss: 66.8422 +/- 0.5807
INFO:root:Epoch no. 292 of 500 (samples: 42433)
INFO:root:Loss: 66.5847 +/- 1.5367
INFO:root:Epoch no. 293 of 500 (samples: 42433)
INFO:root:Loss: 66.4621 +/- 1.5805
INFO:root:Epoch no. 294 of 500 (samples: 42433)
INFO:root:Loss: 66.5844 +/- 0.8183
INFO:root:Epoch no. 295 of 500 (samples: 42433)
INFO:root:Loss: 65.9697 +/- 1.3618
INFO:root:Epoch no. 296 of 500 (samples: 42433)
INFO:root:Loss: 66.7641 +/- 1.1425
INFO:root:Epoch no. 297 of 500 (samples: 42433)
INFO:root:Loss: 67.0064 +/- 1.089
INFO:root:Epoch no. 298 of 500 (samples: 42433)
INFO:root:Loss: 66.2532 +/- 0.4487
INFO:root:Epoch no. 299 of 500 (samples: 42433)
INFO:root:Loss: 66.4282 +/- 1.5788
INFO:root:Epoch no. 300 of 500 (samples: 42433)
INFO:root:Loss: 65.9374 +/- 1.6162
INFO:root:Epoch no. 301 of 500 (samples: 42433)
INFO:root:Loss: 66.9384 +/- 0.8591
INFO:root:Epoch no. 302 of 500 (samples: 42433)
INFO:root:Loss: 65.7762 +/- 1.4559
INFO:root:Epoch no. 303 of 500 (samples: 42433)
INFO:root:Loss: 65.7387 +/- 0.8246
INFO:root:Epoch no. 304 of 500 (samples: 42433)
INFO:root:Loss: 65.897 +/- 1.0539
INFO:root:Epoch no. 305 of 500 (samples: 42433)
INFO:root:Loss: 65.8969 +/- 1.0525
INFO:root:Epoch no. 306 of 500 (samples: 42433)
INFO:root:Loss: 65.8697 +/- 0.9259
INFO:root:Epoch no. 307 of 500 (samples: 42433)
INFO:root:Loss: 65.8698 +/- 0.8959
INFO:root:Epoch no. 308 of 500 (samples: 42433)
INFO:root:Loss: 65.9354 +/- 0.8714
INFO:root:Epoch no. 309 of 500 (samples: 42433)
INFO:root:Loss: 66.1684 +/- 0.5756
INFO:root:Epoch no. 310 of 500 (samples: 42433)
INFO:root:Loss: 65.7997 +/- 1.0509
INFO:root:Epoch no. 311 of 500 (samples: 42433)
INFO:root:Loss: 65.5266 +/- 1.2977
INFO:root:Epoch no. 312 of 500 (samples: 42433)
INFO:root:Loss: 65.4493 +/- 0.9764
INFO:root:Epoch no. 313 of 500 (samples: 42433)
INFO:root:Loss: 65.2974 +/- 1.0382
INFO:root:Epoch no. 314 of 500 (samples: 42433)
INFO:root:Loss: 66.0322 +/- 0.7675
INFO:root:Epoch no. 315 of 500 (samples: 42433)
INFO:root:Loss: 65.6516 +/- 0.83
INFO:root:Epoch no. 316 of 500 (samples: 42433)
INFO:root:Loss: 65.6181 +/- 0.8782
INFO:root:Epoch no. 317 of 500 (samples: 42433)
INFO:root:Loss: 64.9369 +/- 0.9616
INFO:root:Epoch no. 318 of 500 (samples: 42433)
INFO:root:Loss: 64.8042 +/- 0.9099
INFO:root:Epoch no. 319 of 500 (samples: 42433)
INFO:root:Loss: 65.2383 +/- 1.0557
INFO:root:Epoch no. 320 of 500 (samples: 42433)
INFO:root:Loss: 65.1701 +/- 0.8841
INFO:root:Epoch no. 321 of 500 (samples: 42433)
INFO:root:Loss: 65.7747 +/- 1.5429
INFO:root:Epoch no. 322 of 500 (samples: 42433)
INFO:root:Loss: 65.6075 +/- 1.3094
INFO:root:Epoch no. 323 of 500 (samples: 42433)
INFO:root:Loss: 65.1955 +/- 0.64
INFO:root:Epoch no. 324 of 500 (samples: 42433)
INFO:root:Loss: 65.8408 +/- 1.2465
INFO:root:Epoch no. 325 of 500 (samples: 42433)
INFO:root:Loss: 64.8223 +/- 1.2313
INFO:root:Epoch no. 326 of 500 (samples: 42433)
INFO:root:Loss: 64.955 +/- 0.796
INFO:root:Epoch no. 327 of 500 (samples: 42433)
INFO:root:Loss: 65.0048 +/- 1.0405
INFO:root:Epoch no. 328 of 500 (samples: 42433)
INFO:root:Loss: 65.2971 +/- 1.1732
INFO:root:Epoch no. 329 of 500 (samples: 42433)
INFO:root:Loss: 64.9102 +/- 1.3668
INFO:root:Epoch no. 330 of 500 (samples: 42433)
INFO:root:Loss: 65.0835 +/- 1.5817
INFO:root:Epoch no. 331 of 500 (samples: 42433)
INFO:root:Loss: 65.2756 +/- 0.7898
INFO:root:Epoch no. 332 of 500 (samples: 42433)
INFO:root:Loss: 64.3905 +/- 0.7294
INFO:root:Epoch no. 333 of 500 (samples: 42433)
INFO:root:Loss: 65.1886 +/- 0.8365
INFO:root:Epoch no. 334 of 500 (samples: 42433)
INFO:root:Loss: 65.8504 +/- 1.1307
INFO:root:Epoch no. 335 of 500 (samples: 42433)
INFO:root:Loss: 65.3068 +/- 1.1288
INFO:root:Epoch no. 336 of 500 (samples: 42433)
INFO:root:Loss: 65.4618 +/- 0.9325
INFO:root:Epoch no. 337 of 500 (samples: 42433)
INFO:root:Loss: 64.5911 +/- 0.8663
INFO:root:Epoch no. 338 of 500 (samples: 42433)
INFO:root:Loss: 65.095 +/- 0.9412
INFO:root:Epoch no. 339 of 500 (samples: 42433)
INFO:root:Loss: 65.0578 +/- 1.3654
INFO:root:Epoch no. 340 of 500 (samples: 42433)
INFO:root:Loss: 65.3754 +/- 1.4098
INFO:root:Epoch no. 341 of 500 (samples: 42433)
INFO:root:Loss: 64.5871 +/- 1.3036
INFO:root:Epoch no. 342 of 500 (samples: 42433)
INFO:root:Loss: 64.837 +/- 0.9179
INFO:root:Epoch no. 343 of 500 (samples: 42433)
INFO:root:Loss: 64.5652 +/- 0.7559
INFO:root:Epoch no. 344 of 500 (samples: 42433)
INFO:root:Loss: 64.7025 +/- 1.1381
INFO:root:Epoch no. 345 of 500 (samples: 42433)
INFO:root:Loss: 64.8613 +/- 1.1393
INFO:root:Epoch no. 346 of 500 (samples: 42433)
INFO:root:Loss: 63.9446 +/- 1.4818
INFO:root:Epoch no. 347 of 500 (samples: 42433)
INFO:root:Loss: 64.3915 +/- 1.189
INFO:root:Epoch no. 348 of 500 (samples: 42433)
INFO:root:Loss: 64.6678 +/- 1.3159
INFO:root:Epoch no. 349 of 500 (samples: 42433)
INFO:root:Loss: 64.9281 +/- 1.1347
INFO:root:Epoch no. 350 of 500 (samples: 42433)
INFO:root:Loss: 64.6783 +/- 0.9509
INFO:root:Epoch no. 351 of 500 (samples: 42433)
INFO:root:Loss: 64.3485 +/- 0.9101
INFO:root:Epoch no. 352 of 500 (samples: 42433)
INFO:root:Loss: 64.3157 +/- 1.1027
INFO:root:Epoch no. 353 of 500 (samples: 42433)
INFO:root:Loss: 64.2469 +/- 0.7519
INFO:root:Epoch no. 354 of 500 (samples: 42433)
INFO:root:Loss: 64.2793 +/- 1.2724
INFO:root:Epoch no. 355 of 500 (samples: 42433)
INFO:root:Loss: 64.917 +/- 0.9471
INFO:root:Epoch no. 356 of 500 (samples: 42433)
INFO:root:Loss: 64.3457 +/- 0.8608
INFO:root:Epoch no. 357 of 500 (samples: 42433)
INFO:root:Loss: 64.3935 +/- 0.937
INFO:root:Epoch no. 358 of 500 (samples: 42433)
INFO:root:Loss: 64.0339 +/- 0.996
INFO:root:Epoch no. 359 of 500 (samples: 42433)
INFO:root:Loss: 64.6369 +/- 0.8928
INFO:root:Epoch no. 360 of 500 (samples: 42433)
INFO:root:Loss: 64.0898 +/- 1.1402
INFO:root:Epoch no. 361 of 500 (samples: 42433)
INFO:root:Loss: 63.948 +/- 0.8788
INFO:root:Epoch no. 362 of 500 (samples: 42433)
INFO:root:Loss: 64.5624 +/- 1.1027
INFO:root:Epoch no. 363 of 500 (samples: 42433)
INFO:root:Loss: 64.0718 +/- 1.4421
INFO:root:Epoch no. 364 of 500 (samples: 42433)
INFO:root:Loss: 64.4547 +/- 1.5841
INFO:root:Epoch no. 365 of 500 (samples: 42433)
INFO:root:Loss: 64.3111 +/- 1.2992
INFO:root:Epoch no. 366 of 500 (samples: 42433)
INFO:root:Loss: 64.0327 +/- 1.0899
INFO:root:Epoch no. 367 of 500 (samples: 42433)
INFO:root:Loss: 63.6632 +/- 0.9768
INFO:root:Epoch no. 368 of 500 (samples: 42433)
INFO:root:Loss: 64.0479 +/- 0.8354
INFO:root:Epoch no. 369 of 500 (samples: 42433)
INFO:root:Loss: 63.5557 +/- 1.1311
INFO:root:Epoch no. 370 of 500 (samples: 42433)
INFO:root:Loss: 63.4214 +/- 0.7329
INFO:root:Epoch no. 371 of 500 (samples: 42433)
INFO:root:Loss: 63.7835 +/- 0.6243
INFO:root:Epoch no. 372 of 500 (samples: 42433)
INFO:root:Loss: 64.0103 +/- 1.1416
INFO:root:Epoch no. 373 of 500 (samples: 42433)
INFO:root:Loss: 63.6185 +/- 1.0106
INFO:root:Epoch no. 374 of 500 (samples: 42433)
INFO:root:Loss: 63.3068 +/- 1.0404
INFO:root:Epoch no. 375 of 500 (samples: 42433)
INFO:root:Loss: 63.1013 +/- 0.8416
INFO:root:Epoch no. 376 of 500 (samples: 42433)
INFO:root:Loss: 63.7341 +/- 0.7635
INFO:root:Epoch no. 377 of 500 (samples: 42433)
INFO:root:Loss: 64.0102 +/- 1.1055
INFO:root:Epoch no. 378 of 500 (samples: 42433)
INFO:root:Loss: 62.9412 +/- 0.9787
INFO:root:Epoch no. 379 of 500 (samples: 42433)
INFO:root:Loss: 64.2327 +/- 1.0164
INFO:root:Epoch no. 380 of 500 (samples: 42433)
INFO:root:Loss: 63.2943 +/- 0.8025
INFO:root:Epoch no. 381 of 500 (samples: 42433)
INFO:root:Loss: 63.5313 +/- 1.3151
INFO:root:Epoch no. 382 of 500 (samples: 42433)
INFO:root:Loss: 63.6908 +/- 0.9149
INFO:root:Epoch no. 383 of 500 (samples: 42433)
INFO:root:Loss: 62.9043 +/- 0.7195
INFO:root:Epoch no. 384 of 500 (samples: 42433)
INFO:root:Loss: 63.4757 +/- 0.7478
INFO:root:Epoch no. 385 of 500 (samples: 42433)
INFO:root:Loss: 62.2212 +/- 0.7515
INFO:root:Epoch no. 386 of 500 (samples: 42433)
INFO:root:Loss: 62.7999 +/- 0.9896
INFO:root:Epoch no. 387 of 500 (samples: 42433)
INFO:root:Loss: 63.7014 +/- 1.4501
INFO:root:Epoch no. 388 of 500 (samples: 42433)
INFO:root:Loss: 63.3102 +/- 1.0273
INFO:root:Epoch no. 389 of 500 (samples: 42433)
INFO:root:Loss: 63.7124 +/- 0.8474
INFO:root:Epoch no. 390 of 500 (samples: 42433)
INFO:root:Loss: 62.7215 +/- 1.2109
INFO:root:Epoch no. 391 of 500 (samples: 42433)
INFO:root:Loss: 63.7224 +/- 1.0639
INFO:root:Epoch no. 392 of 500 (samples: 42433)
INFO:root:Loss: 63.3041 +/- 1.0688
INFO:root:Epoch no. 393 of 500 (samples: 42433)
INFO:root:Loss: 62.9679 +/- 1.5685
INFO:root:Epoch no. 394 of 500 (samples: 42433)
INFO:root:Loss: 62.7136 +/- 1.5581
INFO:root:Epoch no. 395 of 500 (samples: 42433)
INFO:root:Loss: 63.389 +/- 0.9386
INFO:root:Epoch no. 396 of 500 (samples: 42433)
INFO:root:Loss: 63.1063 +/- 1.0149
INFO:root:Epoch no. 397 of 500 (samples: 42433)
INFO:root:Loss: 62.7065 +/- 1.1834
INFO:root:Epoch no. 398 of 500 (samples: 42433)
INFO:root:Loss: 63.3235 +/- 0.7909
INFO:root:Epoch no. 399 of 500 (samples: 42433)
INFO:root:Loss: 63.0114 +/- 1.1271
INFO:root:Epoch no. 400 of 500 (samples: 42433)
INFO:root:Loss: 63.2917 +/- 1.2169
INFO:root:Epoch no. 401 of 500 (samples: 42433)
INFO:root:Loss: 63.2418 +/- 1.308
INFO:root:Epoch no. 402 of 500 (samples: 42433)
INFO:root:Loss: 63.7231 +/- 0.8839
INFO:root:Epoch no. 403 of 500 (samples: 42433)
INFO:root:Loss: 62.8219 +/- 0.8422
INFO:root:Epoch no. 404 of 500 (samples: 42433)
INFO:root:Loss: 62.4361 +/- 0.9319
INFO:root:Epoch no. 405 of 500 (samples: 42433)
INFO:root:Loss: 62.4396 +/- 1.2482
INFO:root:Epoch no. 406 of 500 (samples: 42433)
INFO:root:Loss: 62.9672 +/- 1.272
INFO:root:Epoch no. 407 of 500 (samples: 42433)
INFO:root:Loss: 62.6204 +/- 0.9693
INFO:root:Epoch no. 408 of 500 (samples: 42433)
INFO:root:Loss: 62.5421 +/- 0.7941
INFO:root:Epoch no. 409 of 500 (samples: 42433)
INFO:root:Loss: 62.7068 +/- 1.3558
INFO:root:Epoch no. 410 of 500 (samples: 42433)
INFO:root:Loss: 63.2073 +/- 1.1731
INFO:root:Epoch no. 411 of 500 (samples: 42433)
INFO:root:Loss: 62.7061 +/- 1.3351
INFO:root:Epoch no. 412 of 500 (samples: 42433)
INFO:root:Loss: 62.5097 +/- 1.1988
INFO:root:Epoch no. 413 of 500 (samples: 42433)
INFO:root:Loss: 62.688 +/- 1.0657
INFO:root:Epoch no. 414 of 500 (samples: 42433)
INFO:root:Loss: 62.058 +/- 1.137
INFO:root:Epoch no. 415 of 500 (samples: 42433)
INFO:root:Loss: 62.2838 +/- 1.5542
INFO:root:Epoch no. 416 of 500 (samples: 42433)
INFO:root:Loss: 62.3164 +/- 0.9299
INFO:root:Epoch no. 417 of 500 (samples: 42433)
INFO:root:Loss: 63.0677 +/- 0.9036
INFO:root:Epoch no. 418 of 500 (samples: 42433)
INFO:root:Loss: 63.1399 +/- 1.0061
INFO:root:Epoch no. 419 of 500 (samples: 42433)
INFO:root:Loss: 62.398 +/- 1.1307
INFO:root:Epoch no. 420 of 500 (samples: 42433)
INFO:root:Loss: 61.9749 +/- 1.2569
INFO:root:Epoch no. 421 of 500 (samples: 42433)
INFO:root:Loss: 62.2886 +/- 1.2973
INFO:root:Epoch no. 422 of 500 (samples: 42433)
INFO:root:Loss: 62.4895 +/- 0.7202
INFO:root:Epoch no. 423 of 500 (samples: 42433)
INFO:root:Loss: 62.2166 +/- 1.1303
INFO:root:Epoch no. 424 of 500 (samples: 42433)
INFO:root:Loss: 61.5589 +/- 1.4381
INFO:root:Epoch no. 425 of 500 (samples: 42433)
INFO:root:Loss: 62.7046 +/- 1.5929
INFO:root:Epoch no. 426 of 500 (samples: 42433)
INFO:root:Loss: 62.3187 +/- 0.6935
INFO:root:Epoch no. 427 of 500 (samples: 42433)
INFO:root:Loss: 62.8352 +/- 1.0743
INFO:root:Epoch no. 428 of 500 (samples: 42433)
INFO:root:Loss: 62.2284 +/- 0.7954
INFO:root:Epoch no. 429 of 500 (samples: 42433)
INFO:root:Loss: 61.3606 +/- 1.2589
INFO:root:Epoch no. 430 of 500 (samples: 42433)
INFO:root:Loss: 62.1026 +/- 1.0049
INFO:root:Epoch no. 431 of 500 (samples: 42433)
INFO:root:Loss: 62.2803 +/- 0.9712
INFO:root:Epoch no. 432 of 500 (samples: 42433)
INFO:root:Loss: 62.3048 +/- 1.0819
INFO:root:Epoch no. 433 of 500 (samples: 42433)
INFO:root:Loss: 62.2759 +/- 1.0831
INFO:root:Epoch no. 434 of 500 (samples: 42433)
INFO:root:Loss: 62.3327 +/- 0.9256
INFO:root:Epoch no. 435 of 500 (samples: 42433)
INFO:root:Loss: 61.469 +/- 1.037
INFO:root:Epoch no. 436 of 500 (samples: 42433)
INFO:root:Loss: 62.0081 +/- 1.7026
INFO:root:Epoch no. 437 of 500 (samples: 42433)
INFO:root:Loss: 61.6102 +/- 0.9234
INFO:root:Epoch no. 438 of 500 (samples: 42433)
INFO:root:Loss: 61.306 +/- 0.6667
INFO:root:Epoch no. 439 of 500 (samples: 42433)
INFO:root:Loss: 61.0658 +/- 1.0684
INFO:root:Epoch no. 440 of 500 (samples: 42433)
INFO:root:Loss: 61.8995 +/- 1.3501
INFO:root:Epoch no. 441 of 500 (samples: 42433)
INFO:root:Loss: 61.9681 +/- 1.1975
INFO:root:Epoch no. 442 of 500 (samples: 42433)
INFO:root:Loss: 61.9879 +/- 0.8785
INFO:root:Epoch no. 443 of 500 (samples: 42433)
INFO:root:Loss: 61.9383 +/- 1.2107
INFO:root:Epoch no. 444 of 500 (samples: 42433)
INFO:root:Loss: 61.836 +/- 0.7567
INFO:root:Epoch no. 445 of 500 (samples: 42433)
INFO:root:Loss: 61.6218 +/- 0.4034
INFO:root:Epoch no. 446 of 500 (samples: 42433)
INFO:root:Loss: 62.4204 +/- 0.681
INFO:root:Epoch no. 447 of 500 (samples: 42433)
INFO:root:Loss: 61.5476 +/- 0.9972
INFO:root:Epoch no. 448 of 500 (samples: 42433)
INFO:root:Loss: 62.0619 +/- 0.7792
INFO:root:Epoch no. 449 of 500 (samples: 42433)
INFO:root:Loss: 61.4769 +/- 0.4886
INFO:root:Epoch no. 450 of 500 (samples: 42433)
INFO:root:Loss: 61.3235 +/- 1.3921
INFO:root:Epoch no. 451 of 500 (samples: 42433)
INFO:root:Loss: 61.2496 +/- 0.8681
INFO:root:Epoch no. 452 of 500 (samples: 42433)
INFO:root:Loss: 61.2578 +/- 1.288
INFO:root:Epoch no. 453 of 500 (samples: 42433)
INFO:root:Loss: 60.974 +/- 0.7501
INFO:root:Epoch no. 454 of 500 (samples: 42433)
INFO:root:Loss: 61.6045 +/- 1.2492
INFO:root:Epoch no. 455 of 500 (samples: 42433)
INFO:root:Loss: 61.6047 +/- 1.1524
INFO:root:Epoch no. 456 of 500 (samples: 42433)
INFO:root:Loss: 61.916 +/- 1.0726
INFO:root:Epoch no. 457 of 500 (samples: 42433)
INFO:root:Loss: 60.9512 +/- 0.9062
INFO:root:Epoch no. 458 of 500 (samples: 42433)
INFO:root:Loss: 60.8721 +/- 0.8413
INFO:root:Epoch no. 459 of 500 (samples: 42433)
INFO:root:Loss: 61.5508 +/- 0.9087
INFO:root:Epoch no. 460 of 500 (samples: 42433)
INFO:root:Loss: 61.5534 +/- 1.1482
INFO:root:Epoch no. 461 of 500 (samples: 42433)
INFO:root:Loss: 61.4768 +/- 1.0679
INFO:root:Epoch no. 462 of 500 (samples: 42433)
INFO:root:Loss: 60.5986 +/- 1.3936
INFO:root:Epoch no. 463 of 500 (samples: 42433)
INFO:root:Loss: 60.8773 +/- 0.6839
INFO:root:Epoch no. 464 of 500 (samples: 42433)
INFO:root:Loss: 61.2466 +/- 1.3117
INFO:root:Epoch no. 465 of 500 (samples: 42433)
INFO:root:Loss: 61.5179 +/- 0.6558
INFO:root:Epoch no. 466 of 500 (samples: 42433)
INFO:root:Loss: 61.6125 +/- 1.088
INFO:root:Epoch no. 467 of 500 (samples: 42433)
INFO:root:Loss: 61.6346 +/- 0.7788
INFO:root:Epoch no. 468 of 500 (samples: 42433)
INFO:root:Loss: 61.5871 +/- 0.7379
INFO:root:Epoch no. 469 of 500 (samples: 42433)
INFO:root:Loss: 60.9461 +/- 0.9497
INFO:root:Epoch no. 470 of 500 (samples: 42433)
INFO:root:Loss: 60.9963 +/- 0.8321
INFO:root:Epoch no. 471 of 500 (samples: 42433)
INFO:root:Loss: 61.5146 +/- 0.6998
INFO:root:Epoch no. 472 of 500 (samples: 42433)
INFO:root:Loss: 61.274 +/- 1.1236
INFO:root:Epoch no. 473 of 500 (samples: 42433)
INFO:root:Loss: 61.1425 +/- 1.14
INFO:root:Epoch no. 474 of 500 (samples: 42433)
INFO:root:Loss: 61.1199 +/- 1.1746
INFO:root:Epoch no. 475 of 500 (samples: 42433)
INFO:root:Loss: 60.9564 +/- 0.8291
INFO:root:Epoch no. 476 of 500 (samples: 42433)
INFO:root:Loss: 60.7143 +/- 0.8701
INFO:root:Epoch no. 477 of 500 (samples: 42433)
INFO:root:Loss: 60.8725 +/- 1.1767
INFO:root:Epoch no. 478 of 500 (samples: 42433)
INFO:root:Loss: 60.8066 +/- 0.7376
INFO:root:Epoch no. 479 of 500 (samples: 42433)
INFO:root:Loss: 60.8072 +/- 1.1625
INFO:root:Epoch no. 480 of 500 (samples: 42433)
INFO:root:Loss: 60.3896 +/- 1.0174
INFO:root:Epoch no. 481 of 500 (samples: 42433)
INFO:root:Loss: 61.3871 +/- 1.0839
INFO:root:Epoch no. 482 of 500 (samples: 42433)
INFO:root:Loss: 61.2681 +/- 1.436
INFO:root:Epoch no. 483 of 500 (samples: 42433)
INFO:root:Loss: 60.6745 +/- 0.9638
INFO:root:Epoch no. 484 of 500 (samples: 42433)
INFO:root:Loss: 61.4298 +/- 1.1819
INFO:root:Epoch no. 485 of 500 (samples: 42433)
INFO:root:Loss: 60.9391 +/- 1.1745
INFO:root:Epoch no. 486 of 500 (samples: 42433)
INFO:root:Loss: 60.771 +/- 0.4025
INFO:root:Epoch no. 487 of 500 (samples: 42433)
INFO:root:Loss: 60.9143 +/- 1.3532
INFO:root:Epoch no. 488 of 500 (samples: 42433)
INFO:root:Loss: 60.7281 +/- 1.1746
INFO:root:Epoch no. 489 of 500 (samples: 42433)
INFO:root:Loss: 60.6477 +/- 0.6668
INFO:root:Epoch no. 490 of 500 (samples: 42433)
INFO:root:Loss: 60.5488 +/- 0.5159
INFO:root:Epoch no. 491 of 500 (samples: 42433)
INFO:root:Loss: 60.6578 +/- 1.6805
INFO:root:Epoch no. 492 of 500 (samples: 42433)
INFO:root:Loss: 60.6725 +/- 1.1019
INFO:root:Epoch no. 493 of 500 (samples: 42433)
INFO:root:Loss: 60.9404 +/- 0.812
INFO:root:Epoch no. 494 of 500 (samples: 42433)
INFO:root:Loss: 60.7908 +/- 0.9942
INFO:root:Epoch no. 495 of 500 (samples: 42433)
INFO:root:Loss: 61.1766 +/- 1.328
INFO:root:Epoch no. 496 of 500 (samples: 42433)
INFO:root:Loss: 61.1331 +/- 1.4334
INFO:root:Epoch no. 497 of 500 (samples: 42433)
INFO:root:Loss: 60.8838 +/- 0.8895
INFO:root:Epoch no. 498 of 500 (samples: 42433)
INFO:root:Loss: 60.4189 +/- 0.8866
INFO:root:Epoch no. 499 of 500 (samples: 42433)
INFO:root:Loss: 60.6496 +/- 0.924
INFO:root:Epoch no. 500 of 500 (samples: 42433)
INFO:root:Loss: 60.8731 +/- 1.1415
/home/insight/.local/lib/python3.4/site-packages/Keras-1.0.1-py3.4.egg/keras/backend/theano_backend.py:489: UserWarning: theano.function was asked to create a function computing outputs given certain inputs, but the provided input variable at index 2 is not part of the computational graph needed to compute the outputs: keras_learning_phase.
To make this warning into an error, you can pass the parameter on_unused_input='raise' to theano.function. To disable it completely, use on_unused_input='ignore'.
  **kwargs)
INFO:root:### MICRO (validation raw):
INFO:root:	-- left   >> mean: 11606.1244, median: 3166.0, mrr: 0.074, hits@1: 0.04%
INFO:root:	-- right  >> mean: 10592.996, median: 2541.0, mrr: 0.092, hits@1: 4.24%
INFO:root:	-- global >> mean: 11099.5602, median: 2757.5, mrr: 0.083, hits@1: 2.14%
INFO:root:### MICRO (validation raw):
INFO:root:	-- left   >> mean: 11606.1244, median: 3166.0, mrr: 0.074, hits@3: 11.28%
INFO:root:	-- right  >> mean: 10592.996, median: 2541.0, mrr: 0.092, hits@3: 11.34%
INFO:root:	-- global >> mean: 11099.5602, median: 2757.5, mrr: 0.083, hits@3: 11.31%
INFO:root:### MICRO (validation raw):
INFO:root:	-- left   >> mean: 11606.1244, median: 3166.0, mrr: 0.074, hits@5: 16.38%
INFO:root:	-- right  >> mean: 10592.996, median: 2541.0, mrr: 0.092, hits@5: 14.54%
INFO:root:	-- global >> mean: 11099.5602, median: 2757.5, mrr: 0.083, hits@5: 15.46%
INFO:root:### MICRO (validation raw):
INFO:root:	-- left   >> mean: 11606.1244, median: 3166.0, mrr: 0.074, hits@10: 21.84%
INFO:root:	-- right  >> mean: 10592.996, median: 2541.0, mrr: 0.092, hits@10: 19.2%
INFO:root:	-- global >> mean: 11099.5602, median: 2757.5, mrr: 0.083, hits@10: 20.52%
INFO:root:### MICRO (validation filtered):
INFO:root:	-- left   >> mean: 11601.2888, median: 3157.0, mrr: 0.081, hits@1: 0.04%
INFO:root:	-- right  >> mean: 10587.8446, median: 2535.0, mrr: 0.098, hits@1: 4.48%
INFO:root:	-- global >> mean: 11094.5667, median: 2736.5, mrr: 0.089, hits@1: 2.26%
INFO:root:### MICRO (validation filtered):
INFO:root:	-- left   >> mean: 11601.2888, median: 3157.0, mrr: 0.081, hits@3: 12.8%
INFO:root:	-- right  >> mean: 10587.8446, median: 2535.0, mrr: 0.098, hits@3: 12.12%
INFO:root:	-- global >> mean: 11094.5667, median: 2736.5, mrr: 0.089, hits@3: 12.46%
INFO:root:### MICRO (validation filtered):
INFO:root:	-- left   >> mean: 11601.2888, median: 3157.0, mrr: 0.081, hits@5: 17.88%
INFO:root:	-- right  >> mean: 10587.8446, median: 2535.0, mrr: 0.098, hits@5: 15.54%
INFO:root:	-- global >> mean: 11094.5667, median: 2736.5, mrr: 0.089, hits@5: 16.71%
INFO:root:### MICRO (validation filtered):
INFO:root:	-- left   >> mean: 11601.2888, median: 3157.0, mrr: 0.081, hits@10: 23.2%
INFO:root:	-- right  >> mean: 10587.8446, median: 2535.0, mrr: 0.098, hits@10: 19.9%
INFO:root:	-- global >> mean: 11094.5667, median: 2736.5, mrr: 0.089, hits@10: 21.55%
INFO:root:### MICRO (test raw):
INFO:root:	-- left   >> mean: 11639.0192, median: 4458.5, mrr: 0.075, hits@1: 0.0%
INFO:root:	-- right  >> mean: 10579.619, median: 3321.0, mrr: 0.095, hits@1: 4.46%
INFO:root:	-- global >> mean: 11109.3191, median: 3835.5, mrr: 0.085, hits@1: 2.23%
INFO:root:### MICRO (test raw):
INFO:root:	-- left   >> mean: 11639.0192, median: 4458.5, mrr: 0.075, hits@3: 11.26%
INFO:root:	-- right  >> mean: 10579.619, median: 3321.0, mrr: 0.095, hits@3: 11.62%
INFO:root:	-- global >> mean: 11109.3191, median: 3835.5, mrr: 0.085, hits@3: 11.44%
INFO:root:### MICRO (test raw):
INFO:root:	-- left   >> mean: 11639.0192, median: 4458.5, mrr: 0.075, hits@5: 16.74%
INFO:root:	-- right  >> mean: 10579.619, median: 3321.0, mrr: 0.095, hits@5: 15.12%
INFO:root:	-- global >> mean: 11109.3191, median: 3835.5, mrr: 0.085, hits@5: 15.93%
INFO:root:### MICRO (test raw):
INFO:root:	-- left   >> mean: 11639.0192, median: 4458.5, mrr: 0.075, hits@10: 22.34%
INFO:root:	-- right  >> mean: 10579.619, median: 3321.0, mrr: 0.095, hits@10: 19.12%
INFO:root:	-- global >> mean: 11109.3191, median: 3835.5, mrr: 0.085, hits@10: 20.73%
INFO:root:### MICRO (test filtered):
INFO:root:	-- left   >> mean: 11633.9352, median: 4457.5, mrr: 0.081, hits@1: 0.0%
INFO:root:	-- right  >> mean: 10574.7336, median: 3321.0, mrr: 0.101, hits@1: 4.72%
INFO:root:	-- global >> mean: 11104.3344, median: 3832.0, mrr: 0.091, hits@1: 2.36%
INFO:root:### MICRO (test filtered):
INFO:root:	-- left   >> mean: 11633.9352, median: 4457.5, mrr: 0.081, hits@3: 13.02%
INFO:root:	-- right  >> mean: 10574.7336, median: 3321.0, mrr: 0.101, hits@3: 12.7%
INFO:root:	-- global >> mean: 11104.3344, median: 3832.0, mrr: 0.091, hits@3: 12.86%
INFO:root:### MICRO (test filtered):
INFO:root:	-- left   >> mean: 11633.9352, median: 4457.5, mrr: 0.081, hits@5: 18.1%
INFO:root:	-- right  >> mean: 10574.7336, median: 3321.0, mrr: 0.101, hits@5: 16.06%
INFO:root:	-- global >> mean: 11104.3344, median: 3832.0, mrr: 0.091, hits@5: 17.08%
INFO:root:### MICRO (test filtered):
INFO:root:	-- left   >> mean: 11633.9352, median: 4457.5, mrr: 0.081, hits@10: 23.46%
INFO:root:	-- right  >> mean: 10574.7336, median: 3321.0, mrr: 0.101, hits@10: 19.8%
INFO:root:	-- global >> mean: 11104.3344, median: 3832.0, mrr: 0.091, hits@10: 21.63%
