Using Theano backend.
INFO:root:Acquiring data/wn18/wordnet-mlj12-train.txt ..
INFO:root:Acquiring data/wn18/wordnet-mlj12-valid.txt ..
INFO:root:Acquiring data/wn18/wordnet-mlj12-test.txt ..
INFO:root:[Rules] Adding Head: 15, Tail: [(10, True)]
INFO:root:[Rules] Adding Head: 12, Tail: [(17, True)]
INFO:root:[Rules] Adding Head: 4, Tail: [(5, True)]
INFO:root:[Rules] Adding Head: 13, Tail: [(3, True)]
INFO:root:[Rules] Adding Head: 5, Tail: [(4, True)]
INFO:root:[Rules] Adding Head: 16, Tail: [(11, True)]
INFO:root:[Rules] Adding Head: 17, Tail: [(12, True)]
INFO:root:[Rules] Adding Head: 11, Tail: [(16, True)]
INFO:root:[Rules] Adding Head: 8, Tail: [(9, True)]
INFO:root:[Rules] Adding Head: 2, Tail: [(2, True)]
INFO:root:Samples: 70721, no. batches: 10 -> batch size: 7073
INFO:root:Epoch no. 1 of 500 (samples: 70721)
INFO:root:Loss: 3923.1159 +/- 6082.8622
INFO:root:Epoch no. 2 of 500 (samples: 70721)
INFO:root:Loss: 267.3255 +/- 16.982
INFO:root:Epoch no. 3 of 500 (samples: 70721)
INFO:root:Loss: 58.743 +/- 2.1927
INFO:root:Epoch no. 4 of 500 (samples: 70721)
INFO:root:Loss: 22.9893 +/- 1.3129
INFO:root:Epoch no. 5 of 500 (samples: 70721)
INFO:root:Loss: 12.9122 +/- 0.5858
INFO:root:Epoch no. 6 of 500 (samples: 70721)
INFO:root:Loss: 8.7375 +/- 0.8646
INFO:root:Epoch no. 7 of 500 (samples: 70721)
INFO:root:Loss: 6.4934 +/- 0.7809
INFO:root:Epoch no. 8 of 500 (samples: 70721)
INFO:root:Loss: 5.4365 +/- 0.7415
INFO:root:Epoch no. 9 of 500 (samples: 70721)
INFO:root:Loss: 4.5279 +/- 0.5431
INFO:root:Epoch no. 10 of 500 (samples: 70721)
INFO:root:Loss: 4.0684 +/- 0.618
INFO:root:Epoch no. 11 of 500 (samples: 70721)
INFO:root:Loss: 3.2481 +/- 0.3957
INFO:root:Epoch no. 12 of 500 (samples: 70721)
INFO:root:Loss: 2.982 +/- 0.4286
INFO:root:Epoch no. 13 of 500 (samples: 70721)
INFO:root:Loss: 2.8409 +/- 0.4645
INFO:root:Epoch no. 14 of 500 (samples: 70721)
INFO:root:Loss: 2.842 +/- 0.4588
INFO:root:Epoch no. 15 of 500 (samples: 70721)
INFO:root:Loss: 2.5848 +/- 0.7308
INFO:root:Epoch no. 16 of 500 (samples: 70721)
INFO:root:Loss: 2.2101 +/- 0.3372
INFO:root:Epoch no. 17 of 500 (samples: 70721)
INFO:root:Loss: 2.4895 +/- 0.3872
INFO:root:Epoch no. 18 of 500 (samples: 70721)
INFO:root:Loss: 2.0918 +/- 0.2968
INFO:root:Epoch no. 19 of 500 (samples: 70721)
INFO:root:Loss: 1.9128 +/- 0.4619
INFO:root:Epoch no. 20 of 500 (samples: 70721)
INFO:root:Loss: 1.9328 +/- 0.5764
INFO:root:Epoch no. 21 of 500 (samples: 70721)
INFO:root:Loss: 2.0162 +/- 0.3636
INFO:root:Epoch no. 22 of 500 (samples: 70721)
INFO:root:Loss: 1.7299 +/- 0.5378
INFO:root:Epoch no. 23 of 500 (samples: 70721)
INFO:root:Loss: 1.8909 +/- 0.4001
INFO:root:Epoch no. 24 of 500 (samples: 70721)
INFO:root:Loss: 1.6525 +/- 0.4688
INFO:root:Epoch no. 25 of 500 (samples: 70721)
INFO:root:Loss: 1.3829 +/- 0.2724
INFO:root:Epoch no. 26 of 500 (samples: 70721)
INFO:root:Loss: 1.512 +/- 0.3762
INFO:root:Epoch no. 27 of 500 (samples: 70721)
INFO:root:Loss: 1.285 +/- 0.2777
INFO:root:Epoch no. 28 of 500 (samples: 70721)
INFO:root:Loss: 1.4562 +/- 0.5763
INFO:root:Epoch no. 29 of 500 (samples: 70721)
INFO:root:Loss: 1.3695 +/- 0.3277
INFO:root:Epoch no. 30 of 500 (samples: 70721)
INFO:root:Loss: 1.313 +/- 0.3733
INFO:root:Epoch no. 31 of 500 (samples: 70721)
INFO:root:Loss: 1.2957 +/- 0.4661
INFO:root:Epoch no. 32 of 500 (samples: 70721)
INFO:root:Loss: 1.4588 +/- 0.5562
INFO:root:Epoch no. 33 of 500 (samples: 70721)
INFO:root:Loss: 1.3119 +/- 0.3261
INFO:root:Epoch no. 34 of 500 (samples: 70721)
INFO:root:Loss: 1.0233 +/- 0.2729
INFO:root:Epoch no. 35 of 500 (samples: 70721)
INFO:root:Loss: 0.9318 +/- 0.2078
INFO:root:Epoch no. 36 of 500 (samples: 70721)
INFO:root:Loss: 1.47 +/- 0.2707
INFO:root:Epoch no. 37 of 500 (samples: 70721)
INFO:root:Loss: 1.394 +/- 0.4308
INFO:root:Epoch no. 38 of 500 (samples: 70721)
INFO:root:Loss: 1.0592 +/- 0.355
INFO:root:Epoch no. 39 of 500 (samples: 70721)
INFO:root:Loss: 1.1861 +/- 0.246
INFO:root:Epoch no. 40 of 500 (samples: 70721)
INFO:root:Loss: 1.0658 +/- 0.2977
INFO:root:Epoch no. 41 of 500 (samples: 70721)
INFO:root:Loss: 1.1215 +/- 0.4547
INFO:root:Epoch no. 42 of 500 (samples: 70721)
INFO:root:Loss: 0.9392 +/- 0.3201
INFO:root:Epoch no. 43 of 500 (samples: 70721)
INFO:root:Loss: 1.1675 +/- 0.458
INFO:root:Epoch no. 44 of 500 (samples: 70721)
INFO:root:Loss: 1.0401 +/- 0.4132
INFO:root:Epoch no. 45 of 500 (samples: 70721)
INFO:root:Loss: 1.098 +/- 0.3944
INFO:root:Epoch no. 46 of 500 (samples: 70721)
INFO:root:Loss: 0.919 +/- 0.3023
INFO:root:Epoch no. 47 of 500 (samples: 70721)
INFO:root:Loss: 1.1101 +/- 0.315
INFO:root:Epoch no. 48 of 500 (samples: 70721)
INFO:root:Loss: 0.9749 +/- 0.3759
INFO:root:Epoch no. 49 of 500 (samples: 70721)
INFO:root:Loss: 1.0474 +/- 0.411
INFO:root:Epoch no. 50 of 500 (samples: 70721)
INFO:root:Loss: 0.8691 +/- 0.2016
INFO:root:Epoch no. 51 of 500 (samples: 70721)
INFO:root:Loss: 1.0172 +/- 0.3627
INFO:root:Epoch no. 52 of 500 (samples: 70721)
INFO:root:Loss: 1.0802 +/- 0.2002
INFO:root:Epoch no. 53 of 500 (samples: 70721)
INFO:root:Loss: 1.3018 +/- 0.3279
INFO:root:Epoch no. 54 of 500 (samples: 70721)
INFO:root:Loss: 0.9392 +/- 0.4368
INFO:root:Epoch no. 55 of 500 (samples: 70721)
INFO:root:Loss: 0.778 +/- 0.3103
INFO:root:Epoch no. 56 of 500 (samples: 70721)
INFO:root:Loss: 1.0806 +/- 0.4409
INFO:root:Epoch no. 57 of 500 (samples: 70721)
INFO:root:Loss: 1.0518 +/- 0.3476
INFO:root:Epoch no. 58 of 500 (samples: 70721)
INFO:root:Loss: 1.1086 +/- 0.5728
INFO:root:Epoch no. 59 of 500 (samples: 70721)
INFO:root:Loss: 0.8078 +/- 0.203
INFO:root:Epoch no. 60 of 500 (samples: 70721)
INFO:root:Loss: 0.7171 +/- 0.379
INFO:root:Epoch no. 61 of 500 (samples: 70721)
INFO:root:Loss: 0.9461 +/- 0.3845
INFO:root:Epoch no. 62 of 500 (samples: 70721)
INFO:root:Loss: 0.7781 +/- 0.3373
INFO:root:Epoch no. 63 of 500 (samples: 70721)
INFO:root:Loss: 0.9437 +/- 0.3696
INFO:root:Epoch no. 64 of 500 (samples: 70721)
INFO:root:Loss: 0.7234 +/- 0.2846
INFO:root:Epoch no. 65 of 500 (samples: 70721)
INFO:root:Loss: 0.8633 +/- 0.2713
INFO:root:Epoch no. 66 of 500 (samples: 70721)
INFO:root:Loss: 0.7505 +/- 0.2721
INFO:root:Epoch no. 67 of 500 (samples: 70721)
INFO:root:Loss: 1.1352 +/- 0.301
INFO:root:Epoch no. 68 of 500 (samples: 70721)
INFO:root:Loss: 0.8029 +/- 0.3903
INFO:root:Epoch no. 69 of 500 (samples: 70721)
INFO:root:Loss: 0.5975 +/- 0.3089
INFO:root:Epoch no. 70 of 500 (samples: 70721)
INFO:root:Loss: 0.8663 +/- 0.2909
INFO:root:Epoch no. 71 of 500 (samples: 70721)
INFO:root:Loss: 0.7261 +/- 0.256
INFO:root:Epoch no. 72 of 500 (samples: 70721)
INFO:root:Loss: 0.7784 +/- 0.2756
INFO:root:Epoch no. 73 of 500 (samples: 70721)
INFO:root:Loss: 0.956 +/- 0.3061
INFO:root:Epoch no. 74 of 500 (samples: 70721)
INFO:root:Loss: 0.6057 +/- 0.1353
INFO:root:Epoch no. 75 of 500 (samples: 70721)
INFO:root:Loss: 0.8976 +/- 0.3177
INFO:root:Epoch no. 76 of 500 (samples: 70721)
INFO:root:Loss: 0.9841 +/- 0.3447
INFO:root:Epoch no. 77 of 500 (samples: 70721)
INFO:root:Loss: 0.8513 +/- 0.5106
INFO:root:Epoch no. 78 of 500 (samples: 70721)
INFO:root:Loss: 0.8609 +/- 0.538
INFO:root:Epoch no. 79 of 500 (samples: 70721)
INFO:root:Loss: 0.8802 +/- 0.259
INFO:root:Epoch no. 80 of 500 (samples: 70721)
INFO:root:Loss: 0.8743 +/- 0.319
INFO:root:Epoch no. 81 of 500 (samples: 70721)
INFO:root:Loss: 0.6171 +/- 0.224
INFO:root:Epoch no. 82 of 500 (samples: 70721)
INFO:root:Loss: 0.5659 +/- 0.2242
INFO:root:Epoch no. 83 of 500 (samples: 70721)
INFO:root:Loss: 0.7617 +/- 0.4369
INFO:root:Epoch no. 84 of 500 (samples: 70721)
INFO:root:Loss: 0.684 +/- 0.1596
INFO:root:Epoch no. 85 of 500 (samples: 70721)
INFO:root:Loss: 0.7629 +/- 0.2854
INFO:root:Epoch no. 86 of 500 (samples: 70721)
INFO:root:Loss: 0.8915 +/- 0.281
INFO:root:Epoch no. 87 of 500 (samples: 70721)
INFO:root:Loss: 0.7731 +/- 0.3482
INFO:root:Epoch no. 88 of 500 (samples: 70721)
INFO:root:Loss: 0.8511 +/- 0.2443
INFO:root:Epoch no. 89 of 500 (samples: 70721)
INFO:root:Loss: 0.788 +/- 0.1704
INFO:root:Epoch no. 90 of 500 (samples: 70721)
INFO:root:Loss: 0.8592 +/- 0.3019
INFO:root:Epoch no. 91 of 500 (samples: 70721)
INFO:root:Loss: 0.8266 +/- 0.4154
INFO:root:Epoch no. 92 of 500 (samples: 70721)
INFO:root:Loss: 0.7532 +/- 0.4179
INFO:root:Epoch no. 93 of 500 (samples: 70721)
INFO:root:Loss: 0.9019 +/- 0.2903
INFO:root:Epoch no. 94 of 500 (samples: 70721)
INFO:root:Loss: 0.6118 +/- 0.3158
INFO:root:Epoch no. 95 of 500 (samples: 70721)
INFO:root:Loss: 0.6145 +/- 0.3566
INFO:root:Epoch no. 96 of 500 (samples: 70721)
INFO:root:Loss: 0.6696 +/- 0.2383
INFO:root:Epoch no. 97 of 500 (samples: 70721)
INFO:root:Loss: 0.7394 +/- 0.2448
INFO:root:Epoch no. 98 of 500 (samples: 70721)
INFO:root:Loss: 0.6804 +/- 0.3055
INFO:root:Epoch no. 99 of 500 (samples: 70721)
INFO:root:Loss: 0.6701 +/- 0.258
INFO:root:Epoch no. 100 of 500 (samples: 70721)
INFO:root:Loss: 0.6458 +/- 0.2786
INFO:root:Epoch no. 101 of 500 (samples: 70721)
INFO:root:Loss: 0.6298 +/- 0.2131
INFO:root:Epoch no. 102 of 500 (samples: 70721)
INFO:root:Loss: 0.7025 +/- 0.2816
INFO:root:Epoch no. 103 of 500 (samples: 70721)
INFO:root:Loss: 0.6437 +/- 0.3344
INFO:root:Epoch no. 104 of 500 (samples: 70721)
INFO:root:Loss: 0.8341 +/- 0.3411
INFO:root:Epoch no. 105 of 500 (samples: 70721)
INFO:root:Loss: 0.8798 +/- 0.3892
INFO:root:Epoch no. 106 of 500 (samples: 70721)
INFO:root:Loss: 0.7503 +/- 0.4323
INFO:root:Epoch no. 107 of 500 (samples: 70721)
INFO:root:Loss: 0.7777 +/- 0.2456
INFO:root:Epoch no. 108 of 500 (samples: 70721)
INFO:root:Loss: 1.0197 +/- 0.5965
INFO:root:Epoch no. 109 of 500 (samples: 70721)
INFO:root:Loss: 0.8793 +/- 0.3555
INFO:root:Epoch no. 110 of 500 (samples: 70721)
INFO:root:Loss: 0.7332 +/- 0.2494
INFO:root:Epoch no. 111 of 500 (samples: 70721)
INFO:root:Loss: 0.9138 +/- 0.2211
INFO:root:Epoch no. 112 of 500 (samples: 70721)
INFO:root:Loss: 0.717 +/- 0.3551
INFO:root:Epoch no. 113 of 500 (samples: 70721)
INFO:root:Loss: 0.6442 +/- 0.3278
INFO:root:Epoch no. 114 of 500 (samples: 70721)
INFO:root:Loss: 0.5986 +/- 0.277
INFO:root:Epoch no. 115 of 500 (samples: 70721)
INFO:root:Loss: 0.7086 +/- 0.314
INFO:root:Epoch no. 116 of 500 (samples: 70721)
INFO:root:Loss: 0.5467 +/- 0.3098
INFO:root:Epoch no. 117 of 500 (samples: 70721)
INFO:root:Loss: 0.562 +/- 0.2796
INFO:root:Epoch no. 118 of 500 (samples: 70721)
INFO:root:Loss: 0.556 +/- 0.1569
INFO:root:Epoch no. 119 of 500 (samples: 70721)
INFO:root:Loss: 0.5674 +/- 0.232
INFO:root:Epoch no. 120 of 500 (samples: 70721)
INFO:root:Loss: 0.6407 +/- 0.2237
INFO:root:Epoch no. 121 of 500 (samples: 70721)
INFO:root:Loss: 0.6922 +/- 0.2676
INFO:root:Epoch no. 122 of 500 (samples: 70721)
INFO:root:Loss: 0.5501 +/- 0.191
INFO:root:Epoch no. 123 of 500 (samples: 70721)
INFO:root:Loss: 0.7089 +/- 0.318
INFO:root:Epoch no. 124 of 500 (samples: 70721)
INFO:root:Loss: 0.5665 +/- 0.295
INFO:root:Epoch no. 125 of 500 (samples: 70721)
INFO:root:Loss: 0.7392 +/- 0.2702
INFO:root:Epoch no. 126 of 500 (samples: 70721)
INFO:root:Loss: 0.7177 +/- 0.2544
INFO:root:Epoch no. 127 of 500 (samples: 70721)
INFO:root:Loss: 0.862 +/- 0.4559
INFO:root:Epoch no. 128 of 500 (samples: 70721)
INFO:root:Loss: 0.5919 +/- 0.3677
INFO:root:Epoch no. 129 of 500 (samples: 70721)
INFO:root:Loss: 0.8135 +/- 0.4104
INFO:root:Epoch no. 130 of 500 (samples: 70721)
INFO:root:Loss: 0.8156 +/- 0.3829
INFO:root:Epoch no. 131 of 500 (samples: 70721)
INFO:root:Loss: 0.5541 +/- 0.2311
INFO:root:Epoch no. 132 of 500 (samples: 70721)
INFO:root:Loss: 0.6022 +/- 0.1773
INFO:root:Epoch no. 133 of 500 (samples: 70721)
INFO:root:Loss: 0.7344 +/- 0.3669
INFO:root:Epoch no. 134 of 500 (samples: 70721)
INFO:root:Loss: 0.5563 +/- 0.1456
INFO:root:Epoch no. 135 of 500 (samples: 70721)
INFO:root:Loss: 0.5659 +/- 0.2524
INFO:root:Epoch no. 136 of 500 (samples: 70721)
INFO:root:Loss: 0.7711 +/- 0.4112
INFO:root:Epoch no. 137 of 500 (samples: 70721)
INFO:root:Loss: 0.6978 +/- 0.2724
INFO:root:Epoch no. 138 of 500 (samples: 70721)
INFO:root:Loss: 0.856 +/- 0.3651
INFO:root:Epoch no. 139 of 500 (samples: 70721)
INFO:root:Loss: 0.6954 +/- 0.2875
INFO:root:Epoch no. 140 of 500 (samples: 70721)
INFO:root:Loss: 0.6771 +/- 0.1874
INFO:root:Epoch no. 141 of 500 (samples: 70721)
INFO:root:Loss: 0.5741 +/- 0.2527
INFO:root:Epoch no. 142 of 500 (samples: 70721)
INFO:root:Loss: 0.5078 +/- 0.208
INFO:root:Epoch no. 143 of 500 (samples: 70721)
INFO:root:Loss: 0.7184 +/- 0.5637
INFO:root:Epoch no. 144 of 500 (samples: 70721)
INFO:root:Loss: 0.5743 +/- 0.1997
INFO:root:Epoch no. 145 of 500 (samples: 70721)
INFO:root:Loss: 0.6783 +/- 0.2867
INFO:root:Epoch no. 146 of 500 (samples: 70721)
INFO:root:Loss: 0.7027 +/- 0.4049
INFO:root:Epoch no. 147 of 500 (samples: 70721)
INFO:root:Loss: 0.6243 +/- 0.2877
INFO:root:Epoch no. 148 of 500 (samples: 70721)
INFO:root:Loss: 0.7223 +/- 0.391
INFO:root:Epoch no. 149 of 500 (samples: 70721)
INFO:root:Loss: 0.7733 +/- 0.4802
INFO:root:Epoch no. 150 of 500 (samples: 70721)
INFO:root:Loss: 0.5786 +/- 0.2705
INFO:root:Epoch no. 151 of 500 (samples: 70721)
INFO:root:Loss: 0.6662 +/- 0.4388
INFO:root:Epoch no. 152 of 500 (samples: 70721)
INFO:root:Loss: 0.5684 +/- 0.2748
INFO:root:Epoch no. 153 of 500 (samples: 70721)
INFO:root:Loss: 0.8181 +/- 0.318
INFO:root:Epoch no. 154 of 500 (samples: 70721)
INFO:root:Loss: 0.6348 +/- 0.2968
INFO:root:Epoch no. 155 of 500 (samples: 70721)
INFO:root:Loss: 0.7504 +/- 0.2338
INFO:root:Epoch no. 156 of 500 (samples: 70721)
INFO:root:Loss: 0.6135 +/- 0.2324
INFO:root:Epoch no. 157 of 500 (samples: 70721)
INFO:root:Loss: 0.9161 +/- 0.2903
INFO:root:Epoch no. 158 of 500 (samples: 70721)
INFO:root:Loss: 0.6124 +/- 0.248
INFO:root:Epoch no. 159 of 500 (samples: 70721)
INFO:root:Loss: 0.7177 +/- 0.386
INFO:root:Epoch no. 160 of 500 (samples: 70721)
INFO:root:Loss: 0.6479 +/- 0.2916
INFO:root:Epoch no. 161 of 500 (samples: 70721)
INFO:root:Loss: 0.6169 +/- 0.1487
INFO:root:Epoch no. 162 of 500 (samples: 70721)
INFO:root:Loss: 0.6882 +/- 0.2809
INFO:root:Epoch no. 163 of 500 (samples: 70721)
INFO:root:Loss: 0.6219 +/- 0.3236
INFO:root:Epoch no. 164 of 500 (samples: 70721)
INFO:root:Loss: 0.6007 +/- 0.2705
INFO:root:Epoch no. 165 of 500 (samples: 70721)
INFO:root:Loss: 0.714 +/- 0.3406
INFO:root:Epoch no. 166 of 500 (samples: 70721)
INFO:root:Loss: 0.6934 +/- 0.3516
INFO:root:Epoch no. 167 of 500 (samples: 70721)
INFO:root:Loss: 0.935 +/- 0.4299
INFO:root:Epoch no. 168 of 500 (samples: 70721)
INFO:root:Loss: 0.7146 +/- 0.3117
INFO:root:Epoch no. 169 of 500 (samples: 70721)
INFO:root:Loss: 0.6436 +/- 0.3303
INFO:root:Epoch no. 170 of 500 (samples: 70721)
INFO:root:Loss: 0.5624 +/- 0.2557
INFO:root:Epoch no. 171 of 500 (samples: 70721)
INFO:root:Loss: 0.7313 +/- 0.3178
INFO:root:Epoch no. 172 of 500 (samples: 70721)
INFO:root:Loss: 0.6257 +/- 0.2268
INFO:root:Epoch no. 173 of 500 (samples: 70721)
INFO:root:Loss: 0.5837 +/- 0.3076
INFO:root:Epoch no. 174 of 500 (samples: 70721)
INFO:root:Loss: 0.76 +/- 0.4315
INFO:root:Epoch no. 175 of 500 (samples: 70721)
INFO:root:Loss: 0.7453 +/- 0.2386
INFO:root:Epoch no. 176 of 500 (samples: 70721)
INFO:root:Loss: 0.5462 +/- 0.2214
INFO:root:Epoch no. 177 of 500 (samples: 70721)
INFO:root:Loss: 0.6256 +/- 0.2899
INFO:root:Epoch no. 178 of 500 (samples: 70721)
INFO:root:Loss: 0.6094 +/- 0.1703
INFO:root:Epoch no. 179 of 500 (samples: 70721)
INFO:root:Loss: 0.553 +/- 0.1547
INFO:root:Epoch no. 180 of 500 (samples: 70721)
INFO:root:Loss: 0.7373 +/- 0.2908
INFO:root:Epoch no. 181 of 500 (samples: 70721)
INFO:root:Loss: 0.6209 +/- 0.2994
INFO:root:Epoch no. 182 of 500 (samples: 70721)
INFO:root:Loss: 0.5125 +/- 0.2007
INFO:root:Epoch no. 183 of 500 (samples: 70721)
INFO:root:Loss: 0.6106 +/- 0.257
INFO:root:Epoch no. 184 of 500 (samples: 70721)
INFO:root:Loss: 0.7112 +/- 0.2926
INFO:root:Epoch no. 185 of 500 (samples: 70721)
INFO:root:Loss: 0.645 +/- 0.3743
INFO:root:Epoch no. 186 of 500 (samples: 70721)
INFO:root:Loss: 0.5429 +/- 0.3087
INFO:root:Epoch no. 187 of 500 (samples: 70721)
INFO:root:Loss: 0.6605 +/- 0.3415
INFO:root:Epoch no. 188 of 500 (samples: 70721)
INFO:root:Loss: 0.5949 +/- 0.2701
INFO:root:Epoch no. 189 of 500 (samples: 70721)
INFO:root:Loss: 0.787 +/- 0.4072
INFO:root:Epoch no. 190 of 500 (samples: 70721)
INFO:root:Loss: 0.634 +/- 0.2646
INFO:root:Epoch no. 191 of 500 (samples: 70721)
INFO:root:Loss: 0.5598 +/- 0.2086
INFO:root:Epoch no. 192 of 500 (samples: 70721)
INFO:root:Loss: 0.5232 +/- 0.1275
INFO:root:Epoch no. 193 of 500 (samples: 70721)
INFO:root:Loss: 0.6791 +/- 0.441
INFO:root:Epoch no. 194 of 500 (samples: 70721)
INFO:root:Loss: 0.9234 +/- 0.4088
INFO:root:Epoch no. 195 of 500 (samples: 70721)
INFO:root:Loss: 0.7655 +/- 0.3092
INFO:root:Epoch no. 196 of 500 (samples: 70721)
INFO:root:Loss: 0.5562 +/- 0.3627
INFO:root:Epoch no. 197 of 500 (samples: 70721)
INFO:root:Loss: 0.5588 +/- 0.23
INFO:root:Epoch no. 198 of 500 (samples: 70721)
INFO:root:Loss: 0.5252 +/- 0.2802
INFO:root:Epoch no. 199 of 500 (samples: 70721)
INFO:root:Loss: 0.724 +/- 0.2862
INFO:root:Epoch no. 200 of 500 (samples: 70721)
INFO:root:Loss: 0.5892 +/- 0.2602
INFO:root:Epoch no. 201 of 500 (samples: 70721)
INFO:root:Loss: 0.7992 +/- 0.332
INFO:root:Epoch no. 202 of 500 (samples: 70721)
INFO:root:Loss: 0.4217 +/- 0.2137
INFO:root:Epoch no. 203 of 500 (samples: 70721)
INFO:root:Loss: 0.5593 +/- 0.3016
INFO:root:Epoch no. 204 of 500 (samples: 70721)
INFO:root:Loss: 0.6039 +/- 0.3905
INFO:root:Epoch no. 205 of 500 (samples: 70721)
INFO:root:Loss: 0.5136 +/- 0.2479
INFO:root:Epoch no. 206 of 500 (samples: 70721)
INFO:root:Loss: 0.5245 +/- 0.2223
INFO:root:Epoch no. 207 of 500 (samples: 70721)
INFO:root:Loss: 0.594 +/- 0.2847
INFO:root:Epoch no. 208 of 500 (samples: 70721)
INFO:root:Loss: 0.5013 +/- 0.3264
INFO:root:Epoch no. 209 of 500 (samples: 70721)
INFO:root:Loss: 0.4359 +/- 0.2203
INFO:root:Epoch no. 210 of 500 (samples: 70721)
INFO:root:Loss: 0.6148 +/- 0.2993
INFO:root:Epoch no. 211 of 500 (samples: 70721)
INFO:root:Loss: 0.5165 +/- 0.1286
INFO:root:Epoch no. 212 of 500 (samples: 70721)
INFO:root:Loss: 0.4339 +/- 0.258
INFO:root:Epoch no. 213 of 500 (samples: 70721)
INFO:root:Loss: 0.4554 +/- 0.1455
INFO:root:Epoch no. 214 of 500 (samples: 70721)
INFO:root:Loss: 0.5617 +/- 0.2869
INFO:root:Epoch no. 215 of 500 (samples: 70721)
INFO:root:Loss: 0.4797 +/- 0.2224
INFO:root:Epoch no. 216 of 500 (samples: 70721)
INFO:root:Loss: 0.5986 +/- 0.3224
INFO:root:Epoch no. 217 of 500 (samples: 70721)
INFO:root:Loss: 0.5005 +/- 0.1939
INFO:root:Epoch no. 218 of 500 (samples: 70721)
INFO:root:Loss: 0.5864 +/- 0.1867
INFO:root:Epoch no. 219 of 500 (samples: 70721)
INFO:root:Loss: 0.4768 +/- 0.182
INFO:root:Epoch no. 220 of 500 (samples: 70721)
INFO:root:Loss: 0.558 +/- 0.3176
INFO:root:Epoch no. 221 of 500 (samples: 70721)
INFO:root:Loss: 0.576 +/- 0.2743
INFO:root:Epoch no. 222 of 500 (samples: 70721)
INFO:root:Loss: 0.8549 +/- 0.4965
INFO:root:Epoch no. 223 of 500 (samples: 70721)
INFO:root:Loss: 0.6434 +/- 0.3574
INFO:root:Epoch no. 224 of 500 (samples: 70721)
INFO:root:Loss: 0.5486 +/- 0.2033
INFO:root:Epoch no. 225 of 500 (samples: 70721)
INFO:root:Loss: 0.6375 +/- 0.4245
INFO:root:Epoch no. 226 of 500 (samples: 70721)
INFO:root:Loss: 0.5241 +/- 0.2318
INFO:root:Epoch no. 227 of 500 (samples: 70721)
INFO:root:Loss: 0.5969 +/- 0.29
INFO:root:Epoch no. 228 of 500 (samples: 70721)
INFO:root:Loss: 0.5867 +/- 0.2492
INFO:root:Epoch no. 229 of 500 (samples: 70721)
INFO:root:Loss: 0.5626 +/- 0.1967
INFO:root:Epoch no. 230 of 500 (samples: 70721)
INFO:root:Loss: 0.6082 +/- 0.3902
INFO:root:Epoch no. 231 of 500 (samples: 70721)
INFO:root:Loss: 0.5486 +/- 0.4458
INFO:root:Epoch no. 232 of 500 (samples: 70721)
INFO:root:Loss: 0.3929 +/- 0.2498
INFO:root:Epoch no. 233 of 500 (samples: 70721)
INFO:root:Loss: 0.5724 +/- 0.3319
INFO:root:Epoch no. 234 of 500 (samples: 70721)
INFO:root:Loss: 0.4661 +/- 0.3332
INFO:root:Epoch no. 235 of 500 (samples: 70721)
INFO:root:Loss: 0.6143 +/- 0.2397
INFO:root:Epoch no. 236 of 500 (samples: 70721)
INFO:root:Loss: 0.7525 +/- 0.428
INFO:root:Epoch no. 237 of 500 (samples: 70721)
INFO:root:Loss: 0.5935 +/- 0.3505
INFO:root:Epoch no. 238 of 500 (samples: 70721)
INFO:root:Loss: 0.7794 +/- 0.3323
INFO:root:Epoch no. 239 of 500 (samples: 70721)
INFO:root:Loss: 0.6174 +/- 0.3815
INFO:root:Epoch no. 240 of 500 (samples: 70721)
INFO:root:Loss: 0.5837 +/- 0.2836
INFO:root:Epoch no. 241 of 500 (samples: 70721)
INFO:root:Loss: 0.6362 +/- 0.2524
INFO:root:Epoch no. 242 of 500 (samples: 70721)
INFO:root:Loss: 0.4794 +/- 0.254
INFO:root:Epoch no. 243 of 500 (samples: 70721)
INFO:root:Loss: 0.5515 +/- 0.2844
INFO:root:Epoch no. 244 of 500 (samples: 70721)
INFO:root:Loss: 0.5536 +/- 0.205
INFO:root:Epoch no. 245 of 500 (samples: 70721)
INFO:root:Loss: 0.3942 +/- 0.1613
INFO:root:Epoch no. 246 of 500 (samples: 70721)
INFO:root:Loss: 0.6579 +/- 0.3137
INFO:root:Epoch no. 247 of 500 (samples: 70721)
INFO:root:Loss: 0.6489 +/- 0.3804
INFO:root:Epoch no. 248 of 500 (samples: 70721)
INFO:root:Loss: 0.5732 +/- 0.3443
INFO:root:Epoch no. 249 of 500 (samples: 70721)
INFO:root:Loss: 0.7525 +/- 0.2638
INFO:root:Epoch no. 250 of 500 (samples: 70721)
INFO:root:Loss: 0.5869 +/- 0.3096
INFO:root:Epoch no. 251 of 500 (samples: 70721)
INFO:root:Loss: 0.5506 +/- 0.3532
INFO:root:Epoch no. 252 of 500 (samples: 70721)
INFO:root:Loss: 0.7641 +/- 0.2856
INFO:root:Epoch no. 253 of 500 (samples: 70721)
INFO:root:Loss: 0.5768 +/- 0.3172
INFO:root:Epoch no. 254 of 500 (samples: 70721)
INFO:root:Loss: 0.6782 +/- 0.3203
INFO:root:Epoch no. 255 of 500 (samples: 70721)
INFO:root:Loss: 0.5477 +/- 0.3309
INFO:root:Epoch no. 256 of 500 (samples: 70721)
INFO:root:Loss: 0.6429 +/- 0.3549
INFO:root:Epoch no. 257 of 500 (samples: 70721)
INFO:root:Loss: 0.7214 +/- 0.3062
INFO:root:Epoch no. 258 of 500 (samples: 70721)
INFO:root:Loss: 0.6794 +/- 0.194
INFO:root:Epoch no. 259 of 500 (samples: 70721)
INFO:root:Loss: 0.6166 +/- 0.3058
INFO:root:Epoch no. 260 of 500 (samples: 70721)
INFO:root:Loss: 0.7585 +/- 0.3349
INFO:root:Epoch no. 261 of 500 (samples: 70721)
INFO:root:Loss: 0.5936 +/- 0.208
INFO:root:Epoch no. 262 of 500 (samples: 70721)
INFO:root:Loss: 0.463 +/- 0.1736
INFO:root:Epoch no. 263 of 500 (samples: 70721)
INFO:root:Loss: 0.5874 +/- 0.3683
INFO:root:Epoch no. 264 of 500 (samples: 70721)
INFO:root:Loss: 0.6023 +/- 0.34
INFO:root:Epoch no. 265 of 500 (samples: 70721)
INFO:root:Loss: 0.4375 +/- 0.14
INFO:root:Epoch no. 266 of 500 (samples: 70721)
INFO:root:Loss: 0.5316 +/- 0.2582
INFO:root:Epoch no. 267 of 500 (samples: 70721)
INFO:root:Loss: 0.6533 +/- 0.3097
INFO:root:Epoch no. 268 of 500 (samples: 70721)
INFO:root:Loss: 0.6332 +/- 0.3503
INFO:root:Epoch no. 269 of 500 (samples: 70721)
INFO:root:Loss: 0.4933 +/- 0.2966
INFO:root:Epoch no. 270 of 500 (samples: 70721)
INFO:root:Loss: 0.5192 +/- 0.2181
INFO:root:Epoch no. 271 of 500 (samples: 70721)
INFO:root:Loss: 0.7608 +/- 0.4083
INFO:root:Epoch no. 272 of 500 (samples: 70721)
INFO:root:Loss: 0.4808 +/- 0.1776
INFO:root:Epoch no. 273 of 500 (samples: 70721)
INFO:root:Loss: 0.7282 +/- 0.4497
INFO:root:Epoch no. 274 of 500 (samples: 70721)
INFO:root:Loss: 0.5983 +/- 0.4094
INFO:root:Epoch no. 275 of 500 (samples: 70721)
INFO:root:Loss: 0.6056 +/- 0.274
INFO:root:Epoch no. 276 of 500 (samples: 70721)
INFO:root:Loss: 0.5728 +/- 0.3206
INFO:root:Epoch no. 277 of 500 (samples: 70721)
INFO:root:Loss: 0.5931 +/- 0.411
INFO:root:Epoch no. 278 of 500 (samples: 70721)
INFO:root:Loss: 0.4504 +/- 0.2617
INFO:root:Epoch no. 279 of 500 (samples: 70721)
INFO:root:Loss: 0.5565 +/- 0.2328
INFO:root:Epoch no. 280 of 500 (samples: 70721)
INFO:root:Loss: 0.6691 +/- 0.3969
INFO:root:Epoch no. 281 of 500 (samples: 70721)
INFO:root:Loss: 0.7176 +/- 0.3731
INFO:root:Epoch no. 282 of 500 (samples: 70721)
INFO:root:Loss: 0.4264 +/- 0.2882
INFO:root:Epoch no. 283 of 500 (samples: 70721)
INFO:root:Loss: 0.4683 +/- 0.2017
INFO:root:Epoch no. 284 of 500 (samples: 70721)
INFO:root:Loss: 0.4427 +/- 0.3533
INFO:root:Epoch no. 285 of 500 (samples: 70721)
INFO:root:Loss: 0.5661 +/- 0.3333
INFO:root:Epoch no. 286 of 500 (samples: 70721)
INFO:root:Loss: 0.5615 +/- 0.2421
INFO:root:Epoch no. 287 of 500 (samples: 70721)
INFO:root:Loss: 0.5161 +/- 0.1873
INFO:root:Epoch no. 288 of 500 (samples: 70721)
INFO:root:Loss: 0.4514 +/- 0.3569
INFO:root:Epoch no. 289 of 500 (samples: 70721)
INFO:root:Loss: 0.6363 +/- 0.3902
INFO:root:Epoch no. 290 of 500 (samples: 70721)
INFO:root:Loss: 0.534 +/- 0.426
INFO:root:Epoch no. 291 of 500 (samples: 70721)
INFO:root:Loss: 0.7994 +/- 0.3651
INFO:root:Epoch no. 292 of 500 (samples: 70721)
INFO:root:Loss: 0.5941 +/- 0.3371
INFO:root:Epoch no. 293 of 500 (samples: 70721)
INFO:root:Loss: 0.5735 +/- 0.2535
INFO:root:Epoch no. 294 of 500 (samples: 70721)
INFO:root:Loss: 0.5972 +/- 0.1684
INFO:root:Epoch no. 295 of 500 (samples: 70721)
INFO:root:Loss: 0.6266 +/- 0.2621
INFO:root:Epoch no. 296 of 500 (samples: 70721)
INFO:root:Loss: 0.4763 +/- 0.2232
INFO:root:Epoch no. 297 of 500 (samples: 70721)
INFO:root:Loss: 0.5386 +/- 0.3081
INFO:root:Epoch no. 298 of 500 (samples: 70721)
INFO:root:Loss: 0.5575 +/- 0.204
INFO:root:Epoch no. 299 of 500 (samples: 70721)
INFO:root:Loss: 0.572 +/- 0.2743
INFO:root:Epoch no. 300 of 500 (samples: 70721)
INFO:root:Loss: 0.6038 +/- 0.2584
INFO:root:Epoch no. 301 of 500 (samples: 70721)
INFO:root:Loss: 0.7254 +/- 0.4327
INFO:root:Epoch no. 302 of 500 (samples: 70721)
INFO:root:Loss: 0.7189 +/- 0.275
INFO:root:Epoch no. 303 of 500 (samples: 70721)
INFO:root:Loss: 0.6525 +/- 0.3323
INFO:root:Epoch no. 304 of 500 (samples: 70721)
INFO:root:Loss: 0.3772 +/- 0.257
INFO:root:Epoch no. 305 of 500 (samples: 70721)
INFO:root:Loss: 0.4293 +/- 0.1737
INFO:root:Epoch no. 306 of 500 (samples: 70721)
INFO:root:Loss: 0.432 +/- 0.2134
INFO:root:Epoch no. 307 of 500 (samples: 70721)
INFO:root:Loss: 0.623 +/- 0.3484
INFO:root:Epoch no. 308 of 500 (samples: 70721)
INFO:root:Loss: 0.5414 +/- 0.3434
INFO:root:Epoch no. 309 of 500 (samples: 70721)
INFO:root:Loss: 0.5155 +/- 0.2443
INFO:root:Epoch no. 310 of 500 (samples: 70721)
INFO:root:Loss: 0.6826 +/- 0.3996
INFO:root:Epoch no. 311 of 500 (samples: 70721)
INFO:root:Loss: 0.794 +/- 0.4425
INFO:root:Epoch no. 312 of 500 (samples: 70721)
INFO:root:Loss: 0.5948 +/- 0.3302
INFO:root:Epoch no. 313 of 500 (samples: 70721)
INFO:root:Loss: 0.506 +/- 0.3427
INFO:root:Epoch no. 314 of 500 (samples: 70721)
INFO:root:Loss: 0.6554 +/- 0.5037
INFO:root:Epoch no. 315 of 500 (samples: 70721)
INFO:root:Loss: 0.6944 +/- 0.2715
INFO:root:Epoch no. 316 of 500 (samples: 70721)
INFO:root:Loss: 0.7053 +/- 0.234
INFO:root:Epoch no. 317 of 500 (samples: 70721)
INFO:root:Loss: 0.5269 +/- 0.2964
INFO:root:Epoch no. 318 of 500 (samples: 70721)
INFO:root:Loss: 0.7115 +/- 0.4862
INFO:root:Epoch no. 319 of 500 (samples: 70721)
INFO:root:Loss: 0.4188 +/- 0.2681
INFO:root:Epoch no. 320 of 500 (samples: 70721)
INFO:root:Loss: 0.5794 +/- 0.3215
INFO:root:Epoch no. 321 of 500 (samples: 70721)
INFO:root:Loss: 0.7606 +/- 0.3961
INFO:root:Epoch no. 322 of 500 (samples: 70721)
INFO:root:Loss: 0.5721 +/- 0.3339
INFO:root:Epoch no. 323 of 500 (samples: 70721)
INFO:root:Loss: 0.51 +/- 0.2411
INFO:root:Epoch no. 324 of 500 (samples: 70721)
INFO:root:Loss: 0.5409 +/- 0.3813
INFO:root:Epoch no. 325 of 500 (samples: 70721)
INFO:root:Loss: 0.8266 +/- 0.5044
INFO:root:Epoch no. 326 of 500 (samples: 70721)
INFO:root:Loss: 0.3072 +/- 0.1542
INFO:root:Epoch no. 327 of 500 (samples: 70721)
INFO:root:Loss: 0.5369 +/- 0.361
INFO:root:Epoch no. 328 of 500 (samples: 70721)
INFO:root:Loss: 0.5145 +/- 0.1494
INFO:root:Epoch no. 329 of 500 (samples: 70721)
INFO:root:Loss: 0.5964 +/- 0.3726
INFO:root:Epoch no. 330 of 500 (samples: 70721)
INFO:root:Loss: 0.6746 +/- 0.3324
INFO:root:Epoch no. 331 of 500 (samples: 70721)
INFO:root:Loss: 0.3998 +/- 0.1956
INFO:root:Epoch no. 332 of 500 (samples: 70721)
INFO:root:Loss: 0.4638 +/- 0.2892
INFO:root:Epoch no. 333 of 500 (samples: 70721)
INFO:root:Loss: 0.5531 +/- 0.2387
INFO:root:Epoch no. 334 of 500 (samples: 70721)
INFO:root:Loss: 0.4998 +/- 0.2454
INFO:root:Epoch no. 335 of 500 (samples: 70721)
INFO:root:Loss: 0.5024 +/- 0.2852
INFO:root:Epoch no. 336 of 500 (samples: 70721)
INFO:root:Loss: 0.2995 +/- 0.1644
INFO:root:Epoch no. 337 of 500 (samples: 70721)
INFO:root:Loss: 0.4621 +/- 0.1865
INFO:root:Epoch no. 338 of 500 (samples: 70721)
INFO:root:Loss: 0.5432 +/- 0.194
INFO:root:Epoch no. 339 of 500 (samples: 70721)
INFO:root:Loss: 0.5776 +/- 0.2599
INFO:root:Epoch no. 340 of 500 (samples: 70721)
INFO:root:Loss: 0.5604 +/- 0.2968
INFO:root:Epoch no. 341 of 500 (samples: 70721)
INFO:root:Loss: 0.5132 +/- 0.4167
INFO:root:Epoch no. 342 of 500 (samples: 70721)
INFO:root:Loss: 0.3758 +/- 0.1843
INFO:root:Epoch no. 343 of 500 (samples: 70721)
INFO:root:Loss: 0.4907 +/- 0.1925
INFO:root:Epoch no. 344 of 500 (samples: 70721)
INFO:root:Loss: 0.7195 +/- 0.3581
INFO:root:Epoch no. 345 of 500 (samples: 70721)
INFO:root:Loss: 0.5851 +/- 0.2403
INFO:root:Epoch no. 346 of 500 (samples: 70721)
INFO:root:Loss: 0.3848 +/- 0.2228
INFO:root:Epoch no. 347 of 500 (samples: 70721)
INFO:root:Loss: 0.4847 +/- 0.2665
INFO:root:Epoch no. 348 of 500 (samples: 70721)
INFO:root:Loss: 0.554 +/- 0.1781
INFO:root:Epoch no. 349 of 500 (samples: 70721)
INFO:root:Loss: 0.5402 +/- 0.2654
INFO:root:Epoch no. 350 of 500 (samples: 70721)
INFO:root:Loss: 0.3985 +/- 0.2119
INFO:root:Epoch no. 351 of 500 (samples: 70721)
INFO:root:Loss: 0.5284 +/- 0.2198
INFO:root:Epoch no. 352 of 500 (samples: 70721)
INFO:root:Loss: 0.6796 +/- 0.3561
INFO:root:Epoch no. 353 of 500 (samples: 70721)
INFO:root:Loss: 0.3584 +/- 0.2737
INFO:root:Epoch no. 354 of 500 (samples: 70721)
INFO:root:Loss: 0.6818 +/- 0.3058
INFO:root:Epoch no. 355 of 500 (samples: 70721)
INFO:root:Loss: 0.5035 +/- 0.2864
INFO:root:Epoch no. 356 of 500 (samples: 70721)
INFO:root:Loss: 0.463 +/- 0.3344
INFO:root:Epoch no. 357 of 500 (samples: 70721)
INFO:root:Loss: 0.4543 +/- 0.2302
INFO:root:Epoch no. 358 of 500 (samples: 70721)
INFO:root:Loss: 0.3918 +/- 0.3255
INFO:root:Epoch no. 359 of 500 (samples: 70721)
INFO:root:Loss: 0.7759 +/- 0.3924
INFO:root:Epoch no. 360 of 500 (samples: 70721)
INFO:root:Loss: 0.6006 +/- 0.2801
INFO:root:Epoch no. 361 of 500 (samples: 70721)
INFO:root:Loss: 0.6285 +/- 0.2233
INFO:root:Epoch no. 362 of 500 (samples: 70721)
INFO:root:Loss: 0.6538 +/- 0.3411
INFO:root:Epoch no. 363 of 500 (samples: 70721)
INFO:root:Loss: 0.4967 +/- 0.3121
INFO:root:Epoch no. 364 of 500 (samples: 70721)
INFO:root:Loss: 0.8124 +/- 0.561
INFO:root:Epoch no. 365 of 500 (samples: 70721)
INFO:root:Loss: 0.6746 +/- 0.3105
INFO:root:Epoch no. 366 of 500 (samples: 70721)
INFO:root:Loss: 0.6366 +/- 0.3489
INFO:root:Epoch no. 367 of 500 (samples: 70721)
INFO:root:Loss: 0.4356 +/- 0.1775
INFO:root:Epoch no. 368 of 500 (samples: 70721)
INFO:root:Loss: 0.4549 +/- 0.1957
INFO:root:Epoch no. 369 of 500 (samples: 70721)
INFO:root:Loss: 0.5018 +/- 0.2903
INFO:root:Epoch no. 370 of 500 (samples: 70721)
INFO:root:Loss: 0.5673 +/- 0.3275
INFO:root:Epoch no. 371 of 500 (samples: 70721)
INFO:root:Loss: 0.4804 +/- 0.1783
INFO:root:Epoch no. 372 of 500 (samples: 70721)
INFO:root:Loss: 0.5391 +/- 0.3759
INFO:root:Epoch no. 373 of 500 (samples: 70721)
INFO:root:Loss: 0.5556 +/- 0.2428
INFO:root:Epoch no. 374 of 500 (samples: 70721)
INFO:root:Loss: 0.4786 +/- 0.4016
INFO:root:Epoch no. 375 of 500 (samples: 70721)
INFO:root:Loss: 0.597 +/- 0.288
INFO:root:Epoch no. 376 of 500 (samples: 70721)
INFO:root:Loss: 0.5436 +/- 0.5036
INFO:root:Epoch no. 377 of 500 (samples: 70721)
INFO:root:Loss: 0.4764 +/- 0.2668
INFO:root:Epoch no. 378 of 500 (samples: 70721)
INFO:root:Loss: 0.4923 +/- 0.2903
INFO:root:Epoch no. 379 of 500 (samples: 70721)
INFO:root:Loss: 0.3212 +/- 0.2576
INFO:root:Epoch no. 380 of 500 (samples: 70721)
INFO:root:Loss: 0.4872 +/- 0.2225
INFO:root:Epoch no. 381 of 500 (samples: 70721)
INFO:root:Loss: 0.6997 +/- 0.3387
INFO:root:Epoch no. 382 of 500 (samples: 70721)
INFO:root:Loss: 0.5386 +/- 0.217
INFO:root:Epoch no. 383 of 500 (samples: 70721)
INFO:root:Loss: 0.6011 +/- 0.3517
INFO:root:Epoch no. 384 of 500 (samples: 70721)
INFO:root:Loss: 0.5292 +/- 0.3922
INFO:root:Epoch no. 385 of 500 (samples: 70721)
INFO:root:Loss: 0.5034 +/- 0.164
INFO:root:Epoch no. 386 of 500 (samples: 70721)
INFO:root:Loss: 0.5266 +/- 0.2304
INFO:root:Epoch no. 387 of 500 (samples: 70721)
INFO:root:Loss: 0.4109 +/- 0.3179
INFO:root:Epoch no. 388 of 500 (samples: 70721)
INFO:root:Loss: 0.8043 +/- 0.3276
INFO:root:Epoch no. 389 of 500 (samples: 70721)
INFO:root:Loss: 0.4664 +/- 0.297
INFO:root:Epoch no. 390 of 500 (samples: 70721)
INFO:root:Loss: 0.3919 +/- 0.3551
INFO:root:Epoch no. 391 of 500 (samples: 70721)
INFO:root:Loss: 0.4489 +/- 0.2368
INFO:root:Epoch no. 392 of 500 (samples: 70721)
INFO:root:Loss: 0.3367 +/- 0.2765
INFO:root:Epoch no. 393 of 500 (samples: 70721)
INFO:root:Loss: 0.5769 +/- 0.3849
INFO:root:Epoch no. 394 of 500 (samples: 70721)
INFO:root:Loss: 0.4342 +/- 0.3427
INFO:root:Epoch no. 395 of 500 (samples: 70721)
INFO:root:Loss: 0.5896 +/- 0.3701
INFO:root:Epoch no. 396 of 500 (samples: 70721)
INFO:root:Loss: 0.5624 +/- 0.157
INFO:root:Epoch no. 397 of 500 (samples: 70721)
INFO:root:Loss: 0.4929 +/- 0.2571
INFO:root:Epoch no. 398 of 500 (samples: 70721)
INFO:root:Loss: 0.4793 +/- 0.2953
INFO:root:Epoch no. 399 of 500 (samples: 70721)
INFO:root:Loss: 0.5144 +/- 0.3454
INFO:root:Epoch no. 400 of 500 (samples: 70721)
INFO:root:Loss: 0.4431 +/- 0.2447
INFO:root:Epoch no. 401 of 500 (samples: 70721)
INFO:root:Loss: 0.504 +/- 0.4026
INFO:root:Epoch no. 402 of 500 (samples: 70721)
INFO:root:Loss: 0.5767 +/- 0.2973
INFO:root:Epoch no. 403 of 500 (samples: 70721)
INFO:root:Loss: 0.5062 +/- 0.2935
INFO:root:Epoch no. 404 of 500 (samples: 70721)
INFO:root:Loss: 0.5425 +/- 0.2182
INFO:root:Epoch no. 405 of 500 (samples: 70721)
INFO:root:Loss: 0.5195 +/- 0.2422
INFO:root:Epoch no. 406 of 500 (samples: 70721)
INFO:root:Loss: 0.6494 +/- 0.3173
INFO:root:Epoch no. 407 of 500 (samples: 70721)
INFO:root:Loss: 0.5254 +/- 0.1535
INFO:root:Epoch no. 408 of 500 (samples: 70721)
INFO:root:Loss: 0.5753 +/- 0.2968
INFO:root:Epoch no. 409 of 500 (samples: 70721)
INFO:root:Loss: 0.6314 +/- 0.332
INFO:root:Epoch no. 410 of 500 (samples: 70721)
INFO:root:Loss: 0.5109 +/- 0.2541
INFO:root:Epoch no. 411 of 500 (samples: 70721)
INFO:root:Loss: 0.6018 +/- 0.2277
INFO:root:Epoch no. 412 of 500 (samples: 70721)
INFO:root:Loss: 0.5313 +/- 0.3852
INFO:root:Epoch no. 413 of 500 (samples: 70721)
INFO:root:Loss: 0.6653 +/- 0.2574
INFO:root:Epoch no. 414 of 500 (samples: 70721)
INFO:root:Loss: 0.7278 +/- 0.3946
INFO:root:Epoch no. 415 of 500 (samples: 70721)
INFO:root:Loss: 0.6877 +/- 0.2742
INFO:root:Epoch no. 416 of 500 (samples: 70721)
INFO:root:Loss: 0.6225 +/- 0.3044
INFO:root:Epoch no. 417 of 500 (samples: 70721)
INFO:root:Loss: 0.6462 +/- 0.2271
INFO:root:Epoch no. 418 of 500 (samples: 70721)
INFO:root:Loss: 0.5423 +/- 0.3262
INFO:root:Epoch no. 419 of 500 (samples: 70721)
INFO:root:Loss: 0.3941 +/- 0.3379
INFO:root:Epoch no. 420 of 500 (samples: 70721)
INFO:root:Loss: 0.5785 +/- 0.4202
INFO:root:Epoch no. 421 of 500 (samples: 70721)
INFO:root:Loss: 0.3565 +/- 0.2255
INFO:root:Epoch no. 422 of 500 (samples: 70721)
INFO:root:Loss: 0.5207 +/- 0.3508
INFO:root:Epoch no. 423 of 500 (samples: 70721)
INFO:root:Loss: 0.5635 +/- 0.2995
INFO:root:Epoch no. 424 of 500 (samples: 70721)
INFO:root:Loss: 0.5259 +/- 0.2648
INFO:root:Epoch no. 425 of 500 (samples: 70721)
INFO:root:Loss: 0.5654 +/- 0.3227
INFO:root:Epoch no. 426 of 500 (samples: 70721)
INFO:root:Loss: 0.5776 +/- 0.29
INFO:root:Epoch no. 427 of 500 (samples: 70721)
INFO:root:Loss: 0.6813 +/- 0.4359
INFO:root:Epoch no. 428 of 500 (samples: 70721)
INFO:root:Loss: 0.5207 +/- 0.4352
INFO:root:Epoch no. 429 of 500 (samples: 70721)
INFO:root:Loss: 0.3833 +/- 0.1852
INFO:root:Epoch no. 430 of 500 (samples: 70721)
INFO:root:Loss: 0.404 +/- 0.17
INFO:root:Epoch no. 431 of 500 (samples: 70721)
INFO:root:Loss: 0.7303 +/- 0.274
INFO:root:Epoch no. 432 of 500 (samples: 70721)
INFO:root:Loss: 0.4908 +/- 0.2078
INFO:root:Epoch no. 433 of 500 (samples: 70721)
INFO:root:Loss: 0.6357 +/- 0.5015
INFO:root:Epoch no. 434 of 500 (samples: 70721)
INFO:root:Loss: 0.5868 +/- 0.3707
INFO:root:Epoch no. 435 of 500 (samples: 70721)
INFO:root:Loss: 0.5162 +/- 0.3502
INFO:root:Epoch no. 436 of 500 (samples: 70721)
INFO:root:Loss: 0.6067 +/- 0.4216
INFO:root:Epoch no. 437 of 500 (samples: 70721)
INFO:root:Loss: 0.5604 +/- 0.25
INFO:root:Epoch no. 438 of 500 (samples: 70721)
INFO:root:Loss: 0.4034 +/- 0.3043
INFO:root:Epoch no. 439 of 500 (samples: 70721)
INFO:root:Loss: 0.4854 +/- 0.277
INFO:root:Epoch no. 440 of 500 (samples: 70721)
INFO:root:Loss: 0.3325 +/- 0.1833
INFO:root:Epoch no. 441 of 500 (samples: 70721)
INFO:root:Loss: 0.5233 +/- 0.3055
INFO:root:Epoch no. 442 of 500 (samples: 70721)
INFO:root:Loss: 0.5077 +/- 0.2567
INFO:root:Epoch no. 443 of 500 (samples: 70721)
INFO:root:Loss: 0.4857 +/- 0.244
INFO:root:Epoch no. 444 of 500 (samples: 70721)
INFO:root:Loss: 0.709 +/- 0.5881
INFO:root:Epoch no. 445 of 500 (samples: 70721)
INFO:root:Loss: 0.5892 +/- 0.3579
INFO:root:Epoch no. 446 of 500 (samples: 70721)
INFO:root:Loss: 0.5173 +/- 0.3176
INFO:root:Epoch no. 447 of 500 (samples: 70721)
INFO:root:Loss: 0.4739 +/- 0.2502
INFO:root:Epoch no. 448 of 500 (samples: 70721)
INFO:root:Loss: 0.4776 +/- 0.2839
INFO:root:Epoch no. 449 of 500 (samples: 70721)
INFO:root:Loss: 0.3987 +/- 0.4123
INFO:root:Epoch no. 450 of 500 (samples: 70721)
INFO:root:Loss: 0.5988 +/- 0.4057
INFO:root:Epoch no. 451 of 500 (samples: 70721)
INFO:root:Loss: 0.6267 +/- 0.261
INFO:root:Epoch no. 452 of 500 (samples: 70721)
INFO:root:Loss: 0.5962 +/- 0.4779
INFO:root:Epoch no. 453 of 500 (samples: 70721)
INFO:root:Loss: 0.6685 +/- 0.2093
INFO:root:Epoch no. 454 of 500 (samples: 70721)
INFO:root:Loss: 0.4556 +/- 0.2338
INFO:root:Epoch no. 455 of 500 (samples: 70721)
INFO:root:Loss: 0.5607 +/- 0.3457
INFO:root:Epoch no. 456 of 500 (samples: 70721)
INFO:root:Loss: 0.5659 +/- 0.342
INFO:root:Epoch no. 457 of 500 (samples: 70721)
INFO:root:Loss: 0.4191 +/- 0.2414
INFO:root:Epoch no. 458 of 500 (samples: 70721)
INFO:root:Loss: 0.5948 +/- 0.2925
INFO:root:Epoch no. 459 of 500 (samples: 70721)
INFO:root:Loss: 0.5107 +/- 0.306
INFO:root:Epoch no. 460 of 500 (samples: 70721)
INFO:root:Loss: 0.7104 +/- 0.2367
INFO:root:Epoch no. 461 of 500 (samples: 70721)
INFO:root:Loss: 0.5848 +/- 0.2555
INFO:root:Epoch no. 462 of 500 (samples: 70721)
INFO:root:Loss: 0.602 +/- 0.2176
INFO:root:Epoch no. 463 of 500 (samples: 70721)
INFO:root:Loss: 0.4526 +/- 0.3276
INFO:root:Epoch no. 464 of 500 (samples: 70721)
INFO:root:Loss: 0.4574 +/- 0.2606
INFO:root:Epoch no. 465 of 500 (samples: 70721)
INFO:root:Loss: 0.3656 +/- 0.1367
INFO:root:Epoch no. 466 of 500 (samples: 70721)
INFO:root:Loss: 0.6055 +/- 0.4011
INFO:root:Epoch no. 467 of 500 (samples: 70721)
INFO:root:Loss: 0.666 +/- 0.2649
INFO:root:Epoch no. 468 of 500 (samples: 70721)
INFO:root:Loss: 0.4971 +/- 0.2722
INFO:root:Epoch no. 469 of 500 (samples: 70721)
INFO:root:Loss: 0.6308 +/- 0.449
INFO:root:Epoch no. 470 of 500 (samples: 70721)
INFO:root:Loss: 0.3934 +/- 0.1558
INFO:root:Epoch no. 471 of 500 (samples: 70721)
INFO:root:Loss: 0.6853 +/- 0.2919
INFO:root:Epoch no. 472 of 500 (samples: 70721)
INFO:root:Loss: 0.4535 +/- 0.1657
INFO:root:Epoch no. 473 of 500 (samples: 70721)
INFO:root:Loss: 0.4607 +/- 0.357
INFO:root:Epoch no. 474 of 500 (samples: 70721)
INFO:root:Loss: 0.4511 +/- 0.2319
INFO:root:Epoch no. 475 of 500 (samples: 70721)
INFO:root:Loss: 0.5399 +/- 0.3419
INFO:root:Epoch no. 476 of 500 (samples: 70721)
INFO:root:Loss: 0.5556 +/- 0.2518
INFO:root:Epoch no. 477 of 500 (samples: 70721)
INFO:root:Loss: 0.4651 +/- 0.3078
INFO:root:Epoch no. 478 of 500 (samples: 70721)
INFO:root:Loss: 0.5375 +/- 0.3683
INFO:root:Epoch no. 479 of 500 (samples: 70721)
INFO:root:Loss: 0.5381 +/- 0.2649
INFO:root:Epoch no. 480 of 500 (samples: 70721)
INFO:root:Loss: 0.5545 +/- 0.3572
INFO:root:Epoch no. 481 of 500 (samples: 70721)
INFO:root:Loss: 0.4534 +/- 0.1774
INFO:root:Epoch no. 482 of 500 (samples: 70721)
INFO:root:Loss: 0.5631 +/- 0.2684
INFO:root:Epoch no. 483 of 500 (samples: 70721)
INFO:root:Loss: 0.4542 +/- 0.3547
INFO:root:Epoch no. 484 of 500 (samples: 70721)
INFO:root:Loss: 0.335 +/- 0.2508
INFO:root:Epoch no. 485 of 500 (samples: 70721)
INFO:root:Loss: 0.4202 +/- 0.253
INFO:root:Epoch no. 486 of 500 (samples: 70721)
INFO:root:Loss: 0.5306 +/- 0.2325
INFO:root:Epoch no. 487 of 500 (samples: 70721)
INFO:root:Loss: 0.4974 +/- 0.2055
INFO:root:Epoch no. 488 of 500 (samples: 70721)
INFO:root:Loss: 0.487 +/- 0.2195
INFO:root:Epoch no. 489 of 500 (samples: 70721)
INFO:root:Loss: 0.457 +/- 0.2958
INFO:root:Epoch no. 490 of 500 (samples: 70721)
INFO:root:Loss: 0.6644 +/- 0.3303
INFO:root:Epoch no. 491 of 500 (samples: 70721)
INFO:root:Loss: 0.5313 +/- 0.1713
INFO:root:Epoch no. 492 of 500 (samples: 70721)
INFO:root:Loss: 0.427 +/- 0.2336
INFO:root:Epoch no. 493 of 500 (samples: 70721)
INFO:root:Loss: 0.6504 +/- 0.3436
INFO:root:Epoch no. 494 of 500 (samples: 70721)
INFO:root:Loss: 0.5061 +/- 0.2897
INFO:root:Epoch no. 495 of 500 (samples: 70721)
INFO:root:Loss: 0.3772 +/- 0.2966
INFO:root:Epoch no. 496 of 500 (samples: 70721)
INFO:root:Loss: 0.7233 +/- 0.3441
INFO:root:Epoch no. 497 of 500 (samples: 70721)
INFO:root:Loss: 0.4677 +/- 0.1073
INFO:root:Epoch no. 498 of 500 (samples: 70721)
INFO:root:Loss: 0.5309 +/- 0.3625
INFO:root:Epoch no. 499 of 500 (samples: 70721)
INFO:root:Loss: 0.5918 +/- 0.3435
INFO:root:Epoch no. 500 of 500 (samples: 70721)
INFO:root:Loss: 0.6516 +/- 0.4605
/home/insight/.local/lib/python3.4/site-packages/Keras-1.0.1-py3.4.egg/keras/backend/theano_backend.py:489: UserWarning: theano.function was asked to create a function computing outputs given certain inputs, but the provided input variable at index 2 is not part of the computational graph needed to compute the outputs: keras_learning_phase.
To make this warning into an error, you can pass the parameter on_unused_input='raise' to theano.function. To disable it completely, use on_unused_input='ignore'.
  **kwargs)
INFO:root:### MICRO (validation raw):
INFO:root:	-- left   >> mean: 6389.7086, median: 59.0, mrr: 0.175, hits@1: 1.44%
INFO:root:	-- right  >> mean: 6383.9428, median: 57.0, mrr: 0.173, hits@1: 1.62%
INFO:root:	-- global >> mean: 6386.8257, median: 58.5, mrr: 0.174, hits@1: 1.53%
INFO:root:### MICRO (validation raw):
INFO:root:	-- left   >> mean: 6389.7086, median: 59.0, mrr: 0.175, hits@3: 30.6%
INFO:root:	-- right  >> mean: 6383.9428, median: 57.0, mrr: 0.173, hits@3: 29.82%
INFO:root:	-- global >> mean: 6386.8257, median: 58.5, mrr: 0.174, hits@3: 30.21%
INFO:root:### MICRO (validation raw):
INFO:root:	-- left   >> mean: 6389.7086, median: 59.0, mrr: 0.175, hits@5: 37.36%
INFO:root:	-- right  >> mean: 6383.9428, median: 57.0, mrr: 0.173, hits@5: 36.6%
INFO:root:	-- global >> mean: 6386.8257, median: 58.5, mrr: 0.174, hits@5: 36.98%
INFO:root:### MICRO (validation raw):
INFO:root:	-- left   >> mean: 6389.7086, median: 59.0, mrr: 0.175, hits@10: 42.4%
INFO:root:	-- right  >> mean: 6383.9428, median: 57.0, mrr: 0.173, hits@10: 42.4%
INFO:root:	-- global >> mean: 6386.8257, median: 58.5, mrr: 0.174, hits@10: 42.4%
INFO:root:### MICRO (validation filtered):
INFO:root:	-- left   >> mean: 6382.716, median: 40.0, mrr: 0.193, hits@1: 1.68%
INFO:root:	-- right  >> mean: 6376.8554, median: 35.0, mrr: 0.194, hits@1: 2.02%
INFO:root:	-- global >> mean: 6379.7857, median: 38.0, mrr: 0.194, hits@1: 1.85%
INFO:root:### MICRO (validation filtered):
INFO:root:	-- left   >> mean: 6382.716, median: 40.0, mrr: 0.193, hits@3: 34.72%
INFO:root:	-- right  >> mean: 6376.8554, median: 35.0, mrr: 0.194, hits@3: 34.46%
INFO:root:	-- global >> mean: 6379.7857, median: 38.0, mrr: 0.194, hits@3: 34.59%
INFO:root:### MICRO (validation filtered):
INFO:root:	-- left   >> mean: 6382.716, median: 40.0, mrr: 0.193, hits@5: 40.86%
INFO:root:	-- right  >> mean: 6376.8554, median: 35.0, mrr: 0.194, hits@5: 40.5%
INFO:root:	-- global >> mean: 6379.7857, median: 38.0, mrr: 0.194, hits@5: 40.68%
INFO:root:### MICRO (validation filtered):
INFO:root:	-- left   >> mean: 6382.716, median: 40.0, mrr: 0.193, hits@10: 45.02%
INFO:root:	-- right  >> mean: 6376.8554, median: 35.0, mrr: 0.194, hits@10: 45.26%
INFO:root:	-- global >> mean: 6379.7857, median: 38.0, mrr: 0.194, hits@10: 45.14%
INFO:root:### MICRO (test raw):
INFO:root:	-- left   >> mean: 6607.1698, median: 80.5, mrr: 0.172, hits@1: 1.3%
INFO:root:	-- right  >> mean: 6490.2624, median: 73.5, mrr: 0.177, hits@1: 1.86%
INFO:root:	-- global >> mean: 6548.7161, median: 76.0, mrr: 0.175, hits@1: 1.58%
INFO:root:### MICRO (test raw):
INFO:root:	-- left   >> mean: 6607.1698, median: 80.5, mrr: 0.172, hits@3: 30.58%
INFO:root:	-- right  >> mean: 6490.2624, median: 73.5, mrr: 0.177, hits@3: 30.8%
INFO:root:	-- global >> mean: 6548.7161, median: 76.0, mrr: 0.175, hits@3: 30.69%
INFO:root:### MICRO (test raw):
INFO:root:	-- left   >> mean: 6607.1698, median: 80.5, mrr: 0.172, hits@5: 36.54%
INFO:root:	-- right  >> mean: 6490.2624, median: 73.5, mrr: 0.177, hits@5: 36.78%
INFO:root:	-- global >> mean: 6548.7161, median: 76.0, mrr: 0.175, hits@5: 36.66%
INFO:root:### MICRO (test raw):
INFO:root:	-- left   >> mean: 6607.1698, median: 80.5, mrr: 0.172, hits@10: 41.46%
INFO:root:	-- right  >> mean: 6490.2624, median: 73.5, mrr: 0.177, hits@10: 41.92%
INFO:root:	-- global >> mean: 6548.7161, median: 76.0, mrr: 0.175, hits@10: 41.69%
INFO:root:### MICRO (test filtered):
INFO:root:	-- left   >> mean: 6599.6846, median: 54.0, mrr: 0.193, hits@1: 1.7%
INFO:root:	-- right  >> mean: 6483.3512, median: 50.0, mrr: 0.195, hits@1: 2.14%
INFO:root:	-- global >> mean: 6541.5179, median: 51.5, mrr: 0.194, hits@1: 1.92%
INFO:root:### MICRO (test filtered):
INFO:root:	-- left   >> mean: 6599.6846, median: 54.0, mrr: 0.193, hits@3: 34.72%
INFO:root:	-- right  >> mean: 6483.3512, median: 50.0, mrr: 0.195, hits@3: 34.92%
INFO:root:	-- global >> mean: 6541.5179, median: 51.5, mrr: 0.194, hits@3: 34.82%
INFO:root:### MICRO (test filtered):
INFO:root:	-- left   >> mean: 6599.6846, median: 54.0, mrr: 0.193, hits@5: 40.52%
INFO:root:	-- right  >> mean: 6483.3512, median: 50.0, mrr: 0.195, hits@5: 40.34%
INFO:root:	-- global >> mean: 6541.5179, median: 51.5, mrr: 0.194, hits@5: 40.43%
INFO:root:### MICRO (test filtered):
INFO:root:	-- left   >> mean: 6599.6846, median: 54.0, mrr: 0.193, hits@10: 44.42%
INFO:root:	-- right  >> mean: 6483.3512, median: 50.0, mrr: 0.195, hits@10: 44.34%
INFO:root:	-- global >> mean: 6541.5179, median: 51.5, mrr: 0.194, hits@10: 44.38%
