Using Theano backend.
INFO:root:Acquiring data/wn18/wordnet-mlj12-train.txt ..
INFO:root:Acquiring data/wn18/wordnet-mlj12-valid.txt ..
INFO:root:Acquiring data/wn18/wordnet-mlj12-test.txt ..
INFO:root:[Rules] Adding Head: 15, Tail: [(10, True)]
INFO:root:[Rules] Adding Head: 12, Tail: [(17, True)]
INFO:root:[Rules] Adding Head: 4, Tail: [(5, True)]
INFO:root:[Rules] Adding Head: 13, Tail: [(3, True)]
INFO:root:[Rules] Adding Head: 5, Tail: [(4, True)]
INFO:root:[Rules] Adding Head: 16, Tail: [(11, True)]
INFO:root:[Rules] Adding Head: 17, Tail: [(12, True)]
INFO:root:[Rules] Adding Head: 11, Tail: [(16, True)]
INFO:root:[Rules] Adding Head: 8, Tail: [(9, True)]
INFO:root:[Rules] Adding Head: 2, Tail: [(2, True)]
INFO:root:Samples: 99009, no. batches: 10 -> batch size: 9901
INFO:root:Epoch no. 1 of 500 (samples: 99009)
INFO:root:Loss: 153205.8375 +/- 455029.8935
INFO:root:Epoch no. 2 of 500 (samples: 99009)
INFO:root:Loss: 1228.6677 +/- 45.8164
INFO:root:Epoch no. 3 of 500 (samples: 99009)
INFO:root:Loss: 1021.2103 +/- 22.7697
INFO:root:Epoch no. 4 of 500 (samples: 99009)
INFO:root:Loss: 878.6646 +/- 11.4068
INFO:root:Epoch no. 5 of 500 (samples: 99009)
INFO:root:Loss: 775.0525 +/- 3.6944
INFO:root:Epoch no. 6 of 500 (samples: 99009)
INFO:root:Loss: 697.8335 +/- 2.9967
INFO:root:Epoch no. 7 of 500 (samples: 99009)
INFO:root:Loss: 638.9551 +/- 3.5574
INFO:root:Epoch no. 8 of 500 (samples: 99009)
INFO:root:Loss: 591.6369 +/- 6.2456
INFO:root:Epoch no. 9 of 500 (samples: 99009)
INFO:root:Loss: 553.9128 +/- 5.6403
INFO:root:Epoch no. 10 of 500 (samples: 99009)
INFO:root:Loss: 522.2609 +/- 6.5517
INFO:root:Epoch no. 11 of 500 (samples: 99009)
INFO:root:Loss: 495.6438 +/- 7.3186
INFO:root:Epoch no. 12 of 500 (samples: 99009)
INFO:root:Loss: 473.1658 +/- 7.3561
INFO:root:Epoch no. 13 of 500 (samples: 99009)
INFO:root:Loss: 453.3948 +/- 6.6418
INFO:root:Epoch no. 14 of 500 (samples: 99009)
INFO:root:Loss: 436.6051 +/- 7.3515
INFO:root:Epoch no. 15 of 500 (samples: 99009)
INFO:root:Loss: 421.2417 +/- 5.6189
INFO:root:Epoch no. 16 of 500 (samples: 99009)
INFO:root:Loss: 407.9035 +/- 6.7613
INFO:root:Epoch no. 17 of 500 (samples: 99009)
INFO:root:Loss: 395.2036 +/- 6.5923
INFO:root:Epoch no. 18 of 500 (samples: 99009)
INFO:root:Loss: 384.1037 +/- 5.8313
INFO:root:Epoch no. 19 of 500 (samples: 99009)
INFO:root:Loss: 373.4104 +/- 6.1781
INFO:root:Epoch no. 20 of 500 (samples: 99009)
INFO:root:Loss: 364.3759 +/- 5.7088
INFO:root:Epoch no. 21 of 500 (samples: 99009)
INFO:root:Loss: 355.5804 +/- 5.4757
INFO:root:Epoch no. 22 of 500 (samples: 99009)
INFO:root:Loss: 347.3057 +/- 5.6307
INFO:root:Epoch no. 23 of 500 (samples: 99009)
INFO:root:Loss: 340.0524 +/- 5.5808
INFO:root:Epoch no. 24 of 500 (samples: 99009)
INFO:root:Loss: 332.9891 +/- 4.936
INFO:root:Epoch no. 25 of 500 (samples: 99009)
INFO:root:Loss: 326.4523 +/- 4.8319
INFO:root:Epoch no. 26 of 500 (samples: 99009)
INFO:root:Loss: 320.2754 +/- 5.1063
INFO:root:Epoch no. 27 of 500 (samples: 99009)
INFO:root:Loss: 314.283 +/- 4.8091
INFO:root:Epoch no. 28 of 500 (samples: 99009)
INFO:root:Loss: 308.9463 +/- 5.2574
INFO:root:Epoch no. 29 of 500 (samples: 99009)
INFO:root:Loss: 303.2571 +/- 5.5558
INFO:root:Epoch no. 30 of 500 (samples: 99009)
INFO:root:Loss: 298.9955 +/- 4.1668
INFO:root:Epoch no. 31 of 500 (samples: 99009)
INFO:root:Loss: 293.7473 +/- 5.3258
INFO:root:Epoch no. 32 of 500 (samples: 99009)
INFO:root:Loss: 289.3588 +/- 4.4733
INFO:root:Epoch no. 33 of 500 (samples: 99009)
INFO:root:Loss: 285.1581 +/- 4.7348
INFO:root:Epoch no. 34 of 500 (samples: 99009)
INFO:root:Loss: 281.0526 +/- 4.8699
INFO:root:Epoch no. 35 of 500 (samples: 99009)
INFO:root:Loss: 277.0467 +/- 4.5526
INFO:root:Epoch no. 36 of 500 (samples: 99009)
INFO:root:Loss: 273.5952 +/- 4.1188
INFO:root:Epoch no. 37 of 500 (samples: 99009)
INFO:root:Loss: 269.6973 +/- 4.2384
INFO:root:Epoch no. 38 of 500 (samples: 99009)
INFO:root:Loss: 266.2179 +/- 4.0404
INFO:root:Epoch no. 39 of 500 (samples: 99009)
INFO:root:Loss: 263.3377 +/- 4.7084
INFO:root:Epoch no. 40 of 500 (samples: 99009)
INFO:root:Loss: 259.9253 +/- 4.6876
INFO:root:Epoch no. 41 of 500 (samples: 99009)
INFO:root:Loss: 257.052 +/- 4.2118
INFO:root:Epoch no. 42 of 500 (samples: 99009)
INFO:root:Loss: 253.8153 +/- 4.6199
INFO:root:Epoch no. 43 of 500 (samples: 99009)
INFO:root:Loss: 251.5233 +/- 3.6664
INFO:root:Epoch no. 44 of 500 (samples: 99009)
INFO:root:Loss: 248.6537 +/- 3.7752
INFO:root:Epoch no. 45 of 500 (samples: 99009)
INFO:root:Loss: 246.0932 +/- 4.3124
INFO:root:Epoch no. 46 of 500 (samples: 99009)
INFO:root:Loss: 243.7291 +/- 4.1212
INFO:root:Epoch no. 47 of 500 (samples: 99009)
INFO:root:Loss: 241.2518 +/- 3.7512
INFO:root:Epoch no. 48 of 500 (samples: 99009)
INFO:root:Loss: 238.6799 +/- 3.6988
INFO:root:Epoch no. 49 of 500 (samples: 99009)
INFO:root:Loss: 236.3047 +/- 4.0597
INFO:root:Epoch no. 50 of 500 (samples: 99009)
INFO:root:Loss: 234.4817 +/- 3.3554
INFO:root:Epoch no. 51 of 500 (samples: 99009)
INFO:root:Loss: 232.027 +/- 3.7824
INFO:root:Epoch no. 52 of 500 (samples: 99009)
INFO:root:Loss: 229.9067 +/- 3.7194
INFO:root:Epoch no. 53 of 500 (samples: 99009)
INFO:root:Loss: 227.7446 +/- 3.4671
INFO:root:Epoch no. 54 of 500 (samples: 99009)
INFO:root:Loss: 225.7271 +/- 4.1331
INFO:root:Epoch no. 55 of 500 (samples: 99009)
INFO:root:Loss: 223.8553 +/- 3.9108
INFO:root:Epoch no. 56 of 500 (samples: 99009)
INFO:root:Loss: 221.9284 +/- 3.5522
INFO:root:Epoch no. 57 of 500 (samples: 99009)
INFO:root:Loss: 220.0923 +/- 3.6622
INFO:root:Epoch no. 58 of 500 (samples: 99009)
INFO:root:Loss: 218.5214 +/- 3.4956
INFO:root:Epoch no. 59 of 500 (samples: 99009)
INFO:root:Loss: 216.5534 +/- 3.4643
INFO:root:Epoch no. 60 of 500 (samples: 99009)
INFO:root:Loss: 214.7273 +/- 3.4892
INFO:root:Epoch no. 61 of 500 (samples: 99009)
INFO:root:Loss: 213.2617 +/- 3.2377
INFO:root:Epoch no. 62 of 500 (samples: 99009)
INFO:root:Loss: 211.3506 +/- 3.5295
INFO:root:Epoch no. 63 of 500 (samples: 99009)
INFO:root:Loss: 209.7809 +/- 3.5542
INFO:root:Epoch no. 64 of 500 (samples: 99009)
INFO:root:Loss: 208.4608 +/- 3.2606
INFO:root:Epoch no. 65 of 500 (samples: 99009)
INFO:root:Loss: 206.9718 +/- 3.2121
INFO:root:Epoch no. 66 of 500 (samples: 99009)
INFO:root:Loss: 205.6345 +/- 3.3013
INFO:root:Epoch no. 67 of 500 (samples: 99009)
INFO:root:Loss: 203.7905 +/- 3.6637
INFO:root:Epoch no. 68 of 500 (samples: 99009)
INFO:root:Loss: 202.5679 +/- 3.306
INFO:root:Epoch no. 69 of 500 (samples: 99009)
INFO:root:Loss: 201.2632 +/- 3.0203
INFO:root:Epoch no. 70 of 500 (samples: 99009)
INFO:root:Loss: 199.753 +/- 3.271
INFO:root:Epoch no. 71 of 500 (samples: 99009)
INFO:root:Loss: 198.5479 +/- 2.9031
INFO:root:Epoch no. 72 of 500 (samples: 99009)
INFO:root:Loss: 197.2452 +/- 3.2559
INFO:root:Epoch no. 73 of 500 (samples: 99009)
INFO:root:Loss: 196.0579 +/- 3.1727
INFO:root:Epoch no. 74 of 500 (samples: 99009)
INFO:root:Loss: 194.4669 +/- 2.622
INFO:root:Epoch no. 75 of 500 (samples: 99009)
INFO:root:Loss: 193.5318 +/- 3.0953
INFO:root:Epoch no. 76 of 500 (samples: 99009)
INFO:root:Loss: 192.1491 +/- 2.7545
INFO:root:Epoch no. 77 of 500 (samples: 99009)
INFO:root:Loss: 190.9544 +/- 2.7783
INFO:root:Epoch no. 78 of 500 (samples: 99009)
INFO:root:Loss: 189.8385 +/- 3.0387
INFO:root:Epoch no. 79 of 500 (samples: 99009)
INFO:root:Loss: 188.8824 +/- 2.7902
INFO:root:Epoch no. 80 of 500 (samples: 99009)
INFO:root:Loss: 187.804 +/- 3.0876
INFO:root:Epoch no. 81 of 500 (samples: 99009)
INFO:root:Loss: 186.6466 +/- 3.0399
INFO:root:Epoch no. 82 of 500 (samples: 99009)
INFO:root:Loss: 185.42 +/- 3.1457
INFO:root:Epoch no. 83 of 500 (samples: 99009)
INFO:root:Loss: 184.45 +/- 3.1501
INFO:root:Epoch no. 84 of 500 (samples: 99009)
INFO:root:Loss: 183.5081 +/- 2.9701
INFO:root:Epoch no. 85 of 500 (samples: 99009)
INFO:root:Loss: 182.4711 +/- 3.1231
INFO:root:Epoch no. 86 of 500 (samples: 99009)
INFO:root:Loss: 181.2988 +/- 3.1521
INFO:root:Epoch no. 87 of 500 (samples: 99009)
INFO:root:Loss: 180.3045 +/- 2.4201
INFO:root:Epoch no. 88 of 500 (samples: 99009)
INFO:root:Loss: 179.6385 +/- 2.7892
INFO:root:Epoch no. 89 of 500 (samples: 99009)
INFO:root:Loss: 178.418 +/- 2.4412
INFO:root:Epoch no. 90 of 500 (samples: 99009)
INFO:root:Loss: 177.6925 +/- 2.7167
INFO:root:Epoch no. 91 of 500 (samples: 99009)
INFO:root:Loss: 176.7556 +/- 2.745
INFO:root:Epoch no. 92 of 500 (samples: 99009)
INFO:root:Loss: 175.7642 +/- 2.7129
INFO:root:Epoch no. 93 of 500 (samples: 99009)
INFO:root:Loss: 174.8497 +/- 2.6808
INFO:root:Epoch no. 94 of 500 (samples: 99009)
INFO:root:Loss: 173.8659 +/- 2.4625
INFO:root:Epoch no. 95 of 500 (samples: 99009)
INFO:root:Loss: 172.8573 +/- 3.0596
INFO:root:Epoch no. 96 of 500 (samples: 99009)
INFO:root:Loss: 172.3605 +/- 2.8268
INFO:root:Epoch no. 97 of 500 (samples: 99009)
INFO:root:Loss: 171.4004 +/- 2.1858
INFO:root:Epoch no. 98 of 500 (samples: 99009)
INFO:root:Loss: 170.3973 +/- 2.5238
INFO:root:Epoch no. 99 of 500 (samples: 99009)
INFO:root:Loss: 169.6905 +/- 2.375
INFO:root:Epoch no. 100 of 500 (samples: 99009)
INFO:root:Loss: 168.8475 +/- 2.3219
INFO:root:Epoch no. 101 of 500 (samples: 99009)
INFO:root:Loss: 167.9161 +/- 3.1739
INFO:root:Epoch no. 102 of 500 (samples: 99009)
INFO:root:Loss: 167.1973 +/- 2.6766
INFO:root:Epoch no. 103 of 500 (samples: 99009)
INFO:root:Loss: 166.4812 +/- 2.2156
INFO:root:Epoch no. 104 of 500 (samples: 99009)
INFO:root:Loss: 165.885 +/- 2.3709
INFO:root:Epoch no. 105 of 500 (samples: 99009)
INFO:root:Loss: 165.1369 +/- 2.841
INFO:root:Epoch no. 106 of 500 (samples: 99009)
INFO:root:Loss: 164.2572 +/- 2.4695
INFO:root:Epoch no. 107 of 500 (samples: 99009)
INFO:root:Loss: 163.5999 +/- 2.2647
INFO:root:Epoch no. 108 of 500 (samples: 99009)
INFO:root:Loss: 162.6394 +/- 2.8016
INFO:root:Epoch no. 109 of 500 (samples: 99009)
INFO:root:Loss: 161.8651 +/- 1.9325
INFO:root:Epoch no. 110 of 500 (samples: 99009)
INFO:root:Loss: 161.2942 +/- 2.4035
INFO:root:Epoch no. 111 of 500 (samples: 99009)
INFO:root:Loss: 160.6861 +/- 2.256
INFO:root:Epoch no. 112 of 500 (samples: 99009)
INFO:root:Loss: 160.0282 +/- 2.8596
INFO:root:Epoch no. 113 of 500 (samples: 99009)
INFO:root:Loss: 159.1857 +/- 2.4354
INFO:root:Epoch no. 114 of 500 (samples: 99009)
INFO:root:Loss: 158.5776 +/- 2.7179
INFO:root:Epoch no. 115 of 500 (samples: 99009)
INFO:root:Loss: 158.241 +/- 2.4775
INFO:root:Epoch no. 116 of 500 (samples: 99009)
INFO:root:Loss: 157.1675 +/- 2.65
INFO:root:Epoch no. 117 of 500 (samples: 99009)
INFO:root:Loss: 156.6787 +/- 2.2169
INFO:root:Epoch no. 118 of 500 (samples: 99009)
INFO:root:Loss: 156.2652 +/- 2.8994
INFO:root:Epoch no. 119 of 500 (samples: 99009)
INFO:root:Loss: 155.7705 +/- 2.2945
INFO:root:Epoch no. 120 of 500 (samples: 99009)
INFO:root:Loss: 154.882 +/- 2.1828
INFO:root:Epoch no. 121 of 500 (samples: 99009)
INFO:root:Loss: 154.2399 +/- 2.1978
INFO:root:Epoch no. 122 of 500 (samples: 99009)
INFO:root:Loss: 153.6573 +/- 2.2552
INFO:root:Epoch no. 123 of 500 (samples: 99009)
INFO:root:Loss: 152.9111 +/- 2.5114
INFO:root:Epoch no. 124 of 500 (samples: 99009)
INFO:root:Loss: 152.5423 +/- 2.7598
INFO:root:Epoch no. 125 of 500 (samples: 99009)
INFO:root:Loss: 151.8647 +/- 2.6228
INFO:root:Epoch no. 126 of 500 (samples: 99009)
INFO:root:Loss: 151.1049 +/- 2.5034
INFO:root:Epoch no. 127 of 500 (samples: 99009)
INFO:root:Loss: 150.8427 +/- 2.0478
INFO:root:Epoch no. 128 of 500 (samples: 99009)
INFO:root:Loss: 150.466 +/- 2.1421
INFO:root:Epoch no. 129 of 500 (samples: 99009)
INFO:root:Loss: 149.6782 +/- 2.3939
INFO:root:Epoch no. 130 of 500 (samples: 99009)
INFO:root:Loss: 149.0272 +/- 2.2485
INFO:root:Epoch no. 131 of 500 (samples: 99009)
INFO:root:Loss: 148.7632 +/- 2.4194
INFO:root:Epoch no. 132 of 500 (samples: 99009)
INFO:root:Loss: 148.1423 +/- 2.3575
INFO:root:Epoch no. 133 of 500 (samples: 99009)
INFO:root:Loss: 147.4553 +/- 1.7773
INFO:root:Epoch no. 134 of 500 (samples: 99009)
INFO:root:Loss: 147.4727 +/- 1.9944
INFO:root:Epoch no. 135 of 500 (samples: 99009)
INFO:root:Loss: 146.5164 +/- 2.1479
INFO:root:Epoch no. 136 of 500 (samples: 99009)
INFO:root:Loss: 146.2213 +/- 2.4008
INFO:root:Epoch no. 137 of 500 (samples: 99009)
INFO:root:Loss: 145.6224 +/- 2.1732
INFO:root:Epoch no. 138 of 500 (samples: 99009)
INFO:root:Loss: 145.1802 +/- 2.3692
INFO:root:Epoch no. 139 of 500 (samples: 99009)
INFO:root:Loss: 144.6356 +/- 2.0082
INFO:root:Epoch no. 140 of 500 (samples: 99009)
INFO:root:Loss: 144.256 +/- 2.4016
INFO:root:Epoch no. 141 of 500 (samples: 99009)
INFO:root:Loss: 143.8242 +/- 2.026
INFO:root:Epoch no. 142 of 500 (samples: 99009)
INFO:root:Loss: 143.2304 +/- 2.2477
INFO:root:Epoch no. 143 of 500 (samples: 99009)
INFO:root:Loss: 142.7368 +/- 2.0185
INFO:root:Epoch no. 144 of 500 (samples: 99009)
INFO:root:Loss: 142.3455 +/- 1.8799
INFO:root:Epoch no. 145 of 500 (samples: 99009)
INFO:root:Loss: 141.7891 +/- 2.2341
INFO:root:Epoch no. 146 of 500 (samples: 99009)
INFO:root:Loss: 141.7318 +/- 2.0537
INFO:root:Epoch no. 147 of 500 (samples: 99009)
INFO:root:Loss: 141.0988 +/- 2.1827
INFO:root:Epoch no. 148 of 500 (samples: 99009)
INFO:root:Loss: 140.8052 +/- 2.2809
INFO:root:Epoch no. 149 of 500 (samples: 99009)
INFO:root:Loss: 140.2468 +/- 1.8778
INFO:root:Epoch no. 150 of 500 (samples: 99009)
INFO:root:Loss: 139.734 +/- 1.6836
INFO:root:Epoch no. 151 of 500 (samples: 99009)
INFO:root:Loss: 139.3301 +/- 2.0649
INFO:root:Epoch no. 152 of 500 (samples: 99009)
INFO:root:Loss: 139.09 +/- 2.3103
INFO:root:Epoch no. 153 of 500 (samples: 99009)
INFO:root:Loss: 138.4113 +/- 1.7084
INFO:root:Epoch no. 154 of 500 (samples: 99009)
INFO:root:Loss: 138.137 +/- 2.0993
INFO:root:Epoch no. 155 of 500 (samples: 99009)
INFO:root:Loss: 137.9766 +/- 2.1629
INFO:root:Epoch no. 156 of 500 (samples: 99009)
INFO:root:Loss: 137.3224 +/- 1.7317
INFO:root:Epoch no. 157 of 500 (samples: 99009)
INFO:root:Loss: 136.8266 +/- 2.5622
INFO:root:Epoch no. 158 of 500 (samples: 99009)
INFO:root:Loss: 136.5753 +/- 2.3978
INFO:root:Epoch no. 159 of 500 (samples: 99009)
INFO:root:Loss: 136.3129 +/- 2.1024
INFO:root:Epoch no. 160 of 500 (samples: 99009)
INFO:root:Loss: 136.1204 +/- 2.2994
INFO:root:Epoch no. 161 of 500 (samples: 99009)
INFO:root:Loss: 135.4247 +/- 1.9491
INFO:root:Epoch no. 162 of 500 (samples: 99009)
INFO:root:Loss: 135.2132 +/- 1.9743
INFO:root:Epoch no. 163 of 500 (samples: 99009)
INFO:root:Loss: 134.9102 +/- 1.9866
INFO:root:Epoch no. 164 of 500 (samples: 99009)
INFO:root:Loss: 134.3526 +/- 2.1314
INFO:root:Epoch no. 165 of 500 (samples: 99009)
INFO:root:Loss: 134.1796 +/- 2.2498
INFO:root:Epoch no. 166 of 500 (samples: 99009)
INFO:root:Loss: 133.6879 +/- 2.3503
INFO:root:Epoch no. 167 of 500 (samples: 99009)
INFO:root:Loss: 133.4823 +/- 2.3117
INFO:root:Epoch no. 168 of 500 (samples: 99009)
INFO:root:Loss: 133.2949 +/- 1.4346
INFO:root:Epoch no. 169 of 500 (samples: 99009)
INFO:root:Loss: 132.9134 +/- 2.302
INFO:root:Epoch no. 170 of 500 (samples: 99009)
INFO:root:Loss: 132.4007 +/- 1.8621
INFO:root:Epoch no. 171 of 500 (samples: 99009)
INFO:root:Loss: 132.0769 +/- 1.8118
INFO:root:Epoch no. 172 of 500 (samples: 99009)
INFO:root:Loss: 131.509 +/- 1.8588
INFO:root:Epoch no. 173 of 500 (samples: 99009)
INFO:root:Loss: 131.1815 +/- 1.7666
INFO:root:Epoch no. 174 of 500 (samples: 99009)
INFO:root:Loss: 131.159 +/- 2.1189
INFO:root:Epoch no. 175 of 500 (samples: 99009)
INFO:root:Loss: 130.6038 +/- 1.6829
INFO:root:Epoch no. 176 of 500 (samples: 99009)
INFO:root:Loss: 130.2939 +/- 1.6182
INFO:root:Epoch no. 177 of 500 (samples: 99009)
INFO:root:Loss: 130.176 +/- 2.3169
INFO:root:Epoch no. 178 of 500 (samples: 99009)
INFO:root:Loss: 129.7522 +/- 1.7513
INFO:root:Epoch no. 179 of 500 (samples: 99009)
INFO:root:Loss: 129.3487 +/- 2.0232
INFO:root:Epoch no. 180 of 500 (samples: 99009)
INFO:root:Loss: 128.9538 +/- 1.6021
INFO:root:Epoch no. 181 of 500 (samples: 99009)
INFO:root:Loss: 128.8353 +/- 1.6493
INFO:root:Epoch no. 182 of 500 (samples: 99009)
INFO:root:Loss: 128.6746 +/- 1.6067
INFO:root:Epoch no. 183 of 500 (samples: 99009)
INFO:root:Loss: 128.1274 +/- 1.5261
INFO:root:Epoch no. 184 of 500 (samples: 99009)
INFO:root:Loss: 127.8054 +/- 1.9002
INFO:root:Epoch no. 185 of 500 (samples: 99009)
INFO:root:Loss: 127.7635 +/- 1.8805
INFO:root:Epoch no. 186 of 500 (samples: 99009)
INFO:root:Loss: 127.3226 +/- 2.1357
INFO:root:Epoch no. 187 of 500 (samples: 99009)
INFO:root:Loss: 126.9394 +/- 1.8923
INFO:root:Epoch no. 188 of 500 (samples: 99009)
INFO:root:Loss: 126.8143 +/- 1.7386
INFO:root:Epoch no. 189 of 500 (samples: 99009)
INFO:root:Loss: 126.3539 +/- 1.7399
INFO:root:Epoch no. 190 of 500 (samples: 99009)
INFO:root:Loss: 126.2059 +/- 1.4981
INFO:root:Epoch no. 191 of 500 (samples: 99009)
INFO:root:Loss: 125.9376 +/- 1.8337
INFO:root:Epoch no. 192 of 500 (samples: 99009)
INFO:root:Loss: 125.4757 +/- 2.0482
INFO:root:Epoch no. 193 of 500 (samples: 99009)
INFO:root:Loss: 125.1195 +/- 1.7007
INFO:root:Epoch no. 194 of 500 (samples: 99009)
INFO:root:Loss: 125.2277 +/- 1.9421
INFO:root:Epoch no. 195 of 500 (samples: 99009)
INFO:root:Loss: 124.8077 +/- 1.6465
INFO:root:Epoch no. 196 of 500 (samples: 99009)
INFO:root:Loss: 124.6583 +/- 1.5693
INFO:root:Epoch no. 197 of 500 (samples: 99009)
INFO:root:Loss: 124.0747 +/- 1.9568
INFO:root:Epoch no. 198 of 500 (samples: 99009)
INFO:root:Loss: 123.9533 +/- 1.9663
INFO:root:Epoch no. 199 of 500 (samples: 99009)
INFO:root:Loss: 123.8597 +/- 1.9814
INFO:root:Epoch no. 200 of 500 (samples: 99009)
INFO:root:Loss: 123.4243 +/- 1.8846
INFO:root:Epoch no. 201 of 500 (samples: 99009)
INFO:root:Loss: 123.4361 +/- 1.7345
INFO:root:Epoch no. 202 of 500 (samples: 99009)
INFO:root:Loss: 122.8787 +/- 1.7764
INFO:root:Epoch no. 203 of 500 (samples: 99009)
INFO:root:Loss: 122.4488 +/- 1.4207
INFO:root:Epoch no. 204 of 500 (samples: 99009)
INFO:root:Loss: 122.3279 +/- 1.6657
INFO:root:Epoch no. 205 of 500 (samples: 99009)
INFO:root:Loss: 121.8946 +/- 1.9163
INFO:root:Epoch no. 206 of 500 (samples: 99009)
INFO:root:Loss: 121.7098 +/- 1.7338
INFO:root:Epoch no. 207 of 500 (samples: 99009)
INFO:root:Loss: 121.3484 +/- 1.4445
INFO:root:Epoch no. 208 of 500 (samples: 99009)
INFO:root:Loss: 121.0064 +/- 1.72
INFO:root:Epoch no. 209 of 500 (samples: 99009)
INFO:root:Loss: 121.0422 +/- 1.6501
INFO:root:Epoch no. 210 of 500 (samples: 99009)
INFO:root:Loss: 120.7683 +/- 1.8329
INFO:root:Epoch no. 211 of 500 (samples: 99009)
INFO:root:Loss: 120.553 +/- 1.8066
INFO:root:Epoch no. 212 of 500 (samples: 99009)
INFO:root:Loss: 120.2904 +/- 1.7331
INFO:root:Epoch no. 213 of 500 (samples: 99009)
INFO:root:Loss: 120.0358 +/- 1.887
INFO:root:Epoch no. 214 of 500 (samples: 99009)
INFO:root:Loss: 119.7473 +/- 1.6855
INFO:root:Epoch no. 215 of 500 (samples: 99009)
INFO:root:Loss: 119.5353 +/- 1.1953
INFO:root:Epoch no. 216 of 500 (samples: 99009)
INFO:root:Loss: 119.4265 +/- 1.9554
INFO:root:Epoch no. 217 of 500 (samples: 99009)
INFO:root:Loss: 118.9575 +/- 1.6162
INFO:root:Epoch no. 218 of 500 (samples: 99009)
INFO:root:Loss: 118.723 +/- 1.5927
INFO:root:Epoch no. 219 of 500 (samples: 99009)
INFO:root:Loss: 118.437 +/- 1.7561
INFO:root:Epoch no. 220 of 500 (samples: 99009)
INFO:root:Loss: 118.2406 +/- 1.9568
INFO:root:Epoch no. 221 of 500 (samples: 99009)
INFO:root:Loss: 118.1763 +/- 2.1389
INFO:root:Epoch no. 222 of 500 (samples: 99009)
INFO:root:Loss: 117.9992 +/- 1.7182
INFO:root:Epoch no. 223 of 500 (samples: 99009)
INFO:root:Loss: 117.6349 +/- 1.7369
INFO:root:Epoch no. 224 of 500 (samples: 99009)
INFO:root:Loss: 117.3504 +/- 1.7204
INFO:root:Epoch no. 225 of 500 (samples: 99009)
INFO:root:Loss: 117.2751 +/- 1.8007
INFO:root:Epoch no. 226 of 500 (samples: 99009)
INFO:root:Loss: 116.9962 +/- 1.8105
INFO:root:Epoch no. 227 of 500 (samples: 99009)
INFO:root:Loss: 116.8976 +/- 1.9105
INFO:root:Epoch no. 228 of 500 (samples: 99009)
INFO:root:Loss: 116.4922 +/- 1.5443
INFO:root:Epoch no. 229 of 500 (samples: 99009)
INFO:root:Loss: 116.2888 +/- 2.0554
INFO:root:Epoch no. 230 of 500 (samples: 99009)
INFO:root:Loss: 115.9386 +/- 1.5926
INFO:root:Epoch no. 231 of 500 (samples: 99009)
INFO:root:Loss: 115.956 +/- 1.8032
INFO:root:Epoch no. 232 of 500 (samples: 99009)
INFO:root:Loss: 115.4489 +/- 1.782
INFO:root:Epoch no. 233 of 500 (samples: 99009)
INFO:root:Loss: 115.4115 +/- 1.622
INFO:root:Epoch no. 234 of 500 (samples: 99009)
INFO:root:Loss: 115.2082 +/- 1.5837
INFO:root:Epoch no. 235 of 500 (samples: 99009)
INFO:root:Loss: 114.8926 +/- 1.5571
INFO:root:Epoch no. 236 of 500 (samples: 99009)
INFO:root:Loss: 114.8586 +/- 1.2634
INFO:root:Epoch no. 237 of 500 (samples: 99009)
INFO:root:Loss: 114.8144 +/- 1.4155
INFO:root:Epoch no. 238 of 500 (samples: 99009)
INFO:root:Loss: 114.2783 +/- 1.3033
INFO:root:Epoch no. 239 of 500 (samples: 99009)
INFO:root:Loss: 114.1639 +/- 1.3223
INFO:root:Epoch no. 240 of 500 (samples: 99009)
INFO:root:Loss: 114.0568 +/- 1.6921
INFO:root:Epoch no. 241 of 500 (samples: 99009)
INFO:root:Loss: 113.7877 +/- 1.5983
INFO:root:Epoch no. 242 of 500 (samples: 99009)
INFO:root:Loss: 113.4013 +/- 1.3389
INFO:root:Epoch no. 243 of 500 (samples: 99009)
INFO:root:Loss: 113.3283 +/- 1.6306
INFO:root:Epoch no. 244 of 500 (samples: 99009)
INFO:root:Loss: 113.0492 +/- 1.6768
INFO:root:Epoch no. 245 of 500 (samples: 99009)
INFO:root:Loss: 112.9058 +/- 1.2967
INFO:root:Epoch no. 246 of 500 (samples: 99009)
INFO:root:Loss: 112.9065 +/- 1.294
INFO:root:Epoch no. 247 of 500 (samples: 99009)
INFO:root:Loss: 112.53 +/- 1.3703
INFO:root:Epoch no. 248 of 500 (samples: 99009)
INFO:root:Loss: 112.3534 +/- 1.5465
INFO:root:Epoch no. 249 of 500 (samples: 99009)
INFO:root:Loss: 112.0448 +/- 1.6944
INFO:root:Epoch no. 250 of 500 (samples: 99009)
INFO:root:Loss: 112.0082 +/- 1.2662
INFO:root:Epoch no. 251 of 500 (samples: 99009)
INFO:root:Loss: 111.7027 +/- 1.5974
INFO:root:Epoch no. 252 of 500 (samples: 99009)
INFO:root:Loss: 111.9139 +/- 1.4372
INFO:root:Epoch no. 253 of 500 (samples: 99009)
INFO:root:Loss: 111.429 +/- 1.4905
INFO:root:Epoch no. 254 of 500 (samples: 99009)
INFO:root:Loss: 111.1137 +/- 1.2935
INFO:root:Epoch no. 255 of 500 (samples: 99009)
INFO:root:Loss: 110.8918 +/- 1.5759
INFO:root:Epoch no. 256 of 500 (samples: 99009)
INFO:root:Loss: 111.0242 +/- 1.1633
INFO:root:Epoch no. 257 of 500 (samples: 99009)
INFO:root:Loss: 110.6487 +/- 1.6461
INFO:root:Epoch no. 258 of 500 (samples: 99009)
INFO:root:Loss: 110.4431 +/- 1.5722
INFO:root:Epoch no. 259 of 500 (samples: 99009)
INFO:root:Loss: 110.2671 +/- 1.2864
INFO:root:Epoch no. 260 of 500 (samples: 99009)
INFO:root:Loss: 110.1367 +/- 1.4239
INFO:root:Epoch no. 261 of 500 (samples: 99009)
INFO:root:Loss: 109.9519 +/- 1.6363
INFO:root:Epoch no. 262 of 500 (samples: 99009)
INFO:root:Loss: 109.7318 +/- 1.3791
INFO:root:Epoch no. 263 of 500 (samples: 99009)
INFO:root:Loss: 109.8521 +/- 1.5642
INFO:root:Epoch no. 264 of 500 (samples: 99009)
INFO:root:Loss: 109.4279 +/- 1.6906
INFO:root:Epoch no. 265 of 500 (samples: 99009)
INFO:root:Loss: 109.156 +/- 1.3603
INFO:root:Epoch no. 266 of 500 (samples: 99009)
INFO:root:Loss: 108.7927 +/- 1.5939
INFO:root:Epoch no. 267 of 500 (samples: 99009)
INFO:root:Loss: 109.0041 +/- 1.5957
INFO:root:Epoch no. 268 of 500 (samples: 99009)
INFO:root:Loss: 108.6026 +/- 1.4824
INFO:root:Epoch no. 269 of 500 (samples: 99009)
INFO:root:Loss: 108.5794 +/- 1.5929
INFO:root:Epoch no. 270 of 500 (samples: 99009)
INFO:root:Loss: 108.5057 +/- 1.4654
INFO:root:Epoch no. 271 of 500 (samples: 99009)
INFO:root:Loss: 108.1242 +/- 1.4912
INFO:root:Epoch no. 272 of 500 (samples: 99009)
INFO:root:Loss: 107.9169 +/- 1.4416
INFO:root:Epoch no. 273 of 500 (samples: 99009)
INFO:root:Loss: 107.7143 +/- 1.4874
INFO:root:Epoch no. 274 of 500 (samples: 99009)
INFO:root:Loss: 107.6114 +/- 1.6539
INFO:root:Epoch no. 275 of 500 (samples: 99009)
INFO:root:Loss: 107.3954 +/- 1.0499
INFO:root:Epoch no. 276 of 500 (samples: 99009)
INFO:root:Loss: 107.2607 +/- 1.3564
INFO:root:Epoch no. 277 of 500 (samples: 99009)
INFO:root:Loss: 107.1378 +/- 1.5587
INFO:root:Epoch no. 278 of 500 (samples: 99009)
INFO:root:Loss: 106.9755 +/- 1.494
INFO:root:Epoch no. 279 of 500 (samples: 99009)
INFO:root:Loss: 106.9546 +/- 1.4017
INFO:root:Epoch no. 280 of 500 (samples: 99009)
INFO:root:Loss: 106.5246 +/- 1.3508
INFO:root:Epoch no. 281 of 500 (samples: 99009)
INFO:root:Loss: 106.6426 +/- 1.1129
INFO:root:Epoch no. 282 of 500 (samples: 99009)
INFO:root:Loss: 106.2507 +/- 1.3006
INFO:root:Epoch no. 283 of 500 (samples: 99009)
INFO:root:Loss: 106.2393 +/- 1.3465
INFO:root:Epoch no. 284 of 500 (samples: 99009)
INFO:root:Loss: 106.0089 +/- 1.5587
INFO:root:Epoch no. 285 of 500 (samples: 99009)
INFO:root:Loss: 105.8818 +/- 1.2319
INFO:root:Epoch no. 286 of 500 (samples: 99009)
INFO:root:Loss: 105.7527 +/- 1.2857
INFO:root:Epoch no. 287 of 500 (samples: 99009)
INFO:root:Loss: 105.5864 +/- 1.1231
INFO:root:Epoch no. 288 of 500 (samples: 99009)
INFO:root:Loss: 105.4431 +/- 1.8178
INFO:root:Epoch no. 289 of 500 (samples: 99009)
INFO:root:Loss: 105.2111 +/- 1.6506
INFO:root:Epoch no. 290 of 500 (samples: 99009)
INFO:root:Loss: 105.2004 +/- 1.2885
INFO:root:Epoch no. 291 of 500 (samples: 99009)
INFO:root:Loss: 105.0076 +/- 1.5927
INFO:root:Epoch no. 292 of 500 (samples: 99009)
INFO:root:Loss: 104.8437 +/- 1.4417
INFO:root:Epoch no. 293 of 500 (samples: 99009)
INFO:root:Loss: 104.6025 +/- 1.2906
INFO:root:Epoch no. 294 of 500 (samples: 99009)
INFO:root:Loss: 104.6142 +/- 1.5501
INFO:root:Epoch no. 295 of 500 (samples: 99009)
INFO:root:Loss: 104.4529 +/- 1.2762
INFO:root:Epoch no. 296 of 500 (samples: 99009)
INFO:root:Loss: 104.1593 +/- 1.0314
INFO:root:Epoch no. 297 of 500 (samples: 99009)
INFO:root:Loss: 104.0469 +/- 0.9294
INFO:root:Epoch no. 298 of 500 (samples: 99009)
INFO:root:Loss: 103.9901 +/- 1.3201
INFO:root:Epoch no. 299 of 500 (samples: 99009)
INFO:root:Loss: 103.5898 +/- 1.238
INFO:root:Epoch no. 300 of 500 (samples: 99009)
INFO:root:Loss: 103.4858 +/- 1.0392
INFO:root:Epoch no. 301 of 500 (samples: 99009)
INFO:root:Loss: 103.3495 +/- 1.6298
INFO:root:Epoch no. 302 of 500 (samples: 99009)
INFO:root:Loss: 103.3781 +/- 1.5577
INFO:root:Epoch no. 303 of 500 (samples: 99009)
INFO:root:Loss: 103.1091 +/- 1.2468
INFO:root:Epoch no. 304 of 500 (samples: 99009)
INFO:root:Loss: 102.9885 +/- 1.2514
INFO:root:Epoch no. 305 of 500 (samples: 99009)
INFO:root:Loss: 103.102 +/- 1.4906
INFO:root:Epoch no. 306 of 500 (samples: 99009)
INFO:root:Loss: 102.9219 +/- 1.2518
INFO:root:Epoch no. 307 of 500 (samples: 99009)
INFO:root:Loss: 102.6091 +/- 1.3195
INFO:root:Epoch no. 308 of 500 (samples: 99009)
INFO:root:Loss: 102.3476 +/- 1.289
INFO:root:Epoch no. 309 of 500 (samples: 99009)
INFO:root:Loss: 102.4401 +/- 1.2038
INFO:root:Epoch no. 310 of 500 (samples: 99009)
INFO:root:Loss: 102.1908 +/- 1.2787
INFO:root:Epoch no. 311 of 500 (samples: 99009)
INFO:root:Loss: 101.8997 +/- 1.0964
INFO:root:Epoch no. 312 of 500 (samples: 99009)
INFO:root:Loss: 101.891 +/- 1.3404
INFO:root:Epoch no. 313 of 500 (samples: 99009)
INFO:root:Loss: 101.8174 +/- 1.6417
INFO:root:Epoch no. 314 of 500 (samples: 99009)
INFO:root:Loss: 101.5439 +/- 1.2725
INFO:root:Epoch no. 315 of 500 (samples: 99009)
INFO:root:Loss: 101.6268 +/- 1.2696
INFO:root:Epoch no. 316 of 500 (samples: 99009)
INFO:root:Loss: 101.3129 +/- 1.2503
INFO:root:Epoch no. 317 of 500 (samples: 99009)
INFO:root:Loss: 100.9871 +/- 0.9737
INFO:root:Epoch no. 318 of 500 (samples: 99009)
INFO:root:Loss: 101.0067 +/- 1.6987
INFO:root:Epoch no. 319 of 500 (samples: 99009)
INFO:root:Loss: 100.995 +/- 1.2058
INFO:root:Epoch no. 320 of 500 (samples: 99009)
INFO:root:Loss: 100.902 +/- 1.185
INFO:root:Epoch no. 321 of 500 (samples: 99009)
INFO:root:Loss: 100.7413 +/- 1.3959
INFO:root:Epoch no. 322 of 500 (samples: 99009)
INFO:root:Loss: 100.6224 +/- 1.2198
INFO:root:Epoch no. 323 of 500 (samples: 99009)
INFO:root:Loss: 100.4399 +/- 1.286
INFO:root:Epoch no. 324 of 500 (samples: 99009)
INFO:root:Loss: 100.4397 +/- 1.3301
INFO:root:Epoch no. 325 of 500 (samples: 99009)
INFO:root:Loss: 100.3436 +/- 1.2567
INFO:root:Epoch no. 326 of 500 (samples: 99009)
INFO:root:Loss: 100.3652 +/- 1.4184
INFO:root:Epoch no. 327 of 500 (samples: 99009)
INFO:root:Loss: 100.0653 +/- 1.0495
INFO:root:Epoch no. 328 of 500 (samples: 99009)
INFO:root:Loss: 99.9048 +/- 1.2365
INFO:root:Epoch no. 329 of 500 (samples: 99009)
INFO:root:Loss: 99.5984 +/- 1.0651
INFO:root:Epoch no. 330 of 500 (samples: 99009)
INFO:root:Loss: 99.8127 +/- 1.281
INFO:root:Epoch no. 331 of 500 (samples: 99009)
INFO:root:Loss: 99.4575 +/- 1.2069
INFO:root:Epoch no. 332 of 500 (samples: 99009)
INFO:root:Loss: 99.5567 +/- 1.4732
INFO:root:Epoch no. 333 of 500 (samples: 99009)
INFO:root:Loss: 99.3957 +/- 1.2051
INFO:root:Epoch no. 334 of 500 (samples: 99009)
INFO:root:Loss: 99.0723 +/- 1.2962
INFO:root:Epoch no. 335 of 500 (samples: 99009)
INFO:root:Loss: 99.159 +/- 1.3276
INFO:root:Epoch no. 336 of 500 (samples: 99009)
INFO:root:Loss: 99.0522 +/- 1.4242
INFO:root:Epoch no. 337 of 500 (samples: 99009)
INFO:root:Loss: 98.865 +/- 1.2295
INFO:root:Epoch no. 338 of 500 (samples: 99009)
INFO:root:Loss: 98.7836 +/- 1.5996
INFO:root:Epoch no. 339 of 500 (samples: 99009)
INFO:root:Loss: 98.6541 +/- 1.0783
INFO:root:Epoch no. 340 of 500 (samples: 99009)
INFO:root:Loss: 98.8431 +/- 1.4382
INFO:root:Epoch no. 341 of 500 (samples: 99009)
INFO:root:Loss: 98.3801 +/- 1.2385
INFO:root:Epoch no. 342 of 500 (samples: 99009)
INFO:root:Loss: 98.3013 +/- 1.1691
INFO:root:Epoch no. 343 of 500 (samples: 99009)
INFO:root:Loss: 98.0253 +/- 1.0641
INFO:root:Epoch no. 344 of 500 (samples: 99009)
INFO:root:Loss: 97.8343 +/- 1.1814
INFO:root:Epoch no. 345 of 500 (samples: 99009)
INFO:root:Loss: 98.0561 +/- 1.2275
INFO:root:Epoch no. 346 of 500 (samples: 99009)
INFO:root:Loss: 97.6897 +/- 1.3342
INFO:root:Epoch no. 347 of 500 (samples: 99009)
INFO:root:Loss: 97.7451 +/- 1.3884
INFO:root:Epoch no. 348 of 500 (samples: 99009)
INFO:root:Loss: 97.8853 +/- 1.2254
INFO:root:Epoch no. 349 of 500 (samples: 99009)
INFO:root:Loss: 97.458 +/- 0.9556
INFO:root:Epoch no. 350 of 500 (samples: 99009)
INFO:root:Loss: 97.2968 +/- 1.0185
INFO:root:Epoch no. 351 of 500 (samples: 99009)
INFO:root:Loss: 97.2049 +/- 1.3798
INFO:root:Epoch no. 352 of 500 (samples: 99009)
INFO:root:Loss: 97.1661 +/- 1.2657
INFO:root:Epoch no. 353 of 500 (samples: 99009)
INFO:root:Loss: 97.0182 +/- 1.0992
INFO:root:Epoch no. 354 of 500 (samples: 99009)
INFO:root:Loss: 97.0363 +/- 1.1736
INFO:root:Epoch no. 355 of 500 (samples: 99009)
INFO:root:Loss: 96.7883 +/- 1.0196
INFO:root:Epoch no. 356 of 500 (samples: 99009)
INFO:root:Loss: 96.7773 +/- 1.185
INFO:root:Epoch no. 357 of 500 (samples: 99009)
INFO:root:Loss: 96.6417 +/- 1.3353
INFO:root:Epoch no. 358 of 500 (samples: 99009)
INFO:root:Loss: 96.6886 +/- 1.5521
INFO:root:Epoch no. 359 of 500 (samples: 99009)
INFO:root:Loss: 96.648 +/- 0.8679
INFO:root:Epoch no. 360 of 500 (samples: 99009)
INFO:root:Loss: 96.3475 +/- 1.3167
INFO:root:Epoch no. 361 of 500 (samples: 99009)
INFO:root:Loss: 96.1795 +/- 1.2399
INFO:root:Epoch no. 362 of 500 (samples: 99009)
INFO:root:Loss: 96.0895 +/- 1.0583
INFO:root:Epoch no. 363 of 500 (samples: 99009)
INFO:root:Loss: 96.2262 +/- 1.1073
INFO:root:Epoch no. 364 of 500 (samples: 99009)
INFO:root:Loss: 96.1755 +/- 1.0771
INFO:root:Epoch no. 365 of 500 (samples: 99009)
INFO:root:Loss: 95.7647 +/- 1.1066
INFO:root:Epoch no. 366 of 500 (samples: 99009)
INFO:root:Loss: 95.8003 +/- 1.1115
INFO:root:Epoch no. 367 of 500 (samples: 99009)
INFO:root:Loss: 95.6744 +/- 1.124
INFO:root:Epoch no. 368 of 500 (samples: 99009)
INFO:root:Loss: 95.8861 +/- 0.9488
INFO:root:Epoch no. 369 of 500 (samples: 99009)
INFO:root:Loss: 95.4991 +/- 1.253
INFO:root:Epoch no. 370 of 500 (samples: 99009)
INFO:root:Loss: 95.4122 +/- 1.1184
INFO:root:Epoch no. 371 of 500 (samples: 99009)
INFO:root:Loss: 95.458 +/- 0.9652
INFO:root:Epoch no. 372 of 500 (samples: 99009)
INFO:root:Loss: 95.1104 +/- 1.3529
INFO:root:Epoch no. 373 of 500 (samples: 99009)
INFO:root:Loss: 95.0653 +/- 1.0677
INFO:root:Epoch no. 374 of 500 (samples: 99009)
INFO:root:Loss: 94.9509 +/- 1.0937
INFO:root:Epoch no. 375 of 500 (samples: 99009)
INFO:root:Loss: 94.9574 +/- 1.2223
INFO:root:Epoch no. 376 of 500 (samples: 99009)
INFO:root:Loss: 94.6949 +/- 1.1049
INFO:root:Epoch no. 377 of 500 (samples: 99009)
INFO:root:Loss: 94.7955 +/- 1.3117
INFO:root:Epoch no. 378 of 500 (samples: 99009)
INFO:root:Loss: 94.6264 +/- 1.0522
INFO:root:Epoch no. 379 of 500 (samples: 99009)
INFO:root:Loss: 94.5445 +/- 0.9407
INFO:root:Epoch no. 380 of 500 (samples: 99009)
INFO:root:Loss: 94.2123 +/- 1.4765
INFO:root:Epoch no. 381 of 500 (samples: 99009)
INFO:root:Loss: 94.3491 +/- 0.9763
INFO:root:Epoch no. 382 of 500 (samples: 99009)
INFO:root:Loss: 94.3823 +/- 1.4329
INFO:root:Epoch no. 383 of 500 (samples: 99009)
INFO:root:Loss: 94.1966 +/- 1.0895
INFO:root:Epoch no. 384 of 500 (samples: 99009)
INFO:root:Loss: 94.0745 +/- 1.1465
INFO:root:Epoch no. 385 of 500 (samples: 99009)
INFO:root:Loss: 93.9157 +/- 1.2563
INFO:root:Epoch no. 386 of 500 (samples: 99009)
INFO:root:Loss: 93.8165 +/- 1.4025
INFO:root:Epoch no. 387 of 500 (samples: 99009)
INFO:root:Loss: 93.9034 +/- 1.0359
INFO:root:Epoch no. 388 of 500 (samples: 99009)
INFO:root:Loss: 93.8254 +/- 1.1847
INFO:root:Epoch no. 389 of 500 (samples: 99009)
INFO:root:Loss: 93.7716 +/- 1.2451
INFO:root:Epoch no. 390 of 500 (samples: 99009)
INFO:root:Loss: 93.7568 +/- 1.5108
INFO:root:Epoch no. 391 of 500 (samples: 99009)
INFO:root:Loss: 93.373 +/- 1.3201
INFO:root:Epoch no. 392 of 500 (samples: 99009)
INFO:root:Loss: 93.3214 +/- 0.948
INFO:root:Epoch no. 393 of 500 (samples: 99009)
INFO:root:Loss: 93.2706 +/- 1.2794
INFO:root:Epoch no. 394 of 500 (samples: 99009)
INFO:root:Loss: 92.9845 +/- 1.0579
INFO:root:Epoch no. 395 of 500 (samples: 99009)
INFO:root:Loss: 93.2074 +/- 1.263
INFO:root:Epoch no. 396 of 500 (samples: 99009)
INFO:root:Loss: 92.8878 +/- 1.3049
INFO:root:Epoch no. 397 of 500 (samples: 99009)
INFO:root:Loss: 93.037 +/- 1.2073
INFO:root:Epoch no. 398 of 500 (samples: 99009)
INFO:root:Loss: 92.8764 +/- 1.2486
INFO:root:Epoch no. 399 of 500 (samples: 99009)
INFO:root:Loss: 92.8423 +/- 1.3504
INFO:root:Epoch no. 400 of 500 (samples: 99009)
INFO:root:Loss: 92.702 +/- 0.8038
INFO:root:Epoch no. 401 of 500 (samples: 99009)
INFO:root:Loss: 92.6207 +/- 1.0625
INFO:root:Epoch no. 402 of 500 (samples: 99009)
INFO:root:Loss: 92.5791 +/- 1.1311
INFO:root:Epoch no. 403 of 500 (samples: 99009)
INFO:root:Loss: 92.2952 +/- 1.4172
INFO:root:Epoch no. 404 of 500 (samples: 99009)
INFO:root:Loss: 92.3604 +/- 1.1091
INFO:root:Epoch no. 405 of 500 (samples: 99009)
INFO:root:Loss: 92.2857 +/- 0.9209
INFO:root:Epoch no. 406 of 500 (samples: 99009)
INFO:root:Loss: 92.1447 +/- 1.1192
INFO:root:Epoch no. 407 of 500 (samples: 99009)
INFO:root:Loss: 91.9954 +/- 1.4276
INFO:root:Epoch no. 408 of 500 (samples: 99009)
INFO:root:Loss: 92.0403 +/- 1.4354
INFO:root:Epoch no. 409 of 500 (samples: 99009)
INFO:root:Loss: 91.8884 +/- 1.3957
INFO:root:Epoch no. 410 of 500 (samples: 99009)
INFO:root:Loss: 92.1911 +/- 1.3258
INFO:root:Epoch no. 411 of 500 (samples: 99009)
INFO:root:Loss: 91.841 +/- 1.2312
INFO:root:Epoch no. 412 of 500 (samples: 99009)
INFO:root:Loss: 91.8378 +/- 1.1246
INFO:root:Epoch no. 413 of 500 (samples: 99009)
INFO:root:Loss: 91.6364 +/- 1.53
INFO:root:Epoch no. 414 of 500 (samples: 99009)
INFO:root:Loss: 91.514 +/- 0.9987
INFO:root:Epoch no. 415 of 500 (samples: 99009)
INFO:root:Loss: 91.6306 +/- 1.1642
INFO:root:Epoch no. 416 of 500 (samples: 99009)
INFO:root:Loss: 91.1783 +/- 1.0856
INFO:root:Epoch no. 417 of 500 (samples: 99009)
INFO:root:Loss: 91.1689 +/- 0.8798
INFO:root:Epoch no. 418 of 500 (samples: 99009)
INFO:root:Loss: 91.243 +/- 0.803
INFO:root:Epoch no. 419 of 500 (samples: 99009)
INFO:root:Loss: 91.2069 +/- 1.0039
INFO:root:Epoch no. 420 of 500 (samples: 99009)
INFO:root:Loss: 91.3571 +/- 1.0024
INFO:root:Epoch no. 421 of 500 (samples: 99009)
INFO:root:Loss: 91.0568 +/- 0.8705
INFO:root:Epoch no. 422 of 500 (samples: 99009)
INFO:root:Loss: 90.9626 +/- 1.188
INFO:root:Epoch no. 423 of 500 (samples: 99009)
INFO:root:Loss: 90.7419 +/- 1.4451
INFO:root:Epoch no. 424 of 500 (samples: 99009)
INFO:root:Loss: 90.778 +/- 0.7898
INFO:root:Epoch no. 425 of 500 (samples: 99009)
INFO:root:Loss: 90.6285 +/- 1.0207
INFO:root:Epoch no. 426 of 500 (samples: 99009)
INFO:root:Loss: 90.5487 +/- 1.113
INFO:root:Epoch no. 427 of 500 (samples: 99009)
INFO:root:Loss: 90.6534 +/- 1.1005
INFO:root:Epoch no. 428 of 500 (samples: 99009)
INFO:root:Loss: 90.476 +/- 1.3891
INFO:root:Epoch no. 429 of 500 (samples: 99009)
INFO:root:Loss: 90.4897 +/- 1.1838
INFO:root:Epoch no. 430 of 500 (samples: 99009)
INFO:root:Loss: 90.321 +/- 1.1815
INFO:root:Epoch no. 431 of 500 (samples: 99009)
INFO:root:Loss: 90.34 +/- 1.1725
INFO:root:Epoch no. 432 of 500 (samples: 99009)
INFO:root:Loss: 90.3053 +/- 0.7338
INFO:root:Epoch no. 433 of 500 (samples: 99009)
INFO:root:Loss: 90.2914 +/- 0.9857
INFO:root:Epoch no. 434 of 500 (samples: 99009)
INFO:root:Loss: 90.1344 +/- 1.0597
INFO:root:Epoch no. 435 of 500 (samples: 99009)
INFO:root:Loss: 90.2655 +/- 1.2496
INFO:root:Epoch no. 436 of 500 (samples: 99009)
INFO:root:Loss: 89.8564 +/- 1.5475
INFO:root:Epoch no. 437 of 500 (samples: 99009)
INFO:root:Loss: 89.5362 +/- 1.2065
INFO:root:Epoch no. 438 of 500 (samples: 99009)
INFO:root:Loss: 89.5525 +/- 1.2136
INFO:root:Epoch no. 439 of 500 (samples: 99009)
INFO:root:Loss: 89.7488 +/- 0.8026
INFO:root:Epoch no. 440 of 500 (samples: 99009)
INFO:root:Loss: 89.5899 +/- 1.3224
INFO:root:Epoch no. 441 of 500 (samples: 99009)
INFO:root:Loss: 89.5509 +/- 1.1226
INFO:root:Epoch no. 442 of 500 (samples: 99009)
INFO:root:Loss: 89.5097 +/- 1.1589
INFO:root:Epoch no. 443 of 500 (samples: 99009)
INFO:root:Loss: 89.613 +/- 1.015
INFO:root:Epoch no. 444 of 500 (samples: 99009)
INFO:root:Loss: 89.3723 +/- 0.9958
INFO:root:Epoch no. 445 of 500 (samples: 99009)
INFO:root:Loss: 89.3989 +/- 1.2068
INFO:root:Epoch no. 446 of 500 (samples: 99009)
INFO:root:Loss: 89.243 +/- 1.021
INFO:root:Epoch no. 447 of 500 (samples: 99009)
INFO:root:Loss: 89.197 +/- 1.1248
INFO:root:Epoch no. 448 of 500 (samples: 99009)
INFO:root:Loss: 89.1163 +/- 1.4213
INFO:root:Epoch no. 449 of 500 (samples: 99009)
INFO:root:Loss: 88.9142 +/- 1.2779
INFO:root:Epoch no. 450 of 500 (samples: 99009)
INFO:root:Loss: 88.8691 +/- 1.169
INFO:root:Epoch no. 451 of 500 (samples: 99009)
INFO:root:Loss: 88.9362 +/- 1.2612
INFO:root:Epoch no. 452 of 500 (samples: 99009)
INFO:root:Loss: 88.8268 +/- 1.4796
INFO:root:Epoch no. 453 of 500 (samples: 99009)
INFO:root:Loss: 88.644 +/- 1.1842
INFO:root:Epoch no. 454 of 500 (samples: 99009)
INFO:root:Loss: 88.6924 +/- 1.0666
INFO:root:Epoch no. 455 of 500 (samples: 99009)
INFO:root:Loss: 88.5521 +/- 1.1909
INFO:root:Epoch no. 456 of 500 (samples: 99009)
INFO:root:Loss: 88.5566 +/- 0.8824
INFO:root:Epoch no. 457 of 500 (samples: 99009)
INFO:root:Loss: 88.2918 +/- 1.013
INFO:root:Epoch no. 458 of 500 (samples: 99009)
INFO:root:Loss: 88.6034 +/- 1.1598
INFO:root:Epoch no. 459 of 500 (samples: 99009)
INFO:root:Loss: 88.5139 +/- 1.3372
INFO:root:Epoch no. 460 of 500 (samples: 99009)
INFO:root:Loss: 88.2998 +/- 0.8965
INFO:root:Epoch no. 461 of 500 (samples: 99009)
INFO:root:Loss: 88.1778 +/- 0.8463
INFO:root:Epoch no. 462 of 500 (samples: 99009)
INFO:root:Loss: 88.2935 +/- 0.8434
INFO:root:Epoch no. 463 of 500 (samples: 99009)
INFO:root:Loss: 88.0243 +/- 1.2041
INFO:root:Epoch no. 464 of 500 (samples: 99009)
INFO:root:Loss: 87.9653 +/- 1.0854
INFO:root:Epoch no. 465 of 500 (samples: 99009)
INFO:root:Loss: 87.9466 +/- 1.0219
INFO:root:Epoch no. 466 of 500 (samples: 99009)
INFO:root:Loss: 87.8709 +/- 0.9714
INFO:root:Epoch no. 467 of 500 (samples: 99009)
INFO:root:Loss: 88.0764 +/- 1.2979
INFO:root:Epoch no. 468 of 500 (samples: 99009)
INFO:root:Loss: 87.7355 +/- 1.0604
INFO:root:Epoch no. 469 of 500 (samples: 99009)
INFO:root:Loss: 87.7603 +/- 1.2975
INFO:root:Epoch no. 470 of 500 (samples: 99009)
INFO:root:Loss: 87.3717 +/- 1.2815
INFO:root:Epoch no. 471 of 500 (samples: 99009)
INFO:root:Loss: 87.5189 +/- 0.7727
INFO:root:Epoch no. 472 of 500 (samples: 99009)
INFO:root:Loss: 87.5303 +/- 1.2236
INFO:root:Epoch no. 473 of 500 (samples: 99009)
INFO:root:Loss: 87.5208 +/- 1.1604
INFO:root:Epoch no. 474 of 500 (samples: 99009)
INFO:root:Loss: 87.375 +/- 0.8177
INFO:root:Epoch no. 475 of 500 (samples: 99009)
INFO:root:Loss: 87.2111 +/- 1.0964
INFO:root:Epoch no. 476 of 500 (samples: 99009)
INFO:root:Loss: 86.9444 +/- 1.1087
INFO:root:Epoch no. 477 of 500 (samples: 99009)
INFO:root:Loss: 87.0888 +/- 1.1059
INFO:root:Epoch no. 478 of 500 (samples: 99009)
INFO:root:Loss: 86.9703 +/- 1.0706
INFO:root:Epoch no. 479 of 500 (samples: 99009)
INFO:root:Loss: 87.0358 +/- 0.6003
INFO:root:Epoch no. 480 of 500 (samples: 99009)
INFO:root:Loss: 87.109 +/- 1.006
INFO:root:Epoch no. 481 of 500 (samples: 99009)
INFO:root:Loss: 86.9174 +/- 0.9165
INFO:root:Epoch no. 482 of 500 (samples: 99009)
INFO:root:Loss: 86.7855 +/- 1.1189
INFO:root:Epoch no. 483 of 500 (samples: 99009)
INFO:root:Loss: 86.9447 +/- 0.8333
INFO:root:Epoch no. 484 of 500 (samples: 99009)
INFO:root:Loss: 86.5731 +/- 1.0582
INFO:root:Epoch no. 485 of 500 (samples: 99009)
INFO:root:Loss: 86.6204 +/- 0.9322
INFO:root:Epoch no. 486 of 500 (samples: 99009)
INFO:root:Loss: 86.5663 +/- 1.0836
INFO:root:Epoch no. 487 of 500 (samples: 99009)
INFO:root:Loss: 86.5491 +/- 1.0719
INFO:root:Epoch no. 488 of 500 (samples: 99009)
INFO:root:Loss: 86.6265 +/- 1.2037
INFO:root:Epoch no. 489 of 500 (samples: 99009)
INFO:root:Loss: 86.4406 +/- 0.8616
INFO:root:Epoch no. 490 of 500 (samples: 99009)
INFO:root:Loss: 86.2648 +/- 0.7469
INFO:root:Epoch no. 491 of 500 (samples: 99009)
INFO:root:Loss: 86.1366 +/- 0.8284
INFO:root:Epoch no. 492 of 500 (samples: 99009)
INFO:root:Loss: 86.2021 +/- 0.6773
INFO:root:Epoch no. 493 of 500 (samples: 99009)
INFO:root:Loss: 86.4334 +/- 1.0132
INFO:root:Epoch no. 494 of 500 (samples: 99009)
INFO:root:Loss: 86.057 +/- 1.0979
INFO:root:Epoch no. 495 of 500 (samples: 99009)
INFO:root:Loss: 85.9608 +/- 0.9818
INFO:root:Epoch no. 496 of 500 (samples: 99009)
INFO:root:Loss: 86.0059 +/- 1.1638
INFO:root:Epoch no. 497 of 500 (samples: 99009)
INFO:root:Loss: 85.9443 +/- 1.0184
INFO:root:Epoch no. 498 of 500 (samples: 99009)
INFO:root:Loss: 85.733 +/- 1.0161
INFO:root:Epoch no. 499 of 500 (samples: 99009)
INFO:root:Loss: 85.8684 +/- 1.4615
INFO:root:Epoch no. 500 of 500 (samples: 99009)
INFO:root:Loss: 85.6211 +/- 1.2288
/usr/local/lib/python3.5/dist-packages/keras/backend/theano_backend.py:503: UserWarning: theano.function was asked to create a function computing outputs given certain inputs, but the provided input variable at index 2 is not part of the computational graph needed to compute the outputs: keras_learning_phase.
To make this warning into an error, you can pass the parameter on_unused_input='raise' to theano.function. To disable it completely, use on_unused_input='ignore'.
  **kwargs)
INFO:root:### MICRO (validation raw):
INFO:root:	-- left   >> mean: 4655.9868, median: 89.0, mrr: 0.229, hits@1: 15.88%
INFO:root:	-- right  >> mean: 3764.1294, median: 22.0, mrr: 0.291, hits@1: 20.82%
INFO:root:	-- global >> mean: 4210.0581, median: 49.0, mrr: 0.26, hits@1: 18.35%
INFO:root:### MICRO (validation raw):
INFO:root:	-- left   >> mean: 4655.9868, median: 89.0, mrr: 0.229, hits@3: 26.4%
INFO:root:	-- right  >> mean: 3764.1294, median: 22.0, mrr: 0.291, hits@3: 34.02%
INFO:root:	-- global >> mean: 4210.0581, median: 49.0, mrr: 0.26, hits@3: 30.21%
INFO:root:### MICRO (validation raw):
INFO:root:	-- left   >> mean: 4655.9868, median: 89.0, mrr: 0.229, hits@5: 31.06%
INFO:root:	-- right  >> mean: 3764.1294, median: 22.0, mrr: 0.291, hits@5: 39.16%
INFO:root:	-- global >> mean: 4210.0581, median: 49.0, mrr: 0.26, hits@5: 35.11%
INFO:root:### MICRO (validation raw):
INFO:root:	-- left   >> mean: 4655.9868, median: 89.0, mrr: 0.229, hits@10: 36.26%
INFO:root:	-- right  >> mean: 3764.1294, median: 22.0, mrr: 0.291, hits@10: 45.14%
INFO:root:	-- global >> mean: 4210.0581, median: 49.0, mrr: 0.26, hits@10: 40.7%
INFO:root:### MICRO (validation filtered):
INFO:root:	-- left   >> mean: 4644.5708, median: 64.0, mrr: 0.276, hits@1: 22.02%
INFO:root:	-- right  >> mean: 3752.4458, median: 13.0, mrr: 0.364, hits@1: 29.66%
INFO:root:	-- global >> mean: 4198.5083, median: 32.0, mrr: 0.32, hits@1: 25.84%
INFO:root:### MICRO (validation filtered):
INFO:root:	-- left   >> mean: 4644.5708, median: 64.0, mrr: 0.276, hits@3: 29.76%
INFO:root:	-- right  >> mean: 3752.4458, median: 13.0, mrr: 0.364, hits@3: 40.2%
INFO:root:	-- global >> mean: 4198.5083, median: 32.0, mrr: 0.32, hits@3: 34.98%
INFO:root:### MICRO (validation filtered):
INFO:root:	-- left   >> mean: 4644.5708, median: 64.0, mrr: 0.276, hits@5: 33.48%
INFO:root:	-- right  >> mean: 3752.4458, median: 13.0, mrr: 0.364, hits@5: 43.76%
INFO:root:	-- global >> mean: 4198.5083, median: 32.0, mrr: 0.32, hits@5: 38.62%
INFO:root:### MICRO (validation filtered):
INFO:root:	-- left   >> mean: 4644.5708, median: 64.0, mrr: 0.276, hits@10: 38.32%
INFO:root:	-- right  >> mean: 3752.4458, median: 13.0, mrr: 0.364, hits@10: 48.46%
INFO:root:	-- global >> mean: 4198.5083, median: 32.0, mrr: 0.32, hits@10: 43.39%
INFO:root:### MICRO (test raw):
INFO:root:	-- left   >> mean: 4695.3198, median: 104.0, mrr: 0.217, hits@1: 14.58%
INFO:root:	-- right  >> mean: 3728.9506, median: 19.0, mrr: 0.306, hits@1: 22.3%
INFO:root:	-- global >> mean: 4212.1352, median: 49.0, mrr: 0.262, hits@1: 18.44%
INFO:root:### MICRO (test raw):
INFO:root:	-- left   >> mean: 4695.3198, median: 104.0, mrr: 0.217, hits@3: 25.56%
INFO:root:	-- right  >> mean: 3728.9506, median: 19.0, mrr: 0.306, hits@3: 35.76%
INFO:root:	-- global >> mean: 4212.1352, median: 49.0, mrr: 0.262, hits@3: 30.66%
INFO:root:### MICRO (test raw):
INFO:root:	-- left   >> mean: 4695.3198, median: 104.0, mrr: 0.217, hits@5: 29.94%
INFO:root:	-- right  >> mean: 3728.9506, median: 19.0, mrr: 0.306, hits@5: 40.54%
INFO:root:	-- global >> mean: 4212.1352, median: 49.0, mrr: 0.262, hits@5: 35.24%
INFO:root:### MICRO (test raw):
INFO:root:	-- left   >> mean: 4695.3198, median: 104.0, mrr: 0.217, hits@10: 34.96%
INFO:root:	-- right  >> mean: 3728.9506, median: 19.0, mrr: 0.306, hits@10: 45.76%
INFO:root:	-- global >> mean: 4212.1352, median: 49.0, mrr: 0.262, hits@10: 40.36%
INFO:root:### MICRO (test filtered):
INFO:root:	-- left   >> mean: 4683.201, median: 78.0, mrr: 0.268, hits@1: 21.18%
INFO:root:	-- right  >> mean: 3718.024, median: 12.0, mrr: 0.378, hits@1: 31.42%
INFO:root:	-- global >> mean: 4200.6125, median: 33.0, mrr: 0.323, hits@1: 26.3%
INFO:root:### MICRO (test filtered):
INFO:root:	-- left   >> mean: 4683.201, median: 78.0, mrr: 0.268, hits@3: 29.46%
INFO:root:	-- right  >> mean: 3718.024, median: 12.0, mrr: 0.378, hits@3: 41.46%
INFO:root:	-- global >> mean: 4200.6125, median: 33.0, mrr: 0.323, hits@3: 35.46%
INFO:root:### MICRO (test filtered):
INFO:root:	-- left   >> mean: 4683.201, median: 78.0, mrr: 0.268, hits@5: 32.58%
INFO:root:	-- right  >> mean: 3718.024, median: 12.0, mrr: 0.378, hits@5: 44.68%
INFO:root:	-- global >> mean: 4200.6125, median: 33.0, mrr: 0.323, hits@5: 38.63%
INFO:root:### MICRO (test filtered):
INFO:root:	-- left   >> mean: 4683.201, median: 78.0, mrr: 0.268, hits@10: 37.14%
INFO:root:	-- right  >> mean: 3718.024, median: 12.0, mrr: 0.378, hits@10: 49.16%
INFO:root:	-- global >> mean: 4200.6125, median: 33.0, mrr: 0.323, hits@10: 43.15%
