Using Theano backend.
INFO:root:Acquiring data/wn18/wordnet-mlj12-train.txt ..
INFO:root:Acquiring data/wn18/wordnet-mlj12-valid.txt ..
INFO:root:Acquiring data/wn18/wordnet-mlj12-test.txt ..
INFO:root:[Rules] Adding Head: 15, Tail: [(10, True)]
INFO:root:[Rules] Adding Head: 12, Tail: [(17, True)]
INFO:root:[Rules] Adding Head: 4, Tail: [(5, True)]
INFO:root:[Rules] Adding Head: 13, Tail: [(3, True)]
INFO:root:[Rules] Adding Head: 5, Tail: [(4, True)]
INFO:root:[Rules] Adding Head: 16, Tail: [(11, True)]
INFO:root:[Rules] Adding Head: 17, Tail: [(12, True)]
INFO:root:[Rules] Adding Head: 11, Tail: [(16, True)]
INFO:root:[Rules] Adding Head: 8, Tail: [(9, True)]
INFO:root:[Rules] Adding Head: 2, Tail: [(2, True)]
INFO:root:Samples: 14144, no. batches: 10 -> batch size: 1415
INFO:root:Epoch no. 1 of 500 (samples: 14144)
INFO:root:Loss: 3.72338945744e+14 +/- 477948625336.0
INFO:root:Epoch no. 2 of 500 (samples: 14144)
INFO:root:Loss: 3.72295243305e+14 +/- 475273273376.0
INFO:root:Epoch no. 3 of 500 (samples: 14144)
INFO:root:Loss: 3.72294397915e+14 +/- 475273255150.0
INFO:root:Epoch no. 4 of 500 (samples: 14144)
INFO:root:Loss: 3.72293675626e+14 +/- 475286417972.0
INFO:root:Epoch no. 5 of 500 (samples: 14144)
INFO:root:Loss: 3.72293076437e+14 +/- 475312721039.0
INFO:root:Epoch no. 6 of 500 (samples: 14144)
INFO:root:Loss: 3.72292538764e+14 +/- 475318535768.0
INFO:root:Epoch no. 7 of 500 (samples: 14144)
INFO:root:Loss: 3.72292085311e+14 +/- 475328786325.0
INFO:root:Epoch no. 8 of 500 (samples: 14144)
INFO:root:Loss: 3.72291602692e+14 +/- 475327089330.0
INFO:root:Epoch no. 9 of 500 (samples: 14144)
INFO:root:Loss: 3.72291175169e+14 +/- 475350370482.0
INFO:root:Epoch no. 10 of 500 (samples: 14144)
INFO:root:Loss: 3.72290786469e+14 +/- 475339039094.0
INFO:root:Epoch no. 11 of 500 (samples: 14144)
INFO:root:Loss: 3.72290420448e+14 +/- 475330988914.0
INFO:root:Epoch no. 12 of 500 (samples: 14144)
INFO:root:Loss: 3.72290086858e+14 +/- 475355476410.0
INFO:root:Epoch no. 13 of 500 (samples: 14144)
INFO:root:Loss: 3.72289724046e+14 +/- 475324680233.0
INFO:root:Epoch no. 14 of 500 (samples: 14144)
INFO:root:Loss: 3.72289377478e+14 +/- 475331820441.0
INFO:root:Epoch no. 15 of 500 (samples: 14144)
INFO:root:Loss: 3.72289076264e+14 +/- 475345518387.0
INFO:root:Epoch no. 16 of 500 (samples: 14144)
INFO:root:Loss: 3.72288771813e+14 +/- 475360298544.0
INFO:root:Epoch no. 17 of 500 (samples: 14144)
INFO:root:Loss: 3.72288467307e+14 +/- 475331743582.0
INFO:root:Epoch no. 18 of 500 (samples: 14144)
INFO:root:Loss: 3.7228818231e+14 +/- 475361710354.0
INFO:root:Epoch no. 19 of 500 (samples: 14144)
INFO:root:Loss: 3.72287910222e+14 +/- 475354866224.0
INFO:root:Epoch no. 20 of 500 (samples: 14144)
INFO:root:Loss: 3.72287670524e+14 +/- 475348055737.0
INFO:root:Epoch no. 21 of 500 (samples: 14144)
INFO:root:Loss: 3.72287398464e+14 +/- 475362875001.0
INFO:root:Epoch no. 22 of 500 (samples: 14144)
INFO:root:Loss: 3.72287136102e+14 +/- 475363622402.0
INFO:root:Epoch no. 23 of 500 (samples: 14144)
INFO:root:Loss: 3.72286880216e+14 +/- 475362215206.0
INFO:root:Epoch no. 24 of 500 (samples: 14144)
INFO:root:Loss: 3.72286627568e+14 +/- 475359727440.0
INFO:root:Epoch no. 25 of 500 (samples: 14144)
INFO:root:Loss: 3.72286407296e+14 +/- 475346442648.0
INFO:root:Epoch no. 26 of 500 (samples: 14144)
INFO:root:Loss: 3.72286154676e+14 +/- 475365620922.0
INFO:root:Epoch no. 27 of 500 (samples: 14144)
INFO:root:Loss: 3.72285947382e+14 +/- 475369689350.0
INFO:root:Epoch no. 28 of 500 (samples: 14144)
INFO:root:Loss: 3.72285691483e+14 +/- 475357449378.0
INFO:root:Epoch no. 29 of 500 (samples: 14144)
INFO:root:Loss: 3.72285432345e+14 +/- 475346291471.0
INFO:root:Epoch no. 30 of 500 (samples: 14144)
INFO:root:Loss: 3.72285205626e+14 +/- 475356826534.0
INFO:root:Epoch no. 31 of 500 (samples: 14144)
INFO:root:Loss: 3.72284982144e+14 +/- 475366289161.0
INFO:root:Epoch no. 32 of 500 (samples: 14144)
INFO:root:Loss: 3.72284771599e+14 +/- 475360604354.0
INFO:root:Epoch no. 33 of 500 (samples: 14144)
INFO:root:Loss: 3.72284567543e+14 +/- 475363596206.0
INFO:root:Epoch no. 34 of 500 (samples: 14144)
INFO:root:Loss: 3.72284366712e+14 +/- 475354672532.0
INFO:root:Epoch no. 35 of 500 (samples: 14144)
INFO:root:Loss: 3.72284175634e+14 +/- 475375009050.0
INFO:root:Epoch no. 36 of 500 (samples: 14144)
INFO:root:Loss: 3.72283997466e+14 +/- 475358532511.0
INFO:root:Epoch no. 37 of 500 (samples: 14144)
INFO:root:Loss: 3.7228379341e+14 +/- 475361521790.0
INFO:root:Epoch no. 38 of 500 (samples: 14144)
INFO:root:Loss: 3.72283599067e+14 +/- 475361273622.0
INFO:root:Epoch no. 39 of 500 (samples: 14144)
INFO:root:Loss: 3.72283411186e+14 +/- 475348034309.0
INFO:root:Epoch no. 40 of 500 (samples: 14144)
INFO:root:Loss: 3.72283184467e+14 +/- 475358576330.0
INFO:root:Epoch no. 41 of 500 (samples: 14144)
INFO:root:Loss: 3.72282993389e+14 +/- 475378915814.0
INFO:root:Epoch no. 42 of 500 (samples: 14144)
INFO:root:Loss: 3.72282834647e+14 +/- 475355963647.0
INFO:root:Epoch no. 43 of 500 (samples: 14144)
INFO:root:Loss: 3.72282662996e+14 +/- 475369827846.0
INFO:root:Epoch no. 44 of 500 (samples: 14144)
INFO:root:Loss: 3.72282471904e+14 +/- 475379333378.0
INFO:root:Epoch no. 45 of 500 (samples: 14144)
INFO:root:Loss: 3.72282267835e+14 +/- 475371491229.0
INFO:root:Epoch no. 46 of 500 (samples: 14144)
INFO:root:Loss: 3.72282135035e+14 +/- 475372403953.0
INFO:root:Epoch no. 47 of 500 (samples: 14144)
INFO:root:Loss: 3.72281940679e+14 +/- 475361322153.0
INFO:root:Epoch no. 48 of 500 (samples: 14144)
INFO:root:Loss: 3.72281788453e+14 +/- 475368710431.0
INFO:root:Epoch no. 49 of 500 (samples: 14144)
INFO:root:Loss: 3.72281620026e+14 +/- 475370663122.0
INFO:root:Epoch no. 50 of 500 (samples: 14144)
INFO:root:Loss: 3.72281445123e+14 +/- 475374772372.0
INFO:root:Epoch no. 51 of 500 (samples: 14144)
INFO:root:Loss: 3.72281234578e+14 +/- 475369089035.0
INFO:root:Epoch no. 52 of 500 (samples: 14144)
INFO:root:Loss: 3.72281085576e+14 +/- 475364562375.0
INFO:root:Epoch no. 53 of 500 (samples: 14144)
INFO:root:Loss: 3.72280904171e+14 +/- 475349164936.0
INFO:root:Epoch no. 54 of 500 (samples: 14144)
INFO:root:Loss: 3.72280777888e+14 +/- 475380418496.0
INFO:root:Epoch no. 55 of 500 (samples: 14144)
INFO:root:Loss: 3.72280615922e+14 +/- 475369378939.0
INFO:root:Epoch no. 56 of 500 (samples: 14144)
INFO:root:Loss: 3.72280437767e+14 +/- 475363740443.0
INFO:root:Epoch no. 57 of 500 (samples: 14144)
INFO:root:Loss: 3.72280327632e+14 +/- 475357094813.0
INFO:root:Epoch no. 58 of 500 (samples: 14144)
INFO:root:Loss: 3.72280133316e+14 +/- 475378512000.0
INFO:root:Epoch no. 59 of 500 (samples: 14144)
INFO:root:Loss: 3.72280006978e+14 +/- 475366434459.0
INFO:root:Epoch no. 60 of 500 (samples: 14144)
INFO:root:Loss: 3.72279867676e+14 +/- 475347839391.0
INFO:root:Epoch no. 61 of 500 (samples: 14144)
INFO:root:Loss: 3.72279699276e+14 +/- 475371458785.0
INFO:root:Epoch no. 62 of 500 (samples: 14144)
INFO:root:Loss: 3.72279550274e+14 +/- 475366935604.0
INFO:root:Epoch no. 63 of 500 (samples: 14144)
INFO:root:Loss: 3.72279417475e+14 +/- 475367850116.0
INFO:root:Epoch no. 64 of 500 (samples: 14144)
INFO:root:Loss: 3.72279249034e+14 +/- 475358967338.0
INFO:root:Epoch no. 65 of 500 (samples: 14144)
INFO:root:Loss: 3.7227909357e+14 +/- 475367436063.0
INFO:root:Epoch no. 66 of 500 (samples: 14144)
INFO:root:Loss: 3.7227893808e+14 +/- 475354236493.0
INFO:root:Epoch no. 67 of 500 (samples: 14144)
INFO:root:Loss: 3.72278811783e+14 +/- 475374658234.0
INFO:root:Epoch no. 68 of 500 (samples: 14144)
INFO:root:Loss: 3.72278685445e+14 +/- 475362581919.0
INFO:root:Epoch no. 69 of 500 (samples: 14144)
INFO:root:Loss: 3.72278542933e+14 +/- 475366733363.0
INFO:root:Epoch no. 70 of 500 (samples: 14144)
INFO:root:Loss: 3.72278384218e+14 +/- 475365447922.0
INFO:root:Epoch no. 71 of 500 (samples: 14144)
INFO:root:Loss: 3.72278261132e+14 +/- 475363123151.0
INFO:root:Epoch no. 72 of 500 (samples: 14144)
INFO:root:Loss: 3.72278128346e+14 +/- 475374868968.0
INFO:root:Epoch no. 73 of 500 (samples: 14144)
INFO:root:Loss: 3.72277959904e+14 +/- 475365986655.0
INFO:root:Epoch no. 74 of 500 (samples: 14144)
INFO:root:Loss: 3.72277856272e+14 +/- 475378854894.0
INFO:root:Epoch no. 75 of 500 (samples: 14144)
INFO:root:Loss: 3.72277729906e+14 +/- 475345110210.0
INFO:root:Epoch no. 76 of 500 (samples: 14144)
INFO:root:Loss: 3.7227758417e+14 +/- 475361173872.0
INFO:root:Epoch no. 77 of 500 (samples: 14144)
INFO:root:Loss: 3.72277457859e+14 +/- 475370763009.0
INFO:root:Epoch no. 78 of 500 (samples: 14144)
INFO:root:Loss: 3.72277260279e+14 +/- 475371596195.0
INFO:root:Epoch no. 79 of 500 (samples: 14144)
INFO:root:Loss: 3.72277150129e+14 +/- 475354122715.0
INFO:root:Epoch no. 80 of 500 (samples: 14144)
INFO:root:Loss: 3.72277023819e+14 +/- 475363708765.0
INFO:root:Epoch no. 81 of 500 (samples: 14144)
INFO:root:Loss: 3.72276871593e+14 +/- 475371098096.0
INFO:root:Epoch no. 82 of 500 (samples: 14144)
INFO:root:Loss: 3.72276735543e+14 +/- 475362256091.0
INFO:root:Epoch no. 83 of 500 (samples: 14144)
INFO:root:Loss: 3.72276612456e+14 +/- 475359934799.0
INFO:root:Epoch no. 84 of 500 (samples: 14144)
INFO:root:Loss: 3.72276518522e+14 +/- 475358730439.0
INFO:root:Epoch no. 85 of 500 (samples: 14144)
INFO:root:Loss: 3.72276372758e+14 +/- 475353128061.0
INFO:root:Epoch no. 86 of 500 (samples: 14144)
INFO:root:Loss: 3.72276256175e+14 +/- 475370311792.0
INFO:root:Epoch no. 87 of 500 (samples: 14144)
INFO:root:Loss: 3.7227607802e+14 +/- 475364668738.0
INFO:root:Epoch no. 88 of 500 (samples: 14144)
INFO:root:Loss: 3.7227599701e+14 +/- 475337479415.0
INFO:root:Epoch no. 89 of 500 (samples: 14144)
INFO:root:Loss: 3.72275844826e+14 +/- 475377369253.0
INFO:root:Epoch no. 90 of 500 (samples: 14144)
INFO:root:Loss: 3.72275741165e+14 +/- 475368572847.0
INFO:root:Epoch no. 91 of 500 (samples: 14144)
INFO:root:Loss: 3.72275640756e+14 +/- 475369526148.0
INFO:root:Epoch no. 92 of 500 (samples: 14144)
INFO:root:Loss: 3.7227549823e+14 +/- 475362844744.0
INFO:root:Epoch no. 93 of 500 (samples: 14144)
INFO:root:Loss: 3.72275388122e+14 +/- 475377869589.0
INFO:root:Epoch no. 94 of 500 (samples: 14144)
INFO:root:Loss: 3.72275252071e+14 +/- 475369029593.0
INFO:root:Epoch no. 95 of 500 (samples: 14144)
INFO:root:Loss: 3.72275103042e+14 +/- 475342841450.0
INFO:root:Epoch no. 96 of 500 (samples: 14144)
INFO:root:Loss: 3.72274947578e+14 +/- 475351307063.0
INFO:root:Epoch no. 97 of 500 (samples: 14144)
INFO:root:Loss: 3.72274847169e+14 +/- 475352261614.0
INFO:root:Epoch no. 98 of 500 (samples: 14144)
INFO:root:Loss: 3.72274704657e+14 +/- 475356414871.0
INFO:root:Epoch no. 99 of 500 (samples: 14144)
INFO:root:Loss: 3.72274610751e+14 +/- 475376876698.0
INFO:root:Epoch no. 100 of 500 (samples: 14144)
INFO:root:Loss: 3.72274539439e+14 +/- 475335620144.0
INFO:root:Epoch no. 101 of 500 (samples: 14144)
INFO:root:Loss: 3.72274383976e+14 +/- 475344087815.0
INFO:root:Epoch no. 102 of 500 (samples: 14144)
INFO:root:Loss: 3.72274260904e+14 +/- 475352596823.0
INFO:root:Epoch no. 103 of 500 (samples: 14144)
INFO:root:Loss: 3.72274150795e+14 +/- 475367622649.0
INFO:root:Epoch no. 104 of 500 (samples: 14144)
INFO:root:Loss: 3.72274053624e+14 +/- 475367500109.0
INFO:root:Epoch no. 105 of 500 (samples: 14144)
INFO:root:Loss: 3.72273894909e+14 +/- 475366212610.0
INFO:root:Epoch no. 106 of 500 (samples: 14144)
INFO:root:Loss: 3.72273807451e+14 +/- 475362851595.0
INFO:root:Epoch no. 107 of 500 (samples: 14144)
INFO:root:Loss: 3.72273710266e+14 +/- 475351893682.0
INFO:root:Epoch no. 108 of 500 (samples: 14144)
INFO:root:Loss: 3.72273606619e+14 +/- 475353927406.0
INFO:root:Epoch no. 109 of 500 (samples: 14144)
INFO:root:Loss: 3.72273490022e+14 +/- 475360279685.0
INFO:root:Epoch no. 110 of 500 (samples: 14144)
INFO:root:Loss: 3.72273376648e+14 +/- 475354719059.0
INFO:root:Epoch no. 111 of 500 (samples: 14144)
INFO:root:Loss: 3.72273279504e+14 +/- 475376260036.0
INFO:root:Epoch no. 112 of 500 (samples: 14144)
INFO:root:Loss: 3.72273114315e+14 +/- 475377132354.0
INFO:root:Epoch no. 113 of 500 (samples: 14144)
INFO:root:Loss: 3.72273000941e+14 +/- 475371571043.0
INFO:root:Epoch no. 114 of 500 (samples: 14144)
INFO:root:Loss: 3.72272900518e+14 +/- 475361693921.0
INFO:root:Epoch no. 115 of 500 (samples: 14144)
INFO:root:Loss: 3.72272761243e+14 +/- 475364766069.0
INFO:root:Epoch no. 116 of 500 (samples: 14144)
INFO:root:Loss: 3.72272644618e+14 +/- 475349451474.0
INFO:root:Epoch no. 117 of 500 (samples: 14144)
INFO:root:Loss: 3.72272563677e+14 +/- 475376429213.0
INFO:root:Epoch no. 118 of 500 (samples: 14144)
INFO:root:Loss: 3.72272469702e+14 +/- 475342727826.0
INFO:root:Epoch no. 119 of 500 (samples: 14144)
INFO:root:Loss: 3.7227235958e+14 +/- 475346917961.0
INFO:root:Epoch no. 120 of 500 (samples: 14144)
INFO:root:Loss: 3.72272239758e+14 +/- 475365182997.0
INFO:root:Epoch no. 121 of 500 (samples: 14144)
INFO:root:Loss: 3.72272084282e+14 +/- 475362817648.0
INFO:root:Epoch no. 122 of 500 (samples: 14144)
INFO:root:Loss: 3.72272006536e+14 +/- 475356219333.0
INFO:root:Epoch no. 123 of 500 (samples: 14144)
INFO:root:Loss: 3.72271919078e+14 +/- 475352857142.0
INFO:root:Epoch no. 124 of 500 (samples: 14144)
INFO:root:Loss: 3.72271815431e+14 +/- 475354890718.0
INFO:root:Epoch no. 125 of 500 (samples: 14144)
INFO:root:Loss: 3.72271705309e+14 +/- 475359083646.0
INFO:root:Epoch no. 126 of 500 (samples: 14144)
INFO:root:Loss: 3.72271614613e+14 +/- 475356801877.0
INFO:root:Epoch no. 127 of 500 (samples: 14144)
INFO:root:Loss: 3.72271533644e+14 +/- 475362114507.0
INFO:root:Epoch no. 128 of 500 (samples: 14144)
INFO:root:Loss: 3.72271436459e+14 +/- 475351157746.0
INFO:root:Epoch no. 129 of 500 (samples: 14144)
INFO:root:Loss: 3.72271336063e+14 +/- 475362945071.0
INFO:root:Epoch no. 130 of 500 (samples: 14144)
INFO:root:Loss: 3.72271238878e+14 +/- 475351989217.0
INFO:root:Epoch no. 131 of 500 (samples: 14144)
INFO:root:Loss: 3.72271138483e+14 +/- 475363776714.0
INFO:root:Epoch no. 132 of 500 (samples: 14144)
INFO:root:Loss: 3.72271018648e+14 +/- 475371207088.0
INFO:root:Epoch no. 133 of 500 (samples: 14144)
INFO:root:Loss: 3.72270963552e+14 +/- 475346219850.0
INFO:root:Epoch no. 134 of 500 (samples: 14144)
INFO:root:Loss: 3.72270824291e+14 +/- 475360125141.0
INFO:root:Epoch no. 135 of 500 (samples: 14144)
INFO:root:Loss: 3.7227072712e+14 +/- 475360001719.0
INFO:root:Epoch no. 136 of 500 (samples: 14144)
INFO:root:Loss: 3.72270555455e+14 +/- 475363033314.0
INFO:root:Epoch no. 137 of 500 (samples: 14144)
INFO:root:Loss: 3.72270516589e+14 +/- 475365148413.0
INFO:root:Epoch no. 138 of 500 (samples: 14144)
INFO:root:Loss: 3.72270442054e+14 +/- 475335803488.0
INFO:root:Epoch no. 139 of 500 (samples: 14144)
INFO:root:Loss: 3.72270328735e+14 +/- 475373575286.0
INFO:root:Epoch no. 140 of 500 (samples: 14144)
INFO:root:Loss: 3.72270189447e+14 +/- 475365816301.0
INFO:root:Epoch no. 141 of 500 (samples: 14144)
INFO:root:Loss: 3.72270085786e+14 +/- 475357018230.0
INFO:root:Epoch no. 142 of 500 (samples: 14144)
INFO:root:Loss: 3.72270017782e+14 +/- 475368845030.0
INFO:root:Epoch no. 143 of 500 (samples: 14144)
INFO:root:Loss: 3.72269868766e+14 +/- 475353489491.0
INFO:root:Epoch no. 144 of 500 (samples: 14144)
INFO:root:Loss: 3.72269803985e+14 +/- 475353404783.0
INFO:root:Epoch no. 145 of 500 (samples: 14144)
INFO:root:Loss: 3.72269687388e+14 +/- 475359758238.0
INFO:root:Epoch no. 146 of 500 (samples: 14144)
INFO:root:Loss: 3.72269635571e+14 +/- 475366190226.0
INFO:root:Epoch no. 147 of 500 (samples: 14144)
INFO:root:Loss: 3.72269522198e+14 +/- 475360629503.0
INFO:root:Epoch no. 148 of 500 (samples: 14144)
INFO:root:Loss: 3.72269467144e+14 +/- 475368141889.0
INFO:root:Epoch no. 149 of 500 (samples: 14144)
INFO:root:Loss: 3.72269369945e+14 +/- 475346353921.0
INFO:root:Epoch no. 150 of 500 (samples: 14144)
INFO:root:Loss: 3.72269227432e+14 +/- 475350503111.0
INFO:root:Epoch no. 151 of 500 (samples: 14144)
INFO:root:Loss: 3.72269162679e+14 +/- 475372086281.0
INFO:root:Epoch no. 152 of 500 (samples: 14144)
INFO:root:Loss: 3.72269020153e+14 +/- 475365404362.0
INFO:root:Epoch no. 153 of 500 (samples: 14144)
INFO:root:Loss: 3.72268942394e+14 +/- 475347972709.0
INFO:root:Epoch no. 154 of 500 (samples: 14144)
INFO:root:Loss: 3.72268838761e+14 +/- 475360840065.0
INFO:root:Epoch no. 155 of 500 (samples: 14144)
INFO:root:Loss: 3.72268728625e+14 +/- 475354199581.0
INFO:root:Epoch no. 156 of 500 (samples: 14144)
INFO:root:Loss: 3.7226862823e+14 +/- 475365987715.0
INFO:root:Epoch no. 157 of 500 (samples: 14144)
INFO:root:Loss: 3.72268547233e+14 +/- 475349637171.0
INFO:root:Epoch no. 158 of 500 (samples: 14144)
INFO:root:Loss: 3.7226846304e+14 +/- 475366859690.0
INFO:root:Epoch no. 159 of 500 (samples: 14144)
INFO:root:Loss: 3.72268378819e+14 +/- 475362419893.0
INFO:root:Epoch no. 160 of 500 (samples: 14144)
INFO:root:Loss: 3.72268262208e+14 +/- 475357937020.0
INFO:root:Epoch no. 161 of 500 (samples: 14144)
INFO:root:Loss: 3.72268190938e+14 +/- 475349178448.0
INFO:root:Epoch no. 162 of 500 (samples: 14144)
INFO:root:Loss: 3.72268100256e+14 +/- 475357729993.0
INFO:root:Epoch no. 163 of 500 (samples: 14144)
INFO:root:Loss: 3.72267944792e+14 +/- 475366199233.0
INFO:root:Epoch no. 164 of 500 (samples: 14144)
INFO:root:Loss: 3.72267892962e+14 +/- 475361799034.0
INFO:root:Epoch no. 165 of 500 (samples: 14144)
INFO:root:Loss: 3.72267808728e+14 +/- 475346524624.0
INFO:root:Epoch no. 166 of 500 (samples: 14144)
INFO:root:Loss: 3.72267730996e+14 +/- 475350757663.0
INFO:root:Epoch no. 167 of 500 (samples: 14144)
INFO:root:Loss: 3.72267646789e+14 +/- 475357151157.0
INFO:root:Epoch no. 168 of 500 (samples: 14144)
INFO:root:Loss: 3.72267556107e+14 +/- 475365702016.0
INFO:root:Epoch no. 169 of 500 (samples: 14144)
INFO:root:Loss: 3.7226749455e+14 +/- 475353708007.0
INFO:root:Epoch no. 170 of 500 (samples: 14144)
INFO:root:Loss: 3.7226738119e+14 +/- 475358978368.0
INFO:root:Epoch no. 171 of 500 (samples: 14144)
INFO:root:Loss: 3.72267290508e+14 +/- 475367529276.0
INFO:root:Epoch no. 172 of 500 (samples: 14144)
INFO:root:Loss: 3.722672257e+14 +/- 475345780783.0
INFO:root:Epoch no. 173 of 500 (samples: 14144)
INFO:root:Loss: 3.72267115591e+14 +/- 475360806364.0
INFO:root:Epoch no. 174 of 500 (samples: 14144)
INFO:root:Loss: 3.72267044307e+14 +/- 475341216462.0
INFO:root:Epoch no. 175 of 500 (samples: 14144)
INFO:root:Loss: 3.72266937451e+14 +/- 475365994909.0
INFO:root:Epoch no. 176 of 500 (samples: 14144)
INFO:root:Loss: 3.72266811127e+14 +/- 475364750266.0
INFO:root:Epoch no. 177 of 500 (samples: 14144)
INFO:root:Loss: 3.72266720403e+14 +/- 475340801967.0
INFO:root:Epoch no. 178 of 500 (samples: 14144)
INFO:root:Loss: 3.72266610295e+14 +/- 475355827597.0
INFO:root:Epoch no. 179 of 500 (samples: 14144)
INFO:root:Loss: 3.72266535773e+14 +/- 475337314663.0
INFO:root:Epoch no. 180 of 500 (samples: 14144)
INFO:root:Loss: 3.72266415952e+14 +/- 475355579429.0
INFO:root:Epoch no. 181 of 500 (samples: 14144)
INFO:root:Loss: 3.72266370597e+14 +/- 475349020491.0
INFO:root:Epoch no. 182 of 500 (samples: 14144)
INFO:root:Loss: 3.72266312319e+14 +/- 475368446491.0
INFO:root:Epoch no. 183 of 500 (samples: 14144)
INFO:root:Loss: 3.72266218358e+14 +/- 475345578664.0
INFO:root:Epoch no. 184 of 500 (samples: 14144)
INFO:root:Loss: 3.72266111473e+14 +/- 475348691586.0
INFO:root:Epoch no. 185 of 500 (samples: 14144)
INFO:root:Loss: 3.72266024029e+14 +/- 475356161606.0
INFO:root:Epoch no. 186 of 500 (samples: 14144)
INFO:root:Loss: 3.72265949521e+14 +/- 475348484779.0
INFO:root:Epoch no. 187 of 500 (samples: 14144)
INFO:root:Loss: 3.72265878237e+14 +/- 475328891349.0
INFO:root:Epoch no. 188 of 500 (samples: 14144)
INFO:root:Loss: 3.72265748717e+14 +/- 475361226876.0
INFO:root:Epoch no. 189 of 500 (samples: 14144)
INFO:root:Loss: 3.72265661259e+14 +/- 475357866890.0
INFO:root:Epoch no. 190 of 500 (samples: 14144)
INFO:root:Loss: 3.7226561268e+14 +/- 475363219900.0
INFO:root:Epoch no. 191 of 500 (samples: 14144)
INFO:root:Loss: 3.72265531697e+14 +/- 475357701445.0
INFO:root:Epoch no. 192 of 500 (samples: 14144)
INFO:root:Loss: 3.72265418309e+14 +/- 475341306525.0
INFO:root:Epoch no. 193 of 500 (samples: 14144)
INFO:root:Loss: 3.72265340605e+14 +/- 475367205654.0
INFO:root:Epoch no. 194 of 500 (samples: 14144)
INFO:root:Loss: 3.722652823e+14 +/- 475364964879.0
INFO:root:Epoch no. 195 of 500 (samples: 14144)
INFO:root:Loss: 3.72265198065e+14 +/- 475349693851.0
INFO:root:Epoch no. 196 of 500 (samples: 14144)
INFO:root:Loss: 3.72265126795e+14 +/- 475340932951.0
INFO:root:Epoch no. 197 of 500 (samples: 14144)
INFO:root:Loss: 3.72265016687e+14 +/- 475355959438.0
INFO:root:Epoch no. 198 of 500 (samples: 14144)
INFO:root:Loss: 3.72264925977e+14 +/- 475342843032.0
INFO:root:Epoch no. 199 of 500 (samples: 14144)
INFO:root:Loss: 3.72264815855e+14 +/- 475347037136.0
INFO:root:Epoch no. 200 of 500 (samples: 14144)
INFO:root:Loss: 3.72264757577e+14 +/- 475366461151.0
INFO:root:Epoch no. 201 of 500 (samples: 14144)
INFO:root:Loss: 3.72264653889e+14 +/- 475335997505.0
INFO:root:Epoch no. 202 of 500 (samples: 14144)
INFO:root:Loss: 3.72264563235e+14 +/- 475366212984.0
INFO:root:Epoch no. 203 of 500 (samples: 14144)
INFO:root:Loss: 3.72264475762e+14 +/- 475352018777.0
INFO:root:Epoch no. 204 of 500 (samples: 14144)
INFO:root:Loss: 3.72264401268e+14 +/- 475355173574.0
INFO:root:Epoch no. 205 of 500 (samples: 14144)
INFO:root:Loss: 3.72264291146e+14 +/- 475359366943.0
INFO:root:Epoch no. 206 of 500 (samples: 14144)
INFO:root:Loss: 3.72264258756e+14 +/- 475359324258.0
INFO:root:Epoch no. 207 of 500 (samples: 14144)
INFO:root:Loss: 3.72264193975e+14 +/- 475359242197.0
INFO:root:Epoch no. 208 of 500 (samples: 14144)
INFO:root:Loss: 3.72264077378e+14 +/- 475365592565.0
INFO:root:Epoch no. 209 of 500 (samples: 14144)
INFO:root:Loss: 3.72263989906e+14 +/- 475351400563.0
INFO:root:Epoch no. 210 of 500 (samples: 14144)
INFO:root:Loss: 3.72263934838e+14 +/- 475348077234.0
INFO:root:Epoch no. 211 of 500 (samples: 14144)
INFO:root:Loss: 3.72263844142e+14 +/- 475345796298.0
INFO:root:Epoch no. 212 of 500 (samples: 14144)
INFO:root:Loss: 3.7226376641e+14 +/- 475350029166.0
INFO:root:Epoch no. 213 of 500 (samples: 14144)
INFO:root:Loss: 3.72263636834e+14 +/- 475339030333.0
INFO:root:Epoch no. 214 of 500 (samples: 14144)
INFO:root:Loss: 3.7226355913e+14 +/- 475364930785.0
INFO:root:Epoch no. 215 of 500 (samples: 14144)
INFO:root:Loss: 3.72263504049e+14 +/- 475350777498.0
INFO:root:Epoch no. 216 of 500 (samples: 14144)
INFO:root:Loss: 3.72263432792e+14 +/- 475352853367.0
INFO:root:Epoch no. 217 of 500 (samples: 14144)
INFO:root:Loss: 3.72263358271e+14 +/- 475334341732.0
INFO:root:Epoch no. 218 of 500 (samples: 14144)
INFO:root:Loss: 3.72263254638e+14 +/- 475347208647.0
INFO:root:Epoch no. 219 of 500 (samples: 14144)
INFO:root:Loss: 3.72263189871e+14 +/- 475357959337.0
INFO:root:Epoch no. 220 of 500 (samples: 14144)
INFO:root:Loss: 3.72263170445e+14 +/- 475364434450.0
INFO:root:Epoch no. 221 of 500 (samples: 14144)
INFO:root:Loss: 3.72263053806e+14 +/- 475338285831.0
INFO:root:Epoch no. 222 of 500 (samples: 14144)
INFO:root:Loss: 3.72262943698e+14 +/- 475353312318.0
INFO:root:Epoch no. 223 of 500 (samples: 14144)
INFO:root:Loss: 3.72262904832e+14 +/- 475355428519.0
INFO:root:Epoch no. 224 of 500 (samples: 14144)
INFO:root:Loss: 3.72262833576e+14 +/- 475357505025.0
INFO:root:Epoch no. 225 of 500 (samples: 14144)
INFO:root:Loss: 3.72262749341e+14 +/- 475342233507.0
INFO:root:Epoch no. 226 of 500 (samples: 14144)
INFO:root:Loss: 3.72262674834e+14 +/- 475334550947.0
INFO:root:Epoch no. 227 of 500 (samples: 14144)
INFO:root:Loss: 3.72262567963e+14 +/- 475348498800.0
INFO:root:Epoch no. 228 of 500 (samples: 14144)
INFO:root:Loss: 3.72262483756e+14 +/- 475354891705.0
INFO:root:Epoch no. 229 of 500 (samples: 14144)
INFO:root:Loss: 3.72262451352e+14 +/- 475344015780.0
INFO:root:Epoch no. 230 of 500 (samples: 14144)
INFO:root:Loss: 3.72262315315e+14 +/- 475346010053.0
INFO:root:Epoch no. 231 of 500 (samples: 14144)
INFO:root:Loss: 3.72262263512e+14 +/- 475363276335.0
INFO:root:Epoch no. 232 of 500 (samples: 14144)
INFO:root:Loss: 3.72262211682e+14 +/- 475358877410.0
INFO:root:Epoch no. 233 of 500 (samples: 14144)
INFO:root:Loss: 3.72262179278e+14 +/- 475348002465.0
INFO:root:Epoch no. 234 of 500 (samples: 14144)
INFO:root:Loss: 3.7226206268e+14 +/- 475354354450.0
INFO:root:Epoch no. 235 of 500 (samples: 14144)
INFO:root:Loss: 3.72262023773e+14 +/- 475323969360.0
INFO:root:Epoch no. 236 of 500 (samples: 14144)
INFO:root:Loss: 3.72261887764e+14 +/- 475347630213.0
INFO:root:Epoch no. 237 of 500 (samples: 14144)
INFO:root:Loss: 3.72261842436e+14 +/- 475362738639.0
INFO:root:Epoch no. 238 of 500 (samples: 14144)
INFO:root:Loss: 3.72261784131e+14 +/- 475360497864.0
INFO:root:Epoch no. 239 of 500 (samples: 14144)
INFO:root:Loss: 3.72261693421e+14 +/- 475347382046.0
INFO:root:Epoch no. 240 of 500 (samples: 14144)
INFO:root:Loss: 3.72261593012e+14 +/- 475348338287.0
INFO:root:Epoch no. 241 of 500 (samples: 14144)
INFO:root:Loss: 3.72261528245e+14 +/- 475359087580.0
INFO:root:Epoch no. 242 of 500 (samples: 14144)
INFO:root:Loss: 3.72261473149e+14 +/- 475334101004.0
INFO:root:Epoch no. 243 of 500 (samples: 14144)
INFO:root:Loss: 3.72261363041e+14 +/- 475349127074.0
INFO:root:Epoch no. 244 of 500 (samples: 14144)
INFO:root:Loss: 3.72261278834e+14 +/- 475355519685.0
INFO:root:Epoch no. 245 of 500 (samples: 14144)
INFO:root:Loss: 3.72261227004e+14 +/- 475351119289.0
INFO:root:Epoch no. 246 of 500 (samples: 14144)
INFO:root:Loss: 3.72261178411e+14 +/- 475345640578.0
INFO:root:Epoch no. 247 of 500 (samples: 14144)
INFO:root:Loss: 3.72261123343e+14 +/- 475342319968.0
INFO:root:Epoch no. 248 of 500 (samples: 14144)
INFO:root:Loss: 3.72261019711e+14 +/- 475355188574.0
INFO:root:Epoch no. 249 of 500 (samples: 14144)
INFO:root:Loss: 3.72260954916e+14 +/- 475344271999.0
INFO:root:Epoch no. 250 of 500 (samples: 14144)
INFO:root:Loss: 3.72260883673e+14 +/- 475357181157.0
INFO:root:Epoch no. 251 of 500 (samples: 14144)
INFO:root:Loss: 3.72260780013e+14 +/- 475348385218.0
INFO:root:Epoch no. 252 of 500 (samples: 14144)
INFO:root:Loss: 3.72260728155e+14 +/- 475322314910.0
INFO:root:Epoch no. 253 of 500 (samples: 14144)
INFO:root:Loss: 3.72260611599e+14 +/- 475361166911.0
INFO:root:Epoch no. 254 of 500 (samples: 14144)
INFO:root:Loss: 3.72260537078e+14 +/- 475342657653.0
INFO:root:Epoch no. 255 of 500 (samples: 14144)
INFO:root:Loss: 3.72260456122e+14 +/- 475358801832.0
INFO:root:Epoch no. 256 of 500 (samples: 14144)
INFO:root:Loss: 3.72260352462e+14 +/- 475350003638.0
INFO:root:Epoch no. 257 of 500 (samples: 14144)
INFO:root:Loss: 3.72260294156e+14 +/- 475347762153.0
INFO:root:Epoch no. 258 of 500 (samples: 14144)
INFO:root:Loss: 3.72260216424e+14 +/- 475351996417.0
INFO:root:Epoch no. 259 of 500 (samples: 14144)
INFO:root:Loss: 3.72260164608e+14 +/- 475358429581.0
INFO:root:Epoch no. 260 of 500 (samples: 14144)
INFO:root:Loss: 3.72260145154e+14 +/- 475343237967.0
INFO:root:Epoch no. 261 of 500 (samples: 14144)
INFO:root:Loss: 3.72260054458e+14 +/- 475340957032.0
INFO:root:Epoch no. 262 of 500 (samples: 14144)
INFO:root:Loss: 3.72259966986e+14 +/- 475326759958.0
INFO:root:Epoch no. 263 of 500 (samples: 14144)
INFO:root:Loss: 3.72259866619e+14 +/- 475360215603.0
INFO:root:Epoch no. 264 of 500 (samples: 14144)
INFO:root:Loss: 3.7225982125e+14 +/- 475342824355.0
INFO:root:Epoch no. 265 of 500 (samples: 14144)
INFO:root:Loss: 3.72259730554e+14 +/- 475340543419.0
INFO:root:Epoch no. 266 of 500 (samples: 14144)
INFO:root:Loss: 3.72259652836e+14 +/- 475355609430.0
INFO:root:Epoch no. 267 of 500 (samples: 14144)
INFO:root:Loss: 3.72259588055e+14 +/- 475355527148.0
INFO:root:Epoch no. 268 of 500 (samples: 14144)
INFO:root:Loss: 3.72259523247e+14 +/- 475333777455.0
INFO:root:Epoch no. 269 of 500 (samples: 14144)
INFO:root:Loss: 3.72259419614e+14 +/- 475346645399.0
INFO:root:Epoch no. 270 of 500 (samples: 14144)
INFO:root:Loss: 3.72259380762e+14 +/- 475359595184.0
INFO:root:Epoch no. 271 of 500 (samples: 14144)
INFO:root:Loss: 3.72259328932e+14 +/- 475355196258.0
INFO:root:Epoch no. 272 of 500 (samples: 14144)
INFO:root:Loss: 3.7225919937e+14 +/- 475355031696.0
INFO:root:Epoch no. 273 of 500 (samples: 14144)
INFO:root:Loss: 3.72259176692e+14 +/- 475351751271.0
INFO:root:Epoch no. 274 of 500 (samples: 14144)
INFO:root:Loss: 3.72259105422e+14 +/- 475342995443.0
INFO:root:Epoch no. 275 of 500 (samples: 14144)
INFO:root:Loss: 3.72259043879e+14 +/- 475341831685.0
INFO:root:Epoch no. 276 of 500 (samples: 14144)
INFO:root:Loss: 3.72258959686e+14 +/- 475359057488.0
INFO:root:Epoch no. 277 of 500 (samples: 14144)
INFO:root:Loss: 3.72258914317e+14 +/- 475341666240.0
INFO:root:Epoch no. 278 of 500 (samples: 14144)
INFO:root:Loss: 3.72258804209e+14 +/- 475356692629.0
INFO:root:Epoch no. 279 of 500 (samples: 14144)
INFO:root:Loss: 3.72258758854e+14 +/- 475350135161.0
INFO:root:Epoch no. 280 of 500 (samples: 14144)
INFO:root:Loss: 3.72258681122e+14 +/- 475354369033.0
INFO:root:Epoch no. 281 of 500 (samples: 14144)
INFO:root:Loss: 3.72258574211e+14 +/- 475335815645.0
INFO:root:Epoch no. 282 of 500 (samples: 14144)
INFO:root:Loss: 3.7225850622e+14 +/- 475358478430.0
INFO:root:Epoch no. 283 of 500 (samples: 14144)
INFO:root:Loss: 3.72258454362e+14 +/- 475332415180.0
INFO:root:Epoch no. 284 of 500 (samples: 14144)
INFO:root:Loss: 3.72258363693e+14 +/- 475351796511.0
INFO:root:Epoch no. 285 of 500 (samples: 14144)
INFO:root:Loss: 3.72258266522e+14 +/- 475351673750.0
INFO:root:Epoch no. 286 of 500 (samples: 14144)
INFO:root:Loss: 3.7225823409e+14 +/- 475319130094.0
INFO:root:Epoch no. 287 of 500 (samples: 14144)
INFO:root:Loss: 3.72258117534e+14 +/- 475357982095.0
INFO:root:Epoch no. 288 of 500 (samples: 14144)
INFO:root:Loss: 3.7225810457e+14 +/- 475351465621.0
INFO:root:Epoch no. 289 of 500 (samples: 14144)
INFO:root:Loss: 3.72258055991e+14 +/- 475356820248.0
INFO:root:Epoch no. 290 of 500 (samples: 14144)
INFO:root:Loss: 3.72258000923e+14 +/- 475353500447.0
INFO:root:Epoch no. 291 of 500 (samples: 14144)
INFO:root:Loss: 3.72257897262e+14 +/- 475344701420.0
INFO:root:Epoch no. 292 of 500 (samples: 14144)
INFO:root:Loss: 3.72257813028e+14 +/- 475329427844.0
INFO:root:Epoch no. 293 of 500 (samples: 14144)
INFO:root:Loss: 3.72257728849e+14 +/- 475357485760.0
INFO:root:Epoch no. 294 of 500 (samples: 14144)
INFO:root:Loss: 3.72257712646e+14 +/- 475352048533.0
INFO:root:Epoch no. 295 of 500 (samples: 14144)
INFO:root:Loss: 3.72257605748e+14 +/- 475344331815.0
INFO:root:Epoch no. 296 of 500 (samples: 14144)
INFO:root:Loss: 3.72257540981e+14 +/- 475355079320.0
INFO:root:Epoch no. 297 of 500 (samples: 14144)
INFO:root:Loss: 3.72257459971e+14 +/- 475327891786.0
INFO:root:Epoch no. 298 of 500 (samples: 14144)
INFO:root:Loss: 3.72257362827e+14 +/- 475349435041.0
INFO:root:Epoch no. 299 of 500 (samples: 14144)
INFO:root:Loss: 3.72257340163e+14 +/- 475356989425.0
INFO:root:Epoch no. 300 of 500 (samples: 14144)
INFO:root:Loss: 3.72257259166e+14 +/- 475340639175.0
INFO:root:Epoch no. 301 of 500 (samples: 14144)
INFO:root:Loss: 3.72257187924e+14 +/- 475353545173.0
INFO:root:Epoch no. 302 of 500 (samples: 14144)
INFO:root:Loss: 3.72257126353e+14 +/- 475330719368.0
INFO:root:Epoch no. 303 of 500 (samples: 14144)
INFO:root:Loss: 3.7225704216e+14 +/- 475347942133.0
INFO:root:Epoch no. 304 of 500 (samples: 14144)
INFO:root:Loss: 3.72256987064e+14 +/- 475322956046.0
INFO:root:Epoch no. 305 of 500 (samples: 14144)
INFO:root:Loss: 3.72256886697e+14 +/- 475356410368.0
INFO:root:Epoch no. 306 of 500 (samples: 14144)
INFO:root:Loss: 3.72256886697e+14 +/- 475356410368.0
INFO:root:Epoch no. 307 of 500 (samples: 14144)
INFO:root:Loss: 3.72256789512e+14 +/- 475345455224.0
INFO:root:Epoch no. 308 of 500 (samples: 14144)
INFO:root:Loss: 3.72256705305e+14 +/- 475351845997.0
INFO:root:Epoch no. 309 of 500 (samples: 14144)
INFO:root:Loss: 3.722566729e+14 +/- 475340971052.0
INFO:root:Epoch no. 310 of 500 (samples: 14144)
INFO:root:Loss: 3.72256614595e+14 +/- 475338729591.0
INFO:root:Epoch no. 311 of 500 (samples: 14144)
INFO:root:Loss: 3.7225653685e+14 +/- 475332130689.0
INFO:root:Epoch no. 312 of 500 (samples: 14144)
INFO:root:Loss: 3.72256459132e+14 +/- 475347197630.0
INFO:root:Epoch no. 313 of 500 (samples: 14144)
INFO:root:Loss: 3.72256374911e+14 +/- 475342758765.0
INFO:root:Epoch no. 314 of 500 (samples: 14144)
INFO:root:Loss: 3.72256290704e+14 +/- 475349150052.0
INFO:root:Epoch no. 315 of 500 (samples: 14144)
INFO:root:Loss: 3.72256212973e+14 +/- 475353383729.0
INFO:root:Epoch no. 316 of 500 (samples: 14144)
INFO:root:Loss: 3.72256138465e+14 +/- 475345704697.0
INFO:root:Epoch no. 317 of 500 (samples: 14144)
INFO:root:Loss: 3.72256102837e+14 +/- 475346742656.0
INFO:root:Epoch no. 318 of 500 (samples: 14144)
INFO:root:Loss: 3.72256038042e+14 +/- 475335828237.0
INFO:root:Epoch no. 319 of 500 (samples: 14144)
INFO:root:Loss: 3.72255976513e+14 +/- 475345497891.0
INFO:root:Epoch no. 320 of 500 (samples: 14144)
INFO:root:Loss: 3.72255947374e+14 +/- 475355210891.0
INFO:root:Epoch no. 321 of 500 (samples: 14144)
INFO:root:Loss: 3.72255827511e+14 +/- 475340978410.0
INFO:root:Epoch no. 322 of 500 (samples: 14144)
INFO:root:Loss: 3.72255759506e+14 +/- 475352804451.0
INFO:root:Epoch no. 323 of 500 (samples: 14144)
INFO:root:Loss: 3.72255727088e+14 +/- 475331095996.0
INFO:root:Epoch no. 324 of 500 (samples: 14144)
INFO:root:Loss: 3.72255642881e+14 +/- 475337488754.0
INFO:root:Epoch no. 325 of 500 (samples: 14144)
INFO:root:Loss: 3.72255561898e+14 +/- 475331969710.0
INFO:root:Epoch no. 326 of 500 (samples: 14144)
INFO:root:Loss: 3.72255493907e+14 +/- 475354631834.0
INFO:root:Epoch no. 327 of 500 (samples: 14144)
INFO:root:Loss: 3.72255461503e+14 +/- 475343757869.0
INFO:root:Epoch no. 328 of 500 (samples: 14144)
INFO:root:Loss: 3.72255390247e+14 +/- 475345833591.0
INFO:root:Epoch no. 329 of 500 (samples: 14144)
INFO:root:Loss: 3.72255296313e+14 +/- 475344631290.0
INFO:root:Epoch no. 330 of 500 (samples: 14144)
INFO:root:Loss: 3.72255267174e+14 +/- 475354342305.0
INFO:root:Epoch no. 331 of 500 (samples: 14144)
INFO:root:Loss: 3.72255208868e+14 +/- 475352101530.0
INFO:root:Epoch no. 332 of 500 (samples: 14144)
INFO:root:Loss: 3.72255127872e+14 +/- 475335747457.0
INFO:root:Epoch no. 333 of 500 (samples: 14144)
INFO:root:Loss: 3.72255059853e+14 +/- 475336744251.0
INFO:root:Epoch no. 334 of 500 (samples: 14144)
INFO:root:Loss: 3.72254998324e+14 +/- 475346415670.0
INFO:root:Epoch no. 335 of 500 (samples: 14144)
INFO:root:Loss: 3.72254949745e+14 +/- 475351770420.0
INFO:root:Epoch no. 336 of 500 (samples: 14144)
INFO:root:Loss: 3.72254910865e+14 +/- 475343054728.0
INFO:root:Epoch no. 337 of 500 (samples: 14144)
INFO:root:Loss: 3.72254868734e+14 +/- 475324582886.0
INFO:root:Epoch no. 338 of 500 (samples: 14144)
INFO:root:Loss: 3.7225475864e+14 +/- 475350443079.0
INFO:root:Epoch no. 339 of 500 (samples: 14144)
INFO:root:Loss: 3.72254697097e+14 +/- 475349281600.0
INFO:root:Epoch no. 340 of 500 (samples: 14144)
INFO:root:Loss: 3.7225462584e+14 +/- 475351357028.0
INFO:root:Epoch no. 341 of 500 (samples: 14144)
INFO:root:Loss: 3.72254609611e+14 +/- 475324251996.0
INFO:root:Epoch no. 342 of 500 (samples: 14144)
INFO:root:Loss: 3.72254518942e+14 +/- 475343636635.0
INFO:root:Epoch no. 343 of 500 (samples: 14144)
INFO:root:Loss: 3.72254476825e+14 +/- 475335999749.0
INFO:root:Epoch no. 344 of 500 (samples: 14144)
INFO:root:Loss: 3.72254415295e+14 +/- 475345671167.0
INFO:root:Epoch no. 345 of 500 (samples: 14144)
INFO:root:Loss: 3.72254334312e+14 +/- 475340151683.0
INFO:root:Epoch no. 346 of 500 (samples: 14144)
INFO:root:Loss: 3.72254263056e+14 +/- 475342227503.0
INFO:root:Epoch no. 347 of 500 (samples: 14144)
INFO:root:Loss: 3.7225415292e+14 +/- 475335589665.0
INFO:root:Epoch no. 348 of 500 (samples: 14144)
INFO:root:Loss: 3.72254101118e+14 +/- 475352853300.0
INFO:root:Epoch no. 349 of 500 (samples: 14144)
INFO:root:Loss: 3.72254055763e+14 +/- 475346296126.0
INFO:root:Epoch no. 350 of 500 (samples: 14144)
INFO:root:Loss: 3.72253958591e+14 +/- 475346172704.0
INFO:root:Epoch no. 351 of 500 (samples: 14144)
INFO:root:Loss: 3.72253939165e+14 +/- 475352646494.0
INFO:root:Epoch no. 352 of 500 (samples: 14144)
INFO:root:Loss: 3.72253910013e+14 +/- 475351526008.0
INFO:root:Epoch no. 353 of 500 (samples: 14144)
INFO:root:Loss: 3.7225386463e+14 +/- 475323300687.0
INFO:root:Epoch no. 354 of 500 (samples: 14144)
INFO:root:Loss: 3.72253767486e+14 +/- 475344843942.0
INFO:root:Epoch no. 355 of 500 (samples: 14144)
INFO:root:Loss: 3.72253660588e+14 +/- 475337125559.0
INFO:root:Epoch no. 356 of 500 (samples: 14144)
INFO:root:Loss: 3.72253615261e+14 +/- 475352232881.0
INFO:root:Epoch no. 357 of 500 (samples: 14144)
INFO:root:Loss: 3.72253573144e+14 +/- 475344595995.0
INFO:root:Epoch no. 358 of 500 (samples: 14144)
INFO:root:Loss: 3.72253511587e+14 +/- 475332602059.0
INFO:root:Epoch no. 359 of 500 (samples: 14144)
INFO:root:Loss: 3.72253453309e+14 +/- 475352026075.0
INFO:root:Epoch no. 360 of 500 (samples: 14144)
INFO:root:Loss: 3.72253394989e+14 +/- 475338953530.0
INFO:root:Epoch no. 361 of 500 (samples: 14144)
INFO:root:Loss: 3.72253336697e+14 +/- 475347543986.0
INFO:root:Epoch no. 362 of 500 (samples: 14144)
INFO:root:Loss: 3.72253229799e+14 +/- 475339824132.0
INFO:root:Epoch no. 363 of 500 (samples: 14144)
INFO:root:Loss: 3.72253190934e+14 +/- 475341940824.0
INFO:root:Epoch no. 364 of 500 (samples: 14144)
INFO:root:Loss: 3.72253135866e+14 +/- 475338621316.0
INFO:root:Epoch no. 365 of 500 (samples: 14144)
INFO:root:Loss: 3.72253067861e+14 +/- 475350450616.0
INFO:root:Epoch no. 366 of 500 (samples: 14144)
INFO:root:Loss: 3.7225303547e+14 +/- 475350409255.0
INFO:root:Epoch no. 367 of 500 (samples: 14144)
INFO:root:Loss: 3.72252935061e+14 +/- 475351364295.0
INFO:root:Epoch no. 368 of 500 (samples: 14144)
INFO:root:Loss: 3.72252928558e+14 +/- 475331855572.0
INFO:root:Epoch no. 369 of 500 (samples: 14144)
INFO:root:Loss: 3.72252860526e+14 +/- 475322018488.0
INFO:root:Epoch no. 370 of 500 (samples: 14144)
INFO:root:Loss: 3.72252773109e+14 +/- 475351157489.0
INFO:root:Epoch no. 371 of 500 (samples: 14144)
INFO:root:Loss: 3.72252763382e+14 +/- 475343561743.0
INFO:root:Epoch no. 372 of 500 (samples: 14144)
INFO:root:Loss: 3.72252711538e+14 +/- 475328329920.0
INFO:root:Epoch no. 373 of 500 (samples: 14144)
INFO:root:Loss: 3.72252624094e+14 +/- 475335800896.0
INFO:root:Epoch no. 374 of 500 (samples: 14144)
INFO:root:Loss: 3.72252552837e+14 +/- 475337876814.0
INFO:root:Epoch no. 375 of 500 (samples: 14144)
INFO:root:Loss: 3.72252488057e+14 +/- 475337794091.0
INFO:root:Epoch no. 376 of 500 (samples: 14144)
INFO:root:Loss: 3.72252449205e+14 +/- 475350743876.0
INFO:root:Epoch no. 377 of 500 (samples: 14144)
INFO:root:Loss: 3.72252355257e+14 +/- 475338709363.0
INFO:root:Epoch no. 378 of 500 (samples: 14144)
INFO:root:Loss: 3.72252303441e+14 +/- 475345141204.0
INFO:root:Epoch no. 379 of 500 (samples: 14144)
INFO:root:Loss: 3.72252209493e+14 +/- 475333107990.0
INFO:root:Epoch no. 380 of 500 (samples: 14144)
INFO:root:Loss: 3.7225215769e+14 +/- 475350371625.0
INFO:root:Epoch no. 381 of 500 (samples: 14144)
INFO:root:Loss: 3.72252099357e+14 +/- 475326464859.0
INFO:root:Epoch no. 382 of 500 (samples: 14144)
INFO:root:Loss: 3.72251982774e+14 +/- 475343649006.0
INFO:root:Epoch no. 383 of 500 (samples: 14144)
INFO:root:Loss: 3.72251963348e+14 +/- 475350123458.0
INFO:root:Epoch no. 384 of 500 (samples: 14144)
INFO:root:Loss: 3.72251911517e+14 +/- 475345724532.0
INFO:root:Epoch no. 385 of 500 (samples: 14144)
INFO:root:Loss: 3.72251846737e+14 +/- 475345641810.0
INFO:root:Epoch no. 386 of 500 (samples: 14144)
INFO:root:Loss: 3.72251833786e+14 +/- 475349958013.0
INFO:root:Epoch no. 387 of 500 (samples: 14144)
INFO:root:Loss: 3.72251717175e+14 +/- 475345477247.0
INFO:root:Epoch no. 388 of 500 (samples: 14144)
INFO:root:Loss: 3.72251645918e+14 +/- 475347551793.0
INFO:root:Epoch no. 389 of 500 (samples: 14144)
INFO:root:Loss: 3.72251632954e+14 +/- 475341034804.0
INFO:root:Epoch no. 390 of 500 (samples: 14144)
INFO:root:Loss: 3.72251607053e+14 +/- 475349668484.0
INFO:root:Epoch no. 391 of 500 (samples: 14144)
INFO:root:Loss: 3.72251509881e+14 +/- 475349544400.0
INFO:root:Epoch no. 392 of 500 (samples: 14144)
INFO:root:Loss: 3.7225141271e+14 +/- 475349420316.0
INFO:root:Epoch no. 393 of 500 (samples: 14144)
INFO:root:Loss: 3.7225138032e+14 +/- 475349378955.0
INFO:root:Epoch no. 394 of 500 (samples: 14144)
INFO:root:Loss: 3.72251315539e+14 +/- 475349296233.0
INFO:root:Epoch no. 395 of 500 (samples: 14144)
INFO:root:Loss: 3.72251244255e+14 +/- 475329704787.0
INFO:root:Epoch no. 396 of 500 (samples: 14144)
INFO:root:Loss: 3.72251182725e+14 +/- 475339376426.0
INFO:root:Epoch no. 397 of 500 (samples: 14144)
INFO:root:Loss: 3.72251150335e+14 +/- 475339335065.0
INFO:root:Epoch no. 398 of 500 (samples: 14144)
INFO:root:Loss: 3.72251111442e+14 +/- 475319784981.0
INFO:root:Epoch no. 399 of 500 (samples: 14144)
INFO:root:Loss: 3.72251020773e+14 +/- 475339169620.0
INFO:root:Epoch no. 400 of 500 (samples: 14144)
INFO:root:Loss: 3.72250959202e+14 +/- 475316340728.0
INFO:root:Epoch no. 401 of 500 (samples: 14144)
INFO:root:Loss: 3.72250858821e+14 +/- 475338962814.0
INFO:root:Epoch no. 402 of 500 (samples: 14144)
INFO:root:Loss: 3.72250823193e+14 +/- 475340000773.0
INFO:root:Epoch no. 403 of 500 (samples: 14144)
INFO:root:Loss: 3.72250797291e+14 +/- 475348634453.0
INFO:root:Epoch no. 404 of 500 (samples: 14144)
INFO:root:Loss: 3.72250777824e+14 +/- 475322609917.0
INFO:root:Epoch no. 405 of 500 (samples: 14144)
INFO:root:Loss: 3.72250693631e+14 +/- 475339835328.0
INFO:root:Epoch no. 406 of 500 (samples: 14144)
INFO:root:Loss: 3.7225066124e+14 +/- 475339793966.0
INFO:root:Epoch no. 407 of 500 (samples: 14144)
INFO:root:Loss: 3.72250615872e+14 +/- 475322403111.0
INFO:root:Epoch no. 408 of 500 (samples: 14144)
INFO:root:Loss: 3.7225051549e+14 +/- 475345024755.0
INFO:root:Epoch no. 409 of 500 (samples: 14144)
INFO:root:Loss: 3.72250470108e+14 +/- 475316800806.0
INFO:root:Epoch no. 410 of 500 (samples: 14144)
INFO:root:Loss: 3.72250376215e+14 +/- 475348096756.0
INFO:root:Epoch no. 411 of 500 (samples: 14144)
INFO:root:Loss: 3.72250369726e+14 +/- 475339421715.0
INFO:root:Epoch no. 412 of 500 (samples: 14144)
INFO:root:Loss: 3.72250317868e+14 +/- 475313356406.0
INFO:root:Epoch no. 413 of 500 (samples: 14144)
INFO:root:Loss: 3.72250201285e+14 +/- 475330540064.0
INFO:root:Epoch no. 414 of 500 (samples: 14144)
INFO:root:Loss: 3.72250136504e+14 +/- 475330457341.0
INFO:root:Epoch no. 415 of 500 (samples: 14144)
INFO:root:Loss: 3.72250071723e+14 +/- 475330374619.0
INFO:root:Epoch no. 416 of 500 (samples: 14144)
INFO:root:Loss: 3.72250006942e+14 +/- 475330291896.0
INFO:root:Epoch no. 417 of 500 (samples: 14144)
INFO:root:Loss: 3.7224995514e+14 +/- 475347559060.0
INFO:root:Epoch no. 418 of 500 (samples: 14144)
INFO:root:Loss: 3.72249929183e+14 +/- 475312860071.0
INFO:root:Epoch no. 419 of 500 (samples: 14144)
INFO:root:Loss: 3.72249822326e+14 +/- 475337639254.0
INFO:root:Epoch no. 420 of 500 (samples: 14144)
INFO:root:Loss: 3.72249789936e+14 +/- 475337597892.0
INFO:root:Epoch no. 421 of 500 (samples: 14144)
INFO:root:Loss: 3.72249744595e+14 +/- 475341873665.0
INFO:root:Epoch no. 422 of 500 (samples: 14144)
INFO:root:Loss: 3.72249718652e+14 +/- 475318006447.0
INFO:root:Epoch no. 423 of 500 (samples: 14144)
INFO:root:Loss: 3.72249624732e+14 +/- 475327636725.0
INFO:root:Epoch no. 424 of 500 (samples: 14144)
INFO:root:Loss: 3.72249559951e+14 +/- 475327554002.0
INFO:root:Epoch no. 425 of 500 (samples: 14144)
INFO:root:Loss: 3.7224949517e+14 +/- 475327471280.0
INFO:root:Epoch no. 426 of 500 (samples: 14144)
INFO:root:Loss: 3.72249436892e+14 +/- 475346897280.0
INFO:root:Epoch no. 427 of 500 (samples: 14144)
INFO:root:Loss: 3.72249436892e+14 +/- 475346897280.0
INFO:root:Epoch no. 428 of 500 (samples: 14144)
INFO:root:Loss: 3.7224930733e+14 +/- 475346731835.0
INFO:root:Epoch no. 429 of 500 (samples: 14144)
INFO:root:Loss: 3.7224930733e+14 +/- 475346731835.0
INFO:root:Epoch no. 430 of 500 (samples: 14144)
INFO:root:Loss: 3.7224924255e+14 +/- 475346649113.0
INFO:root:Epoch no. 431 of 500 (samples: 14144)
INFO:root:Loss: 3.72249184244e+14 +/- 475344408338.0
INFO:root:Epoch no. 432 of 500 (samples: 14144)
INFO:root:Loss: 3.7224909031e+14 +/- 475343205522.0
INFO:root:Epoch no. 433 of 500 (samples: 14144)
INFO:root:Loss: 3.7224905792e+14 +/- 475343163499.0
INFO:root:Epoch no. 434 of 500 (samples: 14144)
INFO:root:Loss: 3.72249019054e+14 +/- 475345280460.0
INFO:root:Epoch no. 435 of 500 (samples: 14144)
INFO:root:Loss: 3.72248938071e+14 +/- 475339761710.0
INFO:root:Epoch no. 436 of 500 (samples: 14144)
INFO:root:Loss: 3.7224889273e+14 +/- 475344035866.0
INFO:root:Epoch no. 437 of 500 (samples: 14144)
INFO:root:Loss: 3.72248834424e+14 +/- 475341795213.0
INFO:root:Epoch no. 438 of 500 (samples: 14144)
INFO:root:Loss: 3.72248766406e+14 +/- 475342791248.0
INFO:root:Epoch no. 439 of 500 (samples: 14144)
INFO:root:Loss: 3.72248734015e+14 +/- 475342749886.0
INFO:root:Epoch no. 440 of 500 (samples: 14144)
INFO:root:Loss: 3.72248724302e+14 +/- 475345987333.0
INFO:root:Epoch no. 441 of 500 (samples: 14144)
INFO:root:Loss: 3.72248662731e+14 +/- 475323160426.0
INFO:root:Epoch no. 442 of 500 (samples: 14144)
INFO:root:Loss: 3.72248575301e+14 +/- 475341463882.0
INFO:root:Epoch no. 443 of 500 (samples: 14144)
INFO:root:Loss: 3.72248491066e+14 +/- 475326192609.0
INFO:root:Epoch no. 444 of 500 (samples: 14144)
INFO:root:Loss: 3.72248432788e+14 +/- 475345615081.0
INFO:root:Epoch no. 445 of 500 (samples: 14144)
INFO:root:Loss: 3.72248416586e+14 +/- 475340177854.0
INFO:root:Epoch no. 446 of 500 (samples: 14144)
INFO:root:Loss: 3.72248316163e+14 +/- 475330300732.0
INFO:root:Epoch no. 447 of 500 (samples: 14144)
INFO:root:Loss: 3.72248270836e+14 +/- 475345408275.0
INFO:root:Epoch no. 448 of 500 (samples: 14144)
INFO:root:Loss: 3.72248231929e+14 +/- 475315027352.0
INFO:root:Epoch no. 449 of 500 (samples: 14144)
INFO:root:Loss: 3.72248131547e+14 +/- 475337647085.0
INFO:root:Epoch no. 450 of 500 (samples: 14144)
INFO:root:Loss: 3.72248066753e+14 +/- 475326732249.0
INFO:root:Epoch no. 451 of 500 (samples: 14144)
INFO:root:Loss: 3.72248005223e+14 +/- 475336402344.0
INFO:root:Epoch no. 452 of 500 (samples: 14144)
INFO:root:Loss: 3.72247963092e+14 +/- 475317931776.0
INFO:root:Epoch no. 453 of 500 (samples: 14144)
INFO:root:Loss: 3.72247878899e+14 +/- 475335157579.0
INFO:root:Epoch no. 454 of 500 (samples: 14144)
INFO:root:Loss: 3.72247843257e+14 +/- 475325361856.0
INFO:root:Epoch no. 455 of 500 (samples: 14144)
INFO:root:Loss: 3.72247784979e+14 +/- 475344787856.0
INFO:root:Epoch no. 456 of 500 (samples: 14144)
INFO:root:Loss: 3.72247720198e+14 +/- 475344705134.0
INFO:root:Epoch no. 457 of 500 (samples: 14144)
INFO:root:Loss: 3.72247681319e+14 +/- 475335989613.0
INFO:root:Epoch no. 458 of 500 (samples: 14144)
INFO:root:Loss: 3.72247655417e+14 +/- 475344622411.0
INFO:root:Epoch no. 459 of 500 (samples: 14144)
INFO:root:Loss: 3.72247629502e+14 +/- 475342422777.0
INFO:root:Epoch no. 460 of 500 (samples: 14144)
INFO:root:Loss: 3.72247516129e+14 +/- 475336863206.0
INFO:root:Epoch no. 461 of 500 (samples: 14144)
INFO:root:Loss: 3.72247444859e+14 +/- 475328105393.0
INFO:root:Epoch no. 462 of 500 (samples: 14144)
INFO:root:Loss: 3.72247389804e+14 +/- 475335616480.0
INFO:root:Epoch no. 463 of 500 (samples: 14144)
INFO:root:Loss: 3.72247363903e+14 +/- 475344250160.0
INFO:root:Epoch no. 464 of 500 (samples: 14144)
INFO:root:Loss: 3.72247331499e+14 +/- 475333376195.0
INFO:root:Epoch no. 465 of 500 (samples: 14144)
INFO:root:Loss: 3.72247234314e+14 +/- 475322421468.0
INFO:root:Epoch no. 466 of 500 (samples: 14144)
INFO:root:Loss: 3.7224716956e+14 +/- 475344001993.0
INFO:root:Epoch no. 467 of 500 (samples: 14144)
INFO:root:Loss: 3.7224714038e+14 +/- 475321215785.0
INFO:root:Epoch no. 468 of 500 (samples: 14144)
INFO:root:Loss: 3.72247052935e+14 +/- 475328686761.0
INFO:root:Epoch no. 469 of 500 (samples: 14144)
INFO:root:Loss: 3.72247007608e+14 +/- 475343795186.0
INFO:root:Epoch no. 470 of 500 (samples: 14144)
INFO:root:Loss: 3.72247004357e+14 +/- 475334040825.0
INFO:root:Epoch no. 471 of 500 (samples: 14144)
INFO:root:Loss: 3.72246958988e+14 +/- 475316649577.0
INFO:root:Epoch no. 472 of 500 (samples: 14144)
INFO:root:Loss: 3.72246878046e+14 +/- 475343629741.0
INFO:root:Epoch no. 473 of 500 (samples: 14144)
INFO:root:Loss: 3.72246813265e+14 +/- 475343547019.0
INFO:root:Epoch no. 474 of 500 (samples: 14144)
INFO:root:Loss: 3.72246738758e+14 +/- 475335869654.0
INFO:root:Epoch no. 475 of 500 (samples: 14144)
INFO:root:Loss: 3.72246690179e+14 +/- 475341223301.0
INFO:root:Epoch no. 476 of 500 (samples: 14144)
INFO:root:Loss: 3.72246683704e+14 +/- 475343381574.0
INFO:root:Epoch no. 477 of 500 (samples: 14144)
INFO:root:Loss: 3.72246635111e+14 +/- 475337903426.0
INFO:root:Epoch no. 478 of 500 (samples: 14144)
INFO:root:Loss: 3.72246560603e+14 +/- 475330226306.0
INFO:root:Epoch no. 479 of 500 (samples: 14144)
INFO:root:Loss: 3.72246521751e+14 +/- 475343174768.0
INFO:root:Epoch no. 480 of 500 (samples: 14144)
INFO:root:Loss: 3.72246476396e+14 +/- 475336616932.0
INFO:root:Epoch no. 481 of 500 (samples: 14144)
INFO:root:Loss: 3.72246405113e+14 +/- 475317028795.0
INFO:root:Epoch no. 482 of 500 (samples: 14144)
INFO:root:Loss: 3.72246327409e+14 +/- 475342926600.0
INFO:root:Epoch no. 483 of 500 (samples: 14144)
INFO:root:Loss: 3.72246320919e+14 +/- 475334251559.0
INFO:root:Epoch no. 484 of 500 (samples: 14144)
INFO:root:Loss: 3.72246288515e+14 +/- 475323376516.0
INFO:root:Epoch no. 485 of 500 (samples: 14144)
INFO:root:Loss: 3.72246230237e+14 +/- 475342802516.0
INFO:root:Epoch no. 486 of 500 (samples: 14144)
INFO:root:Loss: 3.72246230237e+14 +/- 475342802516.0
INFO:root:Epoch no. 487 of 500 (samples: 14144)
INFO:root:Loss: 3.72246113626e+14 +/- 475338321751.0
INFO:root:Epoch no. 488 of 500 (samples: 14144)
INFO:root:Loss: 3.7224607476e+14 +/- 475340437437.0
INFO:root:Epoch no. 489 of 500 (samples: 14144)
INFO:root:Loss: 3.72245977575e+14 +/- 475329483127.0
INFO:root:Epoch no. 490 of 500 (samples: 14144)
INFO:root:Loss: 3.72245938723e+14 +/- 475342430265.0
INFO:root:Epoch no. 491 of 500 (samples: 14144)
INFO:root:Loss: 3.72245880404e+14 +/- 475329357720.0
INFO:root:Epoch no. 492 of 500 (samples: 14144)
INFO:root:Loss: 3.72245841552e+14 +/- 475342306181.0
INFO:root:Epoch no. 493 of 500 (samples: 14144)
INFO:root:Loss: 3.72245783232e+14 +/- 475329232974.0
INFO:root:Epoch no. 494 of 500 (samples: 14144)
INFO:root:Loss: 3.72245724927e+14 +/- 475326990950.0
INFO:root:Epoch no. 495 of 500 (samples: 14144)
INFO:root:Loss: 3.72245666621e+14 +/- 475324749489.0
INFO:root:Epoch no. 496 of 500 (samples: 14144)
INFO:root:Loss: 3.72245611567e+14 +/- 475332262291.0
INFO:root:Epoch no. 497 of 500 (samples: 14144)
INFO:root:Loss: 3.72245556513e+14 +/- 475339775657.0
INFO:root:Epoch no. 498 of 500 (samples: 14144)
INFO:root:Loss: 3.72245485257e+14 +/- 475341851208.0
INFO:root:Epoch no. 499 of 500 (samples: 14144)
INFO:root:Loss: 3.72245456104e+14 +/- 475340730722.0
INFO:root:Epoch no. 500 of 500 (samples: 14144)
INFO:root:Loss: 3.72245375121e+14 +/- 475335211973.0
/usr/local/lib/python3.5/dist-packages/keras/backend/theano_backend.py:503: UserWarning: theano.function was asked to create a function computing outputs given certain inputs, but the provided input variable at index 2 is not part of the computational graph needed to compute the outputs: keras_learning_phase.
To make this warning into an error, you can pass the parameter on_unused_input='raise' to theano.function. To disable it completely, use on_unused_input='ignore'.
  **kwargs)
INFO:root:### MICRO (validation raw):
INFO:root:	-- left   >> mean: 20766.4372, median: 21336.5, mrr: 0.036, hits@1: 3.08%
INFO:root:	-- right  >> mean: 20841.8906, median: 21258.0, mrr: 0.035, hits@1: 2.98%
INFO:root:	-- global >> mean: 20804.1639, median: 21287.5, mrr: 0.036, hits@1: 3.03%
INFO:root:### MICRO (validation raw):
INFO:root:	-- left   >> mean: 20766.4372, median: 21336.5, mrr: 0.036, hits@3: 3.94%
INFO:root:	-- right  >> mean: 20841.8906, median: 21258.0, mrr: 0.035, hits@3: 3.84%
INFO:root:	-- global >> mean: 20804.1639, median: 21287.5, mrr: 0.036, hits@3: 3.89%
INFO:root:### MICRO (validation raw):
INFO:root:	-- left   >> mean: 20766.4372, median: 21336.5, mrr: 0.036, hits@5: 4.04%
INFO:root:	-- right  >> mean: 20841.8906, median: 21258.0, mrr: 0.035, hits@5: 4.02%
INFO:root:	-- global >> mean: 20804.1639, median: 21287.5, mrr: 0.036, hits@5: 4.03%
INFO:root:### MICRO (validation raw):
INFO:root:	-- left   >> mean: 20766.4372, median: 21336.5, mrr: 0.036, hits@10: 4.2%
INFO:root:	-- right  >> mean: 20841.8906, median: 21258.0, mrr: 0.035, hits@10: 4.32%
INFO:root:	-- global >> mean: 20804.1639, median: 21287.5, mrr: 0.036, hits@10: 4.26%
INFO:root:### MICRO (validation filtered):
INFO:root:	-- left   >> mean: 20764.2206, median: 21330.5, mrr: 0.038, hits@1: 3.42%
INFO:root:	-- right  >> mean: 20839.7354, median: 21258.0, mrr: 0.038, hits@1: 3.38%
INFO:root:	-- global >> mean: 20801.978, median: 21277.0, mrr: 0.038, hits@1: 3.4%
INFO:root:### MICRO (validation filtered):
INFO:root:	-- left   >> mean: 20764.2206, median: 21330.5, mrr: 0.038, hits@3: 4.02%
INFO:root:	-- right  >> mean: 20839.7354, median: 21258.0, mrr: 0.038, hits@3: 3.98%
INFO:root:	-- global >> mean: 20801.978, median: 21277.0, mrr: 0.038, hits@3: 4.0%
INFO:root:### MICRO (validation filtered):
INFO:root:	-- left   >> mean: 20764.2206, median: 21330.5, mrr: 0.038, hits@5: 4.12%
INFO:root:	-- right  >> mean: 20839.7354, median: 21258.0, mrr: 0.038, hits@5: 4.12%
INFO:root:	-- global >> mean: 20801.978, median: 21277.0, mrr: 0.038, hits@5: 4.12%
INFO:root:### MICRO (validation filtered):
INFO:root:	-- left   >> mean: 20764.2206, median: 21330.5, mrr: 0.038, hits@10: 4.3%
INFO:root:	-- right  >> mean: 20839.7354, median: 21258.0, mrr: 0.038, hits@10: 4.44%
INFO:root:	-- global >> mean: 20801.978, median: 21277.0, mrr: 0.038, hits@10: 4.37%
INFO:root:### MICRO (test raw):
INFO:root:	-- left   >> mean: 20953.5322, median: 21650.0, mrr: 0.038, hits@1: 3.4%
INFO:root:	-- right  >> mean: 20899.3094, median: 21305.0, mrr: 0.038, hits@1: 3.3%
INFO:root:	-- global >> mean: 20926.4208, median: 21488.5, mrr: 0.038, hits@1: 3.35%
INFO:root:### MICRO (test raw):
INFO:root:	-- left   >> mean: 20953.5322, median: 21650.0, mrr: 0.038, hits@3: 4.14%
INFO:root:	-- right  >> mean: 20899.3094, median: 21305.0, mrr: 0.038, hits@3: 4.1%
INFO:root:	-- global >> mean: 20926.4208, median: 21488.5, mrr: 0.038, hits@3: 4.12%
INFO:root:### MICRO (test raw):
INFO:root:	-- left   >> mean: 20953.5322, median: 21650.0, mrr: 0.038, hits@5: 4.2%
INFO:root:	-- right  >> mean: 20899.3094, median: 21305.0, mrr: 0.038, hits@5: 4.4%
INFO:root:	-- global >> mean: 20926.4208, median: 21488.5, mrr: 0.038, hits@5: 4.3%
INFO:root:### MICRO (test raw):
INFO:root:	-- left   >> mean: 20953.5322, median: 21650.0, mrr: 0.038, hits@10: 4.5%
INFO:root:	-- right  >> mean: 20899.3094, median: 21305.0, mrr: 0.038, hits@10: 4.66%
INFO:root:	-- global >> mean: 20926.4208, median: 21488.5, mrr: 0.038, hits@10: 4.58%
INFO:root:### MICRO (test filtered):
INFO:root:	-- left   >> mean: 20951.2124, median: 21637.0, mrr: 0.04, hits@1: 3.66%
INFO:root:	-- right  >> mean: 20897.2676, median: 21302.0, mrr: 0.041, hits@1: 3.64%
INFO:root:	-- global >> mean: 20924.24, median: 21488.0, mrr: 0.04, hits@1: 3.65%
INFO:root:### MICRO (test filtered):
INFO:root:	-- left   >> mean: 20951.2124, median: 21637.0, mrr: 0.04, hits@3: 4.18%
INFO:root:	-- right  >> mean: 20897.2676, median: 21302.0, mrr: 0.041, hits@3: 4.26%
INFO:root:	-- global >> mean: 20924.24, median: 21488.0, mrr: 0.04, hits@3: 4.22%
INFO:root:### MICRO (test filtered):
INFO:root:	-- left   >> mean: 20951.2124, median: 21637.0, mrr: 0.04, hits@5: 4.3%
INFO:root:	-- right  >> mean: 20897.2676, median: 21302.0, mrr: 0.041, hits@5: 4.44%
INFO:root:	-- global >> mean: 20924.24, median: 21488.0, mrr: 0.04, hits@5: 4.37%
INFO:root:### MICRO (test filtered):
INFO:root:	-- left   >> mean: 20951.2124, median: 21637.0, mrr: 0.04, hits@10: 4.52%
INFO:root:	-- right  >> mean: 20897.2676, median: 21302.0, mrr: 0.041, hits@10: 4.74%
INFO:root:	-- global >> mean: 20924.24, median: 21488.0, mrr: 0.04, hits@10: 4.63%
