Using Theano backend.
INFO:root:Acquiring data/wn18/wordnet-mlj12-train.txt ..
INFO:root:Acquiring data/wn18/wordnet-mlj12-valid.txt ..
INFO:root:Acquiring data/wn18/wordnet-mlj12-test.txt ..
INFO:root:[Rules] Adding Head: 15, Tail: [(10, True)]
INFO:root:[Rules] Adding Head: 12, Tail: [(17, True)]
INFO:root:[Rules] Adding Head: 4, Tail: [(5, True)]
INFO:root:[Rules] Adding Head: 13, Tail: [(3, True)]
INFO:root:[Rules] Adding Head: 5, Tail: [(4, True)]
INFO:root:[Rules] Adding Head: 16, Tail: [(11, True)]
INFO:root:[Rules] Adding Head: 17, Tail: [(12, True)]
INFO:root:[Rules] Adding Head: 11, Tail: [(16, True)]
INFO:root:[Rules] Adding Head: 8, Tail: [(9, True)]
INFO:root:[Rules] Adding Head: 2, Tail: [(2, True)]
INFO:root:Samples: 99009, no. batches: 10 -> batch size: 9901
INFO:root:Epoch no. 1 of 500 (samples: 99009)
INFO:root:Loss: 15253756.7665 +/- 45502750.106
INFO:root:Epoch no. 2 of 500 (samples: 99009)
INFO:root:Loss: 66406.8784 +/- 3410.2322
INFO:root:Epoch no. 3 of 500 (samples: 99009)
INFO:root:Loss: 57166.8477 +/- 1962.3369
INFO:root:Epoch no. 4 of 500 (samples: 99009)
INFO:root:Loss: 51362.6983 +/- 1356.749
INFO:root:Epoch no. 5 of 500 (samples: 99009)
INFO:root:Loss: 47204.697 +/- 1023.4934
INFO:root:Epoch no. 6 of 500 (samples: 99009)
INFO:root:Loss: 43998.8381 +/- 815.1035
INFO:root:Epoch no. 7 of 500 (samples: 99009)
INFO:root:Loss: 41409.8821 +/- 671.1538
INFO:root:Epoch no. 8 of 500 (samples: 99009)
INFO:root:Loss: 39252.1085 +/- 567.887
INFO:root:Epoch no. 9 of 500 (samples: 99009)
INFO:root:Loss: 37411.1901 +/- 489.4884
INFO:root:Epoch no. 10 of 500 (samples: 99009)
INFO:root:Loss: 35812.7422 +/- 428.3304
INFO:root:Epoch no. 11 of 500 (samples: 99009)
INFO:root:Loss: 34406.0252 +/- 379.4352
INFO:root:Epoch no. 12 of 500 (samples: 99009)
INFO:root:Loss: 33153.6437 +/- 339.463
INFO:root:Epoch no. 13 of 500 (samples: 99009)
INFO:root:Loss: 32028.2167 +/- 306.1751
INFO:root:Epoch no. 14 of 500 (samples: 99009)
INFO:root:Loss: 31009.2692 +/- 278.2294
INFO:root:Epoch no. 15 of 500 (samples: 99009)
INFO:root:Loss: 30079.9542 +/- 254.5473
INFO:root:Epoch no. 16 of 500 (samples: 99009)
INFO:root:Loss: 29227.861 +/- 234.4197
INFO:root:Epoch no. 17 of 500 (samples: 99009)
INFO:root:Loss: 28441.9485 +/- 216.4931
INFO:root:Epoch no. 18 of 500 (samples: 99009)
INFO:root:Loss: 27714.5054 +/- 200.7935
INFO:root:Epoch no. 19 of 500 (samples: 99009)
INFO:root:Loss: 27038.0715 +/- 187.0434
INFO:root:Epoch no. 20 of 500 (samples: 99009)
INFO:root:Loss: 26406.7528 +/- 174.7515
INFO:root:Epoch no. 21 of 500 (samples: 99009)
INFO:root:Loss: 25815.78 +/- 163.9467
INFO:root:Epoch no. 22 of 500 (samples: 99009)
INFO:root:Loss: 25260.5619 +/- 154.1646
INFO:root:Epoch no. 23 of 500 (samples: 99009)
INFO:root:Loss: 24737.9963 +/- 145.3274
INFO:root:Epoch no. 24 of 500 (samples: 99009)
INFO:root:Loss: 24244.7336 +/- 137.2977
INFO:root:Epoch no. 25 of 500 (samples: 99009)
INFO:root:Loss: 23777.9332 +/- 130.0144
INFO:root:Epoch no. 26 of 500 (samples: 99009)
INFO:root:Loss: 23335.6141 +/- 123.3568
INFO:root:Epoch no. 27 of 500 (samples: 99009)
INFO:root:Loss: 22915.3007 +/- 117.3376
INFO:root:Epoch no. 28 of 500 (samples: 99009)
INFO:root:Loss: 22515.3647 +/- 111.7458
INFO:root:Epoch no. 29 of 500 (samples: 99009)
INFO:root:Loss: 22134.1631 +/- 106.536
INFO:root:Epoch no. 30 of 500 (samples: 99009)
INFO:root:Loss: 21770.3581 +/- 101.7088
INFO:root:Epoch no. 31 of 500 (samples: 99009)
INFO:root:Loss: 21422.6302 +/- 97.2522
INFO:root:Epoch no. 32 of 500 (samples: 99009)
INFO:root:Loss: 21089.5225 +/- 93.2365
INFO:root:Epoch no. 33 of 500 (samples: 99009)
INFO:root:Loss: 20770.5785 +/- 89.3794
INFO:root:Epoch no. 34 of 500 (samples: 99009)
INFO:root:Loss: 20464.1365 +/- 85.9179
INFO:root:Epoch no. 35 of 500 (samples: 99009)
INFO:root:Loss: 20169.9521 +/- 82.4996
INFO:root:Epoch no. 36 of 500 (samples: 99009)
INFO:root:Loss: 19887.0394 +/- 79.329
INFO:root:Epoch no. 37 of 500 (samples: 99009)
INFO:root:Loss: 19614.6484 +/- 76.4073
INFO:root:Epoch no. 38 of 500 (samples: 99009)
INFO:root:Loss: 19352.0501 +/- 73.7683
INFO:root:Epoch no. 39 of 500 (samples: 99009)
INFO:root:Loss: 19098.929 +/- 71.0764
INFO:root:Epoch no. 40 of 500 (samples: 99009)
INFO:root:Loss: 18854.5532 +/- 68.5638
INFO:root:Epoch no. 41 of 500 (samples: 99009)
INFO:root:Loss: 18618.5274 +/- 66.2761
INFO:root:Epoch no. 42 of 500 (samples: 99009)
INFO:root:Loss: 18390.1712 +/- 64.1169
INFO:root:Epoch no. 43 of 500 (samples: 99009)
INFO:root:Loss: 18169.3623 +/- 62.1118
INFO:root:Epoch no. 44 of 500 (samples: 99009)
INFO:root:Loss: 17955.5434 +/- 60.1828
INFO:root:Epoch no. 45 of 500 (samples: 99009)
INFO:root:Loss: 17748.4085 +/- 58.3116
INFO:root:Epoch no. 46 of 500 (samples: 99009)
INFO:root:Loss: 17547.6095 +/- 56.5533
INFO:root:Epoch no. 47 of 500 (samples: 99009)
INFO:root:Loss: 17352.7584 +/- 54.8157
INFO:root:Epoch no. 48 of 500 (samples: 99009)
INFO:root:Loss: 17163.759 +/- 53.2269
INFO:root:Epoch no. 49 of 500 (samples: 99009)
INFO:root:Loss: 16979.9856 +/- 51.7266
INFO:root:Epoch no. 50 of 500 (samples: 99009)
INFO:root:Loss: 16801.5394 +/- 50.2625
INFO:root:Epoch no. 51 of 500 (samples: 99009)
INFO:root:Loss: 16628.086 +/- 48.8171
INFO:root:Epoch no. 52 of 500 (samples: 99009)
INFO:root:Loss: 16459.3466 +/- 47.572
INFO:root:Epoch no. 53 of 500 (samples: 99009)
INFO:root:Loss: 16295.188 +/- 46.2681
INFO:root:Epoch no. 54 of 500 (samples: 99009)
INFO:root:Loss: 16135.2473 +/- 45.0448
INFO:root:Epoch no. 55 of 500 (samples: 99009)
INFO:root:Loss: 15979.5387 +/- 43.8446
INFO:root:Epoch no. 56 of 500 (samples: 99009)
INFO:root:Loss: 15827.8625 +/- 42.7775
INFO:root:Epoch no. 57 of 500 (samples: 99009)
INFO:root:Loss: 15679.914 +/- 41.6775
INFO:root:Epoch no. 58 of 500 (samples: 99009)
INFO:root:Loss: 15535.6893 +/- 40.6468
INFO:root:Epoch no. 59 of 500 (samples: 99009)
INFO:root:Loss: 15394.8911 +/- 39.7074
INFO:root:Epoch no. 60 of 500 (samples: 99009)
INFO:root:Loss: 15257.5476 +/- 38.7793
INFO:root:Epoch no. 61 of 500 (samples: 99009)
INFO:root:Loss: 15123.4664 +/- 37.8654
INFO:root:Epoch no. 62 of 500 (samples: 99009)
INFO:root:Loss: 14992.4874 +/- 36.9759
INFO:root:Epoch no. 63 of 500 (samples: 99009)
INFO:root:Loss: 14864.4448 +/- 36.1038
INFO:root:Epoch no. 64 of 500 (samples: 99009)
INFO:root:Loss: 14739.4406 +/- 35.2599
INFO:root:Epoch no. 65 of 500 (samples: 99009)
INFO:root:Loss: 14617.1271 +/- 34.4932
INFO:root:Epoch no. 66 of 500 (samples: 99009)
INFO:root:Loss: 14497.5541 +/- 33.7869
INFO:root:Epoch no. 67 of 500 (samples: 99009)
INFO:root:Loss: 14380.5863 +/- 32.9922
INFO:root:Epoch no. 68 of 500 (samples: 99009)
INFO:root:Loss: 14266.1466 +/- 32.1877
INFO:root:Epoch no. 69 of 500 (samples: 99009)
INFO:root:Loss: 14154.1553 +/- 31.6163
INFO:root:Epoch no. 70 of 500 (samples: 99009)
INFO:root:Loss: 14044.4599 +/- 31.0253
INFO:root:Epoch no. 71 of 500 (samples: 99009)
INFO:root:Loss: 13937.0801 +/- 30.2975
INFO:root:Epoch no. 72 of 500 (samples: 99009)
INFO:root:Loss: 13831.8321 +/- 29.6559
INFO:root:Epoch no. 73 of 500 (samples: 99009)
INFO:root:Loss: 13728.803 +/- 29.0816
INFO:root:Epoch no. 74 of 500 (samples: 99009)
INFO:root:Loss: 13627.6903 +/- 28.5149
INFO:root:Epoch no. 75 of 500 (samples: 99009)
INFO:root:Loss: 13528.7257 +/- 27.8944
INFO:root:Epoch no. 76 of 500 (samples: 99009)
INFO:root:Loss: 13431.5058 +/- 27.3683
INFO:root:Epoch no. 77 of 500 (samples: 99009)
INFO:root:Loss: 13336.3734 +/- 26.925
INFO:root:Epoch no. 78 of 500 (samples: 99009)
INFO:root:Loss: 13242.9326 +/- 26.3409
INFO:root:Epoch no. 79 of 500 (samples: 99009)
INFO:root:Loss: 13151.3001 +/- 25.7647
INFO:root:Epoch no. 80 of 500 (samples: 99009)
INFO:root:Loss: 13061.3233 +/- 25.4041
INFO:root:Epoch no. 81 of 500 (samples: 99009)
INFO:root:Loss: 12972.9324 +/- 24.9478
INFO:root:Epoch no. 82 of 500 (samples: 99009)
INFO:root:Loss: 12886.3077 +/- 24.4329
INFO:root:Epoch no. 83 of 500 (samples: 99009)
INFO:root:Loss: 12801.1442 +/- 23.9996
INFO:root:Epoch no. 84 of 500 (samples: 99009)
INFO:root:Loss: 12717.5509 +/- 23.5406
INFO:root:Epoch no. 85 of 500 (samples: 99009)
INFO:root:Loss: 12635.5193 +/- 23.0757
INFO:root:Epoch no. 86 of 500 (samples: 99009)
INFO:root:Loss: 12554.7826 +/- 22.8074
INFO:root:Epoch no. 87 of 500 (samples: 99009)
INFO:root:Loss: 12475.5012 +/- 22.3336
INFO:root:Epoch no. 88 of 500 (samples: 99009)
INFO:root:Loss: 12397.5738 +/- 21.9961
INFO:root:Epoch no. 89 of 500 (samples: 99009)
INFO:root:Loss: 12320.923 +/- 21.6504
INFO:root:Epoch no. 90 of 500 (samples: 99009)
INFO:root:Loss: 12245.6293 +/- 21.1961
INFO:root:Epoch no. 91 of 500 (samples: 99009)
INFO:root:Loss: 12171.5302 +/- 20.9418
INFO:root:Epoch no. 92 of 500 (samples: 99009)
INFO:root:Loss: 12098.6384 +/- 20.5462
INFO:root:Epoch no. 93 of 500 (samples: 99009)
INFO:root:Loss: 12026.9903 +/- 20.1888
INFO:root:Epoch no. 94 of 500 (samples: 99009)
INFO:root:Loss: 11956.5377 +/- 19.8368
INFO:root:Epoch no. 95 of 500 (samples: 99009)
INFO:root:Loss: 11887.1063 +/- 19.6051
INFO:root:Epoch no. 96 of 500 (samples: 99009)
INFO:root:Loss: 11818.9115 +/- 19.2332
INFO:root:Epoch no. 97 of 500 (samples: 99009)
INFO:root:Loss: 11751.6988 +/- 19.0
INFO:root:Epoch no. 98 of 500 (samples: 99009)
INFO:root:Loss: 11685.6164 +/- 18.5632
INFO:root:Epoch no. 99 of 500 (samples: 99009)
INFO:root:Loss: 11620.4887 +/- 18.3548
INFO:root:Epoch no. 100 of 500 (samples: 99009)
INFO:root:Loss: 11556.3094 +/- 18.0769
INFO:root:Epoch no. 101 of 500 (samples: 99009)
INFO:root:Loss: 11493.1882 +/- 17.8553
INFO:root:Epoch no. 102 of 500 (samples: 99009)
INFO:root:Loss: 11431.0262 +/- 17.5728
INFO:root:Epoch no. 103 of 500 (samples: 99009)
INFO:root:Loss: 11369.8152 +/- 17.2459
INFO:root:Epoch no. 104 of 500 (samples: 99009)
INFO:root:Loss: 11309.4146 +/- 16.9622
INFO:root:Epoch no. 105 of 500 (samples: 99009)
INFO:root:Loss: 11250.0064 +/- 16.6961
INFO:root:Epoch no. 106 of 500 (samples: 99009)
INFO:root:Loss: 11191.4201 +/- 16.4909
INFO:root:Epoch no. 107 of 500 (samples: 99009)
INFO:root:Loss: 11133.6334 +/- 16.259
INFO:root:Epoch no. 108 of 500 (samples: 99009)
INFO:root:Loss: 11076.7222 +/- 16.0162
INFO:root:Epoch no. 109 of 500 (samples: 99009)
INFO:root:Loss: 11020.7039 +/- 15.8563
INFO:root:Epoch no. 110 of 500 (samples: 99009)
INFO:root:Loss: 10965.3212 +/- 15.6136
INFO:root:Epoch no. 111 of 500 (samples: 99009)
INFO:root:Loss: 10910.7595 +/- 15.3834
INFO:root:Epoch no. 112 of 500 (samples: 99009)
INFO:root:Loss: 10857.0223 +/- 15.1027
INFO:root:Epoch no. 113 of 500 (samples: 99009)
INFO:root:Loss: 10803.9501 +/- 14.9777
INFO:root:Epoch no. 114 of 500 (samples: 99009)
INFO:root:Loss: 10751.6842 +/- 14.8026
INFO:root:Epoch no. 115 of 500 (samples: 99009)
INFO:root:Loss: 10700.142 +/- 14.5331
INFO:root:Epoch no. 116 of 500 (samples: 99009)
INFO:root:Loss: 10649.1926 +/- 14.3665
INFO:root:Epoch no. 117 of 500 (samples: 99009)
INFO:root:Loss: 10598.9973 +/- 14.177
INFO:root:Epoch no. 118 of 500 (samples: 99009)
INFO:root:Loss: 10549.4901 +/- 13.9084
INFO:root:Epoch no. 119 of 500 (samples: 99009)
INFO:root:Loss: 10500.5104 +/- 13.7725
INFO:root:Epoch no. 120 of 500 (samples: 99009)
INFO:root:Loss: 10452.3296 +/- 13.6169
INFO:root:Epoch no. 121 of 500 (samples: 99009)
INFO:root:Loss: 10404.6351 +/- 13.4679
INFO:root:Epoch no. 122 of 500 (samples: 99009)
INFO:root:Loss: 10357.7107 +/- 13.2151
INFO:root:Epoch no. 123 of 500 (samples: 99009)
INFO:root:Loss: 10311.2942 +/- 13.0308
INFO:root:Epoch no. 124 of 500 (samples: 99009)
INFO:root:Loss: 10265.4927 +/- 12.8102
INFO:root:Epoch no. 125 of 500 (samples: 99009)
INFO:root:Loss: 10220.2473 +/- 12.7359
INFO:root:Epoch no. 126 of 500 (samples: 99009)
INFO:root:Loss: 10175.6207 +/- 12.6054
INFO:root:Epoch no. 127 of 500 (samples: 99009)
INFO:root:Loss: 10131.5328 +/- 12.3555
INFO:root:Epoch no. 128 of 500 (samples: 99009)
INFO:root:Loss: 10087.9177 +/- 12.3276
INFO:root:Epoch no. 129 of 500 (samples: 99009)
INFO:root:Loss: 10044.9449 +/- 12.1333
INFO:root:Epoch no. 130 of 500 (samples: 99009)
INFO:root:Loss: 10002.4766 +/- 11.9841
INFO:root:Epoch no. 131 of 500 (samples: 99009)
INFO:root:Loss: 9960.5707 +/- 11.7347
INFO:root:Epoch no. 132 of 500 (samples: 99009)
INFO:root:Loss: 9919.0255 +/- 11.5751
INFO:root:Epoch no. 133 of 500 (samples: 99009)
INFO:root:Loss: 9878.138 +/- 11.4612
INFO:root:Epoch no. 134 of 500 (samples: 99009)
INFO:root:Loss: 9837.6366 +/- 11.4224
INFO:root:Epoch no. 135 of 500 (samples: 99009)
INFO:root:Loss: 9797.6439 +/- 11.2044
INFO:root:Epoch no. 136 of 500 (samples: 99009)
INFO:root:Loss: 9758.1449 +/- 11.0888
INFO:root:Epoch no. 137 of 500 (samples: 99009)
INFO:root:Loss: 9719.0539 +/- 10.9431
INFO:root:Epoch no. 138 of 500 (samples: 99009)
INFO:root:Loss: 9680.4364 +/- 10.8586
INFO:root:Epoch no. 139 of 500 (samples: 99009)
INFO:root:Loss: 9642.3335 +/- 10.7454
INFO:root:Epoch no. 140 of 500 (samples: 99009)
INFO:root:Loss: 9604.6101 +/- 10.5942
INFO:root:Epoch no. 141 of 500 (samples: 99009)
INFO:root:Loss: 9567.3646 +/- 10.5357
INFO:root:Epoch no. 142 of 500 (samples: 99009)
INFO:root:Loss: 9530.5933 +/- 10.409
INFO:root:Epoch no. 143 of 500 (samples: 99009)
INFO:root:Loss: 9493.9927 +/- 10.1967
INFO:root:Epoch no. 144 of 500 (samples: 99009)
INFO:root:Loss: 9458.0542 +/- 10.2429
INFO:root:Epoch no. 145 of 500 (samples: 99009)
INFO:root:Loss: 9422.3516 +/- 9.9827
INFO:root:Epoch no. 146 of 500 (samples: 99009)
INFO:root:Loss: 9387.202 +/- 9.876
INFO:root:Epoch no. 147 of 500 (samples: 99009)
INFO:root:Loss: 9352.3137 +/- 9.806
INFO:root:Epoch no. 148 of 500 (samples: 99009)
INFO:root:Loss: 9317.7893 +/- 9.7256
INFO:root:Epoch no. 149 of 500 (samples: 99009)
INFO:root:Loss: 9283.7378 +/- 9.5346
INFO:root:Epoch no. 150 of 500 (samples: 99009)
INFO:root:Loss: 9250.0427 +/- 9.5325
INFO:root:Epoch no. 151 of 500 (samples: 99009)
INFO:root:Loss: 9216.7103 +/- 9.415
INFO:root:Epoch no. 152 of 500 (samples: 99009)
INFO:root:Loss: 9183.6992 +/- 9.2702
INFO:root:Epoch no. 153 of 500 (samples: 99009)
INFO:root:Loss: 9151.0953 +/- 9.1663
INFO:root:Epoch no. 154 of 500 (samples: 99009)
INFO:root:Loss: 9118.7344 +/- 9.205
INFO:root:Epoch no. 155 of 500 (samples: 99009)
INFO:root:Loss: 9086.8893 +/- 8.9124
INFO:root:Epoch no. 156 of 500 (samples: 99009)
INFO:root:Loss: 9055.1626 +/- 8.9672
INFO:root:Epoch no. 157 of 500 (samples: 99009)
INFO:root:Loss: 9023.981 +/- 8.7636
INFO:root:Epoch no. 158 of 500 (samples: 99009)
INFO:root:Loss: 8993.076 +/- 8.6781
INFO:root:Epoch no. 159 of 500 (samples: 99009)
INFO:root:Loss: 8962.356 +/- 8.6305
INFO:root:Epoch no. 160 of 500 (samples: 99009)
INFO:root:Loss: 8932.0345 +/- 8.5442
INFO:root:Epoch no. 161 of 500 (samples: 99009)
INFO:root:Loss: 8902.0581 +/- 8.5479
INFO:root:Epoch no. 162 of 500 (samples: 99009)
INFO:root:Loss: 8872.3029 +/- 8.3267
INFO:root:Epoch no. 163 of 500 (samples: 99009)
INFO:root:Loss: 8842.9001 +/- 8.2857
INFO:root:Epoch no. 164 of 500 (samples: 99009)
INFO:root:Loss: 8813.7737 +/- 8.2677
INFO:root:Epoch no. 165 of 500 (samples: 99009)
INFO:root:Loss: 8784.9569 +/- 8.0969
INFO:root:Epoch no. 166 of 500 (samples: 99009)
INFO:root:Loss: 8756.4006 +/- 7.9613
INFO:root:Epoch no. 167 of 500 (samples: 99009)
INFO:root:Loss: 8728.2538 +/- 7.9427
INFO:root:Epoch no. 168 of 500 (samples: 99009)
INFO:root:Loss: 8700.2836 +/- 7.8442
INFO:root:Epoch no. 169 of 500 (samples: 99009)
INFO:root:Loss: 8672.538 +/- 7.7001
INFO:root:Epoch no. 170 of 500 (samples: 99009)
INFO:root:Loss: 8645.121 +/- 7.6833
INFO:root:Epoch no. 171 of 500 (samples: 99009)
INFO:root:Loss: 8617.9292 +/- 7.6558
INFO:root:Epoch no. 172 of 500 (samples: 99009)
INFO:root:Loss: 8591.0691 +/- 7.5431
INFO:root:Epoch no. 173 of 500 (samples: 99009)
INFO:root:Loss: 8564.2814 +/- 7.4595
INFO:root:Epoch no. 174 of 500 (samples: 99009)
INFO:root:Loss: 8537.9696 +/- 7.4327
INFO:root:Epoch no. 175 of 500 (samples: 99009)
INFO:root:Loss: 8511.8121 +/- 7.3275
INFO:root:Epoch no. 176 of 500 (samples: 99009)
INFO:root:Loss: 8485.9913 +/- 7.2973
INFO:root:Epoch no. 177 of 500 (samples: 99009)
INFO:root:Loss: 8460.35 +/- 7.1237
INFO:root:Epoch no. 178 of 500 (samples: 99009)
INFO:root:Loss: 8434.9693 +/- 7.1112
INFO:root:Epoch no. 179 of 500 (samples: 99009)
INFO:root:Loss: 8409.8355 +/- 7.0683
INFO:root:Epoch no. 180 of 500 (samples: 99009)
INFO:root:Loss: 8384.8201 +/- 6.9857
INFO:root:Epoch no. 181 of 500 (samples: 99009)
INFO:root:Loss: 8360.1304 +/- 6.9743
INFO:root:Epoch no. 182 of 500 (samples: 99009)
INFO:root:Loss: 8335.6758 +/- 6.8534
INFO:root:Epoch no. 183 of 500 (samples: 99009)
INFO:root:Loss: 8311.4176 +/- 6.7979
INFO:root:Epoch no. 184 of 500 (samples: 99009)
INFO:root:Loss: 8287.3601 +/- 6.7541
INFO:root:Epoch no. 185 of 500 (samples: 99009)
INFO:root:Loss: 8263.5402 +/- 6.7261
INFO:root:Epoch no. 186 of 500 (samples: 99009)
INFO:root:Loss: 8240.0208 +/- 6.6361
INFO:root:Epoch no. 187 of 500 (samples: 99009)
INFO:root:Loss: 8216.5906 +/- 6.5352
INFO:root:Epoch no. 188 of 500 (samples: 99009)
INFO:root:Loss: 8193.4398 +/- 6.5248
INFO:root:Epoch no. 189 of 500 (samples: 99009)
INFO:root:Loss: 8170.4239 +/- 6.4434
INFO:root:Epoch no. 190 of 500 (samples: 99009)
INFO:root:Loss: 8147.7376 +/- 6.2748
INFO:root:Epoch no. 191 of 500 (samples: 99009)
INFO:root:Loss: 8125.0326 +/- 6.3177
INFO:root:Epoch no. 192 of 500 (samples: 99009)
INFO:root:Loss: 8102.7116 +/- 6.1966
INFO:root:Epoch no. 193 of 500 (samples: 99009)
INFO:root:Loss: 8080.5913 +/- 6.1641
INFO:root:Epoch no. 194 of 500 (samples: 99009)
INFO:root:Loss: 8058.6717 +/- 6.1787
INFO:root:Epoch no. 195 of 500 (samples: 99009)
INFO:root:Loss: 8036.8666 +/- 6.0148
INFO:root:Epoch no. 196 of 500 (samples: 99009)
INFO:root:Loss: 8015.2068 +/- 6.0713
INFO:root:Epoch no. 197 of 500 (samples: 99009)
INFO:root:Loss: 7993.899 +/- 5.9239
INFO:root:Epoch no. 198 of 500 (samples: 99009)
INFO:root:Loss: 7972.654 +/- 5.8945
INFO:root:Epoch no. 199 of 500 (samples: 99009)
INFO:root:Loss: 7951.5987 +/- 5.9941
INFO:root:Epoch no. 200 of 500 (samples: 99009)
INFO:root:Loss: 7930.7432 +/- 5.8626
INFO:root:Epoch no. 201 of 500 (samples: 99009)
INFO:root:Loss: 7910.1313 +/- 5.7518
INFO:root:Epoch no. 202 of 500 (samples: 99009)
INFO:root:Loss: 7889.4927 +/- 5.7064
INFO:root:Epoch no. 203 of 500 (samples: 99009)
INFO:root:Loss: 7869.1137 +/- 5.7025
INFO:root:Epoch no. 204 of 500 (samples: 99009)
INFO:root:Loss: 7849.0117 +/- 5.6139
INFO:root:Epoch no. 205 of 500 (samples: 99009)
INFO:root:Loss: 7828.9477 +/- 5.6241
INFO:root:Epoch no. 206 of 500 (samples: 99009)
INFO:root:Loss: 7809.062 +/- 5.572
INFO:root:Epoch no. 207 of 500 (samples: 99009)
INFO:root:Loss: 7789.3883 +/- 5.5763
INFO:root:Epoch no. 208 of 500 (samples: 99009)
INFO:root:Loss: 7769.9265 +/- 5.49
INFO:root:Epoch no. 209 of 500 (samples: 99009)
INFO:root:Loss: 7750.5099 +/- 5.3504
INFO:root:Epoch no. 210 of 500 (samples: 99009)
INFO:root:Loss: 7731.3654 +/- 5.3833
INFO:root:Epoch no. 211 of 500 (samples: 99009)
INFO:root:Loss: 7712.3805 +/- 5.3974
INFO:root:Epoch no. 212 of 500 (samples: 99009)
INFO:root:Loss: 7693.3705 +/- 5.3088
INFO:root:Epoch no. 213 of 500 (samples: 99009)
INFO:root:Loss: 7674.6539 +/- 5.2406
INFO:root:Epoch no. 214 of 500 (samples: 99009)
INFO:root:Loss: 7656.016 +/- 5.2346
INFO:root:Epoch no. 215 of 500 (samples: 99009)
INFO:root:Loss: 7637.6418 +/- 5.2008
INFO:root:Epoch no. 216 of 500 (samples: 99009)
INFO:root:Loss: 7619.3647 +/- 5.1543
INFO:root:Epoch no. 217 of 500 (samples: 99009)
INFO:root:Loss: 7601.1417 +/- 5.1075
INFO:root:Epoch no. 218 of 500 (samples: 99009)
INFO:root:Loss: 7583.1339 +/- 4.9383
INFO:root:Epoch no. 219 of 500 (samples: 99009)
INFO:root:Loss: 7565.2603 +/- 5.0469
INFO:root:Epoch no. 220 of 500 (samples: 99009)
INFO:root:Loss: 7547.495 +/- 5.015
INFO:root:Epoch no. 221 of 500 (samples: 99009)
INFO:root:Loss: 7529.9593 +/- 4.8423
INFO:root:Epoch no. 222 of 500 (samples: 99009)
INFO:root:Loss: 7512.4501 +/- 4.8631
INFO:root:Epoch no. 223 of 500 (samples: 99009)
INFO:root:Loss: 7495.1458 +/- 4.7878
INFO:root:Epoch no. 224 of 500 (samples: 99009)
INFO:root:Loss: 7477.9154 +/- 4.8135
INFO:root:Epoch no. 225 of 500 (samples: 99009)
INFO:root:Loss: 7460.9001 +/- 4.7639
INFO:root:Epoch no. 226 of 500 (samples: 99009)
INFO:root:Loss: 7443.9369 +/- 4.7553
INFO:root:Epoch no. 227 of 500 (samples: 99009)
INFO:root:Loss: 7427.1817 +/- 4.6634
INFO:root:Epoch no. 228 of 500 (samples: 99009)
INFO:root:Loss: 7410.4004 +/- 4.6496
INFO:root:Epoch no. 229 of 500 (samples: 99009)
INFO:root:Loss: 7394.0399 +/- 4.7057
INFO:root:Epoch no. 230 of 500 (samples: 99009)
INFO:root:Loss: 7377.5116 +/- 4.5514
INFO:root:Epoch no. 231 of 500 (samples: 99009)
INFO:root:Loss: 7361.2592 +/- 4.5442
INFO:root:Epoch no. 232 of 500 (samples: 99009)
INFO:root:Loss: 7344.9974 +/- 4.5334
INFO:root:Epoch no. 233 of 500 (samples: 99009)
INFO:root:Loss: 7328.9652 +/- 4.5124
INFO:root:Epoch no. 234 of 500 (samples: 99009)
INFO:root:Loss: 7312.9974 +/- 4.4232
INFO:root:Epoch no. 235 of 500 (samples: 99009)
INFO:root:Loss: 7297.3076 +/- 4.4389
INFO:root:Epoch no. 236 of 500 (samples: 99009)
INFO:root:Loss: 7281.4597 +/- 4.3284
INFO:root:Epoch no. 237 of 500 (samples: 99009)
INFO:root:Loss: 7265.9537 +/- 4.3807
INFO:root:Epoch no. 238 of 500 (samples: 99009)
INFO:root:Loss: 7250.4379 +/- 4.3018
INFO:root:Epoch no. 239 of 500 (samples: 99009)
INFO:root:Loss: 7235.1002 +/- 4.3823
INFO:root:Epoch no. 240 of 500 (samples: 99009)
INFO:root:Loss: 7219.9169 +/- 4.2285
INFO:root:Epoch no. 241 of 500 (samples: 99009)
INFO:root:Loss: 7204.7069 +/- 4.2879
INFO:root:Epoch no. 242 of 500 (samples: 99009)
INFO:root:Loss: 7189.5885 +/- 4.1744
INFO:root:Epoch no. 243 of 500 (samples: 99009)
INFO:root:Loss: 7174.6856 +/- 4.1771
INFO:root:Epoch no. 244 of 500 (samples: 99009)
INFO:root:Loss: 7159.8726 +/- 4.2069
INFO:root:Epoch no. 245 of 500 (samples: 99009)
INFO:root:Loss: 7145.1432 +/- 4.1103
INFO:root:Epoch no. 246 of 500 (samples: 99009)
INFO:root:Loss: 7130.5343 +/- 4.101
INFO:root:Epoch no. 247 of 500 (samples: 99009)
INFO:root:Loss: 7116.0731 +/- 4.1167
INFO:root:Epoch no. 248 of 500 (samples: 99009)
INFO:root:Loss: 7101.619 +/- 4.0566
INFO:root:Epoch no. 249 of 500 (samples: 99009)
INFO:root:Loss: 7087.356 +/- 4.028
INFO:root:Epoch no. 250 of 500 (samples: 99009)
INFO:root:Loss: 7073.0477 +/- 4.0226
INFO:root:Epoch no. 251 of 500 (samples: 99009)
INFO:root:Loss: 7058.9769 +/- 3.9563
INFO:root:Epoch no. 252 of 500 (samples: 99009)
INFO:root:Loss: 7045.0057 +/- 3.885
INFO:root:Epoch no. 253 of 500 (samples: 99009)
INFO:root:Loss: 7031.075 +/- 3.933
INFO:root:Epoch no. 254 of 500 (samples: 99009)
INFO:root:Loss: 7017.1666 +/- 3.7088
INFO:root:Epoch no. 255 of 500 (samples: 99009)
INFO:root:Loss: 7003.4596 +/- 3.8395
INFO:root:Epoch no. 256 of 500 (samples: 99009)
INFO:root:Loss: 6989.8802 +/- 3.7939
INFO:root:Epoch no. 257 of 500 (samples: 99009)
INFO:root:Loss: 6976.2852 +/- 3.7672
INFO:root:Epoch no. 258 of 500 (samples: 99009)
INFO:root:Loss: 6962.8805 +/- 3.7563
INFO:root:Epoch no. 259 of 500 (samples: 99009)
INFO:root:Loss: 6949.3932 +/- 3.6108
INFO:root:Epoch no. 260 of 500 (samples: 99009)
INFO:root:Loss: 6936.1841 +/- 3.7171
INFO:root:Epoch no. 261 of 500 (samples: 99009)
INFO:root:Loss: 6922.9281 +/- 3.62
INFO:root:Epoch no. 262 of 500 (samples: 99009)
INFO:root:Loss: 6910.0136 +/- 3.5623
INFO:root:Epoch no. 263 of 500 (samples: 99009)
INFO:root:Loss: 6896.8997 +/- 3.595
INFO:root:Epoch no. 264 of 500 (samples: 99009)
INFO:root:Loss: 6883.9518 +/- 3.5651
INFO:root:Epoch no. 265 of 500 (samples: 99009)
INFO:root:Loss: 6871.166 +/- 3.5411
INFO:root:Epoch no. 266 of 500 (samples: 99009)
INFO:root:Loss: 6858.3587 +/- 3.5361
INFO:root:Epoch no. 267 of 500 (samples: 99009)
INFO:root:Loss: 6845.6947 +/- 3.5006
INFO:root:Epoch no. 268 of 500 (samples: 99009)
INFO:root:Loss: 6833.1043 +/- 3.4612
INFO:root:Epoch no. 269 of 500 (samples: 99009)
INFO:root:Loss: 6820.5505 +/- 3.5248
INFO:root:Epoch no. 270 of 500 (samples: 99009)
INFO:root:Loss: 6808.1791 +/- 3.4371
INFO:root:Epoch no. 271 of 500 (samples: 99009)
INFO:root:Loss: 6795.8265 +/- 3.5027
INFO:root:Epoch no. 272 of 500 (samples: 99009)
INFO:root:Loss: 6783.5514 +/- 3.4368
INFO:root:Epoch no. 273 of 500 (samples: 99009)
INFO:root:Loss: 6771.401 +/- 3.2537
INFO:root:Epoch no. 274 of 500 (samples: 99009)
INFO:root:Loss: 6759.1391 +/- 3.2805
INFO:root:Epoch no. 275 of 500 (samples: 99009)
INFO:root:Loss: 6747.1684 +/- 3.3321
INFO:root:Epoch no. 276 of 500 (samples: 99009)
INFO:root:Loss: 6735.3745 +/- 3.3459
INFO:root:Epoch no. 277 of 500 (samples: 99009)
INFO:root:Loss: 6723.307 +/- 3.2768
INFO:root:Epoch no. 278 of 500 (samples: 99009)
INFO:root:Loss: 6711.5832 +/- 3.2615
INFO:root:Epoch no. 279 of 500 (samples: 99009)
INFO:root:Loss: 6699.8372 +/- 3.2859
INFO:root:Epoch no. 280 of 500 (samples: 99009)
INFO:root:Loss: 6688.1142 +/- 3.2277
INFO:root:Epoch no. 281 of 500 (samples: 99009)
INFO:root:Loss: 6676.5732 +/- 3.2189
INFO:root:Epoch no. 282 of 500 (samples: 99009)
INFO:root:Loss: 6665.0883 +/- 3.2002
INFO:root:Epoch no. 283 of 500 (samples: 99009)
INFO:root:Loss: 6653.5607 +/- 3.2291
INFO:root:Epoch no. 284 of 500 (samples: 99009)
INFO:root:Loss: 6642.2476 +/- 3.2088
INFO:root:Epoch no. 285 of 500 (samples: 99009)
INFO:root:Loss: 6630.9353 +/- 3.1091
INFO:root:Epoch no. 286 of 500 (samples: 99009)
INFO:root:Loss: 6619.6944 +/- 3.1313
INFO:root:Epoch no. 287 of 500 (samples: 99009)
INFO:root:Loss: 6608.4843 +/- 3.1575
INFO:root:Epoch no. 288 of 500 (samples: 99009)
INFO:root:Loss: 6597.4307 +/- 3.0188
INFO:root:Epoch no. 289 of 500 (samples: 99009)
INFO:root:Loss: 6586.3513 +/- 3.0242
INFO:root:Epoch no. 290 of 500 (samples: 99009)
INFO:root:Loss: 6575.4002 +/- 3.0034
INFO:root:Epoch no. 291 of 500 (samples: 99009)
INFO:root:Loss: 6564.6192 +/- 3.0586
INFO:root:Epoch no. 292 of 500 (samples: 99009)
INFO:root:Loss: 6553.7636 +/- 3.1311
INFO:root:Epoch no. 293 of 500 (samples: 99009)
INFO:root:Loss: 6542.9182 +/- 3.0085
INFO:root:Epoch no. 294 of 500 (samples: 99009)
INFO:root:Loss: 6532.2347 +/- 2.8966
INFO:root:Epoch no. 295 of 500 (samples: 99009)
INFO:root:Loss: 6521.5266 +/- 2.8938
INFO:root:Epoch no. 296 of 500 (samples: 99009)
INFO:root:Loss: 6510.9285 +/- 2.9315
INFO:root:Epoch no. 297 of 500 (samples: 99009)
INFO:root:Loss: 6500.4439 +/- 2.9137
INFO:root:Epoch no. 298 of 500 (samples: 99009)
INFO:root:Loss: 6490.0093 +/- 2.8958
INFO:root:Epoch no. 299 of 500 (samples: 99009)
INFO:root:Loss: 6479.6394 +/- 2.9662
INFO:root:Epoch no. 300 of 500 (samples: 99009)
INFO:root:Loss: 6469.2683 +/- 2.8817
INFO:root:Epoch no. 301 of 500 (samples: 99009)
INFO:root:Loss: 6458.9425 +/- 2.8186
INFO:root:Epoch no. 302 of 500 (samples: 99009)
INFO:root:Loss: 6448.8888 +/- 2.8094
INFO:root:Epoch no. 303 of 500 (samples: 99009)
INFO:root:Loss: 6438.6236 +/- 2.8114
INFO:root:Epoch no. 304 of 500 (samples: 99009)
INFO:root:Loss: 6428.577 +/- 2.8505
INFO:root:Epoch no. 305 of 500 (samples: 99009)
INFO:root:Loss: 6418.5233 +/- 2.7456
INFO:root:Epoch no. 306 of 500 (samples: 99009)
INFO:root:Loss: 6408.6145 +/- 2.7483
INFO:root:Epoch no. 307 of 500 (samples: 99009)
INFO:root:Loss: 6398.5672 +/- 2.7752
INFO:root:Epoch no. 308 of 500 (samples: 99009)
INFO:root:Loss: 6388.8551 +/- 2.6366
INFO:root:Epoch no. 309 of 500 (samples: 99009)
INFO:root:Loss: 6378.9568 +/- 2.7508
INFO:root:Epoch no. 310 of 500 (samples: 99009)
INFO:root:Loss: 6369.2323 +/- 2.7345
INFO:root:Epoch no. 311 of 500 (samples: 99009)
INFO:root:Loss: 6359.4887 +/- 2.7402
INFO:root:Epoch no. 312 of 500 (samples: 99009)
INFO:root:Loss: 6349.9247 +/- 2.7436
INFO:root:Epoch no. 313 of 500 (samples: 99009)
INFO:root:Loss: 6340.2466 +/- 2.6433
INFO:root:Epoch no. 314 of 500 (samples: 99009)
INFO:root:Loss: 6330.7346 +/- 2.5637
INFO:root:Epoch no. 315 of 500 (samples: 99009)
INFO:root:Loss: 6321.3134 +/- 2.5833
INFO:root:Epoch no. 316 of 500 (samples: 99009)
INFO:root:Loss: 6311.85 +/- 2.5304
INFO:root:Epoch no. 317 of 500 (samples: 99009)
INFO:root:Loss: 6302.4479 +/- 2.565
INFO:root:Epoch no. 318 of 500 (samples: 99009)
INFO:root:Loss: 6293.0843 +/- 2.5606
INFO:root:Epoch no. 319 of 500 (samples: 99009)
INFO:root:Loss: 6283.8572 +/- 2.5758
INFO:root:Epoch no. 320 of 500 (samples: 99009)
INFO:root:Loss: 6274.6141 +/- 2.5135
INFO:root:Epoch no. 321 of 500 (samples: 99009)
INFO:root:Loss: 6265.5242 +/- 2.523
INFO:root:Epoch no. 322 of 500 (samples: 99009)
INFO:root:Loss: 6256.3121 +/- 2.5276
INFO:root:Epoch no. 323 of 500 (samples: 99009)
INFO:root:Loss: 6247.2494 +/- 2.496
INFO:root:Epoch no. 324 of 500 (samples: 99009)
INFO:root:Loss: 6238.2331 +/- 2.5
INFO:root:Epoch no. 325 of 500 (samples: 99009)
INFO:root:Loss: 6229.2702 +/- 2.5316
INFO:root:Epoch no. 326 of 500 (samples: 99009)
INFO:root:Loss: 6220.3307 +/- 2.4798
INFO:root:Epoch no. 327 of 500 (samples: 99009)
INFO:root:Loss: 6211.4455 +/- 2.4517
INFO:root:Epoch no. 328 of 500 (samples: 99009)
INFO:root:Loss: 6202.5921 +/- 2.408
INFO:root:Epoch no. 329 of 500 (samples: 99009)
INFO:root:Loss: 6193.7802 +/- 2.461
INFO:root:Epoch no. 330 of 500 (samples: 99009)
INFO:root:Loss: 6185.0765 +/- 2.3786
INFO:root:Epoch no. 331 of 500 (samples: 99009)
INFO:root:Loss: 6176.4507 +/- 2.4136
INFO:root:Epoch no. 332 of 500 (samples: 99009)
INFO:root:Loss: 6167.8226 +/- 2.3769
INFO:root:Epoch no. 333 of 500 (samples: 99009)
INFO:root:Loss: 6159.1836 +/- 2.3779
INFO:root:Epoch no. 334 of 500 (samples: 99009)
INFO:root:Loss: 6150.5726 +/- 2.2853
INFO:root:Epoch no. 335 of 500 (samples: 99009)
INFO:root:Loss: 6142.0807 +/- 2.277
INFO:root:Epoch no. 336 of 500 (samples: 99009)
INFO:root:Loss: 6133.5714 +/- 2.2852
INFO:root:Epoch no. 337 of 500 (samples: 99009)
INFO:root:Loss: 6125.2163 +/- 2.3257
INFO:root:Epoch no. 338 of 500 (samples: 99009)
INFO:root:Loss: 6116.7833 +/- 2.2963
INFO:root:Epoch no. 339 of 500 (samples: 99009)
INFO:root:Loss: 6108.4689 +/- 2.2682
INFO:root:Epoch no. 340 of 500 (samples: 99009)
INFO:root:Loss: 6100.2357 +/- 2.3174
INFO:root:Epoch no. 341 of 500 (samples: 99009)
INFO:root:Loss: 6091.9348 +/- 2.2581
INFO:root:Epoch no. 342 of 500 (samples: 99009)
INFO:root:Loss: 6083.7441 +/- 2.2984
INFO:root:Epoch no. 343 of 500 (samples: 99009)
INFO:root:Loss: 6075.5728 +/- 2.2449
INFO:root:Epoch no. 344 of 500 (samples: 99009)
INFO:root:Loss: 6067.5052 +/- 2.2202
INFO:root:Epoch no. 345 of 500 (samples: 99009)
INFO:root:Loss: 6059.3276 +/- 2.2534
INFO:root:Epoch no. 346 of 500 (samples: 99009)
INFO:root:Loss: 6051.3151 +/- 2.1788
INFO:root:Epoch no. 347 of 500 (samples: 99009)
INFO:root:Loss: 6043.2747 +/- 2.185
INFO:root:Epoch no. 348 of 500 (samples: 99009)
INFO:root:Loss: 6035.3667 +/- 2.1769
INFO:root:Epoch no. 349 of 500 (samples: 99009)
INFO:root:Loss: 6027.4686 +/- 2.2824
INFO:root:Epoch no. 350 of 500 (samples: 99009)
INFO:root:Loss: 6019.5989 +/- 2.1558
INFO:root:Epoch no. 351 of 500 (samples: 99009)
INFO:root:Loss: 6011.7869 +/- 2.2354
INFO:root:Epoch no. 352 of 500 (samples: 99009)
INFO:root:Loss: 6003.9258 +/- 2.1532
INFO:root:Epoch no. 353 of 500 (samples: 99009)
INFO:root:Loss: 5996.1495 +/- 2.1069
INFO:root:Epoch no. 354 of 500 (samples: 99009)
INFO:root:Loss: 5988.3838 +/- 2.0969
INFO:root:Epoch no. 355 of 500 (samples: 99009)
INFO:root:Loss: 5980.7318 +/- 2.162
INFO:root:Epoch no. 356 of 500 (samples: 99009)
INFO:root:Loss: 5973.3019 +/- 2.1851
INFO:root:Epoch no. 357 of 500 (samples: 99009)
INFO:root:Loss: 5965.4584 +/- 2.0829
INFO:root:Epoch no. 358 of 500 (samples: 99009)
INFO:root:Loss: 5957.9658 +/- 2.0895
INFO:root:Epoch no. 359 of 500 (samples: 99009)
INFO:root:Loss: 5950.4589 +/- 2.0438
INFO:root:Epoch no. 360 of 500 (samples: 99009)
INFO:root:Loss: 5942.9116 +/- 2.0771
INFO:root:Epoch no. 361 of 500 (samples: 99009)
INFO:root:Loss: 5935.4344 +/- 2.0428
INFO:root:Epoch no. 362 of 500 (samples: 99009)
INFO:root:Loss: 5928.0365 +/- 1.9766
INFO:root:Epoch no. 363 of 500 (samples: 99009)
INFO:root:Loss: 5920.6412 +/- 2.1025
INFO:root:Epoch no. 364 of 500 (samples: 99009)
INFO:root:Loss: 5913.3417 +/- 1.9306
INFO:root:Epoch no. 365 of 500 (samples: 99009)
INFO:root:Loss: 5906.0048 +/- 2.0197
INFO:root:Epoch no. 366 of 500 (samples: 99009)
INFO:root:Loss: 5898.6907 +/- 2.0133
INFO:root:Epoch no. 367 of 500 (samples: 99009)
INFO:root:Loss: 5891.4259 +/- 1.9696
INFO:root:Epoch no. 368 of 500 (samples: 99009)
INFO:root:Loss: 5884.1988 +/- 2.045
INFO:root:Epoch no. 369 of 500 (samples: 99009)
INFO:root:Loss: 5877.0443 +/- 1.9349
INFO:root:Epoch no. 370 of 500 (samples: 99009)
INFO:root:Loss: 5869.841 +/- 1.9949
INFO:root:Epoch no. 371 of 500 (samples: 99009)
INFO:root:Loss: 5862.7759 +/- 2.0156
INFO:root:Epoch no. 372 of 500 (samples: 99009)
INFO:root:Loss: 5855.699 +/- 1.9607
INFO:root:Epoch no. 373 of 500 (samples: 99009)
INFO:root:Loss: 5848.7018 +/- 1.9352
INFO:root:Epoch no. 374 of 500 (samples: 99009)
INFO:root:Loss: 5841.6422 +/- 1.9714
INFO:root:Epoch no. 375 of 500 (samples: 99009)
INFO:root:Loss: 5834.6409 +/- 1.8989
INFO:root:Epoch no. 376 of 500 (samples: 99009)
INFO:root:Loss: 5827.6515 +/- 1.9186
INFO:root:Epoch no. 377 of 500 (samples: 99009)
INFO:root:Loss: 5820.7879 +/- 1.8501
INFO:root:Epoch no. 378 of 500 (samples: 99009)
INFO:root:Loss: 5813.8898 +/- 1.9525
INFO:root:Epoch no. 379 of 500 (samples: 99009)
INFO:root:Loss: 5807.0942 +/- 1.8867
INFO:root:Epoch no. 380 of 500 (samples: 99009)
INFO:root:Loss: 5800.2283 +/- 1.843
INFO:root:Epoch no. 381 of 500 (samples: 99009)
INFO:root:Loss: 5793.4243 +/- 1.9481
INFO:root:Epoch no. 382 of 500 (samples: 99009)
INFO:root:Loss: 5786.652 +/- 1.8546
INFO:root:Epoch no. 383 of 500 (samples: 99009)
INFO:root:Loss: 5779.8983 +/- 1.7403
INFO:root:Epoch no. 384 of 500 (samples: 99009)
INFO:root:Loss: 5773.2431 +/- 1.8272
INFO:root:Epoch no. 385 of 500 (samples: 99009)
INFO:root:Loss: 5766.6477 +/- 1.8545
INFO:root:Epoch no. 386 of 500 (samples: 99009)
INFO:root:Loss: 5760.0153 +/- 1.8034
INFO:root:Epoch no. 387 of 500 (samples: 99009)
INFO:root:Loss: 5753.3728 +/- 1.7903
INFO:root:Epoch no. 388 of 500 (samples: 99009)
INFO:root:Loss: 5746.799 +/- 1.8628
INFO:root:Epoch no. 389 of 500 (samples: 99009)
INFO:root:Loss: 5740.2285 +/- 1.7864
INFO:root:Epoch no. 390 of 500 (samples: 99009)
INFO:root:Loss: 5733.7827 +/- 1.8283
INFO:root:Epoch no. 391 of 500 (samples: 99009)
INFO:root:Loss: 5727.2379 +/- 1.8385
INFO:root:Epoch no. 392 of 500 (samples: 99009)
INFO:root:Loss: 5720.8299 +/- 1.8147
INFO:root:Epoch no. 393 of 500 (samples: 99009)
INFO:root:Loss: 5714.335 +/- 1.7799
INFO:root:Epoch no. 394 of 500 (samples: 99009)
INFO:root:Loss: 5707.9532 +/- 1.7332
INFO:root:Epoch no. 395 of 500 (samples: 99009)
INFO:root:Loss: 5701.5069 +/- 1.7449
INFO:root:Epoch no. 396 of 500 (samples: 99009)
INFO:root:Loss: 5695.165 +/- 1.8
INFO:root:Epoch no. 397 of 500 (samples: 99009)
INFO:root:Loss: 5688.8475 +/- 1.775
INFO:root:Epoch no. 398 of 500 (samples: 99009)
INFO:root:Loss: 5682.5915 +/- 1.6889
INFO:root:Epoch no. 399 of 500 (samples: 99009)
INFO:root:Loss: 5676.3386 +/- 1.735
INFO:root:Epoch no. 400 of 500 (samples: 99009)
INFO:root:Loss: 5670.1319 +/- 1.7715
INFO:root:Epoch no. 401 of 500 (samples: 99009)
INFO:root:Loss: 5663.8485 +/- 1.6924
INFO:root:Epoch no. 402 of 500 (samples: 99009)
INFO:root:Loss: 5657.7541 +/- 1.6959
INFO:root:Epoch no. 403 of 500 (samples: 99009)
INFO:root:Loss: 5651.6064 +/- 1.6908
INFO:root:Epoch no. 404 of 500 (samples: 99009)
INFO:root:Loss: 5645.4549 +/- 1.6492
INFO:root:Epoch no. 405 of 500 (samples: 99009)
INFO:root:Loss: 5639.3212 +/- 1.7417
INFO:root:Epoch no. 406 of 500 (samples: 99009)
INFO:root:Loss: 5633.2241 +/- 1.6124
INFO:root:Epoch no. 407 of 500 (samples: 99009)
INFO:root:Loss: 5627.1318 +/- 1.5829
INFO:root:Epoch no. 408 of 500 (samples: 99009)
INFO:root:Loss: 5621.2687 +/- 1.6606
INFO:root:Epoch no. 409 of 500 (samples: 99009)
INFO:root:Loss: 5615.0625 +/- 1.6574
INFO:root:Epoch no. 410 of 500 (samples: 99009)
INFO:root:Loss: 5609.1941 +/- 1.684
INFO:root:Epoch no. 411 of 500 (samples: 99009)
INFO:root:Loss: 5603.2506 +/- 1.5794
INFO:root:Epoch no. 412 of 500 (samples: 99009)
INFO:root:Loss: 5597.3259 +/- 1.5956
INFO:root:Epoch no. 413 of 500 (samples: 99009)
INFO:root:Loss: 5591.3523 +/- 1.587
INFO:root:Epoch no. 414 of 500 (samples: 99009)
INFO:root:Loss: 5585.5847 +/- 1.635
INFO:root:Epoch no. 415 of 500 (samples: 99009)
INFO:root:Loss: 5579.7564 +/- 1.5625
INFO:root:Epoch no. 416 of 500 (samples: 99009)
INFO:root:Loss: 5573.8738 +/- 1.4954
INFO:root:Epoch no. 417 of 500 (samples: 99009)
INFO:root:Loss: 5568.1306 +/- 1.6063
INFO:root:Epoch no. 418 of 500 (samples: 99009)
INFO:root:Loss: 5562.3764 +/- 1.6595
INFO:root:Epoch no. 419 of 500 (samples: 99009)
INFO:root:Loss: 5556.6159 +/- 1.6182
INFO:root:Epoch no. 420 of 500 (samples: 99009)
INFO:root:Loss: 5550.8575 +/- 1.5439
INFO:root:Epoch no. 421 of 500 (samples: 99009)
INFO:root:Loss: 5545.0973 +/- 1.5718
INFO:root:Epoch no. 422 of 500 (samples: 99009)
INFO:root:Loss: 5539.3985 +/- 1.5028
INFO:root:Epoch no. 423 of 500 (samples: 99009)
INFO:root:Loss: 5533.839 +/- 1.5296
INFO:root:Epoch no. 424 of 500 (samples: 99009)
INFO:root:Loss: 5528.0955 +/- 1.5129
INFO:root:Epoch no. 425 of 500 (samples: 99009)
INFO:root:Loss: 5522.558 +/- 1.5468
INFO:root:Epoch no. 426 of 500 (samples: 99009)
INFO:root:Loss: 5516.9545 +/- 1.5636
INFO:root:Epoch no. 427 of 500 (samples: 99009)
INFO:root:Loss: 5511.3645 +/- 1.4465
INFO:root:Epoch no. 428 of 500 (samples: 99009)
INFO:root:Loss: 5505.8054 +/- 1.5039
INFO:root:Epoch no. 429 of 500 (samples: 99009)
INFO:root:Loss: 5500.2816 +/- 1.5338
INFO:root:Epoch no. 430 of 500 (samples: 99009)
INFO:root:Loss: 5494.7932 +/- 1.4284
INFO:root:Epoch no. 431 of 500 (samples: 99009)
INFO:root:Loss: 5489.4254 +/- 1.4716
INFO:root:Epoch no. 432 of 500 (samples: 99009)
INFO:root:Loss: 5483.9024 +/- 1.4732
INFO:root:Epoch no. 433 of 500 (samples: 99009)
INFO:root:Loss: 5478.4279 +/- 1.5154
INFO:root:Epoch no. 434 of 500 (samples: 99009)
INFO:root:Loss: 5473.0162 +/- 1.4602
INFO:root:Epoch no. 435 of 500 (samples: 99009)
INFO:root:Loss: 5467.7275 +/- 1.4025
INFO:root:Epoch no. 436 of 500 (samples: 99009)
INFO:root:Loss: 5462.2466 +/- 1.4781
INFO:root:Epoch no. 437 of 500 (samples: 99009)
INFO:root:Loss: 5456.9795 +/- 1.4875
INFO:root:Epoch no. 438 of 500 (samples: 99009)
INFO:root:Loss: 5451.5751 +/- 1.3969
INFO:root:Epoch no. 439 of 500 (samples: 99009)
INFO:root:Loss: 5446.3345 +/- 1.4959
INFO:root:Epoch no. 440 of 500 (samples: 99009)
INFO:root:Loss: 5440.9556 +/- 1.3822
INFO:root:Epoch no. 441 of 500 (samples: 99009)
INFO:root:Loss: 5435.742 +/- 1.4052
INFO:root:Epoch no. 442 of 500 (samples: 99009)
INFO:root:Loss: 5430.4843 +/- 1.3754
INFO:root:Epoch no. 443 of 500 (samples: 99009)
INFO:root:Loss: 5425.3175 +/- 1.4468
INFO:root:Epoch no. 444 of 500 (samples: 99009)
INFO:root:Loss: 5420.0851 +/- 1.4149
INFO:root:Epoch no. 445 of 500 (samples: 99009)
INFO:root:Loss: 5414.986 +/- 1.391
INFO:root:Epoch no. 446 of 500 (samples: 99009)
INFO:root:Loss: 5409.6624 +/- 1.4029
INFO:root:Epoch no. 447 of 500 (samples: 99009)
INFO:root:Loss: 5404.5774 +/- 1.3884
INFO:root:Epoch no. 448 of 500 (samples: 99009)
INFO:root:Loss: 5399.4609 +/- 1.4185
INFO:root:Epoch no. 449 of 500 (samples: 99009)
INFO:root:Loss: 5394.4042 +/- 1.3823
INFO:root:Epoch no. 450 of 500 (samples: 99009)
INFO:root:Loss: 5389.3108 +/- 1.3997
INFO:root:Epoch no. 451 of 500 (samples: 99009)
INFO:root:Loss: 5384.2364 +/- 1.3695
INFO:root:Epoch no. 452 of 500 (samples: 99009)
INFO:root:Loss: 5379.2279 +/- 1.3392
INFO:root:Epoch no. 453 of 500 (samples: 99009)
INFO:root:Loss: 5374.2512 +/- 1.3363
INFO:root:Epoch no. 454 of 500 (samples: 99009)
INFO:root:Loss: 5369.1874 +/- 1.3962
INFO:root:Epoch no. 455 of 500 (samples: 99009)
INFO:root:Loss: 5364.1742 +/- 1.2681
INFO:root:Epoch no. 456 of 500 (samples: 99009)
INFO:root:Loss: 5359.2133 +/- 1.4645
INFO:root:Epoch no. 457 of 500 (samples: 99009)
INFO:root:Loss: 5354.3124 +/- 1.3501
INFO:root:Epoch no. 458 of 500 (samples: 99009)
INFO:root:Loss: 5349.3267 +/- 1.2988
INFO:root:Epoch no. 459 of 500 (samples: 99009)
INFO:root:Loss: 5344.445 +/- 1.2472
INFO:root:Epoch no. 460 of 500 (samples: 99009)
INFO:root:Loss: 5339.5037 +/- 1.3606
INFO:root:Epoch no. 461 of 500 (samples: 99009)
INFO:root:Loss: 5334.6976 +/- 1.4186
INFO:root:Epoch no. 462 of 500 (samples: 99009)
INFO:root:Loss: 5329.7793 +/- 1.3231
INFO:root:Epoch no. 463 of 500 (samples: 99009)
INFO:root:Loss: 5325.0021 +/- 1.3294
INFO:root:Epoch no. 464 of 500 (samples: 99009)
INFO:root:Loss: 5320.1537 +/- 1.4032
INFO:root:Epoch no. 465 of 500 (samples: 99009)
INFO:root:Loss: 5315.3073 +/- 1.3813
INFO:root:Epoch no. 466 of 500 (samples: 99009)
INFO:root:Loss: 5310.5453 +/- 1.2412
INFO:root:Epoch no. 467 of 500 (samples: 99009)
INFO:root:Loss: 5305.7582 +/- 1.2695
INFO:root:Epoch no. 468 of 500 (samples: 99009)
INFO:root:Loss: 5300.9902 +/- 1.2478
INFO:root:Epoch no. 469 of 500 (samples: 99009)
INFO:root:Loss: 5296.2634 +/- 1.2829
INFO:root:Epoch no. 470 of 500 (samples: 99009)
INFO:root:Loss: 5291.5115 +/- 1.2632
INFO:root:Epoch no. 471 of 500 (samples: 99009)
INFO:root:Loss: 5286.7834 +/- 1.2917
INFO:root:Epoch no. 472 of 500 (samples: 99009)
INFO:root:Loss: 5282.2032 +/- 1.2644
INFO:root:Epoch no. 473 of 500 (samples: 99009)
INFO:root:Loss: 5277.5191 +/- 1.2484
INFO:root:Epoch no. 474 of 500 (samples: 99009)
INFO:root:Loss: 5272.8787 +/- 1.2586
INFO:root:Epoch no. 475 of 500 (samples: 99009)
INFO:root:Loss: 5268.1473 +/- 1.3069
INFO:root:Epoch no. 476 of 500 (samples: 99009)
INFO:root:Loss: 5263.5877 +/- 1.2057
INFO:root:Epoch no. 477 of 500 (samples: 99009)
INFO:root:Loss: 5259.0164 +/- 1.2438
INFO:root:Epoch no. 478 of 500 (samples: 99009)
INFO:root:Loss: 5254.4877 +/- 1.2908
INFO:root:Epoch no. 479 of 500 (samples: 99009)
INFO:root:Loss: 5249.8571 +/- 1.215
INFO:root:Epoch no. 480 of 500 (samples: 99009)
INFO:root:Loss: 5245.2232 +/- 1.2048
INFO:root:Epoch no. 481 of 500 (samples: 99009)
INFO:root:Loss: 5240.6902 +/- 1.3075
INFO:root:Epoch no. 482 of 500 (samples: 99009)
INFO:root:Loss: 5236.2507 +/- 1.2834
INFO:root:Epoch no. 483 of 500 (samples: 99009)
INFO:root:Loss: 5231.7396 +/- 1.1851
INFO:root:Epoch no. 484 of 500 (samples: 99009)
INFO:root:Loss: 5227.2359 +/- 1.2572
INFO:root:Epoch no. 485 of 500 (samples: 99009)
INFO:root:Loss: 5222.7471 +/- 1.2494
INFO:root:Epoch no. 486 of 500 (samples: 99009)
INFO:root:Loss: 5218.345 +/- 1.2608
INFO:root:Epoch no. 487 of 500 (samples: 99009)
INFO:root:Loss: 5213.8338 +/- 1.2538
INFO:root:Epoch no. 488 of 500 (samples: 99009)
INFO:root:Loss: 5209.4353 +/- 1.2201
INFO:root:Epoch no. 489 of 500 (samples: 99009)
INFO:root:Loss: 5204.9902 +/- 1.2059
INFO:root:Epoch no. 490 of 500 (samples: 99009)
INFO:root:Loss: 5200.5758 +/- 1.2479
INFO:root:Epoch no. 491 of 500 (samples: 99009)
INFO:root:Loss: 5196.3114 +/- 1.1781
INFO:root:Epoch no. 492 of 500 (samples: 99009)
INFO:root:Loss: 5191.8337 +/- 1.2072
INFO:root:Epoch no. 493 of 500 (samples: 99009)
INFO:root:Loss: 5187.5303 +/- 1.1926
INFO:root:Epoch no. 494 of 500 (samples: 99009)
INFO:root:Loss: 5183.2092 +/- 1.156
INFO:root:Epoch no. 495 of 500 (samples: 99009)
INFO:root:Loss: 5178.8337 +/- 1.1455
INFO:root:Epoch no. 496 of 500 (samples: 99009)
INFO:root:Loss: 5174.5941 +/- 1.2086
INFO:root:Epoch no. 497 of 500 (samples: 99009)
INFO:root:Loss: 5170.2483 +/- 1.0842
INFO:root:Epoch no. 498 of 500 (samples: 99009)
INFO:root:Loss: 5166.0845 +/- 1.1437
INFO:root:Epoch no. 499 of 500 (samples: 99009)
INFO:root:Loss: 5161.7758 +/- 1.2225
INFO:root:Epoch no. 500 of 500 (samples: 99009)
INFO:root:Loss: 5157.6214 +/- 1.2151
/home/insight/.local/lib/python3.4/site-packages/Keras-1.0.1-py3.4.egg/keras/backend/theano_backend.py:489: UserWarning: theano.function was asked to create a function computing outputs given certain inputs, but the provided input variable at index 2 is not part of the computational graph needed to compute the outputs: keras_learning_phase.
To make this warning into an error, you can pass the parameter on_unused_input='raise' to theano.function. To disable it completely, use on_unused_input='ignore'.
  **kwargs)
INFO:root:### MICRO (validation raw):
INFO:root:	-- left   >> mean: 9522.7876, median: 2160.5, mrr: 0.176, hits@1: 10.9%
INFO:root:	-- right  >> mean: 8601.6738, median: 1358.0, mrr: 0.199, hits@1: 13.0%
INFO:root:	-- global >> mean: 9062.2307, median: 1708.5, mrr: 0.187, hits@1: 11.95%
INFO:root:### MICRO (validation raw):
INFO:root:	-- left   >> mean: 9522.7876, median: 2160.5, mrr: 0.176, hits@3: 22.56%
INFO:root:	-- right  >> mean: 8601.6738, median: 1358.0, mrr: 0.199, hits@3: 24.52%
INFO:root:	-- global >> mean: 9062.2307, median: 1708.5, mrr: 0.187, hits@3: 23.54%
INFO:root:### MICRO (validation raw):
INFO:root:	-- left   >> mean: 9522.7876, median: 2160.5, mrr: 0.176, hits@5: 26.46%
INFO:root:	-- right  >> mean: 8601.6738, median: 1358.0, mrr: 0.199, hits@5: 29.24%
INFO:root:	-- global >> mean: 9062.2307, median: 1708.5, mrr: 0.187, hits@5: 27.85%
INFO:root:### MICRO (validation raw):
INFO:root:	-- left   >> mean: 9522.7876, median: 2160.5, mrr: 0.176, hits@10: 29.42%
INFO:root:	-- right  >> mean: 8601.6738, median: 1358.0, mrr: 0.199, hits@10: 32.36%
INFO:root:	-- global >> mean: 9062.2307, median: 1708.5, mrr: 0.187, hits@10: 30.89%
INFO:root:### MICRO (validation filtered):
INFO:root:	-- left   >> mean: 9511.201, median: 2155.5, mrr: 0.207, hits@1: 13.62%
INFO:root:	-- right  >> mean: 8590.1232, median: 1340.0, mrr: 0.236, hits@1: 16.3%
INFO:root:	-- global >> mean: 9050.6621, median: 1705.0, mrr: 0.222, hits@1: 14.96%
INFO:root:### MICRO (validation filtered):
INFO:root:	-- left   >> mean: 9511.201, median: 2155.5, mrr: 0.207, hits@3: 26.84%
INFO:root:	-- right  >> mean: 8590.1232, median: 1340.0, mrr: 0.236, hits@3: 29.88%
INFO:root:	-- global >> mean: 9050.6621, median: 1705.0, mrr: 0.222, hits@3: 28.36%
INFO:root:### MICRO (validation filtered):
INFO:root:	-- left   >> mean: 9511.201, median: 2155.5, mrr: 0.207, hits@5: 28.96%
INFO:root:	-- right  >> mean: 8590.1232, median: 1340.0, mrr: 0.236, hits@5: 32.24%
INFO:root:	-- global >> mean: 9050.6621, median: 1705.0, mrr: 0.222, hits@5: 30.6%
INFO:root:### MICRO (validation filtered):
INFO:root:	-- left   >> mean: 9511.201, median: 2155.5, mrr: 0.207, hits@10: 30.92%
INFO:root:	-- right  >> mean: 8590.1232, median: 1340.0, mrr: 0.236, hits@10: 34.16%
INFO:root:	-- global >> mean: 9050.6621, median: 1705.0, mrr: 0.222, hits@10: 32.54%
INFO:root:### MICRO (test raw):
INFO:root:	-- left   >> mean: 9812.3746, median: 2403.5, mrr: 0.168, hits@1: 10.26%
INFO:root:	-- right  >> mean: 8380.0678, median: 1235.0, mrr: 0.197, hits@1: 12.44%
INFO:root:	-- global >> mean: 9096.2212, median: 1695.0, mrr: 0.182, hits@1: 11.35%
INFO:root:### MICRO (test raw):
INFO:root:	-- left   >> mean: 9812.3746, median: 2403.5, mrr: 0.168, hits@3: 21.52%
INFO:root:	-- right  >> mean: 8380.0678, median: 1235.0, mrr: 0.197, hits@3: 25.36%
INFO:root:	-- global >> mean: 9096.2212, median: 1695.0, mrr: 0.182, hits@3: 23.44%
INFO:root:### MICRO (test raw):
INFO:root:	-- left   >> mean: 9812.3746, median: 2403.5, mrr: 0.168, hits@5: 25.38%
INFO:root:	-- right  >> mean: 8380.0678, median: 1235.0, mrr: 0.197, hits@5: 29.4%
INFO:root:	-- global >> mean: 9096.2212, median: 1695.0, mrr: 0.182, hits@5: 27.39%
INFO:root:### MICRO (test raw):
INFO:root:	-- left   >> mean: 9812.3746, median: 2403.5, mrr: 0.168, hits@10: 28.68%
INFO:root:	-- right  >> mean: 8380.0678, median: 1235.0, mrr: 0.197, hits@10: 32.08%
INFO:root:	-- global >> mean: 9096.2212, median: 1695.0, mrr: 0.182, hits@10: 30.38%
INFO:root:### MICRO (test filtered):
INFO:root:	-- left   >> mean: 9800.2642, median: 2388.5, mrr: 0.201, hits@1: 13.14%
INFO:root:	-- right  >> mean: 8369.1236, median: 1219.5, mrr: 0.233, hits@1: 15.78%
INFO:root:	-- global >> mean: 9084.6939, median: 1682.0, mrr: 0.217, hits@1: 14.46%
INFO:root:### MICRO (test filtered):
INFO:root:	-- left   >> mean: 9800.2642, median: 2388.5, mrr: 0.201, hits@3: 25.88%
INFO:root:	-- right  >> mean: 8369.1236, median: 1219.5, mrr: 0.233, hits@3: 29.76%
INFO:root:	-- global >> mean: 9084.6939, median: 1682.0, mrr: 0.217, hits@3: 27.82%
INFO:root:### MICRO (test filtered):
INFO:root:	-- left   >> mean: 9800.2642, median: 2388.5, mrr: 0.201, hits@5: 27.94%
INFO:root:	-- right  >> mean: 8369.1236, median: 1219.5, mrr: 0.233, hits@5: 31.82%
INFO:root:	-- global >> mean: 9084.6939, median: 1682.0, mrr: 0.217, hits@5: 29.88%
INFO:root:### MICRO (test filtered):
INFO:root:	-- left   >> mean: 9800.2642, median: 2388.5, mrr: 0.201, hits@10: 30.18%
INFO:root:	-- right  >> mean: 8369.1236, median: 1219.5, mrr: 0.233, hits@10: 33.56%
INFO:root:	-- global >> mean: 9084.6939, median: 1682.0, mrr: 0.217, hits@10: 31.87%
