Using Theano backend.
INFO:root:Acquiring data/wn18/wordnet-mlj12-train.txt ..
INFO:root:Acquiring data/wn18/wordnet-mlj12-valid.txt ..
INFO:root:Acquiring data/wn18/wordnet-mlj12-test.txt ..
INFO:root:[Rules] Adding Head: 15, Tail: [(10, True)]
INFO:root:[Rules] Adding Head: 12, Tail: [(17, True)]
INFO:root:[Rules] Adding Head: 4, Tail: [(5, True)]
INFO:root:[Rules] Adding Head: 13, Tail: [(3, True)]
INFO:root:[Rules] Adding Head: 5, Tail: [(4, True)]
INFO:root:[Rules] Adding Head: 16, Tail: [(11, True)]
INFO:root:[Rules] Adding Head: 17, Tail: [(12, True)]
INFO:root:[Rules] Adding Head: 11, Tail: [(16, True)]
INFO:root:[Rules] Adding Head: 8, Tail: [(9, True)]
INFO:root:[Rules] Adding Head: 2, Tail: [(2, True)]
INFO:root:Samples: 99009, no. batches: 10 -> batch size: 9901
INFO:root:Epoch no. 1 of 500 (samples: 99009)
INFO:root:Loss: 11998682.7825 +/- 32926614.9519
INFO:root:Epoch no. 2 of 500 (samples: 99009)
INFO:root:Loss: 773195.8162 +/- 42285.4889
INFO:root:Epoch no. 3 of 500 (samples: 99009)
INFO:root:Loss: 664046.8393 +/- 23270.2033
INFO:root:Epoch no. 4 of 500 (samples: 99009)
INFO:root:Loss: 597657.859 +/- 15599.8602
INFO:root:Epoch no. 5 of 500 (samples: 99009)
INFO:root:Loss: 550897.724 +/- 11529.9682
INFO:root:Epoch no. 6 of 500 (samples: 99009)
INFO:root:Loss: 515274.1398 +/- 9045.3828
INFO:root:Epoch no. 7 of 500 (samples: 99009)
INFO:root:Loss: 486747.1252 +/- 7387.9913
INFO:root:Epoch no. 8 of 500 (samples: 99009)
INFO:root:Loss: 463098.5958 +/- 6212.4732
INFO:root:Epoch no. 9 of 500 (samples: 99009)
INFO:root:Loss: 442986.695 +/- 5340.5303
INFO:root:Epoch no. 10 of 500 (samples: 99009)
INFO:root:Loss: 425543.8407 +/- 4669.1873
INFO:root:Epoch no. 11 of 500 (samples: 99009)
INFO:root:Loss: 410180.5427 +/- 4140.4572
INFO:root:Epoch no. 12 of 500 (samples: 99009)
INFO:root:Loss: 396477.9753 +/- 3712.57
INFO:root:Epoch no. 13 of 500 (samples: 99009)
INFO:root:Loss: 384129.9494 +/- 3361.0505
INFO:root:Epoch no. 14 of 500 (samples: 99009)
INFO:root:Loss: 372906.8517 +/- 3065.8488
INFO:root:Epoch no. 15 of 500 (samples: 99009)
INFO:root:Loss: 362629.9294 +/- 2817.0461
INFO:root:Epoch no. 16 of 500 (samples: 99009)
INFO:root:Loss: 353161.662 +/- 2602.2104
INFO:root:Epoch no. 17 of 500 (samples: 99009)
INFO:root:Loss: 344390.6197 +/- 2415.4909
INFO:root:Epoch no. 18 of 500 (samples: 99009)
INFO:root:Loss: 336226.4538 +/- 2254.463
INFO:root:Epoch no. 19 of 500 (samples: 99009)
INFO:root:Loss: 328597.0947 +/- 2110.1043
INFO:root:Epoch no. 20 of 500 (samples: 99009)
INFO:root:Loss: 321439.0565 +/- 1982.7488
INFO:root:Epoch no. 21 of 500 (samples: 99009)
INFO:root:Loss: 314702.6919 +/- 1868.7454
INFO:root:Epoch no. 22 of 500 (samples: 99009)
INFO:root:Loss: 308342.7457 +/- 1766.4257
INFO:root:Epoch no. 23 of 500 (samples: 99009)
INFO:root:Loss: 302323.5603 +/- 1673.1721
INFO:root:Epoch no. 24 of 500 (samples: 99009)
INFO:root:Loss: 296612.5432 +/- 1589.9195
INFO:root:Epoch no. 25 of 500 (samples: 99009)
INFO:root:Loss: 291181.6956 +/- 1513.5066
INFO:root:Epoch no. 26 of 500 (samples: 99009)
INFO:root:Loss: 286007.3745 +/- 1442.8582
INFO:root:Epoch no. 27 of 500 (samples: 99009)
INFO:root:Loss: 281066.8453 +/- 1378.0358
INFO:root:Epoch no. 28 of 500 (samples: 99009)
INFO:root:Loss: 276342.9569 +/- 1319.4997
INFO:root:Epoch no. 29 of 500 (samples: 99009)
INFO:root:Loss: 271818.6372 +/- 1264.0216
INFO:root:Epoch no. 30 of 500 (samples: 99009)
INFO:root:Loss: 267478.9602 +/- 1214.1267
INFO:root:Epoch no. 31 of 500 (samples: 99009)
INFO:root:Loss: 263310.3152 +/- 1165.6631
INFO:root:Epoch no. 32 of 500 (samples: 99009)
INFO:root:Loss: 259301.6824 +/- 1121.9972
INFO:root:Epoch no. 33 of 500 (samples: 99009)
INFO:root:Loss: 255441.0972 +/- 1080.2216
INFO:root:Epoch no. 34 of 500 (samples: 99009)
INFO:root:Loss: 251720.7216 +/- 1041.807
INFO:root:Epoch no. 35 of 500 (samples: 99009)
INFO:root:Loss: 248129.5824 +/- 1006.7839
INFO:root:Epoch no. 36 of 500 (samples: 99009)
INFO:root:Loss: 244660.8897 +/- 972.0332
INFO:root:Epoch no. 37 of 500 (samples: 99009)
INFO:root:Loss: 241307.3882 +/- 941.0667
INFO:root:Epoch no. 38 of 500 (samples: 99009)
INFO:root:Loss: 238062.0812 +/- 910.2953
INFO:root:Epoch no. 39 of 500 (samples: 99009)
INFO:root:Loss: 234918.865 +/- 881.4093
INFO:root:Epoch no. 40 of 500 (samples: 99009)
INFO:root:Loss: 231872.4734 +/- 854.3563
INFO:root:Epoch no. 41 of 500 (samples: 99009)
INFO:root:Loss: 228917.9404 +/- 829.3195
INFO:root:Epoch no. 42 of 500 (samples: 99009)
INFO:root:Loss: 226049.2673 +/- 805.4747
INFO:root:Epoch no. 43 of 500 (samples: 99009)
INFO:root:Loss: 223262.5619 +/- 783.5405
INFO:root:Epoch no. 44 of 500 (samples: 99009)
INFO:root:Loss: 220554.2854 +/- 760.944
INFO:root:Epoch no. 45 of 500 (samples: 99009)
INFO:root:Loss: 217920.1697 +/- 739.3841
INFO:root:Epoch no. 46 of 500 (samples: 99009)
INFO:root:Loss: 215357.1793 +/- 720.732
INFO:root:Epoch no. 47 of 500 (samples: 99009)
INFO:root:Loss: 212861.1548 +/- 702.0779
INFO:root:Epoch no. 48 of 500 (samples: 99009)
INFO:root:Loss: 210429.3279 +/- 683.9543
INFO:root:Epoch no. 49 of 500 (samples: 99009)
INFO:root:Loss: 208059.3077 +/- 665.7128
INFO:root:Epoch no. 50 of 500 (samples: 99009)
INFO:root:Loss: 205747.8398 +/- 650.0363
INFO:root:Epoch no. 51 of 500 (samples: 99009)
INFO:root:Loss: 203493.1091 +/- 634.447
INFO:root:Epoch no. 52 of 500 (samples: 99009)
INFO:root:Loss: 201292.0922 +/- 619.4479
INFO:root:Epoch no. 53 of 500 (samples: 99009)
INFO:root:Loss: 199142.4533 +/- 604.6098
INFO:root:Epoch no. 54 of 500 (samples: 99009)
INFO:root:Loss: 197043.1289 +/- 589.5838
INFO:root:Epoch no. 55 of 500 (samples: 99009)
INFO:root:Loss: 194990.8817 +/- 576.9483
INFO:root:Epoch no. 56 of 500 (samples: 99009)
INFO:root:Loss: 192984.6553 +/- 564.132
INFO:root:Epoch no. 57 of 500 (samples: 99009)
INFO:root:Loss: 191022.4395 +/- 552.2275
INFO:root:Epoch no. 58 of 500 (samples: 99009)
INFO:root:Loss: 189102.304 +/- 540.1778
INFO:root:Epoch no. 59 of 500 (samples: 99009)
INFO:root:Loss: 187223.4091 +/- 529.7081
INFO:root:Epoch no. 60 of 500 (samples: 99009)
INFO:root:Loss: 185384.0501 +/- 518.034
INFO:root:Epoch no. 61 of 500 (samples: 99009)
INFO:root:Loss: 183582.6792 +/- 507.5774
INFO:root:Epoch no. 62 of 500 (samples: 99009)
INFO:root:Loss: 181817.6827 +/- 496.7259
INFO:root:Epoch no. 63 of 500 (samples: 99009)
INFO:root:Loss: 180088.2282 +/- 486.7684
INFO:root:Epoch no. 64 of 500 (samples: 99009)
INFO:root:Loss: 178392.8644 +/- 477.0706
INFO:root:Epoch no. 65 of 500 (samples: 99009)
INFO:root:Loss: 176730.643 +/- 467.8338
INFO:root:Epoch no. 66 of 500 (samples: 99009)
INFO:root:Loss: 175100.6592 +/- 458.8387
INFO:root:Epoch no. 67 of 500 (samples: 99009)
INFO:root:Loss: 173501.6924 +/- 450.5245
INFO:root:Epoch no. 68 of 500 (samples: 99009)
INFO:root:Loss: 171932.0571 +/- 440.9606
INFO:root:Epoch no. 69 of 500 (samples: 99009)
INFO:root:Loss: 170391.6461 +/- 433.581
INFO:root:Epoch no. 70 of 500 (samples: 99009)
INFO:root:Loss: 168879.7288 +/- 425.2408
INFO:root:Epoch no. 71 of 500 (samples: 99009)
INFO:root:Loss: 167394.7932 +/- 418.0745
INFO:root:Epoch no. 72 of 500 (samples: 99009)
INFO:root:Loss: 165936.6533 +/- 410.5853
INFO:root:Epoch no. 73 of 500 (samples: 99009)
INFO:root:Loss: 164504.4524 +/- 403.4726
INFO:root:Epoch no. 74 of 500 (samples: 99009)
INFO:root:Loss: 163096.6202 +/- 396.4911
INFO:root:Epoch no. 75 of 500 (samples: 99009)
INFO:root:Loss: 161713.7064 +/- 390.2053
INFO:root:Epoch no. 76 of 500 (samples: 99009)
INFO:root:Loss: 160353.6082 +/- 382.7392
INFO:root:Epoch no. 77 of 500 (samples: 99009)
INFO:root:Loss: 159016.8341 +/- 377.0749
INFO:root:Epoch no. 78 of 500 (samples: 99009)
INFO:root:Loss: 157702.8151 +/- 370.2603
INFO:root:Epoch no. 79 of 500 (samples: 99009)
INFO:root:Loss: 156409.8552 +/- 364.0952
INFO:root:Epoch no. 80 of 500 (samples: 99009)
INFO:root:Loss: 155138.4594 +/- 358.0888
INFO:root:Epoch no. 81 of 500 (samples: 99009)
INFO:root:Loss: 153886.5196 +/- 352.4342
INFO:root:Epoch no. 82 of 500 (samples: 99009)
INFO:root:Loss: 152655.5198 +/- 347.2304
INFO:root:Epoch no. 83 of 500 (samples: 99009)
INFO:root:Loss: 151443.7278 +/- 341.0799
INFO:root:Epoch no. 84 of 500 (samples: 99009)
INFO:root:Loss: 150251.5916 +/- 335.4348
INFO:root:Epoch no. 85 of 500 (samples: 99009)
INFO:root:Loss: 149077.4515 +/- 329.9858
INFO:root:Epoch no. 86 of 500 (samples: 99009)
INFO:root:Loss: 147921.1314 +/- 325.6185
INFO:root:Epoch no. 87 of 500 (samples: 99009)
INFO:root:Loss: 146782.6366 +/- 320.7901
INFO:root:Epoch no. 88 of 500 (samples: 99009)
INFO:root:Loss: 145661.4638 +/- 315.3337
INFO:root:Epoch no. 89 of 500 (samples: 99009)
INFO:root:Loss: 144557.0329 +/- 310.9219
INFO:root:Epoch no. 90 of 500 (samples: 99009)
INFO:root:Loss: 143469.1801 +/- 306.3326
INFO:root:Epoch no. 91 of 500 (samples: 99009)
INFO:root:Loss: 142396.6247 +/- 301.5349
INFO:root:Epoch no. 92 of 500 (samples: 99009)
INFO:root:Loss: 141340.6191 +/- 297.8006
INFO:root:Epoch no. 93 of 500 (samples: 99009)
INFO:root:Loss: 140299.3395 +/- 293.0425
INFO:root:Epoch no. 94 of 500 (samples: 99009)
INFO:root:Loss: 139273.009 +/- 288.7452
INFO:root:Epoch no. 95 of 500 (samples: 99009)
INFO:root:Loss: 138261.3933 +/- 283.8428
INFO:root:Epoch no. 96 of 500 (samples: 99009)
INFO:root:Loss: 137263.9124 +/- 281.0869
INFO:root:Epoch no. 97 of 500 (samples: 99009)
INFO:root:Loss: 136280.7593 +/- 277.2266
INFO:root:Epoch no. 98 of 500 (samples: 99009)
INFO:root:Loss: 135311.2178 +/- 273.2602
INFO:root:Epoch no. 99 of 500 (samples: 99009)
INFO:root:Loss: 134354.488 +/- 269.6568
INFO:root:Epoch no. 100 of 500 (samples: 99009)
INFO:root:Loss: 133411.5698 +/- 265.7397
INFO:root:Epoch no. 101 of 500 (samples: 99009)
INFO:root:Loss: 132480.8065 +/- 261.3697
INFO:root:Epoch no. 102 of 500 (samples: 99009)
INFO:root:Loss: 131562.9102 +/- 258.097
INFO:root:Epoch no. 103 of 500 (samples: 99009)
INFO:root:Loss: 130657.2457 +/- 255.142
INFO:root:Epoch no. 104 of 500 (samples: 99009)
INFO:root:Loss: 129763.6551 +/- 252.0031
INFO:root:Epoch no. 105 of 500 (samples: 99009)
INFO:root:Loss: 128881.3887 +/- 247.6987
INFO:root:Epoch no. 106 of 500 (samples: 99009)
INFO:root:Loss: 128011.7962 +/- 244.9105
INFO:root:Epoch no. 107 of 500 (samples: 99009)
INFO:root:Loss: 127152.8193 +/- 241.8837
INFO:root:Epoch no. 108 of 500 (samples: 99009)
INFO:root:Loss: 126304.9331 +/- 237.9406
INFO:root:Epoch no. 109 of 500 (samples: 99009)
INFO:root:Loss: 125467.8297 +/- 236.1043
INFO:root:Epoch no. 110 of 500 (samples: 99009)
INFO:root:Loss: 124641.3395 +/- 232.592
INFO:root:Epoch no. 111 of 500 (samples: 99009)
INFO:root:Loss: 123825.8003 +/- 229.9156
INFO:root:Epoch no. 112 of 500 (samples: 99009)
INFO:root:Loss: 123019.9167 +/- 225.5407
INFO:root:Epoch no. 113 of 500 (samples: 99009)
INFO:root:Loss: 122224.5039 +/- 223.591
INFO:root:Epoch no. 114 of 500 (samples: 99009)
INFO:root:Loss: 121438.7028 +/- 220.5929
INFO:root:Epoch no. 115 of 500 (samples: 99009)
INFO:root:Loss: 120662.8296 +/- 218.0308
INFO:root:Epoch no. 116 of 500 (samples: 99009)
INFO:root:Loss: 119896.4784 +/- 215.5718
INFO:root:Epoch no. 117 of 500 (samples: 99009)
INFO:root:Loss: 119139.3726 +/- 213.2728
INFO:root:Epoch no. 118 of 500 (samples: 99009)
INFO:root:Loss: 118391.3707 +/- 210.2044
INFO:root:Epoch no. 119 of 500 (samples: 99009)
INFO:root:Loss: 117652.4616 +/- 207.269
INFO:root:Epoch no. 120 of 500 (samples: 99009)
INFO:root:Loss: 116922.4246 +/- 204.603
INFO:root:Epoch no. 121 of 500 (samples: 99009)
INFO:root:Loss: 116200.9702 +/- 202.7272
INFO:root:Epoch no. 122 of 500 (samples: 99009)
INFO:root:Loss: 115488.4379 +/- 200.658
INFO:root:Epoch no. 123 of 500 (samples: 99009)
INFO:root:Loss: 114784.1934 +/- 198.0252
INFO:root:Epoch no. 124 of 500 (samples: 99009)
INFO:root:Loss: 114087.9962 +/- 195.3834
INFO:root:Epoch no. 125 of 500 (samples: 99009)
INFO:root:Loss: 113400.3496 +/- 192.8254
INFO:root:Epoch no. 126 of 500 (samples: 99009)
INFO:root:Loss: 112720.0669 +/- 190.9082
INFO:root:Epoch no. 127 of 500 (samples: 99009)
INFO:root:Loss: 112047.4179 +/- 188.9092
INFO:root:Epoch no. 128 of 500 (samples: 99009)
INFO:root:Loss: 111383.5944 +/- 187.6495
INFO:root:Epoch no. 129 of 500 (samples: 99009)
INFO:root:Loss: 110726.6116 +/- 184.1278
INFO:root:Epoch no. 130 of 500 (samples: 99009)
INFO:root:Loss: 110076.9643 +/- 182.2226
INFO:root:Epoch no. 131 of 500 (samples: 99009)
INFO:root:Loss: 109434.8255 +/- 180.2037
INFO:root:Epoch no. 132 of 500 (samples: 99009)
INFO:root:Loss: 108800.4394 +/- 178.3993
INFO:root:Epoch no. 133 of 500 (samples: 99009)
INFO:root:Loss: 108172.4061 +/- 177.2172
INFO:root:Epoch no. 134 of 500 (samples: 99009)
INFO:root:Loss: 107551.897 +/- 174.4425
INFO:root:Epoch no. 135 of 500 (samples: 99009)
INFO:root:Loss: 106937.2978 +/- 171.8779
INFO:root:Epoch no. 136 of 500 (samples: 99009)
INFO:root:Loss: 106330.4976 +/- 170.5949
INFO:root:Epoch no. 137 of 500 (samples: 99009)
INFO:root:Loss: 105729.6289 +/- 168.6001
INFO:root:Epoch no. 138 of 500 (samples: 99009)
INFO:root:Loss: 105136.1422 +/- 166.8993
INFO:root:Epoch no. 139 of 500 (samples: 99009)
INFO:root:Loss: 104548.074 +/- 165.2145
INFO:root:Epoch no. 140 of 500 (samples: 99009)
INFO:root:Loss: 103967.0741 +/- 162.7005
INFO:root:Epoch no. 141 of 500 (samples: 99009)
INFO:root:Loss: 103392.3297 +/- 161.8391
INFO:root:Epoch no. 142 of 500 (samples: 99009)
INFO:root:Loss: 102823.7356 +/- 159.1624
INFO:root:Epoch no. 143 of 500 (samples: 99009)
INFO:root:Loss: 102260.9341 +/- 157.7655
INFO:root:Epoch no. 144 of 500 (samples: 99009)
INFO:root:Loss: 101704.277 +/- 156.5642
INFO:root:Epoch no. 145 of 500 (samples: 99009)
INFO:root:Loss: 101152.7644 +/- 154.4429
INFO:root:Epoch no. 146 of 500 (samples: 99009)
INFO:root:Loss: 100608.4234 +/- 153.0407
INFO:root:Epoch no. 147 of 500 (samples: 99009)
INFO:root:Loss: 100069.4106 +/- 151.4402
INFO:root:Epoch no. 148 of 500 (samples: 99009)
INFO:root:Loss: 99535.1328 +/- 150.2538
INFO:root:Epoch no. 149 of 500 (samples: 99009)
INFO:root:Loss: 99006.8788 +/- 148.9245
INFO:root:Epoch no. 150 of 500 (samples: 99009)
INFO:root:Loss: 98484.4062 +/- 146.3873
INFO:root:Epoch no. 151 of 500 (samples: 99009)
INFO:root:Loss: 97967.0341 +/- 145.9482
INFO:root:Epoch no. 152 of 500 (samples: 99009)
INFO:root:Loss: 97455.1927 +/- 143.6043
INFO:root:Epoch no. 153 of 500 (samples: 99009)
INFO:root:Loss: 96948.3338 +/- 142.6248
INFO:root:Epoch no. 154 of 500 (samples: 99009)
INFO:root:Loss: 96446.6815 +/- 140.9206
INFO:root:Epoch no. 155 of 500 (samples: 99009)
INFO:root:Loss: 95950.6409 +/- 139.3482
INFO:root:Epoch no. 156 of 500 (samples: 99009)
INFO:root:Loss: 95458.7803 +/- 137.6736
INFO:root:Epoch no. 157 of 500 (samples: 99009)
INFO:root:Loss: 94972.1617 +/- 136.42
INFO:root:Epoch no. 158 of 500 (samples: 99009)
INFO:root:Loss: 94490.1903 +/- 135.356
INFO:root:Epoch no. 159 of 500 (samples: 99009)
INFO:root:Loss: 94014.1184 +/- 133.4467
INFO:root:Epoch no. 160 of 500 (samples: 99009)
INFO:root:Loss: 93541.4949 +/- 131.9978
INFO:root:Epoch no. 161 of 500 (samples: 99009)
INFO:root:Loss: 93074.1624 +/- 131.0692
INFO:root:Epoch no. 162 of 500 (samples: 99009)
INFO:root:Loss: 92611.4634 +/- 129.2947
INFO:root:Epoch no. 163 of 500 (samples: 99009)
INFO:root:Loss: 92152.7729 +/- 128.5947
INFO:root:Epoch no. 164 of 500 (samples: 99009)
INFO:root:Loss: 91699.4718 +/- 127.3525
INFO:root:Epoch no. 165 of 500 (samples: 99009)
INFO:root:Loss: 91249.8086 +/- 125.8442
INFO:root:Epoch no. 166 of 500 (samples: 99009)
INFO:root:Loss: 90804.5936 +/- 124.6057
INFO:root:Epoch no. 167 of 500 (samples: 99009)
INFO:root:Loss: 90363.9731 +/- 124.0489
INFO:root:Epoch no. 168 of 500 (samples: 99009)
INFO:root:Loss: 89927.5432 +/- 122.887
INFO:root:Epoch no. 169 of 500 (samples: 99009)
INFO:root:Loss: 89495.5674 +/- 121.1543
INFO:root:Epoch no. 170 of 500 (samples: 99009)
INFO:root:Loss: 89067.3752 +/- 120.3689
INFO:root:Epoch no. 171 of 500 (samples: 99009)
INFO:root:Loss: 88643.601 +/- 118.8869
INFO:root:Epoch no. 172 of 500 (samples: 99009)
INFO:root:Loss: 88223.1528 +/- 117.4603
INFO:root:Epoch no. 173 of 500 (samples: 99009)
INFO:root:Loss: 87807.8043 +/- 116.1679
INFO:root:Epoch no. 174 of 500 (samples: 99009)
INFO:root:Loss: 87395.5456 +/- 115.5043
INFO:root:Epoch no. 175 of 500 (samples: 99009)
INFO:root:Loss: 86987.3058 +/- 114.7079
INFO:root:Epoch no. 176 of 500 (samples: 99009)
INFO:root:Loss: 86583.2255 +/- 113.4459
INFO:root:Epoch no. 177 of 500 (samples: 99009)
INFO:root:Loss: 86182.6598 +/- 111.9506
INFO:root:Epoch no. 178 of 500 (samples: 99009)
INFO:root:Loss: 85785.3167 +/- 111.1311
INFO:root:Epoch no. 179 of 500 (samples: 99009)
INFO:root:Loss: 85392.5881 +/- 110.0799
INFO:root:Epoch no. 180 of 500 (samples: 99009)
INFO:root:Loss: 85002.9252 +/- 108.798
INFO:root:Epoch no. 181 of 500 (samples: 99009)
INFO:root:Loss: 84617.4104 +/- 108.1365
INFO:root:Epoch no. 182 of 500 (samples: 99009)
INFO:root:Loss: 84235.0588 +/- 107.0705
INFO:root:Epoch no. 183 of 500 (samples: 99009)
INFO:root:Loss: 83856.2124 +/- 107.2767
INFO:root:Epoch no. 184 of 500 (samples: 99009)
INFO:root:Loss: 83480.9677 +/- 105.949
INFO:root:Epoch no. 185 of 500 (samples: 99009)
INFO:root:Loss: 83108.7613 +/- 103.5326
INFO:root:Epoch no. 186 of 500 (samples: 99009)
INFO:root:Loss: 82740.746 +/- 103.4365
INFO:root:Epoch no. 187 of 500 (samples: 99009)
INFO:root:Loss: 82375.2406 +/- 101.71
INFO:root:Epoch no. 188 of 500 (samples: 99009)
INFO:root:Loss: 82013.8118 +/- 101.1986
INFO:root:Epoch no. 189 of 500 (samples: 99009)
INFO:root:Loss: 81655.0272 +/- 100.3012
INFO:root:Epoch no. 190 of 500 (samples: 99009)
INFO:root:Loss: 81299.9539 +/- 99.7858
INFO:root:Epoch no. 191 of 500 (samples: 99009)
INFO:root:Loss: 80947.4679 +/- 98.1545
INFO:root:Epoch no. 192 of 500 (samples: 99009)
INFO:root:Loss: 80598.5027 +/- 97.1862
INFO:root:Epoch no. 193 of 500 (samples: 99009)
INFO:root:Loss: 80252.2662 +/- 96.4869
INFO:root:Epoch no. 194 of 500 (samples: 99009)
INFO:root:Loss: 79909.7736 +/- 95.9611
INFO:root:Epoch no. 195 of 500 (samples: 99009)
INFO:root:Loss: 79570.3252 +/- 95.2558
INFO:root:Epoch no. 196 of 500 (samples: 99009)
INFO:root:Loss: 79233.3866 +/- 94.1107
INFO:root:Epoch no. 197 of 500 (samples: 99009)
INFO:root:Loss: 78899.3094 +/- 93.3462
INFO:root:Epoch no. 198 of 500 (samples: 99009)
INFO:root:Loss: 78568.4798 +/- 92.2987
INFO:root:Epoch no. 199 of 500 (samples: 99009)
INFO:root:Loss: 78240.4952 +/- 91.0732
INFO:root:Epoch no. 200 of 500 (samples: 99009)
INFO:root:Loss: 77915.2979 +/- 90.2117
INFO:root:Epoch no. 201 of 500 (samples: 99009)
INFO:root:Loss: 77593.3248 +/- 90.2579
INFO:root:Epoch no. 202 of 500 (samples: 99009)
INFO:root:Loss: 77273.2815 +/- 89.1164
INFO:root:Epoch no. 203 of 500 (samples: 99009)
INFO:root:Loss: 76957.1511 +/- 88.4908
INFO:root:Epoch no. 204 of 500 (samples: 99009)
INFO:root:Loss: 76642.6221 +/- 88.0763
INFO:root:Epoch no. 205 of 500 (samples: 99009)
INFO:root:Loss: 76331.4096 +/- 86.6615
INFO:root:Epoch no. 206 of 500 (samples: 99009)
INFO:root:Loss: 76023.0326 +/- 86.0679
INFO:root:Epoch no. 207 of 500 (samples: 99009)
INFO:root:Loss: 75716.9474 +/- 85.7738
INFO:root:Epoch no. 208 of 500 (samples: 99009)
INFO:root:Loss: 75413.4805 +/- 84.0515
INFO:root:Epoch no. 209 of 500 (samples: 99009)
INFO:root:Loss: 75113.1595 +/- 84.3089
INFO:root:Epoch no. 210 of 500 (samples: 99009)
INFO:root:Loss: 74814.9716 +/- 83.0814
INFO:root:Epoch no. 211 of 500 (samples: 99009)
INFO:root:Loss: 74519.2875 +/- 82.2689
INFO:root:Epoch no. 212 of 500 (samples: 99009)
INFO:root:Loss: 74225.5408 +/- 81.5553
INFO:root:Epoch no. 213 of 500 (samples: 99009)
INFO:root:Loss: 73935.4278 +/- 80.6921
INFO:root:Epoch no. 214 of 500 (samples: 99009)
INFO:root:Loss: 73647.0981 +/- 80.5595
INFO:root:Epoch no. 215 of 500 (samples: 99009)
INFO:root:Loss: 73361.5539 +/- 79.8907
INFO:root:Epoch no. 216 of 500 (samples: 99009)
INFO:root:Loss: 73077.9601 +/- 78.1466
INFO:root:Epoch no. 217 of 500 (samples: 99009)
INFO:root:Loss: 72796.8081 +/- 78.4346
INFO:root:Epoch no. 218 of 500 (samples: 99009)
INFO:root:Loss: 72518.4476 +/- 78.0856
INFO:root:Epoch no. 219 of 500 (samples: 99009)
INFO:root:Loss: 72241.985 +/- 76.7538
INFO:root:Epoch no. 220 of 500 (samples: 99009)
INFO:root:Loss: 71968.1851 +/- 76.2422
INFO:root:Epoch no. 221 of 500 (samples: 99009)
INFO:root:Loss: 71696.4227 +/- 74.7972
INFO:root:Epoch no. 222 of 500 (samples: 99009)
INFO:root:Loss: 71426.7202 +/- 75.2215
INFO:root:Epoch no. 223 of 500 (samples: 99009)
INFO:root:Loss: 71158.8225 +/- 74.0215
INFO:root:Epoch no. 224 of 500 (samples: 99009)
INFO:root:Loss: 70894.1611 +/- 74.1771
INFO:root:Epoch no. 225 of 500 (samples: 99009)
INFO:root:Loss: 70630.9683 +/- 73.3081
INFO:root:Epoch no. 226 of 500 (samples: 99009)
INFO:root:Loss: 70370.5405 +/- 72.6106
INFO:root:Epoch no. 227 of 500 (samples: 99009)
INFO:root:Loss: 70111.7501 +/- 71.8126
INFO:root:Epoch no. 228 of 500 (samples: 99009)
INFO:root:Loss: 69855.4136 +/- 71.0945
INFO:root:Epoch no. 229 of 500 (samples: 99009)
INFO:root:Loss: 69600.7176 +/- 70.7231
INFO:root:Epoch no. 230 of 500 (samples: 99009)
INFO:root:Loss: 69348.1255 +/- 70.4718
INFO:root:Epoch no. 231 of 500 (samples: 99009)
INFO:root:Loss: 69097.941 +/- 69.2487
INFO:root:Epoch no. 232 of 500 (samples: 99009)
INFO:root:Loss: 68849.7522 +/- 69.3102
INFO:root:Epoch no. 233 of 500 (samples: 99009)
INFO:root:Loss: 68603.3776 +/- 68.7664
INFO:root:Epoch no. 234 of 500 (samples: 99009)
INFO:root:Loss: 68359.2823 +/- 67.3818
INFO:root:Epoch no. 235 of 500 (samples: 99009)
INFO:root:Loss: 68116.2013 +/- 67.8394
INFO:root:Epoch no. 236 of 500 (samples: 99009)
INFO:root:Loss: 67876.0357 +/- 67.5221
INFO:root:Epoch no. 237 of 500 (samples: 99009)
INFO:root:Loss: 67637.7472 +/- 66.3252
INFO:root:Epoch no. 238 of 500 (samples: 99009)
INFO:root:Loss: 67401.1127 +/- 65.8776
INFO:root:Epoch no. 239 of 500 (samples: 99009)
INFO:root:Loss: 67166.1562 +/- 65.7122
INFO:root:Epoch no. 240 of 500 (samples: 99009)
INFO:root:Loss: 66933.2764 +/- 64.6615
INFO:root:Epoch no. 241 of 500 (samples: 99009)
INFO:root:Loss: 66702.1127 +/- 64.2925
INFO:root:Epoch no. 242 of 500 (samples: 99009)
INFO:root:Loss: 66472.8286 +/- 64.0344
INFO:root:Epoch no. 243 of 500 (samples: 99009)
INFO:root:Loss: 66245.4942 +/- 62.931
INFO:root:Epoch no. 244 of 500 (samples: 99009)
INFO:root:Loss: 66020.0166 +/- 62.5756
INFO:root:Epoch no. 245 of 500 (samples: 99009)
INFO:root:Loss: 65796.1093 +/- 62.3528
INFO:root:Epoch no. 246 of 500 (samples: 99009)
INFO:root:Loss: 65574.0616 +/- 61.641
INFO:root:Epoch no. 247 of 500 (samples: 99009)
INFO:root:Loss: 65353.7876 +/- 61.2989
INFO:root:Epoch no. 248 of 500 (samples: 99009)
INFO:root:Loss: 65134.9702 +/- 60.8905
INFO:root:Epoch no. 249 of 500 (samples: 99009)
INFO:root:Loss: 64917.7196 +/- 60.1797
INFO:root:Epoch no. 250 of 500 (samples: 99009)
INFO:root:Loss: 64702.7811 +/- 59.8855
INFO:root:Epoch no. 251 of 500 (samples: 99009)
INFO:root:Loss: 64489.153 +/- 59.6503
INFO:root:Epoch no. 252 of 500 (samples: 99009)
INFO:root:Loss: 64277.5029 +/- 58.9438
INFO:root:Epoch no. 253 of 500 (samples: 99009)
INFO:root:Loss: 64067.1223 +/- 58.8972
INFO:root:Epoch no. 254 of 500 (samples: 99009)
INFO:root:Loss: 63857.9049 +/- 58.4581
INFO:root:Epoch no. 255 of 500 (samples: 99009)
INFO:root:Loss: 63650.9059 +/- 57.4424
INFO:root:Epoch no. 256 of 500 (samples: 99009)
INFO:root:Loss: 63445.3501 +/- 57.4056
INFO:root:Epoch no. 257 of 500 (samples: 99009)
INFO:root:Loss: 63241.5492 +/- 56.0918
INFO:root:Epoch no. 258 of 500 (samples: 99009)
INFO:root:Loss: 63039.3056 +/- 56.1138
INFO:root:Epoch no. 259 of 500 (samples: 99009)
INFO:root:Loss: 62838.4621 +/- 56.1279
INFO:root:Epoch no. 260 of 500 (samples: 99009)
INFO:root:Loss: 62639.3773 +/- 55.4255
INFO:root:Epoch no. 261 of 500 (samples: 99009)
INFO:root:Loss: 62441.6999 +/- 54.7713
INFO:root:Epoch no. 262 of 500 (samples: 99009)
INFO:root:Loss: 62245.0046 +/- 54.3186
INFO:root:Epoch no. 263 of 500 (samples: 99009)
INFO:root:Loss: 62050.2529 +/- 54.3624
INFO:root:Epoch no. 264 of 500 (samples: 99009)
INFO:root:Loss: 61857.087 +/- 53.4198
INFO:root:Epoch no. 265 of 500 (samples: 99009)
INFO:root:Loss: 61665.2635 +/- 53.3536
INFO:root:Epoch no. 266 of 500 (samples: 99009)
INFO:root:Loss: 61474.5789 +/- 52.7285
INFO:root:Epoch no. 267 of 500 (samples: 99009)
INFO:root:Loss: 61285.8599 +/- 52.623
INFO:root:Epoch no. 268 of 500 (samples: 99009)
INFO:root:Loss: 61098.1212 +/- 52.5314
INFO:root:Epoch no. 269 of 500 (samples: 99009)
INFO:root:Loss: 60912.0132 +/- 51.1445
INFO:root:Epoch no. 270 of 500 (samples: 99009)
INFO:root:Loss: 60727.7621 +/- 50.9779
INFO:root:Epoch no. 271 of 500 (samples: 99009)
INFO:root:Loss: 60543.8557 +/- 50.693
INFO:root:Epoch no. 272 of 500 (samples: 99009)
INFO:root:Loss: 60362.0912 +/- 50.212
INFO:root:Epoch no. 273 of 500 (samples: 99009)
INFO:root:Loss: 60181.3186 +/- 50.4053
INFO:root:Epoch no. 274 of 500 (samples: 99009)
INFO:root:Loss: 60001.7919 +/- 49.3546
INFO:root:Epoch no. 275 of 500 (samples: 99009)
INFO:root:Loss: 59824.1328 +/- 49.6708
INFO:root:Epoch no. 276 of 500 (samples: 99009)
INFO:root:Loss: 59647.2115 +/- 49.1266
INFO:root:Epoch no. 277 of 500 (samples: 99009)
INFO:root:Loss: 59471.7662 +/- 48.3099
INFO:root:Epoch no. 278 of 500 (samples: 99009)
INFO:root:Loss: 59297.733 +/- 48.2959
INFO:root:Epoch no. 279 of 500 (samples: 99009)
INFO:root:Loss: 59124.9285 +/- 47.8237
INFO:root:Epoch no. 280 of 500 (samples: 99009)
INFO:root:Loss: 58953.4698 +/- 47.571
INFO:root:Epoch no. 281 of 500 (samples: 99009)
INFO:root:Loss: 58782.9565 +/- 47.744
INFO:root:Epoch no. 282 of 500 (samples: 99009)
INFO:root:Loss: 58614.2222 +/- 47.0946
INFO:root:Epoch no. 283 of 500 (samples: 99009)
INFO:root:Loss: 58446.3256 +/- 46.3752
INFO:root:Epoch no. 284 of 500 (samples: 99009)
INFO:root:Loss: 58279.8033 +/- 45.7633
INFO:root:Epoch no. 285 of 500 (samples: 99009)
INFO:root:Loss: 58114.2966 +/- 46.1648
INFO:root:Epoch no. 286 of 500 (samples: 99009)
INFO:root:Loss: 57950.088 +/- 45.3304
INFO:root:Epoch no. 287 of 500 (samples: 99009)
INFO:root:Loss: 57787.345 +/- 45.2902
INFO:root:Epoch no. 288 of 500 (samples: 99009)
INFO:root:Loss: 57625.3522 +/- 44.2093
INFO:root:Epoch no. 289 of 500 (samples: 99009)
INFO:root:Loss: 57465.0513 +/- 44.1116
INFO:root:Epoch no. 290 of 500 (samples: 99009)
INFO:root:Loss: 57305.4753 +/- 44.1954
INFO:root:Epoch no. 291 of 500 (samples: 99009)
INFO:root:Loss: 57147.1774 +/- 43.7297
INFO:root:Epoch no. 292 of 500 (samples: 99009)
INFO:root:Loss: 56989.7629 +/- 43.2852
INFO:root:Epoch no. 293 of 500 (samples: 99009)
INFO:root:Loss: 56834.0623 +/- 43.0643
INFO:root:Epoch no. 294 of 500 (samples: 99009)
INFO:root:Loss: 56678.8662 +/- 42.6481
INFO:root:Epoch no. 295 of 500 (samples: 99009)
INFO:root:Loss: 56524.96 +/- 42.3292
INFO:root:Epoch no. 296 of 500 (samples: 99009)
INFO:root:Loss: 56372.4078 +/- 42.6025
INFO:root:Epoch no. 297 of 500 (samples: 99009)
INFO:root:Loss: 56220.826 +/- 42.341
INFO:root:Epoch no. 298 of 500 (samples: 99009)
INFO:root:Loss: 56070.3217 +/- 40.902
INFO:root:Epoch no. 299 of 500 (samples: 99009)
INFO:root:Loss: 55920.7778 +/- 41.1661
INFO:root:Epoch no. 300 of 500 (samples: 99009)
INFO:root:Loss: 55771.8356 +/- 41.4132
INFO:root:Epoch no. 301 of 500 (samples: 99009)
INFO:root:Loss: 55624.7394 +/- 40.3679
INFO:root:Epoch no. 302 of 500 (samples: 99009)
INFO:root:Loss: 55478.2496 +/- 40.08
INFO:root:Epoch no. 303 of 500 (samples: 99009)
INFO:root:Loss: 55333.0785 +/- 40.061
INFO:root:Epoch no. 304 of 500 (samples: 99009)
INFO:root:Loss: 55189.1028 +/- 39.5769
INFO:root:Epoch no. 305 of 500 (samples: 99009)
INFO:root:Loss: 55045.9102 +/- 39.1893
INFO:root:Epoch no. 306 of 500 (samples: 99009)
INFO:root:Loss: 54903.3419 +/- 38.9545
INFO:root:Epoch no. 307 of 500 (samples: 99009)
INFO:root:Loss: 54762.453 +/- 39.0277
INFO:root:Epoch no. 308 of 500 (samples: 99009)
INFO:root:Loss: 54621.8153 +/- 38.427
INFO:root:Epoch no. 309 of 500 (samples: 99009)
INFO:root:Loss: 54482.7657 +/- 38.8017
INFO:root:Epoch no. 310 of 500 (samples: 99009)
INFO:root:Loss: 54344.293 +/- 37.9398
INFO:root:Epoch no. 311 of 500 (samples: 99009)
INFO:root:Loss: 54206.9525 +/- 38.3058
INFO:root:Epoch no. 312 of 500 (samples: 99009)
INFO:root:Loss: 54070.6953 +/- 37.4268
INFO:root:Epoch no. 313 of 500 (samples: 99009)
INFO:root:Loss: 53935.1268 +/- 36.8936
INFO:root:Epoch no. 314 of 500 (samples: 99009)
INFO:root:Loss: 53801.007 +/- 37.2262
INFO:root:Epoch no. 315 of 500 (samples: 99009)
INFO:root:Loss: 53667.0605 +/- 36.8273
INFO:root:Epoch no. 316 of 500 (samples: 99009)
INFO:root:Loss: 53534.1379 +/- 36.6843
INFO:root:Epoch no. 317 of 500 (samples: 99009)
INFO:root:Loss: 53402.7016 +/- 36.3904
INFO:root:Epoch no. 318 of 500 (samples: 99009)
INFO:root:Loss: 53271.7639 +/- 35.7053
INFO:root:Epoch no. 319 of 500 (samples: 99009)
INFO:root:Loss: 53141.6373 +/- 35.9053
INFO:root:Epoch no. 320 of 500 (samples: 99009)
INFO:root:Loss: 53012.7672 +/- 35.8786
INFO:root:Epoch no. 321 of 500 (samples: 99009)
INFO:root:Loss: 52884.772 +/- 34.8486
INFO:root:Epoch no. 322 of 500 (samples: 99009)
INFO:root:Loss: 52757.3149 +/- 35.0988
INFO:root:Epoch no. 323 of 500 (samples: 99009)
INFO:root:Loss: 52630.9529 +/- 34.86
INFO:root:Epoch no. 324 of 500 (samples: 99009)
INFO:root:Loss: 52505.5515 +/- 34.1903
INFO:root:Epoch no. 325 of 500 (samples: 99009)
INFO:root:Loss: 52381.2412 +/- 34.2802
INFO:root:Epoch no. 326 of 500 (samples: 99009)
INFO:root:Loss: 52257.2898 +/- 34.4474
INFO:root:Epoch no. 327 of 500 (samples: 99009)
INFO:root:Loss: 52134.4684 +/- 33.874
INFO:root:Epoch no. 328 of 500 (samples: 99009)
INFO:root:Loss: 52011.9978 +/- 33.5926
INFO:root:Epoch no. 329 of 500 (samples: 99009)
INFO:root:Loss: 51890.7911 +/- 33.4072
INFO:root:Epoch no. 330 of 500 (samples: 99009)
INFO:root:Loss: 51770.3437 +/- 33.0703
INFO:root:Epoch no. 331 of 500 (samples: 99009)
INFO:root:Loss: 51650.5474 +/- 32.8743
INFO:root:Epoch no. 332 of 500 (samples: 99009)
INFO:root:Loss: 51531.6794 +/- 31.7025
INFO:root:Epoch no. 333 of 500 (samples: 99009)
INFO:root:Loss: 51413.6569 +/- 32.4179
INFO:root:Epoch no. 334 of 500 (samples: 99009)
INFO:root:Loss: 51296.4937 +/- 32.3394
INFO:root:Epoch no. 335 of 500 (samples: 99009)
INFO:root:Loss: 51180.3716 +/- 32.1519
INFO:root:Epoch no. 336 of 500 (samples: 99009)
INFO:root:Loss: 51064.7382 +/- 31.5054
INFO:root:Epoch no. 337 of 500 (samples: 99009)
INFO:root:Loss: 50949.3975 +/- 31.54
INFO:root:Epoch no. 338 of 500 (samples: 99009)
INFO:root:Loss: 50835.4835 +/- 30.5855
INFO:root:Epoch no. 339 of 500 (samples: 99009)
INFO:root:Loss: 50722.1061 +/- 30.6081
INFO:root:Epoch no. 340 of 500 (samples: 99009)
INFO:root:Loss: 50609.4746 +/- 30.5538
INFO:root:Epoch no. 341 of 500 (samples: 99009)
INFO:root:Loss: 50497.9571 +/- 30.3596
INFO:root:Epoch no. 342 of 500 (samples: 99009)
INFO:root:Loss: 50386.2461 +/- 30.2496
INFO:root:Epoch no. 343 of 500 (samples: 99009)
INFO:root:Loss: 50276.3726 +/- 30.6274
INFO:root:Epoch no. 344 of 500 (samples: 99009)
INFO:root:Loss: 50166.6409 +/- 30.1787
INFO:root:Epoch no. 345 of 500 (samples: 99009)
INFO:root:Loss: 50057.7814 +/- 29.7513
INFO:root:Epoch no. 346 of 500 (samples: 99009)
INFO:root:Loss: 49949.3464 +/- 29.7579
INFO:root:Epoch no. 347 of 500 (samples: 99009)
INFO:root:Loss: 49841.8043 +/- 29.6889
INFO:root:Epoch no. 348 of 500 (samples: 99009)
INFO:root:Loss: 49735.0741 +/- 29.1391
INFO:root:Epoch no. 349 of 500 (samples: 99009)
INFO:root:Loss: 49629.4113 +/- 29.0673
INFO:root:Epoch no. 350 of 500 (samples: 99009)
INFO:root:Loss: 49523.9777 +/- 28.9773
INFO:root:Epoch no. 351 of 500 (samples: 99009)
INFO:root:Loss: 49418.932 +/- 28.1664
INFO:root:Epoch no. 352 of 500 (samples: 99009)
INFO:root:Loss: 49315.3761 +/- 28.3558
INFO:root:Epoch no. 353 of 500 (samples: 99009)
INFO:root:Loss: 49211.7658 +/- 28.3644
INFO:root:Epoch no. 354 of 500 (samples: 99009)
INFO:root:Loss: 49109.2511 +/- 27.7733
INFO:root:Epoch no. 355 of 500 (samples: 99009)
INFO:root:Loss: 49007.4154 +/- 27.9159
INFO:root:Epoch no. 356 of 500 (samples: 99009)
INFO:root:Loss: 48906.2921 +/- 27.0323
INFO:root:Epoch no. 357 of 500 (samples: 99009)
INFO:root:Loss: 48805.6579 +/- 27.4324
INFO:root:Epoch no. 358 of 500 (samples: 99009)
INFO:root:Loss: 48705.431 +/- 26.7998
INFO:root:Epoch no. 359 of 500 (samples: 99009)
INFO:root:Loss: 48606.7265 +/- 27.6607
INFO:root:Epoch no. 360 of 500 (samples: 99009)
INFO:root:Loss: 48507.8217 +/- 26.8894
INFO:root:Epoch no. 361 of 500 (samples: 99009)
INFO:root:Loss: 48409.696 +/- 26.5497
INFO:root:Epoch no. 362 of 500 (samples: 99009)
INFO:root:Loss: 48312.3425 +/- 26.158
INFO:root:Epoch no. 363 of 500 (samples: 99009)
INFO:root:Loss: 48215.7893 +/- 26.237
INFO:root:Epoch no. 364 of 500 (samples: 99009)
INFO:root:Loss: 48120.0889 +/- 26.3731
INFO:root:Epoch no. 365 of 500 (samples: 99009)
INFO:root:Loss: 48024.2019 +/- 26.2273
INFO:root:Epoch no. 366 of 500 (samples: 99009)
INFO:root:Loss: 47929.4582 +/- 26.1505
INFO:root:Epoch no. 367 of 500 (samples: 99009)
INFO:root:Loss: 47835.0756 +/- 26.2973
INFO:root:Epoch no. 368 of 500 (samples: 99009)
INFO:root:Loss: 47741.4261 +/- 25.449
INFO:root:Epoch no. 369 of 500 (samples: 99009)
INFO:root:Loss: 47648.2902 +/- 25.0052
INFO:root:Epoch no. 370 of 500 (samples: 99009)
INFO:root:Loss: 47555.8352 +/- 25.7844
INFO:root:Epoch no. 371 of 500 (samples: 99009)
INFO:root:Loss: 47464.3554 +/- 25.2028
INFO:root:Epoch no. 372 of 500 (samples: 99009)
INFO:root:Loss: 47372.6808 +/- 24.4913
INFO:root:Epoch no. 373 of 500 (samples: 99009)
INFO:root:Loss: 47281.8367 +/- 24.8469
INFO:root:Epoch no. 374 of 500 (samples: 99009)
INFO:root:Loss: 47191.7876 +/- 24.6048
INFO:root:Epoch no. 375 of 500 (samples: 99009)
INFO:root:Loss: 47102.431 +/- 24.1914
INFO:root:Epoch no. 376 of 500 (samples: 99009)
INFO:root:Loss: 47013.5226 +/- 23.933
INFO:root:Epoch no. 377 of 500 (samples: 99009)
INFO:root:Loss: 46925.4757 +/- 23.8682
INFO:root:Epoch no. 378 of 500 (samples: 99009)
INFO:root:Loss: 46837.3663 +/- 23.9465
INFO:root:Epoch no. 379 of 500 (samples: 99009)
INFO:root:Loss: 46750.3139 +/- 23.8861
INFO:root:Epoch no. 380 of 500 (samples: 99009)
INFO:root:Loss: 46663.3999 +/- 23.5957
INFO:root:Epoch no. 381 of 500 (samples: 99009)
INFO:root:Loss: 46577.384 +/- 23.4352
INFO:root:Epoch no. 382 of 500 (samples: 99009)
INFO:root:Loss: 46491.8658 +/- 23.4943
INFO:root:Epoch no. 383 of 500 (samples: 99009)
INFO:root:Loss: 46406.6027 +/- 23.2695
INFO:root:Epoch no. 384 of 500 (samples: 99009)
INFO:root:Loss: 46322.1476 +/- 22.7971
INFO:root:Epoch no. 385 of 500 (samples: 99009)
INFO:root:Loss: 46238.1851 +/- 22.7963
INFO:root:Epoch no. 386 of 500 (samples: 99009)
INFO:root:Loss: 46154.5962 +/- 22.6108
INFO:root:Epoch no. 387 of 500 (samples: 99009)
INFO:root:Loss: 46071.8834 +/- 22.8348
INFO:root:Epoch no. 388 of 500 (samples: 99009)
INFO:root:Loss: 45989.5787 +/- 22.3493
INFO:root:Epoch no. 389 of 500 (samples: 99009)
INFO:root:Loss: 45907.3714 +/- 22.2922
INFO:root:Epoch no. 390 of 500 (samples: 99009)
INFO:root:Loss: 45826.2375 +/- 21.8923
INFO:root:Epoch no. 391 of 500 (samples: 99009)
INFO:root:Loss: 45745.2063 +/- 21.9265
INFO:root:Epoch no. 392 of 500 (samples: 99009)
INFO:root:Loss: 45665.095 +/- 21.5537
INFO:root:Epoch no. 393 of 500 (samples: 99009)
INFO:root:Loss: 45584.8411 +/- 21.4142
INFO:root:Epoch no. 394 of 500 (samples: 99009)
INFO:root:Loss: 45505.6107 +/- 21.2497
INFO:root:Epoch no. 395 of 500 (samples: 99009)
INFO:root:Loss: 45426.8203 +/- 21.3967
INFO:root:Epoch no. 396 of 500 (samples: 99009)
INFO:root:Loss: 45348.2708 +/- 20.7955
INFO:root:Epoch no. 397 of 500 (samples: 99009)
INFO:root:Loss: 45270.4935 +/- 21.1543
INFO:root:Epoch no. 398 of 500 (samples: 99009)
INFO:root:Loss: 45193.2786 +/- 21.0581
INFO:root:Epoch no. 399 of 500 (samples: 99009)
INFO:root:Loss: 45116.6317 +/- 20.7551
INFO:root:Epoch no. 400 of 500 (samples: 99009)
INFO:root:Loss: 45039.9654 +/- 21.4261
INFO:root:Epoch no. 401 of 500 (samples: 99009)
INFO:root:Loss: 44963.8244 +/- 20.294
INFO:root:Epoch no. 402 of 500 (samples: 99009)
INFO:root:Loss: 44888.5133 +/- 20.6799
INFO:root:Epoch no. 403 of 500 (samples: 99009)
INFO:root:Loss: 44813.6122 +/- 19.6496
INFO:root:Epoch no. 404 of 500 (samples: 99009)
INFO:root:Loss: 44738.9742 +/- 20.0534
INFO:root:Epoch no. 405 of 500 (samples: 99009)
INFO:root:Loss: 44664.9784 +/- 20.483
INFO:root:Epoch no. 406 of 500 (samples: 99009)
INFO:root:Loss: 44591.3494 +/- 19.9259
INFO:root:Epoch no. 407 of 500 (samples: 99009)
INFO:root:Loss: 44518.1517 +/- 19.3422
INFO:root:Epoch no. 408 of 500 (samples: 99009)
INFO:root:Loss: 44445.5413 +/- 19.5218
INFO:root:Epoch no. 409 of 500 (samples: 99009)
INFO:root:Loss: 44373.265 +/- 19.4208
INFO:root:Epoch no. 410 of 500 (samples: 99009)
INFO:root:Loss: 44301.1605 +/- 19.263
INFO:root:Epoch no. 411 of 500 (samples: 99009)
INFO:root:Loss: 44229.8271 +/- 19.1447
INFO:root:Epoch no. 412 of 500 (samples: 99009)
INFO:root:Loss: 44158.7716 +/- 18.9982
INFO:root:Epoch no. 413 of 500 (samples: 99009)
INFO:root:Loss: 44088.2763 +/- 18.7856
INFO:root:Epoch no. 414 of 500 (samples: 99009)
INFO:root:Loss: 44018.4821 +/- 18.857
INFO:root:Epoch no. 415 of 500 (samples: 99009)
INFO:root:Loss: 43948.6573 +/- 18.3129
INFO:root:Epoch no. 416 of 500 (samples: 99009)
INFO:root:Loss: 43879.0761 +/- 18.6234
INFO:root:Epoch no. 417 of 500 (samples: 99009)
INFO:root:Loss: 43810.6734 +/- 18.5431
INFO:root:Epoch no. 418 of 500 (samples: 99009)
INFO:root:Loss: 43742.2216 +/- 18.5312
INFO:root:Epoch no. 419 of 500 (samples: 99009)
INFO:root:Loss: 43674.4744 +/- 18.4974
INFO:root:Epoch no. 420 of 500 (samples: 99009)
INFO:root:Loss: 43606.9707 +/- 18.51
INFO:root:Epoch no. 421 of 500 (samples: 99009)
INFO:root:Loss: 43539.5453 +/- 18.0733
INFO:root:Epoch no. 422 of 500 (samples: 99009)
INFO:root:Loss: 43472.941 +/- 18.071
INFO:root:Epoch no. 423 of 500 (samples: 99009)
INFO:root:Loss: 43406.3159 +/- 17.4919
INFO:root:Epoch no. 424 of 500 (samples: 99009)
INFO:root:Loss: 43340.9712 +/- 18.2691
INFO:root:Epoch no. 425 of 500 (samples: 99009)
INFO:root:Loss: 43274.9951 +/- 17.6113
INFO:root:Epoch no. 426 of 500 (samples: 99009)
INFO:root:Loss: 43209.9598 +/- 17.4254
INFO:root:Epoch no. 427 of 500 (samples: 99009)
INFO:root:Loss: 43145.2968 +/- 17.2231
INFO:root:Epoch no. 428 of 500 (samples: 99009)
INFO:root:Loss: 43080.5989 +/- 17.3894
INFO:root:Epoch no. 429 of 500 (samples: 99009)
INFO:root:Loss: 43016.8439 +/- 17.4387
INFO:root:Epoch no. 430 of 500 (samples: 99009)
INFO:root:Loss: 42953.1634 +/- 17.0707
INFO:root:Epoch no. 431 of 500 (samples: 99009)
INFO:root:Loss: 42890.3634 +/- 16.829
INFO:root:Epoch no. 432 of 500 (samples: 99009)
INFO:root:Loss: 42827.2629 +/- 16.8215
INFO:root:Epoch no. 433 of 500 (samples: 99009)
INFO:root:Loss: 42764.6878 +/- 16.8654
INFO:root:Epoch no. 434 of 500 (samples: 99009)
INFO:root:Loss: 42702.6467 +/- 16.8851
INFO:root:Epoch no. 435 of 500 (samples: 99009)
INFO:root:Loss: 42641.2407 +/- 16.8355
INFO:root:Epoch no. 436 of 500 (samples: 99009)
INFO:root:Loss: 42579.6408 +/- 15.9866
INFO:root:Epoch no. 437 of 500 (samples: 99009)
INFO:root:Loss: 42518.4184 +/- 16.1645
INFO:root:Epoch no. 438 of 500 (samples: 99009)
INFO:root:Loss: 42457.8355 +/- 16.4298
INFO:root:Epoch no. 439 of 500 (samples: 99009)
INFO:root:Loss: 42398.1762 +/- 16.3448
INFO:root:Epoch no. 440 of 500 (samples: 99009)
INFO:root:Loss: 42337.9186 +/- 15.9984
INFO:root:Epoch no. 441 of 500 (samples: 99009)
INFO:root:Loss: 42278.4523 +/- 15.7013
INFO:root:Epoch no. 442 of 500 (samples: 99009)
INFO:root:Loss: 42219.2816 +/- 15.481
INFO:root:Epoch no. 443 of 500 (samples: 99009)
INFO:root:Loss: 42160.6698 +/- 16.1328
INFO:root:Epoch no. 444 of 500 (samples: 99009)
INFO:root:Loss: 42102.1486 +/- 15.6198
INFO:root:Epoch no. 445 of 500 (samples: 99009)
INFO:root:Loss: 42044.1845 +/- 15.3246
INFO:root:Epoch no. 446 of 500 (samples: 99009)
INFO:root:Loss: 41986.1799 +/- 15.4341
INFO:root:Epoch no. 447 of 500 (samples: 99009)
INFO:root:Loss: 41928.7993 +/- 15.2043
INFO:root:Epoch no. 448 of 500 (samples: 99009)
INFO:root:Loss: 41871.3946 +/- 14.9041
INFO:root:Epoch no. 449 of 500 (samples: 99009)
INFO:root:Loss: 41815.1138 +/- 14.7529
INFO:root:Epoch no. 450 of 500 (samples: 99009)
INFO:root:Loss: 41758.6149 +/- 14.8103
INFO:root:Epoch no. 451 of 500 (samples: 99009)
INFO:root:Loss: 41702.6331 +/- 14.9515
INFO:root:Epoch no. 452 of 500 (samples: 99009)
INFO:root:Loss: 41646.9487 +/- 14.7727
INFO:root:Epoch no. 453 of 500 (samples: 99009)
INFO:root:Loss: 41591.1595 +/- 14.8378
INFO:root:Epoch no. 454 of 500 (samples: 99009)
INFO:root:Loss: 41536.3331 +/- 14.5238
INFO:root:Epoch no. 455 of 500 (samples: 99009)
INFO:root:Loss: 41481.7041 +/- 14.8924
INFO:root:Epoch no. 456 of 500 (samples: 99009)
INFO:root:Loss: 41427.2082 +/- 14.2311
INFO:root:Epoch no. 457 of 500 (samples: 99009)
INFO:root:Loss: 41372.8993 +/- 14.0241
INFO:root:Epoch no. 458 of 500 (samples: 99009)
INFO:root:Loss: 41318.7223 +/- 14.361
INFO:root:Epoch no. 459 of 500 (samples: 99009)
INFO:root:Loss: 41265.8123 +/- 14.1209
INFO:root:Epoch no. 460 of 500 (samples: 99009)
INFO:root:Loss: 41212.492 +/- 14.4604
INFO:root:Epoch no. 461 of 500 (samples: 99009)
INFO:root:Loss: 41159.6621 +/- 13.9568
INFO:root:Epoch no. 462 of 500 (samples: 99009)
INFO:root:Loss: 41106.9977 +/- 14.012
INFO:root:Epoch no. 463 of 500 (samples: 99009)
INFO:root:Loss: 41054.7909 +/- 13.503
INFO:root:Epoch no. 464 of 500 (samples: 99009)
INFO:root:Loss: 41003.2547 +/- 13.9626
INFO:root:Epoch no. 465 of 500 (samples: 99009)
INFO:root:Loss: 40951.4776 +/- 13.6376
INFO:root:Epoch no. 466 of 500 (samples: 99009)
INFO:root:Loss: 40899.8134 +/- 13.5402
INFO:root:Epoch no. 467 of 500 (samples: 99009)
INFO:root:Loss: 40848.9124 +/- 13.3064
INFO:root:Epoch no. 468 of 500 (samples: 99009)
INFO:root:Loss: 40798.2091 +/- 13.6474
INFO:root:Epoch no. 469 of 500 (samples: 99009)
INFO:root:Loss: 40747.6908 +/- 13.3957
INFO:root:Epoch no. 470 of 500 (samples: 99009)
INFO:root:Loss: 40696.9049 +/- 13.0985
INFO:root:Epoch no. 471 of 500 (samples: 99009)
INFO:root:Loss: 40647.691 +/- 13.0018
INFO:root:Epoch no. 472 of 500 (samples: 99009)
INFO:root:Loss: 40597.6613 +/- 12.8806
INFO:root:Epoch no. 473 of 500 (samples: 99009)
INFO:root:Loss: 40548.8693 +/- 13.1828
INFO:root:Epoch no. 474 of 500 (samples: 99009)
INFO:root:Loss: 40499.4318 +/- 13.1504
INFO:root:Epoch no. 475 of 500 (samples: 99009)
INFO:root:Loss: 40450.972 +/- 13.0597
INFO:root:Epoch no. 476 of 500 (samples: 99009)
INFO:root:Loss: 40402.3851 +/- 13.0583
INFO:root:Epoch no. 477 of 500 (samples: 99009)
INFO:root:Loss: 40354.1926 +/- 12.5012
INFO:root:Epoch no. 478 of 500 (samples: 99009)
INFO:root:Loss: 40306.399 +/- 12.549
INFO:root:Epoch no. 479 of 500 (samples: 99009)
INFO:root:Loss: 40258.4939 +/- 12.464
INFO:root:Epoch no. 480 of 500 (samples: 99009)
INFO:root:Loss: 40211.3795 +/- 12.6613
INFO:root:Epoch no. 481 of 500 (samples: 99009)
INFO:root:Loss: 40164.1906 +/- 12.2792
INFO:root:Epoch no. 482 of 500 (samples: 99009)
INFO:root:Loss: 40117.5442 +/- 12.0743
INFO:root:Epoch no. 483 of 500 (samples: 99009)
INFO:root:Loss: 40070.9418 +/- 12.3705
INFO:root:Epoch no. 484 of 500 (samples: 99009)
INFO:root:Loss: 40024.591 +/- 12.2566
INFO:root:Epoch no. 485 of 500 (samples: 99009)
INFO:root:Loss: 39978.4498 +/- 11.9321
INFO:root:Epoch no. 486 of 500 (samples: 99009)
INFO:root:Loss: 39932.9984 +/- 11.9608
INFO:root:Epoch no. 487 of 500 (samples: 99009)
INFO:root:Loss: 39887.6784 +/- 11.6958
INFO:root:Epoch no. 488 of 500 (samples: 99009)
INFO:root:Loss: 39842.3219 +/- 11.1416
INFO:root:Epoch no. 489 of 500 (samples: 99009)
INFO:root:Loss: 39797.3393 +/- 12.2919
INFO:root:Epoch no. 490 of 500 (samples: 99009)
INFO:root:Loss: 39752.5598 +/- 12.1043
INFO:root:Epoch no. 491 of 500 (samples: 99009)
INFO:root:Loss: 39707.8397 +/- 11.8418
INFO:root:Epoch no. 492 of 500 (samples: 99009)
INFO:root:Loss: 39663.6716 +/- 11.8128
INFO:root:Epoch no. 493 of 500 (samples: 99009)
INFO:root:Loss: 39620.1159 +/- 11.4697
INFO:root:Epoch no. 494 of 500 (samples: 99009)
INFO:root:Loss: 39576.259 +/- 11.2227
INFO:root:Epoch no. 495 of 500 (samples: 99009)
INFO:root:Loss: 39532.7977 +/- 11.0253
INFO:root:Epoch no. 496 of 500 (samples: 99009)
INFO:root:Loss: 39489.6234 +/- 11.2491
INFO:root:Epoch no. 497 of 500 (samples: 99009)
INFO:root:Loss: 39446.5542 +/- 11.3989
INFO:root:Epoch no. 498 of 500 (samples: 99009)
INFO:root:Loss: 39403.5984 +/- 11.3015
INFO:root:Epoch no. 499 of 500 (samples: 99009)
INFO:root:Loss: 39361.0149 +/- 10.475
INFO:root:Epoch no. 500 of 500 (samples: 99009)
INFO:root:Loss: 39319.0059 +/- 10.8285
/usr/local/lib/python3.5/dist-packages/keras/backend/theano_backend.py:503: UserWarning: theano.function was asked to create a function computing outputs given certain inputs, but the provided input variable at index 2 is not part of the computational graph needed to compute the outputs: keras_learning_phase.
To make this warning into an error, you can pass the parameter on_unused_input='raise' to theano.function. To disable it completely, use on_unused_input='ignore'.
  **kwargs)
INFO:root:### MICRO (validation raw):
INFO:root:	-- left   >> mean: 2945.4894, median: 50.0, mrr: 0.226, hits@1: 15.34%
INFO:root:	-- right  >> mean: 3091.1798, median: 50.0, mrr: 0.231, hits@1: 15.82%
INFO:root:	-- global >> mean: 3018.3346, median: 50.0, mrr: 0.228, hits@1: 15.58%
INFO:root:### MICRO (validation raw):
INFO:root:	-- left   >> mean: 2945.4894, median: 50.0, mrr: 0.226, hits@3: 25.84%
INFO:root:	-- right  >> mean: 3091.1798, median: 50.0, mrr: 0.231, hits@3: 26.4%
INFO:root:	-- global >> mean: 3018.3346, median: 50.0, mrr: 0.228, hits@3: 26.12%
INFO:root:### MICRO (validation raw):
INFO:root:	-- left   >> mean: 2945.4894, median: 50.0, mrr: 0.226, hits@5: 30.18%
INFO:root:	-- right  >> mean: 3091.1798, median: 50.0, mrr: 0.231, hits@5: 31.06%
INFO:root:	-- global >> mean: 3018.3346, median: 50.0, mrr: 0.228, hits@5: 30.62%
INFO:root:### MICRO (validation raw):
INFO:root:	-- left   >> mean: 2945.4894, median: 50.0, mrr: 0.226, hits@10: 36.62%
INFO:root:	-- right  >> mean: 3091.1798, median: 50.0, mrr: 0.231, hits@10: 37.26%
INFO:root:	-- global >> mean: 3018.3346, median: 50.0, mrr: 0.228, hits@10: 36.94%
INFO:root:### MICRO (validation filtered):
INFO:root:	-- left   >> mean: 2935.3476, median: 35.0, mrr: 0.273, hits@1: 20.9%
INFO:root:	-- right  >> mean: 3080.6598, median: 36.0, mrr: 0.279, hits@1: 21.28%
INFO:root:	-- global >> mean: 3008.0037, median: 36.0, mrr: 0.276, hits@1: 21.09%
INFO:root:### MICRO (validation filtered):
INFO:root:	-- left   >> mean: 2935.3476, median: 35.0, mrr: 0.273, hits@3: 29.7%
INFO:root:	-- right  >> mean: 3080.6598, median: 36.0, mrr: 0.279, hits@3: 30.58%
INFO:root:	-- global >> mean: 3008.0037, median: 36.0, mrr: 0.276, hits@3: 30.14%
INFO:root:### MICRO (validation filtered):
INFO:root:	-- left   >> mean: 2935.3476, median: 35.0, mrr: 0.273, hits@5: 33.46%
INFO:root:	-- right  >> mean: 3080.6598, median: 36.0, mrr: 0.279, hits@5: 34.92%
INFO:root:	-- global >> mean: 3008.0037, median: 36.0, mrr: 0.276, hits@5: 34.19%
INFO:root:### MICRO (validation filtered):
INFO:root:	-- left   >> mean: 2935.3476, median: 35.0, mrr: 0.273, hits@10: 39.5%
INFO:root:	-- right  >> mean: 3080.6598, median: 36.0, mrr: 0.279, hits@10: 40.3%
INFO:root:	-- global >> mean: 3008.0037, median: 36.0, mrr: 0.276, hits@10: 39.9%
INFO:root:### MICRO (test raw):
INFO:root:	-- left   >> mean: 3102.6744, median: 55.0, mrr: 0.216, hits@1: 14.36%
INFO:root:	-- right  >> mean: 3187.0276, median: 46.0, mrr: 0.238, hits@1: 16.68%
INFO:root:	-- global >> mean: 3144.851, median: 50.0, mrr: 0.227, hits@1: 15.52%
INFO:root:### MICRO (test raw):
INFO:root:	-- left   >> mean: 3102.6744, median: 55.0, mrr: 0.216, hits@3: 24.58%
INFO:root:	-- right  >> mean: 3187.0276, median: 46.0, mrr: 0.238, hits@3: 26.96%
INFO:root:	-- global >> mean: 3144.851, median: 50.0, mrr: 0.227, hits@3: 25.77%
INFO:root:### MICRO (test raw):
INFO:root:	-- left   >> mean: 3102.6744, median: 55.0, mrr: 0.216, hits@5: 29.26%
INFO:root:	-- right  >> mean: 3187.0276, median: 46.0, mrr: 0.238, hits@5: 31.78%
INFO:root:	-- global >> mean: 3144.851, median: 50.0, mrr: 0.227, hits@5: 30.52%
INFO:root:### MICRO (test raw):
INFO:root:	-- left   >> mean: 3102.6744, median: 55.0, mrr: 0.216, hits@10: 35.78%
INFO:root:	-- right  >> mean: 3187.0276, median: 46.0, mrr: 0.238, hits@10: 37.46%
INFO:root:	-- global >> mean: 3144.851, median: 50.0, mrr: 0.227, hits@10: 36.62%
INFO:root:### MICRO (test filtered):
INFO:root:	-- left   >> mean: 3091.7114, median: 41.5, mrr: 0.263, hits@1: 19.76%
INFO:root:	-- right  >> mean: 3177.4054, median: 34.5, mrr: 0.282, hits@1: 21.8%
INFO:root:	-- global >> mean: 3134.5584, median: 37.0, mrr: 0.273, hits@1: 20.78%
INFO:root:### MICRO (test filtered):
INFO:root:	-- left   >> mean: 3091.7114, median: 41.5, mrr: 0.263, hits@3: 29.04%
INFO:root:	-- right  >> mean: 3177.4054, median: 34.5, mrr: 0.282, hits@3: 31.08%
INFO:root:	-- global >> mean: 3134.5584, median: 37.0, mrr: 0.273, hits@3: 30.06%
INFO:root:### MICRO (test filtered):
INFO:root:	-- left   >> mean: 3091.7114, median: 41.5, mrr: 0.263, hits@5: 33.16%
INFO:root:	-- right  >> mean: 3177.4054, median: 34.5, mrr: 0.282, hits@5: 35.18%
INFO:root:	-- global >> mean: 3134.5584, median: 37.0, mrr: 0.273, hits@5: 34.17%
INFO:root:### MICRO (test filtered):
INFO:root:	-- left   >> mean: 3091.7114, median: 41.5, mrr: 0.263, hits@10: 38.92%
INFO:root:	-- right  >> mean: 3177.4054, median: 34.5, mrr: 0.282, hits@10: 40.36%
INFO:root:	-- global >> mean: 3134.5584, median: 37.0, mrr: 0.273, hits@10: 39.64%
