Using Theano backend.
INFO:root:Acquiring data/wn18/wordnet-mlj12-train.txt ..
INFO:root:Acquiring data/wn18/wordnet-mlj12-valid.txt ..
INFO:root:Acquiring data/wn18/wordnet-mlj12-test.txt ..
INFO:root:[Rules] Adding Head: 15, Tail: [(10, True)]
INFO:root:[Rules] Adding Head: 12, Tail: [(17, True)]
INFO:root:[Rules] Adding Head: 4, Tail: [(5, True)]
INFO:root:[Rules] Adding Head: 13, Tail: [(3, True)]
INFO:root:[Rules] Adding Head: 5, Tail: [(4, True)]
INFO:root:[Rules] Adding Head: 16, Tail: [(11, True)]
INFO:root:[Rules] Adding Head: 17, Tail: [(12, True)]
INFO:root:[Rules] Adding Head: 11, Tail: [(16, True)]
INFO:root:[Rules] Adding Head: 8, Tail: [(9, True)]
INFO:root:[Rules] Adding Head: 2, Tail: [(2, True)]
INFO:root:Samples: 70721, no. batches: 10 -> batch size: 7073
INFO:root:Epoch no. 1 of 500 (samples: 70721)
INFO:root:Loss: 20852303.3447 +/- 62375117.2938
INFO:root:Epoch no. 2 of 500 (samples: 70721)
INFO:root:Loss: 47757.4816 +/- 2254.775
INFO:root:Epoch no. 3 of 500 (samples: 70721)
INFO:root:Loss: 41701.2028 +/- 1305.3114
INFO:root:Epoch no. 4 of 500 (samples: 70721)
INFO:root:Loss: 37838.7038 +/- 905.9303
INFO:root:Epoch no. 5 of 500 (samples: 70721)
INFO:root:Loss: 35026.1981 +/- 685.5062
INFO:root:Epoch no. 6 of 500 (samples: 70721)
INFO:root:Loss: 32834.3115 +/- 548.217
INFO:root:Epoch no. 7 of 500 (samples: 70721)
INFO:root:Loss: 31046.8921 +/- 452.3936
INFO:root:Epoch no. 8 of 500 (samples: 70721)
INFO:root:Loss: 29547.9409 +/- 380.8967
INFO:root:Epoch no. 9 of 500 (samples: 70721)
INFO:root:Loss: 28262.1876 +/- 330.0763
INFO:root:Epoch no. 10 of 500 (samples: 70721)
INFO:root:Loss: 27143.5521 +/- 288.5694
INFO:root:Epoch no. 11 of 500 (samples: 70721)
INFO:root:Loss: 26153.5323 +/- 255.7421
INFO:root:Epoch no. 12 of 500 (samples: 70721)
INFO:root:Loss: 25271.4848 +/- 227.888
INFO:root:Epoch no. 13 of 500 (samples: 70721)
INFO:root:Loss: 24475.2342 +/- 206.3986
INFO:root:Epoch no. 14 of 500 (samples: 70721)
INFO:root:Loss: 23752.0102 +/- 188.1052
INFO:root:Epoch no. 15 of 500 (samples: 70721)
INFO:root:Loss: 23091.0948 +/- 172.1313
INFO:root:Epoch no. 16 of 500 (samples: 70721)
INFO:root:Loss: 22483.6891 +/- 158.062
INFO:root:Epoch no. 17 of 500 (samples: 70721)
INFO:root:Loss: 21922.0577 +/- 145.8744
INFO:root:Epoch no. 18 of 500 (samples: 70721)
INFO:root:Loss: 21399.71 +/- 136.2544
INFO:root:Epoch no. 19 of 500 (samples: 70721)
INFO:root:Loss: 20913.7013 +/- 125.7544
INFO:root:Epoch no. 20 of 500 (samples: 70721)
INFO:root:Loss: 20458.6203 +/- 117.6844
INFO:root:Epoch no. 21 of 500 (samples: 70721)
INFO:root:Loss: 20032.0244 +/- 109.7865
INFO:root:Epoch no. 22 of 500 (samples: 70721)
INFO:root:Loss: 19629.7006 +/- 103.7177
INFO:root:Epoch no. 23 of 500 (samples: 70721)
INFO:root:Loss: 19251.6645 +/- 97.4136
INFO:root:Epoch no. 24 of 500 (samples: 70721)
INFO:root:Loss: 18891.8793 +/- 92.1972
INFO:root:Epoch no. 25 of 500 (samples: 70721)
INFO:root:Loss: 18552.9569 +/- 88.1459
INFO:root:Epoch no. 26 of 500 (samples: 70721)
INFO:root:Loss: 18230.0158 +/- 82.9636
INFO:root:Epoch no. 27 of 500 (samples: 70721)
INFO:root:Loss: 17922.6572 +/- 78.436
INFO:root:Epoch no. 28 of 500 (samples: 70721)
INFO:root:Loss: 17630.2829 +/- 75.4428
INFO:root:Epoch no. 29 of 500 (samples: 70721)
INFO:root:Loss: 17350.9405 +/- 71.6165
INFO:root:Epoch no. 30 of 500 (samples: 70721)
INFO:root:Loss: 17083.3081 +/- 68.2323
INFO:root:Epoch no. 31 of 500 (samples: 70721)
INFO:root:Loss: 16827.3515 +/- 65.7865
INFO:root:Epoch no. 32 of 500 (samples: 70721)
INFO:root:Loss: 16582.8623 +/- 62.9525
INFO:root:Epoch no. 33 of 500 (samples: 70721)
INFO:root:Loss: 16347.1545 +/- 59.4755
INFO:root:Epoch no. 34 of 500 (samples: 70721)
INFO:root:Loss: 16121.3081 +/- 56.9439
INFO:root:Epoch no. 35 of 500 (samples: 70721)
INFO:root:Loss: 15903.4959 +/- 54.7957
INFO:root:Epoch no. 36 of 500 (samples: 70721)
INFO:root:Loss: 15693.9867 +/- 52.5388
INFO:root:Epoch no. 37 of 500 (samples: 70721)
INFO:root:Loss: 15491.8813 +/- 51.1123
INFO:root:Epoch no. 38 of 500 (samples: 70721)
INFO:root:Loss: 15297.7887 +/- 48.5674
INFO:root:Epoch no. 39 of 500 (samples: 70721)
INFO:root:Loss: 15108.9899 +/- 47.5354
INFO:root:Epoch no. 40 of 500 (samples: 70721)
INFO:root:Loss: 14927.603 +/- 45.5338
INFO:root:Epoch no. 41 of 500 (samples: 70721)
INFO:root:Loss: 14750.9234 +/- 44.7151
INFO:root:Epoch no. 42 of 500 (samples: 70721)
INFO:root:Loss: 14581.5267 +/- 42.5121
INFO:root:Epoch no. 43 of 500 (samples: 70721)
INFO:root:Loss: 14416.7489 +/- 41.308
INFO:root:Epoch no. 44 of 500 (samples: 70721)
INFO:root:Loss: 14256.995 +/- 40.4097
INFO:root:Epoch no. 45 of 500 (samples: 70721)
INFO:root:Loss: 14102.8171 +/- 38.5775
INFO:root:Epoch no. 46 of 500 (samples: 70721)
INFO:root:Loss: 13951.6835 +/- 37.3681
INFO:root:Epoch no. 47 of 500 (samples: 70721)
INFO:root:Loss: 13806.4421 +/- 36.4495
INFO:root:Epoch no. 48 of 500 (samples: 70721)
INFO:root:Loss: 13664.0101 +/- 34.3933
INFO:root:Epoch no. 49 of 500 (samples: 70721)
INFO:root:Loss: 13527.1549 +/- 33.7845
INFO:root:Epoch no. 50 of 500 (samples: 70721)
INFO:root:Loss: 13392.8217 +/- 32.9455
INFO:root:Epoch no. 51 of 500 (samples: 70721)
INFO:root:Loss: 13262.76 +/- 31.9055
INFO:root:Epoch no. 52 of 500 (samples: 70721)
INFO:root:Loss: 13136.6294 +/- 30.5962
INFO:root:Epoch no. 53 of 500 (samples: 70721)
INFO:root:Loss: 13013.2344 +/- 30.3349
INFO:root:Epoch no. 54 of 500 (samples: 70721)
INFO:root:Loss: 12892.1872 +/- 30.2123
INFO:root:Epoch no. 55 of 500 (samples: 70721)
INFO:root:Loss: 12774.5454 +/- 29.0053
INFO:root:Epoch no. 56 of 500 (samples: 70721)
INFO:root:Loss: 12661.0388 +/- 27.8725
INFO:root:Epoch no. 57 of 500 (samples: 70721)
INFO:root:Loss: 12548.896 +/- 26.3873
INFO:root:Epoch no. 58 of 500 (samples: 70721)
INFO:root:Loss: 12439.9881 +/- 26.197
INFO:root:Epoch no. 59 of 500 (samples: 70721)
INFO:root:Loss: 12333.8437 +/- 26.2173
INFO:root:Epoch no. 60 of 500 (samples: 70721)
INFO:root:Loss: 12230.4753 +/- 24.8902
INFO:root:Epoch no. 61 of 500 (samples: 70721)
INFO:root:Loss: 12129.0651 +/- 24.8598
INFO:root:Epoch no. 62 of 500 (samples: 70721)
INFO:root:Loss: 12029.886 +/- 23.9434
INFO:root:Epoch no. 63 of 500 (samples: 70721)
INFO:root:Loss: 11933.0157 +/- 23.4465
INFO:root:Epoch no. 64 of 500 (samples: 70721)
INFO:root:Loss: 11838.5147 +/- 22.1105
INFO:root:Epoch no. 65 of 500 (samples: 70721)
INFO:root:Loss: 11745.8004 +/- 22.6267
INFO:root:Epoch no. 66 of 500 (samples: 70721)
INFO:root:Loss: 11654.9463 +/- 21.4322
INFO:root:Epoch no. 67 of 500 (samples: 70721)
INFO:root:Loss: 11566.5024 +/- 21.9211
INFO:root:Epoch no. 68 of 500 (samples: 70721)
INFO:root:Loss: 11480.0873 +/- 20.6591
INFO:root:Epoch no. 69 of 500 (samples: 70721)
INFO:root:Loss: 11394.7448 +/- 20.6418
INFO:root:Epoch no. 70 of 500 (samples: 70721)
INFO:root:Loss: 11311.3013 +/- 20.432
INFO:root:Epoch no. 71 of 500 (samples: 70721)
INFO:root:Loss: 11229.8108 +/- 18.9368
INFO:root:Epoch no. 72 of 500 (samples: 70721)
INFO:root:Loss: 11150.0727 +/- 18.6906
INFO:root:Epoch no. 73 of 500 (samples: 70721)
INFO:root:Loss: 11071.0919 +/- 18.0202
INFO:root:Epoch no. 74 of 500 (samples: 70721)
INFO:root:Loss: 10994.8283 +/- 17.5807
INFO:root:Epoch no. 75 of 500 (samples: 70721)
INFO:root:Loss: 10919.829 +/- 17.3991
INFO:root:Epoch no. 76 of 500 (samples: 70721)
INFO:root:Loss: 10845.6577 +/- 17.7026
INFO:root:Epoch no. 77 of 500 (samples: 70721)
INFO:root:Loss: 10773.0223 +/- 16.5989
INFO:root:Epoch no. 78 of 500 (samples: 70721)
INFO:root:Loss: 10702.3009 +/- 17.2313
INFO:root:Epoch no. 79 of 500 (samples: 70721)
INFO:root:Loss: 10631.6245 +/- 16.6235
INFO:root:Epoch no. 80 of 500 (samples: 70721)
INFO:root:Loss: 10563.8786 +/- 15.979
INFO:root:Epoch no. 81 of 500 (samples: 70721)
INFO:root:Loss: 10496.5437 +/- 15.7548
INFO:root:Epoch no. 82 of 500 (samples: 70721)
INFO:root:Loss: 10430.0765 +/- 15.4438
INFO:root:Epoch no. 83 of 500 (samples: 70721)
INFO:root:Loss: 10364.9739 +/- 15.3502
INFO:root:Epoch no. 84 of 500 (samples: 70721)
INFO:root:Loss: 10301.9766 +/- 14.9668
INFO:root:Epoch no. 85 of 500 (samples: 70721)
INFO:root:Loss: 10238.9012 +/- 14.7073
INFO:root:Epoch no. 86 of 500 (samples: 70721)
INFO:root:Loss: 10176.983 +/- 14.1701
INFO:root:Epoch no. 87 of 500 (samples: 70721)
INFO:root:Loss: 10116.5808 +/- 13.8514
INFO:root:Epoch no. 88 of 500 (samples: 70721)
INFO:root:Loss: 10057.2952 +/- 13.6418
INFO:root:Epoch no. 89 of 500 (samples: 70721)
INFO:root:Loss: 9998.8318 +/- 13.3695
INFO:root:Epoch no. 90 of 500 (samples: 70721)
INFO:root:Loss: 9941.2593 +/- 13.1194
INFO:root:Epoch no. 91 of 500 (samples: 70721)
INFO:root:Loss: 9884.3362 +/- 12.8437
INFO:root:Epoch no. 92 of 500 (samples: 70721)
INFO:root:Loss: 9829.0626 +/- 12.7569
INFO:root:Epoch no. 93 of 500 (samples: 70721)
INFO:root:Loss: 9774.074 +/- 12.3736
INFO:root:Epoch no. 94 of 500 (samples: 70721)
INFO:root:Loss: 9720.4038 +/- 12.0297
INFO:root:Epoch no. 95 of 500 (samples: 70721)
INFO:root:Loss: 9667.4618 +/- 11.6788
INFO:root:Epoch no. 96 of 500 (samples: 70721)
INFO:root:Loss: 9614.9552 +/- 12.301
INFO:root:Epoch no. 97 of 500 (samples: 70721)
INFO:root:Loss: 9563.6587 +/- 11.2543
INFO:root:Epoch no. 98 of 500 (samples: 70721)
INFO:root:Loss: 9512.8342 +/- 11.5915
INFO:root:Epoch no. 99 of 500 (samples: 70721)
INFO:root:Loss: 9463.4625 +/- 11.6168
INFO:root:Epoch no. 100 of 500 (samples: 70721)
INFO:root:Loss: 9414.243 +/- 10.4264
INFO:root:Epoch no. 101 of 500 (samples: 70721)
INFO:root:Loss: 9366.2608 +/- 11.1312
INFO:root:Epoch no. 102 of 500 (samples: 70721)
INFO:root:Loss: 9318.2807 +/- 10.3771
INFO:root:Epoch no. 103 of 500 (samples: 70721)
INFO:root:Loss: 9271.2555 +/- 10.0329
INFO:root:Epoch no. 104 of 500 (samples: 70721)
INFO:root:Loss: 9225.3465 +/- 10.7581
INFO:root:Epoch no. 105 of 500 (samples: 70721)
INFO:root:Loss: 9179.7529 +/- 10.5706
INFO:root:Epoch no. 106 of 500 (samples: 70721)
INFO:root:Loss: 9135.271 +/- 10.0747
INFO:root:Epoch no. 107 of 500 (samples: 70721)
INFO:root:Loss: 9091.245 +/- 9.3631
INFO:root:Epoch no. 108 of 500 (samples: 70721)
INFO:root:Loss: 9046.8661 +/- 9.4776
INFO:root:Epoch no. 109 of 500 (samples: 70721)
INFO:root:Loss: 9004.2636 +/- 9.5864
INFO:root:Epoch no. 110 of 500 (samples: 70721)
INFO:root:Loss: 8962.1312 +/- 9.4641
INFO:root:Epoch no. 111 of 500 (samples: 70721)
INFO:root:Loss: 8919.9679 +/- 8.9227
INFO:root:Epoch no. 112 of 500 (samples: 70721)
INFO:root:Loss: 8878.6172 +/- 8.9241
INFO:root:Epoch no. 113 of 500 (samples: 70721)
INFO:root:Loss: 8838.1368 +/- 8.881
INFO:root:Epoch no. 114 of 500 (samples: 70721)
INFO:root:Loss: 8798.0564 +/- 8.9374
INFO:root:Epoch no. 115 of 500 (samples: 70721)
INFO:root:Loss: 8758.4062 +/- 8.4012
INFO:root:Epoch no. 116 of 500 (samples: 70721)
INFO:root:Loss: 8719.7678 +/- 7.6899
INFO:root:Epoch no. 117 of 500 (samples: 70721)
INFO:root:Loss: 8680.8934 +/- 8.8145
INFO:root:Epoch no. 118 of 500 (samples: 70721)
INFO:root:Loss: 8642.6083 +/- 7.6971
INFO:root:Epoch no. 119 of 500 (samples: 70721)
INFO:root:Loss: 8605.3468 +/- 8.4252
INFO:root:Epoch no. 120 of 500 (samples: 70721)
INFO:root:Loss: 8567.7282 +/- 8.2874
INFO:root:Epoch no. 121 of 500 (samples: 70721)
INFO:root:Loss: 8532.1948 +/- 7.885
INFO:root:Epoch no. 122 of 500 (samples: 70721)
INFO:root:Loss: 8495.6574 +/- 7.9336
INFO:root:Epoch no. 123 of 500 (samples: 70721)
INFO:root:Loss: 8461.0306 +/- 7.7117
INFO:root:Epoch no. 124 of 500 (samples: 70721)
INFO:root:Loss: 8425.1004 +/- 7.7859
INFO:root:Epoch no. 125 of 500 (samples: 70721)
INFO:root:Loss: 8390.8386 +/- 7.0227
INFO:root:Epoch no. 126 of 500 (samples: 70721)
INFO:root:Loss: 8356.6906 +/- 7.8252
INFO:root:Epoch no. 127 of 500 (samples: 70721)
INFO:root:Loss: 8321.9248 +/- 6.6606
INFO:root:Epoch no. 128 of 500 (samples: 70721)
INFO:root:Loss: 8289.5787 +/- 6.7644
INFO:root:Epoch no. 129 of 500 (samples: 70721)
INFO:root:Loss: 8256.2565 +/- 7.1768
INFO:root:Epoch no. 130 of 500 (samples: 70721)
INFO:root:Loss: 8223.6967 +/- 7.1812
INFO:root:Epoch no. 131 of 500 (samples: 70721)
INFO:root:Loss: 8191.2161 +/- 6.6902
INFO:root:Epoch no. 132 of 500 (samples: 70721)
INFO:root:Loss: 8159.6666 +/- 7.194
INFO:root:Epoch no. 133 of 500 (samples: 70721)
INFO:root:Loss: 8128.4351 +/- 6.339
INFO:root:Epoch no. 134 of 500 (samples: 70721)
INFO:root:Loss: 8097.0621 +/- 6.4019
INFO:root:Epoch no. 135 of 500 (samples: 70721)
INFO:root:Loss: 8066.5716 +/- 6.0931
INFO:root:Epoch no. 136 of 500 (samples: 70721)
INFO:root:Loss: 8036.3399 +/- 6.2704
INFO:root:Epoch no. 137 of 500 (samples: 70721)
INFO:root:Loss: 8006.2924 +/- 6.5471
INFO:root:Epoch no. 138 of 500 (samples: 70721)
INFO:root:Loss: 7976.1169 +/- 6.3689
INFO:root:Epoch no. 139 of 500 (samples: 70721)
INFO:root:Loss: 7946.5565 +/- 5.8803
INFO:root:Epoch no. 140 of 500 (samples: 70721)
INFO:root:Loss: 7918.0349 +/- 5.6191
INFO:root:Epoch no. 141 of 500 (samples: 70721)
INFO:root:Loss: 7889.2772 +/- 6.0205
INFO:root:Epoch no. 142 of 500 (samples: 70721)
INFO:root:Loss: 7861.1368 +/- 5.7816
INFO:root:Epoch no. 143 of 500 (samples: 70721)
INFO:root:Loss: 7833.1169 +/- 6.374
INFO:root:Epoch no. 144 of 500 (samples: 70721)
INFO:root:Loss: 7805.3955 +/- 5.7797
INFO:root:Epoch no. 145 of 500 (samples: 70721)
INFO:root:Loss: 7777.8515 +/- 5.8063
INFO:root:Epoch no. 146 of 500 (samples: 70721)
INFO:root:Loss: 7750.926 +/- 5.7879
INFO:root:Epoch no. 147 of 500 (samples: 70721)
INFO:root:Loss: 7724.4126 +/- 5.4281
INFO:root:Epoch no. 148 of 500 (samples: 70721)
INFO:root:Loss: 7698.0778 +/- 4.7932
INFO:root:Epoch no. 149 of 500 (samples: 70721)
INFO:root:Loss: 7671.7921 +/- 5.266
INFO:root:Epoch no. 150 of 500 (samples: 70721)
INFO:root:Loss: 7646.0256 +/- 5.2355
INFO:root:Epoch no. 151 of 500 (samples: 70721)
INFO:root:Loss: 7620.1216 +/- 5.6745
INFO:root:Epoch no. 152 of 500 (samples: 70721)
INFO:root:Loss: 7594.9037 +/- 4.9151
INFO:root:Epoch no. 153 of 500 (samples: 70721)
INFO:root:Loss: 7570.2423 +/- 4.8044
INFO:root:Epoch no. 154 of 500 (samples: 70721)
INFO:root:Loss: 7545.1313 +/- 4.5062
INFO:root:Epoch no. 155 of 500 (samples: 70721)
INFO:root:Loss: 7520.7019 +/- 4.8823
INFO:root:Epoch no. 156 of 500 (samples: 70721)
INFO:root:Loss: 7496.1252 +/- 4.6368
INFO:root:Epoch no. 157 of 500 (samples: 70721)
INFO:root:Loss: 7472.2289 +/- 4.8962
INFO:root:Epoch no. 158 of 500 (samples: 70721)
INFO:root:Loss: 7448.4998 +/- 4.9591
INFO:root:Epoch no. 159 of 500 (samples: 70721)
INFO:root:Loss: 7425.2028 +/- 4.9358
INFO:root:Epoch no. 160 of 500 (samples: 70721)
INFO:root:Loss: 7401.7616 +/- 4.8851
INFO:root:Epoch no. 161 of 500 (samples: 70721)
INFO:root:Loss: 7378.7505 +/- 4.6288
INFO:root:Epoch no. 162 of 500 (samples: 70721)
INFO:root:Loss: 7356.0097 +/- 4.6243
INFO:root:Epoch no. 163 of 500 (samples: 70721)
INFO:root:Loss: 7333.1909 +/- 4.7439
INFO:root:Epoch no. 164 of 500 (samples: 70721)
INFO:root:Loss: 7310.2732 +/- 4.24
INFO:root:Epoch no. 165 of 500 (samples: 70721)
INFO:root:Loss: 7288.4099 +/- 4.4658
INFO:root:Epoch no. 166 of 500 (samples: 70721)
INFO:root:Loss: 7266.5032 +/- 4.9698
INFO:root:Epoch no. 167 of 500 (samples: 70721)
INFO:root:Loss: 7244.8169 +/- 4.9087
INFO:root:Epoch no. 168 of 500 (samples: 70721)
INFO:root:Loss: 7223.0793 +/- 4.5463
INFO:root:Epoch no. 169 of 500 (samples: 70721)
INFO:root:Loss: 7201.948 +/- 4.5554
INFO:root:Epoch no. 170 of 500 (samples: 70721)
INFO:root:Loss: 7181.2679 +/- 4.7564
INFO:root:Epoch no. 171 of 500 (samples: 70721)
INFO:root:Loss: 7159.827 +/- 4.3213
INFO:root:Epoch no. 172 of 500 (samples: 70721)
INFO:root:Loss: 7139.2214 +/- 4.2612
INFO:root:Epoch no. 173 of 500 (samples: 70721)
INFO:root:Loss: 7118.6073 +/- 4.5417
INFO:root:Epoch no. 174 of 500 (samples: 70721)
INFO:root:Loss: 7098.3905 +/- 3.8972
INFO:root:Epoch no. 175 of 500 (samples: 70721)
INFO:root:Loss: 7078.667 +/- 4.1993
INFO:root:Epoch no. 176 of 500 (samples: 70721)
INFO:root:Loss: 7058.4705 +/- 4.4888
INFO:root:Epoch no. 177 of 500 (samples: 70721)
INFO:root:Loss: 7039.1553 +/- 4.0486
INFO:root:Epoch no. 178 of 500 (samples: 70721)
INFO:root:Loss: 7019.5318 +/- 3.2906
INFO:root:Epoch no. 179 of 500 (samples: 70721)
INFO:root:Loss: 6999.9166 +/- 4.0208
INFO:root:Epoch no. 180 of 500 (samples: 70721)
INFO:root:Loss: 6980.8991 +/- 3.3956
INFO:root:Epoch no. 181 of 500 (samples: 70721)
INFO:root:Loss: 6961.876 +/- 3.6019
INFO:root:Epoch no. 182 of 500 (samples: 70721)
INFO:root:Loss: 6943.2174 +/- 3.5247
INFO:root:Epoch no. 183 of 500 (samples: 70721)
INFO:root:Loss: 6924.2835 +/- 4.1158
INFO:root:Epoch no. 184 of 500 (samples: 70721)
INFO:root:Loss: 6906.3345 +/- 3.6594
INFO:root:Epoch no. 185 of 500 (samples: 70721)
INFO:root:Loss: 6887.684 +/- 3.9869
INFO:root:Epoch no. 186 of 500 (samples: 70721)
INFO:root:Loss: 6869.1998 +/- 3.6879
INFO:root:Epoch no. 187 of 500 (samples: 70721)
INFO:root:Loss: 6851.7455 +/- 3.4308
INFO:root:Epoch no. 188 of 500 (samples: 70721)
INFO:root:Loss: 6833.3778 +/- 3.638
INFO:root:Epoch no. 189 of 500 (samples: 70721)
INFO:root:Loss: 6815.8285 +/- 3.4864
INFO:root:Epoch no. 190 of 500 (samples: 70721)
INFO:root:Loss: 6798.141 +/- 3.277
INFO:root:Epoch no. 191 of 500 (samples: 70721)
INFO:root:Loss: 6780.9865 +/- 3.4329
INFO:root:Epoch no. 192 of 500 (samples: 70721)
INFO:root:Loss: 6763.5818 +/- 3.4292
INFO:root:Epoch no. 193 of 500 (samples: 70721)
INFO:root:Loss: 6746.5363 +/- 3.731
INFO:root:Epoch no. 194 of 500 (samples: 70721)
INFO:root:Loss: 6729.5789 +/- 3.5564
INFO:root:Epoch no. 195 of 500 (samples: 70721)
INFO:root:Loss: 6712.6697 +/- 3.7675
INFO:root:Epoch no. 196 of 500 (samples: 70721)
INFO:root:Loss: 6696.3993 +/- 3.2575
INFO:root:Epoch no. 197 of 500 (samples: 70721)
INFO:root:Loss: 6679.6095 +/- 3.5057
INFO:root:Epoch no. 198 of 500 (samples: 70721)
INFO:root:Loss: 6663.5667 +/- 3.1894
INFO:root:Epoch no. 199 of 500 (samples: 70721)
INFO:root:Loss: 6646.727 +/- 3.1516
INFO:root:Epoch no. 200 of 500 (samples: 70721)
INFO:root:Loss: 6631.3537 +/- 3.0982
INFO:root:Epoch no. 201 of 500 (samples: 70721)
INFO:root:Loss: 6615.2771 +/- 3.5987
INFO:root:Epoch no. 202 of 500 (samples: 70721)
INFO:root:Loss: 6599.5751 +/- 3.3452
INFO:root:Epoch no. 203 of 500 (samples: 70721)
INFO:root:Loss: 6583.6454 +/- 2.8052
INFO:root:Epoch no. 204 of 500 (samples: 70721)
INFO:root:Loss: 6568.1717 +/- 2.9676
INFO:root:Epoch no. 205 of 500 (samples: 70721)
INFO:root:Loss: 6553.0195 +/- 3.3283
INFO:root:Epoch no. 206 of 500 (samples: 70721)
INFO:root:Loss: 6537.1641 +/- 3.6159
INFO:root:Epoch no. 207 of 500 (samples: 70721)
INFO:root:Loss: 6522.5975 +/- 2.5924
INFO:root:Epoch no. 208 of 500 (samples: 70721)
INFO:root:Loss: 6507.4252 +/- 2.9722
INFO:root:Epoch no. 209 of 500 (samples: 70721)
INFO:root:Loss: 6492.5411 +/- 2.7585
INFO:root:Epoch no. 210 of 500 (samples: 70721)
INFO:root:Loss: 6477.331 +/- 3.3228
INFO:root:Epoch no. 211 of 500 (samples: 70721)
INFO:root:Loss: 6462.8219 +/- 3.1419
INFO:root:Epoch no. 212 of 500 (samples: 70721)
INFO:root:Loss: 6448.364 +/- 3.3782
INFO:root:Epoch no. 213 of 500 (samples: 70721)
INFO:root:Loss: 6433.5827 +/- 3.3839
INFO:root:Epoch no. 214 of 500 (samples: 70721)
INFO:root:Loss: 6419.4367 +/- 2.6775
INFO:root:Epoch no. 215 of 500 (samples: 70721)
INFO:root:Loss: 6405.3193 +/- 3.057
INFO:root:Epoch no. 216 of 500 (samples: 70721)
INFO:root:Loss: 6391.1612 +/- 3.1835
INFO:root:Epoch no. 217 of 500 (samples: 70721)
INFO:root:Loss: 6376.664 +/- 3.1531
INFO:root:Epoch no. 218 of 500 (samples: 70721)
INFO:root:Loss: 6363.1077 +/- 3.1821
INFO:root:Epoch no. 219 of 500 (samples: 70721)
INFO:root:Loss: 6349.793 +/- 3.7011
INFO:root:Epoch no. 220 of 500 (samples: 70721)
INFO:root:Loss: 6335.8356 +/- 2.4268
INFO:root:Epoch no. 221 of 500 (samples: 70721)
INFO:root:Loss: 6321.9786 +/- 2.8449
INFO:root:Epoch no. 222 of 500 (samples: 70721)
INFO:root:Loss: 6308.7119 +/- 2.9821
INFO:root:Epoch no. 223 of 500 (samples: 70721)
INFO:root:Loss: 6295.1309 +/- 2.9571
INFO:root:Epoch no. 224 of 500 (samples: 70721)
INFO:root:Loss: 6282.1438 +/- 2.9498
INFO:root:Epoch no. 225 of 500 (samples: 70721)
INFO:root:Loss: 6269.2776 +/- 3.1804
INFO:root:Epoch no. 226 of 500 (samples: 70721)
INFO:root:Loss: 6256.1377 +/- 2.7089
INFO:root:Epoch no. 227 of 500 (samples: 70721)
INFO:root:Loss: 6242.6149 +/- 2.3677
INFO:root:Epoch no. 228 of 500 (samples: 70721)
INFO:root:Loss: 6230.3379 +/- 2.6223
INFO:root:Epoch no. 229 of 500 (samples: 70721)
INFO:root:Loss: 6217.0429 +/- 2.3184
INFO:root:Epoch no. 230 of 500 (samples: 70721)
INFO:root:Loss: 6204.8099 +/- 2.7227
INFO:root:Epoch no. 231 of 500 (samples: 70721)
INFO:root:Loss: 6191.9305 +/- 2.8534
INFO:root:Epoch no. 232 of 500 (samples: 70721)
INFO:root:Loss: 6179.5648 +/- 2.5375
INFO:root:Epoch no. 233 of 500 (samples: 70721)
INFO:root:Loss: 6167.2386 +/- 2.468
INFO:root:Epoch no. 234 of 500 (samples: 70721)
INFO:root:Loss: 6154.9804 +/- 2.5826
INFO:root:Epoch no. 235 of 500 (samples: 70721)
INFO:root:Loss: 6142.6031 +/- 2.4418
INFO:root:Epoch no. 236 of 500 (samples: 70721)
INFO:root:Loss: 6130.255 +/- 2.5792
INFO:root:Epoch no. 237 of 500 (samples: 70721)
INFO:root:Loss: 6118.3052 +/- 2.8469
INFO:root:Epoch no. 238 of 500 (samples: 70721)
INFO:root:Loss: 6106.0212 +/- 2.8918
INFO:root:Epoch no. 239 of 500 (samples: 70721)
INFO:root:Loss: 6094.5607 +/- 2.6727
INFO:root:Epoch no. 240 of 500 (samples: 70721)
INFO:root:Loss: 6083.2272 +/- 2.7007
INFO:root:Epoch no. 241 of 500 (samples: 70721)
INFO:root:Loss: 6071.1288 +/- 2.0501
INFO:root:Epoch no. 242 of 500 (samples: 70721)
INFO:root:Loss: 6059.2933 +/- 2.3768
INFO:root:Epoch no. 243 of 500 (samples: 70721)
INFO:root:Loss: 6047.6952 +/- 1.8955
INFO:root:Epoch no. 244 of 500 (samples: 70721)
INFO:root:Loss: 6036.6548 +/- 2.2808
INFO:root:Epoch no. 245 of 500 (samples: 70721)
INFO:root:Loss: 6024.7804 +/- 2.7279
INFO:root:Epoch no. 246 of 500 (samples: 70721)
INFO:root:Loss: 6013.7353 +/- 2.8826
INFO:root:Epoch no. 247 of 500 (samples: 70721)
INFO:root:Loss: 6002.2998 +/- 2.6041
INFO:root:Epoch no. 248 of 500 (samples: 70721)
INFO:root:Loss: 5991.1538 +/- 2.441
INFO:root:Epoch no. 249 of 500 (samples: 70721)
INFO:root:Loss: 5979.9532 +/- 2.1606
INFO:root:Epoch no. 250 of 500 (samples: 70721)
INFO:root:Loss: 5969.03 +/- 2.3663
INFO:root:Epoch no. 251 of 500 (samples: 70721)
INFO:root:Loss: 5958.2961 +/- 2.5702
INFO:root:Epoch no. 252 of 500 (samples: 70721)
INFO:root:Loss: 5947.2494 +/- 2.7641
INFO:root:Epoch no. 253 of 500 (samples: 70721)
INFO:root:Loss: 5936.685 +/- 2.1993
INFO:root:Epoch no. 254 of 500 (samples: 70721)
INFO:root:Loss: 5925.8312 +/- 2.6558
INFO:root:Epoch no. 255 of 500 (samples: 70721)
INFO:root:Loss: 5914.998 +/- 2.7208
INFO:root:Epoch no. 256 of 500 (samples: 70721)
INFO:root:Loss: 5904.7258 +/- 2.7065
INFO:root:Epoch no. 257 of 500 (samples: 70721)
INFO:root:Loss: 5893.7642 +/- 2.078
INFO:root:Epoch no. 258 of 500 (samples: 70721)
INFO:root:Loss: 5883.513 +/- 2.093
INFO:root:Epoch no. 259 of 500 (samples: 70721)
INFO:root:Loss: 5873.4674 +/- 2.5211
INFO:root:Epoch no. 260 of 500 (samples: 70721)
INFO:root:Loss: 5863.4439 +/- 2.3128
INFO:root:Epoch no. 261 of 500 (samples: 70721)
INFO:root:Loss: 5852.5899 +/- 2.2817
INFO:root:Epoch no. 262 of 500 (samples: 70721)
INFO:root:Loss: 5842.6306 +/- 2.2982
INFO:root:Epoch no. 263 of 500 (samples: 70721)
INFO:root:Loss: 5832.4835 +/- 2.5229
INFO:root:Epoch no. 264 of 500 (samples: 70721)
INFO:root:Loss: 5822.3159 +/- 2.2552
INFO:root:Epoch no. 265 of 500 (samples: 70721)
INFO:root:Loss: 5812.8746 +/- 2.1469
INFO:root:Epoch no. 266 of 500 (samples: 70721)
INFO:root:Loss: 5802.7123 +/- 2.4579
INFO:root:Epoch no. 267 of 500 (samples: 70721)
INFO:root:Loss: 5792.8528 +/- 1.9377
INFO:root:Epoch no. 268 of 500 (samples: 70721)
INFO:root:Loss: 5783.403 +/- 2.0008
INFO:root:Epoch no. 269 of 500 (samples: 70721)
INFO:root:Loss: 5773.38 +/- 2.7148
INFO:root:Epoch no. 270 of 500 (samples: 70721)
INFO:root:Loss: 5763.8612 +/- 2.1806
INFO:root:Epoch no. 271 of 500 (samples: 70721)
INFO:root:Loss: 5754.3442 +/- 2.2388
INFO:root:Epoch no. 272 of 500 (samples: 70721)
INFO:root:Loss: 5744.925 +/- 2.4446
INFO:root:Epoch no. 273 of 500 (samples: 70721)
INFO:root:Loss: 5734.7882 +/- 2.3989
INFO:root:Epoch no. 274 of 500 (samples: 70721)
INFO:root:Loss: 5725.9934 +/- 1.9311
INFO:root:Epoch no. 275 of 500 (samples: 70721)
INFO:root:Loss: 5716.211 +/- 2.0412
INFO:root:Epoch no. 276 of 500 (samples: 70721)
INFO:root:Loss: 5706.7426 +/- 2.7715
INFO:root:Epoch no. 277 of 500 (samples: 70721)
INFO:root:Loss: 5698.038 +/- 1.8656
INFO:root:Epoch no. 278 of 500 (samples: 70721)
INFO:root:Loss: 5688.5903 +/- 2.5462
INFO:root:Epoch no. 279 of 500 (samples: 70721)
INFO:root:Loss: 5679.8004 +/- 1.7628
INFO:root:Epoch no. 280 of 500 (samples: 70721)
INFO:root:Loss: 5670.1897 +/- 2.0178
INFO:root:Epoch no. 281 of 500 (samples: 70721)
INFO:root:Loss: 5661.3749 +/- 2.5103
INFO:root:Epoch no. 282 of 500 (samples: 70721)
INFO:root:Loss: 5652.6331 +/- 2.3851
INFO:root:Epoch no. 283 of 500 (samples: 70721)
INFO:root:Loss: 5643.6193 +/- 1.8127
INFO:root:Epoch no. 284 of 500 (samples: 70721)
INFO:root:Loss: 5634.9785 +/- 2.2093
INFO:root:Epoch no. 285 of 500 (samples: 70721)
INFO:root:Loss: 5625.8367 +/- 2.0474
INFO:root:Epoch no. 286 of 500 (samples: 70721)
INFO:root:Loss: 5617.159 +/- 1.7068
INFO:root:Epoch no. 287 of 500 (samples: 70721)
INFO:root:Loss: 5608.5968 +/- 2.2523
INFO:root:Epoch no. 288 of 500 (samples: 70721)
INFO:root:Loss: 5600.1872 +/- 2.0746
INFO:root:Epoch no. 289 of 500 (samples: 70721)
INFO:root:Loss: 5591.6523 +/- 1.7467
INFO:root:Epoch no. 290 of 500 (samples: 70721)
INFO:root:Loss: 5582.8738 +/- 2.4241
INFO:root:Epoch no. 291 of 500 (samples: 70721)
INFO:root:Loss: 5574.477 +/- 2.4276
INFO:root:Epoch no. 292 of 500 (samples: 70721)
INFO:root:Loss: 5565.7296 +/- 2.1236
INFO:root:Epoch no. 293 of 500 (samples: 70721)
INFO:root:Loss: 5557.4165 +/- 2.3943
INFO:root:Epoch no. 294 of 500 (samples: 70721)
INFO:root:Loss: 5549.0005 +/- 1.5414
INFO:root:Epoch no. 295 of 500 (samples: 70721)
INFO:root:Loss: 5540.7781 +/- 2.0674
INFO:root:Epoch no. 296 of 500 (samples: 70721)
INFO:root:Loss: 5532.597 +/- 2.1168
INFO:root:Epoch no. 297 of 500 (samples: 70721)
INFO:root:Loss: 5524.6148 +/- 2.2233
INFO:root:Epoch no. 298 of 500 (samples: 70721)
INFO:root:Loss: 5515.9114 +/- 1.9799
INFO:root:Epoch no. 299 of 500 (samples: 70721)
INFO:root:Loss: 5507.7666 +/- 1.8756
INFO:root:Epoch no. 300 of 500 (samples: 70721)
INFO:root:Loss: 5499.8231 +/- 2.0568
INFO:root:Epoch no. 301 of 500 (samples: 70721)
INFO:root:Loss: 5491.8637 +/- 2.0628
INFO:root:Epoch no. 302 of 500 (samples: 70721)
INFO:root:Loss: 5484.327 +/- 2.1807
INFO:root:Epoch no. 303 of 500 (samples: 70721)
INFO:root:Loss: 5476.4554 +/- 2.3066
INFO:root:Epoch no. 304 of 500 (samples: 70721)
INFO:root:Loss: 5468.0453 +/- 1.9701
INFO:root:Epoch no. 305 of 500 (samples: 70721)
INFO:root:Loss: 5460.6427 +/- 2.2499
INFO:root:Epoch no. 306 of 500 (samples: 70721)
INFO:root:Loss: 5452.6753 +/- 2.0229
INFO:root:Epoch no. 307 of 500 (samples: 70721)
INFO:root:Loss: 5444.8034 +/- 2.0832
INFO:root:Epoch no. 308 of 500 (samples: 70721)
INFO:root:Loss: 5437.3555 +/- 1.594
INFO:root:Epoch no. 309 of 500 (samples: 70721)
INFO:root:Loss: 5429.3573 +/- 1.741
INFO:root:Epoch no. 310 of 500 (samples: 70721)
INFO:root:Loss: 5422.1923 +/- 2.2565
INFO:root:Epoch no. 311 of 500 (samples: 70721)
INFO:root:Loss: 5414.4695 +/- 1.9174
INFO:root:Epoch no. 312 of 500 (samples: 70721)
INFO:root:Loss: 5407.2274 +/- 1.7076
INFO:root:Epoch no. 313 of 500 (samples: 70721)
INFO:root:Loss: 5399.2669 +/- 1.9181
INFO:root:Epoch no. 314 of 500 (samples: 70721)
INFO:root:Loss: 5391.7609 +/- 1.736
INFO:root:Epoch no. 315 of 500 (samples: 70721)
INFO:root:Loss: 5384.4842 +/- 2.1341
INFO:root:Epoch no. 316 of 500 (samples: 70721)
INFO:root:Loss: 5377.0246 +/- 1.551
INFO:root:Epoch no. 317 of 500 (samples: 70721)
INFO:root:Loss: 5369.676 +/- 1.8381
INFO:root:Epoch no. 318 of 500 (samples: 70721)
INFO:root:Loss: 5362.1626 +/- 2.3243
INFO:root:Epoch no. 319 of 500 (samples: 70721)
INFO:root:Loss: 5355.1306 +/- 1.8424
INFO:root:Epoch no. 320 of 500 (samples: 70721)
INFO:root:Loss: 5348.4256 +/- 2.5129
INFO:root:Epoch no. 321 of 500 (samples: 70721)
INFO:root:Loss: 5340.8269 +/- 1.7825
INFO:root:Epoch no. 322 of 500 (samples: 70721)
INFO:root:Loss: 5333.6059 +/- 2.1093
INFO:root:Epoch no. 323 of 500 (samples: 70721)
INFO:root:Loss: 5326.6487 +/- 1.8105
INFO:root:Epoch no. 324 of 500 (samples: 70721)
INFO:root:Loss: 5319.5614 +/- 1.8888
INFO:root:Epoch no. 325 of 500 (samples: 70721)
INFO:root:Loss: 5312.5756 +/- 1.8323
INFO:root:Epoch no. 326 of 500 (samples: 70721)
INFO:root:Loss: 5305.2209 +/- 1.7964
INFO:root:Epoch no. 327 of 500 (samples: 70721)
INFO:root:Loss: 5298.6404 +/- 1.5869
INFO:root:Epoch no. 328 of 500 (samples: 70721)
INFO:root:Loss: 5291.6536 +/- 1.8184
INFO:root:Epoch no. 329 of 500 (samples: 70721)
INFO:root:Loss: 5285.0775 +/- 1.6725
INFO:root:Epoch no. 330 of 500 (samples: 70721)
INFO:root:Loss: 5277.8519 +/- 1.7976
INFO:root:Epoch no. 331 of 500 (samples: 70721)
INFO:root:Loss: 5270.9241 +/- 1.6543
INFO:root:Epoch no. 332 of 500 (samples: 70721)
INFO:root:Loss: 5264.3574 +/- 1.9074
INFO:root:Epoch no. 333 of 500 (samples: 70721)
INFO:root:Loss: 5257.6313 +/- 1.4952
INFO:root:Epoch no. 334 of 500 (samples: 70721)
INFO:root:Loss: 5250.7161 +/- 1.9618
INFO:root:Epoch no. 335 of 500 (samples: 70721)
INFO:root:Loss: 5244.3261 +/- 1.9559
INFO:root:Epoch no. 336 of 500 (samples: 70721)
INFO:root:Loss: 5237.2841 +/- 1.3897
INFO:root:Epoch no. 337 of 500 (samples: 70721)
INFO:root:Loss: 5230.591 +/- 2.3336
INFO:root:Epoch no. 338 of 500 (samples: 70721)
INFO:root:Loss: 5224.538 +/- 1.5757
INFO:root:Epoch no. 339 of 500 (samples: 70721)
INFO:root:Loss: 5217.5154 +/- 2.0165
INFO:root:Epoch no. 340 of 500 (samples: 70721)
INFO:root:Loss: 5211.0797 +/- 2.3642
INFO:root:Epoch no. 341 of 500 (samples: 70721)
INFO:root:Loss: 5204.8766 +/- 1.5465
INFO:root:Epoch no. 342 of 500 (samples: 70721)
INFO:root:Loss: 5198.6235 +/- 1.799
INFO:root:Epoch no. 343 of 500 (samples: 70721)
INFO:root:Loss: 5191.8783 +/- 1.9914
INFO:root:Epoch no. 344 of 500 (samples: 70721)
INFO:root:Loss: 5185.3719 +/- 1.4595
INFO:root:Epoch no. 345 of 500 (samples: 70721)
INFO:root:Loss: 5179.0404 +/- 1.8116
INFO:root:Epoch no. 346 of 500 (samples: 70721)
INFO:root:Loss: 5172.6214 +/- 1.5775
INFO:root:Epoch no. 347 of 500 (samples: 70721)
INFO:root:Loss: 5166.4152 +/- 1.7744
INFO:root:Epoch no. 348 of 500 (samples: 70721)
INFO:root:Loss: 5160.1575 +/- 2.1828
INFO:root:Epoch no. 349 of 500 (samples: 70721)
INFO:root:Loss: 5153.9197 +/- 2.0191
INFO:root:Epoch no. 350 of 500 (samples: 70721)
INFO:root:Loss: 5147.8259 +/- 1.7857
INFO:root:Epoch no. 351 of 500 (samples: 70721)
INFO:root:Loss: 5141.9442 +/- 1.902
INFO:root:Epoch no. 352 of 500 (samples: 70721)
INFO:root:Loss: 5135.3624 +/- 1.9614
INFO:root:Epoch no. 353 of 500 (samples: 70721)
INFO:root:Loss: 5129.4232 +/- 2.0697
INFO:root:Epoch no. 354 of 500 (samples: 70721)
INFO:root:Loss: 5123.4063 +/- 2.0736
INFO:root:Epoch no. 355 of 500 (samples: 70721)
INFO:root:Loss: 5117.0521 +/- 1.4227
INFO:root:Epoch no. 356 of 500 (samples: 70721)
INFO:root:Loss: 5110.9772 +/- 1.9821
INFO:root:Epoch no. 357 of 500 (samples: 70721)
INFO:root:Loss: 5105.0159 +/- 1.8801
INFO:root:Epoch no. 358 of 500 (samples: 70721)
INFO:root:Loss: 5099.2609 +/- 2.1649
INFO:root:Epoch no. 359 of 500 (samples: 70721)
INFO:root:Loss: 5093.2159 +/- 1.4994
INFO:root:Epoch no. 360 of 500 (samples: 70721)
INFO:root:Loss: 5087.3187 +/- 2.0216
INFO:root:Epoch no. 361 of 500 (samples: 70721)
INFO:root:Loss: 5081.4467 +/- 1.4414
INFO:root:Epoch no. 362 of 500 (samples: 70721)
INFO:root:Loss: 5075.4529 +/- 1.9069
INFO:root:Epoch no. 363 of 500 (samples: 70721)
INFO:root:Loss: 5069.7652 +/- 1.5736
INFO:root:Epoch no. 364 of 500 (samples: 70721)
INFO:root:Loss: 5063.5998 +/- 1.564
INFO:root:Epoch no. 365 of 500 (samples: 70721)
INFO:root:Loss: 5057.9081 +/- 1.7395
INFO:root:Epoch no. 366 of 500 (samples: 70721)
INFO:root:Loss: 5052.5434 +/- 1.7374
INFO:root:Epoch no. 367 of 500 (samples: 70721)
INFO:root:Loss: 5046.536 +/- 1.3886
INFO:root:Epoch no. 368 of 500 (samples: 70721)
INFO:root:Loss: 5040.8357 +/- 1.8505
INFO:root:Epoch no. 369 of 500 (samples: 70721)
INFO:root:Loss: 5035.0773 +/- 1.6247
INFO:root:Epoch no. 370 of 500 (samples: 70721)
INFO:root:Loss: 5029.3698 +/- 1.8586
INFO:root:Epoch no. 371 of 500 (samples: 70721)
INFO:root:Loss: 5023.7852 +/- 1.6037
INFO:root:Epoch no. 372 of 500 (samples: 70721)
INFO:root:Loss: 5018.3797 +/- 1.879
INFO:root:Epoch no. 373 of 500 (samples: 70721)
INFO:root:Loss: 5012.8934 +/- 1.6168
INFO:root:Epoch no. 374 of 500 (samples: 70721)
INFO:root:Loss: 5006.8507 +/- 1.4637
INFO:root:Epoch no. 375 of 500 (samples: 70721)
INFO:root:Loss: 5001.8079 +/- 1.8371
INFO:root:Epoch no. 376 of 500 (samples: 70721)
INFO:root:Loss: 4996.1568 +/- 1.6213
INFO:root:Epoch no. 377 of 500 (samples: 70721)
INFO:root:Loss: 4990.7463 +/- 1.7178
INFO:root:Epoch no. 378 of 500 (samples: 70721)
INFO:root:Loss: 4984.9285 +/- 2.0328
INFO:root:Epoch no. 379 of 500 (samples: 70721)
INFO:root:Loss: 4979.6558 +/- 1.767
INFO:root:Epoch no. 380 of 500 (samples: 70721)
INFO:root:Loss: 4974.3305 +/- 1.6442
INFO:root:Epoch no. 381 of 500 (samples: 70721)
INFO:root:Loss: 4968.7715 +/- 1.9289
INFO:root:Epoch no. 382 of 500 (samples: 70721)
INFO:root:Loss: 4963.4526 +/- 1.7677
INFO:root:Epoch no. 383 of 500 (samples: 70721)
INFO:root:Loss: 4958.4054 +/- 1.8484
INFO:root:Epoch no. 384 of 500 (samples: 70721)
INFO:root:Loss: 4953.0092 +/- 1.6966
INFO:root:Epoch no. 385 of 500 (samples: 70721)
INFO:root:Loss: 4947.7224 +/- 1.3268
INFO:root:Epoch no. 386 of 500 (samples: 70721)
INFO:root:Loss: 4942.4313 +/- 1.5655
INFO:root:Epoch no. 387 of 500 (samples: 70721)
INFO:root:Loss: 4937.2746 +/- 1.4186
INFO:root:Epoch no. 388 of 500 (samples: 70721)
INFO:root:Loss: 4931.967 +/- 1.6754
INFO:root:Epoch no. 389 of 500 (samples: 70721)
INFO:root:Loss: 4926.8519 +/- 1.9287
INFO:root:Epoch no. 390 of 500 (samples: 70721)
INFO:root:Loss: 4921.7132 +/- 2.0695
INFO:root:Epoch no. 391 of 500 (samples: 70721)
INFO:root:Loss: 4916.234 +/- 2.0794
INFO:root:Epoch no. 392 of 500 (samples: 70721)
INFO:root:Loss: 4911.2018 +/- 1.833
INFO:root:Epoch no. 393 of 500 (samples: 70721)
INFO:root:Loss: 4906.1036 +/- 1.6187
INFO:root:Epoch no. 394 of 500 (samples: 70721)
INFO:root:Loss: 4901.0428 +/- 1.7239
INFO:root:Epoch no. 395 of 500 (samples: 70721)
INFO:root:Loss: 4896.3103 +/- 1.8939
INFO:root:Epoch no. 396 of 500 (samples: 70721)
INFO:root:Loss: 4891.3693 +/- 2.0421
INFO:root:Epoch no. 397 of 500 (samples: 70721)
INFO:root:Loss: 4885.8259 +/- 1.8636
INFO:root:Epoch no. 398 of 500 (samples: 70721)
INFO:root:Loss: 4880.769 +/- 2.1344
INFO:root:Epoch no. 399 of 500 (samples: 70721)
INFO:root:Loss: 4876.0393 +/- 1.9916
INFO:root:Epoch no. 400 of 500 (samples: 70721)
INFO:root:Loss: 4871.3695 +/- 2.0507
INFO:root:Epoch no. 401 of 500 (samples: 70721)
INFO:root:Loss: 4866.0912 +/- 1.7013
INFO:root:Epoch no. 402 of 500 (samples: 70721)
INFO:root:Loss: 4861.2777 +/- 1.6289
INFO:root:Epoch no. 403 of 500 (samples: 70721)
INFO:root:Loss: 4856.041 +/- 1.5055
INFO:root:Epoch no. 404 of 500 (samples: 70721)
INFO:root:Loss: 4851.1841 +/- 1.7998
INFO:root:Epoch no. 405 of 500 (samples: 70721)
INFO:root:Loss: 4846.2975 +/- 1.5372
INFO:root:Epoch no. 406 of 500 (samples: 70721)
INFO:root:Loss: 4841.7944 +/- 1.8217
INFO:root:Epoch no. 407 of 500 (samples: 70721)
INFO:root:Loss: 4836.6682 +/- 2.0093
INFO:root:Epoch no. 408 of 500 (samples: 70721)
INFO:root:Loss: 4832.3605 +/- 1.6417
INFO:root:Epoch no. 409 of 500 (samples: 70721)
INFO:root:Loss: 4827.2541 +/- 1.5833
INFO:root:Epoch no. 410 of 500 (samples: 70721)
INFO:root:Loss: 4822.6144 +/- 1.443
INFO:root:Epoch no. 411 of 500 (samples: 70721)
INFO:root:Loss: 4817.7718 +/- 1.7082
INFO:root:Epoch no. 412 of 500 (samples: 70721)
INFO:root:Loss: 4813.2233 +/- 1.7286
INFO:root:Epoch no. 413 of 500 (samples: 70721)
INFO:root:Loss: 4808.6381 +/- 1.1882
INFO:root:Epoch no. 414 of 500 (samples: 70721)
INFO:root:Loss: 4803.5654 +/- 1.794
INFO:root:Epoch no. 415 of 500 (samples: 70721)
INFO:root:Loss: 4798.9251 +/- 1.9942
INFO:root:Epoch no. 416 of 500 (samples: 70721)
INFO:root:Loss: 4794.2136 +/- 1.2325
INFO:root:Epoch no. 417 of 500 (samples: 70721)
INFO:root:Loss: 4789.6997 +/- 1.3271
INFO:root:Epoch no. 418 of 500 (samples: 70721)
INFO:root:Loss: 4785.1368 +/- 1.9458
INFO:root:Epoch no. 419 of 500 (samples: 70721)
INFO:root:Loss: 4780.288 +/- 1.9984
INFO:root:Epoch no. 420 of 500 (samples: 70721)
INFO:root:Loss: 4776.0782 +/- 1.7948
INFO:root:Epoch no. 421 of 500 (samples: 70721)
INFO:root:Loss: 4771.2773 +/- 1.4269
INFO:root:Epoch no. 422 of 500 (samples: 70721)
INFO:root:Loss: 4766.5176 +/- 1.6582
INFO:root:Epoch no. 423 of 500 (samples: 70721)
INFO:root:Loss: 4761.9734 +/- 1.3907
INFO:root:Epoch no. 424 of 500 (samples: 70721)
INFO:root:Loss: 4757.541 +/- 1.3922
INFO:root:Epoch no. 425 of 500 (samples: 70721)
INFO:root:Loss: 4752.7537 +/- 1.3524
INFO:root:Epoch no. 426 of 500 (samples: 70721)
INFO:root:Loss: 4748.7561 +/- 1.9295
INFO:root:Epoch no. 427 of 500 (samples: 70721)
INFO:root:Loss: 4744.0171 +/- 1.4649
INFO:root:Epoch no. 428 of 500 (samples: 70721)
INFO:root:Loss: 4739.7054 +/- 2.0636
INFO:root:Epoch no. 429 of 500 (samples: 70721)
INFO:root:Loss: 4735.2216 +/- 1.6147
INFO:root:Epoch no. 430 of 500 (samples: 70721)
INFO:root:Loss: 4731.1876 +/- 1.6531
INFO:root:Epoch no. 431 of 500 (samples: 70721)
INFO:root:Loss: 4727.0115 +/- 1.6372
INFO:root:Epoch no. 432 of 500 (samples: 70721)
INFO:root:Loss: 4722.0556 +/- 1.3197
INFO:root:Epoch no. 433 of 500 (samples: 70721)
INFO:root:Loss: 4717.5439 +/- 1.7639
INFO:root:Epoch no. 434 of 500 (samples: 70721)
INFO:root:Loss: 4713.1213 +/- 1.5159
INFO:root:Epoch no. 435 of 500 (samples: 70721)
INFO:root:Loss: 4709.4298 +/- 1.545
INFO:root:Epoch no. 436 of 500 (samples: 70721)
INFO:root:Loss: 4705.051 +/- 1.1057
INFO:root:Epoch no. 437 of 500 (samples: 70721)
INFO:root:Loss: 4700.2938 +/- 1.47
INFO:root:Epoch no. 438 of 500 (samples: 70721)
INFO:root:Loss: 4696.8278 +/- 1.8147
INFO:root:Epoch no. 439 of 500 (samples: 70721)
INFO:root:Loss: 4692.1406 +/- 1.7091
INFO:root:Epoch no. 440 of 500 (samples: 70721)
INFO:root:Loss: 4687.5988 +/- 1.886
INFO:root:Epoch no. 441 of 500 (samples: 70721)
INFO:root:Loss: 4683.7951 +/- 1.7602
INFO:root:Epoch no. 442 of 500 (samples: 70721)
INFO:root:Loss: 4679.0666 +/- 1.5879
INFO:root:Epoch no. 443 of 500 (samples: 70721)
INFO:root:Loss: 4675.503 +/- 1.5424
INFO:root:Epoch no. 444 of 500 (samples: 70721)
INFO:root:Loss: 4671.115 +/- 1.4266
INFO:root:Epoch no. 445 of 500 (samples: 70721)
INFO:root:Loss: 4666.7734 +/- 1.2628
INFO:root:Epoch no. 446 of 500 (samples: 70721)
INFO:root:Loss: 4662.7603 +/- 1.7022
INFO:root:Epoch no. 447 of 500 (samples: 70721)
INFO:root:Loss: 4658.6923 +/- 1.8176
INFO:root:Epoch no. 448 of 500 (samples: 70721)
INFO:root:Loss: 4654.3899 +/- 1.4392
INFO:root:Epoch no. 449 of 500 (samples: 70721)
INFO:root:Loss: 4650.2032 +/- 1.6926
INFO:root:Epoch no. 450 of 500 (samples: 70721)
INFO:root:Loss: 4645.8419 +/- 1.7416
INFO:root:Epoch no. 451 of 500 (samples: 70721)
INFO:root:Loss: 4642.1925 +/- 2.0311
INFO:root:Epoch no. 452 of 500 (samples: 70721)
INFO:root:Loss: 4637.7808 +/- 1.5191
INFO:root:Epoch no. 453 of 500 (samples: 70721)
INFO:root:Loss: 4634.0571 +/- 1.4936
INFO:root:Epoch no. 454 of 500 (samples: 70721)
INFO:root:Loss: 4630.0225 +/- 1.7995
INFO:root:Epoch no. 455 of 500 (samples: 70721)
INFO:root:Loss: 4625.9247 +/- 1.4934
INFO:root:Epoch no. 456 of 500 (samples: 70721)
INFO:root:Loss: 4621.6615 +/- 1.5214
INFO:root:Epoch no. 457 of 500 (samples: 70721)
INFO:root:Loss: 4617.7082 +/- 1.6707
INFO:root:Epoch no. 458 of 500 (samples: 70721)
INFO:root:Loss: 4613.5074 +/- 1.6244
INFO:root:Epoch no. 459 of 500 (samples: 70721)
INFO:root:Loss: 4609.8554 +/- 1.685
INFO:root:Epoch no. 460 of 500 (samples: 70721)
INFO:root:Loss: 4605.9432 +/- 1.3598
INFO:root:Epoch no. 461 of 500 (samples: 70721)
INFO:root:Loss: 4602.1375 +/- 1.2757
INFO:root:Epoch no. 462 of 500 (samples: 70721)
INFO:root:Loss: 4598.0669 +/- 1.4729
INFO:root:Epoch no. 463 of 500 (samples: 70721)
INFO:root:Loss: 4594.3114 +/- 1.8444
INFO:root:Epoch no. 464 of 500 (samples: 70721)
INFO:root:Loss: 4590.4011 +/- 1.5945
INFO:root:Epoch no. 465 of 500 (samples: 70721)
INFO:root:Loss: 4586.6368 +/- 1.63
INFO:root:Epoch no. 466 of 500 (samples: 70721)
INFO:root:Loss: 4582.2187 +/- 1.8729
INFO:root:Epoch no. 467 of 500 (samples: 70721)
INFO:root:Loss: 4578.447 +/- 1.6675
INFO:root:Epoch no. 468 of 500 (samples: 70721)
INFO:root:Loss: 4575.0707 +/- 1.5989
INFO:root:Epoch no. 469 of 500 (samples: 70721)
INFO:root:Loss: 4570.9847 +/- 1.7181
INFO:root:Epoch no. 470 of 500 (samples: 70721)
INFO:root:Loss: 4567.4523 +/- 1.8463
INFO:root:Epoch no. 471 of 500 (samples: 70721)
INFO:root:Loss: 4563.4519 +/- 1.5381
INFO:root:Epoch no. 472 of 500 (samples: 70721)
INFO:root:Loss: 4559.2543 +/- 1.6773
INFO:root:Epoch no. 473 of 500 (samples: 70721)
INFO:root:Loss: 4555.7738 +/- 1.7891
INFO:root:Epoch no. 474 of 500 (samples: 70721)
INFO:root:Loss: 4551.7416 +/- 2.0587
INFO:root:Epoch no. 475 of 500 (samples: 70721)
INFO:root:Loss: 4548.2115 +/- 1.846
INFO:root:Epoch no. 476 of 500 (samples: 70721)
INFO:root:Loss: 4544.4685 +/- 1.4299
INFO:root:Epoch no. 477 of 500 (samples: 70721)
INFO:root:Loss: 4540.651 +/- 1.936
INFO:root:Epoch no. 478 of 500 (samples: 70721)
INFO:root:Loss: 4536.836 +/- 1.7217
INFO:root:Epoch no. 479 of 500 (samples: 70721)
INFO:root:Loss: 4533.2973 +/- 1.7337
INFO:root:Epoch no. 480 of 500 (samples: 70721)
INFO:root:Loss: 4529.8406 +/- 1.884
INFO:root:Epoch no. 481 of 500 (samples: 70721)
INFO:root:Loss: 4525.4692 +/- 1.4476
INFO:root:Epoch no. 482 of 500 (samples: 70721)
INFO:root:Loss: 4522.5761 +/- 1.7382
INFO:root:Epoch no. 483 of 500 (samples: 70721)
INFO:root:Loss: 4518.6367 +/- 1.5619
INFO:root:Epoch no. 484 of 500 (samples: 70721)
INFO:root:Loss: 4515.1764 +/- 1.3977
INFO:root:Epoch no. 485 of 500 (samples: 70721)
INFO:root:Loss: 4511.689 +/- 1.4959
INFO:root:Epoch no. 486 of 500 (samples: 70721)
INFO:root:Loss: 4508.0475 +/- 1.6359
INFO:root:Epoch no. 487 of 500 (samples: 70721)
INFO:root:Loss: 4504.2216 +/- 2.2458
INFO:root:Epoch no. 488 of 500 (samples: 70721)
INFO:root:Loss: 4500.3629 +/- 1.7738
INFO:root:Epoch no. 489 of 500 (samples: 70721)
INFO:root:Loss: 4497.1647 +/- 1.8699
INFO:root:Epoch no. 490 of 500 (samples: 70721)
INFO:root:Loss: 4493.5436 +/- 1.4029
INFO:root:Epoch no. 491 of 500 (samples: 70721)
INFO:root:Loss: 4490.0185 +/- 1.8078
INFO:root:Epoch no. 492 of 500 (samples: 70721)
INFO:root:Loss: 4486.2373 +/- 1.6614
INFO:root:Epoch no. 493 of 500 (samples: 70721)
INFO:root:Loss: 4482.8563 +/- 1.7337
INFO:root:Epoch no. 494 of 500 (samples: 70721)
INFO:root:Loss: 4479.6554 +/- 1.5721
INFO:root:Epoch no. 495 of 500 (samples: 70721)
INFO:root:Loss: 4475.7227 +/- 1.7314
INFO:root:Epoch no. 496 of 500 (samples: 70721)
INFO:root:Loss: 4472.2506 +/- 1.6606
INFO:root:Epoch no. 497 of 500 (samples: 70721)
INFO:root:Loss: 4468.9467 +/- 1.3469
INFO:root:Epoch no. 498 of 500 (samples: 70721)
INFO:root:Loss: 4465.3209 +/- 1.8775
INFO:root:Epoch no. 499 of 500 (samples: 70721)
INFO:root:Loss: 4461.9292 +/- 1.4356
INFO:root:Epoch no. 500 of 500 (samples: 70721)
INFO:root:Loss: 4458.5725 +/- 1.8041
/usr/local/lib/python3.5/dist-packages/keras/backend/theano_backend.py:514: UserWarning: theano.function was asked to create a function computing outputs given certain inputs, but the provided input variable at index 2 is not part of the computational graph needed to compute the outputs: keras_learning_phase.
To make this warning into an error, you can pass the parameter on_unused_input='raise' to theano.function. To disable it completely, use on_unused_input='ignore'.
  **kwargs)
INFO:root:### MICRO (validation raw):
INFO:root:	-- left   >> mean: 11595.448, median: 6696.0, mrr: 0.113, hits@1: 7.58%
INFO:root:	-- right  >> mean: 11417.2542, median: 4822.0, mrr: 0.114, hits@1: 7.5%
INFO:root:	-- global >> mean: 11506.3511, median: 5823.5, mrr: 0.113, hits@1: 7.54%
INFO:root:### MICRO (validation raw):
INFO:root:	-- left   >> mean: 11595.448, median: 6696.0, mrr: 0.113, hits@3: 13.74%
INFO:root:	-- right  >> mean: 11417.2542, median: 4822.0, mrr: 0.114, hits@3: 13.56%
INFO:root:	-- global >> mean: 11506.3511, median: 5823.5, mrr: 0.113, hits@3: 13.65%
INFO:root:### MICRO (validation raw):
INFO:root:	-- left   >> mean: 11595.448, median: 6696.0, mrr: 0.113, hits@5: 15.26%
INFO:root:	-- right  >> mean: 11417.2542, median: 4822.0, mrr: 0.114, hits@5: 16.12%
INFO:root:	-- global >> mean: 11506.3511, median: 5823.5, mrr: 0.113, hits@5: 15.69%
INFO:root:### MICRO (validation raw):
INFO:root:	-- left   >> mean: 11595.448, median: 6696.0, mrr: 0.113, hits@10: 17.64%
INFO:root:	-- right  >> mean: 11417.2542, median: 4822.0, mrr: 0.114, hits@10: 18.74%
INFO:root:	-- global >> mean: 11506.3511, median: 5823.5, mrr: 0.113, hits@10: 18.19%
INFO:root:### MICRO (validation filtered):
INFO:root:	-- left   >> mean: 11587.0788, median: 6696.0, mrr: 0.135, hits@1: 10.8%
INFO:root:	-- right  >> mean: 11408.6202, median: 4821.5, mrr: 0.134, hits@1: 10.2%
INFO:root:	-- global >> mean: 11497.8495, median: 5823.5, mrr: 0.134, hits@1: 10.5%
INFO:root:### MICRO (validation filtered):
INFO:root:	-- left   >> mean: 11587.0788, median: 6696.0, mrr: 0.135, hits@3: 15.04%
INFO:root:	-- right  >> mean: 11408.6202, median: 4821.5, mrr: 0.134, hits@3: 15.0%
INFO:root:	-- global >> mean: 11497.8495, median: 5823.5, mrr: 0.134, hits@3: 15.02%
INFO:root:### MICRO (validation filtered):
INFO:root:	-- left   >> mean: 11587.0788, median: 6696.0, mrr: 0.135, hits@5: 16.4%
INFO:root:	-- right  >> mean: 11408.6202, median: 4821.5, mrr: 0.134, hits@5: 16.76%
INFO:root:	-- global >> mean: 11497.8495, median: 5823.5, mrr: 0.134, hits@5: 16.58%
INFO:root:### MICRO (validation filtered):
INFO:root:	-- left   >> mean: 11587.0788, median: 6696.0, mrr: 0.135, hits@10: 18.26%
INFO:root:	-- right  >> mean: 11408.6202, median: 4821.5, mrr: 0.134, hits@10: 18.96%
INFO:root:	-- global >> mean: 11497.8495, median: 5823.5, mrr: 0.134, hits@10: 18.61%
INFO:root:### MICRO (test raw):
INFO:root:	-- left   >> mean: 11473.0186, median: 6633.5, mrr: 0.107, hits@1: 7.48%
INFO:root:	-- right  >> mean: 11050.7508, median: 4142.5, mrr: 0.114, hits@1: 7.82%
INFO:root:	-- global >> mean: 11261.8847, median: 5495.0, mrr: 0.11, hits@1: 7.65%
INFO:root:### MICRO (test raw):
INFO:root:	-- left   >> mean: 11473.0186, median: 6633.5, mrr: 0.107, hits@3: 12.66%
INFO:root:	-- right  >> mean: 11050.7508, median: 4142.5, mrr: 0.114, hits@3: 13.34%
INFO:root:	-- global >> mean: 11261.8847, median: 5495.0, mrr: 0.11, hits@3: 13.0%
INFO:root:### MICRO (test raw):
INFO:root:	-- left   >> mean: 11473.0186, median: 6633.5, mrr: 0.107, hits@5: 14.42%
INFO:root:	-- right  >> mean: 11050.7508, median: 4142.5, mrr: 0.114, hits@5: 15.68%
INFO:root:	-- global >> mean: 11261.8847, median: 5495.0, mrr: 0.11, hits@5: 15.05%
INFO:root:### MICRO (test raw):
INFO:root:	-- left   >> mean: 11473.0186, median: 6633.5, mrr: 0.107, hits@10: 16.42%
INFO:root:	-- right  >> mean: 11050.7508, median: 4142.5, mrr: 0.114, hits@10: 18.22%
INFO:root:	-- global >> mean: 11261.8847, median: 5495.0, mrr: 0.11, hits@10: 17.32%
INFO:root:### MICRO (test filtered):
INFO:root:	-- left   >> mean: 11464.1996, median: 6627.0, mrr: 0.127, hits@1: 10.12%
INFO:root:	-- right  >> mean: 11042.7054, median: 4116.5, mrr: 0.131, hits@1: 10.24%
INFO:root:	-- global >> mean: 11253.4525, median: 5477.5, mrr: 0.129, hits@1: 10.18%
INFO:root:### MICRO (test filtered):
INFO:root:	-- left   >> mean: 11464.1996, median: 6627.0, mrr: 0.127, hits@3: 14.18%
INFO:root:	-- right  >> mean: 11042.7054, median: 4116.5, mrr: 0.131, hits@3: 14.58%
INFO:root:	-- global >> mean: 11253.4525, median: 5477.5, mrr: 0.129, hits@3: 14.38%
INFO:root:### MICRO (test filtered):
INFO:root:	-- left   >> mean: 11464.1996, median: 6627.0, mrr: 0.127, hits@5: 15.3%
INFO:root:	-- right  >> mean: 11042.7054, median: 4116.5, mrr: 0.131, hits@5: 16.24%
INFO:root:	-- global >> mean: 11253.4525, median: 5477.5, mrr: 0.129, hits@5: 15.77%
INFO:root:### MICRO (test filtered):
INFO:root:	-- left   >> mean: 11464.1996, median: 6627.0, mrr: 0.127, hits@10: 16.88%
INFO:root:	-- right  >> mean: 11042.7054, median: 4116.5, mrr: 0.131, hits@10: 18.46%
INFO:root:	-- global >> mean: 11253.4525, median: 5477.5, mrr: 0.129, hits@10: 17.67%
