Using Theano backend.
INFO:root:Acquiring data/wn18/wordnet-mlj12-train.txt ..
INFO:root:Acquiring data/wn18/wordnet-mlj12-valid.txt ..
INFO:root:Acquiring data/wn18/wordnet-mlj12-test.txt ..
INFO:root:[Rules] Adding Head: 15, Tail: [(10, True)]
INFO:root:[Rules] Adding Head: 12, Tail: [(17, True)]
INFO:root:[Rules] Adding Head: 4, Tail: [(5, True)]
INFO:root:[Rules] Adding Head: 13, Tail: [(3, True)]
INFO:root:[Rules] Adding Head: 5, Tail: [(4, True)]
INFO:root:[Rules] Adding Head: 16, Tail: [(11, True)]
INFO:root:[Rules] Adding Head: 17, Tail: [(12, True)]
INFO:root:[Rules] Adding Head: 11, Tail: [(16, True)]
INFO:root:[Rules] Adding Head: 8, Tail: [(9, True)]
INFO:root:[Rules] Adding Head: 2, Tail: [(2, True)]
INFO:root:Samples: 127298, no. batches: 10 -> batch size: 12730
INFO:root:Epoch no. 1 of 500 (samples: 127298)
INFO:root:Loss: 1652.7206 +/- 2389.3825
INFO:root:Epoch no. 2 of 500 (samples: 127298)
INFO:root:Loss: 346.4788 +/- 11.9548
INFO:root:Epoch no. 3 of 500 (samples: 127298)
INFO:root:Loss: 246.141 +/- 1.8497
INFO:root:Epoch no. 4 of 500 (samples: 127298)
INFO:root:Loss: 193.8376 +/- 4.477
INFO:root:Epoch no. 5 of 500 (samples: 127298)
INFO:root:Loss: 160.9063 +/- 4.3095
INFO:root:Epoch no. 6 of 500 (samples: 127298)
INFO:root:Loss: 137.8977 +/- 5.3089
INFO:root:Epoch no. 7 of 500 (samples: 127298)
INFO:root:Loss: 121.1383 +/- 5.4117
INFO:root:Epoch no. 8 of 500 (samples: 127298)
INFO:root:Loss: 108.4626 +/- 4.967
INFO:root:Epoch no. 9 of 500 (samples: 127298)
INFO:root:Loss: 98.9087 +/- 5.0329
INFO:root:Epoch no. 10 of 500 (samples: 127298)
INFO:root:Loss: 91.2089 +/- 4.7342
INFO:root:Epoch no. 11 of 500 (samples: 127298)
INFO:root:Loss: 84.8611 +/- 4.0226
INFO:root:Epoch no. 12 of 500 (samples: 127298)
INFO:root:Loss: 80.0022 +/- 3.8139
INFO:root:Epoch no. 13 of 500 (samples: 127298)
INFO:root:Loss: 75.5318 +/- 4.575
INFO:root:Epoch no. 14 of 500 (samples: 127298)
INFO:root:Loss: 71.8501 +/- 3.9544
INFO:root:Epoch no. 15 of 500 (samples: 127298)
INFO:root:Loss: 68.8379 +/- 3.8475
INFO:root:Epoch no. 16 of 500 (samples: 127298)
INFO:root:Loss: 65.8676 +/- 3.6992
INFO:root:Epoch no. 17 of 500 (samples: 127298)
INFO:root:Loss: 63.5683 +/- 3.4339
INFO:root:Epoch no. 18 of 500 (samples: 127298)
INFO:root:Loss: 61.4782 +/- 3.4472
INFO:root:Epoch no. 19 of 500 (samples: 127298)
INFO:root:Loss: 59.7511 +/- 3.4957
INFO:root:Epoch no. 20 of 500 (samples: 127298)
INFO:root:Loss: 57.9572 +/- 3.5245
INFO:root:Epoch no. 21 of 500 (samples: 127298)
INFO:root:Loss: 56.2924 +/- 3.2493
INFO:root:Epoch no. 22 of 500 (samples: 127298)
INFO:root:Loss: 55.2327 +/- 3.1748
INFO:root:Epoch no. 23 of 500 (samples: 127298)
INFO:root:Loss: 53.6443 +/- 3.1877
INFO:root:Epoch no. 24 of 500 (samples: 127298)
INFO:root:Loss: 52.7173 +/- 2.7333
INFO:root:Epoch no. 25 of 500 (samples: 127298)
INFO:root:Loss: 51.489 +/- 3.0039
INFO:root:Epoch no. 26 of 500 (samples: 127298)
INFO:root:Loss: 50.5726 +/- 2.7192
INFO:root:Epoch no. 27 of 500 (samples: 127298)
INFO:root:Loss: 49.594 +/- 2.786
INFO:root:Epoch no. 28 of 500 (samples: 127298)
INFO:root:Loss: 48.9608 +/- 3.2007
INFO:root:Epoch no. 29 of 500 (samples: 127298)
INFO:root:Loss: 48.0364 +/- 2.8847
INFO:root:Epoch no. 30 of 500 (samples: 127298)
INFO:root:Loss: 47.5359 +/- 2.4611
INFO:root:Epoch no. 31 of 500 (samples: 127298)
INFO:root:Loss: 46.7355 +/- 2.7762
INFO:root:Epoch no. 32 of 500 (samples: 127298)
INFO:root:Loss: 45.9923 +/- 2.7898
INFO:root:Epoch no. 33 of 500 (samples: 127298)
INFO:root:Loss: 45.4043 +/- 2.9266
INFO:root:Epoch no. 34 of 500 (samples: 127298)
INFO:root:Loss: 44.7114 +/- 2.5631
INFO:root:Epoch no. 35 of 500 (samples: 127298)
INFO:root:Loss: 44.2723 +/- 2.2082
INFO:root:Epoch no. 36 of 500 (samples: 127298)
INFO:root:Loss: 43.7494 +/- 2.1323
INFO:root:Epoch no. 37 of 500 (samples: 127298)
INFO:root:Loss: 43.7738 +/- 2.2012
INFO:root:Epoch no. 38 of 500 (samples: 127298)
INFO:root:Loss: 43.0606 +/- 2.4418
INFO:root:Epoch no. 39 of 500 (samples: 127298)
INFO:root:Loss: 42.7622 +/- 2.5679
INFO:root:Epoch no. 40 of 500 (samples: 127298)
INFO:root:Loss: 42.2366 +/- 2.2063
INFO:root:Epoch no. 41 of 500 (samples: 127298)
INFO:root:Loss: 41.6566 +/- 1.8427
INFO:root:Epoch no. 42 of 500 (samples: 127298)
INFO:root:Loss: 41.459 +/- 2.0665
INFO:root:Epoch no. 43 of 500 (samples: 127298)
INFO:root:Loss: 41.1476 +/- 2.1372
INFO:root:Epoch no. 44 of 500 (samples: 127298)
INFO:root:Loss: 40.835 +/- 2.4346
INFO:root:Epoch no. 45 of 500 (samples: 127298)
INFO:root:Loss: 40.5221 +/- 1.8829
INFO:root:Epoch no. 46 of 500 (samples: 127298)
INFO:root:Loss: 40.3182 +/- 1.8876
INFO:root:Epoch no. 47 of 500 (samples: 127298)
INFO:root:Loss: 39.8776 +/- 1.9971
INFO:root:Epoch no. 48 of 500 (samples: 127298)
INFO:root:Loss: 39.718 +/- 1.683
INFO:root:Epoch no. 49 of 500 (samples: 127298)
INFO:root:Loss: 39.5292 +/- 2.2417
INFO:root:Epoch no. 50 of 500 (samples: 127298)
INFO:root:Loss: 39.1475 +/- 1.8267
INFO:root:Epoch no. 51 of 500 (samples: 127298)
INFO:root:Loss: 38.964 +/- 1.8587
INFO:root:Epoch no. 52 of 500 (samples: 127298)
INFO:root:Loss: 38.5488 +/- 2.2437
INFO:root:Epoch no. 53 of 500 (samples: 127298)
INFO:root:Loss: 38.4144 +/- 1.8919
INFO:root:Epoch no. 54 of 500 (samples: 127298)
INFO:root:Loss: 38.4796 +/- 1.7884
INFO:root:Epoch no. 55 of 500 (samples: 127298)
INFO:root:Loss: 38.0041 +/- 2.1458
INFO:root:Epoch no. 56 of 500 (samples: 127298)
INFO:root:Loss: 37.8761 +/- 1.8503
INFO:root:Epoch no. 57 of 500 (samples: 127298)
INFO:root:Loss: 37.8984 +/- 1.938
INFO:root:Epoch no. 58 of 500 (samples: 127298)
INFO:root:Loss: 37.8191 +/- 1.8328
INFO:root:Epoch no. 59 of 500 (samples: 127298)
INFO:root:Loss: 37.5502 +/- 1.6668
INFO:root:Epoch no. 60 of 500 (samples: 127298)
INFO:root:Loss: 37.4636 +/- 2.311
INFO:root:Epoch no. 61 of 500 (samples: 127298)
INFO:root:Loss: 36.9742 +/- 1.9083
INFO:root:Epoch no. 62 of 500 (samples: 127298)
INFO:root:Loss: 37.0872 +/- 1.7392
INFO:root:Epoch no. 63 of 500 (samples: 127298)
INFO:root:Loss: 36.9352 +/- 1.7589
INFO:root:Epoch no. 64 of 500 (samples: 127298)
INFO:root:Loss: 36.7475 +/- 1.6866
INFO:root:Epoch no. 65 of 500 (samples: 127298)
INFO:root:Loss: 36.7862 +/- 1.7779
INFO:root:Epoch no. 66 of 500 (samples: 127298)
INFO:root:Loss: 36.3592 +/- 1.8891
INFO:root:Epoch no. 67 of 500 (samples: 127298)
INFO:root:Loss: 36.3819 +/- 1.553
INFO:root:Epoch no. 68 of 500 (samples: 127298)
INFO:root:Loss: 36.0235 +/- 1.6035
INFO:root:Epoch no. 69 of 500 (samples: 127298)
INFO:root:Loss: 36.0713 +/- 1.6759
INFO:root:Epoch no. 70 of 500 (samples: 127298)
INFO:root:Loss: 36.1947 +/- 1.7156
INFO:root:Epoch no. 71 of 500 (samples: 127298)
INFO:root:Loss: 35.9499 +/- 1.4633
INFO:root:Epoch no. 72 of 500 (samples: 127298)
INFO:root:Loss: 35.8251 +/- 1.73
INFO:root:Epoch no. 73 of 500 (samples: 127298)
INFO:root:Loss: 35.7467 +/- 1.3789
INFO:root:Epoch no. 74 of 500 (samples: 127298)
INFO:root:Loss: 35.8065 +/- 1.438
INFO:root:Epoch no. 75 of 500 (samples: 127298)
INFO:root:Loss: 35.4933 +/- 1.3151
INFO:root:Epoch no. 76 of 500 (samples: 127298)
INFO:root:Loss: 35.4389 +/- 1.4048
INFO:root:Epoch no. 77 of 500 (samples: 127298)
INFO:root:Loss: 35.5199 +/- 1.4724
INFO:root:Epoch no. 78 of 500 (samples: 127298)
INFO:root:Loss: 35.4219 +/- 1.7114
INFO:root:Epoch no. 79 of 500 (samples: 127298)
INFO:root:Loss: 35.1223 +/- 1.6199
INFO:root:Epoch no. 80 of 500 (samples: 127298)
INFO:root:Loss: 34.9021 +/- 1.5702
INFO:root:Epoch no. 81 of 500 (samples: 127298)
INFO:root:Loss: 35.1309 +/- 1.7286
INFO:root:Epoch no. 82 of 500 (samples: 127298)
INFO:root:Loss: 35.0108 +/- 1.5963
INFO:root:Epoch no. 83 of 500 (samples: 127298)
INFO:root:Loss: 34.6677 +/- 1.6627
INFO:root:Epoch no. 84 of 500 (samples: 127298)
INFO:root:Loss: 34.8794 +/- 1.3155
INFO:root:Epoch no. 85 of 500 (samples: 127298)
INFO:root:Loss: 34.5976 +/- 1.4904
INFO:root:Epoch no. 86 of 500 (samples: 127298)
INFO:root:Loss: 34.6702 +/- 1.286
INFO:root:Epoch no. 87 of 500 (samples: 127298)
INFO:root:Loss: 34.3682 +/- 1.6509
INFO:root:Epoch no. 88 of 500 (samples: 127298)
INFO:root:Loss: 34.6023 +/- 1.352
INFO:root:Epoch no. 89 of 500 (samples: 127298)
INFO:root:Loss: 34.3745 +/- 1.2542
INFO:root:Epoch no. 90 of 500 (samples: 127298)
INFO:root:Loss: 34.3715 +/- 1.2847
INFO:root:Epoch no. 91 of 500 (samples: 127298)
INFO:root:Loss: 34.0916 +/- 1.2788
INFO:root:Epoch no. 92 of 500 (samples: 127298)
INFO:root:Loss: 34.0781 +/- 1.3097
INFO:root:Epoch no. 93 of 500 (samples: 127298)
INFO:root:Loss: 34.2203 +/- 1.5155
INFO:root:Epoch no. 94 of 500 (samples: 127298)
INFO:root:Loss: 34.1201 +/- 1.7611
INFO:root:Epoch no. 95 of 500 (samples: 127298)
INFO:root:Loss: 34.1128 +/- 1.4015
INFO:root:Epoch no. 96 of 500 (samples: 127298)
INFO:root:Loss: 33.9562 +/- 1.4961
INFO:root:Epoch no. 97 of 500 (samples: 127298)
INFO:root:Loss: 33.907 +/- 1.4104
INFO:root:Epoch no. 98 of 500 (samples: 127298)
INFO:root:Loss: 33.9031 +/- 1.1493
INFO:root:Epoch no. 99 of 500 (samples: 127298)
INFO:root:Loss: 34.0275 +/- 1.5561
INFO:root:Epoch no. 100 of 500 (samples: 127298)
INFO:root:Loss: 34.0643 +/- 1.2171
INFO:root:Epoch no. 101 of 500 (samples: 127298)
INFO:root:Loss: 34.0477 +/- 1.1996
INFO:root:Epoch no. 102 of 500 (samples: 127298)
INFO:root:Loss: 33.95 +/- 1.0613
INFO:root:Epoch no. 103 of 500 (samples: 127298)
INFO:root:Loss: 33.7149 +/- 1.1381
INFO:root:Epoch no. 104 of 500 (samples: 127298)
INFO:root:Loss: 33.6998 +/- 1.2751
INFO:root:Epoch no. 105 of 500 (samples: 127298)
INFO:root:Loss: 33.3837 +/- 1.6523
INFO:root:Epoch no. 106 of 500 (samples: 127298)
INFO:root:Loss: 33.5289 +/- 1.2481
INFO:root:Epoch no. 107 of 500 (samples: 127298)
INFO:root:Loss: 33.5296 +/- 1.4101
INFO:root:Epoch no. 108 of 500 (samples: 127298)
INFO:root:Loss: 33.2187 +/- 1.4187
INFO:root:Epoch no. 109 of 500 (samples: 127298)
INFO:root:Loss: 33.4076 +/- 1.304
INFO:root:Epoch no. 110 of 500 (samples: 127298)
INFO:root:Loss: 33.4984 +/- 1.3381
INFO:root:Epoch no. 111 of 500 (samples: 127298)
INFO:root:Loss: 33.1759 +/- 1.145
INFO:root:Epoch no. 112 of 500 (samples: 127298)
INFO:root:Loss: 33.0818 +/- 1.2611
INFO:root:Epoch no. 113 of 500 (samples: 127298)
INFO:root:Loss: 33.0614 +/- 1.1996
INFO:root:Epoch no. 114 of 500 (samples: 127298)
INFO:root:Loss: 33.1529 +/- 0.9983
INFO:root:Epoch no. 115 of 500 (samples: 127298)
INFO:root:Loss: 33.0616 +/- 1.2582
INFO:root:Epoch no. 116 of 500 (samples: 127298)
INFO:root:Loss: 33.2009 +/- 1.1943
INFO:root:Epoch no. 117 of 500 (samples: 127298)
INFO:root:Loss: 33.1191 +/- 1.351
INFO:root:Epoch no. 118 of 500 (samples: 127298)
INFO:root:Loss: 32.866 +/- 1.33
INFO:root:Epoch no. 119 of 500 (samples: 127298)
INFO:root:Loss: 33.1519 +/- 0.8164
INFO:root:Epoch no. 120 of 500 (samples: 127298)
INFO:root:Loss: 33.0327 +/- 1.3345
INFO:root:Epoch no. 121 of 500 (samples: 127298)
INFO:root:Loss: 32.9171 +/- 1.2114
INFO:root:Epoch no. 122 of 500 (samples: 127298)
INFO:root:Loss: 32.7374 +/- 1.1109
INFO:root:Epoch no. 123 of 500 (samples: 127298)
INFO:root:Loss: 32.8062 +/- 1.3577
INFO:root:Epoch no. 124 of 500 (samples: 127298)
INFO:root:Loss: 32.7728 +/- 1.2609
INFO:root:Epoch no. 125 of 500 (samples: 127298)
INFO:root:Loss: 32.4406 +/- 1.1826
INFO:root:Epoch no. 126 of 500 (samples: 127298)
INFO:root:Loss: 32.5676 +/- 1.1295
INFO:root:Epoch no. 127 of 500 (samples: 127298)
INFO:root:Loss: 32.5561 +/- 1.4134
INFO:root:Epoch no. 128 of 500 (samples: 127298)
INFO:root:Loss: 32.6041 +/- 0.9776
INFO:root:Epoch no. 129 of 500 (samples: 127298)
INFO:root:Loss: 32.6974 +/- 1.3342
INFO:root:Epoch no. 130 of 500 (samples: 127298)
INFO:root:Loss: 32.6571 +/- 1.0632
INFO:root:Epoch no. 131 of 500 (samples: 127298)
INFO:root:Loss: 32.3913 +/- 1.3605
INFO:root:Epoch no. 132 of 500 (samples: 127298)
INFO:root:Loss: 32.617 +/- 1.1667
INFO:root:Epoch no. 133 of 500 (samples: 127298)
INFO:root:Loss: 32.676 +/- 1.0949
INFO:root:Epoch no. 134 of 500 (samples: 127298)
INFO:root:Loss: 32.5862 +/- 1.0873
INFO:root:Epoch no. 135 of 500 (samples: 127298)
INFO:root:Loss: 32.3409 +/- 1.1618
INFO:root:Epoch no. 136 of 500 (samples: 127298)
INFO:root:Loss: 32.3604 +/- 1.1302
INFO:root:Epoch no. 137 of 500 (samples: 127298)
INFO:root:Loss: 32.3772 +/- 1.3741
INFO:root:Epoch no. 138 of 500 (samples: 127298)
INFO:root:Loss: 32.2452 +/- 1.3199
INFO:root:Epoch no. 139 of 500 (samples: 127298)
INFO:root:Loss: 32.1526 +/- 1.306
INFO:root:Epoch no. 140 of 500 (samples: 127298)
INFO:root:Loss: 32.297 +/- 1.2528
INFO:root:Epoch no. 141 of 500 (samples: 127298)
INFO:root:Loss: 32.2111 +/- 1.0744
INFO:root:Epoch no. 142 of 500 (samples: 127298)
INFO:root:Loss: 32.1489 +/- 1.0736
INFO:root:Epoch no. 143 of 500 (samples: 127298)
INFO:root:Loss: 32.0241 +/- 1.2844
INFO:root:Epoch no. 144 of 500 (samples: 127298)
INFO:root:Loss: 31.9563 +/- 1.0865
INFO:root:Epoch no. 145 of 500 (samples: 127298)
INFO:root:Loss: 32.1927 +/- 0.9028
INFO:root:Epoch no. 146 of 500 (samples: 127298)
INFO:root:Loss: 31.9908 +/- 1.0631
INFO:root:Epoch no. 147 of 500 (samples: 127298)
INFO:root:Loss: 31.9359 +/- 1.0926
INFO:root:Epoch no. 148 of 500 (samples: 127298)
INFO:root:Loss: 31.8792 +/- 1.15
INFO:root:Epoch no. 149 of 500 (samples: 127298)
INFO:root:Loss: 32.126 +/- 1.1144
INFO:root:Epoch no. 150 of 500 (samples: 127298)
INFO:root:Loss: 31.7238 +/- 1.0855
INFO:root:Epoch no. 151 of 500 (samples: 127298)
INFO:root:Loss: 31.821 +/- 1.1627
INFO:root:Epoch no. 152 of 500 (samples: 127298)
INFO:root:Loss: 32.0725 +/- 0.8687
INFO:root:Epoch no. 153 of 500 (samples: 127298)
INFO:root:Loss: 32.0939 +/- 1.213
INFO:root:Epoch no. 154 of 500 (samples: 127298)
INFO:root:Loss: 32.0581 +/- 1.2599
INFO:root:Epoch no. 155 of 500 (samples: 127298)
INFO:root:Loss: 31.9869 +/- 1.1571
INFO:root:Epoch no. 156 of 500 (samples: 127298)
INFO:root:Loss: 31.8721 +/- 0.8918
INFO:root:Epoch no. 157 of 500 (samples: 127298)
INFO:root:Loss: 32.2198 +/- 0.7653
INFO:root:Epoch no. 158 of 500 (samples: 127298)
INFO:root:Loss: 31.7945 +/- 1.153
INFO:root:Epoch no. 159 of 500 (samples: 127298)
INFO:root:Loss: 32.0338 +/- 1.0608
INFO:root:Epoch no. 160 of 500 (samples: 127298)
INFO:root:Loss: 31.9552 +/- 1.1843
INFO:root:Epoch no. 161 of 500 (samples: 127298)
INFO:root:Loss: 31.7353 +/- 1.038
INFO:root:Epoch no. 162 of 500 (samples: 127298)
INFO:root:Loss: 31.7255 +/- 0.937
INFO:root:Epoch no. 163 of 500 (samples: 127298)
INFO:root:Loss: 31.6284 +/- 1.2569
INFO:root:Epoch no. 164 of 500 (samples: 127298)
INFO:root:Loss: 31.7886 +/- 0.9164
INFO:root:Epoch no. 165 of 500 (samples: 127298)
INFO:root:Loss: 31.9327 +/- 1.1252
INFO:root:Epoch no. 166 of 500 (samples: 127298)
INFO:root:Loss: 31.8838 +/- 1.1483
INFO:root:Epoch no. 167 of 500 (samples: 127298)
INFO:root:Loss: 31.7226 +/- 1.0666
INFO:root:Epoch no. 168 of 500 (samples: 127298)
INFO:root:Loss: 31.5902 +/- 1.0611
INFO:root:Epoch no. 169 of 500 (samples: 127298)
INFO:root:Loss: 31.6118 +/- 1.0006
INFO:root:Epoch no. 170 of 500 (samples: 127298)
INFO:root:Loss: 31.5188 +/- 0.8429
INFO:root:Epoch no. 171 of 500 (samples: 127298)
INFO:root:Loss: 31.6889 +/- 1.2136
INFO:root:Epoch no. 172 of 500 (samples: 127298)
INFO:root:Loss: 31.5295 +/- 0.9799
INFO:root:Epoch no. 173 of 500 (samples: 127298)
INFO:root:Loss: 31.4078 +/- 1.1195
INFO:root:Epoch no. 174 of 500 (samples: 127298)
INFO:root:Loss: 31.8161 +/- 1.2603
INFO:root:Epoch no. 175 of 500 (samples: 127298)
INFO:root:Loss: 31.6338 +/- 1.2602
INFO:root:Epoch no. 176 of 500 (samples: 127298)
INFO:root:Loss: 31.6823 +/- 1.1386
INFO:root:Epoch no. 177 of 500 (samples: 127298)
INFO:root:Loss: 31.3435 +/- 1.1508
INFO:root:Epoch no. 178 of 500 (samples: 127298)
INFO:root:Loss: 31.4522 +/- 0.906
INFO:root:Epoch no. 179 of 500 (samples: 127298)
INFO:root:Loss: 31.1445 +/- 0.8022
INFO:root:Epoch no. 180 of 500 (samples: 127298)
INFO:root:Loss: 31.618 +/- 1.0021
INFO:root:Epoch no. 181 of 500 (samples: 127298)
INFO:root:Loss: 31.4589 +/- 1.2614
INFO:root:Epoch no. 182 of 500 (samples: 127298)
INFO:root:Loss: 31.4402 +/- 1.1396
INFO:root:Epoch no. 183 of 500 (samples: 127298)
INFO:root:Loss: 31.4399 +/- 1.4172
INFO:root:Epoch no. 184 of 500 (samples: 127298)
INFO:root:Loss: 31.2185 +/- 0.6567
INFO:root:Epoch no. 185 of 500 (samples: 127298)
INFO:root:Loss: 31.5735 +/- 1.0774
INFO:root:Epoch no. 186 of 500 (samples: 127298)
INFO:root:Loss: 31.2307 +/- 0.969
INFO:root:Epoch no. 187 of 500 (samples: 127298)
INFO:root:Loss: 31.2411 +/- 0.8789
INFO:root:Epoch no. 188 of 500 (samples: 127298)
INFO:root:Loss: 31.2322 +/- 0.9511
INFO:root:Epoch no. 189 of 500 (samples: 127298)
INFO:root:Loss: 31.3046 +/- 1.4798
INFO:root:Epoch no. 190 of 500 (samples: 127298)
INFO:root:Loss: 31.3767 +/- 1.2847
INFO:root:Epoch no. 191 of 500 (samples: 127298)
INFO:root:Loss: 31.2214 +/- 1.1584
INFO:root:Epoch no. 192 of 500 (samples: 127298)
INFO:root:Loss: 31.2353 +/- 1.4439
INFO:root:Epoch no. 193 of 500 (samples: 127298)
INFO:root:Loss: 31.1988 +/- 0.9312
INFO:root:Epoch no. 194 of 500 (samples: 127298)
INFO:root:Loss: 31.3449 +/- 1.2421
INFO:root:Epoch no. 195 of 500 (samples: 127298)
INFO:root:Loss: 31.3263 +/- 1.3499
INFO:root:Epoch no. 196 of 500 (samples: 127298)
INFO:root:Loss: 31.1123 +/- 0.8814
INFO:root:Epoch no. 197 of 500 (samples: 127298)
INFO:root:Loss: 31.0971 +/- 0.9702
INFO:root:Epoch no. 198 of 500 (samples: 127298)
INFO:root:Loss: 30.8782 +/- 1.2632
INFO:root:Epoch no. 199 of 500 (samples: 127298)
INFO:root:Loss: 31.175 +/- 1.094
INFO:root:Epoch no. 200 of 500 (samples: 127298)
INFO:root:Loss: 30.9908 +/- 0.9702
INFO:root:Epoch no. 201 of 500 (samples: 127298)
INFO:root:Loss: 31.1131 +/- 1.4705
INFO:root:Epoch no. 202 of 500 (samples: 127298)
INFO:root:Loss: 31.0255 +/- 1.0367
INFO:root:Epoch no. 203 of 500 (samples: 127298)
INFO:root:Loss: 31.0178 +/- 1.0477
INFO:root:Epoch no. 204 of 500 (samples: 127298)
INFO:root:Loss: 31.068 +/- 0.9241
INFO:root:Epoch no. 205 of 500 (samples: 127298)
INFO:root:Loss: 30.9853 +/- 1.1855
INFO:root:Epoch no. 206 of 500 (samples: 127298)
INFO:root:Loss: 30.9093 +/- 1.117
INFO:root:Epoch no. 207 of 500 (samples: 127298)
INFO:root:Loss: 30.9849 +/- 1.112
INFO:root:Epoch no. 208 of 500 (samples: 127298)
INFO:root:Loss: 30.8597 +/- 0.8968
INFO:root:Epoch no. 209 of 500 (samples: 127298)
INFO:root:Loss: 31.2658 +/- 1.2652
INFO:root:Epoch no. 210 of 500 (samples: 127298)
INFO:root:Loss: 31.0259 +/- 1.1201
INFO:root:Epoch no. 211 of 500 (samples: 127298)
INFO:root:Loss: 30.9647 +/- 1.0664
INFO:root:Epoch no. 212 of 500 (samples: 127298)
INFO:root:Loss: 30.9655 +/- 1.1314
INFO:root:Epoch no. 213 of 500 (samples: 127298)
INFO:root:Loss: 30.8632 +/- 1.0264
INFO:root:Epoch no. 214 of 500 (samples: 127298)
INFO:root:Loss: 30.7381 +/- 1.1431
INFO:root:Epoch no. 215 of 500 (samples: 127298)
INFO:root:Loss: 30.9508 +/- 0.9324
INFO:root:Epoch no. 216 of 500 (samples: 127298)
INFO:root:Loss: 30.9342 +/- 1.0666
INFO:root:Epoch no. 217 of 500 (samples: 127298)
INFO:root:Loss: 30.7563 +/- 1.1781
INFO:root:Epoch no. 218 of 500 (samples: 127298)
INFO:root:Loss: 30.8635 +/- 1.1444
INFO:root:Epoch no. 219 of 500 (samples: 127298)
INFO:root:Loss: 30.6616 +/- 1.2544
INFO:root:Epoch no. 220 of 500 (samples: 127298)
INFO:root:Loss: 30.8729 +/- 0.7321
INFO:root:Epoch no. 221 of 500 (samples: 127298)
INFO:root:Loss: 30.7545 +/- 1.2411
INFO:root:Epoch no. 222 of 500 (samples: 127298)
INFO:root:Loss: 30.8189 +/- 0.9227
INFO:root:Epoch no. 223 of 500 (samples: 127298)
INFO:root:Loss: 31.0367 +/- 1.1556
INFO:root:Epoch no. 224 of 500 (samples: 127298)
INFO:root:Loss: 30.953 +/- 1.1588
INFO:root:Epoch no. 225 of 500 (samples: 127298)
INFO:root:Loss: 30.7123 +/- 0.9882
INFO:root:Epoch no. 226 of 500 (samples: 127298)
INFO:root:Loss: 30.9178 +/- 0.7894
INFO:root:Epoch no. 227 of 500 (samples: 127298)
INFO:root:Loss: 30.7495 +/- 0.9767
INFO:root:Epoch no. 228 of 500 (samples: 127298)
INFO:root:Loss: 30.6434 +/- 1.0248
INFO:root:Epoch no. 229 of 500 (samples: 127298)
INFO:root:Loss: 30.8676 +/- 0.7752
INFO:root:Epoch no. 230 of 500 (samples: 127298)
INFO:root:Loss: 30.9125 +/- 0.7151
INFO:root:Epoch no. 231 of 500 (samples: 127298)
INFO:root:Loss: 30.6973 +/- 0.7636
INFO:root:Epoch no. 232 of 500 (samples: 127298)
INFO:root:Loss: 30.6702 +/- 1.0266
INFO:root:Epoch no. 233 of 500 (samples: 127298)
INFO:root:Loss: 30.7504 +/- 1.0489
INFO:root:Epoch no. 234 of 500 (samples: 127298)
INFO:root:Loss: 30.9294 +/- 1.0074
INFO:root:Epoch no. 235 of 500 (samples: 127298)
INFO:root:Loss: 30.7135 +/- 1.2473
INFO:root:Epoch no. 236 of 500 (samples: 127298)
INFO:root:Loss: 30.5113 +/- 0.7912
INFO:root:Epoch no. 237 of 500 (samples: 127298)
INFO:root:Loss: 30.6632 +/- 1.079
INFO:root:Epoch no. 238 of 500 (samples: 127298)
INFO:root:Loss: 30.7447 +/- 0.9271
INFO:root:Epoch no. 239 of 500 (samples: 127298)
INFO:root:Loss: 30.7534 +/- 0.7644
INFO:root:Epoch no. 240 of 500 (samples: 127298)
INFO:root:Loss: 30.7437 +/- 1.1739
INFO:root:Epoch no. 241 of 500 (samples: 127298)
INFO:root:Loss: 30.7533 +/- 0.8228
INFO:root:Epoch no. 242 of 500 (samples: 127298)
INFO:root:Loss: 30.5995 +/- 1.2023
INFO:root:Epoch no. 243 of 500 (samples: 127298)
INFO:root:Loss: 30.472 +/- 0.9298
INFO:root:Epoch no. 244 of 500 (samples: 127298)
INFO:root:Loss: 30.5974 +/- 1.0634
INFO:root:Epoch no. 245 of 500 (samples: 127298)
INFO:root:Loss: 30.5175 +/- 0.9337
INFO:root:Epoch no. 246 of 500 (samples: 127298)
INFO:root:Loss: 30.6364 +/- 0.9987
INFO:root:Epoch no. 247 of 500 (samples: 127298)
INFO:root:Loss: 30.6482 +/- 1.0454
INFO:root:Epoch no. 248 of 500 (samples: 127298)
INFO:root:Loss: 30.6112 +/- 0.6012
INFO:root:Epoch no. 249 of 500 (samples: 127298)
INFO:root:Loss: 30.4114 +/- 1.0481
INFO:root:Epoch no. 250 of 500 (samples: 127298)
INFO:root:Loss: 30.7378 +/- 1.1348
INFO:root:Epoch no. 251 of 500 (samples: 127298)
INFO:root:Loss: 30.4641 +/- 1.0235
INFO:root:Epoch no. 252 of 500 (samples: 127298)
INFO:root:Loss: 30.7335 +/- 0.7696
INFO:root:Epoch no. 253 of 500 (samples: 127298)
INFO:root:Loss: 30.4239 +/- 1.1402
INFO:root:Epoch no. 254 of 500 (samples: 127298)
INFO:root:Loss: 30.5796 +/- 0.9178
INFO:root:Epoch no. 255 of 500 (samples: 127298)
INFO:root:Loss: 30.5318 +/- 1.0864
INFO:root:Epoch no. 256 of 500 (samples: 127298)
INFO:root:Loss: 30.8054 +/- 1.0263
INFO:root:Epoch no. 257 of 500 (samples: 127298)
INFO:root:Loss: 30.5208 +/- 1.0079
INFO:root:Epoch no. 258 of 500 (samples: 127298)
INFO:root:Loss: 30.4905 +/- 0.9964
INFO:root:Epoch no. 259 of 500 (samples: 127298)
INFO:root:Loss: 30.3614 +/- 1.0542
INFO:root:Epoch no. 260 of 500 (samples: 127298)
INFO:root:Loss: 30.3394 +/- 0.814
INFO:root:Epoch no. 261 of 500 (samples: 127298)
INFO:root:Loss: 30.3 +/- 0.8192
INFO:root:Epoch no. 262 of 500 (samples: 127298)
INFO:root:Loss: 30.2767 +/- 0.7614
INFO:root:Epoch no. 263 of 500 (samples: 127298)
INFO:root:Loss: 30.4353 +/- 0.9117
INFO:root:Epoch no. 264 of 500 (samples: 127298)
INFO:root:Loss: 30.5154 +/- 0.9917
INFO:root:Epoch no. 265 of 500 (samples: 127298)
INFO:root:Loss: 30.6423 +/- 0.9903
INFO:root:Epoch no. 266 of 500 (samples: 127298)
INFO:root:Loss: 30.2171 +/- 0.6683
INFO:root:Epoch no. 267 of 500 (samples: 127298)
INFO:root:Loss: 30.4653 +/- 0.5455
INFO:root:Epoch no. 268 of 500 (samples: 127298)
INFO:root:Loss: 30.2357 +/- 0.8764
INFO:root:Epoch no. 269 of 500 (samples: 127298)
INFO:root:Loss: 30.361 +/- 0.9464
INFO:root:Epoch no. 270 of 500 (samples: 127298)
INFO:root:Loss: 30.4956 +/- 0.7872
INFO:root:Epoch no. 271 of 500 (samples: 127298)
INFO:root:Loss: 30.3301 +/- 0.8196
INFO:root:Epoch no. 272 of 500 (samples: 127298)
INFO:root:Loss: 30.0855 +/- 0.8897
INFO:root:Epoch no. 273 of 500 (samples: 127298)
INFO:root:Loss: 30.4354 +/- 0.8316
INFO:root:Epoch no. 274 of 500 (samples: 127298)
INFO:root:Loss: 30.216 +/- 0.9947
INFO:root:Epoch no. 275 of 500 (samples: 127298)
INFO:root:Loss: 30.2972 +/- 0.7554
INFO:root:Epoch no. 276 of 500 (samples: 127298)
INFO:root:Loss: 30.3362 +/- 0.7044
INFO:root:Epoch no. 277 of 500 (samples: 127298)
INFO:root:Loss: 30.3386 +/- 0.9364
INFO:root:Epoch no. 278 of 500 (samples: 127298)
INFO:root:Loss: 30.4907 +/- 1.1101
INFO:root:Epoch no. 279 of 500 (samples: 127298)
INFO:root:Loss: 30.1099 +/- 0.8185
INFO:root:Epoch no. 280 of 500 (samples: 127298)
INFO:root:Loss: 30.1585 +/- 0.7574
INFO:root:Epoch no. 281 of 500 (samples: 127298)
INFO:root:Loss: 30.2961 +/- 0.7477
INFO:root:Epoch no. 282 of 500 (samples: 127298)
INFO:root:Loss: 30.0996 +/- 0.8732
INFO:root:Epoch no. 283 of 500 (samples: 127298)
INFO:root:Loss: 30.3706 +/- 0.8798
INFO:root:Epoch no. 284 of 500 (samples: 127298)
INFO:root:Loss: 30.3562 +/- 1.0039
INFO:root:Epoch no. 285 of 500 (samples: 127298)
INFO:root:Loss: 30.2366 +/- 0.8954
INFO:root:Epoch no. 286 of 500 (samples: 127298)
INFO:root:Loss: 30.2347 +/- 0.9486
INFO:root:Epoch no. 287 of 500 (samples: 127298)
INFO:root:Loss: 30.1663 +/- 1.0954
INFO:root:Epoch no. 288 of 500 (samples: 127298)
INFO:root:Loss: 30.418 +/- 1.3291
INFO:root:Epoch no. 289 of 500 (samples: 127298)
INFO:root:Loss: 30.1901 +/- 0.876
INFO:root:Epoch no. 290 of 500 (samples: 127298)
INFO:root:Loss: 30.2875 +/- 0.8931
INFO:root:Epoch no. 291 of 500 (samples: 127298)
INFO:root:Loss: 30.2961 +/- 0.8403
INFO:root:Epoch no. 292 of 500 (samples: 127298)
INFO:root:Loss: 30.2062 +/- 0.736
INFO:root:Epoch no. 293 of 500 (samples: 127298)
INFO:root:Loss: 30.0536 +/- 0.8701
INFO:root:Epoch no. 294 of 500 (samples: 127298)
INFO:root:Loss: 30.4088 +/- 0.7743
INFO:root:Epoch no. 295 of 500 (samples: 127298)
INFO:root:Loss: 30.3533 +/- 0.9433
INFO:root:Epoch no. 296 of 500 (samples: 127298)
INFO:root:Loss: 30.2242 +/- 0.6841
INFO:root:Epoch no. 297 of 500 (samples: 127298)
INFO:root:Loss: 30.1267 +/- 0.6645
INFO:root:Epoch no. 298 of 500 (samples: 127298)
INFO:root:Loss: 30.0264 +/- 0.896
INFO:root:Epoch no. 299 of 500 (samples: 127298)
INFO:root:Loss: 30.0195 +/- 0.8329
INFO:root:Epoch no. 300 of 500 (samples: 127298)
INFO:root:Loss: 30.01 +/- 0.8478
INFO:root:Epoch no. 301 of 500 (samples: 127298)
INFO:root:Loss: 30.1122 +/- 0.9713
INFO:root:Epoch no. 302 of 500 (samples: 127298)
INFO:root:Loss: 30.1662 +/- 0.7849
INFO:root:Epoch no. 303 of 500 (samples: 127298)
INFO:root:Loss: 29.9137 +/- 1.0587
INFO:root:Epoch no. 304 of 500 (samples: 127298)
INFO:root:Loss: 30.1315 +/- 0.9416
INFO:root:Epoch no. 305 of 500 (samples: 127298)
INFO:root:Loss: 30.1423 +/- 0.7041
INFO:root:Epoch no. 306 of 500 (samples: 127298)
INFO:root:Loss: 30.1219 +/- 1.0119
INFO:root:Epoch no. 307 of 500 (samples: 127298)
INFO:root:Loss: 30.1942 +/- 0.6876
INFO:root:Epoch no. 308 of 500 (samples: 127298)
INFO:root:Loss: 30.1983 +/- 0.7665
INFO:root:Epoch no. 309 of 500 (samples: 127298)
INFO:root:Loss: 30.1013 +/- 0.9575
INFO:root:Epoch no. 310 of 500 (samples: 127298)
INFO:root:Loss: 29.9479 +/- 0.8965
INFO:root:Epoch no. 311 of 500 (samples: 127298)
INFO:root:Loss: 29.9859 +/- 1.1759
INFO:root:Epoch no. 312 of 500 (samples: 127298)
INFO:root:Loss: 29.9392 +/- 0.9541
INFO:root:Epoch no. 313 of 500 (samples: 127298)
INFO:root:Loss: 30.108 +/- 1.1996
INFO:root:Epoch no. 314 of 500 (samples: 127298)
INFO:root:Loss: 30.1239 +/- 0.8323
INFO:root:Epoch no. 315 of 500 (samples: 127298)
INFO:root:Loss: 30.1068 +/- 0.7826
INFO:root:Epoch no. 316 of 500 (samples: 127298)
INFO:root:Loss: 30.005 +/- 1.0647
INFO:root:Epoch no. 317 of 500 (samples: 127298)
INFO:root:Loss: 30.0185 +/- 0.9477
INFO:root:Epoch no. 318 of 500 (samples: 127298)
INFO:root:Loss: 29.8291 +/- 0.7349
INFO:root:Epoch no. 319 of 500 (samples: 127298)
INFO:root:Loss: 30.112 +/- 0.9033
INFO:root:Epoch no. 320 of 500 (samples: 127298)
INFO:root:Loss: 30.0751 +/- 0.8296
INFO:root:Epoch no. 321 of 500 (samples: 127298)
INFO:root:Loss: 29.75 +/- 0.7412
INFO:root:Epoch no. 322 of 500 (samples: 127298)
INFO:root:Loss: 30.0131 +/- 0.7864
INFO:root:Epoch no. 323 of 500 (samples: 127298)
INFO:root:Loss: 30.0352 +/- 1.0646
INFO:root:Epoch no. 324 of 500 (samples: 127298)
INFO:root:Loss: 30.0103 +/- 0.8794
INFO:root:Epoch no. 325 of 500 (samples: 127298)
INFO:root:Loss: 29.9449 +/- 0.8419
INFO:root:Epoch no. 326 of 500 (samples: 127298)
INFO:root:Loss: 29.9204 +/- 1.3937
INFO:root:Epoch no. 327 of 500 (samples: 127298)
INFO:root:Loss: 29.9728 +/- 0.6755
INFO:root:Epoch no. 328 of 500 (samples: 127298)
INFO:root:Loss: 29.85 +/- 0.5761
INFO:root:Epoch no. 329 of 500 (samples: 127298)
INFO:root:Loss: 30.2315 +/- 0.592
INFO:root:Epoch no. 330 of 500 (samples: 127298)
INFO:root:Loss: 29.9615 +/- 0.8765
INFO:root:Epoch no. 331 of 500 (samples: 127298)
INFO:root:Loss: 29.8524 +/- 1.0768
INFO:root:Epoch no. 332 of 500 (samples: 127298)
INFO:root:Loss: 29.9142 +/- 0.592
INFO:root:Epoch no. 333 of 500 (samples: 127298)
INFO:root:Loss: 30.1653 +/- 0.7364
INFO:root:Epoch no. 334 of 500 (samples: 127298)
INFO:root:Loss: 29.8755 +/- 0.7878
INFO:root:Epoch no. 335 of 500 (samples: 127298)
INFO:root:Loss: 29.8291 +/- 1.0042
INFO:root:Epoch no. 336 of 500 (samples: 127298)
INFO:root:Loss: 29.9912 +/- 0.736
INFO:root:Epoch no. 337 of 500 (samples: 127298)
INFO:root:Loss: 30.0117 +/- 0.8899
INFO:root:Epoch no. 338 of 500 (samples: 127298)
INFO:root:Loss: 30.0401 +/- 0.9809
INFO:root:Epoch no. 339 of 500 (samples: 127298)
INFO:root:Loss: 30.1686 +/- 0.9333
INFO:root:Epoch no. 340 of 500 (samples: 127298)
INFO:root:Loss: 29.7386 +/- 1.0487
INFO:root:Epoch no. 341 of 500 (samples: 127298)
INFO:root:Loss: 29.7822 +/- 0.752
INFO:root:Epoch no. 342 of 500 (samples: 127298)
INFO:root:Loss: 30.1672 +/- 0.867
INFO:root:Epoch no. 343 of 500 (samples: 127298)
INFO:root:Loss: 29.8143 +/- 0.5488
INFO:root:Epoch no. 344 of 500 (samples: 127298)
INFO:root:Loss: 30.012 +/- 0.6225
INFO:root:Epoch no. 345 of 500 (samples: 127298)
INFO:root:Loss: 29.7888 +/- 0.6197
INFO:root:Epoch no. 346 of 500 (samples: 127298)
INFO:root:Loss: 30.0623 +/- 0.7115
INFO:root:Epoch no. 347 of 500 (samples: 127298)
INFO:root:Loss: 29.7184 +/- 0.7439
INFO:root:Epoch no. 348 of 500 (samples: 127298)
INFO:root:Loss: 29.5315 +/- 0.5561
INFO:root:Epoch no. 349 of 500 (samples: 127298)
INFO:root:Loss: 29.8286 +/- 0.9285
INFO:root:Epoch no. 350 of 500 (samples: 127298)
INFO:root:Loss: 29.8554 +/- 0.7044
INFO:root:Epoch no. 351 of 500 (samples: 127298)
INFO:root:Loss: 29.6834 +/- 0.7889
INFO:root:Epoch no. 352 of 500 (samples: 127298)
INFO:root:Loss: 29.7904 +/- 1.094
INFO:root:Epoch no. 353 of 500 (samples: 127298)
INFO:root:Loss: 29.4437 +/- 0.6867
INFO:root:Epoch no. 354 of 500 (samples: 127298)
INFO:root:Loss: 29.9115 +/- 0.9349
INFO:root:Epoch no. 355 of 500 (samples: 127298)
INFO:root:Loss: 29.5662 +/- 0.759
INFO:root:Epoch no. 356 of 500 (samples: 127298)
INFO:root:Loss: 29.8515 +/- 0.836
INFO:root:Epoch no. 357 of 500 (samples: 127298)
INFO:root:Loss: 29.8124 +/- 0.7992
INFO:root:Epoch no. 358 of 500 (samples: 127298)
INFO:root:Loss: 29.5891 +/- 0.97
INFO:root:Epoch no. 359 of 500 (samples: 127298)
INFO:root:Loss: 29.8382 +/- 0.3959
INFO:root:Epoch no. 360 of 500 (samples: 127298)
INFO:root:Loss: 29.5488 +/- 0.6713
INFO:root:Epoch no. 361 of 500 (samples: 127298)
INFO:root:Loss: 29.7156 +/- 1.0634
INFO:root:Epoch no. 362 of 500 (samples: 127298)
INFO:root:Loss: 29.6449 +/- 0.8965
INFO:root:Epoch no. 363 of 500 (samples: 127298)
INFO:root:Loss: 29.5991 +/- 0.865
INFO:root:Epoch no. 364 of 500 (samples: 127298)
INFO:root:Loss: 29.576 +/- 0.9477
INFO:root:Epoch no. 365 of 500 (samples: 127298)
INFO:root:Loss: 29.7264 +/- 0.793
INFO:root:Epoch no. 366 of 500 (samples: 127298)
INFO:root:Loss: 29.626 +/- 0.8583
INFO:root:Epoch no. 367 of 500 (samples: 127298)
INFO:root:Loss: 29.679 +/- 0.6648
INFO:root:Epoch no. 368 of 500 (samples: 127298)
INFO:root:Loss: 29.7424 +/- 0.6951
INFO:root:Epoch no. 369 of 500 (samples: 127298)
INFO:root:Loss: 29.5392 +/- 0.7105
INFO:root:Epoch no. 370 of 500 (samples: 127298)
INFO:root:Loss: 30.0197 +/- 0.7145
INFO:root:Epoch no. 371 of 500 (samples: 127298)
INFO:root:Loss: 29.8203 +/- 0.8306
INFO:root:Epoch no. 372 of 500 (samples: 127298)
INFO:root:Loss: 29.5725 +/- 1.0412
INFO:root:Epoch no. 373 of 500 (samples: 127298)
INFO:root:Loss: 29.4017 +/- 0.805
INFO:root:Epoch no. 374 of 500 (samples: 127298)
INFO:root:Loss: 29.6949 +/- 1.3625
INFO:root:Epoch no. 375 of 500 (samples: 127298)
INFO:root:Loss: 29.8354 +/- 0.8835
INFO:root:Epoch no. 376 of 500 (samples: 127298)
INFO:root:Loss: 29.5713 +/- 0.7258
INFO:root:Epoch no. 377 of 500 (samples: 127298)
INFO:root:Loss: 29.6631 +/- 0.7865
INFO:root:Epoch no. 378 of 500 (samples: 127298)
INFO:root:Loss: 29.5235 +/- 0.9842
INFO:root:Epoch no. 379 of 500 (samples: 127298)
INFO:root:Loss: 29.7188 +/- 0.9573
INFO:root:Epoch no. 380 of 500 (samples: 127298)
INFO:root:Loss: 29.4891 +/- 0.6966
INFO:root:Epoch no. 381 of 500 (samples: 127298)
INFO:root:Loss: 29.6753 +/- 0.8642
INFO:root:Epoch no. 382 of 500 (samples: 127298)
INFO:root:Loss: 29.6677 +/- 0.4538
INFO:root:Epoch no. 383 of 500 (samples: 127298)
INFO:root:Loss: 29.5466 +/- 0.452
INFO:root:Epoch no. 384 of 500 (samples: 127298)
INFO:root:Loss: 29.669 +/- 0.8165
INFO:root:Epoch no. 385 of 500 (samples: 127298)
INFO:root:Loss: 29.5477 +/- 1.0823
INFO:root:Epoch no. 386 of 500 (samples: 127298)
INFO:root:Loss: 29.5058 +/- 0.8126
INFO:root:Epoch no. 387 of 500 (samples: 127298)
INFO:root:Loss: 29.5581 +/- 0.9308
INFO:root:Epoch no. 388 of 500 (samples: 127298)
INFO:root:Loss: 29.7071 +/- 0.7727
INFO:root:Epoch no. 389 of 500 (samples: 127298)
INFO:root:Loss: 29.6046 +/- 0.455
INFO:root:Epoch no. 390 of 500 (samples: 127298)
INFO:root:Loss: 29.4898 +/- 0.7707
INFO:root:Epoch no. 391 of 500 (samples: 127298)
INFO:root:Loss: 29.7545 +/- 0.7834
INFO:root:Epoch no. 392 of 500 (samples: 127298)
INFO:root:Loss: 29.3456 +/- 0.9474
INFO:root:Epoch no. 393 of 500 (samples: 127298)
INFO:root:Loss: 29.7257 +/- 0.6943
INFO:root:Epoch no. 394 of 500 (samples: 127298)
INFO:root:Loss: 29.5363 +/- 0.4895
INFO:root:Epoch no. 395 of 500 (samples: 127298)
INFO:root:Loss: 29.7889 +/- 0.7956
INFO:root:Epoch no. 396 of 500 (samples: 127298)
INFO:root:Loss: 29.3936 +/- 0.9036
INFO:root:Epoch no. 397 of 500 (samples: 127298)
INFO:root:Loss: 29.6129 +/- 1.0477
INFO:root:Epoch no. 398 of 500 (samples: 127298)
INFO:root:Loss: 29.5604 +/- 0.9524
INFO:root:Epoch no. 399 of 500 (samples: 127298)
INFO:root:Loss: 29.7338 +/- 1.0594
INFO:root:Epoch no. 400 of 500 (samples: 127298)
INFO:root:Loss: 29.7943 +/- 0.6103
INFO:root:Epoch no. 401 of 500 (samples: 127298)
INFO:root:Loss: 29.4011 +/- 0.8606
INFO:root:Epoch no. 402 of 500 (samples: 127298)
INFO:root:Loss: 29.3946 +/- 1.0233
INFO:root:Epoch no. 403 of 500 (samples: 127298)
INFO:root:Loss: 29.3773 +/- 0.732
INFO:root:Epoch no. 404 of 500 (samples: 127298)
INFO:root:Loss: 29.6929 +/- 0.3236
INFO:root:Epoch no. 405 of 500 (samples: 127298)
INFO:root:Loss: 29.6376 +/- 0.788
INFO:root:Epoch no. 406 of 500 (samples: 127298)
INFO:root:Loss: 29.6495 +/- 1.0152
INFO:root:Epoch no. 407 of 500 (samples: 127298)
INFO:root:Loss: 29.3867 +/- 0.763
INFO:root:Epoch no. 408 of 500 (samples: 127298)
INFO:root:Loss: 29.4535 +/- 0.7489
INFO:root:Epoch no. 409 of 500 (samples: 127298)
INFO:root:Loss: 29.6714 +/- 0.9974
INFO:root:Epoch no. 410 of 500 (samples: 127298)
INFO:root:Loss: 29.6609 +/- 0.8014
INFO:root:Epoch no. 411 of 500 (samples: 127298)
INFO:root:Loss: 29.6057 +/- 0.933
INFO:root:Epoch no. 412 of 500 (samples: 127298)
INFO:root:Loss: 29.501 +/- 0.7779
INFO:root:Epoch no. 413 of 500 (samples: 127298)
INFO:root:Loss: 29.4859 +/- 1.032
INFO:root:Epoch no. 414 of 500 (samples: 127298)
INFO:root:Loss: 29.2921 +/- 0.9923
INFO:root:Epoch no. 415 of 500 (samples: 127298)
INFO:root:Loss: 29.2888 +/- 0.5813
INFO:root:Epoch no. 416 of 500 (samples: 127298)
INFO:root:Loss: 29.4503 +/- 0.8735
INFO:root:Epoch no. 417 of 500 (samples: 127298)
INFO:root:Loss: 29.4309 +/- 0.6599
INFO:root:Epoch no. 418 of 500 (samples: 127298)
INFO:root:Loss: 29.6101 +/- 1.3238
INFO:root:Epoch no. 419 of 500 (samples: 127298)
INFO:root:Loss: 29.5197 +/- 0.412
INFO:root:Epoch no. 420 of 500 (samples: 127298)
INFO:root:Loss: 29.3191 +/- 0.8217
INFO:root:Epoch no. 421 of 500 (samples: 127298)
INFO:root:Loss: 29.5439 +/- 0.8495
INFO:root:Epoch no. 422 of 500 (samples: 127298)
INFO:root:Loss: 29.659 +/- 0.9034
INFO:root:Epoch no. 423 of 500 (samples: 127298)
INFO:root:Loss: 29.4334 +/- 0.96
INFO:root:Epoch no. 424 of 500 (samples: 127298)
INFO:root:Loss: 29.576 +/- 0.771
INFO:root:Epoch no. 425 of 500 (samples: 127298)
INFO:root:Loss: 29.4845 +/- 0.7057
INFO:root:Epoch no. 426 of 500 (samples: 127298)
INFO:root:Loss: 29.4512 +/- 1.1227
INFO:root:Epoch no. 427 of 500 (samples: 127298)
INFO:root:Loss: 29.2394 +/- 0.85
INFO:root:Epoch no. 428 of 500 (samples: 127298)
INFO:root:Loss: 29.213 +/- 0.71
INFO:root:Epoch no. 429 of 500 (samples: 127298)
INFO:root:Loss: 29.5515 +/- 0.9168
INFO:root:Epoch no. 430 of 500 (samples: 127298)
INFO:root:Loss: 29.47 +/- 0.8844
INFO:root:Epoch no. 431 of 500 (samples: 127298)
INFO:root:Loss: 29.3608 +/- 0.7722
INFO:root:Epoch no. 432 of 500 (samples: 127298)
INFO:root:Loss: 29.3908 +/- 0.9118
INFO:root:Epoch no. 433 of 500 (samples: 127298)
INFO:root:Loss: 29.463 +/- 0.9171
INFO:root:Epoch no. 434 of 500 (samples: 127298)
INFO:root:Loss: 29.4533 +/- 0.9384
INFO:root:Epoch no. 435 of 500 (samples: 127298)
INFO:root:Loss: 29.1554 +/- 0.7473
INFO:root:Epoch no. 436 of 500 (samples: 127298)
INFO:root:Loss: 29.4097 +/- 0.7662
INFO:root:Epoch no. 437 of 500 (samples: 127298)
INFO:root:Loss: 29.4057 +/- 0.9344
INFO:root:Epoch no. 438 of 500 (samples: 127298)
INFO:root:Loss: 29.404 +/- 1.0294
INFO:root:Epoch no. 439 of 500 (samples: 127298)
INFO:root:Loss: 29.4262 +/- 0.973
INFO:root:Epoch no. 440 of 500 (samples: 127298)
INFO:root:Loss: 29.3911 +/- 0.6895
INFO:root:Epoch no. 441 of 500 (samples: 127298)
INFO:root:Loss: 29.4574 +/- 0.747
INFO:root:Epoch no. 442 of 500 (samples: 127298)
INFO:root:Loss: 29.4245 +/- 0.9622
INFO:root:Epoch no. 443 of 500 (samples: 127298)
INFO:root:Loss: 29.6403 +/- 0.5932
INFO:root:Epoch no. 444 of 500 (samples: 127298)
INFO:root:Loss: 29.2296 +/- 0.8673
INFO:root:Epoch no. 445 of 500 (samples: 127298)
INFO:root:Loss: 29.4838 +/- 0.7333
INFO:root:Epoch no. 446 of 500 (samples: 127298)
INFO:root:Loss: 29.5275 +/- 0.7122
INFO:root:Epoch no. 447 of 500 (samples: 127298)
INFO:root:Loss: 29.2989 +/- 0.5714
INFO:root:Epoch no. 448 of 500 (samples: 127298)
INFO:root:Loss: 29.4257 +/- 0.8136
INFO:root:Epoch no. 449 of 500 (samples: 127298)
INFO:root:Loss: 29.5072 +/- 0.6255
INFO:root:Epoch no. 450 of 500 (samples: 127298)
INFO:root:Loss: 29.3008 +/- 0.8548
INFO:root:Epoch no. 451 of 500 (samples: 127298)
INFO:root:Loss: 29.2361 +/- 0.6473
INFO:root:Epoch no. 452 of 500 (samples: 127298)
INFO:root:Loss: 29.1948 +/- 1.03
INFO:root:Epoch no. 453 of 500 (samples: 127298)
INFO:root:Loss: 29.4214 +/- 0.8274
INFO:root:Epoch no. 454 of 500 (samples: 127298)
INFO:root:Loss: 29.5063 +/- 1.0306
INFO:root:Epoch no. 455 of 500 (samples: 127298)
INFO:root:Loss: 29.4493 +/- 1.0272
INFO:root:Epoch no. 456 of 500 (samples: 127298)
INFO:root:Loss: 29.3114 +/- 0.6683
INFO:root:Epoch no. 457 of 500 (samples: 127298)
INFO:root:Loss: 29.4704 +/- 0.6192
INFO:root:Epoch no. 458 of 500 (samples: 127298)
INFO:root:Loss: 29.5347 +/- 0.8314
INFO:root:Epoch no. 459 of 500 (samples: 127298)
INFO:root:Loss: 29.1561 +/- 1.0196
INFO:root:Epoch no. 460 of 500 (samples: 127298)
INFO:root:Loss: 29.2716 +/- 1.0217
INFO:root:Epoch no. 461 of 500 (samples: 127298)
INFO:root:Loss: 29.3101 +/- 0.687
INFO:root:Epoch no. 462 of 500 (samples: 127298)
INFO:root:Loss: 29.4071 +/- 1.0616
INFO:root:Epoch no. 463 of 500 (samples: 127298)
INFO:root:Loss: 29.3716 +/- 0.5352
INFO:root:Epoch no. 464 of 500 (samples: 127298)
INFO:root:Loss: 29.2574 +/- 1.0339
INFO:root:Epoch no. 465 of 500 (samples: 127298)
INFO:root:Loss: 29.4122 +/- 0.9576
INFO:root:Epoch no. 466 of 500 (samples: 127298)
INFO:root:Loss: 29.154 +/- 1.0254
INFO:root:Epoch no. 467 of 500 (samples: 127298)
INFO:root:Loss: 29.3795 +/- 0.8661
INFO:root:Epoch no. 468 of 500 (samples: 127298)
INFO:root:Loss: 29.3452 +/- 1.1854
INFO:root:Epoch no. 469 of 500 (samples: 127298)
INFO:root:Loss: 29.3878 +/- 0.6206
INFO:root:Epoch no. 470 of 500 (samples: 127298)
INFO:root:Loss: 29.3091 +/- 0.6098
INFO:root:Epoch no. 471 of 500 (samples: 127298)
INFO:root:Loss: 29.2747 +/- 0.8721
INFO:root:Epoch no. 472 of 500 (samples: 127298)
INFO:root:Loss: 29.2509 +/- 0.9324
INFO:root:Epoch no. 473 of 500 (samples: 127298)
INFO:root:Loss: 29.2501 +/- 0.9348
INFO:root:Epoch no. 474 of 500 (samples: 127298)
INFO:root:Loss: 29.3218 +/- 0.7518
INFO:root:Epoch no. 475 of 500 (samples: 127298)
INFO:root:Loss: 29.4693 +/- 0.7574
INFO:root:Epoch no. 476 of 500 (samples: 127298)
INFO:root:Loss: 28.999 +/- 1.1083
INFO:root:Epoch no. 477 of 500 (samples: 127298)
INFO:root:Loss: 29.2568 +/- 0.6034
INFO:root:Epoch no. 478 of 500 (samples: 127298)
INFO:root:Loss: 29.2029 +/- 0.6111
INFO:root:Epoch no. 479 of 500 (samples: 127298)
INFO:root:Loss: 29.1285 +/- 0.9469
INFO:root:Epoch no. 480 of 500 (samples: 127298)
INFO:root:Loss: 29.2094 +/- 0.5306
INFO:root:Epoch no. 481 of 500 (samples: 127298)
INFO:root:Loss: 29.2626 +/- 0.8146
INFO:root:Epoch no. 482 of 500 (samples: 127298)
INFO:root:Loss: 29.1528 +/- 0.6323
INFO:root:Epoch no. 483 of 500 (samples: 127298)
INFO:root:Loss: 29.1925 +/- 1.0371
INFO:root:Epoch no. 484 of 500 (samples: 127298)
INFO:root:Loss: 28.9294 +/- 0.5528
INFO:root:Epoch no. 485 of 500 (samples: 127298)
INFO:root:Loss: 29.1985 +/- 0.7626
INFO:root:Epoch no. 486 of 500 (samples: 127298)
INFO:root:Loss: 29.0644 +/- 0.57
INFO:root:Epoch no. 487 of 500 (samples: 127298)
INFO:root:Loss: 29.153 +/- 1.05
INFO:root:Epoch no. 488 of 500 (samples: 127298)
INFO:root:Loss: 29.2657 +/- 0.722
INFO:root:Epoch no. 489 of 500 (samples: 127298)
INFO:root:Loss: 29.2047 +/- 0.7699
INFO:root:Epoch no. 490 of 500 (samples: 127298)
INFO:root:Loss: 29.1018 +/- 1.0427
INFO:root:Epoch no. 491 of 500 (samples: 127298)
INFO:root:Loss: 29.2156 +/- 0.8605
INFO:root:Epoch no. 492 of 500 (samples: 127298)
INFO:root:Loss: 29.393 +/- 0.3277
INFO:root:Epoch no. 493 of 500 (samples: 127298)
INFO:root:Loss: 29.2656 +/- 0.843
INFO:root:Epoch no. 494 of 500 (samples: 127298)
INFO:root:Loss: 29.2476 +/- 0.7417
INFO:root:Epoch no. 495 of 500 (samples: 127298)
INFO:root:Loss: 29.4545 +/- 0.5492
INFO:root:Epoch no. 496 of 500 (samples: 127298)
INFO:root:Loss: 29.3363 +/- 0.8791
INFO:root:Epoch no. 497 of 500 (samples: 127298)
INFO:root:Loss: 28.867 +/- 0.8305
INFO:root:Epoch no. 498 of 500 (samples: 127298)
INFO:root:Loss: 29.0653 +/- 0.7645
INFO:root:Epoch no. 499 of 500 (samples: 127298)
INFO:root:Loss: 29.0034 +/- 0.6056
INFO:root:Epoch no. 500 of 500 (samples: 127298)
INFO:root:Loss: 29.022 +/- 0.5414
/home/insight/.local/lib/python3.4/site-packages/Keras-1.0.1-py3.4.egg/keras/backend/theano_backend.py:489: UserWarning: theano.function was asked to create a function computing outputs given certain inputs, but the provided input variable at index 2 is not part of the computational graph needed to compute the outputs: keras_learning_phase.
To make this warning into an error, you can pass the parameter on_unused_input='raise' to theano.function. To disable it completely, use on_unused_input='ignore'.
  **kwargs)
INFO:root:### MICRO (validation raw):
INFO:root:	-- left   >> mean: 481.375, median: 8.0, mrr: 0.211, hits@1: 5.26%
INFO:root:	-- right  >> mean: 458.3978, median: 8.0, mrr: 0.209, hits@1: 5.34%
INFO:root:	-- global >> mean: 469.8864, median: 8.0, mrr: 0.21, hits@1: 5.3%
INFO:root:### MICRO (validation raw):
INFO:root:	-- left   >> mean: 481.375, median: 8.0, mrr: 0.211, hits@3: 27.26%
INFO:root:	-- right  >> mean: 458.3978, median: 8.0, mrr: 0.209, hits@3: 26.4%
INFO:root:	-- global >> mean: 469.8864, median: 8.0, mrr: 0.21, hits@3: 26.83%
INFO:root:### MICRO (validation raw):
INFO:root:	-- left   >> mean: 481.375, median: 8.0, mrr: 0.211, hits@5: 41.2%
INFO:root:	-- right  >> mean: 458.3978, median: 8.0, mrr: 0.209, hits@5: 40.12%
INFO:root:	-- global >> mean: 469.8864, median: 8.0, mrr: 0.21, hits@5: 40.66%
INFO:root:### MICRO (validation raw):
INFO:root:	-- left   >> mean: 481.375, median: 8.0, mrr: 0.211, hits@10: 56.96%
INFO:root:	-- right  >> mean: 458.3978, median: 8.0, mrr: 0.209, hits@10: 56.2%
INFO:root:	-- global >> mean: 469.8864, median: 8.0, mrr: 0.21, hits@10: 56.58%
INFO:root:### MICRO (validation filtered):
INFO:root:	-- left   >> mean: 470.8732, median: 6.0, mrr: 0.256, hits@1: 7.16%
INFO:root:	-- right  >> mean: 447.4606, median: 6.0, mrr: 0.255, hits@1: 6.94%
INFO:root:	-- global >> mean: 459.1669, median: 6.0, mrr: 0.255, hits@1: 7.05%
INFO:root:### MICRO (validation filtered):
INFO:root:	-- left   >> mean: 470.8732, median: 6.0, mrr: 0.256, hits@3: 35.38%
INFO:root:	-- right  >> mean: 447.4606, median: 6.0, mrr: 0.255, hits@3: 35.36%
INFO:root:	-- global >> mean: 459.1669, median: 6.0, mrr: 0.255, hits@3: 35.37%
INFO:root:### MICRO (validation filtered):
INFO:root:	-- left   >> mean: 470.8732, median: 6.0, mrr: 0.256, hits@5: 49.18%
INFO:root:	-- right  >> mean: 447.4606, median: 6.0, mrr: 0.255, hits@5: 48.82%
INFO:root:	-- global >> mean: 459.1669, median: 6.0, mrr: 0.255, hits@5: 49.0%
INFO:root:### MICRO (validation filtered):
INFO:root:	-- left   >> mean: 470.8732, median: 6.0, mrr: 0.256, hits@10: 63.7%
INFO:root:	-- right  >> mean: 447.4606, median: 6.0, mrr: 0.255, hits@10: 63.04%
INFO:root:	-- global >> mean: 459.1669, median: 6.0, mrr: 0.255, hits@10: 63.37%
INFO:root:### MICRO (test raw):
INFO:root:	-- left   >> mean: 378.1254, median: 8.0, mrr: 0.204, hits@1: 4.66%
INFO:root:	-- right  >> mean: 401.7238, median: 8.0, mrr: 0.211, hits@1: 5.0%
INFO:root:	-- global >> mean: 389.9246, median: 8.0, mrr: 0.208, hits@1: 4.83%
INFO:root:### MICRO (test raw):
INFO:root:	-- left   >> mean: 378.1254, median: 8.0, mrr: 0.204, hits@3: 26.02%
INFO:root:	-- right  >> mean: 401.7238, median: 8.0, mrr: 0.211, hits@3: 26.88%
INFO:root:	-- global >> mean: 389.9246, median: 8.0, mrr: 0.208, hits@3: 26.45%
INFO:root:### MICRO (test raw):
INFO:root:	-- left   >> mean: 378.1254, median: 8.0, mrr: 0.204, hits@5: 40.4%
INFO:root:	-- right  >> mean: 401.7238, median: 8.0, mrr: 0.211, hits@5: 41.26%
INFO:root:	-- global >> mean: 389.9246, median: 8.0, mrr: 0.208, hits@5: 40.83%
INFO:root:### MICRO (test raw):
INFO:root:	-- left   >> mean: 378.1254, median: 8.0, mrr: 0.204, hits@10: 56.98%
INFO:root:	-- right  >> mean: 401.7238, median: 8.0, mrr: 0.211, hits@10: 58.38%
INFO:root:	-- global >> mean: 389.9246, median: 8.0, mrr: 0.208, hits@10: 57.68%
INFO:root:### MICRO (test filtered):
INFO:root:	-- left   >> mean: 367.0644, median: 5.5, mrr: 0.254, hits@1: 6.44%
INFO:root:	-- right  >> mean: 391.748, median: 5.0, mrr: 0.258, hits@1: 6.76%
INFO:root:	-- global >> mean: 379.4062, median: 5.0, mrr: 0.256, hits@1: 6.6%
INFO:root:### MICRO (test filtered):
INFO:root:	-- left   >> mean: 367.0644, median: 5.5, mrr: 0.254, hits@3: 35.22%
INFO:root:	-- right  >> mean: 391.748, median: 5.0, mrr: 0.258, hits@3: 35.52%
INFO:root:	-- global >> mean: 379.4062, median: 5.0, mrr: 0.256, hits@3: 35.37%
INFO:root:### MICRO (test filtered):
INFO:root:	-- left   >> mean: 367.0644, median: 5.5, mrr: 0.254, hits@5: 50.0%
INFO:root:	-- right  >> mean: 391.748, median: 5.0, mrr: 0.258, hits@5: 50.42%
INFO:root:	-- global >> mean: 379.4062, median: 5.0, mrr: 0.256, hits@5: 50.21%
INFO:root:### MICRO (test filtered):
INFO:root:	-- left   >> mean: 367.0644, median: 5.5, mrr: 0.254, hits@10: 65.32%
INFO:root:	-- right  >> mean: 391.748, median: 5.0, mrr: 0.258, hits@10: 65.42%
INFO:root:	-- global >> mean: 379.4062, median: 5.0, mrr: 0.256, hits@10: 65.37%
