Using Theano backend.
INFO:root:Acquiring data/wn18/wordnet-mlj12-train.txt ..
INFO:root:Acquiring data/wn18/wordnet-mlj12-valid.txt ..
INFO:root:Acquiring data/wn18/wordnet-mlj12-test.txt ..
INFO:root:[Rules] Adding Head: 15, Tail: [(10, True)]
INFO:root:[Rules] Adding Head: 12, Tail: [(17, True)]
INFO:root:[Rules] Adding Head: 4, Tail: [(5, True)]
INFO:root:[Rules] Adding Head: 13, Tail: [(3, True)]
INFO:root:[Rules] Adding Head: 5, Tail: [(4, True)]
INFO:root:[Rules] Adding Head: 16, Tail: [(11, True)]
INFO:root:[Rules] Adding Head: 17, Tail: [(12, True)]
INFO:root:[Rules] Adding Head: 11, Tail: [(16, True)]
INFO:root:[Rules] Adding Head: 8, Tail: [(9, True)]
INFO:root:[Rules] Adding Head: 2, Tail: [(2, True)]
INFO:root:Samples: 70721, no. batches: 10 -> batch size: 7073
INFO:root:Epoch no. 1 of 500 (samples: 70721)
INFO:root:Loss: 1689.0412 +/- 2800.1163
INFO:root:Epoch no. 2 of 500 (samples: 70721)
INFO:root:Loss: 512.8273 +/- 19.4883
INFO:root:Epoch no. 3 of 500 (samples: 70721)
INFO:root:Loss: 365.2209 +/- 7.5137
INFO:root:Epoch no. 4 of 500 (samples: 70721)
INFO:root:Loss: 276.2069 +/- 3.4552
INFO:root:Epoch no. 5 of 500 (samples: 70721)
INFO:root:Loss: 219.8656 +/- 2.2995
INFO:root:Epoch no. 6 of 500 (samples: 70721)
INFO:root:Loss: 182.6015 +/- 1.9995
INFO:root:Epoch no. 7 of 500 (samples: 70721)
INFO:root:Loss: 154.9594 +/- 1.9761
INFO:root:Epoch no. 8 of 500 (samples: 70721)
INFO:root:Loss: 136.0838 +/- 1.4244
INFO:root:Epoch no. 9 of 500 (samples: 70721)
INFO:root:Loss: 120.675 +/- 1.6147
INFO:root:Epoch no. 10 of 500 (samples: 70721)
INFO:root:Loss: 109.6975 +/- 1.7289
INFO:root:Epoch no. 11 of 500 (samples: 70721)
INFO:root:Loss: 98.9132 +/- 1.2215
INFO:root:Epoch no. 12 of 500 (samples: 70721)
INFO:root:Loss: 92.2898 +/- 0.5862
INFO:root:Epoch no. 13 of 500 (samples: 70721)
INFO:root:Loss: 85.8407 +/- 1.1969
INFO:root:Epoch no. 14 of 500 (samples: 70721)
INFO:root:Loss: 80.5284 +/- 0.778
INFO:root:Epoch no. 15 of 500 (samples: 70721)
INFO:root:Loss: 75.8708 +/- 1.687
INFO:root:Epoch no. 16 of 500 (samples: 70721)
INFO:root:Loss: 71.8793 +/- 1.2737
INFO:root:Epoch no. 17 of 500 (samples: 70721)
INFO:root:Loss: 68.3851 +/- 0.6857
INFO:root:Epoch no. 18 of 500 (samples: 70721)
INFO:root:Loss: 65.0828 +/- 0.7601
INFO:root:Epoch no. 19 of 500 (samples: 70721)
INFO:root:Loss: 62.7861 +/- 1.1689
INFO:root:Epoch no. 20 of 500 (samples: 70721)
INFO:root:Loss: 60.1923 +/- 1.216
INFO:root:Epoch no. 21 of 500 (samples: 70721)
INFO:root:Loss: 57.7194 +/- 0.7188
INFO:root:Epoch no. 22 of 500 (samples: 70721)
INFO:root:Loss: 56.1773 +/- 0.8602
INFO:root:Epoch no. 23 of 500 (samples: 70721)
INFO:root:Loss: 54.4798 +/- 0.6754
INFO:root:Epoch no. 24 of 500 (samples: 70721)
INFO:root:Loss: 52.0741 +/- 0.8426
INFO:root:Epoch no. 25 of 500 (samples: 70721)
INFO:root:Loss: 50.8584 +/- 0.5634
INFO:root:Epoch no. 26 of 500 (samples: 70721)
INFO:root:Loss: 49.1299 +/- 0.4741
INFO:root:Epoch no. 27 of 500 (samples: 70721)
INFO:root:Loss: 47.9141 +/- 1.0269
INFO:root:Epoch no. 28 of 500 (samples: 70721)
INFO:root:Loss: 46.5429 +/- 0.5528
INFO:root:Epoch no. 29 of 500 (samples: 70721)
INFO:root:Loss: 46.0511 +/- 0.8857
INFO:root:Epoch no. 30 of 500 (samples: 70721)
INFO:root:Loss: 44.5649 +/- 0.5407
INFO:root:Epoch no. 31 of 500 (samples: 70721)
INFO:root:Loss: 43.2506 +/- 0.7497
INFO:root:Epoch no. 32 of 500 (samples: 70721)
INFO:root:Loss: 42.6494 +/- 0.4791
INFO:root:Epoch no. 33 of 500 (samples: 70721)
INFO:root:Loss: 41.4391 +/- 0.4944
INFO:root:Epoch no. 34 of 500 (samples: 70721)
INFO:root:Loss: 40.8515 +/- 0.3148
INFO:root:Epoch no. 35 of 500 (samples: 70721)
INFO:root:Loss: 39.683 +/- 0.5774
INFO:root:Epoch no. 36 of 500 (samples: 70721)
INFO:root:Loss: 39.1396 +/- 0.6127
INFO:root:Epoch no. 37 of 500 (samples: 70721)
INFO:root:Loss: 38.7427 +/- 0.5526
INFO:root:Epoch no. 38 of 500 (samples: 70721)
INFO:root:Loss: 37.662 +/- 0.7846
INFO:root:Epoch no. 39 of 500 (samples: 70721)
INFO:root:Loss: 37.3 +/- 0.7585
INFO:root:Epoch no. 40 of 500 (samples: 70721)
INFO:root:Loss: 36.4992 +/- 0.3934
INFO:root:Epoch no. 41 of 500 (samples: 70721)
INFO:root:Loss: 35.8612 +/- 0.6966
INFO:root:Epoch no. 42 of 500 (samples: 70721)
INFO:root:Loss: 35.3996 +/- 0.639
INFO:root:Epoch no. 43 of 500 (samples: 70721)
INFO:root:Loss: 34.817 +/- 0.5634
INFO:root:Epoch no. 44 of 500 (samples: 70721)
INFO:root:Loss: 34.1302 +/- 0.5388
INFO:root:Epoch no. 45 of 500 (samples: 70721)
INFO:root:Loss: 33.7072 +/- 0.4336
INFO:root:Epoch no. 46 of 500 (samples: 70721)
INFO:root:Loss: 33.2258 +/- 0.6231
INFO:root:Epoch no. 47 of 500 (samples: 70721)
INFO:root:Loss: 32.9631 +/- 0.5578
INFO:root:Epoch no. 48 of 500 (samples: 70721)
INFO:root:Loss: 32.0663 +/- 0.4263
INFO:root:Epoch no. 49 of 500 (samples: 70721)
INFO:root:Loss: 32.1467 +/- 0.3485
INFO:root:Epoch no. 50 of 500 (samples: 70721)
INFO:root:Loss: 31.3486 +/- 0.259
INFO:root:Epoch no. 51 of 500 (samples: 70721)
INFO:root:Loss: 31.1546 +/- 0.4669
INFO:root:Epoch no. 52 of 500 (samples: 70721)
INFO:root:Loss: 30.8553 +/- 0.4237
INFO:root:Epoch no. 53 of 500 (samples: 70721)
INFO:root:Loss: 30.7726 +/- 0.4499
INFO:root:Epoch no. 54 of 500 (samples: 70721)
INFO:root:Loss: 30.2537 +/- 0.4174
INFO:root:Epoch no. 55 of 500 (samples: 70721)
INFO:root:Loss: 29.4456 +/- 0.2884
INFO:root:Epoch no. 56 of 500 (samples: 70721)
INFO:root:Loss: 29.2464 +/- 0.591
INFO:root:Epoch no. 57 of 500 (samples: 70721)
INFO:root:Loss: 29.0259 +/- 0.4272
INFO:root:Epoch no. 58 of 500 (samples: 70721)
INFO:root:Loss: 28.6166 +/- 0.6534
INFO:root:Epoch no. 59 of 500 (samples: 70721)
INFO:root:Loss: 28.4685 +/- 0.4051
INFO:root:Epoch no. 60 of 500 (samples: 70721)
INFO:root:Loss: 28.122 +/- 0.5358
INFO:root:Epoch no. 61 of 500 (samples: 70721)
INFO:root:Loss: 27.9486 +/- 0.4823
INFO:root:Epoch no. 62 of 500 (samples: 70721)
INFO:root:Loss: 27.4682 +/- 0.3936
INFO:root:Epoch no. 63 of 500 (samples: 70721)
INFO:root:Loss: 27.0458 +/- 0.4245
INFO:root:Epoch no. 64 of 500 (samples: 70721)
INFO:root:Loss: 26.9058 +/- 0.4896
INFO:root:Epoch no. 65 of 500 (samples: 70721)
INFO:root:Loss: 26.8384 +/- 0.6838
INFO:root:Epoch no. 66 of 500 (samples: 70721)
INFO:root:Loss: 26.6002 +/- 0.5364
INFO:root:Epoch no. 67 of 500 (samples: 70721)
INFO:root:Loss: 25.9754 +/- 0.3968
INFO:root:Epoch no. 68 of 500 (samples: 70721)
INFO:root:Loss: 26.126 +/- 0.3296
INFO:root:Epoch no. 69 of 500 (samples: 70721)
INFO:root:Loss: 25.6553 +/- 0.4828
INFO:root:Epoch no. 70 of 500 (samples: 70721)
INFO:root:Loss: 25.4965 +/- 0.4741
INFO:root:Epoch no. 71 of 500 (samples: 70721)
INFO:root:Loss: 25.2714 +/- 0.3054
INFO:root:Epoch no. 72 of 500 (samples: 70721)
INFO:root:Loss: 25.3809 +/- 0.5248
INFO:root:Epoch no. 73 of 500 (samples: 70721)
INFO:root:Loss: 24.8293 +/- 0.3016
INFO:root:Epoch no. 74 of 500 (samples: 70721)
INFO:root:Loss: 24.5424 +/- 0.6915
INFO:root:Epoch no. 75 of 500 (samples: 70721)
INFO:root:Loss: 24.6532 +/- 0.4668
INFO:root:Epoch no. 76 of 500 (samples: 70721)
INFO:root:Loss: 24.2227 +/- 0.3518
INFO:root:Epoch no. 77 of 500 (samples: 70721)
INFO:root:Loss: 24.0314 +/- 0.366
INFO:root:Epoch no. 78 of 500 (samples: 70721)
INFO:root:Loss: 23.994 +/- 0.2541
INFO:root:Epoch no. 79 of 500 (samples: 70721)
INFO:root:Loss: 23.4765 +/- 0.4315
INFO:root:Epoch no. 80 of 500 (samples: 70721)
INFO:root:Loss: 23.489 +/- 0.2802
INFO:root:Epoch no. 81 of 500 (samples: 70721)
INFO:root:Loss: 23.2434 +/- 0.4418
INFO:root:Epoch no. 82 of 500 (samples: 70721)
INFO:root:Loss: 23.0924 +/- 0.317
INFO:root:Epoch no. 83 of 500 (samples: 70721)
INFO:root:Loss: 23.0482 +/- 0.2556
INFO:root:Epoch no. 84 of 500 (samples: 70721)
INFO:root:Loss: 22.7439 +/- 0.357
INFO:root:Epoch no. 85 of 500 (samples: 70721)
INFO:root:Loss: 22.7702 +/- 0.2797
INFO:root:Epoch no. 86 of 500 (samples: 70721)
INFO:root:Loss: 22.5499 +/- 0.2685
INFO:root:Epoch no. 87 of 500 (samples: 70721)
INFO:root:Loss: 22.4975 +/- 0.3859
INFO:root:Epoch no. 88 of 500 (samples: 70721)
INFO:root:Loss: 22.4167 +/- 0.3409
INFO:root:Epoch no. 89 of 500 (samples: 70721)
INFO:root:Loss: 22.0312 +/- 0.2733
INFO:root:Epoch no. 90 of 500 (samples: 70721)
INFO:root:Loss: 22.1141 +/- 0.2462
INFO:root:Epoch no. 91 of 500 (samples: 70721)
INFO:root:Loss: 21.6872 +/- 0.3073
INFO:root:Epoch no. 92 of 500 (samples: 70721)
INFO:root:Loss: 21.7048 +/- 0.3353
INFO:root:Epoch no. 93 of 500 (samples: 70721)
INFO:root:Loss: 21.5185 +/- 0.3259
INFO:root:Epoch no. 94 of 500 (samples: 70721)
INFO:root:Loss: 21.3846 +/- 0.451
INFO:root:Epoch no. 95 of 500 (samples: 70721)
INFO:root:Loss: 21.2218 +/- 0.2298
INFO:root:Epoch no. 96 of 500 (samples: 70721)
INFO:root:Loss: 21.1011 +/- 0.2682
INFO:root:Epoch no. 97 of 500 (samples: 70721)
INFO:root:Loss: 21.0061 +/- 0.2074
INFO:root:Epoch no. 98 of 500 (samples: 70721)
INFO:root:Loss: 20.8825 +/- 0.3207
INFO:root:Epoch no. 99 of 500 (samples: 70721)
INFO:root:Loss: 20.88 +/- 0.3354
INFO:root:Epoch no. 100 of 500 (samples: 70721)
INFO:root:Loss: 20.5088 +/- 0.2501
INFO:root:Epoch no. 101 of 500 (samples: 70721)
INFO:root:Loss: 20.7911 +/- 0.2631
INFO:root:Epoch no. 102 of 500 (samples: 70721)
INFO:root:Loss: 20.3272 +/- 0.292
INFO:root:Epoch no. 103 of 500 (samples: 70721)
INFO:root:Loss: 20.2228 +/- 0.3123
INFO:root:Epoch no. 104 of 500 (samples: 70721)
INFO:root:Loss: 20.2974 +/- 0.3938
INFO:root:Epoch no. 105 of 500 (samples: 70721)
INFO:root:Loss: 19.8624 +/- 0.4506
INFO:root:Epoch no. 106 of 500 (samples: 70721)
INFO:root:Loss: 19.998 +/- 0.2655
INFO:root:Epoch no. 107 of 500 (samples: 70721)
INFO:root:Loss: 19.8559 +/- 0.3936
INFO:root:Epoch no. 108 of 500 (samples: 70721)
INFO:root:Loss: 19.8081 +/- 0.2236
INFO:root:Epoch no. 109 of 500 (samples: 70721)
INFO:root:Loss: 19.8174 +/- 0.2884
INFO:root:Epoch no. 110 of 500 (samples: 70721)
INFO:root:Loss: 19.5301 +/- 0.3757
INFO:root:Epoch no. 111 of 500 (samples: 70721)
INFO:root:Loss: 19.3375 +/- 0.2175
INFO:root:Epoch no. 112 of 500 (samples: 70721)
INFO:root:Loss: 19.3691 +/- 0.1855
INFO:root:Epoch no. 113 of 500 (samples: 70721)
INFO:root:Loss: 18.9729 +/- 0.231
INFO:root:Epoch no. 114 of 500 (samples: 70721)
INFO:root:Loss: 19.2894 +/- 0.2549
INFO:root:Epoch no. 115 of 500 (samples: 70721)
INFO:root:Loss: 18.958 +/- 0.3278
INFO:root:Epoch no. 116 of 500 (samples: 70721)
INFO:root:Loss: 19.0461 +/- 0.348
INFO:root:Epoch no. 117 of 500 (samples: 70721)
INFO:root:Loss: 18.7996 +/- 0.3041
INFO:root:Epoch no. 118 of 500 (samples: 70721)
INFO:root:Loss: 18.8425 +/- 0.355
INFO:root:Epoch no. 119 of 500 (samples: 70721)
INFO:root:Loss: 18.4234 +/- 0.2946
INFO:root:Epoch no. 120 of 500 (samples: 70721)
INFO:root:Loss: 18.7536 +/- 0.3555
INFO:root:Epoch no. 121 of 500 (samples: 70721)
INFO:root:Loss: 18.5804 +/- 0.4023
INFO:root:Epoch no. 122 of 500 (samples: 70721)
INFO:root:Loss: 18.3706 +/- 0.3836
INFO:root:Epoch no. 123 of 500 (samples: 70721)
INFO:root:Loss: 18.2543 +/- 0.294
INFO:root:Epoch no. 124 of 500 (samples: 70721)
INFO:root:Loss: 18.0265 +/- 0.4092
INFO:root:Epoch no. 125 of 500 (samples: 70721)
INFO:root:Loss: 18.1763 +/- 0.2765
INFO:root:Epoch no. 126 of 500 (samples: 70721)
INFO:root:Loss: 18.1709 +/- 0.3386
INFO:root:Epoch no. 127 of 500 (samples: 70721)
INFO:root:Loss: 17.8274 +/- 0.1783
INFO:root:Epoch no. 128 of 500 (samples: 70721)
INFO:root:Loss: 17.8634 +/- 0.2144
INFO:root:Epoch no. 129 of 500 (samples: 70721)
INFO:root:Loss: 17.893 +/- 0.2872
INFO:root:Epoch no. 130 of 500 (samples: 70721)
INFO:root:Loss: 17.7762 +/- 0.2628
INFO:root:Epoch no. 131 of 500 (samples: 70721)
INFO:root:Loss: 17.5703 +/- 0.2532
INFO:root:Epoch no. 132 of 500 (samples: 70721)
INFO:root:Loss: 17.4944 +/- 0.1862
INFO:root:Epoch no. 133 of 500 (samples: 70721)
INFO:root:Loss: 17.5767 +/- 0.2296
INFO:root:Epoch no. 134 of 500 (samples: 70721)
INFO:root:Loss: 17.4064 +/- 0.3076
INFO:root:Epoch no. 135 of 500 (samples: 70721)
INFO:root:Loss: 17.2662 +/- 0.2877
INFO:root:Epoch no. 136 of 500 (samples: 70721)
INFO:root:Loss: 17.3768 +/- 0.353
INFO:root:Epoch no. 137 of 500 (samples: 70721)
INFO:root:Loss: 17.2474 +/- 0.3102
INFO:root:Epoch no. 138 of 500 (samples: 70721)
INFO:root:Loss: 17.0827 +/- 0.3933
INFO:root:Epoch no. 139 of 500 (samples: 70721)
INFO:root:Loss: 17.108 +/- 0.3001
INFO:root:Epoch no. 140 of 500 (samples: 70721)
INFO:root:Loss: 17.1871 +/- 0.2111
INFO:root:Epoch no. 141 of 500 (samples: 70721)
INFO:root:Loss: 17.1015 +/- 0.2799
INFO:root:Epoch no. 142 of 500 (samples: 70721)
INFO:root:Loss: 16.7083 +/- 0.2081
INFO:root:Epoch no. 143 of 500 (samples: 70721)
INFO:root:Loss: 16.8813 +/- 0.1995
INFO:root:Epoch no. 144 of 500 (samples: 70721)
INFO:root:Loss: 16.6353 +/- 0.2677
INFO:root:Epoch no. 145 of 500 (samples: 70721)
INFO:root:Loss: 16.7929 +/- 0.2747
INFO:root:Epoch no. 146 of 500 (samples: 70721)
INFO:root:Loss: 16.6828 +/- 0.3827
INFO:root:Epoch no. 147 of 500 (samples: 70721)
INFO:root:Loss: 16.5812 +/- 0.3675
INFO:root:Epoch no. 148 of 500 (samples: 70721)
INFO:root:Loss: 16.6253 +/- 0.2943
INFO:root:Epoch no. 149 of 500 (samples: 70721)
INFO:root:Loss: 16.3881 +/- 0.2791
INFO:root:Epoch no. 150 of 500 (samples: 70721)
INFO:root:Loss: 16.4641 +/- 0.3071
INFO:root:Epoch no. 151 of 500 (samples: 70721)
INFO:root:Loss: 16.437 +/- 0.1448
INFO:root:Epoch no. 152 of 500 (samples: 70721)
INFO:root:Loss: 16.1198 +/- 0.1962
INFO:root:Epoch no. 153 of 500 (samples: 70721)
INFO:root:Loss: 16.2141 +/- 0.216
INFO:root:Epoch no. 154 of 500 (samples: 70721)
INFO:root:Loss: 16.1244 +/- 0.2943
INFO:root:Epoch no. 155 of 500 (samples: 70721)
INFO:root:Loss: 16.0896 +/- 0.2763
INFO:root:Epoch no. 156 of 500 (samples: 70721)
INFO:root:Loss: 15.879 +/- 0.19
INFO:root:Epoch no. 157 of 500 (samples: 70721)
INFO:root:Loss: 16.0802 +/- 0.2287
INFO:root:Epoch no. 158 of 500 (samples: 70721)
INFO:root:Loss: 15.985 +/- 0.2931
INFO:root:Epoch no. 159 of 500 (samples: 70721)
INFO:root:Loss: 16.1055 +/- 0.218
INFO:root:Epoch no. 160 of 500 (samples: 70721)
INFO:root:Loss: 15.8193 +/- 0.2145
INFO:root:Epoch no. 161 of 500 (samples: 70721)
INFO:root:Loss: 15.7991 +/- 0.2924
INFO:root:Epoch no. 162 of 500 (samples: 70721)
INFO:root:Loss: 15.712 +/- 0.2619
INFO:root:Epoch no. 163 of 500 (samples: 70721)
INFO:root:Loss: 15.6496 +/- 0.2446
INFO:root:Epoch no. 164 of 500 (samples: 70721)
INFO:root:Loss: 15.6325 +/- 0.2431
INFO:root:Epoch no. 165 of 500 (samples: 70721)
INFO:root:Loss: 15.5181 +/- 0.301
INFO:root:Epoch no. 166 of 500 (samples: 70721)
INFO:root:Loss: 15.5039 +/- 0.3522
INFO:root:Epoch no. 167 of 500 (samples: 70721)
INFO:root:Loss: 15.6489 +/- 0.2124
INFO:root:Epoch no. 168 of 500 (samples: 70721)
INFO:root:Loss: 15.3982 +/- 0.1702
INFO:root:Epoch no. 169 of 500 (samples: 70721)
INFO:root:Loss: 15.2037 +/- 0.2424
INFO:root:Epoch no. 170 of 500 (samples: 70721)
INFO:root:Loss: 15.2526 +/- 0.2117
INFO:root:Epoch no. 171 of 500 (samples: 70721)
INFO:root:Loss: 15.229 +/- 0.296
INFO:root:Epoch no. 172 of 500 (samples: 70721)
INFO:root:Loss: 15.2032 +/- 0.2716
INFO:root:Epoch no. 173 of 500 (samples: 70721)
INFO:root:Loss: 15.0809 +/- 0.1233
INFO:root:Epoch no. 174 of 500 (samples: 70721)
INFO:root:Loss: 15.2619 +/- 0.286
INFO:root:Epoch no. 175 of 500 (samples: 70721)
INFO:root:Loss: 15.192 +/- 0.45
INFO:root:Epoch no. 176 of 500 (samples: 70721)
INFO:root:Loss: 14.9193 +/- 0.2486
INFO:root:Epoch no. 177 of 500 (samples: 70721)
INFO:root:Loss: 14.9096 +/- 0.2704
INFO:root:Epoch no. 178 of 500 (samples: 70721)
INFO:root:Loss: 14.941 +/- 0.2333
INFO:root:Epoch no. 179 of 500 (samples: 70721)
INFO:root:Loss: 15.082 +/- 0.2595
INFO:root:Epoch no. 180 of 500 (samples: 70721)
INFO:root:Loss: 14.8988 +/- 0.3785
INFO:root:Epoch no. 181 of 500 (samples: 70721)
INFO:root:Loss: 14.8783 +/- 0.3733
INFO:root:Epoch no. 182 of 500 (samples: 70721)
INFO:root:Loss: 14.8885 +/- 0.3377
INFO:root:Epoch no. 183 of 500 (samples: 70721)
INFO:root:Loss: 14.7282 +/- 0.1979
INFO:root:Epoch no. 184 of 500 (samples: 70721)
INFO:root:Loss: 14.7985 +/- 0.2576
INFO:root:Epoch no. 185 of 500 (samples: 70721)
INFO:root:Loss: 14.5824 +/- 0.3145
INFO:root:Epoch no. 186 of 500 (samples: 70721)
INFO:root:Loss: 14.655 +/- 0.3808
INFO:root:Epoch no. 187 of 500 (samples: 70721)
INFO:root:Loss: 14.6835 +/- 0.3447
INFO:root:Epoch no. 188 of 500 (samples: 70721)
INFO:root:Loss: 14.4754 +/- 0.3513
INFO:root:Epoch no. 189 of 500 (samples: 70721)
INFO:root:Loss: 14.5542 +/- 0.3295
INFO:root:Epoch no. 190 of 500 (samples: 70721)
INFO:root:Loss: 14.3939 +/- 0.2114
INFO:root:Epoch no. 191 of 500 (samples: 70721)
INFO:root:Loss: 14.3016 +/- 0.2324
INFO:root:Epoch no. 192 of 500 (samples: 70721)
INFO:root:Loss: 14.378 +/- 0.3004
INFO:root:Epoch no. 193 of 500 (samples: 70721)
INFO:root:Loss: 14.3511 +/- 0.3759
INFO:root:Epoch no. 194 of 500 (samples: 70721)
INFO:root:Loss: 14.3597 +/- 0.3607
INFO:root:Epoch no. 195 of 500 (samples: 70721)
INFO:root:Loss: 14.3433 +/- 0.1915
INFO:root:Epoch no. 196 of 500 (samples: 70721)
INFO:root:Loss: 14.38 +/- 0.2533
INFO:root:Epoch no. 197 of 500 (samples: 70721)
INFO:root:Loss: 14.3641 +/- 0.2526
INFO:root:Epoch no. 198 of 500 (samples: 70721)
INFO:root:Loss: 14.063 +/- 0.2323
INFO:root:Epoch no. 199 of 500 (samples: 70721)
INFO:root:Loss: 14.2437 +/- 0.2584
INFO:root:Epoch no. 200 of 500 (samples: 70721)
INFO:root:Loss: 14.1658 +/- 0.2946
INFO:root:Epoch no. 201 of 500 (samples: 70721)
INFO:root:Loss: 14.1285 +/- 0.2094
INFO:root:Epoch no. 202 of 500 (samples: 70721)
INFO:root:Loss: 14.002 +/- 0.1316
INFO:root:Epoch no. 203 of 500 (samples: 70721)
INFO:root:Loss: 13.8054 +/- 0.1542
INFO:root:Epoch no. 204 of 500 (samples: 70721)
INFO:root:Loss: 13.9416 +/- 0.2903
INFO:root:Epoch no. 205 of 500 (samples: 70721)
INFO:root:Loss: 13.8563 +/- 0.2266
INFO:root:Epoch no. 206 of 500 (samples: 70721)
INFO:root:Loss: 13.8078 +/- 0.2861
INFO:root:Epoch no. 207 of 500 (samples: 70721)
INFO:root:Loss: 13.8976 +/- 0.2582
INFO:root:Epoch no. 208 of 500 (samples: 70721)
INFO:root:Loss: 13.797 +/- 0.4729
INFO:root:Epoch no. 209 of 500 (samples: 70721)
INFO:root:Loss: 13.7134 +/- 0.276
INFO:root:Epoch no. 210 of 500 (samples: 70721)
INFO:root:Loss: 13.6715 +/- 0.2761
INFO:root:Epoch no. 211 of 500 (samples: 70721)
INFO:root:Loss: 13.6534 +/- 0.302
INFO:root:Epoch no. 212 of 500 (samples: 70721)
INFO:root:Loss: 13.5171 +/- 0.2033
INFO:root:Epoch no. 213 of 500 (samples: 70721)
INFO:root:Loss: 13.5183 +/- 0.2713
INFO:root:Epoch no. 214 of 500 (samples: 70721)
INFO:root:Loss: 13.4508 +/- 0.2556
INFO:root:Epoch no. 215 of 500 (samples: 70721)
INFO:root:Loss: 13.6331 +/- 0.2043
INFO:root:Epoch no. 216 of 500 (samples: 70721)
INFO:root:Loss: 13.6726 +/- 0.2583
INFO:root:Epoch no. 217 of 500 (samples: 70721)
INFO:root:Loss: 13.3152 +/- 0.2714
INFO:root:Epoch no. 218 of 500 (samples: 70721)
INFO:root:Loss: 13.439 +/- 0.2644
INFO:root:Epoch no. 219 of 500 (samples: 70721)
INFO:root:Loss: 13.533 +/- 0.268
INFO:root:Epoch no. 220 of 500 (samples: 70721)
INFO:root:Loss: 13.2461 +/- 0.2052
INFO:root:Epoch no. 221 of 500 (samples: 70721)
INFO:root:Loss: 13.4589 +/- 0.282
INFO:root:Epoch no. 222 of 500 (samples: 70721)
INFO:root:Loss: 13.202 +/- 0.1737
INFO:root:Epoch no. 223 of 500 (samples: 70721)
INFO:root:Loss: 13.1724 +/- 0.2494
INFO:root:Epoch no. 224 of 500 (samples: 70721)
INFO:root:Loss: 13.377 +/- 0.2626
INFO:root:Epoch no. 225 of 500 (samples: 70721)
INFO:root:Loss: 13.2744 +/- 0.2674
INFO:root:Epoch no. 226 of 500 (samples: 70721)
INFO:root:Loss: 13.1248 +/- 0.2513
INFO:root:Epoch no. 227 of 500 (samples: 70721)
INFO:root:Loss: 13.2029 +/- 0.2175
INFO:root:Epoch no. 228 of 500 (samples: 70721)
INFO:root:Loss: 13.1973 +/- 0.2671
INFO:root:Epoch no. 229 of 500 (samples: 70721)
INFO:root:Loss: 13.1567 +/- 0.25
INFO:root:Epoch no. 230 of 500 (samples: 70721)
INFO:root:Loss: 13.1323 +/- 0.2822
INFO:root:Epoch no. 231 of 500 (samples: 70721)
INFO:root:Loss: 13.11 +/- 0.3358
INFO:root:Epoch no. 232 of 500 (samples: 70721)
INFO:root:Loss: 13.127 +/- 0.1683
INFO:root:Epoch no. 233 of 500 (samples: 70721)
INFO:root:Loss: 12.9252 +/- 0.2162
INFO:root:Epoch no. 234 of 500 (samples: 70721)
INFO:root:Loss: 12.9134 +/- 0.2674
INFO:root:Epoch no. 235 of 500 (samples: 70721)
INFO:root:Loss: 12.9385 +/- 0.1733
INFO:root:Epoch no. 236 of 500 (samples: 70721)
INFO:root:Loss: 12.8714 +/- 0.1887
INFO:root:Epoch no. 237 of 500 (samples: 70721)
INFO:root:Loss: 12.7746 +/- 0.2407
INFO:root:Epoch no. 238 of 500 (samples: 70721)
INFO:root:Loss: 12.9696 +/- 0.262
INFO:root:Epoch no. 239 of 500 (samples: 70721)
INFO:root:Loss: 12.7948 +/- 0.2862
INFO:root:Epoch no. 240 of 500 (samples: 70721)
INFO:root:Loss: 12.8197 +/- 0.1873
INFO:root:Epoch no. 241 of 500 (samples: 70721)
INFO:root:Loss: 12.893 +/- 0.2712
INFO:root:Epoch no. 242 of 500 (samples: 70721)
INFO:root:Loss: 12.5937 +/- 0.3373
INFO:root:Epoch no. 243 of 500 (samples: 70721)
INFO:root:Loss: 12.6465 +/- 0.2168
INFO:root:Epoch no. 244 of 500 (samples: 70721)
INFO:root:Loss: 12.7941 +/- 0.1377
INFO:root:Epoch no. 245 of 500 (samples: 70721)
INFO:root:Loss: 12.5549 +/- 0.2433
INFO:root:Epoch no. 246 of 500 (samples: 70721)
INFO:root:Loss: 12.6312 +/- 0.1885
INFO:root:Epoch no. 247 of 500 (samples: 70721)
INFO:root:Loss: 12.553 +/- 0.2128
INFO:root:Epoch no. 248 of 500 (samples: 70721)
INFO:root:Loss: 12.6798 +/- 0.2077
INFO:root:Epoch no. 249 of 500 (samples: 70721)
INFO:root:Loss: 12.5848 +/- 0.2856
INFO:root:Epoch no. 250 of 500 (samples: 70721)
INFO:root:Loss: 12.5433 +/- 0.2323
INFO:root:Epoch no. 251 of 500 (samples: 70721)
INFO:root:Loss: 12.4507 +/- 0.2771
INFO:root:Epoch no. 252 of 500 (samples: 70721)
INFO:root:Loss: 12.4983 +/- 0.2068
INFO:root:Epoch no. 253 of 500 (samples: 70721)
INFO:root:Loss: 12.4365 +/- 0.1974
INFO:root:Epoch no. 254 of 500 (samples: 70721)
INFO:root:Loss: 12.2885 +/- 0.2111
INFO:root:Epoch no. 255 of 500 (samples: 70721)
INFO:root:Loss: 12.4779 +/- 0.1962
INFO:root:Epoch no. 256 of 500 (samples: 70721)
INFO:root:Loss: 12.3779 +/- 0.2358
INFO:root:Epoch no. 257 of 500 (samples: 70721)
INFO:root:Loss: 12.4358 +/- 0.2935
INFO:root:Epoch no. 258 of 500 (samples: 70721)
INFO:root:Loss: 12.3509 +/- 0.2445
INFO:root:Epoch no. 259 of 500 (samples: 70721)
INFO:root:Loss: 12.3419 +/- 0.2501
INFO:root:Epoch no. 260 of 500 (samples: 70721)
INFO:root:Loss: 12.3467 +/- 0.2065
INFO:root:Epoch no. 261 of 500 (samples: 70721)
INFO:root:Loss: 12.0787 +/- 0.2174
INFO:root:Epoch no. 262 of 500 (samples: 70721)
INFO:root:Loss: 12.144 +/- 0.2856
INFO:root:Epoch no. 263 of 500 (samples: 70721)
INFO:root:Loss: 12.1397 +/- 0.2735
INFO:root:Epoch no. 264 of 500 (samples: 70721)
INFO:root:Loss: 12.114 +/- 0.269
INFO:root:Epoch no. 265 of 500 (samples: 70721)
INFO:root:Loss: 12.3266 +/- 0.402
INFO:root:Epoch no. 266 of 500 (samples: 70721)
INFO:root:Loss: 12.1108 +/- 0.2574
INFO:root:Epoch no. 267 of 500 (samples: 70721)
INFO:root:Loss: 12.0029 +/- 0.1856
INFO:root:Epoch no. 268 of 500 (samples: 70721)
INFO:root:Loss: 12.1851 +/- 0.2619
INFO:root:Epoch no. 269 of 500 (samples: 70721)
INFO:root:Loss: 12.1977 +/- 0.3021
INFO:root:Epoch no. 270 of 500 (samples: 70721)
INFO:root:Loss: 11.9738 +/- 0.2058
INFO:root:Epoch no. 271 of 500 (samples: 70721)
INFO:root:Loss: 12.1509 +/- 0.1667
INFO:root:Epoch no. 272 of 500 (samples: 70721)
INFO:root:Loss: 11.9157 +/- 0.2031
INFO:root:Epoch no. 273 of 500 (samples: 70721)
INFO:root:Loss: 11.9834 +/- 0.2973
INFO:root:Epoch no. 274 of 500 (samples: 70721)
INFO:root:Loss: 11.859 +/- 0.293
INFO:root:Epoch no. 275 of 500 (samples: 70721)
INFO:root:Loss: 11.9358 +/- 0.2041
INFO:root:Epoch no. 276 of 500 (samples: 70721)
INFO:root:Loss: 12.0187 +/- 0.2154
INFO:root:Epoch no. 277 of 500 (samples: 70721)
INFO:root:Loss: 11.9663 +/- 0.3501
INFO:root:Epoch no. 278 of 500 (samples: 70721)
INFO:root:Loss: 11.8352 +/- 0.2337
INFO:root:Epoch no. 279 of 500 (samples: 70721)
INFO:root:Loss: 11.9711 +/- 0.1953
INFO:root:Epoch no. 280 of 500 (samples: 70721)
INFO:root:Loss: 11.7868 +/- 0.1291
INFO:root:Epoch no. 281 of 500 (samples: 70721)
INFO:root:Loss: 11.7566 +/- 0.2239
INFO:root:Epoch no. 282 of 500 (samples: 70721)
INFO:root:Loss: 11.7859 +/- 0.2513
INFO:root:Epoch no. 283 of 500 (samples: 70721)
INFO:root:Loss: 11.7226 +/- 0.1858
INFO:root:Epoch no. 284 of 500 (samples: 70721)
INFO:root:Loss: 11.7271 +/- 0.1348
INFO:root:Epoch no. 285 of 500 (samples: 70721)
INFO:root:Loss: 11.7715 +/- 0.1766
INFO:root:Epoch no. 286 of 500 (samples: 70721)
INFO:root:Loss: 11.7072 +/- 0.2952
INFO:root:Epoch no. 287 of 500 (samples: 70721)
INFO:root:Loss: 11.7039 +/- 0.2218
INFO:root:Epoch no. 288 of 500 (samples: 70721)
INFO:root:Loss: 11.7107 +/- 0.2056
INFO:root:Epoch no. 289 of 500 (samples: 70721)
INFO:root:Loss: 11.6958 +/- 0.2319
INFO:root:Epoch no. 290 of 500 (samples: 70721)
INFO:root:Loss: 11.6131 +/- 0.2309
INFO:root:Epoch no. 291 of 500 (samples: 70721)
INFO:root:Loss: 11.6159 +/- 0.2952
INFO:root:Epoch no. 292 of 500 (samples: 70721)
INFO:root:Loss: 11.5555 +/- 0.2151
INFO:root:Epoch no. 293 of 500 (samples: 70721)
INFO:root:Loss: 11.5776 +/- 0.2346
INFO:root:Epoch no. 294 of 500 (samples: 70721)
INFO:root:Loss: 11.4902 +/- 0.203
INFO:root:Epoch no. 295 of 500 (samples: 70721)
INFO:root:Loss: 11.6277 +/- 0.1617
INFO:root:Epoch no. 296 of 500 (samples: 70721)
INFO:root:Loss: 11.5584 +/- 0.2739
INFO:root:Epoch no. 297 of 500 (samples: 70721)
INFO:root:Loss: 11.5655 +/- 0.214
INFO:root:Epoch no. 298 of 500 (samples: 70721)
INFO:root:Loss: 11.4589 +/- 0.1954
INFO:root:Epoch no. 299 of 500 (samples: 70721)
INFO:root:Loss: 11.4382 +/- 0.2917
INFO:root:Epoch no. 300 of 500 (samples: 70721)
INFO:root:Loss: 11.4807 +/- 0.197
INFO:root:Epoch no. 301 of 500 (samples: 70721)
INFO:root:Loss: 11.4693 +/- 0.2744
INFO:root:Epoch no. 302 of 500 (samples: 70721)
INFO:root:Loss: 11.517 +/- 0.2372
INFO:root:Epoch no. 303 of 500 (samples: 70721)
INFO:root:Loss: 11.4898 +/- 0.2122
INFO:root:Epoch no. 304 of 500 (samples: 70721)
INFO:root:Loss: 11.2521 +/- 0.1702
INFO:root:Epoch no. 305 of 500 (samples: 70721)
INFO:root:Loss: 11.2903 +/- 0.2726
INFO:root:Epoch no. 306 of 500 (samples: 70721)
INFO:root:Loss: 11.3734 +/- 0.215
INFO:root:Epoch no. 307 of 500 (samples: 70721)
INFO:root:Loss: 11.2537 +/- 0.2051
INFO:root:Epoch no. 308 of 500 (samples: 70721)
INFO:root:Loss: 11.377 +/- 0.2127
INFO:root:Epoch no. 309 of 500 (samples: 70721)
INFO:root:Loss: 11.2512 +/- 0.2263
INFO:root:Epoch no. 310 of 500 (samples: 70721)
INFO:root:Loss: 11.3742 +/- 0.2556
INFO:root:Epoch no. 311 of 500 (samples: 70721)
INFO:root:Loss: 11.3002 +/- 0.2179
INFO:root:Epoch no. 312 of 500 (samples: 70721)
INFO:root:Loss: 11.1826 +/- 0.2621
INFO:root:Epoch no. 313 of 500 (samples: 70721)
INFO:root:Loss: 11.1198 +/- 0.1931
INFO:root:Epoch no. 314 of 500 (samples: 70721)
INFO:root:Loss: 11.2731 +/- 0.2182
INFO:root:Epoch no. 315 of 500 (samples: 70721)
INFO:root:Loss: 11.2708 +/- 0.1491
INFO:root:Epoch no. 316 of 500 (samples: 70721)
INFO:root:Loss: 11.2922 +/- 0.1651
INFO:root:Epoch no. 317 of 500 (samples: 70721)
INFO:root:Loss: 11.157 +/- 0.2338
INFO:root:Epoch no. 318 of 500 (samples: 70721)
INFO:root:Loss: 11.1459 +/- 0.1507
INFO:root:Epoch no. 319 of 500 (samples: 70721)
INFO:root:Loss: 11.072 +/- 0.0885
INFO:root:Epoch no. 320 of 500 (samples: 70721)
INFO:root:Loss: 10.985 +/- 0.2437
INFO:root:Epoch no. 321 of 500 (samples: 70721)
INFO:root:Loss: 11.0473 +/- 0.1617
INFO:root:Epoch no. 322 of 500 (samples: 70721)
INFO:root:Loss: 11.0908 +/- 0.2208
INFO:root:Epoch no. 323 of 500 (samples: 70721)
INFO:root:Loss: 10.948 +/- 0.1368
INFO:root:Epoch no. 324 of 500 (samples: 70721)
INFO:root:Loss: 11.1536 +/- 0.2216
INFO:root:Epoch no. 325 of 500 (samples: 70721)
INFO:root:Loss: 11.1142 +/- 0.1891
INFO:root:Epoch no. 326 of 500 (samples: 70721)
INFO:root:Loss: 10.8672 +/- 0.1389
INFO:root:Epoch no. 327 of 500 (samples: 70721)
INFO:root:Loss: 10.8538 +/- 0.2945
INFO:root:Epoch no. 328 of 500 (samples: 70721)
INFO:root:Loss: 10.8996 +/- 0.2253
INFO:root:Epoch no. 329 of 500 (samples: 70721)
INFO:root:Loss: 11.1396 +/- 0.2578
INFO:root:Epoch no. 330 of 500 (samples: 70721)
INFO:root:Loss: 10.8975 +/- 0.2241
INFO:root:Epoch no. 331 of 500 (samples: 70721)
INFO:root:Loss: 10.8494 +/- 0.2429
INFO:root:Epoch no. 332 of 500 (samples: 70721)
INFO:root:Loss: 10.8527 +/- 0.2437
INFO:root:Epoch no. 333 of 500 (samples: 70721)
INFO:root:Loss: 10.8519 +/- 0.2481
INFO:root:Epoch no. 334 of 500 (samples: 70721)
INFO:root:Loss: 10.7563 +/- 0.162
INFO:root:Epoch no. 335 of 500 (samples: 70721)
INFO:root:Loss: 10.794 +/- 0.192
INFO:root:Epoch no. 336 of 500 (samples: 70721)
INFO:root:Loss: 10.8296 +/- 0.1764
INFO:root:Epoch no. 337 of 500 (samples: 70721)
INFO:root:Loss: 10.7608 +/- 0.1228
INFO:root:Epoch no. 338 of 500 (samples: 70721)
INFO:root:Loss: 10.7635 +/- 0.1137
INFO:root:Epoch no. 339 of 500 (samples: 70721)
INFO:root:Loss: 10.8359 +/- 0.2436
INFO:root:Epoch no. 340 of 500 (samples: 70721)
INFO:root:Loss: 10.7389 +/- 0.2156
INFO:root:Epoch no. 341 of 500 (samples: 70721)
INFO:root:Loss: 10.7136 +/- 0.1657
INFO:root:Epoch no. 342 of 500 (samples: 70721)
INFO:root:Loss: 10.7346 +/- 0.2579
INFO:root:Epoch no. 343 of 500 (samples: 70721)
INFO:root:Loss: 10.7048 +/- 0.2159
INFO:root:Epoch no. 344 of 500 (samples: 70721)
INFO:root:Loss: 10.6782 +/- 0.1743
INFO:root:Epoch no. 345 of 500 (samples: 70721)
INFO:root:Loss: 10.6746 +/- 0.2052
INFO:root:Epoch no. 346 of 500 (samples: 70721)
INFO:root:Loss: 10.6472 +/- 0.1808
INFO:root:Epoch no. 347 of 500 (samples: 70721)
INFO:root:Loss: 10.7548 +/- 0.1977
INFO:root:Epoch no. 348 of 500 (samples: 70721)
INFO:root:Loss: 10.7077 +/- 0.1851
INFO:root:Epoch no. 349 of 500 (samples: 70721)
INFO:root:Loss: 10.7771 +/- 0.1311
INFO:root:Epoch no. 350 of 500 (samples: 70721)
INFO:root:Loss: 10.6183 +/- 0.1327
INFO:root:Epoch no. 351 of 500 (samples: 70721)
INFO:root:Loss: 10.7196 +/- 0.2309
INFO:root:Epoch no. 352 of 500 (samples: 70721)
INFO:root:Loss: 10.6185 +/- 0.1613
INFO:root:Epoch no. 353 of 500 (samples: 70721)
INFO:root:Loss: 10.4137 +/- 0.2016
INFO:root:Epoch no. 354 of 500 (samples: 70721)
INFO:root:Loss: 10.4571 +/- 0.2357
INFO:root:Epoch no. 355 of 500 (samples: 70721)
INFO:root:Loss: 10.6221 +/- 0.1597
INFO:root:Epoch no. 356 of 500 (samples: 70721)
INFO:root:Loss: 10.522 +/- 0.2122
INFO:root:Epoch no. 357 of 500 (samples: 70721)
INFO:root:Loss: 10.4873 +/- 0.1494
INFO:root:Epoch no. 358 of 500 (samples: 70721)
INFO:root:Loss: 10.5361 +/- 0.2442
INFO:root:Epoch no. 359 of 500 (samples: 70721)
INFO:root:Loss: 10.4766 +/- 0.1674
INFO:root:Epoch no. 360 of 500 (samples: 70721)
INFO:root:Loss: 10.3328 +/- 0.2061
INFO:root:Epoch no. 361 of 500 (samples: 70721)
INFO:root:Loss: 10.46 +/- 0.2562
INFO:root:Epoch no. 362 of 500 (samples: 70721)
INFO:root:Loss: 10.5204 +/- 0.2193
INFO:root:Epoch no. 363 of 500 (samples: 70721)
INFO:root:Loss: 10.4554 +/- 0.2453
INFO:root:Epoch no. 364 of 500 (samples: 70721)
INFO:root:Loss: 10.474 +/- 0.146
INFO:root:Epoch no. 365 of 500 (samples: 70721)
INFO:root:Loss: 10.3616 +/- 0.1948
INFO:root:Epoch no. 366 of 500 (samples: 70721)
INFO:root:Loss: 10.4169 +/- 0.2018
INFO:root:Epoch no. 367 of 500 (samples: 70721)
INFO:root:Loss: 10.3365 +/- 0.1666
INFO:root:Epoch no. 368 of 500 (samples: 70721)
INFO:root:Loss: 10.3079 +/- 0.1799
INFO:root:Epoch no. 369 of 500 (samples: 70721)
INFO:root:Loss: 10.4139 +/- 0.2266
INFO:root:Epoch no. 370 of 500 (samples: 70721)
INFO:root:Loss: 10.4326 +/- 0.2213
INFO:root:Epoch no. 371 of 500 (samples: 70721)
INFO:root:Loss: 10.3405 +/- 0.2899
INFO:root:Epoch no. 372 of 500 (samples: 70721)
INFO:root:Loss: 10.2881 +/- 0.2291
INFO:root:Epoch no. 373 of 500 (samples: 70721)
INFO:root:Loss: 10.3068 +/- 0.1958
INFO:root:Epoch no. 374 of 500 (samples: 70721)
INFO:root:Loss: 10.2733 +/- 0.1964
INFO:root:Epoch no. 375 of 500 (samples: 70721)
INFO:root:Loss: 10.3136 +/- 0.2764
INFO:root:Epoch no. 376 of 500 (samples: 70721)
INFO:root:Loss: 10.2 +/- 0.1879
INFO:root:Epoch no. 377 of 500 (samples: 70721)
INFO:root:Loss: 10.1893 +/- 0.1921
INFO:root:Epoch no. 378 of 500 (samples: 70721)
INFO:root:Loss: 10.2205 +/- 0.204
INFO:root:Epoch no. 379 of 500 (samples: 70721)
INFO:root:Loss: 10.0879 +/- 0.2006
INFO:root:Epoch no. 380 of 500 (samples: 70721)
INFO:root:Loss: 10.1655 +/- 0.1185
INFO:root:Epoch no. 381 of 500 (samples: 70721)
INFO:root:Loss: 10.2635 +/- 0.2563
INFO:root:Epoch no. 382 of 500 (samples: 70721)
INFO:root:Loss: 10.1776 +/- 0.1992
INFO:root:Epoch no. 383 of 500 (samples: 70721)
INFO:root:Loss: 10.1376 +/- 0.2025
INFO:root:Epoch no. 384 of 500 (samples: 70721)
INFO:root:Loss: 10.266 +/- 0.2319
INFO:root:Epoch no. 385 of 500 (samples: 70721)
INFO:root:Loss: 10.2176 +/- 0.1913
INFO:root:Epoch no. 386 of 500 (samples: 70721)
INFO:root:Loss: 10.1285 +/- 0.2747
INFO:root:Epoch no. 387 of 500 (samples: 70721)
INFO:root:Loss: 10.1439 +/- 0.1321
INFO:root:Epoch no. 388 of 500 (samples: 70721)
INFO:root:Loss: 10.1016 +/- 0.1894
INFO:root:Epoch no. 389 of 500 (samples: 70721)
INFO:root:Loss: 10.0882 +/- 0.1289
INFO:root:Epoch no. 390 of 500 (samples: 70721)
INFO:root:Loss: 10.1324 +/- 0.1603
INFO:root:Epoch no. 391 of 500 (samples: 70721)
INFO:root:Loss: 10.1763 +/- 0.135
INFO:root:Epoch no. 392 of 500 (samples: 70721)
INFO:root:Loss: 9.9993 +/- 0.2849
INFO:root:Epoch no. 393 of 500 (samples: 70721)
INFO:root:Loss: 10.1032 +/- 0.2581
INFO:root:Epoch no. 394 of 500 (samples: 70721)
INFO:root:Loss: 9.9983 +/- 0.2176
INFO:root:Epoch no. 395 of 500 (samples: 70721)
INFO:root:Loss: 10.1073 +/- 0.212
INFO:root:Epoch no. 396 of 500 (samples: 70721)
INFO:root:Loss: 10.1148 +/- 0.1771
INFO:root:Epoch no. 397 of 500 (samples: 70721)
INFO:root:Loss: 10.0468 +/- 0.2901
INFO:root:Epoch no. 398 of 500 (samples: 70721)
INFO:root:Loss: 10.071 +/- 0.2974
INFO:root:Epoch no. 399 of 500 (samples: 70721)
INFO:root:Loss: 10.0764 +/- 0.1783
INFO:root:Epoch no. 400 of 500 (samples: 70721)
INFO:root:Loss: 9.9564 +/- 0.1222
INFO:root:Epoch no. 401 of 500 (samples: 70721)
INFO:root:Loss: 9.8697 +/- 0.2583
INFO:root:Epoch no. 402 of 500 (samples: 70721)
INFO:root:Loss: 9.9017 +/- 0.1266
INFO:root:Epoch no. 403 of 500 (samples: 70721)
INFO:root:Loss: 9.9481 +/- 0.1583
INFO:root:Epoch no. 404 of 500 (samples: 70721)
INFO:root:Loss: 9.9138 +/- 0.2108
INFO:root:Epoch no. 405 of 500 (samples: 70721)
INFO:root:Loss: 9.8538 +/- 0.1924
INFO:root:Epoch no. 406 of 500 (samples: 70721)
INFO:root:Loss: 9.9189 +/- 0.2461
INFO:root:Epoch no. 407 of 500 (samples: 70721)
INFO:root:Loss: 9.8506 +/- 0.2022
INFO:root:Epoch no. 408 of 500 (samples: 70721)
INFO:root:Loss: 9.8036 +/- 0.1345
INFO:root:Epoch no. 409 of 500 (samples: 70721)
INFO:root:Loss: 9.7292 +/- 0.107
INFO:root:Epoch no. 410 of 500 (samples: 70721)
INFO:root:Loss: 9.9619 +/- 0.1611
INFO:root:Epoch no. 411 of 500 (samples: 70721)
INFO:root:Loss: 9.8612 +/- 0.1837
INFO:root:Epoch no. 412 of 500 (samples: 70721)
INFO:root:Loss: 9.9498 +/- 0.1698
INFO:root:Epoch no. 413 of 500 (samples: 70721)
INFO:root:Loss: 9.9548 +/- 0.275
INFO:root:Epoch no. 414 of 500 (samples: 70721)
INFO:root:Loss: 9.8498 +/- 0.1777
INFO:root:Epoch no. 415 of 500 (samples: 70721)
INFO:root:Loss: 9.8221 +/- 0.2241
INFO:root:Epoch no. 416 of 500 (samples: 70721)
INFO:root:Loss: 9.7975 +/- 0.2041
INFO:root:Epoch no. 417 of 500 (samples: 70721)
INFO:root:Loss: 9.748 +/- 0.2189
INFO:root:Epoch no. 418 of 500 (samples: 70721)
INFO:root:Loss: 9.8506 +/- 0.2211
INFO:root:Epoch no. 419 of 500 (samples: 70721)
INFO:root:Loss: 9.7027 +/- 0.2033
INFO:root:Epoch no. 420 of 500 (samples: 70721)
INFO:root:Loss: 9.692 +/- 0.1439
INFO:root:Epoch no. 421 of 500 (samples: 70721)
INFO:root:Loss: 9.573 +/- 0.1826
INFO:root:Epoch no. 422 of 500 (samples: 70721)
INFO:root:Loss: 9.6835 +/- 0.2394
INFO:root:Epoch no. 423 of 500 (samples: 70721)
INFO:root:Loss: 9.7173 +/- 0.2373
INFO:root:Epoch no. 424 of 500 (samples: 70721)
INFO:root:Loss: 9.7432 +/- 0.3185
INFO:root:Epoch no. 425 of 500 (samples: 70721)
INFO:root:Loss: 9.74 +/- 0.1682
INFO:root:Epoch no. 426 of 500 (samples: 70721)
INFO:root:Loss: 9.5621 +/- 0.248
INFO:root:Epoch no. 427 of 500 (samples: 70721)
INFO:root:Loss: 9.7047 +/- 0.2438
INFO:root:Epoch no. 428 of 500 (samples: 70721)
INFO:root:Loss: 9.6198 +/- 0.1794
INFO:root:Epoch no. 429 of 500 (samples: 70721)
INFO:root:Loss: 9.6149 +/- 0.168
INFO:root:Epoch no. 430 of 500 (samples: 70721)
INFO:root:Loss: 9.6756 +/- 0.1902
INFO:root:Epoch no. 431 of 500 (samples: 70721)
INFO:root:Loss: 9.5969 +/- 0.2685
INFO:root:Epoch no. 432 of 500 (samples: 70721)
INFO:root:Loss: 9.6145 +/- 0.2198
INFO:root:Epoch no. 433 of 500 (samples: 70721)
INFO:root:Loss: 9.4907 +/- 0.2138
INFO:root:Epoch no. 434 of 500 (samples: 70721)
INFO:root:Loss: 9.6072 +/- 0.2423
INFO:root:Epoch no. 435 of 500 (samples: 70721)
INFO:root:Loss: 9.6749 +/- 0.2333
INFO:root:Epoch no. 436 of 500 (samples: 70721)
INFO:root:Loss: 9.6553 +/- 0.1877
INFO:root:Epoch no. 437 of 500 (samples: 70721)
INFO:root:Loss: 9.5127 +/- 0.0889
INFO:root:Epoch no. 438 of 500 (samples: 70721)
INFO:root:Loss: 9.6511 +/- 0.1793
INFO:root:Epoch no. 439 of 500 (samples: 70721)
INFO:root:Loss: 9.5345 +/- 0.2353
INFO:root:Epoch no. 440 of 500 (samples: 70721)
INFO:root:Loss: 9.4979 +/- 0.1978
INFO:root:Epoch no. 441 of 500 (samples: 70721)
INFO:root:Loss: 9.6599 +/- 0.2406
INFO:root:Epoch no. 442 of 500 (samples: 70721)
INFO:root:Loss: 9.4521 +/- 0.1034
INFO:root:Epoch no. 443 of 500 (samples: 70721)
INFO:root:Loss: 9.5309 +/- 0.2547
INFO:root:Epoch no. 444 of 500 (samples: 70721)
INFO:root:Loss: 9.5969 +/- 0.2802
INFO:root:Epoch no. 445 of 500 (samples: 70721)
INFO:root:Loss: 9.5725 +/- 0.1898
INFO:root:Epoch no. 446 of 500 (samples: 70721)
INFO:root:Loss: 9.5305 +/- 0.2183
INFO:root:Epoch no. 447 of 500 (samples: 70721)
INFO:root:Loss: 9.4796 +/- 0.2708
INFO:root:Epoch no. 448 of 500 (samples: 70721)
INFO:root:Loss: 9.4775 +/- 0.1829
INFO:root:Epoch no. 449 of 500 (samples: 70721)
INFO:root:Loss: 9.5016 +/- 0.1523
INFO:root:Epoch no. 450 of 500 (samples: 70721)
INFO:root:Loss: 9.4864 +/- 0.2177
INFO:root:Epoch no. 451 of 500 (samples: 70721)
INFO:root:Loss: 9.4689 +/- 0.25
INFO:root:Epoch no. 452 of 500 (samples: 70721)
INFO:root:Loss: 9.4239 +/- 0.2446
INFO:root:Epoch no. 453 of 500 (samples: 70721)
INFO:root:Loss: 9.4686 +/- 0.1929
INFO:root:Epoch no. 454 of 500 (samples: 70721)
INFO:root:Loss: 9.3336 +/- 0.1665
INFO:root:Epoch no. 455 of 500 (samples: 70721)
INFO:root:Loss: 9.3428 +/- 0.2565
INFO:root:Epoch no. 456 of 500 (samples: 70721)
INFO:root:Loss: 9.2996 +/- 0.2078
INFO:root:Epoch no. 457 of 500 (samples: 70721)
INFO:root:Loss: 9.3048 +/- 0.263
INFO:root:Epoch no. 458 of 500 (samples: 70721)
INFO:root:Loss: 9.3468 +/- 0.2483
INFO:root:Epoch no. 459 of 500 (samples: 70721)
INFO:root:Loss: 9.3782 +/- 0.1747
INFO:root:Epoch no. 460 of 500 (samples: 70721)
INFO:root:Loss: 9.3203 +/- 0.1304
INFO:root:Epoch no. 461 of 500 (samples: 70721)
INFO:root:Loss: 9.4653 +/- 0.159
INFO:root:Epoch no. 462 of 500 (samples: 70721)
INFO:root:Loss: 9.3158 +/- 0.1949
INFO:root:Epoch no. 463 of 500 (samples: 70721)
INFO:root:Loss: 9.2918 +/- 0.3169
INFO:root:Epoch no. 464 of 500 (samples: 70721)
INFO:root:Loss: 9.2175 +/- 0.2147
INFO:root:Epoch no. 465 of 500 (samples: 70721)
INFO:root:Loss: 9.2792 +/- 0.2324
INFO:root:Epoch no. 466 of 500 (samples: 70721)
INFO:root:Loss: 9.387 +/- 0.2283
INFO:root:Epoch no. 467 of 500 (samples: 70721)
INFO:root:Loss: 9.3789 +/- 0.2209
INFO:root:Epoch no. 468 of 500 (samples: 70721)
INFO:root:Loss: 9.302 +/- 0.1642
INFO:root:Epoch no. 469 of 500 (samples: 70721)
INFO:root:Loss: 9.2064 +/- 0.1976
INFO:root:Epoch no. 470 of 500 (samples: 70721)
INFO:root:Loss: 9.1316 +/- 0.1983
INFO:root:Epoch no. 471 of 500 (samples: 70721)
INFO:root:Loss: 9.2498 +/- 0.2465
INFO:root:Epoch no. 472 of 500 (samples: 70721)
INFO:root:Loss: 9.1665 +/- 0.1356
INFO:root:Epoch no. 473 of 500 (samples: 70721)
INFO:root:Loss: 9.1356 +/- 0.2042
INFO:root:Epoch no. 474 of 500 (samples: 70721)
INFO:root:Loss: 9.0845 +/- 0.1855
INFO:root:Epoch no. 475 of 500 (samples: 70721)
INFO:root:Loss: 9.2787 +/- 0.257
INFO:root:Epoch no. 476 of 500 (samples: 70721)
INFO:root:Loss: 9.2316 +/- 0.1881
INFO:root:Epoch no. 477 of 500 (samples: 70721)
INFO:root:Loss: 9.1354 +/- 0.1638
INFO:root:Epoch no. 478 of 500 (samples: 70721)
INFO:root:Loss: 9.2024 +/- 0.2082
INFO:root:Epoch no. 479 of 500 (samples: 70721)
INFO:root:Loss: 9.159 +/- 0.3094
INFO:root:Epoch no. 480 of 500 (samples: 70721)
INFO:root:Loss: 9.1484 +/- 0.216
INFO:root:Epoch no. 481 of 500 (samples: 70721)
INFO:root:Loss: 9.1361 +/- 0.1567
INFO:root:Epoch no. 482 of 500 (samples: 70721)
INFO:root:Loss: 9.1345 +/- 0.1322
INFO:root:Epoch no. 483 of 500 (samples: 70721)
INFO:root:Loss: 9.1248 +/- 0.0998
INFO:root:Epoch no. 484 of 500 (samples: 70721)
INFO:root:Loss: 9.1248 +/- 0.1546
INFO:root:Epoch no. 485 of 500 (samples: 70721)
INFO:root:Loss: 9.1526 +/- 0.3034
INFO:root:Epoch no. 486 of 500 (samples: 70721)
INFO:root:Loss: 9.1102 +/- 0.1795
INFO:root:Epoch no. 487 of 500 (samples: 70721)
INFO:root:Loss: 9.1129 +/- 0.1301
INFO:root:Epoch no. 488 of 500 (samples: 70721)
INFO:root:Loss: 9.0955 +/- 0.1437
INFO:root:Epoch no. 489 of 500 (samples: 70721)
INFO:root:Loss: 9.0829 +/- 0.1973
INFO:root:Epoch no. 490 of 500 (samples: 70721)
INFO:root:Loss: 9.0702 +/- 0.2512
INFO:root:Epoch no. 491 of 500 (samples: 70721)
INFO:root:Loss: 9.0504 +/- 0.2168
INFO:root:Epoch no. 492 of 500 (samples: 70721)
INFO:root:Loss: 9.0427 +/- 0.1688
INFO:root:Epoch no. 493 of 500 (samples: 70721)
INFO:root:Loss: 9.0651 +/- 0.183
INFO:root:Epoch no. 494 of 500 (samples: 70721)
INFO:root:Loss: 9.1339 +/- 0.1125
INFO:root:Epoch no. 495 of 500 (samples: 70721)
INFO:root:Loss: 9.0826 +/- 0.2482
INFO:root:Epoch no. 496 of 500 (samples: 70721)
INFO:root:Loss: 9.136 +/- 0.1755
INFO:root:Epoch no. 497 of 500 (samples: 70721)
INFO:root:Loss: 9.0947 +/- 0.2211
INFO:root:Epoch no. 498 of 500 (samples: 70721)
INFO:root:Loss: 9.0019 +/- 0.1858
INFO:root:Epoch no. 499 of 500 (samples: 70721)
INFO:root:Loss: 8.8945 +/- 0.1554
INFO:root:Epoch no. 500 of 500 (samples: 70721)
INFO:root:Loss: 9.1735 +/- 0.1442
/usr/local/lib/python3.5/dist-packages/keras/backend/theano_backend.py:517: UserWarning: theano.function was asked to create a function computing outputs given certain inputs, but the provided input variable at index 2 is not part of the computational graph needed to compute the outputs: keras_learning_phase.
To make this warning into an error, you can pass the parameter on_unused_input='raise' to theano.function. To disable it completely, use on_unused_input='ignore'.
  **kwargs)
INFO:root:### MICRO (validation raw):
INFO:root:	-- left   >> mean: 8546.4428, median: 2363.0, mrr: 0.067, hits@1: 3.64%
INFO:root:	-- right  >> mean: 8070.3326, median: 2014.5, mrr: 0.065, hits@1: 3.04%
INFO:root:	-- global >> mean: 8308.3877, median: 2173.0, mrr: 0.066, hits@1: 3.34%
INFO:root:### MICRO (validation raw):
INFO:root:	-- left   >> mean: 8546.4428, median: 2363.0, mrr: 0.067, hits@3: 7.3%
INFO:root:	-- right  >> mean: 8070.3326, median: 2014.5, mrr: 0.065, hits@3: 7.44%
INFO:root:	-- global >> mean: 8308.3877, median: 2173.0, mrr: 0.066, hits@3: 7.37%
INFO:root:### MICRO (validation raw):
INFO:root:	-- left   >> mean: 8546.4428, median: 2363.0, mrr: 0.067, hits@5: 9.82%
INFO:root:	-- right  >> mean: 8070.3326, median: 2014.5, mrr: 0.065, hits@5: 9.94%
INFO:root:	-- global >> mean: 8308.3877, median: 2173.0, mrr: 0.066, hits@5: 9.88%
INFO:root:### MICRO (validation raw):
INFO:root:	-- left   >> mean: 8546.4428, median: 2363.0, mrr: 0.067, hits@10: 13.1%
INFO:root:	-- right  >> mean: 8070.3326, median: 2014.5, mrr: 0.065, hits@10: 13.54%
INFO:root:	-- global >> mean: 8308.3877, median: 2173.0, mrr: 0.066, hits@10: 13.32%
INFO:root:### MICRO (validation filtered):
INFO:root:	-- left   >> mean: 8537.8638, median: 2340.0, mrr: 0.073, hits@1: 4.1%
INFO:root:	-- right  >> mean: 8061.6578, median: 1986.5, mrr: 0.071, hits@1: 3.58%
INFO:root:	-- global >> mean: 8299.7608, median: 2161.5, mrr: 0.072, hits@1: 3.84%
INFO:root:### MICRO (validation filtered):
INFO:root:	-- left   >> mean: 8537.8638, median: 2340.0, mrr: 0.073, hits@3: 7.92%
INFO:root:	-- right  >> mean: 8061.6578, median: 1986.5, mrr: 0.071, hits@3: 8.18%
INFO:root:	-- global >> mean: 8299.7608, median: 2161.5, mrr: 0.072, hits@3: 8.05%
INFO:root:### MICRO (validation filtered):
INFO:root:	-- left   >> mean: 8537.8638, median: 2340.0, mrr: 0.073, hits@5: 10.44%
INFO:root:	-- right  >> mean: 8061.6578, median: 1986.5, mrr: 0.071, hits@5: 10.62%
INFO:root:	-- global >> mean: 8299.7608, median: 2161.5, mrr: 0.072, hits@5: 10.53%
INFO:root:### MICRO (validation filtered):
INFO:root:	-- left   >> mean: 8537.8638, median: 2340.0, mrr: 0.073, hits@10: 13.56%
INFO:root:	-- right  >> mean: 8061.6578, median: 1986.5, mrr: 0.071, hits@10: 14.08%
INFO:root:	-- global >> mean: 8299.7608, median: 2161.5, mrr: 0.072, hits@10: 13.82%
INFO:root:### MICRO (test raw):
INFO:root:	-- left   >> mean: 9013.3088, median: 2759.0, mrr: 0.059, hits@1: 2.86%
INFO:root:	-- right  >> mean: 7726.1208, median: 2005.5, mrr: 0.071, hits@1: 3.78%
INFO:root:	-- global >> mean: 8369.7148, median: 2342.5, mrr: 0.065, hits@1: 3.32%
INFO:root:### MICRO (test raw):
INFO:root:	-- left   >> mean: 9013.3088, median: 2759.0, mrr: 0.059, hits@3: 6.66%
INFO:root:	-- right  >> mean: 7726.1208, median: 2005.5, mrr: 0.071, hits@3: 7.86%
INFO:root:	-- global >> mean: 8369.7148, median: 2342.5, mrr: 0.065, hits@3: 7.26%
INFO:root:### MICRO (test raw):
INFO:root:	-- left   >> mean: 9013.3088, median: 2759.0, mrr: 0.059, hits@5: 8.56%
INFO:root:	-- right  >> mean: 7726.1208, median: 2005.5, mrr: 0.071, hits@5: 10.08%
INFO:root:	-- global >> mean: 8369.7148, median: 2342.5, mrr: 0.065, hits@5: 9.32%
INFO:root:### MICRO (test raw):
INFO:root:	-- left   >> mean: 9013.3088, median: 2759.0, mrr: 0.059, hits@10: 11.76%
INFO:root:	-- right  >> mean: 7726.1208, median: 2005.5, mrr: 0.071, hits@10: 13.7%
INFO:root:	-- global >> mean: 8369.7148, median: 2342.5, mrr: 0.065, hits@10: 12.73%
INFO:root:### MICRO (test filtered):
INFO:root:	-- left   >> mean: 9004.2696, median: 2757.0, mrr: 0.064, hits@1: 3.3%
INFO:root:	-- right  >> mean: 7717.897, median: 1983.0, mrr: 0.076, hits@1: 4.36%
INFO:root:	-- global >> mean: 8361.0833, median: 2335.0, mrr: 0.07, hits@1: 3.83%
INFO:root:### MICRO (test filtered):
INFO:root:	-- left   >> mean: 9004.2696, median: 2757.0, mrr: 0.064, hits@3: 7.12%
INFO:root:	-- right  >> mean: 7717.897, median: 1983.0, mrr: 0.076, hits@3: 8.4%
INFO:root:	-- global >> mean: 8361.0833, median: 2335.0, mrr: 0.07, hits@3: 7.76%
INFO:root:### MICRO (test filtered):
INFO:root:	-- left   >> mean: 9004.2696, median: 2757.0, mrr: 0.064, hits@5: 8.96%
INFO:root:	-- right  >> mean: 7717.897, median: 1983.0, mrr: 0.076, hits@5: 10.76%
INFO:root:	-- global >> mean: 8361.0833, median: 2335.0, mrr: 0.07, hits@5: 9.86%
INFO:root:### MICRO (test filtered):
INFO:root:	-- left   >> mean: 9004.2696, median: 2757.0, mrr: 0.064, hits@10: 12.36%
INFO:root:	-- right  >> mean: 7717.897, median: 1983.0, mrr: 0.076, hits@10: 14.02%
INFO:root:	-- global >> mean: 8361.0833, median: 2335.0, mrr: 0.07, hits@10: 13.19%
