Using Theano backend.
INFO:root:Acquiring data/wn18/wordnet-mlj12-train.txt ..
INFO:root:Acquiring data/wn18/wordnet-mlj12-valid.txt ..
INFO:root:Acquiring data/wn18/wordnet-mlj12-test.txt ..
INFO:root:[Rules] Adding Head: 15, Tail: [(10, True)]
INFO:root:[Rules] Adding Head: 12, Tail: [(17, True)]
INFO:root:[Rules] Adding Head: 4, Tail: [(5, True)]
INFO:root:[Rules] Adding Head: 13, Tail: [(3, True)]
INFO:root:[Rules] Adding Head: 5, Tail: [(4, True)]
INFO:root:[Rules] Adding Head: 16, Tail: [(11, True)]
INFO:root:[Rules] Adding Head: 17, Tail: [(12, True)]
INFO:root:[Rules] Adding Head: 11, Tail: [(16, True)]
INFO:root:[Rules] Adding Head: 8, Tail: [(9, True)]
INFO:root:[Rules] Adding Head: 2, Tail: [(2, True)]
INFO:root:Samples: 99009, no. batches: 10 -> batch size: 9901
INFO:root:Epoch no. 1 of 500 (samples: 99009)
INFO:root:Loss: 578.661 +/- 87.0313
INFO:root:Epoch no. 2 of 500 (samples: 99009)
INFO:root:Loss: 364.8756 +/- 7.5397
INFO:root:Epoch no. 3 of 500 (samples: 99009)
INFO:root:Loss: 269.9996 +/- 2.5791
INFO:root:Epoch no. 4 of 500 (samples: 99009)
INFO:root:Loss: 213.3134 +/- 4.8474
INFO:root:Epoch no. 5 of 500 (samples: 99009)
INFO:root:Loss: 175.0035 +/- 6.3905
INFO:root:Epoch no. 6 of 500 (samples: 99009)
INFO:root:Loss: 147.2063 +/- 7.1623
INFO:root:Epoch no. 7 of 500 (samples: 99009)
INFO:root:Loss: 127.2088 +/- 6.9504
INFO:root:Epoch no. 8 of 500 (samples: 99009)
INFO:root:Loss: 112.8319 +/- 6.3707
INFO:root:Epoch no. 9 of 500 (samples: 99009)
INFO:root:Loss: 101.1625 +/- 6.225
INFO:root:Epoch no. 10 of 500 (samples: 99009)
INFO:root:Loss: 92.5775 +/- 5.6929
INFO:root:Epoch no. 11 of 500 (samples: 99009)
INFO:root:Loss: 85.6035 +/- 6.0792
INFO:root:Epoch no. 12 of 500 (samples: 99009)
INFO:root:Loss: 80.3393 +/- 5.836
INFO:root:Epoch no. 13 of 500 (samples: 99009)
INFO:root:Loss: 75.3939 +/- 4.9242
INFO:root:Epoch no. 14 of 500 (samples: 99009)
INFO:root:Loss: 71.9804 +/- 4.9495
INFO:root:Epoch no. 15 of 500 (samples: 99009)
INFO:root:Loss: 68.8385 +/- 4.3922
INFO:root:Epoch no. 16 of 500 (samples: 99009)
INFO:root:Loss: 65.9985 +/- 4.5685
INFO:root:Epoch no. 17 of 500 (samples: 99009)
INFO:root:Loss: 63.3549 +/- 4.831
INFO:root:Epoch no. 18 of 500 (samples: 99009)
INFO:root:Loss: 61.2196 +/- 3.9485
INFO:root:Epoch no. 19 of 500 (samples: 99009)
INFO:root:Loss: 59.2862 +/- 4.2115
INFO:root:Epoch no. 20 of 500 (samples: 99009)
INFO:root:Loss: 57.6281 +/- 3.8743
INFO:root:Epoch no. 21 of 500 (samples: 99009)
INFO:root:Loss: 56.0903 +/- 3.3247
INFO:root:Epoch no. 22 of 500 (samples: 99009)
INFO:root:Loss: 54.3205 +/- 3.2274
INFO:root:Epoch no. 23 of 500 (samples: 99009)
INFO:root:Loss: 53.1683 +/- 3.4592
INFO:root:Epoch no. 24 of 500 (samples: 99009)
INFO:root:Loss: 52.1884 +/- 3.0856
INFO:root:Epoch no. 25 of 500 (samples: 99009)
INFO:root:Loss: 51.0609 +/- 3.1624
INFO:root:Epoch no. 26 of 500 (samples: 99009)
INFO:root:Loss: 50.1129 +/- 2.7538
INFO:root:Epoch no. 27 of 500 (samples: 99009)
INFO:root:Loss: 48.662 +/- 2.7122
INFO:root:Epoch no. 28 of 500 (samples: 99009)
INFO:root:Loss: 48.1408 +/- 2.6571
INFO:root:Epoch no. 29 of 500 (samples: 99009)
INFO:root:Loss: 47.3759 +/- 3.5696
INFO:root:Epoch no. 30 of 500 (samples: 99009)
INFO:root:Loss: 46.2698 +/- 2.5021
INFO:root:Epoch no. 31 of 500 (samples: 99009)
INFO:root:Loss: 45.448 +/- 2.8061
INFO:root:Epoch no. 32 of 500 (samples: 99009)
INFO:root:Loss: 44.9066 +/- 2.4916
INFO:root:Epoch no. 33 of 500 (samples: 99009)
INFO:root:Loss: 43.8746 +/- 3.1446
INFO:root:Epoch no. 34 of 500 (samples: 99009)
INFO:root:Loss: 43.5318 +/- 3.1494
INFO:root:Epoch no. 35 of 500 (samples: 99009)
INFO:root:Loss: 42.7522 +/- 2.7075
INFO:root:Epoch no. 36 of 500 (samples: 99009)
INFO:root:Loss: 42.3284 +/- 2.7294
INFO:root:Epoch no. 37 of 500 (samples: 99009)
INFO:root:Loss: 41.8309 +/- 2.3338
INFO:root:Epoch no. 38 of 500 (samples: 99009)
INFO:root:Loss: 41.2434 +/- 2.5486
INFO:root:Epoch no. 39 of 500 (samples: 99009)
INFO:root:Loss: 40.5786 +/- 2.6678
INFO:root:Epoch no. 40 of 500 (samples: 99009)
INFO:root:Loss: 40.3233 +/- 2.4788
INFO:root:Epoch no. 41 of 500 (samples: 99009)
INFO:root:Loss: 40.079 +/- 2.4144
INFO:root:Epoch no. 42 of 500 (samples: 99009)
INFO:root:Loss: 39.3985 +/- 2.5246
INFO:root:Epoch no. 43 of 500 (samples: 99009)
INFO:root:Loss: 39.0602 +/- 2.1768
INFO:root:Epoch no. 44 of 500 (samples: 99009)
INFO:root:Loss: 38.4939 +/- 2.1204
INFO:root:Epoch no. 45 of 500 (samples: 99009)
INFO:root:Loss: 38.4077 +/- 2.5204
INFO:root:Epoch no. 46 of 500 (samples: 99009)
INFO:root:Loss: 38.1816 +/- 2.2167
INFO:root:Epoch no. 47 of 500 (samples: 99009)
INFO:root:Loss: 37.5057 +/- 2.0838
INFO:root:Epoch no. 48 of 500 (samples: 99009)
INFO:root:Loss: 37.5799 +/- 2.151
INFO:root:Epoch no. 49 of 500 (samples: 99009)
INFO:root:Loss: 37.0479 +/- 2.3202
INFO:root:Epoch no. 50 of 500 (samples: 99009)
INFO:root:Loss: 36.6619 +/- 2.2647
INFO:root:Epoch no. 51 of 500 (samples: 99009)
INFO:root:Loss: 36.3114 +/- 2.0546
INFO:root:Epoch no. 52 of 500 (samples: 99009)
INFO:root:Loss: 36.1619 +/- 2.2042
INFO:root:Epoch no. 53 of 500 (samples: 99009)
INFO:root:Loss: 35.5951 +/- 1.6581
INFO:root:Epoch no. 54 of 500 (samples: 99009)
INFO:root:Loss: 35.4671 +/- 2.2596
INFO:root:Epoch no. 55 of 500 (samples: 99009)
INFO:root:Loss: 35.3134 +/- 1.8739
INFO:root:Epoch no. 56 of 500 (samples: 99009)
INFO:root:Loss: 34.9926 +/- 2.1021
INFO:root:Epoch no. 57 of 500 (samples: 99009)
INFO:root:Loss: 34.8171 +/- 1.9496
INFO:root:Epoch no. 58 of 500 (samples: 99009)
INFO:root:Loss: 34.5419 +/- 1.7048
INFO:root:Epoch no. 59 of 500 (samples: 99009)
INFO:root:Loss: 34.3643 +/- 1.3812
INFO:root:Epoch no. 60 of 500 (samples: 99009)
INFO:root:Loss: 34.1682 +/- 1.7433
INFO:root:Epoch no. 61 of 500 (samples: 99009)
INFO:root:Loss: 33.7262 +/- 1.3764
INFO:root:Epoch no. 62 of 500 (samples: 99009)
INFO:root:Loss: 33.9874 +/- 1.8208
INFO:root:Epoch no. 63 of 500 (samples: 99009)
INFO:root:Loss: 33.5717 +/- 1.9336
INFO:root:Epoch no. 64 of 500 (samples: 99009)
INFO:root:Loss: 33.4389 +/- 1.6163
INFO:root:Epoch no. 65 of 500 (samples: 99009)
INFO:root:Loss: 33.2568 +/- 1.7764
INFO:root:Epoch no. 66 of 500 (samples: 99009)
INFO:root:Loss: 33.0561 +/- 1.6621
INFO:root:Epoch no. 67 of 500 (samples: 99009)
INFO:root:Loss: 32.8209 +/- 1.7777
INFO:root:Epoch no. 68 of 500 (samples: 99009)
INFO:root:Loss: 32.6507 +/- 1.5461
INFO:root:Epoch no. 69 of 500 (samples: 99009)
INFO:root:Loss: 32.5244 +/- 1.8666
INFO:root:Epoch no. 70 of 500 (samples: 99009)
INFO:root:Loss: 32.5219 +/- 1.7473
INFO:root:Epoch no. 71 of 500 (samples: 99009)
INFO:root:Loss: 32.4738 +/- 1.6846
INFO:root:Epoch no. 72 of 500 (samples: 99009)
INFO:root:Loss: 32.0329 +/- 1.7383
INFO:root:Epoch no. 73 of 500 (samples: 99009)
INFO:root:Loss: 32.2437 +/- 1.8244
INFO:root:Epoch no. 74 of 500 (samples: 99009)
INFO:root:Loss: 31.8275 +/- 1.4273
INFO:root:Epoch no. 75 of 500 (samples: 99009)
INFO:root:Loss: 31.9332 +/- 1.7122
INFO:root:Epoch no. 76 of 500 (samples: 99009)
INFO:root:Loss: 31.6719 +/- 1.622
INFO:root:Epoch no. 77 of 500 (samples: 99009)
INFO:root:Loss: 31.4102 +/- 1.5441
INFO:root:Epoch no. 78 of 500 (samples: 99009)
INFO:root:Loss: 31.3664 +/- 1.867
INFO:root:Epoch no. 79 of 500 (samples: 99009)
INFO:root:Loss: 31.2956 +/- 1.6138
INFO:root:Epoch no. 80 of 500 (samples: 99009)
INFO:root:Loss: 31.7469 +/- 1.7163
INFO:root:Epoch no. 81 of 500 (samples: 99009)
INFO:root:Loss: 31.215 +/- 1.8069
INFO:root:Epoch no. 82 of 500 (samples: 99009)
INFO:root:Loss: 31.0766 +/- 1.5129
INFO:root:Epoch no. 83 of 500 (samples: 99009)
INFO:root:Loss: 31.1312 +/- 1.8626
INFO:root:Epoch no. 84 of 500 (samples: 99009)
INFO:root:Loss: 30.838 +/- 1.6408
INFO:root:Epoch no. 85 of 500 (samples: 99009)
INFO:root:Loss: 31.0507 +/- 1.5466
INFO:root:Epoch no. 86 of 500 (samples: 99009)
INFO:root:Loss: 30.6506 +/- 1.4457
INFO:root:Epoch no. 87 of 500 (samples: 99009)
INFO:root:Loss: 30.4473 +/- 1.0763
INFO:root:Epoch no. 88 of 500 (samples: 99009)
INFO:root:Loss: 30.5744 +/- 1.6002
INFO:root:Epoch no. 89 of 500 (samples: 99009)
INFO:root:Loss: 30.4093 +/- 1.297
INFO:root:Epoch no. 90 of 500 (samples: 99009)
INFO:root:Loss: 30.4369 +/- 1.4079
INFO:root:Epoch no. 91 of 500 (samples: 99009)
INFO:root:Loss: 30.4312 +/- 1.2496
INFO:root:Epoch no. 92 of 500 (samples: 99009)
INFO:root:Loss: 30.3895 +/- 1.7124
INFO:root:Epoch no. 93 of 500 (samples: 99009)
INFO:root:Loss: 30.2474 +/- 1.4174
INFO:root:Epoch no. 94 of 500 (samples: 99009)
INFO:root:Loss: 30.1273 +/- 1.5714
INFO:root:Epoch no. 95 of 500 (samples: 99009)
INFO:root:Loss: 29.7321 +/- 1.5196
INFO:root:Epoch no. 96 of 500 (samples: 99009)
INFO:root:Loss: 30.0024 +/- 1.3022
INFO:root:Epoch no. 97 of 500 (samples: 99009)
INFO:root:Loss: 29.9035 +/- 1.2282
INFO:root:Epoch no. 98 of 500 (samples: 99009)
INFO:root:Loss: 29.7107 +/- 1.591
INFO:root:Epoch no. 99 of 500 (samples: 99009)
INFO:root:Loss: 29.4955 +/- 1.0369
INFO:root:Epoch no. 100 of 500 (samples: 99009)
INFO:root:Loss: 29.493 +/- 1.5511
INFO:root:Epoch no. 101 of 500 (samples: 99009)
INFO:root:Loss: 29.3254 +/- 1.7531
INFO:root:Epoch no. 102 of 500 (samples: 99009)
INFO:root:Loss: 29.7022 +/- 1.5887
INFO:root:Epoch no. 103 of 500 (samples: 99009)
INFO:root:Loss: 29.5674 +/- 1.5049
INFO:root:Epoch no. 104 of 500 (samples: 99009)
INFO:root:Loss: 29.3068 +/- 1.2649
INFO:root:Epoch no. 105 of 500 (samples: 99009)
INFO:root:Loss: 29.3814 +/- 1.608
INFO:root:Epoch no. 106 of 500 (samples: 99009)
INFO:root:Loss: 29.4331 +/- 1.513
INFO:root:Epoch no. 107 of 500 (samples: 99009)
INFO:root:Loss: 29.3281 +/- 1.4448
INFO:root:Epoch no. 108 of 500 (samples: 99009)
INFO:root:Loss: 28.9523 +/- 1.3835
INFO:root:Epoch no. 109 of 500 (samples: 99009)
INFO:root:Loss: 29.0679 +/- 1.1052
INFO:root:Epoch no. 110 of 500 (samples: 99009)
INFO:root:Loss: 29.0222 +/- 1.1714
INFO:root:Epoch no. 111 of 500 (samples: 99009)
INFO:root:Loss: 28.9075 +/- 1.1312
INFO:root:Epoch no. 112 of 500 (samples: 99009)
INFO:root:Loss: 28.9556 +/- 1.4687
INFO:root:Epoch no. 113 of 500 (samples: 99009)
INFO:root:Loss: 28.678 +/- 1.3583
INFO:root:Epoch no. 114 of 500 (samples: 99009)
INFO:root:Loss: 28.6422 +/- 1.2608
INFO:root:Epoch no. 115 of 500 (samples: 99009)
INFO:root:Loss: 29.0099 +/- 0.8637
INFO:root:Epoch no. 116 of 500 (samples: 99009)
INFO:root:Loss: 28.729 +/- 1.5338
INFO:root:Epoch no. 117 of 500 (samples: 99009)
INFO:root:Loss: 28.6522 +/- 1.3487
INFO:root:Epoch no. 118 of 500 (samples: 99009)
INFO:root:Loss: 28.6539 +/- 1.6602
INFO:root:Epoch no. 119 of 500 (samples: 99009)
INFO:root:Loss: 28.7602 +/- 1.3663
INFO:root:Epoch no. 120 of 500 (samples: 99009)
INFO:root:Loss: 28.5796 +/- 1.3538
INFO:root:Epoch no. 121 of 500 (samples: 99009)
INFO:root:Loss: 28.424 +/- 1.2083
INFO:root:Epoch no. 122 of 500 (samples: 99009)
INFO:root:Loss: 28.512 +/- 1.5013
INFO:root:Epoch no. 123 of 500 (samples: 99009)
INFO:root:Loss: 28.4478 +/- 1.4195
INFO:root:Epoch no. 124 of 500 (samples: 99009)
INFO:root:Loss: 28.4982 +/- 1.3303
INFO:root:Epoch no. 125 of 500 (samples: 99009)
INFO:root:Loss: 28.5607 +/- 1.5684
INFO:root:Epoch no. 126 of 500 (samples: 99009)
INFO:root:Loss: 28.0394 +/- 1.1368
INFO:root:Epoch no. 127 of 500 (samples: 99009)
INFO:root:Loss: 28.2549 +/- 1.2032
INFO:root:Epoch no. 128 of 500 (samples: 99009)
INFO:root:Loss: 28.4496 +/- 1.068
INFO:root:Epoch no. 129 of 500 (samples: 99009)
INFO:root:Loss: 28.194 +/- 1.1953
INFO:root:Epoch no. 130 of 500 (samples: 99009)
INFO:root:Loss: 28.1751 +/- 1.4052
INFO:root:Epoch no. 131 of 500 (samples: 99009)
INFO:root:Loss: 28.1369 +/- 1.4843
INFO:root:Epoch no. 132 of 500 (samples: 99009)
INFO:root:Loss: 28.0014 +/- 1.5308
INFO:root:Epoch no. 133 of 500 (samples: 99009)
INFO:root:Loss: 28.1434 +/- 0.7027
INFO:root:Epoch no. 134 of 500 (samples: 99009)
INFO:root:Loss: 28.2762 +/- 1.0256
INFO:root:Epoch no. 135 of 500 (samples: 99009)
INFO:root:Loss: 28.0016 +/- 1.0092
INFO:root:Epoch no. 136 of 500 (samples: 99009)
INFO:root:Loss: 28.0108 +/- 1.118
INFO:root:Epoch no. 137 of 500 (samples: 99009)
INFO:root:Loss: 27.9927 +/- 1.3728
INFO:root:Epoch no. 138 of 500 (samples: 99009)
INFO:root:Loss: 27.9843 +/- 1.4111
INFO:root:Epoch no. 139 of 500 (samples: 99009)
INFO:root:Loss: 27.5444 +/- 1.2251
INFO:root:Epoch no. 140 of 500 (samples: 99009)
INFO:root:Loss: 28.0252 +/- 1.1147
INFO:root:Epoch no. 141 of 500 (samples: 99009)
INFO:root:Loss: 27.7371 +/- 1.1437
INFO:root:Epoch no. 142 of 500 (samples: 99009)
INFO:root:Loss: 27.8299 +/- 1.3019
INFO:root:Epoch no. 143 of 500 (samples: 99009)
INFO:root:Loss: 27.7076 +/- 1.2438
INFO:root:Epoch no. 144 of 500 (samples: 99009)
INFO:root:Loss: 27.8774 +/- 1.0135
INFO:root:Epoch no. 145 of 500 (samples: 99009)
INFO:root:Loss: 27.7105 +/- 1.385
INFO:root:Epoch no. 146 of 500 (samples: 99009)
INFO:root:Loss: 27.6759 +/- 1.4219
INFO:root:Epoch no. 147 of 500 (samples: 99009)
INFO:root:Loss: 27.5983 +/- 1.1241
INFO:root:Epoch no. 148 of 500 (samples: 99009)
INFO:root:Loss: 27.6787 +/- 1.0591
INFO:root:Epoch no. 149 of 500 (samples: 99009)
INFO:root:Loss: 27.4864 +/- 0.9182
INFO:root:Epoch no. 150 of 500 (samples: 99009)
INFO:root:Loss: 27.429 +/- 1.1341
INFO:root:Epoch no. 151 of 500 (samples: 99009)
INFO:root:Loss: 27.6956 +/- 1.2832
INFO:root:Epoch no. 152 of 500 (samples: 99009)
INFO:root:Loss: 27.3283 +/- 1.3679
INFO:root:Epoch no. 153 of 500 (samples: 99009)
INFO:root:Loss: 27.3788 +/- 1.0129
INFO:root:Epoch no. 154 of 500 (samples: 99009)
INFO:root:Loss: 27.4494 +/- 1.1615
INFO:root:Epoch no. 155 of 500 (samples: 99009)
INFO:root:Loss: 27.114 +/- 1.1876
INFO:root:Epoch no. 156 of 500 (samples: 99009)
INFO:root:Loss: 27.2348 +/- 1.0957
INFO:root:Epoch no. 157 of 500 (samples: 99009)
INFO:root:Loss: 27.1519 +/- 1.4268
INFO:root:Epoch no. 158 of 500 (samples: 99009)
INFO:root:Loss: 27.4109 +/- 1.03
INFO:root:Epoch no. 159 of 500 (samples: 99009)
INFO:root:Loss: 27.3275 +/- 1.5901
INFO:root:Epoch no. 160 of 500 (samples: 99009)
INFO:root:Loss: 27.3757 +/- 1.3075
INFO:root:Epoch no. 161 of 500 (samples: 99009)
INFO:root:Loss: 27.2335 +/- 1.3426
INFO:root:Epoch no. 162 of 500 (samples: 99009)
INFO:root:Loss: 27.2127 +/- 1.0712
INFO:root:Epoch no. 163 of 500 (samples: 99009)
INFO:root:Loss: 27.4207 +/- 0.951
INFO:root:Epoch no. 164 of 500 (samples: 99009)
INFO:root:Loss: 27.1216 +/- 1.271
INFO:root:Epoch no. 165 of 500 (samples: 99009)
INFO:root:Loss: 27.439 +/- 1.0396
INFO:root:Epoch no. 166 of 500 (samples: 99009)
INFO:root:Loss: 27.0271 +/- 1.3818
INFO:root:Epoch no. 167 of 500 (samples: 99009)
INFO:root:Loss: 27.0545 +/- 0.8501
INFO:root:Epoch no. 168 of 500 (samples: 99009)
INFO:root:Loss: 27.1624 +/- 1.0415
INFO:root:Epoch no. 169 of 500 (samples: 99009)
INFO:root:Loss: 27.1137 +/- 1.3147
INFO:root:Epoch no. 170 of 500 (samples: 99009)
INFO:root:Loss: 26.8875 +/- 1.2501
INFO:root:Epoch no. 171 of 500 (samples: 99009)
INFO:root:Loss: 27.15 +/- 1.1271
INFO:root:Epoch no. 172 of 500 (samples: 99009)
INFO:root:Loss: 27.1299 +/- 0.9364
INFO:root:Epoch no. 173 of 500 (samples: 99009)
INFO:root:Loss: 26.9458 +/- 1.011
INFO:root:Epoch no. 174 of 500 (samples: 99009)
INFO:root:Loss: 27.1963 +/- 1.212
INFO:root:Epoch no. 175 of 500 (samples: 99009)
INFO:root:Loss: 26.5939 +/- 1.0022
INFO:root:Epoch no. 176 of 500 (samples: 99009)
INFO:root:Loss: 26.9746 +/- 0.8419
INFO:root:Epoch no. 177 of 500 (samples: 99009)
INFO:root:Loss: 26.9788 +/- 1.0002
INFO:root:Epoch no. 178 of 500 (samples: 99009)
INFO:root:Loss: 27.0339 +/- 1.1464
INFO:root:Epoch no. 179 of 500 (samples: 99009)
INFO:root:Loss: 27.0265 +/- 1.663
INFO:root:Epoch no. 180 of 500 (samples: 99009)
INFO:root:Loss: 26.632 +/- 1.0615
INFO:root:Epoch no. 181 of 500 (samples: 99009)
INFO:root:Loss: 26.5377 +/- 1.1974
INFO:root:Epoch no. 182 of 500 (samples: 99009)
INFO:root:Loss: 26.9059 +/- 0.9
INFO:root:Epoch no. 183 of 500 (samples: 99009)
INFO:root:Loss: 26.8962 +/- 0.9307
INFO:root:Epoch no. 184 of 500 (samples: 99009)
INFO:root:Loss: 26.9254 +/- 0.7944
INFO:root:Epoch no. 185 of 500 (samples: 99009)
INFO:root:Loss: 26.6369 +/- 0.8474
INFO:root:Epoch no. 186 of 500 (samples: 99009)
INFO:root:Loss: 26.8412 +/- 0.9264
INFO:root:Epoch no. 187 of 500 (samples: 99009)
INFO:root:Loss: 26.697 +/- 1.1605
INFO:root:Epoch no. 188 of 500 (samples: 99009)
INFO:root:Loss: 26.525 +/- 1.0085
INFO:root:Epoch no. 189 of 500 (samples: 99009)
INFO:root:Loss: 26.6787 +/- 0.9426
INFO:root:Epoch no. 190 of 500 (samples: 99009)
INFO:root:Loss: 26.8102 +/- 1.1599
INFO:root:Epoch no. 191 of 500 (samples: 99009)
INFO:root:Loss: 26.5902 +/- 0.9938
INFO:root:Epoch no. 192 of 500 (samples: 99009)
INFO:root:Loss: 26.6251 +/- 1.2629
INFO:root:Epoch no. 193 of 500 (samples: 99009)
INFO:root:Loss: 26.4384 +/- 1.3208
INFO:root:Epoch no. 194 of 500 (samples: 99009)
INFO:root:Loss: 26.7735 +/- 1.0368
INFO:root:Epoch no. 195 of 500 (samples: 99009)
INFO:root:Loss: 26.5009 +/- 0.9402
INFO:root:Epoch no. 196 of 500 (samples: 99009)
INFO:root:Loss: 26.6418 +/- 0.6868
INFO:root:Epoch no. 197 of 500 (samples: 99009)
INFO:root:Loss: 26.5094 +/- 1.1889
INFO:root:Epoch no. 198 of 500 (samples: 99009)
INFO:root:Loss: 26.6473 +/- 1.0292
INFO:root:Epoch no. 199 of 500 (samples: 99009)
INFO:root:Loss: 26.8188 +/- 1.0779
INFO:root:Epoch no. 200 of 500 (samples: 99009)
INFO:root:Loss: 26.637 +/- 1.1549
INFO:root:Epoch no. 201 of 500 (samples: 99009)
INFO:root:Loss: 26.532 +/- 1.2385
INFO:root:Epoch no. 202 of 500 (samples: 99009)
INFO:root:Loss: 26.2463 +/- 0.9999
INFO:root:Epoch no. 203 of 500 (samples: 99009)
INFO:root:Loss: 26.3943 +/- 0.589
INFO:root:Epoch no. 204 of 500 (samples: 99009)
INFO:root:Loss: 26.4798 +/- 1.0657
INFO:root:Epoch no. 205 of 500 (samples: 99009)
INFO:root:Loss: 26.3702 +/- 1.4363
INFO:root:Epoch no. 206 of 500 (samples: 99009)
INFO:root:Loss: 26.5247 +/- 0.8262
INFO:root:Epoch no. 207 of 500 (samples: 99009)
INFO:root:Loss: 26.4948 +/- 0.8363
INFO:root:Epoch no. 208 of 500 (samples: 99009)
INFO:root:Loss: 26.2257 +/- 1.0917
INFO:root:Epoch no. 209 of 500 (samples: 99009)
INFO:root:Loss: 26.6176 +/- 0.9269
INFO:root:Epoch no. 210 of 500 (samples: 99009)
INFO:root:Loss: 26.545 +/- 1.2521
INFO:root:Epoch no. 211 of 500 (samples: 99009)
INFO:root:Loss: 26.5817 +/- 1.1133
INFO:root:Epoch no. 212 of 500 (samples: 99009)
INFO:root:Loss: 26.0801 +/- 0.9777
INFO:root:Epoch no. 213 of 500 (samples: 99009)
INFO:root:Loss: 26.2862 +/- 0.9908
INFO:root:Epoch no. 214 of 500 (samples: 99009)
INFO:root:Loss: 26.2764 +/- 0.8817
INFO:root:Epoch no. 215 of 500 (samples: 99009)
INFO:root:Loss: 26.4346 +/- 0.9361
INFO:root:Epoch no. 216 of 500 (samples: 99009)
INFO:root:Loss: 26.19 +/- 1.1028
INFO:root:Epoch no. 217 of 500 (samples: 99009)
INFO:root:Loss: 26.0481 +/- 0.8115
INFO:root:Epoch no. 218 of 500 (samples: 99009)
INFO:root:Loss: 26.3849 +/- 1.2291
INFO:root:Epoch no. 219 of 500 (samples: 99009)
INFO:root:Loss: 26.1978 +/- 0.8398
INFO:root:Epoch no. 220 of 500 (samples: 99009)
INFO:root:Loss: 26.0275 +/- 1.2891
INFO:root:Epoch no. 221 of 500 (samples: 99009)
INFO:root:Loss: 26.3752 +/- 1.3165
INFO:root:Epoch no. 222 of 500 (samples: 99009)
INFO:root:Loss: 26.2613 +/- 0.9428
INFO:root:Epoch no. 223 of 500 (samples: 99009)
INFO:root:Loss: 26.0719 +/- 0.9669
INFO:root:Epoch no. 224 of 500 (samples: 99009)
INFO:root:Loss: 26.2062 +/- 1.2967
INFO:root:Epoch no. 225 of 500 (samples: 99009)
INFO:root:Loss: 26.2255 +/- 0.8176
INFO:root:Epoch no. 226 of 500 (samples: 99009)
INFO:root:Loss: 26.2496 +/- 1.0737
INFO:root:Epoch no. 227 of 500 (samples: 99009)
INFO:root:Loss: 26.1994 +/- 1.0339
INFO:root:Epoch no. 228 of 500 (samples: 99009)
INFO:root:Loss: 25.8837 +/- 1.0377
INFO:root:Epoch no. 229 of 500 (samples: 99009)
INFO:root:Loss: 26.3294 +/- 1.0906
INFO:root:Epoch no. 230 of 500 (samples: 99009)
INFO:root:Loss: 25.8974 +/- 1.0074
INFO:root:Epoch no. 231 of 500 (samples: 99009)
INFO:root:Loss: 25.9161 +/- 1.1273
INFO:root:Epoch no. 232 of 500 (samples: 99009)
INFO:root:Loss: 26.0003 +/- 1.3072
INFO:root:Epoch no. 233 of 500 (samples: 99009)
INFO:root:Loss: 26.0979 +/- 0.9515
INFO:root:Epoch no. 234 of 500 (samples: 99009)
INFO:root:Loss: 26.1448 +/- 1.0379
INFO:root:Epoch no. 235 of 500 (samples: 99009)
INFO:root:Loss: 26.028 +/- 0.9156
INFO:root:Epoch no. 236 of 500 (samples: 99009)
INFO:root:Loss: 25.8094 +/- 1.0406
INFO:root:Epoch no. 237 of 500 (samples: 99009)
INFO:root:Loss: 26.2373 +/- 1.034
INFO:root:Epoch no. 238 of 500 (samples: 99009)
INFO:root:Loss: 26.0562 +/- 0.6016
INFO:root:Epoch no. 239 of 500 (samples: 99009)
INFO:root:Loss: 26.007 +/- 0.7156
INFO:root:Epoch no. 240 of 500 (samples: 99009)
INFO:root:Loss: 26.1909 +/- 0.8283
INFO:root:Epoch no. 241 of 500 (samples: 99009)
INFO:root:Loss: 26.0269 +/- 0.9806
INFO:root:Epoch no. 242 of 500 (samples: 99009)
INFO:root:Loss: 25.6996 +/- 0.9449
INFO:root:Epoch no. 243 of 500 (samples: 99009)
INFO:root:Loss: 25.9412 +/- 1.2213
INFO:root:Epoch no. 244 of 500 (samples: 99009)
INFO:root:Loss: 25.8401 +/- 1.0607
INFO:root:Epoch no. 245 of 500 (samples: 99009)
INFO:root:Loss: 25.8595 +/- 0.5183
INFO:root:Epoch no. 246 of 500 (samples: 99009)
INFO:root:Loss: 25.8746 +/- 0.8724
INFO:root:Epoch no. 247 of 500 (samples: 99009)
INFO:root:Loss: 25.9552 +/- 0.5911
INFO:root:Epoch no. 248 of 500 (samples: 99009)
INFO:root:Loss: 25.8595 +/- 1.0518
INFO:root:Epoch no. 249 of 500 (samples: 99009)
INFO:root:Loss: 25.8095 +/- 0.9764
INFO:root:Epoch no. 250 of 500 (samples: 99009)
INFO:root:Loss: 25.8941 +/- 0.775
INFO:root:Epoch no. 251 of 500 (samples: 99009)
INFO:root:Loss: 25.6789 +/- 0.8406
INFO:root:Epoch no. 252 of 500 (samples: 99009)
INFO:root:Loss: 25.8322 +/- 0.7454
INFO:root:Epoch no. 253 of 500 (samples: 99009)
INFO:root:Loss: 25.9079 +/- 0.8314
INFO:root:Epoch no. 254 of 500 (samples: 99009)
INFO:root:Loss: 25.9521 +/- 0.9085
INFO:root:Epoch no. 255 of 500 (samples: 99009)
INFO:root:Loss: 25.9907 +/- 1.0789
INFO:root:Epoch no. 256 of 500 (samples: 99009)
INFO:root:Loss: 25.7943 +/- 0.6257
INFO:root:Epoch no. 257 of 500 (samples: 99009)
INFO:root:Loss: 25.8107 +/- 1.1023
INFO:root:Epoch no. 258 of 500 (samples: 99009)
INFO:root:Loss: 25.567 +/- 0.8692
INFO:root:Epoch no. 259 of 500 (samples: 99009)
INFO:root:Loss: 25.6864 +/- 0.7081
INFO:root:Epoch no. 260 of 500 (samples: 99009)
INFO:root:Loss: 25.6358 +/- 1.1903
INFO:root:Epoch no. 261 of 500 (samples: 99009)
INFO:root:Loss: 25.7127 +/- 1.2116
INFO:root:Epoch no. 262 of 500 (samples: 99009)
INFO:root:Loss: 25.7329 +/- 1.0612
INFO:root:Epoch no. 263 of 500 (samples: 99009)
INFO:root:Loss: 25.8696 +/- 0.743
INFO:root:Epoch no. 264 of 500 (samples: 99009)
INFO:root:Loss: 25.7995 +/- 0.7478
INFO:root:Epoch no. 265 of 500 (samples: 99009)
INFO:root:Loss: 25.6595 +/- 0.94
INFO:root:Epoch no. 266 of 500 (samples: 99009)
INFO:root:Loss: 25.8881 +/- 1.1323
INFO:root:Epoch no. 267 of 500 (samples: 99009)
INFO:root:Loss: 25.6531 +/- 1.0596
INFO:root:Epoch no. 268 of 500 (samples: 99009)
INFO:root:Loss: 25.6309 +/- 1.0629
INFO:root:Epoch no. 269 of 500 (samples: 99009)
INFO:root:Loss: 25.6347 +/- 0.8475
INFO:root:Epoch no. 270 of 500 (samples: 99009)
INFO:root:Loss: 25.8498 +/- 1.2783
INFO:root:Epoch no. 271 of 500 (samples: 99009)
INFO:root:Loss: 25.5018 +/- 0.7949
INFO:root:Epoch no. 272 of 500 (samples: 99009)
INFO:root:Loss: 25.4602 +/- 0.8533
INFO:root:Epoch no. 273 of 500 (samples: 99009)
INFO:root:Loss: 25.673 +/- 0.8675
INFO:root:Epoch no. 274 of 500 (samples: 99009)
INFO:root:Loss: 25.5116 +/- 1.0888
INFO:root:Epoch no. 275 of 500 (samples: 99009)
INFO:root:Loss: 25.6589 +/- 0.7198
INFO:root:Epoch no. 276 of 500 (samples: 99009)
INFO:root:Loss: 25.8592 +/- 0.708
INFO:root:Epoch no. 277 of 500 (samples: 99009)
INFO:root:Loss: 25.5677 +/- 0.9565
INFO:root:Epoch no. 278 of 500 (samples: 99009)
INFO:root:Loss: 25.7373 +/- 1.2478
INFO:root:Epoch no. 279 of 500 (samples: 99009)
INFO:root:Loss: 25.5646 +/- 0.9208
INFO:root:Epoch no. 280 of 500 (samples: 99009)
INFO:root:Loss: 25.5082 +/- 1.0259
INFO:root:Epoch no. 281 of 500 (samples: 99009)
INFO:root:Loss: 25.5628 +/- 0.8663
INFO:root:Epoch no. 282 of 500 (samples: 99009)
INFO:root:Loss: 25.4621 +/- 0.689
INFO:root:Epoch no. 283 of 500 (samples: 99009)
INFO:root:Loss: 25.4315 +/- 0.6623
INFO:root:Epoch no. 284 of 500 (samples: 99009)
INFO:root:Loss: 25.2195 +/- 1.0252
INFO:root:Epoch no. 285 of 500 (samples: 99009)
INFO:root:Loss: 25.4011 +/- 0.9981
INFO:root:Epoch no. 286 of 500 (samples: 99009)
INFO:root:Loss: 25.6116 +/- 1.0408
INFO:root:Epoch no. 287 of 500 (samples: 99009)
INFO:root:Loss: 25.3696 +/- 0.8092
INFO:root:Epoch no. 288 of 500 (samples: 99009)
INFO:root:Loss: 25.4502 +/- 1.5524
INFO:root:Epoch no. 289 of 500 (samples: 99009)
INFO:root:Loss: 25.5564 +/- 1.0254
INFO:root:Epoch no. 290 of 500 (samples: 99009)
INFO:root:Loss: 25.453 +/- 0.9472
INFO:root:Epoch no. 291 of 500 (samples: 99009)
INFO:root:Loss: 25.5503 +/- 0.9242
INFO:root:Epoch no. 292 of 500 (samples: 99009)
INFO:root:Loss: 25.6998 +/- 0.9839
INFO:root:Epoch no. 293 of 500 (samples: 99009)
INFO:root:Loss: 25.2031 +/- 0.6732
INFO:root:Epoch no. 294 of 500 (samples: 99009)
INFO:root:Loss: 25.5045 +/- 1.0734
INFO:root:Epoch no. 295 of 500 (samples: 99009)
INFO:root:Loss: 25.2943 +/- 1.1019
INFO:root:Epoch no. 296 of 500 (samples: 99009)
INFO:root:Loss: 25.401 +/- 0.8546
INFO:root:Epoch no. 297 of 500 (samples: 99009)
INFO:root:Loss: 25.352 +/- 0.6595
INFO:root:Epoch no. 298 of 500 (samples: 99009)
INFO:root:Loss: 25.3363 +/- 0.736
INFO:root:Epoch no. 299 of 500 (samples: 99009)
INFO:root:Loss: 25.267 +/- 0.6978
INFO:root:Epoch no. 300 of 500 (samples: 99009)
INFO:root:Loss: 25.3427 +/- 0.5941
INFO:root:Epoch no. 301 of 500 (samples: 99009)
INFO:root:Loss: 25.619 +/- 0.9558
INFO:root:Epoch no. 302 of 500 (samples: 99009)
INFO:root:Loss: 25.126 +/- 1.0365
INFO:root:Epoch no. 303 of 500 (samples: 99009)
INFO:root:Loss: 25.3237 +/- 0.9443
INFO:root:Epoch no. 304 of 500 (samples: 99009)
INFO:root:Loss: 25.4409 +/- 0.9251
INFO:root:Epoch no. 305 of 500 (samples: 99009)
INFO:root:Loss: 25.4448 +/- 0.844
INFO:root:Epoch no. 306 of 500 (samples: 99009)
INFO:root:Loss: 25.4386 +/- 0.7863
INFO:root:Epoch no. 307 of 500 (samples: 99009)
INFO:root:Loss: 25.3573 +/- 1.0559
INFO:root:Epoch no. 308 of 500 (samples: 99009)
INFO:root:Loss: 25.4071 +/- 0.9235
INFO:root:Epoch no. 309 of 500 (samples: 99009)
INFO:root:Loss: 25.1224 +/- 0.8056
INFO:root:Epoch no. 310 of 500 (samples: 99009)
INFO:root:Loss: 25.2779 +/- 0.666
INFO:root:Epoch no. 311 of 500 (samples: 99009)
INFO:root:Loss: 25.2412 +/- 0.573
INFO:root:Epoch no. 312 of 500 (samples: 99009)
INFO:root:Loss: 25.3104 +/- 0.725
INFO:root:Epoch no. 313 of 500 (samples: 99009)
INFO:root:Loss: 25.3461 +/- 1.2185
INFO:root:Epoch no. 314 of 500 (samples: 99009)
INFO:root:Loss: 25.3392 +/- 0.9711
INFO:root:Epoch no. 315 of 500 (samples: 99009)
INFO:root:Loss: 25.1123 +/- 0.7141
INFO:root:Epoch no. 316 of 500 (samples: 99009)
INFO:root:Loss: 25.1362 +/- 0.8153
INFO:root:Epoch no. 317 of 500 (samples: 99009)
INFO:root:Loss: 25.2019 +/- 0.7822
INFO:root:Epoch no. 318 of 500 (samples: 99009)
INFO:root:Loss: 25.1162 +/- 1.1526
INFO:root:Epoch no. 319 of 500 (samples: 99009)
INFO:root:Loss: 25.1625 +/- 0.9042
INFO:root:Epoch no. 320 of 500 (samples: 99009)
INFO:root:Loss: 25.2869 +/- 0.7154
INFO:root:Epoch no. 321 of 500 (samples: 99009)
INFO:root:Loss: 24.9986 +/- 0.8042
INFO:root:Epoch no. 322 of 500 (samples: 99009)
INFO:root:Loss: 25.2152 +/- 0.8323
INFO:root:Epoch no. 323 of 500 (samples: 99009)
INFO:root:Loss: 25.0475 +/- 0.8439
INFO:root:Epoch no. 324 of 500 (samples: 99009)
INFO:root:Loss: 25.2289 +/- 0.5762
INFO:root:Epoch no. 325 of 500 (samples: 99009)
INFO:root:Loss: 25.1655 +/- 0.759
INFO:root:Epoch no. 326 of 500 (samples: 99009)
INFO:root:Loss: 25.2131 +/- 0.8018
INFO:root:Epoch no. 327 of 500 (samples: 99009)
INFO:root:Loss: 25.3469 +/- 0.7742
INFO:root:Epoch no. 328 of 500 (samples: 99009)
INFO:root:Loss: 25.2385 +/- 0.7514
INFO:root:Epoch no. 329 of 500 (samples: 99009)
INFO:root:Loss: 25.0304 +/- 0.9963
INFO:root:Epoch no. 330 of 500 (samples: 99009)
INFO:root:Loss: 25.1878 +/- 1.2732
INFO:root:Epoch no. 331 of 500 (samples: 99009)
INFO:root:Loss: 25.3442 +/- 1.1143
INFO:root:Epoch no. 332 of 500 (samples: 99009)
INFO:root:Loss: 25.3113 +/- 0.936
INFO:root:Epoch no. 333 of 500 (samples: 99009)
INFO:root:Loss: 25.2616 +/- 0.9487
INFO:root:Epoch no. 334 of 500 (samples: 99009)
INFO:root:Loss: 25.1284 +/- 0.9144
INFO:root:Epoch no. 335 of 500 (samples: 99009)
INFO:root:Loss: 25.1686 +/- 0.6899
INFO:root:Epoch no. 336 of 500 (samples: 99009)
INFO:root:Loss: 25.199 +/- 0.801
INFO:root:Epoch no. 337 of 500 (samples: 99009)
INFO:root:Loss: 24.8413 +/- 0.6885
INFO:root:Epoch no. 338 of 500 (samples: 99009)
INFO:root:Loss: 24.9154 +/- 1.0947
INFO:root:Epoch no. 339 of 500 (samples: 99009)
INFO:root:Loss: 25.1023 +/- 0.8972
INFO:root:Epoch no. 340 of 500 (samples: 99009)
INFO:root:Loss: 25.0887 +/- 0.6562
INFO:root:Epoch no. 341 of 500 (samples: 99009)
INFO:root:Loss: 24.9969 +/- 0.777
INFO:root:Epoch no. 342 of 500 (samples: 99009)
INFO:root:Loss: 25.1802 +/- 1.0611
INFO:root:Epoch no. 343 of 500 (samples: 99009)
INFO:root:Loss: 25.2651 +/- 0.8351
INFO:root:Epoch no. 344 of 500 (samples: 99009)
INFO:root:Loss: 25.1511 +/- 1.0243
INFO:root:Epoch no. 345 of 500 (samples: 99009)
INFO:root:Loss: 25.1662 +/- 0.8208
INFO:root:Epoch no. 346 of 500 (samples: 99009)
INFO:root:Loss: 24.8307 +/- 0.7804
INFO:root:Epoch no. 347 of 500 (samples: 99009)
INFO:root:Loss: 24.9137 +/- 0.9741
INFO:root:Epoch no. 348 of 500 (samples: 99009)
INFO:root:Loss: 24.8381 +/- 0.7274
INFO:root:Epoch no. 349 of 500 (samples: 99009)
INFO:root:Loss: 24.9553 +/- 0.7688
INFO:root:Epoch no. 350 of 500 (samples: 99009)
INFO:root:Loss: 24.9454 +/- 0.8614
INFO:root:Epoch no. 351 of 500 (samples: 99009)
INFO:root:Loss: 25.1212 +/- 0.946
INFO:root:Epoch no. 352 of 500 (samples: 99009)
INFO:root:Loss: 24.9933 +/- 0.9253
INFO:root:Epoch no. 353 of 500 (samples: 99009)
INFO:root:Loss: 24.9359 +/- 0.8597
INFO:root:Epoch no. 354 of 500 (samples: 99009)
INFO:root:Loss: 25.0136 +/- 0.6756
INFO:root:Epoch no. 355 of 500 (samples: 99009)
INFO:root:Loss: 25.1429 +/- 0.8935
INFO:root:Epoch no. 356 of 500 (samples: 99009)
INFO:root:Loss: 25.079 +/- 0.8677
INFO:root:Epoch no. 357 of 500 (samples: 99009)
INFO:root:Loss: 25.0003 +/- 0.8762
INFO:root:Epoch no. 358 of 500 (samples: 99009)
INFO:root:Loss: 25.1465 +/- 1.14
INFO:root:Epoch no. 359 of 500 (samples: 99009)
INFO:root:Loss: 25.211 +/- 0.751
INFO:root:Epoch no. 360 of 500 (samples: 99009)
INFO:root:Loss: 25.1022 +/- 0.7452
INFO:root:Epoch no. 361 of 500 (samples: 99009)
INFO:root:Loss: 24.8778 +/- 0.8824
INFO:root:Epoch no. 362 of 500 (samples: 99009)
INFO:root:Loss: 25.0524 +/- 0.8776
INFO:root:Epoch no. 363 of 500 (samples: 99009)
INFO:root:Loss: 25.0814 +/- 1.1974
INFO:root:Epoch no. 364 of 500 (samples: 99009)
INFO:root:Loss: 25.2449 +/- 0.7999
INFO:root:Epoch no. 365 of 500 (samples: 99009)
INFO:root:Loss: 25.0123 +/- 0.9233
INFO:root:Epoch no. 366 of 500 (samples: 99009)
INFO:root:Loss: 25.1172 +/- 0.7214
INFO:root:Epoch no. 367 of 500 (samples: 99009)
INFO:root:Loss: 24.9974 +/- 1.0681
INFO:root:Epoch no. 368 of 500 (samples: 99009)
INFO:root:Loss: 25.0298 +/- 0.4481
INFO:root:Epoch no. 369 of 500 (samples: 99009)
INFO:root:Loss: 25.0741 +/- 0.8045
INFO:root:Epoch no. 370 of 500 (samples: 99009)
INFO:root:Loss: 24.9602 +/- 0.7748
INFO:root:Epoch no. 371 of 500 (samples: 99009)
INFO:root:Loss: 25.3284 +/- 0.9307
INFO:root:Epoch no. 372 of 500 (samples: 99009)
INFO:root:Loss: 25.1912 +/- 0.7097
INFO:root:Epoch no. 373 of 500 (samples: 99009)
INFO:root:Loss: 24.8913 +/- 0.9264
INFO:root:Epoch no. 374 of 500 (samples: 99009)
INFO:root:Loss: 24.8946 +/- 0.8169
INFO:root:Epoch no. 375 of 500 (samples: 99009)
INFO:root:Loss: 24.8547 +/- 0.9284
INFO:root:Epoch no. 376 of 500 (samples: 99009)
INFO:root:Loss: 24.9745 +/- 1.0533
INFO:root:Epoch no. 377 of 500 (samples: 99009)
INFO:root:Loss: 24.9269 +/- 0.7158
INFO:root:Epoch no. 378 of 500 (samples: 99009)
INFO:root:Loss: 24.9815 +/- 0.5496
INFO:root:Epoch no. 379 of 500 (samples: 99009)
INFO:root:Loss: 24.9177 +/- 0.6211
INFO:root:Epoch no. 380 of 500 (samples: 99009)
INFO:root:Loss: 24.8371 +/- 0.8298
INFO:root:Epoch no. 381 of 500 (samples: 99009)
INFO:root:Loss: 24.8983 +/- 0.9148
INFO:root:Epoch no. 382 of 500 (samples: 99009)
INFO:root:Loss: 25.0741 +/- 0.7127
INFO:root:Epoch no. 383 of 500 (samples: 99009)
INFO:root:Loss: 24.997 +/- 0.7205
INFO:root:Epoch no. 384 of 500 (samples: 99009)
INFO:root:Loss: 24.8709 +/- 0.8849
INFO:root:Epoch no. 385 of 500 (samples: 99009)
INFO:root:Loss: 24.864 +/- 0.6857
INFO:root:Epoch no. 386 of 500 (samples: 99009)
INFO:root:Loss: 24.6449 +/- 0.6515
INFO:root:Epoch no. 387 of 500 (samples: 99009)
INFO:root:Loss: 25.0564 +/- 0.6779
INFO:root:Epoch no. 388 of 500 (samples: 99009)
INFO:root:Loss: 24.8312 +/- 0.8333
INFO:root:Epoch no. 389 of 500 (samples: 99009)
INFO:root:Loss: 24.7396 +/- 1.1015
INFO:root:Epoch no. 390 of 500 (samples: 99009)
INFO:root:Loss: 25.2114 +/- 0.8794
INFO:root:Epoch no. 391 of 500 (samples: 99009)
INFO:root:Loss: 24.9581 +/- 0.9054
INFO:root:Epoch no. 392 of 500 (samples: 99009)
INFO:root:Loss: 24.7219 +/- 0.6989
INFO:root:Epoch no. 393 of 500 (samples: 99009)
INFO:root:Loss: 24.556 +/- 0.8918
INFO:root:Epoch no. 394 of 500 (samples: 99009)
INFO:root:Loss: 24.8718 +/- 0.8467
INFO:root:Epoch no. 395 of 500 (samples: 99009)
INFO:root:Loss: 25.1136 +/- 0.9491
INFO:root:Epoch no. 396 of 500 (samples: 99009)
INFO:root:Loss: 24.7844 +/- 1.0041
INFO:root:Epoch no. 397 of 500 (samples: 99009)
INFO:root:Loss: 24.8635 +/- 0.6672
INFO:root:Epoch no. 398 of 500 (samples: 99009)
INFO:root:Loss: 24.825 +/- 0.703
INFO:root:Epoch no. 399 of 500 (samples: 99009)
INFO:root:Loss: 24.8435 +/- 1.0147
INFO:root:Epoch no. 400 of 500 (samples: 99009)
INFO:root:Loss: 24.7774 +/- 0.9259
INFO:root:Epoch no. 401 of 500 (samples: 99009)
INFO:root:Loss: 24.7591 +/- 0.7342
INFO:root:Epoch no. 402 of 500 (samples: 99009)
INFO:root:Loss: 24.9241 +/- 0.7771
INFO:root:Epoch no. 403 of 500 (samples: 99009)
INFO:root:Loss: 25.047 +/- 0.9135
INFO:root:Epoch no. 404 of 500 (samples: 99009)
INFO:root:Loss: 24.8574 +/- 0.9225
INFO:root:Epoch no. 405 of 500 (samples: 99009)
INFO:root:Loss: 24.711 +/- 0.7156
INFO:root:Epoch no. 406 of 500 (samples: 99009)
INFO:root:Loss: 24.8496 +/- 0.978
INFO:root:Epoch no. 407 of 500 (samples: 99009)
INFO:root:Loss: 24.5726 +/- 0.7431
INFO:root:Epoch no. 408 of 500 (samples: 99009)
INFO:root:Loss: 24.8116 +/- 1.3448
INFO:root:Epoch no. 409 of 500 (samples: 99009)
INFO:root:Loss: 24.8845 +/- 1.0588
INFO:root:Epoch no. 410 of 500 (samples: 99009)
INFO:root:Loss: 24.8636 +/- 0.7916
INFO:root:Epoch no. 411 of 500 (samples: 99009)
INFO:root:Loss: 24.7434 +/- 1.1732
INFO:root:Epoch no. 412 of 500 (samples: 99009)
INFO:root:Loss: 24.6763 +/- 0.8471
INFO:root:Epoch no. 413 of 500 (samples: 99009)
INFO:root:Loss: 24.4726 +/- 1.1466
INFO:root:Epoch no. 414 of 500 (samples: 99009)
INFO:root:Loss: 24.8274 +/- 0.6162
INFO:root:Epoch no. 415 of 500 (samples: 99009)
INFO:root:Loss: 24.7258 +/- 1.0376
INFO:root:Epoch no. 416 of 500 (samples: 99009)
INFO:root:Loss: 24.3873 +/- 0.8689
INFO:root:Epoch no. 417 of 500 (samples: 99009)
INFO:root:Loss: 24.5449 +/- 0.7409
INFO:root:Epoch no. 418 of 500 (samples: 99009)
INFO:root:Loss: 24.7329 +/- 1.0662
INFO:root:Epoch no. 419 of 500 (samples: 99009)
INFO:root:Loss: 24.8504 +/- 0.6687
INFO:root:Epoch no. 420 of 500 (samples: 99009)
INFO:root:Loss: 24.7459 +/- 0.5655
INFO:root:Epoch no. 421 of 500 (samples: 99009)
INFO:root:Loss: 24.7561 +/- 0.6798
INFO:root:Epoch no. 422 of 500 (samples: 99009)
INFO:root:Loss: 24.7145 +/- 0.8357
INFO:root:Epoch no. 423 of 500 (samples: 99009)
INFO:root:Loss: 24.8649 +/- 0.8236
INFO:root:Epoch no. 424 of 500 (samples: 99009)
INFO:root:Loss: 24.4319 +/- 0.9611
INFO:root:Epoch no. 425 of 500 (samples: 99009)
INFO:root:Loss: 24.7101 +/- 0.8998
INFO:root:Epoch no. 426 of 500 (samples: 99009)
INFO:root:Loss: 24.683 +/- 0.7383
INFO:root:Epoch no. 427 of 500 (samples: 99009)
INFO:root:Loss: 24.7123 +/- 0.9029
INFO:root:Epoch no. 428 of 500 (samples: 99009)
INFO:root:Loss: 24.5192 +/- 1.043
INFO:root:Epoch no. 429 of 500 (samples: 99009)
INFO:root:Loss: 24.8025 +/- 0.8071
INFO:root:Epoch no. 430 of 500 (samples: 99009)
INFO:root:Loss: 24.7486 +/- 0.928
INFO:root:Epoch no. 431 of 500 (samples: 99009)
INFO:root:Loss: 24.8045 +/- 0.9178
INFO:root:Epoch no. 432 of 500 (samples: 99009)
INFO:root:Loss: 24.6497 +/- 0.9251
INFO:root:Epoch no. 433 of 500 (samples: 99009)
INFO:root:Loss: 24.8106 +/- 0.9118
INFO:root:Epoch no. 434 of 500 (samples: 99009)
INFO:root:Loss: 24.5837 +/- 0.7538
INFO:root:Epoch no. 435 of 500 (samples: 99009)
INFO:root:Loss: 24.6742 +/- 0.7128
INFO:root:Epoch no. 436 of 500 (samples: 99009)
INFO:root:Loss: 24.6871 +/- 1.2
INFO:root:Epoch no. 437 of 500 (samples: 99009)
INFO:root:Loss: 24.6565 +/- 0.8077
INFO:root:Epoch no. 438 of 500 (samples: 99009)
INFO:root:Loss: 24.8096 +/- 0.8955
INFO:root:Epoch no. 439 of 500 (samples: 99009)
INFO:root:Loss: 24.6934 +/- 0.7553
INFO:root:Epoch no. 440 of 500 (samples: 99009)
INFO:root:Loss: 24.7128 +/- 0.9228
INFO:root:Epoch no. 441 of 500 (samples: 99009)
INFO:root:Loss: 24.7275 +/- 0.8747
INFO:root:Epoch no. 442 of 500 (samples: 99009)
INFO:root:Loss: 24.5676 +/- 0.8505
INFO:root:Epoch no. 443 of 500 (samples: 99009)
INFO:root:Loss: 24.6991 +/- 0.819
INFO:root:Epoch no. 444 of 500 (samples: 99009)
INFO:root:Loss: 24.5534 +/- 0.636
INFO:root:Epoch no. 445 of 500 (samples: 99009)
INFO:root:Loss: 24.7503 +/- 1.0457
INFO:root:Epoch no. 446 of 500 (samples: 99009)
INFO:root:Loss: 24.4846 +/- 0.8056
INFO:root:Epoch no. 447 of 500 (samples: 99009)
INFO:root:Loss: 24.5623 +/- 0.9206
INFO:root:Epoch no. 448 of 500 (samples: 99009)
INFO:root:Loss: 24.6207 +/- 0.9013
INFO:root:Epoch no. 449 of 500 (samples: 99009)
INFO:root:Loss: 24.4816 +/- 0.9964
INFO:root:Epoch no. 450 of 500 (samples: 99009)
INFO:root:Loss: 24.547 +/- 0.8094
INFO:root:Epoch no. 451 of 500 (samples: 99009)
INFO:root:Loss: 24.7273 +/- 0.8858
INFO:root:Epoch no. 452 of 500 (samples: 99009)
INFO:root:Loss: 24.7596 +/- 1.1791
INFO:root:Epoch no. 453 of 500 (samples: 99009)
INFO:root:Loss: 24.5228 +/- 0.7993
INFO:root:Epoch no. 454 of 500 (samples: 99009)
INFO:root:Loss: 24.5534 +/- 0.7761
INFO:root:Epoch no. 455 of 500 (samples: 99009)
INFO:root:Loss: 24.5699 +/- 0.9266
INFO:root:Epoch no. 456 of 500 (samples: 99009)
INFO:root:Loss: 24.4603 +/- 0.5317
INFO:root:Epoch no. 457 of 500 (samples: 99009)
INFO:root:Loss: 24.6778 +/- 0.9146
INFO:root:Epoch no. 458 of 500 (samples: 99009)
INFO:root:Loss: 24.6087 +/- 0.5523
INFO:root:Epoch no. 459 of 500 (samples: 99009)
INFO:root:Loss: 24.5104 +/- 0.7803
INFO:root:Epoch no. 460 of 500 (samples: 99009)
INFO:root:Loss: 24.4981 +/- 0.8285
INFO:root:Epoch no. 461 of 500 (samples: 99009)
INFO:root:Loss: 24.5419 +/- 0.7021
INFO:root:Epoch no. 462 of 500 (samples: 99009)
INFO:root:Loss: 24.5363 +/- 0.7622
INFO:root:Epoch no. 463 of 500 (samples: 99009)
INFO:root:Loss: 24.8168 +/- 0.7137
INFO:root:Epoch no. 464 of 500 (samples: 99009)
INFO:root:Loss: 24.6542 +/- 0.6863
INFO:root:Epoch no. 465 of 500 (samples: 99009)
INFO:root:Loss: 24.6881 +/- 0.5397
INFO:root:Epoch no. 466 of 500 (samples: 99009)
INFO:root:Loss: 24.4195 +/- 0.8943
INFO:root:Epoch no. 467 of 500 (samples: 99009)
INFO:root:Loss: 24.7842 +/- 1.0312
INFO:root:Epoch no. 468 of 500 (samples: 99009)
INFO:root:Loss: 24.6799 +/- 0.6895
INFO:root:Epoch no. 469 of 500 (samples: 99009)
INFO:root:Loss: 24.6787 +/- 0.8916
INFO:root:Epoch no. 470 of 500 (samples: 99009)
INFO:root:Loss: 24.4122 +/- 0.853
INFO:root:Epoch no. 471 of 500 (samples: 99009)
INFO:root:Loss: 24.7631 +/- 0.6694
INFO:root:Epoch no. 472 of 500 (samples: 99009)
INFO:root:Loss: 24.2701 +/- 1.0668
INFO:root:Epoch no. 473 of 500 (samples: 99009)
INFO:root:Loss: 24.7181 +/- 0.708
INFO:root:Epoch no. 474 of 500 (samples: 99009)
INFO:root:Loss: 24.7374 +/- 0.8987
INFO:root:Epoch no. 475 of 500 (samples: 99009)
INFO:root:Loss: 24.4253 +/- 1.1367
INFO:root:Epoch no. 476 of 500 (samples: 99009)
INFO:root:Loss: 24.5473 +/- 0.4767
INFO:root:Epoch no. 477 of 500 (samples: 99009)
INFO:root:Loss: 24.4617 +/- 0.7537
INFO:root:Epoch no. 478 of 500 (samples: 99009)
INFO:root:Loss: 24.5445 +/- 0.6093
INFO:root:Epoch no. 479 of 500 (samples: 99009)
INFO:root:Loss: 24.4805 +/- 0.7774
INFO:root:Epoch no. 480 of 500 (samples: 99009)
INFO:root:Loss: 24.7335 +/- 1.0182
INFO:root:Epoch no. 481 of 500 (samples: 99009)
INFO:root:Loss: 24.2209 +/- 0.8639
INFO:root:Epoch no. 482 of 500 (samples: 99009)
INFO:root:Loss: 24.7781 +/- 1.0002
INFO:root:Epoch no. 483 of 500 (samples: 99009)
INFO:root:Loss: 24.574 +/- 0.564
INFO:root:Epoch no. 484 of 500 (samples: 99009)
INFO:root:Loss: 24.3584 +/- 0.5475
INFO:root:Epoch no. 485 of 500 (samples: 99009)
INFO:root:Loss: 24.5183 +/- 0.7358
INFO:root:Epoch no. 486 of 500 (samples: 99009)
INFO:root:Loss: 24.5408 +/- 0.8453
INFO:root:Epoch no. 487 of 500 (samples: 99009)
INFO:root:Loss: 24.6227 +/- 0.6715
INFO:root:Epoch no. 488 of 500 (samples: 99009)
INFO:root:Loss: 24.3059 +/- 0.9652
INFO:root:Epoch no. 489 of 500 (samples: 99009)
INFO:root:Loss: 24.5957 +/- 0.6389
INFO:root:Epoch no. 490 of 500 (samples: 99009)
INFO:root:Loss: 24.4531 +/- 0.6262
INFO:root:Epoch no. 491 of 500 (samples: 99009)
INFO:root:Loss: 24.4728 +/- 0.6606
INFO:root:Epoch no. 492 of 500 (samples: 99009)
INFO:root:Loss: 24.1654 +/- 0.6314
INFO:root:Epoch no. 493 of 500 (samples: 99009)
INFO:root:Loss: 24.4314 +/- 0.5495
INFO:root:Epoch no. 494 of 500 (samples: 99009)
INFO:root:Loss: 24.4139 +/- 1.1926
INFO:root:Epoch no. 495 of 500 (samples: 99009)
INFO:root:Loss: 24.5274 +/- 0.8959
INFO:root:Epoch no. 496 of 500 (samples: 99009)
INFO:root:Loss: 24.4635 +/- 0.9887
INFO:root:Epoch no. 497 of 500 (samples: 99009)
INFO:root:Loss: 24.2538 +/- 0.5981
INFO:root:Epoch no. 498 of 500 (samples: 99009)
INFO:root:Loss: 24.4321 +/- 0.6405
INFO:root:Epoch no. 499 of 500 (samples: 99009)
INFO:root:Loss: 24.2238 +/- 0.7788
INFO:root:Epoch no. 500 of 500 (samples: 99009)
INFO:root:Loss: 24.3167 +/- 0.8628
/home/insight/.local/lib/python3.4/site-packages/Keras-1.0.1-py3.4.egg/keras/backend/theano_backend.py:489: UserWarning: theano.function was asked to create a function computing outputs given certain inputs, but the provided input variable at index 2 is not part of the computational graph needed to compute the outputs: keras_learning_phase.
To make this warning into an error, you can pass the parameter on_unused_input='raise' to theano.function. To disable it completely, use on_unused_input='ignore'.
  **kwargs)
INFO:root:### MICRO (validation raw):
INFO:root:	-- left   >> mean: 1516.4694, median: 9.0, mrr: 0.207, hits@1: 5.94%
INFO:root:	-- right  >> mean: 1501.0456, median: 9.0, mrr: 0.203, hits@1: 5.48%
INFO:root:	-- global >> mean: 1508.7575, median: 9.0, mrr: 0.205, hits@1: 5.71%
INFO:root:### MICRO (validation raw):
INFO:root:	-- left   >> mean: 1516.4694, median: 9.0, mrr: 0.207, hits@3: 27.94%
INFO:root:	-- right  >> mean: 1501.0456, median: 9.0, mrr: 0.203, hits@3: 26.86%
INFO:root:	-- global >> mean: 1508.7575, median: 9.0, mrr: 0.205, hits@3: 27.4%
INFO:root:### MICRO (validation raw):
INFO:root:	-- left   >> mean: 1516.4694, median: 9.0, mrr: 0.207, hits@5: 39.9%
INFO:root:	-- right  >> mean: 1501.0456, median: 9.0, mrr: 0.203, hits@5: 38.78%
INFO:root:	-- global >> mean: 1508.7575, median: 9.0, mrr: 0.205, hits@5: 39.34%
INFO:root:### MICRO (validation raw):
INFO:root:	-- left   >> mean: 1516.4694, median: 9.0, mrr: 0.207, hits@10: 51.88%
INFO:root:	-- right  >> mean: 1501.0456, median: 9.0, mrr: 0.203, hits@10: 52.12%
INFO:root:	-- global >> mean: 1508.7575, median: 9.0, mrr: 0.205, hits@10: 52.0%
INFO:root:### MICRO (validation filtered):
INFO:root:	-- left   >> mean: 1507.8056, median: 7.0, mrr: 0.237, hits@1: 6.88%
INFO:root:	-- right  >> mean: 1491.9598, median: 7.0, mrr: 0.236, hits@1: 6.86%
INFO:root:	-- global >> mean: 1499.8827, median: 7.0, mrr: 0.237, hits@1: 6.87%
INFO:root:### MICRO (validation filtered):
INFO:root:	-- left   >> mean: 1507.8056, median: 7.0, mrr: 0.237, hits@3: 33.62%
INFO:root:	-- right  >> mean: 1491.9598, median: 7.0, mrr: 0.236, hits@3: 33.2%
INFO:root:	-- global >> mean: 1499.8827, median: 7.0, mrr: 0.237, hits@3: 33.41%
INFO:root:### MICRO (validation filtered):
INFO:root:	-- left   >> mean: 1507.8056, median: 7.0, mrr: 0.237, hits@5: 45.5%
INFO:root:	-- right  >> mean: 1491.9598, median: 7.0, mrr: 0.236, hits@5: 45.32%
INFO:root:	-- global >> mean: 1499.8827, median: 7.0, mrr: 0.237, hits@5: 45.41%
INFO:root:### MICRO (validation filtered):
INFO:root:	-- left   >> mean: 1507.8056, median: 7.0, mrr: 0.237, hits@10: 56.36%
INFO:root:	-- right  >> mean: 1491.9598, median: 7.0, mrr: 0.236, hits@10: 56.98%
INFO:root:	-- global >> mean: 1499.8827, median: 7.0, mrr: 0.237, hits@10: 56.67%
INFO:root:### MICRO (test raw):
INFO:root:	-- left   >> mean: 1439.576, median: 9.0, mrr: 0.201, hits@1: 5.04%
INFO:root:	-- right  >> mean: 1444.6856, median: 9.0, mrr: 0.203, hits@1: 5.1%
INFO:root:	-- global >> mean: 1442.1308, median: 9.0, mrr: 0.202, hits@1: 5.07%
INFO:root:### MICRO (test raw):
INFO:root:	-- left   >> mean: 1439.576, median: 9.0, mrr: 0.201, hits@3: 27.04%
INFO:root:	-- right  >> mean: 1444.6856, median: 9.0, mrr: 0.203, hits@3: 27.66%
INFO:root:	-- global >> mean: 1442.1308, median: 9.0, mrr: 0.202, hits@3: 27.35%
INFO:root:### MICRO (test raw):
INFO:root:	-- left   >> mean: 1439.576, median: 9.0, mrr: 0.201, hits@5: 39.2%
INFO:root:	-- right  >> mean: 1444.6856, median: 9.0, mrr: 0.203, hits@5: 40.16%
INFO:root:	-- global >> mean: 1442.1308, median: 9.0, mrr: 0.202, hits@5: 39.68%
INFO:root:### MICRO (test raw):
INFO:root:	-- left   >> mean: 1439.576, median: 9.0, mrr: 0.201, hits@10: 52.4%
INFO:root:	-- right  >> mean: 1444.6856, median: 9.0, mrr: 0.203, hits@10: 53.04%
INFO:root:	-- global >> mean: 1442.1308, median: 9.0, mrr: 0.202, hits@10: 52.72%
INFO:root:### MICRO (test filtered):
INFO:root:	-- left   >> mean: 1430.3062, median: 7.0, mrr: 0.235, hits@1: 6.34%
INFO:root:	-- right  >> mean: 1436.3022, median: 7.0, mrr: 0.237, hits@1: 6.56%
INFO:root:	-- global >> mean: 1433.3042, median: 7.0, mrr: 0.236, hits@1: 6.45%
INFO:root:### MICRO (test filtered):
INFO:root:	-- left   >> mean: 1430.3062, median: 7.0, mrr: 0.235, hits@3: 33.62%
INFO:root:	-- right  >> mean: 1436.3022, median: 7.0, mrr: 0.237, hits@3: 33.7%
INFO:root:	-- global >> mean: 1433.3042, median: 7.0, mrr: 0.236, hits@3: 33.66%
INFO:root:### MICRO (test filtered):
INFO:root:	-- left   >> mean: 1430.3062, median: 7.0, mrr: 0.235, hits@5: 45.92%
INFO:root:	-- right  >> mean: 1436.3022, median: 7.0, mrr: 0.237, hits@5: 46.28%
INFO:root:	-- global >> mean: 1433.3042, median: 7.0, mrr: 0.236, hits@5: 46.1%
INFO:root:### MICRO (test filtered):
INFO:root:	-- left   >> mean: 1430.3062, median: 7.0, mrr: 0.235, hits@10: 57.42%
INFO:root:	-- right  >> mean: 1436.3022, median: 7.0, mrr: 0.237, hits@10: 57.94%
INFO:root:	-- global >> mean: 1433.3042, median: 7.0, mrr: 0.236, hits@10: 57.68%
