Using Theano backend.
INFO:root:Acquiring data/wn18/wordnet-mlj12-train.txt ..
INFO:root:Acquiring data/wn18/wordnet-mlj12-valid.txt ..
INFO:root:Acquiring data/wn18/wordnet-mlj12-test.txt ..
INFO:root:[Rules] Adding Head: 15, Tail: [(10, True)]
INFO:root:[Rules] Adding Head: 12, Tail: [(17, True)]
INFO:root:[Rules] Adding Head: 4, Tail: [(5, True)]
INFO:root:[Rules] Adding Head: 13, Tail: [(3, True)]
INFO:root:[Rules] Adding Head: 5, Tail: [(4, True)]
INFO:root:[Rules] Adding Head: 16, Tail: [(11, True)]
INFO:root:[Rules] Adding Head: 17, Tail: [(12, True)]
INFO:root:[Rules] Adding Head: 11, Tail: [(16, True)]
INFO:root:[Rules] Adding Head: 8, Tail: [(9, True)]
INFO:root:[Rules] Adding Head: 2, Tail: [(2, True)]
INFO:root:Samples: 127298, no. batches: 10 -> batch size: 12730
INFO:root:Epoch no. 1 of 500 (samples: 127298)
INFO:root:Loss: 6878202445.55 +/- 343229582.417
INFO:root:Epoch no. 2 of 500 (samples: 127298)
INFO:root:Loss: 6727935479.01 +/- 303346.913
INFO:root:Epoch no. 3 of 500 (samples: 127298)
INFO:root:Loss: 6727845770.86 +/- 306756.7149
INFO:root:Epoch no. 4 of 500 (samples: 127298)
INFO:root:Loss: 6727776139.35 +/- 308231.4081
INFO:root:Epoch no. 5 of 500 (samples: 127298)
INFO:root:Loss: 6727718061.82 +/- 309317.326
INFO:root:Epoch no. 6 of 500 (samples: 127298)
INFO:root:Loss: 6727666530.1 +/- 310195.2632
INFO:root:Epoch no. 7 of 500 (samples: 127298)
INFO:root:Loss: 6727621060.92 +/- 310811.6361
INFO:root:Epoch no. 8 of 500 (samples: 127298)
INFO:root:Loss: 6727579281.98 +/- 311076.6724
INFO:root:Epoch no. 9 of 500 (samples: 127298)
INFO:root:Loss: 6727540797.93 +/- 311874.7552
INFO:root:Epoch no. 10 of 500 (samples: 127298)
INFO:root:Loss: 6727504730.08 +/- 311876.268
INFO:root:Epoch no. 11 of 500 (samples: 127298)
INFO:root:Loss: 6727470727.05 +/- 312502.0103
INFO:root:Epoch no. 12 of 500 (samples: 127298)
INFO:root:Loss: 6727438744.86 +/- 312760.398
INFO:root:Epoch no. 13 of 500 (samples: 127298)
INFO:root:Loss: 6727408256.33 +/- 312802.8211
INFO:root:Epoch no. 14 of 500 (samples: 127298)
INFO:root:Loss: 6727378558.56 +/- 312887.2776
INFO:root:Epoch no. 15 of 500 (samples: 127298)
INFO:root:Loss: 6727351189.18 +/- 313061.3653
INFO:root:Epoch no. 16 of 500 (samples: 127298)
INFO:root:Loss: 6727323775.88 +/- 313405.8289
INFO:root:Epoch no. 17 of 500 (samples: 127298)
INFO:root:Loss: 6727298866.64 +/- 313072.6652
INFO:root:Epoch no. 18 of 500 (samples: 127298)
INFO:root:Loss: 6727272771.29 +/- 313418.3826
INFO:root:Epoch no. 19 of 500 (samples: 127298)
INFO:root:Loss: 6727249180.03 +/- 313663.7301
INFO:root:Epoch no. 20 of 500 (samples: 127298)
INFO:root:Loss: 6727225325.17 +/- 313699.1521
INFO:root:Epoch no. 21 of 500 (samples: 127298)
INFO:root:Loss: 6727202436.81 +/- 313852.4739
INFO:root:Epoch no. 22 of 500 (samples: 127298)
INFO:root:Loss: 6727179680.25 +/- 314119.4706
INFO:root:Epoch no. 23 of 500 (samples: 127298)
INFO:root:Loss: 6727158549.15 +/- 313981.5213
INFO:root:Epoch no. 24 of 500 (samples: 127298)
INFO:root:Loss: 6727137154.45 +/- 313935.3321
INFO:root:Epoch no. 25 of 500 (samples: 127298)
INFO:root:Loss: 6727116462.69 +/- 314383.8222
INFO:root:Epoch no. 26 of 500 (samples: 127298)
INFO:root:Loss: 6727096342.0 +/- 314059.8552
INFO:root:Epoch no. 27 of 500 (samples: 127298)
INFO:root:Loss: 6727076748.52 +/- 314439.2437
INFO:root:Epoch no. 28 of 500 (samples: 127298)
INFO:root:Loss: 6727057418.61 +/- 314288.939
INFO:root:Epoch no. 29 of 500 (samples: 127298)
INFO:root:Loss: 6727038440.17 +/- 314608.176
INFO:root:Epoch no. 30 of 500 (samples: 127298)
INFO:root:Loss: 6727019857.08 +/- 314213.7504
INFO:root:Epoch no. 31 of 500 (samples: 127298)
INFO:root:Loss: 6727001317.95 +/- 314237.5107
INFO:root:Epoch no. 32 of 500 (samples: 127298)
INFO:root:Loss: 6726983130.28 +/- 314589.5888
INFO:root:Epoch no. 33 of 500 (samples: 127298)
INFO:root:Loss: 6726965557.64 +/- 314589.9875
INFO:root:Epoch no. 34 of 500 (samples: 127298)
INFO:root:Loss: 6726948116.79 +/- 314536.5203
INFO:root:Epoch no. 35 of 500 (samples: 127298)
INFO:root:Loss: 6726930939.53 +/- 314553.9206
INFO:root:Epoch no. 36 of 500 (samples: 127298)
INFO:root:Loss: 6726913894.06 +/- 314377.4047
INFO:root:Epoch no. 37 of 500 (samples: 127298)
INFO:root:Loss: 6726897595.45 +/- 314685.2525
INFO:root:Epoch no. 38 of 500 (samples: 127298)
INFO:root:Loss: 6726881033.24 +/- 314786.3488
INFO:root:Epoch no. 39 of 500 (samples: 127298)
INFO:root:Loss: 6726864866.42 +/- 315042.5086
INFO:root:Epoch no. 40 of 500 (samples: 127298)
INFO:root:Loss: 6726848919.25 +/- 314942.5122
INFO:root:Epoch no. 41 of 500 (samples: 127298)
INFO:root:Loss: 6726833411.39 +/- 314979.4449
INFO:root:Epoch no. 42 of 500 (samples: 127298)
INFO:root:Loss: 6726817727.8 +/- 314791.3404
INFO:root:Epoch no. 43 of 500 (samples: 127298)
INFO:root:Loss: 6726802922.84 +/- 314602.7425
INFO:root:Epoch no. 44 of 500 (samples: 127298)
INFO:root:Loss: 6726787458.92 +/- 314630.8121
INFO:root:Epoch no. 45 of 500 (samples: 127298)
INFO:root:Loss: 6726772522.19 +/- 315065.8731
INFO:root:Epoch no. 46 of 500 (samples: 127298)
INFO:root:Loss: 6726757936.9 +/- 315092.6921
INFO:root:Epoch no. 47 of 500 (samples: 127298)
INFO:root:Loss: 6726743527.33 +/- 314919.6452
INFO:root:Epoch no. 48 of 500 (samples: 127298)
INFO:root:Loss: 6726728766.31 +/- 315008.0429
INFO:root:Epoch no. 49 of 500 (samples: 127298)
INFO:root:Loss: 6726714883.92 +/- 314799.7342
INFO:root:Epoch no. 50 of 500 (samples: 127298)
INFO:root:Loss: 6726700474.36 +/- 315063.3958
INFO:root:Epoch no. 51 of 500 (samples: 127298)
INFO:root:Loss: 6726686767.7 +/- 314943.9986
INFO:root:Epoch no. 52 of 500 (samples: 127298)
INFO:root:Loss: 6726672885.31 +/- 314884.7855
INFO:root:Epoch no. 53 of 500 (samples: 127298)
INFO:root:Loss: 6726659705.82 +/- 314738.4861
INFO:root:Epoch no. 54 of 500 (samples: 127298)
INFO:root:Loss: 6726645779.52 +/- 315280.2642
INFO:root:Epoch no. 55 of 500 (samples: 127298)
INFO:root:Loss: 6726632995.42 +/- 315142.9598
INFO:root:Epoch no. 56 of 500 (samples: 127298)
INFO:root:Loss: 6726619244.83 +/- 315191.6145
INFO:root:Epoch no. 57 of 500 (samples: 127298)
INFO:root:Loss: 6726606285.01 +/- 315111.7371
INFO:root:Epoch no. 58 of 500 (samples: 127298)
INFO:root:Loss: 6726593413.04 +/- 315007.3901
INFO:root:Epoch no. 59 of 500 (samples: 127298)
INFO:root:Loss: 6726580541.1 +/- 315342.1848
INFO:root:Epoch no. 60 of 500 (samples: 127298)
INFO:root:Loss: 6726567800.92 +/- 315055.917
INFO:root:Epoch no. 61 of 500 (samples: 127298)
INFO:root:Loss: 6726555060.77 +/- 315487.5438
INFO:root:Epoch no. 62 of 500 (samples: 127298)
INFO:root:Loss: 6726542979.57 +/- 315266.971
INFO:root:Epoch no. 63 of 500 (samples: 127298)
INFO:root:Loss: 6726529844.03 +/- 315548.9111
INFO:root:Epoch no. 64 of 500 (samples: 127298)
INFO:root:Loss: 6726517191.72 +/- 315224.4731
INFO:root:Epoch no. 65 of 500 (samples: 127298)
INFO:root:Loss: 6726504846.92 +/- 314947.6104
INFO:root:Epoch no. 66 of 500 (samples: 127298)
INFO:root:Loss: 6726493336.87 +/- 315410.7968
INFO:root:Epoch no. 67 of 500 (samples: 127298)
INFO:root:Loss: 6726481167.8 +/- 315222.1015
INFO:root:Epoch no. 68 of 500 (samples: 127298)
INFO:root:Loss: 6726469262.34 +/- 315234.3283
INFO:root:Epoch no. 69 of 500 (samples: 127298)
INFO:root:Loss: 6726457269.03 +/- 315572.5376
INFO:root:Epoch no. 70 of 500 (samples: 127298)
INFO:root:Loss: 6726446286.12 +/- 315426.2357
INFO:root:Epoch no. 71 of 500 (samples: 127298)
INFO:root:Loss: 6726434204.92 +/- 315352.9784
INFO:root:Epoch no. 72 of 500 (samples: 127298)
INFO:root:Loss: 6726422650.92 +/- 315541.2284
INFO:root:Epoch no. 73 of 500 (samples: 127298)
INFO:root:Loss: 6726411536.21 +/- 315289.0588
INFO:root:Epoch no. 74 of 500 (samples: 127298)
INFO:root:Loss: 6726399806.49 +/- 315684.5983
INFO:root:Epoch no. 75 of 500 (samples: 127298)
INFO:root:Loss: 6726388296.39 +/- 315276.0591
INFO:root:Epoch no. 76 of 500 (samples: 127298)
INFO:root:Loss: 6726377093.84 +/- 315490.0481
INFO:root:Epoch no. 77 of 500 (samples: 127298)
INFO:root:Loss: 6726366198.81 +/- 315463.3368
INFO:root:Epoch no. 78 of 500 (samples: 127298)
INFO:root:Loss: 6726355128.03 +/- 315199.5084
INFO:root:Epoch no. 79 of 500 (samples: 127298)
INFO:root:Loss: 6726344496.59 +/- 315376.1564
INFO:root:Epoch no. 80 of 500 (samples: 127298)
INFO:root:Loss: 6726333250.1 +/- 315461.906
INFO:root:Epoch no. 81 of 500 (samples: 127298)
INFO:root:Loss: 6726322223.28 +/- 315620.9814
INFO:root:Epoch no. 82 of 500 (samples: 127298)
INFO:root:Loss: 6726311679.69 +/- 315472.8291
INFO:root:Epoch no. 83 of 500 (samples: 127298)
INFO:root:Loss: 6726301048.23 +/- 315210.1825
INFO:root:Epoch no. 84 of 500 (samples: 127298)
INFO:root:Loss: 6726290021.41 +/- 315664.948
INFO:root:Epoch no. 85 of 500 (samples: 127298)
INFO:root:Loss: 6726279433.9 +/- 315680.8805
INFO:root:Epoch no. 86 of 500 (samples: 127298)
INFO:root:Loss: 6726268846.38 +/- 315691.671
INFO:root:Epoch no. 87 of 500 (samples: 127298)
INFO:root:Loss: 6726258610.31 +/- 315586.2802
INFO:root:Epoch no. 88 of 500 (samples: 127298)
INFO:root:Loss: 6726248286.39 +/- 315660.9631
INFO:root:Epoch no. 89 of 500 (samples: 127298)
INFO:root:Loss: 6726238401.77 +/- 315441.6343
INFO:root:Epoch no. 90 of 500 (samples: 127298)
INFO:root:Loss: 6726227858.18 +/- 315440.7702
INFO:root:Epoch no. 91 of 500 (samples: 127298)
INFO:root:Loss: 6726217534.27 +/- 315663.1818
INFO:root:Epoch no. 92 of 500 (samples: 127298)
INFO:root:Loss: 6726207298.2 +/- 315555.0057
INFO:root:Epoch no. 93 of 500 (samples: 127298)
INFO:root:Loss: 6726197106.07 +/- 315585.5826
INFO:root:Epoch no. 94 of 500 (samples: 127298)
INFO:root:Loss: 6726187177.53 +/- 315671.0295
INFO:root:Epoch no. 95 of 500 (samples: 127298)
INFO:root:Loss: 6726177556.51 +/- 315657.5679
INFO:root:Epoch no. 96 of 500 (samples: 127298)
INFO:root:Loss: 6726166968.99 +/- 315671.5442
INFO:root:Epoch no. 97 of 500 (samples: 127298)
INFO:root:Loss: 6726156864.73 +/- 315817.7105
INFO:root:Epoch no. 98 of 500 (samples: 127298)
INFO:root:Loss: 6726147375.49 +/- 315465.3288
INFO:root:Epoch no. 99 of 500 (samples: 127298)
INFO:root:Loss: 6726137359.08 +/- 315437.6056
INFO:root:Epoch no. 100 of 500 (samples: 127298)
INFO:root:Loss: 6726128572.77 +/- 315726.6513
INFO:root:Epoch no. 101 of 500 (samples: 127298)
INFO:root:Loss: 6726118644.23 +/- 315669.144
INFO:root:Epoch no. 102 of 500 (samples: 127298)
INFO:root:Loss: 6726108276.37 +/- 315609.7346
INFO:root:Epoch no. 103 of 500 (samples: 127298)
INFO:root:Loss: 6726099006.8 +/- 315623.4265
INFO:root:Epoch no. 104 of 500 (samples: 127298)
INFO:root:Loss: 6726089429.71 +/- 315739.9201
INFO:root:Epoch no. 105 of 500 (samples: 127298)
INFO:root:Loss: 6726079940.49 +/- 315825.8577
INFO:root:Epoch no. 106 of 500 (samples: 127298)
INFO:root:Loss: 6726071242.01 +/- 315358.1353
INFO:root:Epoch no. 107 of 500 (samples: 127298)
INFO:root:Loss: 6726061401.33 +/- 315269.7383
INFO:root:Epoch no. 108 of 500 (samples: 127298)
INFO:root:Loss: 6726051736.4 +/- 315709.0701
INFO:root:Epoch no. 109 of 500 (samples: 127298)
INFO:root:Loss: 6726042862.21 +/- 315592.8212
INFO:root:Epoch no. 110 of 500 (samples: 127298)
INFO:root:Loss: 6726033329.05 +/- 315546.4382
INFO:root:Epoch no. 111 of 500 (samples: 127298)
INFO:root:Loss: 6726024103.42 +/- 315692.3343
INFO:root:Epoch no. 112 of 500 (samples: 127298)
INFO:root:Loss: 6726015536.76 +/- 315913.7893
INFO:root:Epoch no. 113 of 500 (samples: 127298)
INFO:root:Loss: 6726005871.81 +/- 315909.9127
INFO:root:Epoch no. 114 of 500 (samples: 127298)
INFO:root:Loss: 6725996646.15 +/- 315326.1716
INFO:root:Epoch no. 115 of 500 (samples: 127298)
INFO:root:Loss: 6725987288.74 +/- 315807.7615
INFO:root:Epoch no. 116 of 500 (samples: 127298)
INFO:root:Loss: 6725978546.34 +/- 315644.0293
INFO:root:Epoch no. 117 of 500 (samples: 127298)
INFO:root:Loss: 6725969847.89 +/- 315762.6571
INFO:root:Epoch no. 118 of 500 (samples: 127298)
INFO:root:Loss: 6725961149.42 +/- 315585.3002
INFO:root:Epoch no. 119 of 500 (samples: 127298)
INFO:root:Loss: 6725952363.11 +/- 315734.2537
INFO:root:Epoch no. 120 of 500 (samples: 127298)
INFO:root:Loss: 6725942917.82 +/- 315952.3676
INFO:root:Epoch no. 121 of 500 (samples: 127298)
INFO:root:Loss: 6725933780.05 +/- 315920.8068
INFO:root:Epoch no. 122 of 500 (samples: 127298)
INFO:root:Loss: 6725925389.11 +/- 315789.9471
INFO:root:Epoch no. 123 of 500 (samples: 127298)
INFO:root:Loss: 6725916646.72 +/- 315921.5875
INFO:root:Epoch no. 124 of 500 (samples: 127298)
INFO:root:Loss: 6725908255.78 +/- 315786.6338
INFO:root:Epoch no. 125 of 500 (samples: 127298)
INFO:root:Loss: 6725900040.57 +/- 315745.4274
INFO:root:Epoch no. 126 of 500 (samples: 127298)
INFO:root:Loss: 6725890946.72 +/- 315701.9798
INFO:root:Epoch no. 127 of 500 (samples: 127298)
INFO:root:Loss: 6725882204.35 +/- 315977.8598
INFO:root:Epoch no. 128 of 500 (samples: 127298)
INFO:root:Loss: 6725873593.74 +/- 315627.9015
INFO:root:Epoch no. 129 of 500 (samples: 127298)
INFO:root:Loss: 6725864719.55 +/- 315654.6678
INFO:root:Epoch no. 130 of 500 (samples: 127298)
INFO:root:Loss: 6725856636.14 +/- 315564.3963
INFO:root:Epoch no. 131 of 500 (samples: 127298)
INFO:root:Loss: 6725848420.94 +/- 315961.4523
INFO:root:Epoch no. 132 of 500 (samples: 127298)
INFO:root:Loss: 6725840030.01 +/- 315975.3221
INFO:root:Epoch no. 133 of 500 (samples: 127298)
INFO:root:Loss: 6725831375.47 +/- 315784.1098
INFO:root:Epoch no. 134 of 500 (samples: 127298)
INFO:root:Loss: 6725823072.4 +/- 315770.2818
INFO:root:Epoch no. 135 of 500 (samples: 127298)
INFO:root:Loss: 6725814857.19 +/- 315870.9592
INFO:root:Epoch no. 136 of 500 (samples: 127298)
INFO:root:Loss: 6725806641.98 +/- 315826.1469
INFO:root:Epoch no. 137 of 500 (samples: 127298)
INFO:root:Loss: 6725798251.05 +/- 315840.8109
INFO:root:Epoch no. 138 of 500 (samples: 127298)
INFO:root:Loss: 6725790738.74 +/- 315854.7153
INFO:root:Epoch no. 139 of 500 (samples: 127298)
INFO:root:Loss: 6725782259.94 +/- 315753.2033
INFO:root:Epoch no. 140 of 500 (samples: 127298)
INFO:root:Loss: 6725773825.06 +/- 315489.556
INFO:root:Epoch no. 141 of 500 (samples: 127298)
INFO:root:Loss: 6725765873.46 +/- 315940.9068
INFO:root:Epoch no. 142 of 500 (samples: 127298)
INFO:root:Loss: 6725757482.52 +/- 315813.2853
INFO:root:Epoch no. 143 of 500 (samples: 127298)
INFO:root:Loss: 6725749311.24 +/- 315751.1612
INFO:root:Epoch no. 144 of 500 (samples: 127298)
INFO:root:Loss: 6725741623.22 +/- 315970.439
INFO:root:Epoch no. 145 of 500 (samples: 127298)
INFO:root:Loss: 6725733979.1 +/- 315590.3787
INFO:root:Epoch no. 146 of 500 (samples: 127298)
INFO:root:Loss: 6725725719.98 +/- 315999.238
INFO:root:Epoch no. 147 of 500 (samples: 127298)
INFO:root:Loss: 6725717592.63 +/- 315925.4515
INFO:root:Epoch no. 148 of 500 (samples: 127298)
INFO:root:Loss: 6725709509.21 +/- 315835.1001
INFO:root:Epoch no. 149 of 500 (samples: 127298)
INFO:root:Loss: 6725701337.93 +/- 315780.4858
INFO:root:Epoch no. 150 of 500 (samples: 127298)
INFO:root:Loss: 6725693386.31 +/- 315792.6241
INFO:root:Epoch no. 151 of 500 (samples: 127298)
INFO:root:Loss: 6725685566.49 +/- 316055.0177
INFO:root:Epoch no. 152 of 500 (samples: 127298)
INFO:root:Loss: 6725678185.97 +/- 315877.8452
INFO:root:Epoch no. 153 of 500 (samples: 127298)
INFO:root:Loss: 6725670014.69 +/- 315673.6257
INFO:root:Epoch no. 154 of 500 (samples: 127298)
INFO:root:Loss: 6725661975.21 +/- 315863.3249
INFO:root:Epoch no. 155 of 500 (samples: 127298)
INFO:root:Loss: 6725654199.32 +/- 315817.5554
INFO:root:Epoch no. 156 of 500 (samples: 127298)
INFO:root:Loss: 6725646774.87 +/- 315804.2168
INFO:root:Epoch no. 157 of 500 (samples: 127298)
INFO:root:Loss: 6725639042.92 +/- 315890.5437
INFO:root:Epoch no. 158 of 500 (samples: 127298)
INFO:root:Loss: 6725631574.55 +/- 316037.5761
INFO:root:Epoch no. 159 of 500 (samples: 127298)
INFO:root:Loss: 6725624457.64 +/- 316211.5822
INFO:root:Epoch no. 160 of 500 (samples: 127298)
INFO:root:Loss: 6725616330.27 +/- 315847.4104
INFO:root:Epoch no. 161 of 500 (samples: 127298)
INFO:root:Loss: 6725608905.83 +/- 315832.2521
INFO:root:Epoch no. 162 of 500 (samples: 127298)
INFO:root:Loss: 6725600690.62 +/- 315788.3157
INFO:root:Epoch no. 163 of 500 (samples: 127298)
INFO:root:Loss: 6725593266.19 +/- 315919.1633
INFO:root:Epoch no. 164 of 500 (samples: 127298)
INFO:root:Loss: 6725585578.17 +/- 316136.4269
INFO:root:Epoch no. 165 of 500 (samples: 127298)
INFO:root:Loss: 6725578285.5 +/- 315639.9429
INFO:root:Epoch no. 166 of 500 (samples: 127298)
INFO:root:Loss: 6725570905.01 +/- 316047.2312
INFO:root:Epoch no. 167 of 500 (samples: 127298)
INFO:root:Loss: 6725564095.6 +/- 315830.6287
INFO:root:Epoch no. 168 of 500 (samples: 127298)
INFO:root:Loss: 6725556495.44 +/- 316020.1108
INFO:root:Epoch no. 169 of 500 (samples: 127298)
INFO:root:Loss: 6725548631.67 +/- 315711.0658
INFO:root:Epoch no. 170 of 500 (samples: 127298)
INFO:root:Loss: 6725541295.1 +/- 315958.3083
INFO:root:Epoch no. 171 of 500 (samples: 127298)
INFO:root:Loss: 6725533826.72 +/- 315814.3867
INFO:root:Epoch no. 172 of 500 (samples: 127298)
INFO:root:Loss: 6725526446.22 +/- 315929.4372
INFO:root:Epoch no. 173 of 500 (samples: 127298)
INFO:root:Loss: 6725519197.51 +/- 316002.6486
INFO:root:Epoch no. 174 of 500 (samples: 127298)
INFO:root:Loss: 6725512563.83 +/- 315869.3048
INFO:root:Epoch no. 175 of 500 (samples: 127298)
INFO:root:Loss: 6725504744.01 +/- 315990.2874
INFO:root:Epoch no. 176 of 500 (samples: 127298)
INFO:root:Loss: 6725497407.42 +/- 315797.298
INFO:root:Epoch no. 177 of 500 (samples: 127298)
INFO:root:Loss: 6725490026.91 +/- 315766.7968
INFO:root:Epoch no. 178 of 500 (samples: 127298)
INFO:root:Loss: 6725482690.34 +/- 316014.9828
INFO:root:Epoch no. 179 of 500 (samples: 127298)
INFO:root:Loss: 6725475749.15 +/- 315986.5998
INFO:root:Epoch no. 180 of 500 (samples: 127298)
INFO:root:Loss: 6725468324.71 +/- 316116.5934
INFO:root:Epoch no. 181 of 500 (samples: 127298)
INFO:root:Loss: 6725461471.38 +/- 316058.8553
INFO:root:Epoch no. 182 of 500 (samples: 127298)
INFO:root:Loss: 6725454837.71 +/- 316072.3875
INFO:root:Epoch no. 183 of 500 (samples: 127298)
INFO:root:Loss: 6725447457.19 +/- 315898.1878
INFO:root:Epoch no. 184 of 500 (samples: 127298)
INFO:root:Loss: 6725440120.62 +/- 315999.7761
INFO:root:Epoch no. 185 of 500 (samples: 127298)
INFO:root:Loss: 6725432959.77 +/- 316042.7438
INFO:root:Epoch no. 186 of 500 (samples: 127298)
INFO:root:Loss: 6725426282.16 +/- 315924.1047
INFO:root:Epoch no. 187 of 500 (samples: 127298)
INFO:root:Loss: 6725418769.86 +/- 315939.4889
INFO:root:Epoch no. 188 of 500 (samples: 127298)
INFO:root:Loss: 6725412267.98 +/- 315908.5543
INFO:root:Epoch no. 189 of 500 (samples: 127298)
INFO:root:Loss: 6725405194.99 +/- 315923.1107
INFO:root:Epoch no. 190 of 500 (samples: 127298)
INFO:root:Loss: 6725398737.04 +/- 315879.2771
INFO:root:Epoch no. 191 of 500 (samples: 127298)
INFO:root:Loss: 6725391883.7 +/- 315674.8479
INFO:root:Epoch no. 192 of 500 (samples: 127298)
INFO:root:Loss: 6725384766.8 +/- 316143.275
INFO:root:Epoch no. 193 of 500 (samples: 127298)
INFO:root:Loss: 6725377254.5 +/- 316156.7864
INFO:root:Epoch no. 194 of 500 (samples: 127298)
INFO:root:Loss: 6725370884.41 +/- 316082.0851
INFO:root:Epoch no. 195 of 500 (samples: 127298)
INFO:root:Loss: 6725363591.76 +/- 315878.4147
INFO:root:Epoch no. 196 of 500 (samples: 127298)
INFO:root:Loss: 6725356562.7 +/- 315877.6556
INFO:root:Epoch no. 197 of 500 (samples: 127298)
INFO:root:Loss: 6725350236.56 +/- 316081.7834
INFO:root:Epoch no. 198 of 500 (samples: 127298)
INFO:root:Loss: 6725343471.1 +/- 316139.0087
INFO:root:Epoch no. 199 of 500 (samples: 127298)
INFO:root:Loss: 6725336442.02 +/- 315845.6578
INFO:root:Epoch no. 200 of 500 (samples: 127298)
INFO:root:Loss: 6725329544.77 +/- 315948.2655
INFO:root:Epoch no. 201 of 500 (samples: 127298)
INFO:root:Loss: 6725322779.31 +/- 316153.6691
INFO:root:Epoch no. 202 of 500 (samples: 127298)
INFO:root:Loss: 6725315838.12 +/- 316122.9181
INFO:root:Epoch no. 203 of 500 (samples: 127298)
INFO:root:Loss: 6725309204.44 +/- 315990.9176
INFO:root:Epoch no. 204 of 500 (samples: 127298)
INFO:root:Loss: 6725302526.85 +/- 316313.0285
INFO:root:Epoch no. 205 of 500 (samples: 127298)
INFO:root:Loss: 6725295805.29 +/- 315918.2597
INFO:root:Epoch no. 206 of 500 (samples: 127298)
INFO:root:Loss: 6725289567.02 +/- 316091.9612
INFO:root:Epoch no. 207 of 500 (samples: 127298)
INFO:root:Loss: 6725282801.54 +/- 316007.3925
INFO:root:Epoch no. 208 of 500 (samples: 127298)
INFO:root:Loss: 6725275772.49 +/- 316004.1908
INFO:root:Epoch no. 209 of 500 (samples: 127298)
INFO:root:Loss: 6725268831.31 +/- 316267.6662
INFO:root:Epoch no. 210 of 500 (samples: 127298)
INFO:root:Loss: 6725262109.77 +/- 316167.781
INFO:root:Epoch no. 211 of 500 (samples: 127298)
INFO:root:Loss: 6725255300.36 +/- 316092.8492
INFO:root:Epoch no. 212 of 500 (samples: 127298)
INFO:root:Loss: 6725248622.76 +/- 316123.1684
INFO:root:Epoch no. 213 of 500 (samples: 127298)
INFO:root:Loss: 6725242384.47 +/- 316002.9833
INFO:root:Epoch no. 214 of 500 (samples: 127298)
INFO:root:Loss: 6725235794.73 +/- 316149.2635
INFO:root:Epoch no. 215 of 500 (samples: 127298)
INFO:root:Loss: 6725229820.03 +/- 315943.5646
INFO:root:Epoch no. 216 of 500 (samples: 127298)
INFO:root:Loss: 6725223230.27 +/- 315650.1193
INFO:root:Epoch no. 217 of 500 (samples: 127298)
INFO:root:Loss: 6725216772.34 +/- 315898.6057
INFO:root:Epoch no. 218 of 500 (samples: 127298)
INFO:root:Loss: 6725209787.21 +/- 315736.9717
INFO:root:Epoch no. 219 of 500 (samples: 127298)
INFO:root:Loss: 6725203461.07 +/- 316086.9864
INFO:root:Epoch no. 220 of 500 (samples: 127298)
INFO:root:Loss: 6725197047.07 +/- 316321.7189
INFO:root:Epoch no. 221 of 500 (samples: 127298)
INFO:root:Loss: 6725190369.45 +/- 316057.7837
INFO:root:Epoch no. 222 of 500 (samples: 127298)
INFO:root:Loss: 6725184219.04 +/- 316350.9815
INFO:root:Epoch no. 223 of 500 (samples: 127298)
INFO:root:Loss: 6725178024.68 +/- 316219.4898
INFO:root:Epoch no. 224 of 500 (samples: 127298)
INFO:root:Loss: 6725171830.32 +/- 316088.9756
INFO:root:Epoch no. 225 of 500 (samples: 127298)
INFO:root:Loss: 6725165416.3 +/- 316030.4375
INFO:root:Epoch no. 226 of 500 (samples: 127298)
INFO:root:Loss: 6725159046.21 +/- 315808.9076
INFO:root:Epoch no. 227 of 500 (samples: 127298)
INFO:root:Loss: 6725151885.38 +/- 316291.1598
INFO:root:Epoch no. 228 of 500 (samples: 127298)
INFO:root:Loss: 6725145427.43 +/- 316246.8171
INFO:root:Epoch no. 229 of 500 (samples: 127298)
INFO:root:Loss: 6725139277.0 +/- 316246.7102
INFO:root:Epoch no. 230 of 500 (samples: 127298)
INFO:root:Loss: 6725133082.65 +/- 316261.2062
INFO:root:Epoch no. 231 of 500 (samples: 127298)
INFO:root:Loss: 6725126361.11 +/- 316157.5364
INFO:root:Epoch no. 232 of 500 (samples: 127298)
INFO:root:Loss: 6725121045.39 +/- 316172.1755
INFO:root:Epoch no. 233 of 500 (samples: 127298)
INFO:root:Loss: 6725114807.1 +/- 316201.7626
INFO:root:Epoch no. 234 of 500 (samples: 127298)
INFO:root:Loss: 6725108173.42 +/- 316070.556
INFO:root:Epoch no. 235 of 500 (samples: 127298)
INFO:root:Loss: 6725102198.71 +/- 315863.5879
INFO:root:Epoch no. 236 of 500 (samples: 127298)
INFO:root:Loss: 6725095213.59 +/- 315996.5955
INFO:root:Epoch no. 237 of 500 (samples: 127298)
INFO:root:Loss: 6725089326.75 +/- 315760.6048
INFO:root:Epoch no. 238 of 500 (samples: 127298)
INFO:root:Loss: 6725082956.68 +/- 315978.9699
INFO:root:Epoch no. 239 of 500 (samples: 127298)
INFO:root:Loss: 6725077289.51 +/- 316112.5279
INFO:root:Epoch no. 240 of 500 (samples: 127298)
INFO:root:Loss: 6725070699.77 +/- 316257.6553
INFO:root:Epoch no. 241 of 500 (samples: 127298)
INFO:root:Loss: 6725065076.53 +/- 316374.5953
INFO:root:Epoch no. 242 of 500 (samples: 127298)
INFO:root:Loss: 6725058794.3 +/- 316125.7725
INFO:root:Epoch no. 243 of 500 (samples: 127298)
INFO:root:Loss: 6725052995.32 +/- 315862.2461
INFO:root:Epoch no. 244 of 500 (samples: 127298)
INFO:root:Loss: 6725046581.31 +/- 315952.0566
INFO:root:Epoch no. 245 of 500 (samples: 127298)
INFO:root:Loss: 6725039859.78 +/- 316138.9285
INFO:root:Epoch no. 246 of 500 (samples: 127298)
INFO:root:Loss: 6725034236.54 +/- 316255.0821
INFO:root:Epoch no. 247 of 500 (samples: 127298)
INFO:root:Loss: 6725027251.41 +/- 316095.7407
INFO:root:Epoch no. 248 of 500 (samples: 127298)
INFO:root:Loss: 6725021232.78 +/- 316050.6656
INFO:root:Epoch no. 249 of 500 (samples: 127298)
INFO:root:Loss: 6725015521.66 +/- 315903.3369
INFO:root:Epoch no. 250 of 500 (samples: 127298)
INFO:root:Loss: 6725009634.85 +/- 316401.3679
INFO:root:Epoch no. 251 of 500 (samples: 127298)
INFO:root:Loss: 6725003572.27 +/- 316079.7619
INFO:root:Epoch no. 252 of 500 (samples: 127298)
INFO:root:Loss: 6724997773.3 +/- 316108.108
INFO:root:Epoch no. 253 of 500 (samples: 127298)
INFO:root:Loss: 6724991710.74 +/- 316079.0807
INFO:root:Epoch no. 254 of 500 (samples: 127298)
INFO:root:Loss: 6724985208.87 +/- 316340.7462
INFO:root:Epoch no. 255 of 500 (samples: 127298)
INFO:root:Loss: 6724979058.45 +/- 316339.9683
INFO:root:Epoch no. 256 of 500 (samples: 127298)
INFO:root:Loss: 6724973039.8 +/- 316005.3733
INFO:root:Epoch no. 257 of 500 (samples: 127298)
INFO:root:Loss: 6724966801.52 +/- 316181.3746
INFO:root:Epoch no. 258 of 500 (samples: 127298)
INFO:root:Loss: 6724961046.48 +/- 316048.4391
INFO:root:Epoch no. 259 of 500 (samples: 127298)
INFO:root:Loss: 6724955423.22 +/- 315871.206
INFO:root:Epoch no. 260 of 500 (samples: 127298)
INFO:root:Loss: 6724949799.98 +/- 315987.9086
INFO:root:Epoch no. 261 of 500 (samples: 127298)
INFO:root:Loss: 6724943825.3 +/- 316222.336
INFO:root:Epoch no. 262 of 500 (samples: 127298)
INFO:root:Loss: 6724938026.32 +/- 316104.4979
INFO:root:Epoch no. 263 of 500 (samples: 127298)
INFO:root:Loss: 6724931963.76 +/- 316076.6917
INFO:root:Epoch no. 264 of 500 (samples: 127298)
INFO:root:Loss: 6724925374.02 +/- 316223.6023
INFO:root:Epoch no. 265 of 500 (samples: 127298)
INFO:root:Loss: 6724919750.77 +/- 316046.4925
INFO:root:Epoch no. 266 of 500 (samples: 127298)
INFO:root:Loss: 6724913863.93 +/- 315958.403
INFO:root:Epoch no. 267 of 500 (samples: 127298)
INFO:root:Loss: 6724907801.37 +/- 315928.3851
INFO:root:Epoch no. 268 of 500 (samples: 127298)
INFO:root:Loss: 6724902046.33 +/- 315941.7005
INFO:root:Epoch no. 269 of 500 (samples: 127298)
INFO:root:Loss: 6724896467.03 +/- 316335.8919
INFO:root:Epoch no. 270 of 500 (samples: 127298)
INFO:root:Loss: 6724891283.09 +/- 316015.561
INFO:root:Epoch no. 271 of 500 (samples: 127298)
INFO:root:Loss: 6724885484.13 +/- 316191.685
INFO:root:Epoch no. 272 of 500 (samples: 127298)
INFO:root:Loss: 6724879333.7 +/- 316190.2964
INFO:root:Epoch no. 273 of 500 (samples: 127298)
INFO:root:Loss: 6724873534.72 +/- 316072.8994
INFO:root:Epoch no. 274 of 500 (samples: 127298)
INFO:root:Loss: 6724867296.46 +/- 316540.5717
INFO:root:Epoch no. 275 of 500 (samples: 127298)
INFO:root:Loss: 6724861321.74 +/- 316188.6539
INFO:root:Epoch no. 276 of 500 (samples: 127298)
INFO:root:Loss: 6724855962.08 +/- 315924.964
INFO:root:Epoch no. 277 of 500 (samples: 127298)
INFO:root:Loss: 6724850382.77 +/- 316175.0932
INFO:root:Epoch no. 278 of 500 (samples: 127298)
INFO:root:Loss: 6724844583.79 +/- 315910.4066
INFO:root:Epoch no. 279 of 500 (samples: 127298)
INFO:root:Loss: 6724838784.84 +/- 316377.0691
INFO:root:Epoch no. 280 of 500 (samples: 127298)
INFO:root:Loss: 6724833644.83 +/- 316188.2648
INFO:root:Epoch no. 281 of 500 (samples: 127298)
INFO:root:Loss: 6724827933.72 +/- 316043.2025
INFO:root:Epoch no. 282 of 500 (samples: 127298)
INFO:root:Loss: 6724821827.22 +/- 315878.8276
INFO:root:Epoch no. 283 of 500 (samples: 127298)
INFO:root:Loss: 6724816247.91 +/- 315981.0024
INFO:root:Epoch no. 284 of 500 (samples: 127298)
INFO:root:Loss: 6724810448.93 +/- 315863.761
INFO:root:Epoch no. 285 of 500 (samples: 127298)
INFO:root:Loss: 6724804649.98 +/- 316332.6619
INFO:root:Epoch no. 286 of 500 (samples: 127298)
INFO:root:Loss: 6724798411.69 +/- 316216.5799
INFO:root:Epoch no. 287 of 500 (samples: 127298)
INFO:root:Loss: 6724793315.61 +/- 316009.294
INFO:root:Epoch no. 288 of 500 (samples: 127298)
INFO:root:Loss: 6724787868.1 +/- 316067.8842
INFO:root:Epoch no. 289 of 500 (samples: 127298)
INFO:root:Loss: 6724782332.73 +/- 316448.2459
INFO:root:Epoch no. 290 of 500 (samples: 127298)
INFO:root:Loss: 6724776709.48 +/- 316418.771
INFO:root:Epoch no. 291 of 500 (samples: 127298)
INFO:root:Loss: 6724770998.37 +/- 316273.6934
INFO:root:Epoch no. 292 of 500 (samples: 127298)
INFO:root:Loss: 6724765506.9 +/- 315908.2673
INFO:root:Epoch no. 293 of 500 (samples: 127298)
INFO:root:Loss: 6724758917.17 +/- 316200.466
INFO:root:Epoch no. 294 of 500 (samples: 127298)
INFO:root:Loss: 6724754040.77 +/- 316212.5353
INFO:root:Epoch no. 295 of 500 (samples: 127298)
INFO:root:Loss: 6724748505.39 +/- 316300.575
INFO:root:Epoch no. 296 of 500 (samples: 127298)
INFO:root:Loss: 6724742618.54 +/- 315921.3927
INFO:root:Epoch no. 297 of 500 (samples: 127298)
INFO:root:Loss: 6724736951.39 +/- 316489.8402
INFO:root:Epoch no. 298 of 500 (samples: 127298)
INFO:root:Loss: 6724731459.92 +/- 316125.9782
INFO:root:Epoch no. 299 of 500 (samples: 127298)
INFO:root:Loss: 6724726232.05 +/- 315963.3758
INFO:root:Epoch no. 300 of 500 (samples: 127298)
INFO:root:Loss: 6724720477.03 +/- 316416.6692
INFO:root:Epoch no. 301 of 500 (samples: 127298)
INFO:root:Loss: 6724715205.23 +/- 316123.7468
INFO:root:Epoch no. 302 of 500 (samples: 127298)
INFO:root:Loss: 6724709625.9 +/- 315786.0724
INFO:root:Epoch no. 303 of 500 (samples: 127298)
INFO:root:Loss: 6724703958.75 +/- 316356.5966
INFO:root:Epoch no. 304 of 500 (samples: 127298)
INFO:root:Loss: 6724697984.04 +/- 316297.9495
INFO:root:Epoch no. 305 of 500 (samples: 127298)
INFO:root:Loss: 6724693107.62 +/- 316020.0709
INFO:root:Epoch no. 306 of 500 (samples: 127298)
INFO:root:Loss: 6724687484.38 +/- 316137.3366
INFO:root:Epoch no. 307 of 500 (samples: 127298)
INFO:root:Loss: 6724681817.21 +/- 316267.5979
INFO:root:Epoch no. 308 of 500 (samples: 127298)
INFO:root:Loss: 6724676501.48 +/- 316136.3305
INFO:root:Epoch no. 309 of 500 (samples: 127298)
INFO:root:Loss: 6724671449.36 +/- 316356.0402
INFO:root:Epoch no. 310 of 500 (samples: 127298)
INFO:root:Loss: 6724666045.75 +/- 315959.6836
INFO:root:Epoch no. 311 of 500 (samples: 127298)
INFO:root:Loss: 6724660905.77 +/- 316208.145
INFO:root:Epoch no. 312 of 500 (samples: 127298)
INFO:root:Loss: 6724655238.59 +/- 316192.71
INFO:root:Epoch no. 313 of 500 (samples: 127298)
INFO:root:Loss: 6724649615.36 +/- 316458.2007
INFO:root:Epoch no. 314 of 500 (samples: 127298)
INFO:root:Loss: 6724643772.45 +/- 316355.4676
INFO:root:Epoch no. 315 of 500 (samples: 127298)
INFO:root:Loss: 6724638764.23 +/- 315973.9797
INFO:root:Epoch no. 316 of 500 (samples: 127298)
INFO:root:Loss: 6724633272.78 +/- 316046.2768
INFO:root:Epoch no. 317 of 500 (samples: 127298)
INFO:root:Loss: 6724628000.99 +/- 316191.4261
INFO:root:Epoch no. 318 of 500 (samples: 127298)
INFO:root:Loss: 6724622509.55 +/- 316265.2903
INFO:root:Epoch no. 319 of 500 (samples: 127298)
INFO:root:Loss: 6724617149.89 +/- 316147.9341
INFO:root:Epoch no. 320 of 500 (samples: 127298)
INFO:root:Loss: 6724612581.0 +/- 316206.0501
INFO:root:Epoch no. 321 of 500 (samples: 127298)
INFO:root:Loss: 6724607177.42 +/- 316249.2439
INFO:root:Epoch no. 322 of 500 (samples: 127298)
INFO:root:Loss: 6724601510.25 +/- 316382.0073
INFO:root:Epoch no. 323 of 500 (samples: 127298)
INFO:root:Loss: 6724596326.3 +/- 316059.5878
INFO:root:Epoch no. 324 of 500 (samples: 127298)
INFO:root:Loss: 6724590922.72 +/- 316102.8628
INFO:root:Epoch no. 325 of 500 (samples: 127298)
INFO:root:Loss: 6724585475.19 +/- 316013.1651
INFO:root:Epoch no. 326 of 500 (samples: 127298)
INFO:root:Loss: 6724579851.96 +/- 316279.0234
INFO:root:Epoch no. 327 of 500 (samples: 127298)
INFO:root:Loss: 6724574887.68 +/- 316176.8608
INFO:root:Epoch no. 328 of 500 (samples: 127298)
INFO:root:Loss: 6724569835.55 +/- 316101.8687
INFO:root:Epoch no. 329 of 500 (samples: 127298)
INFO:root:Loss: 6724564431.95 +/- 315998.016
INFO:root:Epoch no. 330 of 500 (samples: 127298)
INFO:root:Loss: 6724559160.18 +/- 316437.4209
INFO:root:Epoch no. 331 of 500 (samples: 127298)
INFO:root:Loss: 6724554723.07 +/- 316013.4254
INFO:root:Epoch no. 332 of 500 (samples: 127298)
INFO:root:Loss: 6724549187.69 +/- 316101.6281
INFO:root:Epoch no. 333 of 500 (samples: 127298)
INFO:root:Loss: 6724543828.03 +/- 315982.4535
INFO:root:Epoch no. 334 of 500 (samples: 127298)
INFO:root:Loss: 6724538160.87 +/- 316262.5957
INFO:root:Epoch no. 335 of 500 (samples: 127298)
INFO:root:Loss: 6724533284.46 +/- 316277.8656
INFO:root:Epoch no. 336 of 500 (samples: 127298)
INFO:root:Loss: 6724527836.93 +/- 316041.0013
INFO:root:Epoch no. 337 of 500 (samples: 127298)
INFO:root:Loss: 6724522345.49 +/- 316261.484
INFO:root:Epoch no. 338 of 500 (samples: 127298)
INFO:root:Loss: 6724517161.56 +/- 316230.0364
INFO:root:Epoch no. 339 of 500 (samples: 127298)
INFO:root:Loss: 6724512548.74 +/- 316305.3046
INFO:root:Epoch no. 340 of 500 (samples: 127298)
INFO:root:Loss: 6724507145.16 +/- 316347.3189
INFO:root:Epoch no. 341 of 500 (samples: 127298)
INFO:root:Loss: 6724501829.43 +/- 316214.8307
INFO:root:Epoch no. 342 of 500 (samples: 127298)
INFO:root:Loss: 6724496733.37 +/- 316303.3388
INFO:root:Epoch no. 343 of 500 (samples: 127298)
INFO:root:Loss: 6724491900.88 +/- 316010.8305
INFO:root:Epoch no. 344 of 500 (samples: 127298)
INFO:root:Loss: 6724486673.03 +/- 316288.2935
INFO:root:Epoch no. 345 of 500 (samples: 127298)
INFO:root:Loss: 6724481005.86 +/- 316421.1784
INFO:root:Epoch no. 346 of 500 (samples: 127298)
INFO:root:Loss: 6724475865.84 +/- 316082.7121
INFO:root:Epoch no. 347 of 500 (samples: 127298)
INFO:root:Loss: 6724470945.51 +/- 316111.8053
INFO:root:Epoch no. 348 of 500 (samples: 127298)
INFO:root:Loss: 6724465541.93 +/- 316447.4501
INFO:root:Epoch no. 349 of 500 (samples: 127298)
INFO:root:Loss: 6724460226.2 +/- 316315.755
INFO:root:Epoch no. 350 of 500 (samples: 127298)
INFO:root:Loss: 6724455745.18 +/- 316199.7556
INFO:root:Epoch no. 351 of 500 (samples: 127298)
INFO:root:Loss: 6724450649.12 +/- 316432.9156
INFO:root:Epoch no. 352 of 500 (samples: 127298)
INFO:root:Loss: 6724445596.98 +/- 316211.8748
INFO:root:Epoch no. 353 of 500 (samples: 127298)
INFO:root:Loss: 6724440500.91 +/- 316154.9783
INFO:root:Epoch no. 354 of 500 (samples: 127298)
INFO:root:Loss: 6724435975.95 +/- 316197.7251
INFO:root:Epoch no. 355 of 500 (samples: 127298)
INFO:root:Loss: 6724430528.42 +/- 315815.7935
INFO:root:Epoch no. 356 of 500 (samples: 127298)
INFO:root:Loss: 6724424905.2 +/- 316374.2314
INFO:root:Epoch no. 357 of 500 (samples: 127298)
INFO:root:Loss: 6724419633.4 +/- 316228.1243
INFO:root:Epoch no. 358 of 500 (samples: 127298)
INFO:root:Loss: 6724415108.43 +/- 315976.3246
INFO:root:Epoch no. 359 of 500 (samples: 127298)
INFO:root:Loss: 6724409836.65 +/- 316269.4836
INFO:root:Epoch no. 360 of 500 (samples: 127298)
INFO:root:Loss: 6724404476.99 +/- 316152.9139
INFO:root:Epoch no. 361 of 500 (samples: 127298)
INFO:root:Loss: 6724399864.18 +/- 316372.9289
INFO:root:Epoch no. 362 of 500 (samples: 127298)
INFO:root:Loss: 6724394943.82 +/- 315814.1161
INFO:root:Epoch no. 363 of 500 (samples: 127298)
INFO:root:Loss: 6724389891.71 +/- 316472.9313
INFO:root:Epoch no. 364 of 500 (samples: 127298)
INFO:root:Loss: 6724385191.02 +/- 316284.181
INFO:root:Epoch no. 365 of 500 (samples: 127298)
INFO:root:Loss: 6724380402.49 +/- 316561.3536
INFO:root:Epoch no. 366 of 500 (samples: 127298)
INFO:root:Loss: 6724374911.01 +/- 315900.9437
INFO:root:Epoch no. 367 of 500 (samples: 127298)
INFO:root:Loss: 6724369683.15 +/- 316033.6683
INFO:root:Epoch no. 368 of 500 (samples: 127298)
INFO:root:Loss: 6724364235.64 +/- 316092.4212
INFO:root:Epoch no. 369 of 500 (samples: 127298)
INFO:root:Loss: 6724359798.55 +/- 316251.6249
INFO:root:Epoch no. 370 of 500 (samples: 127298)
INFO:root:Loss: 6724354614.63 +/- 316370.1859
INFO:root:Epoch no. 371 of 500 (samples: 127298)
INFO:root:Loss: 6724349518.55 +/- 316166.9086
INFO:root:Epoch no. 372 of 500 (samples: 127298)
INFO:root:Loss: 6724344598.22 +/- 316194.1501
INFO:root:Epoch no. 373 of 500 (samples: 127298)
INFO:root:Loss: 6724339677.9 +/- 316660.9372
INFO:root:Epoch no. 374 of 500 (samples: 127298)
INFO:root:Loss: 6724334977.2 +/- 316326.2997
INFO:root:Epoch no. 375 of 500 (samples: 127298)
INFO:root:Loss: 6724330496.18 +/- 316354.5119
INFO:root:Epoch no. 376 of 500 (samples: 127298)
INFO:root:Loss: 6724325092.59 +/- 316250.0499
INFO:root:Epoch no. 377 of 500 (samples: 127298)
INFO:root:Loss: 6724320260.11 +/- 316251.1036
INFO:root:Epoch no. 378 of 500 (samples: 127298)
INFO:root:Loss: 6724315559.42 +/- 316059.6889
INFO:root:Epoch no. 379 of 500 (samples: 127298)
INFO:root:Loss: 6724310287.64 +/- 316352.6442
INFO:root:Epoch no. 380 of 500 (samples: 127298)
INFO:root:Loss: 6724305103.7 +/- 316177.853
INFO:root:Epoch no. 381 of 500 (samples: 127298)
INFO:root:Loss: 6724300359.1 +/- 316294.387
INFO:root:Epoch no. 382 of 500 (samples: 127298)
INFO:root:Loss: 6724295614.47 +/- 315970.6918
INFO:root:Epoch no. 383 of 500 (samples: 127298)
INFO:root:Loss: 6724290474.48 +/- 316219.5336
INFO:root:Epoch no. 384 of 500 (samples: 127298)
INFO:root:Loss: 6724285729.87 +/- 316191.3751
INFO:root:Epoch no. 385 of 500 (samples: 127298)
INFO:root:Loss: 6724280897.4 +/- 316336.1658
INFO:root:Epoch no. 386 of 500 (samples: 127298)
INFO:root:Loss: 6724276636.03 +/- 316291.9873
INFO:root:Epoch no. 387 of 500 (samples: 127298)
INFO:root:Loss: 6724271627.82 +/- 316205.6882
INFO:root:Epoch no. 388 of 500 (samples: 127298)
INFO:root:Loss: 6724266795.35 +/- 316203.4463
INFO:root:Epoch no. 389 of 500 (samples: 127298)
INFO:root:Loss: 6724261962.88 +/- 316495.8601
INFO:root:Epoch no. 390 of 500 (samples: 127298)
INFO:root:Loss: 6724257218.26 +/- 316321.6581
INFO:root:Epoch no. 391 of 500 (samples: 127298)
INFO:root:Loss: 6724252034.32 +/- 315999.3402
INFO:root:Epoch no. 392 of 500 (samples: 127298)
INFO:root:Loss: 6724247070.06 +/- 316188.393
INFO:root:Epoch no. 393 of 500 (samples: 127298)
INFO:root:Loss: 6724242413.31 +/- 316276.5353
INFO:root:Epoch no. 394 of 500 (samples: 127298)
INFO:root:Loss: 6724237756.55 +/- 316071.2436
INFO:root:Epoch no. 395 of 500 (samples: 127298)
INFO:root:Loss: 6724232616.56 +/- 316319.5832
INFO:root:Epoch no. 396 of 500 (samples: 127298)
INFO:root:Loss: 6724227828.01 +/- 316159.0358
INFO:root:Epoch no. 397 of 500 (samples: 127298)
INFO:root:Loss: 6724223478.79 +/- 316290.0917
INFO:root:Epoch no. 398 of 500 (samples: 127298)
INFO:root:Loss: 6724219349.21 +/- 316202.0642
INFO:root:Epoch no. 399 of 500 (samples: 127298)
INFO:root:Loss: 6724213857.77 +/- 316275.1892
INFO:root:Epoch no. 400 of 500 (samples: 127298)
INFO:root:Loss: 6724209332.81 +/- 316173.4606
INFO:root:Epoch no. 401 of 500 (samples: 127298)
INFO:root:Loss: 6724204763.93 +/- 316376.6154
INFO:root:Epoch no. 402 of 500 (samples: 127298)
INFO:root:Loss: 6724199667.85 +/- 316174.1648
INFO:root:Epoch no. 403 of 500 (samples: 127298)
INFO:root:Loss: 6724194615.72 +/- 316246.4014
INFO:root:Epoch no. 404 of 500 (samples: 127298)
INFO:root:Loss: 6724189958.98 +/- 316478.4775
INFO:root:Epoch no. 405 of 500 (samples: 127298)
INFO:root:Loss: 6724184950.78 +/- 316391.425
INFO:root:Epoch no. 406 of 500 (samples: 127298)
INFO:root:Loss: 6724180689.41 +/- 316347.6332
INFO:root:Epoch no. 407 of 500 (samples: 127298)
INFO:root:Loss: 6724175813.01 +/- 316506.6344
INFO:root:Epoch no. 408 of 500 (samples: 127298)
INFO:root:Loss: 6724170892.66 +/- 316390.7624
INFO:root:Epoch no. 409 of 500 (samples: 127298)
INFO:root:Loss: 6724166323.78 +/- 316448.6346
INFO:root:Epoch no. 410 of 500 (samples: 127298)
INFO:root:Loss: 6724162282.07 +/- 316477.1729
INFO:root:Epoch no. 411 of 500 (samples: 127298)
INFO:root:Loss: 6724157361.73 +/- 316360.5826
INFO:root:Epoch no. 412 of 500 (samples: 127298)
INFO:root:Loss: 6724152485.32 +/- 316375.4321
INFO:root:Epoch no. 413 of 500 (samples: 127298)
INFO:root:Loss: 6724147784.64 +/- 316330.196
INFO:root:Epoch no. 414 of 500 (samples: 127298)
INFO:root:Loss: 6724142952.16 +/- 316330.8223
INFO:root:Epoch no. 415 of 500 (samples: 127298)
INFO:root:Loss: 6724137812.16 +/- 316286.5416
INFO:root:Epoch no. 416 of 500 (samples: 127298)
INFO:root:Loss: 6724133199.35 +/- 316359.4436
INFO:root:Epoch no. 417 of 500 (samples: 127298)
INFO:root:Loss: 6724128322.94 +/- 316374.2931
INFO:root:Epoch no. 418 of 500 (samples: 127298)
INFO:root:Loss: 6724124017.64 +/- 316343.3145
INFO:root:Epoch no. 419 of 500 (samples: 127298)
INFO:root:Loss: 6724119404.82 +/- 316270.7368
INFO:root:Epoch no. 420 of 500 (samples: 127298)
INFO:root:Loss: 6724114792.0 +/- 316344.1608
INFO:root:Epoch no. 421 of 500 (samples: 127298)
INFO:root:Loss: 6724109827.73 +/- 316387.1518
INFO:root:Epoch no. 422 of 500 (samples: 127298)
INFO:root:Loss: 6724105873.9 +/- 316533.1708
INFO:root:Epoch no. 423 of 500 (samples: 127298)
INFO:root:Loss: 6724101305.0 +/- 316300.4222
INFO:root:Epoch no. 424 of 500 (samples: 127298)
INFO:root:Loss: 6724096560.38 +/- 316269.6599
INFO:root:Epoch no. 425 of 500 (samples: 127298)
INFO:root:Loss: 6724091859.7 +/- 316224.7692
INFO:root:Epoch no. 426 of 500 (samples: 127298)
INFO:root:Loss: 6724086851.5 +/- 316283.4072
INFO:root:Epoch no. 427 of 500 (samples: 127298)
INFO:root:Loss: 6724082194.74 +/- 316078.1491
INFO:root:Epoch no. 428 of 500 (samples: 127298)
INFO:root:Loss: 6724077801.58 +/- 316077.4536
INFO:root:Epoch no. 429 of 500 (samples: 127298)
INFO:root:Loss: 6724072881.24 +/- 316107.1438
INFO:root:Epoch no. 430 of 500 (samples: 127298)
INFO:root:Loss: 6724068136.64 +/- 316371.273
INFO:root:Epoch no. 431 of 500 (samples: 127298)
INFO:root:Loss: 6724064007.07 +/- 316428.7051
INFO:root:Epoch no. 432 of 500 (samples: 127298)
INFO:root:Loss: 6724059569.97 +/- 316296.6244
INFO:root:Epoch no. 433 of 500 (samples: 127298)
INFO:root:Loss: 6724054693.57 +/- 316311.013
INFO:root:Epoch no. 434 of 500 (samples: 127298)
INFO:root:Loss: 6724050651.86 +/- 316339.8561
INFO:root:Epoch no. 435 of 500 (samples: 127298)
INFO:root:Loss: 6724046214.76 +/- 316209.2401
INFO:root:Epoch no. 436 of 500 (samples: 127298)
INFO:root:Loss: 6724041645.86 +/- 315973.861
INFO:root:Epoch no. 437 of 500 (samples: 127298)
INFO:root:Loss: 6724036813.4 +/- 316119.845
INFO:root:Epoch no. 438 of 500 (samples: 127298)
INFO:root:Loss: 6724032024.85 +/- 316105.9505
INFO:root:Epoch no. 439 of 500 (samples: 127298)
INFO:root:Loss: 6724027543.84 +/- 316426.9862
INFO:root:Epoch no. 440 of 500 (samples: 127298)
INFO:root:Loss: 6724022887.09 +/- 316368.5909
INFO:root:Epoch no. 441 of 500 (samples: 127298)
INFO:root:Loss: 6724018362.13 +/- 316265.9738
INFO:root:Epoch no. 442 of 500 (samples: 127298)
INFO:root:Loss: 6724013749.31 +/- 316192.0672
INFO:root:Epoch no. 443 of 500 (samples: 127298)
INFO:root:Loss: 6724009312.22 +/- 316352.1396
INFO:root:Epoch no. 444 of 500 (samples: 127298)
INFO:root:Loss: 6724004743.33 +/- 316266.064
INFO:root:Epoch no. 445 of 500 (samples: 127298)
INFO:root:Loss: 6724000394.09 +/- 316103.7268
INFO:root:Epoch no. 446 of 500 (samples: 127298)
INFO:root:Loss: 6723996044.89 +/- 316527.5668
INFO:root:Epoch no. 447 of 500 (samples: 127298)
INFO:root:Loss: 6723991563.85 +/- 316264.5274
INFO:root:Epoch no. 448 of 500 (samples: 127298)
INFO:root:Loss: 6723987258.56 +/- 316380.642
INFO:root:Epoch no. 449 of 500 (samples: 127298)
INFO:root:Loss: 6723982645.74 +/- 316308.1659
INFO:root:Epoch no. 450 of 500 (samples: 127298)
INFO:root:Loss: 6723978032.91 +/- 316088.3256
INFO:root:Epoch no. 451 of 500 (samples: 127298)
INFO:root:Loss: 6723973420.11 +/- 316453.7261
INFO:root:Epoch no. 452 of 500 (samples: 127298)
INFO:root:Loss: 6723968675.49 +/- 316424.9431
INFO:root:Epoch no. 453 of 500 (samples: 127298)
INFO:root:Loss: 6723964677.71 +/- 316292.7004
INFO:root:Epoch no. 454 of 500 (samples: 127298)
INFO:root:Loss: 6723959933.09 +/- 316263.2195
INFO:root:Epoch no. 455 of 500 (samples: 127298)
INFO:root:Loss: 6723955408.14 +/- 316307.431
INFO:root:Epoch no. 456 of 500 (samples: 127298)
INFO:root:Loss: 6723951322.51 +/- 316496.8449
INFO:root:Epoch no. 457 of 500 (samples: 127298)
INFO:root:Loss: 6723946490.03 +/- 316496.4341
INFO:root:Epoch no. 458 of 500 (samples: 127298)
INFO:root:Loss: 6723942228.66 +/- 316305.7115
INFO:root:Epoch no. 459 of 500 (samples: 127298)
INFO:root:Loss: 6723937967.29 +/- 316115.5518
INFO:root:Epoch no. 460 of 500 (samples: 127298)
INFO:root:Loss: 6723932871.24 +/- 316495.3653
INFO:root:Epoch no. 461 of 500 (samples: 127298)
INFO:root:Loss: 6723928829.52 +/- 316380.3278
INFO:root:Epoch no. 462 of 500 (samples: 127298)
INFO:root:Loss: 6723924392.44 +/- 316538.8822
INFO:root:Epoch no. 463 of 500 (samples: 127298)
INFO:root:Loss: 6723919296.36 +/- 316334.0302
INFO:root:Epoch no. 464 of 500 (samples: 127298)
INFO:root:Loss: 6723914727.46 +/- 315953.5312
INFO:root:Epoch no. 465 of 500 (samples: 127298)
INFO:root:Loss: 6723910905.44 +/- 316639.75
INFO:root:Epoch no. 466 of 500 (samples: 127298)
INFO:root:Loss: 6723906248.68 +/- 316436.7408
INFO:root:Epoch no. 467 of 500 (samples: 127298)
INFO:root:Loss: 6723901635.85 +/- 316216.3515
INFO:root:Epoch no. 468 of 500 (samples: 127298)
INFO:root:Loss: 6723897198.76 +/- 316229.7573
INFO:root:Epoch no. 469 of 500 (samples: 127298)
INFO:root:Loss: 6723892937.42 +/- 316625.4154
INFO:root:Epoch no. 470 of 500 (samples: 127298)
INFO:root:Loss: 6723888807.84 +/- 316537.2048
INFO:root:Epoch no. 471 of 500 (samples: 127298)
INFO:root:Loss: 6723884063.23 +/- 316653.6112
INFO:root:Epoch no. 472 of 500 (samples: 127298)
INFO:root:Loss: 6723880329.02 +/- 315995.2968
INFO:root:Epoch no. 473 of 500 (samples: 127298)
INFO:root:Loss: 6723875672.29 +/- 316521.8925
INFO:root:Epoch no. 474 of 500 (samples: 127298)
INFO:root:Loss: 6723871630.58 +/- 316406.4752
INFO:root:Epoch no. 475 of 500 (samples: 127298)
INFO:root:Loss: 6723867061.68 +/- 316171.4564
INFO:root:Epoch no. 476 of 500 (samples: 127298)
INFO:root:Loss: 6723862448.88 +/- 316536.0232
INFO:root:Epoch no. 477 of 500 (samples: 127298)
INFO:root:Loss: 6723857660.32 +/- 316229.4192
INFO:root:Epoch no. 478 of 500 (samples: 127298)
INFO:root:Loss: 6723853794.35 +/- 316491.0889
INFO:root:Epoch no. 479 of 500 (samples: 127298)
INFO:root:Loss: 6723849313.31 +/- 316229.3919
INFO:root:Epoch no. 480 of 500 (samples: 127298)
INFO:root:Loss: 6723844700.5 +/- 316303.0666
INFO:root:Epoch no. 481 of 500 (samples: 127298)
INFO:root:Loss: 6723840219.48 +/- 316476.3454
INFO:root:Epoch no. 482 of 500 (samples: 127298)
INFO:root:Loss: 6723835826.32 +/- 316330.9496
INFO:root:Epoch no. 483 of 500 (samples: 127298)
INFO:root:Loss: 6723831696.74 +/- 316243.146
INFO:root:Epoch no. 484 of 500 (samples: 127298)
INFO:root:Loss: 6723827567.18 +/- 316446.4238
INFO:root:Epoch no. 485 of 500 (samples: 127298)
INFO:root:Loss: 6723823393.67 +/- 316227.6818
INFO:root:Epoch no. 486 of 500 (samples: 127298)
INFO:root:Loss: 6723819132.31 +/- 316475.6562
INFO:root:Epoch no. 487 of 500 (samples: 127298)
INFO:root:Loss: 6723814563.42 +/- 316240.8127
INFO:root:Epoch no. 488 of 500 (samples: 127298)
INFO:root:Loss: 6723810609.57 +/- 316240.8094
INFO:root:Epoch no. 489 of 500 (samples: 127298)
INFO:root:Loss: 6723805952.83 +/- 316476.5595
INFO:root:Epoch no. 490 of 500 (samples: 127298)
INFO:root:Loss: 6723801383.93 +/- 316241.8391
INFO:root:Epoch no. 491 of 500 (samples: 127298)
INFO:root:Loss: 6723797166.5 +/- 316181.2473
INFO:root:Epoch no. 492 of 500 (samples: 127298)
INFO:root:Loss: 6723792729.41 +/- 316343.2112
INFO:root:Epoch no. 493 of 500 (samples: 127298)
INFO:root:Loss: 6723788555.91 +/- 316270.4442
INFO:root:Epoch no. 494 of 500 (samples: 127298)
INFO:root:Loss: 6723784338.47 +/- 316210.2729
INFO:root:Epoch no. 495 of 500 (samples: 127298)
INFO:root:Loss: 6723779989.25 +/- 316342.7936
INFO:root:Epoch no. 496 of 500 (samples: 127298)
INFO:root:Loss: 6723775727.87 +/- 316151.0065
INFO:root:Epoch no. 497 of 500 (samples: 127298)
INFO:root:Loss: 6723771774.04 +/- 316296.9442
INFO:root:Epoch no. 498 of 500 (samples: 127298)
INFO:root:Loss: 6723767951.98 +/- 316253.9866
INFO:root:Epoch no. 499 of 500 (samples: 127298)
INFO:root:Loss: 6723763295.24 +/- 316339.9934
INFO:root:Epoch no. 500 of 500 (samples: 127298)
INFO:root:Loss: 6723759077.82 +/- 316574.8231
/usr/local/lib/python3.5/dist-packages/keras/backend/theano_backend.py:514: UserWarning: theano.function was asked to create a function computing outputs given certain inputs, but the provided input variable at index 2 is not part of the computational graph needed to compute the outputs: keras_learning_phase.
To make this warning into an error, you can pass the parameter on_unused_input='raise' to theano.function. To disable it completely, use on_unused_input='ignore'.
  **kwargs)
INFO:root:### MICRO (validation raw):
INFO:root:	-- left   >> mean: 1773.901, median: 31.0, mrr: 0.241, hits@1: 15.0%
INFO:root:	-- right  >> mean: 7099.5994, median: 76.0, mrr: 0.231, hits@1: 14.94%
INFO:root:	-- global >> mean: 4436.7502, median: 42.0, mrr: 0.236, hits@1: 14.97%
INFO:root:### MICRO (validation raw):
INFO:root:	-- left   >> mean: 1773.901, median: 31.0, mrr: 0.241, hits@3: 29.1%
INFO:root:	-- right  >> mean: 7099.5994, median: 76.0, mrr: 0.231, hits@3: 27.6%
INFO:root:	-- global >> mean: 4436.7502, median: 42.0, mrr: 0.236, hits@3: 28.35%
INFO:root:### MICRO (validation raw):
INFO:root:	-- left   >> mean: 1773.901, median: 31.0, mrr: 0.241, hits@5: 34.68%
INFO:root:	-- right  >> mean: 7099.5994, median: 76.0, mrr: 0.231, hits@5: 33.08%
INFO:root:	-- global >> mean: 4436.7502, median: 42.0, mrr: 0.236, hits@5: 33.88%
INFO:root:### MICRO (validation raw):
INFO:root:	-- left   >> mean: 1773.901, median: 31.0, mrr: 0.241, hits@10: 40.32%
INFO:root:	-- right  >> mean: 7099.5994, median: 76.0, mrr: 0.231, hits@10: 39.06%
INFO:root:	-- global >> mean: 4436.7502, median: 42.0, mrr: 0.236, hits@10: 39.69%
INFO:root:### MICRO (validation filtered):
INFO:root:	-- left   >> mean: 1759.9044, median: 25.0, mrr: 0.319, hits@1: 25.92%
INFO:root:	-- right  >> mean: 7084.9622, median: 70.0, mrr: 0.293, hits@1: 23.4%
INFO:root:	-- global >> mean: 4422.4333, median: 37.0, mrr: 0.306, hits@1: 24.66%
INFO:root:### MICRO (validation filtered):
INFO:root:	-- left   >> mean: 1759.9044, median: 25.0, mrr: 0.319, hits@3: 34.54%
INFO:root:	-- right  >> mean: 7084.9622, median: 70.0, mrr: 0.293, hits@3: 32.22%
INFO:root:	-- global >> mean: 4422.4333, median: 37.0, mrr: 0.306, hits@3: 33.38%
INFO:root:### MICRO (validation filtered):
INFO:root:	-- left   >> mean: 1759.9044, median: 25.0, mrr: 0.319, hits@5: 38.3%
INFO:root:	-- right  >> mean: 7084.9622, median: 70.0, mrr: 0.293, hits@5: 35.72%
INFO:root:	-- global >> mean: 4422.4333, median: 37.0, mrr: 0.306, hits@5: 37.01%
INFO:root:### MICRO (validation filtered):
INFO:root:	-- left   >> mean: 1759.9044, median: 25.0, mrr: 0.319, hits@10: 42.88%
INFO:root:	-- right  >> mean: 7084.9622, median: 70.0, mrr: 0.293, hits@10: 40.24%
INFO:root:	-- global >> mean: 4422.4333, median: 37.0, mrr: 0.306, hits@10: 41.56%
INFO:root:### MICRO (test raw):
INFO:root:	-- left   >> mean: 1577.8374, median: 30.0, mrr: 0.236, hits@1: 14.58%
INFO:root:	-- right  >> mean: 6503.9984, median: 51.0, mrr: 0.246, hits@1: 16.12%
INFO:root:	-- global >> mean: 4040.9179, median: 37.0, mrr: 0.241, hits@1: 15.35%
INFO:root:### MICRO (test raw):
INFO:root:	-- left   >> mean: 1577.8374, median: 30.0, mrr: 0.236, hits@3: 28.02%
INFO:root:	-- right  >> mean: 6503.9984, median: 51.0, mrr: 0.246, hits@3: 29.26%
INFO:root:	-- global >> mean: 4040.9179, median: 37.0, mrr: 0.241, hits@3: 28.64%
INFO:root:### MICRO (test raw):
INFO:root:	-- left   >> mean: 1577.8374, median: 30.0, mrr: 0.236, hits@5: 33.84%
INFO:root:	-- right  >> mean: 6503.9984, median: 51.0, mrr: 0.246, hits@5: 34.86%
INFO:root:	-- global >> mean: 4040.9179, median: 37.0, mrr: 0.241, hits@5: 34.35%
INFO:root:### MICRO (test raw):
INFO:root:	-- left   >> mean: 1577.8374, median: 30.0, mrr: 0.236, hits@10: 40.44%
INFO:root:	-- right  >> mean: 6503.9984, median: 51.0, mrr: 0.246, hits@10: 40.5%
INFO:root:	-- global >> mean: 4040.9179, median: 37.0, mrr: 0.241, hits@10: 40.47%
INFO:root:### MICRO (test filtered):
INFO:root:	-- left   >> mean: 1563.2072, median: 24.0, mrr: 0.317, hits@1: 25.06%
INFO:root:	-- right  >> mean: 6490.5242, median: 45.0, mrr: 0.308, hits@1: 24.86%
INFO:root:	-- global >> mean: 4026.8657, median: 31.0, mrr: 0.313, hits@1: 24.96%
INFO:root:### MICRO (test filtered):
INFO:root:	-- left   >> mean: 1563.2072, median: 24.0, mrr: 0.317, hits@3: 34.66%
INFO:root:	-- right  >> mean: 6490.5242, median: 45.0, mrr: 0.308, hits@3: 33.92%
INFO:root:	-- global >> mean: 4026.8657, median: 31.0, mrr: 0.313, hits@3: 34.29%
INFO:root:### MICRO (test filtered):
INFO:root:	-- left   >> mean: 1563.2072, median: 24.0, mrr: 0.317, hits@5: 38.42%
INFO:root:	-- right  >> mean: 6490.5242, median: 45.0, mrr: 0.308, hits@5: 37.3%
INFO:root:	-- global >> mean: 4026.8657, median: 31.0, mrr: 0.313, hits@5: 37.86%
INFO:root:### MICRO (test filtered):
INFO:root:	-- left   >> mean: 1563.2072, median: 24.0, mrr: 0.317, hits@10: 43.62%
INFO:root:	-- right  >> mean: 6490.5242, median: 45.0, mrr: 0.308, hits@10: 41.6%
INFO:root:	-- global >> mean: 4026.8657, median: 31.0, mrr: 0.313, hits@10: 42.61%
