Using Theano backend.
INFO:root:Acquiring data/wn18/wordnet-mlj12-train.txt ..
INFO:root:Acquiring data/wn18/wordnet-mlj12-valid.txt ..
INFO:root:Acquiring data/wn18/wordnet-mlj12-test.txt ..
INFO:root:[Rules] Adding Head: 15, Tail: [(10, True)]
INFO:root:[Rules] Adding Head: 12, Tail: [(17, True)]
INFO:root:[Rules] Adding Head: 4, Tail: [(5, True)]
INFO:root:[Rules] Adding Head: 13, Tail: [(3, True)]
INFO:root:[Rules] Adding Head: 5, Tail: [(4, True)]
INFO:root:[Rules] Adding Head: 16, Tail: [(11, True)]
INFO:root:[Rules] Adding Head: 17, Tail: [(12, True)]
INFO:root:[Rules] Adding Head: 11, Tail: [(16, True)]
INFO:root:[Rules] Adding Head: 8, Tail: [(9, True)]
INFO:root:[Rules] Adding Head: 2, Tail: [(2, True)]
INFO:root:Samples: 127298, no. batches: 10 -> batch size: 12730
INFO:root:Epoch no. 1 of 500 (samples: 127298)
INFO:root:Loss: 2424.7092 +/- 3440.8612
INFO:root:Epoch no. 2 of 500 (samples: 127298)
INFO:root:Loss: 588.7202 +/- 12.8939
INFO:root:Epoch no. 3 of 500 (samples: 127298)
INFO:root:Loss: 519.986 +/- 5.8923
INFO:root:Epoch no. 4 of 500 (samples: 127298)
INFO:root:Loss: 486.3541 +/- 2.7535
INFO:root:Epoch no. 5 of 500 (samples: 127298)
INFO:root:Loss: 468.9944 +/- 2.2908
INFO:root:Epoch no. 6 of 500 (samples: 127298)
INFO:root:Loss: 456.129 +/- 2.3377
INFO:root:Epoch no. 7 of 500 (samples: 127298)
INFO:root:Loss: 445.364 +/- 1.7316
INFO:root:Epoch no. 8 of 500 (samples: 127298)
INFO:root:Loss: 436.0046 +/- 2.4585
INFO:root:Epoch no. 9 of 500 (samples: 127298)
INFO:root:Loss: 427.8776 +/- 2.4808
INFO:root:Epoch no. 10 of 500 (samples: 127298)
INFO:root:Loss: 420.3717 +/- 2.1648
INFO:root:Epoch no. 11 of 500 (samples: 127298)
INFO:root:Loss: 413.494 +/- 2.7238
INFO:root:Epoch no. 12 of 500 (samples: 127298)
INFO:root:Loss: 407.1706 +/- 1.6573
INFO:root:Epoch no. 13 of 500 (samples: 127298)
INFO:root:Loss: 401.7511 +/- 2.4927
INFO:root:Epoch no. 14 of 500 (samples: 127298)
INFO:root:Loss: 396.9662 +/- 3.0287
INFO:root:Epoch no. 15 of 500 (samples: 127298)
INFO:root:Loss: 392.9426 +/- 2.2279
INFO:root:Epoch no. 16 of 500 (samples: 127298)
INFO:root:Loss: 389.2838 +/- 1.3259
INFO:root:Epoch no. 17 of 500 (samples: 127298)
INFO:root:Loss: 385.7878 +/- 1.3119
INFO:root:Epoch no. 18 of 500 (samples: 127298)
INFO:root:Loss: 382.3722 +/- 1.4704
INFO:root:Epoch no. 19 of 500 (samples: 127298)
INFO:root:Loss: 378.7692 +/- 1.9175
INFO:root:Epoch no. 20 of 500 (samples: 127298)
INFO:root:Loss: 375.0814 +/- 1.8992
INFO:root:Epoch no. 21 of 500 (samples: 127298)
INFO:root:Loss: 371.2875 +/- 2.8919
INFO:root:Epoch no. 22 of 500 (samples: 127298)
INFO:root:Loss: 367.5849 +/- 2.6605
INFO:root:Epoch no. 23 of 500 (samples: 127298)
INFO:root:Loss: 363.8325 +/- 3.2795
INFO:root:Epoch no. 24 of 500 (samples: 127298)
INFO:root:Loss: 360.0369 +/- 2.0261
INFO:root:Epoch no. 25 of 500 (samples: 127298)
INFO:root:Loss: 356.1833 +/- 1.7135
INFO:root:Epoch no. 26 of 500 (samples: 127298)
INFO:root:Loss: 352.1899 +/- 2.1187
INFO:root:Epoch no. 27 of 500 (samples: 127298)
INFO:root:Loss: 348.3558 +/- 1.7873
INFO:root:Epoch no. 28 of 500 (samples: 127298)
INFO:root:Loss: 344.3723 +/- 2.5667
INFO:root:Epoch no. 29 of 500 (samples: 127298)
INFO:root:Loss: 340.3768 +/- 2.6986
INFO:root:Epoch no. 30 of 500 (samples: 127298)
INFO:root:Loss: 336.4155 +/- 1.7362
INFO:root:Epoch no. 31 of 500 (samples: 127298)
INFO:root:Loss: 332.5144 +/- 1.6375
INFO:root:Epoch no. 32 of 500 (samples: 127298)
INFO:root:Loss: 328.5036 +/- 2.0498
INFO:root:Epoch no. 33 of 500 (samples: 127298)
INFO:root:Loss: 324.7052 +/- 2.2812
INFO:root:Epoch no. 34 of 500 (samples: 127298)
INFO:root:Loss: 321.1319 +/- 2.5045
INFO:root:Epoch no. 35 of 500 (samples: 127298)
INFO:root:Loss: 317.3264 +/- 2.0916
INFO:root:Epoch no. 36 of 500 (samples: 127298)
INFO:root:Loss: 313.8385 +/- 1.7048
INFO:root:Epoch no. 37 of 500 (samples: 127298)
INFO:root:Loss: 310.0814 +/- 1.3094
INFO:root:Epoch no. 38 of 500 (samples: 127298)
INFO:root:Loss: 306.3665 +/- 1.251
INFO:root:Epoch no. 39 of 500 (samples: 127298)
INFO:root:Loss: 302.6993 +/- 2.3641
INFO:root:Epoch no. 40 of 500 (samples: 127298)
INFO:root:Loss: 299.0661 +/- 1.499
INFO:root:Epoch no. 41 of 500 (samples: 127298)
INFO:root:Loss: 295.3485 +/- 1.7202
INFO:root:Epoch no. 42 of 500 (samples: 127298)
INFO:root:Loss: 291.9789 +/- 2.1428
INFO:root:Epoch no. 43 of 500 (samples: 127298)
INFO:root:Loss: 288.5164 +/- 2.0459
INFO:root:Epoch no. 44 of 500 (samples: 127298)
INFO:root:Loss: 284.9859 +/- 1.3023
INFO:root:Epoch no. 45 of 500 (samples: 127298)
INFO:root:Loss: 281.8754 +/- 2.705
INFO:root:Epoch no. 46 of 500 (samples: 127298)
INFO:root:Loss: 278.7295 +/- 1.6245
INFO:root:Epoch no. 47 of 500 (samples: 127298)
INFO:root:Loss: 275.4799 +/- 1.9464
INFO:root:Epoch no. 48 of 500 (samples: 127298)
INFO:root:Loss: 272.381 +/- 2.3289
INFO:root:Epoch no. 49 of 500 (samples: 127298)
INFO:root:Loss: 269.4807 +/- 1.6704
INFO:root:Epoch no. 50 of 500 (samples: 127298)
INFO:root:Loss: 266.6352 +/- 1.6888
INFO:root:Epoch no. 51 of 500 (samples: 127298)
INFO:root:Loss: 263.6453 +/- 2.7369
INFO:root:Epoch no. 52 of 500 (samples: 127298)
INFO:root:Loss: 260.8416 +/- 1.227
INFO:root:Epoch no. 53 of 500 (samples: 127298)
INFO:root:Loss: 258.2323 +/- 1.5942
INFO:root:Epoch no. 54 of 500 (samples: 127298)
INFO:root:Loss: 255.5656 +/- 2.0105
INFO:root:Epoch no. 55 of 500 (samples: 127298)
INFO:root:Loss: 253.1127 +/- 1.8083
INFO:root:Epoch no. 56 of 500 (samples: 127298)
INFO:root:Loss: 250.4279 +/- 2.2565
INFO:root:Epoch no. 57 of 500 (samples: 127298)
INFO:root:Loss: 247.8209 +/- 1.9169
INFO:root:Epoch no. 58 of 500 (samples: 127298)
INFO:root:Loss: 245.6596 +/- 1.9931
INFO:root:Epoch no. 59 of 500 (samples: 127298)
INFO:root:Loss: 243.1956 +/- 1.9535
INFO:root:Epoch no. 60 of 500 (samples: 127298)
INFO:root:Loss: 240.7627 +/- 2.754
INFO:root:Epoch no. 61 of 500 (samples: 127298)
INFO:root:Loss: 238.4462 +/- 2.1063
INFO:root:Epoch no. 62 of 500 (samples: 127298)
INFO:root:Loss: 236.259 +/- 1.8667
INFO:root:Epoch no. 63 of 500 (samples: 127298)
INFO:root:Loss: 233.6606 +/- 1.8101
INFO:root:Epoch no. 64 of 500 (samples: 127298)
INFO:root:Loss: 231.421 +/- 2.1303
INFO:root:Epoch no. 65 of 500 (samples: 127298)
INFO:root:Loss: 229.3566 +/- 1.9487
INFO:root:Epoch no. 66 of 500 (samples: 127298)
INFO:root:Loss: 227.0717 +/- 1.6385
INFO:root:Epoch no. 67 of 500 (samples: 127298)
INFO:root:Loss: 224.6656 +/- 1.1922
INFO:root:Epoch no. 68 of 500 (samples: 127298)
INFO:root:Loss: 222.7668 +/- 2.3099
INFO:root:Epoch no. 69 of 500 (samples: 127298)
INFO:root:Loss: 220.6499 +/- 1.6135
INFO:root:Epoch no. 70 of 500 (samples: 127298)
INFO:root:Loss: 218.4309 +/- 1.5998
INFO:root:Epoch no. 71 of 500 (samples: 127298)
INFO:root:Loss: 216.4963 +/- 1.7365
INFO:root:Epoch no. 72 of 500 (samples: 127298)
INFO:root:Loss: 214.3968 +/- 1.7758
INFO:root:Epoch no. 73 of 500 (samples: 127298)
INFO:root:Loss: 212.5568 +/- 1.8276
INFO:root:Epoch no. 74 of 500 (samples: 127298)
INFO:root:Loss: 210.595 +/- 1.5438
INFO:root:Epoch no. 75 of 500 (samples: 127298)
INFO:root:Loss: 208.1641 +/- 2.1618
INFO:root:Epoch no. 76 of 500 (samples: 127298)
INFO:root:Loss: 206.3367 +/- 1.0072
INFO:root:Epoch no. 77 of 500 (samples: 127298)
INFO:root:Loss: 204.3697 +/- 1.2776
INFO:root:Epoch no. 78 of 500 (samples: 127298)
INFO:root:Loss: 202.4728 +/- 0.6756
INFO:root:Epoch no. 79 of 500 (samples: 127298)
INFO:root:Loss: 200.5001 +/- 1.8076
INFO:root:Epoch no. 80 of 500 (samples: 127298)
INFO:root:Loss: 198.4149 +/- 2.8186
INFO:root:Epoch no. 81 of 500 (samples: 127298)
INFO:root:Loss: 196.6125 +/- 1.6476
INFO:root:Epoch no. 82 of 500 (samples: 127298)
INFO:root:Loss: 194.5776 +/- 1.9968
INFO:root:Epoch no. 83 of 500 (samples: 127298)
INFO:root:Loss: 192.7473 +/- 1.6287
INFO:root:Epoch no. 84 of 500 (samples: 127298)
INFO:root:Loss: 190.7014 +/- 1.4311
INFO:root:Epoch no. 85 of 500 (samples: 127298)
INFO:root:Loss: 188.6639 +/- 1.7942
INFO:root:Epoch no. 86 of 500 (samples: 127298)
INFO:root:Loss: 186.7601 +/- 1.4222
INFO:root:Epoch no. 87 of 500 (samples: 127298)
INFO:root:Loss: 184.6643 +/- 1.7867
INFO:root:Epoch no. 88 of 500 (samples: 127298)
INFO:root:Loss: 183.0701 +/- 1.5796
INFO:root:Epoch no. 89 of 500 (samples: 127298)
INFO:root:Loss: 181.1258 +/- 2.1155
INFO:root:Epoch no. 90 of 500 (samples: 127298)
INFO:root:Loss: 179.4044 +/- 0.9158
INFO:root:Epoch no. 91 of 500 (samples: 127298)
INFO:root:Loss: 177.4172 +/- 1.9681
INFO:root:Epoch no. 92 of 500 (samples: 127298)
INFO:root:Loss: 175.698 +/- 2.3525
INFO:root:Epoch no. 93 of 500 (samples: 127298)
INFO:root:Loss: 174.019 +/- 1.3018
INFO:root:Epoch no. 94 of 500 (samples: 127298)
INFO:root:Loss: 172.2769 +/- 1.6245
INFO:root:Epoch no. 95 of 500 (samples: 127298)
INFO:root:Loss: 170.5638 +/- 1.9102
INFO:root:Epoch no. 96 of 500 (samples: 127298)
INFO:root:Loss: 169.0513 +/- 1.3499
INFO:root:Epoch no. 97 of 500 (samples: 127298)
INFO:root:Loss: 167.6409 +/- 1.5997
INFO:root:Epoch no. 98 of 500 (samples: 127298)
INFO:root:Loss: 166.1167 +/- 2.2528
INFO:root:Epoch no. 99 of 500 (samples: 127298)
INFO:root:Loss: 164.6474 +/- 2.4733
INFO:root:Epoch no. 100 of 500 (samples: 127298)
INFO:root:Loss: 163.2778 +/- 1.3205
INFO:root:Epoch no. 101 of 500 (samples: 127298)
INFO:root:Loss: 162.0327 +/- 1.0386
INFO:root:Epoch no. 102 of 500 (samples: 127298)
INFO:root:Loss: 160.5495 +/- 1.3736
INFO:root:Epoch no. 103 of 500 (samples: 127298)
INFO:root:Loss: 159.0785 +/- 1.7706
INFO:root:Epoch no. 104 of 500 (samples: 127298)
INFO:root:Loss: 157.4618 +/- 1.5121
INFO:root:Epoch no. 105 of 500 (samples: 127298)
INFO:root:Loss: 156.0478 +/- 1.6667
INFO:root:Epoch no. 106 of 500 (samples: 127298)
INFO:root:Loss: 154.636 +/- 1.4864
INFO:root:Epoch no. 107 of 500 (samples: 127298)
INFO:root:Loss: 153.2829 +/- 2.0095
INFO:root:Epoch no. 108 of 500 (samples: 127298)
INFO:root:Loss: 151.7693 +/- 1.5429
INFO:root:Epoch no. 109 of 500 (samples: 127298)
INFO:root:Loss: 150.3124 +/- 1.8186
INFO:root:Epoch no. 110 of 500 (samples: 127298)
INFO:root:Loss: 148.7424 +/- 1.2438
INFO:root:Epoch no. 111 of 500 (samples: 127298)
INFO:root:Loss: 147.1625 +/- 1.3247
INFO:root:Epoch no. 112 of 500 (samples: 127298)
INFO:root:Loss: 145.9079 +/- 1.8452
INFO:root:Epoch no. 113 of 500 (samples: 127298)
INFO:root:Loss: 144.5427 +/- 1.4614
INFO:root:Epoch no. 114 of 500 (samples: 127298)
INFO:root:Loss: 143.2685 +/- 1.6573
INFO:root:Epoch no. 115 of 500 (samples: 127298)
INFO:root:Loss: 141.9854 +/- 1.266
INFO:root:Epoch no. 116 of 500 (samples: 127298)
INFO:root:Loss: 140.7202 +/- 1.3834
INFO:root:Epoch no. 117 of 500 (samples: 127298)
INFO:root:Loss: 139.6485 +/- 1.4545
INFO:root:Epoch no. 118 of 500 (samples: 127298)
INFO:root:Loss: 138.3494 +/- 1.5142
INFO:root:Epoch no. 119 of 500 (samples: 127298)
INFO:root:Loss: 137.218 +/- 1.5064
INFO:root:Epoch no. 120 of 500 (samples: 127298)
INFO:root:Loss: 136.3174 +/- 1.9755
INFO:root:Epoch no. 121 of 500 (samples: 127298)
INFO:root:Loss: 135.3756 +/- 1.4508
INFO:root:Epoch no. 122 of 500 (samples: 127298)
INFO:root:Loss: 134.3917 +/- 2.2339
INFO:root:Epoch no. 123 of 500 (samples: 127298)
INFO:root:Loss: 133.7424 +/- 1.7358
INFO:root:Epoch no. 124 of 500 (samples: 127298)
INFO:root:Loss: 133.1617 +/- 2.1976
INFO:root:Epoch no. 125 of 500 (samples: 127298)
INFO:root:Loss: 132.3245 +/- 1.5333
INFO:root:Epoch no. 126 of 500 (samples: 127298)
INFO:root:Loss: 131.4758 +/- 1.3674
INFO:root:Epoch no. 127 of 500 (samples: 127298)
INFO:root:Loss: 130.362 +/- 2.3226
INFO:root:Epoch no. 128 of 500 (samples: 127298)
INFO:root:Loss: 130.0557 +/- 1.4732
INFO:root:Epoch no. 129 of 500 (samples: 127298)
INFO:root:Loss: 129.1442 +/- 2.3771
INFO:root:Epoch no. 130 of 500 (samples: 127298)
INFO:root:Loss: 128.2928 +/- 1.1519
INFO:root:Epoch no. 131 of 500 (samples: 127298)
INFO:root:Loss: 127.3614 +/- 1.861
INFO:root:Epoch no. 132 of 500 (samples: 127298)
INFO:root:Loss: 126.4445 +/- 1.7177
INFO:root:Epoch no. 133 of 500 (samples: 127298)
INFO:root:Loss: 125.8793 +/- 1.3821
INFO:root:Epoch no. 134 of 500 (samples: 127298)
INFO:root:Loss: 124.7117 +/- 1.4545
INFO:root:Epoch no. 135 of 500 (samples: 127298)
INFO:root:Loss: 123.68 +/- 0.8912
INFO:root:Epoch no. 136 of 500 (samples: 127298)
INFO:root:Loss: 122.8008 +/- 1.6519
INFO:root:Epoch no. 137 of 500 (samples: 127298)
INFO:root:Loss: 121.6744 +/- 2.3245
INFO:root:Epoch no. 138 of 500 (samples: 127298)
INFO:root:Loss: 120.7947 +/- 1.3364
INFO:root:Epoch no. 139 of 500 (samples: 127298)
INFO:root:Loss: 119.9841 +/- 1.8037
INFO:root:Epoch no. 140 of 500 (samples: 127298)
INFO:root:Loss: 119.2213 +/- 1.7886
INFO:root:Epoch no. 141 of 500 (samples: 127298)
INFO:root:Loss: 118.1316 +/- 1.8253
INFO:root:Epoch no. 142 of 500 (samples: 127298)
INFO:root:Loss: 117.2085 +/- 1.5977
INFO:root:Epoch no. 143 of 500 (samples: 127298)
INFO:root:Loss: 116.3678 +/- 1.4293
INFO:root:Epoch no. 144 of 500 (samples: 127298)
INFO:root:Loss: 115.6032 +/- 1.7868
INFO:root:Epoch no. 145 of 500 (samples: 127298)
INFO:root:Loss: 115.0 +/- 1.2067
INFO:root:Epoch no. 146 of 500 (samples: 127298)
INFO:root:Loss: 114.0973 +/- 1.4043
INFO:root:Epoch no. 147 of 500 (samples: 127298)
INFO:root:Loss: 113.5952 +/- 1.4832
INFO:root:Epoch no. 148 of 500 (samples: 127298)
INFO:root:Loss: 112.6986 +/- 1.8095
INFO:root:Epoch no. 149 of 500 (samples: 127298)
INFO:root:Loss: 112.4086 +/- 1.6963
INFO:root:Epoch no. 150 of 500 (samples: 127298)
INFO:root:Loss: 111.5968 +/- 1.7705
INFO:root:Epoch no. 151 of 500 (samples: 127298)
INFO:root:Loss: 110.8325 +/- 1.152
INFO:root:Epoch no. 152 of 500 (samples: 127298)
INFO:root:Loss: 110.3544 +/- 1.6844
INFO:root:Epoch no. 153 of 500 (samples: 127298)
INFO:root:Loss: 109.6016 +/- 1.4451
INFO:root:Epoch no. 154 of 500 (samples: 127298)
INFO:root:Loss: 109.1511 +/- 1.2206
INFO:root:Epoch no. 155 of 500 (samples: 127298)
INFO:root:Loss: 108.3886 +/- 1.8415
INFO:root:Epoch no. 156 of 500 (samples: 127298)
INFO:root:Loss: 107.5898 +/- 1.2616
INFO:root:Epoch no. 157 of 500 (samples: 127298)
INFO:root:Loss: 107.0645 +/- 1.3675
INFO:root:Epoch no. 158 of 500 (samples: 127298)
INFO:root:Loss: 106.2385 +/- 1.6651
INFO:root:Epoch no. 159 of 500 (samples: 127298)
INFO:root:Loss: 105.4128 +/- 1.2859
INFO:root:Epoch no. 160 of 500 (samples: 127298)
INFO:root:Loss: 104.3781 +/- 1.9577
INFO:root:Epoch no. 161 of 500 (samples: 127298)
INFO:root:Loss: 103.7549 +/- 1.1202
INFO:root:Epoch no. 162 of 500 (samples: 127298)
INFO:root:Loss: 102.9611 +/- 1.8241
INFO:root:Epoch no. 163 of 500 (samples: 127298)
INFO:root:Loss: 101.9501 +/- 1.4228
INFO:root:Epoch no. 164 of 500 (samples: 127298)
INFO:root:Loss: 101.188 +/- 1.6927
INFO:root:Epoch no. 165 of 500 (samples: 127298)
INFO:root:Loss: 100.102 +/- 1.9944
INFO:root:Epoch no. 166 of 500 (samples: 127298)
INFO:root:Loss: 99.3893 +/- 1.1709
INFO:root:Epoch no. 167 of 500 (samples: 127298)
INFO:root:Loss: 98.4639 +/- 1.3735
INFO:root:Epoch no. 168 of 500 (samples: 127298)
INFO:root:Loss: 97.5796 +/- 1.4555
INFO:root:Epoch no. 169 of 500 (samples: 127298)
INFO:root:Loss: 96.9347 +/- 1.9304
INFO:root:Epoch no. 170 of 500 (samples: 127298)
INFO:root:Loss: 96.0288 +/- 1.3787
INFO:root:Epoch no. 171 of 500 (samples: 127298)
INFO:root:Loss: 95.7311 +/- 1.5857
INFO:root:Epoch no. 172 of 500 (samples: 127298)
INFO:root:Loss: 95.0763 +/- 1.5605
INFO:root:Epoch no. 173 of 500 (samples: 127298)
INFO:root:Loss: 94.3112 +/- 1.611
INFO:root:Epoch no. 174 of 500 (samples: 127298)
INFO:root:Loss: 94.0999 +/- 1.5049
INFO:root:Epoch no. 175 of 500 (samples: 127298)
INFO:root:Loss: 93.5088 +/- 1.826
INFO:root:Epoch no. 176 of 500 (samples: 127298)
INFO:root:Loss: 93.2312 +/- 1.5506
INFO:root:Epoch no. 177 of 500 (samples: 127298)
INFO:root:Loss: 92.8647 +/- 1.4413
INFO:root:Epoch no. 178 of 500 (samples: 127298)
INFO:root:Loss: 92.4346 +/- 1.4967
INFO:root:Epoch no. 179 of 500 (samples: 127298)
INFO:root:Loss: 92.2074 +/- 1.3646
INFO:root:Epoch no. 180 of 500 (samples: 127298)
INFO:root:Loss: 91.8864 +/- 1.8718
INFO:root:Epoch no. 181 of 500 (samples: 127298)
INFO:root:Loss: 91.4277 +/- 1.1176
INFO:root:Epoch no. 182 of 500 (samples: 127298)
INFO:root:Loss: 90.7112 +/- 1.6061
INFO:root:Epoch no. 183 of 500 (samples: 127298)
INFO:root:Loss: 90.272 +/- 1.6732
INFO:root:Epoch no. 184 of 500 (samples: 127298)
INFO:root:Loss: 89.8807 +/- 1.0602
INFO:root:Epoch no. 185 of 500 (samples: 127298)
INFO:root:Loss: 89.1906 +/- 1.1904
INFO:root:Epoch no. 186 of 500 (samples: 127298)
INFO:root:Loss: 88.6979 +/- 1.55
INFO:root:Epoch no. 187 of 500 (samples: 127298)
INFO:root:Loss: 88.0086 +/- 1.2347
INFO:root:Epoch no. 188 of 500 (samples: 127298)
INFO:root:Loss: 87.4609 +/- 1.3651
INFO:root:Epoch no. 189 of 500 (samples: 127298)
INFO:root:Loss: 86.755 +/- 1.6879
INFO:root:Epoch no. 190 of 500 (samples: 127298)
INFO:root:Loss: 85.8052 +/- 1.4135
INFO:root:Epoch no. 191 of 500 (samples: 127298)
INFO:root:Loss: 85.1943 +/- 1.4615
INFO:root:Epoch no. 192 of 500 (samples: 127298)
INFO:root:Loss: 84.5329 +/- 1.4722
INFO:root:Epoch no. 193 of 500 (samples: 127298)
INFO:root:Loss: 83.7557 +/- 1.2478
INFO:root:Epoch no. 194 of 500 (samples: 127298)
INFO:root:Loss: 83.1362 +/- 1.2527
INFO:root:Epoch no. 195 of 500 (samples: 127298)
INFO:root:Loss: 82.1534 +/- 1.6545
INFO:root:Epoch no. 196 of 500 (samples: 127298)
INFO:root:Loss: 81.5957 +/- 1.3688
INFO:root:Epoch no. 197 of 500 (samples: 127298)
INFO:root:Loss: 80.8509 +/- 1.93
INFO:root:Epoch no. 198 of 500 (samples: 127298)
INFO:root:Loss: 80.1784 +/- 1.3261
INFO:root:Epoch no. 199 of 500 (samples: 127298)
INFO:root:Loss: 79.513 +/- 0.7847
INFO:root:Epoch no. 200 of 500 (samples: 127298)
INFO:root:Loss: 78.8247 +/- 1.497
INFO:root:Epoch no. 201 of 500 (samples: 127298)
INFO:root:Loss: 78.029 +/- 1.1447
INFO:root:Epoch no. 202 of 500 (samples: 127298)
INFO:root:Loss: 77.4556 +/- 1.9571
INFO:root:Epoch no. 203 of 500 (samples: 127298)
INFO:root:Loss: 77.0936 +/- 1.869
INFO:root:Epoch no. 204 of 500 (samples: 127298)
INFO:root:Loss: 76.3161 +/- 1.319
INFO:root:Epoch no. 205 of 500 (samples: 127298)
INFO:root:Loss: 75.9437 +/- 1.7212
INFO:root:Epoch no. 206 of 500 (samples: 127298)
INFO:root:Loss: 75.6293 +/- 1.4505
INFO:root:Epoch no. 207 of 500 (samples: 127298)
INFO:root:Loss: 75.1926 +/- 1.1422
INFO:root:Epoch no. 208 of 500 (samples: 127298)
INFO:root:Loss: 75.0158 +/- 1.6384
INFO:root:Epoch no. 209 of 500 (samples: 127298)
INFO:root:Loss: 75.0192 +/- 1.4481
INFO:root:Epoch no. 210 of 500 (samples: 127298)
INFO:root:Loss: 74.7799 +/- 1.1168
INFO:root:Epoch no. 211 of 500 (samples: 127298)
INFO:root:Loss: 74.4665 +/- 1.1034
INFO:root:Epoch no. 212 of 500 (samples: 127298)
INFO:root:Loss: 74.4191 +/- 1.4672
INFO:root:Epoch no. 213 of 500 (samples: 127298)
INFO:root:Loss: 74.2891 +/- 1.6053
INFO:root:Epoch no. 214 of 500 (samples: 127298)
INFO:root:Loss: 74.0098 +/- 1.3143
INFO:root:Epoch no. 215 of 500 (samples: 127298)
INFO:root:Loss: 74.0803 +/- 1.7069
INFO:root:Epoch no. 216 of 500 (samples: 127298)
INFO:root:Loss: 74.2743 +/- 1.3618
INFO:root:Epoch no. 217 of 500 (samples: 127298)
INFO:root:Loss: 74.0699 +/- 1.5816
INFO:root:Epoch no. 218 of 500 (samples: 127298)
INFO:root:Loss: 74.1749 +/- 1.4386
INFO:root:Epoch no. 219 of 500 (samples: 127298)
INFO:root:Loss: 74.2576 +/- 1.7863
INFO:root:Epoch no. 220 of 500 (samples: 127298)
INFO:root:Loss: 74.1676 +/- 1.5567
INFO:root:Epoch no. 221 of 500 (samples: 127298)
INFO:root:Loss: 73.8969 +/- 1.577
INFO:root:Epoch no. 222 of 500 (samples: 127298)
INFO:root:Loss: 73.5785 +/- 1.4424
INFO:root:Epoch no. 223 of 500 (samples: 127298)
INFO:root:Loss: 73.6094 +/- 1.5733
INFO:root:Epoch no. 224 of 500 (samples: 127298)
INFO:root:Loss: 73.1674 +/- 1.1192
INFO:root:Epoch no. 225 of 500 (samples: 127298)
INFO:root:Loss: 73.0716 +/- 1.4666
INFO:root:Epoch no. 226 of 500 (samples: 127298)
INFO:root:Loss: 72.6035 +/- 1.0162
INFO:root:Epoch no. 227 of 500 (samples: 127298)
INFO:root:Loss: 72.0592 +/- 1.5768
INFO:root:Epoch no. 228 of 500 (samples: 127298)
INFO:root:Loss: 71.5315 +/- 1.2957
INFO:root:Epoch no. 229 of 500 (samples: 127298)
INFO:root:Loss: 71.1454 +/- 1.4308
INFO:root:Epoch no. 230 of 500 (samples: 127298)
INFO:root:Loss: 70.4232 +/- 1.4272
INFO:root:Epoch no. 231 of 500 (samples: 127298)
INFO:root:Loss: 69.7562 +/- 1.7441
INFO:root:Epoch no. 232 of 500 (samples: 127298)
INFO:root:Loss: 69.1875 +/- 1.2756
INFO:root:Epoch no. 233 of 500 (samples: 127298)
INFO:root:Loss: 68.2587 +/- 1.21
INFO:root:Epoch no. 234 of 500 (samples: 127298)
INFO:root:Loss: 67.6361 +/- 1.3588
INFO:root:Epoch no. 235 of 500 (samples: 127298)
INFO:root:Loss: 66.838 +/- 1.4505
INFO:root:Epoch no. 236 of 500 (samples: 127298)
INFO:root:Loss: 65.9498 +/- 1.3874
INFO:root:Epoch no. 237 of 500 (samples: 127298)
INFO:root:Loss: 65.0403 +/- 1.4694
INFO:root:Epoch no. 238 of 500 (samples: 127298)
INFO:root:Loss: 63.9926 +/- 1.2545
INFO:root:Epoch no. 239 of 500 (samples: 127298)
INFO:root:Loss: 62.928 +/- 1.2198
INFO:root:Epoch no. 240 of 500 (samples: 127298)
INFO:root:Loss: 62.1172 +/- 1.6697
INFO:root:Epoch no. 241 of 500 (samples: 127298)
INFO:root:Loss: 60.8207 +/- 1.0221
INFO:root:Epoch no. 242 of 500 (samples: 127298)
INFO:root:Loss: 60.0034 +/- 1.3367
INFO:root:Epoch no. 243 of 500 (samples: 127298)
INFO:root:Loss: 59.1184 +/- 1.3254
INFO:root:Epoch no. 244 of 500 (samples: 127298)
INFO:root:Loss: 58.1512 +/- 1.5549
INFO:root:Epoch no. 245 of 500 (samples: 127298)
INFO:root:Loss: 57.6233 +/- 0.8847
INFO:root:Epoch no. 246 of 500 (samples: 127298)
INFO:root:Loss: 56.8117 +/- 1.1108
INFO:root:Epoch no. 247 of 500 (samples: 127298)
INFO:root:Loss: 56.1772 +/- 0.8076
INFO:root:Epoch no. 248 of 500 (samples: 127298)
INFO:root:Loss: 55.761 +/- 0.998
INFO:root:Epoch no. 249 of 500 (samples: 127298)
INFO:root:Loss: 55.1357 +/- 1.2734
INFO:root:Epoch no. 250 of 500 (samples: 127298)
INFO:root:Loss: 54.854 +/- 1.3571
INFO:root:Epoch no. 251 of 500 (samples: 127298)
INFO:root:Loss: 54.5442 +/- 1.2165
INFO:root:Epoch no. 252 of 500 (samples: 127298)
INFO:root:Loss: 54.5834 +/- 1.2968
INFO:root:Epoch no. 253 of 500 (samples: 127298)
INFO:root:Loss: 54.2781 +/- 1.2885
INFO:root:Epoch no. 254 of 500 (samples: 127298)
INFO:root:Loss: 54.055 +/- 0.8086
INFO:root:Epoch no. 255 of 500 (samples: 127298)
INFO:root:Loss: 54.0887 +/- 1.5465
INFO:root:Epoch no. 256 of 500 (samples: 127298)
INFO:root:Loss: 53.9812 +/- 1.6066
INFO:root:Epoch no. 257 of 500 (samples: 127298)
INFO:root:Loss: 53.728 +/- 1.4102
INFO:root:Epoch no. 258 of 500 (samples: 127298)
INFO:root:Loss: 53.7592 +/- 1.99
INFO:root:Epoch no. 259 of 500 (samples: 127298)
INFO:root:Loss: 53.294 +/- 1.9133
INFO:root:Epoch no. 260 of 500 (samples: 127298)
INFO:root:Loss: 52.8963 +/- 1.1731
INFO:root:Epoch no. 261 of 500 (samples: 127298)
INFO:root:Loss: 52.5839 +/- 0.8464
INFO:root:Epoch no. 262 of 500 (samples: 127298)
INFO:root:Loss: 52.1123 +/- 1.4825
INFO:root:Epoch no. 263 of 500 (samples: 127298)
INFO:root:Loss: 51.9953 +/- 1.4084
INFO:root:Epoch no. 264 of 500 (samples: 127298)
INFO:root:Loss: 51.283 +/- 1.4798
INFO:root:Epoch no. 265 of 500 (samples: 127298)
INFO:root:Loss: 50.8959 +/- 1.3033
INFO:root:Epoch no. 266 of 500 (samples: 127298)
INFO:root:Loss: 50.3111 +/- 1.2711
INFO:root:Epoch no. 267 of 500 (samples: 127298)
INFO:root:Loss: 49.6644 +/- 1.3282
INFO:root:Epoch no. 268 of 500 (samples: 127298)
INFO:root:Loss: 49.2248 +/- 0.9937
INFO:root:Epoch no. 269 of 500 (samples: 127298)
INFO:root:Loss: 48.81 +/- 1.1751
INFO:root:Epoch no. 270 of 500 (samples: 127298)
INFO:root:Loss: 48.1731 +/- 1.2005
INFO:root:Epoch no. 271 of 500 (samples: 127298)
INFO:root:Loss: 47.5356 +/- 1.102
INFO:root:Epoch no. 272 of 500 (samples: 127298)
INFO:root:Loss: 46.8727 +/- 1.3054
INFO:root:Epoch no. 273 of 500 (samples: 127298)
INFO:root:Loss: 46.4627 +/- 1.0439
INFO:root:Epoch no. 274 of 500 (samples: 127298)
INFO:root:Loss: 46.0374 +/- 0.8974
INFO:root:Epoch no. 275 of 500 (samples: 127298)
INFO:root:Loss: 45.4674 +/- 1.3829
INFO:root:Epoch no. 276 of 500 (samples: 127298)
INFO:root:Loss: 44.7962 +/- 1.1542
INFO:root:Epoch no. 277 of 500 (samples: 127298)
INFO:root:Loss: 44.1881 +/- 1.081
INFO:root:Epoch no. 278 of 500 (samples: 127298)
INFO:root:Loss: 43.8279 +/- 1.3419
INFO:root:Epoch no. 279 of 500 (samples: 127298)
INFO:root:Loss: 42.8994 +/- 0.8993
INFO:root:Epoch no. 280 of 500 (samples: 127298)
INFO:root:Loss: 42.4351 +/- 0.8367
INFO:root:Epoch no. 281 of 500 (samples: 127298)
INFO:root:Loss: 42.2681 +/- 1.2085
INFO:root:Epoch no. 282 of 500 (samples: 127298)
INFO:root:Loss: 41.544 +/- 1.3321
INFO:root:Epoch no. 283 of 500 (samples: 127298)
INFO:root:Loss: 40.9707 +/- 1.027
INFO:root:Epoch no. 284 of 500 (samples: 127298)
INFO:root:Loss: 40.7833 +/- 0.8829
INFO:root:Epoch no. 285 of 500 (samples: 127298)
INFO:root:Loss: 40.302 +/- 1.3559
INFO:root:Epoch no. 286 of 500 (samples: 127298)
INFO:root:Loss: 39.9622 +/- 0.9682
INFO:root:Epoch no. 287 of 500 (samples: 127298)
INFO:root:Loss: 39.5766 +/- 1.001
INFO:root:Epoch no. 288 of 500 (samples: 127298)
INFO:root:Loss: 39.3499 +/- 0.9008
INFO:root:Epoch no. 289 of 500 (samples: 127298)
INFO:root:Loss: 38.935 +/- 0.9733
INFO:root:Epoch no. 290 of 500 (samples: 127298)
INFO:root:Loss: 38.8164 +/- 1.2742
INFO:root:Epoch no. 291 of 500 (samples: 127298)
INFO:root:Loss: 38.399 +/- 0.9041
INFO:root:Epoch no. 292 of 500 (samples: 127298)
INFO:root:Loss: 38.2347 +/- 0.8479
INFO:root:Epoch no. 293 of 500 (samples: 127298)
INFO:root:Loss: 37.9817 +/- 0.8944
INFO:root:Epoch no. 294 of 500 (samples: 127298)
INFO:root:Loss: 37.8459 +/- 0.6121
INFO:root:Epoch no. 295 of 500 (samples: 127298)
INFO:root:Loss: 37.5779 +/- 0.6441
INFO:root:Epoch no. 296 of 500 (samples: 127298)
INFO:root:Loss: 37.2586 +/- 1.5534
INFO:root:Epoch no. 297 of 500 (samples: 127298)
INFO:root:Loss: 36.9367 +/- 1.1997
INFO:root:Epoch no. 298 of 500 (samples: 127298)
INFO:root:Loss: 36.5424 +/- 0.7087
INFO:root:Epoch no. 299 of 500 (samples: 127298)
INFO:root:Loss: 36.4337 +/- 0.6417
INFO:root:Epoch no. 300 of 500 (samples: 127298)
INFO:root:Loss: 35.996 +/- 1.3737
INFO:root:Epoch no. 301 of 500 (samples: 127298)
INFO:root:Loss: 35.9141 +/- 1.0979
INFO:root:Epoch no. 302 of 500 (samples: 127298)
INFO:root:Loss: 35.505 +/- 0.6499
INFO:root:Epoch no. 303 of 500 (samples: 127298)
INFO:root:Loss: 35.2026 +/- 0.9778
INFO:root:Epoch no. 304 of 500 (samples: 127298)
INFO:root:Loss: 34.9063 +/- 0.846
INFO:root:Epoch no. 305 of 500 (samples: 127298)
INFO:root:Loss: 34.5378 +/- 1.0135
INFO:root:Epoch no. 306 of 500 (samples: 127298)
INFO:root:Loss: 34.5187 +/- 1.0197
INFO:root:Epoch no. 307 of 500 (samples: 127298)
INFO:root:Loss: 34.2513 +/- 0.6931
INFO:root:Epoch no. 308 of 500 (samples: 127298)
INFO:root:Loss: 33.9634 +/- 1.0889
INFO:root:Epoch no. 309 of 500 (samples: 127298)
INFO:root:Loss: 33.7871 +/- 0.5994
INFO:root:Epoch no. 310 of 500 (samples: 127298)
INFO:root:Loss: 33.491 +/- 1.0651
INFO:root:Epoch no. 311 of 500 (samples: 127298)
INFO:root:Loss: 33.234 +/- 1.2107
INFO:root:Epoch no. 312 of 500 (samples: 127298)
INFO:root:Loss: 32.8465 +/- 0.691
INFO:root:Epoch no. 313 of 500 (samples: 127298)
INFO:root:Loss: 32.9015 +/- 1.2575
INFO:root:Epoch no. 314 of 500 (samples: 127298)
INFO:root:Loss: 32.5595 +/- 0.845
INFO:root:Epoch no. 315 of 500 (samples: 127298)
INFO:root:Loss: 32.6525 +/- 0.7985
INFO:root:Epoch no. 316 of 500 (samples: 127298)
INFO:root:Loss: 32.1312 +/- 0.6859
INFO:root:Epoch no. 317 of 500 (samples: 127298)
INFO:root:Loss: 31.9849 +/- 0.9283
INFO:root:Epoch no. 318 of 500 (samples: 127298)
INFO:root:Loss: 31.8215 +/- 0.7004
INFO:root:Epoch no. 319 of 500 (samples: 127298)
INFO:root:Loss: 31.7255 +/- 1.1095
INFO:root:Epoch no. 320 of 500 (samples: 127298)
INFO:root:Loss: 31.5382 +/- 1.1369
INFO:root:Epoch no. 321 of 500 (samples: 127298)
INFO:root:Loss: 31.1577 +/- 1.106
INFO:root:Epoch no. 322 of 500 (samples: 127298)
INFO:root:Loss: 31.0903 +/- 0.9791
INFO:root:Epoch no. 323 of 500 (samples: 127298)
INFO:root:Loss: 31.1022 +/- 1.512
INFO:root:Epoch no. 324 of 500 (samples: 127298)
INFO:root:Loss: 30.8095 +/- 0.9847
INFO:root:Epoch no. 325 of 500 (samples: 127298)
INFO:root:Loss: 30.6508 +/- 0.6926
INFO:root:Epoch no. 326 of 500 (samples: 127298)
INFO:root:Loss: 30.7033 +/- 1.2598
INFO:root:Epoch no. 327 of 500 (samples: 127298)
INFO:root:Loss: 30.6804 +/- 1.0044
INFO:root:Epoch no. 328 of 500 (samples: 127298)
INFO:root:Loss: 30.5132 +/- 0.7158
INFO:root:Epoch no. 329 of 500 (samples: 127298)
INFO:root:Loss: 30.5152 +/- 0.9757
INFO:root:Epoch no. 330 of 500 (samples: 127298)
INFO:root:Loss: 30.137 +/- 1.0401
INFO:root:Epoch no. 331 of 500 (samples: 127298)
INFO:root:Loss: 30.1341 +/- 0.928
INFO:root:Epoch no. 332 of 500 (samples: 127298)
INFO:root:Loss: 30.3067 +/- 0.744
INFO:root:Epoch no. 333 of 500 (samples: 127298)
INFO:root:Loss: 30.4164 +/- 0.9364
INFO:root:Epoch no. 334 of 500 (samples: 127298)
INFO:root:Loss: 30.0751 +/- 0.9258
INFO:root:Epoch no. 335 of 500 (samples: 127298)
INFO:root:Loss: 30.0301 +/- 1.1157
INFO:root:Epoch no. 336 of 500 (samples: 127298)
INFO:root:Loss: 29.874 +/- 1.126
INFO:root:Epoch no. 337 of 500 (samples: 127298)
INFO:root:Loss: 29.971 +/- 1.1795
INFO:root:Epoch no. 338 of 500 (samples: 127298)
INFO:root:Loss: 30.0646 +/- 0.82
INFO:root:Epoch no. 339 of 500 (samples: 127298)
INFO:root:Loss: 29.9904 +/- 0.9663
INFO:root:Epoch no. 340 of 500 (samples: 127298)
INFO:root:Loss: 29.9452 +/- 0.879
INFO:root:Epoch no. 341 of 500 (samples: 127298)
INFO:root:Loss: 29.9689 +/- 0.8728
INFO:root:Epoch no. 342 of 500 (samples: 127298)
INFO:root:Loss: 30.2861 +/- 0.832
INFO:root:Epoch no. 343 of 500 (samples: 127298)
INFO:root:Loss: 29.9525 +/- 0.8273
INFO:root:Epoch no. 344 of 500 (samples: 127298)
INFO:root:Loss: 30.2978 +/- 0.8524
INFO:root:Epoch no. 345 of 500 (samples: 127298)
INFO:root:Loss: 30.2268 +/- 0.6623
INFO:root:Epoch no. 346 of 500 (samples: 127298)
INFO:root:Loss: 30.3312 +/- 0.9081
INFO:root:Epoch no. 347 of 500 (samples: 127298)
INFO:root:Loss: 30.3072 +/- 1.0695
INFO:root:Epoch no. 348 of 500 (samples: 127298)
INFO:root:Loss: 30.476 +/- 0.8049
INFO:root:Epoch no. 349 of 500 (samples: 127298)
INFO:root:Loss: 30.6342 +/- 0.7532
INFO:root:Epoch no. 350 of 500 (samples: 127298)
INFO:root:Loss: 30.7392 +/- 0.6649
INFO:root:Epoch no. 351 of 500 (samples: 127298)
INFO:root:Loss: 30.7658 +/- 1.0205
INFO:root:Epoch no. 352 of 500 (samples: 127298)
INFO:root:Loss: 30.978 +/- 1.2717
INFO:root:Epoch no. 353 of 500 (samples: 127298)
INFO:root:Loss: 30.921 +/- 0.5248
INFO:root:Epoch no. 354 of 500 (samples: 127298)
INFO:root:Loss: 31.3167 +/- 0.8796
INFO:root:Epoch no. 355 of 500 (samples: 127298)
INFO:root:Loss: 31.199 +/- 1.1924
INFO:root:Epoch no. 356 of 500 (samples: 127298)
INFO:root:Loss: 31.447 +/- 1.2595
INFO:root:Epoch no. 357 of 500 (samples: 127298)
INFO:root:Loss: 31.478 +/- 1.0312
INFO:root:Epoch no. 358 of 500 (samples: 127298)
INFO:root:Loss: 31.4129 +/- 1.0309
INFO:root:Epoch no. 359 of 500 (samples: 127298)
INFO:root:Loss: 31.6388 +/- 0.6188
INFO:root:Epoch no. 360 of 500 (samples: 127298)
INFO:root:Loss: 31.497 +/- 0.9672
INFO:root:Epoch no. 361 of 500 (samples: 127298)
INFO:root:Loss: 31.5088 +/- 0.9807
INFO:root:Epoch no. 362 of 500 (samples: 127298)
INFO:root:Loss: 31.4581 +/- 1.063
INFO:root:Epoch no. 363 of 500 (samples: 127298)
INFO:root:Loss: 31.5728 +/- 0.8285
INFO:root:Epoch no. 364 of 500 (samples: 127298)
INFO:root:Loss: 31.5403 +/- 1.1095
INFO:root:Epoch no. 365 of 500 (samples: 127298)
INFO:root:Loss: 31.4661 +/- 0.8057
INFO:root:Epoch no. 366 of 500 (samples: 127298)
INFO:root:Loss: 31.4277 +/- 1.0589
INFO:root:Epoch no. 367 of 500 (samples: 127298)
INFO:root:Loss: 31.4178 +/- 0.9243
INFO:root:Epoch no. 368 of 500 (samples: 127298)
INFO:root:Loss: 31.2254 +/- 0.8727
INFO:root:Epoch no. 369 of 500 (samples: 127298)
INFO:root:Loss: 31.2614 +/- 0.9039
INFO:root:Epoch no. 370 of 500 (samples: 127298)
INFO:root:Loss: 31.1443 +/- 0.7663
INFO:root:Epoch no. 371 of 500 (samples: 127298)
INFO:root:Loss: 31.1083 +/- 1.1082
INFO:root:Epoch no. 372 of 500 (samples: 127298)
INFO:root:Loss: 30.9536 +/- 1.2317
INFO:root:Epoch no. 373 of 500 (samples: 127298)
INFO:root:Loss: 30.8481 +/- 1.1387
INFO:root:Epoch no. 374 of 500 (samples: 127298)
INFO:root:Loss: 30.8952 +/- 0.929
INFO:root:Epoch no. 375 of 500 (samples: 127298)
INFO:root:Loss: 30.8216 +/- 1.1738
INFO:root:Epoch no. 376 of 500 (samples: 127298)
INFO:root:Loss: 30.48 +/- 0.7658
INFO:root:Epoch no. 377 of 500 (samples: 127298)
INFO:root:Loss: 30.3442 +/- 0.6153
INFO:root:Epoch no. 378 of 500 (samples: 127298)
INFO:root:Loss: 30.4324 +/- 0.6579
INFO:root:Epoch no. 379 of 500 (samples: 127298)
INFO:root:Loss: 30.337 +/- 0.6756
INFO:root:Epoch no. 380 of 500 (samples: 127298)
INFO:root:Loss: 30.3264 +/- 0.6819
INFO:root:Epoch no. 381 of 500 (samples: 127298)
INFO:root:Loss: 30.1448 +/- 1.0923
INFO:root:Epoch no. 382 of 500 (samples: 127298)
INFO:root:Loss: 30.0186 +/- 0.7842
INFO:root:Epoch no. 383 of 500 (samples: 127298)
INFO:root:Loss: 30.0983 +/- 0.9007
INFO:root:Epoch no. 384 of 500 (samples: 127298)
INFO:root:Loss: 29.9386 +/- 0.7288
INFO:root:Epoch no. 385 of 500 (samples: 127298)
INFO:root:Loss: 29.8801 +/- 0.5565
INFO:root:Epoch no. 386 of 500 (samples: 127298)
INFO:root:Loss: 29.6415 +/- 0.8844
INFO:root:Epoch no. 387 of 500 (samples: 127298)
INFO:root:Loss: 29.7858 +/- 1.3309
INFO:root:Epoch no. 388 of 500 (samples: 127298)
INFO:root:Loss: 29.6255 +/- 0.8981
INFO:root:Epoch no. 389 of 500 (samples: 127298)
INFO:root:Loss: 29.6071 +/- 0.7494
INFO:root:Epoch no. 390 of 500 (samples: 127298)
INFO:root:Loss: 29.4808 +/- 0.9091
INFO:root:Epoch no. 391 of 500 (samples: 127298)
INFO:root:Loss: 29.6446 +/- 1.1197
INFO:root:Epoch no. 392 of 500 (samples: 127298)
INFO:root:Loss: 29.5565 +/- 0.9383
INFO:root:Epoch no. 393 of 500 (samples: 127298)
INFO:root:Loss: 29.721 +/- 0.9381
INFO:root:Epoch no. 394 of 500 (samples: 127298)
INFO:root:Loss: 29.6148 +/- 1.0526
INFO:root:Epoch no. 395 of 500 (samples: 127298)
INFO:root:Loss: 29.6654 +/- 0.5499
INFO:root:Epoch no. 396 of 500 (samples: 127298)
INFO:root:Loss: 29.617 +/- 1.4293
INFO:root:Epoch no. 397 of 500 (samples: 127298)
INFO:root:Loss: 29.78 +/- 1.314
INFO:root:Epoch no. 398 of 500 (samples: 127298)
INFO:root:Loss: 29.7338 +/- 0.9192
INFO:root:Epoch no. 399 of 500 (samples: 127298)
INFO:root:Loss: 29.7037 +/- 0.92
INFO:root:Epoch no. 400 of 500 (samples: 127298)
INFO:root:Loss: 29.7994 +/- 1.0511
INFO:root:Epoch no. 401 of 500 (samples: 127298)
INFO:root:Loss: 29.7202 +/- 1.4017
INFO:root:Epoch no. 402 of 500 (samples: 127298)
INFO:root:Loss: 29.8744 +/- 1.8997
INFO:root:Epoch no. 403 of 500 (samples: 127298)
INFO:root:Loss: 29.8124 +/- 0.703
INFO:root:Epoch no. 404 of 500 (samples: 127298)
INFO:root:Loss: 29.8815 +/- 1.1063
INFO:root:Epoch no. 405 of 500 (samples: 127298)
INFO:root:Loss: 29.824 +/- 1.0524
INFO:root:Epoch no. 406 of 500 (samples: 127298)
INFO:root:Loss: 29.577 +/- 1.0701
INFO:root:Epoch no. 407 of 500 (samples: 127298)
INFO:root:Loss: 29.3993 +/- 0.8381
INFO:root:Epoch no. 408 of 500 (samples: 127298)
INFO:root:Loss: 29.4548 +/- 1.0076
INFO:root:Epoch no. 409 of 500 (samples: 127298)
INFO:root:Loss: 29.334 +/- 0.9237
INFO:root:Epoch no. 410 of 500 (samples: 127298)
INFO:root:Loss: 29.4091 +/- 0.9964
INFO:root:Epoch no. 411 of 500 (samples: 127298)
INFO:root:Loss: 29.2035 +/- 0.6498
INFO:root:Epoch no. 412 of 500 (samples: 127298)
INFO:root:Loss: 29.0585 +/- 1.0158
INFO:root:Epoch no. 413 of 500 (samples: 127298)
INFO:root:Loss: 28.864 +/- 1.0862
INFO:root:Epoch no. 414 of 500 (samples: 127298)
INFO:root:Loss: 28.6524 +/- 1.0554
INFO:root:Epoch no. 415 of 500 (samples: 127298)
INFO:root:Loss: 28.568 +/- 1.0138
INFO:root:Epoch no. 416 of 500 (samples: 127298)
INFO:root:Loss: 28.341 +/- 0.8774
INFO:root:Epoch no. 417 of 500 (samples: 127298)
INFO:root:Loss: 28.2252 +/- 0.8535
INFO:root:Epoch no. 418 of 500 (samples: 127298)
INFO:root:Loss: 28.3814 +/- 0.8277
INFO:root:Epoch no. 419 of 500 (samples: 127298)
INFO:root:Loss: 28.1187 +/- 0.8876
INFO:root:Epoch no. 420 of 500 (samples: 127298)
INFO:root:Loss: 27.9174 +/- 1.1065
INFO:root:Epoch no. 421 of 500 (samples: 127298)
INFO:root:Loss: 28.0577 +/- 1.1383
INFO:root:Epoch no. 422 of 500 (samples: 127298)
INFO:root:Loss: 27.9171 +/- 0.8061
INFO:root:Epoch no. 423 of 500 (samples: 127298)
INFO:root:Loss: 27.8181 +/- 1.1967
INFO:root:Epoch no. 424 of 500 (samples: 127298)
INFO:root:Loss: 27.6957 +/- 0.8846
INFO:root:Epoch no. 425 of 500 (samples: 127298)
INFO:root:Loss: 27.6472 +/- 0.4138
INFO:root:Epoch no. 426 of 500 (samples: 127298)
INFO:root:Loss: 27.449 +/- 1.0711
INFO:root:Epoch no. 427 of 500 (samples: 127298)
INFO:root:Loss: 27.5353 +/- 0.7657
INFO:root:Epoch no. 428 of 500 (samples: 127298)
INFO:root:Loss: 27.538 +/- 0.6411
INFO:root:Epoch no. 429 of 500 (samples: 127298)
INFO:root:Loss: 27.5601 +/- 1.0167
INFO:root:Epoch no. 430 of 500 (samples: 127298)
INFO:root:Loss: 27.49 +/- 0.8738
INFO:root:Epoch no. 431 of 500 (samples: 127298)
INFO:root:Loss: 27.4819 +/- 0.8465
INFO:root:Epoch no. 432 of 500 (samples: 127298)
INFO:root:Loss: 27.4228 +/- 0.5428
INFO:root:Epoch no. 433 of 500 (samples: 127298)
INFO:root:Loss: 27.6398 +/- 0.9897
INFO:root:Epoch no. 434 of 500 (samples: 127298)
INFO:root:Loss: 27.5247 +/- 1.0477
INFO:root:Epoch no. 435 of 500 (samples: 127298)
INFO:root:Loss: 27.6541 +/- 0.956
INFO:root:Epoch no. 436 of 500 (samples: 127298)
INFO:root:Loss: 27.774 +/- 0.7379
INFO:root:Epoch no. 437 of 500 (samples: 127298)
INFO:root:Loss: 27.7349 +/- 1.0336
INFO:root:Epoch no. 438 of 500 (samples: 127298)
INFO:root:Loss: 27.8056 +/- 0.8458
INFO:root:Epoch no. 439 of 500 (samples: 127298)
INFO:root:Loss: 27.9125 +/- 0.95
INFO:root:Epoch no. 440 of 500 (samples: 127298)
INFO:root:Loss: 27.8123 +/- 0.8399
INFO:root:Epoch no. 441 of 500 (samples: 127298)
INFO:root:Loss: 28.0444 +/- 0.792
INFO:root:Epoch no. 442 of 500 (samples: 127298)
INFO:root:Loss: 27.9419 +/- 1.1459
INFO:root:Epoch no. 443 of 500 (samples: 127298)
INFO:root:Loss: 28.3397 +/- 0.6783
INFO:root:Epoch no. 444 of 500 (samples: 127298)
INFO:root:Loss: 28.313 +/- 0.7599
INFO:root:Epoch no. 445 of 500 (samples: 127298)
INFO:root:Loss: 28.5251 +/- 1.0149
INFO:root:Epoch no. 446 of 500 (samples: 127298)
INFO:root:Loss: 28.8001 +/- 0.9964
INFO:root:Epoch no. 447 of 500 (samples: 127298)
INFO:root:Loss: 28.7728 +/- 0.861
INFO:root:Epoch no. 448 of 500 (samples: 127298)
INFO:root:Loss: 29.0929 +/- 0.7693
INFO:root:Epoch no. 449 of 500 (samples: 127298)
INFO:root:Loss: 29.1485 +/- 0.8838
INFO:root:Epoch no. 450 of 500 (samples: 127298)
INFO:root:Loss: 29.1837 +/- 1.3861
INFO:root:Epoch no. 451 of 500 (samples: 127298)
INFO:root:Loss: 29.3276 +/- 0.878
INFO:root:Epoch no. 452 of 500 (samples: 127298)
INFO:root:Loss: 29.3312 +/- 1.0242
INFO:root:Epoch no. 453 of 500 (samples: 127298)
INFO:root:Loss: 29.6906 +/- 0.6941
INFO:root:Epoch no. 454 of 500 (samples: 127298)
INFO:root:Loss: 29.7141 +/- 0.6476
INFO:root:Epoch no. 455 of 500 (samples: 127298)
INFO:root:Loss: 29.6899 +/- 0.7693
INFO:root:Epoch no. 456 of 500 (samples: 127298)
INFO:root:Loss: 29.7551 +/- 1.0174
INFO:root:Epoch no. 457 of 500 (samples: 127298)
INFO:root:Loss: 30.0794 +/- 0.654
INFO:root:Epoch no. 458 of 500 (samples: 127298)
INFO:root:Loss: 30.1392 +/- 0.5301
INFO:root:Epoch no. 459 of 500 (samples: 127298)
INFO:root:Loss: 30.0394 +/- 0.8558
INFO:root:Epoch no. 460 of 500 (samples: 127298)
INFO:root:Loss: 30.2211 +/- 0.6708
INFO:root:Epoch no. 461 of 500 (samples: 127298)
INFO:root:Loss: 30.1148 +/- 1.1164
INFO:root:Epoch no. 462 of 500 (samples: 127298)
INFO:root:Loss: 30.1396 +/- 0.6565
INFO:root:Epoch no. 463 of 500 (samples: 127298)
INFO:root:Loss: 30.1853 +/- 0.7598
INFO:root:Epoch no. 464 of 500 (samples: 127298)
INFO:root:Loss: 30.1939 +/- 1.0475
INFO:root:Epoch no. 465 of 500 (samples: 127298)
INFO:root:Loss: 30.3323 +/- 0.9853
INFO:root:Epoch no. 466 of 500 (samples: 127298)
INFO:root:Loss: 30.2001 +/- 0.761
INFO:root:Epoch no. 467 of 500 (samples: 127298)
INFO:root:Loss: 30.1672 +/- 0.8331
INFO:root:Epoch no. 468 of 500 (samples: 127298)
INFO:root:Loss: 30.1833 +/- 1.0656
INFO:root:Epoch no. 469 of 500 (samples: 127298)
INFO:root:Loss: 30.2723 +/- 0.9208
INFO:root:Epoch no. 470 of 500 (samples: 127298)
INFO:root:Loss: 30.3242 +/- 0.8675
INFO:root:Epoch no. 471 of 500 (samples: 127298)
INFO:root:Loss: 30.0622 +/- 0.8946
INFO:root:Epoch no. 472 of 500 (samples: 127298)
INFO:root:Loss: 30.1759 +/- 1.0861
INFO:root:Epoch no. 473 of 500 (samples: 127298)
INFO:root:Loss: 30.0947 +/- 0.6112
INFO:root:Epoch no. 474 of 500 (samples: 127298)
INFO:root:Loss: 30.0953 +/- 0.5641
INFO:root:Epoch no. 475 of 500 (samples: 127298)
INFO:root:Loss: 29.9835 +/- 0.7686
INFO:root:Epoch no. 476 of 500 (samples: 127298)
INFO:root:Loss: 29.8494 +/- 1.1669
INFO:root:Epoch no. 477 of 500 (samples: 127298)
INFO:root:Loss: 29.7545 +/- 0.7378
INFO:root:Epoch no. 478 of 500 (samples: 127298)
INFO:root:Loss: 29.7696 +/- 0.6696
INFO:root:Epoch no. 479 of 500 (samples: 127298)
INFO:root:Loss: 29.5162 +/- 0.8294
INFO:root:Epoch no. 480 of 500 (samples: 127298)
INFO:root:Loss: 29.3058 +/- 0.8173
INFO:root:Epoch no. 481 of 500 (samples: 127298)
INFO:root:Loss: 29.1906 +/- 0.6448
INFO:root:Epoch no. 482 of 500 (samples: 127298)
INFO:root:Loss: 28.8317 +/- 0.7729
INFO:root:Epoch no. 483 of 500 (samples: 127298)
INFO:root:Loss: 28.6955 +/- 1.1187
INFO:root:Epoch no. 484 of 500 (samples: 127298)
INFO:root:Loss: 28.2935 +/- 1.0896
INFO:root:Epoch no. 485 of 500 (samples: 127298)
INFO:root:Loss: 28.2661 +/- 0.4179
INFO:root:Epoch no. 486 of 500 (samples: 127298)
INFO:root:Loss: 27.9422 +/- 0.8681
INFO:root:Epoch no. 487 of 500 (samples: 127298)
INFO:root:Loss: 27.8325 +/- 0.944
INFO:root:Epoch no. 488 of 500 (samples: 127298)
INFO:root:Loss: 27.6177 +/- 0.7236
INFO:root:Epoch no. 489 of 500 (samples: 127298)
INFO:root:Loss: 27.218 +/- 0.6383
INFO:root:Epoch no. 490 of 500 (samples: 127298)
INFO:root:Loss: 27.0702 +/- 0.9154
INFO:root:Epoch no. 491 of 500 (samples: 127298)
INFO:root:Loss: 26.6995 +/- 0.7551
INFO:root:Epoch no. 492 of 500 (samples: 127298)
INFO:root:Loss: 26.5983 +/- 0.7893
INFO:root:Epoch no. 493 of 500 (samples: 127298)
INFO:root:Loss: 26.3043 +/- 1.1252
INFO:root:Epoch no. 494 of 500 (samples: 127298)
INFO:root:Loss: 26.1416 +/- 0.5867
INFO:root:Epoch no. 495 of 500 (samples: 127298)
INFO:root:Loss: 26.012 +/- 1.2183
INFO:root:Epoch no. 496 of 500 (samples: 127298)
INFO:root:Loss: 25.8858 +/- 0.9984
INFO:root:Epoch no. 497 of 500 (samples: 127298)
INFO:root:Loss: 25.4246 +/- 0.5542
INFO:root:Epoch no. 498 of 500 (samples: 127298)
INFO:root:Loss: 25.4393 +/- 0.8283
INFO:root:Epoch no. 499 of 500 (samples: 127298)
INFO:root:Loss: 25.4427 +/- 0.9639
INFO:root:Epoch no. 500 of 500 (samples: 127298)
INFO:root:Loss: 25.0124 +/- 1.0243
/usr/local/lib/python3.5/dist-packages/keras/backend/theano_backend.py:517: UserWarning: theano.function was asked to create a function computing outputs given certain inputs, but the provided input variable at index 2 is not part of the computational graph needed to compute the outputs: keras_learning_phase.
To make this warning into an error, you can pass the parameter on_unused_input='raise' to theano.function. To disable it completely, use on_unused_input='ignore'.
  **kwargs)
INFO:root:### MICRO (validation raw):
INFO:root:	-- left   >> mean: 1302.8072, median: 3.0, mrr: 0.428, hits@1: 30.4%
INFO:root:	-- right  >> mean: 1301.4154, median: 4.0, mrr: 0.411, hits@1: 28.7%
INFO:root:	-- global >> mean: 1302.1113, median: 4.0, mrr: 0.42, hits@1: 29.55%
INFO:root:### MICRO (validation raw):
INFO:root:	-- left   >> mean: 1302.8072, median: 3.0, mrr: 0.428, hits@3: 50.24%
INFO:root:	-- right  >> mean: 1301.4154, median: 4.0, mrr: 0.411, hits@3: 48.28%
INFO:root:	-- global >> mean: 1302.1113, median: 4.0, mrr: 0.42, hits@3: 49.26%
INFO:root:### MICRO (validation raw):
INFO:root:	-- left   >> mean: 1302.8072, median: 3.0, mrr: 0.428, hits@5: 57.86%
INFO:root:	-- right  >> mean: 1301.4154, median: 4.0, mrr: 0.411, hits@5: 56.3%
INFO:root:	-- global >> mean: 1302.1113, median: 4.0, mrr: 0.42, hits@5: 57.08%
INFO:root:### MICRO (validation raw):
INFO:root:	-- left   >> mean: 1302.8072, median: 3.0, mrr: 0.428, hits@10: 66.24%
INFO:root:	-- right  >> mean: 1301.4154, median: 4.0, mrr: 0.411, hits@10: 65.18%
INFO:root:	-- global >> mean: 1302.1113, median: 4.0, mrr: 0.42, hits@10: 65.71%
INFO:root:### MICRO (validation filtered):
INFO:root:	-- left   >> mean: 1291.5508, median: 2.0, mrr: 0.559, hits@1: 44.82%
INFO:root:	-- right  >> mean: 1290.0716, median: 2.0, mrr: 0.549, hits@1: 43.6%
INFO:root:	-- global >> mean: 1290.8112, median: 2.0, mrr: 0.554, hits@1: 44.21%
INFO:root:### MICRO (validation filtered):
INFO:root:	-- left   >> mean: 1291.5508, median: 2.0, mrr: 0.559, hits@3: 63.44%
INFO:root:	-- right  >> mean: 1290.0716, median: 2.0, mrr: 0.549, hits@3: 62.76%
INFO:root:	-- global >> mean: 1290.8112, median: 2.0, mrr: 0.554, hits@3: 63.1%
INFO:root:### MICRO (validation filtered):
INFO:root:	-- left   >> mean: 1291.5508, median: 2.0, mrr: 0.559, hits@5: 68.8%
INFO:root:	-- right  >> mean: 1290.0716, median: 2.0, mrr: 0.549, hits@5: 68.38%
INFO:root:	-- global >> mean: 1290.8112, median: 2.0, mrr: 0.554, hits@5: 68.59%
INFO:root:### MICRO (validation filtered):
INFO:root:	-- left   >> mean: 1291.5508, median: 2.0, mrr: 0.559, hits@10: 74.84%
INFO:root:	-- right  >> mean: 1290.0716, median: 2.0, mrr: 0.549, hits@10: 74.14%
INFO:root:	-- global >> mean: 1290.8112, median: 2.0, mrr: 0.554, hits@10: 74.49%
INFO:root:### MICRO (test raw):
INFO:root:	-- left   >> mean: 1118.494, median: 4.0, mrr: 0.418, hits@1: 29.48%
INFO:root:	-- right  >> mean: 1128.9644, median: 4.0, mrr: 0.425, hits@1: 30.04%
INFO:root:	-- global >> mean: 1123.7292, median: 4.0, mrr: 0.422, hits@1: 29.76%
INFO:root:### MICRO (test raw):
INFO:root:	-- left   >> mean: 1118.494, median: 4.0, mrr: 0.418, hits@3: 48.62%
INFO:root:	-- right  >> mean: 1128.9644, median: 4.0, mrr: 0.425, hits@3: 49.72%
INFO:root:	-- global >> mean: 1123.7292, median: 4.0, mrr: 0.422, hits@3: 49.17%
INFO:root:### MICRO (test raw):
INFO:root:	-- left   >> mean: 1118.494, median: 4.0, mrr: 0.418, hits@5: 57.06%
INFO:root:	-- right  >> mean: 1128.9644, median: 4.0, mrr: 0.425, hits@5: 57.66%
INFO:root:	-- global >> mean: 1123.7292, median: 4.0, mrr: 0.422, hits@5: 57.36%
INFO:root:### MICRO (test raw):
INFO:root:	-- left   >> mean: 1118.494, median: 4.0, mrr: 0.418, hits@10: 65.94%
INFO:root:	-- right  >> mean: 1128.9644, median: 4.0, mrr: 0.425, hits@10: 66.74%
INFO:root:	-- global >> mean: 1123.7292, median: 4.0, mrr: 0.422, hits@10: 66.34%
INFO:root:### MICRO (test filtered):
INFO:root:	-- left   >> mean: 1106.7028, median: 2.0, mrr: 0.561, hits@1: 45.04%
INFO:root:	-- right  >> mean: 1118.1754, median: 2.0, mrr: 0.56, hits@1: 44.8%
INFO:root:	-- global >> mean: 1112.4391, median: 2.0, mrr: 0.561, hits@1: 44.92%
INFO:root:### MICRO (test filtered):
INFO:root:	-- left   >> mean: 1106.7028, median: 2.0, mrr: 0.561, hits@3: 64.24%
INFO:root:	-- right  >> mean: 1118.1754, median: 2.0, mrr: 0.56, hits@3: 64.02%
INFO:root:	-- global >> mean: 1112.4391, median: 2.0, mrr: 0.561, hits@3: 64.13%
INFO:root:### MICRO (test filtered):
INFO:root:	-- left   >> mean: 1106.7028, median: 2.0, mrr: 0.561, hits@5: 69.64%
INFO:root:	-- right  >> mean: 1118.1754, median: 2.0, mrr: 0.56, hits@5: 69.48%
INFO:root:	-- global >> mean: 1112.4391, median: 2.0, mrr: 0.561, hits@5: 69.56%
INFO:root:### MICRO (test filtered):
INFO:root:	-- left   >> mean: 1106.7028, median: 2.0, mrr: 0.561, hits@10: 74.96%
INFO:root:	-- right  >> mean: 1118.1754, median: 2.0, mrr: 0.56, hits@10: 75.34%
INFO:root:	-- global >> mean: 1112.4391, median: 2.0, mrr: 0.561, hits@10: 75.15%
