Using Theano backend.
INFO:root:Acquiring data/wn18/wordnet-mlj12-train.txt ..
INFO:root:Acquiring data/wn18/wordnet-mlj12-valid.txt ..
INFO:root:Acquiring data/wn18/wordnet-mlj12-test.txt ..
INFO:root:[Rules] Adding Head: 15, Tail: [(10, True)]
INFO:root:[Rules] Adding Head: 12, Tail: [(17, True)]
INFO:root:[Rules] Adding Head: 4, Tail: [(5, True)]
INFO:root:[Rules] Adding Head: 13, Tail: [(3, True)]
INFO:root:[Rules] Adding Head: 5, Tail: [(4, True)]
INFO:root:[Rules] Adding Head: 16, Tail: [(11, True)]
INFO:root:[Rules] Adding Head: 17, Tail: [(12, True)]
INFO:root:[Rules] Adding Head: 11, Tail: [(16, True)]
INFO:root:[Rules] Adding Head: 8, Tail: [(9, True)]
INFO:root:[Rules] Adding Head: 2, Tail: [(2, True)]
INFO:root:Samples: 99009, no. batches: 10 -> batch size: 9901
INFO:root:Epoch no. 1 of 500 (samples: 99009)
INFO:root:Loss: 673.1772 +/- 10.6919
INFO:root:Epoch no. 2 of 500 (samples: 99009)
INFO:root:Loss: 541.7859 +/- 25.0843
INFO:root:Epoch no. 3 of 500 (samples: 99009)
INFO:root:Loss: 365.7039 +/- 8.3803
INFO:root:Epoch no. 4 of 500 (samples: 99009)
INFO:root:Loss: 249.8468 +/- 5.3668
INFO:root:Epoch no. 5 of 500 (samples: 99009)
INFO:root:Loss: 185.0463 +/- 8.5514
INFO:root:Epoch no. 6 of 500 (samples: 99009)
INFO:root:Loss: 146.5996 +/- 9.5326
INFO:root:Epoch no. 7 of 500 (samples: 99009)
INFO:root:Loss: 122.1537 +/- 9.2731
INFO:root:Epoch no. 8 of 500 (samples: 99009)
INFO:root:Loss: 105.2671 +/- 7.9245
INFO:root:Epoch no. 9 of 500 (samples: 99009)
INFO:root:Loss: 93.441 +/- 7.0301
INFO:root:Epoch no. 10 of 500 (samples: 99009)
INFO:root:Loss: 84.468 +/- 7.2559
INFO:root:Epoch no. 11 of 500 (samples: 99009)
INFO:root:Loss: 77.4196 +/- 6.6486
INFO:root:Epoch no. 12 of 500 (samples: 99009)
INFO:root:Loss: 71.7093 +/- 6.2272
INFO:root:Epoch no. 13 of 500 (samples: 99009)
INFO:root:Loss: 67.1084 +/- 5.4713
INFO:root:Epoch no. 14 of 500 (samples: 99009)
INFO:root:Loss: 63.4405 +/- 5.5661
INFO:root:Epoch no. 15 of 500 (samples: 99009)
INFO:root:Loss: 60.2716 +/- 4.5493
INFO:root:Epoch no. 16 of 500 (samples: 99009)
INFO:root:Loss: 57.5115 +/- 4.6511
INFO:root:Epoch no. 17 of 500 (samples: 99009)
INFO:root:Loss: 55.0082 +/- 4.2735
INFO:root:Epoch no. 18 of 500 (samples: 99009)
INFO:root:Loss: 52.6355 +/- 3.9531
INFO:root:Epoch no. 19 of 500 (samples: 99009)
INFO:root:Loss: 50.7367 +/- 4.0626
INFO:root:Epoch no. 20 of 500 (samples: 99009)
INFO:root:Loss: 49.1957 +/- 3.734
INFO:root:Epoch no. 21 of 500 (samples: 99009)
INFO:root:Loss: 47.7502 +/- 3.6092
INFO:root:Epoch no. 22 of 500 (samples: 99009)
INFO:root:Loss: 46.4066 +/- 3.1964
INFO:root:Epoch no. 23 of 500 (samples: 99009)
INFO:root:Loss: 45.1477 +/- 3.0287
INFO:root:Epoch no. 24 of 500 (samples: 99009)
INFO:root:Loss: 44.1376 +/- 2.8495
INFO:root:Epoch no. 25 of 500 (samples: 99009)
INFO:root:Loss: 42.9399 +/- 2.7249
INFO:root:Epoch no. 26 of 500 (samples: 99009)
INFO:root:Loss: 42.1389 +/- 2.4769
INFO:root:Epoch no. 27 of 500 (samples: 99009)
INFO:root:Loss: 41.0443 +/- 2.361
INFO:root:Epoch no. 28 of 500 (samples: 99009)
INFO:root:Loss: 40.2923 +/- 2.4216
INFO:root:Epoch no. 29 of 500 (samples: 99009)
INFO:root:Loss: 39.4965 +/- 3.0528
INFO:root:Epoch no. 30 of 500 (samples: 99009)
INFO:root:Loss: 38.782 +/- 2.2893
INFO:root:Epoch no. 31 of 500 (samples: 99009)
INFO:root:Loss: 38.0451 +/- 2.3585
INFO:root:Epoch no. 32 of 500 (samples: 99009)
INFO:root:Loss: 37.6208 +/- 2.0965
INFO:root:Epoch no. 33 of 500 (samples: 99009)
INFO:root:Loss: 36.8747 +/- 2.4658
INFO:root:Epoch no. 34 of 500 (samples: 99009)
INFO:root:Loss: 36.1816 +/- 2.3081
INFO:root:Epoch no. 35 of 500 (samples: 99009)
INFO:root:Loss: 35.6889 +/- 1.9272
INFO:root:Epoch no. 36 of 500 (samples: 99009)
INFO:root:Loss: 35.1831 +/- 2.1924
INFO:root:Epoch no. 37 of 500 (samples: 99009)
INFO:root:Loss: 34.5902 +/- 1.9567
INFO:root:Epoch no. 38 of 500 (samples: 99009)
INFO:root:Loss: 34.1439 +/- 1.9983
INFO:root:Epoch no. 39 of 500 (samples: 99009)
INFO:root:Loss: 33.8338 +/- 2.2359
INFO:root:Epoch no. 40 of 500 (samples: 99009)
INFO:root:Loss: 33.3612 +/- 2.1381
INFO:root:Epoch no. 41 of 500 (samples: 99009)
INFO:root:Loss: 32.9485 +/- 1.9375
INFO:root:Epoch no. 42 of 500 (samples: 99009)
INFO:root:Loss: 32.6279 +/- 1.9965
INFO:root:Epoch no. 43 of 500 (samples: 99009)
INFO:root:Loss: 32.4643 +/- 1.4694
INFO:root:Epoch no. 44 of 500 (samples: 99009)
INFO:root:Loss: 31.7803 +/- 1.882
INFO:root:Epoch no. 45 of 500 (samples: 99009)
INFO:root:Loss: 31.668 +/- 2.0198
INFO:root:Epoch no. 46 of 500 (samples: 99009)
INFO:root:Loss: 31.3392 +/- 1.8792
INFO:root:Epoch no. 47 of 500 (samples: 99009)
INFO:root:Loss: 30.8033 +/- 1.5886
INFO:root:Epoch no. 48 of 500 (samples: 99009)
INFO:root:Loss: 30.6594 +/- 1.8035
INFO:root:Epoch no. 49 of 500 (samples: 99009)
INFO:root:Loss: 30.2589 +/- 1.4619
INFO:root:Epoch no. 50 of 500 (samples: 99009)
INFO:root:Loss: 29.9445 +/- 1.7169
INFO:root:Epoch no. 51 of 500 (samples: 99009)
INFO:root:Loss: 29.8392 +/- 1.5595
INFO:root:Epoch no. 52 of 500 (samples: 99009)
INFO:root:Loss: 29.4503 +/- 1.8094
INFO:root:Epoch no. 53 of 500 (samples: 99009)
INFO:root:Loss: 29.221 +/- 1.2181
INFO:root:Epoch no. 54 of 500 (samples: 99009)
INFO:root:Loss: 29.0388 +/- 1.7181
INFO:root:Epoch no. 55 of 500 (samples: 99009)
INFO:root:Loss: 28.9361 +/- 1.5821
INFO:root:Epoch no. 56 of 500 (samples: 99009)
INFO:root:Loss: 28.6337 +/- 1.6143
INFO:root:Epoch no. 57 of 500 (samples: 99009)
INFO:root:Loss: 28.4809 +/- 1.452
INFO:root:Epoch no. 58 of 500 (samples: 99009)
INFO:root:Loss: 28.2944 +/- 1.3308
INFO:root:Epoch no. 59 of 500 (samples: 99009)
INFO:root:Loss: 28.0384 +/- 1.3311
INFO:root:Epoch no. 60 of 500 (samples: 99009)
INFO:root:Loss: 27.9029 +/- 1.3496
INFO:root:Epoch no. 61 of 500 (samples: 99009)
INFO:root:Loss: 27.5877 +/- 1.0092
INFO:root:Epoch no. 62 of 500 (samples: 99009)
INFO:root:Loss: 27.4773 +/- 1.4883
INFO:root:Epoch no. 63 of 500 (samples: 99009)
INFO:root:Loss: 27.2364 +/- 1.5208
INFO:root:Epoch no. 64 of 500 (samples: 99009)
INFO:root:Loss: 27.2276 +/- 1.2143
INFO:root:Epoch no. 65 of 500 (samples: 99009)
INFO:root:Loss: 26.8491 +/- 1.2137
INFO:root:Epoch no. 66 of 500 (samples: 99009)
INFO:root:Loss: 26.6576 +/- 1.2737
INFO:root:Epoch no. 67 of 500 (samples: 99009)
INFO:root:Loss: 26.6166 +/- 1.3979
INFO:root:Epoch no. 68 of 500 (samples: 99009)
INFO:root:Loss: 26.4513 +/- 1.3957
INFO:root:Epoch no. 69 of 500 (samples: 99009)
INFO:root:Loss: 26.2879 +/- 1.1297
INFO:root:Epoch no. 70 of 500 (samples: 99009)
INFO:root:Loss: 26.2447 +/- 1.2605
INFO:root:Epoch no. 71 of 500 (samples: 99009)
INFO:root:Loss: 26.0172 +/- 1.237
INFO:root:Epoch no. 72 of 500 (samples: 99009)
INFO:root:Loss: 25.7332 +/- 1.1677
INFO:root:Epoch no. 73 of 500 (samples: 99009)
INFO:root:Loss: 26.0206 +/- 1.1132
INFO:root:Epoch no. 74 of 500 (samples: 99009)
INFO:root:Loss: 25.6385 +/- 0.9744
INFO:root:Epoch no. 75 of 500 (samples: 99009)
INFO:root:Loss: 25.3708 +/- 1.2655
INFO:root:Epoch no. 76 of 500 (samples: 99009)
INFO:root:Loss: 25.204 +/- 0.9999
INFO:root:Epoch no. 77 of 500 (samples: 99009)
INFO:root:Loss: 25.1409 +/- 0.9059
INFO:root:Epoch no. 78 of 500 (samples: 99009)
INFO:root:Loss: 25.0739 +/- 1.3432
INFO:root:Epoch no. 79 of 500 (samples: 99009)
INFO:root:Loss: 25.147 +/- 1.1914
INFO:root:Epoch no. 80 of 500 (samples: 99009)
INFO:root:Loss: 25.1189 +/- 1.3363
INFO:root:Epoch no. 81 of 500 (samples: 99009)
INFO:root:Loss: 24.6764 +/- 1.04
INFO:root:Epoch no. 82 of 500 (samples: 99009)
INFO:root:Loss: 24.7012 +/- 0.9716
INFO:root:Epoch no. 83 of 500 (samples: 99009)
INFO:root:Loss: 24.5758 +/- 1.1888
INFO:root:Epoch no. 84 of 500 (samples: 99009)
INFO:root:Loss: 24.2716 +/- 1.2194
INFO:root:Epoch no. 85 of 500 (samples: 99009)
INFO:root:Loss: 24.5641 +/- 0.9571
INFO:root:Epoch no. 86 of 500 (samples: 99009)
INFO:root:Loss: 24.2142 +/- 1.0765
INFO:root:Epoch no. 87 of 500 (samples: 99009)
INFO:root:Loss: 24.0117 +/- 0.8185
INFO:root:Epoch no. 88 of 500 (samples: 99009)
INFO:root:Loss: 24.1149 +/- 1.1914
INFO:root:Epoch no. 89 of 500 (samples: 99009)
INFO:root:Loss: 23.7164 +/- 0.9411
INFO:root:Epoch no. 90 of 500 (samples: 99009)
INFO:root:Loss: 23.8335 +/- 1.136
INFO:root:Epoch no. 91 of 500 (samples: 99009)
INFO:root:Loss: 23.8601 +/- 1.0011
INFO:root:Epoch no. 92 of 500 (samples: 99009)
INFO:root:Loss: 23.698 +/- 0.9545
INFO:root:Epoch no. 93 of 500 (samples: 99009)
INFO:root:Loss: 23.6685 +/- 0.8565
INFO:root:Epoch no. 94 of 500 (samples: 99009)
INFO:root:Loss: 23.6022 +/- 1.0378
INFO:root:Epoch no. 95 of 500 (samples: 99009)
INFO:root:Loss: 23.4327 +/- 0.9974
INFO:root:Epoch no. 96 of 500 (samples: 99009)
INFO:root:Loss: 23.4036 +/- 0.7684
INFO:root:Epoch no. 97 of 500 (samples: 99009)
INFO:root:Loss: 23.2175 +/- 0.7139
INFO:root:Epoch no. 98 of 500 (samples: 99009)
INFO:root:Loss: 23.1889 +/- 0.7807
INFO:root:Epoch no. 99 of 500 (samples: 99009)
INFO:root:Loss: 22.8201 +/- 0.8901
INFO:root:Epoch no. 100 of 500 (samples: 99009)
INFO:root:Loss: 22.9711 +/- 0.9896
INFO:root:Epoch no. 101 of 500 (samples: 99009)
INFO:root:Loss: 22.7952 +/- 1.1538
INFO:root:Epoch no. 102 of 500 (samples: 99009)
INFO:root:Loss: 22.9234 +/- 1.0656
INFO:root:Epoch no. 103 of 500 (samples: 99009)
INFO:root:Loss: 22.692 +/- 1.1434
INFO:root:Epoch no. 104 of 500 (samples: 99009)
INFO:root:Loss: 22.7357 +/- 0.7453
INFO:root:Epoch no. 105 of 500 (samples: 99009)
INFO:root:Loss: 22.6345 +/- 1.0482
INFO:root:Epoch no. 106 of 500 (samples: 99009)
INFO:root:Loss: 22.5657 +/- 0.9646
INFO:root:Epoch no. 107 of 500 (samples: 99009)
INFO:root:Loss: 22.6992 +/- 1.0175
INFO:root:Epoch no. 108 of 500 (samples: 99009)
INFO:root:Loss: 22.4246 +/- 0.7608
INFO:root:Epoch no. 109 of 500 (samples: 99009)
INFO:root:Loss: 22.546 +/- 0.6121
INFO:root:Epoch no. 110 of 500 (samples: 99009)
INFO:root:Loss: 22.1888 +/- 0.8284
INFO:root:Epoch no. 111 of 500 (samples: 99009)
INFO:root:Loss: 22.1355 +/- 0.7906
INFO:root:Epoch no. 112 of 500 (samples: 99009)
INFO:root:Loss: 22.1336 +/- 0.917
INFO:root:Epoch no. 113 of 500 (samples: 99009)
INFO:root:Loss: 22.0729 +/- 0.8068
INFO:root:Epoch no. 114 of 500 (samples: 99009)
INFO:root:Loss: 21.9473 +/- 0.7708
INFO:root:Epoch no. 115 of 500 (samples: 99009)
INFO:root:Loss: 22.0738 +/- 0.6133
INFO:root:Epoch no. 116 of 500 (samples: 99009)
INFO:root:Loss: 22.0084 +/- 1.1963
INFO:root:Epoch no. 117 of 500 (samples: 99009)
INFO:root:Loss: 21.8906 +/- 0.9968
INFO:root:Epoch no. 118 of 500 (samples: 99009)
INFO:root:Loss: 21.8694 +/- 1.1493
INFO:root:Epoch no. 119 of 500 (samples: 99009)
INFO:root:Loss: 21.8544 +/- 0.8014
INFO:root:Epoch no. 120 of 500 (samples: 99009)
INFO:root:Loss: 21.7036 +/- 1.002
INFO:root:Epoch no. 121 of 500 (samples: 99009)
INFO:root:Loss: 21.6702 +/- 0.908
INFO:root:Epoch no. 122 of 500 (samples: 99009)
INFO:root:Loss: 21.5668 +/- 0.8901
INFO:root:Epoch no. 123 of 500 (samples: 99009)
INFO:root:Loss: 21.3354 +/- 0.9221
INFO:root:Epoch no. 124 of 500 (samples: 99009)
INFO:root:Loss: 21.5077 +/- 0.8733
INFO:root:Epoch no. 125 of 500 (samples: 99009)
INFO:root:Loss: 21.4414 +/- 0.968
INFO:root:Epoch no. 126 of 500 (samples: 99009)
INFO:root:Loss: 21.2556 +/- 0.8259
INFO:root:Epoch no. 127 of 500 (samples: 99009)
INFO:root:Loss: 21.3792 +/- 0.7712
INFO:root:Epoch no. 128 of 500 (samples: 99009)
INFO:root:Loss: 21.2922 +/- 0.6554
INFO:root:Epoch no. 129 of 500 (samples: 99009)
INFO:root:Loss: 21.2533 +/- 0.723
INFO:root:Epoch no. 130 of 500 (samples: 99009)
INFO:root:Loss: 21.2803 +/- 0.926
INFO:root:Epoch no. 131 of 500 (samples: 99009)
INFO:root:Loss: 21.1517 +/- 0.9831
INFO:root:Epoch no. 132 of 500 (samples: 99009)
INFO:root:Loss: 20.9736 +/- 0.8976
INFO:root:Epoch no. 133 of 500 (samples: 99009)
INFO:root:Loss: 21.1024 +/- 0.5081
INFO:root:Epoch no. 134 of 500 (samples: 99009)
INFO:root:Loss: 21.0637 +/- 0.7735
INFO:root:Epoch no. 135 of 500 (samples: 99009)
INFO:root:Loss: 20.9813 +/- 0.8827
INFO:root:Epoch no. 136 of 500 (samples: 99009)
INFO:root:Loss: 20.8717 +/- 0.7698
INFO:root:Epoch no. 137 of 500 (samples: 99009)
INFO:root:Loss: 20.8207 +/- 0.4943
INFO:root:Epoch no. 138 of 500 (samples: 99009)
INFO:root:Loss: 20.9553 +/- 0.7152
INFO:root:Epoch no. 139 of 500 (samples: 99009)
INFO:root:Loss: 20.7319 +/- 0.6358
INFO:root:Epoch no. 140 of 500 (samples: 99009)
INFO:root:Loss: 20.7862 +/- 0.9385
INFO:root:Epoch no. 141 of 500 (samples: 99009)
INFO:root:Loss: 20.7571 +/- 0.8785
INFO:root:Epoch no. 142 of 500 (samples: 99009)
INFO:root:Loss: 20.5526 +/- 0.7131
INFO:root:Epoch no. 143 of 500 (samples: 99009)
INFO:root:Loss: 20.6646 +/- 0.7887
INFO:root:Epoch no. 144 of 500 (samples: 99009)
INFO:root:Loss: 20.6918 +/- 0.8202
INFO:root:Epoch no. 145 of 500 (samples: 99009)
INFO:root:Loss: 20.5105 +/- 0.7439
INFO:root:Epoch no. 146 of 500 (samples: 99009)
INFO:root:Loss: 20.6233 +/- 1.012
INFO:root:Epoch no. 147 of 500 (samples: 99009)
INFO:root:Loss: 20.6061 +/- 0.7256
INFO:root:Epoch no. 148 of 500 (samples: 99009)
INFO:root:Loss: 20.5578 +/- 0.7582
INFO:root:Epoch no. 149 of 500 (samples: 99009)
INFO:root:Loss: 20.3603 +/- 0.5404
INFO:root:Epoch no. 150 of 500 (samples: 99009)
INFO:root:Loss: 20.2244 +/- 0.6209
INFO:root:Epoch no. 151 of 500 (samples: 99009)
INFO:root:Loss: 20.492 +/- 0.6372
INFO:root:Epoch no. 152 of 500 (samples: 99009)
INFO:root:Loss: 20.1838 +/- 0.8071
INFO:root:Epoch no. 153 of 500 (samples: 99009)
INFO:root:Loss: 20.2338 +/- 0.7837
INFO:root:Epoch no. 154 of 500 (samples: 99009)
INFO:root:Loss: 20.1195 +/- 0.7162
INFO:root:Epoch no. 155 of 500 (samples: 99009)
INFO:root:Loss: 20.154 +/- 0.804
INFO:root:Epoch no. 156 of 500 (samples: 99009)
INFO:root:Loss: 20.1536 +/- 0.6323
INFO:root:Epoch no. 157 of 500 (samples: 99009)
INFO:root:Loss: 20.0132 +/- 0.8694
INFO:root:Epoch no. 158 of 500 (samples: 99009)
INFO:root:Loss: 19.9401 +/- 0.6647
INFO:root:Epoch no. 159 of 500 (samples: 99009)
INFO:root:Loss: 20.235 +/- 0.7438
INFO:root:Epoch no. 160 of 500 (samples: 99009)
INFO:root:Loss: 20.0205 +/- 0.9072
INFO:root:Epoch no. 161 of 500 (samples: 99009)
INFO:root:Loss: 19.8897 +/- 0.7239
INFO:root:Epoch no. 162 of 500 (samples: 99009)
INFO:root:Loss: 19.8554 +/- 0.7168
INFO:root:Epoch no. 163 of 500 (samples: 99009)
INFO:root:Loss: 19.8091 +/- 0.6019
INFO:root:Epoch no. 164 of 500 (samples: 99009)
INFO:root:Loss: 19.9822 +/- 0.6604
INFO:root:Epoch no. 165 of 500 (samples: 99009)
INFO:root:Loss: 19.9632 +/- 0.7253
INFO:root:Epoch no. 166 of 500 (samples: 99009)
INFO:root:Loss: 19.7409 +/- 1.0031
INFO:root:Epoch no. 167 of 500 (samples: 99009)
INFO:root:Loss: 19.7851 +/- 0.5535
INFO:root:Epoch no. 168 of 500 (samples: 99009)
INFO:root:Loss: 19.7822 +/- 0.6728
INFO:root:Epoch no. 169 of 500 (samples: 99009)
INFO:root:Loss: 19.8182 +/- 0.6637
INFO:root:Epoch no. 170 of 500 (samples: 99009)
INFO:root:Loss: 19.6574 +/- 0.6055
INFO:root:Epoch no. 171 of 500 (samples: 99009)
INFO:root:Loss: 19.6775 +/- 0.6866
INFO:root:Epoch no. 172 of 500 (samples: 99009)
INFO:root:Loss: 19.7011 +/- 0.5425
INFO:root:Epoch no. 173 of 500 (samples: 99009)
INFO:root:Loss: 19.6861 +/- 0.782
INFO:root:Epoch no. 174 of 500 (samples: 99009)
INFO:root:Loss: 19.6117 +/- 0.836
INFO:root:Epoch no. 175 of 500 (samples: 99009)
INFO:root:Loss: 19.3761 +/- 0.5746
INFO:root:Epoch no. 176 of 500 (samples: 99009)
INFO:root:Loss: 19.5476 +/- 0.5751
INFO:root:Epoch no. 177 of 500 (samples: 99009)
INFO:root:Loss: 19.4054 +/- 0.7544
INFO:root:Epoch no. 178 of 500 (samples: 99009)
INFO:root:Loss: 19.4435 +/- 0.702
INFO:root:Epoch no. 179 of 500 (samples: 99009)
INFO:root:Loss: 19.4802 +/- 0.6067
INFO:root:Epoch no. 180 of 500 (samples: 99009)
INFO:root:Loss: 19.3004 +/- 0.6657
INFO:root:Epoch no. 181 of 500 (samples: 99009)
INFO:root:Loss: 19.2531 +/- 0.5992
INFO:root:Epoch no. 182 of 500 (samples: 99009)
INFO:root:Loss: 19.3659 +/- 0.5714
INFO:root:Epoch no. 183 of 500 (samples: 99009)
INFO:root:Loss: 19.3651 +/- 0.6087
INFO:root:Epoch no. 184 of 500 (samples: 99009)
INFO:root:Loss: 19.2491 +/- 0.4943
INFO:root:Epoch no. 185 of 500 (samples: 99009)
INFO:root:Loss: 19.1874 +/- 0.6272
INFO:root:Epoch no. 186 of 500 (samples: 99009)
INFO:root:Loss: 19.3028 +/- 0.6718
INFO:root:Epoch no. 187 of 500 (samples: 99009)
INFO:root:Loss: 19.1155 +/- 0.6898
INFO:root:Epoch no. 188 of 500 (samples: 99009)
INFO:root:Loss: 19.0441 +/- 0.52
INFO:root:Epoch no. 189 of 500 (samples: 99009)
INFO:root:Loss: 19.3159 +/- 0.629
INFO:root:Epoch no. 190 of 500 (samples: 99009)
INFO:root:Loss: 19.1823 +/- 0.703
INFO:root:Epoch no. 191 of 500 (samples: 99009)
INFO:root:Loss: 18.9424 +/- 0.4313
INFO:root:Epoch no. 192 of 500 (samples: 99009)
INFO:root:Loss: 19.1108 +/- 0.6779
INFO:root:Epoch no. 193 of 500 (samples: 99009)
INFO:root:Loss: 18.9683 +/- 0.7438
INFO:root:Epoch no. 194 of 500 (samples: 99009)
INFO:root:Loss: 19.1058 +/- 0.7184
INFO:root:Epoch no. 195 of 500 (samples: 99009)
INFO:root:Loss: 19.1053 +/- 0.5079
INFO:root:Epoch no. 196 of 500 (samples: 99009)
INFO:root:Loss: 18.9654 +/- 0.5176
INFO:root:Epoch no. 197 of 500 (samples: 99009)
INFO:root:Loss: 18.9131 +/- 0.6211
INFO:root:Epoch no. 198 of 500 (samples: 99009)
INFO:root:Loss: 19.0885 +/- 0.7072
INFO:root:Epoch no. 199 of 500 (samples: 99009)
INFO:root:Loss: 18.9799 +/- 0.7113
INFO:root:Epoch no. 200 of 500 (samples: 99009)
INFO:root:Loss: 18.8846 +/- 0.6339
INFO:root:Epoch no. 201 of 500 (samples: 99009)
INFO:root:Loss: 19.1331 +/- 0.7554
INFO:root:Epoch no. 202 of 500 (samples: 99009)
INFO:root:Loss: 18.7825 +/- 0.5127
INFO:root:Epoch no. 203 of 500 (samples: 99009)
INFO:root:Loss: 18.8756 +/- 0.3373
INFO:root:Epoch no. 204 of 500 (samples: 99009)
INFO:root:Loss: 18.7611 +/- 0.5408
INFO:root:Epoch no. 205 of 500 (samples: 99009)
INFO:root:Loss: 18.6842 +/- 0.9238
INFO:root:Epoch no. 206 of 500 (samples: 99009)
INFO:root:Loss: 18.7294 +/- 0.4754
INFO:root:Epoch no. 207 of 500 (samples: 99009)
INFO:root:Loss: 18.5862 +/- 0.6258
INFO:root:Epoch no. 208 of 500 (samples: 99009)
INFO:root:Loss: 18.5332 +/- 0.8141
INFO:root:Epoch no. 209 of 500 (samples: 99009)
INFO:root:Loss: 18.919 +/- 0.5398
INFO:root:Epoch no. 210 of 500 (samples: 99009)
INFO:root:Loss: 18.7209 +/- 0.6655
INFO:root:Epoch no. 211 of 500 (samples: 99009)
INFO:root:Loss: 18.7487 +/- 0.7019
INFO:root:Epoch no. 212 of 500 (samples: 99009)
INFO:root:Loss: 18.5293 +/- 0.4285
INFO:root:Epoch no. 213 of 500 (samples: 99009)
INFO:root:Loss: 18.5139 +/- 0.7648
INFO:root:Epoch no. 214 of 500 (samples: 99009)
INFO:root:Loss: 18.5467 +/- 0.5661
INFO:root:Epoch no. 215 of 500 (samples: 99009)
INFO:root:Loss: 18.7395 +/- 0.3605
INFO:root:Epoch no. 216 of 500 (samples: 99009)
INFO:root:Loss: 18.5254 +/- 0.7418
INFO:root:Epoch no. 217 of 500 (samples: 99009)
INFO:root:Loss: 18.361 +/- 0.5323
INFO:root:Epoch no. 218 of 500 (samples: 99009)
INFO:root:Loss: 18.5645 +/- 0.6296
INFO:root:Epoch no. 219 of 500 (samples: 99009)
INFO:root:Loss: 18.5042 +/- 0.4865
INFO:root:Epoch no. 220 of 500 (samples: 99009)
INFO:root:Loss: 18.4527 +/- 0.6435
INFO:root:Epoch no. 221 of 500 (samples: 99009)
INFO:root:Loss: 18.6089 +/- 0.8462
INFO:root:Epoch no. 222 of 500 (samples: 99009)
INFO:root:Loss: 18.5709 +/- 0.656
INFO:root:Epoch no. 223 of 500 (samples: 99009)
INFO:root:Loss: 18.3307 +/- 0.5913
INFO:root:Epoch no. 224 of 500 (samples: 99009)
INFO:root:Loss: 18.4535 +/- 0.6928
INFO:root:Epoch no. 225 of 500 (samples: 99009)
INFO:root:Loss: 18.5176 +/- 0.6455
INFO:root:Epoch no. 226 of 500 (samples: 99009)
INFO:root:Loss: 18.3711 +/- 0.7083
INFO:root:Epoch no. 227 of 500 (samples: 99009)
INFO:root:Loss: 18.2903 +/- 0.8284
INFO:root:Epoch no. 228 of 500 (samples: 99009)
INFO:root:Loss: 18.2415 +/- 0.7709
INFO:root:Epoch no. 229 of 500 (samples: 99009)
INFO:root:Loss: 18.4412 +/- 0.632
INFO:root:Epoch no. 230 of 500 (samples: 99009)
INFO:root:Loss: 18.237 +/- 0.511
INFO:root:Epoch no. 231 of 500 (samples: 99009)
INFO:root:Loss: 18.3126 +/- 0.531
INFO:root:Epoch no. 232 of 500 (samples: 99009)
INFO:root:Loss: 18.2606 +/- 0.6072
INFO:root:Epoch no. 233 of 500 (samples: 99009)
INFO:root:Loss: 18.3793 +/- 0.4611
INFO:root:Epoch no. 234 of 500 (samples: 99009)
INFO:root:Loss: 18.3321 +/- 0.6895
INFO:root:Epoch no. 235 of 500 (samples: 99009)
INFO:root:Loss: 18.0066 +/- 0.6383
INFO:root:Epoch no. 236 of 500 (samples: 99009)
INFO:root:Loss: 18.0976 +/- 0.4482
INFO:root:Epoch no. 237 of 500 (samples: 99009)
INFO:root:Loss: 18.2684 +/- 0.6291
INFO:root:Epoch no. 238 of 500 (samples: 99009)
INFO:root:Loss: 18.2135 +/- 0.4986
INFO:root:Epoch no. 239 of 500 (samples: 99009)
INFO:root:Loss: 18.1976 +/- 0.5856
INFO:root:Epoch no. 240 of 500 (samples: 99009)
INFO:root:Loss: 18.1046 +/- 0.6774
INFO:root:Epoch no. 241 of 500 (samples: 99009)
INFO:root:Loss: 18.2062 +/- 0.4952
INFO:root:Epoch no. 242 of 500 (samples: 99009)
INFO:root:Loss: 17.7997 +/- 0.5832
INFO:root:Epoch no. 243 of 500 (samples: 99009)
INFO:root:Loss: 18.1858 +/- 0.8034
INFO:root:Epoch no. 244 of 500 (samples: 99009)
INFO:root:Loss: 18.191 +/- 0.6003
INFO:root:Epoch no. 245 of 500 (samples: 99009)
INFO:root:Loss: 17.9336 +/- 0.4157
INFO:root:Epoch no. 246 of 500 (samples: 99009)
INFO:root:Loss: 18.0815 +/- 0.4813
INFO:root:Epoch no. 247 of 500 (samples: 99009)
INFO:root:Loss: 18.0243 +/- 0.599
INFO:root:Epoch no. 248 of 500 (samples: 99009)
INFO:root:Loss: 18.004 +/- 0.5346
INFO:root:Epoch no. 249 of 500 (samples: 99009)
INFO:root:Loss: 17.9236 +/- 0.381
INFO:root:Epoch no. 250 of 500 (samples: 99009)
INFO:root:Loss: 17.8261 +/- 0.5732
INFO:root:Epoch no. 251 of 500 (samples: 99009)
INFO:root:Loss: 17.9026 +/- 0.402
INFO:root:Epoch no. 252 of 500 (samples: 99009)
INFO:root:Loss: 17.9471 +/- 0.5113
INFO:root:Epoch no. 253 of 500 (samples: 99009)
INFO:root:Loss: 17.9545 +/- 0.4304
INFO:root:Epoch no. 254 of 500 (samples: 99009)
INFO:root:Loss: 17.7641 +/- 0.4587
INFO:root:Epoch no. 255 of 500 (samples: 99009)
INFO:root:Loss: 17.6996 +/- 0.5844
INFO:root:Epoch no. 256 of 500 (samples: 99009)
INFO:root:Loss: 17.8626 +/- 0.5148
INFO:root:Epoch no. 257 of 500 (samples: 99009)
INFO:root:Loss: 17.7753 +/- 0.8188
INFO:root:Epoch no. 258 of 500 (samples: 99009)
INFO:root:Loss: 17.7196 +/- 0.6301
INFO:root:Epoch no. 259 of 500 (samples: 99009)
INFO:root:Loss: 17.8213 +/- 0.4601
INFO:root:Epoch no. 260 of 500 (samples: 99009)
INFO:root:Loss: 17.8407 +/- 0.6605
INFO:root:Epoch no. 261 of 500 (samples: 99009)
INFO:root:Loss: 17.7831 +/- 0.7588
INFO:root:Epoch no. 262 of 500 (samples: 99009)
INFO:root:Loss: 17.7067 +/- 0.6601
INFO:root:Epoch no. 263 of 500 (samples: 99009)
INFO:root:Loss: 17.8617 +/- 0.4297
INFO:root:Epoch no. 264 of 500 (samples: 99009)
INFO:root:Loss: 17.9179 +/- 0.5463
INFO:root:Epoch no. 265 of 500 (samples: 99009)
INFO:root:Loss: 17.8024 +/- 0.4205
INFO:root:Epoch no. 266 of 500 (samples: 99009)
INFO:root:Loss: 17.7749 +/- 0.4568
INFO:root:Epoch no. 267 of 500 (samples: 99009)
INFO:root:Loss: 17.5429 +/- 0.5435
INFO:root:Epoch no. 268 of 500 (samples: 99009)
INFO:root:Loss: 17.675 +/- 0.6333
INFO:root:Epoch no. 269 of 500 (samples: 99009)
INFO:root:Loss: 17.599 +/- 0.687
INFO:root:Epoch no. 270 of 500 (samples: 99009)
INFO:root:Loss: 17.8149 +/- 0.6201
INFO:root:Epoch no. 271 of 500 (samples: 99009)
INFO:root:Loss: 17.634 +/- 0.4722
INFO:root:Epoch no. 272 of 500 (samples: 99009)
INFO:root:Loss: 17.6112 +/- 0.5923
INFO:root:Epoch no. 273 of 500 (samples: 99009)
INFO:root:Loss: 17.5093 +/- 0.6757
INFO:root:Epoch no. 274 of 500 (samples: 99009)
INFO:root:Loss: 17.4209 +/- 0.5785
INFO:root:Epoch no. 275 of 500 (samples: 99009)
INFO:root:Loss: 17.7033 +/- 0.6125
INFO:root:Epoch no. 276 of 500 (samples: 99009)
INFO:root:Loss: 17.5956 +/- 0.2777
INFO:root:Epoch no. 277 of 500 (samples: 99009)
INFO:root:Loss: 17.4603 +/- 0.4844
INFO:root:Epoch no. 278 of 500 (samples: 99009)
INFO:root:Loss: 17.7096 +/- 0.6022
INFO:root:Epoch no. 279 of 500 (samples: 99009)
INFO:root:Loss: 17.6339 +/- 0.5393
INFO:root:Epoch no. 280 of 500 (samples: 99009)
INFO:root:Loss: 17.4017 +/- 0.6742
INFO:root:Epoch no. 281 of 500 (samples: 99009)
INFO:root:Loss: 17.3912 +/- 0.3715
INFO:root:Epoch no. 282 of 500 (samples: 99009)
INFO:root:Loss: 17.5131 +/- 0.3832
INFO:root:Epoch no. 283 of 500 (samples: 99009)
INFO:root:Loss: 17.4649 +/- 0.4235
INFO:root:Epoch no. 284 of 500 (samples: 99009)
INFO:root:Loss: 17.5898 +/- 0.6351
INFO:root:Epoch no. 285 of 500 (samples: 99009)
INFO:root:Loss: 17.6067 +/- 0.3386
INFO:root:Epoch no. 286 of 500 (samples: 99009)
INFO:root:Loss: 17.466 +/- 0.4309
INFO:root:Epoch no. 287 of 500 (samples: 99009)
INFO:root:Loss: 17.2608 +/- 0.5687
INFO:root:Epoch no. 288 of 500 (samples: 99009)
INFO:root:Loss: 17.374 +/- 0.8414
INFO:root:Epoch no. 289 of 500 (samples: 99009)
INFO:root:Loss: 17.382 +/- 0.5034
INFO:root:Epoch no. 290 of 500 (samples: 99009)
INFO:root:Loss: 17.4915 +/- 0.6101
INFO:root:Epoch no. 291 of 500 (samples: 99009)
INFO:root:Loss: 17.3808 +/- 0.6473
INFO:root:Epoch no. 292 of 500 (samples: 99009)
INFO:root:Loss: 17.3234 +/- 0.6191
INFO:root:Epoch no. 293 of 500 (samples: 99009)
INFO:root:Loss: 17.2948 +/- 0.5749
INFO:root:Epoch no. 294 of 500 (samples: 99009)
INFO:root:Loss: 17.3893 +/- 0.7059
INFO:root:Epoch no. 295 of 500 (samples: 99009)
INFO:root:Loss: 17.1687 +/- 0.6014
INFO:root:Epoch no. 296 of 500 (samples: 99009)
INFO:root:Loss: 17.2945 +/- 0.4286
INFO:root:Epoch no. 297 of 500 (samples: 99009)
INFO:root:Loss: 17.3043 +/- 0.3917
INFO:root:Epoch no. 298 of 500 (samples: 99009)
INFO:root:Loss: 17.1963 +/- 0.4229
INFO:root:Epoch no. 299 of 500 (samples: 99009)
INFO:root:Loss: 17.2372 +/- 0.3972
INFO:root:Epoch no. 300 of 500 (samples: 99009)
INFO:root:Loss: 17.2258 +/- 0.3623
INFO:root:Epoch no. 301 of 500 (samples: 99009)
INFO:root:Loss: 17.2756 +/- 0.4335
INFO:root:Epoch no. 302 of 500 (samples: 99009)
INFO:root:Loss: 17.1592 +/- 0.7499
INFO:root:Epoch no. 303 of 500 (samples: 99009)
INFO:root:Loss: 17.2667 +/- 0.5641
INFO:root:Epoch no. 304 of 500 (samples: 99009)
INFO:root:Loss: 17.3536 +/- 0.4971
INFO:root:Epoch no. 305 of 500 (samples: 99009)
INFO:root:Loss: 17.3551 +/- 0.5699
INFO:root:Epoch no. 306 of 500 (samples: 99009)
INFO:root:Loss: 17.1462 +/- 0.5156
INFO:root:Epoch no. 307 of 500 (samples: 99009)
INFO:root:Loss: 17.0888 +/- 0.4278
INFO:root:Epoch no. 308 of 500 (samples: 99009)
INFO:root:Loss: 17.0564 +/- 0.6089
INFO:root:Epoch no. 309 of 500 (samples: 99009)
INFO:root:Loss: 17.0547 +/- 0.5804
INFO:root:Epoch no. 310 of 500 (samples: 99009)
INFO:root:Loss: 16.9976 +/- 0.3744
INFO:root:Epoch no. 311 of 500 (samples: 99009)
INFO:root:Loss: 17.0075 +/- 0.3743
INFO:root:Epoch no. 312 of 500 (samples: 99009)
INFO:root:Loss: 17.1332 +/- 0.4961
INFO:root:Epoch no. 313 of 500 (samples: 99009)
INFO:root:Loss: 16.9429 +/- 0.7455
INFO:root:Epoch no. 314 of 500 (samples: 99009)
INFO:root:Loss: 17.1228 +/- 0.5554
INFO:root:Epoch no. 315 of 500 (samples: 99009)
INFO:root:Loss: 16.9292 +/- 0.4896
INFO:root:Epoch no. 316 of 500 (samples: 99009)
INFO:root:Loss: 16.9527 +/- 0.5158
INFO:root:Epoch no. 317 of 500 (samples: 99009)
INFO:root:Loss: 16.9415 +/- 0.3982
INFO:root:Epoch no. 318 of 500 (samples: 99009)
INFO:root:Loss: 17.0772 +/- 0.5846
INFO:root:Epoch no. 319 of 500 (samples: 99009)
INFO:root:Loss: 16.8556 +/- 0.3177
INFO:root:Epoch no. 320 of 500 (samples: 99009)
INFO:root:Loss: 17.0443 +/- 0.3468
INFO:root:Epoch no. 321 of 500 (samples: 99009)
INFO:root:Loss: 16.7634 +/- 0.4435
INFO:root:Epoch no. 322 of 500 (samples: 99009)
INFO:root:Loss: 17.0569 +/- 0.4314
INFO:root:Epoch no. 323 of 500 (samples: 99009)
INFO:root:Loss: 16.8507 +/- 0.5811
INFO:root:Epoch no. 324 of 500 (samples: 99009)
INFO:root:Loss: 17.1035 +/- 0.462
INFO:root:Epoch no. 325 of 500 (samples: 99009)
INFO:root:Loss: 16.9592 +/- 0.4133
INFO:root:Epoch no. 326 of 500 (samples: 99009)
INFO:root:Loss: 17.0085 +/- 0.577
INFO:root:Epoch no. 327 of 500 (samples: 99009)
INFO:root:Loss: 17.0712 +/- 0.5231
INFO:root:Epoch no. 328 of 500 (samples: 99009)
INFO:root:Loss: 16.827 +/- 0.3526
INFO:root:Epoch no. 329 of 500 (samples: 99009)
INFO:root:Loss: 16.689 +/- 0.4747
INFO:root:Epoch no. 330 of 500 (samples: 99009)
INFO:root:Loss: 16.8861 +/- 0.5351
INFO:root:Epoch no. 331 of 500 (samples: 99009)
INFO:root:Loss: 16.8249 +/- 0.5334
INFO:root:Epoch no. 332 of 500 (samples: 99009)
INFO:root:Loss: 16.992 +/- 0.7183
INFO:root:Epoch no. 333 of 500 (samples: 99009)
INFO:root:Loss: 16.8213 +/- 0.3585
INFO:root:Epoch no. 334 of 500 (samples: 99009)
INFO:root:Loss: 16.7039 +/- 0.5239
INFO:root:Epoch no. 335 of 500 (samples: 99009)
INFO:root:Loss: 16.9941 +/- 0.5438
INFO:root:Epoch no. 336 of 500 (samples: 99009)
INFO:root:Loss: 16.96 +/- 0.3968
INFO:root:Epoch no. 337 of 500 (samples: 99009)
INFO:root:Loss: 16.6348 +/- 0.5926
INFO:root:Epoch no. 338 of 500 (samples: 99009)
INFO:root:Loss: 16.6622 +/- 0.7013
INFO:root:Epoch no. 339 of 500 (samples: 99009)
INFO:root:Loss: 16.7308 +/- 0.4435
INFO:root:Epoch no. 340 of 500 (samples: 99009)
INFO:root:Loss: 16.8793 +/- 0.296
INFO:root:Epoch no. 341 of 500 (samples: 99009)
INFO:root:Loss: 16.6316 +/- 0.3772
INFO:root:Epoch no. 342 of 500 (samples: 99009)
INFO:root:Loss: 16.6893 +/- 0.5816
INFO:root:Epoch no. 343 of 500 (samples: 99009)
INFO:root:Loss: 16.7809 +/- 0.4435
INFO:root:Epoch no. 344 of 500 (samples: 99009)
INFO:root:Loss: 16.8596 +/- 0.594
INFO:root:Epoch no. 345 of 500 (samples: 99009)
INFO:root:Loss: 16.6746 +/- 0.482
INFO:root:Epoch no. 346 of 500 (samples: 99009)
INFO:root:Loss: 16.5946 +/- 0.3737
INFO:root:Epoch no. 347 of 500 (samples: 99009)
INFO:root:Loss: 16.6523 +/- 0.6048
INFO:root:Epoch no. 348 of 500 (samples: 99009)
INFO:root:Loss: 16.5896 +/- 0.5604
INFO:root:Epoch no. 349 of 500 (samples: 99009)
INFO:root:Loss: 16.6089 +/- 0.4192
INFO:root:Epoch no. 350 of 500 (samples: 99009)
INFO:root:Loss: 16.4711 +/- 0.4646
INFO:root:Epoch no. 351 of 500 (samples: 99009)
INFO:root:Loss: 16.7715 +/- 0.5633
INFO:root:Epoch no. 352 of 500 (samples: 99009)
INFO:root:Loss: 16.5406 +/- 0.4952
INFO:root:Epoch no. 353 of 500 (samples: 99009)
INFO:root:Loss: 16.5832 +/- 0.53
INFO:root:Epoch no. 354 of 500 (samples: 99009)
INFO:root:Loss: 16.5851 +/- 0.3172
INFO:root:Epoch no. 355 of 500 (samples: 99009)
INFO:root:Loss: 16.5868 +/- 0.474
INFO:root:Epoch no. 356 of 500 (samples: 99009)
INFO:root:Loss: 16.838 +/- 0.5895
INFO:root:Epoch no. 357 of 500 (samples: 99009)
INFO:root:Loss: 16.788 +/- 0.5387
INFO:root:Epoch no. 358 of 500 (samples: 99009)
INFO:root:Loss: 16.6021 +/- 0.7354
INFO:root:Epoch no. 359 of 500 (samples: 99009)
INFO:root:Loss: 16.5739 +/- 0.4051
INFO:root:Epoch no. 360 of 500 (samples: 99009)
INFO:root:Loss: 16.6512 +/- 0.5681
INFO:root:Epoch no. 361 of 500 (samples: 99009)
INFO:root:Loss: 16.479 +/- 0.6232
INFO:root:Epoch no. 362 of 500 (samples: 99009)
INFO:root:Loss: 16.4894 +/- 0.3694
INFO:root:Epoch no. 363 of 500 (samples: 99009)
INFO:root:Loss: 16.6777 +/- 0.4338
INFO:root:Epoch no. 364 of 500 (samples: 99009)
INFO:root:Loss: 16.6237 +/- 0.3925
INFO:root:Epoch no. 365 of 500 (samples: 99009)
INFO:root:Loss: 16.42 +/- 0.4094
INFO:root:Epoch no. 366 of 500 (samples: 99009)
INFO:root:Loss: 16.6751 +/- 0.4686
INFO:root:Epoch no. 367 of 500 (samples: 99009)
INFO:root:Loss: 16.5611 +/- 0.4128
INFO:root:Epoch no. 368 of 500 (samples: 99009)
INFO:root:Loss: 16.6419 +/- 0.427
INFO:root:Epoch no. 369 of 500 (samples: 99009)
INFO:root:Loss: 16.5332 +/- 0.3808
INFO:root:Epoch no. 370 of 500 (samples: 99009)
INFO:root:Loss: 16.487 +/- 0.6686
INFO:root:Epoch no. 371 of 500 (samples: 99009)
INFO:root:Loss: 16.7552 +/- 0.5826
INFO:root:Epoch no. 372 of 500 (samples: 99009)
INFO:root:Loss: 16.6097 +/- 0.5158
INFO:root:Epoch no. 373 of 500 (samples: 99009)
INFO:root:Loss: 16.4515 +/- 0.3904
INFO:root:Epoch no. 374 of 500 (samples: 99009)
INFO:root:Loss: 16.3531 +/- 0.573
INFO:root:Epoch no. 375 of 500 (samples: 99009)
INFO:root:Loss: 16.3058 +/- 0.4209
INFO:root:Epoch no. 376 of 500 (samples: 99009)
INFO:root:Loss: 16.4755 +/- 0.5133
INFO:root:Epoch no. 377 of 500 (samples: 99009)
INFO:root:Loss: 16.4565 +/- 0.4213
INFO:root:Epoch no. 378 of 500 (samples: 99009)
INFO:root:Loss: 16.4853 +/- 0.3336
INFO:root:Epoch no. 379 of 500 (samples: 99009)
INFO:root:Loss: 16.5596 +/- 0.3683
INFO:root:Epoch no. 380 of 500 (samples: 99009)
INFO:root:Loss: 16.2944 +/- 0.5421
INFO:root:Epoch no. 381 of 500 (samples: 99009)
INFO:root:Loss: 16.447 +/- 0.3554
INFO:root:Epoch no. 382 of 500 (samples: 99009)
INFO:root:Loss: 16.4503 +/- 0.4031
INFO:root:Epoch no. 383 of 500 (samples: 99009)
INFO:root:Loss: 16.5102 +/- 0.3028
INFO:root:Epoch no. 384 of 500 (samples: 99009)
INFO:root:Loss: 16.3786 +/- 0.5362
INFO:root:Epoch no. 385 of 500 (samples: 99009)
INFO:root:Loss: 16.421 +/- 0.4198
INFO:root:Epoch no. 386 of 500 (samples: 99009)
INFO:root:Loss: 16.1675 +/- 0.4604
INFO:root:Epoch no. 387 of 500 (samples: 99009)
INFO:root:Loss: 16.4971 +/- 0.3259
INFO:root:Epoch no. 388 of 500 (samples: 99009)
INFO:root:Loss: 16.5059 +/- 0.4213
INFO:root:Epoch no. 389 of 500 (samples: 99009)
INFO:root:Loss: 16.4287 +/- 0.6901
INFO:root:Epoch no. 390 of 500 (samples: 99009)
INFO:root:Loss: 16.3837 +/- 0.5852
INFO:root:Epoch no. 391 of 500 (samples: 99009)
INFO:root:Loss: 16.2018 +/- 0.4353
INFO:root:Epoch no. 392 of 500 (samples: 99009)
INFO:root:Loss: 16.3223 +/- 0.6457
INFO:root:Epoch no. 393 of 500 (samples: 99009)
INFO:root:Loss: 16.323 +/- 0.7351
INFO:root:Epoch no. 394 of 500 (samples: 99009)
INFO:root:Loss: 16.3099 +/- 0.4884
INFO:root:Epoch no. 395 of 500 (samples: 99009)
INFO:root:Loss: 16.2078 +/- 0.5985
INFO:root:Epoch no. 396 of 500 (samples: 99009)
INFO:root:Loss: 16.3654 +/- 0.5955
INFO:root:Epoch no. 397 of 500 (samples: 99009)
INFO:root:Loss: 16.2628 +/- 0.5209
INFO:root:Epoch no. 398 of 500 (samples: 99009)
INFO:root:Loss: 16.1615 +/- 0.352
INFO:root:Epoch no. 399 of 500 (samples: 99009)
INFO:root:Loss: 16.2164 +/- 0.3471
INFO:root:Epoch no. 400 of 500 (samples: 99009)
INFO:root:Loss: 16.3935 +/- 0.4181
INFO:root:Epoch no. 401 of 500 (samples: 99009)
INFO:root:Loss: 16.1501 +/- 0.3711
INFO:root:Epoch no. 402 of 500 (samples: 99009)
INFO:root:Loss: 16.2108 +/- 0.5419
INFO:root:Epoch no. 403 of 500 (samples: 99009)
INFO:root:Loss: 16.3501 +/- 0.7243
INFO:root:Epoch no. 404 of 500 (samples: 99009)
INFO:root:Loss: 16.2386 +/- 0.3947
INFO:root:Epoch no. 405 of 500 (samples: 99009)
INFO:root:Loss: 16.2084 +/- 0.3663
INFO:root:Epoch no. 406 of 500 (samples: 99009)
INFO:root:Loss: 16.2322 +/- 0.536
INFO:root:Epoch no. 407 of 500 (samples: 99009)
INFO:root:Loss: 16.1519 +/- 0.4656
INFO:root:Epoch no. 408 of 500 (samples: 99009)
INFO:root:Loss: 16.2274 +/- 0.6797
INFO:root:Epoch no. 409 of 500 (samples: 99009)
INFO:root:Loss: 16.2746 +/- 0.5565
INFO:root:Epoch no. 410 of 500 (samples: 99009)
INFO:root:Loss: 16.3308 +/- 0.4901
INFO:root:Epoch no. 411 of 500 (samples: 99009)
INFO:root:Loss: 16.1182 +/- 0.482
INFO:root:Epoch no. 412 of 500 (samples: 99009)
INFO:root:Loss: 16.0984 +/- 0.399
INFO:root:Epoch no. 413 of 500 (samples: 99009)
INFO:root:Loss: 16.0919 +/- 0.601
INFO:root:Epoch no. 414 of 500 (samples: 99009)
INFO:root:Loss: 16.1603 +/- 0.4372
INFO:root:Epoch no. 415 of 500 (samples: 99009)
INFO:root:Loss: 16.1416 +/- 0.5078
INFO:root:Epoch no. 416 of 500 (samples: 99009)
INFO:root:Loss: 16.0736 +/- 0.4001
INFO:root:Epoch no. 417 of 500 (samples: 99009)
INFO:root:Loss: 16.0369 +/- 0.6036
INFO:root:Epoch no. 418 of 500 (samples: 99009)
INFO:root:Loss: 16.0631 +/- 0.499
INFO:root:Epoch no. 419 of 500 (samples: 99009)
INFO:root:Loss: 16.2667 +/- 0.4509
INFO:root:Epoch no. 420 of 500 (samples: 99009)
INFO:root:Loss: 16.204 +/- 0.2984
INFO:root:Epoch no. 421 of 500 (samples: 99009)
INFO:root:Loss: 16.277 +/- 0.1673
INFO:root:Epoch no. 422 of 500 (samples: 99009)
INFO:root:Loss: 16.0396 +/- 0.5725
INFO:root:Epoch no. 423 of 500 (samples: 99009)
INFO:root:Loss: 16.0271 +/- 0.5589
INFO:root:Epoch no. 424 of 500 (samples: 99009)
INFO:root:Loss: 16.1035 +/- 0.3126
INFO:root:Epoch no. 425 of 500 (samples: 99009)
INFO:root:Loss: 16.1772 +/- 0.491
INFO:root:Epoch no. 426 of 500 (samples: 99009)
INFO:root:Loss: 16.1579 +/- 0.4459
INFO:root:Epoch no. 427 of 500 (samples: 99009)
INFO:root:Loss: 16.2333 +/- 0.4942
INFO:root:Epoch no. 428 of 500 (samples: 99009)
INFO:root:Loss: 15.9318 +/- 0.64
INFO:root:Epoch no. 429 of 500 (samples: 99009)
INFO:root:Loss: 16.0295 +/- 0.59
INFO:root:Epoch no. 430 of 500 (samples: 99009)
INFO:root:Loss: 16.1214 +/- 0.5472
INFO:root:Epoch no. 431 of 500 (samples: 99009)
INFO:root:Loss: 16.1579 +/- 0.4272
INFO:root:Epoch no. 432 of 500 (samples: 99009)
INFO:root:Loss: 16.1077 +/- 0.6199
INFO:root:Epoch no. 433 of 500 (samples: 99009)
INFO:root:Loss: 16.0589 +/- 0.5347
INFO:root:Epoch no. 434 of 500 (samples: 99009)
INFO:root:Loss: 15.971 +/- 0.4348
INFO:root:Epoch no. 435 of 500 (samples: 99009)
INFO:root:Loss: 16.1969 +/- 0.3575
INFO:root:Epoch no. 436 of 500 (samples: 99009)
INFO:root:Loss: 16.0324 +/- 0.6659
INFO:root:Epoch no. 437 of 500 (samples: 99009)
INFO:root:Loss: 16.0166 +/- 0.5683
INFO:root:Epoch no. 438 of 500 (samples: 99009)
INFO:root:Loss: 16.032 +/- 0.3966
INFO:root:Epoch no. 439 of 500 (samples: 99009)
INFO:root:Loss: 16.1196 +/- 0.5223
INFO:root:Epoch no. 440 of 500 (samples: 99009)
INFO:root:Loss: 16.1067 +/- 0.5509
INFO:root:Epoch no. 441 of 500 (samples: 99009)
INFO:root:Loss: 16.0289 +/- 0.3672
INFO:root:Epoch no. 442 of 500 (samples: 99009)
INFO:root:Loss: 15.9972 +/- 0.4733
INFO:root:Epoch no. 443 of 500 (samples: 99009)
INFO:root:Loss: 16.0017 +/- 0.4081
INFO:root:Epoch no. 444 of 500 (samples: 99009)
INFO:root:Loss: 16.0114 +/- 0.3512
INFO:root:Epoch no. 445 of 500 (samples: 99009)
INFO:root:Loss: 15.9066 +/- 0.4875
INFO:root:Epoch no. 446 of 500 (samples: 99009)
INFO:root:Loss: 15.891 +/- 0.4603
INFO:root:Epoch no. 447 of 500 (samples: 99009)
INFO:root:Loss: 15.9133 +/- 0.3694
INFO:root:Epoch no. 448 of 500 (samples: 99009)
INFO:root:Loss: 16.0306 +/- 0.5501
INFO:root:Epoch no. 449 of 500 (samples: 99009)
INFO:root:Loss: 15.9738 +/- 0.6138
INFO:root:Epoch no. 450 of 500 (samples: 99009)
INFO:root:Loss: 15.885 +/- 0.4499
INFO:root:Epoch no. 451 of 500 (samples: 99009)
INFO:root:Loss: 15.9909 +/- 0.5782
INFO:root:Epoch no. 452 of 500 (samples: 99009)
INFO:root:Loss: 15.7849 +/- 0.638
INFO:root:Epoch no. 453 of 500 (samples: 99009)
INFO:root:Loss: 15.7674 +/- 0.5205
INFO:root:Epoch no. 454 of 500 (samples: 99009)
INFO:root:Loss: 16.0009 +/- 0.41
INFO:root:Epoch no. 455 of 500 (samples: 99009)
INFO:root:Loss: 15.917 +/- 0.4738
INFO:root:Epoch no. 456 of 500 (samples: 99009)
INFO:root:Loss: 15.6948 +/- 0.3672
INFO:root:Epoch no. 457 of 500 (samples: 99009)
INFO:root:Loss: 15.9527 +/- 0.5885
INFO:root:Epoch no. 458 of 500 (samples: 99009)
INFO:root:Loss: 15.8665 +/- 0.3932
INFO:root:Epoch no. 459 of 500 (samples: 99009)
INFO:root:Loss: 15.879 +/- 0.649
INFO:root:Epoch no. 460 of 500 (samples: 99009)
INFO:root:Loss: 15.7991 +/- 0.6462
INFO:root:Epoch no. 461 of 500 (samples: 99009)
INFO:root:Loss: 15.8094 +/- 0.4123
INFO:root:Epoch no. 462 of 500 (samples: 99009)
INFO:root:Loss: 15.9073 +/- 0.5153
INFO:root:Epoch no. 463 of 500 (samples: 99009)
INFO:root:Loss: 15.9699 +/- 0.3549
INFO:root:Epoch no. 464 of 500 (samples: 99009)
INFO:root:Loss: 15.9805 +/- 0.3935
INFO:root:Epoch no. 465 of 500 (samples: 99009)
INFO:root:Loss: 15.9411 +/- 0.4429
INFO:root:Epoch no. 466 of 500 (samples: 99009)
INFO:root:Loss: 15.6641 +/- 0.297
INFO:root:Epoch no. 467 of 500 (samples: 99009)
INFO:root:Loss: 16.0143 +/- 0.5043
INFO:root:Epoch no. 468 of 500 (samples: 99009)
INFO:root:Loss: 15.8999 +/- 0.3673
INFO:root:Epoch no. 469 of 500 (samples: 99009)
INFO:root:Loss: 15.822 +/- 0.4484
INFO:root:Epoch no. 470 of 500 (samples: 99009)
INFO:root:Loss: 15.5602 +/- 0.4286
INFO:root:Epoch no. 471 of 500 (samples: 99009)
INFO:root:Loss: 15.7981 +/- 0.399
INFO:root:Epoch no. 472 of 500 (samples: 99009)
INFO:root:Loss: 15.6703 +/- 0.5952
INFO:root:Epoch no. 473 of 500 (samples: 99009)
INFO:root:Loss: 15.9759 +/- 0.4989
INFO:root:Epoch no. 474 of 500 (samples: 99009)
INFO:root:Loss: 15.8321 +/- 0.5373
INFO:root:Epoch no. 475 of 500 (samples: 99009)
INFO:root:Loss: 15.8789 +/- 0.5517
INFO:root:Epoch no. 476 of 500 (samples: 99009)
INFO:root:Loss: 15.8284 +/- 0.3096
INFO:root:Epoch no. 477 of 500 (samples: 99009)
INFO:root:Loss: 15.7216 +/- 0.5137
INFO:root:Epoch no. 478 of 500 (samples: 99009)
INFO:root:Loss: 15.8963 +/- 0.4371
INFO:root:Epoch no. 479 of 500 (samples: 99009)
INFO:root:Loss: 15.5815 +/- 0.2828
INFO:root:Epoch no. 480 of 500 (samples: 99009)
INFO:root:Loss: 15.7988 +/- 0.4729
INFO:root:Epoch no. 481 of 500 (samples: 99009)
INFO:root:Loss: 15.5772 +/- 0.3953
INFO:root:Epoch no. 482 of 500 (samples: 99009)
INFO:root:Loss: 15.7358 +/- 0.3987
INFO:root:Epoch no. 483 of 500 (samples: 99009)
INFO:root:Loss: 15.9073 +/- 0.2343
INFO:root:Epoch no. 484 of 500 (samples: 99009)
INFO:root:Loss: 15.6507 +/- 0.3848
INFO:root:Epoch no. 485 of 500 (samples: 99009)
INFO:root:Loss: 15.5321 +/- 0.528
INFO:root:Epoch no. 486 of 500 (samples: 99009)
INFO:root:Loss: 15.6584 +/- 0.4402
INFO:root:Epoch no. 487 of 500 (samples: 99009)
INFO:root:Loss: 15.8879 +/- 0.3518
INFO:root:Epoch no. 488 of 500 (samples: 99009)
INFO:root:Loss: 15.6543 +/- 0.5523
INFO:root:Epoch no. 489 of 500 (samples: 99009)
INFO:root:Loss: 15.9006 +/- 0.4298
INFO:root:Epoch no. 490 of 500 (samples: 99009)
INFO:root:Loss: 15.8422 +/- 0.3798
INFO:root:Epoch no. 491 of 500 (samples: 99009)
INFO:root:Loss: 15.6751 +/- 0.4204
INFO:root:Epoch no. 492 of 500 (samples: 99009)
INFO:root:Loss: 15.5827 +/- 0.4281
INFO:root:Epoch no. 493 of 500 (samples: 99009)
INFO:root:Loss: 15.6583 +/- 0.2804
INFO:root:Epoch no. 494 of 500 (samples: 99009)
INFO:root:Loss: 15.7808 +/- 0.5022
INFO:root:Epoch no. 495 of 500 (samples: 99009)
INFO:root:Loss: 15.7441 +/- 0.338
INFO:root:Epoch no. 496 of 500 (samples: 99009)
INFO:root:Loss: 15.7067 +/- 0.5321
INFO:root:Epoch no. 497 of 500 (samples: 99009)
INFO:root:Loss: 15.4696 +/- 0.466
INFO:root:Epoch no. 498 of 500 (samples: 99009)
INFO:root:Loss: 15.5825 +/- 0.4449
INFO:root:Epoch no. 499 of 500 (samples: 99009)
INFO:root:Loss: 15.5978 +/- 0.5481
INFO:root:Epoch no. 500 of 500 (samples: 99009)
INFO:root:Loss: 15.4697 +/- 0.4455
/usr/local/lib/python3.5/dist-packages/keras/backend/theano_backend.py:517: UserWarning: theano.function was asked to create a function computing outputs given certain inputs, but the provided input variable at index 2 is not part of the computational graph needed to compute the outputs: keras_learning_phase.
To make this warning into an error, you can pass the parameter on_unused_input='raise' to theano.function. To disable it completely, use on_unused_input='ignore'.
  **kwargs)
INFO:root:### MICRO (validation raw):
INFO:root:	-- left   >> mean: 1994.5056, median: 8.0, mrr: 0.354, hits@1: 26.46%
INFO:root:	-- right  >> mean: 2057.9238, median: 4.0, mrr: 0.392, hits@1: 27.72%
INFO:root:	-- global >> mean: 2026.2147, median: 6.0, mrr: 0.373, hits@1: 27.09%
INFO:root:### MICRO (validation raw):
INFO:root:	-- left   >> mean: 1994.5056, median: 8.0, mrr: 0.354, hits@3: 40.0%
INFO:root:	-- right  >> mean: 2057.9238, median: 4.0, mrr: 0.392, hits@3: 46.48%
INFO:root:	-- global >> mean: 2026.2147, median: 6.0, mrr: 0.373, hits@3: 43.24%
INFO:root:### MICRO (validation raw):
INFO:root:	-- left   >> mean: 1994.5056, median: 8.0, mrr: 0.354, hits@5: 45.6%
INFO:root:	-- right  >> mean: 2057.9238, median: 4.0, mrr: 0.392, hits@5: 53.62%
INFO:root:	-- global >> mean: 2026.2147, median: 6.0, mrr: 0.373, hits@5: 49.61%
INFO:root:### MICRO (validation raw):
INFO:root:	-- left   >> mean: 1994.5056, median: 8.0, mrr: 0.354, hits@10: 52.06%
INFO:root:	-- right  >> mean: 2057.9238, median: 4.0, mrr: 0.392, hits@10: 60.14%
INFO:root:	-- global >> mean: 2026.2147, median: 6.0, mrr: 0.373, hits@10: 56.1%
INFO:root:### MICRO (validation filtered):
INFO:root:	-- left   >> mean: 1982.9134, median: 5.0, mrr: 0.429, hits@1: 35.18%
INFO:root:	-- right  >> mean: 2048.4438, median: 2.0, mrr: 0.493, hits@1: 39.62%
INFO:root:	-- global >> mean: 2015.6786, median: 3.0, mrr: 0.461, hits@1: 37.4%
INFO:root:### MICRO (validation filtered):
INFO:root:	-- left   >> mean: 1982.9134, median: 5.0, mrr: 0.429, hits@3: 46.88%
INFO:root:	-- right  >> mean: 2048.4438, median: 2.0, mrr: 0.493, hits@3: 55.94%
INFO:root:	-- global >> mean: 2015.6786, median: 3.0, mrr: 0.461, hits@3: 51.41%
INFO:root:### MICRO (validation filtered):
INFO:root:	-- left   >> mean: 1982.9134, median: 5.0, mrr: 0.429, hits@5: 51.66%
INFO:root:	-- right  >> mean: 2048.4438, median: 2.0, mrr: 0.493, hits@5: 60.66%
INFO:root:	-- global >> mean: 2015.6786, median: 3.0, mrr: 0.461, hits@5: 56.16%
INFO:root:### MICRO (validation filtered):
INFO:root:	-- left   >> mean: 1982.9134, median: 5.0, mrr: 0.429, hits@10: 56.94%
INFO:root:	-- right  >> mean: 2048.4438, median: 2.0, mrr: 0.493, hits@10: 65.68%
INFO:root:	-- global >> mean: 2015.6786, median: 3.0, mrr: 0.461, hits@10: 61.31%
INFO:root:### MICRO (test raw):
INFO:root:	-- left   >> mean: 2232.1062, median: 9.0, mrr: 0.337, hits@1: 24.46%
INFO:root:	-- right  >> mean: 2157.7076, median: 4.0, mrr: 0.409, hits@1: 29.56%
INFO:root:	-- global >> mean: 2194.9069, median: 6.0, mrr: 0.373, hits@1: 27.01%
INFO:root:### MICRO (test raw):
INFO:root:	-- left   >> mean: 2232.1062, median: 9.0, mrr: 0.337, hits@3: 38.08%
INFO:root:	-- right  >> mean: 2157.7076, median: 4.0, mrr: 0.409, hits@3: 48.16%
INFO:root:	-- global >> mean: 2194.9069, median: 6.0, mrr: 0.373, hits@3: 43.12%
INFO:root:### MICRO (test raw):
INFO:root:	-- left   >> mean: 2232.1062, median: 9.0, mrr: 0.337, hits@5: 44.22%
INFO:root:	-- right  >> mean: 2157.7076, median: 4.0, mrr: 0.409, hits@5: 55.1%
INFO:root:	-- global >> mean: 2194.9069, median: 6.0, mrr: 0.373, hits@5: 49.66%
INFO:root:### MICRO (test raw):
INFO:root:	-- left   >> mean: 2232.1062, median: 9.0, mrr: 0.337, hits@10: 52.18%
INFO:root:	-- right  >> mean: 2157.7076, median: 4.0, mrr: 0.409, hits@10: 61.52%
INFO:root:	-- global >> mean: 2194.9069, median: 6.0, mrr: 0.373, hits@10: 56.85%
INFO:root:### MICRO (test filtered):
INFO:root:	-- left   >> mean: 2219.9272, median: 5.0, mrr: 0.42, hits@1: 33.58%
INFO:root:	-- right  >> mean: 2148.5682, median: 2.0, mrr: 0.505, hits@1: 41.2%
INFO:root:	-- global >> mean: 2184.2477, median: 3.0, mrr: 0.462, hits@1: 37.39%
INFO:root:### MICRO (test filtered):
INFO:root:	-- left   >> mean: 2219.9272, median: 5.0, mrr: 0.42, hits@3: 46.44%
INFO:root:	-- right  >> mean: 2148.5682, median: 2.0, mrr: 0.505, hits@3: 56.64%
INFO:root:	-- global >> mean: 2184.2477, median: 3.0, mrr: 0.462, hits@3: 51.54%
INFO:root:### MICRO (test filtered):
INFO:root:	-- left   >> mean: 2219.9272, median: 5.0, mrr: 0.42, hits@5: 51.26%
INFO:root:	-- right  >> mean: 2148.5682, median: 2.0, mrr: 0.505, hits@5: 61.64%
INFO:root:	-- global >> mean: 2184.2477, median: 3.0, mrr: 0.462, hits@5: 56.45%
INFO:root:### MICRO (test filtered):
INFO:root:	-- left   >> mean: 2219.9272, median: 5.0, mrr: 0.42, hits@10: 57.0%
INFO:root:	-- right  >> mean: 2148.5682, median: 2.0, mrr: 0.505, hits@10: 66.56%
INFO:root:	-- global >> mean: 2184.2477, median: 3.0, mrr: 0.462, hits@10: 61.78%
