Using Theano backend.
INFO:root:Acquiring data/wn18/wordnet-mlj12-train.txt ..
INFO:root:Acquiring data/wn18/wordnet-mlj12-valid.txt ..
INFO:root:Acquiring data/wn18/wordnet-mlj12-test.txt ..
INFO:root:[Rules] Adding Head: 15, Tail: [(10, True)]
INFO:root:[Rules] Adding Head: 12, Tail: [(17, True)]
INFO:root:[Rules] Adding Head: 4, Tail: [(5, True)]
INFO:root:[Rules] Adding Head: 13, Tail: [(3, True)]
INFO:root:[Rules] Adding Head: 5, Tail: [(4, True)]
INFO:root:[Rules] Adding Head: 16, Tail: [(11, True)]
INFO:root:[Rules] Adding Head: 17, Tail: [(12, True)]
INFO:root:[Rules] Adding Head: 11, Tail: [(16, True)]
INFO:root:[Rules] Adding Head: 8, Tail: [(9, True)]
INFO:root:[Rules] Adding Head: 2, Tail: [(2, True)]
INFO:root:Samples: 70721, no. batches: 10 -> batch size: 7073
INFO:root:Epoch no. 1 of 500 (samples: 70721)
INFO:root:Loss: 1270831.344 +/- 3655297.2306
INFO:root:Epoch no. 2 of 500 (samples: 70721)
INFO:root:Loss: 40252.8071 +/- 2112.4237
INFO:root:Epoch no. 3 of 500 (samples: 70721)
INFO:root:Loss: 34607.5939 +/- 1202.9435
INFO:root:Epoch no. 4 of 500 (samples: 70721)
INFO:root:Loss: 31052.5308 +/- 820.3747
INFO:root:Epoch no. 5 of 500 (samples: 70721)
INFO:root:Loss: 28500.7414 +/- 609.1899
INFO:root:Epoch no. 6 of 500 (samples: 70721)
INFO:root:Loss: 26535.3551 +/- 480.387
INFO:root:Epoch no. 7 of 500 (samples: 70721)
INFO:root:Loss: 24952.0705 +/- 392.0484
INFO:root:Epoch no. 8 of 500 (samples: 70721)
INFO:root:Loss: 23635.0836 +/- 328.1711
INFO:root:Epoch no. 9 of 500 (samples: 70721)
INFO:root:Loss: 22514.7957 +/- 280.8833
INFO:root:Epoch no. 10 of 500 (samples: 70721)
INFO:root:Loss: 21544.9333 +/- 244.1289
INFO:root:Epoch no. 11 of 500 (samples: 70721)
INFO:root:Loss: 20692.9866 +/- 215.0771
INFO:root:Epoch no. 12 of 500 (samples: 70721)
INFO:root:Loss: 19936.8283 +/- 190.7369
INFO:root:Epoch no. 13 of 500 (samples: 70721)
INFO:root:Loss: 19258.8965 +/- 170.05
INFO:root:Epoch no. 14 of 500 (samples: 70721)
INFO:root:Loss: 18646.1088 +/- 155.5808
INFO:root:Epoch no. 15 of 500 (samples: 70721)
INFO:root:Loss: 18088.3447 +/- 140.6164
INFO:root:Epoch no. 16 of 500 (samples: 70721)
INFO:root:Loss: 17577.653 +/- 129.1687
INFO:root:Epoch no. 17 of 500 (samples: 70721)
INFO:root:Loss: 17107.612 +/- 119.1415
INFO:root:Epoch no. 18 of 500 (samples: 70721)
INFO:root:Loss: 16672.0502 +/- 109.7056
INFO:root:Epoch no. 19 of 500 (samples: 70721)
INFO:root:Loss: 16268.5652 +/- 99.9835
INFO:root:Epoch no. 20 of 500 (samples: 70721)
INFO:root:Loss: 15892.0455 +/- 93.8206
INFO:root:Epoch no. 21 of 500 (samples: 70721)
INFO:root:Loss: 15539.6816 +/- 88.0421
INFO:root:Epoch no. 22 of 500 (samples: 70721)
INFO:root:Loss: 15208.7133 +/- 82.3331
INFO:root:Epoch no. 23 of 500 (samples: 70721)
INFO:root:Loss: 14897.7447 +/- 77.9719
INFO:root:Epoch no. 24 of 500 (samples: 70721)
INFO:root:Loss: 14604.5512 +/- 72.5495
INFO:root:Epoch no. 25 of 500 (samples: 70721)
INFO:root:Loss: 14327.2017 +/- 68.9859
INFO:root:Epoch no. 26 of 500 (samples: 70721)
INFO:root:Loss: 14064.1969 +/- 65.3694
INFO:root:Epoch no. 27 of 500 (samples: 70721)
INFO:root:Loss: 13814.4521 +/- 60.4344
INFO:root:Epoch no. 28 of 500 (samples: 70721)
INFO:root:Loss: 13577.5914 +/- 58.5532
INFO:root:Epoch no. 29 of 500 (samples: 70721)
INFO:root:Loss: 13351.2245 +/- 55.6958
INFO:root:Epoch no. 30 of 500 (samples: 70721)
INFO:root:Loss: 13135.1658 +/- 52.9297
INFO:root:Epoch no. 31 of 500 (samples: 70721)
INFO:root:Loss: 12929.5441 +/- 50.2158
INFO:root:Epoch no. 32 of 500 (samples: 70721)
INFO:root:Loss: 12732.0075 +/- 47.8041
INFO:root:Epoch no. 33 of 500 (samples: 70721)
INFO:root:Loss: 12542.7076 +/- 45.4433
INFO:root:Epoch no. 34 of 500 (samples: 70721)
INFO:root:Loss: 12361.2574 +/- 43.1448
INFO:root:Epoch no. 35 of 500 (samples: 70721)
INFO:root:Loss: 12187.2426 +/- 42.0225
INFO:root:Epoch no. 36 of 500 (samples: 70721)
INFO:root:Loss: 12019.5171 +/- 39.989
INFO:root:Epoch no. 37 of 500 (samples: 70721)
INFO:root:Loss: 11858.0876 +/- 38.2239
INFO:root:Epoch no. 38 of 500 (samples: 70721)
INFO:root:Loss: 11702.1526 +/- 37.5687
INFO:root:Epoch no. 39 of 500 (samples: 70721)
INFO:root:Loss: 11552.737 +/- 36.429
INFO:root:Epoch no. 40 of 500 (samples: 70721)
INFO:root:Loss: 11407.8645 +/- 34.3796
INFO:root:Epoch no. 41 of 500 (samples: 70721)
INFO:root:Loss: 11268.2892 +/- 32.8901
INFO:root:Epoch no. 42 of 500 (samples: 70721)
INFO:root:Loss: 11132.6657 +/- 32.4386
INFO:root:Epoch no. 43 of 500 (samples: 70721)
INFO:root:Loss: 11002.5121 +/- 31.2457
INFO:root:Epoch no. 44 of 500 (samples: 70721)
INFO:root:Loss: 10875.5749 +/- 29.864
INFO:root:Epoch no. 45 of 500 (samples: 70721)
INFO:root:Loss: 10752.3683 +/- 28.6281
INFO:root:Epoch no. 46 of 500 (samples: 70721)
INFO:root:Loss: 10633.7341 +/- 28.2418
INFO:root:Epoch no. 47 of 500 (samples: 70721)
INFO:root:Loss: 10518.3347 +/- 26.8411
INFO:root:Epoch no. 48 of 500 (samples: 70721)
INFO:root:Loss: 10406.1946 +/- 25.3902
INFO:root:Epoch no. 49 of 500 (samples: 70721)
INFO:root:Loss: 10297.2077 +/- 24.9376
INFO:root:Epoch no. 50 of 500 (samples: 70721)
INFO:root:Loss: 10191.4976 +/- 24.4321
INFO:root:Epoch no. 51 of 500 (samples: 70721)
INFO:root:Loss: 10088.4888 +/- 23.7746
INFO:root:Epoch no. 52 of 500 (samples: 70721)
INFO:root:Loss: 9988.458 +/- 23.2248
INFO:root:Epoch no. 53 of 500 (samples: 70721)
INFO:root:Loss: 9890.6169 +/- 21.9269
INFO:root:Epoch no. 54 of 500 (samples: 70721)
INFO:root:Loss: 9795.8733 +/- 21.4032
INFO:root:Epoch no. 55 of 500 (samples: 70721)
INFO:root:Loss: 9703.4986 +/- 21.5732
INFO:root:Epoch no. 56 of 500 (samples: 70721)
INFO:root:Loss: 9613.3714 +/- 20.3904
INFO:root:Epoch no. 57 of 500 (samples: 70721)
INFO:root:Loss: 9525.0592 +/- 20.2912
INFO:root:Epoch no. 58 of 500 (samples: 70721)
INFO:root:Loss: 9439.3121 +/- 18.7532
INFO:root:Epoch no. 59 of 500 (samples: 70721)
INFO:root:Loss: 9355.6822 +/- 18.5697
INFO:root:Epoch no. 60 of 500 (samples: 70721)
INFO:root:Loss: 9273.7954 +/- 18.3013
INFO:root:Epoch no. 61 of 500 (samples: 70721)
INFO:root:Loss: 9194.2216 +/- 18.5533
INFO:root:Epoch no. 62 of 500 (samples: 70721)
INFO:root:Loss: 9116.0687 +/- 16.9817
INFO:root:Epoch no. 63 of 500 (samples: 70721)
INFO:root:Loss: 9039.3159 +/- 16.725
INFO:root:Epoch no. 64 of 500 (samples: 70721)
INFO:root:Loss: 8964.5884 +/- 15.9593
INFO:root:Epoch no. 65 of 500 (samples: 70721)
INFO:root:Loss: 8891.9246 +/- 16.5037
INFO:root:Epoch no. 66 of 500 (samples: 70721)
INFO:root:Loss: 8820.529 +/- 15.7405
INFO:root:Epoch no. 67 of 500 (samples: 70721)
INFO:root:Loss: 8750.2773 +/- 15.8253
INFO:root:Epoch no. 68 of 500 (samples: 70721)
INFO:root:Loss: 8682.2617 +/- 15.7987
INFO:root:Epoch no. 69 of 500 (samples: 70721)
INFO:root:Loss: 8615.1669 +/- 14.714
INFO:root:Epoch no. 70 of 500 (samples: 70721)
INFO:root:Loss: 8549.0493 +/- 14.9018
INFO:root:Epoch no. 71 of 500 (samples: 70721)
INFO:root:Loss: 8485.0086 +/- 14.0054
INFO:root:Epoch no. 72 of 500 (samples: 70721)
INFO:root:Loss: 8421.9853 +/- 13.723
INFO:root:Epoch no. 73 of 500 (samples: 70721)
INFO:root:Loss: 8360.0907 +/- 13.3788
INFO:root:Epoch no. 74 of 500 (samples: 70721)
INFO:root:Loss: 8299.4647 +/- 12.7778
INFO:root:Epoch no. 75 of 500 (samples: 70721)
INFO:root:Loss: 8239.9289 +/- 12.6325
INFO:root:Epoch no. 76 of 500 (samples: 70721)
INFO:root:Loss: 8181.1073 +/- 13.1394
INFO:root:Epoch no. 77 of 500 (samples: 70721)
INFO:root:Loss: 8123.9969 +/- 11.9725
INFO:root:Epoch no. 78 of 500 (samples: 70721)
INFO:root:Loss: 8068.0214 +/- 11.804
INFO:root:Epoch no. 79 of 500 (samples: 70721)
INFO:root:Loss: 8012.6538 +/- 12.1332
INFO:root:Epoch no. 80 of 500 (samples: 70721)
INFO:root:Loss: 7958.7253 +/- 11.6129
INFO:root:Epoch no. 81 of 500 (samples: 70721)
INFO:root:Loss: 7904.9739 +/- 11.3221
INFO:root:Epoch no. 82 of 500 (samples: 70721)
INFO:root:Loss: 7852.6562 +/- 11.0982
INFO:root:Epoch no. 83 of 500 (samples: 70721)
INFO:root:Loss: 7801.288 +/- 10.8737
INFO:root:Epoch no. 84 of 500 (samples: 70721)
INFO:root:Loss: 7750.7439 +/- 11.3053
INFO:root:Epoch no. 85 of 500 (samples: 70721)
INFO:root:Loss: 7701.1292 +/- 10.6601
INFO:root:Epoch no. 86 of 500 (samples: 70721)
INFO:root:Loss: 7652.3023 +/- 10.7677
INFO:root:Epoch no. 87 of 500 (samples: 70721)
INFO:root:Loss: 7604.297 +/- 10.044
INFO:root:Epoch no. 88 of 500 (samples: 70721)
INFO:root:Loss: 7557.0757 +/- 10.1598
INFO:root:Epoch no. 89 of 500 (samples: 70721)
INFO:root:Loss: 7510.6506 +/- 9.8152
INFO:root:Epoch no. 90 of 500 (samples: 70721)
INFO:root:Loss: 7464.8858 +/- 9.295
INFO:root:Epoch no. 91 of 500 (samples: 70721)
INFO:root:Loss: 7419.7885 +/- 9.2534
INFO:root:Epoch no. 92 of 500 (samples: 70721)
INFO:root:Loss: 7375.5099 +/- 8.4402
INFO:root:Epoch no. 93 of 500 (samples: 70721)
INFO:root:Loss: 7331.7171 +/- 8.6891
INFO:root:Epoch no. 94 of 500 (samples: 70721)
INFO:root:Loss: 7288.8347 +/- 8.8507
INFO:root:Epoch no. 95 of 500 (samples: 70721)
INFO:root:Loss: 7246.5943 +/- 8.0646
INFO:root:Epoch no. 96 of 500 (samples: 70721)
INFO:root:Loss: 7204.8892 +/- 7.9868
INFO:root:Epoch no. 97 of 500 (samples: 70721)
INFO:root:Loss: 7163.8088 +/- 8.5516
INFO:root:Epoch no. 98 of 500 (samples: 70721)
INFO:root:Loss: 7122.9779 +/- 7.7057
INFO:root:Epoch no. 99 of 500 (samples: 70721)
INFO:root:Loss: 7083.7998 +/- 8.4261
INFO:root:Epoch no. 100 of 500 (samples: 70721)
INFO:root:Loss: 7044.2974 +/- 8.002
INFO:root:Epoch no. 101 of 500 (samples: 70721)
INFO:root:Loss: 7005.83 +/- 7.8789
INFO:root:Epoch no. 102 of 500 (samples: 70721)
INFO:root:Loss: 6967.7648 +/- 7.6339
INFO:root:Epoch no. 103 of 500 (samples: 70721)
INFO:root:Loss: 6929.9501 +/- 7.6683
INFO:root:Epoch no. 104 of 500 (samples: 70721)
INFO:root:Loss: 6892.938 +/- 7.7954
INFO:root:Epoch no. 105 of 500 (samples: 70721)
INFO:root:Loss: 6856.4745 +/- 7.408
INFO:root:Epoch no. 106 of 500 (samples: 70721)
INFO:root:Loss: 6820.6826 +/- 6.7123
INFO:root:Epoch no. 107 of 500 (samples: 70721)
INFO:root:Loss: 6784.7989 +/- 7.1057
INFO:root:Epoch no. 108 of 500 (samples: 70721)
INFO:root:Loss: 6749.9193 +/- 6.3565
INFO:root:Epoch no. 109 of 500 (samples: 70721)
INFO:root:Loss: 6715.6222 +/- 6.3178
INFO:root:Epoch no. 110 of 500 (samples: 70721)
INFO:root:Loss: 6681.1328 +/- 6.2867
INFO:root:Epoch no. 111 of 500 (samples: 70721)
INFO:root:Loss: 6647.3172 +/- 6.2475
INFO:root:Epoch no. 112 of 500 (samples: 70721)
INFO:root:Loss: 6614.263 +/- 6.0933
INFO:root:Epoch no. 113 of 500 (samples: 70721)
INFO:root:Loss: 6581.0913 +/- 6.2807
INFO:root:Epoch no. 114 of 500 (samples: 70721)
INFO:root:Loss: 6549.0341 +/- 6.3225
INFO:root:Epoch no. 115 of 500 (samples: 70721)
INFO:root:Loss: 6517.3203 +/- 6.0914
INFO:root:Epoch no. 116 of 500 (samples: 70721)
INFO:root:Loss: 6485.3786 +/- 5.8467
INFO:root:Epoch no. 117 of 500 (samples: 70721)
INFO:root:Loss: 6454.2089 +/- 6.2342
INFO:root:Epoch no. 118 of 500 (samples: 70721)
INFO:root:Loss: 6423.4879 +/- 6.1386
INFO:root:Epoch no. 119 of 500 (samples: 70721)
INFO:root:Loss: 6393.3937 +/- 5.5128
INFO:root:Epoch no. 120 of 500 (samples: 70721)
INFO:root:Loss: 6362.9627 +/- 5.379
INFO:root:Epoch no. 121 of 500 (samples: 70721)
INFO:root:Loss: 6333.7056 +/- 5.7532
INFO:root:Epoch no. 122 of 500 (samples: 70721)
INFO:root:Loss: 6304.2797 +/- 5.7742
INFO:root:Epoch no. 123 of 500 (samples: 70721)
INFO:root:Loss: 6275.2906 +/- 5.1913
INFO:root:Epoch no. 124 of 500 (samples: 70721)
INFO:root:Loss: 6246.6345 +/- 5.8457
INFO:root:Epoch no. 125 of 500 (samples: 70721)
INFO:root:Loss: 6218.2886 +/- 5.3115
INFO:root:Epoch no. 126 of 500 (samples: 70721)
INFO:root:Loss: 6190.9049 +/- 5.6966
INFO:root:Epoch no. 127 of 500 (samples: 70721)
INFO:root:Loss: 6163.1082 +/- 5.3576
INFO:root:Epoch no. 128 of 500 (samples: 70721)
INFO:root:Loss: 6135.6835 +/- 4.9333
INFO:root:Epoch no. 129 of 500 (samples: 70721)
INFO:root:Loss: 6108.9811 +/- 4.9465
INFO:root:Epoch no. 130 of 500 (samples: 70721)
INFO:root:Loss: 6082.1594 +/- 5.1437
INFO:root:Epoch no. 131 of 500 (samples: 70721)
INFO:root:Loss: 6055.6299 +/- 4.7846
INFO:root:Epoch no. 132 of 500 (samples: 70721)
INFO:root:Loss: 6029.6593 +/- 5.1679
INFO:root:Epoch no. 133 of 500 (samples: 70721)
INFO:root:Loss: 6004.1144 +/- 4.7247
INFO:root:Epoch no. 134 of 500 (samples: 70721)
INFO:root:Loss: 5978.4412 +/- 4.9403
INFO:root:Epoch no. 135 of 500 (samples: 70721)
INFO:root:Loss: 5953.175 +/- 4.1589
INFO:root:Epoch no. 136 of 500 (samples: 70721)
INFO:root:Loss: 5928.6581 +/- 4.6243
INFO:root:Epoch no. 137 of 500 (samples: 70721)
INFO:root:Loss: 5904.0101 +/- 4.5974
INFO:root:Epoch no. 138 of 500 (samples: 70721)
INFO:root:Loss: 5879.5598 +/- 4.7096
INFO:root:Epoch no. 139 of 500 (samples: 70721)
INFO:root:Loss: 5855.3223 +/- 3.8395
INFO:root:Epoch no. 140 of 500 (samples: 70721)
INFO:root:Loss: 5831.4709 +/- 4.0766
INFO:root:Epoch no. 141 of 500 (samples: 70721)
INFO:root:Loss: 5807.8278 +/- 3.9595
INFO:root:Epoch no. 142 of 500 (samples: 70721)
INFO:root:Loss: 5784.5734 +/- 4.0502
INFO:root:Epoch no. 143 of 500 (samples: 70721)
INFO:root:Loss: 5761.066 +/- 4.4623
INFO:root:Epoch no. 144 of 500 (samples: 70721)
INFO:root:Loss: 5738.7106 +/- 3.6365
INFO:root:Epoch no. 145 of 500 (samples: 70721)
INFO:root:Loss: 5716.1318 +/- 4.2332
INFO:root:Epoch no. 146 of 500 (samples: 70721)
INFO:root:Loss: 5693.5995 +/- 4.1557
INFO:root:Epoch no. 147 of 500 (samples: 70721)
INFO:root:Loss: 5671.709 +/- 3.8566
INFO:root:Epoch no. 148 of 500 (samples: 70721)
INFO:root:Loss: 5649.6772 +/- 3.5371
INFO:root:Epoch no. 149 of 500 (samples: 70721)
INFO:root:Loss: 5627.6299 +/- 3.7153
INFO:root:Epoch no. 150 of 500 (samples: 70721)
INFO:root:Loss: 5606.2899 +/- 3.7073
INFO:root:Epoch no. 151 of 500 (samples: 70721)
INFO:root:Loss: 5585.1062 +/- 3.483
INFO:root:Epoch no. 152 of 500 (samples: 70721)
INFO:root:Loss: 5564.2159 +/- 3.667
INFO:root:Epoch no. 153 of 500 (samples: 70721)
INFO:root:Loss: 5543.1625 +/- 3.414
INFO:root:Epoch no. 154 of 500 (samples: 70721)
INFO:root:Loss: 5522.2397 +/- 3.1122
INFO:root:Epoch no. 155 of 500 (samples: 70721)
INFO:root:Loss: 5502.0072 +/- 2.9863
INFO:root:Epoch no. 156 of 500 (samples: 70721)
INFO:root:Loss: 5481.8617 +/- 3.8536
INFO:root:Epoch no. 157 of 500 (samples: 70721)
INFO:root:Loss: 5461.7441 +/- 3.0769
INFO:root:Epoch no. 158 of 500 (samples: 70721)
INFO:root:Loss: 5441.899 +/- 3.9926
INFO:root:Epoch no. 159 of 500 (samples: 70721)
INFO:root:Loss: 5422.3302 +/- 3.0287
INFO:root:Epoch no. 160 of 500 (samples: 70721)
INFO:root:Loss: 5402.4979 +/- 3.5317
INFO:root:Epoch no. 161 of 500 (samples: 70721)
INFO:root:Loss: 5383.04 +/- 2.6074
INFO:root:Epoch no. 162 of 500 (samples: 70721)
INFO:root:Loss: 5364.1878 +/- 3.1832
INFO:root:Epoch no. 163 of 500 (samples: 70721)
INFO:root:Loss: 5345.1853 +/- 3.1311
INFO:root:Epoch no. 164 of 500 (samples: 70721)
INFO:root:Loss: 5326.2466 +/- 3.2032
INFO:root:Epoch no. 165 of 500 (samples: 70721)
INFO:root:Loss: 5307.7844 +/- 2.9337
INFO:root:Epoch no. 166 of 500 (samples: 70721)
INFO:root:Loss: 5289.8451 +/- 3.6521
INFO:root:Epoch no. 167 of 500 (samples: 70721)
INFO:root:Loss: 5271.1645 +/- 3.6455
INFO:root:Epoch no. 168 of 500 (samples: 70721)
INFO:root:Loss: 5253.1628 +/- 2.9794
INFO:root:Epoch no. 169 of 500 (samples: 70721)
INFO:root:Loss: 5235.372 +/- 3.2617
INFO:root:Epoch no. 170 of 500 (samples: 70721)
INFO:root:Loss: 5217.5254 +/- 3.4783
INFO:root:Epoch no. 171 of 500 (samples: 70721)
INFO:root:Loss: 5200.0875 +/- 2.9102
INFO:root:Epoch no. 172 of 500 (samples: 70721)
INFO:root:Loss: 5182.2773 +/- 3.2552
INFO:root:Epoch no. 173 of 500 (samples: 70721)
INFO:root:Loss: 5165.0465 +/- 3.3607
INFO:root:Epoch no. 174 of 500 (samples: 70721)
INFO:root:Loss: 5147.9047 +/- 2.3755
INFO:root:Epoch no. 175 of 500 (samples: 70721)
INFO:root:Loss: 5131.0008 +/- 3.1159
INFO:root:Epoch no. 176 of 500 (samples: 70721)
INFO:root:Loss: 5114.0272 +/- 2.9647
INFO:root:Epoch no. 177 of 500 (samples: 70721)
INFO:root:Loss: 5097.4824 +/- 2.4978
INFO:root:Epoch no. 178 of 500 (samples: 70721)
INFO:root:Loss: 5080.6537 +/- 2.584
INFO:root:Epoch no. 179 of 500 (samples: 70721)
INFO:root:Loss: 5064.373 +/- 3.0688
INFO:root:Epoch no. 180 of 500 (samples: 70721)
INFO:root:Loss: 5048.0852 +/- 3.0834
INFO:root:Epoch no. 181 of 500 (samples: 70721)
INFO:root:Loss: 5031.943 +/- 2.7965
INFO:root:Epoch no. 182 of 500 (samples: 70721)
INFO:root:Loss: 5015.74 +/- 2.813
INFO:root:Epoch no. 183 of 500 (samples: 70721)
INFO:root:Loss: 5000.1933 +/- 3.2631
INFO:root:Epoch no. 184 of 500 (samples: 70721)
INFO:root:Loss: 4984.1907 +/- 2.8275
INFO:root:Epoch no. 185 of 500 (samples: 70721)
INFO:root:Loss: 4968.478 +/- 2.6721
INFO:root:Epoch no. 186 of 500 (samples: 70721)
INFO:root:Loss: 4953.1887 +/- 3.0361
INFO:root:Epoch no. 187 of 500 (samples: 70721)
INFO:root:Loss: 4937.599 +/- 2.8598
INFO:root:Epoch no. 188 of 500 (samples: 70721)
INFO:root:Loss: 4922.6839 +/- 2.5053
INFO:root:Epoch no. 189 of 500 (samples: 70721)
INFO:root:Loss: 4907.3897 +/- 2.4584
INFO:root:Epoch no. 190 of 500 (samples: 70721)
INFO:root:Loss: 4892.1084 +/- 2.7263
INFO:root:Epoch no. 191 of 500 (samples: 70721)
INFO:root:Loss: 4877.5576 +/- 2.4568
INFO:root:Epoch no. 192 of 500 (samples: 70721)
INFO:root:Loss: 4863.1006 +/- 2.5263
INFO:root:Epoch no. 193 of 500 (samples: 70721)
INFO:root:Loss: 4848.534 +/- 2.5781
INFO:root:Epoch no. 194 of 500 (samples: 70721)
INFO:root:Loss: 4833.5722 +/- 2.6637
INFO:root:Epoch no. 195 of 500 (samples: 70721)
INFO:root:Loss: 4819.0963 +/- 2.7024
INFO:root:Epoch no. 196 of 500 (samples: 70721)
INFO:root:Loss: 4804.9373 +/- 2.1079
INFO:root:Epoch no. 197 of 500 (samples: 70721)
INFO:root:Loss: 4790.875 +/- 2.4574
INFO:root:Epoch no. 198 of 500 (samples: 70721)
INFO:root:Loss: 4776.9398 +/- 1.9452
INFO:root:Epoch no. 199 of 500 (samples: 70721)
INFO:root:Loss: 4762.7747 +/- 1.9936
INFO:root:Epoch no. 200 of 500 (samples: 70721)
INFO:root:Loss: 4749.1138 +/- 2.0017
INFO:root:Epoch no. 201 of 500 (samples: 70721)
INFO:root:Loss: 4735.316 +/- 2.6709
INFO:root:Epoch no. 202 of 500 (samples: 70721)
INFO:root:Loss: 4721.5056 +/- 2.5747
INFO:root:Epoch no. 203 of 500 (samples: 70721)
INFO:root:Loss: 4707.8753 +/- 2.3691
INFO:root:Epoch no. 204 of 500 (samples: 70721)
INFO:root:Loss: 4694.7017 +/- 2.784
INFO:root:Epoch no. 205 of 500 (samples: 70721)
INFO:root:Loss: 4681.4905 +/- 2.0603
INFO:root:Epoch no. 206 of 500 (samples: 70721)
INFO:root:Loss: 4668.2611 +/- 2.7495
INFO:root:Epoch no. 207 of 500 (samples: 70721)
INFO:root:Loss: 4655.2923 +/- 2.1577
INFO:root:Epoch no. 208 of 500 (samples: 70721)
INFO:root:Loss: 4641.9561 +/- 2.6727
INFO:root:Epoch no. 209 of 500 (samples: 70721)
INFO:root:Loss: 4629.1029 +/- 2.5018
INFO:root:Epoch no. 210 of 500 (samples: 70721)
INFO:root:Loss: 4616.2564 +/- 2.4797
INFO:root:Epoch no. 211 of 500 (samples: 70721)
INFO:root:Loss: 4603.6606 +/- 1.5616
INFO:root:Epoch no. 212 of 500 (samples: 70721)
INFO:root:Loss: 4590.8884 +/- 1.9145
INFO:root:Epoch no. 213 of 500 (samples: 70721)
INFO:root:Loss: 4578.5963 +/- 1.9099
INFO:root:Epoch no. 214 of 500 (samples: 70721)
INFO:root:Loss: 4565.7975 +/- 1.8872
INFO:root:Epoch no. 215 of 500 (samples: 70721)
INFO:root:Loss: 4553.6044 +/- 2.4419
INFO:root:Epoch no. 216 of 500 (samples: 70721)
INFO:root:Loss: 4541.3226 +/- 2.4053
INFO:root:Epoch no. 217 of 500 (samples: 70721)
INFO:root:Loss: 4529.1724 +/- 1.8159
INFO:root:Epoch no. 218 of 500 (samples: 70721)
INFO:root:Loss: 4516.7008 +/- 2.2352
INFO:root:Epoch no. 219 of 500 (samples: 70721)
INFO:root:Loss: 4504.9256 +/- 2.3088
INFO:root:Epoch no. 220 of 500 (samples: 70721)
INFO:root:Loss: 4492.9557 +/- 1.8897
INFO:root:Epoch no. 221 of 500 (samples: 70721)
INFO:root:Loss: 4481.0475 +/- 2.5992
INFO:root:Epoch no. 222 of 500 (samples: 70721)
INFO:root:Loss: 4469.2523 +/- 2.5067
INFO:root:Epoch no. 223 of 500 (samples: 70721)
INFO:root:Loss: 4457.564 +/- 2.2236
INFO:root:Epoch no. 224 of 500 (samples: 70721)
INFO:root:Loss: 4446.0876 +/- 1.9258
INFO:root:Epoch no. 225 of 500 (samples: 70721)
INFO:root:Loss: 4434.6511 +/- 1.7253
INFO:root:Epoch no. 226 of 500 (samples: 70721)
INFO:root:Loss: 4422.9212 +/- 2.3653
INFO:root:Epoch no. 227 of 500 (samples: 70721)
INFO:root:Loss: 4411.4991 +/- 1.8225
INFO:root:Epoch no. 228 of 500 (samples: 70721)
INFO:root:Loss: 4400.4116 +/- 2.5693
INFO:root:Epoch no. 229 of 500 (samples: 70721)
INFO:root:Loss: 4388.8244 +/- 1.8263
INFO:root:Epoch no. 230 of 500 (samples: 70721)
INFO:root:Loss: 4378.1586 +/- 2.0164
INFO:root:Epoch no. 231 of 500 (samples: 70721)
INFO:root:Loss: 4367.1149 +/- 1.4857
INFO:root:Epoch no. 232 of 500 (samples: 70721)
INFO:root:Loss: 4355.834 +/- 1.969
INFO:root:Epoch no. 233 of 500 (samples: 70721)
INFO:root:Loss: 4345.1681 +/- 2.0479
INFO:root:Epoch no. 234 of 500 (samples: 70721)
INFO:root:Loss: 4334.1095 +/- 1.6961
INFO:root:Epoch no. 235 of 500 (samples: 70721)
INFO:root:Loss: 4323.643 +/- 2.1491
INFO:root:Epoch no. 236 of 500 (samples: 70721)
INFO:root:Loss: 4312.801 +/- 1.8064
INFO:root:Epoch no. 237 of 500 (samples: 70721)
INFO:root:Loss: 4301.9994 +/- 1.8888
INFO:root:Epoch no. 238 of 500 (samples: 70721)
INFO:root:Loss: 4291.7641 +/- 2.2013
INFO:root:Epoch no. 239 of 500 (samples: 70721)
INFO:root:Loss: 4281.2095 +/- 1.5748
INFO:root:Epoch no. 240 of 500 (samples: 70721)
INFO:root:Loss: 4270.6074 +/- 1.9161
INFO:root:Epoch no. 241 of 500 (samples: 70721)
INFO:root:Loss: 4260.6737 +/- 1.5378
INFO:root:Epoch no. 242 of 500 (samples: 70721)
INFO:root:Loss: 4250.1315 +/- 2.2373
INFO:root:Epoch no. 243 of 500 (samples: 70721)
INFO:root:Loss: 4240.113 +/- 1.7501
INFO:root:Epoch no. 244 of 500 (samples: 70721)
INFO:root:Loss: 4229.907 +/- 2.2669
INFO:root:Epoch no. 245 of 500 (samples: 70721)
INFO:root:Loss: 4219.3293 +/- 1.5185
INFO:root:Epoch no. 246 of 500 (samples: 70721)
INFO:root:Loss: 4210.0038 +/- 1.8789
INFO:root:Epoch no. 247 of 500 (samples: 70721)
INFO:root:Loss: 4199.4878 +/- 1.7615
INFO:root:Epoch no. 248 of 500 (samples: 70721)
INFO:root:Loss: 4189.7606 +/- 1.5021
INFO:root:Epoch no. 249 of 500 (samples: 70721)
INFO:root:Loss: 4180.0303 +/- 1.6331
INFO:root:Epoch no. 250 of 500 (samples: 70721)
INFO:root:Loss: 4170.4794 +/- 1.2648
INFO:root:Epoch no. 251 of 500 (samples: 70721)
INFO:root:Loss: 4160.3362 +/- 1.5095
INFO:root:Epoch no. 252 of 500 (samples: 70721)
INFO:root:Loss: 4150.988 +/- 2.2087
INFO:root:Epoch no. 253 of 500 (samples: 70721)
INFO:root:Loss: 4141.5123 +/- 1.8194
INFO:root:Epoch no. 254 of 500 (samples: 70721)
INFO:root:Loss: 4131.7415 +/- 1.9383
INFO:root:Epoch no. 255 of 500 (samples: 70721)
INFO:root:Loss: 4122.2897 +/- 1.4697
INFO:root:Epoch no. 256 of 500 (samples: 70721)
INFO:root:Loss: 4112.8144 +/- 1.719
INFO:root:Epoch no. 257 of 500 (samples: 70721)
INFO:root:Loss: 4103.8879 +/- 1.4279
INFO:root:Epoch no. 258 of 500 (samples: 70721)
INFO:root:Loss: 4094.2958 +/- 1.6075
INFO:root:Epoch no. 259 of 500 (samples: 70721)
INFO:root:Loss: 4085.237 +/- 1.6531
INFO:root:Epoch no. 260 of 500 (samples: 70721)
INFO:root:Loss: 4075.8964 +/- 1.7572
INFO:root:Epoch no. 261 of 500 (samples: 70721)
INFO:root:Loss: 4066.905 +/- 1.9536
INFO:root:Epoch no. 262 of 500 (samples: 70721)
INFO:root:Loss: 4057.8731 +/- 1.0762
INFO:root:Epoch no. 263 of 500 (samples: 70721)
INFO:root:Loss: 4048.6933 +/- 2.2139
INFO:root:Epoch no. 264 of 500 (samples: 70721)
INFO:root:Loss: 4039.7527 +/- 1.3793
INFO:root:Epoch no. 265 of 500 (samples: 70721)
INFO:root:Loss: 4030.784 +/- 1.8875
INFO:root:Epoch no. 266 of 500 (samples: 70721)
INFO:root:Loss: 4021.9905 +/- 1.9336
INFO:root:Epoch no. 267 of 500 (samples: 70721)
INFO:root:Loss: 4013.4205 +/- 1.6028
INFO:root:Epoch no. 268 of 500 (samples: 70721)
INFO:root:Loss: 4004.3087 +/- 1.774
INFO:root:Epoch no. 269 of 500 (samples: 70721)
INFO:root:Loss: 3995.9058 +/- 2.057
INFO:root:Epoch no. 270 of 500 (samples: 70721)
INFO:root:Loss: 3986.9113 +/- 1.6338
INFO:root:Epoch no. 271 of 500 (samples: 70721)
INFO:root:Loss: 3978.4967 +/- 1.4145
INFO:root:Epoch no. 272 of 500 (samples: 70721)
INFO:root:Loss: 3970.2254 +/- 1.4977
INFO:root:Epoch no. 273 of 500 (samples: 70721)
INFO:root:Loss: 3961.6758 +/- 1.5544
INFO:root:Epoch no. 274 of 500 (samples: 70721)
INFO:root:Loss: 3953.1601 +/- 1.7019
INFO:root:Epoch no. 275 of 500 (samples: 70721)
INFO:root:Loss: 3944.8877 +/- 1.8258
INFO:root:Epoch no. 276 of 500 (samples: 70721)
INFO:root:Loss: 3936.3901 +/- 1.8144
INFO:root:Epoch no. 277 of 500 (samples: 70721)
INFO:root:Loss: 3928.2459 +/- 1.2325
INFO:root:Epoch no. 278 of 500 (samples: 70721)
INFO:root:Loss: 3919.8322 +/- 1.5069
INFO:root:Epoch no. 279 of 500 (samples: 70721)
INFO:root:Loss: 3911.7146 +/- 1.9579
INFO:root:Epoch no. 280 of 500 (samples: 70721)
INFO:root:Loss: 3903.7396 +/- 1.3344
INFO:root:Epoch no. 281 of 500 (samples: 70721)
INFO:root:Loss: 3895.4926 +/- 1.7288
INFO:root:Epoch no. 282 of 500 (samples: 70721)
INFO:root:Loss: 3887.3272 +/- 1.9641
INFO:root:Epoch no. 283 of 500 (samples: 70721)
INFO:root:Loss: 3879.463 +/- 1.014
INFO:root:Epoch no. 284 of 500 (samples: 70721)
INFO:root:Loss: 3871.2105 +/- 1.6672
INFO:root:Epoch no. 285 of 500 (samples: 70721)
INFO:root:Loss: 3863.4164 +/- 1.2781
INFO:root:Epoch no. 286 of 500 (samples: 70721)
INFO:root:Loss: 3855.6114 +/- 1.2401
INFO:root:Epoch no. 287 of 500 (samples: 70721)
INFO:root:Loss: 3847.9171 +/- 1.7817
INFO:root:Epoch no. 288 of 500 (samples: 70721)
INFO:root:Loss: 3839.9494 +/- 1.4876
INFO:root:Epoch no. 289 of 500 (samples: 70721)
INFO:root:Loss: 3832.1691 +/- 1.734
INFO:root:Epoch no. 290 of 500 (samples: 70721)
INFO:root:Loss: 3824.4194 +/- 1.3822
INFO:root:Epoch no. 291 of 500 (samples: 70721)
INFO:root:Loss: 3816.7068 +/- 1.3404
INFO:root:Epoch no. 292 of 500 (samples: 70721)
INFO:root:Loss: 3809.2562 +/- 1.1953
INFO:root:Epoch no. 293 of 500 (samples: 70721)
INFO:root:Loss: 3801.6316 +/- 1.8715
INFO:root:Epoch no. 294 of 500 (samples: 70721)
INFO:root:Loss: 3794.2359 +/- 1.3548
INFO:root:Epoch no. 295 of 500 (samples: 70721)
INFO:root:Loss: 3786.6422 +/- 1.6828
INFO:root:Epoch no. 296 of 500 (samples: 70721)
INFO:root:Loss: 3778.8666 +/- 1.6519
INFO:root:Epoch no. 297 of 500 (samples: 70721)
INFO:root:Loss: 3771.6827 +/- 1.0445
INFO:root:Epoch no. 298 of 500 (samples: 70721)
INFO:root:Loss: 3764.2929 +/- 1.3546
INFO:root:Epoch no. 299 of 500 (samples: 70721)
INFO:root:Loss: 3756.807 +/- 1.5899
INFO:root:Epoch no. 300 of 500 (samples: 70721)
INFO:root:Loss: 3749.9006 +/- 1.2049
INFO:root:Epoch no. 301 of 500 (samples: 70721)
INFO:root:Loss: 3742.7236 +/- 1.7977
INFO:root:Epoch no. 302 of 500 (samples: 70721)
INFO:root:Loss: 3735.3579 +/- 1.6953
INFO:root:Epoch no. 303 of 500 (samples: 70721)
INFO:root:Loss: 3728.1272 +/- 1.5999
INFO:root:Epoch no. 304 of 500 (samples: 70721)
INFO:root:Loss: 3720.4492 +/- 1.6049
INFO:root:Epoch no. 305 of 500 (samples: 70721)
INFO:root:Loss: 3713.8814 +/- 1.6461
INFO:root:Epoch no. 306 of 500 (samples: 70721)
INFO:root:Loss: 3706.9437 +/- 1.6254
INFO:root:Epoch no. 307 of 500 (samples: 70721)
INFO:root:Loss: 3699.8371 +/- 1.161
INFO:root:Epoch no. 308 of 500 (samples: 70721)
INFO:root:Loss: 3692.8755 +/- 1.5188
INFO:root:Epoch no. 309 of 500 (samples: 70721)
INFO:root:Loss: 3685.7371 +/- 1.1295
INFO:root:Epoch no. 310 of 500 (samples: 70721)
INFO:root:Loss: 3678.9997 +/- 1.5417
INFO:root:Epoch no. 311 of 500 (samples: 70721)
INFO:root:Loss: 3672.1002 +/- 1.1319
INFO:root:Epoch no. 312 of 500 (samples: 70721)
INFO:root:Loss: 3665.3653 +/- 1.5293
INFO:root:Epoch no. 313 of 500 (samples: 70721)
INFO:root:Loss: 3658.1681 +/- 1.4135
INFO:root:Epoch no. 314 of 500 (samples: 70721)
INFO:root:Loss: 3651.5655 +/- 1.3286
INFO:root:Epoch no. 315 of 500 (samples: 70721)
INFO:root:Loss: 3644.9943 +/- 1.4165
INFO:root:Epoch no. 316 of 500 (samples: 70721)
INFO:root:Loss: 3638.1357 +/- 1.3322
INFO:root:Epoch no. 317 of 500 (samples: 70721)
INFO:root:Loss: 3631.5414 +/- 1.6333
INFO:root:Epoch no. 318 of 500 (samples: 70721)
INFO:root:Loss: 3624.9985 +/- 1.4749
INFO:root:Epoch no. 319 of 500 (samples: 70721)
INFO:root:Loss: 3618.2741 +/- 1.2848
INFO:root:Epoch no. 320 of 500 (samples: 70721)
INFO:root:Loss: 3611.6841 +/- 1.4625
INFO:root:Epoch no. 321 of 500 (samples: 70721)
INFO:root:Loss: 3605.0069 +/- 1.5059
INFO:root:Epoch no. 322 of 500 (samples: 70721)
INFO:root:Loss: 3598.644 +/- 1.2589
INFO:root:Epoch no. 323 of 500 (samples: 70721)
INFO:root:Loss: 3592.0395 +/- 0.8448
INFO:root:Epoch no. 324 of 500 (samples: 70721)
INFO:root:Loss: 3585.5387 +/- 1.3084
INFO:root:Epoch no. 325 of 500 (samples: 70721)
INFO:root:Loss: 3579.258 +/- 1.2221
INFO:root:Epoch no. 326 of 500 (samples: 70721)
INFO:root:Loss: 3572.9296 +/- 1.2715
INFO:root:Epoch no. 327 of 500 (samples: 70721)
INFO:root:Loss: 3566.654 +/- 1.2087
INFO:root:Epoch no. 328 of 500 (samples: 70721)
INFO:root:Loss: 3560.3327 +/- 1.7975
INFO:root:Epoch no. 329 of 500 (samples: 70721)
INFO:root:Loss: 3553.9635 +/- 1.4437
INFO:root:Epoch no. 330 of 500 (samples: 70721)
INFO:root:Loss: 3547.6802 +/- 1.4692
INFO:root:Epoch no. 331 of 500 (samples: 70721)
INFO:root:Loss: 3541.5486 +/- 1.1457
INFO:root:Epoch no. 332 of 500 (samples: 70721)
INFO:root:Loss: 3535.1401 +/- 1.44
INFO:root:Epoch no. 333 of 500 (samples: 70721)
INFO:root:Loss: 3529.3423 +/- 1.086
INFO:root:Epoch no. 334 of 500 (samples: 70721)
INFO:root:Loss: 3523.0087 +/- 1.1704
INFO:root:Epoch no. 335 of 500 (samples: 70721)
INFO:root:Loss: 3516.9746 +/- 1.3548
INFO:root:Epoch no. 336 of 500 (samples: 70721)
INFO:root:Loss: 3510.7959 +/- 1.0512
INFO:root:Epoch no. 337 of 500 (samples: 70721)
INFO:root:Loss: 3504.7811 +/- 1.5388
INFO:root:Epoch no. 338 of 500 (samples: 70721)
INFO:root:Loss: 3498.8407 +/- 1.2027
INFO:root:Epoch no. 339 of 500 (samples: 70721)
INFO:root:Loss: 3492.869 +/- 0.9133
INFO:root:Epoch no. 340 of 500 (samples: 70721)
INFO:root:Loss: 3486.7704 +/- 1.3106
INFO:root:Epoch no. 341 of 500 (samples: 70721)
INFO:root:Loss: 3481.3323 +/- 1.1306
INFO:root:Epoch no. 342 of 500 (samples: 70721)
INFO:root:Loss: 3474.9583 +/- 1.6807
INFO:root:Epoch no. 343 of 500 (samples: 70721)
INFO:root:Loss: 3469.2881 +/- 1.7076
INFO:root:Epoch no. 344 of 500 (samples: 70721)
INFO:root:Loss: 3463.3281 +/- 0.8504
INFO:root:Epoch no. 345 of 500 (samples: 70721)
INFO:root:Loss: 3457.5842 +/- 1.1704
INFO:root:Epoch no. 346 of 500 (samples: 70721)
INFO:root:Loss: 3451.826 +/- 1.8979
INFO:root:Epoch no. 347 of 500 (samples: 70721)
INFO:root:Loss: 3446.1707 +/- 1.3973
INFO:root:Epoch no. 348 of 500 (samples: 70721)
INFO:root:Loss: 3440.3545 +/- 1.7726
INFO:root:Epoch no. 349 of 500 (samples: 70721)
INFO:root:Loss: 3434.7323 +/- 1.3181
INFO:root:Epoch no. 350 of 500 (samples: 70721)
INFO:root:Loss: 3428.8808 +/- 1.1209
INFO:root:Epoch no. 351 of 500 (samples: 70721)
INFO:root:Loss: 3423.3305 +/- 1.1788
INFO:root:Epoch no. 352 of 500 (samples: 70721)
INFO:root:Loss: 3417.5506 +/- 1.1552
INFO:root:Epoch no. 353 of 500 (samples: 70721)
INFO:root:Loss: 3412.1707 +/- 1.1539
INFO:root:Epoch no. 354 of 500 (samples: 70721)
INFO:root:Loss: 3406.4375 +/- 1.7748
INFO:root:Epoch no. 355 of 500 (samples: 70721)
INFO:root:Loss: 3400.6861 +/- 1.1918
INFO:root:Epoch no. 356 of 500 (samples: 70721)
INFO:root:Loss: 3395.4644 +/- 1.233
INFO:root:Epoch no. 357 of 500 (samples: 70721)
INFO:root:Loss: 3389.9902 +/- 1.075
INFO:root:Epoch no. 358 of 500 (samples: 70721)
INFO:root:Loss: 3384.4089 +/- 1.2202
INFO:root:Epoch no. 359 of 500 (samples: 70721)
INFO:root:Loss: 3379.3219 +/- 1.2545
INFO:root:Epoch no. 360 of 500 (samples: 70721)
INFO:root:Loss: 3373.616 +/- 1.3267
INFO:root:Epoch no. 361 of 500 (samples: 70721)
INFO:root:Loss: 3367.9975 +/- 1.7574
INFO:root:Epoch no. 362 of 500 (samples: 70721)
INFO:root:Loss: 3363.129 +/- 1.2399
INFO:root:Epoch no. 363 of 500 (samples: 70721)
INFO:root:Loss: 3357.7023 +/- 1.0978
INFO:root:Epoch no. 364 of 500 (samples: 70721)
INFO:root:Loss: 3352.184 +/- 1.2841
INFO:root:Epoch no. 365 of 500 (samples: 70721)
INFO:root:Loss: 3347.0441 +/- 0.9068
INFO:root:Epoch no. 366 of 500 (samples: 70721)
INFO:root:Loss: 3341.9338 +/- 1.3485
INFO:root:Epoch no. 367 of 500 (samples: 70721)
INFO:root:Loss: 3336.4047 +/- 1.2875
INFO:root:Epoch no. 368 of 500 (samples: 70721)
INFO:root:Loss: 3330.8763 +/- 1.5008
INFO:root:Epoch no. 369 of 500 (samples: 70721)
INFO:root:Loss: 3326.1642 +/- 1.0553
INFO:root:Epoch no. 370 of 500 (samples: 70721)
INFO:root:Loss: 3320.8303 +/- 0.9575
INFO:root:Epoch no. 371 of 500 (samples: 70721)
INFO:root:Loss: 3315.7342 +/- 1.0852
INFO:root:Epoch no. 372 of 500 (samples: 70721)
INFO:root:Loss: 3310.5941 +/- 1.4471
INFO:root:Epoch no. 373 of 500 (samples: 70721)
INFO:root:Loss: 3305.6094 +/- 1.2513
INFO:root:Epoch no. 374 of 500 (samples: 70721)
INFO:root:Loss: 3300.3426 +/- 1.1423
INFO:root:Epoch no. 375 of 500 (samples: 70721)
INFO:root:Loss: 3295.6512 +/- 1.0683
INFO:root:Epoch no. 376 of 500 (samples: 70721)
INFO:root:Loss: 3290.3745 +/- 0.8528
INFO:root:Epoch no. 377 of 500 (samples: 70721)
INFO:root:Loss: 3285.0652 +/- 1.7695
INFO:root:Epoch no. 378 of 500 (samples: 70721)
INFO:root:Loss: 3280.2529 +/- 1.2049
INFO:root:Epoch no. 379 of 500 (samples: 70721)
INFO:root:Loss: 3275.1427 +/- 1.207
INFO:root:Epoch no. 380 of 500 (samples: 70721)
INFO:root:Loss: 3270.3287 +/- 1.5499
INFO:root:Epoch no. 381 of 500 (samples: 70721)
INFO:root:Loss: 3265.1484 +/- 1.2177
INFO:root:Epoch no. 382 of 500 (samples: 70721)
INFO:root:Loss: 3260.5253 +/- 1.3635
INFO:root:Epoch no. 383 of 500 (samples: 70721)
INFO:root:Loss: 3255.7972 +/- 1.2624
INFO:root:Epoch no. 384 of 500 (samples: 70721)
INFO:root:Loss: 3251.1014 +/- 1.3381
INFO:root:Epoch no. 385 of 500 (samples: 70721)
INFO:root:Loss: 3245.9191 +/- 0.9638
INFO:root:Epoch no. 386 of 500 (samples: 70721)
INFO:root:Loss: 3241.1594 +/- 1.5945
INFO:root:Epoch no. 387 of 500 (samples: 70721)
INFO:root:Loss: 3236.6294 +/- 1.1991
INFO:root:Epoch no. 388 of 500 (samples: 70721)
INFO:root:Loss: 3231.6097 +/- 1.6499
INFO:root:Epoch no. 389 of 500 (samples: 70721)
INFO:root:Loss: 3226.8641 +/- 1.4678
INFO:root:Epoch no. 390 of 500 (samples: 70721)
INFO:root:Loss: 3221.9264 +/- 1.3295
INFO:root:Epoch no. 391 of 500 (samples: 70721)
INFO:root:Loss: 3217.2206 +/- 1.3159
INFO:root:Epoch no. 392 of 500 (samples: 70721)
INFO:root:Loss: 3212.7719 +/- 1.392
INFO:root:Epoch no. 393 of 500 (samples: 70721)
INFO:root:Loss: 3208.2001 +/- 1.4417
INFO:root:Epoch no. 394 of 500 (samples: 70721)
INFO:root:Loss: 3203.1746 +/- 0.8577
INFO:root:Epoch no. 395 of 500 (samples: 70721)
INFO:root:Loss: 3198.6849 +/- 1.2463
INFO:root:Epoch no. 396 of 500 (samples: 70721)
INFO:root:Loss: 3193.9734 +/- 1.523
INFO:root:Epoch no. 397 of 500 (samples: 70721)
INFO:root:Loss: 3189.7026 +/- 1.1364
INFO:root:Epoch no. 398 of 500 (samples: 70721)
INFO:root:Loss: 3185.0376 +/- 1.2929
INFO:root:Epoch no. 399 of 500 (samples: 70721)
INFO:root:Loss: 3180.63 +/- 1.4262
INFO:root:Epoch no. 400 of 500 (samples: 70721)
INFO:root:Loss: 3175.9981 +/- 1.3908
INFO:root:Epoch no. 401 of 500 (samples: 70721)
INFO:root:Loss: 3171.2181 +/- 1.5608
INFO:root:Epoch no. 402 of 500 (samples: 70721)
INFO:root:Loss: 3166.8471 +/- 1.1549
INFO:root:Epoch no. 403 of 500 (samples: 70721)
INFO:root:Loss: 3162.3771 +/- 1.4686
INFO:root:Epoch no. 404 of 500 (samples: 70721)
INFO:root:Loss: 3157.7785 +/- 1.4511
INFO:root:Epoch no. 405 of 500 (samples: 70721)
INFO:root:Loss: 3153.5275 +/- 1.1084
INFO:root:Epoch no. 406 of 500 (samples: 70721)
INFO:root:Loss: 3149.0872 +/- 1.4277
INFO:root:Epoch no. 407 of 500 (samples: 70721)
INFO:root:Loss: 3144.68 +/- 1.0869
INFO:root:Epoch no. 408 of 500 (samples: 70721)
INFO:root:Loss: 3140.2064 +/- 0.9852
INFO:root:Epoch no. 409 of 500 (samples: 70721)
INFO:root:Loss: 3135.9646 +/- 1.2684
INFO:root:Epoch no. 410 of 500 (samples: 70721)
INFO:root:Loss: 3131.469 +/- 1.3359
INFO:root:Epoch no. 411 of 500 (samples: 70721)
INFO:root:Loss: 3127.0229 +/- 1.412
INFO:root:Epoch no. 412 of 500 (samples: 70721)
INFO:root:Loss: 3122.7903 +/- 1.0176
INFO:root:Epoch no. 413 of 500 (samples: 70721)
INFO:root:Loss: 3118.741 +/- 0.757
INFO:root:Epoch no. 414 of 500 (samples: 70721)
INFO:root:Loss: 3114.3262 +/- 1.7536
INFO:root:Epoch no. 415 of 500 (samples: 70721)
INFO:root:Loss: 3109.9549 +/- 1.3563
INFO:root:Epoch no. 416 of 500 (samples: 70721)
INFO:root:Loss: 3106.0397 +/- 1.1416
INFO:root:Epoch no. 417 of 500 (samples: 70721)
INFO:root:Loss: 3101.5738 +/- 1.1834
INFO:root:Epoch no. 418 of 500 (samples: 70721)
INFO:root:Loss: 3097.3136 +/- 1.2093
INFO:root:Epoch no. 419 of 500 (samples: 70721)
INFO:root:Loss: 3093.3685 +/- 1.5138
INFO:root:Epoch no. 420 of 500 (samples: 70721)
INFO:root:Loss: 3089.0358 +/- 1.371
INFO:root:Epoch no. 421 of 500 (samples: 70721)
INFO:root:Loss: 3084.8609 +/- 1.2356
INFO:root:Epoch no. 422 of 500 (samples: 70721)
INFO:root:Loss: 3080.5716 +/- 1.1218
INFO:root:Epoch no. 423 of 500 (samples: 70721)
INFO:root:Loss: 3076.1771 +/- 1.4181
INFO:root:Epoch no. 424 of 500 (samples: 70721)
INFO:root:Loss: 3072.2407 +/- 1.2764
INFO:root:Epoch no. 425 of 500 (samples: 70721)
INFO:root:Loss: 3068.4027 +/- 1.3711
INFO:root:Epoch no. 426 of 500 (samples: 70721)
INFO:root:Loss: 3064.1755 +/- 0.9765
INFO:root:Epoch no. 427 of 500 (samples: 70721)
INFO:root:Loss: 3060.0674 +/- 1.0739
INFO:root:Epoch no. 428 of 500 (samples: 70721)
INFO:root:Loss: 3056.119 +/- 1.4324
INFO:root:Epoch no. 429 of 500 (samples: 70721)
INFO:root:Loss: 3051.9338 +/- 1.133
INFO:root:Epoch no. 430 of 500 (samples: 70721)
INFO:root:Loss: 3048.056 +/- 1.0499
INFO:root:Epoch no. 431 of 500 (samples: 70721)
INFO:root:Loss: 3044.1145 +/- 1.3882
INFO:root:Epoch no. 432 of 500 (samples: 70721)
INFO:root:Loss: 3040.1529 +/- 1.1192
INFO:root:Epoch no. 433 of 500 (samples: 70721)
INFO:root:Loss: 3036.1764 +/- 1.1072
INFO:root:Epoch no. 434 of 500 (samples: 70721)
INFO:root:Loss: 3032.3564 +/- 1.3537
INFO:root:Epoch no. 435 of 500 (samples: 70721)
INFO:root:Loss: 3028.2824 +/- 1.2595
INFO:root:Epoch no. 436 of 500 (samples: 70721)
INFO:root:Loss: 3024.2136 +/- 0.8546
INFO:root:Epoch no. 437 of 500 (samples: 70721)
INFO:root:Loss: 3020.5376 +/- 1.235
INFO:root:Epoch no. 438 of 500 (samples: 70721)
INFO:root:Loss: 3016.5355 +/- 1.2162
INFO:root:Epoch no. 439 of 500 (samples: 70721)
INFO:root:Loss: 3012.676 +/- 1.3995
INFO:root:Epoch no. 440 of 500 (samples: 70721)
INFO:root:Loss: 3008.6836 +/- 1.07
INFO:root:Epoch no. 441 of 500 (samples: 70721)
INFO:root:Loss: 3004.9938 +/- 1.4197
INFO:root:Epoch no. 442 of 500 (samples: 70721)
INFO:root:Loss: 3000.8137 +/- 1.6764
INFO:root:Epoch no. 443 of 500 (samples: 70721)
INFO:root:Loss: 2997.3318 +/- 1.2044
INFO:root:Epoch no. 444 of 500 (samples: 70721)
INFO:root:Loss: 2993.4392 +/- 1.7158
INFO:root:Epoch no. 445 of 500 (samples: 70721)
INFO:root:Loss: 2989.8489 +/- 1.2487
INFO:root:Epoch no. 446 of 500 (samples: 70721)
INFO:root:Loss: 2986.059 +/- 1.344
INFO:root:Epoch no. 447 of 500 (samples: 70721)
INFO:root:Loss: 2982.0003 +/- 0.8911
INFO:root:Epoch no. 448 of 500 (samples: 70721)
INFO:root:Loss: 2978.3399 +/- 1.3013
INFO:root:Epoch no. 449 of 500 (samples: 70721)
INFO:root:Loss: 2974.707 +/- 1.0769
INFO:root:Epoch no. 450 of 500 (samples: 70721)
INFO:root:Loss: 2971.1077 +/- 1.4207
INFO:root:Epoch no. 451 of 500 (samples: 70721)
INFO:root:Loss: 2967.4203 +/- 1.1669
INFO:root:Epoch no. 452 of 500 (samples: 70721)
INFO:root:Loss: 2963.9155 +/- 1.0528
INFO:root:Epoch no. 453 of 500 (samples: 70721)
INFO:root:Loss: 2959.8275 +/- 1.2615
INFO:root:Epoch no. 454 of 500 (samples: 70721)
INFO:root:Loss: 2956.1778 +/- 1.4815
INFO:root:Epoch no. 455 of 500 (samples: 70721)
INFO:root:Loss: 2952.7642 +/- 1.1698
INFO:root:Epoch no. 456 of 500 (samples: 70721)
INFO:root:Loss: 2948.9338 +/- 1.5986
INFO:root:Epoch no. 457 of 500 (samples: 70721)
INFO:root:Loss: 2945.4005 +/- 1.5306
INFO:root:Epoch no. 458 of 500 (samples: 70721)
INFO:root:Loss: 2941.6021 +/- 1.1187
INFO:root:Epoch no. 459 of 500 (samples: 70721)
INFO:root:Loss: 2938.3258 +/- 0.9574
INFO:root:Epoch no. 460 of 500 (samples: 70721)
INFO:root:Loss: 2934.3358 +/- 1.1637
INFO:root:Epoch no. 461 of 500 (samples: 70721)
INFO:root:Loss: 2931.2176 +/- 1.1748
INFO:root:Epoch no. 462 of 500 (samples: 70721)
INFO:root:Loss: 2927.5456 +/- 1.3302
INFO:root:Epoch no. 463 of 500 (samples: 70721)
INFO:root:Loss: 2923.9435 +/- 1.0277
INFO:root:Epoch no. 464 of 500 (samples: 70721)
INFO:root:Loss: 2920.7272 +/- 1.2673
INFO:root:Epoch no. 465 of 500 (samples: 70721)
INFO:root:Loss: 2916.8991 +/- 1.3173
INFO:root:Epoch no. 466 of 500 (samples: 70721)
INFO:root:Loss: 2913.4191 +/- 1.4473
INFO:root:Epoch no. 467 of 500 (samples: 70721)
INFO:root:Loss: 2910.2344 +/- 1.1131
INFO:root:Epoch no. 468 of 500 (samples: 70721)
INFO:root:Loss: 2906.7016 +/- 1.0341
INFO:root:Epoch no. 469 of 500 (samples: 70721)
INFO:root:Loss: 2903.0118 +/- 0.9648
INFO:root:Epoch no. 470 of 500 (samples: 70721)
INFO:root:Loss: 2899.4959 +/- 1.362
INFO:root:Epoch no. 471 of 500 (samples: 70721)
INFO:root:Loss: 2896.2618 +/- 1.2956
INFO:root:Epoch no. 472 of 500 (samples: 70721)
INFO:root:Loss: 2892.8217 +/- 1.1573
INFO:root:Epoch no. 473 of 500 (samples: 70721)
INFO:root:Loss: 2889.4049 +/- 1.0577
INFO:root:Epoch no. 474 of 500 (samples: 70721)
INFO:root:Loss: 2885.9776 +/- 1.4712
INFO:root:Epoch no. 475 of 500 (samples: 70721)
INFO:root:Loss: 2882.8325 +/- 1.4763
INFO:root:Epoch no. 476 of 500 (samples: 70721)
INFO:root:Loss: 2879.2446 +/- 1.4331
INFO:root:Epoch no. 477 of 500 (samples: 70721)
INFO:root:Loss: 2875.6535 +/- 1.2953
INFO:root:Epoch no. 478 of 500 (samples: 70721)
INFO:root:Loss: 2872.4734 +/- 1.6939
INFO:root:Epoch no. 479 of 500 (samples: 70721)
INFO:root:Loss: 2869.2592 +/- 1.4
INFO:root:Epoch no. 480 of 500 (samples: 70721)
INFO:root:Loss: 2865.8186 +/- 1.7849
INFO:root:Epoch no. 481 of 500 (samples: 70721)
INFO:root:Loss: 2862.5609 +/- 1.0148
INFO:root:Epoch no. 482 of 500 (samples: 70721)
INFO:root:Loss: 2859.4714 +/- 1.2018
INFO:root:Epoch no. 483 of 500 (samples: 70721)
INFO:root:Loss: 2855.9509 +/- 1.4025
INFO:root:Epoch no. 484 of 500 (samples: 70721)
INFO:root:Loss: 2852.6099 +/- 1.2409
INFO:root:Epoch no. 485 of 500 (samples: 70721)
INFO:root:Loss: 2849.5339 +/- 1.264
INFO:root:Epoch no. 486 of 500 (samples: 70721)
INFO:root:Loss: 2846.2354 +/- 1.0968
INFO:root:Epoch no. 487 of 500 (samples: 70721)
INFO:root:Loss: 2842.893 +/- 1.2719
INFO:root:Epoch no. 488 of 500 (samples: 70721)
INFO:root:Loss: 2840.0923 +/- 1.2132
INFO:root:Epoch no. 489 of 500 (samples: 70721)
INFO:root:Loss: 2836.5173 +/- 1.3605
INFO:root:Epoch no. 490 of 500 (samples: 70721)
INFO:root:Loss: 2833.3333 +/- 1.1271
INFO:root:Epoch no. 491 of 500 (samples: 70721)
INFO:root:Loss: 2830.3789 +/- 0.9278
INFO:root:Epoch no. 492 of 500 (samples: 70721)
INFO:root:Loss: 2827.3041 +/- 1.4008
INFO:root:Epoch no. 493 of 500 (samples: 70721)
INFO:root:Loss: 2823.7424 +/- 1.0414
INFO:root:Epoch no. 494 of 500 (samples: 70721)
INFO:root:Loss: 2820.8338 +/- 1.0837
INFO:root:Epoch no. 495 of 500 (samples: 70721)
INFO:root:Loss: 2817.6409 +/- 1.5784
INFO:root:Epoch no. 496 of 500 (samples: 70721)
INFO:root:Loss: 2814.7766 +/- 1.452
INFO:root:Epoch no. 497 of 500 (samples: 70721)
INFO:root:Loss: 2811.26 +/- 1.1245
INFO:root:Epoch no. 498 of 500 (samples: 70721)
INFO:root:Loss: 2808.0386 +/- 1.0848
INFO:root:Epoch no. 499 of 500 (samples: 70721)
INFO:root:Loss: 2805.2084 +/- 1.1635
INFO:root:Epoch no. 500 of 500 (samples: 70721)
INFO:root:Loss: 2802.2513 +/- 1.3425
/usr/local/lib/python3.5/dist-packages/keras/backend/theano_backend.py:503: UserWarning: theano.function was asked to create a function computing outputs given certain inputs, but the provided input variable at index 2 is not part of the computational graph needed to compute the outputs: keras_learning_phase.
To make this warning into an error, you can pass the parameter on_unused_input='raise' to theano.function. To disable it completely, use on_unused_input='ignore'.
  **kwargs)
INFO:root:### MICRO (validation raw):
INFO:root:	-- left   >> mean: 5754.5928, median: 162.0, mrr: 0.204, hits@1: 13.94%
INFO:root:	-- right  >> mean: 6701.0294, median: 194.0, mrr: 0.227, hits@1: 17.0%
INFO:root:	-- global >> mean: 6227.8111, median: 176.5, mrr: 0.216, hits@1: 15.47%
INFO:root:### MICRO (validation raw):
INFO:root:	-- left   >> mean: 5754.5928, median: 162.0, mrr: 0.204, hits@3: 23.8%
INFO:root:	-- right  >> mean: 6701.0294, median: 194.0, mrr: 0.227, hits@3: 25.9%
INFO:root:	-- global >> mean: 6227.8111, median: 176.5, mrr: 0.216, hits@3: 24.85%
INFO:root:### MICRO (validation raw):
INFO:root:	-- left   >> mean: 5754.5928, median: 162.0, mrr: 0.204, hits@5: 27.8%
INFO:root:	-- right  >> mean: 6701.0294, median: 194.0, mrr: 0.227, hits@5: 29.32%
INFO:root:	-- global >> mean: 6227.8111, median: 176.5, mrr: 0.216, hits@5: 28.56%
INFO:root:### MICRO (validation raw):
INFO:root:	-- left   >> mean: 5754.5928, median: 162.0, mrr: 0.204, hits@10: 32.7%
INFO:root:	-- right  >> mean: 6701.0294, median: 194.0, mrr: 0.227, hits@10: 33.04%
INFO:root:	-- global >> mean: 6227.8111, median: 176.5, mrr: 0.216, hits@10: 32.87%
INFO:root:### MICRO (validation filtered):
INFO:root:	-- left   >> mean: 5746.5382, median: 135.0, mrr: 0.251, hits@1: 19.54%
INFO:root:	-- right  >> mean: 6692.6378, median: 166.0, mrr: 0.267, hits@1: 21.78%
INFO:root:	-- global >> mean: 6219.588, median: 151.0, mrr: 0.259, hits@1: 20.66%
INFO:root:### MICRO (validation filtered):
INFO:root:	-- left   >> mean: 5746.5382, median: 135.0, mrr: 0.251, hits@3: 27.62%
INFO:root:	-- right  >> mean: 6692.6378, median: 166.0, mrr: 0.267, hits@3: 29.46%
INFO:root:	-- global >> mean: 6219.588, median: 151.0, mrr: 0.259, hits@3: 28.54%
INFO:root:### MICRO (validation filtered):
INFO:root:	-- left   >> mean: 5746.5382, median: 135.0, mrr: 0.251, hits@5: 31.06%
INFO:root:	-- right  >> mean: 6692.6378, median: 166.0, mrr: 0.267, hits@5: 31.82%
INFO:root:	-- global >> mean: 6219.588, median: 151.0, mrr: 0.259, hits@5: 31.44%
INFO:root:### MICRO (validation filtered):
INFO:root:	-- left   >> mean: 5746.5382, median: 135.0, mrr: 0.251, hits@10: 35.6%
INFO:root:	-- right  >> mean: 6692.6378, median: 166.0, mrr: 0.267, hits@10: 34.86%
INFO:root:	-- global >> mean: 6219.588, median: 151.0, mrr: 0.259, hits@10: 35.23%
INFO:root:### MICRO (test raw):
INFO:root:	-- left   >> mean: 6014.411, median: 193.5, mrr: 0.188, hits@1: 12.72%
INFO:root:	-- right  >> mean: 6708.0614, median: 182.0, mrr: 0.232, hits@1: 17.5%
INFO:root:	-- global >> mean: 6361.2362, median: 186.0, mrr: 0.21, hits@1: 15.11%
INFO:root:### MICRO (test raw):
INFO:root:	-- left   >> mean: 6014.411, median: 193.5, mrr: 0.188, hits@3: 21.1%
INFO:root:	-- right  >> mean: 6708.0614, median: 182.0, mrr: 0.232, hits@3: 26.28%
INFO:root:	-- global >> mean: 6361.2362, median: 186.0, mrr: 0.21, hits@3: 23.69%
INFO:root:### MICRO (test raw):
INFO:root:	-- left   >> mean: 6014.411, median: 193.5, mrr: 0.188, hits@5: 25.8%
INFO:root:	-- right  >> mean: 6708.0614, median: 182.0, mrr: 0.232, hits@5: 29.6%
INFO:root:	-- global >> mean: 6361.2362, median: 186.0, mrr: 0.21, hits@5: 27.7%
INFO:root:### MICRO (test raw):
INFO:root:	-- left   >> mean: 6014.411, median: 193.5, mrr: 0.188, hits@10: 31.06%
INFO:root:	-- right  >> mean: 6708.0614, median: 182.0, mrr: 0.232, hits@10: 33.36%
INFO:root:	-- global >> mean: 6361.2362, median: 186.0, mrr: 0.21, hits@10: 32.21%
INFO:root:### MICRO (test filtered):
INFO:root:	-- left   >> mean: 6005.6826, median: 161.5, mrr: 0.233, hits@1: 17.88%
INFO:root:	-- right  >> mean: 6700.224, median: 149.5, mrr: 0.27, hits@1: 22.26%
INFO:root:	-- global >> mean: 6352.9533, median: 156.0, mrr: 0.251, hits@1: 20.07%
INFO:root:### MICRO (test filtered):
INFO:root:	-- left   >> mean: 6005.6826, median: 161.5, mrr: 0.233, hits@3: 25.44%
INFO:root:	-- right  >> mean: 6700.224, median: 149.5, mrr: 0.27, hits@3: 29.12%
INFO:root:	-- global >> mean: 6352.9533, median: 156.0, mrr: 0.251, hits@3: 27.28%
INFO:root:### MICRO (test filtered):
INFO:root:	-- left   >> mean: 6005.6826, median: 161.5, mrr: 0.233, hits@5: 29.36%
INFO:root:	-- right  >> mean: 6700.224, median: 149.5, mrr: 0.27, hits@5: 31.9%
INFO:root:	-- global >> mean: 6352.9533, median: 156.0, mrr: 0.251, hits@5: 30.63%
INFO:root:### MICRO (test filtered):
INFO:root:	-- left   >> mean: 6005.6826, median: 161.5, mrr: 0.233, hits@10: 33.64%
INFO:root:	-- right  >> mean: 6700.224, median: 149.5, mrr: 0.27, hits@10: 35.38%
INFO:root:	-- global >> mean: 6352.9533, median: 156.0, mrr: 0.251, hits@10: 34.51%
