Using Theano backend.
INFO:root:Acquiring data/wn18/wordnet-mlj12-train.txt ..
INFO:root:Acquiring data/wn18/wordnet-mlj12-valid.txt ..
INFO:root:Acquiring data/wn18/wordnet-mlj12-test.txt ..
INFO:root:[Rules] Adding Head: 15, Tail: [(10, True)]
INFO:root:[Rules] Adding Head: 12, Tail: [(17, True)]
INFO:root:[Rules] Adding Head: 4, Tail: [(5, True)]
INFO:root:[Rules] Adding Head: 13, Tail: [(3, True)]
INFO:root:[Rules] Adding Head: 5, Tail: [(4, True)]
INFO:root:[Rules] Adding Head: 16, Tail: [(11, True)]
INFO:root:[Rules] Adding Head: 17, Tail: [(12, True)]
INFO:root:[Rules] Adding Head: 11, Tail: [(16, True)]
INFO:root:[Rules] Adding Head: 8, Tail: [(9, True)]
INFO:root:[Rules] Adding Head: 2, Tail: [(2, True)]
INFO:root:Samples: 127298, no. batches: 10 -> batch size: 12730
INFO:root:Epoch no. 1 of 500 (samples: 127298)
INFO:root:Loss: 2432.4766 +/- 3437.181
INFO:root:Epoch no. 2 of 500 (samples: 127298)
INFO:root:Loss: 605.9467 +/- 12.0685
INFO:root:Epoch no. 3 of 500 (samples: 127298)
INFO:root:Loss: 540.8014 +/- 5.7577
INFO:root:Epoch no. 4 of 500 (samples: 127298)
INFO:root:Loss: 502.7931 +/- 2.8338
INFO:root:Epoch no. 5 of 500 (samples: 127298)
INFO:root:Loss: 477.1444 +/- 2.3357
INFO:root:Epoch no. 6 of 500 (samples: 127298)
INFO:root:Loss: 457.4834 +/- 1.9732
INFO:root:Epoch no. 7 of 500 (samples: 127298)
INFO:root:Loss: 443.0064 +/- 2.4151
INFO:root:Epoch no. 8 of 500 (samples: 127298)
INFO:root:Loss: 433.265 +/- 3.0731
INFO:root:Epoch no. 9 of 500 (samples: 127298)
INFO:root:Loss: 426.2474 +/- 2.6118
INFO:root:Epoch no. 10 of 500 (samples: 127298)
INFO:root:Loss: 420.7784 +/- 2.5192
INFO:root:Epoch no. 11 of 500 (samples: 127298)
INFO:root:Loss: 415.6379 +/- 1.7059
INFO:root:Epoch no. 12 of 500 (samples: 127298)
INFO:root:Loss: 410.8751 +/- 1.5015
INFO:root:Epoch no. 13 of 500 (samples: 127298)
INFO:root:Loss: 405.5613 +/- 3.2868
INFO:root:Epoch no. 14 of 500 (samples: 127298)
INFO:root:Loss: 400.1077 +/- 3.0668
INFO:root:Epoch no. 15 of 500 (samples: 127298)
INFO:root:Loss: 394.1244 +/- 1.9252
INFO:root:Epoch no. 16 of 500 (samples: 127298)
INFO:root:Loss: 386.8656 +/- 1.7354
INFO:root:Epoch no. 17 of 500 (samples: 127298)
INFO:root:Loss: 378.8606 +/- 1.4342
INFO:root:Epoch no. 18 of 500 (samples: 127298)
INFO:root:Loss: 369.3488 +/- 1.5311
INFO:root:Epoch no. 19 of 500 (samples: 127298)
INFO:root:Loss: 358.0021 +/- 1.6892
INFO:root:Epoch no. 20 of 500 (samples: 127298)
INFO:root:Loss: 345.4241 +/- 1.8175
INFO:root:Epoch no. 21 of 500 (samples: 127298)
INFO:root:Loss: 330.9462 +/- 3.1406
INFO:root:Epoch no. 22 of 500 (samples: 127298)
INFO:root:Loss: 315.8253 +/- 1.3896
INFO:root:Epoch no. 23 of 500 (samples: 127298)
INFO:root:Loss: 301.2441 +/- 3.4001
INFO:root:Epoch no. 24 of 500 (samples: 127298)
INFO:root:Loss: 287.0082 +/- 1.9619
INFO:root:Epoch no. 25 of 500 (samples: 127298)
INFO:root:Loss: 273.6791 +/- 2.2939
INFO:root:Epoch no. 26 of 500 (samples: 127298)
INFO:root:Loss: 261.8754 +/- 2.5083
INFO:root:Epoch no. 27 of 500 (samples: 127298)
INFO:root:Loss: 249.7917 +/- 2.6477
INFO:root:Epoch no. 28 of 500 (samples: 127298)
INFO:root:Loss: 239.7257 +/- 4.1231
INFO:root:Epoch no. 29 of 500 (samples: 127298)
INFO:root:Loss: 228.8075 +/- 3.596
INFO:root:Epoch no. 30 of 500 (samples: 127298)
INFO:root:Loss: 219.9248 +/- 2.5451
INFO:root:Epoch no. 31 of 500 (samples: 127298)
INFO:root:Loss: 211.1578 +/- 3.4958
INFO:root:Epoch no. 32 of 500 (samples: 127298)
INFO:root:Loss: 202.4212 +/- 3.6669
INFO:root:Epoch no. 33 of 500 (samples: 127298)
INFO:root:Loss: 194.356 +/- 4.0894
INFO:root:Epoch no. 34 of 500 (samples: 127298)
INFO:root:Loss: 187.4622 +/- 3.9671
INFO:root:Epoch no. 35 of 500 (samples: 127298)
INFO:root:Loss: 181.4934 +/- 3.7123
INFO:root:Epoch no. 36 of 500 (samples: 127298)
INFO:root:Loss: 175.6854 +/- 3.3832
INFO:root:Epoch no. 37 of 500 (samples: 127298)
INFO:root:Loss: 170.7169 +/- 3.7761
INFO:root:Epoch no. 38 of 500 (samples: 127298)
INFO:root:Loss: 165.4282 +/- 3.7738
INFO:root:Epoch no. 39 of 500 (samples: 127298)
INFO:root:Loss: 161.6077 +/- 3.9598
INFO:root:Epoch no. 40 of 500 (samples: 127298)
INFO:root:Loss: 156.9918 +/- 3.9798
INFO:root:Epoch no. 41 of 500 (samples: 127298)
INFO:root:Loss: 153.3712 +/- 2.9771
INFO:root:Epoch no. 42 of 500 (samples: 127298)
INFO:root:Loss: 150.0294 +/- 3.2626
INFO:root:Epoch no. 43 of 500 (samples: 127298)
INFO:root:Loss: 146.7475 +/- 3.7975
INFO:root:Epoch no. 44 of 500 (samples: 127298)
INFO:root:Loss: 143.9326 +/- 3.0106
INFO:root:Epoch no. 45 of 500 (samples: 127298)
INFO:root:Loss: 141.4081 +/- 3.8191
INFO:root:Epoch no. 46 of 500 (samples: 127298)
INFO:root:Loss: 138.7561 +/- 3.6206
INFO:root:Epoch no. 47 of 500 (samples: 127298)
INFO:root:Loss: 136.2975 +/- 3.5913
INFO:root:Epoch no. 48 of 500 (samples: 127298)
INFO:root:Loss: 134.6175 +/- 3.5751
INFO:root:Epoch no. 49 of 500 (samples: 127298)
INFO:root:Loss: 132.2955 +/- 3.1367
INFO:root:Epoch no. 50 of 500 (samples: 127298)
INFO:root:Loss: 130.2164 +/- 3.1205
INFO:root:Epoch no. 51 of 500 (samples: 127298)
INFO:root:Loss: 128.7107 +/- 3.7142
INFO:root:Epoch no. 52 of 500 (samples: 127298)
INFO:root:Loss: 127.0037 +/- 3.1217
INFO:root:Epoch no. 53 of 500 (samples: 127298)
INFO:root:Loss: 125.3614 +/- 2.4477
INFO:root:Epoch no. 54 of 500 (samples: 127298)
INFO:root:Loss: 124.1328 +/- 2.78
INFO:root:Epoch no. 55 of 500 (samples: 127298)
INFO:root:Loss: 122.5486 +/- 2.9855
INFO:root:Epoch no. 56 of 500 (samples: 127298)
INFO:root:Loss: 121.2176 +/- 3.4848
INFO:root:Epoch no. 57 of 500 (samples: 127298)
INFO:root:Loss: 120.1264 +/- 2.3316
INFO:root:Epoch no. 58 of 500 (samples: 127298)
INFO:root:Loss: 119.0758 +/- 2.8148
INFO:root:Epoch no. 59 of 500 (samples: 127298)
INFO:root:Loss: 118.292 +/- 2.4834
INFO:root:Epoch no. 60 of 500 (samples: 127298)
INFO:root:Loss: 117.0215 +/- 3.6102
INFO:root:Epoch no. 61 of 500 (samples: 127298)
INFO:root:Loss: 115.8048 +/- 2.6887
INFO:root:Epoch no. 62 of 500 (samples: 127298)
INFO:root:Loss: 115.1461 +/- 3.082
INFO:root:Epoch no. 63 of 500 (samples: 127298)
INFO:root:Loss: 114.3537 +/- 2.7354
INFO:root:Epoch no. 64 of 500 (samples: 127298)
INFO:root:Loss: 113.5483 +/- 2.6334
INFO:root:Epoch no. 65 of 500 (samples: 127298)
INFO:root:Loss: 112.7238 +/- 2.8256
INFO:root:Epoch no. 66 of 500 (samples: 127298)
INFO:root:Loss: 111.8374 +/- 2.6294
INFO:root:Epoch no. 67 of 500 (samples: 127298)
INFO:root:Loss: 111.3249 +/- 2.3252
INFO:root:Epoch no. 68 of 500 (samples: 127298)
INFO:root:Loss: 110.4462 +/- 3.0785
INFO:root:Epoch no. 69 of 500 (samples: 127298)
INFO:root:Loss: 110.1759 +/- 3.4945
INFO:root:Epoch no. 70 of 500 (samples: 127298)
INFO:root:Loss: 109.1404 +/- 3.124
INFO:root:Epoch no. 71 of 500 (samples: 127298)
INFO:root:Loss: 108.8883 +/- 2.2508
INFO:root:Epoch no. 72 of 500 (samples: 127298)
INFO:root:Loss: 108.2796 +/- 2.9848
INFO:root:Epoch no. 73 of 500 (samples: 127298)
INFO:root:Loss: 107.7392 +/- 2.8117
INFO:root:Epoch no. 74 of 500 (samples: 127298)
INFO:root:Loss: 106.8398 +/- 2.1581
INFO:root:Epoch no. 75 of 500 (samples: 127298)
INFO:root:Loss: 106.0606 +/- 2.4199
INFO:root:Epoch no. 76 of 500 (samples: 127298)
INFO:root:Loss: 105.5819 +/- 2.3018
INFO:root:Epoch no. 77 of 500 (samples: 127298)
INFO:root:Loss: 105.7159 +/- 2.0004
INFO:root:Epoch no. 78 of 500 (samples: 127298)
INFO:root:Loss: 104.7178 +/- 2.5534
INFO:root:Epoch no. 79 of 500 (samples: 127298)
INFO:root:Loss: 104.1451 +/- 2.6051
INFO:root:Epoch no. 80 of 500 (samples: 127298)
INFO:root:Loss: 104.1722 +/- 3.2542
INFO:root:Epoch no. 81 of 500 (samples: 127298)
INFO:root:Loss: 103.2634 +/- 2.5169
INFO:root:Epoch no. 82 of 500 (samples: 127298)
INFO:root:Loss: 102.731 +/- 3.0529
INFO:root:Epoch no. 83 of 500 (samples: 127298)
INFO:root:Loss: 101.9841 +/- 2.4302
INFO:root:Epoch no. 84 of 500 (samples: 127298)
INFO:root:Loss: 101.8787 +/- 2.7108
INFO:root:Epoch no. 85 of 500 (samples: 127298)
INFO:root:Loss: 100.9555 +/- 2.8051
INFO:root:Epoch no. 86 of 500 (samples: 127298)
INFO:root:Loss: 100.3631 +/- 2.7484
INFO:root:Epoch no. 87 of 500 (samples: 127298)
INFO:root:Loss: 99.8392 +/- 3.1257
INFO:root:Epoch no. 88 of 500 (samples: 127298)
INFO:root:Loss: 99.3805 +/- 2.6787
INFO:root:Epoch no. 89 of 500 (samples: 127298)
INFO:root:Loss: 99.0226 +/- 2.4964
INFO:root:Epoch no. 90 of 500 (samples: 127298)
INFO:root:Loss: 98.2509 +/- 2.3208
INFO:root:Epoch no. 91 of 500 (samples: 127298)
INFO:root:Loss: 97.7636 +/- 2.0698
INFO:root:Epoch no. 92 of 500 (samples: 127298)
INFO:root:Loss: 96.9603 +/- 3.5628
INFO:root:Epoch no. 93 of 500 (samples: 127298)
INFO:root:Loss: 96.7344 +/- 2.1436
INFO:root:Epoch no. 94 of 500 (samples: 127298)
INFO:root:Loss: 95.8631 +/- 2.1582
INFO:root:Epoch no. 95 of 500 (samples: 127298)
INFO:root:Loss: 95.7128 +/- 3.0112
INFO:root:Epoch no. 96 of 500 (samples: 127298)
INFO:root:Loss: 94.9846 +/- 1.712
INFO:root:Epoch no. 97 of 500 (samples: 127298)
INFO:root:Loss: 94.4627 +/- 2.3028
INFO:root:Epoch no. 98 of 500 (samples: 127298)
INFO:root:Loss: 93.8439 +/- 2.7921
INFO:root:Epoch no. 99 of 500 (samples: 127298)
INFO:root:Loss: 93.2341 +/- 3.06
INFO:root:Epoch no. 100 of 500 (samples: 127298)
INFO:root:Loss: 92.8096 +/- 2.5836
INFO:root:Epoch no. 101 of 500 (samples: 127298)
INFO:root:Loss: 92.647 +/- 2.1985
INFO:root:Epoch no. 102 of 500 (samples: 127298)
INFO:root:Loss: 91.8007 +/- 1.8338
INFO:root:Epoch no. 103 of 500 (samples: 127298)
INFO:root:Loss: 91.5174 +/- 2.0774
INFO:root:Epoch no. 104 of 500 (samples: 127298)
INFO:root:Loss: 90.7696 +/- 2.5611
INFO:root:Epoch no. 105 of 500 (samples: 127298)
INFO:root:Loss: 90.5228 +/- 2.4582
INFO:root:Epoch no. 106 of 500 (samples: 127298)
INFO:root:Loss: 90.0575 +/- 1.9642
INFO:root:Epoch no. 107 of 500 (samples: 127298)
INFO:root:Loss: 89.4263 +/- 2.7662
INFO:root:Epoch no. 108 of 500 (samples: 127298)
INFO:root:Loss: 89.235 +/- 2.3193
INFO:root:Epoch no. 109 of 500 (samples: 127298)
INFO:root:Loss: 88.8713 +/- 2.098
INFO:root:Epoch no. 110 of 500 (samples: 127298)
INFO:root:Loss: 88.2961 +/- 2.693
INFO:root:Epoch no. 111 of 500 (samples: 127298)
INFO:root:Loss: 87.8051 +/- 2.2818
INFO:root:Epoch no. 112 of 500 (samples: 127298)
INFO:root:Loss: 87.3833 +/- 2.2198
INFO:root:Epoch no. 113 of 500 (samples: 127298)
INFO:root:Loss: 86.8793 +/- 2.0113
INFO:root:Epoch no. 114 of 500 (samples: 127298)
INFO:root:Loss: 86.6976 +/- 2.3815
INFO:root:Epoch no. 115 of 500 (samples: 127298)
INFO:root:Loss: 86.0282 +/- 1.6239
INFO:root:Epoch no. 116 of 500 (samples: 127298)
INFO:root:Loss: 85.684 +/- 2.1009
INFO:root:Epoch no. 117 of 500 (samples: 127298)
INFO:root:Loss: 85.3974 +/- 1.9329
INFO:root:Epoch no. 118 of 500 (samples: 127298)
INFO:root:Loss: 85.0189 +/- 2.464
INFO:root:Epoch no. 119 of 500 (samples: 127298)
INFO:root:Loss: 84.8871 +/- 2.4738
INFO:root:Epoch no. 120 of 500 (samples: 127298)
INFO:root:Loss: 84.2964 +/- 1.9203
INFO:root:Epoch no. 121 of 500 (samples: 127298)
INFO:root:Loss: 83.9244 +/- 2.045
INFO:root:Epoch no. 122 of 500 (samples: 127298)
INFO:root:Loss: 83.3961 +/- 2.4823
INFO:root:Epoch no. 123 of 500 (samples: 127298)
INFO:root:Loss: 83.1156 +/- 2.1895
INFO:root:Epoch no. 124 of 500 (samples: 127298)
INFO:root:Loss: 82.7399 +/- 2.5662
INFO:root:Epoch no. 125 of 500 (samples: 127298)
INFO:root:Loss: 82.0231 +/- 1.8112
INFO:root:Epoch no. 126 of 500 (samples: 127298)
INFO:root:Loss: 81.8813 +/- 2.282
INFO:root:Epoch no. 127 of 500 (samples: 127298)
INFO:root:Loss: 81.411 +/- 2.4783
INFO:root:Epoch no. 128 of 500 (samples: 127298)
INFO:root:Loss: 81.0619 +/- 1.9858
INFO:root:Epoch no. 129 of 500 (samples: 127298)
INFO:root:Loss: 80.6843 +/- 2.5957
INFO:root:Epoch no. 130 of 500 (samples: 127298)
INFO:root:Loss: 80.4115 +/- 1.2759
INFO:root:Epoch no. 131 of 500 (samples: 127298)
INFO:root:Loss: 80.0671 +/- 2.0809
INFO:root:Epoch no. 132 of 500 (samples: 127298)
INFO:root:Loss: 79.3286 +/- 2.4486
INFO:root:Epoch no. 133 of 500 (samples: 127298)
INFO:root:Loss: 79.574 +/- 1.7502
INFO:root:Epoch no. 134 of 500 (samples: 127298)
INFO:root:Loss: 78.9429 +/- 1.9333
INFO:root:Epoch no. 135 of 500 (samples: 127298)
INFO:root:Loss: 78.5365 +/- 1.4817
INFO:root:Epoch no. 136 of 500 (samples: 127298)
INFO:root:Loss: 78.2705 +/- 2.0462
INFO:root:Epoch no. 137 of 500 (samples: 127298)
INFO:root:Loss: 77.8345 +/- 2.4678
INFO:root:Epoch no. 138 of 500 (samples: 127298)
INFO:root:Loss: 77.5065 +/- 1.7547
INFO:root:Epoch no. 139 of 500 (samples: 127298)
INFO:root:Loss: 77.1287 +/- 1.9501
INFO:root:Epoch no. 140 of 500 (samples: 127298)
INFO:root:Loss: 77.0281 +/- 2.2214
INFO:root:Epoch no. 141 of 500 (samples: 127298)
INFO:root:Loss: 76.1515 +/- 2.3273
INFO:root:Epoch no. 142 of 500 (samples: 127298)
INFO:root:Loss: 75.9903 +/- 1.0725
INFO:root:Epoch no. 143 of 500 (samples: 127298)
INFO:root:Loss: 75.6068 +/- 2.006
INFO:root:Epoch no. 144 of 500 (samples: 127298)
INFO:root:Loss: 75.1857 +/- 1.6792
INFO:root:Epoch no. 145 of 500 (samples: 127298)
INFO:root:Loss: 75.1044 +/- 2.0628
INFO:root:Epoch no. 146 of 500 (samples: 127298)
INFO:root:Loss: 75.0687 +/- 1.7284
INFO:root:Epoch no. 147 of 500 (samples: 127298)
INFO:root:Loss: 74.5711 +/- 1.4163
INFO:root:Epoch no. 148 of 500 (samples: 127298)
INFO:root:Loss: 74.3009 +/- 2.0187
INFO:root:Epoch no. 149 of 500 (samples: 127298)
INFO:root:Loss: 73.8071 +/- 1.9066
INFO:root:Epoch no. 150 of 500 (samples: 127298)
INFO:root:Loss: 73.4301 +/- 1.9364
INFO:root:Epoch no. 151 of 500 (samples: 127298)
INFO:root:Loss: 73.3472 +/- 1.5743
INFO:root:Epoch no. 152 of 500 (samples: 127298)
INFO:root:Loss: 73.2069 +/- 1.7378
INFO:root:Epoch no. 153 of 500 (samples: 127298)
INFO:root:Loss: 72.9142 +/- 1.91
INFO:root:Epoch no. 154 of 500 (samples: 127298)
INFO:root:Loss: 72.7748 +/- 2.0538
INFO:root:Epoch no. 155 of 500 (samples: 127298)
INFO:root:Loss: 72.0098 +/- 1.8036
INFO:root:Epoch no. 156 of 500 (samples: 127298)
INFO:root:Loss: 71.9933 +/- 1.3973
INFO:root:Epoch no. 157 of 500 (samples: 127298)
INFO:root:Loss: 72.0456 +/- 1.711
INFO:root:Epoch no. 158 of 500 (samples: 127298)
INFO:root:Loss: 71.5034 +/- 2.1755
INFO:root:Epoch no. 159 of 500 (samples: 127298)
INFO:root:Loss: 71.5385 +/- 1.5244
INFO:root:Epoch no. 160 of 500 (samples: 127298)
INFO:root:Loss: 71.182 +/- 2.0538
INFO:root:Epoch no. 161 of 500 (samples: 127298)
INFO:root:Loss: 70.8584 +/- 1.6386
INFO:root:Epoch no. 162 of 500 (samples: 127298)
INFO:root:Loss: 70.4684 +/- 1.8395
INFO:root:Epoch no. 163 of 500 (samples: 127298)
INFO:root:Loss: 70.4314 +/- 1.6296
INFO:root:Epoch no. 164 of 500 (samples: 127298)
INFO:root:Loss: 70.1614 +/- 1.7762
INFO:root:Epoch no. 165 of 500 (samples: 127298)
INFO:root:Loss: 70.1435 +/- 2.2054
INFO:root:Epoch no. 166 of 500 (samples: 127298)
INFO:root:Loss: 70.0471 +/- 1.1258
INFO:root:Epoch no. 167 of 500 (samples: 127298)
INFO:root:Loss: 69.4894 +/- 1.5772
INFO:root:Epoch no. 168 of 500 (samples: 127298)
INFO:root:Loss: 69.1815 +/- 1.7613
INFO:root:Epoch no. 169 of 500 (samples: 127298)
INFO:root:Loss: 69.0558 +/- 1.6994
INFO:root:Epoch no. 170 of 500 (samples: 127298)
INFO:root:Loss: 68.8661 +/- 1.4307
INFO:root:Epoch no. 171 of 500 (samples: 127298)
INFO:root:Loss: 68.7874 +/- 1.9833
INFO:root:Epoch no. 172 of 500 (samples: 127298)
INFO:root:Loss: 68.3307 +/- 1.6117
INFO:root:Epoch no. 173 of 500 (samples: 127298)
INFO:root:Loss: 68.0649 +/- 1.7601
INFO:root:Epoch no. 174 of 500 (samples: 127298)
INFO:root:Loss: 68.0422 +/- 2.4882
INFO:root:Epoch no. 175 of 500 (samples: 127298)
INFO:root:Loss: 67.8432 +/- 1.6863
INFO:root:Epoch no. 176 of 500 (samples: 127298)
INFO:root:Loss: 67.6566 +/- 1.4911
INFO:root:Epoch no. 177 of 500 (samples: 127298)
INFO:root:Loss: 67.2299 +/- 1.8575
INFO:root:Epoch no. 178 of 500 (samples: 127298)
INFO:root:Loss: 67.3023 +/- 1.772
INFO:root:Epoch no. 179 of 500 (samples: 127298)
INFO:root:Loss: 66.727 +/- 1.9456
INFO:root:Epoch no. 180 of 500 (samples: 127298)
INFO:root:Loss: 66.5022 +/- 1.5921
INFO:root:Epoch no. 181 of 500 (samples: 127298)
INFO:root:Loss: 66.6331 +/- 0.8292
INFO:root:Epoch no. 182 of 500 (samples: 127298)
INFO:root:Loss: 66.5552 +/- 1.8091
INFO:root:Epoch no. 183 of 500 (samples: 127298)
INFO:root:Loss: 66.004 +/- 2.1689
INFO:root:Epoch no. 184 of 500 (samples: 127298)
INFO:root:Loss: 65.9079 +/- 1.3143
INFO:root:Epoch no. 185 of 500 (samples: 127298)
INFO:root:Loss: 66.0306 +/- 1.5028
INFO:root:Epoch no. 186 of 500 (samples: 127298)
INFO:root:Loss: 65.2679 +/- 1.4845
INFO:root:Epoch no. 187 of 500 (samples: 127298)
INFO:root:Loss: 65.4494 +/- 1.7396
INFO:root:Epoch no. 188 of 500 (samples: 127298)
INFO:root:Loss: 64.9953 +/- 1.7716
INFO:root:Epoch no. 189 of 500 (samples: 127298)
INFO:root:Loss: 65.1728 +/- 1.9676
INFO:root:Epoch no. 190 of 500 (samples: 127298)
INFO:root:Loss: 64.8245 +/- 1.5797
INFO:root:Epoch no. 191 of 500 (samples: 127298)
INFO:root:Loss: 64.2919 +/- 1.9749
INFO:root:Epoch no. 192 of 500 (samples: 127298)
INFO:root:Loss: 64.1771 +/- 2.0035
INFO:root:Epoch no. 193 of 500 (samples: 127298)
INFO:root:Loss: 64.1497 +/- 1.8849
INFO:root:Epoch no. 194 of 500 (samples: 127298)
INFO:root:Loss: 64.1972 +/- 1.2385
INFO:root:Epoch no. 195 of 500 (samples: 127298)
INFO:root:Loss: 64.031 +/- 2.2201
INFO:root:Epoch no. 196 of 500 (samples: 127298)
INFO:root:Loss: 63.5567 +/- 1.292
INFO:root:Epoch no. 197 of 500 (samples: 127298)
INFO:root:Loss: 63.6043 +/- 1.9852
INFO:root:Epoch no. 198 of 500 (samples: 127298)
INFO:root:Loss: 63.2618 +/- 1.8102
INFO:root:Epoch no. 199 of 500 (samples: 127298)
INFO:root:Loss: 63.0149 +/- 1.4706
INFO:root:Epoch no. 200 of 500 (samples: 127298)
INFO:root:Loss: 62.7707 +/- 1.5184
INFO:root:Epoch no. 201 of 500 (samples: 127298)
INFO:root:Loss: 62.8246 +/- 1.7468
INFO:root:Epoch no. 202 of 500 (samples: 127298)
INFO:root:Loss: 62.5401 +/- 1.9231
INFO:root:Epoch no. 203 of 500 (samples: 127298)
INFO:root:Loss: 62.5008 +/- 1.6986
INFO:root:Epoch no. 204 of 500 (samples: 127298)
INFO:root:Loss: 62.224 +/- 1.8005
INFO:root:Epoch no. 205 of 500 (samples: 127298)
INFO:root:Loss: 62.1563 +/- 1.9016
INFO:root:Epoch no. 206 of 500 (samples: 127298)
INFO:root:Loss: 61.7939 +/- 1.4537
INFO:root:Epoch no. 207 of 500 (samples: 127298)
INFO:root:Loss: 61.9717 +/- 1.7626
INFO:root:Epoch no. 208 of 500 (samples: 127298)
INFO:root:Loss: 61.6107 +/- 1.9227
INFO:root:Epoch no. 209 of 500 (samples: 127298)
INFO:root:Loss: 61.584 +/- 1.3634
INFO:root:Epoch no. 210 of 500 (samples: 127298)
INFO:root:Loss: 61.3857 +/- 1.5601
INFO:root:Epoch no. 211 of 500 (samples: 127298)
INFO:root:Loss: 61.2262 +/- 1.231
INFO:root:Epoch no. 212 of 500 (samples: 127298)
INFO:root:Loss: 61.2021 +/- 2.0265
INFO:root:Epoch no. 213 of 500 (samples: 127298)
INFO:root:Loss: 60.9291 +/- 2.1393
INFO:root:Epoch no. 214 of 500 (samples: 127298)
INFO:root:Loss: 60.4975 +/- 1.5776
INFO:root:Epoch no. 215 of 500 (samples: 127298)
INFO:root:Loss: 60.8284 +/- 2.1349
INFO:root:Epoch no. 216 of 500 (samples: 127298)
INFO:root:Loss: 60.7887 +/- 1.4473
INFO:root:Epoch no. 217 of 500 (samples: 127298)
INFO:root:Loss: 60.5501 +/- 1.7493
INFO:root:Epoch no. 218 of 500 (samples: 127298)
INFO:root:Loss: 60.275 +/- 1.6595
INFO:root:Epoch no. 219 of 500 (samples: 127298)
INFO:root:Loss: 60.356 +/- 2.1352
INFO:root:Epoch no. 220 of 500 (samples: 127298)
INFO:root:Loss: 60.1328 +/- 1.774
INFO:root:Epoch no. 221 of 500 (samples: 127298)
INFO:root:Loss: 59.9572 +/- 1.6383
INFO:root:Epoch no. 222 of 500 (samples: 127298)
INFO:root:Loss: 59.9025 +/- 1.2438
INFO:root:Epoch no. 223 of 500 (samples: 127298)
INFO:root:Loss: 60.1226 +/- 1.9769
INFO:root:Epoch no. 224 of 500 (samples: 127298)
INFO:root:Loss: 59.7435 +/- 1.5407
INFO:root:Epoch no. 225 of 500 (samples: 127298)
INFO:root:Loss: 59.4848 +/- 1.7212
INFO:root:Epoch no. 226 of 500 (samples: 127298)
INFO:root:Loss: 59.5544 +/- 1.3953
INFO:root:Epoch no. 227 of 500 (samples: 127298)
INFO:root:Loss: 59.4596 +/- 1.6707
INFO:root:Epoch no. 228 of 500 (samples: 127298)
INFO:root:Loss: 59.1702 +/- 1.4568
INFO:root:Epoch no. 229 of 500 (samples: 127298)
INFO:root:Loss: 59.2299 +/- 1.7645
INFO:root:Epoch no. 230 of 500 (samples: 127298)
INFO:root:Loss: 59.1644 +/- 1.6753
INFO:root:Epoch no. 231 of 500 (samples: 127298)
INFO:root:Loss: 59.0243 +/- 1.6412
INFO:root:Epoch no. 232 of 500 (samples: 127298)
INFO:root:Loss: 59.0634 +/- 1.6164
INFO:root:Epoch no. 233 of 500 (samples: 127298)
INFO:root:Loss: 58.8978 +/- 1.7503
INFO:root:Epoch no. 234 of 500 (samples: 127298)
INFO:root:Loss: 59.0622 +/- 1.5
INFO:root:Epoch no. 235 of 500 (samples: 127298)
INFO:root:Loss: 58.7749 +/- 1.8013
INFO:root:Epoch no. 236 of 500 (samples: 127298)
INFO:root:Loss: 58.7225 +/- 1.6062
INFO:root:Epoch no. 237 of 500 (samples: 127298)
INFO:root:Loss: 58.7587 +/- 1.9817
INFO:root:Epoch no. 238 of 500 (samples: 127298)
INFO:root:Loss: 58.7534 +/- 1.3817
INFO:root:Epoch no. 239 of 500 (samples: 127298)
INFO:root:Loss: 58.7138 +/- 1.5901
INFO:root:Epoch no. 240 of 500 (samples: 127298)
INFO:root:Loss: 58.7768 +/- 2.0223
INFO:root:Epoch no. 241 of 500 (samples: 127298)
INFO:root:Loss: 58.3862 +/- 1.5339
INFO:root:Epoch no. 242 of 500 (samples: 127298)
INFO:root:Loss: 58.5309 +/- 1.7281
INFO:root:Epoch no. 243 of 500 (samples: 127298)
INFO:root:Loss: 58.4893 +/- 1.9024
INFO:root:Epoch no. 244 of 500 (samples: 127298)
INFO:root:Loss: 58.2983 +/- 1.9263
INFO:root:Epoch no. 245 of 500 (samples: 127298)
INFO:root:Loss: 58.2611 +/- 1.032
INFO:root:Epoch no. 246 of 500 (samples: 127298)
INFO:root:Loss: 58.3728 +/- 1.1585
INFO:root:Epoch no. 247 of 500 (samples: 127298)
INFO:root:Loss: 58.2313 +/- 0.8612
INFO:root:Epoch no. 248 of 500 (samples: 127298)
INFO:root:Loss: 57.9758 +/- 1.4491
INFO:root:Epoch no. 249 of 500 (samples: 127298)
INFO:root:Loss: 57.94 +/- 1.3354
INFO:root:Epoch no. 250 of 500 (samples: 127298)
INFO:root:Loss: 58.1119 +/- 1.629
INFO:root:Epoch no. 251 of 500 (samples: 127298)
INFO:root:Loss: 57.7773 +/- 1.6283
INFO:root:Epoch no. 252 of 500 (samples: 127298)
INFO:root:Loss: 57.9121 +/- 1.426
INFO:root:Epoch no. 253 of 500 (samples: 127298)
INFO:root:Loss: 57.7439 +/- 1.5521
INFO:root:Epoch no. 254 of 500 (samples: 127298)
INFO:root:Loss: 57.8485 +/- 1.3548
INFO:root:Epoch no. 255 of 500 (samples: 127298)
INFO:root:Loss: 57.697 +/- 2.0248
INFO:root:Epoch no. 256 of 500 (samples: 127298)
INFO:root:Loss: 57.7059 +/- 1.9012
INFO:root:Epoch no. 257 of 500 (samples: 127298)
INFO:root:Loss: 57.5716 +/- 1.9214
INFO:root:Epoch no. 258 of 500 (samples: 127298)
INFO:root:Loss: 57.6897 +/- 1.9951
INFO:root:Epoch no. 259 of 500 (samples: 127298)
INFO:root:Loss: 57.2477 +/- 2.2962
INFO:root:Epoch no. 260 of 500 (samples: 127298)
INFO:root:Loss: 57.5323 +/- 1.7086
INFO:root:Epoch no. 261 of 500 (samples: 127298)
INFO:root:Loss: 57.0409 +/- 1.2047
INFO:root:Epoch no. 262 of 500 (samples: 127298)
INFO:root:Loss: 56.9276 +/- 1.7141
INFO:root:Epoch no. 263 of 500 (samples: 127298)
INFO:root:Loss: 57.3342 +/- 1.8124
INFO:root:Epoch no. 264 of 500 (samples: 127298)
INFO:root:Loss: 57.3014 +/- 1.7585
INFO:root:Epoch no. 265 of 500 (samples: 127298)
INFO:root:Loss: 57.0064 +/- 1.4821
INFO:root:Epoch no. 266 of 500 (samples: 127298)
INFO:root:Loss: 56.8639 +/- 1.4332
INFO:root:Epoch no. 267 of 500 (samples: 127298)
INFO:root:Loss: 56.9161 +/- 1.5016
INFO:root:Epoch no. 268 of 500 (samples: 127298)
INFO:root:Loss: 56.8116 +/- 1.5375
INFO:root:Epoch no. 269 of 500 (samples: 127298)
INFO:root:Loss: 56.8588 +/- 1.5312
INFO:root:Epoch no. 270 of 500 (samples: 127298)
INFO:root:Loss: 56.7749 +/- 1.4825
INFO:root:Epoch no. 271 of 500 (samples: 127298)
INFO:root:Loss: 56.6683 +/- 1.2017
INFO:root:Epoch no. 272 of 500 (samples: 127298)
INFO:root:Loss: 56.3987 +/- 1.8007
INFO:root:Epoch no. 273 of 500 (samples: 127298)
INFO:root:Loss: 56.7345 +/- 1.6635
INFO:root:Epoch no. 274 of 500 (samples: 127298)
INFO:root:Loss: 56.3637 +/- 1.4816
INFO:root:Epoch no. 275 of 500 (samples: 127298)
INFO:root:Loss: 56.6226 +/- 1.6702
INFO:root:Epoch no. 276 of 500 (samples: 127298)
INFO:root:Loss: 56.2989 +/- 1.3809
INFO:root:Epoch no. 277 of 500 (samples: 127298)
INFO:root:Loss: 56.3303 +/- 1.3128
INFO:root:Epoch no. 278 of 500 (samples: 127298)
INFO:root:Loss: 56.5301 +/- 2.0157
INFO:root:Epoch no. 279 of 500 (samples: 127298)
INFO:root:Loss: 56.2648 +/- 1.3983
INFO:root:Epoch no. 280 of 500 (samples: 127298)
INFO:root:Loss: 56.1062 +/- 1.4309
INFO:root:Epoch no. 281 of 500 (samples: 127298)
INFO:root:Loss: 56.2563 +/- 1.4115
INFO:root:Epoch no. 282 of 500 (samples: 127298)
INFO:root:Loss: 56.0291 +/- 1.769
INFO:root:Epoch no. 283 of 500 (samples: 127298)
INFO:root:Loss: 56.1937 +/- 1.6891
INFO:root:Epoch no. 284 of 500 (samples: 127298)
INFO:root:Loss: 56.126 +/- 0.91
INFO:root:Epoch no. 285 of 500 (samples: 127298)
INFO:root:Loss: 56.0265 +/- 1.789
INFO:root:Epoch no. 286 of 500 (samples: 127298)
INFO:root:Loss: 56.017 +/- 1.406
INFO:root:Epoch no. 287 of 500 (samples: 127298)
INFO:root:Loss: 55.8483 +/- 1.467
INFO:root:Epoch no. 288 of 500 (samples: 127298)
INFO:root:Loss: 56.1123 +/- 1.6243
INFO:root:Epoch no. 289 of 500 (samples: 127298)
INFO:root:Loss: 55.9672 +/- 1.5127
INFO:root:Epoch no. 290 of 500 (samples: 127298)
INFO:root:Loss: 56.0883 +/- 2.0431
INFO:root:Epoch no. 291 of 500 (samples: 127298)
INFO:root:Loss: 55.7254 +/- 1.2858
INFO:root:Epoch no. 292 of 500 (samples: 127298)
INFO:root:Loss: 55.6473 +/- 1.5307
INFO:root:Epoch no. 293 of 500 (samples: 127298)
INFO:root:Loss: 55.7205 +/- 1.3017
INFO:root:Epoch no. 294 of 500 (samples: 127298)
INFO:root:Loss: 55.9003 +/- 1.044
INFO:root:Epoch no. 295 of 500 (samples: 127298)
INFO:root:Loss: 55.6577 +/- 1.1903
INFO:root:Epoch no. 296 of 500 (samples: 127298)
INFO:root:Loss: 55.7181 +/- 1.937
INFO:root:Epoch no. 297 of 500 (samples: 127298)
INFO:root:Loss: 55.8655 +/- 1.6048
INFO:root:Epoch no. 298 of 500 (samples: 127298)
INFO:root:Loss: 55.6163 +/- 0.8501
INFO:root:Epoch no. 299 of 500 (samples: 127298)
INFO:root:Loss: 55.7916 +/- 0.9161
INFO:root:Epoch no. 300 of 500 (samples: 127298)
INFO:root:Loss: 55.7038 +/- 1.6505
INFO:root:Epoch no. 301 of 500 (samples: 127298)
INFO:root:Loss: 55.6104 +/- 1.7861
INFO:root:Epoch no. 302 of 500 (samples: 127298)
INFO:root:Loss: 55.5317 +/- 1.3235
INFO:root:Epoch no. 303 of 500 (samples: 127298)
INFO:root:Loss: 55.6924 +/- 1.5717
INFO:root:Epoch no. 304 of 500 (samples: 127298)
INFO:root:Loss: 55.625 +/- 1.2449
INFO:root:Epoch no. 305 of 500 (samples: 127298)
INFO:root:Loss: 55.6581 +/- 1.4787
INFO:root:Epoch no. 306 of 500 (samples: 127298)
INFO:root:Loss: 55.6619 +/- 1.4446
INFO:root:Epoch no. 307 of 500 (samples: 127298)
INFO:root:Loss: 55.5369 +/- 0.9505
INFO:root:Epoch no. 308 of 500 (samples: 127298)
INFO:root:Loss: 55.4248 +/- 1.6011
INFO:root:Epoch no. 309 of 500 (samples: 127298)
INFO:root:Loss: 55.2841 +/- 1.1785
INFO:root:Epoch no. 310 of 500 (samples: 127298)
INFO:root:Loss: 55.4556 +/- 1.4109
INFO:root:Epoch no. 311 of 500 (samples: 127298)
INFO:root:Loss: 55.302 +/- 1.4164
INFO:root:Epoch no. 312 of 500 (samples: 127298)
INFO:root:Loss: 55.359 +/- 1.1145
INFO:root:Epoch no. 313 of 500 (samples: 127298)
INFO:root:Loss: 55.2806 +/- 1.768
INFO:root:Epoch no. 314 of 500 (samples: 127298)
INFO:root:Loss: 55.3972 +/- 0.9672
INFO:root:Epoch no. 315 of 500 (samples: 127298)
INFO:root:Loss: 55.5492 +/- 1.5188
INFO:root:Epoch no. 316 of 500 (samples: 127298)
INFO:root:Loss: 55.322 +/- 1.4302
INFO:root:Epoch no. 317 of 500 (samples: 127298)
INFO:root:Loss: 55.1465 +/- 1.5833
INFO:root:Epoch no. 318 of 500 (samples: 127298)
INFO:root:Loss: 55.051 +/- 1.242
INFO:root:Epoch no. 319 of 500 (samples: 127298)
INFO:root:Loss: 55.3195 +/- 1.8074
INFO:root:Epoch no. 320 of 500 (samples: 127298)
INFO:root:Loss: 55.0355 +/- 1.7119
INFO:root:Epoch no. 321 of 500 (samples: 127298)
INFO:root:Loss: 54.9439 +/- 1.4799
INFO:root:Epoch no. 322 of 500 (samples: 127298)
INFO:root:Loss: 54.9761 +/- 1.2741
INFO:root:Epoch no. 323 of 500 (samples: 127298)
INFO:root:Loss: 55.1431 +/- 2.2158
INFO:root:Epoch no. 324 of 500 (samples: 127298)
INFO:root:Loss: 54.8159 +/- 1.2445
INFO:root:Epoch no. 325 of 500 (samples: 127298)
INFO:root:Loss: 54.7391 +/- 1.5077
INFO:root:Epoch no. 326 of 500 (samples: 127298)
INFO:root:Loss: 55.0344 +/- 2.1186
INFO:root:Epoch no. 327 of 500 (samples: 127298)
INFO:root:Loss: 54.8225 +/- 1.67
INFO:root:Epoch no. 328 of 500 (samples: 127298)
INFO:root:Loss: 54.6976 +/- 1.1717
INFO:root:Epoch no. 329 of 500 (samples: 127298)
INFO:root:Loss: 54.9846 +/- 1.3644
INFO:root:Epoch no. 330 of 500 (samples: 127298)
INFO:root:Loss: 54.6475 +/- 1.2173
INFO:root:Epoch no. 331 of 500 (samples: 127298)
INFO:root:Loss: 54.7257 +/- 1.3052
INFO:root:Epoch no. 332 of 500 (samples: 127298)
INFO:root:Loss: 54.6548 +/- 0.865
INFO:root:Epoch no. 333 of 500 (samples: 127298)
INFO:root:Loss: 54.8317 +/- 1.4773
INFO:root:Epoch no. 334 of 500 (samples: 127298)
INFO:root:Loss: 54.7192 +/- 1.451
INFO:root:Epoch no. 335 of 500 (samples: 127298)
INFO:root:Loss: 54.4951 +/- 1.8018
INFO:root:Epoch no. 336 of 500 (samples: 127298)
INFO:root:Loss: 54.4743 +/- 1.7261
INFO:root:Epoch no. 337 of 500 (samples: 127298)
INFO:root:Loss: 54.6311 +/- 1.6783
INFO:root:Epoch no. 338 of 500 (samples: 127298)
INFO:root:Loss: 54.4347 +/- 1.6523
INFO:root:Epoch no. 339 of 500 (samples: 127298)
INFO:root:Loss: 54.6791 +/- 1.5704
INFO:root:Epoch no. 340 of 500 (samples: 127298)
INFO:root:Loss: 54.3491 +/- 1.1974
INFO:root:Epoch no. 341 of 500 (samples: 127298)
INFO:root:Loss: 54.2672 +/- 1.583
INFO:root:Epoch no. 342 of 500 (samples: 127298)
INFO:root:Loss: 54.3234 +/- 1.4875
INFO:root:Epoch no. 343 of 500 (samples: 127298)
INFO:root:Loss: 54.203 +/- 1.3908
INFO:root:Epoch no. 344 of 500 (samples: 127298)
INFO:root:Loss: 54.2151 +/- 1.0442
INFO:root:Epoch no. 345 of 500 (samples: 127298)
INFO:root:Loss: 53.7379 +/- 0.929
INFO:root:Epoch no. 346 of 500 (samples: 127298)
INFO:root:Loss: 54.1624 +/- 1.4106
INFO:root:Epoch no. 347 of 500 (samples: 127298)
INFO:root:Loss: 53.6949 +/- 1.8573
INFO:root:Epoch no. 348 of 500 (samples: 127298)
INFO:root:Loss: 53.7269 +/- 1.1926
INFO:root:Epoch no. 349 of 500 (samples: 127298)
INFO:root:Loss: 53.8237 +/- 1.4752
INFO:root:Epoch no. 350 of 500 (samples: 127298)
INFO:root:Loss: 53.9112 +/- 0.8025
INFO:root:Epoch no. 351 of 500 (samples: 127298)
INFO:root:Loss: 53.5749 +/- 1.1872
INFO:root:Epoch no. 352 of 500 (samples: 127298)
INFO:root:Loss: 53.7473 +/- 1.8584
INFO:root:Epoch no. 353 of 500 (samples: 127298)
INFO:root:Loss: 53.291 +/- 0.7666
INFO:root:Epoch no. 354 of 500 (samples: 127298)
INFO:root:Loss: 53.6034 +/- 1.6969
INFO:root:Epoch no. 355 of 500 (samples: 127298)
INFO:root:Loss: 53.2879 +/- 1.8414
INFO:root:Epoch no. 356 of 500 (samples: 127298)
INFO:root:Loss: 53.4284 +/- 1.4938
INFO:root:Epoch no. 357 of 500 (samples: 127298)
INFO:root:Loss: 53.0735 +/- 1.6016
INFO:root:Epoch no. 358 of 500 (samples: 127298)
INFO:root:Loss: 53.1296 +/- 1.6186
INFO:root:Epoch no. 359 of 500 (samples: 127298)
INFO:root:Loss: 53.0559 +/- 0.9472
INFO:root:Epoch no. 360 of 500 (samples: 127298)
INFO:root:Loss: 52.884 +/- 0.9286
INFO:root:Epoch no. 361 of 500 (samples: 127298)
INFO:root:Loss: 53.119 +/- 1.4662
INFO:root:Epoch no. 362 of 500 (samples: 127298)
INFO:root:Loss: 53.0742 +/- 1.5159
INFO:root:Epoch no. 363 of 500 (samples: 127298)
INFO:root:Loss: 52.903 +/- 1.2937
INFO:root:Epoch no. 364 of 500 (samples: 127298)
INFO:root:Loss: 52.8886 +/- 1.3325
INFO:root:Epoch no. 365 of 500 (samples: 127298)
INFO:root:Loss: 52.6649 +/- 1.3721
INFO:root:Epoch no. 366 of 500 (samples: 127298)
INFO:root:Loss: 52.6707 +/- 1.4193
INFO:root:Epoch no. 367 of 500 (samples: 127298)
INFO:root:Loss: 52.8299 +/- 1.2562
INFO:root:Epoch no. 368 of 500 (samples: 127298)
INFO:root:Loss: 52.6866 +/- 1.4928
INFO:root:Epoch no. 369 of 500 (samples: 127298)
INFO:root:Loss: 52.6695 +/- 1.0441
INFO:root:Epoch no. 370 of 500 (samples: 127298)
INFO:root:Loss: 52.6218 +/- 0.9874
INFO:root:Epoch no. 371 of 500 (samples: 127298)
INFO:root:Loss: 52.9396 +/- 1.5117
INFO:root:Epoch no. 372 of 500 (samples: 127298)
INFO:root:Loss: 52.7493 +/- 1.6678
INFO:root:Epoch no. 373 of 500 (samples: 127298)
INFO:root:Loss: 52.7978 +/- 1.628
INFO:root:Epoch no. 374 of 500 (samples: 127298)
INFO:root:Loss: 52.7298 +/- 1.5623
INFO:root:Epoch no. 375 of 500 (samples: 127298)
INFO:root:Loss: 52.5864 +/- 1.4368
INFO:root:Epoch no. 376 of 500 (samples: 127298)
INFO:root:Loss: 52.3335 +/- 1.097
INFO:root:Epoch no. 377 of 500 (samples: 127298)
INFO:root:Loss: 52.558 +/- 1.5428
INFO:root:Epoch no. 378 of 500 (samples: 127298)
INFO:root:Loss: 52.4344 +/- 1.0382
INFO:root:Epoch no. 379 of 500 (samples: 127298)
INFO:root:Loss: 52.416 +/- 1.1136
INFO:root:Epoch no. 380 of 500 (samples: 127298)
INFO:root:Loss: 52.2637 +/- 1.1217
INFO:root:Epoch no. 381 of 500 (samples: 127298)
INFO:root:Loss: 52.3075 +/- 1.5009
INFO:root:Epoch no. 382 of 500 (samples: 127298)
INFO:root:Loss: 52.5405 +/- 0.9573
INFO:root:Epoch no. 383 of 500 (samples: 127298)
INFO:root:Loss: 52.2462 +/- 1.144
INFO:root:Epoch no. 384 of 500 (samples: 127298)
INFO:root:Loss: 52.3942 +/- 1.0267
INFO:root:Epoch no. 385 of 500 (samples: 127298)
INFO:root:Loss: 52.4122 +/- 1.2415
INFO:root:Epoch no. 386 of 500 (samples: 127298)
INFO:root:Loss: 52.1383 +/- 1.2985
INFO:root:Epoch no. 387 of 500 (samples: 127298)
INFO:root:Loss: 52.0896 +/- 1.6304
INFO:root:Epoch no. 388 of 500 (samples: 127298)
INFO:root:Loss: 52.2766 +/- 1.2618
INFO:root:Epoch no. 389 of 500 (samples: 127298)
INFO:root:Loss: 52.2149 +/- 0.734
INFO:root:Epoch no. 390 of 500 (samples: 127298)
INFO:root:Loss: 52.086 +/- 1.2536
INFO:root:Epoch no. 391 of 500 (samples: 127298)
INFO:root:Loss: 52.233 +/- 1.3871
INFO:root:Epoch no. 392 of 500 (samples: 127298)
INFO:root:Loss: 51.7983 +/- 1.2499
INFO:root:Epoch no. 393 of 500 (samples: 127298)
INFO:root:Loss: 52.1838 +/- 1.6588
INFO:root:Epoch no. 394 of 500 (samples: 127298)
INFO:root:Loss: 52.1379 +/- 1.4526
INFO:root:Epoch no. 395 of 500 (samples: 127298)
INFO:root:Loss: 52.311 +/- 0.7519
INFO:root:Epoch no. 396 of 500 (samples: 127298)
INFO:root:Loss: 51.9044 +/- 1.8823
INFO:root:Epoch no. 397 of 500 (samples: 127298)
INFO:root:Loss: 52.1434 +/- 1.6433
INFO:root:Epoch no. 398 of 500 (samples: 127298)
INFO:root:Loss: 52.0558 +/- 1.3754
INFO:root:Epoch no. 399 of 500 (samples: 127298)
INFO:root:Loss: 52.155 +/- 1.2965
INFO:root:Epoch no. 400 of 500 (samples: 127298)
INFO:root:Loss: 52.2132 +/- 1.0122
INFO:root:Epoch no. 401 of 500 (samples: 127298)
INFO:root:Loss: 51.9072 +/- 1.8875
INFO:root:Epoch no. 402 of 500 (samples: 127298)
INFO:root:Loss: 52.0968 +/- 2.558
INFO:root:Epoch no. 403 of 500 (samples: 127298)
INFO:root:Loss: 51.9055 +/- 0.91
INFO:root:Epoch no. 404 of 500 (samples: 127298)
INFO:root:Loss: 51.9475 +/- 1.0837
INFO:root:Epoch no. 405 of 500 (samples: 127298)
INFO:root:Loss: 51.861 +/- 1.5972
INFO:root:Epoch no. 406 of 500 (samples: 127298)
INFO:root:Loss: 51.8365 +/- 1.7887
INFO:root:Epoch no. 407 of 500 (samples: 127298)
INFO:root:Loss: 51.7912 +/- 1.1486
INFO:root:Epoch no. 408 of 500 (samples: 127298)
INFO:root:Loss: 51.749 +/- 1.2485
INFO:root:Epoch no. 409 of 500 (samples: 127298)
INFO:root:Loss: 51.6396 +/- 1.8899
INFO:root:Epoch no. 410 of 500 (samples: 127298)
INFO:root:Loss: 51.8193 +/- 1.419
INFO:root:Epoch no. 411 of 500 (samples: 127298)
INFO:root:Loss: 51.7785 +/- 1.1965
INFO:root:Epoch no. 412 of 500 (samples: 127298)
INFO:root:Loss: 51.6946 +/- 1.2134
INFO:root:Epoch no. 413 of 500 (samples: 127298)
INFO:root:Loss: 51.6922 +/- 1.4179
INFO:root:Epoch no. 414 of 500 (samples: 127298)
INFO:root:Loss: 51.6323 +/- 1.3632
INFO:root:Epoch no. 415 of 500 (samples: 127298)
INFO:root:Loss: 51.5446 +/- 1.1618
INFO:root:Epoch no. 416 of 500 (samples: 127298)
INFO:root:Loss: 51.5426 +/- 1.345
INFO:root:Epoch no. 417 of 500 (samples: 127298)
INFO:root:Loss: 51.5498 +/- 1.0389
INFO:root:Epoch no. 418 of 500 (samples: 127298)
INFO:root:Loss: 51.7924 +/- 1.6401
INFO:root:Epoch no. 419 of 500 (samples: 127298)
INFO:root:Loss: 51.4723 +/- 0.9988
INFO:root:Epoch no. 420 of 500 (samples: 127298)
INFO:root:Loss: 51.0588 +/- 1.1355
INFO:root:Epoch no. 421 of 500 (samples: 127298)
INFO:root:Loss: 51.3233 +/- 1.2956
INFO:root:Epoch no. 422 of 500 (samples: 127298)
INFO:root:Loss: 51.4678 +/- 1.501
INFO:root:Epoch no. 423 of 500 (samples: 127298)
INFO:root:Loss: 51.2757 +/- 1.5656
INFO:root:Epoch no. 424 of 500 (samples: 127298)
INFO:root:Loss: 51.5177 +/- 1.02
INFO:root:Epoch no. 425 of 500 (samples: 127298)
INFO:root:Loss: 51.4167 +/- 0.7634
INFO:root:Epoch no. 426 of 500 (samples: 127298)
INFO:root:Loss: 51.1399 +/- 1.6278
INFO:root:Epoch no. 427 of 500 (samples: 127298)
INFO:root:Loss: 51.0524 +/- 1.215
INFO:root:Epoch no. 428 of 500 (samples: 127298)
INFO:root:Loss: 50.9128 +/- 1.3079
INFO:root:Epoch no. 429 of 500 (samples: 127298)
INFO:root:Loss: 51.0628 +/- 1.4195
INFO:root:Epoch no. 430 of 500 (samples: 127298)
INFO:root:Loss: 51.079 +/- 1.4722
INFO:root:Epoch no. 431 of 500 (samples: 127298)
INFO:root:Loss: 50.9006 +/- 1.1796
INFO:root:Epoch no. 432 of 500 (samples: 127298)
INFO:root:Loss: 51.1299 +/- 1.0893
INFO:root:Epoch no. 433 of 500 (samples: 127298)
INFO:root:Loss: 50.9048 +/- 1.3148
INFO:root:Epoch no. 434 of 500 (samples: 127298)
INFO:root:Loss: 50.5815 +/- 1.7935
INFO:root:Epoch no. 435 of 500 (samples: 127298)
INFO:root:Loss: 50.7586 +/- 0.9343
INFO:root:Epoch no. 436 of 500 (samples: 127298)
INFO:root:Loss: 51.1125 +/- 1.3866
INFO:root:Epoch no. 437 of 500 (samples: 127298)
INFO:root:Loss: 50.8189 +/- 1.6796
INFO:root:Epoch no. 438 of 500 (samples: 127298)
INFO:root:Loss: 50.8692 +/- 1.7092
INFO:root:Epoch no. 439 of 500 (samples: 127298)
INFO:root:Loss: 50.6147 +/- 1.4278
INFO:root:Epoch no. 440 of 500 (samples: 127298)
INFO:root:Loss: 50.7603 +/- 1.1248
INFO:root:Epoch no. 441 of 500 (samples: 127298)
INFO:root:Loss: 50.7486 +/- 1.3854
INFO:root:Epoch no. 442 of 500 (samples: 127298)
INFO:root:Loss: 50.524 +/- 1.7072
INFO:root:Epoch no. 443 of 500 (samples: 127298)
INFO:root:Loss: 50.8325 +/- 0.8946
INFO:root:Epoch no. 444 of 500 (samples: 127298)
INFO:root:Loss: 50.689 +/- 1.4171
INFO:root:Epoch no. 445 of 500 (samples: 127298)
INFO:root:Loss: 50.6329 +/- 1.3399
INFO:root:Epoch no. 446 of 500 (samples: 127298)
INFO:root:Loss: 50.6788 +/- 1.4378
INFO:root:Epoch no. 447 of 500 (samples: 127298)
INFO:root:Loss: 50.221 +/- 0.9996
INFO:root:Epoch no. 448 of 500 (samples: 127298)
INFO:root:Loss: 50.5253 +/- 1.1167
INFO:root:Epoch no. 449 of 500 (samples: 127298)
INFO:root:Loss: 50.3164 +/- 1.4993
INFO:root:Epoch no. 450 of 500 (samples: 127298)
INFO:root:Loss: 50.2553 +/- 1.8446
INFO:root:Epoch no. 451 of 500 (samples: 127298)
INFO:root:Loss: 50.2592 +/- 1.2994
INFO:root:Epoch no. 452 of 500 (samples: 127298)
INFO:root:Loss: 50.2938 +/- 1.6461
INFO:root:Epoch no. 453 of 500 (samples: 127298)
INFO:root:Loss: 50.5909 +/- 1.1346
INFO:root:Epoch no. 454 of 500 (samples: 127298)
INFO:root:Loss: 50.5245 +/- 1.1124
INFO:root:Epoch no. 455 of 500 (samples: 127298)
INFO:root:Loss: 50.3038 +/- 1.5593
INFO:root:Epoch no. 456 of 500 (samples: 127298)
INFO:root:Loss: 50.2918 +/- 1.1666
INFO:root:Epoch no. 457 of 500 (samples: 127298)
INFO:root:Loss: 50.1873 +/- 1.1416
INFO:root:Epoch no. 458 of 500 (samples: 127298)
INFO:root:Loss: 50.3282 +/- 1.1061
INFO:root:Epoch no. 459 of 500 (samples: 127298)
INFO:root:Loss: 50.1454 +/- 1.2804
INFO:root:Epoch no. 460 of 500 (samples: 127298)
INFO:root:Loss: 50.1553 +/- 1.1574
INFO:root:Epoch no. 461 of 500 (samples: 127298)
INFO:root:Loss: 49.9871 +/- 1.5343
INFO:root:Epoch no. 462 of 500 (samples: 127298)
INFO:root:Loss: 50.0406 +/- 1.319
INFO:root:Epoch no. 463 of 500 (samples: 127298)
INFO:root:Loss: 49.9714 +/- 1.0118
INFO:root:Epoch no. 464 of 500 (samples: 127298)
INFO:root:Loss: 49.874 +/- 1.7111
INFO:root:Epoch no. 465 of 500 (samples: 127298)
INFO:root:Loss: 49.9596 +/- 1.1879
INFO:root:Epoch no. 466 of 500 (samples: 127298)
INFO:root:Loss: 49.754 +/- 1.1785
INFO:root:Epoch no. 467 of 500 (samples: 127298)
INFO:root:Loss: 49.8791 +/- 1.3164
INFO:root:Epoch no. 468 of 500 (samples: 127298)
INFO:root:Loss: 50.2638 +/- 1.7081
INFO:root:Epoch no. 469 of 500 (samples: 127298)
INFO:root:Loss: 49.8897 +/- 1.261
INFO:root:Epoch no. 470 of 500 (samples: 127298)
INFO:root:Loss: 49.9357 +/- 1.1382
INFO:root:Epoch no. 471 of 500 (samples: 127298)
INFO:root:Loss: 49.8186 +/- 1.1497
INFO:root:Epoch no. 472 of 500 (samples: 127298)
INFO:root:Loss: 49.921 +/- 1.4979
INFO:root:Epoch no. 473 of 500 (samples: 127298)
INFO:root:Loss: 49.6651 +/- 1.4167
INFO:root:Epoch no. 474 of 500 (samples: 127298)
INFO:root:Loss: 49.8826 +/- 1.2001
INFO:root:Epoch no. 475 of 500 (samples: 127298)
INFO:root:Loss: 49.7337 +/- 1.3306
INFO:root:Epoch no. 476 of 500 (samples: 127298)
INFO:root:Loss: 49.6956 +/- 1.8738
INFO:root:Epoch no. 477 of 500 (samples: 127298)
INFO:root:Loss: 49.9079 +/- 0.8713
INFO:root:Epoch no. 478 of 500 (samples: 127298)
INFO:root:Loss: 49.7268 +/- 1.2184
INFO:root:Epoch no. 479 of 500 (samples: 127298)
INFO:root:Loss: 49.8741 +/- 1.402
INFO:root:Epoch no. 480 of 500 (samples: 127298)
INFO:root:Loss: 49.768 +/- 1.1288
INFO:root:Epoch no. 481 of 500 (samples: 127298)
INFO:root:Loss: 49.7871 +/- 1.3266
INFO:root:Epoch no. 482 of 500 (samples: 127298)
INFO:root:Loss: 49.6892 +/- 1.3389
INFO:root:Epoch no. 483 of 500 (samples: 127298)
INFO:root:Loss: 49.8162 +/- 1.5981
INFO:root:Epoch no. 484 of 500 (samples: 127298)
INFO:root:Loss: 49.4808 +/- 1.2731
INFO:root:Epoch no. 485 of 500 (samples: 127298)
INFO:root:Loss: 49.7363 +/- 0.9752
INFO:root:Epoch no. 486 of 500 (samples: 127298)
INFO:root:Loss: 49.5944 +/- 0.8564
INFO:root:Epoch no. 487 of 500 (samples: 127298)
INFO:root:Loss: 49.5439 +/- 1.7985
INFO:root:Epoch no. 488 of 500 (samples: 127298)
INFO:root:Loss: 49.6446 +/- 1.1528
INFO:root:Epoch no. 489 of 500 (samples: 127298)
INFO:root:Loss: 49.4828 +/- 1.2824
INFO:root:Epoch no. 490 of 500 (samples: 127298)
INFO:root:Loss: 49.5848 +/- 1.457
INFO:root:Epoch no. 491 of 500 (samples: 127298)
INFO:root:Loss: 49.4075 +/- 1.5012
INFO:root:Epoch no. 492 of 500 (samples: 127298)
INFO:root:Loss: 49.5954 +/- 0.7842
INFO:root:Epoch no. 493 of 500 (samples: 127298)
INFO:root:Loss: 49.622 +/- 1.4315
INFO:root:Epoch no. 494 of 500 (samples: 127298)
INFO:root:Loss: 49.6814 +/- 1.4699
INFO:root:Epoch no. 495 of 500 (samples: 127298)
INFO:root:Loss: 49.6877 +/- 1.3654
INFO:root:Epoch no. 496 of 500 (samples: 127298)
INFO:root:Loss: 49.4967 +/- 1.3575
INFO:root:Epoch no. 497 of 500 (samples: 127298)
INFO:root:Loss: 49.1849 +/- 1.02
INFO:root:Epoch no. 498 of 500 (samples: 127298)
INFO:root:Loss: 49.4369 +/- 1.1245
INFO:root:Epoch no. 499 of 500 (samples: 127298)
INFO:root:Loss: 49.3547 +/- 1.2206
INFO:root:Epoch no. 500 of 500 (samples: 127298)
INFO:root:Loss: 49.3279 +/- 1.4199
/usr/local/lib/python3.5/dist-packages/keras/backend/theano_backend.py:517: UserWarning: theano.function was asked to create a function computing outputs given certain inputs, but the provided input variable at index 2 is not part of the computational graph needed to compute the outputs: keras_learning_phase.
To make this warning into an error, you can pass the parameter on_unused_input='raise' to theano.function. To disable it completely, use on_unused_input='ignore'.
  **kwargs)
INFO:root:### MICRO (validation raw):
INFO:root:	-- left   >> mean: 993.684, median: 9.0, mrr: 0.266, hits@1: 14.14%
INFO:root:	-- right  >> mean: 731.0066, median: 5.0, mrr: 0.367, hits@1: 25.14%
INFO:root:	-- global >> mean: 862.3453, median: 7.0, mrr: 0.317, hits@1: 19.64%
INFO:root:### MICRO (validation raw):
INFO:root:	-- left   >> mean: 993.684, median: 9.0, mrr: 0.266, hits@3: 32.06%
INFO:root:	-- right  >> mean: 731.0066, median: 5.0, mrr: 0.367, hits@3: 42.88%
INFO:root:	-- global >> mean: 862.3453, median: 7.0, mrr: 0.317, hits@3: 37.47%
INFO:root:### MICRO (validation raw):
INFO:root:	-- left   >> mean: 993.684, median: 9.0, mrr: 0.266, hits@5: 41.38%
INFO:root:	-- right  >> mean: 731.0066, median: 5.0, mrr: 0.367, hits@5: 50.54%
INFO:root:	-- global >> mean: 862.3453, median: 7.0, mrr: 0.317, hits@5: 45.96%
INFO:root:### MICRO (validation raw):
INFO:root:	-- left   >> mean: 993.684, median: 9.0, mrr: 0.266, hits@10: 52.02%
INFO:root:	-- right  >> mean: 731.0066, median: 5.0, mrr: 0.367, hits@10: 58.72%
INFO:root:	-- global >> mean: 862.3453, median: 7.0, mrr: 0.317, hits@10: 55.37%
INFO:root:### MICRO (validation filtered):
INFO:root:	-- left   >> mean: 981.699, median: 5.0, mrr: 0.375, hits@1: 26.0%
INFO:root:	-- right  >> mean: 717.0962, median: 3.0, mrr: 0.464, hits@1: 36.18%
INFO:root:	-- global >> mean: 849.3976, median: 4.0, mrr: 0.42, hits@1: 31.09%
INFO:root:### MICRO (validation filtered):
INFO:root:	-- left   >> mean: 981.699, median: 5.0, mrr: 0.375, hits@3: 43.12%
INFO:root:	-- right  >> mean: 717.0962, median: 3.0, mrr: 0.464, hits@3: 52.82%
INFO:root:	-- global >> mean: 849.3976, median: 4.0, mrr: 0.42, hits@3: 47.97%
INFO:root:### MICRO (validation filtered):
INFO:root:	-- left   >> mean: 981.699, median: 5.0, mrr: 0.375, hits@5: 50.54%
INFO:root:	-- right  >> mean: 717.0962, median: 3.0, mrr: 0.464, hits@5: 58.12%
INFO:root:	-- global >> mean: 849.3976, median: 4.0, mrr: 0.42, hits@5: 54.33%
INFO:root:### MICRO (validation filtered):
INFO:root:	-- left   >> mean: 981.699, median: 5.0, mrr: 0.375, hits@10: 59.72%
INFO:root:	-- right  >> mean: 717.0962, median: 3.0, mrr: 0.464, hits@10: 64.42%
INFO:root:	-- global >> mean: 849.3976, median: 4.0, mrr: 0.42, hits@10: 62.07%
INFO:root:### MICRO (test raw):
INFO:root:	-- left   >> mean: 929.2542, median: 9.0, mrr: 0.258, hits@1: 12.86%
INFO:root:	-- right  >> mean: 623.9354, median: 4.0, mrr: 0.392, hits@1: 27.42%
INFO:root:	-- global >> mean: 776.5948, median: 6.0, mrr: 0.325, hits@1: 20.14%
INFO:root:### MICRO (test raw):
INFO:root:	-- left   >> mean: 929.2542, median: 9.0, mrr: 0.258, hits@3: 31.32%
INFO:root:	-- right  >> mean: 623.9354, median: 4.0, mrr: 0.392, hits@3: 45.8%
INFO:root:	-- global >> mean: 776.5948, median: 6.0, mrr: 0.325, hits@3: 38.56%
INFO:root:### MICRO (test raw):
INFO:root:	-- left   >> mean: 929.2542, median: 9.0, mrr: 0.258, hits@5: 40.68%
INFO:root:	-- right  >> mean: 623.9354, median: 4.0, mrr: 0.392, hits@5: 53.64%
INFO:root:	-- global >> mean: 776.5948, median: 6.0, mrr: 0.325, hits@5: 47.16%
INFO:root:### MICRO (test raw):
INFO:root:	-- left   >> mean: 929.2542, median: 9.0, mrr: 0.258, hits@10: 52.66%
INFO:root:	-- right  >> mean: 623.9354, median: 4.0, mrr: 0.392, hits@10: 61.58%
INFO:root:	-- global >> mean: 776.5948, median: 6.0, mrr: 0.325, hits@10: 57.12%
INFO:root:### MICRO (test filtered):
INFO:root:	-- left   >> mean: 916.3548, median: 5.0, mrr: 0.381, hits@1: 26.18%
INFO:root:	-- right  >> mean: 611.002, median: 3.0, mrr: 0.489, hits@1: 39.04%
INFO:root:	-- global >> mean: 763.6784, median: 4.0, mrr: 0.435, hits@1: 32.61%
INFO:root:### MICRO (test filtered):
INFO:root:	-- left   >> mean: 916.3548, median: 5.0, mrr: 0.381, hits@3: 44.4%
INFO:root:	-- right  >> mean: 611.002, median: 3.0, mrr: 0.489, hits@3: 54.78%
INFO:root:	-- global >> mean: 763.6784, median: 4.0, mrr: 0.435, hits@3: 49.59%
INFO:root:### MICRO (test filtered):
INFO:root:	-- left   >> mean: 916.3548, median: 5.0, mrr: 0.381, hits@5: 51.84%
INFO:root:	-- right  >> mean: 611.002, median: 3.0, mrr: 0.489, hits@5: 60.68%
INFO:root:	-- global >> mean: 763.6784, median: 4.0, mrr: 0.435, hits@5: 56.26%
INFO:root:### MICRO (test filtered):
INFO:root:	-- left   >> mean: 916.3548, median: 5.0, mrr: 0.381, hits@10: 61.38%
INFO:root:	-- right  >> mean: 611.002, median: 3.0, mrr: 0.489, hits@10: 66.52%
INFO:root:	-- global >> mean: 763.6784, median: 4.0, mrr: 0.435, hits@10: 63.95%
