Using Theano backend.
INFO:root:Acquiring data/wn18/wordnet-mlj12-train.txt ..
INFO:root:Acquiring data/wn18/wordnet-mlj12-valid.txt ..
INFO:root:Acquiring data/wn18/wordnet-mlj12-test.txt ..
INFO:root:[Rules] Adding Head: 15, Tail: [(10, True)]
INFO:root:[Rules] Adding Head: 12, Tail: [(17, True)]
INFO:root:[Rules] Adding Head: 4, Tail: [(5, True)]
INFO:root:[Rules] Adding Head: 13, Tail: [(3, True)]
INFO:root:[Rules] Adding Head: 5, Tail: [(4, True)]
INFO:root:[Rules] Adding Head: 16, Tail: [(11, True)]
INFO:root:[Rules] Adding Head: 17, Tail: [(12, True)]
INFO:root:[Rules] Adding Head: 11, Tail: [(16, True)]
INFO:root:[Rules] Adding Head: 8, Tail: [(9, True)]
INFO:root:[Rules] Adding Head: 2, Tail: [(2, True)]
INFO:root:Samples: 42433, no. batches: 10 -> batch size: 4244
INFO:root:Epoch no. 1 of 500 (samples: 42433)
INFO:root:Loss: 3475116942.7 +/- 10395361455.7
INFO:root:Epoch no. 2 of 500 (samples: 42433)
INFO:root:Loss: 7879682.9142 +/- 375405.6087
INFO:root:Epoch no. 3 of 500 (samples: 42433)
INFO:root:Loss: 6881466.1573 +/- 217642.8654
INFO:root:Epoch no. 4 of 500 (samples: 42433)
INFO:root:Loss: 6245191.9326 +/- 151115.4243
INFO:root:Epoch no. 5 of 500 (samples: 42433)
INFO:root:Loss: 5782332.5162 +/- 114496.0405
INFO:root:Epoch no. 6 of 500 (samples: 42433)
INFO:root:Loss: 5421467.8563 +/- 91398.849
INFO:root:Epoch no. 7 of 500 (samples: 42433)
INFO:root:Loss: 5127666.0326 +/- 75553.9042
INFO:root:Epoch no. 8 of 500 (samples: 42433)
INFO:root:Loss: 4881208.0845 +/- 64042.8219
INFO:root:Epoch no. 9 of 500 (samples: 42433)
INFO:root:Loss: 4669881.9282 +/- 55323.3363
INFO:root:Epoch no. 10 of 500 (samples: 42433)
INFO:root:Loss: 4485600.7356 +/- 48507.6824
INFO:root:Epoch no. 11 of 500 (samples: 42433)
INFO:root:Loss: 4322737.9214 +/- 43044.7351
INFO:root:Epoch no. 12 of 500 (samples: 42433)
INFO:root:Loss: 4177229.3293 +/- 38575.6674
INFO:root:Epoch no. 13 of 500 (samples: 42433)
INFO:root:Loss: 4046041.1873 +/- 34861.4766
INFO:root:Epoch no. 14 of 500 (samples: 42433)
INFO:root:Loss: 3926851.8958 +/- 31725.5373
INFO:root:Epoch no. 15 of 500 (samples: 42433)
INFO:root:Loss: 3817852.3762 +/- 29051.7269
INFO:root:Epoch no. 16 of 500 (samples: 42433)
INFO:root:Loss: 3717598.6471 +/- 26743.8383
INFO:root:Epoch no. 17 of 500 (samples: 42433)
INFO:root:Loss: 3624928.4881 +/- 24737.9212
INFO:root:Epoch no. 18 of 500 (samples: 42433)
INFO:root:Loss: 3538887.2763 +/- 22976.1595
INFO:root:Epoch no. 19 of 500 (samples: 42433)
INFO:root:Loss: 3458686.3507 +/- 21419.4312
INFO:root:Epoch no. 20 of 500 (samples: 42433)
INFO:root:Loss: 3383666.107 +/- 20038.9756
INFO:root:Epoch no. 21 of 500 (samples: 42433)
INFO:root:Loss: 3313268.8088 +/- 18800.5417
INFO:root:Epoch no. 22 of 500 (samples: 42433)
INFO:root:Loss: 3247018.0932 +/- 17689.501
INFO:root:Epoch no. 23 of 500 (samples: 42433)
INFO:root:Loss: 3184507.3214 +/- 16684.187
INFO:root:Epoch no. 24 of 500 (samples: 42433)
INFO:root:Loss: 3125383.4909 +/- 15774.6099
INFO:root:Epoch no. 25 of 500 (samples: 42433)
INFO:root:Loss: 3069340.8347 +/- 14944.9348
INFO:root:Epoch no. 26 of 500 (samples: 42433)
INFO:root:Loss: 3016111.0061 +/- 14187.2283
INFO:root:Epoch no. 27 of 500 (samples: 42433)
INFO:root:Loss: 2965458.7014 +/- 13491.2853
INFO:root:Epoch no. 28 of 500 (samples: 42433)
INFO:root:Loss: 2917175.8078 +/- 12851.3015
INFO:root:Epoch no. 29 of 500 (samples: 42433)
INFO:root:Loss: 2871078.2127 +/- 12261.9158
INFO:root:Epoch no. 30 of 500 (samples: 42433)
INFO:root:Loss: 2827000.0524 +/- 11715.0587
INFO:root:Epoch no. 31 of 500 (samples: 42433)
INFO:root:Loss: 2784795.4701 +/- 11207.219
INFO:root:Epoch no. 32 of 500 (samples: 42433)
INFO:root:Loss: 2744332.8995 +/- 10736.6692
INFO:root:Epoch no. 33 of 500 (samples: 42433)
INFO:root:Loss: 2705490.5856 +/- 10298.0724
INFO:root:Epoch no. 34 of 500 (samples: 42433)
INFO:root:Loss: 2668163.3313 +/- 9889.0931
INFO:root:Epoch no. 35 of 500 (samples: 42433)
INFO:root:Loss: 2632251.7266 +/- 9504.9921
INFO:root:Epoch no. 36 of 500 (samples: 42433)
INFO:root:Loss: 2597668.1575 +/- 9144.698
INFO:root:Epoch no. 37 of 500 (samples: 42433)
INFO:root:Loss: 2564330.9122 +/- 8807.1477
INFO:root:Epoch no. 38 of 500 (samples: 42433)
INFO:root:Loss: 2532166.8884 +/- 8487.5671
INFO:root:Epoch no. 39 of 500 (samples: 42433)
INFO:root:Loss: 2501107.4516 +/- 8190.4915
INFO:root:Epoch no. 40 of 500 (samples: 42433)
INFO:root:Loss: 2471090.2155 +/- 7907.4174
INFO:root:Epoch no. 41 of 500 (samples: 42433)
INFO:root:Loss: 2442057.8406 +/- 7641.0619
INFO:root:Epoch no. 42 of 500 (samples: 42433)
INFO:root:Loss: 2413957.5599 +/- 7388.0976
INFO:root:Epoch no. 43 of 500 (samples: 42433)
INFO:root:Loss: 2386739.7079 +/- 7148.3007
INFO:root:Epoch no. 44 of 500 (samples: 42433)
INFO:root:Loss: 2360361.3142 +/- 6921.1019
INFO:root:Epoch no. 45 of 500 (samples: 42433)
INFO:root:Loss: 2334777.655 +/- 6706.098
INFO:root:Epoch no. 46 of 500 (samples: 42433)
INFO:root:Loss: 2309950.4071 +/- 6500.9765
INFO:root:Epoch no. 47 of 500 (samples: 42433)
INFO:root:Loss: 2285843.6952 +/- 6306.3253
INFO:root:Epoch no. 48 of 500 (samples: 42433)
INFO:root:Loss: 2262423.0091 +/- 6121.1109
INFO:root:Epoch no. 49 of 500 (samples: 42433)
INFO:root:Loss: 2239657.5744 +/- 5943.4081
INFO:root:Epoch no. 50 of 500 (samples: 42433)
INFO:root:Loss: 2217516.4533 +/- 5773.9951
INFO:root:Epoch no. 51 of 500 (samples: 42433)
INFO:root:Loss: 2195972.8413 +/- 5613.4654
INFO:root:Epoch no. 52 of 500 (samples: 42433)
INFO:root:Loss: 2175000.1316 +/- 5457.7286
INFO:root:Epoch no. 53 of 500 (samples: 42433)
INFO:root:Loss: 2154575.3479 +/- 5310.5398
INFO:root:Epoch no. 54 of 500 (samples: 42433)
INFO:root:Loss: 2134673.8128 +/- 5168.4539
INFO:root:Epoch no. 55 of 500 (samples: 42433)
INFO:root:Loss: 2115274.2411 +/- 5033.5038
INFO:root:Epoch no. 56 of 500 (samples: 42433)
INFO:root:Loss: 2096356.7483 +/- 4902.8606
INFO:root:Epoch no. 57 of 500 (samples: 42433)
INFO:root:Loss: 2077901.7228 +/- 4778.8647
INFO:root:Epoch no. 58 of 500 (samples: 42433)
INFO:root:Loss: 2059892.1605 +/- 4658.4131
INFO:root:Epoch no. 59 of 500 (samples: 42433)
INFO:root:Loss: 2042309.8481 +/- 4543.6515
INFO:root:Epoch no. 60 of 500 (samples: 42433)
INFO:root:Loss: 2025138.6827 +/- 4432.989
INFO:root:Epoch no. 61 of 500 (samples: 42433)
INFO:root:Loss: 2008363.6857 +/- 4326.6079
INFO:root:Epoch no. 62 of 500 (samples: 42433)
INFO:root:Loss: 1991969.8796 +/- 4223.8667
INFO:root:Epoch no. 63 of 500 (samples: 42433)
INFO:root:Loss: 1975944.1525 +/- 4124.6993
INFO:root:Epoch no. 64 of 500 (samples: 42433)
INFO:root:Loss: 1960272.7329 +/- 4029.3323
INFO:root:Epoch no. 65 of 500 (samples: 42433)
INFO:root:Loss: 1944943.4582 +/- 3938.1598
INFO:root:Epoch no. 66 of 500 (samples: 42433)
INFO:root:Loss: 1929944.3101 +/- 3848.1002
INFO:root:Epoch no. 67 of 500 (samples: 42433)
INFO:root:Loss: 1915264.6877 +/- 3762.9041
INFO:root:Epoch no. 68 of 500 (samples: 42433)
INFO:root:Loss: 1900892.5732 +/- 3680.6264
INFO:root:Epoch no. 69 of 500 (samples: 42433)
INFO:root:Loss: 1886819.0683 +/- 3600.9457
INFO:root:Epoch no. 70 of 500 (samples: 42433)
INFO:root:Loss: 1873034.12 +/- 3523.2908
INFO:root:Epoch no. 71 of 500 (samples: 42433)
INFO:root:Loss: 1859527.6883 +/- 3448.3548
INFO:root:Epoch no. 72 of 500 (samples: 42433)
INFO:root:Loss: 1846290.9566 +/- 3376.5589
INFO:root:Epoch no. 73 of 500 (samples: 42433)
INFO:root:Loss: 1833317.0721 +/- 3306.0875
INFO:root:Epoch no. 74 of 500 (samples: 42433)
INFO:root:Loss: 1820596.9446 +/- 3238.8815
INFO:root:Epoch no. 75 of 500 (samples: 42433)
INFO:root:Loss: 1808121.6456 +/- 3172.9066
INFO:root:Epoch no. 76 of 500 (samples: 42433)
INFO:root:Loss: 1795884.6108 +/- 3109.5432
INFO:root:Epoch no. 77 of 500 (samples: 42433)
INFO:root:Loss: 1783878.7463 +/- 3047.4006
INFO:root:Epoch no. 78 of 500 (samples: 42433)
INFO:root:Loss: 1772098.0183 +/- 2987.5552
INFO:root:Epoch no. 79 of 500 (samples: 42433)
INFO:root:Loss: 1760534.3335 +/- 2929.7832
INFO:root:Epoch no. 80 of 500 (samples: 42433)
INFO:root:Loss: 1749183.2532 +/- 2873.8007
INFO:root:Epoch no. 81 of 500 (samples: 42433)
INFO:root:Loss: 1738036.1694 +/- 2819.2535
INFO:root:Epoch no. 82 of 500 (samples: 42433)
INFO:root:Loss: 1727089.5276 +/- 2766.6145
INFO:root:Epoch no. 83 of 500 (samples: 42433)
INFO:root:Loss: 1716337.7924 +/- 2713.5579
INFO:root:Epoch no. 84 of 500 (samples: 42433)
INFO:root:Loss: 1705773.8216 +/- 2664.0966
INFO:root:Epoch no. 85 of 500 (samples: 42433)
INFO:root:Loss: 1695393.8177 +/- 2615.342
INFO:root:Epoch no. 86 of 500 (samples: 42433)
INFO:root:Loss: 1685193.4854 +/- 2568.7099
INFO:root:Epoch no. 87 of 500 (samples: 42433)
INFO:root:Loss: 1675165.9063 +/- 2522.3832
INFO:root:Epoch no. 88 of 500 (samples: 42433)
INFO:root:Loss: 1665307.7838 +/- 2477.9072
INFO:root:Epoch no. 89 of 500 (samples: 42433)
INFO:root:Loss: 1655614.9983 +/- 2433.5881
INFO:root:Epoch no. 90 of 500 (samples: 42433)
INFO:root:Loss: 1646083.0777 +/- 2391.9239
INFO:root:Epoch no. 91 of 500 (samples: 42433)
INFO:root:Loss: 1636707.7098 +/- 2350.1579
INFO:root:Epoch no. 92 of 500 (samples: 42433)
INFO:root:Loss: 1627483.9242 +/- 2310.445
INFO:root:Epoch no. 93 of 500 (samples: 42433)
INFO:root:Loss: 1618409.3392 +/- 2270.7853
INFO:root:Epoch no. 94 of 500 (samples: 42433)
INFO:root:Loss: 1609480.1741 +/- 2232.7671
INFO:root:Epoch no. 95 of 500 (samples: 42433)
INFO:root:Loss: 1600692.1826 +/- 2195.8912
INFO:root:Epoch no. 96 of 500 (samples: 42433)
INFO:root:Loss: 1592042.1782 +/- 2160.0705
INFO:root:Epoch no. 97 of 500 (samples: 42433)
INFO:root:Loss: 1583526.7508 +/- 2123.724
INFO:root:Epoch no. 98 of 500 (samples: 42433)
INFO:root:Loss: 1575143.1648 +/- 2090.1318
INFO:root:Epoch no. 99 of 500 (samples: 42433)
INFO:root:Loss: 1566887.013 +/- 2056.0436
INFO:root:Epoch no. 100 of 500 (samples: 42433)
INFO:root:Loss: 1558757.217 +/- 2022.5721
INFO:root:Epoch no. 101 of 500 (samples: 42433)
INFO:root:Loss: 1550749.8506 +/- 1991.539
INFO:root:Epoch no. 102 of 500 (samples: 42433)
INFO:root:Loss: 1542861.2151 +/- 1960.3692
INFO:root:Epoch no. 103 of 500 (samples: 42433)
INFO:root:Loss: 1535090.1024 +/- 1929.4837
INFO:root:Epoch no. 104 of 500 (samples: 42433)
INFO:root:Loss: 1527433.1834 +/- 1899.9848
INFO:root:Epoch no. 105 of 500 (samples: 42433)
INFO:root:Loss: 1519887.1111 +/- 1870.4258
INFO:root:Epoch no. 106 of 500 (samples: 42433)
INFO:root:Loss: 1512450.2451 +/- 1843.1682
INFO:root:Epoch no. 107 of 500 (samples: 42433)
INFO:root:Loss: 1505121.2976 +/- 1814.4926
INFO:root:Epoch no. 108 of 500 (samples: 42433)
INFO:root:Loss: 1497895.4264 +/- 1787.2466
INFO:root:Epoch no. 109 of 500 (samples: 42433)
INFO:root:Loss: 1490772.4227 +/- 1760.9323
INFO:root:Epoch no. 110 of 500 (samples: 42433)
INFO:root:Loss: 1483749.4225 +/- 1735.5614
INFO:root:Epoch no. 111 of 500 (samples: 42433)
INFO:root:Loss: 1476823.3845 +/- 1710.6302
INFO:root:Epoch no. 112 of 500 (samples: 42433)
INFO:root:Loss: 1469993.6347 +/- 1684.7914
INFO:root:Epoch no. 113 of 500 (samples: 42433)
INFO:root:Loss: 1463257.5491 +/- 1661.1794
INFO:root:Epoch no. 114 of 500 (samples: 42433)
INFO:root:Loss: 1456612.4902 +/- 1636.9453
INFO:root:Epoch no. 115 of 500 (samples: 42433)
INFO:root:Loss: 1450057.7496 +/- 1613.9575
INFO:root:Epoch no. 116 of 500 (samples: 42433)
INFO:root:Loss: 1443591.2042 +/- 1591.2508
INFO:root:Epoch no. 117 of 500 (samples: 42433)
INFO:root:Loss: 1437210.3115 +/- 1568.9623
INFO:root:Epoch no. 118 of 500 (samples: 42433)
INFO:root:Loss: 1430914.2511 +/- 1547.7376
INFO:root:Epoch no. 119 of 500 (samples: 42433)
INFO:root:Loss: 1424700.8194 +/- 1526.7069
INFO:root:Epoch no. 120 of 500 (samples: 42433)
INFO:root:Loss: 1418567.989 +/- 1505.8311
INFO:root:Epoch no. 121 of 500 (samples: 42433)
INFO:root:Loss: 1412515.1159 +/- 1485.731
INFO:root:Epoch no. 122 of 500 (samples: 42433)
INFO:root:Loss: 1406540.0136 +/- 1465.4563
INFO:root:Epoch no. 123 of 500 (samples: 42433)
INFO:root:Loss: 1400641.3131 +/- 1446.8999
INFO:root:Epoch no. 124 of 500 (samples: 42433)
INFO:root:Loss: 1394817.3901 +/- 1427.488
INFO:root:Epoch no. 125 of 500 (samples: 42433)
INFO:root:Loss: 1389066.9253 +/- 1409.0083
INFO:root:Epoch no. 126 of 500 (samples: 42433)
INFO:root:Loss: 1383388.3587 +/- 1389.8436
INFO:root:Epoch no. 127 of 500 (samples: 42433)
INFO:root:Loss: 1377780.2726 +/- 1372.6504
INFO:root:Epoch no. 128 of 500 (samples: 42433)
INFO:root:Loss: 1372242.1871 +/- 1355.3261
INFO:root:Epoch no. 129 of 500 (samples: 42433)
INFO:root:Loss: 1366771.5422 +/- 1338.0163
INFO:root:Epoch no. 130 of 500 (samples: 42433)
INFO:root:Loss: 1361368.2102 +/- 1320.8544
INFO:root:Epoch no. 131 of 500 (samples: 42433)
INFO:root:Loss: 1356030.1634 +/- 1304.601
INFO:root:Epoch no. 132 of 500 (samples: 42433)
INFO:root:Loss: 1350756.5735 +/- 1287.9454
INFO:root:Epoch no. 133 of 500 (samples: 42433)
INFO:root:Loss: 1345545.8725 +/- 1272.2783
INFO:root:Epoch no. 134 of 500 (samples: 42433)
INFO:root:Loss: 1340397.593 +/- 1257.3268
INFO:root:Epoch no. 135 of 500 (samples: 42433)
INFO:root:Loss: 1335309.7562 +/- 1240.9466
INFO:root:Epoch no. 136 of 500 (samples: 42433)
INFO:root:Loss: 1330281.4532 +/- 1226.0409
INFO:root:Epoch no. 137 of 500 (samples: 42433)
INFO:root:Loss: 1325312.4355 +/- 1212.0007
INFO:root:Epoch no. 138 of 500 (samples: 42433)
INFO:root:Loss: 1320401.0127 +/- 1198.0935
INFO:root:Epoch no. 139 of 500 (samples: 42433)
INFO:root:Loss: 1315546.1154 +/- 1183.7231
INFO:root:Epoch no. 140 of 500 (samples: 42433)
INFO:root:Loss: 1310746.9957 +/- 1169.3015
INFO:root:Epoch no. 141 of 500 (samples: 42433)
INFO:root:Loss: 1306002.1331 +/- 1156.9392
INFO:root:Epoch no. 142 of 500 (samples: 42433)
INFO:root:Loss: 1301311.5915 +/- 1143.5108
INFO:root:Epoch no. 143 of 500 (samples: 42433)
INFO:root:Loss: 1296673.6425 +/- 1129.2381
INFO:root:Epoch no. 144 of 500 (samples: 42433)
INFO:root:Loss: 1292088.1888 +/- 1116.1928
INFO:root:Epoch no. 145 of 500 (samples: 42433)
INFO:root:Loss: 1287552.6803 +/- 1104.2831
INFO:root:Epoch no. 146 of 500 (samples: 42433)
INFO:root:Loss: 1283068.0424 +/- 1092.2521
INFO:root:Epoch no. 147 of 500 (samples: 42433)
INFO:root:Loss: 1278632.803 +/- 1079.8163
INFO:root:Epoch no. 148 of 500 (samples: 42433)
INFO:root:Loss: 1274245.9165 +/- 1067.9019
INFO:root:Epoch no. 149 of 500 (samples: 42433)
INFO:root:Loss: 1269907.5277 +/- 1056.1017
INFO:root:Epoch no. 150 of 500 (samples: 42433)
INFO:root:Loss: 1265615.2629 +/- 1044.5298
INFO:root:Epoch no. 151 of 500 (samples: 42433)
INFO:root:Loss: 1261369.5654 +/- 1033.6188
INFO:root:Epoch no. 152 of 500 (samples: 42433)
INFO:root:Loss: 1257169.6069 +/- 1022.3516
INFO:root:Epoch no. 153 of 500 (samples: 42433)
INFO:root:Loss: 1253013.9378 +/- 1011.5477
INFO:root:Epoch no. 154 of 500 (samples: 42433)
INFO:root:Loss: 1248902.182 +/- 1000.7484
INFO:root:Epoch no. 155 of 500 (samples: 42433)
INFO:root:Loss: 1244833.8157 +/- 990.4782
INFO:root:Epoch no. 156 of 500 (samples: 42433)
INFO:root:Loss: 1240808.1466 +/- 979.9784
INFO:root:Epoch no. 157 of 500 (samples: 42433)
INFO:root:Loss: 1236823.559 +/- 969.9896
INFO:root:Epoch no. 158 of 500 (samples: 42433)
INFO:root:Loss: 1232881.0251 +/- 960.3663
INFO:root:Epoch no. 159 of 500 (samples: 42433)
INFO:root:Loss: 1228978.9053 +/- 950.2731
INFO:root:Epoch no. 160 of 500 (samples: 42433)
INFO:root:Loss: 1225116.8046 +/- 940.612
INFO:root:Epoch no. 161 of 500 (samples: 42433)
INFO:root:Loss: 1221294.0546 +/- 931.3849
INFO:root:Epoch no. 162 of 500 (samples: 42433)
INFO:root:Loss: 1217509.8763 +/- 921.9493
INFO:root:Epoch no. 163 of 500 (samples: 42433)
INFO:root:Loss: 1213763.3763 +/- 912.7691
INFO:root:Epoch no. 164 of 500 (samples: 42433)
INFO:root:Loss: 1210055.2622 +/- 904.2337
INFO:root:Epoch no. 165 of 500 (samples: 42433)
INFO:root:Loss: 1206383.8055 +/- 895.5115
INFO:root:Epoch no. 166 of 500 (samples: 42433)
INFO:root:Loss: 1202748.7071 +/- 886.4342
INFO:root:Epoch no. 167 of 500 (samples: 42433)
INFO:root:Loss: 1199149.7025 +/- 878.3347
INFO:root:Epoch no. 168 of 500 (samples: 42433)
INFO:root:Loss: 1195585.8107 +/- 870.1244
INFO:root:Epoch no. 169 of 500 (samples: 42433)
INFO:root:Loss: 1192056.7091 +/- 861.2972
INFO:root:Epoch no. 170 of 500 (samples: 42433)
INFO:root:Loss: 1188562.3975 +/- 853.8088
INFO:root:Epoch no. 171 of 500 (samples: 42433)
INFO:root:Loss: 1185101.1234 +/- 845.3978
INFO:root:Epoch no. 172 of 500 (samples: 42433)
INFO:root:Loss: 1181673.4894 +/- 837.9959
INFO:root:Epoch no. 173 of 500 (samples: 42433)
INFO:root:Loss: 1178278.2166 +/- 830.415
INFO:root:Epoch no. 174 of 500 (samples: 42433)
INFO:root:Loss: 1174916.2781 +/- 822.8606
INFO:root:Epoch no. 175 of 500 (samples: 42433)
INFO:root:Loss: 1171585.4223 +/- 814.6852
INFO:root:Epoch no. 176 of 500 (samples: 42433)
INFO:root:Loss: 1168286.0586 +/- 808.23
INFO:root:Epoch no. 177 of 500 (samples: 42433)
INFO:root:Loss: 1165017.6001 +/- 801.5755
INFO:root:Epoch no. 178 of 500 (samples: 42433)
INFO:root:Loss: 1161780.3043 +/- 794.2265
INFO:root:Epoch no. 179 of 500 (samples: 42433)
INFO:root:Loss: 1158572.2888 +/- 786.4386
INFO:root:Epoch no. 180 of 500 (samples: 42433)
INFO:root:Loss: 1155393.9721 +/- 781.592
INFO:root:Epoch no. 181 of 500 (samples: 42433)
INFO:root:Loss: 1152245.3699 +/- 773.4422
INFO:root:Epoch no. 182 of 500 (samples: 42433)
INFO:root:Loss: 1149125.0103 +/- 766.8348
INFO:root:Epoch no. 183 of 500 (samples: 42433)
INFO:root:Loss: 1146033.7781 +/- 760.5181
INFO:root:Epoch no. 184 of 500 (samples: 42433)
INFO:root:Loss: 1142970.2903 +/- 753.7744
INFO:root:Epoch no. 185 of 500 (samples: 42433)
INFO:root:Loss: 1139934.0551 +/- 747.8279
INFO:root:Epoch no. 186 of 500 (samples: 42433)
INFO:root:Loss: 1136925.6287 +/- 741.7896
INFO:root:Epoch no. 187 of 500 (samples: 42433)
INFO:root:Loss: 1133943.5706 +/- 735.6085
INFO:root:Epoch no. 188 of 500 (samples: 42433)
INFO:root:Loss: 1130988.7092 +/- 729.4431
INFO:root:Epoch no. 189 of 500 (samples: 42433)
INFO:root:Loss: 1128059.3073 +/- 724.0312
INFO:root:Epoch no. 190 of 500 (samples: 42433)
INFO:root:Loss: 1125155.8078 +/- 717.1874
INFO:root:Epoch no. 191 of 500 (samples: 42433)
INFO:root:Loss: 1122278.2013 +/- 712.7762
INFO:root:Epoch no. 192 of 500 (samples: 42433)
INFO:root:Loss: 1119425.6602 +/- 706.7594
INFO:root:Epoch no. 193 of 500 (samples: 42433)
INFO:root:Loss: 1116597.6295 +/- 701.5004
INFO:root:Epoch no. 194 of 500 (samples: 42433)
INFO:root:Loss: 1113794.2615 +/- 695.4994
INFO:root:Epoch no. 195 of 500 (samples: 42433)
INFO:root:Loss: 1111014.9779 +/- 689.7487
INFO:root:Epoch no. 196 of 500 (samples: 42433)
INFO:root:Loss: 1108259.5933 +/- 685.9264
INFO:root:Epoch no. 197 of 500 (samples: 42433)
INFO:root:Loss: 1105527.6322 +/- 680.005
INFO:root:Epoch no. 198 of 500 (samples: 42433)
INFO:root:Loss: 1102819.0078 +/- 675.3764
INFO:root:Epoch no. 199 of 500 (samples: 42433)
INFO:root:Loss: 1100132.7128 +/- 670.2171
INFO:root:Epoch no. 200 of 500 (samples: 42433)
INFO:root:Loss: 1097469.9308 +/- 665.5401
INFO:root:Epoch no. 201 of 500 (samples: 42433)
INFO:root:Loss: 1094828.6989 +/- 659.8351
INFO:root:Epoch no. 202 of 500 (samples: 42433)
INFO:root:Loss: 1092210.3605 +/- 655.7463
INFO:root:Epoch no. 203 of 500 (samples: 42433)
INFO:root:Loss: 1089613.3143 +/- 650.1116
INFO:root:Epoch no. 204 of 500 (samples: 42433)
INFO:root:Loss: 1087037.7139 +/- 646.0365
INFO:root:Epoch no. 205 of 500 (samples: 42433)
INFO:root:Loss: 1084483.1566 +/- 641.5463
INFO:root:Epoch no. 206 of 500 (samples: 42433)
INFO:root:Loss: 1081949.6348 +/- 637.32
INFO:root:Epoch no. 207 of 500 (samples: 42433)
INFO:root:Loss: 1079436.6089 +/- 632.2442
INFO:root:Epoch no. 208 of 500 (samples: 42433)
INFO:root:Loss: 1076944.4894 +/- 627.719
INFO:root:Epoch no. 209 of 500 (samples: 42433)
INFO:root:Loss: 1074472.9309 +/- 624.1074
INFO:root:Epoch no. 210 of 500 (samples: 42433)
INFO:root:Loss: 1072020.2432 +/- 620.0335
INFO:root:Epoch no. 211 of 500 (samples: 42433)
INFO:root:Loss: 1069587.7785 +/- 615.0733
INFO:root:Epoch no. 212 of 500 (samples: 42433)
INFO:root:Loss: 1067174.121 +/- 611.4427
INFO:root:Epoch no. 213 of 500 (samples: 42433)
INFO:root:Loss: 1064780.2032 +/- 608.0913
INFO:root:Epoch no. 214 of 500 (samples: 42433)
INFO:root:Loss: 1062404.8995 +/- 603.4611
INFO:root:Epoch no. 215 of 500 (samples: 42433)
INFO:root:Loss: 1060048.7729 +/- 599.9259
INFO:root:Epoch no. 216 of 500 (samples: 42433)
INFO:root:Loss: 1057711.0672 +/- 595.5232
INFO:root:Epoch no. 217 of 500 (samples: 42433)
INFO:root:Loss: 1055391.5566 +/- 592.1026
INFO:root:Epoch no. 218 of 500 (samples: 42433)
INFO:root:Loss: 1053089.4942 +/- 588.0905
INFO:root:Epoch no. 219 of 500 (samples: 42433)
INFO:root:Loss: 1050805.6031 +/- 585.1711
INFO:root:Epoch no. 220 of 500 (samples: 42433)
INFO:root:Loss: 1048539.2639 +/- 581.0352
INFO:root:Epoch no. 221 of 500 (samples: 42433)
INFO:root:Loss: 1046291.3863 +/- 577.7069
INFO:root:Epoch no. 222 of 500 (samples: 42433)
INFO:root:Loss: 1044059.532 +/- 574.3073
INFO:root:Epoch no. 223 of 500 (samples: 42433)
INFO:root:Loss: 1041845.5195 +/- 570.7096
INFO:root:Epoch no. 224 of 500 (samples: 42433)
INFO:root:Loss: 1039647.8766 +/- 567.1761
INFO:root:Epoch no. 225 of 500 (samples: 42433)
INFO:root:Loss: 1037466.9977 +/- 564.5746
INFO:root:Epoch no. 226 of 500 (samples: 42433)
INFO:root:Loss: 1035302.3998 +/- 560.1679
INFO:root:Epoch no. 227 of 500 (samples: 42433)
INFO:root:Loss: 1033154.2521 +/- 557.0961
INFO:root:Epoch no. 228 of 500 (samples: 42433)
INFO:root:Loss: 1031021.8949 +/- 554.1427
INFO:root:Epoch no. 229 of 500 (samples: 42433)
INFO:root:Loss: 1028905.1266 +/- 551.1909
INFO:root:Epoch no. 230 of 500 (samples: 42433)
INFO:root:Loss: 1026804.6803 +/- 548.0859
INFO:root:Epoch no. 231 of 500 (samples: 42433)
INFO:root:Loss: 1024719.871 +/- 544.159
INFO:root:Epoch no. 232 of 500 (samples: 42433)
INFO:root:Loss: 1022649.4612 +/- 541.9597
INFO:root:Epoch no. 233 of 500 (samples: 42433)
INFO:root:Loss: 1020594.7532 +/- 538.6479
INFO:root:Epoch no. 234 of 500 (samples: 42433)
INFO:root:Loss: 1018554.677 +/- 535.9382
INFO:root:Epoch no. 235 of 500 (samples: 42433)
INFO:root:Loss: 1016529.5626 +/- 532.6113
INFO:root:Epoch no. 236 of 500 (samples: 42433)
INFO:root:Loss: 1014519.0324 +/- 529.671
INFO:root:Epoch no. 237 of 500 (samples: 42433)
INFO:root:Loss: 1012522.5553 +/- 527.3522
INFO:root:Epoch no. 238 of 500 (samples: 42433)
INFO:root:Loss: 1010541.0322 +/- 525.1689
INFO:root:Epoch no. 239 of 500 (samples: 42433)
INFO:root:Loss: 1008573.3767 +/- 522.2963
INFO:root:Epoch no. 240 of 500 (samples: 42433)
INFO:root:Loss: 1006619.8385 +/- 519.2921
INFO:root:Epoch no. 241 of 500 (samples: 42433)
INFO:root:Loss: 1004680.1039 +/- 515.8737
INFO:root:Epoch no. 242 of 500 (samples: 42433)
INFO:root:Loss: 1002754.2613 +/- 513.5671
INFO:root:Epoch no. 243 of 500 (samples: 42433)
INFO:root:Loss: 1000841.4504 +/- 510.6121
INFO:root:Epoch no. 244 of 500 (samples: 42433)
INFO:root:Loss: 998942.113 +/- 509.1274
INFO:root:Epoch no. 245 of 500 (samples: 42433)
INFO:root:Loss: 997056.0807 +/- 506.8851
INFO:root:Epoch no. 246 of 500 (samples: 42433)
INFO:root:Loss: 995183.0878 +/- 504.4849
INFO:root:Epoch no. 247 of 500 (samples: 42433)
INFO:root:Loss: 993323.5847 +/- 501.5865
INFO:root:Epoch no. 248 of 500 (samples: 42433)
INFO:root:Loss: 991476.4529 +/- 498.7903
INFO:root:Epoch no. 249 of 500 (samples: 42433)
INFO:root:Loss: 989641.6852 +/- 497.0788
INFO:root:Epoch no. 250 of 500 (samples: 42433)
INFO:root:Loss: 987819.8281 +/- 493.6676
INFO:root:Epoch no. 251 of 500 (samples: 42433)
INFO:root:Loss: 986010.0453 +/- 492.0367
INFO:root:Epoch no. 252 of 500 (samples: 42433)
INFO:root:Loss: 984212.8191 +/- 489.2135
INFO:root:Epoch no. 253 of 500 (samples: 42433)
INFO:root:Loss: 982427.5947 +/- 487.5656
INFO:root:Epoch no. 254 of 500 (samples: 42433)
INFO:root:Loss: 980654.5651 +/- 485.6924
INFO:root:Epoch no. 255 of 500 (samples: 42433)
INFO:root:Loss: 978893.3922 +/- 483.5884
INFO:root:Epoch no. 256 of 500 (samples: 42433)
INFO:root:Loss: 977144.189 +/- 481.0376
INFO:root:Epoch no. 257 of 500 (samples: 42433)
INFO:root:Loss: 975406.3199 +/- 478.7558
INFO:root:Epoch no. 258 of 500 (samples: 42433)
INFO:root:Loss: 973680.2433 +/- 476.9792
INFO:root:Epoch no. 259 of 500 (samples: 42433)
INFO:root:Loss: 971964.7848 +/- 474.4197
INFO:root:Epoch no. 260 of 500 (samples: 42433)
INFO:root:Loss: 970261.0231 +/- 473.064
INFO:root:Epoch no. 261 of 500 (samples: 42433)
INFO:root:Loss: 968568.6266 +/- 471.1369
INFO:root:Epoch no. 262 of 500 (samples: 42433)
INFO:root:Loss: 966887.5161 +/- 468.9843
INFO:root:Epoch no. 263 of 500 (samples: 42433)
INFO:root:Loss: 965216.6059 +/- 466.6821
INFO:root:Epoch no. 264 of 500 (samples: 42433)
INFO:root:Loss: 963557.2468 +/- 465.2787
INFO:root:Epoch no. 265 of 500 (samples: 42433)
INFO:root:Loss: 961908.1275 +/- 463.794
INFO:root:Epoch no. 266 of 500 (samples: 42433)
INFO:root:Loss: 960269.5701 +/- 461.0995
INFO:root:Epoch no. 267 of 500 (samples: 42433)
INFO:root:Loss: 958641.8884 +/- 459.4142
INFO:root:Epoch no. 268 of 500 (samples: 42433)
INFO:root:Loss: 957024.4706 +/- 457.3141
INFO:root:Epoch no. 269 of 500 (samples: 42433)
INFO:root:Loss: 955417.2534 +/- 456.3713
INFO:root:Epoch no. 270 of 500 (samples: 42433)
INFO:root:Loss: 953819.8413 +/- 453.9737
INFO:root:Epoch no. 271 of 500 (samples: 42433)
INFO:root:Loss: 952233.2084 +/- 452.0056
INFO:root:Epoch no. 272 of 500 (samples: 42433)
INFO:root:Loss: 950656.0914 +/- 450.4192
INFO:root:Epoch no. 273 of 500 (samples: 42433)
INFO:root:Loss: 949088.9894 +/- 448.8952
INFO:root:Epoch no. 274 of 500 (samples: 42433)
INFO:root:Loss: 947531.4919 +/- 446.7875
INFO:root:Epoch no. 275 of 500 (samples: 42433)
INFO:root:Loss: 945984.0737 +/- 445.7116
INFO:root:Epoch no. 276 of 500 (samples: 42433)
INFO:root:Loss: 944446.1881 +/- 444.3645
INFO:root:Epoch no. 277 of 500 (samples: 42433)
INFO:root:Loss: 942917.5446 +/- 442.7254
INFO:root:Epoch no. 278 of 500 (samples: 42433)
INFO:root:Loss: 941398.337 +/- 441.3356
INFO:root:Epoch no. 279 of 500 (samples: 42433)
INFO:root:Loss: 939889.0957 +/- 439.4191
INFO:root:Epoch no. 280 of 500 (samples: 42433)
INFO:root:Loss: 938388.711 +/- 437.945
INFO:root:Epoch no. 281 of 500 (samples: 42433)
INFO:root:Loss: 936897.1265 +/- 436.1133
INFO:root:Epoch no. 282 of 500 (samples: 42433)
INFO:root:Loss: 935414.2858 +/- 434.915
INFO:root:Epoch no. 283 of 500 (samples: 42433)
INFO:root:Loss: 933941.1708 +/- 433.5105
INFO:root:Epoch no. 284 of 500 (samples: 42433)
INFO:root:Loss: 932476.5658 +/- 431.5428
INFO:root:Epoch no. 285 of 500 (samples: 42433)
INFO:root:Loss: 931020.7536 +/- 430.8275
INFO:root:Epoch no. 286 of 500 (samples: 42433)
INFO:root:Loss: 929574.0145 +/- 428.3433
INFO:root:Epoch no. 287 of 500 (samples: 42433)
INFO:root:Loss: 928135.4164 +/- 428.2041
INFO:root:Epoch no. 288 of 500 (samples: 42433)
INFO:root:Loss: 926705.409 +/- 426.504
INFO:root:Epoch no. 289 of 500 (samples: 42433)
INFO:root:Loss: 925283.9606 +/- 424.4355
INFO:root:Epoch no. 290 of 500 (samples: 42433)
INFO:root:Loss: 923871.0069 +/- 423.4459
INFO:root:Epoch no. 291 of 500 (samples: 42433)
INFO:root:Loss: 922465.6064 +/- 422.0767
INFO:root:Epoch no. 292 of 500 (samples: 42433)
INFO:root:Loss: 921069.1751 +/- 421.3539
INFO:root:Epoch no. 293 of 500 (samples: 42433)
INFO:root:Loss: 919680.7555 +/- 419.9873
INFO:root:Epoch no. 294 of 500 (samples: 42433)
INFO:root:Loss: 918300.6776 +/- 418.4949
INFO:root:Epoch no. 295 of 500 (samples: 42433)
INFO:root:Loss: 916928.1049 +/- 417.1126
INFO:root:Epoch no. 296 of 500 (samples: 42433)
INFO:root:Loss: 915563.6484 +/- 416.1149
INFO:root:Epoch no. 297 of 500 (samples: 42433)
INFO:root:Loss: 914207.1238 +/- 414.685
INFO:root:Epoch no. 298 of 500 (samples: 42433)
INFO:root:Loss: 912858.1604 +/- 414.1001
INFO:root:Epoch no. 299 of 500 (samples: 42433)
INFO:root:Loss: 911516.8628 +/- 412.3033
INFO:root:Epoch no. 300 of 500 (samples: 42433)
INFO:root:Loss: 910183.4245 +/- 411.4946
INFO:root:Epoch no. 301 of 500 (samples: 42433)
INFO:root:Loss: 908857.7801 +/- 409.2069
INFO:root:Epoch no. 302 of 500 (samples: 42433)
INFO:root:Loss: 907539.2318 +/- 408.724
INFO:root:Epoch no. 303 of 500 (samples: 42433)
INFO:root:Loss: 906228.2123 +/- 408.1266
INFO:root:Epoch no. 304 of 500 (samples: 42433)
INFO:root:Loss: 904924.3192 +/- 406.2098
INFO:root:Epoch no. 305 of 500 (samples: 42433)
INFO:root:Loss: 903628.6557 +/- 404.9383
INFO:root:Epoch no. 306 of 500 (samples: 42433)
INFO:root:Loss: 902339.3308 +/- 404.3868
INFO:root:Epoch no. 307 of 500 (samples: 42433)
INFO:root:Loss: 901057.3666 +/- 403.2422
INFO:root:Epoch no. 308 of 500 (samples: 42433)
INFO:root:Loss: 899782.9152 +/- 402.186
INFO:root:Epoch no. 309 of 500 (samples: 42433)
INFO:root:Loss: 898515.1001 +/- 401.3342
INFO:root:Epoch no. 310 of 500 (samples: 42433)
INFO:root:Loss: 897254.5326 +/- 400.2282
INFO:root:Epoch no. 311 of 500 (samples: 42433)
INFO:root:Loss: 896000.4728 +/- 398.732
INFO:root:Epoch no. 312 of 500 (samples: 42433)
INFO:root:Loss: 894753.4518 +/- 398.1966
INFO:root:Epoch no. 313 of 500 (samples: 42433)
INFO:root:Loss: 893512.8901 +/- 397.379
INFO:root:Epoch no. 314 of 500 (samples: 42433)
INFO:root:Loss: 892279.7687 +/- 395.8306
INFO:root:Epoch no. 315 of 500 (samples: 42433)
INFO:root:Loss: 891052.6082 +/- 394.8281
INFO:root:Epoch no. 316 of 500 (samples: 42433)
INFO:root:Loss: 889832.3335 +/- 393.9077
INFO:root:Epoch no. 317 of 500 (samples: 42433)
INFO:root:Loss: 888619.0252 +/- 393.2854
INFO:root:Epoch no. 318 of 500 (samples: 42433)
INFO:root:Loss: 887411.6854 +/- 392.4966
INFO:root:Epoch no. 319 of 500 (samples: 42433)
INFO:root:Loss: 886211.2472 +/- 391.2938
INFO:root:Epoch no. 320 of 500 (samples: 42433)
INFO:root:Loss: 885016.3354 +/- 390.3465
INFO:root:Epoch no. 321 of 500 (samples: 42433)
INFO:root:Loss: 883828.3011 +/- 389.0377
INFO:root:Epoch no. 322 of 500 (samples: 42433)
INFO:root:Loss: 882646.292 +/- 388.7739
INFO:root:Epoch no. 323 of 500 (samples: 42433)
INFO:root:Loss: 881470.5732 +/- 387.7177
INFO:root:Epoch no. 324 of 500 (samples: 42433)
INFO:root:Loss: 880301.4911 +/- 387.3375
INFO:root:Epoch no. 325 of 500 (samples: 42433)
INFO:root:Loss: 879138.2164 +/- 386.2075
INFO:root:Epoch no. 326 of 500 (samples: 42433)
INFO:root:Loss: 877980.7014 +/- 385.1847
INFO:root:Epoch no. 327 of 500 (samples: 42433)
INFO:root:Loss: 876829.3158 +/- 384.074
INFO:root:Epoch no. 328 of 500 (samples: 42433)
INFO:root:Loss: 875683.899 +/- 382.9586
INFO:root:Epoch no. 329 of 500 (samples: 42433)
INFO:root:Loss: 874544.7729 +/- 382.6757
INFO:root:Epoch no. 330 of 500 (samples: 42433)
INFO:root:Loss: 873411.2369 +/- 381.6382
INFO:root:Epoch no. 331 of 500 (samples: 42433)
INFO:root:Loss: 872283.1791 +/- 380.6923
INFO:root:Epoch no. 332 of 500 (samples: 42433)
INFO:root:Loss: 871161.5972 +/- 380.6669
INFO:root:Epoch no. 333 of 500 (samples: 42433)
INFO:root:Loss: 870045.2675 +/- 379.6568
INFO:root:Epoch no. 334 of 500 (samples: 42433)
INFO:root:Loss: 868934.038 +/- 378.6089
INFO:root:Epoch no. 335 of 500 (samples: 42433)
INFO:root:Loss: 867829.4929 +/- 377.6994
INFO:root:Epoch no. 336 of 500 (samples: 42433)
INFO:root:Loss: 866729.9755 +/- 377.3145
INFO:root:Epoch no. 337 of 500 (samples: 42433)
INFO:root:Loss: 865636.2981 +/- 376.4301
INFO:root:Epoch no. 338 of 500 (samples: 42433)
INFO:root:Loss: 864547.5029 +/- 375.2855
INFO:root:Epoch no. 339 of 500 (samples: 42433)
INFO:root:Loss: 863464.3716 +/- 374.4886
INFO:root:Epoch no. 340 of 500 (samples: 42433)
INFO:root:Loss: 862386.975 +/- 373.5526
INFO:root:Epoch no. 341 of 500 (samples: 42433)
INFO:root:Loss: 861314.3811 +/- 372.6936
INFO:root:Epoch no. 342 of 500 (samples: 42433)
INFO:root:Loss: 860247.7076 +/- 372.6322
INFO:root:Epoch no. 343 of 500 (samples: 42433)
INFO:root:Loss: 859185.764 +/- 371.9234
INFO:root:Epoch no. 344 of 500 (samples: 42433)
INFO:root:Loss: 858129.3143 +/- 370.8979
INFO:root:Epoch no. 345 of 500 (samples: 42433)
INFO:root:Loss: 857078.0614 +/- 370.4545
INFO:root:Epoch no. 346 of 500 (samples: 42433)
INFO:root:Loss: 856031.6185 +/- 369.6967
INFO:root:Epoch no. 347 of 500 (samples: 42433)
INFO:root:Loss: 854990.5974 +/- 368.9013
INFO:root:Epoch no. 348 of 500 (samples: 42433)
INFO:root:Loss: 853954.3065 +/- 369.189
INFO:root:Epoch no. 349 of 500 (samples: 42433)
INFO:root:Loss: 852923.3322 +/- 367.4637
INFO:root:Epoch no. 350 of 500 (samples: 42433)
INFO:root:Loss: 851897.3452 +/- 366.5735
INFO:root:Epoch no. 351 of 500 (samples: 42433)
INFO:root:Loss: 850875.9356 +/- 366.4372
INFO:root:Epoch no. 352 of 500 (samples: 42433)
INFO:root:Loss: 849859.6986 +/- 366.3913
INFO:root:Epoch no. 353 of 500 (samples: 42433)
INFO:root:Loss: 848847.9333 +/- 365.1246
INFO:root:Epoch no. 354 of 500 (samples: 42433)
INFO:root:Loss: 847841.7914 +/- 364.8861
INFO:root:Epoch no. 355 of 500 (samples: 42433)
INFO:root:Loss: 846839.7355 +/- 363.8037
INFO:root:Epoch no. 356 of 500 (samples: 42433)
INFO:root:Loss: 845842.9409 +/- 363.7225
INFO:root:Epoch no. 357 of 500 (samples: 42433)
INFO:root:Loss: 844850.4253 +/- 362.7234
INFO:root:Epoch no. 358 of 500 (samples: 42433)
INFO:root:Loss: 843862.6477 +/- 362.0909
INFO:root:Epoch no. 359 of 500 (samples: 42433)
INFO:root:Loss: 842879.4956 +/- 361.5507
INFO:root:Epoch no. 360 of 500 (samples: 42433)
INFO:root:Loss: 841901.0412 +/- 361.0287
INFO:root:Epoch no. 361 of 500 (samples: 42433)
INFO:root:Loss: 840927.5338 +/- 360.8407
INFO:root:Epoch no. 362 of 500 (samples: 42433)
INFO:root:Loss: 839958.0563 +/- 359.5965
INFO:root:Epoch no. 363 of 500 (samples: 42433)
INFO:root:Loss: 838993.0922 +/- 359.8144
INFO:root:Epoch no. 364 of 500 (samples: 42433)
INFO:root:Loss: 838032.704 +/- 358.1982
INFO:root:Epoch no. 365 of 500 (samples: 42433)
INFO:root:Loss: 837076.1857 +/- 357.9211
INFO:root:Epoch no. 366 of 500 (samples: 42433)
INFO:root:Loss: 836124.3088 +/- 357.2789
INFO:root:Epoch no. 367 of 500 (samples: 42433)
INFO:root:Loss: 835176.8883 +/- 356.5466
INFO:root:Epoch no. 368 of 500 (samples: 42433)
INFO:root:Loss: 834234.0368 +/- 355.9461
INFO:root:Epoch no. 369 of 500 (samples: 42433)
INFO:root:Loss: 833295.666 +/- 356.1534
INFO:root:Epoch no. 370 of 500 (samples: 42433)
INFO:root:Loss: 832360.5126 +/- 355.2775
INFO:root:Epoch no. 371 of 500 (samples: 42433)
INFO:root:Loss: 831430.3467 +/- 354.938
INFO:root:Epoch no. 372 of 500 (samples: 42433)
INFO:root:Loss: 830504.5888 +/- 354.5352
INFO:root:Epoch no. 373 of 500 (samples: 42433)
INFO:root:Loss: 829582.4423 +/- 352.9465
INFO:root:Epoch no. 374 of 500 (samples: 42433)
INFO:root:Loss: 828664.2945 +/- 353.5693
INFO:root:Epoch no. 375 of 500 (samples: 42433)
INFO:root:Loss: 827751.0854 +/- 352.869
INFO:root:Epoch no. 376 of 500 (samples: 42433)
INFO:root:Loss: 826840.7075 +/- 352.5144
INFO:root:Epoch no. 377 of 500 (samples: 42433)
INFO:root:Loss: 825935.0197 +/- 351.6472
INFO:root:Epoch no. 378 of 500 (samples: 42433)
INFO:root:Loss: 825033.3054 +/- 350.9964
INFO:root:Epoch no. 379 of 500 (samples: 42433)
INFO:root:Loss: 824136.128 +/- 350.674
INFO:root:Epoch no. 380 of 500 (samples: 42433)
INFO:root:Loss: 823241.7017 +/- 350.153
INFO:root:Epoch no. 381 of 500 (samples: 42433)
INFO:root:Loss: 822352.0294 +/- 349.7081
INFO:root:Epoch no. 382 of 500 (samples: 42433)
INFO:root:Loss: 821465.7521 +/- 349.8513
INFO:root:Epoch no. 383 of 500 (samples: 42433)
INFO:root:Loss: 820583.8099 +/- 348.9937
INFO:root:Epoch no. 384 of 500 (samples: 42433)
INFO:root:Loss: 819705.5761 +/- 348.472
INFO:root:Epoch no. 385 of 500 (samples: 42433)
INFO:root:Loss: 818830.536 +/- 348.1687
INFO:root:Epoch no. 386 of 500 (samples: 42433)
INFO:root:Loss: 817960.379 +/- 348.2728
INFO:root:Epoch no. 387 of 500 (samples: 42433)
INFO:root:Loss: 817093.2537 +/- 346.5374
INFO:root:Epoch no. 388 of 500 (samples: 42433)
INFO:root:Loss: 816230.0145 +/- 347.0633
INFO:root:Epoch no. 389 of 500 (samples: 42433)
INFO:root:Loss: 815370.2176 +/- 346.2531
INFO:root:Epoch no. 390 of 500 (samples: 42433)
INFO:root:Loss: 814514.4188 +/- 345.6914
INFO:root:Epoch no. 391 of 500 (samples: 42433)
INFO:root:Loss: 813661.8136 +/- 345.4713
INFO:root:Epoch no. 392 of 500 (samples: 42433)
INFO:root:Loss: 812813.0372 +/- 345.0627
INFO:root:Epoch no. 393 of 500 (samples: 42433)
INFO:root:Loss: 811968.4519 +/- 344.5645
INFO:root:Epoch no. 394 of 500 (samples: 42433)
INFO:root:Loss: 811126.5689 +/- 343.3025
INFO:root:Epoch no. 395 of 500 (samples: 42433)
INFO:root:Loss: 810288.95 +/- 343.4414
INFO:root:Epoch no. 396 of 500 (samples: 42433)
INFO:root:Loss: 809454.7416 +/- 343.3568
INFO:root:Epoch no. 397 of 500 (samples: 42433)
INFO:root:Loss: 808623.614 +/- 343.2566
INFO:root:Epoch no. 398 of 500 (samples: 42433)
INFO:root:Loss: 807796.1142 +/- 342.749
INFO:root:Epoch no. 399 of 500 (samples: 42433)
INFO:root:Loss: 806972.1697 +/- 341.9379
INFO:root:Epoch no. 400 of 500 (samples: 42433)
INFO:root:Loss: 806151.5073 +/- 341.2955
INFO:root:Epoch no. 401 of 500 (samples: 42433)
INFO:root:Loss: 805334.6337 +/- 340.7819
INFO:root:Epoch no. 402 of 500 (samples: 42433)
INFO:root:Loss: 804520.6479 +/- 340.6514
INFO:root:Epoch no. 403 of 500 (samples: 42433)
INFO:root:Loss: 803709.7993 +/- 339.9694
INFO:root:Epoch no. 404 of 500 (samples: 42433)
INFO:root:Loss: 802902.4339 +/- 340.0976
INFO:root:Epoch no. 405 of 500 (samples: 42433)
INFO:root:Loss: 802098.4627 +/- 339.4324
INFO:root:Epoch no. 406 of 500 (samples: 42433)
INFO:root:Loss: 801297.9993 +/- 339.2391
INFO:root:Epoch no. 407 of 500 (samples: 42433)
INFO:root:Loss: 800500.5278 +/- 338.737
INFO:root:Epoch no. 408 of 500 (samples: 42433)
INFO:root:Loss: 799706.0164 +/- 338.1149
INFO:root:Epoch no. 409 of 500 (samples: 42433)
INFO:root:Loss: 798915.029 +/- 338.3014
INFO:root:Epoch no. 410 of 500 (samples: 42433)
INFO:root:Loss: 798127.4114 +/- 337.5268
INFO:root:Epoch no. 411 of 500 (samples: 42433)
INFO:root:Loss: 797342.8266 +/- 337.4157
INFO:root:Epoch no. 412 of 500 (samples: 42433)
INFO:root:Loss: 796561.2988 +/- 337.126
INFO:root:Epoch no. 413 of 500 (samples: 42433)
INFO:root:Loss: 795782.7227 +/- 336.5499
INFO:root:Epoch no. 414 of 500 (samples: 42433)
INFO:root:Loss: 795006.9703 +/- 336.367
INFO:root:Epoch no. 415 of 500 (samples: 42433)
INFO:root:Loss: 794234.9905 +/- 335.7933
INFO:root:Epoch no. 416 of 500 (samples: 42433)
INFO:root:Loss: 793465.5047 +/- 335.9815
INFO:root:Epoch no. 417 of 500 (samples: 42433)
INFO:root:Loss: 792699.5255 +/- 335.3747
INFO:root:Epoch no. 418 of 500 (samples: 42433)
INFO:root:Loss: 791936.0885 +/- 334.6569
INFO:root:Epoch no. 419 of 500 (samples: 42433)
INFO:root:Loss: 791175.8049 +/- 334.5869
INFO:root:Epoch no. 420 of 500 (samples: 42433)
INFO:root:Loss: 790418.3687 +/- 334.1258
INFO:root:Epoch no. 421 of 500 (samples: 42433)
INFO:root:Loss: 789663.9091 +/- 334.4387
INFO:root:Epoch no. 422 of 500 (samples: 42433)
INFO:root:Loss: 788912.8275 +/- 333.3952
INFO:root:Epoch no. 423 of 500 (samples: 42433)
INFO:root:Loss: 788163.8299 +/- 333.7116
INFO:root:Epoch no. 424 of 500 (samples: 42433)
INFO:root:Loss: 787418.2828 +/- 333.1448
INFO:root:Epoch no. 425 of 500 (samples: 42433)
INFO:root:Loss: 786675.4468 +/- 332.5926
INFO:root:Epoch no. 426 of 500 (samples: 42433)
INFO:root:Loss: 785935.8036 +/- 331.4404
INFO:root:Epoch no. 427 of 500 (samples: 42433)
INFO:root:Loss: 785198.4777 +/- 331.5833
INFO:root:Epoch no. 428 of 500 (samples: 42433)
INFO:root:Loss: 784464.3131 +/- 331.3386
INFO:root:Epoch no. 429 of 500 (samples: 42433)
INFO:root:Loss: 783732.6583 +/- 331.0854
INFO:root:Epoch no. 430 of 500 (samples: 42433)
INFO:root:Loss: 783003.9476 +/- 331.0708
INFO:root:Epoch no. 431 of 500 (samples: 42433)
INFO:root:Loss: 782278.0281 +/- 330.7788
INFO:root:Epoch no. 432 of 500 (samples: 42433)
INFO:root:Loss: 781554.731 +/- 330.5482
INFO:root:Epoch no. 433 of 500 (samples: 42433)
INFO:root:Loss: 780834.3857 +/- 329.709
INFO:root:Epoch no. 434 of 500 (samples: 42433)
INFO:root:Loss: 780116.2288 +/- 329.4554
INFO:root:Epoch no. 435 of 500 (samples: 42433)
INFO:root:Loss: 779401.1366 +/- 329.4028
INFO:root:Epoch no. 436 of 500 (samples: 42433)
INFO:root:Loss: 778688.8277 +/- 328.9744
INFO:root:Epoch no. 437 of 500 (samples: 42433)
INFO:root:Loss: 777978.7709 +/- 328.5359
INFO:root:Epoch no. 438 of 500 (samples: 42433)
INFO:root:Loss: 777271.6587 +/- 329.1754
INFO:root:Epoch no. 439 of 500 (samples: 42433)
INFO:root:Loss: 776567.281 +/- 328.2917
INFO:root:Epoch no. 440 of 500 (samples: 42433)
INFO:root:Loss: 775865.4611 +/- 327.2914
INFO:root:Epoch no. 441 of 500 (samples: 42433)
INFO:root:Loss: 775166.0952 +/- 327.451
INFO:root:Epoch no. 442 of 500 (samples: 42433)
INFO:root:Loss: 774469.1425 +/- 327.5472
INFO:root:Epoch no. 443 of 500 (samples: 42433)
INFO:root:Loss: 773775.3588 +/- 327.042
INFO:root:Epoch no. 444 of 500 (samples: 42433)
INFO:root:Loss: 773083.2002 +/- 326.4928
INFO:root:Epoch no. 445 of 500 (samples: 42433)
INFO:root:Loss: 772394.0017 +/- 326.1725
INFO:root:Epoch no. 446 of 500 (samples: 42433)
INFO:root:Loss: 771707.5384 +/- 326.2172
INFO:root:Epoch no. 447 of 500 (samples: 42433)
INFO:root:Loss: 771023.4803 +/- 326.2813
INFO:root:Epoch no. 448 of 500 (samples: 42433)
INFO:root:Loss: 770341.843 +/- 325.4897
INFO:root:Epoch no. 449 of 500 (samples: 42433)
INFO:root:Loss: 769662.209 +/- 325.2808
INFO:root:Epoch no. 450 of 500 (samples: 42433)
INFO:root:Loss: 768985.7282 +/- 324.7988
INFO:root:Epoch no. 451 of 500 (samples: 42433)
INFO:root:Loss: 768311.1939 +/- 324.396
INFO:root:Epoch no. 452 of 500 (samples: 42433)
INFO:root:Loss: 767639.5801 +/- 324.5479
INFO:root:Epoch no. 453 of 500 (samples: 42433)
INFO:root:Loss: 766969.3092 +/- 323.9775
INFO:root:Epoch no. 454 of 500 (samples: 42433)
INFO:root:Loss: 766302.1275 +/- 323.9274
INFO:root:Epoch no. 455 of 500 (samples: 42433)
INFO:root:Loss: 765637.3105 +/- 323.7685
INFO:root:Epoch no. 456 of 500 (samples: 42433)
INFO:root:Loss: 764974.8747 +/- 323.5771
INFO:root:Epoch no. 457 of 500 (samples: 42433)
INFO:root:Loss: 764314.4178 +/- 323.6404
INFO:root:Epoch no. 458 of 500 (samples: 42433)
INFO:root:Loss: 763656.3333 +/- 322.2802
INFO:root:Epoch no. 459 of 500 (samples: 42433)
INFO:root:Loss: 763001.258 +/- 322.6918
INFO:root:Epoch no. 460 of 500 (samples: 42433)
INFO:root:Loss: 762347.8635 +/- 321.9582
INFO:root:Epoch no. 461 of 500 (samples: 42433)
INFO:root:Loss: 761696.794 +/- 321.8411
INFO:root:Epoch no. 462 of 500 (samples: 42433)
INFO:root:Loss: 761047.8723 +/- 322.012
INFO:root:Epoch no. 463 of 500 (samples: 42433)
INFO:root:Loss: 760401.2107 +/- 321.6206
INFO:root:Epoch no. 464 of 500 (samples: 42433)
INFO:root:Loss: 759756.8261 +/- 321.796
INFO:root:Epoch no. 465 of 500 (samples: 42433)
INFO:root:Loss: 759114.8699 +/- 321.2597
INFO:root:Epoch no. 466 of 500 (samples: 42433)
INFO:root:Loss: 758475.086 +/- 320.4504
INFO:root:Epoch no. 467 of 500 (samples: 42433)
INFO:root:Loss: 757837.0965 +/- 320.9318
INFO:root:Epoch no. 468 of 500 (samples: 42433)
INFO:root:Loss: 757201.5758 +/- 320.4827
INFO:root:Epoch no. 469 of 500 (samples: 42433)
INFO:root:Loss: 756568.3398 +/- 320.0574
INFO:root:Epoch no. 470 of 500 (samples: 42433)
INFO:root:Loss: 755937.2114 +/- 319.9884
INFO:root:Epoch no. 471 of 500 (samples: 42433)
INFO:root:Loss: 755307.8446 +/- 319.4525
INFO:root:Epoch no. 472 of 500 (samples: 42433)
INFO:root:Loss: 754681.3097 +/- 319.9794
INFO:root:Epoch no. 473 of 500 (samples: 42433)
INFO:root:Loss: 754056.3506 +/- 318.6362
INFO:root:Epoch no. 474 of 500 (samples: 42433)
INFO:root:Loss: 753433.6605 +/- 318.8322
INFO:root:Epoch no. 475 of 500 (samples: 42433)
INFO:root:Loss: 752813.1745 +/- 318.7696
INFO:root:Epoch no. 476 of 500 (samples: 42433)
INFO:root:Loss: 752194.4096 +/- 318.1347
INFO:root:Epoch no. 477 of 500 (samples: 42433)
INFO:root:Loss: 751578.0664 +/- 318.2496
INFO:root:Epoch no. 478 of 500 (samples: 42433)
INFO:root:Loss: 750963.4923 +/- 317.6516
INFO:root:Epoch no. 479 of 500 (samples: 42433)
INFO:root:Loss: 750351.4285 +/- 317.483
INFO:root:Epoch no. 480 of 500 (samples: 42433)
INFO:root:Loss: 749740.6272 +/- 317.0194
INFO:root:Epoch no. 481 of 500 (samples: 42433)
INFO:root:Loss: 749132.111 +/- 317.3534
INFO:root:Epoch no. 482 of 500 (samples: 42433)
INFO:root:Loss: 748525.7661 +/- 316.9398
INFO:root:Epoch no. 483 of 500 (samples: 42433)
INFO:root:Loss: 747921.6254 +/- 316.1028
INFO:root:Epoch no. 484 of 500 (samples: 42433)
INFO:root:Loss: 747319.1662 +/- 316.4831
INFO:root:Epoch no. 485 of 500 (samples: 42433)
INFO:root:Loss: 746718.5808 +/- 316.0061
INFO:root:Epoch no. 486 of 500 (samples: 42433)
INFO:root:Loss: 746120.0229 +/- 315.81
INFO:root:Epoch no. 487 of 500 (samples: 42433)
INFO:root:Loss: 745523.5322 +/- 315.7837
INFO:root:Epoch no. 488 of 500 (samples: 42433)
INFO:root:Loss: 744929.149 +/- 315.5601
INFO:root:Epoch no. 489 of 500 (samples: 42433)
INFO:root:Loss: 744336.4148 +/- 315.1789
INFO:root:Epoch no. 490 of 500 (samples: 42433)
INFO:root:Loss: 743745.5709 +/- 314.6559
INFO:root:Epoch no. 491 of 500 (samples: 42433)
INFO:root:Loss: 743156.6336 +/- 314.5652
INFO:root:Epoch no. 492 of 500 (samples: 42433)
INFO:root:Loss: 742569.5706 +/- 314.4041
INFO:root:Epoch no. 493 of 500 (samples: 42433)
INFO:root:Loss: 741984.7035 +/- 314.1774
INFO:root:Epoch no. 494 of 500 (samples: 42433)
INFO:root:Loss: 741401.4051 +/- 314.1092
INFO:root:Epoch no. 495 of 500 (samples: 42433)
INFO:root:Loss: 740820.4233 +/- 313.741
INFO:root:Epoch no. 496 of 500 (samples: 42433)
INFO:root:Loss: 740240.8575 +/- 314.2891
INFO:root:Epoch no. 497 of 500 (samples: 42433)
INFO:root:Loss: 739663.262 +/- 313.6319
INFO:root:Epoch no. 498 of 500 (samples: 42433)
INFO:root:Loss: 739087.4283 +/- 312.9818
INFO:root:Epoch no. 499 of 500 (samples: 42433)
INFO:root:Loss: 738513.7184 +/- 312.8253
INFO:root:Epoch no. 500 of 500 (samples: 42433)
INFO:root:Loss: 737941.4806 +/- 313.1872
/usr/local/lib/python3.5/dist-packages/keras/backend/theano_backend.py:514: UserWarning: theano.function was asked to create a function computing outputs given certain inputs, but the provided input variable at index 2 is not part of the computational graph needed to compute the outputs: keras_learning_phase.
To make this warning into an error, you can pass the parameter on_unused_input='raise' to theano.function. To disable it completely, use on_unused_input='ignore'.
  **kwargs)
INFO:root:### MICRO (validation raw):
INFO:root:	-- left   >> mean: 13117.0478, median: 7813.5, mrr: 0.105, hits@1: 7.44%
INFO:root:	-- right  >> mean: 12849.1946, median: 6847.5, mrr: 0.114, hits@1: 8.0%
INFO:root:	-- global >> mean: 12983.1212, median: 7343.0, mrr: 0.11, hits@1: 7.72%
INFO:root:### MICRO (validation raw):
INFO:root:	-- left   >> mean: 13117.0478, median: 7813.5, mrr: 0.105, hits@3: 12.66%
INFO:root:	-- right  >> mean: 12849.1946, median: 6847.5, mrr: 0.114, hits@3: 13.36%
INFO:root:	-- global >> mean: 12983.1212, median: 7343.0, mrr: 0.11, hits@3: 13.01%
INFO:root:### MICRO (validation raw):
INFO:root:	-- left   >> mean: 13117.0478, median: 7813.5, mrr: 0.105, hits@5: 13.88%
INFO:root:	-- right  >> mean: 12849.1946, median: 6847.5, mrr: 0.114, hits@5: 15.34%
INFO:root:	-- global >> mean: 12983.1212, median: 7343.0, mrr: 0.11, hits@5: 14.61%
INFO:root:### MICRO (validation raw):
INFO:root:	-- left   >> mean: 13117.0478, median: 7813.5, mrr: 0.105, hits@10: 15.64%
INFO:root:	-- right  >> mean: 12849.1946, median: 6847.5, mrr: 0.114, hits@10: 17.16%
INFO:root:	-- global >> mean: 12983.1212, median: 7343.0, mrr: 0.11, hits@10: 16.4%
INFO:root:### MICRO (validation filtered):
INFO:root:	-- left   >> mean: 13111.4944, median: 7813.5, mrr: 0.12, hits@1: 9.62%
INFO:root:	-- right  >> mean: 12843.7756, median: 6847.5, mrr: 0.128, hits@1: 9.98%
INFO:root:	-- global >> mean: 12977.635, median: 7342.0, mrr: 0.124, hits@1: 9.8%
INFO:root:### MICRO (validation filtered):
INFO:root:	-- left   >> mean: 13111.4944, median: 7813.5, mrr: 0.12, hits@3: 13.32%
INFO:root:	-- right  >> mean: 12843.7756, median: 6847.5, mrr: 0.128, hits@3: 14.42%
INFO:root:	-- global >> mean: 12977.635, median: 7342.0, mrr: 0.124, hits@3: 13.87%
INFO:root:### MICRO (validation filtered):
INFO:root:	-- left   >> mean: 13111.4944, median: 7813.5, mrr: 0.12, hits@5: 14.32%
INFO:root:	-- right  >> mean: 12843.7756, median: 6847.5, mrr: 0.128, hits@5: 15.9%
INFO:root:	-- global >> mean: 12977.635, median: 7342.0, mrr: 0.124, hits@5: 15.11%
INFO:root:### MICRO (validation filtered):
INFO:root:	-- left   >> mean: 13111.4944, median: 7813.5, mrr: 0.12, hits@10: 16.04%
INFO:root:	-- right  >> mean: 12843.7756, median: 6847.5, mrr: 0.128, hits@10: 17.64%
INFO:root:	-- global >> mean: 12977.635, median: 7342.0, mrr: 0.124, hits@10: 16.84%
INFO:root:### MICRO (test raw):
INFO:root:	-- left   >> mean: 13526.589, median: 9126.0, mrr: 0.098, hits@1: 7.18%
INFO:root:	-- right  >> mean: 12856.9546, median: 6766.0, mrr: 0.115, hits@1: 8.12%
INFO:root:	-- global >> mean: 13191.7718, median: 7859.5, mrr: 0.107, hits@1: 7.65%
INFO:root:### MICRO (test raw):
INFO:root:	-- left   >> mean: 13526.589, median: 9126.0, mrr: 0.098, hits@3: 11.52%
INFO:root:	-- right  >> mean: 12856.9546, median: 6766.0, mrr: 0.115, hits@3: 13.64%
INFO:root:	-- global >> mean: 13191.7718, median: 7859.5, mrr: 0.107, hits@3: 12.58%
INFO:root:### MICRO (test raw):
INFO:root:	-- left   >> mean: 13526.589, median: 9126.0, mrr: 0.098, hits@5: 12.82%
INFO:root:	-- right  >> mean: 12856.9546, median: 6766.0, mrr: 0.115, hits@5: 15.4%
INFO:root:	-- global >> mean: 13191.7718, median: 7859.5, mrr: 0.107, hits@5: 14.11%
INFO:root:### MICRO (test raw):
INFO:root:	-- left   >> mean: 13526.589, median: 9126.0, mrr: 0.098, hits@10: 14.2%
INFO:root:	-- right  >> mean: 12856.9546, median: 6766.0, mrr: 0.115, hits@10: 17.16%
INFO:root:	-- global >> mean: 13191.7718, median: 7859.5, mrr: 0.107, hits@10: 15.68%
INFO:root:### MICRO (test filtered):
INFO:root:	-- left   >> mean: 13520.7558, median: 9126.0, mrr: 0.112, hits@1: 9.18%
INFO:root:	-- right  >> mean: 12851.8034, median: 6766.0, mrr: 0.13, hits@1: 10.4%
INFO:root:	-- global >> mean: 13186.2796, median: 7839.5, mrr: 0.121, hits@1: 9.79%
INFO:root:### MICRO (test filtered):
INFO:root:	-- left   >> mean: 13520.7558, median: 9126.0, mrr: 0.112, hits@3: 12.12%
INFO:root:	-- right  >> mean: 12851.8034, median: 6766.0, mrr: 0.13, hits@3: 14.32%
INFO:root:	-- global >> mean: 13186.2796, median: 7839.5, mrr: 0.121, hits@3: 13.22%
INFO:root:### MICRO (test filtered):
INFO:root:	-- left   >> mean: 13520.7558, median: 9126.0, mrr: 0.112, hits@5: 13.2%
INFO:root:	-- right  >> mean: 12851.8034, median: 6766.0, mrr: 0.13, hits@5: 15.82%
INFO:root:	-- global >> mean: 13186.2796, median: 7839.5, mrr: 0.121, hits@5: 14.51%
INFO:root:### MICRO (test filtered):
INFO:root:	-- left   >> mean: 13520.7558, median: 9126.0, mrr: 0.112, hits@10: 14.42%
INFO:root:	-- right  >> mean: 12851.8034, median: 6766.0, mrr: 0.13, hits@10: 17.52%
INFO:root:	-- global >> mean: 13186.2796, median: 7839.5, mrr: 0.121, hits@10: 15.97%
