Using Theano backend.
Using gpu device 0: GeForce GTX TITAN X (CNMeM is disabled, cuDNN not available)
INFO:root:Acquiring data/wn18/wordnet-mlj12-train.txt ..
INFO:root:Acquiring data/wn18/wordnet-mlj12-valid.txt ..
INFO:root:Acquiring data/wn18/wordnet-mlj12-test.txt ..
INFO:root:[Rules] Adding Head: 15, Tail: [(10, True)]
INFO:root:[Rules] Adding Head: 12, Tail: [(17, True)]
INFO:root:[Rules] Adding Head: 4, Tail: [(5, True)]
INFO:root:[Rules] Adding Head: 13, Tail: [(3, True)]
INFO:root:[Rules] Adding Head: 5, Tail: [(4, True)]
INFO:root:[Rules] Adding Head: 16, Tail: [(11, True)]
INFO:root:[Rules] Adding Head: 17, Tail: [(12, True)]
INFO:root:[Rules] Adding Head: 11, Tail: [(16, True)]
INFO:root:[Rules] Adding Head: 8, Tail: [(9, True)]
INFO:root:[Rules] Adding Head: 2, Tail: [(2, True)]
INFO:root:Samples: 141442, no. batches: 10 -> batch size: 14145
INFO:root:Epoch no. 1 of 500 (samples: 141442)
INFO:root:Loss: 676.2657 +/- 204.1699
INFO:root:Epoch no. 2 of 500 (samples: 141442)
INFO:root:Loss: 411.2394 +/- 13.8852
INFO:root:Epoch no. 3 of 500 (samples: 141442)
INFO:root:Loss: 324.676 +/- 5.1511
INFO:root:Epoch no. 4 of 500 (samples: 141442)
INFO:root:Loss: 269.2444 +/- 2.0957
INFO:root:Epoch no. 5 of 500 (samples: 141442)
INFO:root:Loss: 229.6934 +/- 1.9987
INFO:root:Epoch no. 6 of 500 (samples: 141442)
INFO:root:Loss: 200.6114 +/- 2.0761
INFO:root:Epoch no. 7 of 500 (samples: 141442)
INFO:root:Loss: 177.822 +/- 2.2414
INFO:root:Epoch no. 8 of 500 (samples: 141442)
INFO:root:Loss: 159.8666 +/- 2.4347
INFO:root:Epoch no. 9 of 500 (samples: 141442)
INFO:root:Loss: 146.0824 +/- 2.205
INFO:root:Epoch no. 10 of 500 (samples: 141442)
INFO:root:Loss: 134.8227 +/- 2.6353
INFO:root:Epoch no. 11 of 500 (samples: 141442)
INFO:root:Loss: 125.8065 +/- 2.6674
INFO:root:Epoch no. 12 of 500 (samples: 141442)
INFO:root:Loss: 117.8507 +/- 3.2552
INFO:root:Epoch no. 13 of 500 (samples: 141442)
INFO:root:Loss: 111.6168 +/- 2.7296
INFO:root:Epoch no. 14 of 500 (samples: 141442)
INFO:root:Loss: 106.3304 +/- 2.9911
INFO:root:Epoch no. 15 of 500 (samples: 141442)
INFO:root:Loss: 101.6631 +/- 2.898
INFO:root:Epoch no. 16 of 500 (samples: 141442)
INFO:root:Loss: 97.6924 +/- 2.9067
INFO:root:Epoch no. 17 of 500 (samples: 141442)
INFO:root:Loss: 93.8268 +/- 2.5774
INFO:root:Epoch no. 18 of 500 (samples: 141442)
INFO:root:Loss: 91.0541 +/- 2.4526
INFO:root:Epoch no. 19 of 500 (samples: 141442)
INFO:root:Loss: 88.3345 +/- 2.4579
INFO:root:Epoch no. 20 of 500 (samples: 141442)
INFO:root:Loss: 85.9791 +/- 2.3119
INFO:root:Epoch no. 21 of 500 (samples: 141442)
INFO:root:Loss: 83.5827 +/- 2.3325
INFO:root:Epoch no. 22 of 500 (samples: 141442)
INFO:root:Loss: 81.6718 +/- 2.1123
INFO:root:Epoch no. 23 of 500 (samples: 141442)
INFO:root:Loss: 79.3108 +/- 2.429
INFO:root:Epoch no. 24 of 500 (samples: 141442)
INFO:root:Loss: 78.0787 +/- 2.0422
INFO:root:Epoch no. 25 of 500 (samples: 141442)
INFO:root:Loss: 76.3511 +/- 2.6848
INFO:root:Epoch no. 26 of 500 (samples: 141442)
INFO:root:Loss: 75.0651 +/- 2.4704
INFO:root:Epoch no. 27 of 500 (samples: 141442)
INFO:root:Loss: 73.6905 +/- 1.7904
INFO:root:Epoch no. 28 of 500 (samples: 141442)
INFO:root:Loss: 72.7293 +/- 2.2731
INFO:root:Epoch no. 29 of 500 (samples: 141442)
INFO:root:Loss: 71.1892 +/- 1.6838
INFO:root:Epoch no. 30 of 500 (samples: 141442)
INFO:root:Loss: 70.3471 +/- 2.256
INFO:root:Epoch no. 31 of 500 (samples: 141442)
INFO:root:Loss: 69.2589 +/- 1.9311
INFO:root:Epoch no. 32 of 500 (samples: 141442)
INFO:root:Loss: 68.1176 +/- 1.9636
INFO:root:Epoch no. 33 of 500 (samples: 141442)
INFO:root:Loss: 67.25 +/- 1.3271
INFO:root:Epoch no. 34 of 500 (samples: 141442)
INFO:root:Loss: 66.2622 +/- 1.375
INFO:root:Epoch no. 35 of 500 (samples: 141442)
INFO:root:Loss: 65.5045 +/- 1.6992
INFO:root:Epoch no. 36 of 500 (samples: 141442)
INFO:root:Loss: 64.7563 +/- 1.8006
INFO:root:Epoch no. 37 of 500 (samples: 141442)
INFO:root:Loss: 63.9178 +/- 1.7164
INFO:root:Epoch no. 38 of 500 (samples: 141442)
INFO:root:Loss: 63.0855 +/- 1.6828
INFO:root:Epoch no. 39 of 500 (samples: 141442)
INFO:root:Loss: 62.2775 +/- 1.8829
INFO:root:Epoch no. 40 of 500 (samples: 141442)
INFO:root:Loss: 61.9845 +/- 1.7159
INFO:root:Epoch no. 41 of 500 (samples: 141442)
INFO:root:Loss: 61.2632 +/- 1.5534
INFO:root:Epoch no. 42 of 500 (samples: 141442)
INFO:root:Loss: 60.6579 +/- 1.6537
INFO:root:Epoch no. 43 of 500 (samples: 141442)
INFO:root:Loss: 60.2146 +/- 1.8025
INFO:root:Epoch no. 44 of 500 (samples: 141442)
INFO:root:Loss: 59.483 +/- 1.4567
INFO:root:Epoch no. 45 of 500 (samples: 141442)
INFO:root:Loss: 59.0884 +/- 1.903
INFO:root:Epoch no. 46 of 500 (samples: 141442)
INFO:root:Loss: 58.5081 +/- 1.7698
INFO:root:Epoch no. 47 of 500 (samples: 141442)
INFO:root:Loss: 58.2537 +/- 1.5907
INFO:root:Epoch no. 48 of 500 (samples: 141442)
INFO:root:Loss: 57.4716 +/- 1.6108
INFO:root:Epoch no. 49 of 500 (samples: 141442)
INFO:root:Loss: 57.0208 +/- 1.4057
INFO:root:Epoch no. 50 of 500 (samples: 141442)
INFO:root:Loss: 56.9393 +/- 1.3752
INFO:root:Epoch no. 51 of 500 (samples: 141442)
INFO:root:Loss: 56.5055 +/- 1.9851
INFO:root:Epoch no. 52 of 500 (samples: 141442)
INFO:root:Loss: 55.8052 +/- 1.6862
INFO:root:Epoch no. 53 of 500 (samples: 141442)
INFO:root:Loss: 55.1777 +/- 1.5262
INFO:root:Epoch no. 54 of 500 (samples: 141442)
INFO:root:Loss: 55.3546 +/- 1.3063
INFO:root:Epoch no. 55 of 500 (samples: 141442)
INFO:root:Loss: 54.5182 +/- 1.9762
INFO:root:Epoch no. 56 of 500 (samples: 141442)
INFO:root:Loss: 54.3052 +/- 1.6078
INFO:root:Epoch no. 57 of 500 (samples: 141442)
INFO:root:Loss: 53.9969 +/- 1.4129
INFO:root:Epoch no. 58 of 500 (samples: 141442)
INFO:root:Loss: 53.7457 +/- 1.4497
INFO:root:Epoch no. 59 of 500 (samples: 141442)
INFO:root:Loss: 53.3407 +/- 1.1561
INFO:root:Epoch no. 60 of 500 (samples: 141442)
INFO:root:Loss: 52.9986 +/- 1.3662
INFO:root:Epoch no. 61 of 500 (samples: 141442)
INFO:root:Loss: 52.8143 +/- 1.2925
INFO:root:Epoch no. 62 of 500 (samples: 141442)
INFO:root:Loss: 52.5044 +/- 0.9532
INFO:root:Epoch no. 63 of 500 (samples: 141442)
INFO:root:Loss: 51.8947 +/- 1.5474
INFO:root:Epoch no. 64 of 500 (samples: 141442)
INFO:root:Loss: 51.8384 +/- 1.352
INFO:root:Epoch no. 65 of 500 (samples: 141442)
INFO:root:Loss: 51.3366 +/- 1.4802
INFO:root:Epoch no. 66 of 500 (samples: 141442)
INFO:root:Loss: 51.3191 +/- 0.8416
INFO:root:Epoch no. 67 of 500 (samples: 141442)
INFO:root:Loss: 50.9879 +/- 1.212
INFO:root:Epoch no. 68 of 500 (samples: 141442)
INFO:root:Loss: 50.7723 +/- 0.8896
INFO:root:Epoch no. 69 of 500 (samples: 141442)
INFO:root:Loss: 50.4929 +/- 1.1097
INFO:root:Epoch no. 70 of 500 (samples: 141442)
INFO:root:Loss: 50.4169 +/- 0.901
INFO:root:Epoch no. 71 of 500 (samples: 141442)
INFO:root:Loss: 49.8491 +/- 1.403
INFO:root:Epoch no. 72 of 500 (samples: 141442)
INFO:root:Loss: 49.8873 +/- 0.7443
INFO:root:Epoch no. 73 of 500 (samples: 141442)
INFO:root:Loss: 49.8305 +/- 1.2287
INFO:root:Epoch no. 74 of 500 (samples: 141442)
INFO:root:Loss: 49.3629 +/- 1.4409
INFO:root:Epoch no. 75 of 500 (samples: 141442)
INFO:root:Loss: 49.19 +/- 1.2925
INFO:root:Epoch no. 76 of 500 (samples: 141442)
INFO:root:Loss: 48.9403 +/- 1.4312
INFO:root:Epoch no. 77 of 500 (samples: 141442)
INFO:root:Loss: 48.8778 +/- 0.923
INFO:root:Epoch no. 78 of 500 (samples: 141442)
INFO:root:Loss: 48.561 +/- 0.9231
INFO:root:Epoch no. 79 of 500 (samples: 141442)
INFO:root:Loss: 48.4796 +/- 1.3729
INFO:root:Epoch no. 80 of 500 (samples: 141442)
INFO:root:Loss: 47.8101 +/- 1.002
INFO:root:Epoch no. 81 of 500 (samples: 141442)
INFO:root:Loss: 47.8856 +/- 1.3584
INFO:root:Epoch no. 82 of 500 (samples: 141442)
INFO:root:Loss: 47.7761 +/- 1.4042
INFO:root:Epoch no. 83 of 500 (samples: 141442)
INFO:root:Loss: 47.5124 +/- 1.1564
INFO:root:Epoch no. 84 of 500 (samples: 141442)
INFO:root:Loss: 47.2861 +/- 0.9198
INFO:root:Epoch no. 85 of 500 (samples: 141442)
INFO:root:Loss: 47.2896 +/- 1.0285
INFO:root:Epoch no. 86 of 500 (samples: 141442)
INFO:root:Loss: 47.1585 +/- 0.8876
INFO:root:Epoch no. 87 of 500 (samples: 141442)
INFO:root:Loss: 46.9674 +/- 1.0718
INFO:root:Epoch no. 88 of 500 (samples: 141442)
INFO:root:Loss: 46.8519 +/- 1.2413
INFO:root:Epoch no. 89 of 500 (samples: 141442)
INFO:root:Loss: 46.8231 +/- 1.4264
INFO:root:Epoch no. 90 of 500 (samples: 141442)
INFO:root:Loss: 46.4055 +/- 1.3682
INFO:root:Epoch no. 91 of 500 (samples: 141442)
INFO:root:Loss: 46.4156 +/- 0.965
INFO:root:Epoch no. 92 of 500 (samples: 141442)
INFO:root:Loss: 46.4648 +/- 1.3067
INFO:root:Epoch no. 93 of 500 (samples: 141442)
INFO:root:Loss: 46.4657 +/- 1.2847
INFO:root:Epoch no. 94 of 500 (samples: 141442)
INFO:root:Loss: 45.9526 +/- 0.7991
INFO:root:Epoch no. 95 of 500 (samples: 141442)
INFO:root:Loss: 45.6753 +/- 1.6095
INFO:root:Epoch no. 96 of 500 (samples: 141442)
INFO:root:Loss: 45.6765 +/- 0.7
INFO:root:Epoch no. 97 of 500 (samples: 141442)
INFO:root:Loss: 45.4822 +/- 0.7996
INFO:root:Epoch no. 98 of 500 (samples: 141442)
INFO:root:Loss: 45.3255 +/- 0.9374
INFO:root:Epoch no. 99 of 500 (samples: 141442)
INFO:root:Loss: 45.585 +/- 0.8026
INFO:root:Epoch no. 100 of 500 (samples: 141442)
INFO:root:Loss: 44.8793 +/- 0.6173
INFO:root:Epoch no. 101 of 500 (samples: 141442)
INFO:root:Loss: 44.8829 +/- 1.1049
INFO:root:Epoch no. 102 of 500 (samples: 141442)
INFO:root:Loss: 44.6686 +/- 1.2466
INFO:root:Epoch no. 103 of 500 (samples: 141442)
INFO:root:Loss: 44.8567 +/- 0.9266
INFO:root:Epoch no. 104 of 500 (samples: 141442)
INFO:root:Loss: 44.7051 +/- 0.9128
INFO:root:Epoch no. 105 of 500 (samples: 141442)
INFO:root:Loss: 44.753 +/- 0.8705
INFO:root:Epoch no. 106 of 500 (samples: 141442)
INFO:root:Loss: 44.4234 +/- 1.2089
INFO:root:Epoch no. 107 of 500 (samples: 141442)
INFO:root:Loss: 44.1088 +/- 1.1451
INFO:root:Epoch no. 108 of 500 (samples: 141442)
INFO:root:Loss: 44.2512 +/- 1.3329
INFO:root:Epoch no. 109 of 500 (samples: 141442)
INFO:root:Loss: 44.2705 +/- 0.8597
INFO:root:Epoch no. 110 of 500 (samples: 141442)
INFO:root:Loss: 44.1239 +/- 0.9861
INFO:root:Epoch no. 111 of 500 (samples: 141442)
INFO:root:Loss: 44.1699 +/- 1.0085
INFO:root:Epoch no. 112 of 500 (samples: 141442)
INFO:root:Loss: 43.9046 +/- 0.7254
INFO:root:Epoch no. 113 of 500 (samples: 141442)
INFO:root:Loss: 43.9254 +/- 1.0276
INFO:root:Epoch no. 114 of 500 (samples: 141442)
INFO:root:Loss: 43.7224 +/- 1.0505
INFO:root:Epoch no. 115 of 500 (samples: 141442)
INFO:root:Loss: 43.6811 +/- 0.8433
INFO:root:Epoch no. 116 of 500 (samples: 141442)
INFO:root:Loss: 43.7093 +/- 1.0196
INFO:root:Epoch no. 117 of 500 (samples: 141442)
INFO:root:Loss: 43.5395 +/- 1.2129
INFO:root:Epoch no. 118 of 500 (samples: 141442)
INFO:root:Loss: 43.5739 +/- 1.0243
INFO:root:Epoch no. 119 of 500 (samples: 141442)
INFO:root:Loss: 43.2184 +/- 0.8578
INFO:root:Epoch no. 120 of 500 (samples: 141442)
INFO:root:Loss: 42.9997 +/- 1.032
INFO:root:Epoch no. 121 of 500 (samples: 141442)
INFO:root:Loss: 43.103 +/- 0.924
INFO:root:Epoch no. 122 of 500 (samples: 141442)
INFO:root:Loss: 42.924 +/- 1.0307
INFO:root:Epoch no. 123 of 500 (samples: 141442)
INFO:root:Loss: 42.9637 +/- 0.8229
INFO:root:Epoch no. 124 of 500 (samples: 141442)
INFO:root:Loss: 42.9916 +/- 0.8106
INFO:root:Epoch no. 125 of 500 (samples: 141442)
INFO:root:Loss: 42.8786 +/- 1.1763
INFO:root:Epoch no. 126 of 500 (samples: 141442)
INFO:root:Loss: 42.7372 +/- 0.7485
INFO:root:Epoch no. 127 of 500 (samples: 141442)
INFO:root:Loss: 42.6358 +/- 0.925
INFO:root:Epoch no. 128 of 500 (samples: 141442)
INFO:root:Loss: 42.5021 +/- 0.6005
INFO:root:Epoch no. 129 of 500 (samples: 141442)
INFO:root:Loss: 42.2082 +/- 0.9583
INFO:root:Epoch no. 130 of 500 (samples: 141442)
INFO:root:Loss: 42.3966 +/- 1.3059
INFO:root:Epoch no. 131 of 500 (samples: 141442)
INFO:root:Loss: 42.2956 +/- 0.7114
INFO:root:Epoch no. 132 of 500 (samples: 141442)
INFO:root:Loss: 42.3202 +/- 1.216
INFO:root:Epoch no. 133 of 500 (samples: 141442)
INFO:root:Loss: 42.4077 +/- 0.9768
INFO:root:Epoch no. 134 of 500 (samples: 141442)
INFO:root:Loss: 41.9809 +/- 0.7269
INFO:root:Epoch no. 135 of 500 (samples: 141442)
INFO:root:Loss: 42.3315 +/- 0.627
INFO:root:Epoch no. 136 of 500 (samples: 141442)
INFO:root:Loss: 42.1477 +/- 0.8746
INFO:root:Epoch no. 137 of 500 (samples: 141442)
INFO:root:Loss: 41.7839 +/- 0.9538
INFO:root:Epoch no. 138 of 500 (samples: 141442)
INFO:root:Loss: 41.8871 +/- 1.0072
INFO:root:Epoch no. 139 of 500 (samples: 141442)
INFO:root:Loss: 41.7537 +/- 1.2242
INFO:root:Epoch no. 140 of 500 (samples: 141442)
INFO:root:Loss: 41.6282 +/- 0.9187
INFO:root:Epoch no. 141 of 500 (samples: 141442)
INFO:root:Loss: 41.8203 +/- 0.9104
INFO:root:Epoch no. 142 of 500 (samples: 141442)
INFO:root:Loss: 41.8498 +/- 1.0301
INFO:root:Epoch no. 143 of 500 (samples: 141442)
INFO:root:Loss: 41.8445 +/- 1.0322
INFO:root:Epoch no. 144 of 500 (samples: 141442)
INFO:root:Loss: 41.5441 +/- 0.6447
INFO:root:Epoch no. 145 of 500 (samples: 141442)
INFO:root:Loss: 41.5225 +/- 0.7717
INFO:root:Epoch no. 146 of 500 (samples: 141442)
INFO:root:Loss: 41.304 +/- 0.6759
INFO:root:Epoch no. 147 of 500 (samples: 141442)
INFO:root:Loss: 41.2933 +/- 0.8429
INFO:root:Epoch no. 148 of 500 (samples: 141442)
INFO:root:Loss: 41.4613 +/- 1.155
INFO:root:Epoch no. 149 of 500 (samples: 141442)
INFO:root:Loss: 41.3832 +/- 0.8455
INFO:root:Epoch no. 150 of 500 (samples: 141442)
INFO:root:Loss: 41.3625 +/- 0.6782
INFO:root:Epoch no. 151 of 500 (samples: 141442)
INFO:root:Loss: 41.1733 +/- 0.7253
INFO:root:Epoch no. 152 of 500 (samples: 141442)
INFO:root:Loss: 40.9565 +/- 0.9567
INFO:root:Epoch no. 153 of 500 (samples: 141442)
INFO:root:Loss: 41.008 +/- 0.95
INFO:root:Epoch no. 154 of 500 (samples: 141442)
INFO:root:Loss: 40.9802 +/- 1.0943
INFO:root:Epoch no. 155 of 500 (samples: 141442)
INFO:root:Loss: 40.8636 +/- 0.8309
INFO:root:Epoch no. 156 of 500 (samples: 141442)
INFO:root:Loss: 41.2127 +/- 0.5099
INFO:root:Epoch no. 157 of 500 (samples: 141442)
INFO:root:Loss: 40.9307 +/- 0.7827
INFO:root:Epoch no. 158 of 500 (samples: 141442)
INFO:root:Loss: 40.8362 +/- 0.652
INFO:root:Epoch no. 159 of 500 (samples: 141442)
INFO:root:Loss: 40.7269 +/- 0.9913
INFO:root:Epoch no. 160 of 500 (samples: 141442)
INFO:root:Loss: 40.8449 +/- 0.5415
INFO:root:Epoch no. 161 of 500 (samples: 141442)
INFO:root:Loss: 40.7364 +/- 0.9727
INFO:root:Epoch no. 162 of 500 (samples: 141442)
INFO:root:Loss: 40.5044 +/- 0.6105
INFO:root:Epoch no. 163 of 500 (samples: 141442)
INFO:root:Loss: 40.6455 +/- 0.9853
INFO:root:Epoch no. 164 of 500 (samples: 141442)
INFO:root:Loss: 40.5342 +/- 0.5709
INFO:root:Epoch no. 165 of 500 (samples: 141442)
INFO:root:Loss: 40.5775 +/- 1.1428
INFO:root:Epoch no. 166 of 500 (samples: 141442)
INFO:root:Loss: 40.5904 +/- 0.9203
INFO:root:Epoch no. 167 of 500 (samples: 141442)
INFO:root:Loss: 40.5479 +/- 0.8984
INFO:root:Epoch no. 168 of 500 (samples: 141442)
INFO:root:Loss: 40.3696 +/- 1.0297
INFO:root:Epoch no. 169 of 500 (samples: 141442)
INFO:root:Loss: 40.28 +/- 0.8955
INFO:root:Epoch no. 170 of 500 (samples: 141442)
INFO:root:Loss: 40.3141 +/- 0.8762
INFO:root:Epoch no. 171 of 500 (samples: 141442)
INFO:root:Loss: 40.5221 +/- 0.8693
INFO:root:Epoch no. 172 of 500 (samples: 141442)
INFO:root:Loss: 40.2126 +/- 0.7285
INFO:root:Epoch no. 173 of 500 (samples: 141442)
INFO:root:Loss: 40.4218 +/- 0.8866
INFO:root:Epoch no. 174 of 500 (samples: 141442)
INFO:root:Loss: 40.1692 +/- 1.2497
INFO:root:Epoch no. 175 of 500 (samples: 141442)
INFO:root:Loss: 39.9539 +/- 0.7547
INFO:root:Epoch no. 176 of 500 (samples: 141442)
INFO:root:Loss: 40.0949 +/- 0.8271
INFO:root:Epoch no. 177 of 500 (samples: 141442)
INFO:root:Loss: 39.791 +/- 0.8803
INFO:root:Epoch no. 178 of 500 (samples: 141442)
INFO:root:Loss: 40.1922 +/- 0.7415
INFO:root:Epoch no. 179 of 500 (samples: 141442)
INFO:root:Loss: 40.1612 +/- 1.0376
INFO:root:Epoch no. 180 of 500 (samples: 141442)
INFO:root:Loss: 39.7114 +/- 0.8214
INFO:root:Epoch no. 181 of 500 (samples: 141442)
INFO:root:Loss: 39.6543 +/- 1.0768
INFO:root:Epoch no. 182 of 500 (samples: 141442)
INFO:root:Loss: 39.7654 +/- 1.0224
INFO:root:Epoch no. 183 of 500 (samples: 141442)
INFO:root:Loss: 39.8903 +/- 0.7137
INFO:root:Epoch no. 184 of 500 (samples: 141442)
INFO:root:Loss: 39.9273 +/- 1.0206
INFO:root:Epoch no. 185 of 500 (samples: 141442)
INFO:root:Loss: 40.0036 +/- 0.7734
INFO:root:Epoch no. 186 of 500 (samples: 141442)
INFO:root:Loss: 39.9356 +/- 0.6487
INFO:root:Epoch no. 187 of 500 (samples: 141442)
INFO:root:Loss: 39.6506 +/- 0.8887
INFO:root:Epoch no. 188 of 500 (samples: 141442)
INFO:root:Loss: 39.7373 +/- 0.7104
INFO:root:Epoch no. 189 of 500 (samples: 141442)
INFO:root:Loss: 39.5296 +/- 0.7572
INFO:root:Epoch no. 190 of 500 (samples: 141442)
INFO:root:Loss: 39.6115 +/- 0.9932
INFO:root:Epoch no. 191 of 500 (samples: 141442)
INFO:root:Loss: 39.6446 +/- 0.6491
INFO:root:Epoch no. 192 of 500 (samples: 141442)
INFO:root:Loss: 39.7528 +/- 1.0636
INFO:root:Epoch no. 193 of 500 (samples: 141442)
INFO:root:Loss: 39.837 +/- 1.0517
INFO:root:Epoch no. 194 of 500 (samples: 141442)
INFO:root:Loss: 39.541 +/- 0.9928
INFO:root:Epoch no. 195 of 500 (samples: 141442)
INFO:root:Loss: 39.3619 +/- 1.0427
INFO:root:Epoch no. 196 of 500 (samples: 141442)
INFO:root:Loss: 39.2962 +/- 0.7301
INFO:root:Epoch no. 197 of 500 (samples: 141442)
INFO:root:Loss: 39.1818 +/- 0.6358
INFO:root:Epoch no. 198 of 500 (samples: 141442)
INFO:root:Loss: 39.3484 +/- 0.886
INFO:root:Epoch no. 199 of 500 (samples: 141442)
INFO:root:Loss: 39.3789 +/- 0.9661
INFO:root:Epoch no. 200 of 500 (samples: 141442)
INFO:root:Loss: 39.1981 +/- 0.7111
INFO:root:Epoch no. 201 of 500 (samples: 141442)
INFO:root:Loss: 39.1996 +/- 0.9459
INFO:root:Epoch no. 202 of 500 (samples: 141442)
INFO:root:Loss: 39.4271 +/- 0.8256
INFO:root:Epoch no. 203 of 500 (samples: 141442)
INFO:root:Loss: 39.3459 +/- 0.658
INFO:root:Epoch no. 204 of 500 (samples: 141442)
INFO:root:Loss: 39.1234 +/- 0.7076
INFO:root:Epoch no. 205 of 500 (samples: 141442)
INFO:root:Loss: 39.1708 +/- 0.9163
INFO:root:Epoch no. 206 of 500 (samples: 141442)
INFO:root:Loss: 39.0096 +/- 1.0509
INFO:root:Epoch no. 207 of 500 (samples: 141442)
INFO:root:Loss: 39.331 +/- 0.9162
INFO:root:Epoch no. 208 of 500 (samples: 141442)
INFO:root:Loss: 39.2793 +/- 0.7566
INFO:root:Epoch no. 209 of 500 (samples: 141442)
INFO:root:Loss: 39.0258 +/- 0.8256
INFO:root:Epoch no. 210 of 500 (samples: 141442)
INFO:root:Loss: 38.9282 +/- 0.7824
INFO:root:Epoch no. 211 of 500 (samples: 141442)
INFO:root:Loss: 39.1421 +/- 0.7714
INFO:root:Epoch no. 212 of 500 (samples: 141442)
INFO:root:Loss: 38.6801 +/- 0.7672
INFO:root:Epoch no. 213 of 500 (samples: 141442)
INFO:root:Loss: 38.7166 +/- 0.9881
INFO:root:Epoch no. 214 of 500 (samples: 141442)
INFO:root:Loss: 38.842 +/- 0.7191
INFO:root:Epoch no. 215 of 500 (samples: 141442)
INFO:root:Loss: 39.03 +/- 0.8346
INFO:root:Epoch no. 216 of 500 (samples: 141442)
INFO:root:Loss: 38.8716 +/- 0.7295
INFO:root:Epoch no. 217 of 500 (samples: 141442)
INFO:root:Loss: 38.9773 +/- 0.8448
INFO:root:Epoch no. 218 of 500 (samples: 141442)
INFO:root:Loss: 38.9989 +/- 0.6298
INFO:root:Epoch no. 219 of 500 (samples: 141442)
INFO:root:Loss: 38.9166 +/- 0.4741
INFO:root:Epoch no. 220 of 500 (samples: 141442)
INFO:root:Loss: 38.8158 +/- 0.981
INFO:root:Epoch no. 221 of 500 (samples: 141442)
INFO:root:Loss: 38.7754 +/- 0.5159
INFO:root:Epoch no. 222 of 500 (samples: 141442)
INFO:root:Loss: 38.8375 +/- 0.7786
INFO:root:Epoch no. 223 of 500 (samples: 141442)
INFO:root:Loss: 38.8889 +/- 0.5011
INFO:root:Epoch no. 224 of 500 (samples: 141442)
INFO:root:Loss: 38.5355 +/- 0.7132
INFO:root:Epoch no. 225 of 500 (samples: 141442)
INFO:root:Loss: 38.5291 +/- 1.0339
INFO:root:Epoch no. 226 of 500 (samples: 141442)
INFO:root:Loss: 38.9683 +/- 0.8942
INFO:root:Epoch no. 227 of 500 (samples: 141442)
INFO:root:Loss: 38.5638 +/- 0.9054
INFO:root:Epoch no. 228 of 500 (samples: 141442)
INFO:root:Loss: 38.6854 +/- 0.5967
INFO:root:Epoch no. 229 of 500 (samples: 141442)
INFO:root:Loss: 38.4975 +/- 0.7788
INFO:root:Epoch no. 230 of 500 (samples: 141442)
INFO:root:Loss: 38.4828 +/- 0.8824
INFO:root:Epoch no. 231 of 500 (samples: 141442)
INFO:root:Loss: 38.6231 +/- 0.9851
INFO:root:Epoch no. 232 of 500 (samples: 141442)
INFO:root:Loss: 38.4758 +/- 0.8778
INFO:root:Epoch no. 233 of 500 (samples: 141442)
INFO:root:Loss: 38.4823 +/- 0.8079
INFO:root:Epoch no. 234 of 500 (samples: 141442)
INFO:root:Loss: 38.4843 +/- 0.8511
INFO:root:Epoch no. 235 of 500 (samples: 141442)
INFO:root:Loss: 38.3394 +/- 0.4467
INFO:root:Epoch no. 236 of 500 (samples: 141442)
INFO:root:Loss: 38.5363 +/- 0.6729
INFO:root:Epoch no. 237 of 500 (samples: 141442)
INFO:root:Loss: 38.3787 +/- 0.7316
INFO:root:Epoch no. 238 of 500 (samples: 141442)
INFO:root:Loss: 38.4229 +/- 0.9033
INFO:root:Epoch no. 239 of 500 (samples: 141442)
INFO:root:Loss: 38.5244 +/- 0.5815
INFO:root:Epoch no. 240 of 500 (samples: 141442)
INFO:root:Loss: 38.167 +/- 0.713
INFO:root:Epoch no. 241 of 500 (samples: 141442)
INFO:root:Loss: 38.2033 +/- 0.6863
INFO:root:Epoch no. 242 of 500 (samples: 141442)
INFO:root:Loss: 38.2573 +/- 0.8714
INFO:root:Epoch no. 243 of 500 (samples: 141442)
INFO:root:Loss: 38.2776 +/- 0.4766
INFO:root:Epoch no. 244 of 500 (samples: 141442)
INFO:root:Loss: 38.201 +/- 0.7087
INFO:root:Epoch no. 245 of 500 (samples: 141442)
INFO:root:Loss: 38.4065 +/- 0.9095
INFO:root:Epoch no. 246 of 500 (samples: 141442)
INFO:root:Loss: 38.3964 +/- 0.6086
INFO:root:Epoch no. 247 of 500 (samples: 141442)
INFO:root:Loss: 38.2729 +/- 0.5853
INFO:root:Epoch no. 248 of 500 (samples: 141442)
INFO:root:Loss: 38.1938 +/- 0.6771
INFO:root:Epoch no. 249 of 500 (samples: 141442)
INFO:root:Loss: 38.1267 +/- 0.7896
INFO:root:Epoch no. 250 of 500 (samples: 141442)
INFO:root:Loss: 38.1561 +/- 0.6833
INFO:root:Epoch no. 251 of 500 (samples: 141442)
INFO:root:Loss: 38.2456 +/- 0.9275
INFO:root:Epoch no. 252 of 500 (samples: 141442)
INFO:root:Loss: 38.0181 +/- 0.7829
INFO:root:Epoch no. 253 of 500 (samples: 141442)
INFO:root:Loss: 38.2701 +/- 0.9201
INFO:root:Epoch no. 254 of 500 (samples: 141442)
INFO:root:Loss: 37.9569 +/- 0.8511
INFO:root:Epoch no. 255 of 500 (samples: 141442)
INFO:root:Loss: 38.027 +/- 0.7374
INFO:root:Epoch no. 256 of 500 (samples: 141442)
INFO:root:Loss: 37.9881 +/- 0.6892
INFO:root:Epoch no. 257 of 500 (samples: 141442)
INFO:root:Loss: 37.9482 +/- 0.6621
INFO:root:Epoch no. 258 of 500 (samples: 141442)
INFO:root:Loss: 38.0109 +/- 1.1047
INFO:root:Epoch no. 259 of 500 (samples: 141442)
INFO:root:Loss: 37.9071 +/- 0.8336
INFO:root:Epoch no. 260 of 500 (samples: 141442)
INFO:root:Loss: 37.6413 +/- 0.7263
INFO:root:Epoch no. 261 of 500 (samples: 141442)
INFO:root:Loss: 37.7445 +/- 0.9565
INFO:root:Epoch no. 262 of 500 (samples: 141442)
INFO:root:Loss: 37.9848 +/- 0.5701
INFO:root:Epoch no. 263 of 500 (samples: 141442)
INFO:root:Loss: 38.0615 +/- 0.5704
INFO:root:Epoch no. 264 of 500 (samples: 141442)
INFO:root:Loss: 37.7638 +/- 0.9147
INFO:root:Epoch no. 265 of 500 (samples: 141442)
INFO:root:Loss: 37.7738 +/- 0.8226
INFO:root:Epoch no. 266 of 500 (samples: 141442)
INFO:root:Loss: 37.8252 +/- 0.7078
INFO:root:Epoch no. 267 of 500 (samples: 141442)
INFO:root:Loss: 37.9398 +/- 0.744
INFO:root:Epoch no. 268 of 500 (samples: 141442)
INFO:root:Loss: 37.8038 +/- 0.6555
INFO:root:Epoch no. 269 of 500 (samples: 141442)
INFO:root:Loss: 37.7095 +/- 0.708
INFO:root:Epoch no. 270 of 500 (samples: 141442)
INFO:root:Loss: 37.7765 +/- 0.5476
INFO:root:Epoch no. 271 of 500 (samples: 141442)
INFO:root:Loss: 37.5526 +/- 0.5672
INFO:root:Epoch no. 272 of 500 (samples: 141442)
INFO:root:Loss: 37.7032 +/- 0.5207
INFO:root:Epoch no. 273 of 500 (samples: 141442)
INFO:root:Loss: 37.8919 +/- 0.5865
INFO:root:Epoch no. 274 of 500 (samples: 141442)
INFO:root:Loss: 37.8118 +/- 0.8463
INFO:root:Epoch no. 275 of 500 (samples: 141442)
INFO:root:Loss: 37.7172 +/- 0.5556
INFO:root:Epoch no. 276 of 500 (samples: 141442)
INFO:root:Loss: 37.744 +/- 0.5374
INFO:root:Epoch no. 277 of 500 (samples: 141442)
INFO:root:Loss: 37.568 +/- 0.7247
INFO:root:Epoch no. 278 of 500 (samples: 141442)
INFO:root:Loss: 37.7786 +/- 0.9052
INFO:root:Epoch no. 279 of 500 (samples: 141442)
INFO:root:Loss: 37.7559 +/- 0.8525
INFO:root:Epoch no. 280 of 500 (samples: 141442)
INFO:root:Loss: 37.4951 +/- 0.7127
INFO:root:Epoch no. 281 of 500 (samples: 141442)
INFO:root:Loss: 37.4911 +/- 0.811
INFO:root:Epoch no. 282 of 500 (samples: 141442)
INFO:root:Loss: 37.6149 +/- 0.6866
INFO:root:Epoch no. 283 of 500 (samples: 141442)
INFO:root:Loss: 37.7471 +/- 1.0305
INFO:root:Epoch no. 284 of 500 (samples: 141442)
INFO:root:Loss: 37.6144 +/- 0.9485
INFO:root:Epoch no. 285 of 500 (samples: 141442)
INFO:root:Loss: 37.3842 +/- 0.8157
INFO:root:Epoch no. 286 of 500 (samples: 141442)
INFO:root:Loss: 37.6142 +/- 0.7885
INFO:root:Epoch no. 287 of 500 (samples: 141442)
INFO:root:Loss: 37.7291 +/- 0.8555
INFO:root:Epoch no. 288 of 500 (samples: 141442)
INFO:root:Loss: 37.692 +/- 1.0003
INFO:root:Epoch no. 289 of 500 (samples: 141442)
INFO:root:Loss: 37.4128 +/- 0.6536
INFO:root:Epoch no. 290 of 500 (samples: 141442)
INFO:root:Loss: 37.8518 +/- 0.8448
INFO:root:Epoch no. 291 of 500 (samples: 141442)
INFO:root:Loss: 37.594 +/- 0.3905
INFO:root:Epoch no. 292 of 500 (samples: 141442)
INFO:root:Loss: 37.4882 +/- 0.792
INFO:root:Epoch no. 293 of 500 (samples: 141442)
INFO:root:Loss: 37.44 +/- 0.6578
INFO:root:Epoch no. 294 of 500 (samples: 141442)
INFO:root:Loss: 37.39 +/- 0.6704
INFO:root:Epoch no. 295 of 500 (samples: 141442)
INFO:root:Loss: 37.4582 +/- 0.7756
INFO:root:Epoch no. 296 of 500 (samples: 141442)
INFO:root:Loss: 37.4654 +/- 0.9068
INFO:root:Epoch no. 297 of 500 (samples: 141442)
INFO:root:Loss: 37.4669 +/- 0.8831
INFO:root:Epoch no. 298 of 500 (samples: 141442)
INFO:root:Loss: 37.5193 +/- 0.8566
INFO:root:Epoch no. 299 of 500 (samples: 141442)
INFO:root:Loss: 37.3554 +/- 0.582
INFO:root:Epoch no. 300 of 500 (samples: 141442)
INFO:root:Loss: 37.2926 +/- 0.5617
INFO:root:Epoch no. 301 of 500 (samples: 141442)
INFO:root:Loss: 37.7049 +/- 0.6948
INFO:root:Epoch no. 302 of 500 (samples: 141442)
INFO:root:Loss: 37.5568 +/- 0.6358
INFO:root:Epoch no. 303 of 500 (samples: 141442)
INFO:root:Loss: 37.2635 +/- 0.981
INFO:root:Epoch no. 304 of 500 (samples: 141442)
INFO:root:Loss: 37.2864 +/- 0.5469
INFO:root:Epoch no. 305 of 500 (samples: 141442)
INFO:root:Loss: 36.9966 +/- 0.8798
INFO:root:Epoch no. 306 of 500 (samples: 141442)
INFO:root:Loss: 37.2164 +/- 0.6899
INFO:root:Epoch no. 307 of 500 (samples: 141442)
INFO:root:Loss: 37.1966 +/- 0.8503
INFO:root:Epoch no. 308 of 500 (samples: 141442)
INFO:root:Loss: 37.4076 +/- 0.7302
INFO:root:Epoch no. 309 of 500 (samples: 141442)
INFO:root:Loss: 37.2188 +/- 0.5172
INFO:root:Epoch no. 310 of 500 (samples: 141442)
INFO:root:Loss: 37.4861 +/- 0.6328
INFO:root:Epoch no. 311 of 500 (samples: 141442)
INFO:root:Loss: 37.317 +/- 0.4971
INFO:root:Epoch no. 312 of 500 (samples: 141442)
INFO:root:Loss: 37.6456 +/- 0.8405
INFO:root:Epoch no. 313 of 500 (samples: 141442)
INFO:root:Loss: 37.4921 +/- 0.5984
INFO:root:Epoch no. 314 of 500 (samples: 141442)
INFO:root:Loss: 37.1446 +/- 0.86
INFO:root:Epoch no. 315 of 500 (samples: 141442)
INFO:root:Loss: 37.2414 +/- 0.8466
INFO:root:Epoch no. 316 of 500 (samples: 141442)
INFO:root:Loss: 37.1862 +/- 0.7078
INFO:root:Epoch no. 317 of 500 (samples: 141442)
INFO:root:Loss: 37.1513 +/- 0.8091
INFO:root:Epoch no. 318 of 500 (samples: 141442)
INFO:root:Loss: 37.3145 +/- 0.8302
INFO:root:Epoch no. 319 of 500 (samples: 141442)
INFO:root:Loss: 37.0316 +/- 1.0022
INFO:root:Epoch no. 320 of 500 (samples: 141442)
INFO:root:Loss: 37.1191 +/- 0.9739
INFO:root:Epoch no. 321 of 500 (samples: 141442)
INFO:root:Loss: 37.2447 +/- 1.0098
INFO:root:Epoch no. 322 of 500 (samples: 141442)
INFO:root:Loss: 37.2108 +/- 0.6376
INFO:root:Epoch no. 323 of 500 (samples: 141442)
INFO:root:Loss: 36.9608 +/- 0.8725
INFO:root:Epoch no. 324 of 500 (samples: 141442)
INFO:root:Loss: 37.2003 +/- 0.4824
INFO:root:Epoch no. 325 of 500 (samples: 141442)
INFO:root:Loss: 37.1893 +/- 0.8818
INFO:root:Epoch no. 326 of 500 (samples: 141442)
INFO:root:Loss: 36.8484 +/- 0.4321
INFO:root:Epoch no. 327 of 500 (samples: 141442)
INFO:root:Loss: 37.2909 +/- 0.8564
INFO:root:Epoch no. 328 of 500 (samples: 141442)
INFO:root:Loss: 37.2995 +/- 0.488
INFO:root:Epoch no. 329 of 500 (samples: 141442)
INFO:root:Loss: 37.0355 +/- 1.0048
INFO:root:Epoch no. 330 of 500 (samples: 141442)
INFO:root:Loss: 37.0871 +/- 0.6861
INFO:root:Epoch no. 331 of 500 (samples: 141442)
INFO:root:Loss: 37.2119 +/- 0.6573
INFO:root:Epoch no. 332 of 500 (samples: 141442)
INFO:root:Loss: 36.8245 +/- 0.6551
INFO:root:Epoch no. 333 of 500 (samples: 141442)
INFO:root:Loss: 37.0125 +/- 0.8664
INFO:root:Epoch no. 334 of 500 (samples: 141442)
INFO:root:Loss: 36.8817 +/- 0.6044
INFO:root:Epoch no. 335 of 500 (samples: 141442)
INFO:root:Loss: 36.885 +/- 0.6725
INFO:root:Epoch no. 336 of 500 (samples: 141442)
INFO:root:Loss: 36.7596 +/- 0.7659
INFO:root:Epoch no. 337 of 500 (samples: 141442)
INFO:root:Loss: 37.1742 +/- 0.5908
INFO:root:Epoch no. 338 of 500 (samples: 141442)
INFO:root:Loss: 36.8183 +/- 0.8125
INFO:root:Epoch no. 339 of 500 (samples: 141442)
INFO:root:Loss: 37.114 +/- 0.8864
INFO:root:Epoch no. 340 of 500 (samples: 141442)
INFO:root:Loss: 37.0198 +/- 0.4995
INFO:root:Epoch no. 341 of 500 (samples: 141442)
INFO:root:Loss: 37.0033 +/- 0.6903
INFO:root:Epoch no. 342 of 500 (samples: 141442)
INFO:root:Loss: 36.9727 +/- 0.5626
INFO:root:Epoch no. 343 of 500 (samples: 141442)
INFO:root:Loss: 37.0073 +/- 0.6806
INFO:root:Epoch no. 344 of 500 (samples: 141442)
INFO:root:Loss: 36.9114 +/- 0.7709
INFO:root:Epoch no. 345 of 500 (samples: 141442)
INFO:root:Loss: 36.9506 +/- 0.9301
INFO:root:Epoch no. 346 of 500 (samples: 141442)
INFO:root:Loss: 37.0344 +/- 0.631
INFO:root:Epoch no. 347 of 500 (samples: 141442)
INFO:root:Loss: 36.6759 +/- 0.6472
INFO:root:Epoch no. 348 of 500 (samples: 141442)
INFO:root:Loss: 36.6824 +/- 0.7196
INFO:root:Epoch no. 349 of 500 (samples: 141442)
INFO:root:Loss: 36.8884 +/- 0.6418
INFO:root:Epoch no. 350 of 500 (samples: 141442)
INFO:root:Loss: 36.8406 +/- 0.9983
INFO:root:Epoch no. 351 of 500 (samples: 141442)
INFO:root:Loss: 36.9214 +/- 0.7369
INFO:root:Epoch no. 352 of 500 (samples: 141442)
INFO:root:Loss: 36.7268 +/- 0.8145
INFO:root:Epoch no. 353 of 500 (samples: 141442)
INFO:root:Loss: 36.7176 +/- 0.8093
INFO:root:Epoch no. 354 of 500 (samples: 141442)
INFO:root:Loss: 36.833 +/- 0.882
INFO:root:Epoch no. 355 of 500 (samples: 141442)
INFO:root:Loss: 36.6967 +/- 0.4798
INFO:root:Epoch no. 356 of 500 (samples: 141442)
INFO:root:Loss: 36.7586 +/- 0.4067
INFO:root:Epoch no. 357 of 500 (samples: 141442)
INFO:root:Loss: 36.9192 +/- 0.6658
INFO:root:Epoch no. 358 of 500 (samples: 141442)
INFO:root:Loss: 36.7677 +/- 0.8176
INFO:root:Epoch no. 359 of 500 (samples: 141442)
INFO:root:Loss: 36.774 +/- 1.1453
INFO:root:Epoch no. 360 of 500 (samples: 141442)
INFO:root:Loss: 36.9275 +/- 0.739
INFO:root:Epoch no. 361 of 500 (samples: 141442)
INFO:root:Loss: 36.477 +/- 0.4919
INFO:root:Epoch no. 362 of 500 (samples: 141442)
INFO:root:Loss: 36.4153 +/- 0.7767
INFO:root:Epoch no. 363 of 500 (samples: 141442)
INFO:root:Loss: 36.861 +/- 0.6891
INFO:root:Epoch no. 364 of 500 (samples: 141442)
INFO:root:Loss: 36.6631 +/- 0.8575
INFO:root:Epoch no. 365 of 500 (samples: 141442)
INFO:root:Loss: 36.5409 +/- 0.5379
INFO:root:Epoch no. 366 of 500 (samples: 141442)
INFO:root:Loss: 36.6615 +/- 0.8808
INFO:root:Epoch no. 367 of 500 (samples: 141442)
INFO:root:Loss: 36.9616 +/- 0.5191
INFO:root:Epoch no. 368 of 500 (samples: 141442)
INFO:root:Loss: 36.4789 +/- 0.6661
INFO:root:Epoch no. 369 of 500 (samples: 141442)
INFO:root:Loss: 36.8959 +/- 0.5766
INFO:root:Epoch no. 370 of 500 (samples: 141442)
INFO:root:Loss: 36.5544 +/- 0.7678
INFO:root:Epoch no. 371 of 500 (samples: 141442)
INFO:root:Loss: 36.6007 +/- 0.7699
INFO:root:Epoch no. 372 of 500 (samples: 141442)
INFO:root:Loss: 36.6076 +/- 0.8305
INFO:root:Epoch no. 373 of 500 (samples: 141442)
INFO:root:Loss: 36.6303 +/- 0.5533
INFO:root:Epoch no. 374 of 500 (samples: 141442)
INFO:root:Loss: 36.8142 +/- 0.76
INFO:root:Epoch no. 375 of 500 (samples: 141442)
INFO:root:Loss: 36.6111 +/- 0.3433
INFO:root:Epoch no. 376 of 500 (samples: 141442)
INFO:root:Loss: 36.3241 +/- 0.9907
INFO:root:Epoch no. 377 of 500 (samples: 141442)
INFO:root:Loss: 36.5389 +/- 0.6984
INFO:root:Epoch no. 378 of 500 (samples: 141442)
INFO:root:Loss: 36.6534 +/- 0.5748
INFO:root:Epoch no. 379 of 500 (samples: 141442)
INFO:root:Loss: 36.6912 +/- 0.5807
INFO:root:Epoch no. 380 of 500 (samples: 141442)
INFO:root:Loss: 36.7171 +/- 0.6271
INFO:root:Epoch no. 381 of 500 (samples: 141442)
INFO:root:Loss: 36.6382 +/- 0.5941
INFO:root:Epoch no. 382 of 500 (samples: 141442)
INFO:root:Loss: 36.4466 +/- 0.7328
INFO:root:Epoch no. 383 of 500 (samples: 141442)
INFO:root:Loss: 36.5892 +/- 0.5569
INFO:root:Epoch no. 384 of 500 (samples: 141442)
INFO:root:Loss: 36.5764 +/- 1.0222
INFO:root:Epoch no. 385 of 500 (samples: 141442)
INFO:root:Loss: 36.6014 +/- 0.5566
INFO:root:Epoch no. 386 of 500 (samples: 141442)
INFO:root:Loss: 36.7789 +/- 0.7294
INFO:root:Epoch no. 387 of 500 (samples: 141442)
INFO:root:Loss: 36.5394 +/- 0.6901
INFO:root:Epoch no. 388 of 500 (samples: 141442)
INFO:root:Loss: 36.6257 +/- 0.5803
INFO:root:Epoch no. 389 of 500 (samples: 141442)
INFO:root:Loss: 36.5883 +/- 0.5625
INFO:root:Epoch no. 390 of 500 (samples: 141442)
INFO:root:Loss: 36.4257 +/- 0.6591
INFO:root:Epoch no. 391 of 500 (samples: 141442)
INFO:root:Loss: 36.5128 +/- 0.7436
INFO:root:Epoch no. 392 of 500 (samples: 141442)
INFO:root:Loss: 36.3084 +/- 0.9208
INFO:root:Epoch no. 393 of 500 (samples: 141442)
INFO:root:Loss: 36.4954 +/- 0.471
INFO:root:Epoch no. 394 of 500 (samples: 141442)
INFO:root:Loss: 36.3276 +/- 1.1239
INFO:root:Epoch no. 395 of 500 (samples: 141442)
INFO:root:Loss: 36.1551 +/- 0.2847
INFO:root:Epoch no. 396 of 500 (samples: 141442)
INFO:root:Loss: 36.4084 +/- 0.9317
INFO:root:Epoch no. 397 of 500 (samples: 141442)
INFO:root:Loss: 36.3855 +/- 0.6111
INFO:root:Epoch no. 398 of 500 (samples: 141442)
INFO:root:Loss: 36.431 +/- 0.7548
INFO:root:Epoch no. 399 of 500 (samples: 141442)
INFO:root:Loss: 36.3398 +/- 0.6349
INFO:root:Epoch no. 400 of 500 (samples: 141442)
INFO:root:Loss: 36.5923 +/- 0.6189
INFO:root:Epoch no. 401 of 500 (samples: 141442)
INFO:root:Loss: 36.6569 +/- 0.7368
INFO:root:Epoch no. 402 of 500 (samples: 141442)
INFO:root:Loss: 36.2794 +/- 0.5499
INFO:root:Epoch no. 403 of 500 (samples: 141442)
INFO:root:Loss: 36.2741 +/- 0.6098
INFO:root:Epoch no. 404 of 500 (samples: 141442)
INFO:root:Loss: 36.3765 +/- 0.6536
INFO:root:Epoch no. 405 of 500 (samples: 141442)
INFO:root:Loss: 36.3688 +/- 0.7323
INFO:root:Epoch no. 406 of 500 (samples: 141442)
INFO:root:Loss: 36.5068 +/- 0.9109
INFO:root:Epoch no. 407 of 500 (samples: 141442)
INFO:root:Loss: 36.4454 +/- 0.5377
INFO:root:Epoch no. 408 of 500 (samples: 141442)
INFO:root:Loss: 36.3462 +/- 0.6074
INFO:root:Epoch no. 409 of 500 (samples: 141442)
INFO:root:Loss: 36.6074 +/- 0.6465
INFO:root:Epoch no. 410 of 500 (samples: 141442)
INFO:root:Loss: 36.247 +/- 0.8331
INFO:root:Epoch no. 411 of 500 (samples: 141442)
INFO:root:Loss: 36.5766 +/- 0.699
INFO:root:Epoch no. 412 of 500 (samples: 141442)
INFO:root:Loss: 36.205 +/- 0.5888
INFO:root:Epoch no. 413 of 500 (samples: 141442)
INFO:root:Loss: 36.3923 +/- 0.4387
INFO:root:Epoch no. 414 of 500 (samples: 141442)
INFO:root:Loss: 36.3303 +/- 0.4262
INFO:root:Epoch no. 415 of 500 (samples: 141442)
INFO:root:Loss: 36.0984 +/- 0.7285
INFO:root:Epoch no. 416 of 500 (samples: 141442)
INFO:root:Loss: 36.7453 +/- 0.8581
INFO:root:Epoch no. 417 of 500 (samples: 141442)
INFO:root:Loss: 36.1028 +/- 0.6538
INFO:root:Epoch no. 418 of 500 (samples: 141442)
INFO:root:Loss: 36.496 +/- 0.6927
INFO:root:Epoch no. 419 of 500 (samples: 141442)
INFO:root:Loss: 36.5426 +/- 0.6099
INFO:root:Epoch no. 420 of 500 (samples: 141442)
INFO:root:Loss: 36.4361 +/- 0.6074
INFO:root:Epoch no. 421 of 500 (samples: 141442)
INFO:root:Loss: 36.4019 +/- 0.6527
INFO:root:Epoch no. 422 of 500 (samples: 141442)
INFO:root:Loss: 36.2061 +/- 0.5322
INFO:root:Epoch no. 423 of 500 (samples: 141442)
INFO:root:Loss: 35.7459 +/- 0.481
INFO:root:Epoch no. 424 of 500 (samples: 141442)
INFO:root:Loss: 36.2139 +/- 0.6372
INFO:root:Epoch no. 425 of 500 (samples: 141442)
INFO:root:Loss: 36.2161 +/- 1.011
INFO:root:Epoch no. 426 of 500 (samples: 141442)
INFO:root:Loss: 36.2277 +/- 1.012
INFO:root:Epoch no. 427 of 500 (samples: 141442)
INFO:root:Loss: 36.3876 +/- 0.7335
INFO:root:Epoch no. 428 of 500 (samples: 141442)
INFO:root:Loss: 36.2594 +/- 0.5559
INFO:root:Epoch no. 429 of 500 (samples: 141442)
INFO:root:Loss: 36.2016 +/- 0.8236
INFO:root:Epoch no. 430 of 500 (samples: 141442)
INFO:root:Loss: 36.3934 +/- 0.81
INFO:root:Epoch no. 431 of 500 (samples: 141442)
INFO:root:Loss: 36.0808 +/- 0.9291
INFO:root:Epoch no. 432 of 500 (samples: 141442)
INFO:root:Loss: 36.0155 +/- 0.5679
INFO:root:Epoch no. 433 of 500 (samples: 141442)
INFO:root:Loss: 36.0585 +/- 0.4234
INFO:root:Epoch no. 434 of 500 (samples: 141442)
INFO:root:Loss: 36.0017 +/- 0.5998
INFO:root:Epoch no. 435 of 500 (samples: 141442)
INFO:root:Loss: 36.3437 +/- 0.7978
INFO:root:Epoch no. 436 of 500 (samples: 141442)
INFO:root:Loss: 36.2823 +/- 0.7584
INFO:root:Epoch no. 437 of 500 (samples: 141442)
INFO:root:Loss: 36.0869 +/- 0.7696
INFO:root:Epoch no. 438 of 500 (samples: 141442)
INFO:root:Loss: 36.0532 +/- 0.6593
INFO:root:Epoch no. 439 of 500 (samples: 141442)
INFO:root:Loss: 36.0357 +/- 0.4947
INFO:root:Epoch no. 440 of 500 (samples: 141442)
INFO:root:Loss: 36.367 +/- 0.757
INFO:root:Epoch no. 441 of 500 (samples: 141442)
INFO:root:Loss: 36.0715 +/- 0.5012
INFO:root:Epoch no. 442 of 500 (samples: 141442)
INFO:root:Loss: 36.2636 +/- 0.6561
INFO:root:Epoch no. 443 of 500 (samples: 141442)
INFO:root:Loss: 36.4062 +/- 0.6439
INFO:root:Epoch no. 444 of 500 (samples: 141442)
INFO:root:Loss: 36.265 +/- 0.4968
INFO:root:Epoch no. 445 of 500 (samples: 141442)
INFO:root:Loss: 36.2609 +/- 0.5438
INFO:root:Epoch no. 446 of 500 (samples: 141442)
INFO:root:Loss: 36.2222 +/- 1.0825
INFO:root:Epoch no. 447 of 500 (samples: 141442)
INFO:root:Loss: 36.074 +/- 0.4103
INFO:root:Epoch no. 448 of 500 (samples: 141442)
INFO:root:Loss: 36.0085 +/- 0.4942
INFO:root:Epoch no. 449 of 500 (samples: 141442)
INFO:root:Loss: 36.1953 +/- 0.6818
INFO:root:Epoch no. 450 of 500 (samples: 141442)
INFO:root:Loss: 35.893 +/- 0.6272
INFO:root:Epoch no. 451 of 500 (samples: 141442)
INFO:root:Loss: 36.0499 +/- 0.5103
INFO:root:Epoch no. 452 of 500 (samples: 141442)
INFO:root:Loss: 36.1547 +/- 0.7734
INFO:root:Epoch no. 453 of 500 (samples: 141442)
INFO:root:Loss: 36.0536 +/- 0.5634
INFO:root:Epoch no. 454 of 500 (samples: 141442)
INFO:root:Loss: 36.1316 +/- 0.4355
INFO:root:Epoch no. 455 of 500 (samples: 141442)
INFO:root:Loss: 36.0424 +/- 0.7277
INFO:root:Epoch no. 456 of 500 (samples: 141442)
INFO:root:Loss: 36.2155 +/- 0.4511
INFO:root:Epoch no. 457 of 500 (samples: 141442)
INFO:root:Loss: 36.1218 +/- 0.6391
INFO:root:Epoch no. 458 of 500 (samples: 141442)
INFO:root:Loss: 36.1991 +/- 0.6266
INFO:root:Epoch no. 459 of 500 (samples: 141442)
INFO:root:Loss: 36.0254 +/- 0.5173
INFO:root:Epoch no. 460 of 500 (samples: 141442)
INFO:root:Loss: 36.1015 +/- 0.5722
INFO:root:Epoch no. 461 of 500 (samples: 141442)
INFO:root:Loss: 35.9722 +/- 0.562
INFO:root:Epoch no. 462 of 500 (samples: 141442)
INFO:root:Loss: 36.1284 +/- 0.6744
INFO:root:Epoch no. 463 of 500 (samples: 141442)
INFO:root:Loss: 35.9524 +/- 0.9156
INFO:root:Epoch no. 464 of 500 (samples: 141442)
INFO:root:Loss: 35.9695 +/- 0.4208
INFO:root:Epoch no. 465 of 500 (samples: 141442)
INFO:root:Loss: 36.0381 +/- 0.7142
INFO:root:Epoch no. 466 of 500 (samples: 141442)
INFO:root:Loss: 35.9749 +/- 0.4481
INFO:root:Epoch no. 467 of 500 (samples: 141442)
INFO:root:Loss: 35.9939 +/- 0.6794
INFO:root:Epoch no. 468 of 500 (samples: 141442)
INFO:root:Loss: 35.9227 +/- 0.8386
INFO:root:Epoch no. 469 of 500 (samples: 141442)
INFO:root:Loss: 36.0513 +/- 0.8305
INFO:root:Epoch no. 470 of 500 (samples: 141442)
INFO:root:Loss: 36.2455 +/- 0.7664
INFO:root:Epoch no. 471 of 500 (samples: 141442)
INFO:root:Loss: 35.9772 +/- 0.6325
INFO:root:Epoch no. 472 of 500 (samples: 141442)
INFO:root:Loss: 35.8938 +/- 0.7426
INFO:root:Epoch no. 473 of 500 (samples: 141442)
INFO:root:Loss: 35.9503 +/- 0.5942
INFO:root:Epoch no. 474 of 500 (samples: 141442)
INFO:root:Loss: 35.9844 +/- 0.838
INFO:root:Epoch no. 475 of 500 (samples: 141442)
INFO:root:Loss: 35.7147 +/- 0.5648
INFO:root:Epoch no. 476 of 500 (samples: 141442)
INFO:root:Loss: 35.9959 +/- 0.5062
INFO:root:Epoch no. 477 of 500 (samples: 141442)
INFO:root:Loss: 35.8729 +/- 0.5333
INFO:root:Epoch no. 478 of 500 (samples: 141442)
INFO:root:Loss: 35.8833 +/- 0.636
INFO:root:Epoch no. 479 of 500 (samples: 141442)
INFO:root:Loss: 36.0267 +/- 0.7365
INFO:root:Epoch no. 480 of 500 (samples: 141442)
INFO:root:Loss: 36.0718 +/- 0.7098
INFO:root:Epoch no. 481 of 500 (samples: 141442)
INFO:root:Loss: 35.876 +/- 0.7639
INFO:root:Epoch no. 482 of 500 (samples: 141442)
INFO:root:Loss: 35.8528 +/- 0.7856
INFO:root:Epoch no. 483 of 500 (samples: 141442)
INFO:root:Loss: 36.1108 +/- 0.317
INFO:root:Epoch no. 484 of 500 (samples: 141442)
INFO:root:Loss: 35.6778 +/- 0.4207
INFO:root:Epoch no. 485 of 500 (samples: 141442)
INFO:root:Loss: 35.9118 +/- 0.7874
INFO:root:Epoch no. 486 of 500 (samples: 141442)
INFO:root:Loss: 35.8847 +/- 0.5842
INFO:root:Epoch no. 487 of 500 (samples: 141442)
INFO:root:Loss: 35.574 +/- 0.6906
INFO:root:Epoch no. 488 of 500 (samples: 141442)
INFO:root:Loss: 35.7901 +/- 0.4551
INFO:root:Epoch no. 489 of 500 (samples: 141442)
INFO:root:Loss: 35.8028 +/- 0.627
INFO:root:Epoch no. 490 of 500 (samples: 141442)
INFO:root:Loss: 35.9596 +/- 0.8915
INFO:root:Epoch no. 491 of 500 (samples: 141442)
INFO:root:Loss: 35.7643 +/- 0.8425
INFO:root:Epoch no. 492 of 500 (samples: 141442)
INFO:root:Loss: 35.7496 +/- 0.6354
INFO:root:Epoch no. 493 of 500 (samples: 141442)
INFO:root:Loss: 35.8503 +/- 0.5798
INFO:root:Epoch no. 494 of 500 (samples: 141442)
INFO:root:Loss: 35.8781 +/- 0.5891
INFO:root:Epoch no. 495 of 500 (samples: 141442)
INFO:root:Loss: 35.8028 +/- 0.7213
INFO:root:Epoch no. 496 of 500 (samples: 141442)
INFO:root:Loss: 35.6577 +/- 0.7244
INFO:root:Epoch no. 497 of 500 (samples: 141442)
INFO:root:Loss: 36.1058 +/- 0.8203
INFO:root:Epoch no. 498 of 500 (samples: 141442)
INFO:root:Loss: 35.7344 +/- 0.5457
INFO:root:Epoch no. 499 of 500 (samples: 141442)
INFO:root:Loss: 35.7004 +/- 0.6297
INFO:root:Epoch no. 500 of 500 (samples: 141442)
INFO:root:Loss: 35.8375 +/- 0.6228
/usr/local/lib/python3.5/dist-packages/keras/backend/theano_backend.py:527: UserWarning: theano.function was asked to create a function computing outputs given certain inputs, but the provided input variable at index 2 is not part of the computational graph needed to compute the outputs: keras_learning_phase.
To make this warning into an error, you can pass the parameter on_unused_input='raise' to theano.function. To disable it completely, use on_unused_input='ignore'.
  **kwargs)
INFO:root:### MICRO (validation raw):
INFO:root:	-- left   >> mean: 255.7042, median: 9.0, mrr: 0.228, hits@1: 9.22%
INFO:root:	-- right  >> mean: 261.184, median: 9.0, mrr: 0.219, hits@1: 8.16%
INFO:root:	-- global >> mean: 258.4441, median: 9.0, mrr: 0.224, hits@1: 8.69%
INFO:root:### MICRO (validation raw):
INFO:root:	-- left   >> mean: 255.7042, median: 9.0, mrr: 0.228, hits@3: 26.66%
INFO:root:	-- right  >> mean: 261.184, median: 9.0, mrr: 0.219, hits@3: 26.24%
INFO:root:	-- global >> mean: 258.4441, median: 9.0, mrr: 0.224, hits@3: 26.45%
INFO:root:### MICRO (validation raw):
INFO:root:	-- left   >> mean: 255.7042, median: 9.0, mrr: 0.228, hits@5: 39.1%
INFO:root:	-- right  >> mean: 261.184, median: 9.0, mrr: 0.219, hits@5: 38.06%
INFO:root:	-- global >> mean: 258.4441, median: 9.0, mrr: 0.224, hits@5: 38.58%
INFO:root:### MICRO (validation raw):
INFO:root:	-- left   >> mean: 255.7042, median: 9.0, mrr: 0.228, hits@10: 54.54%
INFO:root:	-- right  >> mean: 261.184, median: 9.0, mrr: 0.219, hits@10: 53.82%
INFO:root:	-- global >> mean: 258.4441, median: 9.0, mrr: 0.224, hits@10: 54.18%
INFO:root:### MICRO (validation filtered):
INFO:root:	-- left   >> mean: 244.0458, median: 6.0, mrr: 0.291, hits@1: 13.4%
INFO:root:	-- right  >> mean: 249.2096, median: 6.0, mrr: 0.287, hits@1: 12.76%
INFO:root:	-- global >> mean: 246.6277, median: 6.0, mrr: 0.289, hits@1: 13.08%
INFO:root:### MICRO (validation filtered):
INFO:root:	-- left   >> mean: 244.0458, median: 6.0, mrr: 0.291, hits@3: 36.66%
INFO:root:	-- right  >> mean: 249.2096, median: 6.0, mrr: 0.287, hits@3: 36.38%
INFO:root:	-- global >> mean: 246.6277, median: 6.0, mrr: 0.289, hits@3: 36.52%
INFO:root:### MICRO (validation filtered):
INFO:root:	-- left   >> mean: 244.0458, median: 6.0, mrr: 0.291, hits@5: 48.62%
INFO:root:	-- right  >> mean: 249.2096, median: 6.0, mrr: 0.287, hits@5: 47.9%
INFO:root:	-- global >> mean: 246.6277, median: 6.0, mrr: 0.289, hits@5: 48.26%
INFO:root:### MICRO (validation filtered):
INFO:root:	-- left   >> mean: 244.0458, median: 6.0, mrr: 0.291, hits@10: 61.9%
INFO:root:	-- right  >> mean: 249.2096, median: 6.0, mrr: 0.287, hits@10: 61.94%
INFO:root:	-- global >> mean: 246.6277, median: 6.0, mrr: 0.289, hits@10: 61.92%
INFO:root:### MICRO (test raw):
INFO:root:	-- left   >> mean: 213.588, median: 9.0, mrr: 0.211, hits@1: 7.3%
INFO:root:	-- right  >> mean: 219.5282, median: 8.0, mrr: 0.222, hits@1: 8.02%
INFO:root:	-- global >> mean: 216.5581, median: 9.0, mrr: 0.217, hits@1: 7.66%
INFO:root:### MICRO (test raw):
INFO:root:	-- left   >> mean: 213.588, median: 9.0, mrr: 0.211, hits@3: 24.58%
INFO:root:	-- right  >> mean: 219.5282, median: 8.0, mrr: 0.222, hits@3: 27.08%
INFO:root:	-- global >> mean: 216.5581, median: 9.0, mrr: 0.217, hits@3: 25.83%
INFO:root:### MICRO (test raw):
INFO:root:	-- left   >> mean: 213.588, median: 9.0, mrr: 0.211, hits@5: 37.34%
INFO:root:	-- right  >> mean: 219.5282, median: 8.0, mrr: 0.222, hits@5: 39.42%
INFO:root:	-- global >> mean: 216.5581, median: 9.0, mrr: 0.217, hits@5: 38.38%
INFO:root:### MICRO (test raw):
INFO:root:	-- left   >> mean: 213.588, median: 9.0, mrr: 0.211, hits@10: 53.76%
INFO:root:	-- right  >> mean: 219.5282, median: 8.0, mrr: 0.222, hits@10: 54.54%
INFO:root:	-- global >> mean: 216.5581, median: 9.0, mrr: 0.217, hits@10: 54.15%
INFO:root:### MICRO (test filtered):
INFO:root:	-- left   >> mean: 201.3514, median: 6.0, mrr: 0.28, hits@1: 11.92%
INFO:root:	-- right  >> mean: 208.499, median: 6.0, mrr: 0.283, hits@1: 12.06%
INFO:root:	-- global >> mean: 204.9252, median: 6.0, mrr: 0.282, hits@1: 11.99%
INFO:root:### MICRO (test filtered):
INFO:root:	-- left   >> mean: 201.3514, median: 6.0, mrr: 0.28, hits@3: 35.52%
INFO:root:	-- right  >> mean: 208.499, median: 6.0, mrr: 0.283, hits@3: 36.06%
INFO:root:	-- global >> mean: 204.9252, median: 6.0, mrr: 0.282, hits@3: 35.79%
INFO:root:### MICRO (test filtered):
INFO:root:	-- left   >> mean: 201.3514, median: 6.0, mrr: 0.28, hits@5: 47.82%
INFO:root:	-- right  >> mean: 208.499, median: 6.0, mrr: 0.283, hits@5: 48.58%
INFO:root:	-- global >> mean: 204.9252, median: 6.0, mrr: 0.282, hits@5: 48.2%
INFO:root:### MICRO (test filtered):
INFO:root:	-- left   >> mean: 201.3514, median: 6.0, mrr: 0.28, hits@10: 62.1%
INFO:root:	-- right  >> mean: 208.499, median: 6.0, mrr: 0.283, hits@10: 62.28%
INFO:root:	-- global >> mean: 204.9252, median: 6.0, mrr: 0.282, hits@10: 62.19%
