Using Theano backend.
Using gpu device 0: GeForce GTX TITAN X (CNMeM is disabled, cuDNN not available)
INFO:root:Acquiring data/wn18/wordnet-mlj12-train.txt ..
INFO:root:Acquiring data/wn18/wordnet-mlj12-valid.txt ..
INFO:root:Acquiring data/wn18/wordnet-mlj12-test.txt ..
INFO:root:[Rules] Adding Head: 15, Tail: [(10, True)]
INFO:root:[Rules] Adding Head: 12, Tail: [(17, True)]
INFO:root:[Rules] Adding Head: 4, Tail: [(5, True)]
INFO:root:[Rules] Adding Head: 13, Tail: [(3, True)]
INFO:root:[Rules] Adding Head: 5, Tail: [(4, True)]
INFO:root:[Rules] Adding Head: 16, Tail: [(11, True)]
INFO:root:[Rules] Adding Head: 17, Tail: [(12, True)]
INFO:root:[Rules] Adding Head: 11, Tail: [(16, True)]
INFO:root:[Rules] Adding Head: 8, Tail: [(9, True)]
INFO:root:[Rules] Adding Head: 2, Tail: [(2, True)]
INFO:root:Samples: 99009, no. batches: 10 -> batch size: 9901
INFO:root:Epoch no. 1 of 500 (samples: 99009)
INFO:root:Loss: 5901.5685 +/- 493.9871
INFO:root:Epoch no. 2 of 500 (samples: 99009)
INFO:root:Loss: 4426.4941 +/- 47.9348
INFO:root:Epoch no. 3 of 500 (samples: 99009)
INFO:root:Loss: 3673.4749 +/- 40.3673
INFO:root:Epoch no. 4 of 500 (samples: 99009)
INFO:root:Loss: 3230.079 +/- 60.0257
INFO:root:Epoch no. 5 of 500 (samples: 99009)
INFO:root:Loss: 2931.844 +/- 55.1697
INFO:root:Epoch no. 6 of 500 (samples: 99009)
INFO:root:Loss: 2694.4753 +/- 67.6477
INFO:root:Epoch no. 7 of 500 (samples: 99009)
INFO:root:Loss: 2513.0443 +/- 57.6469
INFO:root:Epoch no. 8 of 500 (samples: 99009)
INFO:root:Loss: 2376.9189 +/- 64.6825
INFO:root:Epoch no. 9 of 500 (samples: 99009)
INFO:root:Loss: 2252.9531 +/- 58.7875
INFO:root:Epoch no. 10 of 500 (samples: 99009)
INFO:root:Loss: 2146.8096 +/- 51.3472
INFO:root:Epoch no. 11 of 500 (samples: 99009)
INFO:root:Loss: 2050.4576 +/- 55.7062
INFO:root:Epoch no. 12 of 500 (samples: 99009)
INFO:root:Loss: 1971.5265 +/- 63.5639
INFO:root:Epoch no. 13 of 500 (samples: 99009)
INFO:root:Loss: 1896.3777 +/- 52.6058
INFO:root:Epoch no. 14 of 500 (samples: 99009)
INFO:root:Loss: 1837.2745 +/- 55.5665
INFO:root:Epoch no. 15 of 500 (samples: 99009)
INFO:root:Loss: 1779.964 +/- 48.7596
INFO:root:Epoch no. 16 of 500 (samples: 99009)
INFO:root:Loss: 1726.3512 +/- 51.3754
INFO:root:Epoch no. 17 of 500 (samples: 99009)
INFO:root:Loss: 1676.1129 +/- 57.9478
INFO:root:Epoch no. 18 of 500 (samples: 99009)
INFO:root:Loss: 1630.5494 +/- 40.6126
INFO:root:Epoch no. 19 of 500 (samples: 99009)
INFO:root:Loss: 1591.3963 +/- 48.4529
INFO:root:Epoch no. 20 of 500 (samples: 99009)
INFO:root:Loss: 1555.1532 +/- 46.588
INFO:root:Epoch no. 21 of 500 (samples: 99009)
INFO:root:Loss: 1521.8956 +/- 36.4401
INFO:root:Epoch no. 22 of 500 (samples: 99009)
INFO:root:Loss: 1493.5415 +/- 36.823
INFO:root:Epoch no. 23 of 500 (samples: 99009)
INFO:root:Loss: 1461.7732 +/- 49.4003
INFO:root:Epoch no. 24 of 500 (samples: 99009)
INFO:root:Loss: 1439.9766 +/- 45.2632
INFO:root:Epoch no. 25 of 500 (samples: 99009)
INFO:root:Loss: 1410.5497 +/- 36.2914
INFO:root:Epoch no. 26 of 500 (samples: 99009)
INFO:root:Loss: 1391.8199 +/- 38.8099
INFO:root:Epoch no. 27 of 500 (samples: 99009)
INFO:root:Loss: 1357.2012 +/- 40.1095
INFO:root:Epoch no. 28 of 500 (samples: 99009)
INFO:root:Loss: 1345.6808 +/- 36.0571
INFO:root:Epoch no. 29 of 500 (samples: 99009)
INFO:root:Loss: 1325.0752 +/- 48.8562
INFO:root:Epoch no. 30 of 500 (samples: 99009)
INFO:root:Loss: 1301.0194 +/- 36.8319
INFO:root:Epoch no. 31 of 500 (samples: 99009)
INFO:root:Loss: 1283.5643 +/- 42.5024
INFO:root:Epoch no. 32 of 500 (samples: 99009)
INFO:root:Loss: 1269.8143 +/- 35.0052
INFO:root:Epoch no. 33 of 500 (samples: 99009)
INFO:root:Loss: 1250.9051 +/- 40.9186
INFO:root:Epoch no. 34 of 500 (samples: 99009)
INFO:root:Loss: 1236.1344 +/- 43.5418
INFO:root:Epoch no. 35 of 500 (samples: 99009)
INFO:root:Loss: 1220.6712 +/- 33.0712
INFO:root:Epoch no. 36 of 500 (samples: 99009)
INFO:root:Loss: 1210.2641 +/- 36.1851
INFO:root:Epoch no. 37 of 500 (samples: 99009)
INFO:root:Loss: 1196.3623 +/- 29.6385
INFO:root:Epoch no. 38 of 500 (samples: 99009)
INFO:root:Loss: 1180.8586 +/- 31.1547
INFO:root:Epoch no. 39 of 500 (samples: 99009)
INFO:root:Loss: 1169.5355 +/- 37.3474
INFO:root:Epoch no. 40 of 500 (samples: 99009)
INFO:root:Loss: 1158.5794 +/- 37.3116
INFO:root:Epoch no. 41 of 500 (samples: 99009)
INFO:root:Loss: 1147.1139 +/- 31.2024
INFO:root:Epoch no. 42 of 500 (samples: 99009)
INFO:root:Loss: 1135.2074 +/- 35.39
INFO:root:Epoch no. 43 of 500 (samples: 99009)
INFO:root:Loss: 1124.7212 +/- 30.2239
INFO:root:Epoch no. 44 of 500 (samples: 99009)
INFO:root:Loss: 1113.4663 +/- 31.2215
INFO:root:Epoch no. 45 of 500 (samples: 99009)
INFO:root:Loss: 1108.6535 +/- 34.1995
INFO:root:Epoch no. 46 of 500 (samples: 99009)
INFO:root:Loss: 1100.0048 +/- 33.2854
INFO:root:Epoch no. 47 of 500 (samples: 99009)
INFO:root:Loss: 1090.4055 +/- 31.0358
INFO:root:Epoch no. 48 of 500 (samples: 99009)
INFO:root:Loss: 1083.5277 +/- 28.4428
INFO:root:Epoch no. 49 of 500 (samples: 99009)
INFO:root:Loss: 1073.3588 +/- 36.1382
INFO:root:Epoch no. 50 of 500 (samples: 99009)
INFO:root:Loss: 1067.7431 +/- 27.8251
INFO:root:Epoch no. 51 of 500 (samples: 99009)
INFO:root:Loss: 1054.919 +/- 32.2519
INFO:root:Epoch no. 52 of 500 (samples: 99009)
INFO:root:Loss: 1049.978 +/- 30.3739
INFO:root:Epoch no. 53 of 500 (samples: 99009)
INFO:root:Loss: 1040.7473 +/- 27.0239
INFO:root:Epoch no. 54 of 500 (samples: 99009)
INFO:root:Loss: 1031.5511 +/- 33.5493
INFO:root:Epoch no. 55 of 500 (samples: 99009)
INFO:root:Loss: 1027.3134 +/- 31.2179
INFO:root:Epoch no. 56 of 500 (samples: 99009)
INFO:root:Loss: 1015.9137 +/- 32.1845
INFO:root:Epoch no. 57 of 500 (samples: 99009)
INFO:root:Loss: 1012.7839 +/- 29.1538
INFO:root:Epoch no. 58 of 500 (samples: 99009)
INFO:root:Loss: 1006.3578 +/- 29.2743
INFO:root:Epoch no. 59 of 500 (samples: 99009)
INFO:root:Loss: 996.6554 +/- 24.0289
INFO:root:Epoch no. 60 of 500 (samples: 99009)
INFO:root:Loss: 994.9571 +/- 29.9678
INFO:root:Epoch no. 61 of 500 (samples: 99009)
INFO:root:Loss: 987.6541 +/- 24.2464
INFO:root:Epoch no. 62 of 500 (samples: 99009)
INFO:root:Loss: 979.3553 +/- 28.4475
INFO:root:Epoch no. 63 of 500 (samples: 99009)
INFO:root:Loss: 976.6357 +/- 28.5965
INFO:root:Epoch no. 64 of 500 (samples: 99009)
INFO:root:Loss: 969.9596 +/- 29.1339
INFO:root:Epoch no. 65 of 500 (samples: 99009)
INFO:root:Loss: 962.1465 +/- 24.4594
INFO:root:Epoch no. 66 of 500 (samples: 99009)
INFO:root:Loss: 960.9458 +/- 25.206
INFO:root:Epoch no. 67 of 500 (samples: 99009)
INFO:root:Loss: 951.1125 +/- 25.3868
INFO:root:Epoch no. 68 of 500 (samples: 99009)
INFO:root:Loss: 946.4948 +/- 26.8756
INFO:root:Epoch no. 69 of 500 (samples: 99009)
INFO:root:Loss: 941.5188 +/- 32.5576
INFO:root:Epoch no. 70 of 500 (samples: 99009)
INFO:root:Loss: 936.9103 +/- 30.649
INFO:root:Epoch no. 71 of 500 (samples: 99009)
INFO:root:Loss: 934.8963 +/- 24.4257
INFO:root:Epoch no. 72 of 500 (samples: 99009)
INFO:root:Loss: 929.3131 +/- 27.2716
INFO:root:Epoch no. 73 of 500 (samples: 99009)
INFO:root:Loss: 926.7246 +/- 28.3538
INFO:root:Epoch no. 74 of 500 (samples: 99009)
INFO:root:Loss: 920.0811 +/- 23.2352
INFO:root:Epoch no. 75 of 500 (samples: 99009)
INFO:root:Loss: 914.9607 +/- 23.2271
INFO:root:Epoch no. 76 of 500 (samples: 99009)
INFO:root:Loss: 907.6932 +/- 23.7112
INFO:root:Epoch no. 77 of 500 (samples: 99009)
INFO:root:Loss: 905.3827 +/- 24.6292
INFO:root:Epoch no. 78 of 500 (samples: 99009)
INFO:root:Loss: 905.6344 +/- 26.9879
INFO:root:Epoch no. 79 of 500 (samples: 99009)
INFO:root:Loss: 897.5209 +/- 28.2413
INFO:root:Epoch no. 80 of 500 (samples: 99009)
INFO:root:Loss: 898.9918 +/- 28.0896
INFO:root:Epoch no. 81 of 500 (samples: 99009)
INFO:root:Loss: 893.144 +/- 26.9742
INFO:root:Epoch no. 82 of 500 (samples: 99009)
INFO:root:Loss: 888.9387 +/- 24.8225
INFO:root:Epoch no. 83 of 500 (samples: 99009)
INFO:root:Loss: 886.9072 +/- 26.7645
INFO:root:Epoch no. 84 of 500 (samples: 99009)
INFO:root:Loss: 882.3282 +/- 27.4455
INFO:root:Epoch no. 85 of 500 (samples: 99009)
INFO:root:Loss: 878.4903 +/- 24.3144
INFO:root:Epoch no. 86 of 500 (samples: 99009)
INFO:root:Loss: 874.0052 +/- 26.2779
INFO:root:Epoch no. 87 of 500 (samples: 99009)
INFO:root:Loss: 870.3892 +/- 22.199
INFO:root:Epoch no. 88 of 500 (samples: 99009)
INFO:root:Loss: 866.2921 +/- 27.8255
INFO:root:Epoch no. 89 of 500 (samples: 99009)
INFO:root:Loss: 865.4789 +/- 21.3475
INFO:root:Epoch no. 90 of 500 (samples: 99009)
INFO:root:Loss: 863.4232 +/- 21.0075
INFO:root:Epoch no. 91 of 500 (samples: 99009)
INFO:root:Loss: 861.6526 +/- 23.1748
INFO:root:Epoch no. 92 of 500 (samples: 99009)
INFO:root:Loss: 859.4568 +/- 25.8978
INFO:root:Epoch no. 93 of 500 (samples: 99009)
INFO:root:Loss: 856.4453 +/- 24.3111
INFO:root:Epoch no. 94 of 500 (samples: 99009)
INFO:root:Loss: 851.6795 +/- 25.3776
INFO:root:Epoch no. 95 of 500 (samples: 99009)
INFO:root:Loss: 846.8893 +/- 29.7512
INFO:root:Epoch no. 96 of 500 (samples: 99009)
INFO:root:Loss: 846.791 +/- 24.2878
INFO:root:Epoch no. 97 of 500 (samples: 99009)
INFO:root:Loss: 844.0772 +/- 15.4215
INFO:root:Epoch no. 98 of 500 (samples: 99009)
INFO:root:Loss: 838.0452 +/- 27.5149
INFO:root:Epoch no. 99 of 500 (samples: 99009)
INFO:root:Loss: 834.2838 +/- 16.5987
INFO:root:Epoch no. 100 of 500 (samples: 99009)
INFO:root:Loss: 833.7864 +/- 24.6282
INFO:root:Epoch no. 101 of 500 (samples: 99009)
INFO:root:Loss: 829.9018 +/- 28.994
INFO:root:Epoch no. 102 of 500 (samples: 99009)
INFO:root:Loss: 829.5088 +/- 22.5696
INFO:root:Epoch no. 103 of 500 (samples: 99009)
INFO:root:Loss: 827.7638 +/- 23.9597
INFO:root:Epoch no. 104 of 500 (samples: 99009)
INFO:root:Loss: 824.2651 +/- 19.0506
INFO:root:Epoch no. 105 of 500 (samples: 99009)
INFO:root:Loss: 823.1068 +/- 25.1689
INFO:root:Epoch no. 106 of 500 (samples: 99009)
INFO:root:Loss: 823.1195 +/- 24.2897
INFO:root:Epoch no. 107 of 500 (samples: 99009)
INFO:root:Loss: 818.9344 +/- 23.1016
INFO:root:Epoch no. 108 of 500 (samples: 99009)
INFO:root:Loss: 815.5373 +/- 24.8217
INFO:root:Epoch no. 109 of 500 (samples: 99009)
INFO:root:Loss: 813.3813 +/- 17.5507
INFO:root:Epoch no. 110 of 500 (samples: 99009)
INFO:root:Loss: 810.1975 +/- 21.979
INFO:root:Epoch no. 111 of 500 (samples: 99009)
INFO:root:Loss: 807.5044 +/- 20.4787
INFO:root:Epoch no. 112 of 500 (samples: 99009)
INFO:root:Loss: 806.6789 +/- 25.1355
INFO:root:Epoch no. 113 of 500 (samples: 99009)
INFO:root:Loss: 801.6989 +/- 25.7677
INFO:root:Epoch no. 114 of 500 (samples: 99009)
INFO:root:Loss: 800.0003 +/- 24.7776
INFO:root:Epoch no. 115 of 500 (samples: 99009)
INFO:root:Loss: 801.4562 +/- 15.5383
INFO:root:Epoch no. 116 of 500 (samples: 99009)
INFO:root:Loss: 800.616 +/- 25.7133
INFO:root:Epoch no. 117 of 500 (samples: 99009)
INFO:root:Loss: 795.8639 +/- 22.7553
INFO:root:Epoch no. 118 of 500 (samples: 99009)
INFO:root:Loss: 797.1886 +/- 22.2207
INFO:root:Epoch no. 119 of 500 (samples: 99009)
INFO:root:Loss: 796.141 +/- 23.9872
INFO:root:Epoch no. 120 of 500 (samples: 99009)
INFO:root:Loss: 792.984 +/- 22.3407
INFO:root:Epoch no. 121 of 500 (samples: 99009)
INFO:root:Loss: 788.227 +/- 24.7942
INFO:root:Epoch no. 122 of 500 (samples: 99009)
INFO:root:Loss: 787.279 +/- 22.203
INFO:root:Epoch no. 123 of 500 (samples: 99009)
INFO:root:Loss: 784.2065 +/- 22.3455
INFO:root:Epoch no. 124 of 500 (samples: 99009)
INFO:root:Loss: 784.833 +/- 20.3665
INFO:root:Epoch no. 125 of 500 (samples: 99009)
INFO:root:Loss: 785.6138 +/- 25.0909
INFO:root:Epoch no. 126 of 500 (samples: 99009)
INFO:root:Loss: 779.3929 +/- 20.7075
INFO:root:Epoch no. 127 of 500 (samples: 99009)
INFO:root:Loss: 781.5744 +/- 19.155
INFO:root:Epoch no. 128 of 500 (samples: 99009)
INFO:root:Loss: 779.8066 +/- 14.8497
INFO:root:Epoch no. 129 of 500 (samples: 99009)
INFO:root:Loss: 774.4787 +/- 21.8816
INFO:root:Epoch no. 130 of 500 (samples: 99009)
INFO:root:Loss: 774.2354 +/- 25.1566
INFO:root:Epoch no. 131 of 500 (samples: 99009)
INFO:root:Loss: 772.2522 +/- 21.9104
INFO:root:Epoch no. 132 of 500 (samples: 99009)
INFO:root:Loss: 772.6706 +/- 23.93
INFO:root:Epoch no. 133 of 500 (samples: 99009)
INFO:root:Loss: 770.0835 +/- 12.4457
INFO:root:Epoch no. 134 of 500 (samples: 99009)
INFO:root:Loss: 770.3173 +/- 19.5601
INFO:root:Epoch no. 135 of 500 (samples: 99009)
INFO:root:Loss: 769.3888 +/- 17.6804
INFO:root:Epoch no. 136 of 500 (samples: 99009)
INFO:root:Loss: 768.3405 +/- 19.9119
INFO:root:Epoch no. 137 of 500 (samples: 99009)
INFO:root:Loss: 765.0181 +/- 20.786
INFO:root:Epoch no. 138 of 500 (samples: 99009)
INFO:root:Loss: 762.9317 +/- 21.5956
INFO:root:Epoch no. 139 of 500 (samples: 99009)
INFO:root:Loss: 758.0323 +/- 21.7112
INFO:root:Epoch no. 140 of 500 (samples: 99009)
INFO:root:Loss: 761.1596 +/- 22.1408
INFO:root:Epoch no. 141 of 500 (samples: 99009)
INFO:root:Loss: 758.5464 +/- 17.9934
INFO:root:Epoch no. 142 of 500 (samples: 99009)
INFO:root:Loss: 760.3417 +/- 24.2278
INFO:root:Epoch no. 143 of 500 (samples: 99009)
INFO:root:Loss: 758.0733 +/- 19.6052
INFO:root:Epoch no. 144 of 500 (samples: 99009)
INFO:root:Loss: 757.3507 +/- 20.8737
INFO:root:Epoch no. 145 of 500 (samples: 99009)
INFO:root:Loss: 753.0221 +/- 22.0901
INFO:root:Epoch no. 146 of 500 (samples: 99009)
INFO:root:Loss: 752.9004 +/- 21.7883
INFO:root:Epoch no. 147 of 500 (samples: 99009)
INFO:root:Loss: 753.704 +/- 22.7607
INFO:root:Epoch no. 148 of 500 (samples: 99009)
INFO:root:Loss: 752.5584 +/- 21.3073
INFO:root:Epoch no. 149 of 500 (samples: 99009)
INFO:root:Loss: 748.5439 +/- 15.3037
INFO:root:Epoch no. 150 of 500 (samples: 99009)
INFO:root:Loss: 748.126 +/- 18.7801
INFO:root:Epoch no. 151 of 500 (samples: 99009)
INFO:root:Loss: 750.7385 +/- 17.253
INFO:root:Epoch no. 152 of 500 (samples: 99009)
INFO:root:Loss: 744.5347 +/- 24.6955
INFO:root:Epoch no. 153 of 500 (samples: 99009)
INFO:root:Loss: 743.0568 +/- 14.7739
INFO:root:Epoch no. 154 of 500 (samples: 99009)
INFO:root:Loss: 742.2308 +/- 20.0132
INFO:root:Epoch no. 155 of 500 (samples: 99009)
INFO:root:Loss: 741.2488 +/- 20.6818
INFO:root:Epoch no. 156 of 500 (samples: 99009)
INFO:root:Loss: 742.0244 +/- 16.574
INFO:root:Epoch no. 157 of 500 (samples: 99009)
INFO:root:Loss: 738.031 +/- 22.4904
INFO:root:Epoch no. 158 of 500 (samples: 99009)
INFO:root:Loss: 741.5092 +/- 14.5131
INFO:root:Epoch no. 159 of 500 (samples: 99009)
INFO:root:Loss: 738.3056 +/- 20.121
INFO:root:Epoch no. 160 of 500 (samples: 99009)
INFO:root:Loss: 735.8888 +/- 23.6457
INFO:root:Epoch no. 161 of 500 (samples: 99009)
INFO:root:Loss: 736.2807 +/- 17.9292
INFO:root:Epoch no. 162 of 500 (samples: 99009)
INFO:root:Loss: 737.044 +/- 23.0283
INFO:root:Epoch no. 163 of 500 (samples: 99009)
INFO:root:Loss: 737.0901 +/- 15.3534
INFO:root:Epoch no. 164 of 500 (samples: 99009)
INFO:root:Loss: 733.1191 +/- 27.807
INFO:root:Epoch no. 165 of 500 (samples: 99009)
INFO:root:Loss: 733.4692 +/- 14.4469
INFO:root:Epoch no. 166 of 500 (samples: 99009)
INFO:root:Loss: 728.5545 +/- 24.3095
INFO:root:Epoch no. 167 of 500 (samples: 99009)
INFO:root:Loss: 729.3493 +/- 17.2069
INFO:root:Epoch no. 168 of 500 (samples: 99009)
INFO:root:Loss: 730.4773 +/- 16.0961
INFO:root:Epoch no. 169 of 500 (samples: 99009)
INFO:root:Loss: 728.0076 +/- 20.893
INFO:root:Epoch no. 170 of 500 (samples: 99009)
INFO:root:Loss: 724.1202 +/- 20.8361
INFO:root:Epoch no. 171 of 500 (samples: 99009)
INFO:root:Loss: 726.5095 +/- 20.0208
INFO:root:Epoch no. 172 of 500 (samples: 99009)
INFO:root:Loss: 724.1302 +/- 15.5317
INFO:root:Epoch no. 173 of 500 (samples: 99009)
INFO:root:Loss: 724.2011 +/- 19.2828
INFO:root:Epoch no. 174 of 500 (samples: 99009)
INFO:root:Loss: 723.2147 +/- 16.9767
INFO:root:Epoch no. 175 of 500 (samples: 99009)
INFO:root:Loss: 718.5285 +/- 17.3876
INFO:root:Epoch no. 176 of 500 (samples: 99009)
INFO:root:Loss: 723.9617 +/- 17.9702
INFO:root:Epoch no. 177 of 500 (samples: 99009)
INFO:root:Loss: 721.5629 +/- 20.9364
INFO:root:Epoch no. 178 of 500 (samples: 99009)
INFO:root:Loss: 721.6815 +/- 23.2004
INFO:root:Epoch no. 179 of 500 (samples: 99009)
INFO:root:Loss: 721.3599 +/- 23.6907
INFO:root:Epoch no. 180 of 500 (samples: 99009)
INFO:root:Loss: 717.9873 +/- 20.9611
INFO:root:Epoch no. 181 of 500 (samples: 99009)
INFO:root:Loss: 712.2609 +/- 15.2411
INFO:root:Epoch no. 182 of 500 (samples: 99009)
INFO:root:Loss: 717.7391 +/- 17.7718
INFO:root:Epoch no. 183 of 500 (samples: 99009)
INFO:root:Loss: 715.9463 +/- 15.295
INFO:root:Epoch no. 184 of 500 (samples: 99009)
INFO:root:Loss: 712.1103 +/- 15.7255
INFO:root:Epoch no. 185 of 500 (samples: 99009)
INFO:root:Loss: 711.8462 +/- 16.8687
INFO:root:Epoch no. 186 of 500 (samples: 99009)
INFO:root:Loss: 711.9521 +/- 18.0414
INFO:root:Epoch no. 187 of 500 (samples: 99009)
INFO:root:Loss: 711.2853 +/- 19.7949
INFO:root:Epoch no. 188 of 500 (samples: 99009)
INFO:root:Loss: 710.5686 +/- 18.9003
INFO:root:Epoch no. 189 of 500 (samples: 99009)
INFO:root:Loss: 711.3171 +/- 16.513
INFO:root:Epoch no. 190 of 500 (samples: 99009)
INFO:root:Loss: 711.3718 +/- 20.0952
INFO:root:Epoch no. 191 of 500 (samples: 99009)
INFO:root:Loss: 708.1914 +/- 14.7353
INFO:root:Epoch no. 192 of 500 (samples: 99009)
INFO:root:Loss: 706.5621 +/- 18.568
INFO:root:Epoch no. 193 of 500 (samples: 99009)
INFO:root:Loss: 703.8278 +/- 21.857
INFO:root:Epoch no. 194 of 500 (samples: 99009)
INFO:root:Loss: 708.1112 +/- 20.7454
INFO:root:Epoch no. 195 of 500 (samples: 99009)
INFO:root:Loss: 702.6628 +/- 16.1054
INFO:root:Epoch no. 196 of 500 (samples: 99009)
INFO:root:Loss: 703.5807 +/- 12.5614
INFO:root:Epoch no. 197 of 500 (samples: 99009)
INFO:root:Loss: 701.9366 +/- 17.077
INFO:root:Epoch no. 198 of 500 (samples: 99009)
INFO:root:Loss: 702.6412 +/- 20.3478
INFO:root:Epoch no. 199 of 500 (samples: 99009)
INFO:root:Loss: 703.8473 +/- 19.854
INFO:root:Epoch no. 200 of 500 (samples: 99009)
INFO:root:Loss: 702.1808 +/- 18.8366
INFO:root:Epoch no. 201 of 500 (samples: 99009)
INFO:root:Loss: 700.5523 +/- 16.9655
INFO:root:Epoch no. 202 of 500 (samples: 99009)
INFO:root:Loss: 697.459 +/- 14.3939
INFO:root:Epoch no. 203 of 500 (samples: 99009)
INFO:root:Loss: 700.5248 +/- 14.6049
INFO:root:Epoch no. 204 of 500 (samples: 99009)
INFO:root:Loss: 698.8829 +/- 15.7732
INFO:root:Epoch no. 205 of 500 (samples: 99009)
INFO:root:Loss: 696.588 +/- 20.2278
INFO:root:Epoch no. 206 of 500 (samples: 99009)
INFO:root:Loss: 697.8697 +/- 14.9771
INFO:root:Epoch no. 207 of 500 (samples: 99009)
INFO:root:Loss: 695.9428 +/- 14.4955
INFO:root:Epoch no. 208 of 500 (samples: 99009)
INFO:root:Loss: 692.4812 +/- 17.3536
INFO:root:Epoch no. 209 of 500 (samples: 99009)
INFO:root:Loss: 697.6227 +/- 15.083
INFO:root:Epoch no. 210 of 500 (samples: 99009)
INFO:root:Loss: 695.3399 +/- 19.3999
INFO:root:Epoch no. 211 of 500 (samples: 99009)
INFO:root:Loss: 695.6826 +/- 19.5267
INFO:root:Epoch no. 212 of 500 (samples: 99009)
INFO:root:Loss: 689.2951 +/- 15.8958
INFO:root:Epoch no. 213 of 500 (samples: 99009)
INFO:root:Loss: 692.0522 +/- 18.5346
INFO:root:Epoch no. 214 of 500 (samples: 99009)
INFO:root:Loss: 690.9755 +/- 16.635
INFO:root:Epoch no. 215 of 500 (samples: 99009)
INFO:root:Loss: 692.7536 +/- 15.542
INFO:root:Epoch no. 216 of 500 (samples: 99009)
INFO:root:Loss: 690.0887 +/- 18.0301
INFO:root:Epoch no. 217 of 500 (samples: 99009)
INFO:root:Loss: 687.1031 +/- 14.9965
INFO:root:Epoch no. 218 of 500 (samples: 99009)
INFO:root:Loss: 689.3616 +/- 15.725
INFO:root:Epoch no. 219 of 500 (samples: 99009)
INFO:root:Loss: 686.886 +/- 12.7636
INFO:root:Epoch no. 220 of 500 (samples: 99009)
INFO:root:Loss: 686.4956 +/- 23.8845
INFO:root:Epoch no. 221 of 500 (samples: 99009)
INFO:root:Loss: 689.2473 +/- 19.1238
INFO:root:Epoch no. 222 of 500 (samples: 99009)
INFO:root:Loss: 687.0189 +/- 15.0293
INFO:root:Epoch no. 223 of 500 (samples: 99009)
INFO:root:Loss: 685.2391 +/- 17.3187
INFO:root:Epoch no. 224 of 500 (samples: 99009)
INFO:root:Loss: 685.6172 +/- 17.802
INFO:root:Epoch no. 225 of 500 (samples: 99009)
INFO:root:Loss: 685.4459 +/- 13.2558
INFO:root:Epoch no. 226 of 500 (samples: 99009)
INFO:root:Loss: 682.8129 +/- 19.4689
INFO:root:Epoch no. 227 of 500 (samples: 99009)
INFO:root:Loss: 682.8023 +/- 17.7961
INFO:root:Epoch no. 228 of 500 (samples: 99009)
INFO:root:Loss: 682.0086 +/- 16.6811
INFO:root:Epoch no. 229 of 500 (samples: 99009)
INFO:root:Loss: 683.9004 +/- 18.0777
INFO:root:Epoch no. 230 of 500 (samples: 99009)
INFO:root:Loss: 681.4619 +/- 16.5814
INFO:root:Epoch no. 231 of 500 (samples: 99009)
INFO:root:Loss: 679.2602 +/- 19.9064
INFO:root:Epoch no. 232 of 500 (samples: 99009)
INFO:root:Loss: 679.8454 +/- 18.6265
INFO:root:Epoch no. 233 of 500 (samples: 99009)
INFO:root:Loss: 682.6517 +/- 13.4951
INFO:root:Epoch no. 234 of 500 (samples: 99009)
INFO:root:Loss: 680.4296 +/- 17.7439
INFO:root:Epoch no. 235 of 500 (samples: 99009)
INFO:root:Loss: 677.4452 +/- 12.8655
INFO:root:Epoch no. 236 of 500 (samples: 99009)
INFO:root:Loss: 676.9397 +/- 16.5709
INFO:root:Epoch no. 237 of 500 (samples: 99009)
INFO:root:Loss: 678.859 +/- 17.074
INFO:root:Epoch no. 238 of 500 (samples: 99009)
INFO:root:Loss: 678.7715 +/- 11.6752
INFO:root:Epoch no. 239 of 500 (samples: 99009)
INFO:root:Loss: 676.289 +/- 13.5805
INFO:root:Epoch no. 240 of 500 (samples: 99009)
INFO:root:Loss: 676.6002 +/- 14.4227
INFO:root:Epoch no. 241 of 500 (samples: 99009)
INFO:root:Loss: 676.3525 +/- 17.543
INFO:root:Epoch no. 242 of 500 (samples: 99009)
INFO:root:Loss: 671.1541 +/- 14.9756
INFO:root:Epoch no. 243 of 500 (samples: 99009)
INFO:root:Loss: 673.8183 +/- 19.135
INFO:root:Epoch no. 244 of 500 (samples: 99009)
INFO:root:Loss: 672.1349 +/- 19.3544
INFO:root:Epoch no. 245 of 500 (samples: 99009)
INFO:root:Loss: 672.7063 +/- 13.8759
INFO:root:Epoch no. 246 of 500 (samples: 99009)
INFO:root:Loss: 672.3472 +/- 15.5731
INFO:root:Epoch no. 247 of 500 (samples: 99009)
INFO:root:Loss: 673.6155 +/- 13.783
INFO:root:Epoch no. 248 of 500 (samples: 99009)
INFO:root:Loss: 672.7784 +/- 19.7708
INFO:root:Epoch no. 249 of 500 (samples: 99009)
INFO:root:Loss: 669.111 +/- 15.4543
INFO:root:Epoch no. 250 of 500 (samples: 99009)
INFO:root:Loss: 671.0556 +/- 14.9922
INFO:root:Epoch no. 251 of 500 (samples: 99009)
INFO:root:Loss: 668.9206 +/- 14.3251
INFO:root:Epoch no. 252 of 500 (samples: 99009)
INFO:root:Loss: 667.7513 +/- 12.2313
INFO:root:Epoch no. 253 of 500 (samples: 99009)
INFO:root:Loss: 668.3533 +/- 13.2346
INFO:root:Epoch no. 254 of 500 (samples: 99009)
INFO:root:Loss: 667.6856 +/- 16.2196
INFO:root:Epoch no. 255 of 500 (samples: 99009)
INFO:root:Loss: 665.4736 +/- 17.7398
INFO:root:Epoch no. 256 of 500 (samples: 99009)
INFO:root:Loss: 664.5387 +/- 14.7358
INFO:root:Epoch no. 257 of 500 (samples: 99009)
INFO:root:Loss: 664.8647 +/- 16.7693
INFO:root:Epoch no. 258 of 500 (samples: 99009)
INFO:root:Loss: 661.8485 +/- 13.1452
INFO:root:Epoch no. 259 of 500 (samples: 99009)
INFO:root:Loss: 665.4613 +/- 18.9629
INFO:root:Epoch no. 260 of 500 (samples: 99009)
INFO:root:Loss: 663.3316 +/- 18.9687
INFO:root:Epoch no. 261 of 500 (samples: 99009)
INFO:root:Loss: 663.3274 +/- 17.634
INFO:root:Epoch no. 262 of 500 (samples: 99009)
INFO:root:Loss: 664.5267 +/- 18.4758
INFO:root:Epoch no. 263 of 500 (samples: 99009)
INFO:root:Loss: 663.0358 +/- 12.3017
INFO:root:Epoch no. 264 of 500 (samples: 99009)
INFO:root:Loss: 661.3987 +/- 13.2686
INFO:root:Epoch no. 265 of 500 (samples: 99009)
INFO:root:Loss: 663.1614 +/- 15.8991
INFO:root:Epoch no. 266 of 500 (samples: 99009)
INFO:root:Loss: 663.5131 +/- 15.9522
INFO:root:Epoch no. 267 of 500 (samples: 99009)
INFO:root:Loss: 658.9234 +/- 17.5189
INFO:root:Epoch no. 268 of 500 (samples: 99009)
INFO:root:Loss: 658.2449 +/- 14.1244
INFO:root:Epoch no. 269 of 500 (samples: 99009)
INFO:root:Loss: 660.165 +/- 19.866
INFO:root:Epoch no. 270 of 500 (samples: 99009)
INFO:root:Loss: 660.1186 +/- 18.6038
INFO:root:Epoch no. 271 of 500 (samples: 99009)
INFO:root:Loss: 657.3498 +/- 13.9444
INFO:root:Epoch no. 272 of 500 (samples: 99009)
INFO:root:Loss: 656.7851 +/- 15.8307
INFO:root:Epoch no. 273 of 500 (samples: 99009)
INFO:root:Loss: 656.1793 +/- 13.6253
INFO:root:Epoch no. 274 of 500 (samples: 99009)
INFO:root:Loss: 656.1286 +/- 15.6933
INFO:root:Epoch no. 275 of 500 (samples: 99009)
INFO:root:Loss: 655.6972 +/- 13.5744
INFO:root:Epoch no. 276 of 500 (samples: 99009)
INFO:root:Loss: 656.9761 +/- 15.6246
INFO:root:Epoch no. 277 of 500 (samples: 99009)
INFO:root:Loss: 653.8189 +/- 18.1002
INFO:root:Epoch no. 278 of 500 (samples: 99009)
INFO:root:Loss: 655.1756 +/- 18.3111
INFO:root:Epoch no. 279 of 500 (samples: 99009)
INFO:root:Loss: 653.4092 +/- 16.9303
INFO:root:Epoch no. 280 of 500 (samples: 99009)
INFO:root:Loss: 653.1219 +/- 14.996
INFO:root:Epoch no. 281 of 500 (samples: 99009)
INFO:root:Loss: 652.8511 +/- 11.3624
INFO:root:Epoch no. 282 of 500 (samples: 99009)
INFO:root:Loss: 652.1717 +/- 10.3964
INFO:root:Epoch no. 283 of 500 (samples: 99009)
INFO:root:Loss: 652.0004 +/- 15.4745
INFO:root:Epoch no. 284 of 500 (samples: 99009)
INFO:root:Loss: 650.013 +/- 18.838
INFO:root:Epoch no. 285 of 500 (samples: 99009)
INFO:root:Loss: 651.0218 +/- 18.6729
INFO:root:Epoch no. 286 of 500 (samples: 99009)
INFO:root:Loss: 651.4812 +/- 15.5176
INFO:root:Epoch no. 287 of 500 (samples: 99009)
INFO:root:Loss: 649.5582 +/- 14.4005
INFO:root:Epoch no. 288 of 500 (samples: 99009)
INFO:root:Loss: 651.76 +/- 22.4411
INFO:root:Epoch no. 289 of 500 (samples: 99009)
INFO:root:Loss: 650.9591 +/- 14.6462
INFO:root:Epoch no. 290 of 500 (samples: 99009)
INFO:root:Loss: 650.1135 +/- 14.0055
INFO:root:Epoch no. 291 of 500 (samples: 99009)
INFO:root:Loss: 649.5491 +/- 16.033
INFO:root:Epoch no. 292 of 500 (samples: 99009)
INFO:root:Loss: 651.5843 +/- 15.1734
INFO:root:Epoch no. 293 of 500 (samples: 99009)
INFO:root:Loss: 647.4745 +/- 12.8872
INFO:root:Epoch no. 294 of 500 (samples: 99009)
INFO:root:Loss: 648.8063 +/- 17.7094
INFO:root:Epoch no. 295 of 500 (samples: 99009)
INFO:root:Loss: 646.6215 +/- 13.441
INFO:root:Epoch no. 296 of 500 (samples: 99009)
INFO:root:Loss: 646.2557 +/- 12.0503
INFO:root:Epoch no. 297 of 500 (samples: 99009)
INFO:root:Loss: 649.0899 +/- 13.2925
INFO:root:Epoch no. 298 of 500 (samples: 99009)
INFO:root:Loss: 646.9583 +/- 14.81
INFO:root:Epoch no. 299 of 500 (samples: 99009)
INFO:root:Loss: 644.0059 +/- 11.1789
INFO:root:Epoch no. 300 of 500 (samples: 99009)
INFO:root:Loss: 645.3237 +/- 8.9622
INFO:root:Epoch no. 301 of 500 (samples: 99009)
INFO:root:Loss: 648.6464 +/- 16.6698
INFO:root:Epoch no. 302 of 500 (samples: 99009)
INFO:root:Loss: 644.2256 +/- 15.9763
INFO:root:Epoch no. 303 of 500 (samples: 99009)
INFO:root:Loss: 644.5997 +/- 16.5265
INFO:root:Epoch no. 304 of 500 (samples: 99009)
INFO:root:Loss: 646.6515 +/- 13.7862
INFO:root:Epoch no. 305 of 500 (samples: 99009)
INFO:root:Loss: 647.3113 +/- 19.1743
INFO:root:Epoch no. 306 of 500 (samples: 99009)
INFO:root:Loss: 645.1736 +/- 15.9167
INFO:root:Epoch no. 307 of 500 (samples: 99009)
INFO:root:Loss: 644.2757 +/- 20.8114
INFO:root:Epoch no. 308 of 500 (samples: 99009)
INFO:root:Loss: 644.5196 +/- 15.4455
INFO:root:Epoch no. 309 of 500 (samples: 99009)
INFO:root:Loss: 640.4304 +/- 16.2601
INFO:root:Epoch no. 310 of 500 (samples: 99009)
INFO:root:Loss: 642.8362 +/- 10.9058
INFO:root:Epoch no. 311 of 500 (samples: 99009)
INFO:root:Loss: 639.8747 +/- 11.2317
INFO:root:Epoch no. 312 of 500 (samples: 99009)
INFO:root:Loss: 640.8078 +/- 13.2589
INFO:root:Epoch no. 313 of 500 (samples: 99009)
INFO:root:Loss: 640.292 +/- 23.8642
INFO:root:Epoch no. 314 of 500 (samples: 99009)
INFO:root:Loss: 640.2414 +/- 12.7023
INFO:root:Epoch no. 315 of 500 (samples: 99009)
INFO:root:Loss: 639.7612 +/- 11.2013
INFO:root:Epoch no. 316 of 500 (samples: 99009)
INFO:root:Loss: 637.4731 +/- 15.622
INFO:root:Epoch no. 317 of 500 (samples: 99009)
INFO:root:Loss: 638.6226 +/- 10.5351
INFO:root:Epoch no. 318 of 500 (samples: 99009)
INFO:root:Loss: 637.6896 +/- 15.1825
INFO:root:Epoch no. 319 of 500 (samples: 99009)
INFO:root:Loss: 636.9083 +/- 10.6587
INFO:root:Epoch no. 320 of 500 (samples: 99009)
INFO:root:Loss: 640.3966 +/- 10.4469
INFO:root:Epoch no. 321 of 500 (samples: 99009)
INFO:root:Loss: 636.0494 +/- 10.568
INFO:root:Epoch no. 322 of 500 (samples: 99009)
INFO:root:Loss: 637.9381 +/- 14.1471
INFO:root:Epoch no. 323 of 500 (samples: 99009)
INFO:root:Loss: 634.8588 +/- 12.9881
INFO:root:Epoch no. 324 of 500 (samples: 99009)
INFO:root:Loss: 638.4861 +/- 8.998
INFO:root:Epoch no. 325 of 500 (samples: 99009)
INFO:root:Loss: 637.3479 +/- 12.5253
INFO:root:Epoch no. 326 of 500 (samples: 99009)
INFO:root:Loss: 637.8314 +/- 17.6397
INFO:root:Epoch no. 327 of 500 (samples: 99009)
INFO:root:Loss: 637.343 +/- 12.642
INFO:root:Epoch no. 328 of 500 (samples: 99009)
INFO:root:Loss: 635.2854 +/- 11.7844
INFO:root:Epoch no. 329 of 500 (samples: 99009)
INFO:root:Loss: 633.0145 +/- 14.0962
INFO:root:Epoch no. 330 of 500 (samples: 99009)
INFO:root:Loss: 635.6881 +/- 18.5326
INFO:root:Epoch no. 331 of 500 (samples: 99009)
INFO:root:Loss: 635.4959 +/- 13.4608
INFO:root:Epoch no. 332 of 500 (samples: 99009)
INFO:root:Loss: 634.3875 +/- 19.3498
INFO:root:Epoch no. 333 of 500 (samples: 99009)
INFO:root:Loss: 637.3291 +/- 16.0884
INFO:root:Epoch no. 334 of 500 (samples: 99009)
INFO:root:Loss: 632.8159 +/- 13.6122
INFO:root:Epoch no. 335 of 500 (samples: 99009)
INFO:root:Loss: 632.1861 +/- 9.6758
INFO:root:Epoch no. 336 of 500 (samples: 99009)
INFO:root:Loss: 634.9855 +/- 15.3703
INFO:root:Epoch no. 337 of 500 (samples: 99009)
INFO:root:Loss: 629.1364 +/- 14.3777
INFO:root:Epoch no. 338 of 500 (samples: 99009)
INFO:root:Loss: 630.7395 +/- 16.0305
INFO:root:Epoch no. 339 of 500 (samples: 99009)
INFO:root:Loss: 633.9629 +/- 14.9313
INFO:root:Epoch no. 340 of 500 (samples: 99009)
INFO:root:Loss: 629.8881 +/- 11.3333
INFO:root:Epoch no. 341 of 500 (samples: 99009)
INFO:root:Loss: 631.05 +/- 13.7224
INFO:root:Epoch no. 342 of 500 (samples: 99009)
INFO:root:Loss: 631.5511 +/- 17.8697
INFO:root:Epoch no. 343 of 500 (samples: 99009)
INFO:root:Loss: 633.9065 +/- 11.123
INFO:root:Epoch no. 344 of 500 (samples: 99009)
INFO:root:Loss: 632.2678 +/- 13.5412
INFO:root:Epoch no. 345 of 500 (samples: 99009)
INFO:root:Loss: 630.526 +/- 14.518
INFO:root:Epoch no. 346 of 500 (samples: 99009)
INFO:root:Loss: 626.6585 +/- 12.8049
INFO:root:Epoch no. 347 of 500 (samples: 99009)
INFO:root:Loss: 627.3474 +/- 16.5621
INFO:root:Epoch no. 348 of 500 (samples: 99009)
INFO:root:Loss: 625.645 +/- 9.9392
INFO:root:Epoch no. 349 of 500 (samples: 99009)
INFO:root:Loss: 628.4859 +/- 9.6377
INFO:root:Epoch no. 350 of 500 (samples: 99009)
INFO:root:Loss: 626.3269 +/- 12.7719
INFO:root:Epoch no. 351 of 500 (samples: 99009)
INFO:root:Loss: 631.0311 +/- 18.4942
INFO:root:Epoch no. 352 of 500 (samples: 99009)
INFO:root:Loss: 628.1331 +/- 13.1329
INFO:root:Epoch no. 353 of 500 (samples: 99009)
INFO:root:Loss: 625.195 +/- 12.1739
INFO:root:Epoch no. 354 of 500 (samples: 99009)
INFO:root:Loss: 627.9609 +/- 11.25
INFO:root:Epoch no. 355 of 500 (samples: 99009)
INFO:root:Loss: 627.727 +/- 14.333
INFO:root:Epoch no. 356 of 500 (samples: 99009)
INFO:root:Loss: 628.4078 +/- 14.8111
INFO:root:Epoch no. 357 of 500 (samples: 99009)
INFO:root:Loss: 626.3245 +/- 13.0127
INFO:root:Epoch no. 358 of 500 (samples: 99009)
INFO:root:Loss: 626.546 +/- 16.4591
INFO:root:Epoch no. 359 of 500 (samples: 99009)
INFO:root:Loss: 627.6673 +/- 14.5087
INFO:root:Epoch no. 360 of 500 (samples: 99009)
INFO:root:Loss: 625.9404 +/- 11.8715
INFO:root:Epoch no. 361 of 500 (samples: 99009)
INFO:root:Loss: 624.6631 +/- 14.3159
INFO:root:Epoch no. 362 of 500 (samples: 99009)
INFO:root:Loss: 625.0602 +/- 13.4431
INFO:root:Epoch no. 363 of 500 (samples: 99009)
INFO:root:Loss: 626.4884 +/- 17.5336
INFO:root:Epoch no. 364 of 500 (samples: 99009)
INFO:root:Loss: 626.9092 +/- 15.1583
INFO:root:Epoch no. 365 of 500 (samples: 99009)
INFO:root:Loss: 624.0137 +/- 14.8946
INFO:root:Epoch no. 366 of 500 (samples: 99009)
INFO:root:Loss: 624.3938 +/- 9.9766
INFO:root:Epoch no. 367 of 500 (samples: 99009)
INFO:root:Loss: 622.3626 +/- 16.7276
INFO:root:Epoch no. 368 of 500 (samples: 99009)
INFO:root:Loss: 625.697 +/- 11.2556
INFO:root:Epoch no. 369 of 500 (samples: 99009)
INFO:root:Loss: 624.5062 +/- 14.7175
INFO:root:Epoch no. 370 of 500 (samples: 99009)
INFO:root:Loss: 624.37 +/- 10.0052
INFO:root:Epoch no. 371 of 500 (samples: 99009)
INFO:root:Loss: 628.107 +/- 11.6987
INFO:root:Epoch no. 372 of 500 (samples: 99009)
INFO:root:Loss: 623.1089 +/- 15.8793
INFO:root:Epoch no. 373 of 500 (samples: 99009)
INFO:root:Loss: 620.9304 +/- 15.9218
INFO:root:Epoch no. 374 of 500 (samples: 99009)
INFO:root:Loss: 621.3125 +/- 16.5864
INFO:root:Epoch no. 375 of 500 (samples: 99009)
INFO:root:Loss: 621.2692 +/- 13.5873
INFO:root:Epoch no. 376 of 500 (samples: 99009)
INFO:root:Loss: 622.4025 +/- 14.8947
INFO:root:Epoch no. 377 of 500 (samples: 99009)
INFO:root:Loss: 621.1647 +/- 11.4659
INFO:root:Epoch no. 378 of 500 (samples: 99009)
INFO:root:Loss: 621.6378 +/- 6.8698
INFO:root:Epoch no. 379 of 500 (samples: 99009)
INFO:root:Loss: 620.5247 +/- 10.2304
INFO:root:Epoch no. 380 of 500 (samples: 99009)
INFO:root:Loss: 619.1018 +/- 12.9453
INFO:root:Epoch no. 381 of 500 (samples: 99009)
INFO:root:Loss: 619.8334 +/- 12.9837
INFO:root:Epoch no. 382 of 500 (samples: 99009)
INFO:root:Loss: 622.4251 +/- 14.2683
INFO:root:Epoch no. 383 of 500 (samples: 99009)
INFO:root:Loss: 622.094 +/- 11.7983
INFO:root:Epoch no. 384 of 500 (samples: 99009)
INFO:root:Loss: 619.4129 +/- 14.7648
INFO:root:Epoch no. 385 of 500 (samples: 99009)
INFO:root:Loss: 618.7568 +/- 12.2125
INFO:root:Epoch no. 386 of 500 (samples: 99009)
INFO:root:Loss: 616.3435 +/- 15.1071
INFO:root:Epoch no. 387 of 500 (samples: 99009)
INFO:root:Loss: 621.5865 +/- 10.9515
INFO:root:Epoch no. 388 of 500 (samples: 99009)
INFO:root:Loss: 618.5833 +/- 12.3361
INFO:root:Epoch no. 389 of 500 (samples: 99009)
INFO:root:Loss: 619.1592 +/- 13.7169
INFO:root:Epoch no. 390 of 500 (samples: 99009)
INFO:root:Loss: 622.4838 +/- 17.15
INFO:root:Epoch no. 391 of 500 (samples: 99009)
INFO:root:Loss: 617.8921 +/- 15.2165
INFO:root:Epoch no. 392 of 500 (samples: 99009)
INFO:root:Loss: 616.2109 +/- 10.4538
INFO:root:Epoch no. 393 of 500 (samples: 99009)
INFO:root:Loss: 613.4651 +/- 14.9428
INFO:root:Epoch no. 394 of 500 (samples: 99009)
INFO:root:Loss: 616.5848 +/- 12.468
INFO:root:Epoch no. 395 of 500 (samples: 99009)
INFO:root:Loss: 619.538 +/- 15.1575
INFO:root:Epoch no. 396 of 500 (samples: 99009)
INFO:root:Loss: 614.8903 +/- 16.3006
INFO:root:Epoch no. 397 of 500 (samples: 99009)
INFO:root:Loss: 616.0984 +/- 13.6692
INFO:root:Epoch no. 398 of 500 (samples: 99009)
INFO:root:Loss: 616.5898 +/- 14.3453
INFO:root:Epoch no. 399 of 500 (samples: 99009)
INFO:root:Loss: 615.7035 +/- 15.535
INFO:root:Epoch no. 400 of 500 (samples: 99009)
INFO:root:Loss: 615.5737 +/- 13.0847
INFO:root:Epoch no. 401 of 500 (samples: 99009)
INFO:root:Loss: 614.691 +/- 12.2684
INFO:root:Epoch no. 402 of 500 (samples: 99009)
INFO:root:Loss: 616.4679 +/- 10.9671
INFO:root:Epoch no. 403 of 500 (samples: 99009)
INFO:root:Loss: 616.1131 +/- 14.1201
INFO:root:Epoch no. 404 of 500 (samples: 99009)
INFO:root:Loss: 615.4709 +/- 15.9912
INFO:root:Epoch no. 405 of 500 (samples: 99009)
INFO:root:Loss: 613.6497 +/- 12.0557
INFO:root:Epoch no. 406 of 500 (samples: 99009)
INFO:root:Loss: 615.2268 +/- 10.8298
INFO:root:Epoch no. 407 of 500 (samples: 99009)
INFO:root:Loss: 612.712 +/- 12.7774
INFO:root:Epoch no. 408 of 500 (samples: 99009)
INFO:root:Loss: 611.9331 +/- 17.7418
INFO:root:Epoch no. 409 of 500 (samples: 99009)
INFO:root:Loss: 615.6533 +/- 19.138
INFO:root:Epoch no. 410 of 500 (samples: 99009)
INFO:root:Loss: 614.2862 +/- 14.2156
INFO:root:Epoch no. 411 of 500 (samples: 99009)
INFO:root:Loss: 612.3214 +/- 17.2523
INFO:root:Epoch no. 412 of 500 (samples: 99009)
INFO:root:Loss: 612.5919 +/- 14.8081
INFO:root:Epoch no. 413 of 500 (samples: 99009)
INFO:root:Loss: 611.104 +/- 14.2116
INFO:root:Epoch no. 414 of 500 (samples: 99009)
INFO:root:Loss: 613.3907 +/- 10.9715
INFO:root:Epoch no. 415 of 500 (samples: 99009)
INFO:root:Loss: 613.3097 +/- 16.2078
INFO:root:Epoch no. 416 of 500 (samples: 99009)
INFO:root:Loss: 611.2682 +/- 11.0255
INFO:root:Epoch no. 417 of 500 (samples: 99009)
INFO:root:Loss: 610.038 +/- 15.2254
INFO:root:Epoch no. 418 of 500 (samples: 99009)
INFO:root:Loss: 613.502 +/- 15.1251
INFO:root:Epoch no. 419 of 500 (samples: 99009)
INFO:root:Loss: 611.9441 +/- 13.0906
INFO:root:Epoch no. 420 of 500 (samples: 99009)
INFO:root:Loss: 611.9606 +/- 10.3627
INFO:root:Epoch no. 421 of 500 (samples: 99009)
INFO:root:Loss: 613.3159 +/- 10.2239
INFO:root:Epoch no. 422 of 500 (samples: 99009)
INFO:root:Loss: 613.8019 +/- 12.2347
INFO:root:Epoch no. 423 of 500 (samples: 99009)
INFO:root:Loss: 613.0171 +/- 10.1414
INFO:root:Epoch no. 424 of 500 (samples: 99009)
INFO:root:Loss: 610.1789 +/- 12.1324
INFO:root:Epoch no. 425 of 500 (samples: 99009)
INFO:root:Loss: 611.4749 +/- 15.1069
INFO:root:Epoch no. 426 of 500 (samples: 99009)
INFO:root:Loss: 609.9788 +/- 15.4977
INFO:root:Epoch no. 427 of 500 (samples: 99009)
INFO:root:Loss: 610.1514 +/- 16.3443
INFO:root:Epoch no. 428 of 500 (samples: 99009)
INFO:root:Loss: 609.3635 +/- 18.4368
INFO:root:Epoch no. 429 of 500 (samples: 99009)
INFO:root:Loss: 612.4877 +/- 13.4971
INFO:root:Epoch no. 430 of 500 (samples: 99009)
INFO:root:Loss: 611.1843 +/- 16.0814
INFO:root:Epoch no. 431 of 500 (samples: 99009)
INFO:root:Loss: 609.3484 +/- 13.7108
INFO:root:Epoch no. 432 of 500 (samples: 99009)
INFO:root:Loss: 609.1698 +/- 13.7592
INFO:root:Epoch no. 433 of 500 (samples: 99009)
INFO:root:Loss: 609.8505 +/- 15.7499
INFO:root:Epoch no. 434 of 500 (samples: 99009)
INFO:root:Loss: 608.3398 +/- 10.0013
INFO:root:Epoch no. 435 of 500 (samples: 99009)
INFO:root:Loss: 609.3742 +/- 9.1963
INFO:root:Epoch no. 436 of 500 (samples: 99009)
INFO:root:Loss: 608.6464 +/- 15.522
INFO:root:Epoch no. 437 of 500 (samples: 99009)
INFO:root:Loss: 607.8834 +/- 15.4015
INFO:root:Epoch no. 438 of 500 (samples: 99009)
INFO:root:Loss: 608.9406 +/- 13.8201
INFO:root:Epoch no. 439 of 500 (samples: 99009)
INFO:root:Loss: 610.112 +/- 10.7103
INFO:root:Epoch no. 440 of 500 (samples: 99009)
INFO:root:Loss: 606.6596 +/- 11.3095
INFO:root:Epoch no. 441 of 500 (samples: 99009)
INFO:root:Loss: 608.2042 +/- 17.1164
INFO:root:Epoch no. 442 of 500 (samples: 99009)
INFO:root:Loss: 605.8158 +/- 16.5215
INFO:root:Epoch no. 443 of 500 (samples: 99009)
INFO:root:Loss: 609.0032 +/- 11.2386
INFO:root:Epoch no. 444 of 500 (samples: 99009)
INFO:root:Loss: 605.6708 +/- 12.2519
INFO:root:Epoch no. 445 of 500 (samples: 99009)
INFO:root:Loss: 607.6582 +/- 14.0126
INFO:root:Epoch no. 446 of 500 (samples: 99009)
INFO:root:Loss: 605.3876 +/- 13.2672
INFO:root:Epoch no. 447 of 500 (samples: 99009)
INFO:root:Loss: 606.4274 +/- 14.6034
INFO:root:Epoch no. 448 of 500 (samples: 99009)
INFO:root:Loss: 605.4108 +/- 16.946
INFO:root:Epoch no. 449 of 500 (samples: 99009)
INFO:root:Loss: 603.6981 +/- 18.4929
INFO:root:Epoch no. 450 of 500 (samples: 99009)
INFO:root:Loss: 605.3202 +/- 12.679
INFO:root:Epoch no. 451 of 500 (samples: 99009)
INFO:root:Loss: 607.0093 +/- 12.692
INFO:root:Epoch no. 452 of 500 (samples: 99009)
INFO:root:Loss: 607.225 +/- 18.882
INFO:root:Epoch no. 453 of 500 (samples: 99009)
INFO:root:Loss: 602.8535 +/- 11.0805
INFO:root:Epoch no. 454 of 500 (samples: 99009)
INFO:root:Loss: 604.272 +/- 11.0488
INFO:root:Epoch no. 455 of 500 (samples: 99009)
INFO:root:Loss: 605.5581 +/- 15.3829
INFO:root:Epoch no. 456 of 500 (samples: 99009)
INFO:root:Loss: 603.1237 +/- 10.1007
INFO:root:Epoch no. 457 of 500 (samples: 99009)
INFO:root:Loss: 604.8781 +/- 15.3456
INFO:root:Epoch no. 458 of 500 (samples: 99009)
INFO:root:Loss: 603.9208 +/- 9.4847
INFO:root:Epoch no. 459 of 500 (samples: 99009)
INFO:root:Loss: 604.6834 +/- 13.7075
INFO:root:Epoch no. 460 of 500 (samples: 99009)
INFO:root:Loss: 605.0243 +/- 13.9071
INFO:root:Epoch no. 461 of 500 (samples: 99009)
INFO:root:Loss: 603.6182 +/- 12.4965
INFO:root:Epoch no. 462 of 500 (samples: 99009)
INFO:root:Loss: 604.0183 +/- 10.5307
INFO:root:Epoch no. 463 of 500 (samples: 99009)
INFO:root:Loss: 605.5161 +/- 11.3072
INFO:root:Epoch no. 464 of 500 (samples: 99009)
INFO:root:Loss: 604.6903 +/- 8.1125
INFO:root:Epoch no. 465 of 500 (samples: 99009)
INFO:root:Loss: 604.0003 +/- 11.8337
INFO:root:Epoch no. 466 of 500 (samples: 99009)
INFO:root:Loss: 602.2239 +/- 17.7235
INFO:root:Epoch no. 467 of 500 (samples: 99009)
INFO:root:Loss: 605.3355 +/- 15.1105
INFO:root:Epoch no. 468 of 500 (samples: 99009)
INFO:root:Loss: 604.7135 +/- 9.8395
INFO:root:Epoch no. 469 of 500 (samples: 99009)
INFO:root:Loss: 604.3778 +/- 16.7162
INFO:root:Epoch no. 470 of 500 (samples: 99009)
INFO:root:Loss: 601.5866 +/- 13.3981
INFO:root:Epoch no. 471 of 500 (samples: 99009)
INFO:root:Loss: 604.8079 +/- 10.058
INFO:root:Epoch no. 472 of 500 (samples: 99009)
INFO:root:Loss: 599.8311 +/- 15.9102
INFO:root:Epoch no. 473 of 500 (samples: 99009)
INFO:root:Loss: 603.0671 +/- 9.8488
INFO:root:Epoch no. 474 of 500 (samples: 99009)
INFO:root:Loss: 605.0358 +/- 12.8982
INFO:root:Epoch no. 475 of 500 (samples: 99009)
INFO:root:Loss: 600.1784 +/- 16.2149
INFO:root:Epoch no. 476 of 500 (samples: 99009)
INFO:root:Loss: 601.9379 +/- 10.2872
INFO:root:Epoch no. 477 of 500 (samples: 99009)
INFO:root:Loss: 598.5147 +/- 14.0863
INFO:root:Epoch no. 478 of 500 (samples: 99009)
INFO:root:Loss: 599.8656 +/- 9.4252
INFO:root:Epoch no. 479 of 500 (samples: 99009)
INFO:root:Loss: 599.8491 +/- 13.6331
INFO:root:Epoch no. 480 of 500 (samples: 99009)
INFO:root:Loss: 601.1246 +/- 15.023
INFO:root:Epoch no. 481 of 500 (samples: 99009)
INFO:root:Loss: 597.4568 +/- 11.631
INFO:root:Epoch no. 482 of 500 (samples: 99009)
INFO:root:Loss: 603.9594 +/- 11.597
INFO:root:Epoch no. 483 of 500 (samples: 99009)
INFO:root:Loss: 600.6723 +/- 10.5625
INFO:root:Epoch no. 484 of 500 (samples: 99009)
INFO:root:Loss: 598.3956 +/- 8.8964
INFO:root:Epoch no. 485 of 500 (samples: 99009)
INFO:root:Loss: 599.0121 +/- 11.0681
INFO:root:Epoch no. 486 of 500 (samples: 99009)
INFO:root:Loss: 600.0198 +/- 14.1036
INFO:root:Epoch no. 487 of 500 (samples: 99009)
INFO:root:Loss: 600.8179 +/- 8.8324
INFO:root:Epoch no. 488 of 500 (samples: 99009)
INFO:root:Loss: 597.9689 +/- 14.8852
INFO:root:Epoch no. 489 of 500 (samples: 99009)
INFO:root:Loss: 599.3318 +/- 8.7518
INFO:root:Epoch no. 490 of 500 (samples: 99009)
INFO:root:Loss: 598.9708 +/- 8.5156
INFO:root:Epoch no. 491 of 500 (samples: 99009)
INFO:root:Loss: 598.829 +/- 9.7775
INFO:root:Epoch no. 492 of 500 (samples: 99009)
INFO:root:Loss: 597.7899 +/- 11.9278
INFO:root:Epoch no. 493 of 500 (samples: 99009)
INFO:root:Loss: 599.1765 +/- 10.5267
INFO:root:Epoch no. 494 of 500 (samples: 99009)
INFO:root:Loss: 597.7108 +/- 16.1404
INFO:root:Epoch no. 495 of 500 (samples: 99009)
INFO:root:Loss: 598.432 +/- 14.2833
INFO:root:Epoch no. 496 of 500 (samples: 99009)
INFO:root:Loss: 599.696 +/- 14.0681
INFO:root:Epoch no. 497 of 500 (samples: 99009)
INFO:root:Loss: 597.1237 +/- 11.1621
INFO:root:Epoch no. 498 of 500 (samples: 99009)
INFO:root:Loss: 596.498 +/- 11.612
INFO:root:Epoch no. 499 of 500 (samples: 99009)
INFO:root:Loss: 596.2759 +/- 15.3315
INFO:root:Epoch no. 500 of 500 (samples: 99009)
INFO:root:Loss: 596.5695 +/- 13.1543
/usr/local/lib/python3.5/dist-packages/keras/backend/theano_backend.py:527: UserWarning: theano.function was asked to create a function computing outputs given certain inputs, but the provided input variable at index 2 is not part of the computational graph needed to compute the outputs: keras_learning_phase.
To make this warning into an error, you can pass the parameter on_unused_input='raise' to theano.function. To disable it completely, use on_unused_input='ignore'.
  **kwargs)
INFO:root:### MICRO (validation raw):
INFO:root:	-- left   >> mean: 1371.711, median: 9.0, mrr: 0.269, hits@1: 14.22%
INFO:root:	-- right  >> mean: 1417.6232, median: 10.0, mrr: 0.265, hits@1: 13.6%
INFO:root:	-- global >> mean: 1394.6671, median: 10.0, mrr: 0.267, hits@1: 13.91%
INFO:root:### MICRO (validation raw):
INFO:root:	-- left   >> mean: 1371.711, median: 9.0, mrr: 0.269, hits@3: 33.98%
INFO:root:	-- right  >> mean: 1417.6232, median: 10.0, mrr: 0.265, hits@3: 33.96%
INFO:root:	-- global >> mean: 1394.6671, median: 10.0, mrr: 0.267, hits@3: 33.97%
INFO:root:### MICRO (validation raw):
INFO:root:	-- left   >> mean: 1371.711, median: 9.0, mrr: 0.269, hits@5: 42.76%
INFO:root:	-- right  >> mean: 1417.6232, median: 10.0, mrr: 0.265, hits@5: 42.0%
INFO:root:	-- global >> mean: 1394.6671, median: 10.0, mrr: 0.267, hits@5: 42.38%
INFO:root:### MICRO (validation raw):
INFO:root:	-- left   >> mean: 1371.711, median: 9.0, mrr: 0.269, hits@10: 51.18%
INFO:root:	-- right  >> mean: 1417.6232, median: 10.0, mrr: 0.265, hits@10: 50.9%
INFO:root:	-- global >> mean: 1394.6671, median: 10.0, mrr: 0.267, hits@10: 51.04%
INFO:root:### MICRO (validation filtered):
INFO:root:	-- left   >> mean: 1362.6998, median: 7.0, mrr: 0.305, hits@1: 16.62%
INFO:root:	-- right  >> mean: 1408.057, median: 7.0, mrr: 0.303, hits@1: 16.2%
INFO:root:	-- global >> mean: 1385.3784, median: 7.0, mrr: 0.304, hits@1: 16.41%
INFO:root:### MICRO (validation filtered):
INFO:root:	-- left   >> mean: 1362.6998, median: 7.0, mrr: 0.305, hits@3: 39.74%
INFO:root:	-- right  >> mean: 1408.057, median: 7.0, mrr: 0.303, hits@3: 40.04%
INFO:root:	-- global >> mean: 1385.3784, median: 7.0, mrr: 0.304, hits@3: 39.89%
INFO:root:### MICRO (validation filtered):
INFO:root:	-- left   >> mean: 1362.6998, median: 7.0, mrr: 0.305, hits@5: 47.02%
INFO:root:	-- right  >> mean: 1408.057, median: 7.0, mrr: 0.303, hits@5: 47.12%
INFO:root:	-- global >> mean: 1385.3784, median: 7.0, mrr: 0.304, hits@5: 47.07%
INFO:root:### MICRO (validation filtered):
INFO:root:	-- left   >> mean: 1362.6998, median: 7.0, mrr: 0.305, hits@10: 54.94%
INFO:root:	-- right  >> mean: 1408.057, median: 7.0, mrr: 0.303, hits@10: 54.64%
INFO:root:	-- global >> mean: 1385.3784, median: 7.0, mrr: 0.304, hits@10: 54.79%
INFO:root:### MICRO (test raw):
INFO:root:	-- left   >> mean: 1359.6512, median: 10.0, mrr: 0.26, hits@1: 12.68%
INFO:root:	-- right  >> mean: 1364.09, median: 9.0, mrr: 0.267, hits@1: 13.14%
INFO:root:	-- global >> mean: 1361.8706, median: 9.0, mrr: 0.263, hits@1: 12.91%
INFO:root:### MICRO (test raw):
INFO:root:	-- left   >> mean: 1359.6512, median: 10.0, mrr: 0.26, hits@3: 33.58%
INFO:root:	-- right  >> mean: 1364.09, median: 9.0, mrr: 0.267, hits@3: 34.7%
INFO:root:	-- global >> mean: 1361.8706, median: 9.0, mrr: 0.263, hits@3: 34.14%
INFO:root:### MICRO (test raw):
INFO:root:	-- left   >> mean: 1359.6512, median: 10.0, mrr: 0.26, hits@5: 41.66%
INFO:root:	-- right  >> mean: 1364.09, median: 9.0, mrr: 0.267, hits@5: 43.32%
INFO:root:	-- global >> mean: 1361.8706, median: 9.0, mrr: 0.263, hits@5: 42.49%
INFO:root:### MICRO (test raw):
INFO:root:	-- left   >> mean: 1359.6512, median: 10.0, mrr: 0.26, hits@10: 50.98%
INFO:root:	-- right  >> mean: 1364.09, median: 9.0, mrr: 0.267, hits@10: 51.92%
INFO:root:	-- global >> mean: 1361.8706, median: 9.0, mrr: 0.263, hits@10: 51.45%
INFO:root:### MICRO (test filtered):
INFO:root:	-- left   >> mean: 1350.1464, median: 7.0, mrr: 0.3, hits@1: 15.7%
INFO:root:	-- right  >> mean: 1355.4874, median: 6.0, mrr: 0.304, hits@1: 15.84%
INFO:root:	-- global >> mean: 1352.8169, median: 7.0, mrr: 0.302, hits@1: 15.77%
INFO:root:### MICRO (test filtered):
INFO:root:	-- left   >> mean: 1350.1464, median: 7.0, mrr: 0.3, hits@3: 39.48%
INFO:root:	-- right  >> mean: 1355.4874, median: 6.0, mrr: 0.304, hits@3: 40.16%
INFO:root:	-- global >> mean: 1352.8169, median: 7.0, mrr: 0.302, hits@3: 39.82%
INFO:root:### MICRO (test filtered):
INFO:root:	-- left   >> mean: 1350.1464, median: 7.0, mrr: 0.3, hits@5: 46.52%
INFO:root:	-- right  >> mean: 1355.4874, median: 6.0, mrr: 0.304, hits@5: 47.76%
INFO:root:	-- global >> mean: 1352.8169, median: 7.0, mrr: 0.302, hits@5: 47.14%
INFO:root:### MICRO (test filtered):
INFO:root:	-- left   >> mean: 1350.1464, median: 7.0, mrr: 0.3, hits@10: 55.0%
INFO:root:	-- right  >> mean: 1355.4874, median: 6.0, mrr: 0.304, hits@10: 55.56%
INFO:root:	-- global >> mean: 1352.8169, median: 7.0, mrr: 0.302, hits@10: 55.28%
