Using Theano backend.
Using gpu device 0: GeForce GTX TITAN X (CNMeM is enabled with initial size: 3500 MB, cuDNN not available)
INFO:root:Acquiring data/wn18/wordnet-mlj12-train.txt ..
INFO:root:Acquiring data/wn18/wordnet-mlj12-valid.txt ..
INFO:root:Acquiring data/wn18/wordnet-mlj12-test.txt ..
INFO:root:[Rules] Adding Head: 15, Tail: [(10, True)]
INFO:root:[Rules] Adding Head: 12, Tail: [(17, True)]
INFO:root:[Rules] Adding Head: 4, Tail: [(5, True)]
INFO:root:[Rules] Adding Head: 13, Tail: [(3, True)]
INFO:root:[Rules] Adding Head: 5, Tail: [(4, True)]
INFO:root:[Rules] Adding Head: 16, Tail: [(11, True)]
INFO:root:[Rules] Adding Head: 17, Tail: [(12, True)]
INFO:root:[Rules] Adding Head: 11, Tail: [(16, True)]
INFO:root:[Rules] Adding Head: 8, Tail: [(9, True)]
INFO:root:[Rules] Adding Head: 2, Tail: [(2, True)]
INFO:root:Samples: 141442, no. batches: 10 -> batch size: 14145
INFO:root:Epoch no. 1 of 500 (samples: 141442)
INFO:root:Loss: 4037.0119 +/- 1712.5852
INFO:root:Epoch no. 2 of 500 (samples: 141442)
INFO:root:Loss: 2478.8434 +/- 65.6577
INFO:root:Epoch no. 3 of 500 (samples: 141442)
INFO:root:Loss: 2127.3026 +/- 20.4095
INFO:root:Epoch no. 4 of 500 (samples: 141442)
INFO:root:Loss: 1918.2121 +/- 10.578
INFO:root:Epoch no. 5 of 500 (samples: 141442)
INFO:root:Loss: 1769.9507 +/- 8.7595
INFO:root:Epoch no. 6 of 500 (samples: 141442)
INFO:root:Loss: 1660.3775 +/- 4.9447
INFO:root:Epoch no. 7 of 500 (samples: 141442)
INFO:root:Loss: 1570.9086 +/- 11.5969
INFO:root:Epoch no. 8 of 500 (samples: 141442)
INFO:root:Loss: 1493.8584 +/- 9.8096
INFO:root:Epoch no. 9 of 500 (samples: 141442)
INFO:root:Loss: 1435.715 +/- 9.0771
INFO:root:Epoch no. 10 of 500 (samples: 141442)
INFO:root:Loss: 1383.3726 +/- 9.7689
INFO:root:Epoch no. 11 of 500 (samples: 141442)
INFO:root:Loss: 1338.6989 +/- 7.6211
INFO:root:Epoch no. 12 of 500 (samples: 141442)
INFO:root:Loss: 1301.0173 +/- 12.6979
INFO:root:Epoch no. 13 of 500 (samples: 141442)
INFO:root:Loss: 1265.3988 +/- 8.093
INFO:root:Epoch no. 14 of 500 (samples: 141442)
INFO:root:Loss: 1236.1056 +/- 12.7734
INFO:root:Epoch no. 15 of 500 (samples: 141442)
INFO:root:Loss: 1206.0303 +/- 12.1927
INFO:root:Epoch no. 16 of 500 (samples: 141442)
INFO:root:Loss: 1181.478 +/- 11.3981
INFO:root:Epoch no. 17 of 500 (samples: 141442)
INFO:root:Loss: 1156.8312 +/- 10.7005
INFO:root:Epoch no. 18 of 500 (samples: 141442)
INFO:root:Loss: 1136.6599 +/- 12.0038
INFO:root:Epoch no. 19 of 500 (samples: 141442)
INFO:root:Loss: 1117.2114 +/- 10.3083
INFO:root:Epoch no. 20 of 500 (samples: 141442)
INFO:root:Loss: 1101.2902 +/- 9.8888
INFO:root:Epoch no. 21 of 500 (samples: 141442)
INFO:root:Loss: 1081.8541 +/- 11.6152
INFO:root:Epoch no. 22 of 500 (samples: 141442)
INFO:root:Loss: 1065.192 +/- 5.7398
INFO:root:Epoch no. 23 of 500 (samples: 141442)
INFO:root:Loss: 1050.7614 +/- 12.8602
INFO:root:Epoch no. 24 of 500 (samples: 141442)
INFO:root:Loss: 1035.6555 +/- 11.2277
INFO:root:Epoch no. 25 of 500 (samples: 141442)
INFO:root:Loss: 1024.4473 +/- 13.6768
INFO:root:Epoch no. 26 of 500 (samples: 141442)
INFO:root:Loss: 1012.1473 +/- 11.4221
INFO:root:Epoch no. 27 of 500 (samples: 141442)
INFO:root:Loss: 999.5928 +/- 9.625
INFO:root:Epoch no. 28 of 500 (samples: 141442)
INFO:root:Loss: 989.3668 +/- 8.6254
INFO:root:Epoch no. 29 of 500 (samples: 141442)
INFO:root:Loss: 978.0214 +/- 9.2155
INFO:root:Epoch no. 30 of 500 (samples: 141442)
INFO:root:Loss: 969.7224 +/- 10.0912
INFO:root:Epoch no. 31 of 500 (samples: 141442)
INFO:root:Loss: 957.949 +/- 8.7075
INFO:root:Epoch no. 32 of 500 (samples: 141442)
INFO:root:Loss: 949.0765 +/- 9.1772
INFO:root:Epoch no. 33 of 500 (samples: 141442)
INFO:root:Loss: 940.0355 +/- 5.0801
INFO:root:Epoch no. 34 of 500 (samples: 141442)
INFO:root:Loss: 932.2397 +/- 7.387
INFO:root:Epoch no. 35 of 500 (samples: 141442)
INFO:root:Loss: 923.8888 +/- 10.0996
INFO:root:Epoch no. 36 of 500 (samples: 141442)
INFO:root:Loss: 913.5559 +/- 9.0696
INFO:root:Epoch no. 37 of 500 (samples: 141442)
INFO:root:Loss: 908.1575 +/- 9.5013
INFO:root:Epoch no. 38 of 500 (samples: 141442)
INFO:root:Loss: 899.1303 +/- 8.3772
INFO:root:Epoch no. 39 of 500 (samples: 141442)
INFO:root:Loss: 892.2797 +/- 12.176
INFO:root:Epoch no. 40 of 500 (samples: 141442)
INFO:root:Loss: 885.7713 +/- 7.6799
INFO:root:Epoch no. 41 of 500 (samples: 141442)
INFO:root:Loss: 881.1899 +/- 8.4356
INFO:root:Epoch no. 42 of 500 (samples: 141442)
INFO:root:Loss: 874.2573 +/- 10.4539
INFO:root:Epoch no. 43 of 500 (samples: 141442)
INFO:root:Loss: 869.442 +/- 10.7939
INFO:root:Epoch no. 44 of 500 (samples: 141442)
INFO:root:Loss: 863.6296 +/- 5.9941
INFO:root:Epoch no. 45 of 500 (samples: 141442)
INFO:root:Loss: 857.3156 +/- 9.9425
INFO:root:Epoch no. 46 of 500 (samples: 141442)
INFO:root:Loss: 851.8683 +/- 8.5582
INFO:root:Epoch no. 47 of 500 (samples: 141442)
INFO:root:Loss: 846.8037 +/- 7.4187
INFO:root:Epoch no. 48 of 500 (samples: 141442)
INFO:root:Loss: 841.3951 +/- 8.3676
INFO:root:Epoch no. 49 of 500 (samples: 141442)
INFO:root:Loss: 837.0406 +/- 8.5852
INFO:root:Epoch no. 50 of 500 (samples: 141442)
INFO:root:Loss: 830.6592 +/- 7.3485
INFO:root:Epoch no. 51 of 500 (samples: 141442)
INFO:root:Loss: 826.5649 +/- 11.7335
INFO:root:Epoch no. 52 of 500 (samples: 141442)
INFO:root:Loss: 822.0364 +/- 11.7698
INFO:root:Epoch no. 53 of 500 (samples: 141442)
INFO:root:Loss: 816.6728 +/- 9.3024
INFO:root:Epoch no. 54 of 500 (samples: 141442)
INFO:root:Loss: 813.2723 +/- 8.3584
INFO:root:Epoch no. 55 of 500 (samples: 141442)
INFO:root:Loss: 807.9464 +/- 12.1109
INFO:root:Epoch no. 56 of 500 (samples: 141442)
INFO:root:Loss: 805.6181 +/- 9.7557
INFO:root:Epoch no. 57 of 500 (samples: 141442)
INFO:root:Loss: 800.7442 +/- 8.3924
INFO:root:Epoch no. 58 of 500 (samples: 141442)
INFO:root:Loss: 798.2714 +/- 9.789
INFO:root:Epoch no. 59 of 500 (samples: 141442)
INFO:root:Loss: 792.9387 +/- 6.2771
INFO:root:Epoch no. 60 of 500 (samples: 141442)
INFO:root:Loss: 788.9834 +/- 7.9144
INFO:root:Epoch no. 61 of 500 (samples: 141442)
INFO:root:Loss: 786.2147 +/- 7.3886
INFO:root:Epoch no. 62 of 500 (samples: 141442)
INFO:root:Loss: 783.2243 +/- 5.2502
INFO:root:Epoch no. 63 of 500 (samples: 141442)
INFO:root:Loss: 779.767 +/- 9.6043
INFO:root:Epoch no. 64 of 500 (samples: 141442)
INFO:root:Loss: 777.1239 +/- 7.2359
INFO:root:Epoch no. 65 of 500 (samples: 141442)
INFO:root:Loss: 772.7809 +/- 9.1124
INFO:root:Epoch no. 66 of 500 (samples: 141442)
INFO:root:Loss: 769.226 +/- 6.3264
INFO:root:Epoch no. 67 of 500 (samples: 141442)
INFO:root:Loss: 765.9512 +/- 7.2986
INFO:root:Epoch no. 68 of 500 (samples: 141442)
INFO:root:Loss: 763.8188 +/- 6.8191
INFO:root:Epoch no. 69 of 500 (samples: 141442)
INFO:root:Loss: 760.3563 +/- 8.9692
INFO:root:Epoch no. 70 of 500 (samples: 141442)
INFO:root:Loss: 757.8424 +/- 7.8289
INFO:root:Epoch no. 71 of 500 (samples: 141442)
INFO:root:Loss: 754.1963 +/- 9.7101
INFO:root:Epoch no. 72 of 500 (samples: 141442)
INFO:root:Loss: 752.9397 +/- 7.962
INFO:root:Epoch no. 73 of 500 (samples: 141442)
INFO:root:Loss: 750.2809 +/- 7.083
INFO:root:Epoch no. 74 of 500 (samples: 141442)
INFO:root:Loss: 747.3318 +/- 8.831
INFO:root:Epoch no. 75 of 500 (samples: 141442)
INFO:root:Loss: 744.151 +/- 8.8866
INFO:root:Epoch no. 76 of 500 (samples: 141442)
INFO:root:Loss: 740.2006 +/- 8.9714
INFO:root:Epoch no. 77 of 500 (samples: 141442)
INFO:root:Loss: 738.4292 +/- 7.4168
INFO:root:Epoch no. 78 of 500 (samples: 141442)
INFO:root:Loss: 736.0121 +/- 3.3441
INFO:root:Epoch no. 79 of 500 (samples: 141442)
INFO:root:Loss: 734.0904 +/- 5.498
INFO:root:Epoch no. 80 of 500 (samples: 141442)
INFO:root:Loss: 730.375 +/- 6.7568
INFO:root:Epoch no. 81 of 500 (samples: 141442)
INFO:root:Loss: 728.3215 +/- 7.5451
INFO:root:Epoch no. 82 of 500 (samples: 141442)
INFO:root:Loss: 727.2659 +/- 10.1603
INFO:root:Epoch no. 83 of 500 (samples: 141442)
INFO:root:Loss: 725.066 +/- 5.5357
INFO:root:Epoch no. 84 of 500 (samples: 141442)
INFO:root:Loss: 723.7756 +/- 4.9907
INFO:root:Epoch no. 85 of 500 (samples: 141442)
INFO:root:Loss: 719.7928 +/- 7.4758
INFO:root:Epoch no. 86 of 500 (samples: 141442)
INFO:root:Loss: 719.2346 +/- 5.0729
INFO:root:Epoch no. 87 of 500 (samples: 141442)
INFO:root:Loss: 715.4981 +/- 7.3909
INFO:root:Epoch no. 88 of 500 (samples: 141442)
INFO:root:Loss: 713.1548 +/- 7.1337
INFO:root:Epoch no. 89 of 500 (samples: 141442)
INFO:root:Loss: 713.9239 +/- 9.1454
INFO:root:Epoch no. 90 of 500 (samples: 141442)
INFO:root:Loss: 709.2405 +/- 8.3295
INFO:root:Epoch no. 91 of 500 (samples: 141442)
INFO:root:Loss: 708.8485 +/- 6.1933
INFO:root:Epoch no. 92 of 500 (samples: 141442)
INFO:root:Loss: 708.5207 +/- 8.3228
INFO:root:Epoch no. 93 of 500 (samples: 141442)
INFO:root:Loss: 707.0377 +/- 8.6163
INFO:root:Epoch no. 94 of 500 (samples: 141442)
INFO:root:Loss: 703.608 +/- 7.2231
INFO:root:Epoch no. 95 of 500 (samples: 141442)
INFO:root:Loss: 699.519 +/- 9.0249
INFO:root:Epoch no. 96 of 500 (samples: 141442)
INFO:root:Loss: 699.8126 +/- 5.8969
INFO:root:Epoch no. 97 of 500 (samples: 141442)
INFO:root:Loss: 697.4326 +/- 4.0547
INFO:root:Epoch no. 98 of 500 (samples: 141442)
INFO:root:Loss: 695.6807 +/- 5.207
INFO:root:Epoch no. 99 of 500 (samples: 141442)
INFO:root:Loss: 695.397 +/- 5.1227
INFO:root:Epoch no. 100 of 500 (samples: 141442)
INFO:root:Loss: 691.4249 +/- 7.1731
INFO:root:Epoch no. 101 of 500 (samples: 141442)
INFO:root:Loss: 690.8575 +/- 8.6649
INFO:root:Epoch no. 102 of 500 (samples: 141442)
INFO:root:Loss: 688.6983 +/- 6.6255
INFO:root:Epoch no. 103 of 500 (samples: 141442)
INFO:root:Loss: 688.2463 +/- 5.2595
INFO:root:Epoch no. 104 of 500 (samples: 141442)
INFO:root:Loss: 684.3662 +/- 7.6785
INFO:root:Epoch no. 105 of 500 (samples: 141442)
INFO:root:Loss: 684.9533 +/- 5.1947
INFO:root:Epoch no. 106 of 500 (samples: 141442)
INFO:root:Loss: 681.9275 +/- 8.9384
INFO:root:Epoch no. 107 of 500 (samples: 141442)
INFO:root:Loss: 679.7387 +/- 6.8693
INFO:root:Epoch no. 108 of 500 (samples: 141442)
INFO:root:Loss: 678.9933 +/- 8.7909
INFO:root:Epoch no. 109 of 500 (samples: 141442)
INFO:root:Loss: 679.3175 +/- 6.5917
INFO:root:Epoch no. 110 of 500 (samples: 141442)
INFO:root:Loss: 677.2275 +/- 7.8838
INFO:root:Epoch no. 111 of 500 (samples: 141442)
INFO:root:Loss: 675.6428 +/- 6.8142
INFO:root:Epoch no. 112 of 500 (samples: 141442)
INFO:root:Loss: 674.9441 +/- 4.9484
INFO:root:Epoch no. 113 of 500 (samples: 141442)
INFO:root:Loss: 673.7997 +/- 7.4464
INFO:root:Epoch no. 114 of 500 (samples: 141442)
INFO:root:Loss: 671.8771 +/- 5.6684
INFO:root:Epoch no. 115 of 500 (samples: 141442)
INFO:root:Loss: 669.3082 +/- 8.3351
INFO:root:Epoch no. 116 of 500 (samples: 141442)
INFO:root:Loss: 670.3342 +/- 6.3839
INFO:root:Epoch no. 117 of 500 (samples: 141442)
INFO:root:Loss: 667.558 +/- 7.0845
INFO:root:Epoch no. 118 of 500 (samples: 141442)
INFO:root:Loss: 666.7494 +/- 6.1497
INFO:root:Epoch no. 119 of 500 (samples: 141442)
INFO:root:Loss: 664.2593 +/- 7.1449
INFO:root:Epoch no. 120 of 500 (samples: 141442)
INFO:root:Loss: 663.4955 +/- 5.5755
INFO:root:Epoch no. 121 of 500 (samples: 141442)
INFO:root:Loss: 661.9534 +/- 7.3847
INFO:root:Epoch no. 122 of 500 (samples: 141442)
INFO:root:Loss: 660.0891 +/- 6.2173
INFO:root:Epoch no. 123 of 500 (samples: 141442)
INFO:root:Loss: 660.9384 +/- 6.9169
INFO:root:Epoch no. 124 of 500 (samples: 141442)
INFO:root:Loss: 660.4142 +/- 5.9751
INFO:root:Epoch no. 125 of 500 (samples: 141442)
INFO:root:Loss: 658.4903 +/- 8.8438
INFO:root:Epoch no. 126 of 500 (samples: 141442)
INFO:root:Loss: 655.883 +/- 5.291
INFO:root:Epoch no. 127 of 500 (samples: 141442)
INFO:root:Loss: 657.7081 +/- 6.1717
INFO:root:Epoch no. 128 of 500 (samples: 141442)
INFO:root:Loss: 654.1231 +/- 4.736
INFO:root:Epoch no. 129 of 500 (samples: 141442)
INFO:root:Loss: 653.2832 +/- 6.1053
INFO:root:Epoch no. 130 of 500 (samples: 141442)
INFO:root:Loss: 652.8314 +/- 8.297
INFO:root:Epoch no. 131 of 500 (samples: 141442)
INFO:root:Loss: 649.2878 +/- 7.3178
INFO:root:Epoch no. 132 of 500 (samples: 141442)
INFO:root:Loss: 650.99 +/- 8.7043
INFO:root:Epoch no. 133 of 500 (samples: 141442)
INFO:root:Loss: 649.6842 +/- 6.2432
INFO:root:Epoch no. 134 of 500 (samples: 141442)
INFO:root:Loss: 648.2209 +/- 5.8187
INFO:root:Epoch no. 135 of 500 (samples: 141442)
INFO:root:Loss: 646.6459 +/- 5.3895
INFO:root:Epoch no. 136 of 500 (samples: 141442)
INFO:root:Loss: 646.7313 +/- 4.1411
INFO:root:Epoch no. 137 of 500 (samples: 141442)
INFO:root:Loss: 644.3455 +/- 8.7386
INFO:root:Epoch no. 138 of 500 (samples: 141442)
INFO:root:Loss: 643.1973 +/- 8.5471
INFO:root:Epoch no. 139 of 500 (samples: 141442)
INFO:root:Loss: 642.2454 +/- 8.5732
INFO:root:Epoch no. 140 of 500 (samples: 141442)
INFO:root:Loss: 641.4904 +/- 8.4249
INFO:root:Epoch no. 141 of 500 (samples: 141442)
INFO:root:Loss: 642.5451 +/- 4.7491
INFO:root:Epoch no. 142 of 500 (samples: 141442)
INFO:root:Loss: 640.8666 +/- 7.0195
INFO:root:Epoch no. 143 of 500 (samples: 141442)
INFO:root:Loss: 639.5367 +/- 6.1121
INFO:root:Epoch no. 144 of 500 (samples: 141442)
INFO:root:Loss: 638.3754 +/- 4.9229
INFO:root:Epoch no. 145 of 500 (samples: 141442)
INFO:root:Loss: 636.076 +/- 8.4509
INFO:root:Epoch no. 146 of 500 (samples: 141442)
INFO:root:Loss: 635.6361 +/- 6.4505
INFO:root:Epoch no. 147 of 500 (samples: 141442)
INFO:root:Loss: 635.22 +/- 8.448
INFO:root:Epoch no. 148 of 500 (samples: 141442)
INFO:root:Loss: 635.4318 +/- 8.2604
INFO:root:Epoch no. 149 of 500 (samples: 141442)
INFO:root:Loss: 634.6909 +/- 5.0158
INFO:root:Epoch no. 150 of 500 (samples: 141442)
INFO:root:Loss: 631.7624 +/- 5.4652
INFO:root:Epoch no. 151 of 500 (samples: 141442)
INFO:root:Loss: 630.7849 +/- 6.3925
INFO:root:Epoch no. 152 of 500 (samples: 141442)
INFO:root:Loss: 630.5952 +/- 7.0907
INFO:root:Epoch no. 153 of 500 (samples: 141442)
INFO:root:Loss: 631.2391 +/- 5.3617
INFO:root:Epoch no. 154 of 500 (samples: 141442)
INFO:root:Loss: 628.9722 +/- 6.5629
INFO:root:Epoch no. 155 of 500 (samples: 141442)
INFO:root:Loss: 628.152 +/- 5.7514
INFO:root:Epoch no. 156 of 500 (samples: 141442)
INFO:root:Loss: 627.9026 +/- 3.2889
INFO:root:Epoch no. 157 of 500 (samples: 141442)
INFO:root:Loss: 626.8711 +/- 5.4784
INFO:root:Epoch no. 158 of 500 (samples: 141442)
INFO:root:Loss: 625.964 +/- 2.6465
INFO:root:Epoch no. 159 of 500 (samples: 141442)
INFO:root:Loss: 623.953 +/- 8.04
INFO:root:Epoch no. 160 of 500 (samples: 141442)
INFO:root:Loss: 624.1377 +/- 3.7582
INFO:root:Epoch no. 161 of 500 (samples: 141442)
INFO:root:Loss: 623.5715 +/- 9.6022
INFO:root:Epoch no. 162 of 500 (samples: 141442)
INFO:root:Loss: 621.1065 +/- 5.0373
INFO:root:Epoch no. 163 of 500 (samples: 141442)
INFO:root:Loss: 622.3641 +/- 7.9452
INFO:root:Epoch no. 164 of 500 (samples: 141442)
INFO:root:Loss: 620.7576 +/- 5.165
INFO:root:Epoch no. 165 of 500 (samples: 141442)
INFO:root:Loss: 622.2818 +/- 8.9832
INFO:root:Epoch no. 166 of 500 (samples: 141442)
INFO:root:Loss: 620.5187 +/- 7.2246
INFO:root:Epoch no. 167 of 500 (samples: 141442)
INFO:root:Loss: 619.7316 +/- 5.4885
INFO:root:Epoch no. 168 of 500 (samples: 141442)
INFO:root:Loss: 617.7953 +/- 7.4097
INFO:root:Epoch no. 169 of 500 (samples: 141442)
INFO:root:Loss: 615.8096 +/- 7.5838
INFO:root:Epoch no. 170 of 500 (samples: 141442)
INFO:root:Loss: 616.1674 +/- 6.4733
INFO:root:Epoch no. 171 of 500 (samples: 141442)
INFO:root:Loss: 616.2269 +/- 7.8914
INFO:root:Epoch no. 172 of 500 (samples: 141442)
INFO:root:Loss: 615.6967 +/- 4.9797
INFO:root:Epoch no. 173 of 500 (samples: 141442)
INFO:root:Loss: 615.2351 +/- 6.4632
INFO:root:Epoch no. 174 of 500 (samples: 141442)
INFO:root:Loss: 614.3727 +/- 8.2339
INFO:root:Epoch no. 175 of 500 (samples: 141442)
INFO:root:Loss: 611.9009 +/- 3.804
INFO:root:Epoch no. 176 of 500 (samples: 141442)
INFO:root:Loss: 612.1281 +/- 7.044
INFO:root:Epoch no. 177 of 500 (samples: 141442)
INFO:root:Loss: 611.2171 +/- 7.389
INFO:root:Epoch no. 178 of 500 (samples: 141442)
INFO:root:Loss: 611.9945 +/- 7.1542
INFO:root:Epoch no. 179 of 500 (samples: 141442)
INFO:root:Loss: 610.0202 +/- 5.4703
INFO:root:Epoch no. 180 of 500 (samples: 141442)
INFO:root:Loss: 609.9138 +/- 5.774
INFO:root:Epoch no. 181 of 500 (samples: 141442)
INFO:root:Loss: 606.8575 +/- 6.8774
INFO:root:Epoch no. 182 of 500 (samples: 141442)
INFO:root:Loss: 608.7502 +/- 6.5389
INFO:root:Epoch no. 183 of 500 (samples: 141442)
INFO:root:Loss: 608.4779 +/- 5.9235
INFO:root:Epoch no. 184 of 500 (samples: 141442)
INFO:root:Loss: 607.9107 +/- 5.5431
INFO:root:Epoch no. 185 of 500 (samples: 141442)
INFO:root:Loss: 607.4068 +/- 4.138
INFO:root:Epoch no. 186 of 500 (samples: 141442)
INFO:root:Loss: 606.191 +/- 4.6422
INFO:root:Epoch no. 187 of 500 (samples: 141442)
INFO:root:Loss: 605.185 +/- 7.7046
INFO:root:Epoch no. 188 of 500 (samples: 141442)
INFO:root:Loss: 605.0733 +/- 6.7971
INFO:root:Epoch no. 189 of 500 (samples: 141442)
INFO:root:Loss: 604.7619 +/- 4.3307
INFO:root:Epoch no. 190 of 500 (samples: 141442)
INFO:root:Loss: 602.9632 +/- 7.6286
INFO:root:Epoch no. 191 of 500 (samples: 141442)
INFO:root:Loss: 602.7442 +/- 4.8024
INFO:root:Epoch no. 192 of 500 (samples: 141442)
INFO:root:Loss: 603.6175 +/- 8.0759
INFO:root:Epoch no. 193 of 500 (samples: 141442)
INFO:root:Loss: 604.0609 +/- 7.4861
INFO:root:Epoch no. 194 of 500 (samples: 141442)
INFO:root:Loss: 600.9073 +/- 5.7704
INFO:root:Epoch no. 195 of 500 (samples: 141442)
INFO:root:Loss: 599.8158 +/- 7.1186
INFO:root:Epoch no. 196 of 500 (samples: 141442)
INFO:root:Loss: 599.0547 +/- 4.4948
INFO:root:Epoch no. 197 of 500 (samples: 141442)
INFO:root:Loss: 599.2027 +/- 4.4982
INFO:root:Epoch no. 198 of 500 (samples: 141442)
INFO:root:Loss: 598.0863 +/- 4.6202
INFO:root:Epoch no. 199 of 500 (samples: 141442)
INFO:root:Loss: 597.9343 +/- 7.2954
INFO:root:Epoch no. 200 of 500 (samples: 141442)
INFO:root:Loss: 597.7544 +/- 5.2077
INFO:root:Epoch no. 201 of 500 (samples: 141442)
INFO:root:Loss: 596.2389 +/- 6.4434
INFO:root:Epoch no. 202 of 500 (samples: 141442)
INFO:root:Loss: 595.175 +/- 6.4298
INFO:root:Epoch no. 203 of 500 (samples: 141442)
INFO:root:Loss: 596.5979 +/- 6.4096
INFO:root:Epoch no. 204 of 500 (samples: 141442)
INFO:root:Loss: 594.3056 +/- 5.3846
INFO:root:Epoch no. 205 of 500 (samples: 141442)
INFO:root:Loss: 593.4253 +/- 5.5692
INFO:root:Epoch no. 206 of 500 (samples: 141442)
INFO:root:Loss: 592.3774 +/- 7.4526
INFO:root:Epoch no. 207 of 500 (samples: 141442)
INFO:root:Loss: 593.6068 +/- 7.3887
INFO:root:Epoch no. 208 of 500 (samples: 141442)
INFO:root:Loss: 595.1759 +/- 5.6552
INFO:root:Epoch no. 209 of 500 (samples: 141442)
INFO:root:Loss: 591.2217 +/- 7.9599
INFO:root:Epoch no. 210 of 500 (samples: 141442)
INFO:root:Loss: 592.2807 +/- 7.3387
INFO:root:Epoch no. 211 of 500 (samples: 141442)
INFO:root:Loss: 591.7441 +/- 7.6794
INFO:root:Epoch no. 212 of 500 (samples: 141442)
INFO:root:Loss: 588.4926 +/- 4.7332
INFO:root:Epoch no. 213 of 500 (samples: 141442)
INFO:root:Loss: 590.3778 +/- 6.1319
INFO:root:Epoch no. 214 of 500 (samples: 141442)
INFO:root:Loss: 589.7678 +/- 5.3903
INFO:root:Epoch no. 215 of 500 (samples: 141442)
INFO:root:Loss: 590.2079 +/- 5.5235
INFO:root:Epoch no. 216 of 500 (samples: 141442)
INFO:root:Loss: 588.8321 +/- 5.2332
INFO:root:Epoch no. 217 of 500 (samples: 141442)
INFO:root:Loss: 590.158 +/- 6.5043
INFO:root:Epoch no. 218 of 500 (samples: 141442)
INFO:root:Loss: 589.3526 +/- 4.2156
INFO:root:Epoch no. 219 of 500 (samples: 141442)
INFO:root:Loss: 587.7368 +/- 2.9967
INFO:root:Epoch no. 220 of 500 (samples: 141442)
INFO:root:Loss: 587.4449 +/- 6.8135
INFO:root:Epoch no. 221 of 500 (samples: 141442)
INFO:root:Loss: 586.7245 +/- 3.6452
INFO:root:Epoch no. 222 of 500 (samples: 141442)
INFO:root:Loss: 587.5741 +/- 6.8404
INFO:root:Epoch no. 223 of 500 (samples: 141442)
INFO:root:Loss: 586.5763 +/- 3.9294
INFO:root:Epoch no. 224 of 500 (samples: 141442)
INFO:root:Loss: 584.7457 +/- 4.2557
INFO:root:Epoch no. 225 of 500 (samples: 141442)
INFO:root:Loss: 582.8566 +/- 7.5564
INFO:root:Epoch no. 226 of 500 (samples: 141442)
INFO:root:Loss: 586.7193 +/- 5.4195
INFO:root:Epoch no. 227 of 500 (samples: 141442)
INFO:root:Loss: 583.8583 +/- 7.162
INFO:root:Epoch no. 228 of 500 (samples: 141442)
INFO:root:Loss: 583.5678 +/- 6.2572
INFO:root:Epoch no. 229 of 500 (samples: 141442)
INFO:root:Loss: 582.4258 +/- 5.859
INFO:root:Epoch no. 230 of 500 (samples: 141442)
INFO:root:Loss: 581.8939 +/- 6.2041
INFO:root:Epoch no. 231 of 500 (samples: 141442)
INFO:root:Loss: 582.4212 +/- 5.4962
INFO:root:Epoch no. 232 of 500 (samples: 141442)
INFO:root:Loss: 581.7536 +/- 7.4691
INFO:root:Epoch no. 233 of 500 (samples: 141442)
INFO:root:Loss: 581.5304 +/- 6.14
INFO:root:Epoch no. 234 of 500 (samples: 141442)
INFO:root:Loss: 581.4208 +/- 8.3719
INFO:root:Epoch no. 235 of 500 (samples: 141442)
INFO:root:Loss: 578.8847 +/- 6.052
INFO:root:Epoch no. 236 of 500 (samples: 141442)
INFO:root:Loss: 579.0549 +/- 5.4647
INFO:root:Epoch no. 237 of 500 (samples: 141442)
INFO:root:Loss: 578.8729 +/- 5.6741
INFO:root:Epoch no. 238 of 500 (samples: 141442)
INFO:root:Loss: 578.959 +/- 7.9739
INFO:root:Epoch no. 239 of 500 (samples: 141442)
INFO:root:Loss: 579.8733 +/- 4.0511
INFO:root:Epoch no. 240 of 500 (samples: 141442)
INFO:root:Loss: 576.4569 +/- 5.9517
INFO:root:Epoch no. 241 of 500 (samples: 141442)
INFO:root:Loss: 576.0086 +/- 4.7143
INFO:root:Epoch no. 242 of 500 (samples: 141442)
INFO:root:Loss: 577.5221 +/- 4.5834
INFO:root:Epoch no. 243 of 500 (samples: 141442)
INFO:root:Loss: 576.6352 +/- 5.2121
INFO:root:Epoch no. 244 of 500 (samples: 141442)
INFO:root:Loss: 576.0502 +/- 5.4318
INFO:root:Epoch no. 245 of 500 (samples: 141442)
INFO:root:Loss: 577.6661 +/- 5.6321
INFO:root:Epoch no. 246 of 500 (samples: 141442)
INFO:root:Loss: 575.716 +/- 5.374
INFO:root:Epoch no. 247 of 500 (samples: 141442)
INFO:root:Loss: 574.3302 +/- 4.2329
INFO:root:Epoch no. 248 of 500 (samples: 141442)
INFO:root:Loss: 574.2191 +/- 7.0375
INFO:root:Epoch no. 249 of 500 (samples: 141442)
INFO:root:Loss: 574.1797 +/- 7.2402
INFO:root:Epoch no. 250 of 500 (samples: 141442)
INFO:root:Loss: 573.9736 +/- 3.3466
INFO:root:Epoch no. 251 of 500 (samples: 141442)
INFO:root:Loss: 572.7121 +/- 5.3211
INFO:root:Epoch no. 252 of 500 (samples: 141442)
INFO:root:Loss: 572.752 +/- 5.406
INFO:root:Epoch no. 253 of 500 (samples: 141442)
INFO:root:Loss: 573.7658 +/- 8.1461
INFO:root:Epoch no. 254 of 500 (samples: 141442)
INFO:root:Loss: 572.1403 +/- 5.6237
INFO:root:Epoch no. 255 of 500 (samples: 141442)
INFO:root:Loss: 571.1382 +/- 5.7653
INFO:root:Epoch no. 256 of 500 (samples: 141442)
INFO:root:Loss: 570.4542 +/- 4.2643
INFO:root:Epoch no. 257 of 500 (samples: 141442)
INFO:root:Loss: 571.3704 +/- 6.2626
INFO:root:Epoch no. 258 of 500 (samples: 141442)
INFO:root:Loss: 570.4994 +/- 5.483
INFO:root:Epoch no. 259 of 500 (samples: 141442)
INFO:root:Loss: 569.2491 +/- 7.8771
INFO:root:Epoch no. 260 of 500 (samples: 141442)
INFO:root:Loss: 568.0677 +/- 4.9985
INFO:root:Epoch no. 261 of 500 (samples: 141442)
INFO:root:Loss: 569.4164 +/- 6.4767
INFO:root:Epoch no. 262 of 500 (samples: 141442)
INFO:root:Loss: 569.181 +/- 3.6502
INFO:root:Epoch no. 263 of 500 (samples: 141442)
INFO:root:Loss: 568.5208 +/- 3.1018
INFO:root:Epoch no. 264 of 500 (samples: 141442)
INFO:root:Loss: 568.4964 +/- 6.2189
INFO:root:Epoch no. 265 of 500 (samples: 141442)
INFO:root:Loss: 566.5224 +/- 5.9602
INFO:root:Epoch no. 266 of 500 (samples: 141442)
INFO:root:Loss: 567.7534 +/- 4.9062
INFO:root:Epoch no. 267 of 500 (samples: 141442)
INFO:root:Loss: 567.0913 +/- 5.0867
INFO:root:Epoch no. 268 of 500 (samples: 141442)
INFO:root:Loss: 566.1194 +/- 5.5397
INFO:root:Epoch no. 269 of 500 (samples: 141442)
INFO:root:Loss: 565.6069 +/- 6.5208
INFO:root:Epoch no. 270 of 500 (samples: 141442)
INFO:root:Loss: 564.2115 +/- 5.8381
INFO:root:Epoch no. 271 of 500 (samples: 141442)
INFO:root:Loss: 563.3603 +/- 3.7726
INFO:root:Epoch no. 272 of 500 (samples: 141442)
INFO:root:Loss: 564.0307 +/- 4.5304
INFO:root:Epoch no. 273 of 500 (samples: 141442)
INFO:root:Loss: 564.8783 +/- 5.8654
INFO:root:Epoch no. 274 of 500 (samples: 141442)
INFO:root:Loss: 563.8719 +/- 5.3891
INFO:root:Epoch no. 275 of 500 (samples: 141442)
INFO:root:Loss: 563.628 +/- 3.2825
INFO:root:Epoch no. 276 of 500 (samples: 141442)
INFO:root:Loss: 563.0077 +/- 4.4554
INFO:root:Epoch no. 277 of 500 (samples: 141442)
INFO:root:Loss: 562.6697 +/- 5.1877
INFO:root:Epoch no. 278 of 500 (samples: 141442)
INFO:root:Loss: 563.5368 +/- 6.0043
INFO:root:Epoch no. 279 of 500 (samples: 141442)
INFO:root:Loss: 562.635 +/- 5.8102
INFO:root:Epoch no. 280 of 500 (samples: 141442)
INFO:root:Loss: 562.6859 +/- 6.5344
INFO:root:Epoch no. 281 of 500 (samples: 141442)
INFO:root:Loss: 561.9765 +/- 6.0395
INFO:root:Epoch no. 282 of 500 (samples: 141442)
INFO:root:Loss: 562.0304 +/- 6.1393
INFO:root:Epoch no. 283 of 500 (samples: 141442)
INFO:root:Loss: 560.8638 +/- 7.6166
INFO:root:Epoch no. 284 of 500 (samples: 141442)
INFO:root:Loss: 561.5333 +/- 5.6975
INFO:root:Epoch no. 285 of 500 (samples: 141442)
INFO:root:Loss: 560.3353 +/- 7.7842
INFO:root:Epoch no. 286 of 500 (samples: 141442)
INFO:root:Loss: 560.9914 +/- 6.836
INFO:root:Epoch no. 287 of 500 (samples: 141442)
INFO:root:Loss: 560.4571 +/- 5.0335
INFO:root:Epoch no. 288 of 500 (samples: 141442)
INFO:root:Loss: 560.2425 +/- 6.6973
INFO:root:Epoch no. 289 of 500 (samples: 141442)
INFO:root:Loss: 558.7506 +/- 6.0852
INFO:root:Epoch no. 290 of 500 (samples: 141442)
INFO:root:Loss: 561.3205 +/- 6.7132
INFO:root:Epoch no. 291 of 500 (samples: 141442)
INFO:root:Loss: 559.3652 +/- 3.5597
INFO:root:Epoch no. 292 of 500 (samples: 141442)
INFO:root:Loss: 557.8726 +/- 6.0979
INFO:root:Epoch no. 293 of 500 (samples: 141442)
INFO:root:Loss: 557.2147 +/- 5.5674
INFO:root:Epoch no. 294 of 500 (samples: 141442)
INFO:root:Loss: 559.2682 +/- 5.9012
INFO:root:Epoch no. 295 of 500 (samples: 141442)
INFO:root:Loss: 557.0437 +/- 5.8176
INFO:root:Epoch no. 296 of 500 (samples: 141442)
INFO:root:Loss: 557.2341 +/- 7.6735
INFO:root:Epoch no. 297 of 500 (samples: 141442)
INFO:root:Loss: 558.3753 +/- 6.23
INFO:root:Epoch no. 298 of 500 (samples: 141442)
INFO:root:Loss: 556.9235 +/- 4.1825
INFO:root:Epoch no. 299 of 500 (samples: 141442)
INFO:root:Loss: 555.6458 +/- 4.0309
INFO:root:Epoch no. 300 of 500 (samples: 141442)
INFO:root:Loss: 555.3773 +/- 3.5632
INFO:root:Epoch no. 301 of 500 (samples: 141442)
INFO:root:Loss: 557.3153 +/- 5.5441
INFO:root:Epoch no. 302 of 500 (samples: 141442)
INFO:root:Loss: 556.3608 +/- 5.1179
INFO:root:Epoch no. 303 of 500 (samples: 141442)
INFO:root:Loss: 554.6671 +/- 8.0835
INFO:root:Epoch no. 304 of 500 (samples: 141442)
INFO:root:Loss: 555.7565 +/- 4.2412
INFO:root:Epoch no. 305 of 500 (samples: 141442)
INFO:root:Loss: 553.3582 +/- 5.2386
INFO:root:Epoch no. 306 of 500 (samples: 141442)
INFO:root:Loss: 552.8453 +/- 4.7733
INFO:root:Epoch no. 307 of 500 (samples: 141442)
INFO:root:Loss: 554.3137 +/- 4.9374
INFO:root:Epoch no. 308 of 500 (samples: 141442)
INFO:root:Loss: 553.9228 +/- 8.8005
INFO:root:Epoch no. 309 of 500 (samples: 141442)
INFO:root:Loss: 554.0725 +/- 3.3081
INFO:root:Epoch no. 310 of 500 (samples: 141442)
INFO:root:Loss: 554.6192 +/- 5.5586
INFO:root:Epoch no. 311 of 500 (samples: 141442)
INFO:root:Loss: 552.2183 +/- 4.2759
INFO:root:Epoch no. 312 of 500 (samples: 141442)
INFO:root:Loss: 554.4335 +/- 7.1299
INFO:root:Epoch no. 313 of 500 (samples: 141442)
INFO:root:Loss: 552.5287 +/- 3.0496
INFO:root:Epoch no. 314 of 500 (samples: 141442)
INFO:root:Loss: 552.1044 +/- 3.9744
INFO:root:Epoch no. 315 of 500 (samples: 141442)
INFO:root:Loss: 552.7371 +/- 7.0289
INFO:root:Epoch no. 316 of 500 (samples: 141442)
INFO:root:Loss: 551.6767 +/- 5.216
INFO:root:Epoch no. 317 of 500 (samples: 141442)
INFO:root:Loss: 551.5989 +/- 6.2798
INFO:root:Epoch no. 318 of 500 (samples: 141442)
INFO:root:Loss: 551.606 +/- 5.1018
INFO:root:Epoch no. 319 of 500 (samples: 141442)
INFO:root:Loss: 550.7427 +/- 8.2827
INFO:root:Epoch no. 320 of 500 (samples: 141442)
INFO:root:Loss: 551.331 +/- 6.6588
INFO:root:Epoch no. 321 of 500 (samples: 141442)
INFO:root:Loss: 550.1728 +/- 6.6922
INFO:root:Epoch no. 322 of 500 (samples: 141442)
INFO:root:Loss: 551.121 +/- 6.6773
INFO:root:Epoch no. 323 of 500 (samples: 141442)
INFO:root:Loss: 548.4547 +/- 6.117
INFO:root:Epoch no. 324 of 500 (samples: 141442)
INFO:root:Loss: 549.9702 +/- 6.425
INFO:root:Epoch no. 325 of 500 (samples: 141442)
INFO:root:Loss: 550.178 +/- 7.6592
INFO:root:Epoch no. 326 of 500 (samples: 141442)
INFO:root:Loss: 548.4272 +/- 5.7669
INFO:root:Epoch no. 327 of 500 (samples: 141442)
INFO:root:Loss: 549.6443 +/- 5.703
INFO:root:Epoch no. 328 of 500 (samples: 141442)
INFO:root:Loss: 548.9653 +/- 3.9014
INFO:root:Epoch no. 329 of 500 (samples: 141442)
INFO:root:Loss: 549.0691 +/- 8.1662
INFO:root:Epoch no. 330 of 500 (samples: 141442)
INFO:root:Loss: 547.661 +/- 5.805
INFO:root:Epoch no. 331 of 500 (samples: 141442)
INFO:root:Loss: 546.7863 +/- 4.9813
INFO:root:Epoch no. 332 of 500 (samples: 141442)
INFO:root:Loss: 547.5151 +/- 4.5039
INFO:root:Epoch no. 333 of 500 (samples: 141442)
INFO:root:Loss: 547.1343 +/- 5.3517
INFO:root:Epoch no. 334 of 500 (samples: 141442)
INFO:root:Loss: 546.0699 +/- 2.8184
INFO:root:Epoch no. 335 of 500 (samples: 141442)
INFO:root:Loss: 546.7266 +/- 6.6753
INFO:root:Epoch no. 336 of 500 (samples: 141442)
INFO:root:Loss: 544.3346 +/- 6.7589
INFO:root:Epoch no. 337 of 500 (samples: 141442)
INFO:root:Loss: 547.1863 +/- 4.3044
INFO:root:Epoch no. 338 of 500 (samples: 141442)
INFO:root:Loss: 545.4396 +/- 5.3344
INFO:root:Epoch no. 339 of 500 (samples: 141442)
INFO:root:Loss: 547.3056 +/- 4.7563
INFO:root:Epoch no. 340 of 500 (samples: 141442)
INFO:root:Loss: 545.4926 +/- 4.7263
INFO:root:Epoch no. 341 of 500 (samples: 141442)
INFO:root:Loss: 546.2536 +/- 6.5291
INFO:root:Epoch no. 342 of 500 (samples: 141442)
INFO:root:Loss: 545.3335 +/- 6.7864
INFO:root:Epoch no. 343 of 500 (samples: 141442)
INFO:root:Loss: 545.1203 +/- 6.3216
INFO:root:Epoch no. 344 of 500 (samples: 141442)
INFO:root:Loss: 545.9664 +/- 6.1321
INFO:root:Epoch no. 345 of 500 (samples: 141442)
INFO:root:Loss: 546.1964 +/- 6.1409
INFO:root:Epoch no. 346 of 500 (samples: 141442)
INFO:root:Loss: 545.3897 +/- 6.0157
INFO:root:Epoch no. 347 of 500 (samples: 141442)
INFO:root:Loss: 542.3467 +/- 4.6319
INFO:root:Epoch no. 348 of 500 (samples: 141442)
INFO:root:Loss: 542.2963 +/- 6.6076
INFO:root:Epoch no. 349 of 500 (samples: 141442)
INFO:root:Loss: 542.5461 +/- 4.2337
INFO:root:Epoch no. 350 of 500 (samples: 141442)
INFO:root:Loss: 542.385 +/- 7.6016
INFO:root:Epoch no. 351 of 500 (samples: 141442)
INFO:root:Loss: 543.1074 +/- 3.9161
INFO:root:Epoch no. 352 of 500 (samples: 141442)
INFO:root:Loss: 543.7674 +/- 6.485
INFO:root:Epoch no. 353 of 500 (samples: 141442)
INFO:root:Loss: 542.4588 +/- 6.0331
INFO:root:Epoch no. 354 of 500 (samples: 141442)
INFO:root:Loss: 542.8105 +/- 6.8512
INFO:root:Epoch no. 355 of 500 (samples: 141442)
INFO:root:Loss: 543.0604 +/- 3.6543
INFO:root:Epoch no. 356 of 500 (samples: 141442)
INFO:root:Loss: 541.7036 +/- 4.2387
INFO:root:Epoch no. 357 of 500 (samples: 141442)
INFO:root:Loss: 542.7376 +/- 4.9447
INFO:root:Epoch no. 358 of 500 (samples: 141442)
INFO:root:Loss: 541.5588 +/- 6.9395
INFO:root:Epoch no. 359 of 500 (samples: 141442)
INFO:root:Loss: 540.5192 +/- 5.7936
INFO:root:Epoch no. 360 of 500 (samples: 141442)
INFO:root:Loss: 541.6235 +/- 6.2547
INFO:root:Epoch no. 361 of 500 (samples: 141442)
INFO:root:Loss: 539.6072 +/- 6.925
INFO:root:Epoch no. 362 of 500 (samples: 141442)
INFO:root:Loss: 538.1164 +/- 6.7079
INFO:root:Epoch no. 363 of 500 (samples: 141442)
INFO:root:Loss: 541.4014 +/- 5.102
INFO:root:Epoch no. 364 of 500 (samples: 141442)
INFO:root:Loss: 540.1947 +/- 5.7657
INFO:root:Epoch no. 365 of 500 (samples: 141442)
INFO:root:Loss: 539.9029 +/- 4.7103
INFO:root:Epoch no. 366 of 500 (samples: 141442)
INFO:root:Loss: 538.1252 +/- 6.9787
INFO:root:Epoch no. 367 of 500 (samples: 141442)
INFO:root:Loss: 540.7604 +/- 4.9447
INFO:root:Epoch no. 368 of 500 (samples: 141442)
INFO:root:Loss: 539.2316 +/- 5.7485
INFO:root:Epoch no. 369 of 500 (samples: 141442)
INFO:root:Loss: 539.2022 +/- 5.1645
INFO:root:Epoch no. 370 of 500 (samples: 141442)
INFO:root:Loss: 539.1656 +/- 5.4306
INFO:root:Epoch no. 371 of 500 (samples: 141442)
INFO:root:Loss: 539.1754 +/- 4.571
INFO:root:Epoch no. 372 of 500 (samples: 141442)
INFO:root:Loss: 538.8417 +/- 5.0002
INFO:root:Epoch no. 373 of 500 (samples: 141442)
INFO:root:Loss: 538.8531 +/- 5.3011
INFO:root:Epoch no. 374 of 500 (samples: 141442)
INFO:root:Loss: 538.9669 +/- 3.9037
INFO:root:Epoch no. 375 of 500 (samples: 141442)
INFO:root:Loss: 536.9505 +/- 2.9581
INFO:root:Epoch no. 376 of 500 (samples: 141442)
INFO:root:Loss: 535.6804 +/- 8.5516
INFO:root:Epoch no. 377 of 500 (samples: 141442)
INFO:root:Loss: 537.387 +/- 6.6064
INFO:root:Epoch no. 378 of 500 (samples: 141442)
INFO:root:Loss: 537.5334 +/- 3.7519
INFO:root:Epoch no. 379 of 500 (samples: 141442)
INFO:root:Loss: 538.0787 +/- 5.7913
INFO:root:Epoch no. 380 of 500 (samples: 141442)
INFO:root:Loss: 537.0821 +/- 6.2397
INFO:root:Epoch no. 381 of 500 (samples: 141442)
INFO:root:Loss: 536.621 +/- 4.9221
INFO:root:Epoch no. 382 of 500 (samples: 141442)
INFO:root:Loss: 535.7312 +/- 4.2986
INFO:root:Epoch no. 383 of 500 (samples: 141442)
INFO:root:Loss: 536.0738 +/- 4.8009
INFO:root:Epoch no. 384 of 500 (samples: 141442)
INFO:root:Loss: 535.7725 +/- 7.143
INFO:root:Epoch no. 385 of 500 (samples: 141442)
INFO:root:Loss: 536.109 +/- 4.416
INFO:root:Epoch no. 386 of 500 (samples: 141442)
INFO:root:Loss: 536.8663 +/- 3.8832
INFO:root:Epoch no. 387 of 500 (samples: 141442)
INFO:root:Loss: 535.2354 +/- 4.9711
INFO:root:Epoch no. 388 of 500 (samples: 141442)
INFO:root:Loss: 535.0423 +/- 6.2174
INFO:root:Epoch no. 389 of 500 (samples: 141442)
INFO:root:Loss: 535.1534 +/- 4.714
INFO:root:Epoch no. 390 of 500 (samples: 141442)
INFO:root:Loss: 533.4146 +/- 3.5601
INFO:root:Epoch no. 391 of 500 (samples: 141442)
INFO:root:Loss: 535.9321 +/- 5.1279
INFO:root:Epoch no. 392 of 500 (samples: 141442)
INFO:root:Loss: 533.4147 +/- 7.3432
INFO:root:Epoch no. 393 of 500 (samples: 141442)
INFO:root:Loss: 534.8422 +/- 3.5308
INFO:root:Epoch no. 394 of 500 (samples: 141442)
INFO:root:Loss: 533.2096 +/- 8.0383
INFO:root:Epoch no. 395 of 500 (samples: 141442)
INFO:root:Loss: 532.5424 +/- 6.2781
INFO:root:Epoch no. 396 of 500 (samples: 141442)
INFO:root:Loss: 533.8735 +/- 4.4229
INFO:root:Epoch no. 397 of 500 (samples: 141442)
INFO:root:Loss: 534.2238 +/- 3.1071
INFO:root:Epoch no. 398 of 500 (samples: 141442)
INFO:root:Loss: 532.0286 +/- 6.3389
INFO:root:Epoch no. 399 of 500 (samples: 141442)
INFO:root:Loss: 531.9238 +/- 4.2609
INFO:root:Epoch no. 400 of 500 (samples: 141442)
INFO:root:Loss: 534.3715 +/- 4.2354
INFO:root:Epoch no. 401 of 500 (samples: 141442)
INFO:root:Loss: 533.8335 +/- 5.8631
INFO:root:Epoch no. 402 of 500 (samples: 141442)
INFO:root:Loss: 533.1411 +/- 4.7826
INFO:root:Epoch no. 403 of 500 (samples: 141442)
INFO:root:Loss: 530.2802 +/- 5.7953
INFO:root:Epoch no. 404 of 500 (samples: 141442)
INFO:root:Loss: 534.2261 +/- 3.8202
INFO:root:Epoch no. 405 of 500 (samples: 141442)
INFO:root:Loss: 530.6496 +/- 7.536
INFO:root:Epoch no. 406 of 500 (samples: 141442)
INFO:root:Loss: 532.7462 +/- 7.0823
INFO:root:Epoch no. 407 of 500 (samples: 141442)
INFO:root:Loss: 532.0404 +/- 5.4487
INFO:root:Epoch no. 408 of 500 (samples: 141442)
INFO:root:Loss: 531.5331 +/- 5.4617
INFO:root:Epoch no. 409 of 500 (samples: 141442)
INFO:root:Loss: 532.3756 +/- 6.2755
INFO:root:Epoch no. 410 of 500 (samples: 141442)
INFO:root:Loss: 531.7322 +/- 6.8974
INFO:root:Epoch no. 411 of 500 (samples: 141442)
INFO:root:Loss: 532.9868 +/- 6.6064
INFO:root:Epoch no. 412 of 500 (samples: 141442)
INFO:root:Loss: 530.5937 +/- 5.7105
INFO:root:Epoch no. 413 of 500 (samples: 141442)
INFO:root:Loss: 531.0771 +/- 3.8102
INFO:root:Epoch no. 414 of 500 (samples: 141442)
INFO:root:Loss: 529.9256 +/- 3.9636
INFO:root:Epoch no. 415 of 500 (samples: 141442)
INFO:root:Loss: 529.3608 +/- 4.5289
INFO:root:Epoch no. 416 of 500 (samples: 141442)
INFO:root:Loss: 531.9577 +/- 6.2029
INFO:root:Epoch no. 417 of 500 (samples: 141442)
INFO:root:Loss: 531.0435 +/- 3.8509
INFO:root:Epoch no. 418 of 500 (samples: 141442)
INFO:root:Loss: 531.6289 +/- 3.9772
INFO:root:Epoch no. 419 of 500 (samples: 141442)
INFO:root:Loss: 530.7687 +/- 4.9959
INFO:root:Epoch no. 420 of 500 (samples: 141442)
INFO:root:Loss: 530.3745 +/- 4.4192
INFO:root:Epoch no. 421 of 500 (samples: 141442)
INFO:root:Loss: 529.6839 +/- 5.0238
INFO:root:Epoch no. 422 of 500 (samples: 141442)
INFO:root:Loss: 528.9038 +/- 4.6509
INFO:root:Epoch no. 423 of 500 (samples: 141442)
INFO:root:Loss: 527.0157 +/- 5.586
INFO:root:Epoch no. 424 of 500 (samples: 141442)
INFO:root:Loss: 529.7935 +/- 6.3202
INFO:root:Epoch no. 425 of 500 (samples: 141442)
INFO:root:Loss: 528.6095 +/- 9.0006
INFO:root:Epoch no. 426 of 500 (samples: 141442)
INFO:root:Loss: 530.2949 +/- 6.6772
INFO:root:Epoch no. 427 of 500 (samples: 141442)
INFO:root:Loss: 529.0551 +/- 6.6642
INFO:root:Epoch no. 428 of 500 (samples: 141442)
INFO:root:Loss: 527.5689 +/- 6.1354
INFO:root:Epoch no. 429 of 500 (samples: 141442)
INFO:root:Loss: 528.1679 +/- 6.763
INFO:root:Epoch no. 430 of 500 (samples: 141442)
INFO:root:Loss: 527.5685 +/- 5.7247
INFO:root:Epoch no. 431 of 500 (samples: 141442)
INFO:root:Loss: 527.0176 +/- 5.6381
INFO:root:Epoch no. 432 of 500 (samples: 141442)
INFO:root:Loss: 526.7403 +/- 5.2775
INFO:root:Epoch no. 433 of 500 (samples: 141442)
INFO:root:Loss: 527.8943 +/- 2.8928
INFO:root:Epoch no. 434 of 500 (samples: 141442)
INFO:root:Loss: 526.4326 +/- 3.7633
INFO:root:Epoch no. 435 of 500 (samples: 141442)
INFO:root:Loss: 528.6541 +/- 6.2076
INFO:root:Epoch no. 436 of 500 (samples: 141442)
INFO:root:Loss: 527.2285 +/- 5.0129
INFO:root:Epoch no. 437 of 500 (samples: 141442)
INFO:root:Loss: 527.3266 +/- 5.6514
INFO:root:Epoch no. 438 of 500 (samples: 141442)
INFO:root:Loss: 525.2971 +/- 6.5125
INFO:root:Epoch no. 439 of 500 (samples: 141442)
INFO:root:Loss: 526.1844 +/- 3.9076
INFO:root:Epoch no. 440 of 500 (samples: 141442)
INFO:root:Loss: 528.2118 +/- 7.3689
INFO:root:Epoch no. 441 of 500 (samples: 141442)
INFO:root:Loss: 525.6071 +/- 4.3957
INFO:root:Epoch no. 442 of 500 (samples: 141442)
INFO:root:Loss: 527.6463 +/- 4.8212
INFO:root:Epoch no. 443 of 500 (samples: 141442)
INFO:root:Loss: 528.1385 +/- 5.3849
INFO:root:Epoch no. 444 of 500 (samples: 141442)
INFO:root:Loss: 528.3727 +/- 4.0734
INFO:root:Epoch no. 445 of 500 (samples: 141442)
INFO:root:Loss: 526.3898 +/- 6.427
INFO:root:Epoch no. 446 of 500 (samples: 141442)
INFO:root:Loss: 526.7415 +/- 6.6825
INFO:root:Epoch no. 447 of 500 (samples: 141442)
INFO:root:Loss: 526.3002 +/- 4.4796
INFO:root:Epoch no. 448 of 500 (samples: 141442)
INFO:root:Loss: 525.7243 +/- 4.8292
INFO:root:Epoch no. 449 of 500 (samples: 141442)
INFO:root:Loss: 525.5984 +/- 4.1199
INFO:root:Epoch no. 450 of 500 (samples: 141442)
INFO:root:Loss: 523.4466 +/- 3.6692
INFO:root:Epoch no. 451 of 500 (samples: 141442)
INFO:root:Loss: 523.4977 +/- 3.7908
INFO:root:Epoch no. 452 of 500 (samples: 141442)
INFO:root:Loss: 524.9857 +/- 5.7966
INFO:root:Epoch no. 453 of 500 (samples: 141442)
INFO:root:Loss: 524.271 +/- 4.0966
INFO:root:Epoch no. 454 of 500 (samples: 141442)
INFO:root:Loss: 524.0734 +/- 3.4548
INFO:root:Epoch no. 455 of 500 (samples: 141442)
INFO:root:Loss: 523.59 +/- 5.7006
INFO:root:Epoch no. 456 of 500 (samples: 141442)
INFO:root:Loss: 523.1878 +/- 4.5637
INFO:root:Epoch no. 457 of 500 (samples: 141442)
INFO:root:Loss: 524.3822 +/- 5.1136
INFO:root:Epoch no. 458 of 500 (samples: 141442)
INFO:root:Loss: 524.176 +/- 3.6822
INFO:root:Epoch no. 459 of 500 (samples: 141442)
INFO:root:Loss: 523.3336 +/- 4.1536
INFO:root:Epoch no. 460 of 500 (samples: 141442)
INFO:root:Loss: 523.6876 +/- 5.8718
INFO:root:Epoch no. 461 of 500 (samples: 141442)
INFO:root:Loss: 522.8975 +/- 6.4655
INFO:root:Epoch no. 462 of 500 (samples: 141442)
INFO:root:Loss: 522.7376 +/- 4.1512
INFO:root:Epoch no. 463 of 500 (samples: 141442)
INFO:root:Loss: 523.5393 +/- 6.9774
INFO:root:Epoch no. 464 of 500 (samples: 141442)
INFO:root:Loss: 521.8981 +/- 4.0521
INFO:root:Epoch no. 465 of 500 (samples: 141442)
INFO:root:Loss: 523.1127 +/- 3.2389
INFO:root:Epoch no. 466 of 500 (samples: 141442)
INFO:root:Loss: 522.0616 +/- 3.5984
INFO:root:Epoch no. 467 of 500 (samples: 141442)
INFO:root:Loss: 522.709 +/- 5.2532
INFO:root:Epoch no. 468 of 500 (samples: 141442)
INFO:root:Loss: 520.9228 +/- 5.5907
INFO:root:Epoch no. 469 of 500 (samples: 141442)
INFO:root:Loss: 522.4604 +/- 4.6368
INFO:root:Epoch no. 470 of 500 (samples: 141442)
INFO:root:Loss: 523.1286 +/- 3.8732
INFO:root:Epoch no. 471 of 500 (samples: 141442)
INFO:root:Loss: 522.2526 +/- 4.853
INFO:root:Epoch no. 472 of 500 (samples: 141442)
INFO:root:Loss: 520.3393 +/- 6.0234
INFO:root:Epoch no. 473 of 500 (samples: 141442)
INFO:root:Loss: 523.438 +/- 4.2491
INFO:root:Epoch no. 474 of 500 (samples: 141442)
INFO:root:Loss: 521.901 +/- 7.7932
INFO:root:Epoch no. 475 of 500 (samples: 141442)
INFO:root:Loss: 519.5063 +/- 4.7349
INFO:root:Epoch no. 476 of 500 (samples: 141442)
INFO:root:Loss: 522.6879 +/- 3.7944
INFO:root:Epoch no. 477 of 500 (samples: 141442)
INFO:root:Loss: 520.5823 +/- 5.6177
INFO:root:Epoch no. 478 of 500 (samples: 141442)
INFO:root:Loss: 520.629 +/- 4.4535
INFO:root:Epoch no. 479 of 500 (samples: 141442)
INFO:root:Loss: 520.5272 +/- 6.8749
INFO:root:Epoch no. 480 of 500 (samples: 141442)
INFO:root:Loss: 520.569 +/- 5.686
INFO:root:Epoch no. 481 of 500 (samples: 141442)
INFO:root:Loss: 521.1291 +/- 6.054
INFO:root:Epoch no. 482 of 500 (samples: 141442)
INFO:root:Loss: 520.0648 +/- 6.7759
INFO:root:Epoch no. 483 of 500 (samples: 141442)
INFO:root:Loss: 520.6759 +/- 3.9471
INFO:root:Epoch no. 484 of 500 (samples: 141442)
INFO:root:Loss: 518.8584 +/- 5.0236
INFO:root:Epoch no. 485 of 500 (samples: 141442)
INFO:root:Loss: 519.0429 +/- 5.3386
INFO:root:Epoch no. 486 of 500 (samples: 141442)
INFO:root:Loss: 521.0121 +/- 4.1632
INFO:root:Epoch no. 487 of 500 (samples: 141442)
INFO:root:Loss: 518.2032 +/- 3.659
INFO:root:Epoch no. 488 of 500 (samples: 141442)
INFO:root:Loss: 518.5517 +/- 6.3304
INFO:root:Epoch no. 489 of 500 (samples: 141442)
INFO:root:Loss: 520.058 +/- 4.7927
INFO:root:Epoch no. 490 of 500 (samples: 141442)
INFO:root:Loss: 521.1484 +/- 5.7771
INFO:root:Epoch no. 491 of 500 (samples: 141442)
INFO:root:Loss: 520.2366 +/- 4.7064
INFO:root:Epoch no. 492 of 500 (samples: 141442)
INFO:root:Loss: 518.2777 +/- 3.7077
INFO:root:Epoch no. 493 of 500 (samples: 141442)
INFO:root:Loss: 518.5655 +/- 4.6822
INFO:root:Epoch no. 494 of 500 (samples: 141442)
INFO:root:Loss: 518.7249 +/- 5.996
INFO:root:Epoch no. 495 of 500 (samples: 141442)
INFO:root:Loss: 518.5479 +/- 6.3831
INFO:root:Epoch no. 496 of 500 (samples: 141442)
INFO:root:Loss: 519.8259 +/- 3.0196
INFO:root:Epoch no. 497 of 500 (samples: 141442)
INFO:root:Loss: 521.2766 +/- 6.9637
INFO:root:Epoch no. 498 of 500 (samples: 141442)
INFO:root:Loss: 517.5974 +/- 3.6494
INFO:root:Epoch no. 499 of 500 (samples: 141442)
INFO:root:Loss: 518.3531 +/- 5.7821
INFO:root:Epoch no. 500 of 500 (samples: 141442)
INFO:root:Loss: 518.713 +/- 5.3273
/usr/local/lib/python3.5/dist-packages/keras/backend/theano_backend.py:527: UserWarning: theano.function was asked to create a function computing outputs given certain inputs, but the provided input variable at index 2 is not part of the computational graph needed to compute the outputs: keras_learning_phase.
To make this warning into an error, you can pass the parameter on_unused_input='raise' to theano.function. To disable it completely, use on_unused_input='ignore'.
  **kwargs)
INFO:root:### MICRO (validation raw):
INFO:root:	-- left   >> mean: 630.0242, median: 16.0, mrr: 0.221, hits@1: 11.98%
INFO:root:	-- right  >> mean: 630.2686, median: 16.0, mrr: 0.218, hits@1: 11.48%
INFO:root:	-- global >> mean: 630.1464, median: 16.0, mrr: 0.219, hits@1: 11.73%
INFO:root:### MICRO (validation raw):
INFO:root:	-- left   >> mean: 630.0242, median: 16.0, mrr: 0.221, hits@3: 25.18%
INFO:root:	-- right  >> mean: 630.2686, median: 16.0, mrr: 0.218, hits@3: 25.6%
INFO:root:	-- global >> mean: 630.1464, median: 16.0, mrr: 0.219, hits@3: 25.39%
INFO:root:### MICRO (validation raw):
INFO:root:	-- left   >> mean: 630.0242, median: 16.0, mrr: 0.221, hits@5: 33.56%
INFO:root:	-- right  >> mean: 630.2686, median: 16.0, mrr: 0.218, hits@5: 33.78%
INFO:root:	-- global >> mean: 630.1464, median: 16.0, mrr: 0.219, hits@5: 33.67%
INFO:root:### MICRO (validation raw):
INFO:root:	-- left   >> mean: 630.0242, median: 16.0, mrr: 0.221, hits@10: 43.94%
INFO:root:	-- right  >> mean: 630.2686, median: 16.0, mrr: 0.218, hits@10: 44.0%
INFO:root:	-- global >> mean: 630.1464, median: 16.0, mrr: 0.219, hits@10: 43.97%
INFO:root:### MICRO (validation filtered):
INFO:root:	-- left   >> mean: 618.0526, median: 11.0, mrr: 0.28, hits@1: 17.28%
INFO:root:	-- right  >> mean: 617.9208, median: 11.0, mrr: 0.282, hits@1: 17.14%
INFO:root:	-- global >> mean: 617.9867, median: 11.0, mrr: 0.281, hits@1: 17.21%
INFO:root:### MICRO (validation filtered):
INFO:root:	-- left   >> mean: 618.0526, median: 11.0, mrr: 0.28, hits@3: 33.04%
INFO:root:	-- right  >> mean: 617.9208, median: 11.0, mrr: 0.282, hits@3: 33.78%
INFO:root:	-- global >> mean: 617.9867, median: 11.0, mrr: 0.281, hits@3: 33.41%
INFO:root:### MICRO (validation filtered):
INFO:root:	-- left   >> mean: 618.0526, median: 11.0, mrr: 0.28, hits@5: 39.84%
INFO:root:	-- right  >> mean: 617.9208, median: 11.0, mrr: 0.282, hits@5: 40.86%
INFO:root:	-- global >> mean: 617.9867, median: 11.0, mrr: 0.281, hits@5: 40.35%
INFO:root:### MICRO (validation filtered):
INFO:root:	-- left   >> mean: 618.0526, median: 11.0, mrr: 0.28, hits@10: 49.16%
INFO:root:	-- right  >> mean: 617.9208, median: 11.0, mrr: 0.282, hits@10: 49.6%
INFO:root:	-- global >> mean: 617.9867, median: 11.0, mrr: 0.281, hits@10: 49.38%
INFO:root:### MICRO (test raw):
INFO:root:	-- left   >> mean: 551.6914, median: 17.0, mrr: 0.214, hits@1: 11.18%
INFO:root:	-- right  >> mean: 556.6424, median: 15.0, mrr: 0.222, hits@1: 11.52%
INFO:root:	-- global >> mean: 554.1669, median: 16.0, mrr: 0.218, hits@1: 11.35%
INFO:root:### MICRO (test raw):
INFO:root:	-- left   >> mean: 551.6914, median: 17.0, mrr: 0.214, hits@3: 24.72%
INFO:root:	-- right  >> mean: 556.6424, median: 15.0, mrr: 0.222, hits@3: 26.16%
INFO:root:	-- global >> mean: 554.1669, median: 16.0, mrr: 0.218, hits@3: 25.44%
INFO:root:### MICRO (test raw):
INFO:root:	-- left   >> mean: 551.6914, median: 17.0, mrr: 0.214, hits@5: 32.7%
INFO:root:	-- right  >> mean: 556.6424, median: 15.0, mrr: 0.222, hits@5: 34.36%
INFO:root:	-- global >> mean: 554.1669, median: 16.0, mrr: 0.218, hits@5: 33.53%
INFO:root:### MICRO (test raw):
INFO:root:	-- left   >> mean: 551.6914, median: 17.0, mrr: 0.214, hits@10: 43.18%
INFO:root:	-- right  >> mean: 556.6424, median: 15.0, mrr: 0.222, hits@10: 45.22%
INFO:root:	-- global >> mean: 554.1669, median: 16.0, mrr: 0.218, hits@10: 44.2%
INFO:root:### MICRO (test filtered):
INFO:root:	-- left   >> mean: 539.8664, median: 11.0, mrr: 0.282, hits@1: 17.32%
INFO:root:	-- right  >> mean: 545.5018, median: 10.0, mrr: 0.283, hits@1: 17.16%
INFO:root:	-- global >> mean: 542.6841, median: 11.0, mrr: 0.283, hits@1: 17.24%
INFO:root:### MICRO (test filtered):
INFO:root:	-- left   >> mean: 539.8664, median: 11.0, mrr: 0.282, hits@3: 33.76%
INFO:root:	-- right  >> mean: 545.5018, median: 10.0, mrr: 0.283, hits@3: 33.38%
INFO:root:	-- global >> mean: 542.6841, median: 11.0, mrr: 0.283, hits@3: 33.57%
INFO:root:### MICRO (test filtered):
INFO:root:	-- left   >> mean: 539.8664, median: 11.0, mrr: 0.282, hits@5: 40.36%
INFO:root:	-- right  >> mean: 545.5018, median: 10.0, mrr: 0.283, hits@5: 40.86%
INFO:root:	-- global >> mean: 542.6841, median: 11.0, mrr: 0.283, hits@5: 40.61%
INFO:root:### MICRO (test filtered):
INFO:root:	-- left   >> mean: 539.8664, median: 11.0, mrr: 0.282, hits@10: 48.74%
INFO:root:	-- right  >> mean: 545.5018, median: 10.0, mrr: 0.283, hits@10: 50.46%
INFO:root:	-- global >> mean: 542.6841, median: 11.0, mrr: 0.283, hits@10: 49.6%
