Using Theano backend.
Using gpu device 0: GeForce GTX TITAN X (CNMeM is disabled, cuDNN not available)
INFO:root:Acquiring data/wn18/wordnet-mlj12-train.txt ..
INFO:root:Acquiring data/wn18/wordnet-mlj12-valid.txt ..
INFO:root:Acquiring data/wn18/wordnet-mlj12-test.txt ..
INFO:root:[Rules] Adding Head: 15, Tail: [(10, True)]
INFO:root:[Rules] Adding Head: 12, Tail: [(17, True)]
INFO:root:[Rules] Adding Head: 4, Tail: [(5, True)]
INFO:root:[Rules] Adding Head: 13, Tail: [(3, True)]
INFO:root:[Rules] Adding Head: 5, Tail: [(4, True)]
INFO:root:[Rules] Adding Head: 16, Tail: [(11, True)]
INFO:root:[Rules] Adding Head: 17, Tail: [(12, True)]
INFO:root:[Rules] Adding Head: 11, Tail: [(16, True)]
INFO:root:[Rules] Adding Head: 8, Tail: [(9, True)]
INFO:root:[Rules] Adding Head: 2, Tail: [(2, True)]
INFO:root:Samples: 141442, no. batches: 10 -> batch size: 14145
INFO:root:Epoch no. 1 of 500 (samples: 141442)
INFO:root:Loss: 1228.6543 +/- 75.9153
INFO:root:Epoch no. 2 of 500 (samples: 141442)
INFO:root:Loss: 1011.7795 +/- 12.2643
INFO:root:Epoch no. 3 of 500 (samples: 141442)
INFO:root:Loss: 913.8436 +/- 3.2519
INFO:root:Epoch no. 4 of 500 (samples: 141442)
INFO:root:Loss: 853.8436 +/- 3.7198
INFO:root:Epoch no. 5 of 500 (samples: 141442)
INFO:root:Loss: 812.4907 +/- 4.5308
INFO:root:Epoch no. 6 of 500 (samples: 141442)
INFO:root:Loss: 781.6272 +/- 5.6047
INFO:root:Epoch no. 7 of 500 (samples: 141442)
INFO:root:Loss: 757.2382 +/- 5.9039
INFO:root:Epoch no. 8 of 500 (samples: 141442)
INFO:root:Loss: 736.2983 +/- 5.0066
INFO:root:Epoch no. 9 of 500 (samples: 141442)
INFO:root:Loss: 720.34 +/- 5.7542
INFO:root:Epoch no. 10 of 500 (samples: 141442)
INFO:root:Loss: 707.0712 +/- 5.8478
INFO:root:Epoch no. 11 of 500 (samples: 141442)
INFO:root:Loss: 695.0536 +/- 5.8598
INFO:root:Epoch no. 12 of 500 (samples: 141442)
INFO:root:Loss: 685.1965 +/- 6.1642
INFO:root:Epoch no. 13 of 500 (samples: 141442)
INFO:root:Loss: 676.5843 +/- 5.794
INFO:root:Epoch no. 14 of 500 (samples: 141442)
INFO:root:Loss: 668.3394 +/- 6.6988
INFO:root:Epoch no. 15 of 500 (samples: 141442)
INFO:root:Loss: 661.4789 +/- 6.2778
INFO:root:Epoch no. 16 of 500 (samples: 141442)
INFO:root:Loss: 655.2532 +/- 6.528
INFO:root:Epoch no. 17 of 500 (samples: 141442)
INFO:root:Loss: 649.3711 +/- 5.7429
INFO:root:Epoch no. 18 of 500 (samples: 141442)
INFO:root:Loss: 643.9953 +/- 6.2024
INFO:root:Epoch no. 19 of 500 (samples: 141442)
INFO:root:Loss: 639.4114 +/- 5.0072
INFO:root:Epoch no. 20 of 500 (samples: 141442)
INFO:root:Loss: 635.402 +/- 4.6623
INFO:root:Epoch no. 21 of 500 (samples: 141442)
INFO:root:Loss: 631.3806 +/- 6.1369
INFO:root:Epoch no. 22 of 500 (samples: 141442)
INFO:root:Loss: 628.1894 +/- 5.1163
INFO:root:Epoch no. 23 of 500 (samples: 141442)
INFO:root:Loss: 624.3126 +/- 5.2647
INFO:root:Epoch no. 24 of 500 (samples: 141442)
INFO:root:Loss: 621.5023 +/- 4.4809
INFO:root:Epoch no. 25 of 500 (samples: 141442)
INFO:root:Loss: 618.027 +/- 5.9401
INFO:root:Epoch no. 26 of 500 (samples: 141442)
INFO:root:Loss: 615.7111 +/- 4.9841
INFO:root:Epoch no. 27 of 500 (samples: 141442)
INFO:root:Loss: 613.2008 +/- 4.0455
INFO:root:Epoch no. 28 of 500 (samples: 141442)
INFO:root:Loss: 610.9171 +/- 5.1045
INFO:root:Epoch no. 29 of 500 (samples: 141442)
INFO:root:Loss: 608.5754 +/- 3.6894
INFO:root:Epoch no. 30 of 500 (samples: 141442)
INFO:root:Loss: 607.0127 +/- 5.0448
INFO:root:Epoch no. 31 of 500 (samples: 141442)
INFO:root:Loss: 604.0026 +/- 4.6979
INFO:root:Epoch no. 32 of 500 (samples: 141442)
INFO:root:Loss: 602.6971 +/- 4.4306
INFO:root:Epoch no. 33 of 500 (samples: 141442)
INFO:root:Loss: 600.9401 +/- 3.1714
INFO:root:Epoch no. 34 of 500 (samples: 141442)
INFO:root:Loss: 598.9753 +/- 3.4264
INFO:root:Epoch no. 35 of 500 (samples: 141442)
INFO:root:Loss: 597.7696 +/- 4.3786
INFO:root:Epoch no. 36 of 500 (samples: 141442)
INFO:root:Loss: 595.9861 +/- 4.3116
INFO:root:Epoch no. 37 of 500 (samples: 141442)
INFO:root:Loss: 594.2856 +/- 4.5813
INFO:root:Epoch no. 38 of 500 (samples: 141442)
INFO:root:Loss: 593.2291 +/- 3.6639
INFO:root:Epoch no. 39 of 500 (samples: 141442)
INFO:root:Loss: 591.2464 +/- 4.4648
INFO:root:Epoch no. 40 of 500 (samples: 141442)
INFO:root:Loss: 590.6942 +/- 4.3157
INFO:root:Epoch no. 41 of 500 (samples: 141442)
INFO:root:Loss: 589.4547 +/- 3.8012
INFO:root:Epoch no. 42 of 500 (samples: 141442)
INFO:root:Loss: 588.1392 +/- 4.3191
INFO:root:Epoch no. 43 of 500 (samples: 141442)
INFO:root:Loss: 587.2571 +/- 4.508
INFO:root:Epoch no. 44 of 500 (samples: 141442)
INFO:root:Loss: 585.928 +/- 2.9432
INFO:root:Epoch no. 45 of 500 (samples: 141442)
INFO:root:Loss: 584.9079 +/- 4.2601
INFO:root:Epoch no. 46 of 500 (samples: 141442)
INFO:root:Loss: 584.0851 +/- 3.4969
INFO:root:Epoch no. 47 of 500 (samples: 141442)
INFO:root:Loss: 583.5805 +/- 4.2057
INFO:root:Epoch no. 48 of 500 (samples: 141442)
INFO:root:Loss: 581.4791 +/- 3.4434
INFO:root:Epoch no. 49 of 500 (samples: 141442)
INFO:root:Loss: 580.9445 +/- 4.1188
INFO:root:Epoch no. 50 of 500 (samples: 141442)
INFO:root:Loss: 580.1629 +/- 3.6046
INFO:root:Epoch no. 51 of 500 (samples: 141442)
INFO:root:Loss: 580.0141 +/- 4.7335
INFO:root:Epoch no. 52 of 500 (samples: 141442)
INFO:root:Loss: 578.2486 +/- 4.0792
INFO:root:Epoch no. 53 of 500 (samples: 141442)
INFO:root:Loss: 577.3883 +/- 3.9276
INFO:root:Epoch no. 54 of 500 (samples: 141442)
INFO:root:Loss: 577.4947 +/- 3.0397
INFO:root:Epoch no. 55 of 500 (samples: 141442)
INFO:root:Loss: 576.6433 +/- 4.3348
INFO:root:Epoch no. 56 of 500 (samples: 141442)
INFO:root:Loss: 575.7596 +/- 3.1887
INFO:root:Epoch no. 57 of 500 (samples: 141442)
INFO:root:Loss: 575.279 +/- 3.1741
INFO:root:Epoch no. 58 of 500 (samples: 141442)
INFO:root:Loss: 574.6341 +/- 3.5873
INFO:root:Epoch no. 59 of 500 (samples: 141442)
INFO:root:Loss: 573.7034 +/- 2.724
INFO:root:Epoch no. 60 of 500 (samples: 141442)
INFO:root:Loss: 573.2887 +/- 3.2901
INFO:root:Epoch no. 61 of 500 (samples: 141442)
INFO:root:Loss: 572.7037 +/- 3.5395
INFO:root:Epoch no. 62 of 500 (samples: 141442)
INFO:root:Loss: 572.1286 +/- 3.0346
INFO:root:Epoch no. 63 of 500 (samples: 141442)
INFO:root:Loss: 570.7916 +/- 4.1603
INFO:root:Epoch no. 64 of 500 (samples: 141442)
INFO:root:Loss: 570.7816 +/- 3.151
INFO:root:Epoch no. 65 of 500 (samples: 141442)
INFO:root:Loss: 570.4385 +/- 3.0525
INFO:root:Epoch no. 66 of 500 (samples: 141442)
INFO:root:Loss: 570.1833 +/- 2.0766
INFO:root:Epoch no. 67 of 500 (samples: 141442)
INFO:root:Loss: 569.3145 +/- 3.4561
INFO:root:Epoch no. 68 of 500 (samples: 141442)
INFO:root:Loss: 568.9156 +/- 2.9057
INFO:root:Epoch no. 69 of 500 (samples: 141442)
INFO:root:Loss: 567.7702 +/- 3.3709
INFO:root:Epoch no. 70 of 500 (samples: 141442)
INFO:root:Loss: 567.79 +/- 3.1965
INFO:root:Epoch no. 71 of 500 (samples: 141442)
INFO:root:Loss: 567.3749 +/- 3.3494
INFO:root:Epoch no. 72 of 500 (samples: 141442)
INFO:root:Loss: 567.0392 +/- 2.6024
INFO:root:Epoch no. 73 of 500 (samples: 141442)
INFO:root:Loss: 567.1086 +/- 3.4075
INFO:root:Epoch no. 74 of 500 (samples: 141442)
INFO:root:Loss: 566.2768 +/- 3.4104
INFO:root:Epoch no. 75 of 500 (samples: 141442)
INFO:root:Loss: 565.8228 +/- 3.1844
INFO:root:Epoch no. 76 of 500 (samples: 141442)
INFO:root:Loss: 564.9149 +/- 3.2408
INFO:root:Epoch no. 77 of 500 (samples: 141442)
INFO:root:Loss: 565.6585 +/- 3.0852
INFO:root:Epoch no. 78 of 500 (samples: 141442)
INFO:root:Loss: 564.6894 +/- 1.1719
INFO:root:Epoch no. 79 of 500 (samples: 141442)
INFO:root:Loss: 564.6171 +/- 2.7539
INFO:root:Epoch no. 80 of 500 (samples: 141442)
INFO:root:Loss: 563.5371 +/- 2.3974
INFO:root:Epoch no. 81 of 500 (samples: 141442)
INFO:root:Loss: 563.0609 +/- 3.3585
INFO:root:Epoch no. 82 of 500 (samples: 141442)
INFO:root:Loss: 563.1699 +/- 4.4584
INFO:root:Epoch no. 83 of 500 (samples: 141442)
INFO:root:Loss: 562.9143 +/- 3.0709
INFO:root:Epoch no. 84 of 500 (samples: 141442)
INFO:root:Loss: 562.523 +/- 2.918
INFO:root:Epoch no. 85 of 500 (samples: 141442)
INFO:root:Loss: 562.0224 +/- 3.1391
INFO:root:Epoch no. 86 of 500 (samples: 141442)
INFO:root:Loss: 561.8097 +/- 2.8299
INFO:root:Epoch no. 87 of 500 (samples: 141442)
INFO:root:Loss: 561.5431 +/- 2.764
INFO:root:Epoch no. 88 of 500 (samples: 141442)
INFO:root:Loss: 560.7523 +/- 3.0695
INFO:root:Epoch no. 89 of 500 (samples: 141442)
INFO:root:Loss: 560.7846 +/- 3.7606
INFO:root:Epoch no. 90 of 500 (samples: 141442)
INFO:root:Loss: 560.1813 +/- 3.6835
INFO:root:Epoch no. 91 of 500 (samples: 141442)
INFO:root:Loss: 560.3429 +/- 2.5027
INFO:root:Epoch no. 92 of 500 (samples: 141442)
INFO:root:Loss: 559.814 +/- 3.0682
INFO:root:Epoch no. 93 of 500 (samples: 141442)
INFO:root:Loss: 560.4864 +/- 2.793
INFO:root:Epoch no. 94 of 500 (samples: 141442)
INFO:root:Loss: 559.4497 +/- 2.4233
INFO:root:Epoch no. 95 of 500 (samples: 141442)
INFO:root:Loss: 559.0247 +/- 4.2815
INFO:root:Epoch no. 96 of 500 (samples: 141442)
INFO:root:Loss: 558.4276 +/- 2.4529
INFO:root:Epoch no. 97 of 500 (samples: 141442)
INFO:root:Loss: 558.5971 +/- 1.4158
INFO:root:Epoch no. 98 of 500 (samples: 141442)
INFO:root:Loss: 558.0387 +/- 2.1133
INFO:root:Epoch no. 99 of 500 (samples: 141442)
INFO:root:Loss: 558.3941 +/- 2.3197
INFO:root:Epoch no. 100 of 500 (samples: 141442)
INFO:root:Loss: 557.4982 +/- 2.3932
INFO:root:Epoch no. 101 of 500 (samples: 141442)
INFO:root:Loss: 557.5275 +/- 3.2737
INFO:root:Epoch no. 102 of 500 (samples: 141442)
INFO:root:Loss: 557.5555 +/- 2.5015
INFO:root:Epoch no. 103 of 500 (samples: 141442)
INFO:root:Loss: 557.6044 +/- 2.5875
INFO:root:Epoch no. 104 of 500 (samples: 141442)
INFO:root:Loss: 556.4989 +/- 2.5175
INFO:root:Epoch no. 105 of 500 (samples: 141442)
INFO:root:Loss: 556.8466 +/- 2.659
INFO:root:Epoch no. 106 of 500 (samples: 141442)
INFO:root:Loss: 556.3454 +/- 2.6844
INFO:root:Epoch no. 107 of 500 (samples: 141442)
INFO:root:Loss: 556.5108 +/- 3.6395
INFO:root:Epoch no. 108 of 500 (samples: 141442)
INFO:root:Loss: 556.371 +/- 4.4
INFO:root:Epoch no. 109 of 500 (samples: 141442)
INFO:root:Loss: 555.4966 +/- 3.2366
INFO:root:Epoch no. 110 of 500 (samples: 141442)
INFO:root:Loss: 555.4719 +/- 2.8002
INFO:root:Epoch no. 111 of 500 (samples: 141442)
INFO:root:Loss: 556.1703 +/- 2.4068
INFO:root:Epoch no. 112 of 500 (samples: 141442)
INFO:root:Loss: 555.116 +/- 2.4503
INFO:root:Epoch no. 113 of 500 (samples: 141442)
INFO:root:Loss: 555.5394 +/- 2.7402
INFO:root:Epoch no. 114 of 500 (samples: 141442)
INFO:root:Loss: 554.7823 +/- 2.3601
INFO:root:Epoch no. 115 of 500 (samples: 141442)
INFO:root:Loss: 554.9741 +/- 2.6868
INFO:root:Epoch no. 116 of 500 (samples: 141442)
INFO:root:Loss: 555.0713 +/- 2.3666
INFO:root:Epoch no. 117 of 500 (samples: 141442)
INFO:root:Loss: 554.4166 +/- 3.1057
INFO:root:Epoch no. 118 of 500 (samples: 141442)
INFO:root:Loss: 554.3891 +/- 2.0602
INFO:root:Epoch no. 119 of 500 (samples: 141442)
INFO:root:Loss: 553.7975 +/- 2.3643
INFO:root:Epoch no. 120 of 500 (samples: 141442)
INFO:root:Loss: 553.6457 +/- 2.1713
INFO:root:Epoch no. 121 of 500 (samples: 141442)
INFO:root:Loss: 553.0853 +/- 3.5756
INFO:root:Epoch no. 122 of 500 (samples: 141442)
INFO:root:Loss: 553.1756 +/- 2.4807
INFO:root:Epoch no. 123 of 500 (samples: 141442)
INFO:root:Loss: 553.9768 +/- 2.2468
INFO:root:Epoch no. 124 of 500 (samples: 141442)
INFO:root:Loss: 553.1385 +/- 2.3792
INFO:root:Epoch no. 125 of 500 (samples: 141442)
INFO:root:Loss: 553.6749 +/- 2.652
INFO:root:Epoch no. 126 of 500 (samples: 141442)
INFO:root:Loss: 552.5192 +/- 2.1435
INFO:root:Epoch no. 127 of 500 (samples: 141442)
INFO:root:Loss: 552.7815 +/- 2.1787
INFO:root:Epoch no. 128 of 500 (samples: 141442)
INFO:root:Loss: 552.3035 +/- 2.3651
INFO:root:Epoch no. 129 of 500 (samples: 141442)
INFO:root:Loss: 551.7805 +/- 2.558
INFO:root:Epoch no. 130 of 500 (samples: 141442)
INFO:root:Loss: 552.2614 +/- 3.683
INFO:root:Epoch no. 131 of 500 (samples: 141442)
INFO:root:Loss: 551.5033 +/- 2.4832
INFO:root:Epoch no. 132 of 500 (samples: 141442)
INFO:root:Loss: 552.1944 +/- 2.8266
INFO:root:Epoch no. 133 of 500 (samples: 141442)
INFO:root:Loss: 551.5739 +/- 2.2008
INFO:root:Epoch no. 134 of 500 (samples: 141442)
INFO:root:Loss: 551.0481 +/- 2.1411
INFO:root:Epoch no. 135 of 500 (samples: 141442)
INFO:root:Loss: 551.2419 +/- 2.5995
INFO:root:Epoch no. 136 of 500 (samples: 141442)
INFO:root:Loss: 551.9525 +/- 2.2978
INFO:root:Epoch no. 137 of 500 (samples: 141442)
INFO:root:Loss: 550.885 +/- 2.4412
INFO:root:Epoch no. 138 of 500 (samples: 141442)
INFO:root:Loss: 550.5008 +/- 2.911
INFO:root:Epoch no. 139 of 500 (samples: 141442)
INFO:root:Loss: 550.3181 +/- 3.3357
INFO:root:Epoch no. 140 of 500 (samples: 141442)
INFO:root:Loss: 550.243 +/- 2.8715
INFO:root:Epoch no. 141 of 500 (samples: 141442)
INFO:root:Loss: 550.8537 +/- 2.5248
INFO:root:Epoch no. 142 of 500 (samples: 141442)
INFO:root:Loss: 551.0969 +/- 3.2354
INFO:root:Epoch no. 143 of 500 (samples: 141442)
INFO:root:Loss: 550.5698 +/- 3.0007
INFO:root:Epoch no. 144 of 500 (samples: 141442)
INFO:root:Loss: 549.916 +/- 2.1058
INFO:root:Epoch no. 145 of 500 (samples: 141442)
INFO:root:Loss: 549.9954 +/- 3.0495
INFO:root:Epoch no. 146 of 500 (samples: 141442)
INFO:root:Loss: 549.6121 +/- 1.7578
INFO:root:Epoch no. 147 of 500 (samples: 141442)
INFO:root:Loss: 549.0373 +/- 2.9523
INFO:root:Epoch no. 148 of 500 (samples: 141442)
INFO:root:Loss: 549.6682 +/- 3.3893
INFO:root:Epoch no. 149 of 500 (samples: 141442)
INFO:root:Loss: 549.638 +/- 2.6814
INFO:root:Epoch no. 150 of 500 (samples: 141442)
INFO:root:Loss: 549.2851 +/- 2.1749
INFO:root:Epoch no. 151 of 500 (samples: 141442)
INFO:root:Loss: 549.5904 +/- 2.8382
INFO:root:Epoch no. 152 of 500 (samples: 141442)
INFO:root:Loss: 549.3253 +/- 2.4166
INFO:root:Epoch no. 153 of 500 (samples: 141442)
INFO:root:Loss: 549.38 +/- 2.6921
INFO:root:Epoch no. 154 of 500 (samples: 141442)
INFO:root:Loss: 549.0402 +/- 3.0452
INFO:root:Epoch no. 155 of 500 (samples: 141442)
INFO:root:Loss: 548.3372 +/- 1.5591
INFO:root:Epoch no. 156 of 500 (samples: 141442)
INFO:root:Loss: 549.0237 +/- 1.5664
INFO:root:Epoch no. 157 of 500 (samples: 141442)
INFO:root:Loss: 548.4858 +/- 2.34
INFO:root:Epoch no. 158 of 500 (samples: 141442)
INFO:root:Loss: 547.8565 +/- 2.1749
INFO:root:Epoch no. 159 of 500 (samples: 141442)
INFO:root:Loss: 548.2947 +/- 2.949
INFO:root:Epoch no. 160 of 500 (samples: 141442)
INFO:root:Loss: 548.1005 +/- 2.527
INFO:root:Epoch no. 161 of 500 (samples: 141442)
INFO:root:Loss: 548.19 +/- 3.3599
INFO:root:Epoch no. 162 of 500 (samples: 141442)
INFO:root:Loss: 547.8169 +/- 1.8255
INFO:root:Epoch no. 163 of 500 (samples: 141442)
INFO:root:Loss: 547.8522 +/- 2.9926
INFO:root:Epoch no. 164 of 500 (samples: 141442)
INFO:root:Loss: 547.4002 +/- 1.4944
INFO:root:Epoch no. 165 of 500 (samples: 141442)
INFO:root:Loss: 547.8953 +/- 3.0429
INFO:root:Epoch no. 166 of 500 (samples: 141442)
INFO:root:Loss: 547.4026 +/- 3.5269
INFO:root:Epoch no. 167 of 500 (samples: 141442)
INFO:root:Loss: 547.2332 +/- 2.4759
INFO:root:Epoch no. 168 of 500 (samples: 141442)
INFO:root:Loss: 547.4797 +/- 3.1416
INFO:root:Epoch no. 169 of 500 (samples: 141442)
INFO:root:Loss: 546.8126 +/- 2.9285
INFO:root:Epoch no. 170 of 500 (samples: 141442)
INFO:root:Loss: 547.3815 +/- 2.7503
INFO:root:Epoch no. 171 of 500 (samples: 141442)
INFO:root:Loss: 546.8576 +/- 3.0813
INFO:root:Epoch no. 172 of 500 (samples: 141442)
INFO:root:Loss: 547.2691 +/- 1.9681
INFO:root:Epoch no. 173 of 500 (samples: 141442)
INFO:root:Loss: 546.8574 +/- 2.0156
INFO:root:Epoch no. 174 of 500 (samples: 141442)
INFO:root:Loss: 546.8136 +/- 3.7378
INFO:root:Epoch no. 175 of 500 (samples: 141442)
INFO:root:Loss: 546.3155 +/- 2.3651
INFO:root:Epoch no. 176 of 500 (samples: 141442)
INFO:root:Loss: 546.5568 +/- 2.5276
INFO:root:Epoch no. 177 of 500 (samples: 141442)
INFO:root:Loss: 546.6892 +/- 2.5341
INFO:root:Epoch no. 178 of 500 (samples: 141442)
INFO:root:Loss: 547.1141 +/- 2.6847
INFO:root:Epoch no. 179 of 500 (samples: 141442)
INFO:root:Loss: 546.1816 +/- 2.7058
INFO:root:Epoch no. 180 of 500 (samples: 141442)
INFO:root:Loss: 546.0294 +/- 2.2942
INFO:root:Epoch no. 181 of 500 (samples: 141442)
INFO:root:Loss: 545.6602 +/- 2.47
INFO:root:Epoch no. 182 of 500 (samples: 141442)
INFO:root:Loss: 545.1662 +/- 3.2037
INFO:root:Epoch no. 183 of 500 (samples: 141442)
INFO:root:Loss: 545.9242 +/- 2.1633
INFO:root:Epoch no. 184 of 500 (samples: 141442)
INFO:root:Loss: 545.5379 +/- 2.9345
INFO:root:Epoch no. 185 of 500 (samples: 141442)
INFO:root:Loss: 546.5783 +/- 2.4581
INFO:root:Epoch no. 186 of 500 (samples: 141442)
INFO:root:Loss: 545.572 +/- 2.1737
INFO:root:Epoch no. 187 of 500 (samples: 141442)
INFO:root:Loss: 545.3964 +/- 2.4167
INFO:root:Epoch no. 188 of 500 (samples: 141442)
INFO:root:Loss: 545.5553 +/- 2.0227
INFO:root:Epoch no. 189 of 500 (samples: 141442)
INFO:root:Loss: 546.0433 +/- 1.6154
INFO:root:Epoch no. 190 of 500 (samples: 141442)
INFO:root:Loss: 545.1422 +/- 2.3181
INFO:root:Epoch no. 191 of 500 (samples: 141442)
INFO:root:Loss: 545.2849 +/- 2.6438
INFO:root:Epoch no. 192 of 500 (samples: 141442)
INFO:root:Loss: 545.3862 +/- 2.3836
INFO:root:Epoch no. 193 of 500 (samples: 141442)
INFO:root:Loss: 546.1275 +/- 2.0302
INFO:root:Epoch no. 194 of 500 (samples: 141442)
INFO:root:Loss: 545.1246 +/- 2.3114
INFO:root:Epoch no. 195 of 500 (samples: 141442)
INFO:root:Loss: 544.5233 +/- 2.511
INFO:root:Epoch no. 196 of 500 (samples: 141442)
INFO:root:Loss: 544.4512 +/- 1.8357
INFO:root:Epoch no. 197 of 500 (samples: 141442)
INFO:root:Loss: 544.5514 +/- 1.8473
INFO:root:Epoch no. 198 of 500 (samples: 141442)
INFO:root:Loss: 544.5873 +/- 1.9706
INFO:root:Epoch no. 199 of 500 (samples: 141442)
INFO:root:Loss: 544.4727 +/- 2.6315
INFO:root:Epoch no. 200 of 500 (samples: 141442)
INFO:root:Loss: 544.8417 +/- 2.1369
INFO:root:Epoch no. 201 of 500 (samples: 141442)
INFO:root:Loss: 544.0255 +/- 2.5885
INFO:root:Epoch no. 202 of 500 (samples: 141442)
INFO:root:Loss: 544.1369 +/- 1.7949
INFO:root:Epoch no. 203 of 500 (samples: 141442)
INFO:root:Loss: 543.8683 +/- 2.5658
INFO:root:Epoch no. 204 of 500 (samples: 141442)
INFO:root:Loss: 543.7215 +/- 2.1191
INFO:root:Epoch no. 205 of 500 (samples: 141442)
INFO:root:Loss: 543.6589 +/- 2.5291
INFO:root:Epoch no. 206 of 500 (samples: 141442)
INFO:root:Loss: 543.662 +/- 3.3887
INFO:root:Epoch no. 207 of 500 (samples: 141442)
INFO:root:Loss: 543.6689 +/- 2.3293
INFO:root:Epoch no. 208 of 500 (samples: 141442)
INFO:root:Loss: 544.315 +/- 2.1589
INFO:root:Epoch no. 209 of 500 (samples: 141442)
INFO:root:Loss: 543.3208 +/- 3.1849
INFO:root:Epoch no. 210 of 500 (samples: 141442)
INFO:root:Loss: 543.6291 +/- 2.5825
INFO:root:Epoch no. 211 of 500 (samples: 141442)
INFO:root:Loss: 543.1367 +/- 2.6937
INFO:root:Epoch no. 212 of 500 (samples: 141442)
INFO:root:Loss: 542.7729 +/- 2.028
INFO:root:Epoch no. 213 of 500 (samples: 141442)
INFO:root:Loss: 543.7735 +/- 2.7498
INFO:root:Epoch no. 214 of 500 (samples: 141442)
INFO:root:Loss: 543.051 +/- 1.8384
INFO:root:Epoch no. 215 of 500 (samples: 141442)
INFO:root:Loss: 543.4784 +/- 2.2852
INFO:root:Epoch no. 216 of 500 (samples: 141442)
INFO:root:Loss: 543.2124 +/- 2.188
INFO:root:Epoch no. 217 of 500 (samples: 141442)
INFO:root:Loss: 543.5215 +/- 3.394
INFO:root:Epoch no. 218 of 500 (samples: 141442)
INFO:root:Loss: 543.2882 +/- 1.1717
INFO:root:Epoch no. 219 of 500 (samples: 141442)
INFO:root:Loss: 543.2233 +/- 1.8059
INFO:root:Epoch no. 220 of 500 (samples: 141442)
INFO:root:Loss: 542.6355 +/- 2.2868
INFO:root:Epoch no. 221 of 500 (samples: 141442)
INFO:root:Loss: 543.6328 +/- 1.3962
INFO:root:Epoch no. 222 of 500 (samples: 141442)
INFO:root:Loss: 543.8015 +/- 2.6016
INFO:root:Epoch no. 223 of 500 (samples: 141442)
INFO:root:Loss: 542.9977 +/- 1.7764
INFO:root:Epoch no. 224 of 500 (samples: 141442)
INFO:root:Loss: 542.7823 +/- 2.2282
INFO:root:Epoch no. 225 of 500 (samples: 141442)
INFO:root:Loss: 542.064 +/- 2.7623
INFO:root:Epoch no. 226 of 500 (samples: 141442)
INFO:root:Loss: 542.8562 +/- 2.5637
INFO:root:Epoch no. 227 of 500 (samples: 141442)
INFO:root:Loss: 542.5903 +/- 2.7638
INFO:root:Epoch no. 228 of 500 (samples: 141442)
INFO:root:Loss: 542.5965 +/- 1.9582
INFO:root:Epoch no. 229 of 500 (samples: 141442)
INFO:root:Loss: 542.3233 +/- 2.2217
INFO:root:Epoch no. 230 of 500 (samples: 141442)
INFO:root:Loss: 542.1067 +/- 2.4096
INFO:root:Epoch no. 231 of 500 (samples: 141442)
INFO:root:Loss: 542.1333 +/- 2.856
INFO:root:Epoch no. 232 of 500 (samples: 141442)
INFO:root:Loss: 542.0639 +/- 3.1778
INFO:root:Epoch no. 233 of 500 (samples: 141442)
INFO:root:Loss: 542.0546 +/- 2.4129
INFO:root:Epoch no. 234 of 500 (samples: 141442)
INFO:root:Loss: 542.2342 +/- 2.1292
INFO:root:Epoch no. 235 of 500 (samples: 141442)
INFO:root:Loss: 541.492 +/- 2.3066
INFO:root:Epoch no. 236 of 500 (samples: 141442)
INFO:root:Loss: 541.7429 +/- 1.7576
INFO:root:Epoch no. 237 of 500 (samples: 141442)
INFO:root:Loss: 541.7624 +/- 2.334
INFO:root:Epoch no. 238 of 500 (samples: 141442)
INFO:root:Loss: 542.2129 +/- 2.5275
INFO:root:Epoch no. 239 of 500 (samples: 141442)
INFO:root:Loss: 541.8185 +/- 1.3794
INFO:root:Epoch no. 240 of 500 (samples: 141442)
INFO:root:Loss: 541.4272 +/- 2.1123
INFO:root:Epoch no. 241 of 500 (samples: 141442)
INFO:root:Loss: 540.9724 +/- 2.8771
INFO:root:Epoch no. 242 of 500 (samples: 141442)
INFO:root:Loss: 541.646 +/- 2.1961
INFO:root:Epoch no. 243 of 500 (samples: 141442)
INFO:root:Loss: 541.6544 +/- 2.0112
INFO:root:Epoch no. 244 of 500 (samples: 141442)
INFO:root:Loss: 541.1069 +/- 1.8501
INFO:root:Epoch no. 245 of 500 (samples: 141442)
INFO:root:Loss: 541.2074 +/- 2.1024
INFO:root:Epoch no. 246 of 500 (samples: 141442)
INFO:root:Loss: 541.4552 +/- 2.047
INFO:root:Epoch no. 247 of 500 (samples: 141442)
INFO:root:Loss: 541.3005 +/- 2.1613
INFO:root:Epoch no. 248 of 500 (samples: 141442)
INFO:root:Loss: 540.659 +/- 1.996
INFO:root:Epoch no. 249 of 500 (samples: 141442)
INFO:root:Loss: 540.7652 +/- 3.4971
INFO:root:Epoch no. 250 of 500 (samples: 141442)
INFO:root:Loss: 541.1974 +/- 2.1175
INFO:root:Epoch no. 251 of 500 (samples: 141442)
INFO:root:Loss: 540.6456 +/- 2.4397
INFO:root:Epoch no. 252 of 500 (samples: 141442)
INFO:root:Loss: 541.0388 +/- 2.3395
INFO:root:Epoch no. 253 of 500 (samples: 141442)
INFO:root:Loss: 541.0953 +/- 2.8004
INFO:root:Epoch no. 254 of 500 (samples: 141442)
INFO:root:Loss: 540.2093 +/- 2.0601
INFO:root:Epoch no. 255 of 500 (samples: 141442)
INFO:root:Loss: 540.5343 +/- 1.946
INFO:root:Epoch no. 256 of 500 (samples: 141442)
INFO:root:Loss: 540.4082 +/- 1.4452
INFO:root:Epoch no. 257 of 500 (samples: 141442)
INFO:root:Loss: 540.7722 +/- 3.5761
INFO:root:Epoch no. 258 of 500 (samples: 141442)
INFO:root:Loss: 540.5638 +/- 3.1924
INFO:root:Epoch no. 259 of 500 (samples: 141442)
INFO:root:Loss: 539.849 +/- 2.7686
INFO:root:Epoch no. 260 of 500 (samples: 141442)
INFO:root:Loss: 539.7344 +/- 2.3341
INFO:root:Epoch no. 261 of 500 (samples: 141442)
INFO:root:Loss: 539.9371 +/- 2.7028
INFO:root:Epoch no. 262 of 500 (samples: 141442)
INFO:root:Loss: 540.2005 +/- 1.3763
INFO:root:Epoch no. 263 of 500 (samples: 141442)
INFO:root:Loss: 540.9828 +/- 1.7646
INFO:root:Epoch no. 264 of 500 (samples: 141442)
INFO:root:Loss: 539.5911 +/- 2.2304
INFO:root:Epoch no. 265 of 500 (samples: 141442)
INFO:root:Loss: 539.9625 +/- 2.6129
INFO:root:Epoch no. 266 of 500 (samples: 141442)
INFO:root:Loss: 540.0714 +/- 2.6297
INFO:root:Epoch no. 267 of 500 (samples: 141442)
INFO:root:Loss: 539.8648 +/- 1.7274
INFO:root:Epoch no. 268 of 500 (samples: 141442)
INFO:root:Loss: 539.4278 +/- 3.0365
INFO:root:Epoch no. 269 of 500 (samples: 141442)
INFO:root:Loss: 539.6428 +/- 3.2821
INFO:root:Epoch no. 270 of 500 (samples: 141442)
INFO:root:Loss: 539.8913 +/- 1.3944
INFO:root:Epoch no. 271 of 500 (samples: 141442)
INFO:root:Loss: 539.6948 +/- 2.1819
INFO:root:Epoch no. 272 of 500 (samples: 141442)
INFO:root:Loss: 539.3724 +/- 1.8065
INFO:root:Epoch no. 273 of 500 (samples: 141442)
INFO:root:Loss: 539.7894 +/- 2.5259
INFO:root:Epoch no. 274 of 500 (samples: 141442)
INFO:root:Loss: 540.0207 +/- 2.4625
INFO:root:Epoch no. 275 of 500 (samples: 141442)
INFO:root:Loss: 539.7208 +/- 1.9412
INFO:root:Epoch no. 276 of 500 (samples: 141442)
INFO:root:Loss: 539.5384 +/- 2.3205
INFO:root:Epoch no. 277 of 500 (samples: 141442)
INFO:root:Loss: 539.3412 +/- 2.3962
INFO:root:Epoch no. 278 of 500 (samples: 141442)
INFO:root:Loss: 539.6622 +/- 2.2855
INFO:root:Epoch no. 279 of 500 (samples: 141442)
INFO:root:Loss: 539.6674 +/- 2.3774
INFO:root:Epoch no. 280 of 500 (samples: 141442)
INFO:root:Loss: 539.2507 +/- 2.7518
INFO:root:Epoch no. 281 of 500 (samples: 141442)
INFO:root:Loss: 539.3228 +/- 2.2819
INFO:root:Epoch no. 282 of 500 (samples: 141442)
INFO:root:Loss: 539.2184 +/- 2.1026
INFO:root:Epoch no. 283 of 500 (samples: 141442)
INFO:root:Loss: 539.194 +/- 3.0991
INFO:root:Epoch no. 284 of 500 (samples: 141442)
INFO:root:Loss: 539.1251 +/- 2.9086
INFO:root:Epoch no. 285 of 500 (samples: 141442)
INFO:root:Loss: 538.7406 +/- 3.2879
INFO:root:Epoch no. 286 of 500 (samples: 141442)
INFO:root:Loss: 539.5505 +/- 1.8507
INFO:root:Epoch no. 287 of 500 (samples: 141442)
INFO:root:Loss: 539.0929 +/- 2.6259
INFO:root:Epoch no. 288 of 500 (samples: 141442)
INFO:root:Loss: 539.7419 +/- 3.0764
INFO:root:Epoch no. 289 of 500 (samples: 141442)
INFO:root:Loss: 539.0107 +/- 2.0402
INFO:root:Epoch no. 290 of 500 (samples: 141442)
INFO:root:Loss: 539.758 +/- 2.2395
INFO:root:Epoch no. 291 of 500 (samples: 141442)
INFO:root:Loss: 539.1788 +/- 2.4124
INFO:root:Epoch no. 292 of 500 (samples: 141442)
INFO:root:Loss: 538.6973 +/- 2.6162
INFO:root:Epoch no. 293 of 500 (samples: 141442)
INFO:root:Loss: 538.5495 +/- 2.4206
INFO:root:Epoch no. 294 of 500 (samples: 141442)
INFO:root:Loss: 539.1015 +/- 1.378
INFO:root:Epoch no. 295 of 500 (samples: 141442)
INFO:root:Loss: 538.8629 +/- 2.2889
INFO:root:Epoch no. 296 of 500 (samples: 141442)
INFO:root:Loss: 538.9042 +/- 2.2476
INFO:root:Epoch no. 297 of 500 (samples: 141442)
INFO:root:Loss: 539.3896 +/- 2.5644
INFO:root:Epoch no. 298 of 500 (samples: 141442)
INFO:root:Loss: 538.9059 +/- 2.1168
INFO:root:Epoch no. 299 of 500 (samples: 141442)
INFO:root:Loss: 538.984 +/- 2.1065
INFO:root:Epoch no. 300 of 500 (samples: 141442)
INFO:root:Loss: 538.2421 +/- 1.562
INFO:root:Epoch no. 301 of 500 (samples: 141442)
INFO:root:Loss: 539.3853 +/- 3.0517
INFO:root:Epoch no. 302 of 500 (samples: 141442)
INFO:root:Loss: 538.6172 +/- 1.5669
INFO:root:Epoch no. 303 of 500 (samples: 141442)
INFO:root:Loss: 538.814 +/- 2.4379
INFO:root:Epoch no. 304 of 500 (samples: 141442)
INFO:root:Loss: 538.9868 +/- 1.7941
INFO:root:Epoch no. 305 of 500 (samples: 141442)
INFO:root:Loss: 537.8579 +/- 2.0406
INFO:root:Epoch no. 306 of 500 (samples: 141442)
INFO:root:Loss: 538.4068 +/- 2.1825
INFO:root:Epoch no. 307 of 500 (samples: 141442)
INFO:root:Loss: 538.0759 +/- 2.5536
INFO:root:Epoch no. 308 of 500 (samples: 141442)
INFO:root:Loss: 538.5753 +/- 2.7675
INFO:root:Epoch no. 309 of 500 (samples: 141442)
INFO:root:Loss: 538.3523 +/- 1.8784
INFO:root:Epoch no. 310 of 500 (samples: 141442)
INFO:root:Loss: 538.4057 +/- 3.0515
INFO:root:Epoch no. 311 of 500 (samples: 141442)
INFO:root:Loss: 538.2053 +/- 1.352
INFO:root:Epoch no. 312 of 500 (samples: 141442)
INFO:root:Loss: 539.3053 +/- 2.7108
INFO:root:Epoch no. 313 of 500 (samples: 141442)
INFO:root:Loss: 538.2978 +/- 1.9613
INFO:root:Epoch no. 314 of 500 (samples: 141442)
INFO:root:Loss: 538.0806 +/- 1.605
INFO:root:Epoch no. 315 of 500 (samples: 141442)
INFO:root:Loss: 538.1954 +/- 3.2673
INFO:root:Epoch no. 316 of 500 (samples: 141442)
INFO:root:Loss: 537.846 +/- 1.3989
INFO:root:Epoch no. 317 of 500 (samples: 141442)
INFO:root:Loss: 537.9598 +/- 2.2996
INFO:root:Epoch no. 318 of 500 (samples: 141442)
INFO:root:Loss: 538.1305 +/- 1.5159
INFO:root:Epoch no. 319 of 500 (samples: 141442)
INFO:root:Loss: 537.7019 +/- 3.162
INFO:root:Epoch no. 320 of 500 (samples: 141442)
INFO:root:Loss: 537.7755 +/- 2.3304
INFO:root:Epoch no. 321 of 500 (samples: 141442)
INFO:root:Loss: 538.2311 +/- 2.4815
INFO:root:Epoch no. 322 of 500 (samples: 141442)
INFO:root:Loss: 537.7709 +/- 2.3768
INFO:root:Epoch no. 323 of 500 (samples: 141442)
INFO:root:Loss: 537.6854 +/- 3.109
INFO:root:Epoch no. 324 of 500 (samples: 141442)
INFO:root:Loss: 538.2212 +/- 2.1888
INFO:root:Epoch no. 325 of 500 (samples: 141442)
INFO:root:Loss: 537.9135 +/- 2.6922
INFO:root:Epoch no. 326 of 500 (samples: 141442)
INFO:root:Loss: 537.5171 +/- 2.1235
INFO:root:Epoch no. 327 of 500 (samples: 141442)
INFO:root:Loss: 537.9169 +/- 2.0396
INFO:root:Epoch no. 328 of 500 (samples: 141442)
INFO:root:Loss: 537.7658 +/- 2.6219
INFO:root:Epoch no. 329 of 500 (samples: 141442)
INFO:root:Loss: 538.0076 +/- 3.1328
INFO:root:Epoch no. 330 of 500 (samples: 141442)
INFO:root:Loss: 537.8183 +/- 2.2076
INFO:root:Epoch no. 331 of 500 (samples: 141442)
INFO:root:Loss: 538.1363 +/- 2.1722
INFO:root:Epoch no. 332 of 500 (samples: 141442)
INFO:root:Loss: 537.3797 +/- 1.8547
INFO:root:Epoch no. 333 of 500 (samples: 141442)
INFO:root:Loss: 537.5777 +/- 2.6013
INFO:root:Epoch no. 334 of 500 (samples: 141442)
INFO:root:Loss: 537.6013 +/- 1.2175
INFO:root:Epoch no. 335 of 500 (samples: 141442)
INFO:root:Loss: 537.2367 +/- 2.7123
INFO:root:Epoch no. 336 of 500 (samples: 141442)
INFO:root:Loss: 536.7119 +/- 2.7079
INFO:root:Epoch no. 337 of 500 (samples: 141442)
INFO:root:Loss: 537.875 +/- 1.3012
INFO:root:Epoch no. 338 of 500 (samples: 141442)
INFO:root:Loss: 537.4579 +/- 1.9138
INFO:root:Epoch no. 339 of 500 (samples: 141442)
INFO:root:Loss: 537.9661 +/- 1.9398
INFO:root:Epoch no. 340 of 500 (samples: 141442)
INFO:root:Loss: 537.1467 +/- 1.4634
INFO:root:Epoch no. 341 of 500 (samples: 141442)
INFO:root:Loss: 537.5104 +/- 2.4844
INFO:root:Epoch no. 342 of 500 (samples: 141442)
INFO:root:Loss: 537.243 +/- 1.7906
INFO:root:Epoch no. 343 of 500 (samples: 141442)
INFO:root:Loss: 537.6409 +/- 2.5622
INFO:root:Epoch no. 344 of 500 (samples: 141442)
INFO:root:Loss: 537.2792 +/- 2.8049
INFO:root:Epoch no. 345 of 500 (samples: 141442)
INFO:root:Loss: 537.5025 +/- 2.7
INFO:root:Epoch no. 346 of 500 (samples: 141442)
INFO:root:Loss: 537.1228 +/- 2.7203
INFO:root:Epoch no. 347 of 500 (samples: 141442)
INFO:root:Loss: 536.6477 +/- 1.0282
INFO:root:Epoch no. 348 of 500 (samples: 141442)
INFO:root:Loss: 536.6166 +/- 2.6303
INFO:root:Epoch no. 349 of 500 (samples: 141442)
INFO:root:Loss: 536.1635 +/- 1.4008
INFO:root:Epoch no. 350 of 500 (samples: 141442)
INFO:root:Loss: 536.8102 +/- 2.8617
INFO:root:Epoch no. 351 of 500 (samples: 141442)
INFO:root:Loss: 537.1647 +/- 1.8051
INFO:root:Epoch no. 352 of 500 (samples: 141442)
INFO:root:Loss: 536.5969 +/- 3.106
INFO:root:Epoch no. 353 of 500 (samples: 141442)
INFO:root:Loss: 537.1055 +/- 2.3107
INFO:root:Epoch no. 354 of 500 (samples: 141442)
INFO:root:Loss: 536.9802 +/- 2.1634
INFO:root:Epoch no. 355 of 500 (samples: 141442)
INFO:root:Loss: 536.9539 +/- 1.8328
INFO:root:Epoch no. 356 of 500 (samples: 141442)
INFO:root:Loss: 536.6303 +/- 2.1726
INFO:root:Epoch no. 357 of 500 (samples: 141442)
INFO:root:Loss: 537.6146 +/- 2.5811
INFO:root:Epoch no. 358 of 500 (samples: 141442)
INFO:root:Loss: 536.4403 +/- 2.1726
INFO:root:Epoch no. 359 of 500 (samples: 141442)
INFO:root:Loss: 536.7738 +/- 2.5431
INFO:root:Epoch no. 360 of 500 (samples: 141442)
INFO:root:Loss: 536.9862 +/- 2.3736
INFO:root:Epoch no. 361 of 500 (samples: 141442)
INFO:root:Loss: 536.1874 +/- 2.5509
INFO:root:Epoch no. 362 of 500 (samples: 141442)
INFO:root:Loss: 536.1254 +/- 2.4649
INFO:root:Epoch no. 363 of 500 (samples: 141442)
INFO:root:Loss: 537.0589 +/- 2.4503
INFO:root:Epoch no. 364 of 500 (samples: 141442)
INFO:root:Loss: 536.4022 +/- 2.4019
INFO:root:Epoch no. 365 of 500 (samples: 141442)
INFO:root:Loss: 536.1085 +/- 1.5151
INFO:root:Epoch no. 366 of 500 (samples: 141442)
INFO:root:Loss: 536.1481 +/- 2.178
INFO:root:Epoch no. 367 of 500 (samples: 141442)
INFO:root:Loss: 537.4345 +/- 1.8833
INFO:root:Epoch no. 368 of 500 (samples: 141442)
INFO:root:Loss: 536.2964 +/- 1.6351
INFO:root:Epoch no. 369 of 500 (samples: 141442)
INFO:root:Loss: 536.7313 +/- 2.2915
INFO:root:Epoch no. 370 of 500 (samples: 141442)
INFO:root:Loss: 536.4009 +/- 1.6392
INFO:root:Epoch no. 371 of 500 (samples: 141442)
INFO:root:Loss: 536.863 +/- 2.7174
INFO:root:Epoch no. 372 of 500 (samples: 141442)
INFO:root:Loss: 536.4238 +/- 1.6348
INFO:root:Epoch no. 373 of 500 (samples: 141442)
INFO:root:Loss: 536.6392 +/- 2.5575
INFO:root:Epoch no. 374 of 500 (samples: 141442)
INFO:root:Loss: 536.6882 +/- 2.3735
INFO:root:Epoch no. 375 of 500 (samples: 141442)
INFO:root:Loss: 535.8934 +/- 1.3201
INFO:root:Epoch no. 376 of 500 (samples: 141442)
INFO:root:Loss: 535.8597 +/- 2.8548
INFO:root:Epoch no. 377 of 500 (samples: 141442)
INFO:root:Loss: 536.0692 +/- 2.4746
INFO:root:Epoch no. 378 of 500 (samples: 141442)
INFO:root:Loss: 536.9069 +/- 2.6885
INFO:root:Epoch no. 379 of 500 (samples: 141442)
INFO:root:Loss: 536.2873 +/- 2.1839
INFO:root:Epoch no. 380 of 500 (samples: 141442)
INFO:root:Loss: 536.27 +/- 2.5819
INFO:root:Epoch no. 381 of 500 (samples: 141442)
INFO:root:Loss: 536.3998 +/- 1.9277
INFO:root:Epoch no. 382 of 500 (samples: 141442)
INFO:root:Loss: 535.8745 +/- 2.9684
INFO:root:Epoch no. 383 of 500 (samples: 141442)
INFO:root:Loss: 536.2613 +/- 1.9766
INFO:root:Epoch no. 384 of 500 (samples: 141442)
INFO:root:Loss: 536.1345 +/- 3.8506
INFO:root:Epoch no. 385 of 500 (samples: 141442)
INFO:root:Loss: 536.2854 +/- 1.4946
INFO:root:Epoch no. 386 of 500 (samples: 141442)
INFO:root:Loss: 536.3172 +/- 1.303
INFO:root:Epoch no. 387 of 500 (samples: 141442)
INFO:root:Loss: 536.0375 +/- 2.0786
INFO:root:Epoch no. 388 of 500 (samples: 141442)
INFO:root:Loss: 536.2415 +/- 1.7768
INFO:root:Epoch no. 389 of 500 (samples: 141442)
INFO:root:Loss: 536.0819 +/- 2.1946
INFO:root:Epoch no. 390 of 500 (samples: 141442)
INFO:root:Loss: 535.9388 +/- 2.0156
INFO:root:Epoch no. 391 of 500 (samples: 141442)
INFO:root:Loss: 535.9771 +/- 1.3976
INFO:root:Epoch no. 392 of 500 (samples: 141442)
INFO:root:Loss: 535.9533 +/- 3.3804
INFO:root:Epoch no. 393 of 500 (samples: 141442)
INFO:root:Loss: 535.9979 +/- 1.7441
INFO:root:Epoch no. 394 of 500 (samples: 141442)
INFO:root:Loss: 535.6651 +/- 3.0148
INFO:root:Epoch no. 395 of 500 (samples: 141442)
INFO:root:Loss: 535.0882 +/- 1.8418
INFO:root:Epoch no. 396 of 500 (samples: 141442)
INFO:root:Loss: 535.8313 +/- 2.3579
INFO:root:Epoch no. 397 of 500 (samples: 141442)
INFO:root:Loss: 536.0759 +/- 2.1978
INFO:root:Epoch no. 398 of 500 (samples: 141442)
INFO:root:Loss: 535.9984 +/- 3.0479
INFO:root:Epoch no. 399 of 500 (samples: 141442)
INFO:root:Loss: 535.5791 +/- 2.0542
INFO:root:Epoch no. 400 of 500 (samples: 141442)
INFO:root:Loss: 535.7524 +/- 1.6225
INFO:root:Epoch no. 401 of 500 (samples: 141442)
INFO:root:Loss: 536.0825 +/- 2.5509
INFO:root:Epoch no. 402 of 500 (samples: 141442)
INFO:root:Loss: 535.4995 +/- 1.9234
INFO:root:Epoch no. 403 of 500 (samples: 141442)
INFO:root:Loss: 534.9119 +/- 3.1195
INFO:root:Epoch no. 404 of 500 (samples: 141442)
INFO:root:Loss: 536.2019 +/- 1.8984
INFO:root:Epoch no. 405 of 500 (samples: 141442)
INFO:root:Loss: 535.2387 +/- 3.6344
INFO:root:Epoch no. 406 of 500 (samples: 141442)
INFO:root:Loss: 536.694 +/- 2.3652
INFO:root:Epoch no. 407 of 500 (samples: 141442)
INFO:root:Loss: 535.7391 +/- 1.9358
INFO:root:Epoch no. 408 of 500 (samples: 141442)
INFO:root:Loss: 535.6164 +/- 1.938
INFO:root:Epoch no. 409 of 500 (samples: 141442)
INFO:root:Loss: 535.9899 +/- 1.8512
INFO:root:Epoch no. 410 of 500 (samples: 141442)
INFO:root:Loss: 535.5608 +/- 2.0079
INFO:root:Epoch no. 411 of 500 (samples: 141442)
INFO:root:Loss: 536.1902 +/- 2.418
INFO:root:Epoch no. 412 of 500 (samples: 141442)
INFO:root:Loss: 534.7352 +/- 1.9601
INFO:root:Epoch no. 413 of 500 (samples: 141442)
INFO:root:Loss: 535.3351 +/- 1.28
INFO:root:Epoch no. 414 of 500 (samples: 141442)
INFO:root:Loss: 535.6542 +/- 2.5779
INFO:root:Epoch no. 415 of 500 (samples: 141442)
INFO:root:Loss: 535.1519 +/- 2.0633
INFO:root:Epoch no. 416 of 500 (samples: 141442)
INFO:root:Loss: 536.0739 +/- 2.0884
INFO:root:Epoch no. 417 of 500 (samples: 141442)
INFO:root:Loss: 535.4743 +/- 1.745
INFO:root:Epoch no. 418 of 500 (samples: 141442)
INFO:root:Loss: 535.9849 +/- 2.0841
INFO:root:Epoch no. 419 of 500 (samples: 141442)
INFO:root:Loss: 536.0727 +/- 2.1632
INFO:root:Epoch no. 420 of 500 (samples: 141442)
INFO:root:Loss: 535.7263 +/- 1.3885
INFO:root:Epoch no. 421 of 500 (samples: 141442)
INFO:root:Loss: 535.7242 +/- 2.2266
INFO:root:Epoch no. 422 of 500 (samples: 141442)
INFO:root:Loss: 534.8094 +/- 1.8331
INFO:root:Epoch no. 423 of 500 (samples: 141442)
INFO:root:Loss: 534.4544 +/- 2.2274
INFO:root:Epoch no. 424 of 500 (samples: 141442)
INFO:root:Loss: 535.2338 +/- 2.401
INFO:root:Epoch no. 425 of 500 (samples: 141442)
INFO:root:Loss: 535.3997 +/- 3.2116
INFO:root:Epoch no. 426 of 500 (samples: 141442)
INFO:root:Loss: 535.7072 +/- 2.7797
INFO:root:Epoch no. 427 of 500 (samples: 141442)
INFO:root:Loss: 535.6061 +/- 3.0642
INFO:root:Epoch no. 428 of 500 (samples: 141442)
INFO:root:Loss: 535.5566 +/- 1.7924
INFO:root:Epoch no. 429 of 500 (samples: 141442)
INFO:root:Loss: 534.7691 +/- 3.041
INFO:root:Epoch no. 430 of 500 (samples: 141442)
INFO:root:Loss: 535.6612 +/- 2.2001
INFO:root:Epoch no. 431 of 500 (samples: 141442)
INFO:root:Loss: 534.4282 +/- 2.3454
INFO:root:Epoch no. 432 of 500 (samples: 141442)
INFO:root:Loss: 534.7337 +/- 1.6856
INFO:root:Epoch no. 433 of 500 (samples: 141442)
INFO:root:Loss: 534.903 +/- 1.5634
INFO:root:Epoch no. 434 of 500 (samples: 141442)
INFO:root:Loss: 535.0713 +/- 1.732
INFO:root:Epoch no. 435 of 500 (samples: 141442)
INFO:root:Loss: 535.0691 +/- 2.8435
INFO:root:Epoch no. 436 of 500 (samples: 141442)
INFO:root:Loss: 534.9366 +/- 2.1246
INFO:root:Epoch no. 437 of 500 (samples: 141442)
INFO:root:Loss: 534.9206 +/- 2.0739
INFO:root:Epoch no. 438 of 500 (samples: 141442)
INFO:root:Loss: 534.9153 +/- 2.6815
INFO:root:Epoch no. 439 of 500 (samples: 141442)
INFO:root:Loss: 534.25 +/- 1.6677
INFO:root:Epoch no. 440 of 500 (samples: 141442)
INFO:root:Loss: 535.0403 +/- 2.3335
INFO:root:Epoch no. 441 of 500 (samples: 141442)
INFO:root:Loss: 535.2001 +/- 1.8875
INFO:root:Epoch no. 442 of 500 (samples: 141442)
INFO:root:Loss: 535.0609 +/- 2.2303
INFO:root:Epoch no. 443 of 500 (samples: 141442)
INFO:root:Loss: 535.4949 +/- 1.9812
INFO:root:Epoch no. 444 of 500 (samples: 141442)
INFO:root:Loss: 536.0516 +/- 1.7451
INFO:root:Epoch no. 445 of 500 (samples: 141442)
INFO:root:Loss: 535.7112 +/- 1.7391
INFO:root:Epoch no. 446 of 500 (samples: 141442)
INFO:root:Loss: 534.8967 +/- 3.0959
INFO:root:Epoch no. 447 of 500 (samples: 141442)
INFO:root:Loss: 534.6831 +/- 1.1119
INFO:root:Epoch no. 448 of 500 (samples: 141442)
INFO:root:Loss: 534.9024 +/- 2.1701
INFO:root:Epoch no. 449 of 500 (samples: 141442)
INFO:root:Loss: 535.1748 +/- 2.5851
INFO:root:Epoch no. 450 of 500 (samples: 141442)
INFO:root:Loss: 534.3627 +/- 1.383
INFO:root:Epoch no. 451 of 500 (samples: 141442)
INFO:root:Loss: 535.1174 +/- 1.8973
INFO:root:Epoch no. 452 of 500 (samples: 141442)
INFO:root:Loss: 534.974 +/- 2.3867
INFO:root:Epoch no. 453 of 500 (samples: 141442)
INFO:root:Loss: 534.816 +/- 1.5622
INFO:root:Epoch no. 454 of 500 (samples: 141442)
INFO:root:Loss: 534.5828 +/- 1.5059
INFO:root:Epoch no. 455 of 500 (samples: 141442)
INFO:root:Loss: 534.3275 +/- 2.7096
INFO:root:Epoch no. 456 of 500 (samples: 141442)
INFO:root:Loss: 534.5613 +/- 2.5468
INFO:root:Epoch no. 457 of 500 (samples: 141442)
INFO:root:Loss: 534.9581 +/- 2.2935
INFO:root:Epoch no. 458 of 500 (samples: 141442)
INFO:root:Loss: 535.1332 +/- 1.2716
INFO:root:Epoch no. 459 of 500 (samples: 141442)
INFO:root:Loss: 534.6625 +/- 2.3848
INFO:root:Epoch no. 460 of 500 (samples: 141442)
INFO:root:Loss: 534.9304 +/- 2.2062
INFO:root:Epoch no. 461 of 500 (samples: 141442)
INFO:root:Loss: 533.9607 +/- 2.5902
INFO:root:Epoch no. 462 of 500 (samples: 141442)
INFO:root:Loss: 534.4413 +/- 1.3675
INFO:root:Epoch no. 463 of 500 (samples: 141442)
INFO:root:Loss: 534.7433 +/- 3.28
INFO:root:Epoch no. 464 of 500 (samples: 141442)
INFO:root:Loss: 534.3236 +/- 1.0046
INFO:root:Epoch no. 465 of 500 (samples: 141442)
INFO:root:Loss: 534.6108 +/- 2.5967
INFO:root:Epoch no. 466 of 500 (samples: 141442)
INFO:root:Loss: 534.2354 +/- 1.341
INFO:root:Epoch no. 467 of 500 (samples: 141442)
INFO:root:Loss: 534.6658 +/- 2.5072
INFO:root:Epoch no. 468 of 500 (samples: 141442)
INFO:root:Loss: 534.3889 +/- 2.4143
INFO:root:Epoch no. 469 of 500 (samples: 141442)
INFO:root:Loss: 534.0983 +/- 2.22
INFO:root:Epoch no. 470 of 500 (samples: 141442)
INFO:root:Loss: 534.698 +/- 2.2591
INFO:root:Epoch no. 471 of 500 (samples: 141442)
INFO:root:Loss: 534.3717 +/- 1.7919
INFO:root:Epoch no. 472 of 500 (samples: 141442)
INFO:root:Loss: 533.8193 +/- 2.678
INFO:root:Epoch no. 473 of 500 (samples: 141442)
INFO:root:Loss: 535.0253 +/- 1.7488
INFO:root:Epoch no. 474 of 500 (samples: 141442)
INFO:root:Loss: 534.2389 +/- 3.2214
INFO:root:Epoch no. 475 of 500 (samples: 141442)
INFO:root:Loss: 534.0604 +/- 1.7288
INFO:root:Epoch no. 476 of 500 (samples: 141442)
INFO:root:Loss: 534.6462 +/- 1.5347
INFO:root:Epoch no. 477 of 500 (samples: 141442)
INFO:root:Loss: 533.9463 +/- 3.2179
INFO:root:Epoch no. 478 of 500 (samples: 141442)
INFO:root:Loss: 533.7888 +/- 1.9928
INFO:root:Epoch no. 479 of 500 (samples: 141442)
INFO:root:Loss: 534.2481 +/- 3.0233
INFO:root:Epoch no. 480 of 500 (samples: 141442)
INFO:root:Loss: 534.0407 +/- 2.3352
INFO:root:Epoch no. 481 of 500 (samples: 141442)
INFO:root:Loss: 534.0497 +/- 2.0393
INFO:root:Epoch no. 482 of 500 (samples: 141442)
INFO:root:Loss: 534.7023 +/- 2.7778
INFO:root:Epoch no. 483 of 500 (samples: 141442)
INFO:root:Loss: 534.5878 +/- 1.1285
INFO:root:Epoch no. 484 of 500 (samples: 141442)
INFO:root:Loss: 534.2598 +/- 1.7127
INFO:root:Epoch no. 485 of 500 (samples: 141442)
INFO:root:Loss: 533.9219 +/- 2.3907
INFO:root:Epoch no. 486 of 500 (samples: 141442)
INFO:root:Loss: 534.5444 +/- 2.0521
INFO:root:Epoch no. 487 of 500 (samples: 141442)
INFO:root:Loss: 533.7365 +/- 1.8154
INFO:root:Epoch no. 488 of 500 (samples: 141442)
INFO:root:Loss: 533.44 +/- 2.821
INFO:root:Epoch no. 489 of 500 (samples: 141442)
INFO:root:Loss: 533.869 +/- 1.9822
INFO:root:Epoch no. 490 of 500 (samples: 141442)
INFO:root:Loss: 534.2332 +/- 2.615
INFO:root:Epoch no. 491 of 500 (samples: 141442)
INFO:root:Loss: 534.1127 +/- 2.4461
INFO:root:Epoch no. 492 of 500 (samples: 141442)
INFO:root:Loss: 533.42 +/- 1.7834
INFO:root:Epoch no. 493 of 500 (samples: 141442)
INFO:root:Loss: 534.0129 +/- 1.4766
INFO:root:Epoch no. 494 of 500 (samples: 141442)
INFO:root:Loss: 534.2955 +/- 3.0926
INFO:root:Epoch no. 495 of 500 (samples: 141442)
INFO:root:Loss: 534.2916 +/- 2.9278
INFO:root:Epoch no. 496 of 500 (samples: 141442)
INFO:root:Loss: 534.0645 +/- 1.6504
INFO:root:Epoch no. 497 of 500 (samples: 141442)
INFO:root:Loss: 534.8841 +/- 2.9317
INFO:root:Epoch no. 498 of 500 (samples: 141442)
INFO:root:Loss: 533.6993 +/- 1.732
INFO:root:Epoch no. 499 of 500 (samples: 141442)
INFO:root:Loss: 534.2984 +/- 2.878
INFO:root:Epoch no. 500 of 500 (samples: 141442)
INFO:root:Loss: 533.9533 +/- 2.1832
/usr/local/lib/python3.5/dist-packages/keras/backend/theano_backend.py:527: UserWarning: theano.function was asked to create a function computing outputs given certain inputs, but the provided input variable at index 2 is not part of the computational graph needed to compute the outputs: keras_learning_phase.
To make this warning into an error, you can pass the parameter on_unused_input='raise' to theano.function. To disable it completely, use on_unused_input='ignore'.
  **kwargs)
INFO:root:### MICRO (validation raw):
INFO:root:	-- left   >> mean: 1668.2592, median: 75.5, mrr: 0.1, hits@1: 1.68%
INFO:root:	-- right  >> mean: 1646.1988, median: 70.0, mrr: 0.099, hits@1: 1.44%
INFO:root:	-- global >> mean: 1657.229, median: 72.5, mrr: 0.099, hits@1: 1.56%
INFO:root:### MICRO (validation raw):
INFO:root:	-- left   >> mean: 1668.2592, median: 75.5, mrr: 0.1, hits@3: 11.98%
INFO:root:	-- right  >> mean: 1646.1988, median: 70.0, mrr: 0.099, hits@3: 12.38%
INFO:root:	-- global >> mean: 1657.229, median: 72.5, mrr: 0.099, hits@3: 12.18%
INFO:root:### MICRO (validation raw):
INFO:root:	-- left   >> mean: 1668.2592, median: 75.5, mrr: 0.1, hits@5: 18.6%
INFO:root:	-- right  >> mean: 1646.1988, median: 70.0, mrr: 0.099, hits@5: 18.52%
INFO:root:	-- global >> mean: 1657.229, median: 72.5, mrr: 0.099, hits@5: 18.56%
INFO:root:### MICRO (validation raw):
INFO:root:	-- left   >> mean: 1668.2592, median: 75.5, mrr: 0.1, hits@10: 27.54%
INFO:root:	-- right  >> mean: 1646.1988, median: 70.0, mrr: 0.099, hits@10: 27.36%
INFO:root:	-- global >> mean: 1657.229, median: 72.5, mrr: 0.099, hits@10: 27.45%
INFO:root:### MICRO (validation filtered):
INFO:root:	-- left   >> mean: 1658.0572, median: 67.0, mrr: 0.117, hits@1: 2.34%
INFO:root:	-- right  >> mean: 1635.8072, median: 60.0, mrr: 0.117, hits@1: 2.04%
INFO:root:	-- global >> mean: 1646.9322, median: 64.0, mrr: 0.117, hits@1: 2.19%
INFO:root:### MICRO (validation filtered):
INFO:root:	-- left   >> mean: 1658.0572, median: 67.0, mrr: 0.117, hits@3: 15.54%
INFO:root:	-- right  >> mean: 1635.8072, median: 60.0, mrr: 0.117, hits@3: 15.66%
INFO:root:	-- global >> mean: 1646.9322, median: 64.0, mrr: 0.117, hits@3: 15.6%
INFO:root:### MICRO (validation filtered):
INFO:root:	-- left   >> mean: 1658.0572, median: 67.0, mrr: 0.117, hits@5: 21.76%
INFO:root:	-- right  >> mean: 1635.8072, median: 60.0, mrr: 0.117, hits@5: 22.0%
INFO:root:	-- global >> mean: 1646.9322, median: 64.0, mrr: 0.117, hits@5: 21.88%
INFO:root:### MICRO (validation filtered):
INFO:root:	-- left   >> mean: 1658.0572, median: 67.0, mrr: 0.117, hits@10: 30.52%
INFO:root:	-- right  >> mean: 1635.8072, median: 60.0, mrr: 0.117, hits@10: 30.34%
INFO:root:	-- global >> mean: 1646.9322, median: 64.0, mrr: 0.117, hits@10: 30.43%
INFO:root:### MICRO (test raw):
INFO:root:	-- left   >> mean: 1507.126, median: 67.0, mrr: 0.097, hits@1: 1.48%
INFO:root:	-- right  >> mean: 1492.2058, median: 67.0, mrr: 0.098, hits@1: 1.4%
INFO:root:	-- global >> mean: 1499.6659, median: 67.0, mrr: 0.097, hits@1: 1.44%
INFO:root:### MICRO (test raw):
INFO:root:	-- left   >> mean: 1507.126, median: 67.0, mrr: 0.097, hits@3: 11.46%
INFO:root:	-- right  >> mean: 1492.2058, median: 67.0, mrr: 0.098, hits@3: 12.04%
INFO:root:	-- global >> mean: 1499.6659, median: 67.0, mrr: 0.097, hits@3: 11.75%
INFO:root:### MICRO (test raw):
INFO:root:	-- left   >> mean: 1507.126, median: 67.0, mrr: 0.097, hits@5: 18.0%
INFO:root:	-- right  >> mean: 1492.2058, median: 67.0, mrr: 0.098, hits@5: 18.18%
INFO:root:	-- global >> mean: 1499.6659, median: 67.0, mrr: 0.097, hits@5: 18.09%
INFO:root:### MICRO (test raw):
INFO:root:	-- left   >> mean: 1507.126, median: 67.0, mrr: 0.097, hits@10: 27.22%
INFO:root:	-- right  >> mean: 1492.2058, median: 67.0, mrr: 0.098, hits@10: 27.28%
INFO:root:	-- global >> mean: 1499.6659, median: 67.0, mrr: 0.097, hits@10: 27.25%
INFO:root:### MICRO (test filtered):
INFO:root:	-- left   >> mean: 1496.8848, median: 58.0, mrr: 0.116, hits@1: 2.06%
INFO:root:	-- right  >> mean: 1482.3316, median: 59.0, mrr: 0.114, hits@1: 1.96%
INFO:root:	-- global >> mean: 1489.6082, median: 59.0, mrr: 0.115, hits@1: 2.01%
INFO:root:### MICRO (test filtered):
INFO:root:	-- left   >> mean: 1496.8848, median: 58.0, mrr: 0.116, hits@3: 15.52%
INFO:root:	-- right  >> mean: 1482.3316, median: 59.0, mrr: 0.114, hits@3: 15.36%
INFO:root:	-- global >> mean: 1489.6082, median: 59.0, mrr: 0.115, hits@3: 15.44%
INFO:root:### MICRO (test filtered):
INFO:root:	-- left   >> mean: 1496.8848, median: 58.0, mrr: 0.116, hits@5: 22.0%
INFO:root:	-- right  >> mean: 1482.3316, median: 59.0, mrr: 0.114, hits@5: 21.44%
INFO:root:	-- global >> mean: 1489.6082, median: 59.0, mrr: 0.115, hits@5: 21.72%
INFO:root:### MICRO (test filtered):
INFO:root:	-- left   >> mean: 1496.8848, median: 58.0, mrr: 0.116, hits@10: 29.88%
INFO:root:	-- right  >> mean: 1482.3316, median: 59.0, mrr: 0.114, hits@10: 29.94%
INFO:root:	-- global >> mean: 1489.6082, median: 59.0, mrr: 0.115, hits@10: 29.91%
