Using Theano backend.
Using gpu device 0: GeForce GTX TITAN X (CNMeM is disabled, cuDNN not available)
INFO:root:Acquiring data/wn18/wordnet-mlj12-train.txt ..
INFO:root:Acquiring data/wn18/wordnet-mlj12-valid.txt ..
INFO:root:Acquiring data/wn18/wordnet-mlj12-test.txt ..
INFO:root:[Rules] Adding Head: 15, Tail: [(10, True)]
INFO:root:[Rules] Adding Head: 12, Tail: [(17, True)]
INFO:root:[Rules] Adding Head: 4, Tail: [(5, True)]
INFO:root:[Rules] Adding Head: 13, Tail: [(3, True)]
INFO:root:[Rules] Adding Head: 5, Tail: [(4, True)]
INFO:root:[Rules] Adding Head: 16, Tail: [(11, True)]
INFO:root:[Rules] Adding Head: 17, Tail: [(12, True)]
INFO:root:[Rules] Adding Head: 11, Tail: [(16, True)]
INFO:root:[Rules] Adding Head: 8, Tail: [(9, True)]
INFO:root:[Rules] Adding Head: 2, Tail: [(2, True)]
INFO:root:Samples: 99009, no. batches: 10 -> batch size: 9901
INFO:root:Epoch no. 1 of 500 (samples: 99009)
INFO:root:Loss: 7014.3871 +/- 628.8075
INFO:root:Epoch no. 2 of 500 (samples: 99009)
INFO:root:Loss: 6514.0362 +/- 9.9341
INFO:root:Epoch no. 3 of 500 (samples: 99009)
INFO:root:Loss: 6408.4844 +/- 7.2171
INFO:root:Epoch no. 4 of 500 (samples: 99009)
INFO:root:Loss: 6344.9297 +/- 10.6929
INFO:root:Epoch no. 5 of 500 (samples: 99009)
INFO:root:Loss: 6298.8159 +/- 12.2394
INFO:root:Epoch no. 6 of 500 (samples: 99009)
INFO:root:Loss: 6266.1773 +/- 13.121
INFO:root:Epoch no. 7 of 500 (samples: 99009)
INFO:root:Loss: 6239.8458 +/- 12.5508
INFO:root:Epoch no. 8 of 500 (samples: 99009)
INFO:root:Loss: 6218.1846 +/- 12.6521
INFO:root:Epoch no. 9 of 500 (samples: 99009)
INFO:root:Loss: 6200.6492 +/- 11.9011
INFO:root:Epoch no. 10 of 500 (samples: 99009)
INFO:root:Loss: 6185.3889 +/- 11.4598
INFO:root:Epoch no. 11 of 500 (samples: 99009)
INFO:root:Loss: 6173.0867 +/- 12.1411
INFO:root:Epoch no. 12 of 500 (samples: 99009)
INFO:root:Loss: 6162.4013 +/- 11.8863
INFO:root:Epoch no. 13 of 500 (samples: 99009)
INFO:root:Loss: 6152.8309 +/- 11.6577
INFO:root:Epoch no. 14 of 500 (samples: 99009)
INFO:root:Loss: 6145.0469 +/- 10.3043
INFO:root:Epoch no. 15 of 500 (samples: 99009)
INFO:root:Loss: 6137.6997 +/- 9.5847
INFO:root:Epoch no. 16 of 500 (samples: 99009)
INFO:root:Loss: 6131.7435 +/- 10.6812
INFO:root:Epoch no. 17 of 500 (samples: 99009)
INFO:root:Loss: 6125.7109 +/- 11.0231
INFO:root:Epoch no. 18 of 500 (samples: 99009)
INFO:root:Loss: 6120.0736 +/- 9.7456
INFO:root:Epoch no. 19 of 500 (samples: 99009)
INFO:root:Loss: 6115.1739 +/- 8.8413
INFO:root:Epoch no. 20 of 500 (samples: 99009)
INFO:root:Loss: 6111.1728 +/- 9.3096
INFO:root:Epoch no. 21 of 500 (samples: 99009)
INFO:root:Loss: 6106.8431 +/- 8.4974
INFO:root:Epoch no. 22 of 500 (samples: 99009)
INFO:root:Loss: 6102.6788 +/- 7.8555
INFO:root:Epoch no. 23 of 500 (samples: 99009)
INFO:root:Loss: 6099.9456 +/- 8.5342
INFO:root:Epoch no. 24 of 500 (samples: 99009)
INFO:root:Loss: 6096.7673 +/- 8.3952
INFO:root:Epoch no. 25 of 500 (samples: 99009)
INFO:root:Loss: 6093.8736 +/- 8.1265
INFO:root:Epoch no. 26 of 500 (samples: 99009)
INFO:root:Loss: 6091.2322 +/- 7.4707
INFO:root:Epoch no. 27 of 500 (samples: 99009)
INFO:root:Loss: 6087.689 +/- 8.0313
INFO:root:Epoch no. 28 of 500 (samples: 99009)
INFO:root:Loss: 6085.5005 +/- 7.8374
INFO:root:Epoch no. 29 of 500 (samples: 99009)
INFO:root:Loss: 6083.7956 +/- 9.0842
INFO:root:Epoch no. 30 of 500 (samples: 99009)
INFO:root:Loss: 6080.7625 +/- 6.9335
INFO:root:Epoch no. 31 of 500 (samples: 99009)
INFO:root:Loss: 6078.6776 +/- 7.8139
INFO:root:Epoch no. 32 of 500 (samples: 99009)
INFO:root:Loss: 6076.5188 +/- 6.9805
INFO:root:Epoch no. 33 of 500 (samples: 99009)
INFO:root:Loss: 6074.6127 +/- 7.9422
INFO:root:Epoch no. 34 of 500 (samples: 99009)
INFO:root:Loss: 6072.6113 +/- 8.5474
INFO:root:Epoch no. 35 of 500 (samples: 99009)
INFO:root:Loss: 6070.1375 +/- 7.327
INFO:root:Epoch no. 36 of 500 (samples: 99009)
INFO:root:Loss: 6069.5126 +/- 7.0746
INFO:root:Epoch no. 37 of 500 (samples: 99009)
INFO:root:Loss: 6067.7628 +/- 6.0916
INFO:root:Epoch no. 38 of 500 (samples: 99009)
INFO:root:Loss: 6066.0388 +/- 6.3265
INFO:root:Epoch no. 39 of 500 (samples: 99009)
INFO:root:Loss: 6064.0995 +/- 6.9109
INFO:root:Epoch no. 40 of 500 (samples: 99009)
INFO:root:Loss: 6062.7486 +/- 7.5357
INFO:root:Epoch no. 41 of 500 (samples: 99009)
INFO:root:Loss: 6061.3997 +/- 6.5594
INFO:root:Epoch no. 42 of 500 (samples: 99009)
INFO:root:Loss: 6060.2442 +/- 7.594
INFO:root:Epoch no. 43 of 500 (samples: 99009)
INFO:root:Loss: 6058.9535 +/- 6.0648
INFO:root:Epoch no. 44 of 500 (samples: 99009)
INFO:root:Loss: 6057.9702 +/- 6.6941
INFO:root:Epoch no. 45 of 500 (samples: 99009)
INFO:root:Loss: 6057.2339 +/- 6.5015
INFO:root:Epoch no. 46 of 500 (samples: 99009)
INFO:root:Loss: 6055.9006 +/- 7.6282
INFO:root:Epoch no. 47 of 500 (samples: 99009)
INFO:root:Loss: 6054.843 +/- 6.6867
INFO:root:Epoch no. 48 of 500 (samples: 99009)
INFO:root:Loss: 6054.0974 +/- 6.4624
INFO:root:Epoch no. 49 of 500 (samples: 99009)
INFO:root:Loss: 6053.2997 +/- 6.946
INFO:root:Epoch no. 50 of 500 (samples: 99009)
INFO:root:Loss: 6052.0948 +/- 6.0447
INFO:root:Epoch no. 51 of 500 (samples: 99009)
INFO:root:Loss: 6050.4242 +/- 6.3594
INFO:root:Epoch no. 52 of 500 (samples: 99009)
INFO:root:Loss: 6050.0972 +/- 6.3162
INFO:root:Epoch no. 53 of 500 (samples: 99009)
INFO:root:Loss: 6048.097 +/- 5.2709
INFO:root:Epoch no. 54 of 500 (samples: 99009)
INFO:root:Loss: 6047.8456 +/- 6.7513
INFO:root:Epoch no. 55 of 500 (samples: 99009)
INFO:root:Loss: 6047.262 +/- 5.9191
INFO:root:Epoch no. 56 of 500 (samples: 99009)
INFO:root:Loss: 6045.2674 +/- 6.3319
INFO:root:Epoch no. 57 of 500 (samples: 99009)
INFO:root:Loss: 6045.4502 +/- 5.2626
INFO:root:Epoch no. 58 of 500 (samples: 99009)
INFO:root:Loss: 6045.2196 +/- 5.2357
INFO:root:Epoch no. 59 of 500 (samples: 99009)
INFO:root:Loss: 6043.711 +/- 5.2032
INFO:root:Epoch no. 60 of 500 (samples: 99009)
INFO:root:Loss: 6043.0757 +/- 5.7964
INFO:root:Epoch no. 61 of 500 (samples: 99009)
INFO:root:Loss: 6042.1329 +/- 4.9657
INFO:root:Epoch no. 62 of 500 (samples: 99009)
INFO:root:Loss: 6041.4405 +/- 6.3282
INFO:root:Epoch no. 63 of 500 (samples: 99009)
INFO:root:Loss: 6041.0804 +/- 5.629
INFO:root:Epoch no. 64 of 500 (samples: 99009)
INFO:root:Loss: 6040.6761 +/- 5.5703
INFO:root:Epoch no. 65 of 500 (samples: 99009)
INFO:root:Loss: 6039.8003 +/- 6.0189
INFO:root:Epoch no. 66 of 500 (samples: 99009)
INFO:root:Loss: 6039.1958 +/- 5.5628
INFO:root:Epoch no. 67 of 500 (samples: 99009)
INFO:root:Loss: 6038.0055 +/- 5.7408
INFO:root:Epoch no. 68 of 500 (samples: 99009)
INFO:root:Loss: 6037.6406 +/- 6.0766
INFO:root:Epoch no. 69 of 500 (samples: 99009)
INFO:root:Loss: 6037.2187 +/- 6.0852
INFO:root:Epoch no. 70 of 500 (samples: 99009)
INFO:root:Loss: 6037.0808 +/- 5.7802
INFO:root:Epoch no. 71 of 500 (samples: 99009)
INFO:root:Loss: 6036.1053 +/- 5.9065
INFO:root:Epoch no. 72 of 500 (samples: 99009)
INFO:root:Loss: 6035.8141 +/- 5.5867
INFO:root:Epoch no. 73 of 500 (samples: 99009)
INFO:root:Loss: 6035.3891 +/- 5.9627
INFO:root:Epoch no. 74 of 500 (samples: 99009)
INFO:root:Loss: 6034.8857 +/- 4.9593
INFO:root:Epoch no. 75 of 500 (samples: 99009)
INFO:root:Loss: 6034.1939 +/- 5.3996
INFO:root:Epoch no. 76 of 500 (samples: 99009)
INFO:root:Loss: 6033.6916 +/- 5.0163
INFO:root:Epoch no. 77 of 500 (samples: 99009)
INFO:root:Loss: 6032.5118 +/- 4.672
INFO:root:Epoch no. 78 of 500 (samples: 99009)
INFO:root:Loss: 6032.7829 +/- 5.6444
INFO:root:Epoch no. 79 of 500 (samples: 99009)
INFO:root:Loss: 6032.1893 +/- 5.6186
INFO:root:Epoch no. 80 of 500 (samples: 99009)
INFO:root:Loss: 6032.4666 +/- 5.9704
INFO:root:Epoch no. 81 of 500 (samples: 99009)
INFO:root:Loss: 6031.4051 +/- 5.8556
INFO:root:Epoch no. 82 of 500 (samples: 99009)
INFO:root:Loss: 6031.0832 +/- 4.961
INFO:root:Epoch no. 83 of 500 (samples: 99009)
INFO:root:Loss: 6030.9193 +/- 5.4685
INFO:root:Epoch no. 84 of 500 (samples: 99009)
INFO:root:Loss: 6029.5213 +/- 5.3163
INFO:root:Epoch no. 85 of 500 (samples: 99009)
INFO:root:Loss: 6029.8443 +/- 4.9834
INFO:root:Epoch no. 86 of 500 (samples: 99009)
INFO:root:Loss: 6029.1245 +/- 5.369
INFO:root:Epoch no. 87 of 500 (samples: 99009)
INFO:root:Loss: 6028.6396 +/- 4.6824
INFO:root:Epoch no. 88 of 500 (samples: 99009)
INFO:root:Loss: 6028.2251 +/- 5.7179
INFO:root:Epoch no. 89 of 500 (samples: 99009)
INFO:root:Loss: 6028.1189 +/- 4.8288
INFO:root:Epoch no. 90 of 500 (samples: 99009)
INFO:root:Loss: 6028.2651 +/- 4.261
INFO:root:Epoch no. 91 of 500 (samples: 99009)
INFO:root:Loss: 6027.6987 +/- 5.1661
INFO:root:Epoch no. 92 of 500 (samples: 99009)
INFO:root:Loss: 6027.136 +/- 5.617
INFO:root:Epoch no. 93 of 500 (samples: 99009)
INFO:root:Loss: 6027.1243 +/- 4.7612
INFO:root:Epoch no. 94 of 500 (samples: 99009)
INFO:root:Loss: 6026.3202 +/- 5.6966
INFO:root:Epoch no. 95 of 500 (samples: 99009)
INFO:root:Loss: 6025.5711 +/- 5.5069
INFO:root:Epoch no. 96 of 500 (samples: 99009)
INFO:root:Loss: 6026.06 +/- 4.1151
INFO:root:Epoch no. 97 of 500 (samples: 99009)
INFO:root:Loss: 6025.092 +/- 3.9341
INFO:root:Epoch no. 98 of 500 (samples: 99009)
INFO:root:Loss: 6024.42 +/- 5.3017
INFO:root:Epoch no. 99 of 500 (samples: 99009)
INFO:root:Loss: 6023.5685 +/- 4.0041
INFO:root:Epoch no. 100 of 500 (samples: 99009)
INFO:root:Loss: 6024.1906 +/- 4.89
INFO:root:Epoch no. 101 of 500 (samples: 99009)
INFO:root:Loss: 6023.397 +/- 5.2729
INFO:root:Epoch no. 102 of 500 (samples: 99009)
INFO:root:Loss: 6024.3481 +/- 4.2937
INFO:root:Epoch no. 103 of 500 (samples: 99009)
INFO:root:Loss: 6023.1269 +/- 5.6835
INFO:root:Epoch no. 104 of 500 (samples: 99009)
INFO:root:Loss: 6022.7211 +/- 4.0518
INFO:root:Epoch no. 105 of 500 (samples: 99009)
INFO:root:Loss: 6023.5237 +/- 5.2817
INFO:root:Epoch no. 106 of 500 (samples: 99009)
INFO:root:Loss: 6022.4421 +/- 5.1561
INFO:root:Epoch no. 107 of 500 (samples: 99009)
INFO:root:Loss: 6022.7823 +/- 3.7044
INFO:root:Epoch no. 108 of 500 (samples: 99009)
INFO:root:Loss: 6021.4547 +/- 5.3249
INFO:root:Epoch no. 109 of 500 (samples: 99009)
INFO:root:Loss: 6021.3253 +/- 3.8618
INFO:root:Epoch no. 110 of 500 (samples: 99009)
INFO:root:Loss: 6021.979 +/- 5.2891
INFO:root:Epoch no. 111 of 500 (samples: 99009)
INFO:root:Loss: 6020.5398 +/- 4.0689
INFO:root:Epoch no. 112 of 500 (samples: 99009)
INFO:root:Loss: 6020.8249 +/- 5.4085
INFO:root:Epoch no. 113 of 500 (samples: 99009)
INFO:root:Loss: 6020.0145 +/- 4.9575
INFO:root:Epoch no. 114 of 500 (samples: 99009)
INFO:root:Loss: 6019.9833 +/- 5.5049
INFO:root:Epoch no. 115 of 500 (samples: 99009)
INFO:root:Loss: 6019.9019 +/- 3.9239
INFO:root:Epoch no. 116 of 500 (samples: 99009)
INFO:root:Loss: 6019.7174 +/- 5.1097
INFO:root:Epoch no. 117 of 500 (samples: 99009)
INFO:root:Loss: 6018.8624 +/- 5.4738
INFO:root:Epoch no. 118 of 500 (samples: 99009)
INFO:root:Loss: 6019.3232 +/- 4.9513
INFO:root:Epoch no. 119 of 500 (samples: 99009)
INFO:root:Loss: 6019.178 +/- 4.6424
INFO:root:Epoch no. 120 of 500 (samples: 99009)
INFO:root:Loss: 6018.813 +/- 4.4774
INFO:root:Epoch no. 121 of 500 (samples: 99009)
INFO:root:Loss: 6017.9551 +/- 4.3861
INFO:root:Epoch no. 122 of 500 (samples: 99009)
INFO:root:Loss: 6018.1796 +/- 3.8991
INFO:root:Epoch no. 123 of 500 (samples: 99009)
INFO:root:Loss: 6017.5669 +/- 5.1286
INFO:root:Epoch no. 124 of 500 (samples: 99009)
INFO:root:Loss: 6017.6181 +/- 4.3036
INFO:root:Epoch no. 125 of 500 (samples: 99009)
INFO:root:Loss: 6017.689 +/- 4.7932
INFO:root:Epoch no. 126 of 500 (samples: 99009)
INFO:root:Loss: 6016.9993 +/- 4.8591
INFO:root:Epoch no. 127 of 500 (samples: 99009)
INFO:root:Loss: 6017.2941 +/- 4.5831
INFO:root:Epoch no. 128 of 500 (samples: 99009)
INFO:root:Loss: 6017.2929 +/- 3.4774
INFO:root:Epoch no. 129 of 500 (samples: 99009)
INFO:root:Loss: 6016.7154 +/- 5.029
INFO:root:Epoch no. 130 of 500 (samples: 99009)
INFO:root:Loss: 6016.3181 +/- 4.6893
INFO:root:Epoch no. 131 of 500 (samples: 99009)
INFO:root:Loss: 6016.3011 +/- 5.265
INFO:root:Epoch no. 132 of 500 (samples: 99009)
INFO:root:Loss: 6016.328 +/- 5.2176
INFO:root:Epoch no. 133 of 500 (samples: 99009)
INFO:root:Loss: 6016.1902 +/- 2.6732
INFO:root:Epoch no. 134 of 500 (samples: 99009)
INFO:root:Loss: 6015.9455 +/- 4.2403
INFO:root:Epoch no. 135 of 500 (samples: 99009)
INFO:root:Loss: 6015.8412 +/- 3.5054
INFO:root:Epoch no. 136 of 500 (samples: 99009)
INFO:root:Loss: 6015.1874 +/- 3.9842
INFO:root:Epoch no. 137 of 500 (samples: 99009)
INFO:root:Loss: 6015.4958 +/- 3.5897
INFO:root:Epoch no. 138 of 500 (samples: 99009)
INFO:root:Loss: 6014.6257 +/- 4.528
INFO:root:Epoch no. 139 of 500 (samples: 99009)
INFO:root:Loss: 6014.4336 +/- 4.0965
INFO:root:Epoch no. 140 of 500 (samples: 99009)
INFO:root:Loss: 6015.1188 +/- 4.6317
INFO:root:Epoch no. 141 of 500 (samples: 99009)
INFO:root:Loss: 6014.4269 +/- 3.4651
INFO:root:Epoch no. 142 of 500 (samples: 99009)
INFO:root:Loss: 6014.5644 +/- 4.5916
INFO:root:Epoch no. 143 of 500 (samples: 99009)
INFO:root:Loss: 6013.9363 +/- 3.9603
INFO:root:Epoch no. 144 of 500 (samples: 99009)
INFO:root:Loss: 6014.1334 +/- 4.7613
INFO:root:Epoch no. 145 of 500 (samples: 99009)
INFO:root:Loss: 6013.3243 +/- 5.3828
INFO:root:Epoch no. 146 of 500 (samples: 99009)
INFO:root:Loss: 6013.4873 +/- 4.4195
INFO:root:Epoch no. 147 of 500 (samples: 99009)
INFO:root:Loss: 6013.8418 +/- 3.878
INFO:root:Epoch no. 148 of 500 (samples: 99009)
INFO:root:Loss: 6013.3177 +/- 4.8222
INFO:root:Epoch no. 149 of 500 (samples: 99009)
INFO:root:Loss: 6012.5951 +/- 3.7392
INFO:root:Epoch no. 150 of 500 (samples: 99009)
INFO:root:Loss: 6013.2394 +/- 3.999
INFO:root:Epoch no. 151 of 500 (samples: 99009)
INFO:root:Loss: 6013.2005 +/- 4.2507
INFO:root:Epoch no. 152 of 500 (samples: 99009)
INFO:root:Loss: 6012.5697 +/- 5.2676
INFO:root:Epoch no. 153 of 500 (samples: 99009)
INFO:root:Loss: 6011.9415 +/- 3.1751
INFO:root:Epoch no. 154 of 500 (samples: 99009)
INFO:root:Loss: 6011.445 +/- 4.134
INFO:root:Epoch no. 155 of 500 (samples: 99009)
INFO:root:Loss: 6011.7069 +/- 4.0625
INFO:root:Epoch no. 156 of 500 (samples: 99009)
INFO:root:Loss: 6012.0357 +/- 4.2842
INFO:root:Epoch no. 157 of 500 (samples: 99009)
INFO:root:Loss: 6011.3646 +/- 4.7102
INFO:root:Epoch no. 158 of 500 (samples: 99009)
INFO:root:Loss: 6011.4774 +/- 3.4503
INFO:root:Epoch no. 159 of 500 (samples: 99009)
INFO:root:Loss: 6011.6856 +/- 4.989
INFO:root:Epoch no. 160 of 500 (samples: 99009)
INFO:root:Loss: 6011.5954 +/- 5.015
INFO:root:Epoch no. 161 of 500 (samples: 99009)
INFO:root:Loss: 6011.3537 +/- 4.3756
INFO:root:Epoch no. 162 of 500 (samples: 99009)
INFO:root:Loss: 6010.9909 +/- 5.1475
INFO:root:Epoch no. 163 of 500 (samples: 99009)
INFO:root:Loss: 6011.6723 +/- 3.6715
INFO:root:Epoch no. 164 of 500 (samples: 99009)
INFO:root:Loss: 6010.793 +/- 5.164
INFO:root:Epoch no. 165 of 500 (samples: 99009)
INFO:root:Loss: 6011.068 +/- 3.7567
INFO:root:Epoch no. 166 of 500 (samples: 99009)
INFO:root:Loss: 6010.2982 +/- 5.0829
INFO:root:Epoch no. 167 of 500 (samples: 99009)
INFO:root:Loss: 6009.5971 +/- 3.864
INFO:root:Epoch no. 168 of 500 (samples: 99009)
INFO:root:Loss: 6010.5711 +/- 3.6457
INFO:root:Epoch no. 169 of 500 (samples: 99009)
INFO:root:Loss: 6010.282 +/- 4.4257
INFO:root:Epoch no. 170 of 500 (samples: 99009)
INFO:root:Loss: 6009.2789 +/- 4.4855
INFO:root:Epoch no. 171 of 500 (samples: 99009)
INFO:root:Loss: 6010.1248 +/- 4.0446
INFO:root:Epoch no. 172 of 500 (samples: 99009)
INFO:root:Loss: 6009.6568 +/- 3.4918
INFO:root:Epoch no. 173 of 500 (samples: 99009)
INFO:root:Loss: 6009.6525 +/- 3.3191
INFO:root:Epoch no. 174 of 500 (samples: 99009)
INFO:root:Loss: 6009.3763 +/- 3.214
INFO:root:Epoch no. 175 of 500 (samples: 99009)
INFO:root:Loss: 6008.4661 +/- 3.7406
INFO:root:Epoch no. 176 of 500 (samples: 99009)
INFO:root:Loss: 6009.2329 +/- 3.5906
INFO:root:Epoch no. 177 of 500 (samples: 99009)
INFO:root:Loss: 6009.6421 +/- 4.8309
INFO:root:Epoch no. 178 of 500 (samples: 99009)
INFO:root:Loss: 6009.3003 +/- 4.502
INFO:root:Epoch no. 179 of 500 (samples: 99009)
INFO:root:Loss: 6009.0046 +/- 4.9732
INFO:root:Epoch no. 180 of 500 (samples: 99009)
INFO:root:Loss: 6008.1664 +/- 4.0455
INFO:root:Epoch no. 181 of 500 (samples: 99009)
INFO:root:Loss: 6007.6743 +/- 3.6289
INFO:root:Epoch no. 182 of 500 (samples: 99009)
INFO:root:Loss: 6007.8101 +/- 3.8227
INFO:root:Epoch no. 183 of 500 (samples: 99009)
INFO:root:Loss: 6008.2413 +/- 3.5103
INFO:root:Epoch no. 184 of 500 (samples: 99009)
INFO:root:Loss: 6007.9177 +/- 3.8639
INFO:root:Epoch no. 185 of 500 (samples: 99009)
INFO:root:Loss: 6007.6287 +/- 2.8947
INFO:root:Epoch no. 186 of 500 (samples: 99009)
INFO:root:Loss: 6007.5433 +/- 3.128
INFO:root:Epoch no. 187 of 500 (samples: 99009)
INFO:root:Loss: 6008.3752 +/- 4.2948
INFO:root:Epoch no. 188 of 500 (samples: 99009)
INFO:root:Loss: 6007.7306 +/- 4.4641
INFO:root:Epoch no. 189 of 500 (samples: 99009)
INFO:root:Loss: 6007.4125 +/- 3.7431
INFO:root:Epoch no. 190 of 500 (samples: 99009)
INFO:root:Loss: 6007.6145 +/- 3.4828
INFO:root:Epoch no. 191 of 500 (samples: 99009)
INFO:root:Loss: 6007.4532 +/- 2.5698
INFO:root:Epoch no. 192 of 500 (samples: 99009)
INFO:root:Loss: 6007.0934 +/- 5.1399
INFO:root:Epoch no. 193 of 500 (samples: 99009)
INFO:root:Loss: 6006.6193 +/- 4.9519
INFO:root:Epoch no. 194 of 500 (samples: 99009)
INFO:root:Loss: 6006.9865 +/- 3.9578
INFO:root:Epoch no. 195 of 500 (samples: 99009)
INFO:root:Loss: 6005.7665 +/- 4.1096
INFO:root:Epoch no. 196 of 500 (samples: 99009)
INFO:root:Loss: 6006.9787 +/- 2.4608
INFO:root:Epoch no. 197 of 500 (samples: 99009)
INFO:root:Loss: 6006.2903 +/- 3.7803
INFO:root:Epoch no. 198 of 500 (samples: 99009)
INFO:root:Loss: 6006.5749 +/- 4.2415
INFO:root:Epoch no. 199 of 500 (samples: 99009)
INFO:root:Loss: 6006.7429 +/- 5.0182
INFO:root:Epoch no. 200 of 500 (samples: 99009)
INFO:root:Loss: 6006.5708 +/- 3.0439
INFO:root:Epoch no. 201 of 500 (samples: 99009)
INFO:root:Loss: 6006.0135 +/- 3.3115
INFO:root:Epoch no. 202 of 500 (samples: 99009)
INFO:root:Loss: 6005.7618 +/- 3.6619
INFO:root:Epoch no. 203 of 500 (samples: 99009)
INFO:root:Loss: 6006.4416 +/- 2.9263
INFO:root:Epoch no. 204 of 500 (samples: 99009)
INFO:root:Loss: 6006.1154 +/- 3.6901
INFO:root:Epoch no. 205 of 500 (samples: 99009)
INFO:root:Loss: 6005.978 +/- 4.0699
INFO:root:Epoch no. 206 of 500 (samples: 99009)
INFO:root:Loss: 6006.1636 +/- 2.3721
INFO:root:Epoch no. 207 of 500 (samples: 99009)
INFO:root:Loss: 6006.1549 +/- 3.0849
INFO:root:Epoch no. 208 of 500 (samples: 99009)
INFO:root:Loss: 6005.1852 +/- 3.9901
INFO:root:Epoch no. 209 of 500 (samples: 99009)
INFO:root:Loss: 6005.4349 +/- 2.9119
INFO:root:Epoch no. 210 of 500 (samples: 99009)
INFO:root:Loss: 6005.2892 +/- 4.6168
INFO:root:Epoch no. 211 of 500 (samples: 99009)
INFO:root:Loss: 6005.9338 +/- 5.081
INFO:root:Epoch no. 212 of 500 (samples: 99009)
INFO:root:Loss: 6004.862 +/- 3.6924
INFO:root:Epoch no. 213 of 500 (samples: 99009)
INFO:root:Loss: 6004.68 +/- 3.8369
INFO:root:Epoch no. 214 of 500 (samples: 99009)
INFO:root:Loss: 6004.9489 +/- 3.7546
INFO:root:Epoch no. 215 of 500 (samples: 99009)
INFO:root:Loss: 6005.2829 +/- 3.5352
INFO:root:Epoch no. 216 of 500 (samples: 99009)
INFO:root:Loss: 6004.6822 +/- 3.2662
INFO:root:Epoch no. 217 of 500 (samples: 99009)
INFO:root:Loss: 6003.8813 +/- 3.0585
INFO:root:Epoch no. 218 of 500 (samples: 99009)
INFO:root:Loss: 6004.8972 +/- 3.5847
INFO:root:Epoch no. 219 of 500 (samples: 99009)
INFO:root:Loss: 6003.9077 +/- 3.0045
INFO:root:Epoch no. 220 of 500 (samples: 99009)
INFO:root:Loss: 6003.9737 +/- 5.0523
INFO:root:Epoch no. 221 of 500 (samples: 99009)
INFO:root:Loss: 6004.7942 +/- 4.1299
INFO:root:Epoch no. 222 of 500 (samples: 99009)
INFO:root:Loss: 6005.0826 +/- 3.0378
INFO:root:Epoch no. 223 of 500 (samples: 99009)
INFO:root:Loss: 6003.8724 +/- 3.7837
INFO:root:Epoch no. 224 of 500 (samples: 99009)
INFO:root:Loss: 6004.1676 +/- 4.0327
INFO:root:Epoch no. 225 of 500 (samples: 99009)
INFO:root:Loss: 6004.0731 +/- 3.394
INFO:root:Epoch no. 226 of 500 (samples: 99009)
INFO:root:Loss: 6003.7188 +/- 4.6506
INFO:root:Epoch no. 227 of 500 (samples: 99009)
INFO:root:Loss: 6003.561 +/- 4.2096
INFO:root:Epoch no. 228 of 500 (samples: 99009)
INFO:root:Loss: 6003.4071 +/- 4.3007
INFO:root:Epoch no. 229 of 500 (samples: 99009)
INFO:root:Loss: 6004.0318 +/- 4.1843
INFO:root:Epoch no. 230 of 500 (samples: 99009)
INFO:root:Loss: 6003.4237 +/- 3.9672
INFO:root:Epoch no. 231 of 500 (samples: 99009)
INFO:root:Loss: 6003.3296 +/- 3.8421
INFO:root:Epoch no. 232 of 500 (samples: 99009)
INFO:root:Loss: 6003.0181 +/- 4.3388
INFO:root:Epoch no. 233 of 500 (samples: 99009)
INFO:root:Loss: 6003.9944 +/- 3.1686
INFO:root:Epoch no. 234 of 500 (samples: 99009)
INFO:root:Loss: 6003.8735 +/- 4.0926
INFO:root:Epoch no. 235 of 500 (samples: 99009)
INFO:root:Loss: 6002.5078 +/- 3.658
INFO:root:Epoch no. 236 of 500 (samples: 99009)
INFO:root:Loss: 6002.7608 +/- 3.0991
INFO:root:Epoch no. 237 of 500 (samples: 99009)
INFO:root:Loss: 6003.5952 +/- 4.5127
INFO:root:Epoch no. 238 of 500 (samples: 99009)
INFO:root:Loss: 6003.0566 +/- 3.3075
INFO:root:Epoch no. 239 of 500 (samples: 99009)
INFO:root:Loss: 6002.6639 +/- 3.4909
INFO:root:Epoch no. 240 of 500 (samples: 99009)
INFO:root:Loss: 6003.2594 +/- 2.9501
INFO:root:Epoch no. 241 of 500 (samples: 99009)
INFO:root:Loss: 6002.8143 +/- 3.8519
INFO:root:Epoch no. 242 of 500 (samples: 99009)
INFO:root:Loss: 6001.8902 +/- 3.3989
INFO:root:Epoch no. 243 of 500 (samples: 99009)
INFO:root:Loss: 6002.1887 +/- 3.967
INFO:root:Epoch no. 244 of 500 (samples: 99009)
INFO:root:Loss: 6002.1998 +/- 4.3213
INFO:root:Epoch no. 245 of 500 (samples: 99009)
INFO:root:Loss: 6002.5336 +/- 2.8145
INFO:root:Epoch no. 246 of 500 (samples: 99009)
INFO:root:Loss: 6002.2186 +/- 3.1683
INFO:root:Epoch no. 247 of 500 (samples: 99009)
INFO:root:Loss: 6002.3865 +/- 2.824
INFO:root:Epoch no. 248 of 500 (samples: 99009)
INFO:root:Loss: 6002.4598 +/- 3.9184
INFO:root:Epoch no. 249 of 500 (samples: 99009)
INFO:root:Loss: 6001.7827 +/- 3.3907
INFO:root:Epoch no. 250 of 500 (samples: 99009)
INFO:root:Loss: 6001.8231 +/- 3.6605
INFO:root:Epoch no. 251 of 500 (samples: 99009)
INFO:root:Loss: 6001.3339 +/- 3.0238
INFO:root:Epoch no. 252 of 500 (samples: 99009)
INFO:root:Loss: 6001.5294 +/- 3.0253
INFO:root:Epoch no. 253 of 500 (samples: 99009)
INFO:root:Loss: 6002.0201 +/- 3.1248
INFO:root:Epoch no. 254 of 500 (samples: 99009)
INFO:root:Loss: 6001.2724 +/- 3.9728
INFO:root:Epoch no. 255 of 500 (samples: 99009)
INFO:root:Loss: 6001.5383 +/- 3.0076
INFO:root:Epoch no. 256 of 500 (samples: 99009)
INFO:root:Loss: 6000.6468 +/- 2.5223
INFO:root:Epoch no. 257 of 500 (samples: 99009)
INFO:root:Loss: 6001.1513 +/- 3.773
INFO:root:Epoch no. 258 of 500 (samples: 99009)
INFO:root:Loss: 6000.7119 +/- 3.503
INFO:root:Epoch no. 259 of 500 (samples: 99009)
INFO:root:Loss: 6001.8446 +/- 3.6714
INFO:root:Epoch no. 260 of 500 (samples: 99009)
INFO:root:Loss: 6001.261 +/- 3.4298
INFO:root:Epoch no. 261 of 500 (samples: 99009)
INFO:root:Loss: 6001.148 +/- 3.3683
INFO:root:Epoch no. 262 of 500 (samples: 99009)
INFO:root:Loss: 6001.1829 +/- 4.0372
INFO:root:Epoch no. 263 of 500 (samples: 99009)
INFO:root:Loss: 6001.1972 +/- 3.0199
INFO:root:Epoch no. 264 of 500 (samples: 99009)
INFO:root:Loss: 6000.5353 +/- 2.7629
INFO:root:Epoch no. 265 of 500 (samples: 99009)
INFO:root:Loss: 6001.2765 +/- 3.7013
INFO:root:Epoch no. 266 of 500 (samples: 99009)
INFO:root:Loss: 6000.6463 +/- 3.7324
INFO:root:Epoch no. 267 of 500 (samples: 99009)
INFO:root:Loss: 6000.0415 +/- 4.4003
INFO:root:Epoch no. 268 of 500 (samples: 99009)
INFO:root:Loss: 6000.8443 +/- 3.633
INFO:root:Epoch no. 269 of 500 (samples: 99009)
INFO:root:Loss: 6000.2903 +/- 4.1593
INFO:root:Epoch no. 270 of 500 (samples: 99009)
INFO:root:Loss: 6000.8718 +/- 4.5354
INFO:root:Epoch no. 271 of 500 (samples: 99009)
INFO:root:Loss: 6000.0758 +/- 3.4849
INFO:root:Epoch no. 272 of 500 (samples: 99009)
INFO:root:Loss: 5999.5435 +/- 3.7752
INFO:root:Epoch no. 273 of 500 (samples: 99009)
INFO:root:Loss: 5999.6572 +/- 3.105
INFO:root:Epoch no. 274 of 500 (samples: 99009)
INFO:root:Loss: 6000.1799 +/- 3.5745
INFO:root:Epoch no. 275 of 500 (samples: 99009)
INFO:root:Loss: 6000.0936 +/- 2.6631
INFO:root:Epoch no. 276 of 500 (samples: 99009)
INFO:root:Loss: 5999.9799 +/- 3.3707
INFO:root:Epoch no. 277 of 500 (samples: 99009)
INFO:root:Loss: 5999.4695 +/- 3.7332
INFO:root:Epoch no. 278 of 500 (samples: 99009)
INFO:root:Loss: 5999.6346 +/- 4.1536
INFO:root:Epoch no. 279 of 500 (samples: 99009)
INFO:root:Loss: 5999.8418 +/- 4.3866
INFO:root:Epoch no. 280 of 500 (samples: 99009)
INFO:root:Loss: 5999.8208 +/- 3.7248
INFO:root:Epoch no. 281 of 500 (samples: 99009)
INFO:root:Loss: 5999.9357 +/- 2.3754
INFO:root:Epoch no. 282 of 500 (samples: 99009)
INFO:root:Loss: 5999.2843 +/- 2.8633
INFO:root:Epoch no. 283 of 500 (samples: 99009)
INFO:root:Loss: 5999.5569 +/- 2.9969
INFO:root:Epoch no. 284 of 500 (samples: 99009)
INFO:root:Loss: 5999.3181 +/- 4.7919
INFO:root:Epoch no. 285 of 500 (samples: 99009)
INFO:root:Loss: 5998.8848 +/- 4.2768
INFO:root:Epoch no. 286 of 500 (samples: 99009)
INFO:root:Loss: 5999.6402 +/- 3.8811
INFO:root:Epoch no. 287 of 500 (samples: 99009)
INFO:root:Loss: 5999.271 +/- 3.5974
INFO:root:Epoch no. 288 of 500 (samples: 99009)
INFO:root:Loss: 5999.735 +/- 4.3301
INFO:root:Epoch no. 289 of 500 (samples: 99009)
INFO:root:Loss: 5999.7135 +/- 3.6442
INFO:root:Epoch no. 290 of 500 (samples: 99009)
INFO:root:Loss: 5999.5294 +/- 3.2236
INFO:root:Epoch no. 291 of 500 (samples: 99009)
INFO:root:Loss: 5998.9024 +/- 3.3486
INFO:root:Epoch no. 292 of 500 (samples: 99009)
INFO:root:Loss: 5999.5488 +/- 4.0463
INFO:root:Epoch no. 293 of 500 (samples: 99009)
INFO:root:Loss: 5998.6521 +/- 3.0747
INFO:root:Epoch no. 294 of 500 (samples: 99009)
INFO:root:Loss: 5999.2432 +/- 3.8005
INFO:root:Epoch no. 295 of 500 (samples: 99009)
INFO:root:Loss: 5998.7821 +/- 2.9746
INFO:root:Epoch no. 296 of 500 (samples: 99009)
INFO:root:Loss: 5998.8261 +/- 3.2768
INFO:root:Epoch no. 297 of 500 (samples: 99009)
INFO:root:Loss: 5998.6292 +/- 3.1515
INFO:root:Epoch no. 298 of 500 (samples: 99009)
INFO:root:Loss: 5998.8733 +/- 2.4598
INFO:root:Epoch no. 299 of 500 (samples: 99009)
INFO:root:Loss: 5997.6364 +/- 2.5791
INFO:root:Epoch no. 300 of 500 (samples: 99009)
INFO:root:Loss: 5998.3174 +/- 2.2386
INFO:root:Epoch no. 301 of 500 (samples: 99009)
INFO:root:Loss: 5999.1809 +/- 3.7405
INFO:root:Epoch no. 302 of 500 (samples: 99009)
INFO:root:Loss: 5998.2232 +/- 3.941
INFO:root:Epoch no. 303 of 500 (samples: 99009)
INFO:root:Loss: 5997.5988 +/- 4.0508
INFO:root:Epoch no. 304 of 500 (samples: 99009)
INFO:root:Loss: 5998.6029 +/- 2.4847
INFO:root:Epoch no. 305 of 500 (samples: 99009)
INFO:root:Loss: 5998.8138 +/- 3.0338
INFO:root:Epoch no. 306 of 500 (samples: 99009)
INFO:root:Loss: 5998.612 +/- 3.6958
INFO:root:Epoch no. 307 of 500 (samples: 99009)
INFO:root:Loss: 5998.2869 +/- 3.6775
INFO:root:Epoch no. 308 of 500 (samples: 99009)
INFO:root:Loss: 5998.8505 +/- 3.671
INFO:root:Epoch no. 309 of 500 (samples: 99009)
INFO:root:Loss: 5997.5773 +/- 2.9732
INFO:root:Epoch no. 310 of 500 (samples: 99009)
INFO:root:Loss: 5998.3072 +/- 3.94
INFO:root:Epoch no. 311 of 500 (samples: 99009)
INFO:root:Loss: 5997.0409 +/- 3.2173
INFO:root:Epoch no. 312 of 500 (samples: 99009)
INFO:root:Loss: 5998.1813 +/- 2.7861
INFO:root:Epoch no. 313 of 500 (samples: 99009)
INFO:root:Loss: 5997.4236 +/- 4.8728
INFO:root:Epoch no. 314 of 500 (samples: 99009)
INFO:root:Loss: 5998.225 +/- 2.8811
INFO:root:Epoch no. 315 of 500 (samples: 99009)
INFO:root:Loss: 5997.6447 +/- 3.16
INFO:root:Epoch no. 316 of 500 (samples: 99009)
INFO:root:Loss: 5997.0002 +/- 2.6103
INFO:root:Epoch no. 317 of 500 (samples: 99009)
INFO:root:Loss: 5997.4725 +/- 2.5742
INFO:root:Epoch no. 318 of 500 (samples: 99009)
INFO:root:Loss: 5997.4942 +/- 3.5909
INFO:root:Epoch no. 319 of 500 (samples: 99009)
INFO:root:Loss: 5997.7309 +/- 2.1269
INFO:root:Epoch no. 320 of 500 (samples: 99009)
INFO:root:Loss: 5997.8671 +/- 2.6411
INFO:root:Epoch no. 321 of 500 (samples: 99009)
INFO:root:Loss: 5996.6179 +/- 2.9086
INFO:root:Epoch no. 322 of 500 (samples: 99009)
INFO:root:Loss: 5997.7149 +/- 3.4881
INFO:root:Epoch no. 323 of 500 (samples: 99009)
INFO:root:Loss: 5997.4292 +/- 2.3137
INFO:root:Epoch no. 324 of 500 (samples: 99009)
INFO:root:Loss: 5997.3236 +/- 2.371
INFO:root:Epoch no. 325 of 500 (samples: 99009)
INFO:root:Loss: 5996.7836 +/- 2.4397
INFO:root:Epoch no. 326 of 500 (samples: 99009)
INFO:root:Loss: 5997.8959 +/- 3.3154
INFO:root:Epoch no. 327 of 500 (samples: 99009)
INFO:root:Loss: 5997.3682 +/- 3.4854
INFO:root:Epoch no. 328 of 500 (samples: 99009)
INFO:root:Loss: 5996.5846 +/- 2.7945
INFO:root:Epoch no. 329 of 500 (samples: 99009)
INFO:root:Loss: 5996.6982 +/- 3.9337
INFO:root:Epoch no. 330 of 500 (samples: 99009)
INFO:root:Loss: 5997.7318 +/- 4.9678
INFO:root:Epoch no. 331 of 500 (samples: 99009)
INFO:root:Loss: 5997.9495 +/- 3.0515
INFO:root:Epoch no. 332 of 500 (samples: 99009)
INFO:root:Loss: 5997.0545 +/- 4.9482
INFO:root:Epoch no. 333 of 500 (samples: 99009)
INFO:root:Loss: 5997.1849 +/- 3.653
INFO:root:Epoch no. 334 of 500 (samples: 99009)
INFO:root:Loss: 5997.064 +/- 2.7207
INFO:root:Epoch no. 335 of 500 (samples: 99009)
INFO:root:Loss: 5996.5996 +/- 2.5542
INFO:root:Epoch no. 336 of 500 (samples: 99009)
INFO:root:Loss: 5997.3048 +/- 2.8516
INFO:root:Epoch no. 337 of 500 (samples: 99009)
INFO:root:Loss: 5996.1007 +/- 3.6075
INFO:root:Epoch no. 338 of 500 (samples: 99009)
INFO:root:Loss: 5996.2344 +/- 3.5193
INFO:root:Epoch no. 339 of 500 (samples: 99009)
INFO:root:Loss: 5997.1167 +/- 3.6391
INFO:root:Epoch no. 340 of 500 (samples: 99009)
INFO:root:Loss: 5996.5067 +/- 3.2978
INFO:root:Epoch no. 341 of 500 (samples: 99009)
INFO:root:Loss: 5996.4913 +/- 4.4955
INFO:root:Epoch no. 342 of 500 (samples: 99009)
INFO:root:Loss: 5996.9973 +/- 3.4511
INFO:root:Epoch no. 343 of 500 (samples: 99009)
INFO:root:Loss: 5997.0729 +/- 2.4428
INFO:root:Epoch no. 344 of 500 (samples: 99009)
INFO:root:Loss: 5996.6679 +/- 4.2225
INFO:root:Epoch no. 345 of 500 (samples: 99009)
INFO:root:Loss: 5996.4676 +/- 3.0458
INFO:root:Epoch no. 346 of 500 (samples: 99009)
INFO:root:Loss: 5995.8056 +/- 3.19
INFO:root:Epoch no. 347 of 500 (samples: 99009)
INFO:root:Loss: 5995.7362 +/- 3.6022
INFO:root:Epoch no. 348 of 500 (samples: 99009)
INFO:root:Loss: 5995.2574 +/- 2.8424
INFO:root:Epoch no. 349 of 500 (samples: 99009)
INFO:root:Loss: 5995.858 +/- 2.3813
INFO:root:Epoch no. 350 of 500 (samples: 99009)
INFO:root:Loss: 5995.8016 +/- 3.296
INFO:root:Epoch no. 351 of 500 (samples: 99009)
INFO:root:Loss: 5996.5438 +/- 3.8834
INFO:root:Epoch no. 352 of 500 (samples: 99009)
INFO:root:Loss: 5996.0663 +/- 2.922
INFO:root:Epoch no. 353 of 500 (samples: 99009)
INFO:root:Loss: 5995.6389 +/- 2.9914
INFO:root:Epoch no. 354 of 500 (samples: 99009)
INFO:root:Loss: 5996.1556 +/- 2.5669
INFO:root:Epoch no. 355 of 500 (samples: 99009)
INFO:root:Loss: 5996.3458 +/- 2.7485
INFO:root:Epoch no. 356 of 500 (samples: 99009)
INFO:root:Loss: 5996.4232 +/- 3.2903
INFO:root:Epoch no. 357 of 500 (samples: 99009)
INFO:root:Loss: 5995.6126 +/- 3.087
INFO:root:Epoch no. 358 of 500 (samples: 99009)
INFO:root:Loss: 5996.1913 +/- 4.0587
INFO:root:Epoch no. 359 of 500 (samples: 99009)
INFO:root:Loss: 5996.1305 +/- 2.8579
INFO:root:Epoch no. 360 of 500 (samples: 99009)
INFO:root:Loss: 5995.619 +/- 2.9116
INFO:root:Epoch no. 361 of 500 (samples: 99009)
INFO:root:Loss: 5995.9125 +/- 3.8741
INFO:root:Epoch no. 362 of 500 (samples: 99009)
INFO:root:Loss: 5995.6407 +/- 3.4323
INFO:root:Epoch no. 363 of 500 (samples: 99009)
INFO:root:Loss: 5995.9316 +/- 3.1519
INFO:root:Epoch no. 364 of 500 (samples: 99009)
INFO:root:Loss: 5995.8911 +/- 3.2898
INFO:root:Epoch no. 365 of 500 (samples: 99009)
INFO:root:Loss: 5995.47 +/- 3.9178
INFO:root:Epoch no. 366 of 500 (samples: 99009)
INFO:root:Loss: 5995.0888 +/- 2.0475
INFO:root:Epoch no. 367 of 500 (samples: 99009)
INFO:root:Loss: 5995.4584 +/- 3.5118
INFO:root:Epoch no. 368 of 500 (samples: 99009)
INFO:root:Loss: 5995.6165 +/- 2.7363
INFO:root:Epoch no. 369 of 500 (samples: 99009)
INFO:root:Loss: 5995.5717 +/- 4.4321
INFO:root:Epoch no. 370 of 500 (samples: 99009)
INFO:root:Loss: 5995.6575 +/- 1.4334
INFO:root:Epoch no. 371 of 500 (samples: 99009)
INFO:root:Loss: 5995.6376 +/- 2.0775
INFO:root:Epoch no. 372 of 500 (samples: 99009)
INFO:root:Loss: 5995.4222 +/- 2.6858
INFO:root:Epoch no. 373 of 500 (samples: 99009)
INFO:root:Loss: 5994.6117 +/- 3.6508
INFO:root:Epoch no. 374 of 500 (samples: 99009)
INFO:root:Loss: 5995.1889 +/- 4.0401
INFO:root:Epoch no. 375 of 500 (samples: 99009)
INFO:root:Loss: 5994.9901 +/- 3.5545
INFO:root:Epoch no. 376 of 500 (samples: 99009)
INFO:root:Loss: 5995.2491 +/- 3.7425
INFO:root:Epoch no. 377 of 500 (samples: 99009)
INFO:root:Loss: 5994.8503 +/- 3.2054
INFO:root:Epoch no. 378 of 500 (samples: 99009)
INFO:root:Loss: 5995.4589 +/- 2.4704
INFO:root:Epoch no. 379 of 500 (samples: 99009)
INFO:root:Loss: 5994.7792 +/- 2.5953
INFO:root:Epoch no. 380 of 500 (samples: 99009)
INFO:root:Loss: 5994.3993 +/- 2.647
INFO:root:Epoch no. 381 of 500 (samples: 99009)
INFO:root:Loss: 5994.6959 +/- 2.9616
INFO:root:Epoch no. 382 of 500 (samples: 99009)
INFO:root:Loss: 5994.5962 +/- 3.2866
INFO:root:Epoch no. 383 of 500 (samples: 99009)
INFO:root:Loss: 5995.006 +/- 2.5663
INFO:root:Epoch no. 384 of 500 (samples: 99009)
INFO:root:Loss: 5994.4711 +/- 3.9136
INFO:root:Epoch no. 385 of 500 (samples: 99009)
INFO:root:Loss: 5994.7192 +/- 3.0003
INFO:root:Epoch no. 386 of 500 (samples: 99009)
INFO:root:Loss: 5994.4794 +/- 2.3139
INFO:root:Epoch no. 387 of 500 (samples: 99009)
INFO:root:Loss: 5995.4228 +/- 2.8631
INFO:root:Epoch no. 388 of 500 (samples: 99009)
INFO:root:Loss: 5994.4648 +/- 2.1334
INFO:root:Epoch no. 389 of 500 (samples: 99009)
INFO:root:Loss: 5994.234 +/- 4.3714
INFO:root:Epoch no. 390 of 500 (samples: 99009)
INFO:root:Loss: 5995.1369 +/- 3.6539
INFO:root:Epoch no. 391 of 500 (samples: 99009)
INFO:root:Loss: 5994.5551 +/- 3.174
INFO:root:Epoch no. 392 of 500 (samples: 99009)
INFO:root:Loss: 5994.0219 +/- 2.4478
INFO:root:Epoch no. 393 of 500 (samples: 99009)
INFO:root:Loss: 5994.023 +/- 3.5053
INFO:root:Epoch no. 394 of 500 (samples: 99009)
INFO:root:Loss: 5994.4876 +/- 2.9829
INFO:root:Epoch no. 395 of 500 (samples: 99009)
INFO:root:Loss: 5994.3297 +/- 3.2368
INFO:root:Epoch no. 396 of 500 (samples: 99009)
INFO:root:Loss: 5994.2642 +/- 3.1514
INFO:root:Epoch no. 397 of 500 (samples: 99009)
INFO:root:Loss: 5994.2097 +/- 2.8968
INFO:root:Epoch no. 398 of 500 (samples: 99009)
INFO:root:Loss: 5994.1092 +/- 3.2794
INFO:root:Epoch no. 399 of 500 (samples: 99009)
INFO:root:Loss: 5994.2135 +/- 3.407
INFO:root:Epoch no. 400 of 500 (samples: 99009)
INFO:root:Loss: 5993.6594 +/- 2.5234
INFO:root:Epoch no. 401 of 500 (samples: 99009)
INFO:root:Loss: 5993.9686 +/- 3.8046
INFO:root:Epoch no. 402 of 500 (samples: 99009)
INFO:root:Loss: 5993.9834 +/- 2.6491
INFO:root:Epoch no. 403 of 500 (samples: 99009)
INFO:root:Loss: 5994.6361 +/- 3.3049
INFO:root:Epoch no. 404 of 500 (samples: 99009)
INFO:root:Loss: 5994.0916 +/- 3.1793
INFO:root:Epoch no. 405 of 500 (samples: 99009)
INFO:root:Loss: 5993.5392 +/- 2.935
INFO:root:Epoch no. 406 of 500 (samples: 99009)
INFO:root:Loss: 5993.8479 +/- 2.726
INFO:root:Epoch no. 407 of 500 (samples: 99009)
INFO:root:Loss: 5993.445 +/- 2.8767
INFO:root:Epoch no. 408 of 500 (samples: 99009)
INFO:root:Loss: 5993.5445 +/- 5.842
INFO:root:Epoch no. 409 of 500 (samples: 99009)
INFO:root:Loss: 5994.3325 +/- 3.9434
INFO:root:Epoch no. 410 of 500 (samples: 99009)
INFO:root:Loss: 5994.2099 +/- 3.7454
INFO:root:Epoch no. 411 of 500 (samples: 99009)
INFO:root:Loss: 5992.8777 +/- 3.4882
INFO:root:Epoch no. 412 of 500 (samples: 99009)
INFO:root:Loss: 5993.7281 +/- 3.2779
INFO:root:Epoch no. 413 of 500 (samples: 99009)
INFO:root:Loss: 5993.8185 +/- 3.4118
INFO:root:Epoch no. 414 of 500 (samples: 99009)
INFO:root:Loss: 5993.7511 +/- 2.651
INFO:root:Epoch no. 415 of 500 (samples: 99009)
INFO:root:Loss: 5993.7218 +/- 3.8766
INFO:root:Epoch no. 416 of 500 (samples: 99009)
INFO:root:Loss: 5992.9692 +/- 2.5543
INFO:root:Epoch no. 417 of 500 (samples: 99009)
INFO:root:Loss: 5992.6827 +/- 3.7968
INFO:root:Epoch no. 418 of 500 (samples: 99009)
INFO:root:Loss: 5993.976 +/- 3.7947
INFO:root:Epoch no. 419 of 500 (samples: 99009)
INFO:root:Loss: 5993.7888 +/- 3.2135
INFO:root:Epoch no. 420 of 500 (samples: 99009)
INFO:root:Loss: 5993.8566 +/- 2.2403
INFO:root:Epoch no. 421 of 500 (samples: 99009)
INFO:root:Loss: 5993.3312 +/- 2.1015
INFO:root:Epoch no. 422 of 500 (samples: 99009)
INFO:root:Loss: 5993.9234 +/- 3.5136
INFO:root:Epoch no. 423 of 500 (samples: 99009)
INFO:root:Loss: 5993.567 +/- 2.8107
INFO:root:Epoch no. 424 of 500 (samples: 99009)
INFO:root:Loss: 5993.434 +/- 2.7482
INFO:root:Epoch no. 425 of 500 (samples: 99009)
INFO:root:Loss: 5993.0751 +/- 2.9981
INFO:root:Epoch no. 426 of 500 (samples: 99009)
INFO:root:Loss: 5993.2473 +/- 3.3798
INFO:root:Epoch no. 427 of 500 (samples: 99009)
INFO:root:Loss: 5993.6458 +/- 4.2376
INFO:root:Epoch no. 428 of 500 (samples: 99009)
INFO:root:Loss: 5992.7513 +/- 4.2787
INFO:root:Epoch no. 429 of 500 (samples: 99009)
INFO:root:Loss: 5993.5136 +/- 4.0657
INFO:root:Epoch no. 430 of 500 (samples: 99009)
INFO:root:Loss: 5993.0963 +/- 3.6043
INFO:root:Epoch no. 431 of 500 (samples: 99009)
INFO:root:Loss: 5993.3183 +/- 3.0775
INFO:root:Epoch no. 432 of 500 (samples: 99009)
INFO:root:Loss: 5993.1974 +/- 4.0359
INFO:root:Epoch no. 433 of 500 (samples: 99009)
INFO:root:Loss: 5993.2891 +/- 3.1979
INFO:root:Epoch no. 434 of 500 (samples: 99009)
INFO:root:Loss: 5992.5215 +/- 3.1857
INFO:root:Epoch no. 435 of 500 (samples: 99009)
INFO:root:Loss: 5992.9046 +/- 2.6819
INFO:root:Epoch no. 436 of 500 (samples: 99009)
INFO:root:Loss: 5993.054 +/- 3.5439
INFO:root:Epoch no. 437 of 500 (samples: 99009)
INFO:root:Loss: 5992.6668 +/- 3.9713
INFO:root:Epoch no. 438 of 500 (samples: 99009)
INFO:root:Loss: 5993.2523 +/- 3.2274
INFO:root:Epoch no. 439 of 500 (samples: 99009)
INFO:root:Loss: 5993.1825 +/- 2.4834
INFO:root:Epoch no. 440 of 500 (samples: 99009)
INFO:root:Loss: 5992.8523 +/- 2.8402
INFO:root:Epoch no. 441 of 500 (samples: 99009)
INFO:root:Loss: 5992.7758 +/- 3.96
INFO:root:Epoch no. 442 of 500 (samples: 99009)
INFO:root:Loss: 5992.2286 +/- 3.8407
INFO:root:Epoch no. 443 of 500 (samples: 99009)
INFO:root:Loss: 5993.1053 +/- 2.013
INFO:root:Epoch no. 444 of 500 (samples: 99009)
INFO:root:Loss: 5992.2768 +/- 4.1066
INFO:root:Epoch no. 445 of 500 (samples: 99009)
INFO:root:Loss: 5992.6763 +/- 3.6157
INFO:root:Epoch no. 446 of 500 (samples: 99009)
INFO:root:Loss: 5992.6658 +/- 3.6553
INFO:root:Epoch no. 447 of 500 (samples: 99009)
INFO:root:Loss: 5992.4096 +/- 2.8339
INFO:root:Epoch no. 448 of 500 (samples: 99009)
INFO:root:Loss: 5992.6935 +/- 4.2601
INFO:root:Epoch no. 449 of 500 (samples: 99009)
INFO:root:Loss: 5991.5758 +/- 3.6858
INFO:root:Epoch no. 450 of 500 (samples: 99009)
INFO:root:Loss: 5992.0577 +/- 2.3195
INFO:root:Epoch no. 451 of 500 (samples: 99009)
INFO:root:Loss: 5992.3316 +/- 3.3073
INFO:root:Epoch no. 452 of 500 (samples: 99009)
INFO:root:Loss: 5992.999 +/- 5.5938
INFO:root:Epoch no. 453 of 500 (samples: 99009)
INFO:root:Loss: 5992.6146 +/- 2.4385
INFO:root:Epoch no. 454 of 500 (samples: 99009)
INFO:root:Loss: 5992.1712 +/- 1.8977
INFO:root:Epoch no. 455 of 500 (samples: 99009)
INFO:root:Loss: 5992.6079 +/- 3.6082
INFO:root:Epoch no. 456 of 500 (samples: 99009)
INFO:root:Loss: 5992.1059 +/- 2.4205
INFO:root:Epoch no. 457 of 500 (samples: 99009)
INFO:root:Loss: 5992.3804 +/- 4.0104
INFO:root:Epoch no. 458 of 500 (samples: 99009)
INFO:root:Loss: 5992.0419 +/- 2.0421
INFO:root:Epoch no. 459 of 500 (samples: 99009)
INFO:root:Loss: 5992.4364 +/- 3.3743
INFO:root:Epoch no. 460 of 500 (samples: 99009)
INFO:root:Loss: 5991.7646 +/- 3.7199
INFO:root:Epoch no. 461 of 500 (samples: 99009)
INFO:root:Loss: 5992.7373 +/- 3.6552
INFO:root:Epoch no. 462 of 500 (samples: 99009)
INFO:root:Loss: 5991.6607 +/- 2.4125
INFO:root:Epoch no. 463 of 500 (samples: 99009)
INFO:root:Loss: 5992.8768 +/- 2.6239
INFO:root:Epoch no. 464 of 500 (samples: 99009)
INFO:root:Loss: 5992.5468 +/- 1.3441
INFO:root:Epoch no. 465 of 500 (samples: 99009)
INFO:root:Loss: 5992.4244 +/- 3.0603
INFO:root:Epoch no. 466 of 500 (samples: 99009)
INFO:root:Loss: 5991.8087 +/- 4.4819
INFO:root:Epoch no. 467 of 500 (samples: 99009)
INFO:root:Loss: 5993.0105 +/- 3.3081
INFO:root:Epoch no. 468 of 500 (samples: 99009)
INFO:root:Loss: 5992.3325 +/- 2.2351
INFO:root:Epoch no. 469 of 500 (samples: 99009)
INFO:root:Loss: 5992.1819 +/- 3.8027
INFO:root:Epoch no. 470 of 500 (samples: 99009)
INFO:root:Loss: 5991.6625 +/- 3.0639
INFO:root:Epoch no. 471 of 500 (samples: 99009)
INFO:root:Loss: 5992.2987 +/- 2.7988
INFO:root:Epoch no. 472 of 500 (samples: 99009)
INFO:root:Loss: 5991.7038 +/- 3.4351
INFO:root:Epoch no. 473 of 500 (samples: 99009)
INFO:root:Loss: 5992.4011 +/- 2.0212
INFO:root:Epoch no. 474 of 500 (samples: 99009)
INFO:root:Loss: 5992.4294 +/- 2.4475
INFO:root:Epoch no. 475 of 500 (samples: 99009)
INFO:root:Loss: 5991.7942 +/- 4.1363
INFO:root:Epoch no. 476 of 500 (samples: 99009)
INFO:root:Loss: 5991.7964 +/- 2.7664
INFO:root:Epoch no. 477 of 500 (samples: 99009)
INFO:root:Loss: 5991.1497 +/- 2.743
INFO:root:Epoch no. 478 of 500 (samples: 99009)
INFO:root:Loss: 5991.7553 +/- 2.7267
INFO:root:Epoch no. 479 of 500 (samples: 99009)
INFO:root:Loss: 5991.69 +/- 2.4271
INFO:root:Epoch no. 480 of 500 (samples: 99009)
INFO:root:Loss: 5991.5731 +/- 3.2925
INFO:root:Epoch no. 481 of 500 (samples: 99009)
INFO:root:Loss: 5990.8216 +/- 3.3502
INFO:root:Epoch no. 482 of 500 (samples: 99009)
INFO:root:Loss: 5992.0282 +/- 2.6526
INFO:root:Epoch no. 483 of 500 (samples: 99009)
INFO:root:Loss: 5991.2476 +/- 2.4754
INFO:root:Epoch no. 484 of 500 (samples: 99009)
INFO:root:Loss: 5991.4307 +/- 3.0657
INFO:root:Epoch no. 485 of 500 (samples: 99009)
INFO:root:Loss: 5991.584 +/- 2.7311
INFO:root:Epoch no. 486 of 500 (samples: 99009)
INFO:root:Loss: 5991.3946 +/- 2.8827
INFO:root:Epoch no. 487 of 500 (samples: 99009)
INFO:root:Loss: 5991.652 +/- 2.3243
INFO:root:Epoch no. 488 of 500 (samples: 99009)
INFO:root:Loss: 5991.074 +/- 3.1535
INFO:root:Epoch no. 489 of 500 (samples: 99009)
INFO:root:Loss: 5991.8126 +/- 2.3437
INFO:root:Epoch no. 490 of 500 (samples: 99009)
INFO:root:Loss: 5991.5378 +/- 2.4792
INFO:root:Epoch no. 491 of 500 (samples: 99009)
INFO:root:Loss: 5991.0122 +/- 2.87
INFO:root:Epoch no. 492 of 500 (samples: 99009)
INFO:root:Loss: 5990.9003 +/- 2.872
INFO:root:Epoch no. 493 of 500 (samples: 99009)
INFO:root:Loss: 5991.5941 +/- 2.7063
INFO:root:Epoch no. 494 of 500 (samples: 99009)
INFO:root:Loss: 5991.0669 +/- 4.2584
INFO:root:Epoch no. 495 of 500 (samples: 99009)
INFO:root:Loss: 5991.3024 +/- 3.0301
INFO:root:Epoch no. 496 of 500 (samples: 99009)
INFO:root:Loss: 5991.8916 +/- 2.3447
INFO:root:Epoch no. 497 of 500 (samples: 99009)
INFO:root:Loss: 5990.8706 +/- 2.3976
INFO:root:Epoch no. 498 of 500 (samples: 99009)
INFO:root:Loss: 5990.9127 +/- 1.873
INFO:root:Epoch no. 499 of 500 (samples: 99009)
INFO:root:Loss: 5990.7256 +/- 3.4397
INFO:root:Epoch no. 500 of 500 (samples: 99009)
INFO:root:Loss: 5990.5748 +/- 2.9925
/usr/local/lib/python3.5/dist-packages/keras/backend/theano_backend.py:527: UserWarning: theano.function was asked to create a function computing outputs given certain inputs, but the provided input variable at index 2 is not part of the computational graph needed to compute the outputs: keras_learning_phase.
To make this warning into an error, you can pass the parameter on_unused_input='raise' to theano.function. To disable it completely, use on_unused_input='ignore'.
  **kwargs)
INFO:root:### MICRO (validation raw):
INFO:root:	-- left   >> mean: 2224.5468, median: 78.0, mrr: 0.098, hits@1: 1.28%
INFO:root:	-- right  >> mean: 2236.8476, median: 83.0, mrr: 0.097, hits@1: 1.3%
INFO:root:	-- global >> mean: 2230.6972, median: 80.0, mrr: 0.097, hits@1: 1.29%
INFO:root:### MICRO (validation raw):
INFO:root:	-- left   >> mean: 2224.5468, median: 78.0, mrr: 0.098, hits@3: 12.48%
INFO:root:	-- right  >> mean: 2236.8476, median: 83.0, mrr: 0.097, hits@3: 12.46%
INFO:root:	-- global >> mean: 2230.6972, median: 80.0, mrr: 0.097, hits@3: 12.47%
INFO:root:### MICRO (validation raw):
INFO:root:	-- left   >> mean: 2224.5468, median: 78.0, mrr: 0.098, hits@5: 18.98%
INFO:root:	-- right  >> mean: 2236.8476, median: 83.0, mrr: 0.097, hits@5: 18.96%
INFO:root:	-- global >> mean: 2230.6972, median: 80.0, mrr: 0.097, hits@5: 18.97%
INFO:root:### MICRO (validation raw):
INFO:root:	-- left   >> mean: 2224.5468, median: 78.0, mrr: 0.098, hits@10: 27.28%
INFO:root:	-- right  >> mean: 2236.8476, median: 83.0, mrr: 0.097, hits@10: 27.16%
INFO:root:	-- global >> mean: 2230.6972, median: 80.0, mrr: 0.097, hits@10: 27.22%
INFO:root:### MICRO (validation filtered):
INFO:root:	-- left   >> mean: 2216.7516, median: 71.5, mrr: 0.108, hits@1: 1.5%
INFO:root:	-- right  >> mean: 2228.5956, median: 75.0, mrr: 0.108, hits@1: 1.52%
INFO:root:	-- global >> mean: 2222.6736, median: 73.0, mrr: 0.108, hits@1: 1.51%
INFO:root:### MICRO (validation filtered):
INFO:root:	-- left   >> mean: 2216.7516, median: 71.5, mrr: 0.108, hits@3: 14.6%
INFO:root:	-- right  >> mean: 2228.5956, median: 75.0, mrr: 0.108, hits@3: 14.82%
INFO:root:	-- global >> mean: 2222.6736, median: 73.0, mrr: 0.108, hits@3: 14.71%
INFO:root:### MICRO (validation filtered):
INFO:root:	-- left   >> mean: 2216.7516, median: 71.5, mrr: 0.108, hits@5: 20.96%
INFO:root:	-- right  >> mean: 2228.5956, median: 75.0, mrr: 0.108, hits@5: 20.92%
INFO:root:	-- global >> mean: 2222.6736, median: 73.0, mrr: 0.108, hits@5: 20.94%
INFO:root:### MICRO (validation filtered):
INFO:root:	-- left   >> mean: 2216.7516, median: 71.5, mrr: 0.108, hits@10: 28.9%
INFO:root:	-- right  >> mean: 2228.5956, median: 75.0, mrr: 0.108, hits@10: 28.88%
INFO:root:	-- global >> mean: 2222.6736, median: 73.0, mrr: 0.108, hits@10: 28.89%
INFO:root:### MICRO (test raw):
INFO:root:	-- left   >> mean: 2051.9192, median: 74.0, mrr: 0.098, hits@1: 1.14%
INFO:root:	-- right  >> mean: 2046.584, median: 69.0, mrr: 0.099, hits@1: 0.98%
INFO:root:	-- global >> mean: 2049.2516, median: 71.0, mrr: 0.099, hits@1: 1.06%
INFO:root:### MICRO (test raw):
INFO:root:	-- left   >> mean: 2051.9192, median: 74.0, mrr: 0.098, hits@3: 12.72%
INFO:root:	-- right  >> mean: 2046.584, median: 69.0, mrr: 0.099, hits@3: 13.14%
INFO:root:	-- global >> mean: 2049.2516, median: 71.0, mrr: 0.099, hits@3: 12.93%
INFO:root:### MICRO (test raw):
INFO:root:	-- left   >> mean: 2051.9192, median: 74.0, mrr: 0.098, hits@5: 19.0%
INFO:root:	-- right  >> mean: 2046.584, median: 69.0, mrr: 0.099, hits@5: 19.74%
INFO:root:	-- global >> mean: 2049.2516, median: 71.0, mrr: 0.099, hits@5: 19.37%
INFO:root:### MICRO (test raw):
INFO:root:	-- left   >> mean: 2051.9192, median: 74.0, mrr: 0.098, hits@10: 27.6%
INFO:root:	-- right  >> mean: 2046.584, median: 69.0, mrr: 0.099, hits@10: 27.92%
INFO:root:	-- global >> mean: 2049.2516, median: 71.0, mrr: 0.099, hits@10: 27.76%
INFO:root:### MICRO (test filtered):
INFO:root:	-- left   >> mean: 2043.7004, median: 68.0, mrr: 0.109, hits@1: 1.34%
INFO:root:	-- right  >> mean: 2039.0982, median: 63.0, mrr: 0.109, hits@1: 1.18%
INFO:root:	-- global >> mean: 2041.3993, median: 65.0, mrr: 0.109, hits@1: 1.26%
INFO:root:### MICRO (test filtered):
INFO:root:	-- left   >> mean: 2043.7004, median: 68.0, mrr: 0.109, hits@3: 14.9%
INFO:root:	-- right  >> mean: 2039.0982, median: 63.0, mrr: 0.109, hits@3: 15.16%
INFO:root:	-- global >> mean: 2041.3993, median: 65.0, mrr: 0.109, hits@3: 15.03%
INFO:root:### MICRO (test filtered):
INFO:root:	-- left   >> mean: 2043.7004, median: 68.0, mrr: 0.109, hits@5: 21.02%
INFO:root:	-- right  >> mean: 2039.0982, median: 63.0, mrr: 0.109, hits@5: 21.76%
INFO:root:	-- global >> mean: 2041.3993, median: 65.0, mrr: 0.109, hits@5: 21.39%
INFO:root:### MICRO (test filtered):
INFO:root:	-- left   >> mean: 2043.7004, median: 68.0, mrr: 0.109, hits@10: 29.34%
INFO:root:	-- right  >> mean: 2039.0982, median: 63.0, mrr: 0.109, hits@10: 29.72%
INFO:root:	-- global >> mean: 2041.3993, median: 65.0, mrr: 0.109, hits@10: 29.53%
