Using Theano backend.
Using gpu device 0: GeForce GTX TITAN X (CNMeM is disabled, cuDNN not available)
INFO:root:Acquiring data/wn18/wordnet-mlj12-train.txt ..
INFO:root:Acquiring data/wn18/wordnet-mlj12-valid.txt ..
INFO:root:Acquiring data/wn18/wordnet-mlj12-test.txt ..
INFO:root:[Rules] Adding Head: 15, Tail: [(10, True)]
INFO:root:[Rules] Adding Head: 12, Tail: [(17, True)]
INFO:root:[Rules] Adding Head: 4, Tail: [(5, True)]
INFO:root:[Rules] Adding Head: 13, Tail: [(3, True)]
INFO:root:[Rules] Adding Head: 5, Tail: [(4, True)]
INFO:root:[Rules] Adding Head: 16, Tail: [(11, True)]
INFO:root:[Rules] Adding Head: 17, Tail: [(12, True)]
INFO:root:[Rules] Adding Head: 11, Tail: [(16, True)]
INFO:root:[Rules] Adding Head: 8, Tail: [(9, True)]
INFO:root:[Rules] Adding Head: 2, Tail: [(2, True)]
INFO:root:Samples: 99009, no. batches: 10 -> batch size: 9901
INFO:root:Epoch no. 1 of 500 (samples: 99009)
INFO:root:Loss: 3294.3813 +/- 67.033
INFO:root:Epoch no. 2 of 500 (samples: 99009)
INFO:root:Loss: 3107.532 +/- 5.196
INFO:root:Epoch no. 3 of 500 (samples: 99009)
INFO:root:Loss: 3019.9821 +/- 10.0402
INFO:root:Epoch no. 4 of 500 (samples: 99009)
INFO:root:Loss: 2967.1817 +/- 11.1828
INFO:root:Epoch no. 5 of 500 (samples: 99009)
INFO:root:Loss: 2924.5434 +/- 10.6439
INFO:root:Epoch no. 6 of 500 (samples: 99009)
INFO:root:Loss: 2888.5848 +/- 10.9578
INFO:root:Epoch no. 7 of 500 (samples: 99009)
INFO:root:Loss: 2859.3877 +/- 10.2585
INFO:root:Epoch no. 8 of 500 (samples: 99009)
INFO:root:Loss: 2834.5665 +/- 11.5757
INFO:root:Epoch no. 9 of 500 (samples: 99009)
INFO:root:Loss: 2814.7406 +/- 10.9691
INFO:root:Epoch no. 10 of 500 (samples: 99009)
INFO:root:Loss: 2795.5458 +/- 10.5794
INFO:root:Epoch no. 11 of 500 (samples: 99009)
INFO:root:Loss: 2780.4304 +/- 11.2926
INFO:root:Epoch no. 12 of 500 (samples: 99009)
INFO:root:Loss: 2767.8451 +/- 11.4901
INFO:root:Epoch no. 13 of 500 (samples: 99009)
INFO:root:Loss: 2756.061 +/- 10.6263
INFO:root:Epoch no. 14 of 500 (samples: 99009)
INFO:root:Loss: 2746.8429 +/- 10.116
INFO:root:Epoch no. 15 of 500 (samples: 99009)
INFO:root:Loss: 2738.2863 +/- 9.0877
INFO:root:Epoch no. 16 of 500 (samples: 99009)
INFO:root:Loss: 2730.9474 +/- 10.1901
INFO:root:Epoch no. 17 of 500 (samples: 99009)
INFO:root:Loss: 2723.68 +/- 11.1592
INFO:root:Epoch no. 18 of 500 (samples: 99009)
INFO:root:Loss: 2717.3205 +/- 9.2267
INFO:root:Epoch no. 19 of 500 (samples: 99009)
INFO:root:Loss: 2711.6465 +/- 8.7122
INFO:root:Epoch no. 20 of 500 (samples: 99009)
INFO:root:Loss: 2706.8926 +/- 9.1487
INFO:root:Epoch no. 21 of 500 (samples: 99009)
INFO:root:Loss: 2702.3349 +/- 7.82
INFO:root:Epoch no. 22 of 500 (samples: 99009)
INFO:root:Loss: 2697.6054 +/- 7.6903
INFO:root:Epoch no. 23 of 500 (samples: 99009)
INFO:root:Loss: 2694.3669 +/- 8.0907
INFO:root:Epoch no. 24 of 500 (samples: 99009)
INFO:root:Loss: 2690.7835 +/- 8.5251
INFO:root:Epoch no. 25 of 500 (samples: 99009)
INFO:root:Loss: 2687.454 +/- 8.1666
INFO:root:Epoch no. 26 of 500 (samples: 99009)
INFO:root:Loss: 2684.5836 +/- 7.5013
INFO:root:Epoch no. 27 of 500 (samples: 99009)
INFO:root:Loss: 2680.6455 +/- 7.9368
INFO:root:Epoch no. 28 of 500 (samples: 99009)
INFO:root:Loss: 2678.2766 +/- 7.7626
INFO:root:Epoch no. 29 of 500 (samples: 99009)
INFO:root:Loss: 2675.8941 +/- 8.6811
INFO:root:Epoch no. 30 of 500 (samples: 99009)
INFO:root:Loss: 2672.5512 +/- 7.0291
INFO:root:Epoch no. 31 of 500 (samples: 99009)
INFO:root:Loss: 2670.5275 +/- 7.9291
INFO:root:Epoch no. 32 of 500 (samples: 99009)
INFO:root:Loss: 2667.8667 +/- 6.4845
INFO:root:Epoch no. 33 of 500 (samples: 99009)
INFO:root:Loss: 2666.1109 +/- 7.7479
INFO:root:Epoch no. 34 of 500 (samples: 99009)
INFO:root:Loss: 2664.045 +/- 8.5366
INFO:root:Epoch no. 35 of 500 (samples: 99009)
INFO:root:Loss: 2661.3204 +/- 6.8031
INFO:root:Epoch no. 36 of 500 (samples: 99009)
INFO:root:Loss: 2660.6498 +/- 7.0579
INFO:root:Epoch no. 37 of 500 (samples: 99009)
INFO:root:Loss: 2658.849 +/- 5.7119
INFO:root:Epoch no. 38 of 500 (samples: 99009)
INFO:root:Loss: 2656.9013 +/- 6.2791
INFO:root:Epoch no. 39 of 500 (samples: 99009)
INFO:root:Loss: 2654.9399 +/- 6.6243
INFO:root:Epoch no. 40 of 500 (samples: 99009)
INFO:root:Loss: 2653.2679 +/- 7.7267
INFO:root:Epoch no. 41 of 500 (samples: 99009)
INFO:root:Loss: 2652.1753 +/- 6.1686
INFO:root:Epoch no. 42 of 500 (samples: 99009)
INFO:root:Loss: 2650.7083 +/- 7.2751
INFO:root:Epoch no. 43 of 500 (samples: 99009)
INFO:root:Loss: 2649.338 +/- 6.0429
INFO:root:Epoch no. 44 of 500 (samples: 99009)
INFO:root:Loss: 2648.2802 +/- 6.6822
INFO:root:Epoch no. 45 of 500 (samples: 99009)
INFO:root:Loss: 2647.3619 +/- 6.6556
INFO:root:Epoch no. 46 of 500 (samples: 99009)
INFO:root:Loss: 2646.1184 +/- 7.2632
INFO:root:Epoch no. 47 of 500 (samples: 99009)
INFO:root:Loss: 2644.9234 +/- 6.0544
INFO:root:Epoch no. 48 of 500 (samples: 99009)
INFO:root:Loss: 2644.0557 +/- 6.2735
INFO:root:Epoch no. 49 of 500 (samples: 99009)
INFO:root:Loss: 2643.0682 +/- 6.7571
INFO:root:Epoch no. 50 of 500 (samples: 99009)
INFO:root:Loss: 2642.0171 +/- 5.9453
INFO:root:Epoch no. 51 of 500 (samples: 99009)
INFO:root:Loss: 2640.2385 +/- 6.0216
INFO:root:Epoch no. 52 of 500 (samples: 99009)
INFO:root:Loss: 2639.9813 +/- 6.4601
INFO:root:Epoch no. 53 of 500 (samples: 99009)
INFO:root:Loss: 2638.0516 +/- 5.081
INFO:root:Epoch no. 54 of 500 (samples: 99009)
INFO:root:Loss: 2637.4325 +/- 6.8369
INFO:root:Epoch no. 55 of 500 (samples: 99009)
INFO:root:Loss: 2637.1155 +/- 5.8822
INFO:root:Epoch no. 56 of 500 (samples: 99009)
INFO:root:Loss: 2634.8162 +/- 6.1598
INFO:root:Epoch no. 57 of 500 (samples: 99009)
INFO:root:Loss: 2635.0005 +/- 5.3784
INFO:root:Epoch no. 58 of 500 (samples: 99009)
INFO:root:Loss: 2634.6048 +/- 5.1403
INFO:root:Epoch no. 59 of 500 (samples: 99009)
INFO:root:Loss: 2632.9356 +/- 5.0567
INFO:root:Epoch no. 60 of 500 (samples: 99009)
INFO:root:Loss: 2632.4796 +/- 5.7127
INFO:root:Epoch no. 61 of 500 (samples: 99009)
INFO:root:Loss: 2631.6719 +/- 5.1627
INFO:root:Epoch no. 62 of 500 (samples: 99009)
INFO:root:Loss: 2630.7875 +/- 6.3002
INFO:root:Epoch no. 63 of 500 (samples: 99009)
INFO:root:Loss: 2630.1897 +/- 5.6139
INFO:root:Epoch no. 64 of 500 (samples: 99009)
INFO:root:Loss: 2630.0134 +/- 5.5456
INFO:root:Epoch no. 65 of 500 (samples: 99009)
INFO:root:Loss: 2628.9439 +/- 5.6789
INFO:root:Epoch no. 66 of 500 (samples: 99009)
INFO:root:Loss: 2628.4524 +/- 5.523
INFO:root:Epoch no. 67 of 500 (samples: 99009)
INFO:root:Loss: 2626.9044 +/- 5.4884
INFO:root:Epoch no. 68 of 500 (samples: 99009)
INFO:root:Loss: 2626.5966 +/- 5.7931
INFO:root:Epoch no. 69 of 500 (samples: 99009)
INFO:root:Loss: 2626.188 +/- 5.9258
INFO:root:Epoch no. 70 of 500 (samples: 99009)
INFO:root:Loss: 2625.9254 +/- 6.0168
INFO:root:Epoch no. 71 of 500 (samples: 99009)
INFO:root:Loss: 2625.0822 +/- 5.7676
INFO:root:Epoch no. 72 of 500 (samples: 99009)
INFO:root:Loss: 2624.7016 +/- 5.5036
INFO:root:Epoch no. 73 of 500 (samples: 99009)
INFO:root:Loss: 2624.2613 +/- 6.0788
INFO:root:Epoch no. 74 of 500 (samples: 99009)
INFO:root:Loss: 2623.5318 +/- 4.6355
INFO:root:Epoch no. 75 of 500 (samples: 99009)
INFO:root:Loss: 2623.1282 +/- 5.2629
INFO:root:Epoch no. 76 of 500 (samples: 99009)
INFO:root:Loss: 2622.3099 +/- 5.0296
INFO:root:Epoch no. 77 of 500 (samples: 99009)
INFO:root:Loss: 2621.1809 +/- 4.711
INFO:root:Epoch no. 78 of 500 (samples: 99009)
INFO:root:Loss: 2621.5506 +/- 5.5516
INFO:root:Epoch no. 79 of 500 (samples: 99009)
INFO:root:Loss: 2620.8597 +/- 5.6519
INFO:root:Epoch no. 80 of 500 (samples: 99009)
INFO:root:Loss: 2621.0948 +/- 5.9772
INFO:root:Epoch no. 81 of 500 (samples: 99009)
INFO:root:Loss: 2620.1497 +/- 5.8497
INFO:root:Epoch no. 82 of 500 (samples: 99009)
INFO:root:Loss: 2619.6029 +/- 5.131
INFO:root:Epoch no. 83 of 500 (samples: 99009)
INFO:root:Loss: 2619.5041 +/- 5.7699
INFO:root:Epoch no. 84 of 500 (samples: 99009)
INFO:root:Loss: 2618.0253 +/- 5.2871
INFO:root:Epoch no. 85 of 500 (samples: 99009)
INFO:root:Loss: 2618.3317 +/- 5.1847
INFO:root:Epoch no. 86 of 500 (samples: 99009)
INFO:root:Loss: 2617.6478 +/- 5.3788
INFO:root:Epoch no. 87 of 500 (samples: 99009)
INFO:root:Loss: 2616.9854 +/- 4.4996
INFO:root:Epoch no. 88 of 500 (samples: 99009)
INFO:root:Loss: 2616.7666 +/- 5.7559
INFO:root:Epoch no. 89 of 500 (samples: 99009)
INFO:root:Loss: 2616.4255 +/- 4.9482
INFO:root:Epoch no. 90 of 500 (samples: 99009)
INFO:root:Loss: 2616.7731 +/- 4.204
INFO:root:Epoch no. 91 of 500 (samples: 99009)
INFO:root:Loss: 2616.0682 +/- 5.0233
INFO:root:Epoch no. 92 of 500 (samples: 99009)
INFO:root:Loss: 2615.4261 +/- 5.7859
INFO:root:Epoch no. 93 of 500 (samples: 99009)
INFO:root:Loss: 2615.4006 +/- 4.5544
INFO:root:Epoch no. 94 of 500 (samples: 99009)
INFO:root:Loss: 2614.3824 +/- 5.7267
INFO:root:Epoch no. 95 of 500 (samples: 99009)
INFO:root:Loss: 2613.6351 +/- 5.6865
INFO:root:Epoch no. 96 of 500 (samples: 99009)
INFO:root:Loss: 2614.215 +/- 4.3001
INFO:root:Epoch no. 97 of 500 (samples: 99009)
INFO:root:Loss: 2613.3188 +/- 4.0865
INFO:root:Epoch no. 98 of 500 (samples: 99009)
INFO:root:Loss: 2612.5832 +/- 5.4702
INFO:root:Epoch no. 99 of 500 (samples: 99009)
INFO:root:Loss: 2611.6768 +/- 4.1723
INFO:root:Epoch no. 100 of 500 (samples: 99009)
INFO:root:Loss: 2612.3075 +/- 5.2268
INFO:root:Epoch no. 101 of 500 (samples: 99009)
INFO:root:Loss: 2611.2536 +/- 5.112
INFO:root:Epoch no. 102 of 500 (samples: 99009)
INFO:root:Loss: 2612.2086 +/- 4.2636
INFO:root:Epoch no. 103 of 500 (samples: 99009)
INFO:root:Loss: 2611.094 +/- 5.7708
INFO:root:Epoch no. 104 of 500 (samples: 99009)
INFO:root:Loss: 2610.708 +/- 4.2637
INFO:root:Epoch no. 105 of 500 (samples: 99009)
INFO:root:Loss: 2611.4214 +/- 5.2328
INFO:root:Epoch no. 106 of 500 (samples: 99009)
INFO:root:Loss: 2610.2633 +/- 5.2611
INFO:root:Epoch no. 107 of 500 (samples: 99009)
INFO:root:Loss: 2610.557 +/- 3.5544
INFO:root:Epoch no. 108 of 500 (samples: 99009)
INFO:root:Loss: 2609.2374 +/- 5.3753
INFO:root:Epoch no. 109 of 500 (samples: 99009)
INFO:root:Loss: 2609.0621 +/- 4.032
INFO:root:Epoch no. 110 of 500 (samples: 99009)
INFO:root:Loss: 2609.6976 +/- 5.3124
INFO:root:Epoch no. 111 of 500 (samples: 99009)
INFO:root:Loss: 2608.3469 +/- 4.0425
INFO:root:Epoch no. 112 of 500 (samples: 99009)
INFO:root:Loss: 2608.5236 +/- 5.3605
INFO:root:Epoch no. 113 of 500 (samples: 99009)
INFO:root:Loss: 2607.7549 +/- 4.917
INFO:root:Epoch no. 114 of 500 (samples: 99009)
INFO:root:Loss: 2607.3844 +/- 5.4294
INFO:root:Epoch no. 115 of 500 (samples: 99009)
INFO:root:Loss: 2607.6505 +/- 3.9959
INFO:root:Epoch no. 116 of 500 (samples: 99009)
INFO:root:Loss: 2607.2461 +/- 5.0464
INFO:root:Epoch no. 117 of 500 (samples: 99009)
INFO:root:Loss: 2606.2914 +/- 5.3532
INFO:root:Epoch no. 118 of 500 (samples: 99009)
INFO:root:Loss: 2606.7812 +/- 4.9901
INFO:root:Epoch no. 119 of 500 (samples: 99009)
INFO:root:Loss: 2606.8347 +/- 4.6463
INFO:root:Epoch no. 120 of 500 (samples: 99009)
INFO:root:Loss: 2606.2529 +/- 4.4844
INFO:root:Epoch no. 121 of 500 (samples: 99009)
INFO:root:Loss: 2605.4446 +/- 4.5113
INFO:root:Epoch no. 122 of 500 (samples: 99009)
INFO:root:Loss: 2605.6522 +/- 3.8844
INFO:root:Epoch no. 123 of 500 (samples: 99009)
INFO:root:Loss: 2605.0571 +/- 5.2198
INFO:root:Epoch no. 124 of 500 (samples: 99009)
INFO:root:Loss: 2605.0689 +/- 4.3331
INFO:root:Epoch no. 125 of 500 (samples: 99009)
INFO:root:Loss: 2605.1772 +/- 4.5715
INFO:root:Epoch no. 126 of 500 (samples: 99009)
INFO:root:Loss: 2604.385 +/- 4.691
INFO:root:Epoch no. 127 of 500 (samples: 99009)
INFO:root:Loss: 2604.8796 +/- 4.5641
INFO:root:Epoch no. 128 of 500 (samples: 99009)
INFO:root:Loss: 2604.7412 +/- 3.575
INFO:root:Epoch no. 129 of 500 (samples: 99009)
INFO:root:Loss: 2604.0466 +/- 4.9777
INFO:root:Epoch no. 130 of 500 (samples: 99009)
INFO:root:Loss: 2603.8667 +/- 4.6022
INFO:root:Epoch no. 131 of 500 (samples: 99009)
INFO:root:Loss: 2603.7031 +/- 5.3786
INFO:root:Epoch no. 132 of 500 (samples: 99009)
INFO:root:Loss: 2603.6332 +/- 4.9769
INFO:root:Epoch no. 133 of 500 (samples: 99009)
INFO:root:Loss: 2603.456 +/- 2.7598
INFO:root:Epoch no. 134 of 500 (samples: 99009)
INFO:root:Loss: 2603.3608 +/- 4.2092
INFO:root:Epoch no. 135 of 500 (samples: 99009)
INFO:root:Loss: 2603.0993 +/- 3.4443
INFO:root:Epoch no. 136 of 500 (samples: 99009)
INFO:root:Loss: 2602.4316 +/- 3.8136
INFO:root:Epoch no. 137 of 500 (samples: 99009)
INFO:root:Loss: 2602.808 +/- 3.74
INFO:root:Epoch no. 138 of 500 (samples: 99009)
INFO:root:Loss: 2601.9219 +/- 4.3154
INFO:root:Epoch no. 139 of 500 (samples: 99009)
INFO:root:Loss: 2601.7346 +/- 4.1735
INFO:root:Epoch no. 140 of 500 (samples: 99009)
INFO:root:Loss: 2602.3782 +/- 4.9051
INFO:root:Epoch no. 141 of 500 (samples: 99009)
INFO:root:Loss: 2601.8187 +/- 3.3647
INFO:root:Epoch no. 142 of 500 (samples: 99009)
INFO:root:Loss: 2601.7194 +/- 4.513
INFO:root:Epoch no. 143 of 500 (samples: 99009)
INFO:root:Loss: 2601.2786 +/- 3.9124
INFO:root:Epoch no. 144 of 500 (samples: 99009)
INFO:root:Loss: 2601.4369 +/- 4.7511
INFO:root:Epoch no. 145 of 500 (samples: 99009)
INFO:root:Loss: 2600.3951 +/- 5.5265
INFO:root:Epoch no. 146 of 500 (samples: 99009)
INFO:root:Loss: 2600.7082 +/- 4.4821
INFO:root:Epoch no. 147 of 500 (samples: 99009)
INFO:root:Loss: 2600.93 +/- 4.2592
INFO:root:Epoch no. 148 of 500 (samples: 99009)
INFO:root:Loss: 2600.5074 +/- 4.6473
INFO:root:Epoch no. 149 of 500 (samples: 99009)
INFO:root:Loss: 2599.9118 +/- 3.6047
INFO:root:Epoch no. 150 of 500 (samples: 99009)
INFO:root:Loss: 2600.282 +/- 3.9031
INFO:root:Epoch no. 151 of 500 (samples: 99009)
INFO:root:Loss: 2600.2945 +/- 4.2372
INFO:root:Epoch no. 152 of 500 (samples: 99009)
INFO:root:Loss: 2599.8542 +/- 5.3462
INFO:root:Epoch no. 153 of 500 (samples: 99009)
INFO:root:Loss: 2599.0581 +/- 3.3106
INFO:root:Epoch no. 154 of 500 (samples: 99009)
INFO:root:Loss: 2598.7012 +/- 4.0617
INFO:root:Epoch no. 155 of 500 (samples: 99009)
INFO:root:Loss: 2598.9845 +/- 4.0757
INFO:root:Epoch no. 156 of 500 (samples: 99009)
INFO:root:Loss: 2599.0307 +/- 4.1907
INFO:root:Epoch no. 157 of 500 (samples: 99009)
INFO:root:Loss: 2598.428 +/- 4.7014
INFO:root:Epoch no. 158 of 500 (samples: 99009)
INFO:root:Loss: 2598.7037 +/- 3.4638
INFO:root:Epoch no. 159 of 500 (samples: 99009)
INFO:root:Loss: 2598.805 +/- 4.7838
INFO:root:Epoch no. 160 of 500 (samples: 99009)
INFO:root:Loss: 2598.5476 +/- 5.0997
INFO:root:Epoch no. 161 of 500 (samples: 99009)
INFO:root:Loss: 2598.3978 +/- 4.3799
INFO:root:Epoch no. 162 of 500 (samples: 99009)
INFO:root:Loss: 2598.1329 +/- 5.1999
INFO:root:Epoch no. 163 of 500 (samples: 99009)
INFO:root:Loss: 2598.6249 +/- 3.7863
INFO:root:Epoch no. 164 of 500 (samples: 99009)
INFO:root:Loss: 2597.9868 +/- 5.1483
INFO:root:Epoch no. 165 of 500 (samples: 99009)
INFO:root:Loss: 2598.057 +/- 3.7113
INFO:root:Epoch no. 166 of 500 (samples: 99009)
INFO:root:Loss: 2597.1981 +/- 5.0647
INFO:root:Epoch no. 167 of 500 (samples: 99009)
INFO:root:Loss: 2596.7052 +/- 4.0685
INFO:root:Epoch no. 168 of 500 (samples: 99009)
INFO:root:Loss: 2597.5988 +/- 3.669
INFO:root:Epoch no. 169 of 500 (samples: 99009)
INFO:root:Loss: 2597.297 +/- 4.4851
INFO:root:Epoch no. 170 of 500 (samples: 99009)
INFO:root:Loss: 2596.2585 +/- 4.45
INFO:root:Epoch no. 171 of 500 (samples: 99009)
INFO:root:Loss: 2597.1214 +/- 3.9594
INFO:root:Epoch no. 172 of 500 (samples: 99009)
INFO:root:Loss: 2596.6522 +/- 3.5755
INFO:root:Epoch no. 173 of 500 (samples: 99009)
INFO:root:Loss: 2596.7014 +/- 3.3348
INFO:root:Epoch no. 174 of 500 (samples: 99009)
INFO:root:Loss: 2596.305 +/- 3.1034
INFO:root:Epoch no. 175 of 500 (samples: 99009)
INFO:root:Loss: 2595.367 +/- 3.5406
INFO:root:Epoch no. 176 of 500 (samples: 99009)
INFO:root:Loss: 2596.227 +/- 3.5722
INFO:root:Epoch no. 177 of 500 (samples: 99009)
INFO:root:Loss: 2596.6371 +/- 4.6408
INFO:root:Epoch no. 178 of 500 (samples: 99009)
INFO:root:Loss: 2596.2753 +/- 4.529
INFO:root:Epoch no. 179 of 500 (samples: 99009)
INFO:root:Loss: 2595.9598 +/- 4.8567
INFO:root:Epoch no. 180 of 500 (samples: 99009)
INFO:root:Loss: 2595.1713 +/- 3.9785
INFO:root:Epoch no. 181 of 500 (samples: 99009)
INFO:root:Loss: 2594.6421 +/- 3.7019
INFO:root:Epoch no. 182 of 500 (samples: 99009)
INFO:root:Loss: 2594.7583 +/- 3.8208
INFO:root:Epoch no. 183 of 500 (samples: 99009)
INFO:root:Loss: 2595.1372 +/- 3.3543
INFO:root:Epoch no. 184 of 500 (samples: 99009)
INFO:root:Loss: 2594.8803 +/- 3.9457
INFO:root:Epoch no. 185 of 500 (samples: 99009)
INFO:root:Loss: 2594.6206 +/- 2.937
INFO:root:Epoch no. 186 of 500 (samples: 99009)
INFO:root:Loss: 2594.4862 +/- 3.0886
INFO:root:Epoch no. 187 of 500 (samples: 99009)
INFO:root:Loss: 2595.185 +/- 4.2558
INFO:root:Epoch no. 188 of 500 (samples: 99009)
INFO:root:Loss: 2594.5112 +/- 4.4594
INFO:root:Epoch no. 189 of 500 (samples: 99009)
INFO:root:Loss: 2594.3694 +/- 3.7953
INFO:root:Epoch no. 190 of 500 (samples: 99009)
INFO:root:Loss: 2594.3165 +/- 3.5354
INFO:root:Epoch no. 191 of 500 (samples: 99009)
INFO:root:Loss: 2594.3161 +/- 2.4538
INFO:root:Epoch no. 192 of 500 (samples: 99009)
INFO:root:Loss: 2593.9572 +/- 4.9804
INFO:root:Epoch no. 193 of 500 (samples: 99009)
INFO:root:Loss: 2593.4975 +/- 5.0793
INFO:root:Epoch no. 194 of 500 (samples: 99009)
INFO:root:Loss: 2593.9684 +/- 3.8616
INFO:root:Epoch no. 195 of 500 (samples: 99009)
INFO:root:Loss: 2592.6625 +/- 4.1204
INFO:root:Epoch no. 196 of 500 (samples: 99009)
INFO:root:Loss: 2593.8905 +/- 2.4894
INFO:root:Epoch no. 197 of 500 (samples: 99009)
INFO:root:Loss: 2593.3018 +/- 3.5634
INFO:root:Epoch no. 198 of 500 (samples: 99009)
INFO:root:Loss: 2593.4045 +/- 4.1701
INFO:root:Epoch no. 199 of 500 (samples: 99009)
INFO:root:Loss: 2593.6181 +/- 5.0481
INFO:root:Epoch no. 200 of 500 (samples: 99009)
INFO:root:Loss: 2593.3976 +/- 2.9793
INFO:root:Epoch no. 201 of 500 (samples: 99009)
INFO:root:Loss: 2593.0069 +/- 3.3592
INFO:root:Epoch no. 202 of 500 (samples: 99009)
INFO:root:Loss: 2592.5897 +/- 3.572
INFO:root:Epoch no. 203 of 500 (samples: 99009)
INFO:root:Loss: 2593.3292 +/- 2.7911
INFO:root:Epoch no. 204 of 500 (samples: 99009)
INFO:root:Loss: 2593.0028 +/- 3.7123
INFO:root:Epoch no. 205 of 500 (samples: 99009)
INFO:root:Loss: 2592.898 +/- 4.0621
INFO:root:Epoch no. 206 of 500 (samples: 99009)
INFO:root:Loss: 2593.0341 +/- 2.4065
INFO:root:Epoch no. 207 of 500 (samples: 99009)
INFO:root:Loss: 2593.0029 +/- 3.2369
INFO:root:Epoch no. 208 of 500 (samples: 99009)
INFO:root:Loss: 2591.9743 +/- 3.966
INFO:root:Epoch no. 209 of 500 (samples: 99009)
INFO:root:Loss: 2592.2982 +/- 3.0071
INFO:root:Epoch no. 210 of 500 (samples: 99009)
INFO:root:Loss: 2592.2328 +/- 4.5769
INFO:root:Epoch no. 211 of 500 (samples: 99009)
INFO:root:Loss: 2592.7385 +/- 5.1127
INFO:root:Epoch no. 212 of 500 (samples: 99009)
INFO:root:Loss: 2591.7876 +/- 3.7663
INFO:root:Epoch no. 213 of 500 (samples: 99009)
INFO:root:Loss: 2591.5474 +/- 3.7502
INFO:root:Epoch no. 214 of 500 (samples: 99009)
INFO:root:Loss: 2591.7797 +/- 3.6473
INFO:root:Epoch no. 215 of 500 (samples: 99009)
INFO:root:Loss: 2592.1239 +/- 3.5878
INFO:root:Epoch no. 216 of 500 (samples: 99009)
INFO:root:Loss: 2591.4726 +/- 3.4508
INFO:root:Epoch no. 217 of 500 (samples: 99009)
INFO:root:Loss: 2590.7323 +/- 3.0255
INFO:root:Epoch no. 218 of 500 (samples: 99009)
INFO:root:Loss: 2591.7435 +/- 3.417
INFO:root:Epoch no. 219 of 500 (samples: 99009)
INFO:root:Loss: 2590.7685 +/- 3.0684
INFO:root:Epoch no. 220 of 500 (samples: 99009)
INFO:root:Loss: 2590.6891 +/- 5.0199
INFO:root:Epoch no. 221 of 500 (samples: 99009)
INFO:root:Loss: 2591.5401 +/- 4.1252
INFO:root:Epoch no. 222 of 500 (samples: 99009)
INFO:root:Loss: 2591.8594 +/- 3.1824
INFO:root:Epoch no. 223 of 500 (samples: 99009)
INFO:root:Loss: 2590.6737 +/- 3.845
INFO:root:Epoch no. 224 of 500 (samples: 99009)
INFO:root:Loss: 2590.8335 +/- 3.9403
INFO:root:Epoch no. 225 of 500 (samples: 99009)
INFO:root:Loss: 2590.8678 +/- 3.2528
INFO:root:Epoch no. 226 of 500 (samples: 99009)
INFO:root:Loss: 2590.5343 +/- 4.7838
INFO:root:Epoch no. 227 of 500 (samples: 99009)
INFO:root:Loss: 2590.393 +/- 4.0942
INFO:root:Epoch no. 228 of 500 (samples: 99009)
INFO:root:Loss: 2590.2447 +/- 4.1578
INFO:root:Epoch no. 229 of 500 (samples: 99009)
INFO:root:Loss: 2590.8458 +/- 4.0747
INFO:root:Epoch no. 230 of 500 (samples: 99009)
INFO:root:Loss: 2590.0927 +/- 3.9672
INFO:root:Epoch no. 231 of 500 (samples: 99009)
INFO:root:Loss: 2590.0357 +/- 3.9398
INFO:root:Epoch no. 232 of 500 (samples: 99009)
INFO:root:Loss: 2589.7052 +/- 4.3464
INFO:root:Epoch no. 233 of 500 (samples: 99009)
INFO:root:Loss: 2590.8027 +/- 3.2856
INFO:root:Epoch no. 234 of 500 (samples: 99009)
INFO:root:Loss: 2590.7104 +/- 4.1011
INFO:root:Epoch no. 235 of 500 (samples: 99009)
INFO:root:Loss: 2589.2573 +/- 3.686
INFO:root:Epoch no. 236 of 500 (samples: 99009)
INFO:root:Loss: 2589.5143 +/- 3.0095
INFO:root:Epoch no. 237 of 500 (samples: 99009)
INFO:root:Loss: 2590.2682 +/- 4.4461
INFO:root:Epoch no. 238 of 500 (samples: 99009)
INFO:root:Loss: 2589.8163 +/- 3.1058
INFO:root:Epoch no. 239 of 500 (samples: 99009)
INFO:root:Loss: 2589.3567 +/- 3.468
INFO:root:Epoch no. 240 of 500 (samples: 99009)
INFO:root:Loss: 2590.0776 +/- 2.9218
INFO:root:Epoch no. 241 of 500 (samples: 99009)
INFO:root:Loss: 2589.5846 +/- 3.7813
INFO:root:Epoch no. 242 of 500 (samples: 99009)
INFO:root:Loss: 2588.4793 +/- 3.5895
INFO:root:Epoch no. 243 of 500 (samples: 99009)
INFO:root:Loss: 2588.915 +/- 3.9294
INFO:root:Epoch no. 244 of 500 (samples: 99009)
INFO:root:Loss: 2588.994 +/- 4.2012
INFO:root:Epoch no. 245 of 500 (samples: 99009)
INFO:root:Loss: 2589.1956 +/- 2.5411
INFO:root:Epoch no. 246 of 500 (samples: 99009)
INFO:root:Loss: 2588.975 +/- 3.2433
INFO:root:Epoch no. 247 of 500 (samples: 99009)
INFO:root:Loss: 2588.9495 +/- 2.8395
INFO:root:Epoch no. 248 of 500 (samples: 99009)
INFO:root:Loss: 2589.2443 +/- 3.7206
INFO:root:Epoch no. 249 of 500 (samples: 99009)
INFO:root:Loss: 2588.4438 +/- 3.3369
INFO:root:Epoch no. 250 of 500 (samples: 99009)
INFO:root:Loss: 2588.5135 +/- 3.732
INFO:root:Epoch no. 251 of 500 (samples: 99009)
INFO:root:Loss: 2588.0311 +/- 3.1641
INFO:root:Epoch no. 252 of 500 (samples: 99009)
INFO:root:Loss: 2588.2597 +/- 2.9922
INFO:root:Epoch no. 253 of 500 (samples: 99009)
INFO:root:Loss: 2588.7698 +/- 3.3421
INFO:root:Epoch no. 254 of 500 (samples: 99009)
INFO:root:Loss: 2587.9231 +/- 3.7611
INFO:root:Epoch no. 255 of 500 (samples: 99009)
INFO:root:Loss: 2588.1658 +/- 3.0164
INFO:root:Epoch no. 256 of 500 (samples: 99009)
INFO:root:Loss: 2587.3553 +/- 2.3964
INFO:root:Epoch no. 257 of 500 (samples: 99009)
INFO:root:Loss: 2587.9436 +/- 3.7609
INFO:root:Epoch no. 258 of 500 (samples: 99009)
INFO:root:Loss: 2587.3864 +/- 3.4934
INFO:root:Epoch no. 259 of 500 (samples: 99009)
INFO:root:Loss: 2588.5354 +/- 3.7214
INFO:root:Epoch no. 260 of 500 (samples: 99009)
INFO:root:Loss: 2587.99 +/- 3.5761
INFO:root:Epoch no. 261 of 500 (samples: 99009)
INFO:root:Loss: 2587.8973 +/- 3.2121
INFO:root:Epoch no. 262 of 500 (samples: 99009)
INFO:root:Loss: 2587.9378 +/- 3.9915
INFO:root:Epoch no. 263 of 500 (samples: 99009)
INFO:root:Loss: 2587.9538 +/- 2.9177
INFO:root:Epoch no. 264 of 500 (samples: 99009)
INFO:root:Loss: 2587.2887 +/- 2.5553
INFO:root:Epoch no. 265 of 500 (samples: 99009)
INFO:root:Loss: 2588.0343 +/- 3.6248
INFO:root:Epoch no. 266 of 500 (samples: 99009)
INFO:root:Loss: 2587.2622 +/- 3.5349
INFO:root:Epoch no. 267 of 500 (samples: 99009)
INFO:root:Loss: 2586.6759 +/- 4.5057
INFO:root:Epoch no. 268 of 500 (samples: 99009)
INFO:root:Loss: 2587.5631 +/- 3.5494
INFO:root:Epoch no. 269 of 500 (samples: 99009)
INFO:root:Loss: 2586.9877 +/- 4.1084
INFO:root:Epoch no. 270 of 500 (samples: 99009)
INFO:root:Loss: 2587.6619 +/- 4.4652
INFO:root:Epoch no. 271 of 500 (samples: 99009)
INFO:root:Loss: 2586.7383 +/- 3.5148
INFO:root:Epoch no. 272 of 500 (samples: 99009)
INFO:root:Loss: 2586.2908 +/- 3.793
INFO:root:Epoch no. 273 of 500 (samples: 99009)
INFO:root:Loss: 2586.2748 +/- 2.976
INFO:root:Epoch no. 274 of 500 (samples: 99009)
INFO:root:Loss: 2586.779 +/- 3.545
INFO:root:Epoch no. 275 of 500 (samples: 99009)
INFO:root:Loss: 2586.8412 +/- 2.6362
INFO:root:Epoch no. 276 of 500 (samples: 99009)
INFO:root:Loss: 2586.6846 +/- 3.426
INFO:root:Epoch no. 277 of 500 (samples: 99009)
INFO:root:Loss: 2586.1504 +/- 3.8135
INFO:root:Epoch no. 278 of 500 (samples: 99009)
INFO:root:Loss: 2586.4074 +/- 4.1912
INFO:root:Epoch no. 279 of 500 (samples: 99009)
INFO:root:Loss: 2586.3591 +/- 4.4277
INFO:root:Epoch no. 280 of 500 (samples: 99009)
INFO:root:Loss: 2586.5193 +/- 3.5969
INFO:root:Epoch no. 281 of 500 (samples: 99009)
INFO:root:Loss: 2586.6457 +/- 2.4511
INFO:root:Epoch no. 282 of 500 (samples: 99009)
INFO:root:Loss: 2585.9489 +/- 2.7765
INFO:root:Epoch no. 283 of 500 (samples: 99009)
INFO:root:Loss: 2586.1291 +/- 2.8279
INFO:root:Epoch no. 284 of 500 (samples: 99009)
INFO:root:Loss: 2585.9776 +/- 4.7142
INFO:root:Epoch no. 285 of 500 (samples: 99009)
INFO:root:Loss: 2585.5023 +/- 4.152
INFO:root:Epoch no. 286 of 500 (samples: 99009)
INFO:root:Loss: 2586.1999 +/- 3.9532
INFO:root:Epoch no. 287 of 500 (samples: 99009)
INFO:root:Loss: 2585.9371 +/- 3.6124
INFO:root:Epoch no. 288 of 500 (samples: 99009)
INFO:root:Loss: 2586.4338 +/- 4.1936
INFO:root:Epoch no. 289 of 500 (samples: 99009)
INFO:root:Loss: 2586.3465 +/- 3.6395
INFO:root:Epoch no. 290 of 500 (samples: 99009)
INFO:root:Loss: 2586.2588 +/- 3.1447
INFO:root:Epoch no. 291 of 500 (samples: 99009)
INFO:root:Loss: 2585.4924 +/- 3.392
INFO:root:Epoch no. 292 of 500 (samples: 99009)
INFO:root:Loss: 2586.2117 +/- 4.329
INFO:root:Epoch no. 293 of 500 (samples: 99009)
INFO:root:Loss: 2585.2143 +/- 3.1208
INFO:root:Epoch no. 294 of 500 (samples: 99009)
INFO:root:Loss: 2585.9639 +/- 3.7821
INFO:root:Epoch no. 295 of 500 (samples: 99009)
INFO:root:Loss: 2585.4452 +/- 2.94
INFO:root:Epoch no. 296 of 500 (samples: 99009)
INFO:root:Loss: 2585.3799 +/- 3.2363
INFO:root:Epoch no. 297 of 500 (samples: 99009)
INFO:root:Loss: 2585.4197 +/- 3.189
INFO:root:Epoch no. 298 of 500 (samples: 99009)
INFO:root:Loss: 2585.5564 +/- 2.3297
INFO:root:Epoch no. 299 of 500 (samples: 99009)
INFO:root:Loss: 2584.2659 +/- 2.759
INFO:root:Epoch no. 300 of 500 (samples: 99009)
INFO:root:Loss: 2584.9398 +/- 2.1758
INFO:root:Epoch no. 301 of 500 (samples: 99009)
INFO:root:Loss: 2585.8255 +/- 3.7785
INFO:root:Epoch no. 302 of 500 (samples: 99009)
INFO:root:Loss: 2584.9089 +/- 3.8905
INFO:root:Epoch no. 303 of 500 (samples: 99009)
INFO:root:Loss: 2584.2585 +/- 4.0835
INFO:root:Epoch no. 304 of 500 (samples: 99009)
INFO:root:Loss: 2585.2471 +/- 2.5141
INFO:root:Epoch no. 305 of 500 (samples: 99009)
INFO:root:Loss: 2585.3131 +/- 3.06
INFO:root:Epoch no. 306 of 500 (samples: 99009)
INFO:root:Loss: 2585.335 +/- 3.5433
INFO:root:Epoch no. 307 of 500 (samples: 99009)
INFO:root:Loss: 2584.9339 +/- 3.587
INFO:root:Epoch no. 308 of 500 (samples: 99009)
INFO:root:Loss: 2585.4897 +/- 3.7357
INFO:root:Epoch no. 309 of 500 (samples: 99009)
INFO:root:Loss: 2584.1159 +/- 2.8068
INFO:root:Epoch no. 310 of 500 (samples: 99009)
INFO:root:Loss: 2584.8748 +/- 3.8771
INFO:root:Epoch no. 311 of 500 (samples: 99009)
INFO:root:Loss: 2583.6653 +/- 3.0569
INFO:root:Epoch no. 312 of 500 (samples: 99009)
INFO:root:Loss: 2584.8663 +/- 2.8313
INFO:root:Epoch no. 313 of 500 (samples: 99009)
INFO:root:Loss: 2583.9765 +/- 4.9134
INFO:root:Epoch no. 314 of 500 (samples: 99009)
INFO:root:Loss: 2584.8654 +/- 2.7444
INFO:root:Epoch no. 315 of 500 (samples: 99009)
INFO:root:Loss: 2584.3084 +/- 3.0665
INFO:root:Epoch no. 316 of 500 (samples: 99009)
INFO:root:Loss: 2583.696 +/- 2.5073
INFO:root:Epoch no. 317 of 500 (samples: 99009)
INFO:root:Loss: 2584.1815 +/- 2.5156
INFO:root:Epoch no. 318 of 500 (samples: 99009)
INFO:root:Loss: 2584.0503 +/- 3.5875
INFO:root:Epoch no. 319 of 500 (samples: 99009)
INFO:root:Loss: 2584.3292 +/- 2.0669
INFO:root:Epoch no. 320 of 500 (samples: 99009)
INFO:root:Loss: 2584.5082 +/- 2.6909
INFO:root:Epoch no. 321 of 500 (samples: 99009)
INFO:root:Loss: 2583.3112 +/- 2.8672
INFO:root:Epoch no. 322 of 500 (samples: 99009)
INFO:root:Loss: 2584.2867 +/- 3.5122
INFO:root:Epoch no. 323 of 500 (samples: 99009)
INFO:root:Loss: 2583.9003 +/- 2.315
INFO:root:Epoch no. 324 of 500 (samples: 99009)
INFO:root:Loss: 2583.9065 +/- 2.3885
INFO:root:Epoch no. 325 of 500 (samples: 99009)
INFO:root:Loss: 2583.2177 +/- 2.554
INFO:root:Epoch no. 326 of 500 (samples: 99009)
INFO:root:Loss: 2584.4694 +/- 3.2601
INFO:root:Epoch no. 327 of 500 (samples: 99009)
INFO:root:Loss: 2583.9245 +/- 3.3366
INFO:root:Epoch no. 328 of 500 (samples: 99009)
INFO:root:Loss: 2583.1311 +/- 2.8213
INFO:root:Epoch no. 329 of 500 (samples: 99009)
INFO:root:Loss: 2583.2993 +/- 3.9269
INFO:root:Epoch no. 330 of 500 (samples: 99009)
INFO:root:Loss: 2584.263 +/- 4.6985
INFO:root:Epoch no. 331 of 500 (samples: 99009)
INFO:root:Loss: 2584.5921 +/- 2.8296
INFO:root:Epoch no. 332 of 500 (samples: 99009)
INFO:root:Loss: 2583.6839 +/- 4.8366
INFO:root:Epoch no. 333 of 500 (samples: 99009)
INFO:root:Loss: 2583.8003 +/- 3.6079
INFO:root:Epoch no. 334 of 500 (samples: 99009)
INFO:root:Loss: 2583.6761 +/- 2.7429
INFO:root:Epoch no. 335 of 500 (samples: 99009)
INFO:root:Loss: 2583.2489 +/- 2.3811
INFO:root:Epoch no. 336 of 500 (samples: 99009)
INFO:root:Loss: 2584.0213 +/- 2.7137
INFO:root:Epoch no. 337 of 500 (samples: 99009)
INFO:root:Loss: 2582.8017 +/- 3.4797
INFO:root:Epoch no. 338 of 500 (samples: 99009)
INFO:root:Loss: 2582.7613 +/- 3.2692
INFO:root:Epoch no. 339 of 500 (samples: 99009)
INFO:root:Loss: 2583.6586 +/- 3.7338
INFO:root:Epoch no. 340 of 500 (samples: 99009)
INFO:root:Loss: 2583.1353 +/- 3.122
INFO:root:Epoch no. 341 of 500 (samples: 99009)
INFO:root:Loss: 2583.1651 +/- 4.5457
INFO:root:Epoch no. 342 of 500 (samples: 99009)
INFO:root:Loss: 2583.5837 +/- 3.5538
INFO:root:Epoch no. 343 of 500 (samples: 99009)
INFO:root:Loss: 2583.7738 +/- 2.4549
INFO:root:Epoch no. 344 of 500 (samples: 99009)
INFO:root:Loss: 2583.3789 +/- 4.128
INFO:root:Epoch no. 345 of 500 (samples: 99009)
INFO:root:Loss: 2583.0664 +/- 3.172
INFO:root:Epoch no. 346 of 500 (samples: 99009)
INFO:root:Loss: 2582.4037 +/- 3.1716
INFO:root:Epoch no. 347 of 500 (samples: 99009)
INFO:root:Loss: 2582.3286 +/- 3.542
INFO:root:Epoch no. 348 of 500 (samples: 99009)
INFO:root:Loss: 2581.8941 +/- 2.8592
INFO:root:Epoch no. 349 of 500 (samples: 99009)
INFO:root:Loss: 2582.4417 +/- 2.3532
INFO:root:Epoch no. 350 of 500 (samples: 99009)
INFO:root:Loss: 2582.3955 +/- 3.4146
INFO:root:Epoch no. 351 of 500 (samples: 99009)
INFO:root:Loss: 2583.0108 +/- 3.9074
INFO:root:Epoch no. 352 of 500 (samples: 99009)
INFO:root:Loss: 2582.6792 +/- 2.9427
INFO:root:Epoch no. 353 of 500 (samples: 99009)
INFO:root:Loss: 2582.1654 +/- 2.944
INFO:root:Epoch no. 354 of 500 (samples: 99009)
INFO:root:Loss: 2582.8016 +/- 2.597
INFO:root:Epoch no. 355 of 500 (samples: 99009)
INFO:root:Loss: 2582.8838 +/- 2.8145
INFO:root:Epoch no. 356 of 500 (samples: 99009)
INFO:root:Loss: 2583.1207 +/- 3.2397
INFO:root:Epoch no. 357 of 500 (samples: 99009)
INFO:root:Loss: 2582.1336 +/- 3.1235
INFO:root:Epoch no. 358 of 500 (samples: 99009)
INFO:root:Loss: 2582.6239 +/- 4.049
INFO:root:Epoch no. 359 of 500 (samples: 99009)
INFO:root:Loss: 2582.8457 +/- 2.9909
INFO:root:Epoch no. 360 of 500 (samples: 99009)
INFO:root:Loss: 2582.2404 +/- 3.01
INFO:root:Epoch no. 361 of 500 (samples: 99009)
INFO:root:Loss: 2582.4711 +/- 3.7706
INFO:root:Epoch no. 362 of 500 (samples: 99009)
INFO:root:Loss: 2582.1781 +/- 3.4512
INFO:root:Epoch no. 363 of 500 (samples: 99009)
INFO:root:Loss: 2582.5855 +/- 3.2585
INFO:root:Epoch no. 364 of 500 (samples: 99009)
INFO:root:Loss: 2582.4893 +/- 3.4277
INFO:root:Epoch no. 365 of 500 (samples: 99009)
INFO:root:Loss: 2582.0508 +/- 3.9915
INFO:root:Epoch no. 366 of 500 (samples: 99009)
INFO:root:Loss: 2581.6582 +/- 2.0653
INFO:root:Epoch no. 367 of 500 (samples: 99009)
INFO:root:Loss: 2582.059 +/- 3.7341
INFO:root:Epoch no. 368 of 500 (samples: 99009)
INFO:root:Loss: 2582.1328 +/- 2.5223
INFO:root:Epoch no. 369 of 500 (samples: 99009)
INFO:root:Loss: 2582.2406 +/- 4.4079
INFO:root:Epoch no. 370 of 500 (samples: 99009)
INFO:root:Loss: 2582.2304 +/- 1.4888
INFO:root:Epoch no. 371 of 500 (samples: 99009)
INFO:root:Loss: 2582.3002 +/- 2.0193
INFO:root:Epoch no. 372 of 500 (samples: 99009)
INFO:root:Loss: 2581.967 +/- 2.7321
INFO:root:Epoch no. 373 of 500 (samples: 99009)
INFO:root:Loss: 2581.0368 +/- 3.6679
INFO:root:Epoch no. 374 of 500 (samples: 99009)
INFO:root:Loss: 2581.7314 +/- 3.9049
INFO:root:Epoch no. 375 of 500 (samples: 99009)
INFO:root:Loss: 2581.5779 +/- 3.5676
INFO:root:Epoch no. 376 of 500 (samples: 99009)
INFO:root:Loss: 2581.8688 +/- 3.7027
INFO:root:Epoch no. 377 of 500 (samples: 99009)
INFO:root:Loss: 2581.4187 +/- 3.1256
INFO:root:Epoch no. 378 of 500 (samples: 99009)
INFO:root:Loss: 2582.0475 +/- 2.3789
INFO:root:Epoch no. 379 of 500 (samples: 99009)
INFO:root:Loss: 2581.3095 +/- 2.6909
INFO:root:Epoch no. 380 of 500 (samples: 99009)
INFO:root:Loss: 2580.9542 +/- 2.5829
INFO:root:Epoch no. 381 of 500 (samples: 99009)
INFO:root:Loss: 2581.3607 +/- 2.9921
INFO:root:Epoch no. 382 of 500 (samples: 99009)
INFO:root:Loss: 2581.2324 +/- 3.3988
INFO:root:Epoch no. 383 of 500 (samples: 99009)
INFO:root:Loss: 2581.4455 +/- 2.6364
INFO:root:Epoch no. 384 of 500 (samples: 99009)
INFO:root:Loss: 2581.1297 +/- 3.8034
INFO:root:Epoch no. 385 of 500 (samples: 99009)
INFO:root:Loss: 2581.3127 +/- 3.0677
INFO:root:Epoch no. 386 of 500 (samples: 99009)
INFO:root:Loss: 2581.163 +/- 2.3247
INFO:root:Epoch no. 387 of 500 (samples: 99009)
INFO:root:Loss: 2581.9751 +/- 2.8394
INFO:root:Epoch no. 388 of 500 (samples: 99009)
INFO:root:Loss: 2580.9823 +/- 2.0819
INFO:root:Epoch no. 389 of 500 (samples: 99009)
INFO:root:Loss: 2580.7982 +/- 4.3314
INFO:root:Epoch no. 390 of 500 (samples: 99009)
INFO:root:Loss: 2581.6368 +/- 3.5671
INFO:root:Epoch no. 391 of 500 (samples: 99009)
INFO:root:Loss: 2580.9596 +/- 3.0425
INFO:root:Epoch no. 392 of 500 (samples: 99009)
INFO:root:Loss: 2580.6001 +/- 2.4993
INFO:root:Epoch no. 393 of 500 (samples: 99009)
INFO:root:Loss: 2580.6329 +/- 3.4209
INFO:root:Epoch no. 394 of 500 (samples: 99009)
INFO:root:Loss: 2580.9789 +/- 2.9869
INFO:root:Epoch no. 395 of 500 (samples: 99009)
INFO:root:Loss: 2580.9719 +/- 3.1737
INFO:root:Epoch no. 396 of 500 (samples: 99009)
INFO:root:Loss: 2580.7485 +/- 3.1668
INFO:root:Epoch no. 397 of 500 (samples: 99009)
INFO:root:Loss: 2580.8281 +/- 2.938
INFO:root:Epoch no. 398 of 500 (samples: 99009)
INFO:root:Loss: 2580.721 +/- 3.2936
INFO:root:Epoch no. 399 of 500 (samples: 99009)
INFO:root:Loss: 2580.8104 +/- 3.209
INFO:root:Epoch no. 400 of 500 (samples: 99009)
INFO:root:Loss: 2580.2737 +/- 2.627
INFO:root:Epoch no. 401 of 500 (samples: 99009)
INFO:root:Loss: 2580.5443 +/- 3.8291
INFO:root:Epoch no. 402 of 500 (samples: 99009)
INFO:root:Loss: 2580.5324 +/- 2.698
INFO:root:Epoch no. 403 of 500 (samples: 99009)
INFO:root:Loss: 2581.25 +/- 3.4154
INFO:root:Epoch no. 404 of 500 (samples: 99009)
INFO:root:Loss: 2580.7387 +/- 3.0383
INFO:root:Epoch no. 405 of 500 (samples: 99009)
INFO:root:Loss: 2580.1024 +/- 2.9085
INFO:root:Epoch no. 406 of 500 (samples: 99009)
INFO:root:Loss: 2580.4894 +/- 2.7203
INFO:root:Epoch no. 407 of 500 (samples: 99009)
INFO:root:Loss: 2580.0129 +/- 2.9801
INFO:root:Epoch no. 408 of 500 (samples: 99009)
INFO:root:Loss: 2580.0799 +/- 5.662
INFO:root:Epoch no. 409 of 500 (samples: 99009)
INFO:root:Loss: 2580.9005 +/- 3.9211
INFO:root:Epoch no. 410 of 500 (samples: 99009)
INFO:root:Loss: 2580.7587 +/- 3.7335
INFO:root:Epoch no. 411 of 500 (samples: 99009)
INFO:root:Loss: 2579.3736 +/- 3.4895
INFO:root:Epoch no. 412 of 500 (samples: 99009)
INFO:root:Loss: 2580.2905 +/- 3.4624
INFO:root:Epoch no. 413 of 500 (samples: 99009)
INFO:root:Loss: 2580.4137 +/- 3.2037
INFO:root:Epoch no. 414 of 500 (samples: 99009)
INFO:root:Loss: 2580.3829 +/- 2.7737
INFO:root:Epoch no. 415 of 500 (samples: 99009)
INFO:root:Loss: 2580.3145 +/- 3.8246
INFO:root:Epoch no. 416 of 500 (samples: 99009)
INFO:root:Loss: 2579.4319 +/- 2.5986
INFO:root:Epoch no. 417 of 500 (samples: 99009)
INFO:root:Loss: 2579.2619 +/- 3.8078
INFO:root:Epoch no. 418 of 500 (samples: 99009)
INFO:root:Loss: 2580.5535 +/- 3.8235
INFO:root:Epoch no. 419 of 500 (samples: 99009)
INFO:root:Loss: 2580.3336 +/- 3.2367
INFO:root:Epoch no. 420 of 500 (samples: 99009)
INFO:root:Loss: 2580.5162 +/- 2.2656
INFO:root:Epoch no. 421 of 500 (samples: 99009)
INFO:root:Loss: 2579.957 +/- 2.137
INFO:root:Epoch no. 422 of 500 (samples: 99009)
INFO:root:Loss: 2580.436 +/- 3.2981
INFO:root:Epoch no. 423 of 500 (samples: 99009)
INFO:root:Loss: 2580.1315 +/- 2.8037
INFO:root:Epoch no. 424 of 500 (samples: 99009)
INFO:root:Loss: 2580.1148 +/- 2.8578
INFO:root:Epoch no. 425 of 500 (samples: 99009)
INFO:root:Loss: 2579.63 +/- 2.9935
INFO:root:Epoch no. 426 of 500 (samples: 99009)
INFO:root:Loss: 2579.7891 +/- 3.3638
INFO:root:Epoch no. 427 of 500 (samples: 99009)
INFO:root:Loss: 2580.2874 +/- 4.3773
INFO:root:Epoch no. 428 of 500 (samples: 99009)
INFO:root:Loss: 2579.2162 +/- 4.2238
INFO:root:Epoch no. 429 of 500 (samples: 99009)
INFO:root:Loss: 2580.0391 +/- 4.1419
INFO:root:Epoch no. 430 of 500 (samples: 99009)
INFO:root:Loss: 2579.6087 +/- 3.5943
INFO:root:Epoch no. 431 of 500 (samples: 99009)
INFO:root:Loss: 2579.902 +/- 3.1007
INFO:root:Epoch no. 432 of 500 (samples: 99009)
INFO:root:Loss: 2579.6891 +/- 3.9254
INFO:root:Epoch no. 433 of 500 (samples: 99009)
INFO:root:Loss: 2579.9477 +/- 3.3449
INFO:root:Epoch no. 434 of 500 (samples: 99009)
INFO:root:Loss: 2579.1028 +/- 3.1346
INFO:root:Epoch no. 435 of 500 (samples: 99009)
INFO:root:Loss: 2579.4431 +/- 2.589
INFO:root:Epoch no. 436 of 500 (samples: 99009)
INFO:root:Loss: 2579.6475 +/- 3.6743
INFO:root:Epoch no. 437 of 500 (samples: 99009)
INFO:root:Loss: 2579.1194 +/- 4.0302
INFO:root:Epoch no. 438 of 500 (samples: 99009)
INFO:root:Loss: 2579.8964 +/- 3.2812
INFO:root:Epoch no. 439 of 500 (samples: 99009)
INFO:root:Loss: 2579.7589 +/- 2.4734
INFO:root:Epoch no. 440 of 500 (samples: 99009)
INFO:root:Loss: 2579.321 +/- 2.7348
INFO:root:Epoch no. 441 of 500 (samples: 99009)
INFO:root:Loss: 2579.434 +/- 3.994
INFO:root:Epoch no. 442 of 500 (samples: 99009)
INFO:root:Loss: 2578.7586 +/- 3.9113
INFO:root:Epoch no. 443 of 500 (samples: 99009)
INFO:root:Loss: 2579.6961 +/- 1.9838
INFO:root:Epoch no. 444 of 500 (samples: 99009)
INFO:root:Loss: 2578.8301 +/- 4.1196
INFO:root:Epoch no. 445 of 500 (samples: 99009)
INFO:root:Loss: 2579.2171 +/- 3.6461
INFO:root:Epoch no. 446 of 500 (samples: 99009)
INFO:root:Loss: 2579.3279 +/- 3.7296
INFO:root:Epoch no. 447 of 500 (samples: 99009)
INFO:root:Loss: 2578.9889 +/- 2.7093
INFO:root:Epoch no. 448 of 500 (samples: 99009)
INFO:root:Loss: 2579.3237 +/- 4.2602
INFO:root:Epoch no. 449 of 500 (samples: 99009)
INFO:root:Loss: 2578.1902 +/- 3.673
INFO:root:Epoch no. 450 of 500 (samples: 99009)
INFO:root:Loss: 2578.6467 +/- 2.5074
INFO:root:Epoch no. 451 of 500 (samples: 99009)
INFO:root:Loss: 2578.7654 +/- 3.4525
INFO:root:Epoch no. 452 of 500 (samples: 99009)
INFO:root:Loss: 2579.5736 +/- 5.5041
INFO:root:Epoch no. 453 of 500 (samples: 99009)
INFO:root:Loss: 2579.1495 +/- 2.4353
INFO:root:Epoch no. 454 of 500 (samples: 99009)
INFO:root:Loss: 2578.7777 +/- 2.0261
INFO:root:Epoch no. 455 of 500 (samples: 99009)
INFO:root:Loss: 2579.155 +/- 3.5748
INFO:root:Epoch no. 456 of 500 (samples: 99009)
INFO:root:Loss: 2578.7138 +/- 2.3533
INFO:root:Epoch no. 457 of 500 (samples: 99009)
INFO:root:Loss: 2578.8737 +/- 3.9384
INFO:root:Epoch no. 458 of 500 (samples: 99009)
INFO:root:Loss: 2578.5796 +/- 1.9506
INFO:root:Epoch no. 459 of 500 (samples: 99009)
INFO:root:Loss: 2578.8871 +/- 3.3425
INFO:root:Epoch no. 460 of 500 (samples: 99009)
INFO:root:Loss: 2578.2169 +/- 3.6848
INFO:root:Epoch no. 461 of 500 (samples: 99009)
INFO:root:Loss: 2579.4372 +/- 3.5756
INFO:root:Epoch no. 462 of 500 (samples: 99009)
INFO:root:Loss: 2578.2076 +/- 2.3895
INFO:root:Epoch no. 463 of 500 (samples: 99009)
INFO:root:Loss: 2579.4802 +/- 2.7191
INFO:root:Epoch no. 464 of 500 (samples: 99009)
INFO:root:Loss: 2579.0689 +/- 1.2849
INFO:root:Epoch no. 465 of 500 (samples: 99009)
INFO:root:Loss: 2578.9782 +/- 3.1336
INFO:root:Epoch no. 466 of 500 (samples: 99009)
INFO:root:Loss: 2578.3937 +/- 4.4894
INFO:root:Epoch no. 467 of 500 (samples: 99009)
INFO:root:Loss: 2579.6694 +/- 3.4649
INFO:root:Epoch no. 468 of 500 (samples: 99009)
INFO:root:Loss: 2578.8873 +/- 2.3215
INFO:root:Epoch no. 469 of 500 (samples: 99009)
INFO:root:Loss: 2578.8016 +/- 3.8082
INFO:root:Epoch no. 470 of 500 (samples: 99009)
INFO:root:Loss: 2578.2623 +/- 3.0861
INFO:root:Epoch no. 471 of 500 (samples: 99009)
INFO:root:Loss: 2578.9129 +/- 2.9153
INFO:root:Epoch no. 472 of 500 (samples: 99009)
INFO:root:Loss: 2578.202 +/- 3.4048
INFO:root:Epoch no. 473 of 500 (samples: 99009)
INFO:root:Loss: 2578.9784 +/- 1.8354
INFO:root:Epoch no. 474 of 500 (samples: 99009)
INFO:root:Loss: 2578.9244 +/- 2.4529
INFO:root:Epoch no. 475 of 500 (samples: 99009)
INFO:root:Loss: 2578.2877 +/- 3.9683
INFO:root:Epoch no. 476 of 500 (samples: 99009)
INFO:root:Loss: 2578.4488 +/- 2.7047
INFO:root:Epoch no. 477 of 500 (samples: 99009)
INFO:root:Loss: 2577.7763 +/- 2.6824
INFO:root:Epoch no. 478 of 500 (samples: 99009)
INFO:root:Loss: 2578.2777 +/- 2.7514
INFO:root:Epoch no. 479 of 500 (samples: 99009)
INFO:root:Loss: 2578.3215 +/- 2.4605
INFO:root:Epoch no. 480 of 500 (samples: 99009)
INFO:root:Loss: 2578.1381 +/- 3.3135
INFO:root:Epoch no. 481 of 500 (samples: 99009)
INFO:root:Loss: 2577.3692 +/- 3.401
INFO:root:Epoch no. 482 of 500 (samples: 99009)
INFO:root:Loss: 2578.689 +/- 2.514
INFO:root:Epoch no. 483 of 500 (samples: 99009)
INFO:root:Loss: 2577.8326 +/- 2.5344
INFO:root:Epoch no. 484 of 500 (samples: 99009)
INFO:root:Loss: 2578.1268 +/- 3.0686
INFO:root:Epoch no. 485 of 500 (samples: 99009)
INFO:root:Loss: 2578.1113 +/- 2.6146
INFO:root:Epoch no. 486 of 500 (samples: 99009)
INFO:root:Loss: 2577.9573 +/- 2.8574
INFO:root:Epoch no. 487 of 500 (samples: 99009)
INFO:root:Loss: 2578.2793 +/- 2.1653
INFO:root:Epoch no. 488 of 500 (samples: 99009)
INFO:root:Loss: 2577.6536 +/- 3.1027
INFO:root:Epoch no. 489 of 500 (samples: 99009)
INFO:root:Loss: 2578.4446 +/- 2.1181
INFO:root:Epoch no. 490 of 500 (samples: 99009)
INFO:root:Loss: 2578.0891 +/- 2.3194
INFO:root:Epoch no. 491 of 500 (samples: 99009)
INFO:root:Loss: 2577.6215 +/- 2.8852
INFO:root:Epoch no. 492 of 500 (samples: 99009)
INFO:root:Loss: 2577.5463 +/- 2.8814
INFO:root:Epoch no. 493 of 500 (samples: 99009)
INFO:root:Loss: 2578.2416 +/- 2.9718
INFO:root:Epoch no. 494 of 500 (samples: 99009)
INFO:root:Loss: 2577.5907 +/- 4.2466
INFO:root:Epoch no. 495 of 500 (samples: 99009)
INFO:root:Loss: 2577.8666 +/- 3.027
INFO:root:Epoch no. 496 of 500 (samples: 99009)
INFO:root:Loss: 2578.5596 +/- 2.5003
INFO:root:Epoch no. 497 of 500 (samples: 99009)
INFO:root:Loss: 2577.4736 +/- 2.4386
INFO:root:Epoch no. 498 of 500 (samples: 99009)
INFO:root:Loss: 2577.3883 +/- 1.9328
INFO:root:Epoch no. 499 of 500 (samples: 99009)
INFO:root:Loss: 2577.2863 +/- 3.4165
INFO:root:Epoch no. 500 of 500 (samples: 99009)
INFO:root:Loss: 2577.136 +/- 3.1193
/usr/local/lib/python3.5/dist-packages/keras/backend/theano_backend.py:527: UserWarning: theano.function was asked to create a function computing outputs given certain inputs, but the provided input variable at index 2 is not part of the computational graph needed to compute the outputs: keras_learning_phase.
To make this warning into an error, you can pass the parameter on_unused_input='raise' to theano.function. To disable it completely, use on_unused_input='ignore'.
  **kwargs)
INFO:root:### MICRO (validation raw):
INFO:root:	-- left   >> mean: 2235.7112, median: 77.0, mrr: 0.097, hits@1: 1.22%
INFO:root:	-- right  >> mean: 2258.8148, median: 83.0, mrr: 0.096, hits@1: 1.24%
INFO:root:	-- global >> mean: 2247.263, median: 80.0, mrr: 0.097, hits@1: 1.23%
INFO:root:### MICRO (validation raw):
INFO:root:	-- left   >> mean: 2235.7112, median: 77.0, mrr: 0.097, hits@3: 12.36%
INFO:root:	-- right  >> mean: 2258.8148, median: 83.0, mrr: 0.096, hits@3: 12.82%
INFO:root:	-- global >> mean: 2247.263, median: 80.0, mrr: 0.097, hits@3: 12.59%
INFO:root:### MICRO (validation raw):
INFO:root:	-- left   >> mean: 2235.7112, median: 77.0, mrr: 0.097, hits@5: 18.9%
INFO:root:	-- right  >> mean: 2258.8148, median: 83.0, mrr: 0.096, hits@5: 18.56%
INFO:root:	-- global >> mean: 2247.263, median: 80.0, mrr: 0.097, hits@5: 18.73%
INFO:root:### MICRO (validation raw):
INFO:root:	-- left   >> mean: 2235.7112, median: 77.0, mrr: 0.097, hits@10: 27.18%
INFO:root:	-- right  >> mean: 2258.8148, median: 83.0, mrr: 0.096, hits@10: 26.86%
INFO:root:	-- global >> mean: 2247.263, median: 80.0, mrr: 0.097, hits@10: 27.02%
INFO:root:### MICRO (validation filtered):
INFO:root:	-- left   >> mean: 2227.938, median: 71.0, mrr: 0.106, hits@1: 1.4%
INFO:root:	-- right  >> mean: 2250.5678, median: 75.0, mrr: 0.108, hits@1: 1.58%
INFO:root:	-- global >> mean: 2239.2529, median: 73.0, mrr: 0.107, hits@1: 1.49%
INFO:root:### MICRO (validation filtered):
INFO:root:	-- left   >> mean: 2227.938, median: 71.0, mrr: 0.106, hits@3: 14.36%
INFO:root:	-- right  >> mean: 2250.5678, median: 75.0, mrr: 0.108, hits@3: 15.1%
INFO:root:	-- global >> mean: 2239.2529, median: 73.0, mrr: 0.107, hits@3: 14.73%
INFO:root:### MICRO (validation filtered):
INFO:root:	-- left   >> mean: 2227.938, median: 71.0, mrr: 0.106, hits@5: 20.82%
INFO:root:	-- right  >> mean: 2250.5678, median: 75.0, mrr: 0.108, hits@5: 20.76%
INFO:root:	-- global >> mean: 2239.2529, median: 73.0, mrr: 0.107, hits@5: 20.79%
INFO:root:### MICRO (validation filtered):
INFO:root:	-- left   >> mean: 2227.938, median: 71.0, mrr: 0.106, hits@10: 28.78%
INFO:root:	-- right  >> mean: 2250.5678, median: 75.0, mrr: 0.108, hits@10: 28.54%
INFO:root:	-- global >> mean: 2239.2529, median: 73.0, mrr: 0.107, hits@10: 28.66%
INFO:root:### MICRO (test raw):
INFO:root:	-- left   >> mean: 2081.0402, median: 76.0, mrr: 0.097, hits@1: 1.1%
INFO:root:	-- right  >> mean: 2069.7178, median: 68.0, mrr: 0.098, hits@1: 0.94%
INFO:root:	-- global >> mean: 2075.379, median: 71.5, mrr: 0.097, hits@1: 1.02%
INFO:root:### MICRO (test raw):
INFO:root:	-- left   >> mean: 2081.0402, median: 76.0, mrr: 0.097, hits@3: 12.6%
INFO:root:	-- right  >> mean: 2069.7178, median: 68.0, mrr: 0.098, hits@3: 12.94%
INFO:root:	-- global >> mean: 2075.379, median: 71.5, mrr: 0.097, hits@3: 12.77%
INFO:root:### MICRO (test raw):
INFO:root:	-- left   >> mean: 2081.0402, median: 76.0, mrr: 0.097, hits@5: 18.62%
INFO:root:	-- right  >> mean: 2069.7178, median: 68.0, mrr: 0.098, hits@5: 19.64%
INFO:root:	-- global >> mean: 2075.379, median: 71.5, mrr: 0.097, hits@5: 19.13%
INFO:root:### MICRO (test raw):
INFO:root:	-- left   >> mean: 2081.0402, median: 76.0, mrr: 0.097, hits@10: 27.52%
INFO:root:	-- right  >> mean: 2069.7178, median: 68.0, mrr: 0.098, hits@10: 27.42%
INFO:root:	-- global >> mean: 2075.379, median: 71.5, mrr: 0.097, hits@10: 27.47%
INFO:root:### MICRO (test filtered):
INFO:root:	-- left   >> mean: 2072.815, median: 68.0, mrr: 0.108, hits@1: 1.28%
INFO:root:	-- right  >> mean: 2062.287, median: 63.0, mrr: 0.108, hits@1: 1.2%
INFO:root:	-- global >> mean: 2067.551, median: 65.0, mrr: 0.108, hits@1: 1.24%
INFO:root:### MICRO (test filtered):
INFO:root:	-- left   >> mean: 2072.815, median: 68.0, mrr: 0.108, hits@3: 14.6%
INFO:root:	-- right  >> mean: 2062.287, median: 63.0, mrr: 0.108, hits@3: 14.86%
INFO:root:	-- global >> mean: 2067.551, median: 65.0, mrr: 0.108, hits@3: 14.73%
INFO:root:### MICRO (test filtered):
INFO:root:	-- left   >> mean: 2072.815, median: 68.0, mrr: 0.108, hits@5: 20.7%
INFO:root:	-- right  >> mean: 2062.287, median: 63.0, mrr: 0.108, hits@5: 21.7%
INFO:root:	-- global >> mean: 2067.551, median: 65.0, mrr: 0.108, hits@5: 21.2%
INFO:root:### MICRO (test filtered):
INFO:root:	-- left   >> mean: 2072.815, median: 68.0, mrr: 0.108, hits@10: 29.24%
INFO:root:	-- right  >> mean: 2062.287, median: 63.0, mrr: 0.108, hits@10: 29.3%
INFO:root:	-- global >> mean: 2067.551, median: 65.0, mrr: 0.108, hits@10: 29.27%
