Using Theano backend.
Using gpu device 0: GeForce GTX TITAN X (CNMeM is disabled, cuDNN not available)
INFO:root:Acquiring data/wn18/wordnet-mlj12-train.txt ..
INFO:root:Acquiring data/wn18/wordnet-mlj12-valid.txt ..
INFO:root:Acquiring data/wn18/wordnet-mlj12-test.txt ..
INFO:root:[Rules] Adding Head: 15, Tail: [(10, True)]
INFO:root:[Rules] Adding Head: 12, Tail: [(17, True)]
INFO:root:[Rules] Adding Head: 4, Tail: [(5, True)]
INFO:root:[Rules] Adding Head: 13, Tail: [(3, True)]
INFO:root:[Rules] Adding Head: 5, Tail: [(4, True)]
INFO:root:[Rules] Adding Head: 16, Tail: [(11, True)]
INFO:root:[Rules] Adding Head: 17, Tail: [(12, True)]
INFO:root:[Rules] Adding Head: 11, Tail: [(16, True)]
INFO:root:[Rules] Adding Head: 8, Tail: [(9, True)]
INFO:root:[Rules] Adding Head: 2, Tail: [(2, True)]
INFO:root:Samples: 70721, no. batches: 10 -> batch size: 7073
INFO:root:Epoch no. 1 of 500 (samples: 70721)
INFO:root:Loss: 1115.383 +/- 616.234
INFO:root:Epoch no. 2 of 500 (samples: 70721)
INFO:root:Loss: 291.7793 +/- 29.0444
INFO:root:Epoch no. 3 of 500 (samples: 70721)
INFO:root:Loss: 61.0739 +/- 2.0254
INFO:root:Epoch no. 4 of 500 (samples: 70721)
INFO:root:Loss: 23.1144 +/- 1.4508
INFO:root:Epoch no. 5 of 500 (samples: 70721)
INFO:root:Loss: 12.8842 +/- 0.6519
INFO:root:Epoch no. 6 of 500 (samples: 70721)
INFO:root:Loss: 9.2303 +/- 0.9714
INFO:root:Epoch no. 7 of 500 (samples: 70721)
INFO:root:Loss: 6.5373 +/- 0.7056
INFO:root:Epoch no. 8 of 500 (samples: 70721)
INFO:root:Loss: 6.3491 +/- 0.4583
INFO:root:Epoch no. 9 of 500 (samples: 70721)
INFO:root:Loss: 4.716 +/- 0.5347
INFO:root:Epoch no. 10 of 500 (samples: 70721)
INFO:root:Loss: 4.3895 +/- 0.4947
INFO:root:Epoch no. 11 of 500 (samples: 70721)
INFO:root:Loss: 3.6144 +/- 0.4176
INFO:root:Epoch no. 12 of 500 (samples: 70721)
INFO:root:Loss: 3.0753 +/- 0.4326
INFO:root:Epoch no. 13 of 500 (samples: 70721)
INFO:root:Loss: 2.9818 +/- 0.3293
INFO:root:Epoch no. 14 of 500 (samples: 70721)
INFO:root:Loss: 2.9827 +/- 0.4635
INFO:root:Epoch no. 15 of 500 (samples: 70721)
INFO:root:Loss: 2.7224 +/- 0.3751
INFO:root:Epoch no. 16 of 500 (samples: 70721)
INFO:root:Loss: 2.273 +/- 0.4567
INFO:root:Epoch no. 17 of 500 (samples: 70721)
INFO:root:Loss: 2.536 +/- 0.7661
INFO:root:Epoch no. 18 of 500 (samples: 70721)
INFO:root:Loss: 2.1717 +/- 0.4106
INFO:root:Epoch no. 19 of 500 (samples: 70721)
INFO:root:Loss: 2.0716 +/- 0.6219
INFO:root:Epoch no. 20 of 500 (samples: 70721)
INFO:root:Loss: 1.9372 +/- 0.5574
INFO:root:Epoch no. 21 of 500 (samples: 70721)
INFO:root:Loss: 1.9223 +/- 0.4707
INFO:root:Epoch no. 22 of 500 (samples: 70721)
INFO:root:Loss: 1.7849 +/- 0.4116
INFO:root:Epoch no. 23 of 500 (samples: 70721)
INFO:root:Loss: 2.0117 +/- 0.5589
INFO:root:Epoch no. 24 of 500 (samples: 70721)
INFO:root:Loss: 1.6658 +/- 0.3733
INFO:root:Epoch no. 25 of 500 (samples: 70721)
INFO:root:Loss: 1.4175 +/- 0.312
INFO:root:Epoch no. 26 of 500 (samples: 70721)
INFO:root:Loss: 1.509 +/- 0.5027
INFO:root:Epoch no. 27 of 500 (samples: 70721)
INFO:root:Loss: 1.1751 +/- 0.1637
INFO:root:Epoch no. 28 of 500 (samples: 70721)
INFO:root:Loss: 1.5419 +/- 0.3418
INFO:root:Epoch no. 29 of 500 (samples: 70721)
INFO:root:Loss: 1.4648 +/- 0.461
INFO:root:Epoch no. 30 of 500 (samples: 70721)
INFO:root:Loss: 1.4068 +/- 0.3104
INFO:root:Epoch no. 31 of 500 (samples: 70721)
INFO:root:Loss: 1.3877 +/- 0.5335
INFO:root:Epoch no. 32 of 500 (samples: 70721)
INFO:root:Loss: 1.5942 +/- 0.5317
INFO:root:Epoch no. 33 of 500 (samples: 70721)
INFO:root:Loss: 1.3767 +/- 0.4867
INFO:root:Epoch no. 34 of 500 (samples: 70721)
INFO:root:Loss: 1.2001 +/- 0.2726
INFO:root:Epoch no. 35 of 500 (samples: 70721)
INFO:root:Loss: 0.9471 +/- 0.296
INFO:root:Epoch no. 36 of 500 (samples: 70721)
INFO:root:Loss: 1.4503 +/- 0.4441
INFO:root:Epoch no. 37 of 500 (samples: 70721)
INFO:root:Loss: 1.2494 +/- 0.3301
INFO:root:Epoch no. 38 of 500 (samples: 70721)
INFO:root:Loss: 1.053 +/- 0.3363
INFO:root:Epoch no. 39 of 500 (samples: 70721)
INFO:root:Loss: 1.2608 +/- 0.3185
INFO:root:Epoch no. 40 of 500 (samples: 70721)
INFO:root:Loss: 1.2126 +/- 0.387
INFO:root:Epoch no. 41 of 500 (samples: 70721)
INFO:root:Loss: 1.1555 +/- 0.4984
INFO:root:Epoch no. 42 of 500 (samples: 70721)
INFO:root:Loss: 1.0973 +/- 0.4392
INFO:root:Epoch no. 43 of 500 (samples: 70721)
INFO:root:Loss: 1.1929 +/- 0.4378
INFO:root:Epoch no. 44 of 500 (samples: 70721)
INFO:root:Loss: 1.0548 +/- 0.4368
INFO:root:Epoch no. 45 of 500 (samples: 70721)
INFO:root:Loss: 0.9416 +/- 0.3544
INFO:root:Epoch no. 46 of 500 (samples: 70721)
INFO:root:Loss: 1.0809 +/- 0.3092
INFO:root:Epoch no. 47 of 500 (samples: 70721)
INFO:root:Loss: 1.0949 +/- 0.3097
INFO:root:Epoch no. 48 of 500 (samples: 70721)
INFO:root:Loss: 1.0413 +/- 0.2811
INFO:root:Epoch no. 49 of 500 (samples: 70721)
INFO:root:Loss: 1.1727 +/- 0.3416
INFO:root:Epoch no. 50 of 500 (samples: 70721)
INFO:root:Loss: 0.8606 +/- 0.2134
INFO:root:Epoch no. 51 of 500 (samples: 70721)
INFO:root:Loss: 0.9407 +/- 0.3151
INFO:root:Epoch no. 52 of 500 (samples: 70721)
INFO:root:Loss: 1.2187 +/- 0.2698
INFO:root:Epoch no. 53 of 500 (samples: 70721)
INFO:root:Loss: 1.212 +/- 0.306
INFO:root:Epoch no. 54 of 500 (samples: 70721)
INFO:root:Loss: 0.9144 +/- 0.2693
INFO:root:Epoch no. 55 of 500 (samples: 70721)
INFO:root:Loss: 0.9477 +/- 0.2068
INFO:root:Epoch no. 56 of 500 (samples: 70721)
INFO:root:Loss: 1.1301 +/- 0.5056
INFO:root:Epoch no. 57 of 500 (samples: 70721)
INFO:root:Loss: 1.0693 +/- 0.2856
INFO:root:Epoch no. 58 of 500 (samples: 70721)
INFO:root:Loss: 1.1175 +/- 0.6191
INFO:root:Epoch no. 59 of 500 (samples: 70721)
INFO:root:Loss: 0.847 +/- 0.2636
INFO:root:Epoch no. 60 of 500 (samples: 70721)
INFO:root:Loss: 0.875 +/- 0.3625
INFO:root:Epoch no. 61 of 500 (samples: 70721)
INFO:root:Loss: 1.0413 +/- 0.4049
INFO:root:Epoch no. 62 of 500 (samples: 70721)
INFO:root:Loss: 0.8946 +/- 0.2847
INFO:root:Epoch no. 63 of 500 (samples: 70721)
INFO:root:Loss: 0.9433 +/- 0.2979
INFO:root:Epoch no. 64 of 500 (samples: 70721)
INFO:root:Loss: 0.6871 +/- 0.2764
INFO:root:Epoch no. 65 of 500 (samples: 70721)
INFO:root:Loss: 0.9688 +/- 0.3696
INFO:root:Epoch no. 66 of 500 (samples: 70721)
INFO:root:Loss: 0.9665 +/- 0.2234
INFO:root:Epoch no. 67 of 500 (samples: 70721)
INFO:root:Loss: 1.0907 +/- 0.2731
INFO:root:Epoch no. 68 of 500 (samples: 70721)
INFO:root:Loss: 0.7706 +/- 0.2287
INFO:root:Epoch no. 69 of 500 (samples: 70721)
INFO:root:Loss: 0.6053 +/- 0.2881
INFO:root:Epoch no. 70 of 500 (samples: 70721)
INFO:root:Loss: 0.7797 +/- 0.2957
INFO:root:Epoch no. 71 of 500 (samples: 70721)
INFO:root:Loss: 0.6816 +/- 0.3404
INFO:root:Epoch no. 72 of 500 (samples: 70721)
INFO:root:Loss: 0.7806 +/- 0.274
INFO:root:Epoch no. 73 of 500 (samples: 70721)
INFO:root:Loss: 0.9338 +/- 0.3533
INFO:root:Epoch no. 74 of 500 (samples: 70721)
INFO:root:Loss: 0.7735 +/- 0.1866
INFO:root:Epoch no. 75 of 500 (samples: 70721)
INFO:root:Loss: 0.9687 +/- 0.2767
INFO:root:Epoch no. 76 of 500 (samples: 70721)
INFO:root:Loss: 0.9711 +/- 0.4723
INFO:root:Epoch no. 77 of 500 (samples: 70721)
INFO:root:Loss: 0.9026 +/- 0.2991
INFO:root:Epoch no. 78 of 500 (samples: 70721)
INFO:root:Loss: 0.8772 +/- 0.4737
INFO:root:Epoch no. 79 of 500 (samples: 70721)
INFO:root:Loss: 0.9114 +/- 0.2477
INFO:root:Epoch no. 80 of 500 (samples: 70721)
INFO:root:Loss: 0.7592 +/- 0.235
INFO:root:Epoch no. 81 of 500 (samples: 70721)
INFO:root:Loss: 0.6602 +/- 0.3281
INFO:root:Epoch no. 82 of 500 (samples: 70721)
INFO:root:Loss: 0.767 +/- 0.2374
INFO:root:Epoch no. 83 of 500 (samples: 70721)
INFO:root:Loss: 0.8056 +/- 0.3967
INFO:root:Epoch no. 84 of 500 (samples: 70721)
INFO:root:Loss: 0.6754 +/- 0.2065
INFO:root:Epoch no. 85 of 500 (samples: 70721)
INFO:root:Loss: 0.8499 +/- 0.3191
INFO:root:Epoch no. 86 of 500 (samples: 70721)
INFO:root:Loss: 0.8316 +/- 0.2829
INFO:root:Epoch no. 87 of 500 (samples: 70721)
INFO:root:Loss: 0.7843 +/- 0.3564
INFO:root:Epoch no. 88 of 500 (samples: 70721)
INFO:root:Loss: 0.7617 +/- 0.2973
INFO:root:Epoch no. 89 of 500 (samples: 70721)
INFO:root:Loss: 0.6469 +/- 0.1201
INFO:root:Epoch no. 90 of 500 (samples: 70721)
INFO:root:Loss: 0.9299 +/- 0.4624
INFO:root:Epoch no. 91 of 500 (samples: 70721)
INFO:root:Loss: 0.8615 +/- 0.556
INFO:root:Epoch no. 92 of 500 (samples: 70721)
INFO:root:Loss: 0.6935 +/- 0.3425
INFO:root:Epoch no. 93 of 500 (samples: 70721)
INFO:root:Loss: 0.9088 +/- 0.2961
INFO:root:Epoch no. 94 of 500 (samples: 70721)
INFO:root:Loss: 0.6526 +/- 0.4066
INFO:root:Epoch no. 95 of 500 (samples: 70721)
INFO:root:Loss: 0.6376 +/- 0.2637
INFO:root:Epoch no. 96 of 500 (samples: 70721)
INFO:root:Loss: 0.6866 +/- 0.1961
INFO:root:Epoch no. 97 of 500 (samples: 70721)
INFO:root:Loss: 0.816 +/- 0.2887
INFO:root:Epoch no. 98 of 500 (samples: 70721)
INFO:root:Loss: 0.6294 +/- 0.2162
INFO:root:Epoch no. 99 of 500 (samples: 70721)
INFO:root:Loss: 0.7136 +/- 0.3798
INFO:root:Epoch no. 100 of 500 (samples: 70721)
INFO:root:Loss: 0.7577 +/- 0.3613
INFO:root:Epoch no. 101 of 500 (samples: 70721)
INFO:root:Loss: 0.5603 +/- 0.2812
INFO:root:Epoch no. 102 of 500 (samples: 70721)
INFO:root:Loss: 0.6155 +/- 0.1779
INFO:root:Epoch no. 103 of 500 (samples: 70721)
INFO:root:Loss: 0.7444 +/- 0.4225
INFO:root:Epoch no. 104 of 500 (samples: 70721)
INFO:root:Loss: 0.7369 +/- 0.3271
INFO:root:Epoch no. 105 of 500 (samples: 70721)
INFO:root:Loss: 0.8409 +/- 0.2724
INFO:root:Epoch no. 106 of 500 (samples: 70721)
INFO:root:Loss: 0.8486 +/- 0.4421
INFO:root:Epoch no. 107 of 500 (samples: 70721)
INFO:root:Loss: 0.8295 +/- 0.2827
INFO:root:Epoch no. 108 of 500 (samples: 70721)
INFO:root:Loss: 1.1004 +/- 0.6751
INFO:root:Epoch no. 109 of 500 (samples: 70721)
INFO:root:Loss: 0.8222 +/- 0.3759
INFO:root:Epoch no. 110 of 500 (samples: 70721)
INFO:root:Loss: 0.6526 +/- 0.1856
INFO:root:Epoch no. 111 of 500 (samples: 70721)
INFO:root:Loss: 0.9124 +/- 0.3608
INFO:root:Epoch no. 112 of 500 (samples: 70721)
INFO:root:Loss: 0.6328 +/- 0.3778
INFO:root:Epoch no. 113 of 500 (samples: 70721)
INFO:root:Loss: 0.6711 +/- 0.3065
INFO:root:Epoch no. 114 of 500 (samples: 70721)
INFO:root:Loss: 0.5592 +/- 0.3145
INFO:root:Epoch no. 115 of 500 (samples: 70721)
INFO:root:Loss: 0.8022 +/- 0.5677
INFO:root:Epoch no. 116 of 500 (samples: 70721)
INFO:root:Loss: 0.6021 +/- 0.2336
INFO:root:Epoch no. 117 of 500 (samples: 70721)
INFO:root:Loss: 0.6088 +/- 0.3702
INFO:root:Epoch no. 118 of 500 (samples: 70721)
INFO:root:Loss: 0.5715 +/- 0.287
INFO:root:Epoch no. 119 of 500 (samples: 70721)
INFO:root:Loss: 0.608 +/- 0.2256
INFO:root:Epoch no. 120 of 500 (samples: 70721)
INFO:root:Loss: 0.7761 +/- 0.3021
INFO:root:Epoch no. 121 of 500 (samples: 70721)
INFO:root:Loss: 0.6282 +/- 0.2586
INFO:root:Epoch no. 122 of 500 (samples: 70721)
INFO:root:Loss: 0.5148 +/- 0.15
INFO:root:Epoch no. 123 of 500 (samples: 70721)
INFO:root:Loss: 0.7511 +/- 0.3299
INFO:root:Epoch no. 124 of 500 (samples: 70721)
INFO:root:Loss: 0.6776 +/- 0.2574
INFO:root:Epoch no. 125 of 500 (samples: 70721)
INFO:root:Loss: 0.6558 +/- 0.4338
INFO:root:Epoch no. 126 of 500 (samples: 70721)
INFO:root:Loss: 0.6896 +/- 0.2509
INFO:root:Epoch no. 127 of 500 (samples: 70721)
INFO:root:Loss: 0.885 +/- 0.4643
INFO:root:Epoch no. 128 of 500 (samples: 70721)
INFO:root:Loss: 0.6666 +/- 0.337
INFO:root:Epoch no. 129 of 500 (samples: 70721)
INFO:root:Loss: 0.8498 +/- 0.4862
INFO:root:Epoch no. 130 of 500 (samples: 70721)
INFO:root:Loss: 0.8817 +/- 0.3921
INFO:root:Epoch no. 131 of 500 (samples: 70721)
INFO:root:Loss: 0.6192 +/- 0.2345
INFO:root:Epoch no. 132 of 500 (samples: 70721)
INFO:root:Loss: 0.65 +/- 0.3026
INFO:root:Epoch no. 133 of 500 (samples: 70721)
INFO:root:Loss: 0.6674 +/- 0.2793
INFO:root:Epoch no. 134 of 500 (samples: 70721)
INFO:root:Loss: 0.6416 +/- 0.2303
INFO:root:Epoch no. 135 of 500 (samples: 70721)
INFO:root:Loss: 0.6555 +/- 0.2413
INFO:root:Epoch no. 136 of 500 (samples: 70721)
INFO:root:Loss: 0.7848 +/- 0.4104
INFO:root:Epoch no. 137 of 500 (samples: 70721)
INFO:root:Loss: 0.8192 +/- 0.3947
INFO:root:Epoch no. 138 of 500 (samples: 70721)
INFO:root:Loss: 0.7408 +/- 0.326
INFO:root:Epoch no. 139 of 500 (samples: 70721)
INFO:root:Loss: 0.6895 +/- 0.2336
INFO:root:Epoch no. 140 of 500 (samples: 70721)
INFO:root:Loss: 0.6576 +/- 0.1894
INFO:root:Epoch no. 141 of 500 (samples: 70721)
INFO:root:Loss: 0.602 +/- 0.119
INFO:root:Epoch no. 142 of 500 (samples: 70721)
INFO:root:Loss: 0.5501 +/- 0.2133
INFO:root:Epoch no. 143 of 500 (samples: 70721)
INFO:root:Loss: 0.7607 +/- 0.4056
INFO:root:Epoch no. 144 of 500 (samples: 70721)
INFO:root:Loss: 0.5776 +/- 0.2667
INFO:root:Epoch no. 145 of 500 (samples: 70721)
INFO:root:Loss: 0.7749 +/- 0.2598
INFO:root:Epoch no. 146 of 500 (samples: 70721)
INFO:root:Loss: 0.6184 +/- 0.3391
INFO:root:Epoch no. 147 of 500 (samples: 70721)
INFO:root:Loss: 0.5531 +/- 0.2366
INFO:root:Epoch no. 148 of 500 (samples: 70721)
INFO:root:Loss: 0.7346 +/- 0.4036
INFO:root:Epoch no. 149 of 500 (samples: 70721)
INFO:root:Loss: 0.8498 +/- 0.4238
INFO:root:Epoch no. 150 of 500 (samples: 70721)
INFO:root:Loss: 0.6845 +/- 0.3758
INFO:root:Epoch no. 151 of 500 (samples: 70721)
INFO:root:Loss: 0.61 +/- 0.3044
INFO:root:Epoch no. 152 of 500 (samples: 70721)
INFO:root:Loss: 0.5955 +/- 0.2902
INFO:root:Epoch no. 153 of 500 (samples: 70721)
INFO:root:Loss: 0.7831 +/- 0.3853
INFO:root:Epoch no. 154 of 500 (samples: 70721)
INFO:root:Loss: 0.6043 +/- 0.2578
INFO:root:Epoch no. 155 of 500 (samples: 70721)
INFO:root:Loss: 0.7931 +/- 0.306
INFO:root:Epoch no. 156 of 500 (samples: 70721)
INFO:root:Loss: 0.5465 +/- 0.3408
INFO:root:Epoch no. 157 of 500 (samples: 70721)
INFO:root:Loss: 0.8874 +/- 0.2497
INFO:root:Epoch no. 158 of 500 (samples: 70721)
INFO:root:Loss: 0.6589 +/- 0.3273
INFO:root:Epoch no. 159 of 500 (samples: 70721)
INFO:root:Loss: 0.7987 +/- 0.1931
INFO:root:Epoch no. 160 of 500 (samples: 70721)
INFO:root:Loss: 0.6827 +/- 0.3447
INFO:root:Epoch no. 161 of 500 (samples: 70721)
INFO:root:Loss: 0.6889 +/- 0.1744
INFO:root:Epoch no. 162 of 500 (samples: 70721)
INFO:root:Loss: 0.7444 +/- 0.3204
INFO:root:Epoch no. 163 of 500 (samples: 70721)
INFO:root:Loss: 0.7617 +/- 0.3517
INFO:root:Epoch no. 164 of 500 (samples: 70721)
INFO:root:Loss: 0.6247 +/- 0.2783
INFO:root:Epoch no. 165 of 500 (samples: 70721)
INFO:root:Loss: 0.7275 +/- 0.4282
INFO:root:Epoch no. 166 of 500 (samples: 70721)
INFO:root:Loss: 0.5916 +/- 0.2869
INFO:root:Epoch no. 167 of 500 (samples: 70721)
INFO:root:Loss: 0.7828 +/- 0.4047
INFO:root:Epoch no. 168 of 500 (samples: 70721)
INFO:root:Loss: 0.6507 +/- 0.3128
INFO:root:Epoch no. 169 of 500 (samples: 70721)
INFO:root:Loss: 0.5541 +/- 0.2991
INFO:root:Epoch no. 170 of 500 (samples: 70721)
INFO:root:Loss: 0.6161 +/- 0.2325
INFO:root:Epoch no. 171 of 500 (samples: 70721)
INFO:root:Loss: 0.676 +/- 0.3065
INFO:root:Epoch no. 172 of 500 (samples: 70721)
INFO:root:Loss: 0.5423 +/- 0.3182
INFO:root:Epoch no. 173 of 500 (samples: 70721)
INFO:root:Loss: 0.6438 +/- 0.4154
INFO:root:Epoch no. 174 of 500 (samples: 70721)
INFO:root:Loss: 0.7689 +/- 0.4425
INFO:root:Epoch no. 175 of 500 (samples: 70721)
INFO:root:Loss: 0.6913 +/- 0.2297
INFO:root:Epoch no. 176 of 500 (samples: 70721)
INFO:root:Loss: 0.4708 +/- 0.1747
INFO:root:Epoch no. 177 of 500 (samples: 70721)
INFO:root:Loss: 0.6788 +/- 0.3899
INFO:root:Epoch no. 178 of 500 (samples: 70721)
INFO:root:Loss: 0.6343 +/- 0.2727
INFO:root:Epoch no. 179 of 500 (samples: 70721)
INFO:root:Loss: 0.6499 +/- 0.1699
INFO:root:Epoch no. 180 of 500 (samples: 70721)
INFO:root:Loss: 0.7213 +/- 0.2219
INFO:root:Epoch no. 181 of 500 (samples: 70721)
INFO:root:Loss: 0.6302 +/- 0.2947
INFO:root:Epoch no. 182 of 500 (samples: 70721)
INFO:root:Loss: 0.5436 +/- 0.2965
INFO:root:Epoch no. 183 of 500 (samples: 70721)
INFO:root:Loss: 0.7092 +/- 0.2082
INFO:root:Epoch no. 184 of 500 (samples: 70721)
INFO:root:Loss: 0.6712 +/- 0.2797
INFO:root:Epoch no. 185 of 500 (samples: 70721)
INFO:root:Loss: 0.6129 +/- 0.3708
INFO:root:Epoch no. 186 of 500 (samples: 70721)
INFO:root:Loss: 0.6128 +/- 0.3347
INFO:root:Epoch no. 187 of 500 (samples: 70721)
INFO:root:Loss: 0.72 +/- 0.2407
INFO:root:Epoch no. 188 of 500 (samples: 70721)
INFO:root:Loss: 0.5803 +/- 0.2421
INFO:root:Epoch no. 189 of 500 (samples: 70721)
INFO:root:Loss: 0.8265 +/- 0.4099
INFO:root:Epoch no. 190 of 500 (samples: 70721)
INFO:root:Loss: 0.6553 +/- 0.2114
INFO:root:Epoch no. 191 of 500 (samples: 70721)
INFO:root:Loss: 0.5841 +/- 0.2425
INFO:root:Epoch no. 192 of 500 (samples: 70721)
INFO:root:Loss: 0.5245 +/- 0.1586
INFO:root:Epoch no. 193 of 500 (samples: 70721)
INFO:root:Loss: 0.7841 +/- 0.4865
INFO:root:Epoch no. 194 of 500 (samples: 70721)
INFO:root:Loss: 0.7433 +/- 0.3617
INFO:root:Epoch no. 195 of 500 (samples: 70721)
INFO:root:Loss: 0.6859 +/- 0.2862
INFO:root:Epoch no. 196 of 500 (samples: 70721)
INFO:root:Loss: 0.7193 +/- 0.3424
INFO:root:Epoch no. 197 of 500 (samples: 70721)
INFO:root:Loss: 0.5943 +/- 0.2739
INFO:root:Epoch no. 198 of 500 (samples: 70721)
INFO:root:Loss: 0.6247 +/- 0.2884
INFO:root:Epoch no. 199 of 500 (samples: 70721)
INFO:root:Loss: 0.6967 +/- 0.2835
INFO:root:Epoch no. 200 of 500 (samples: 70721)
INFO:root:Loss: 0.555 +/- 0.1873
INFO:root:Epoch no. 201 of 500 (samples: 70721)
INFO:root:Loss: 0.8491 +/- 0.378
INFO:root:Epoch no. 202 of 500 (samples: 70721)
INFO:root:Loss: 0.5987 +/- 0.2292
INFO:root:Epoch no. 203 of 500 (samples: 70721)
INFO:root:Loss: 0.6099 +/- 0.1996
INFO:root:Epoch no. 204 of 500 (samples: 70721)
INFO:root:Loss: 0.5994 +/- 0.3629
INFO:root:Epoch no. 205 of 500 (samples: 70721)
INFO:root:Loss: 0.5267 +/- 0.2103
INFO:root:Epoch no. 206 of 500 (samples: 70721)
INFO:root:Loss: 0.6329 +/- 0.2194
INFO:root:Epoch no. 207 of 500 (samples: 70721)
INFO:root:Loss: 0.585 +/- 0.1744
INFO:root:Epoch no. 208 of 500 (samples: 70721)
INFO:root:Loss: 0.5045 +/- 0.3154
INFO:root:Epoch no. 209 of 500 (samples: 70721)
INFO:root:Loss: 0.4161 +/- 0.2488
INFO:root:Epoch no. 210 of 500 (samples: 70721)
INFO:root:Loss: 0.6816 +/- 0.3119
INFO:root:Epoch no. 211 of 500 (samples: 70721)
INFO:root:Loss: 0.6117 +/- 0.2117
INFO:root:Epoch no. 212 of 500 (samples: 70721)
INFO:root:Loss: 0.526 +/- 0.2446
INFO:root:Epoch no. 213 of 500 (samples: 70721)
INFO:root:Loss: 0.403 +/- 0.1766
INFO:root:Epoch no. 214 of 500 (samples: 70721)
INFO:root:Loss: 0.4634 +/- 0.1937
INFO:root:Epoch no. 215 of 500 (samples: 70721)
INFO:root:Loss: 0.5418 +/- 0.2283
INFO:root:Epoch no. 216 of 500 (samples: 70721)
INFO:root:Loss: 0.6711 +/- 0.4158
INFO:root:Epoch no. 217 of 500 (samples: 70721)
INFO:root:Loss: 0.4608 +/- 0.2749
INFO:root:Epoch no. 218 of 500 (samples: 70721)
INFO:root:Loss: 0.6477 +/- 0.1975
INFO:root:Epoch no. 219 of 500 (samples: 70721)
INFO:root:Loss: 0.5559 +/- 0.2245
INFO:root:Epoch no. 220 of 500 (samples: 70721)
INFO:root:Loss: 0.4902 +/- 0.2557
INFO:root:Epoch no. 221 of 500 (samples: 70721)
INFO:root:Loss: 0.609 +/- 0.2981
INFO:root:Epoch no. 222 of 500 (samples: 70721)
INFO:root:Loss: 0.898 +/- 0.4247
INFO:root:Epoch no. 223 of 500 (samples: 70721)
INFO:root:Loss: 0.696 +/- 0.3894
INFO:root:Epoch no. 224 of 500 (samples: 70721)
INFO:root:Loss: 0.5781 +/- 0.1972
INFO:root:Epoch no. 225 of 500 (samples: 70721)
INFO:root:Loss: 0.5411 +/- 0.4242
INFO:root:Epoch no. 226 of 500 (samples: 70721)
INFO:root:Loss: 0.6611 +/- 0.3258
INFO:root:Epoch no. 227 of 500 (samples: 70721)
INFO:root:Loss: 0.6422 +/- 0.254
INFO:root:Epoch no. 228 of 500 (samples: 70721)
INFO:root:Loss: 0.6433 +/- 0.269
INFO:root:Epoch no. 229 of 500 (samples: 70721)
INFO:root:Loss: 0.4864 +/- 0.1739
INFO:root:Epoch no. 230 of 500 (samples: 70721)
INFO:root:Loss: 0.5708 +/- 0.3803
INFO:root:Epoch no. 231 of 500 (samples: 70721)
INFO:root:Loss: 0.5995 +/- 0.2669
INFO:root:Epoch no. 232 of 500 (samples: 70721)
INFO:root:Loss: 0.454 +/- 0.2143
INFO:root:Epoch no. 233 of 500 (samples: 70721)
INFO:root:Loss: 0.6849 +/- 0.3834
INFO:root:Epoch no. 234 of 500 (samples: 70721)
INFO:root:Loss: 0.4829 +/- 0.2721
INFO:root:Epoch no. 235 of 500 (samples: 70721)
INFO:root:Loss: 0.5993 +/- 0.3077
INFO:root:Epoch no. 236 of 500 (samples: 70721)
INFO:root:Loss: 0.6641 +/- 0.4142
INFO:root:Epoch no. 237 of 500 (samples: 70721)
INFO:root:Loss: 0.6093 +/- 0.2557
INFO:root:Epoch no. 238 of 500 (samples: 70721)
INFO:root:Loss: 0.6868 +/- 0.3036
INFO:root:Epoch no. 239 of 500 (samples: 70721)
INFO:root:Loss: 0.7168 +/- 0.3279
INFO:root:Epoch no. 240 of 500 (samples: 70721)
INFO:root:Loss: 0.5851 +/- 0.2138
INFO:root:Epoch no. 241 of 500 (samples: 70721)
INFO:root:Loss: 0.6898 +/- 0.234
INFO:root:Epoch no. 242 of 500 (samples: 70721)
INFO:root:Loss: 0.4117 +/- 0.3089
INFO:root:Epoch no. 243 of 500 (samples: 70721)
INFO:root:Loss: 0.5484 +/- 0.2809
INFO:root:Epoch no. 244 of 500 (samples: 70721)
INFO:root:Loss: 0.5808 +/- 0.2967
INFO:root:Epoch no. 245 of 500 (samples: 70721)
INFO:root:Loss: 0.3725 +/- 0.1527
INFO:root:Epoch no. 246 of 500 (samples: 70721)
INFO:root:Loss: 0.6591 +/- 0.2846
INFO:root:Epoch no. 247 of 500 (samples: 70721)
INFO:root:Loss: 0.6365 +/- 0.2712
INFO:root:Epoch no. 248 of 500 (samples: 70721)
INFO:root:Loss: 0.5884 +/- 0.3315
INFO:root:Epoch no. 249 of 500 (samples: 70721)
INFO:root:Loss: 0.6817 +/- 0.1841
INFO:root:Epoch no. 250 of 500 (samples: 70721)
INFO:root:Loss: 0.6857 +/- 0.2952
INFO:root:Epoch no. 251 of 500 (samples: 70721)
INFO:root:Loss: 0.5737 +/- 0.3827
INFO:root:Epoch no. 252 of 500 (samples: 70721)
INFO:root:Loss: 0.7238 +/- 0.2648
INFO:root:Epoch no. 253 of 500 (samples: 70721)
INFO:root:Loss: 0.5948 +/- 0.3045
INFO:root:Epoch no. 254 of 500 (samples: 70721)
INFO:root:Loss: 0.7163 +/- 0.3762
INFO:root:Epoch no. 255 of 500 (samples: 70721)
INFO:root:Loss: 0.4892 +/- 0.2682
INFO:root:Epoch no. 256 of 500 (samples: 70721)
INFO:root:Loss: 0.6594 +/- 0.3035
INFO:root:Epoch no. 257 of 500 (samples: 70721)
INFO:root:Loss: 0.723 +/- 0.3323
INFO:root:Epoch no. 258 of 500 (samples: 70721)
INFO:root:Loss: 0.5694 +/- 0.2163
INFO:root:Epoch no. 259 of 500 (samples: 70721)
INFO:root:Loss: 0.5433 +/- 0.2783
INFO:root:Epoch no. 260 of 500 (samples: 70721)
INFO:root:Loss: 0.6775 +/- 0.3344
INFO:root:Epoch no. 261 of 500 (samples: 70721)
INFO:root:Loss: 0.6154 +/- 0.3122
INFO:root:Epoch no. 262 of 500 (samples: 70721)
INFO:root:Loss: 0.4711 +/- 0.27
INFO:root:Epoch no. 263 of 500 (samples: 70721)
INFO:root:Loss: 0.6614 +/- 0.276
INFO:root:Epoch no. 264 of 500 (samples: 70721)
INFO:root:Loss: 0.7116 +/- 0.3529
INFO:root:Epoch no. 265 of 500 (samples: 70721)
INFO:root:Loss: 0.4941 +/- 0.2617
INFO:root:Epoch no. 266 of 500 (samples: 70721)
INFO:root:Loss: 0.5507 +/- 0.1202
INFO:root:Epoch no. 267 of 500 (samples: 70721)
INFO:root:Loss: 0.5205 +/- 0.2611
INFO:root:Epoch no. 268 of 500 (samples: 70721)
INFO:root:Loss: 0.614 +/- 0.2575
INFO:root:Epoch no. 269 of 500 (samples: 70721)
INFO:root:Loss: 0.6108 +/- 0.3675
INFO:root:Epoch no. 270 of 500 (samples: 70721)
INFO:root:Loss: 0.6218 +/- 0.231
INFO:root:Epoch no. 271 of 500 (samples: 70721)
INFO:root:Loss: 0.7399 +/- 0.4713
INFO:root:Epoch no. 272 of 500 (samples: 70721)
INFO:root:Loss: 0.5622 +/- 0.2244
INFO:root:Epoch no. 273 of 500 (samples: 70721)
INFO:root:Loss: 0.6293 +/- 0.3437
INFO:root:Epoch no. 274 of 500 (samples: 70721)
INFO:root:Loss: 0.6019 +/- 0.4114
INFO:root:Epoch no. 275 of 500 (samples: 70721)
INFO:root:Loss: 0.7443 +/- 0.2741
INFO:root:Epoch no. 276 of 500 (samples: 70721)
INFO:root:Loss: 0.6293 +/- 0.3066
INFO:root:Epoch no. 277 of 500 (samples: 70721)
INFO:root:Loss: 0.6811 +/- 0.3656
INFO:root:Epoch no. 278 of 500 (samples: 70721)
INFO:root:Loss: 0.4055 +/- 0.1775
INFO:root:Epoch no. 279 of 500 (samples: 70721)
INFO:root:Loss: 0.5103 +/- 0.2613
INFO:root:Epoch no. 280 of 500 (samples: 70721)
INFO:root:Loss: 0.7221 +/- 0.3819
INFO:root:Epoch no. 281 of 500 (samples: 70721)
INFO:root:Loss: 0.6589 +/- 0.4197
INFO:root:Epoch no. 282 of 500 (samples: 70721)
INFO:root:Loss: 0.5695 +/- 0.3437
INFO:root:Epoch no. 283 of 500 (samples: 70721)
INFO:root:Loss: 0.4489 +/- 0.2059
INFO:root:Epoch no. 284 of 500 (samples: 70721)
INFO:root:Loss: 0.5422 +/- 0.3016
INFO:root:Epoch no. 285 of 500 (samples: 70721)
INFO:root:Loss: 0.5 +/- 0.285
INFO:root:Epoch no. 286 of 500 (samples: 70721)
INFO:root:Loss: 0.6291 +/- 0.2384
INFO:root:Epoch no. 287 of 500 (samples: 70721)
INFO:root:Loss: 0.7266 +/- 0.2368
INFO:root:Epoch no. 288 of 500 (samples: 70721)
INFO:root:Loss: 0.4953 +/- 0.3386
INFO:root:Epoch no. 289 of 500 (samples: 70721)
INFO:root:Loss: 0.727 +/- 0.4376
INFO:root:Epoch no. 290 of 500 (samples: 70721)
INFO:root:Loss: 0.5271 +/- 0.3659
INFO:root:Epoch no. 291 of 500 (samples: 70721)
INFO:root:Loss: 0.7801 +/- 0.4354
INFO:root:Epoch no. 292 of 500 (samples: 70721)
INFO:root:Loss: 0.5299 +/- 0.2732
INFO:root:Epoch no. 293 of 500 (samples: 70721)
INFO:root:Loss: 0.5214 +/- 0.2209
INFO:root:Epoch no. 294 of 500 (samples: 70721)
INFO:root:Loss: 0.5924 +/- 0.2172
INFO:root:Epoch no. 295 of 500 (samples: 70721)
INFO:root:Loss: 0.6647 +/- 0.2225
INFO:root:Epoch no. 296 of 500 (samples: 70721)
INFO:root:Loss: 0.4045 +/- 0.1413
INFO:root:Epoch no. 297 of 500 (samples: 70721)
INFO:root:Loss: 0.569 +/- 0.4219
INFO:root:Epoch no. 298 of 500 (samples: 70721)
INFO:root:Loss: 0.6497 +/- 0.3401
INFO:root:Epoch no. 299 of 500 (samples: 70721)
INFO:root:Loss: 0.6782 +/- 0.3655
INFO:root:Epoch no. 300 of 500 (samples: 70721)
INFO:root:Loss: 0.6539 +/- 0.2874
INFO:root:Epoch no. 301 of 500 (samples: 70721)
INFO:root:Loss: 0.7678 +/- 0.3977
INFO:root:Epoch no. 302 of 500 (samples: 70721)
INFO:root:Loss: 0.7076 +/- 0.2938
INFO:root:Epoch no. 303 of 500 (samples: 70721)
INFO:root:Loss: 0.6265 +/- 0.4161
INFO:root:Epoch no. 304 of 500 (samples: 70721)
INFO:root:Loss: 0.4023 +/- 0.3438
INFO:root:Epoch no. 305 of 500 (samples: 70721)
INFO:root:Loss: 0.4523 +/- 0.1766
INFO:root:Epoch no. 306 of 500 (samples: 70721)
INFO:root:Loss: 0.3986 +/- 0.2125
INFO:root:Epoch no. 307 of 500 (samples: 70721)
INFO:root:Loss: 0.5443 +/- 0.3435
INFO:root:Epoch no. 308 of 500 (samples: 70721)
INFO:root:Loss: 0.5863 +/- 0.2858
INFO:root:Epoch no. 309 of 500 (samples: 70721)
INFO:root:Loss: 0.4801 +/- 0.1877
INFO:root:Epoch no. 310 of 500 (samples: 70721)
INFO:root:Loss: 0.78 +/- 0.4828
INFO:root:Epoch no. 311 of 500 (samples: 70721)
INFO:root:Loss: 0.839 +/- 0.4819
INFO:root:Epoch no. 312 of 500 (samples: 70721)
INFO:root:Loss: 0.6585 +/- 0.4057
INFO:root:Epoch no. 313 of 500 (samples: 70721)
INFO:root:Loss: 0.4776 +/- 0.3229
INFO:root:Epoch no. 314 of 500 (samples: 70721)
INFO:root:Loss: 0.616 +/- 0.4677
INFO:root:Epoch no. 315 of 500 (samples: 70721)
INFO:root:Loss: 0.6335 +/- 0.2732
INFO:root:Epoch no. 316 of 500 (samples: 70721)
INFO:root:Loss: 0.7544 +/- 0.299
INFO:root:Epoch no. 317 of 500 (samples: 70721)
INFO:root:Loss: 0.5143 +/- 0.292
INFO:root:Epoch no. 318 of 500 (samples: 70721)
INFO:root:Loss: 0.7347 +/- 0.3954
INFO:root:Epoch no. 319 of 500 (samples: 70721)
INFO:root:Loss: 0.4589 +/- 0.2551
INFO:root:Epoch no. 320 of 500 (samples: 70721)
INFO:root:Loss: 0.6029 +/- 0.2731
INFO:root:Epoch no. 321 of 500 (samples: 70721)
INFO:root:Loss: 0.7283 +/- 0.383
INFO:root:Epoch no. 322 of 500 (samples: 70721)
INFO:root:Loss: 0.6582 +/- 0.363
INFO:root:Epoch no. 323 of 500 (samples: 70721)
INFO:root:Loss: 0.5271 +/- 0.2858
INFO:root:Epoch no. 324 of 500 (samples: 70721)
INFO:root:Loss: 0.568 +/- 0.3625
INFO:root:Epoch no. 325 of 500 (samples: 70721)
INFO:root:Loss: 0.6949 +/- 0.421
INFO:root:Epoch no. 326 of 500 (samples: 70721)
INFO:root:Loss: 0.3434 +/- 0.1403
INFO:root:Epoch no. 327 of 500 (samples: 70721)
INFO:root:Loss: 0.4647 +/- 0.3353
INFO:root:Epoch no. 328 of 500 (samples: 70721)
INFO:root:Loss: 0.5059 +/- 0.152
INFO:root:Epoch no. 329 of 500 (samples: 70721)
INFO:root:Loss: 0.5855 +/- 0.3869
INFO:root:Epoch no. 330 of 500 (samples: 70721)
INFO:root:Loss: 0.7573 +/- 0.3673
INFO:root:Epoch no. 331 of 500 (samples: 70721)
INFO:root:Loss: 0.3508 +/- 0.115
INFO:root:Epoch no. 332 of 500 (samples: 70721)
INFO:root:Loss: 0.4849 +/- 0.3303
INFO:root:Epoch no. 333 of 500 (samples: 70721)
INFO:root:Loss: 0.5452 +/- 0.2498
INFO:root:Epoch no. 334 of 500 (samples: 70721)
INFO:root:Loss: 0.3881 +/- 0.2073
INFO:root:Epoch no. 335 of 500 (samples: 70721)
INFO:root:Loss: 0.5047 +/- 0.2645
INFO:root:Epoch no. 336 of 500 (samples: 70721)
INFO:root:Loss: 0.421 +/- 0.2267
INFO:root:Epoch no. 337 of 500 (samples: 70721)
INFO:root:Loss: 0.5406 +/- 0.2686
INFO:root:Epoch no. 338 of 500 (samples: 70721)
INFO:root:Loss: 0.5323 +/- 0.1851
INFO:root:Epoch no. 339 of 500 (samples: 70721)
INFO:root:Loss: 0.6731 +/- 0.4007
INFO:root:Epoch no. 340 of 500 (samples: 70721)
INFO:root:Loss: 0.597 +/- 0.3226
INFO:root:Epoch no. 341 of 500 (samples: 70721)
INFO:root:Loss: 0.5948 +/- 0.4985
INFO:root:Epoch no. 342 of 500 (samples: 70721)
INFO:root:Loss: 0.4168 +/- 0.1197
INFO:root:Epoch no. 343 of 500 (samples: 70721)
INFO:root:Loss: 0.524 +/- 0.211
INFO:root:Epoch no. 344 of 500 (samples: 70721)
INFO:root:Loss: 0.6234 +/- 0.1218
INFO:root:Epoch no. 345 of 500 (samples: 70721)
INFO:root:Loss: 0.6118 +/- 0.1654
INFO:root:Epoch no. 346 of 500 (samples: 70721)
INFO:root:Loss: 0.403 +/- 0.1663
INFO:root:Epoch no. 347 of 500 (samples: 70721)
INFO:root:Loss: 0.5708 +/- 0.2708
INFO:root:Epoch no. 348 of 500 (samples: 70721)
INFO:root:Loss: 0.509 +/- 0.2184
INFO:root:Epoch no. 349 of 500 (samples: 70721)
INFO:root:Loss: 0.4521 +/- 0.2192
INFO:root:Epoch no. 350 of 500 (samples: 70721)
INFO:root:Loss: 0.3891 +/- 0.2532
INFO:root:Epoch no. 351 of 500 (samples: 70721)
INFO:root:Loss: 0.5604 +/- 0.1808
INFO:root:Epoch no. 352 of 500 (samples: 70721)
INFO:root:Loss: 0.6976 +/- 0.31
INFO:root:Epoch no. 353 of 500 (samples: 70721)
INFO:root:Loss: 0.4301 +/- 0.3022
INFO:root:Epoch no. 354 of 500 (samples: 70721)
INFO:root:Loss: 0.6464 +/- 0.2868
INFO:root:Epoch no. 355 of 500 (samples: 70721)
INFO:root:Loss: 0.6151 +/- 0.3679
INFO:root:Epoch no. 356 of 500 (samples: 70721)
INFO:root:Loss: 0.4837 +/- 0.338
INFO:root:Epoch no. 357 of 500 (samples: 70721)
INFO:root:Loss: 0.4144 +/- 0.1465
INFO:root:Epoch no. 358 of 500 (samples: 70721)
INFO:root:Loss: 0.4085 +/- 0.2652
INFO:root:Epoch no. 359 of 500 (samples: 70721)
INFO:root:Loss: 0.7155 +/- 0.328
INFO:root:Epoch no. 360 of 500 (samples: 70721)
INFO:root:Loss: 0.4452 +/- 0.2889
INFO:root:Epoch no. 361 of 500 (samples: 70721)
INFO:root:Loss: 0.7922 +/- 0.3004
INFO:root:Epoch no. 362 of 500 (samples: 70721)
INFO:root:Loss: 0.5757 +/- 0.261
INFO:root:Epoch no. 363 of 500 (samples: 70721)
INFO:root:Loss: 0.5385 +/- 0.3032
INFO:root:Epoch no. 364 of 500 (samples: 70721)
INFO:root:Loss: 0.7317 +/- 0.4779
INFO:root:Epoch no. 365 of 500 (samples: 70721)
INFO:root:Loss: 0.6592 +/- 0.3796
INFO:root:Epoch no. 366 of 500 (samples: 70721)
INFO:root:Loss: 0.5492 +/- 0.3215
INFO:root:Epoch no. 367 of 500 (samples: 70721)
INFO:root:Loss: 0.6582 +/- 0.2119
INFO:root:Epoch no. 368 of 500 (samples: 70721)
INFO:root:Loss: 0.5166 +/- 0.2359
INFO:root:Epoch no. 369 of 500 (samples: 70721)
INFO:root:Loss: 0.5022 +/- 0.3255
INFO:root:Epoch no. 370 of 500 (samples: 70721)
INFO:root:Loss: 0.5983 +/- 0.2957
INFO:root:Epoch no. 371 of 500 (samples: 70721)
INFO:root:Loss: 0.4957 +/- 0.1771
INFO:root:Epoch no. 372 of 500 (samples: 70721)
INFO:root:Loss: 0.5357 +/- 0.3316
INFO:root:Epoch no. 373 of 500 (samples: 70721)
INFO:root:Loss: 0.5189 +/- 0.2496
INFO:root:Epoch no. 374 of 500 (samples: 70721)
INFO:root:Loss: 0.4918 +/- 0.2707
INFO:root:Epoch no. 375 of 500 (samples: 70721)
INFO:root:Loss: 0.5742 +/- 0.228
INFO:root:Epoch no. 376 of 500 (samples: 70721)
INFO:root:Loss: 0.4988 +/- 0.4238
INFO:root:Epoch no. 377 of 500 (samples: 70721)
INFO:root:Loss: 0.4807 +/- 0.3124
INFO:root:Epoch no. 378 of 500 (samples: 70721)
INFO:root:Loss: 0.4733 +/- 0.2045
INFO:root:Epoch no. 379 of 500 (samples: 70721)
INFO:root:Loss: 0.2835 +/- 0.263
INFO:root:Epoch no. 380 of 500 (samples: 70721)
INFO:root:Loss: 0.5226 +/- 0.2636
INFO:root:Epoch no. 381 of 500 (samples: 70721)
INFO:root:Loss: 0.7113 +/- 0.4422
INFO:root:Epoch no. 382 of 500 (samples: 70721)
INFO:root:Loss: 0.5154 +/- 0.2565
INFO:root:Epoch no. 383 of 500 (samples: 70721)
INFO:root:Loss: 0.674 +/- 0.3197
INFO:root:Epoch no. 384 of 500 (samples: 70721)
INFO:root:Loss: 0.6222 +/- 0.3564
INFO:root:Epoch no. 385 of 500 (samples: 70721)
INFO:root:Loss: 0.4633 +/- 0.172
INFO:root:Epoch no. 386 of 500 (samples: 70721)
INFO:root:Loss: 0.5315 +/- 0.2319
INFO:root:Epoch no. 387 of 500 (samples: 70721)
INFO:root:Loss: 0.4885 +/- 0.2978
INFO:root:Epoch no. 388 of 500 (samples: 70721)
INFO:root:Loss: 0.7192 +/- 0.2859
INFO:root:Epoch no. 389 of 500 (samples: 70721)
INFO:root:Loss: 0.5117 +/- 0.325
INFO:root:Epoch no. 390 of 500 (samples: 70721)
INFO:root:Loss: 0.497 +/- 0.3465
INFO:root:Epoch no. 391 of 500 (samples: 70721)
INFO:root:Loss: 0.4718 +/- 0.2884
INFO:root:Epoch no. 392 of 500 (samples: 70721)
INFO:root:Loss: 0.449 +/- 0.3981
INFO:root:Epoch no. 393 of 500 (samples: 70721)
INFO:root:Loss: 0.6371 +/- 0.4125
INFO:root:Epoch no. 394 of 500 (samples: 70721)
INFO:root:Loss: 0.4869 +/- 0.2617
INFO:root:Epoch no. 395 of 500 (samples: 70721)
INFO:root:Loss: 0.6429 +/- 0.3617
INFO:root:Epoch no. 396 of 500 (samples: 70721)
INFO:root:Loss: 0.6444 +/- 0.2254
INFO:root:Epoch no. 397 of 500 (samples: 70721)
INFO:root:Loss: 0.6258 +/- 0.3127
INFO:root:Epoch no. 398 of 500 (samples: 70721)
INFO:root:Loss: 0.51 +/- 0.3005
INFO:root:Epoch no. 399 of 500 (samples: 70721)
INFO:root:Loss: 0.4373 +/- 0.2217
INFO:root:Epoch no. 400 of 500 (samples: 70721)
INFO:root:Loss: 0.4432 +/- 0.2542
INFO:root:Epoch no. 401 of 500 (samples: 70721)
INFO:root:Loss: 0.5174 +/- 0.3272
INFO:root:Epoch no. 402 of 500 (samples: 70721)
INFO:root:Loss: 0.5851 +/- 0.225
INFO:root:Epoch no. 403 of 500 (samples: 70721)
INFO:root:Loss: 0.5663 +/- 0.2634
INFO:root:Epoch no. 404 of 500 (samples: 70721)
INFO:root:Loss: 0.4604 +/- 0.228
INFO:root:Epoch no. 405 of 500 (samples: 70721)
INFO:root:Loss: 0.5924 +/- 0.2414
INFO:root:Epoch no. 406 of 500 (samples: 70721)
INFO:root:Loss: 0.6497 +/- 0.2185
INFO:root:Epoch no. 407 of 500 (samples: 70721)
INFO:root:Loss: 0.5755 +/- 0.2515
INFO:root:Epoch no. 408 of 500 (samples: 70721)
INFO:root:Loss: 0.6271 +/- 0.3337
INFO:root:Epoch no. 409 of 500 (samples: 70721)
INFO:root:Loss: 0.5259 +/- 0.3408
INFO:root:Epoch no. 410 of 500 (samples: 70721)
INFO:root:Loss: 0.5739 +/- 0.2485
INFO:root:Epoch no. 411 of 500 (samples: 70721)
INFO:root:Loss: 0.5935 +/- 0.2409
INFO:root:Epoch no. 412 of 500 (samples: 70721)
INFO:root:Loss: 0.5929 +/- 0.3556
INFO:root:Epoch no. 413 of 500 (samples: 70721)
INFO:root:Loss: 0.7044 +/- 0.2822
INFO:root:Epoch no. 414 of 500 (samples: 70721)
INFO:root:Loss: 0.861 +/- 0.4747
INFO:root:Epoch no. 415 of 500 (samples: 70721)
INFO:root:Loss: 0.6399 +/- 0.2326
INFO:root:Epoch no. 416 of 500 (samples: 70721)
INFO:root:Loss: 0.5991 +/- 0.4061
INFO:root:Epoch no. 417 of 500 (samples: 70721)
INFO:root:Loss: 0.5017 +/- 0.2099
INFO:root:Epoch no. 418 of 500 (samples: 70721)
INFO:root:Loss: 0.513 +/- 0.3081
INFO:root:Epoch no. 419 of 500 (samples: 70721)
INFO:root:Loss: 0.4599 +/- 0.3363
INFO:root:Epoch no. 420 of 500 (samples: 70721)
INFO:root:Loss: 0.5551 +/- 0.4066
INFO:root:Epoch no. 421 of 500 (samples: 70721)
INFO:root:Loss: 0.3284 +/- 0.1965
INFO:root:Epoch no. 422 of 500 (samples: 70721)
INFO:root:Loss: 0.4971 +/- 0.4104
INFO:root:Epoch no. 423 of 500 (samples: 70721)
INFO:root:Loss: 0.5302 +/- 0.3114
INFO:root:Epoch no. 424 of 500 (samples: 70721)
INFO:root:Loss: 0.522 +/- 0.268
INFO:root:Epoch no. 425 of 500 (samples: 70721)
INFO:root:Loss: 0.6018 +/- 0.4076
INFO:root:Epoch no. 426 of 500 (samples: 70721)
INFO:root:Loss: 0.4427 +/- 0.2586
INFO:root:Epoch no. 427 of 500 (samples: 70721)
INFO:root:Loss: 0.758 +/- 0.4326
INFO:root:Epoch no. 428 of 500 (samples: 70721)
INFO:root:Loss: 0.5306 +/- 0.3423
INFO:root:Epoch no. 429 of 500 (samples: 70721)
INFO:root:Loss: 0.3879 +/- 0.2023
INFO:root:Epoch no. 430 of 500 (samples: 70721)
INFO:root:Loss: 0.4454 +/- 0.2016
INFO:root:Epoch no. 431 of 500 (samples: 70721)
INFO:root:Loss: 0.6528 +/- 0.2581
INFO:root:Epoch no. 432 of 500 (samples: 70721)
INFO:root:Loss: 0.5092 +/- 0.1952
INFO:root:Epoch no. 433 of 500 (samples: 70721)
INFO:root:Loss: 0.7188 +/- 0.5246
INFO:root:Epoch no. 434 of 500 (samples: 70721)
INFO:root:Loss: 0.5978 +/- 0.3328
INFO:root:Epoch no. 435 of 500 (samples: 70721)
INFO:root:Loss: 0.5836 +/- 0.4531
INFO:root:Epoch no. 436 of 500 (samples: 70721)
INFO:root:Loss: 0.6071 +/- 0.4221
INFO:root:Epoch no. 437 of 500 (samples: 70721)
INFO:root:Loss: 0.5319 +/- 0.1901
INFO:root:Epoch no. 438 of 500 (samples: 70721)
INFO:root:Loss: 0.5308 +/- 0.3304
INFO:root:Epoch no. 439 of 500 (samples: 70721)
INFO:root:Loss: 0.4585 +/- 0.241
INFO:root:Epoch no. 440 of 500 (samples: 70721)
INFO:root:Loss: 0.3658 +/- 0.1442
INFO:root:Epoch no. 441 of 500 (samples: 70721)
INFO:root:Loss: 0.5293 +/- 0.2974
INFO:root:Epoch no. 442 of 500 (samples: 70721)
INFO:root:Loss: 0.4153 +/- 0.1861
INFO:root:Epoch no. 443 of 500 (samples: 70721)
INFO:root:Loss: 0.4632 +/- 0.2723
INFO:root:Epoch no. 444 of 500 (samples: 70721)
INFO:root:Loss: 0.6914 +/- 0.5725
INFO:root:Epoch no. 445 of 500 (samples: 70721)
INFO:root:Loss: 0.5301 +/- 0.4071
INFO:root:Epoch no. 446 of 500 (samples: 70721)
INFO:root:Loss: 0.4583 +/- 0.2431
INFO:root:Epoch no. 447 of 500 (samples: 70721)
INFO:root:Loss: 0.3225 +/- 0.181
INFO:root:Epoch no. 448 of 500 (samples: 70721)
INFO:root:Loss: 0.6219 +/- 0.3572
INFO:root:Epoch no. 449 of 500 (samples: 70721)
INFO:root:Loss: 0.456 +/- 0.3354
INFO:root:Epoch no. 450 of 500 (samples: 70721)
INFO:root:Loss: 0.5856 +/- 0.4776
INFO:root:Epoch no. 451 of 500 (samples: 70721)
INFO:root:Loss: 0.562 +/- 0.3442
INFO:root:Epoch no. 452 of 500 (samples: 70721)
INFO:root:Loss: 0.6165 +/- 0.413
INFO:root:Epoch no. 453 of 500 (samples: 70721)
INFO:root:Loss: 0.5944 +/- 0.1749
INFO:root:Epoch no. 454 of 500 (samples: 70721)
INFO:root:Loss: 0.5295 +/- 0.2264
INFO:root:Epoch no. 455 of 500 (samples: 70721)
INFO:root:Loss: 0.5406 +/- 0.3515
INFO:root:Epoch no. 456 of 500 (samples: 70721)
INFO:root:Loss: 0.508 +/- 0.2475
INFO:root:Epoch no. 457 of 500 (samples: 70721)
INFO:root:Loss: 0.4641 +/- 0.2191
INFO:root:Epoch no. 458 of 500 (samples: 70721)
INFO:root:Loss: 0.5122 +/- 0.2403
INFO:root:Epoch no. 459 of 500 (samples: 70721)
INFO:root:Loss: 0.6617 +/- 0.3486
INFO:root:Epoch no. 460 of 500 (samples: 70721)
INFO:root:Loss: 0.6393 +/- 0.2139
INFO:root:Epoch no. 461 of 500 (samples: 70721)
INFO:root:Loss: 0.5336 +/- 0.3426
INFO:root:Epoch no. 462 of 500 (samples: 70721)
INFO:root:Loss: 0.5577 +/- 0.1934
INFO:root:Epoch no. 463 of 500 (samples: 70721)
INFO:root:Loss: 0.517 +/- 0.302
INFO:root:Epoch no. 464 of 500 (samples: 70721)
INFO:root:Loss: 0.488 +/- 0.3048
INFO:root:Epoch no. 465 of 500 (samples: 70721)
INFO:root:Loss: 0.3844 +/- 0.1894
INFO:root:Epoch no. 466 of 500 (samples: 70721)
INFO:root:Loss: 0.6775 +/- 0.4032
INFO:root:Epoch no. 467 of 500 (samples: 70721)
INFO:root:Loss: 0.6844 +/- 0.2693
INFO:root:Epoch no. 468 of 500 (samples: 70721)
INFO:root:Loss: 0.4771 +/- 0.2215
INFO:root:Epoch no. 469 of 500 (samples: 70721)
INFO:root:Loss: 0.5336 +/- 0.3514
INFO:root:Epoch no. 470 of 500 (samples: 70721)
INFO:root:Loss: 0.3905 +/- 0.0926
INFO:root:Epoch no. 471 of 500 (samples: 70721)
INFO:root:Loss: 0.6319 +/- 0.3586
INFO:root:Epoch no. 472 of 500 (samples: 70721)
INFO:root:Loss: 0.4583 +/- 0.2133
INFO:root:Epoch no. 473 of 500 (samples: 70721)
INFO:root:Loss: 0.468 +/- 0.3256
INFO:root:Epoch no. 474 of 500 (samples: 70721)
INFO:root:Loss: 0.4795 +/- 0.1657
INFO:root:Epoch no. 475 of 500 (samples: 70721)
INFO:root:Loss: 0.5091 +/- 0.327
INFO:root:Epoch no. 476 of 500 (samples: 70721)
INFO:root:Loss: 0.5007 +/- 0.3134
INFO:root:Epoch no. 477 of 500 (samples: 70721)
INFO:root:Loss: 0.4931 +/- 0.2799
INFO:root:Epoch no. 478 of 500 (samples: 70721)
INFO:root:Loss: 0.525 +/- 0.3063
INFO:root:Epoch no. 479 of 500 (samples: 70721)
INFO:root:Loss: 0.5203 +/- 0.2388
INFO:root:Epoch no. 480 of 500 (samples: 70721)
INFO:root:Loss: 0.5814 +/- 0.3599
INFO:root:Epoch no. 481 of 500 (samples: 70721)
INFO:root:Loss: 0.436 +/- 0.2014
INFO:root:Epoch no. 482 of 500 (samples: 70721)
INFO:root:Loss: 0.5349 +/- 0.2833
INFO:root:Epoch no. 483 of 500 (samples: 70721)
INFO:root:Loss: 0.3797 +/- 0.2706
INFO:root:Epoch no. 484 of 500 (samples: 70721)
INFO:root:Loss: 0.3427 +/- 0.192
INFO:root:Epoch no. 485 of 500 (samples: 70721)
INFO:root:Loss: 0.4366 +/- 0.3498
INFO:root:Epoch no. 486 of 500 (samples: 70721)
INFO:root:Loss: 0.5241 +/- 0.1713
INFO:root:Epoch no. 487 of 500 (samples: 70721)
INFO:root:Loss: 0.438 +/- 0.2194
INFO:root:Epoch no. 488 of 500 (samples: 70721)
INFO:root:Loss: 0.527 +/- 0.227
INFO:root:Epoch no. 489 of 500 (samples: 70721)
INFO:root:Loss: 0.4016 +/- 0.2491
INFO:root:Epoch no. 490 of 500 (samples: 70721)
INFO:root:Loss: 0.6217 +/- 0.3425
INFO:root:Epoch no. 491 of 500 (samples: 70721)
INFO:root:Loss: 0.5527 +/- 0.2531
INFO:root:Epoch no. 492 of 500 (samples: 70721)
INFO:root:Loss: 0.3945 +/- 0.1389
INFO:root:Epoch no. 493 of 500 (samples: 70721)
INFO:root:Loss: 0.6789 +/- 0.3739
INFO:root:Epoch no. 494 of 500 (samples: 70721)
INFO:root:Loss: 0.5383 +/- 0.2143
INFO:root:Epoch no. 495 of 500 (samples: 70721)
INFO:root:Loss: 0.3905 +/- 0.3671
INFO:root:Epoch no. 496 of 500 (samples: 70721)
INFO:root:Loss: 0.6685 +/- 0.3156
INFO:root:Epoch no. 497 of 500 (samples: 70721)
INFO:root:Loss: 0.4812 +/- 0.1452
INFO:root:Epoch no. 498 of 500 (samples: 70721)
INFO:root:Loss: 0.6646 +/- 0.3636
INFO:root:Epoch no. 499 of 500 (samples: 70721)
INFO:root:Loss: 0.6241 +/- 0.3512
INFO:root:Epoch no. 500 of 500 (samples: 70721)
INFO:root:Loss: 0.6314 +/- 0.4364
/usr/local/lib/python3.5/dist-packages/keras/backend/theano_backend.py:527: UserWarning: theano.function was asked to create a function computing outputs given certain inputs, but the provided input variable at index 2 is not part of the computational graph needed to compute the outputs: keras_learning_phase.
To make this warning into an error, you can pass the parameter on_unused_input='raise' to theano.function. To disable it completely, use on_unused_input='ignore'.
  **kwargs)
INFO:root:### MICRO (validation raw):
INFO:root:	-- left   >> mean: 6435.9778, median: 68.5, mrr: 0.175, hits@1: 1.56%
INFO:root:	-- right  >> mean: 6422.4916, median: 68.5, mrr: 0.173, hits@1: 1.76%
INFO:root:	-- global >> mean: 6429.2347, median: 68.5, mrr: 0.174, hits@1: 1.66%
INFO:root:### MICRO (validation raw):
INFO:root:	-- left   >> mean: 6435.9778, median: 68.5, mrr: 0.175, hits@3: 30.94%
INFO:root:	-- right  >> mean: 6422.4916, median: 68.5, mrr: 0.173, hits@3: 30.14%
INFO:root:	-- global >> mean: 6429.2347, median: 68.5, mrr: 0.174, hits@3: 30.54%
INFO:root:### MICRO (validation raw):
INFO:root:	-- left   >> mean: 6435.9778, median: 68.5, mrr: 0.175, hits@5: 37.1%
INFO:root:	-- right  >> mean: 6422.4916, median: 68.5, mrr: 0.173, hits@5: 36.3%
INFO:root:	-- global >> mean: 6429.2347, median: 68.5, mrr: 0.174, hits@5: 36.7%
INFO:root:### MICRO (validation raw):
INFO:root:	-- left   >> mean: 6435.9778, median: 68.5, mrr: 0.175, hits@10: 42.34%
INFO:root:	-- right  >> mean: 6422.4916, median: 68.5, mrr: 0.173, hits@10: 42.02%
INFO:root:	-- global >> mean: 6429.2347, median: 68.5, mrr: 0.174, hits@10: 42.18%
INFO:root:### MICRO (validation filtered):
INFO:root:	-- left   >> mean: 6428.9744, median: 43.0, mrr: 0.194, hits@1: 1.88%
INFO:root:	-- right  >> mean: 6415.3796, median: 41.5, mrr: 0.193, hits@1: 2.18%
INFO:root:	-- global >> mean: 6422.177, median: 43.0, mrr: 0.194, hits@1: 2.03%
INFO:root:### MICRO (validation filtered):
INFO:root:	-- left   >> mean: 6428.9744, median: 43.0, mrr: 0.194, hits@3: 35.14%
INFO:root:	-- right  >> mean: 6415.3796, median: 41.5, mrr: 0.193, hits@3: 34.62%
INFO:root:	-- global >> mean: 6422.177, median: 43.0, mrr: 0.194, hits@3: 34.88%
INFO:root:### MICRO (validation filtered):
INFO:root:	-- left   >> mean: 6428.9744, median: 43.0, mrr: 0.194, hits@5: 41.02%
INFO:root:	-- right  >> mean: 6415.3796, median: 41.5, mrr: 0.193, hits@5: 40.42%
INFO:root:	-- global >> mean: 6422.177, median: 43.0, mrr: 0.194, hits@5: 40.72%
INFO:root:### MICRO (validation filtered):
INFO:root:	-- left   >> mean: 6428.9744, median: 43.0, mrr: 0.194, hits@10: 45.08%
INFO:root:	-- right  >> mean: 6415.3796, median: 41.5, mrr: 0.193, hits@10: 44.74%
INFO:root:	-- global >> mean: 6422.177, median: 43.0, mrr: 0.194, hits@10: 44.91%
INFO:root:### MICRO (test raw):
INFO:root:	-- left   >> mean: 6563.2756, median: 75.0, mrr: 0.17, hits@1: 1.1%
INFO:root:	-- right  >> mean: 6342.9152, median: 69.0, mrr: 0.175, hits@1: 1.8%
INFO:root:	-- global >> mean: 6453.0954, median: 72.0, mrr: 0.173, hits@1: 1.45%
INFO:root:### MICRO (test raw):
INFO:root:	-- left   >> mean: 6563.2756, median: 75.0, mrr: 0.17, hits@3: 29.82%
INFO:root:	-- right  >> mean: 6342.9152, median: 69.0, mrr: 0.175, hits@3: 30.36%
INFO:root:	-- global >> mean: 6453.0954, median: 72.0, mrr: 0.173, hits@3: 30.09%
INFO:root:### MICRO (test raw):
INFO:root:	-- left   >> mean: 6563.2756, median: 75.0, mrr: 0.17, hits@5: 36.44%
INFO:root:	-- right  >> mean: 6342.9152, median: 69.0, mrr: 0.175, hits@5: 36.78%
INFO:root:	-- global >> mean: 6453.0954, median: 72.0, mrr: 0.173, hits@5: 36.61%
INFO:root:### MICRO (test raw):
INFO:root:	-- left   >> mean: 6563.2756, median: 75.0, mrr: 0.17, hits@10: 41.52%
INFO:root:	-- right  >> mean: 6342.9152, median: 69.0, mrr: 0.175, hits@10: 41.78%
INFO:root:	-- global >> mean: 6453.0954, median: 72.0, mrr: 0.173, hits@10: 41.65%
INFO:root:### MICRO (test filtered):
INFO:root:	-- left   >> mean: 6555.6542, median: 50.0, mrr: 0.189, hits@1: 1.38%
INFO:root:	-- right  >> mean: 6336.0026, median: 48.5, mrr: 0.193, hits@1: 2.04%
INFO:root:	-- global >> mean: 6445.8284, median: 49.0, mrr: 0.191, hits@1: 1.71%
INFO:root:### MICRO (test filtered):
INFO:root:	-- left   >> mean: 6555.6542, median: 50.0, mrr: 0.189, hits@3: 34.14%
INFO:root:	-- right  >> mean: 6336.0026, median: 48.5, mrr: 0.193, hits@3: 34.5%
INFO:root:	-- global >> mean: 6445.8284, median: 49.0, mrr: 0.191, hits@3: 34.32%
INFO:root:### MICRO (test filtered):
INFO:root:	-- left   >> mean: 6555.6542, median: 50.0, mrr: 0.189, hits@5: 39.94%
INFO:root:	-- right  >> mean: 6336.0026, median: 48.5, mrr: 0.193, hits@5: 40.02%
INFO:root:	-- global >> mean: 6445.8284, median: 49.0, mrr: 0.191, hits@5: 39.98%
INFO:root:### MICRO (test filtered):
INFO:root:	-- left   >> mean: 6555.6542, median: 50.0, mrr: 0.189, hits@10: 44.18%
INFO:root:	-- right  >> mean: 6336.0026, median: 48.5, mrr: 0.193, hits@10: 43.96%
INFO:root:	-- global >> mean: 6445.8284, median: 49.0, mrr: 0.191, hits@10: 44.07%
