Using Theano backend.
Using gpu device 0: GeForce GTX TITAN X (CNMeM is disabled, cuDNN not available)
INFO:root:Acquiring data/wn18/wordnet-mlj12-train.txt ..
INFO:root:Acquiring data/wn18/wordnet-mlj12-valid.txt ..
INFO:root:Acquiring data/wn18/wordnet-mlj12-test.txt ..
INFO:root:[Rules] Adding Head: 15, Tail: [(10, True)]
INFO:root:[Rules] Adding Head: 12, Tail: [(17, True)]
INFO:root:[Rules] Adding Head: 4, Tail: [(5, True)]
INFO:root:[Rules] Adding Head: 13, Tail: [(3, True)]
INFO:root:[Rules] Adding Head: 5, Tail: [(4, True)]
INFO:root:[Rules] Adding Head: 16, Tail: [(11, True)]
INFO:root:[Rules] Adding Head: 17, Tail: [(12, True)]
INFO:root:[Rules] Adding Head: 11, Tail: [(16, True)]
INFO:root:[Rules] Adding Head: 8, Tail: [(9, True)]
INFO:root:[Rules] Adding Head: 2, Tail: [(2, True)]
INFO:root:Samples: 141442, no. batches: 10 -> batch size: 14145
INFO:root:Epoch no. 1 of 500 (samples: 141442)
INFO:root:Loss: 560.3879 +/- 87.367
INFO:root:Epoch no. 2 of 500 (samples: 141442)
INFO:root:Loss: 346.1644 +/- 12.6545
INFO:root:Epoch no. 3 of 500 (samples: 141442)
INFO:root:Loss: 250.643 +/- 3.4791
INFO:root:Epoch no. 4 of 500 (samples: 141442)
INFO:root:Loss: 194.1177 +/- 2.1939
INFO:root:Epoch no. 5 of 500 (samples: 141442)
INFO:root:Loss: 157.4874 +/- 3.9321
INFO:root:Epoch no. 6 of 500 (samples: 141442)
INFO:root:Loss: 132.6961 +/- 4.5481
INFO:root:Epoch no. 7 of 500 (samples: 141442)
INFO:root:Loss: 115.4873 +/- 4.7859
INFO:root:Epoch no. 8 of 500 (samples: 141442)
INFO:root:Loss: 102.8464 +/- 4.5089
INFO:root:Epoch no. 9 of 500 (samples: 141442)
INFO:root:Loss: 93.9424 +/- 4.4817
INFO:root:Epoch no. 10 of 500 (samples: 141442)
INFO:root:Loss: 87.0828 +/- 4.4343
INFO:root:Epoch no. 11 of 500 (samples: 141442)
INFO:root:Loss: 81.7455 +/- 4.2816
INFO:root:Epoch no. 12 of 500 (samples: 141442)
INFO:root:Loss: 77.0009 +/- 4.3019
INFO:root:Epoch no. 13 of 500 (samples: 141442)
INFO:root:Loss: 73.1921 +/- 4.0736
INFO:root:Epoch no. 14 of 500 (samples: 141442)
INFO:root:Loss: 69.9869 +/- 4.0459
INFO:root:Epoch no. 15 of 500 (samples: 141442)
INFO:root:Loss: 67.0241 +/- 3.8178
INFO:root:Epoch no. 16 of 500 (samples: 141442)
INFO:root:Loss: 64.7876 +/- 3.6684
INFO:root:Epoch no. 17 of 500 (samples: 141442)
INFO:root:Loss: 62.4715 +/- 3.2875
INFO:root:Epoch no. 18 of 500 (samples: 141442)
INFO:root:Loss: 60.6057 +/- 3.2983
INFO:root:Epoch no. 19 of 500 (samples: 141442)
INFO:root:Loss: 58.9236 +/- 2.9715
INFO:root:Epoch no. 20 of 500 (samples: 141442)
INFO:root:Loss: 57.2836 +/- 3.0661
INFO:root:Epoch no. 21 of 500 (samples: 141442)
INFO:root:Loss: 55.9604 +/- 3.1251
INFO:root:Epoch no. 22 of 500 (samples: 141442)
INFO:root:Loss: 54.8077 +/- 2.6484
INFO:root:Epoch no. 23 of 500 (samples: 141442)
INFO:root:Loss: 53.4437 +/- 2.719
INFO:root:Epoch no. 24 of 500 (samples: 141442)
INFO:root:Loss: 52.3338 +/- 2.6291
INFO:root:Epoch no. 25 of 500 (samples: 141442)
INFO:root:Loss: 51.2962 +/- 3.0636
INFO:root:Epoch no. 26 of 500 (samples: 141442)
INFO:root:Loss: 50.3425 +/- 2.7319
INFO:root:Epoch no. 27 of 500 (samples: 141442)
INFO:root:Loss: 49.6381 +/- 2.4293
INFO:root:Epoch no. 28 of 500 (samples: 141442)
INFO:root:Loss: 48.7519 +/- 2.8456
INFO:root:Epoch no. 29 of 500 (samples: 141442)
INFO:root:Loss: 47.9643 +/- 2.2579
INFO:root:Epoch no. 30 of 500 (samples: 141442)
INFO:root:Loss: 47.6009 +/- 2.5901
INFO:root:Epoch no. 31 of 500 (samples: 141442)
INFO:root:Loss: 46.5359 +/- 2.3831
INFO:root:Epoch no. 32 of 500 (samples: 141442)
INFO:root:Loss: 45.8416 +/- 2.1639
INFO:root:Epoch no. 33 of 500 (samples: 141442)
INFO:root:Loss: 45.3756 +/- 2.0556
INFO:root:Epoch no. 34 of 500 (samples: 141442)
INFO:root:Loss: 44.645 +/- 1.9611
INFO:root:Epoch no. 35 of 500 (samples: 141442)
INFO:root:Loss: 44.6337 +/- 2.1146
INFO:root:Epoch no. 36 of 500 (samples: 141442)
INFO:root:Loss: 43.9977 +/- 2.3576
INFO:root:Epoch no. 37 of 500 (samples: 141442)
INFO:root:Loss: 43.5054 +/- 2.3493
INFO:root:Epoch no. 38 of 500 (samples: 141442)
INFO:root:Loss: 43.1096 +/- 2.0596
INFO:root:Epoch no. 39 of 500 (samples: 141442)
INFO:root:Loss: 42.5576 +/- 2.3485
INFO:root:Epoch no. 40 of 500 (samples: 141442)
INFO:root:Loss: 42.2573 +/- 2.2347
INFO:root:Epoch no. 41 of 500 (samples: 141442)
INFO:root:Loss: 41.9047 +/- 2.072
INFO:root:Epoch no. 42 of 500 (samples: 141442)
INFO:root:Loss: 41.6762 +/- 2.0543
INFO:root:Epoch no. 43 of 500 (samples: 141442)
INFO:root:Loss: 41.3822 +/- 2.1778
INFO:root:Epoch no. 44 of 500 (samples: 141442)
INFO:root:Loss: 41.009 +/- 1.6041
INFO:root:Epoch no. 45 of 500 (samples: 141442)
INFO:root:Loss: 40.9755 +/- 2.0444
INFO:root:Epoch no. 46 of 500 (samples: 141442)
INFO:root:Loss: 40.5108 +/- 2.0032
INFO:root:Epoch no. 47 of 500 (samples: 141442)
INFO:root:Loss: 40.397 +/- 1.9917
INFO:root:Epoch no. 48 of 500 (samples: 141442)
INFO:root:Loss: 39.8356 +/- 1.9057
INFO:root:Epoch no. 49 of 500 (samples: 141442)
INFO:root:Loss: 39.5349 +/- 1.8526
INFO:root:Epoch no. 50 of 500 (samples: 141442)
INFO:root:Loss: 39.5585 +/- 1.6694
INFO:root:Epoch no. 51 of 500 (samples: 141442)
INFO:root:Loss: 39.3703 +/- 2.1946
INFO:root:Epoch no. 52 of 500 (samples: 141442)
INFO:root:Loss: 38.8225 +/- 1.9322
INFO:root:Epoch no. 53 of 500 (samples: 141442)
INFO:root:Loss: 38.6638 +/- 1.762
INFO:root:Epoch no. 54 of 500 (samples: 141442)
INFO:root:Loss: 38.7489 +/- 1.5891
INFO:root:Epoch no. 55 of 500 (samples: 141442)
INFO:root:Loss: 38.291 +/- 2.0767
INFO:root:Epoch no. 56 of 500 (samples: 141442)
INFO:root:Loss: 38.2604 +/- 1.492
INFO:root:Epoch no. 57 of 500 (samples: 141442)
INFO:root:Loss: 38.3005 +/- 1.8354
INFO:root:Epoch no. 58 of 500 (samples: 141442)
INFO:root:Loss: 38.2449 +/- 1.5428
INFO:root:Epoch no. 59 of 500 (samples: 141442)
INFO:root:Loss: 37.9215 +/- 1.609
INFO:root:Epoch no. 60 of 500 (samples: 141442)
INFO:root:Loss: 37.7535 +/- 1.3339
INFO:root:Epoch no. 61 of 500 (samples: 141442)
INFO:root:Loss: 37.5984 +/- 1.8336
INFO:root:Epoch no. 62 of 500 (samples: 141442)
INFO:root:Loss: 37.4793 +/- 1.3186
INFO:root:Epoch no. 63 of 500 (samples: 141442)
INFO:root:Loss: 37.1509 +/- 1.8271
INFO:root:Epoch no. 64 of 500 (samples: 141442)
INFO:root:Loss: 37.1736 +/- 1.723
INFO:root:Epoch no. 65 of 500 (samples: 141442)
INFO:root:Loss: 37.0086 +/- 1.6059
INFO:root:Epoch no. 66 of 500 (samples: 141442)
INFO:root:Loss: 36.9707 +/- 1.1325
INFO:root:Epoch no. 67 of 500 (samples: 141442)
INFO:root:Loss: 36.8298 +/- 1.5746
INFO:root:Epoch no. 68 of 500 (samples: 141442)
INFO:root:Loss: 36.6398 +/- 1.2409
INFO:root:Epoch no. 69 of 500 (samples: 141442)
INFO:root:Loss: 36.5708 +/- 1.3916
INFO:root:Epoch no. 70 of 500 (samples: 141442)
INFO:root:Loss: 36.6472 +/- 1.3381
INFO:root:Epoch no. 71 of 500 (samples: 141442)
INFO:root:Loss: 36.3112 +/- 1.4847
INFO:root:Epoch no. 72 of 500 (samples: 141442)
INFO:root:Loss: 36.3591 +/- 1.3484
INFO:root:Epoch no. 73 of 500 (samples: 141442)
INFO:root:Loss: 36.3576 +/- 1.5358
INFO:root:Epoch no. 74 of 500 (samples: 141442)
INFO:root:Loss: 36.0637 +/- 1.555
INFO:root:Epoch no. 75 of 500 (samples: 141442)
INFO:root:Loss: 36.2179 +/- 1.5532
INFO:root:Epoch no. 76 of 500 (samples: 141442)
INFO:root:Loss: 35.8038 +/- 1.5893
INFO:root:Epoch no. 77 of 500 (samples: 141442)
INFO:root:Loss: 35.9936 +/- 1.3275
INFO:root:Epoch no. 78 of 500 (samples: 141442)
INFO:root:Loss: 35.9109 +/- 1.3625
INFO:root:Epoch no. 79 of 500 (samples: 141442)
INFO:root:Loss: 35.777 +/- 1.6024
INFO:root:Epoch no. 80 of 500 (samples: 141442)
INFO:root:Loss: 35.4476 +/- 1.4649
INFO:root:Epoch no. 81 of 500 (samples: 141442)
INFO:root:Loss: 35.5874 +/- 1.6989
INFO:root:Epoch no. 82 of 500 (samples: 141442)
INFO:root:Loss: 35.6484 +/- 1.9053
INFO:root:Epoch no. 83 of 500 (samples: 141442)
INFO:root:Loss: 35.3189 +/- 1.3036
INFO:root:Epoch no. 84 of 500 (samples: 141442)
INFO:root:Loss: 35.1898 +/- 1.4122
INFO:root:Epoch no. 85 of 500 (samples: 141442)
INFO:root:Loss: 35.3284 +/- 1.3117
INFO:root:Epoch no. 86 of 500 (samples: 141442)
INFO:root:Loss: 35.2006 +/- 1.2616
INFO:root:Epoch no. 87 of 500 (samples: 141442)
INFO:root:Loss: 35.3019 +/- 1.429
INFO:root:Epoch no. 88 of 500 (samples: 141442)
INFO:root:Loss: 35.0042 +/- 1.4702
INFO:root:Epoch no. 89 of 500 (samples: 141442)
INFO:root:Loss: 35.1712 +/- 1.7289
INFO:root:Epoch no. 90 of 500 (samples: 141442)
INFO:root:Loss: 34.8939 +/- 1.7494
INFO:root:Epoch no. 91 of 500 (samples: 141442)
INFO:root:Loss: 35.025 +/- 1.2719
INFO:root:Epoch no. 92 of 500 (samples: 141442)
INFO:root:Loss: 34.9045 +/- 1.6008
INFO:root:Epoch no. 93 of 500 (samples: 141442)
INFO:root:Loss: 35.0972 +/- 1.5426
INFO:root:Epoch no. 94 of 500 (samples: 141442)
INFO:root:Loss: 34.7273 +/- 1.0729
INFO:root:Epoch no. 95 of 500 (samples: 141442)
INFO:root:Loss: 34.6215 +/- 1.8376
INFO:root:Epoch no. 96 of 500 (samples: 141442)
INFO:root:Loss: 34.6657 +/- 1.0899
INFO:root:Epoch no. 97 of 500 (samples: 141442)
INFO:root:Loss: 34.6634 +/- 1.389
INFO:root:Epoch no. 98 of 500 (samples: 141442)
INFO:root:Loss: 34.5845 +/- 1.1375
INFO:root:Epoch no. 99 of 500 (samples: 141442)
INFO:root:Loss: 34.6091 +/- 1.4982
INFO:root:Epoch no. 100 of 500 (samples: 141442)
INFO:root:Loss: 34.1953 +/- 0.9903
INFO:root:Epoch no. 101 of 500 (samples: 141442)
INFO:root:Loss: 34.3251 +/- 1.3771
INFO:root:Epoch no. 102 of 500 (samples: 141442)
INFO:root:Loss: 34.3407 +/- 1.3667
INFO:root:Epoch no. 103 of 500 (samples: 141442)
INFO:root:Loss: 34.389 +/- 1.1596
INFO:root:Epoch no. 104 of 500 (samples: 141442)
INFO:root:Loss: 34.1329 +/- 1.0661
INFO:root:Epoch no. 105 of 500 (samples: 141442)
INFO:root:Loss: 34.2974 +/- 1.078
INFO:root:Epoch no. 106 of 500 (samples: 141442)
INFO:root:Loss: 34.0323 +/- 1.3903
INFO:root:Epoch no. 107 of 500 (samples: 141442)
INFO:root:Loss: 33.8906 +/- 1.3623
INFO:root:Epoch no. 108 of 500 (samples: 141442)
INFO:root:Loss: 34.1527 +/- 1.6056
INFO:root:Epoch no. 109 of 500 (samples: 141442)
INFO:root:Loss: 34.0455 +/- 1.2438
INFO:root:Epoch no. 110 of 500 (samples: 141442)
INFO:root:Loss: 33.9636 +/- 1.2052
INFO:root:Epoch no. 111 of 500 (samples: 141442)
INFO:root:Loss: 34.1106 +/- 1.2739
INFO:root:Epoch no. 112 of 500 (samples: 141442)
INFO:root:Loss: 33.9369 +/- 0.9504
INFO:root:Epoch no. 113 of 500 (samples: 141442)
INFO:root:Loss: 34.0616 +/- 1.2089
INFO:root:Epoch no. 114 of 500 (samples: 141442)
INFO:root:Loss: 33.7631 +/- 1.1841
INFO:root:Epoch no. 115 of 500 (samples: 141442)
INFO:root:Loss: 33.8689 +/- 1.1352
INFO:root:Epoch no. 116 of 500 (samples: 141442)
INFO:root:Loss: 33.7644 +/- 1.2848
INFO:root:Epoch no. 117 of 500 (samples: 141442)
INFO:root:Loss: 33.726 +/- 1.3637
INFO:root:Epoch no. 118 of 500 (samples: 141442)
INFO:root:Loss: 33.7812 +/- 1.2728
INFO:root:Epoch no. 119 of 500 (samples: 141442)
INFO:root:Loss: 33.604 +/- 1.0841
INFO:root:Epoch no. 120 of 500 (samples: 141442)
INFO:root:Loss: 33.459 +/- 1.1643
INFO:root:Epoch no. 121 of 500 (samples: 141442)
INFO:root:Loss: 33.4994 +/- 1.0049
INFO:root:Epoch no. 122 of 500 (samples: 141442)
INFO:root:Loss: 33.3824 +/- 1.3082
INFO:root:Epoch no. 123 of 500 (samples: 141442)
INFO:root:Loss: 33.5379 +/- 1.036
INFO:root:Epoch no. 124 of 500 (samples: 141442)
INFO:root:Loss: 33.5001 +/- 1.1231
INFO:root:Epoch no. 125 of 500 (samples: 141442)
INFO:root:Loss: 33.6388 +/- 1.4623
INFO:root:Epoch no. 126 of 500 (samples: 141442)
INFO:root:Loss: 33.5453 +/- 1.12
INFO:root:Epoch no. 127 of 500 (samples: 141442)
INFO:root:Loss: 33.3512 +/- 1.1804
INFO:root:Epoch no. 128 of 500 (samples: 141442)
INFO:root:Loss: 33.2806 +/- 1.0509
INFO:root:Epoch no. 129 of 500 (samples: 141442)
INFO:root:Loss: 33.106 +/- 1.1438
INFO:root:Epoch no. 130 of 500 (samples: 141442)
INFO:root:Loss: 33.2217 +/- 1.4807
INFO:root:Epoch no. 131 of 500 (samples: 141442)
INFO:root:Loss: 33.1259 +/- 1.2236
INFO:root:Epoch no. 132 of 500 (samples: 141442)
INFO:root:Loss: 33.3344 +/- 1.4331
INFO:root:Epoch no. 133 of 500 (samples: 141442)
INFO:root:Loss: 33.3167 +/- 1.2774
INFO:root:Epoch no. 134 of 500 (samples: 141442)
INFO:root:Loss: 33.0982 +/- 0.96
INFO:root:Epoch no. 135 of 500 (samples: 141442)
INFO:root:Loss: 33.3101 +/- 0.9664
INFO:root:Epoch no. 136 of 500 (samples: 141442)
INFO:root:Loss: 33.2272 +/- 0.887
INFO:root:Epoch no. 137 of 500 (samples: 141442)
INFO:root:Loss: 32.9171 +/- 1.1942
INFO:root:Epoch no. 138 of 500 (samples: 141442)
INFO:root:Loss: 32.9614 +/- 1.3673
INFO:root:Epoch no. 139 of 500 (samples: 141442)
INFO:root:Loss: 33.0594 +/- 1.427
INFO:root:Epoch no. 140 of 500 (samples: 141442)
INFO:root:Loss: 32.9743 +/- 0.909
INFO:root:Epoch no. 141 of 500 (samples: 141442)
INFO:root:Loss: 32.9964 +/- 0.9995
INFO:root:Epoch no. 142 of 500 (samples: 141442)
INFO:root:Loss: 33.0246 +/- 1.2059
INFO:root:Epoch no. 143 of 500 (samples: 141442)
INFO:root:Loss: 33.1748 +/- 1.2894
INFO:root:Epoch no. 144 of 500 (samples: 141442)
INFO:root:Loss: 32.964 +/- 0.9485
INFO:root:Epoch no. 145 of 500 (samples: 141442)
INFO:root:Loss: 32.8794 +/- 1.0846
INFO:root:Epoch no. 146 of 500 (samples: 141442)
INFO:root:Loss: 32.7145 +/- 0.7964
INFO:root:Epoch no. 147 of 500 (samples: 141442)
INFO:root:Loss: 32.7622 +/- 1.236
INFO:root:Epoch no. 148 of 500 (samples: 141442)
INFO:root:Loss: 32.8698 +/- 1.1145
INFO:root:Epoch no. 149 of 500 (samples: 141442)
INFO:root:Loss: 32.7788 +/- 1.1531
INFO:root:Epoch no. 150 of 500 (samples: 141442)
INFO:root:Loss: 32.7265 +/- 0.9863
INFO:root:Epoch no. 151 of 500 (samples: 141442)
INFO:root:Loss: 32.7888 +/- 0.9315
INFO:root:Epoch no. 152 of 500 (samples: 141442)
INFO:root:Loss: 32.6816 +/- 1.3948
INFO:root:Epoch no. 153 of 500 (samples: 141442)
INFO:root:Loss: 32.7098 +/- 1.1501
INFO:root:Epoch no. 154 of 500 (samples: 141442)
INFO:root:Loss: 32.7428 +/- 1.2925
INFO:root:Epoch no. 155 of 500 (samples: 141442)
INFO:root:Loss: 32.4963 +/- 0.9265
INFO:root:Epoch no. 156 of 500 (samples: 141442)
INFO:root:Loss: 32.8477 +/- 0.8152
INFO:root:Epoch no. 157 of 500 (samples: 141442)
INFO:root:Loss: 32.5575 +/- 1.0287
INFO:root:Epoch no. 158 of 500 (samples: 141442)
INFO:root:Loss: 32.485 +/- 0.9579
INFO:root:Epoch no. 159 of 500 (samples: 141442)
INFO:root:Loss: 32.6428 +/- 1.2243
INFO:root:Epoch no. 160 of 500 (samples: 141442)
INFO:root:Loss: 32.6649 +/- 0.8827
INFO:root:Epoch no. 161 of 500 (samples: 141442)
INFO:root:Loss: 32.5815 +/- 1.3144
INFO:root:Epoch no. 162 of 500 (samples: 141442)
INFO:root:Loss: 32.4287 +/- 0.7296
INFO:root:Epoch no. 163 of 500 (samples: 141442)
INFO:root:Loss: 32.4859 +/- 1.3022
INFO:root:Epoch no. 164 of 500 (samples: 141442)
INFO:root:Loss: 32.3887 +/- 0.7462
INFO:root:Epoch no. 165 of 500 (samples: 141442)
INFO:root:Loss: 32.6384 +/- 1.3359
INFO:root:Epoch no. 166 of 500 (samples: 141442)
INFO:root:Loss: 32.502 +/- 1.1665
INFO:root:Epoch no. 167 of 500 (samples: 141442)
INFO:root:Loss: 32.522 +/- 0.9975
INFO:root:Epoch no. 168 of 500 (samples: 141442)
INFO:root:Loss: 32.4087 +/- 1.2175
INFO:root:Epoch no. 169 of 500 (samples: 141442)
INFO:root:Loss: 32.4198 +/- 1.1201
INFO:root:Epoch no. 170 of 500 (samples: 141442)
INFO:root:Loss: 32.412 +/- 1.0031
INFO:root:Epoch no. 171 of 500 (samples: 141442)
INFO:root:Loss: 32.4577 +/- 1.128
INFO:root:Epoch no. 172 of 500 (samples: 141442)
INFO:root:Loss: 32.3379 +/- 0.9294
INFO:root:Epoch no. 173 of 500 (samples: 141442)
INFO:root:Loss: 32.4942 +/- 0.9896
INFO:root:Epoch no. 174 of 500 (samples: 141442)
INFO:root:Loss: 32.4942 +/- 1.3361
INFO:root:Epoch no. 175 of 500 (samples: 141442)
INFO:root:Loss: 32.1736 +/- 1.1382
INFO:root:Epoch no. 176 of 500 (samples: 141442)
INFO:root:Loss: 32.2647 +/- 1.0541
INFO:root:Epoch no. 177 of 500 (samples: 141442)
INFO:root:Loss: 32.2027 +/- 1.1728
INFO:root:Epoch no. 178 of 500 (samples: 141442)
INFO:root:Loss: 32.4803 +/- 1.0333
INFO:root:Epoch no. 179 of 500 (samples: 141442)
INFO:root:Loss: 32.4666 +/- 1.2571
INFO:root:Epoch no. 180 of 500 (samples: 141442)
INFO:root:Loss: 32.0861 +/- 0.9976
INFO:root:Epoch no. 181 of 500 (samples: 141442)
INFO:root:Loss: 32.0142 +/- 1.1767
INFO:root:Epoch no. 182 of 500 (samples: 141442)
INFO:root:Loss: 32.0338 +/- 1.1504
INFO:root:Epoch no. 183 of 500 (samples: 141442)
INFO:root:Loss: 32.1878 +/- 0.8552
INFO:root:Epoch no. 184 of 500 (samples: 141442)
INFO:root:Loss: 32.2884 +/- 1.2619
INFO:root:Epoch no. 185 of 500 (samples: 141442)
INFO:root:Loss: 32.3688 +/- 1.0868
INFO:root:Epoch no. 186 of 500 (samples: 141442)
INFO:root:Loss: 32.1923 +/- 0.8119
INFO:root:Epoch no. 187 of 500 (samples: 141442)
INFO:root:Loss: 32.0627 +/- 1.0441
INFO:root:Epoch no. 188 of 500 (samples: 141442)
INFO:root:Loss: 32.2405 +/- 0.9024
INFO:root:Epoch no. 189 of 500 (samples: 141442)
INFO:root:Loss: 32.0265 +/- 0.8838
INFO:root:Epoch no. 190 of 500 (samples: 141442)
INFO:root:Loss: 32.0843 +/- 1.1251
INFO:root:Epoch no. 191 of 500 (samples: 141442)
INFO:root:Loss: 32.2001 +/- 0.9458
INFO:root:Epoch no. 192 of 500 (samples: 141442)
INFO:root:Loss: 32.2257 +/- 1.2766
INFO:root:Epoch no. 193 of 500 (samples: 141442)
INFO:root:Loss: 32.3029 +/- 1.5007
INFO:root:Epoch no. 194 of 500 (samples: 141442)
INFO:root:Loss: 32.1367 +/- 1.2009
INFO:root:Epoch no. 195 of 500 (samples: 141442)
INFO:root:Loss: 31.8089 +/- 1.1446
INFO:root:Epoch no. 196 of 500 (samples: 141442)
INFO:root:Loss: 31.7537 +/- 1.0279
INFO:root:Epoch no. 197 of 500 (samples: 141442)
INFO:root:Loss: 31.7834 +/- 0.7183
INFO:root:Epoch no. 198 of 500 (samples: 141442)
INFO:root:Loss: 32.0166 +/- 1.0021
INFO:root:Epoch no. 199 of 500 (samples: 141442)
INFO:root:Loss: 31.8326 +/- 1.0347
INFO:root:Epoch no. 200 of 500 (samples: 141442)
INFO:root:Loss: 31.8615 +/- 0.7448
INFO:root:Epoch no. 201 of 500 (samples: 141442)
INFO:root:Loss: 31.8666 +/- 1.1389
INFO:root:Epoch no. 202 of 500 (samples: 141442)
INFO:root:Loss: 31.9832 +/- 0.7905
INFO:root:Epoch no. 203 of 500 (samples: 141442)
INFO:root:Loss: 31.9806 +/- 0.8714
INFO:root:Epoch no. 204 of 500 (samples: 141442)
INFO:root:Loss: 31.7905 +/- 1.0087
INFO:root:Epoch no. 205 of 500 (samples: 141442)
INFO:root:Loss: 31.7721 +/- 1.1035
INFO:root:Epoch no. 206 of 500 (samples: 141442)
INFO:root:Loss: 31.7346 +/- 1.3132
INFO:root:Epoch no. 207 of 500 (samples: 141442)
INFO:root:Loss: 32.0272 +/- 0.938
INFO:root:Epoch no. 208 of 500 (samples: 141442)
INFO:root:Loss: 31.945 +/- 0.8347
INFO:root:Epoch no. 209 of 500 (samples: 141442)
INFO:root:Loss: 31.5617 +/- 1.0184
INFO:root:Epoch no. 210 of 500 (samples: 141442)
INFO:root:Loss: 31.6555 +/- 1.0015
INFO:root:Epoch no. 211 of 500 (samples: 141442)
INFO:root:Loss: 31.8332 +/- 0.8532
INFO:root:Epoch no. 212 of 500 (samples: 141442)
INFO:root:Loss: 31.5395 +/- 0.9688
INFO:root:Epoch no. 213 of 500 (samples: 141442)
INFO:root:Loss: 31.6754 +/- 1.0667
INFO:root:Epoch no. 214 of 500 (samples: 141442)
INFO:root:Loss: 31.802 +/- 0.9182
INFO:root:Epoch no. 215 of 500 (samples: 141442)
INFO:root:Loss: 31.7661 +/- 1.0589
INFO:root:Epoch no. 216 of 500 (samples: 141442)
INFO:root:Loss: 31.6187 +/- 0.9156
INFO:root:Epoch no. 217 of 500 (samples: 141442)
INFO:root:Loss: 31.7264 +/- 0.9418
INFO:root:Epoch no. 218 of 500 (samples: 141442)
INFO:root:Loss: 31.8542 +/- 0.9642
INFO:root:Epoch no. 219 of 500 (samples: 141442)
INFO:root:Loss: 31.6926 +/- 0.5384
INFO:root:Epoch no. 220 of 500 (samples: 141442)
INFO:root:Loss: 31.6069 +/- 1.1425
INFO:root:Epoch no. 221 of 500 (samples: 141442)
INFO:root:Loss: 31.7765 +/- 0.831
INFO:root:Epoch no. 222 of 500 (samples: 141442)
INFO:root:Loss: 31.982 +/- 0.9291
INFO:root:Epoch no. 223 of 500 (samples: 141442)
INFO:root:Loss: 31.6379 +/- 0.638
INFO:root:Epoch no. 224 of 500 (samples: 141442)
INFO:root:Loss: 31.5505 +/- 0.949
INFO:root:Epoch no. 225 of 500 (samples: 141442)
INFO:root:Loss: 31.4417 +/- 1.0642
INFO:root:Epoch no. 226 of 500 (samples: 141442)
INFO:root:Loss: 31.903 +/- 0.9532
INFO:root:Epoch no. 227 of 500 (samples: 141442)
INFO:root:Loss: 31.5434 +/- 1.0914
INFO:root:Epoch no. 228 of 500 (samples: 141442)
INFO:root:Loss: 31.6925 +/- 0.8201
INFO:root:Epoch no. 229 of 500 (samples: 141442)
INFO:root:Loss: 31.6644 +/- 0.9538
INFO:root:Epoch no. 230 of 500 (samples: 141442)
INFO:root:Loss: 31.5345 +/- 1.1919
INFO:root:Epoch no. 231 of 500 (samples: 141442)
INFO:root:Loss: 31.5893 +/- 1.1383
INFO:root:Epoch no. 232 of 500 (samples: 141442)
INFO:root:Loss: 31.6584 +/- 1.0821
INFO:root:Epoch no. 233 of 500 (samples: 141442)
INFO:root:Loss: 31.4531 +/- 0.8635
INFO:root:Epoch no. 234 of 500 (samples: 141442)
INFO:root:Loss: 31.5089 +/- 0.9883
INFO:root:Epoch no. 235 of 500 (samples: 141442)
INFO:root:Loss: 31.4857 +/- 0.7146
INFO:root:Epoch no. 236 of 500 (samples: 141442)
INFO:root:Loss: 31.4489 +/- 0.867
INFO:root:Epoch no. 237 of 500 (samples: 141442)
INFO:root:Loss: 31.4745 +/- 0.9138
INFO:root:Epoch no. 238 of 500 (samples: 141442)
INFO:root:Loss: 31.5476 +/- 1.1976
INFO:root:Epoch no. 239 of 500 (samples: 141442)
INFO:root:Loss: 31.5688 +/- 0.7781
INFO:root:Epoch no. 240 of 500 (samples: 141442)
INFO:root:Loss: 31.4193 +/- 0.8947
INFO:root:Epoch no. 241 of 500 (samples: 141442)
INFO:root:Loss: 31.2946 +/- 0.9513
INFO:root:Epoch no. 242 of 500 (samples: 141442)
INFO:root:Loss: 31.4166 +/- 1.0021
INFO:root:Epoch no. 243 of 500 (samples: 141442)
INFO:root:Loss: 31.4106 +/- 0.7204
INFO:root:Epoch no. 244 of 500 (samples: 141442)
INFO:root:Loss: 31.4738 +/- 0.8281
INFO:root:Epoch no. 245 of 500 (samples: 141442)
INFO:root:Loss: 31.4461 +/- 0.9879
INFO:root:Epoch no. 246 of 500 (samples: 141442)
INFO:root:Loss: 31.4833 +/- 0.8111
INFO:root:Epoch no. 247 of 500 (samples: 141442)
INFO:root:Loss: 31.4837 +/- 0.7857
INFO:root:Epoch no. 248 of 500 (samples: 141442)
INFO:root:Loss: 31.3838 +/- 0.8137
INFO:root:Epoch no. 249 of 500 (samples: 141442)
INFO:root:Loss: 31.2572 +/- 1.0416
INFO:root:Epoch no. 250 of 500 (samples: 141442)
INFO:root:Loss: 31.4262 +/- 0.7704
INFO:root:Epoch no. 251 of 500 (samples: 141442)
INFO:root:Loss: 31.4402 +/- 0.994
INFO:root:Epoch no. 252 of 500 (samples: 141442)
INFO:root:Loss: 31.2823 +/- 1.0879
INFO:root:Epoch no. 253 of 500 (samples: 141442)
INFO:root:Loss: 31.4679 +/- 1.0584
INFO:root:Epoch no. 254 of 500 (samples: 141442)
INFO:root:Loss: 31.1957 +/- 0.9934
INFO:root:Epoch no. 255 of 500 (samples: 141442)
INFO:root:Loss: 31.2043 +/- 0.8352
INFO:root:Epoch no. 256 of 500 (samples: 141442)
INFO:root:Loss: 31.2625 +/- 0.8841
INFO:root:Epoch no. 257 of 500 (samples: 141442)
INFO:root:Loss: 31.3942 +/- 0.9031
INFO:root:Epoch no. 258 of 500 (samples: 141442)
INFO:root:Loss: 31.3598 +/- 1.2394
INFO:root:Epoch no. 259 of 500 (samples: 141442)
INFO:root:Loss: 31.2815 +/- 0.8713
INFO:root:Epoch no. 260 of 500 (samples: 141442)
INFO:root:Loss: 30.9871 +/- 0.8783
INFO:root:Epoch no. 261 of 500 (samples: 141442)
INFO:root:Loss: 31.1217 +/- 1.1843
INFO:root:Epoch no. 262 of 500 (samples: 141442)
INFO:root:Loss: 31.2349 +/- 0.8924
INFO:root:Epoch no. 263 of 500 (samples: 141442)
INFO:root:Loss: 31.3056 +/- 0.7042
INFO:root:Epoch no. 264 of 500 (samples: 141442)
INFO:root:Loss: 31.1832 +/- 1.0986
INFO:root:Epoch no. 265 of 500 (samples: 141442)
INFO:root:Loss: 31.179 +/- 1.0003
INFO:root:Epoch no. 266 of 500 (samples: 141442)
INFO:root:Loss: 31.1928 +/- 0.827
INFO:root:Epoch no. 267 of 500 (samples: 141442)
INFO:root:Loss: 31.2864 +/- 0.9414
INFO:root:Epoch no. 268 of 500 (samples: 141442)
INFO:root:Loss: 31.2547 +/- 0.8296
INFO:root:Epoch no. 269 of 500 (samples: 141442)
INFO:root:Loss: 31.2532 +/- 0.9882
INFO:root:Epoch no. 270 of 500 (samples: 141442)
INFO:root:Loss: 31.1686 +/- 0.7745
INFO:root:Epoch no. 271 of 500 (samples: 141442)
INFO:root:Loss: 30.9714 +/- 0.7788
INFO:root:Epoch no. 272 of 500 (samples: 141442)
INFO:root:Loss: 31.1481 +/- 0.707
INFO:root:Epoch no. 273 of 500 (samples: 141442)
INFO:root:Loss: 31.2373 +/- 0.736
INFO:root:Epoch no. 274 of 500 (samples: 141442)
INFO:root:Loss: 31.216 +/- 0.9813
INFO:root:Epoch no. 275 of 500 (samples: 141442)
INFO:root:Loss: 31.1602 +/- 0.7697
INFO:root:Epoch no. 276 of 500 (samples: 141442)
INFO:root:Loss: 31.1295 +/- 0.6032
INFO:root:Epoch no. 277 of 500 (samples: 141442)
INFO:root:Loss: 31.1347 +/- 0.8488
INFO:root:Epoch no. 278 of 500 (samples: 141442)
INFO:root:Loss: 31.1273 +/- 1.1174
INFO:root:Epoch no. 279 of 500 (samples: 141442)
INFO:root:Loss: 31.1644 +/- 0.9161
INFO:root:Epoch no. 280 of 500 (samples: 141442)
INFO:root:Loss: 31.0399 +/- 0.8896
INFO:root:Epoch no. 281 of 500 (samples: 141442)
INFO:root:Loss: 31.0511 +/- 0.963
INFO:root:Epoch no. 282 of 500 (samples: 141442)
INFO:root:Loss: 30.9689 +/- 0.5883
INFO:root:Epoch no. 283 of 500 (samples: 141442)
INFO:root:Loss: 31.1627 +/- 1.0005
INFO:root:Epoch no. 284 of 500 (samples: 141442)
INFO:root:Loss: 31.0709 +/- 1.1473
INFO:root:Epoch no. 285 of 500 (samples: 141442)
INFO:root:Loss: 30.9114 +/- 0.9153
INFO:root:Epoch no. 286 of 500 (samples: 141442)
INFO:root:Loss: 31.0871 +/- 0.8908
INFO:root:Epoch no. 287 of 500 (samples: 141442)
INFO:root:Loss: 31.1612 +/- 0.9465
INFO:root:Epoch no. 288 of 500 (samples: 141442)
INFO:root:Loss: 31.1403 +/- 1.0483
INFO:root:Epoch no. 289 of 500 (samples: 141442)
INFO:root:Loss: 30.9635 +/- 0.8487
INFO:root:Epoch no. 290 of 500 (samples: 141442)
INFO:root:Loss: 31.2829 +/- 0.8964
INFO:root:Epoch no. 291 of 500 (samples: 141442)
INFO:root:Loss: 31.12 +/- 0.5299
INFO:root:Epoch no. 292 of 500 (samples: 141442)
INFO:root:Loss: 31.0051 +/- 1.1058
INFO:root:Epoch no. 293 of 500 (samples: 141442)
INFO:root:Loss: 30.8902 +/- 0.7594
INFO:root:Epoch no. 294 of 500 (samples: 141442)
INFO:root:Loss: 31.0342 +/- 0.8557
INFO:root:Epoch no. 295 of 500 (samples: 141442)
INFO:root:Loss: 31.0413 +/- 0.7644
INFO:root:Epoch no. 296 of 500 (samples: 141442)
INFO:root:Loss: 31.0052 +/- 1.0181
INFO:root:Epoch no. 297 of 500 (samples: 141442)
INFO:root:Loss: 31.0182 +/- 1.0694
INFO:root:Epoch no. 298 of 500 (samples: 141442)
INFO:root:Loss: 31.0184 +/- 0.915
INFO:root:Epoch no. 299 of 500 (samples: 141442)
INFO:root:Loss: 30.9402 +/- 0.6493
INFO:root:Epoch no. 300 of 500 (samples: 141442)
INFO:root:Loss: 30.8967 +/- 0.721
INFO:root:Epoch no. 301 of 500 (samples: 141442)
INFO:root:Loss: 31.1813 +/- 0.969
INFO:root:Epoch no. 302 of 500 (samples: 141442)
INFO:root:Loss: 31.1415 +/- 0.8771
INFO:root:Epoch no. 303 of 500 (samples: 141442)
INFO:root:Loss: 30.8843 +/- 1.223
INFO:root:Epoch no. 304 of 500 (samples: 141442)
INFO:root:Loss: 30.8345 +/- 0.7153
INFO:root:Epoch no. 305 of 500 (samples: 141442)
INFO:root:Loss: 30.6427 +/- 0.918
INFO:root:Epoch no. 306 of 500 (samples: 141442)
INFO:root:Loss: 30.8223 +/- 0.7587
INFO:root:Epoch no. 307 of 500 (samples: 141442)
INFO:root:Loss: 30.7712 +/- 0.9958
INFO:root:Epoch no. 308 of 500 (samples: 141442)
INFO:root:Loss: 31.0599 +/- 0.9669
INFO:root:Epoch no. 309 of 500 (samples: 141442)
INFO:root:Loss: 30.9656 +/- 0.6768
INFO:root:Epoch no. 310 of 500 (samples: 141442)
INFO:root:Loss: 31.0609 +/- 0.7804
INFO:root:Epoch no. 311 of 500 (samples: 141442)
INFO:root:Loss: 30.9022 +/- 0.7205
INFO:root:Epoch no. 312 of 500 (samples: 141442)
INFO:root:Loss: 31.2737 +/- 1.0548
INFO:root:Epoch no. 313 of 500 (samples: 141442)
INFO:root:Loss: 31.1662 +/- 0.8814
INFO:root:Epoch no. 314 of 500 (samples: 141442)
INFO:root:Loss: 30.7623 +/- 0.8057
INFO:root:Epoch no. 315 of 500 (samples: 141442)
INFO:root:Loss: 30.7856 +/- 0.9763
INFO:root:Epoch no. 316 of 500 (samples: 141442)
INFO:root:Loss: 30.8701 +/- 0.5912
INFO:root:Epoch no. 317 of 500 (samples: 141442)
INFO:root:Loss: 30.9799 +/- 0.9579
INFO:root:Epoch no. 318 of 500 (samples: 141442)
INFO:root:Loss: 30.9685 +/- 0.8392
INFO:root:Epoch no. 319 of 500 (samples: 141442)
INFO:root:Loss: 30.8041 +/- 0.9789
INFO:root:Epoch no. 320 of 500 (samples: 141442)
INFO:root:Loss: 30.9591 +/- 1.1277
INFO:root:Epoch no. 321 of 500 (samples: 141442)
INFO:root:Loss: 31.0131 +/- 1.242
INFO:root:Epoch no. 322 of 500 (samples: 141442)
INFO:root:Loss: 30.9626 +/- 0.6616
INFO:root:Epoch no. 323 of 500 (samples: 141442)
INFO:root:Loss: 30.6188 +/- 1.011
INFO:root:Epoch no. 324 of 500 (samples: 141442)
INFO:root:Loss: 30.9175 +/- 0.796
INFO:root:Epoch no. 325 of 500 (samples: 141442)
INFO:root:Loss: 30.955 +/- 1.0292
INFO:root:Epoch no. 326 of 500 (samples: 141442)
INFO:root:Loss: 30.7104 +/- 0.6545
INFO:root:Epoch no. 327 of 500 (samples: 141442)
INFO:root:Loss: 31.0311 +/- 0.9949
INFO:root:Epoch no. 328 of 500 (samples: 141442)
INFO:root:Loss: 31.0248 +/- 0.6863
INFO:root:Epoch no. 329 of 500 (samples: 141442)
INFO:root:Loss: 30.9372 +/- 1.0603
INFO:root:Epoch no. 330 of 500 (samples: 141442)
INFO:root:Loss: 30.9058 +/- 0.8696
INFO:root:Epoch no. 331 of 500 (samples: 141442)
INFO:root:Loss: 30.8572 +/- 0.6082
INFO:root:Epoch no. 332 of 500 (samples: 141442)
INFO:root:Loss: 30.7088 +/- 0.8069
INFO:root:Epoch no. 333 of 500 (samples: 141442)
INFO:root:Loss: 30.7982 +/- 0.9678
INFO:root:Epoch no. 334 of 500 (samples: 141442)
INFO:root:Loss: 30.6605 +/- 0.659
INFO:root:Epoch no. 335 of 500 (samples: 141442)
INFO:root:Loss: 30.739 +/- 0.8369
INFO:root:Epoch no. 336 of 500 (samples: 141442)
INFO:root:Loss: 30.5785 +/- 0.7945
INFO:root:Epoch no. 337 of 500 (samples: 141442)
INFO:root:Loss: 30.9092 +/- 0.5448
INFO:root:Epoch no. 338 of 500 (samples: 141442)
INFO:root:Loss: 30.7027 +/- 1.0157
INFO:root:Epoch no. 339 of 500 (samples: 141442)
INFO:root:Loss: 30.9347 +/- 0.9816
INFO:root:Epoch no. 340 of 500 (samples: 141442)
INFO:root:Loss: 30.8709 +/- 0.8106
INFO:root:Epoch no. 341 of 500 (samples: 141442)
INFO:root:Loss: 30.7362 +/- 0.6615
INFO:root:Epoch no. 342 of 500 (samples: 141442)
INFO:root:Loss: 30.81 +/- 0.6032
INFO:root:Epoch no. 343 of 500 (samples: 141442)
INFO:root:Loss: 30.8584 +/- 0.8454
INFO:root:Epoch no. 344 of 500 (samples: 141442)
INFO:root:Loss: 30.7199 +/- 0.7574
INFO:root:Epoch no. 345 of 500 (samples: 141442)
INFO:root:Loss: 30.7722 +/- 1.0977
INFO:root:Epoch no. 346 of 500 (samples: 141442)
INFO:root:Loss: 30.7959 +/- 0.7646
INFO:root:Epoch no. 347 of 500 (samples: 141442)
INFO:root:Loss: 30.5572 +/- 0.7751
INFO:root:Epoch no. 348 of 500 (samples: 141442)
INFO:root:Loss: 30.6279 +/- 0.7913
INFO:root:Epoch no. 349 of 500 (samples: 141442)
INFO:root:Loss: 30.7364 +/- 0.607
INFO:root:Epoch no. 350 of 500 (samples: 141442)
INFO:root:Loss: 30.7239 +/- 1.0469
INFO:root:Epoch no. 351 of 500 (samples: 141442)
INFO:root:Loss: 30.7718 +/- 0.9676
INFO:root:Epoch no. 352 of 500 (samples: 141442)
INFO:root:Loss: 30.599 +/- 0.8451
INFO:root:Epoch no. 353 of 500 (samples: 141442)
INFO:root:Loss: 30.5955 +/- 0.9306
INFO:root:Epoch no. 354 of 500 (samples: 141442)
INFO:root:Loss: 30.6904 +/- 0.9842
INFO:root:Epoch no. 355 of 500 (samples: 141442)
INFO:root:Loss: 30.5974 +/- 0.7337
INFO:root:Epoch no. 356 of 500 (samples: 141442)
INFO:root:Loss: 30.6194 +/- 0.6263
INFO:root:Epoch no. 357 of 500 (samples: 141442)
INFO:root:Loss: 30.7005 +/- 0.749
INFO:root:Epoch no. 358 of 500 (samples: 141442)
INFO:root:Loss: 30.6451 +/- 0.892
INFO:root:Epoch no. 359 of 500 (samples: 141442)
INFO:root:Loss: 30.6246 +/- 1.0459
INFO:root:Epoch no. 360 of 500 (samples: 141442)
INFO:root:Loss: 30.7931 +/- 0.8537
INFO:root:Epoch no. 361 of 500 (samples: 141442)
INFO:root:Loss: 30.3651 +/- 0.5224
INFO:root:Epoch no. 362 of 500 (samples: 141442)
INFO:root:Loss: 30.5689 +/- 0.8748
INFO:root:Epoch no. 363 of 500 (samples: 141442)
INFO:root:Loss: 30.6666 +/- 0.8126
INFO:root:Epoch no. 364 of 500 (samples: 141442)
INFO:root:Loss: 30.5765 +/- 1.0201
INFO:root:Epoch no. 365 of 500 (samples: 141442)
INFO:root:Loss: 30.5466 +/- 0.6877
INFO:root:Epoch no. 366 of 500 (samples: 141442)
INFO:root:Loss: 30.5761 +/- 0.9394
INFO:root:Epoch no. 367 of 500 (samples: 141442)
INFO:root:Loss: 30.8397 +/- 0.7218
INFO:root:Epoch no. 368 of 500 (samples: 141442)
INFO:root:Loss: 30.4693 +/- 0.8383
INFO:root:Epoch no. 369 of 500 (samples: 141442)
INFO:root:Loss: 30.7939 +/- 0.7589
INFO:root:Epoch no. 370 of 500 (samples: 141442)
INFO:root:Loss: 30.5779 +/- 0.9402
INFO:root:Epoch no. 371 of 500 (samples: 141442)
INFO:root:Loss: 30.5548 +/- 0.8752
INFO:root:Epoch no. 372 of 500 (samples: 141442)
INFO:root:Loss: 30.6186 +/- 0.8228
INFO:root:Epoch no. 373 of 500 (samples: 141442)
INFO:root:Loss: 30.5424 +/- 0.5127
INFO:root:Epoch no. 374 of 500 (samples: 141442)
INFO:root:Loss: 30.7364 +/- 0.8716
INFO:root:Epoch no. 375 of 500 (samples: 141442)
INFO:root:Loss: 30.6988 +/- 0.6282
INFO:root:Epoch no. 376 of 500 (samples: 141442)
INFO:root:Loss: 30.3531 +/- 1.0473
INFO:root:Epoch no. 377 of 500 (samples: 141442)
INFO:root:Loss: 30.5551 +/- 0.755
INFO:root:Epoch no. 378 of 500 (samples: 141442)
INFO:root:Loss: 30.6567 +/- 0.6529
INFO:root:Epoch no. 379 of 500 (samples: 141442)
INFO:root:Loss: 30.7107 +/- 0.8085
INFO:root:Epoch no. 380 of 500 (samples: 141442)
INFO:root:Loss: 30.5965 +/- 0.7348
INFO:root:Epoch no. 381 of 500 (samples: 141442)
INFO:root:Loss: 30.6771 +/- 0.7888
INFO:root:Epoch no. 382 of 500 (samples: 141442)
INFO:root:Loss: 30.5121 +/- 0.78
INFO:root:Epoch no. 383 of 500 (samples: 141442)
INFO:root:Loss: 30.7026 +/- 0.6066
INFO:root:Epoch no. 384 of 500 (samples: 141442)
INFO:root:Loss: 30.5692 +/- 1.2045
INFO:root:Epoch no. 385 of 500 (samples: 141442)
INFO:root:Loss: 30.522 +/- 0.6392
INFO:root:Epoch no. 386 of 500 (samples: 141442)
INFO:root:Loss: 30.7475 +/- 0.679
INFO:root:Epoch no. 387 of 500 (samples: 141442)
INFO:root:Loss: 30.6408 +/- 0.7021
INFO:root:Epoch no. 388 of 500 (samples: 141442)
INFO:root:Loss: 30.6117 +/- 0.8595
INFO:root:Epoch no. 389 of 500 (samples: 141442)
INFO:root:Loss: 30.609 +/- 0.7441
INFO:root:Epoch no. 390 of 500 (samples: 141442)
INFO:root:Loss: 30.3801 +/- 0.8761
INFO:root:Epoch no. 391 of 500 (samples: 141442)
INFO:root:Loss: 30.6203 +/- 0.9038
INFO:root:Epoch no. 392 of 500 (samples: 141442)
INFO:root:Loss: 30.3722 +/- 1.1088
INFO:root:Epoch no. 393 of 500 (samples: 141442)
INFO:root:Loss: 30.5488 +/- 0.4703
INFO:root:Epoch no. 394 of 500 (samples: 141442)
INFO:root:Loss: 30.2361 +/- 1.0812
INFO:root:Epoch no. 395 of 500 (samples: 141442)
INFO:root:Loss: 30.2257 +/- 0.3994
INFO:root:Epoch no. 396 of 500 (samples: 141442)
INFO:root:Loss: 30.4648 +/- 0.9535
INFO:root:Epoch no. 397 of 500 (samples: 141442)
INFO:root:Loss: 30.495 +/- 0.7371
INFO:root:Epoch no. 398 of 500 (samples: 141442)
INFO:root:Loss: 30.438 +/- 0.9574
INFO:root:Epoch no. 399 of 500 (samples: 141442)
INFO:root:Loss: 30.4374 +/- 0.7932
INFO:root:Epoch no. 400 of 500 (samples: 141442)
INFO:root:Loss: 30.5441 +/- 0.7965
INFO:root:Epoch no. 401 of 500 (samples: 141442)
INFO:root:Loss: 30.617 +/- 0.6271
INFO:root:Epoch no. 402 of 500 (samples: 141442)
INFO:root:Loss: 30.3644 +/- 0.6066
INFO:root:Epoch no. 403 of 500 (samples: 141442)
INFO:root:Loss: 30.3367 +/- 0.7566
INFO:root:Epoch no. 404 of 500 (samples: 141442)
INFO:root:Loss: 30.493 +/- 0.8707
INFO:root:Epoch no. 405 of 500 (samples: 141442)
INFO:root:Loss: 30.4843 +/- 0.8636
INFO:root:Epoch no. 406 of 500 (samples: 141442)
INFO:root:Loss: 30.5682 +/- 0.8299
INFO:root:Epoch no. 407 of 500 (samples: 141442)
INFO:root:Loss: 30.4248 +/- 0.786
INFO:root:Epoch no. 408 of 500 (samples: 141442)
INFO:root:Loss: 30.4457 +/- 0.7865
INFO:root:Epoch no. 409 of 500 (samples: 141442)
INFO:root:Loss: 30.5926 +/- 0.7246
INFO:root:Epoch no. 410 of 500 (samples: 141442)
INFO:root:Loss: 30.4647 +/- 0.8645
INFO:root:Epoch no. 411 of 500 (samples: 141442)
INFO:root:Loss: 30.7031 +/- 0.8694
INFO:root:Epoch no. 412 of 500 (samples: 141442)
INFO:root:Loss: 30.3035 +/- 0.7323
INFO:root:Epoch no. 413 of 500 (samples: 141442)
INFO:root:Loss: 30.4521 +/- 0.6915
INFO:root:Epoch no. 414 of 500 (samples: 141442)
INFO:root:Loss: 30.3966 +/- 0.5301
INFO:root:Epoch no. 415 of 500 (samples: 141442)
INFO:root:Loss: 30.1698 +/- 0.7309
INFO:root:Epoch no. 416 of 500 (samples: 141442)
INFO:root:Loss: 30.5752 +/- 0.8276
INFO:root:Epoch no. 417 of 500 (samples: 141442)
INFO:root:Loss: 30.3103 +/- 0.6513
INFO:root:Epoch no. 418 of 500 (samples: 141442)
INFO:root:Loss: 30.5903 +/- 0.7002
INFO:root:Epoch no. 419 of 500 (samples: 141442)
INFO:root:Loss: 30.5248 +/- 0.7665
INFO:root:Epoch no. 420 of 500 (samples: 141442)
INFO:root:Loss: 30.4864 +/- 0.7653
INFO:root:Epoch no. 421 of 500 (samples: 141442)
INFO:root:Loss: 30.4517 +/- 0.7595
INFO:root:Epoch no. 422 of 500 (samples: 141442)
INFO:root:Loss: 30.3446 +/- 0.6428
INFO:root:Epoch no. 423 of 500 (samples: 141442)
INFO:root:Loss: 30.0427 +/- 0.7529
INFO:root:Epoch no. 424 of 500 (samples: 141442)
INFO:root:Loss: 30.2449 +/- 0.974
INFO:root:Epoch no. 425 of 500 (samples: 141442)
INFO:root:Loss: 30.2879 +/- 1.0964
INFO:root:Epoch no. 426 of 500 (samples: 141442)
INFO:root:Loss: 30.3524 +/- 1.044
INFO:root:Epoch no. 427 of 500 (samples: 141442)
INFO:root:Loss: 30.5337 +/- 0.8809
INFO:root:Epoch no. 428 of 500 (samples: 141442)
INFO:root:Loss: 30.3995 +/- 0.7187
INFO:root:Epoch no. 429 of 500 (samples: 141442)
INFO:root:Loss: 30.3211 +/- 1.0351
INFO:root:Epoch no. 430 of 500 (samples: 141442)
INFO:root:Loss: 30.4798 +/- 0.9653
INFO:root:Epoch no. 431 of 500 (samples: 141442)
INFO:root:Loss: 30.2679 +/- 0.9361
INFO:root:Epoch no. 432 of 500 (samples: 141442)
INFO:root:Loss: 30.2254 +/- 0.6309
INFO:root:Epoch no. 433 of 500 (samples: 141442)
INFO:root:Loss: 30.3277 +/- 0.7118
INFO:root:Epoch no. 434 of 500 (samples: 141442)
INFO:root:Loss: 30.15 +/- 0.7207
INFO:root:Epoch no. 435 of 500 (samples: 141442)
INFO:root:Loss: 30.5261 +/- 0.7766
INFO:root:Epoch no. 436 of 500 (samples: 141442)
INFO:root:Loss: 30.3294 +/- 0.8759
INFO:root:Epoch no. 437 of 500 (samples: 141442)
INFO:root:Loss: 30.2265 +/- 0.7704
INFO:root:Epoch no. 438 of 500 (samples: 141442)
INFO:root:Loss: 30.3142 +/- 0.6395
INFO:root:Epoch no. 439 of 500 (samples: 141442)
INFO:root:Loss: 30.1864 +/- 0.5162
INFO:root:Epoch no. 440 of 500 (samples: 141442)
INFO:root:Loss: 30.4581 +/- 0.8285
INFO:root:Epoch no. 441 of 500 (samples: 141442)
INFO:root:Loss: 30.3668 +/- 0.7542
INFO:root:Epoch no. 442 of 500 (samples: 141442)
INFO:root:Loss: 30.4092 +/- 0.7316
INFO:root:Epoch no. 443 of 500 (samples: 141442)
INFO:root:Loss: 30.5494 +/- 0.7782
INFO:root:Epoch no. 444 of 500 (samples: 141442)
INFO:root:Loss: 30.4686 +/- 0.7209
INFO:root:Epoch no. 445 of 500 (samples: 141442)
INFO:root:Loss: 30.5038 +/- 0.6747
INFO:root:Epoch no. 446 of 500 (samples: 141442)
INFO:root:Loss: 30.404 +/- 1.1385
INFO:root:Epoch no. 447 of 500 (samples: 141442)
INFO:root:Loss: 30.2527 +/- 0.6443
INFO:root:Epoch no. 448 of 500 (samples: 141442)
INFO:root:Loss: 30.2797 +/- 0.6446
INFO:root:Epoch no. 449 of 500 (samples: 141442)
INFO:root:Loss: 30.305 +/- 0.7389
INFO:root:Epoch no. 450 of 500 (samples: 141442)
INFO:root:Loss: 30.215 +/- 0.691
INFO:root:Epoch no. 451 of 500 (samples: 141442)
INFO:root:Loss: 30.2996 +/- 0.6965
INFO:root:Epoch no. 452 of 500 (samples: 141442)
INFO:root:Loss: 30.3261 +/- 1.0077
INFO:root:Epoch no. 453 of 500 (samples: 141442)
INFO:root:Loss: 30.2966 +/- 0.6657
INFO:root:Epoch no. 454 of 500 (samples: 141442)
INFO:root:Loss: 30.3146 +/- 0.5025
INFO:root:Epoch no. 455 of 500 (samples: 141442)
INFO:root:Loss: 30.2003 +/- 0.8205
INFO:root:Epoch no. 456 of 500 (samples: 141442)
INFO:root:Loss: 30.36 +/- 0.8167
INFO:root:Epoch no. 457 of 500 (samples: 141442)
INFO:root:Loss: 30.3261 +/- 0.6951
INFO:root:Epoch no. 458 of 500 (samples: 141442)
INFO:root:Loss: 30.3635 +/- 0.7142
INFO:root:Epoch no. 459 of 500 (samples: 141442)
INFO:root:Loss: 30.2329 +/- 0.7623
INFO:root:Epoch no. 460 of 500 (samples: 141442)
INFO:root:Loss: 30.3276 +/- 0.6894
INFO:root:Epoch no. 461 of 500 (samples: 141442)
INFO:root:Loss: 30.2921 +/- 0.3954
INFO:root:Epoch no. 462 of 500 (samples: 141442)
INFO:root:Loss: 30.3483 +/- 0.7856
INFO:root:Epoch no. 463 of 500 (samples: 141442)
INFO:root:Loss: 30.2193 +/- 0.8711
INFO:root:Epoch no. 464 of 500 (samples: 141442)
INFO:root:Loss: 30.0965 +/- 0.5037
INFO:root:Epoch no. 465 of 500 (samples: 141442)
INFO:root:Loss: 30.2627 +/- 0.7361
INFO:root:Epoch no. 466 of 500 (samples: 141442)
INFO:root:Loss: 30.2059 +/- 0.3873
INFO:root:Epoch no. 467 of 500 (samples: 141442)
INFO:root:Loss: 30.2368 +/- 0.7766
INFO:root:Epoch no. 468 of 500 (samples: 141442)
INFO:root:Loss: 30.1099 +/- 0.9071
INFO:root:Epoch no. 469 of 500 (samples: 141442)
INFO:root:Loss: 30.2536 +/- 1.0684
INFO:root:Epoch no. 470 of 500 (samples: 141442)
INFO:root:Loss: 30.4152 +/- 0.8277
INFO:root:Epoch no. 471 of 500 (samples: 141442)
INFO:root:Loss: 30.2649 +/- 0.6385
INFO:root:Epoch no. 472 of 500 (samples: 141442)
INFO:root:Loss: 30.2066 +/- 0.745
INFO:root:Epoch no. 473 of 500 (samples: 141442)
INFO:root:Loss: 30.2271 +/- 0.8657
INFO:root:Epoch no. 474 of 500 (samples: 141442)
INFO:root:Loss: 30.2123 +/- 0.7089
INFO:root:Epoch no. 475 of 500 (samples: 141442)
INFO:root:Loss: 30.0654 +/- 0.6466
INFO:root:Epoch no. 476 of 500 (samples: 141442)
INFO:root:Loss: 30.1207 +/- 0.683
INFO:root:Epoch no. 477 of 500 (samples: 141442)
INFO:root:Loss: 30.1278 +/- 0.4675
INFO:root:Epoch no. 478 of 500 (samples: 141442)
INFO:root:Loss: 30.0675 +/- 0.6205
INFO:root:Epoch no. 479 of 500 (samples: 141442)
INFO:root:Loss: 30.2445 +/- 0.8255
INFO:root:Epoch no. 480 of 500 (samples: 141442)
INFO:root:Loss: 30.257 +/- 0.8367
INFO:root:Epoch no. 481 of 500 (samples: 141442)
INFO:root:Loss: 30.1111 +/- 0.7927
INFO:root:Epoch no. 482 of 500 (samples: 141442)
INFO:root:Loss: 30.123 +/- 0.953
INFO:root:Epoch no. 483 of 500 (samples: 141442)
INFO:root:Loss: 30.2182 +/- 0.434
INFO:root:Epoch no. 484 of 500 (samples: 141442)
INFO:root:Loss: 29.9475 +/- 0.6515
INFO:root:Epoch no. 485 of 500 (samples: 141442)
INFO:root:Loss: 30.1229 +/- 0.8808
INFO:root:Epoch no. 486 of 500 (samples: 141442)
INFO:root:Loss: 30.229 +/- 0.7903
INFO:root:Epoch no. 487 of 500 (samples: 141442)
INFO:root:Loss: 29.8952 +/- 0.6763
INFO:root:Epoch no. 488 of 500 (samples: 141442)
INFO:root:Loss: 30.0974 +/- 0.7013
INFO:root:Epoch no. 489 of 500 (samples: 141442)
INFO:root:Loss: 30.0668 +/- 0.6907
INFO:root:Epoch no. 490 of 500 (samples: 141442)
INFO:root:Loss: 30.3101 +/- 0.9959
INFO:root:Epoch no. 491 of 500 (samples: 141442)
INFO:root:Loss: 30.102 +/- 0.9637
INFO:root:Epoch no. 492 of 500 (samples: 141442)
INFO:root:Loss: 30.0873 +/- 0.815
INFO:root:Epoch no. 493 of 500 (samples: 141442)
INFO:root:Loss: 30.143 +/- 0.7016
INFO:root:Epoch no. 494 of 500 (samples: 141442)
INFO:root:Loss: 30.2275 +/- 0.7656
INFO:root:Epoch no. 495 of 500 (samples: 141442)
INFO:root:Loss: 30.1756 +/- 0.8993
INFO:root:Epoch no. 496 of 500 (samples: 141442)
INFO:root:Loss: 30.0305 +/- 0.6652
INFO:root:Epoch no. 497 of 500 (samples: 141442)
INFO:root:Loss: 30.2965 +/- 0.8465
INFO:root:Epoch no. 498 of 500 (samples: 141442)
INFO:root:Loss: 30.0872 +/- 0.7639
INFO:root:Epoch no. 499 of 500 (samples: 141442)
INFO:root:Loss: 30.1177 +/- 0.8009
INFO:root:Epoch no. 500 of 500 (samples: 141442)
INFO:root:Loss: 30.1328 +/- 0.5625
/usr/local/lib/python3.5/dist-packages/keras/backend/theano_backend.py:527: UserWarning: theano.function was asked to create a function computing outputs given certain inputs, but the provided input variable at index 2 is not part of the computational graph needed to compute the outputs: keras_learning_phase.
To make this warning into an error, you can pass the parameter on_unused_input='raise' to theano.function. To disable it completely, use on_unused_input='ignore'.
  **kwargs)
INFO:root:### MICRO (validation raw):
INFO:root:	-- left   >> mean: 202.5938, median: 7.0, mrr: 0.217, hits@1: 5.64%
INFO:root:	-- right  >> mean: 194.0646, median: 7.0, mrr: 0.214, hits@1: 5.5%
INFO:root:	-- global >> mean: 198.3292, median: 7.0, mrr: 0.216, hits@1: 5.57%
INFO:root:### MICRO (validation raw):
INFO:root:	-- left   >> mean: 202.5938, median: 7.0, mrr: 0.217, hits@3: 27.28%
INFO:root:	-- right  >> mean: 194.0646, median: 7.0, mrr: 0.214, hits@3: 26.62%
INFO:root:	-- global >> mean: 198.3292, median: 7.0, mrr: 0.216, hits@3: 26.95%
INFO:root:### MICRO (validation raw):
INFO:root:	-- left   >> mean: 202.5938, median: 7.0, mrr: 0.217, hits@5: 42.26%
INFO:root:	-- right  >> mean: 194.0646, median: 7.0, mrr: 0.214, hits@5: 40.98%
INFO:root:	-- global >> mean: 198.3292, median: 7.0, mrr: 0.216, hits@5: 41.62%
INFO:root:### MICRO (validation raw):
INFO:root:	-- left   >> mean: 202.5938, median: 7.0, mrr: 0.217, hits@10: 59.66%
INFO:root:	-- right  >> mean: 194.0646, median: 7.0, mrr: 0.214, hits@10: 58.68%
INFO:root:	-- global >> mean: 198.3292, median: 7.0, mrr: 0.216, hits@10: 59.17%
INFO:root:### MICRO (validation filtered):
INFO:root:	-- left   >> mean: 191.1178, median: 5.0, mrr: 0.275, hits@1: 8.2%
INFO:root:	-- right  >> mean: 182.1574, median: 5.0, mrr: 0.275, hits@1: 7.86%
INFO:root:	-- global >> mean: 186.6376, median: 5.0, mrr: 0.275, hits@1: 8.03%
INFO:root:### MICRO (validation filtered):
INFO:root:	-- left   >> mean: 191.1178, median: 5.0, mrr: 0.275, hits@3: 38.4%
INFO:root:	-- right  >> mean: 182.1574, median: 5.0, mrr: 0.275, hits@3: 38.26%
INFO:root:	-- global >> mean: 186.6376, median: 5.0, mrr: 0.275, hits@3: 38.33%
INFO:root:### MICRO (validation filtered):
INFO:root:	-- left   >> mean: 191.1178, median: 5.0, mrr: 0.275, hits@5: 51.84%
INFO:root:	-- right  >> mean: 182.1574, median: 5.0, mrr: 0.275, hits@5: 52.22%
INFO:root:	-- global >> mean: 186.6376, median: 5.0, mrr: 0.275, hits@5: 52.03%
INFO:root:### MICRO (validation filtered):
INFO:root:	-- left   >> mean: 191.1178, median: 5.0, mrr: 0.275, hits@10: 67.72%
INFO:root:	-- right  >> mean: 182.1574, median: 5.0, mrr: 0.275, hits@10: 67.86%
INFO:root:	-- global >> mean: 186.6376, median: 5.0, mrr: 0.275, hits@10: 67.79%
INFO:root:### MICRO (test raw):
INFO:root:	-- left   >> mean: 158.2806, median: 7.0, mrr: 0.211, hits@1: 4.7%
INFO:root:	-- right  >> mean: 173.5704, median: 7.0, mrr: 0.218, hits@1: 5.36%
INFO:root:	-- global >> mean: 165.9255, median: 7.0, mrr: 0.214, hits@1: 5.03%
INFO:root:### MICRO (test raw):
INFO:root:	-- left   >> mean: 158.2806, median: 7.0, mrr: 0.211, hits@3: 27.18%
INFO:root:	-- right  >> mean: 173.5704, median: 7.0, mrr: 0.218, hits@3: 27.8%
INFO:root:	-- global >> mean: 165.9255, median: 7.0, mrr: 0.214, hits@3: 27.49%
INFO:root:### MICRO (test raw):
INFO:root:	-- left   >> mean: 158.2806, median: 7.0, mrr: 0.211, hits@5: 41.5%
INFO:root:	-- right  >> mean: 173.5704, median: 7.0, mrr: 0.218, hits@5: 42.8%
INFO:root:	-- global >> mean: 165.9255, median: 7.0, mrr: 0.214, hits@5: 42.15%
INFO:root:### MICRO (test raw):
INFO:root:	-- left   >> mean: 158.2806, median: 7.0, mrr: 0.211, hits@10: 59.76%
INFO:root:	-- right  >> mean: 173.5704, median: 7.0, mrr: 0.218, hits@10: 59.88%
INFO:root:	-- global >> mean: 165.9255, median: 7.0, mrr: 0.214, hits@10: 59.82%
INFO:root:### MICRO (test filtered):
INFO:root:	-- left   >> mean: 146.0768, median: 5.0, mrr: 0.275, hits@1: 7.56%
INFO:root:	-- right  >> mean: 162.5258, median: 5.0, mrr: 0.276, hits@1: 7.98%
INFO:root:	-- global >> mean: 154.3013, median: 5.0, mrr: 0.276, hits@1: 7.77%
INFO:root:### MICRO (test filtered):
INFO:root:	-- left   >> mean: 146.0768, median: 5.0, mrr: 0.275, hits@3: 38.74%
INFO:root:	-- right  >> mean: 162.5258, median: 5.0, mrr: 0.276, hits@3: 37.98%
INFO:root:	-- global >> mean: 154.3013, median: 5.0, mrr: 0.276, hits@3: 38.36%
INFO:root:### MICRO (test filtered):
INFO:root:	-- left   >> mean: 146.0768, median: 5.0, mrr: 0.275, hits@5: 53.6%
INFO:root:	-- right  >> mean: 162.5258, median: 5.0, mrr: 0.276, hits@5: 52.82%
INFO:root:	-- global >> mean: 154.3013, median: 5.0, mrr: 0.276, hits@5: 53.21%
INFO:root:### MICRO (test filtered):
INFO:root:	-- left   >> mean: 146.0768, median: 5.0, mrr: 0.275, hits@10: 68.64%
INFO:root:	-- right  >> mean: 162.5258, median: 5.0, mrr: 0.276, hits@10: 68.38%
INFO:root:	-- global >> mean: 154.3013, median: 5.0, mrr: 0.276, hits@10: 68.51%
