Using Theano backend.
Using gpu device 0: GeForce GTX TITAN X (CNMeM is disabled, cuDNN not available)
INFO:root:Acquiring data/wn18/wordnet-mlj12-train.txt ..
INFO:root:Acquiring data/wn18/wordnet-mlj12-valid.txt ..
INFO:root:Acquiring data/wn18/wordnet-mlj12-test.txt ..
INFO:root:[Rules] Adding Head: 15, Tail: [(10, True)]
INFO:root:[Rules] Adding Head: 12, Tail: [(17, True)]
INFO:root:[Rules] Adding Head: 4, Tail: [(5, True)]
INFO:root:[Rules] Adding Head: 13, Tail: [(3, True)]
INFO:root:[Rules] Adding Head: 5, Tail: [(4, True)]
INFO:root:[Rules] Adding Head: 16, Tail: [(11, True)]
INFO:root:[Rules] Adding Head: 17, Tail: [(12, True)]
INFO:root:[Rules] Adding Head: 11, Tail: [(16, True)]
INFO:root:[Rules] Adding Head: 8, Tail: [(9, True)]
INFO:root:[Rules] Adding Head: 2, Tail: [(2, True)]
INFO:root:Samples: 99009, no. batches: 10 -> batch size: 9901
INFO:root:Epoch no. 1 of 500 (samples: 99009)
INFO:root:Loss: 1662.0488 +/- 664.7647
INFO:root:Epoch no. 2 of 500 (samples: 99009)
INFO:root:Loss: 518.556 +/- 72.2063
INFO:root:Epoch no. 3 of 500 (samples: 99009)
INFO:root:Loss: 112.5464 +/- 6.7844
INFO:root:Epoch no. 4 of 500 (samples: 99009)
INFO:root:Loss: 35.7865 +/- 1.0361
INFO:root:Epoch no. 5 of 500 (samples: 99009)
INFO:root:Loss: 18.879 +/- 1.4346
INFO:root:Epoch no. 6 of 500 (samples: 99009)
INFO:root:Loss: 12.1149 +/- 0.6203
INFO:root:Epoch no. 7 of 500 (samples: 99009)
INFO:root:Loss: 9.7411 +/- 0.7611
INFO:root:Epoch no. 8 of 500 (samples: 99009)
INFO:root:Loss: 7.9853 +/- 0.6462
INFO:root:Epoch no. 9 of 500 (samples: 99009)
INFO:root:Loss: 6.3968 +/- 0.587
INFO:root:Epoch no. 10 of 500 (samples: 99009)
INFO:root:Loss: 5.7538 +/- 0.5957
INFO:root:Epoch no. 11 of 500 (samples: 99009)
INFO:root:Loss: 5.4671 +/- 0.4609
INFO:root:Epoch no. 12 of 500 (samples: 99009)
INFO:root:Loss: 4.6021 +/- 0.6016
INFO:root:Epoch no. 13 of 500 (samples: 99009)
INFO:root:Loss: 4.3323 +/- 0.631
INFO:root:Epoch no. 14 of 500 (samples: 99009)
INFO:root:Loss: 4.1601 +/- 0.7858
INFO:root:Epoch no. 15 of 500 (samples: 99009)
INFO:root:Loss: 3.7567 +/- 0.3455
INFO:root:Epoch no. 16 of 500 (samples: 99009)
INFO:root:Loss: 3.8983 +/- 0.7358
INFO:root:Epoch no. 17 of 500 (samples: 99009)
INFO:root:Loss: 3.1864 +/- 0.6829
INFO:root:Epoch no. 18 of 500 (samples: 99009)
INFO:root:Loss: 3.1141 +/- 0.6612
INFO:root:Epoch no. 19 of 500 (samples: 99009)
INFO:root:Loss: 3.1447 +/- 0.7195
INFO:root:Epoch no. 20 of 500 (samples: 99009)
INFO:root:Loss: 3.1308 +/- 0.3388
INFO:root:Epoch no. 21 of 500 (samples: 99009)
INFO:root:Loss: 3.2363 +/- 0.564
INFO:root:Epoch no. 22 of 500 (samples: 99009)
INFO:root:Loss: 2.7263 +/- 0.63
INFO:root:Epoch no. 23 of 500 (samples: 99009)
INFO:root:Loss: 2.8538 +/- 0.4651
INFO:root:Epoch no. 24 of 500 (samples: 99009)
INFO:root:Loss: 2.68 +/- 0.3295
INFO:root:Epoch no. 25 of 500 (samples: 99009)
INFO:root:Loss: 2.6181 +/- 0.3778
INFO:root:Epoch no. 26 of 500 (samples: 99009)
INFO:root:Loss: 2.7335 +/- 0.4661
INFO:root:Epoch no. 27 of 500 (samples: 99009)
INFO:root:Loss: 2.2403 +/- 0.2205
INFO:root:Epoch no. 28 of 500 (samples: 99009)
INFO:root:Loss: 2.4021 +/- 0.4286
INFO:root:Epoch no. 29 of 500 (samples: 99009)
INFO:root:Loss: 2.2632 +/- 0.4343
INFO:root:Epoch no. 30 of 500 (samples: 99009)
INFO:root:Loss: 1.9059 +/- 0.3413
INFO:root:Epoch no. 31 of 500 (samples: 99009)
INFO:root:Loss: 2.3649 +/- 0.6928
INFO:root:Epoch no. 32 of 500 (samples: 99009)
INFO:root:Loss: 2.0189 +/- 0.472
INFO:root:Epoch no. 33 of 500 (samples: 99009)
INFO:root:Loss: 2.0725 +/- 0.547
INFO:root:Epoch no. 34 of 500 (samples: 99009)
INFO:root:Loss: 1.9457 +/- 0.3876
INFO:root:Epoch no. 35 of 500 (samples: 99009)
INFO:root:Loss: 1.6622 +/- 0.3961
INFO:root:Epoch no. 36 of 500 (samples: 99009)
INFO:root:Loss: 1.9813 +/- 0.498
INFO:root:Epoch no. 37 of 500 (samples: 99009)
INFO:root:Loss: 2.1309 +/- 0.3786
INFO:root:Epoch no. 38 of 500 (samples: 99009)
INFO:root:Loss: 1.5404 +/- 0.4314
INFO:root:Epoch no. 39 of 500 (samples: 99009)
INFO:root:Loss: 1.8351 +/- 0.4825
INFO:root:Epoch no. 40 of 500 (samples: 99009)
INFO:root:Loss: 1.6727 +/- 0.5071
INFO:root:Epoch no. 41 of 500 (samples: 99009)
INFO:root:Loss: 1.9232 +/- 0.2689
INFO:root:Epoch no. 42 of 500 (samples: 99009)
INFO:root:Loss: 1.8378 +/- 0.5281
INFO:root:Epoch no. 43 of 500 (samples: 99009)
INFO:root:Loss: 1.4198 +/- 0.3798
INFO:root:Epoch no. 44 of 500 (samples: 99009)
INFO:root:Loss: 1.8147 +/- 0.4904
INFO:root:Epoch no. 45 of 500 (samples: 99009)
INFO:root:Loss: 2.0694 +/- 0.5935
INFO:root:Epoch no. 46 of 500 (samples: 99009)
INFO:root:Loss: 1.9006 +/- 0.5988
INFO:root:Epoch no. 47 of 500 (samples: 99009)
INFO:root:Loss: 1.7985 +/- 0.4812
INFO:root:Epoch no. 48 of 500 (samples: 99009)
INFO:root:Loss: 1.7354 +/- 0.5852
INFO:root:Epoch no. 49 of 500 (samples: 99009)
INFO:root:Loss: 1.6305 +/- 0.4111
INFO:root:Epoch no. 50 of 500 (samples: 99009)
INFO:root:Loss: 1.5427 +/- 0.4867
INFO:root:Epoch no. 51 of 500 (samples: 99009)
INFO:root:Loss: 2.003 +/- 0.4748
INFO:root:Epoch no. 52 of 500 (samples: 99009)
INFO:root:Loss: 1.6104 +/- 0.317
INFO:root:Epoch no. 53 of 500 (samples: 99009)
INFO:root:Loss: 1.8292 +/- 0.7426
INFO:root:Epoch no. 54 of 500 (samples: 99009)
INFO:root:Loss: 1.4795 +/- 0.3913
INFO:root:Epoch no. 55 of 500 (samples: 99009)
INFO:root:Loss: 1.56 +/- 0.5728
INFO:root:Epoch no. 56 of 500 (samples: 99009)
INFO:root:Loss: 1.8481 +/- 0.3895
INFO:root:Epoch no. 57 of 500 (samples: 99009)
INFO:root:Loss: 1.6744 +/- 0.3703
INFO:root:Epoch no. 58 of 500 (samples: 99009)
INFO:root:Loss: 1.7667 +/- 0.4383
INFO:root:Epoch no. 59 of 500 (samples: 99009)
INFO:root:Loss: 1.492 +/- 0.4805
INFO:root:Epoch no. 60 of 500 (samples: 99009)
INFO:root:Loss: 1.5242 +/- 0.4974
INFO:root:Epoch no. 61 of 500 (samples: 99009)
INFO:root:Loss: 1.4954 +/- 0.4809
INFO:root:Epoch no. 62 of 500 (samples: 99009)
INFO:root:Loss: 1.766 +/- 0.5084
INFO:root:Epoch no. 63 of 500 (samples: 99009)
INFO:root:Loss: 1.5843 +/- 0.3443
INFO:root:Epoch no. 64 of 500 (samples: 99009)
INFO:root:Loss: 1.5899 +/- 0.4366
INFO:root:Epoch no. 65 of 500 (samples: 99009)
INFO:root:Loss: 1.4855 +/- 0.3896
INFO:root:Epoch no. 66 of 500 (samples: 99009)
INFO:root:Loss: 1.5219 +/- 0.391
INFO:root:Epoch no. 67 of 500 (samples: 99009)
INFO:root:Loss: 1.4645 +/- 0.3574
INFO:root:Epoch no. 68 of 500 (samples: 99009)
INFO:root:Loss: 1.4315 +/- 0.4686
INFO:root:Epoch no. 69 of 500 (samples: 99009)
INFO:root:Loss: 1.5466 +/- 0.3405
INFO:root:Epoch no. 70 of 500 (samples: 99009)
INFO:root:Loss: 1.3824 +/- 0.2775
INFO:root:Epoch no. 71 of 500 (samples: 99009)
INFO:root:Loss: 1.5547 +/- 0.4058
INFO:root:Epoch no. 72 of 500 (samples: 99009)
INFO:root:Loss: 1.4542 +/- 0.2726
INFO:root:Epoch no. 73 of 500 (samples: 99009)
INFO:root:Loss: 1.7536 +/- 0.4817
INFO:root:Epoch no. 74 of 500 (samples: 99009)
INFO:root:Loss: 1.5044 +/- 0.2579
INFO:root:Epoch no. 75 of 500 (samples: 99009)
INFO:root:Loss: 1.379 +/- 0.4467
INFO:root:Epoch no. 76 of 500 (samples: 99009)
INFO:root:Loss: 1.3294 +/- 0.3806
INFO:root:Epoch no. 77 of 500 (samples: 99009)
INFO:root:Loss: 1.5817 +/- 0.413
INFO:root:Epoch no. 78 of 500 (samples: 99009)
INFO:root:Loss: 1.3864 +/- 0.641
INFO:root:Epoch no. 79 of 500 (samples: 99009)
INFO:root:Loss: 1.4291 +/- 0.5934
INFO:root:Epoch no. 80 of 500 (samples: 99009)
INFO:root:Loss: 1.5926 +/- 0.3657
INFO:root:Epoch no. 81 of 500 (samples: 99009)
INFO:root:Loss: 1.5952 +/- 0.5599
INFO:root:Epoch no. 82 of 500 (samples: 99009)
INFO:root:Loss: 1.4519 +/- 0.524
INFO:root:Epoch no. 83 of 500 (samples: 99009)
INFO:root:Loss: 1.5182 +/- 0.2902
INFO:root:Epoch no. 84 of 500 (samples: 99009)
INFO:root:Loss: 1.1659 +/- 0.3801
INFO:root:Epoch no. 85 of 500 (samples: 99009)
INFO:root:Loss: 1.4492 +/- 0.3991
INFO:root:Epoch no. 86 of 500 (samples: 99009)
INFO:root:Loss: 1.53 +/- 0.3172
INFO:root:Epoch no. 87 of 500 (samples: 99009)
INFO:root:Loss: 1.4742 +/- 0.4976
INFO:root:Epoch no. 88 of 500 (samples: 99009)
INFO:root:Loss: 1.5889 +/- 0.6949
INFO:root:Epoch no. 89 of 500 (samples: 99009)
INFO:root:Loss: 1.4857 +/- 0.3452
INFO:root:Epoch no. 90 of 500 (samples: 99009)
INFO:root:Loss: 1.6191 +/- 0.4028
INFO:root:Epoch no. 91 of 500 (samples: 99009)
INFO:root:Loss: 1.4172 +/- 0.3034
INFO:root:Epoch no. 92 of 500 (samples: 99009)
INFO:root:Loss: 1.3888 +/- 0.3622
INFO:root:Epoch no. 93 of 500 (samples: 99009)
INFO:root:Loss: 1.4275 +/- 0.497
INFO:root:Epoch no. 94 of 500 (samples: 99009)
INFO:root:Loss: 1.5314 +/- 0.4178
INFO:root:Epoch no. 95 of 500 (samples: 99009)
INFO:root:Loss: 1.1624 +/- 0.379
INFO:root:Epoch no. 96 of 500 (samples: 99009)
INFO:root:Loss: 1.2899 +/- 0.23
INFO:root:Epoch no. 97 of 500 (samples: 99009)
INFO:root:Loss: 1.3549 +/- 0.2358
INFO:root:Epoch no. 98 of 500 (samples: 99009)
INFO:root:Loss: 1.4902 +/- 0.6045
INFO:root:Epoch no. 99 of 500 (samples: 99009)
INFO:root:Loss: 1.4791 +/- 0.6458
INFO:root:Epoch no. 100 of 500 (samples: 99009)
INFO:root:Loss: 1.1709 +/- 0.3909
INFO:root:Epoch no. 101 of 500 (samples: 99009)
INFO:root:Loss: 1.1962 +/- 0.4825
INFO:root:Epoch no. 102 of 500 (samples: 99009)
INFO:root:Loss: 1.2127 +/- 0.3084
INFO:root:Epoch no. 103 of 500 (samples: 99009)
INFO:root:Loss: 1.3821 +/- 0.5026
INFO:root:Epoch no. 104 of 500 (samples: 99009)
INFO:root:Loss: 1.1613 +/- 0.4431
INFO:root:Epoch no. 105 of 500 (samples: 99009)
INFO:root:Loss: 1.3725 +/- 0.435
INFO:root:Epoch no. 106 of 500 (samples: 99009)
INFO:root:Loss: 1.7032 +/- 0.2569
INFO:root:Epoch no. 107 of 500 (samples: 99009)
INFO:root:Loss: 1.4151 +/- 0.3625
INFO:root:Epoch no. 108 of 500 (samples: 99009)
INFO:root:Loss: 1.2324 +/- 0.5921
INFO:root:Epoch no. 109 of 500 (samples: 99009)
INFO:root:Loss: 1.3438 +/- 0.5087
INFO:root:Epoch no. 110 of 500 (samples: 99009)
INFO:root:Loss: 1.3113 +/- 0.4854
INFO:root:Epoch no. 111 of 500 (samples: 99009)
INFO:root:Loss: 1.2301 +/- 0.4555
INFO:root:Epoch no. 112 of 500 (samples: 99009)
INFO:root:Loss: 1.2639 +/- 0.2874
INFO:root:Epoch no. 113 of 500 (samples: 99009)
INFO:root:Loss: 1.278 +/- 0.4493
INFO:root:Epoch no. 114 of 500 (samples: 99009)
INFO:root:Loss: 1.1314 +/- 0.3508
INFO:root:Epoch no. 115 of 500 (samples: 99009)
INFO:root:Loss: 1.5536 +/- 0.3536
INFO:root:Epoch no. 116 of 500 (samples: 99009)
INFO:root:Loss: 1.5138 +/- 0.4526
INFO:root:Epoch no. 117 of 500 (samples: 99009)
INFO:root:Loss: 1.4951 +/- 0.3991
INFO:root:Epoch no. 118 of 500 (samples: 99009)
INFO:root:Loss: 1.3028 +/- 0.2467
INFO:root:Epoch no. 119 of 500 (samples: 99009)
INFO:root:Loss: 1.2086 +/- 0.2621
INFO:root:Epoch no. 120 of 500 (samples: 99009)
INFO:root:Loss: 1.4354 +/- 0.3765
INFO:root:Epoch no. 121 of 500 (samples: 99009)
INFO:root:Loss: 1.2433 +/- 0.2921
INFO:root:Epoch no. 122 of 500 (samples: 99009)
INFO:root:Loss: 1.2154 +/- 0.3181
INFO:root:Epoch no. 123 of 500 (samples: 99009)
INFO:root:Loss: 1.3894 +/- 0.438
INFO:root:Epoch no. 124 of 500 (samples: 99009)
INFO:root:Loss: 1.2736 +/- 0.3828
INFO:root:Epoch no. 125 of 500 (samples: 99009)
INFO:root:Loss: 1.1681 +/- 0.3407
INFO:root:Epoch no. 126 of 500 (samples: 99009)
INFO:root:Loss: 1.3491 +/- 0.357
INFO:root:Epoch no. 127 of 500 (samples: 99009)
INFO:root:Loss: 1.3817 +/- 0.402
INFO:root:Epoch no. 128 of 500 (samples: 99009)
INFO:root:Loss: 1.4147 +/- 0.4489
INFO:root:Epoch no. 129 of 500 (samples: 99009)
INFO:root:Loss: 1.3376 +/- 0.3917
INFO:root:Epoch no. 130 of 500 (samples: 99009)
INFO:root:Loss: 1.1451 +/- 0.4588
INFO:root:Epoch no. 131 of 500 (samples: 99009)
INFO:root:Loss: 1.379 +/- 0.5251
INFO:root:Epoch no. 132 of 500 (samples: 99009)
INFO:root:Loss: 1.3155 +/- 0.2873
INFO:root:Epoch no. 133 of 500 (samples: 99009)
INFO:root:Loss: 1.3094 +/- 0.5049
INFO:root:Epoch no. 134 of 500 (samples: 99009)
INFO:root:Loss: 1.1465 +/- 0.2638
INFO:root:Epoch no. 135 of 500 (samples: 99009)
INFO:root:Loss: 1.1774 +/- 0.2961
INFO:root:Epoch no. 136 of 500 (samples: 99009)
INFO:root:Loss: 1.3252 +/- 0.3336
INFO:root:Epoch no. 137 of 500 (samples: 99009)
INFO:root:Loss: 1.3902 +/- 0.4131
INFO:root:Epoch no. 138 of 500 (samples: 99009)
INFO:root:Loss: 1.315 +/- 0.3724
INFO:root:Epoch no. 139 of 500 (samples: 99009)
INFO:root:Loss: 1.4083 +/- 0.3401
INFO:root:Epoch no. 140 of 500 (samples: 99009)
INFO:root:Loss: 1.2736 +/- 0.3709
INFO:root:Epoch no. 141 of 500 (samples: 99009)
INFO:root:Loss: 1.2693 +/- 0.5091
INFO:root:Epoch no. 142 of 500 (samples: 99009)
INFO:root:Loss: 1.5233 +/- 0.6363
INFO:root:Epoch no. 143 of 500 (samples: 99009)
INFO:root:Loss: 1.2325 +/- 0.3147
INFO:root:Epoch no. 144 of 500 (samples: 99009)
INFO:root:Loss: 1.6381 +/- 0.648
INFO:root:Epoch no. 145 of 500 (samples: 99009)
INFO:root:Loss: 1.0603 +/- 0.3471
INFO:root:Epoch no. 146 of 500 (samples: 99009)
INFO:root:Loss: 1.4041 +/- 0.3915
INFO:root:Epoch no. 147 of 500 (samples: 99009)
INFO:root:Loss: 1.21 +/- 0.2633
INFO:root:Epoch no. 148 of 500 (samples: 99009)
INFO:root:Loss: 1.1131 +/- 0.3788
INFO:root:Epoch no. 149 of 500 (samples: 99009)
INFO:root:Loss: 1.2811 +/- 0.3304
INFO:root:Epoch no. 150 of 500 (samples: 99009)
INFO:root:Loss: 1.1316 +/- 0.2926
INFO:root:Epoch no. 151 of 500 (samples: 99009)
INFO:root:Loss: 1.3685 +/- 0.4732
INFO:root:Epoch no. 152 of 500 (samples: 99009)
INFO:root:Loss: 1.2833 +/- 0.461
INFO:root:Epoch no. 153 of 500 (samples: 99009)
INFO:root:Loss: 1.4474 +/- 0.4445
INFO:root:Epoch no. 154 of 500 (samples: 99009)
INFO:root:Loss: 1.1388 +/- 0.4856
INFO:root:Epoch no. 155 of 500 (samples: 99009)
INFO:root:Loss: 1.1994 +/- 0.3768
INFO:root:Epoch no. 156 of 500 (samples: 99009)
INFO:root:Loss: 1.294 +/- 0.3087
INFO:root:Epoch no. 157 of 500 (samples: 99009)
INFO:root:Loss: 1.1469 +/- 0.4821
INFO:root:Epoch no. 158 of 500 (samples: 99009)
INFO:root:Loss: 1.3713 +/- 0.2104
INFO:root:Epoch no. 159 of 500 (samples: 99009)
INFO:root:Loss: 1.114 +/- 0.2962
INFO:root:Epoch no. 160 of 500 (samples: 99009)
INFO:root:Loss: 1.1437 +/- 0.3629
INFO:root:Epoch no. 161 of 500 (samples: 99009)
INFO:root:Loss: 1.1971 +/- 0.3016
INFO:root:Epoch no. 162 of 500 (samples: 99009)
INFO:root:Loss: 1.3604 +/- 0.3718
INFO:root:Epoch no. 163 of 500 (samples: 99009)
INFO:root:Loss: 1.2902 +/- 0.3729
INFO:root:Epoch no. 164 of 500 (samples: 99009)
INFO:root:Loss: 1.2853 +/- 0.3249
INFO:root:Epoch no. 165 of 500 (samples: 99009)
INFO:root:Loss: 1.1513 +/- 0.2517
INFO:root:Epoch no. 166 of 500 (samples: 99009)
INFO:root:Loss: 1.0606 +/- 0.1777
INFO:root:Epoch no. 167 of 500 (samples: 99009)
INFO:root:Loss: 1.1004 +/- 0.4234
INFO:root:Epoch no. 168 of 500 (samples: 99009)
INFO:root:Loss: 1.3423 +/- 0.4044
INFO:root:Epoch no. 169 of 500 (samples: 99009)
INFO:root:Loss: 1.3494 +/- 0.3894
INFO:root:Epoch no. 170 of 500 (samples: 99009)
INFO:root:Loss: 1.1562 +/- 0.3152
INFO:root:Epoch no. 171 of 500 (samples: 99009)
INFO:root:Loss: 1.2465 +/- 0.3753
INFO:root:Epoch no. 172 of 500 (samples: 99009)
INFO:root:Loss: 1.188 +/- 0.3948
INFO:root:Epoch no. 173 of 500 (samples: 99009)
INFO:root:Loss: 1.1357 +/- 0.2725
INFO:root:Epoch no. 174 of 500 (samples: 99009)
INFO:root:Loss: 1.1113 +/- 0.2999
INFO:root:Epoch no. 175 of 500 (samples: 99009)
INFO:root:Loss: 1.2706 +/- 0.3042
INFO:root:Epoch no. 176 of 500 (samples: 99009)
INFO:root:Loss: 1.2857 +/- 0.4925
INFO:root:Epoch no. 177 of 500 (samples: 99009)
INFO:root:Loss: 1.167 +/- 0.4049
INFO:root:Epoch no. 178 of 500 (samples: 99009)
INFO:root:Loss: 1.1426 +/- 0.4015
INFO:root:Epoch no. 179 of 500 (samples: 99009)
INFO:root:Loss: 1.2488 +/- 0.5372
INFO:root:Epoch no. 180 of 500 (samples: 99009)
INFO:root:Loss: 0.9852 +/- 0.2752
INFO:root:Epoch no. 181 of 500 (samples: 99009)
INFO:root:Loss: 1.2659 +/- 0.4608
INFO:root:Epoch no. 182 of 500 (samples: 99009)
INFO:root:Loss: 1.2164 +/- 0.4291
INFO:root:Epoch no. 183 of 500 (samples: 99009)
INFO:root:Loss: 1.1756 +/- 0.3933
INFO:root:Epoch no. 184 of 500 (samples: 99009)
INFO:root:Loss: 1.2085 +/- 0.3378
INFO:root:Epoch no. 185 of 500 (samples: 99009)
INFO:root:Loss: 1.0821 +/- 0.3083
INFO:root:Epoch no. 186 of 500 (samples: 99009)
INFO:root:Loss: 1.1921 +/- 0.2929
INFO:root:Epoch no. 187 of 500 (samples: 99009)
INFO:root:Loss: 1.0702 +/- 0.4225
INFO:root:Epoch no. 188 of 500 (samples: 99009)
INFO:root:Loss: 1.2875 +/- 0.4109
INFO:root:Epoch no. 189 of 500 (samples: 99009)
INFO:root:Loss: 1.2232 +/- 0.2404
INFO:root:Epoch no. 190 of 500 (samples: 99009)
INFO:root:Loss: 1.2874 +/- 0.4234
INFO:root:Epoch no. 191 of 500 (samples: 99009)
INFO:root:Loss: 1.2881 +/- 0.3549
INFO:root:Epoch no. 192 of 500 (samples: 99009)
INFO:root:Loss: 1.2197 +/- 0.3882
INFO:root:Epoch no. 193 of 500 (samples: 99009)
INFO:root:Loss: 1.224 +/- 0.4489
INFO:root:Epoch no. 194 of 500 (samples: 99009)
INFO:root:Loss: 1.4207 +/- 0.3963
INFO:root:Epoch no. 195 of 500 (samples: 99009)
INFO:root:Loss: 1.3621 +/- 0.5739
INFO:root:Epoch no. 196 of 500 (samples: 99009)
INFO:root:Loss: 1.0635 +/- 0.375
INFO:root:Epoch no. 197 of 500 (samples: 99009)
INFO:root:Loss: 1.3333 +/- 0.376
INFO:root:Epoch no. 198 of 500 (samples: 99009)
INFO:root:Loss: 1.3208 +/- 0.3922
INFO:root:Epoch no. 199 of 500 (samples: 99009)
INFO:root:Loss: 1.2322 +/- 0.3337
INFO:root:Epoch no. 200 of 500 (samples: 99009)
INFO:root:Loss: 1.3118 +/- 0.5923
INFO:root:Epoch no. 201 of 500 (samples: 99009)
INFO:root:Loss: 1.4325 +/- 0.5547
INFO:root:Epoch no. 202 of 500 (samples: 99009)
INFO:root:Loss: 1.2061 +/- 0.3774
INFO:root:Epoch no. 203 of 500 (samples: 99009)
INFO:root:Loss: 1.3024 +/- 0.5285
INFO:root:Epoch no. 204 of 500 (samples: 99009)
INFO:root:Loss: 1.1525 +/- 0.2853
INFO:root:Epoch no. 205 of 500 (samples: 99009)
INFO:root:Loss: 1.1128 +/- 0.5457
INFO:root:Epoch no. 206 of 500 (samples: 99009)
INFO:root:Loss: 1.0981 +/- 0.3825
INFO:root:Epoch no. 207 of 500 (samples: 99009)
INFO:root:Loss: 1.1771 +/- 0.4534
INFO:root:Epoch no. 208 of 500 (samples: 99009)
INFO:root:Loss: 1.1369 +/- 0.2841
INFO:root:Epoch no. 209 of 500 (samples: 99009)
INFO:root:Loss: 1.2084 +/- 0.3721
INFO:root:Epoch no. 210 of 500 (samples: 99009)
INFO:root:Loss: 1.1211 +/- 0.3566
INFO:root:Epoch no. 211 of 500 (samples: 99009)
INFO:root:Loss: 1.3071 +/- 0.3999
INFO:root:Epoch no. 212 of 500 (samples: 99009)
INFO:root:Loss: 1.3072 +/- 0.3792
INFO:root:Epoch no. 213 of 500 (samples: 99009)
INFO:root:Loss: 1.1653 +/- 0.2436
INFO:root:Epoch no. 214 of 500 (samples: 99009)
INFO:root:Loss: 1.1122 +/- 0.2203
INFO:root:Epoch no. 215 of 500 (samples: 99009)
INFO:root:Loss: 1.0997 +/- 0.3238
INFO:root:Epoch no. 216 of 500 (samples: 99009)
INFO:root:Loss: 1.1414 +/- 0.3999
INFO:root:Epoch no. 217 of 500 (samples: 99009)
INFO:root:Loss: 0.9429 +/- 0.4951
INFO:root:Epoch no. 218 of 500 (samples: 99009)
INFO:root:Loss: 1.2327 +/- 0.3685
INFO:root:Epoch no. 219 of 500 (samples: 99009)
INFO:root:Loss: 1.1454 +/- 0.3288
INFO:root:Epoch no. 220 of 500 (samples: 99009)
INFO:root:Loss: 1.0683 +/- 0.4213
INFO:root:Epoch no. 221 of 500 (samples: 99009)
INFO:root:Loss: 1.3219 +/- 0.4092
INFO:root:Epoch no. 222 of 500 (samples: 99009)
INFO:root:Loss: 1.2153 +/- 0.3797
INFO:root:Epoch no. 223 of 500 (samples: 99009)
INFO:root:Loss: 1.0567 +/- 0.5283
INFO:root:Epoch no. 224 of 500 (samples: 99009)
INFO:root:Loss: 1.124 +/- 0.3998
INFO:root:Epoch no. 225 of 500 (samples: 99009)
INFO:root:Loss: 1.0823 +/- 0.415
INFO:root:Epoch no. 226 of 500 (samples: 99009)
INFO:root:Loss: 1.3333 +/- 0.4857
INFO:root:Epoch no. 227 of 500 (samples: 99009)
INFO:root:Loss: 1.1056 +/- 0.3417
INFO:root:Epoch no. 228 of 500 (samples: 99009)
INFO:root:Loss: 0.954 +/- 0.3705
INFO:root:Epoch no. 229 of 500 (samples: 99009)
INFO:root:Loss: 1.3265 +/- 0.4716
INFO:root:Epoch no. 230 of 500 (samples: 99009)
INFO:root:Loss: 0.9774 +/- 0.2852
INFO:root:Epoch no. 231 of 500 (samples: 99009)
INFO:root:Loss: 1.2672 +/- 0.4572
INFO:root:Epoch no. 232 of 500 (samples: 99009)
INFO:root:Loss: 1.1638 +/- 0.4782
INFO:root:Epoch no. 233 of 500 (samples: 99009)
INFO:root:Loss: 0.9994 +/- 0.2979
INFO:root:Epoch no. 234 of 500 (samples: 99009)
INFO:root:Loss: 1.101 +/- 0.299
INFO:root:Epoch no. 235 of 500 (samples: 99009)
INFO:root:Loss: 1.2294 +/- 0.2142
INFO:root:Epoch no. 236 of 500 (samples: 99009)
INFO:root:Loss: 1.0105 +/- 0.3939
INFO:root:Epoch no. 237 of 500 (samples: 99009)
INFO:root:Loss: 1.1158 +/- 0.4554
INFO:root:Epoch no. 238 of 500 (samples: 99009)
INFO:root:Loss: 0.9788 +/- 0.2517
INFO:root:Epoch no. 239 of 500 (samples: 99009)
INFO:root:Loss: 1.3815 +/- 0.2895
INFO:root:Epoch no. 240 of 500 (samples: 99009)
INFO:root:Loss: 1.4017 +/- 0.4545
INFO:root:Epoch no. 241 of 500 (samples: 99009)
INFO:root:Loss: 1.1107 +/- 0.2819
INFO:root:Epoch no. 242 of 500 (samples: 99009)
INFO:root:Loss: 0.9837 +/- 0.2966
INFO:root:Epoch no. 243 of 500 (samples: 99009)
INFO:root:Loss: 1.0617 +/- 0.3604
INFO:root:Epoch no. 244 of 500 (samples: 99009)
INFO:root:Loss: 1.1009 +/- 0.2649
INFO:root:Epoch no. 245 of 500 (samples: 99009)
INFO:root:Loss: 1.1452 +/- 0.5173
INFO:root:Epoch no. 246 of 500 (samples: 99009)
INFO:root:Loss: 1.2958 +/- 0.5028
INFO:root:Epoch no. 247 of 500 (samples: 99009)
INFO:root:Loss: 1.0678 +/- 0.3585
INFO:root:Epoch no. 248 of 500 (samples: 99009)
INFO:root:Loss: 1.3309 +/- 0.3181
INFO:root:Epoch no. 249 of 500 (samples: 99009)
INFO:root:Loss: 1.0793 +/- 0.3043
INFO:root:Epoch no. 250 of 500 (samples: 99009)
INFO:root:Loss: 1.0352 +/- 0.4522
INFO:root:Epoch no. 251 of 500 (samples: 99009)
INFO:root:Loss: 1.0365 +/- 0.3803
INFO:root:Epoch no. 252 of 500 (samples: 99009)
INFO:root:Loss: 1.3865 +/- 0.3477
INFO:root:Epoch no. 253 of 500 (samples: 99009)
INFO:root:Loss: 1.4938 +/- 0.3682
INFO:root:Epoch no. 254 of 500 (samples: 99009)
INFO:root:Loss: 1.0889 +/- 0.4728
INFO:root:Epoch no. 255 of 500 (samples: 99009)
INFO:root:Loss: 1.1487 +/- 0.3214
INFO:root:Epoch no. 256 of 500 (samples: 99009)
INFO:root:Loss: 1.2867 +/- 0.4076
INFO:root:Epoch no. 257 of 500 (samples: 99009)
INFO:root:Loss: 1.3301 +/- 0.3669
INFO:root:Epoch no. 258 of 500 (samples: 99009)
INFO:root:Loss: 1.0791 +/- 0.2866
INFO:root:Epoch no. 259 of 500 (samples: 99009)
INFO:root:Loss: 1.0204 +/- 0.3848
INFO:root:Epoch no. 260 of 500 (samples: 99009)
INFO:root:Loss: 1.1517 +/- 0.4428
INFO:root:Epoch no. 261 of 500 (samples: 99009)
INFO:root:Loss: 1.036 +/- 0.3199
INFO:root:Epoch no. 262 of 500 (samples: 99009)
INFO:root:Loss: 1.4631 +/- 0.3491
INFO:root:Epoch no. 263 of 500 (samples: 99009)
INFO:root:Loss: 1.1558 +/- 0.4581
INFO:root:Epoch no. 264 of 500 (samples: 99009)
INFO:root:Loss: 1.1226 +/- 0.3273
INFO:root:Epoch no. 265 of 500 (samples: 99009)
INFO:root:Loss: 1.2333 +/- 0.4705
INFO:root:Epoch no. 266 of 500 (samples: 99009)
INFO:root:Loss: 1.1331 +/- 0.4237
INFO:root:Epoch no. 267 of 500 (samples: 99009)
INFO:root:Loss: 1.1196 +/- 0.3562
INFO:root:Epoch no. 268 of 500 (samples: 99009)
INFO:root:Loss: 1.272 +/- 0.3903
INFO:root:Epoch no. 269 of 500 (samples: 99009)
INFO:root:Loss: 0.967 +/- 0.3645
INFO:root:Epoch no. 270 of 500 (samples: 99009)
INFO:root:Loss: 1.019 +/- 0.3255
INFO:root:Epoch no. 271 of 500 (samples: 99009)
INFO:root:Loss: 1.1771 +/- 0.2733
INFO:root:Epoch no. 272 of 500 (samples: 99009)
INFO:root:Loss: 0.9885 +/- 0.3884
INFO:root:Epoch no. 273 of 500 (samples: 99009)
INFO:root:Loss: 1.1313 +/- 0.7106
INFO:root:Epoch no. 274 of 500 (samples: 99009)
INFO:root:Loss: 1.1162 +/- 0.5818
INFO:root:Epoch no. 275 of 500 (samples: 99009)
INFO:root:Loss: 1.1766 +/- 0.2469
INFO:root:Epoch no. 276 of 500 (samples: 99009)
INFO:root:Loss: 1.1577 +/- 0.2567
INFO:root:Epoch no. 277 of 500 (samples: 99009)
INFO:root:Loss: 0.9698 +/- 0.24
INFO:root:Epoch no. 278 of 500 (samples: 99009)
INFO:root:Loss: 1.1759 +/- 0.3808
INFO:root:Epoch no. 279 of 500 (samples: 99009)
INFO:root:Loss: 1.216 +/- 0.3518
INFO:root:Epoch no. 280 of 500 (samples: 99009)
INFO:root:Loss: 1.0777 +/- 0.3702
INFO:root:Epoch no. 281 of 500 (samples: 99009)
INFO:root:Loss: 1.1533 +/- 0.4588
INFO:root:Epoch no. 282 of 500 (samples: 99009)
INFO:root:Loss: 1.1354 +/- 0.5257
INFO:root:Epoch no. 283 of 500 (samples: 99009)
INFO:root:Loss: 0.9856 +/- 0.4212
INFO:root:Epoch no. 284 of 500 (samples: 99009)
INFO:root:Loss: 1.0553 +/- 0.3122
INFO:root:Epoch no. 285 of 500 (samples: 99009)
INFO:root:Loss: 1.3067 +/- 0.4581
INFO:root:Epoch no. 286 of 500 (samples: 99009)
INFO:root:Loss: 1.1176 +/- 0.4386
INFO:root:Epoch no. 287 of 500 (samples: 99009)
INFO:root:Loss: 0.8838 +/- 0.2769
INFO:root:Epoch no. 288 of 500 (samples: 99009)
INFO:root:Loss: 1.2037 +/- 0.5166
INFO:root:Epoch no. 289 of 500 (samples: 99009)
INFO:root:Loss: 1.0996 +/- 0.3039
INFO:root:Epoch no. 290 of 500 (samples: 99009)
INFO:root:Loss: 1.2149 +/- 0.3386
INFO:root:Epoch no. 291 of 500 (samples: 99009)
INFO:root:Loss: 1.224 +/- 0.3869
INFO:root:Epoch no. 292 of 500 (samples: 99009)
INFO:root:Loss: 1.3565 +/- 0.5383
INFO:root:Epoch no. 293 of 500 (samples: 99009)
INFO:root:Loss: 0.9279 +/- 0.2474
INFO:root:Epoch no. 294 of 500 (samples: 99009)
INFO:root:Loss: 1.2113 +/- 0.5005
INFO:root:Epoch no. 295 of 500 (samples: 99009)
INFO:root:Loss: 0.9645 +/- 0.4062
INFO:root:Epoch no. 296 of 500 (samples: 99009)
INFO:root:Loss: 0.9554 +/- 0.3853
INFO:root:Epoch no. 297 of 500 (samples: 99009)
INFO:root:Loss: 1.03 +/- 0.3756
INFO:root:Epoch no. 298 of 500 (samples: 99009)
INFO:root:Loss: 1.4251 +/- 0.5314
INFO:root:Epoch no. 299 of 500 (samples: 99009)
INFO:root:Loss: 1.2401 +/- 0.4569
INFO:root:Epoch no. 300 of 500 (samples: 99009)
INFO:root:Loss: 0.9989 +/- 0.374
INFO:root:Epoch no. 301 of 500 (samples: 99009)
INFO:root:Loss: 0.923 +/- 0.2271
INFO:root:Epoch no. 302 of 500 (samples: 99009)
INFO:root:Loss: 1.1918 +/- 0.4947
INFO:root:Epoch no. 303 of 500 (samples: 99009)
INFO:root:Loss: 1.1194 +/- 0.5266
INFO:root:Epoch no. 304 of 500 (samples: 99009)
INFO:root:Loss: 1.0574 +/- 0.2465
INFO:root:Epoch no. 305 of 500 (samples: 99009)
INFO:root:Loss: 0.9439 +/- 0.2669
INFO:root:Epoch no. 306 of 500 (samples: 99009)
INFO:root:Loss: 1.0929 +/- 0.4182
INFO:root:Epoch no. 307 of 500 (samples: 99009)
INFO:root:Loss: 0.9245 +/- 0.468
INFO:root:Epoch no. 308 of 500 (samples: 99009)
INFO:root:Loss: 1.1205 +/- 0.4368
INFO:root:Epoch no. 309 of 500 (samples: 99009)
INFO:root:Loss: 1.156 +/- 0.3374
INFO:root:Epoch no. 310 of 500 (samples: 99009)
INFO:root:Loss: 1.182 +/- 0.3834
INFO:root:Epoch no. 311 of 500 (samples: 99009)
INFO:root:Loss: 1.1559 +/- 0.3312
INFO:root:Epoch no. 312 of 500 (samples: 99009)
INFO:root:Loss: 1.1673 +/- 0.3576
INFO:root:Epoch no. 313 of 500 (samples: 99009)
INFO:root:Loss: 0.8492 +/- 0.1355
INFO:root:Epoch no. 314 of 500 (samples: 99009)
INFO:root:Loss: 0.9426 +/- 0.2943
INFO:root:Epoch no. 315 of 500 (samples: 99009)
INFO:root:Loss: 1.2017 +/- 0.3106
INFO:root:Epoch no. 316 of 500 (samples: 99009)
INFO:root:Loss: 1.0221 +/- 0.3374
INFO:root:Epoch no. 317 of 500 (samples: 99009)
INFO:root:Loss: 1.1158 +/- 0.3461
INFO:root:Epoch no. 318 of 500 (samples: 99009)
INFO:root:Loss: 1.0877 +/- 0.3236
INFO:root:Epoch no. 319 of 500 (samples: 99009)
INFO:root:Loss: 1.1145 +/- 0.314
INFO:root:Epoch no. 320 of 500 (samples: 99009)
INFO:root:Loss: 1.3073 +/- 0.4758
INFO:root:Epoch no. 321 of 500 (samples: 99009)
INFO:root:Loss: 1.0109 +/- 0.4134
INFO:root:Epoch no. 322 of 500 (samples: 99009)
INFO:root:Loss: 1.0269 +/- 0.4963
INFO:root:Epoch no. 323 of 500 (samples: 99009)
INFO:root:Loss: 0.8687 +/- 0.2507
INFO:root:Epoch no. 324 of 500 (samples: 99009)
INFO:root:Loss: 1.047 +/- 0.3668
INFO:root:Epoch no. 325 of 500 (samples: 99009)
INFO:root:Loss: 1.0681 +/- 0.3245
INFO:root:Epoch no. 326 of 500 (samples: 99009)
INFO:root:Loss: 1.0923 +/- 0.3784
INFO:root:Epoch no. 327 of 500 (samples: 99009)
INFO:root:Loss: 1.0679 +/- 0.3573
INFO:root:Epoch no. 328 of 500 (samples: 99009)
INFO:root:Loss: 0.8199 +/- 0.2236
INFO:root:Epoch no. 329 of 500 (samples: 99009)
INFO:root:Loss: 1.055 +/- 0.2849
INFO:root:Epoch no. 330 of 500 (samples: 99009)
INFO:root:Loss: 1.0598 +/- 0.6606
INFO:root:Epoch no. 331 of 500 (samples: 99009)
INFO:root:Loss: 1.0802 +/- 0.3789
INFO:root:Epoch no. 332 of 500 (samples: 99009)
INFO:root:Loss: 1.2716 +/- 0.2979
INFO:root:Epoch no. 333 of 500 (samples: 99009)
INFO:root:Loss: 1.0542 +/- 0.3903
INFO:root:Epoch no. 334 of 500 (samples: 99009)
INFO:root:Loss: 0.9819 +/- 0.3661
INFO:root:Epoch no. 335 of 500 (samples: 99009)
INFO:root:Loss: 0.974 +/- 0.3551
INFO:root:Epoch no. 336 of 500 (samples: 99009)
INFO:root:Loss: 1.1487 +/- 0.3713
INFO:root:Epoch no. 337 of 500 (samples: 99009)
INFO:root:Loss: 1.1352 +/- 0.3631
INFO:root:Epoch no. 338 of 500 (samples: 99009)
INFO:root:Loss: 0.9697 +/- 0.3746
INFO:root:Epoch no. 339 of 500 (samples: 99009)
INFO:root:Loss: 0.881 +/- 0.3606
INFO:root:Epoch no. 340 of 500 (samples: 99009)
INFO:root:Loss: 1.3336 +/- 0.5274
INFO:root:Epoch no. 341 of 500 (samples: 99009)
INFO:root:Loss: 1.0695 +/- 0.4633
INFO:root:Epoch no. 342 of 500 (samples: 99009)
INFO:root:Loss: 0.9961 +/- 0.332
INFO:root:Epoch no. 343 of 500 (samples: 99009)
INFO:root:Loss: 1.0394 +/- 0.207
INFO:root:Epoch no. 344 of 500 (samples: 99009)
INFO:root:Loss: 1.233 +/- 0.3038
INFO:root:Epoch no. 345 of 500 (samples: 99009)
INFO:root:Loss: 1.0546 +/- 0.294
INFO:root:Epoch no. 346 of 500 (samples: 99009)
INFO:root:Loss: 1.034 +/- 0.2729
INFO:root:Epoch no. 347 of 500 (samples: 99009)
INFO:root:Loss: 0.8862 +/- 0.2212
INFO:root:Epoch no. 348 of 500 (samples: 99009)
INFO:root:Loss: 0.7947 +/- 0.2966
INFO:root:Epoch no. 349 of 500 (samples: 99009)
INFO:root:Loss: 1.019 +/- 0.4088
INFO:root:Epoch no. 350 of 500 (samples: 99009)
INFO:root:Loss: 1.0895 +/- 0.3295
INFO:root:Epoch no. 351 of 500 (samples: 99009)
INFO:root:Loss: 1.3447 +/- 0.4961
INFO:root:Epoch no. 352 of 500 (samples: 99009)
INFO:root:Loss: 0.849 +/- 0.3079
INFO:root:Epoch no. 353 of 500 (samples: 99009)
INFO:root:Loss: 1.0653 +/- 0.2782
INFO:root:Epoch no. 354 of 500 (samples: 99009)
INFO:root:Loss: 0.8329 +/- 0.1497
INFO:root:Epoch no. 355 of 500 (samples: 99009)
INFO:root:Loss: 0.9469 +/- 0.3731
INFO:root:Epoch no. 356 of 500 (samples: 99009)
INFO:root:Loss: 1.2598 +/- 0.3802
INFO:root:Epoch no. 357 of 500 (samples: 99009)
INFO:root:Loss: 1.2532 +/- 0.5102
INFO:root:Epoch no. 358 of 500 (samples: 99009)
INFO:root:Loss: 1.0666 +/- 0.3846
INFO:root:Epoch no. 359 of 500 (samples: 99009)
INFO:root:Loss: 1.1749 +/- 0.2648
INFO:root:Epoch no. 360 of 500 (samples: 99009)
INFO:root:Loss: 1.1855 +/- 0.3473
INFO:root:Epoch no. 361 of 500 (samples: 99009)
INFO:root:Loss: 1.1085 +/- 0.4152
INFO:root:Epoch no. 362 of 500 (samples: 99009)
INFO:root:Loss: 1.3246 +/- 0.4159
INFO:root:Epoch no. 363 of 500 (samples: 99009)
INFO:root:Loss: 1.0115 +/- 0.3497
INFO:root:Epoch no. 364 of 500 (samples: 99009)
INFO:root:Loss: 1.2483 +/- 0.6832
INFO:root:Epoch no. 365 of 500 (samples: 99009)
INFO:root:Loss: 1.0191 +/- 0.4023
INFO:root:Epoch no. 366 of 500 (samples: 99009)
INFO:root:Loss: 1.229 +/- 0.4226
INFO:root:Epoch no. 367 of 500 (samples: 99009)
INFO:root:Loss: 0.905 +/- 0.2942
INFO:root:Epoch no. 368 of 500 (samples: 99009)
INFO:root:Loss: 0.9535 +/- 0.3719
INFO:root:Epoch no. 369 of 500 (samples: 99009)
INFO:root:Loss: 1.0322 +/- 0.3188
INFO:root:Epoch no. 370 of 500 (samples: 99009)
INFO:root:Loss: 0.9983 +/- 0.3237
INFO:root:Epoch no. 371 of 500 (samples: 99009)
INFO:root:Loss: 1.0422 +/- 0.3578
INFO:root:Epoch no. 372 of 500 (samples: 99009)
INFO:root:Loss: 1.1104 +/- 0.3266
INFO:root:Epoch no. 373 of 500 (samples: 99009)
INFO:root:Loss: 1.1702 +/- 0.3278
INFO:root:Epoch no. 374 of 500 (samples: 99009)
INFO:root:Loss: 1.1341 +/- 0.4457
INFO:root:Epoch no. 375 of 500 (samples: 99009)
INFO:root:Loss: 0.9589 +/- 0.1987
INFO:root:Epoch no. 376 of 500 (samples: 99009)
INFO:root:Loss: 1.0022 +/- 0.2523
INFO:root:Epoch no. 377 of 500 (samples: 99009)
INFO:root:Loss: 0.945 +/- 0.3897
INFO:root:Epoch no. 378 of 500 (samples: 99009)
INFO:root:Loss: 0.9838 +/- 0.2827
INFO:root:Epoch no. 379 of 500 (samples: 99009)
INFO:root:Loss: 1.2064 +/- 0.2416
INFO:root:Epoch no. 380 of 500 (samples: 99009)
INFO:root:Loss: 0.8435 +/- 0.1896
INFO:root:Epoch no. 381 of 500 (samples: 99009)
INFO:root:Loss: 1.0105 +/- 0.2283
INFO:root:Epoch no. 382 of 500 (samples: 99009)
INFO:root:Loss: 1.08 +/- 0.3833
INFO:root:Epoch no. 383 of 500 (samples: 99009)
INFO:root:Loss: 1.1265 +/- 0.3879
INFO:root:Epoch no. 384 of 500 (samples: 99009)
INFO:root:Loss: 1.2751 +/- 0.31
INFO:root:Epoch no. 385 of 500 (samples: 99009)
INFO:root:Loss: 1.0943 +/- 0.3005
INFO:root:Epoch no. 386 of 500 (samples: 99009)
INFO:root:Loss: 1.1371 +/- 0.421
INFO:root:Epoch no. 387 of 500 (samples: 99009)
INFO:root:Loss: 1.1865 +/- 0.5712
INFO:root:Epoch no. 388 of 500 (samples: 99009)
INFO:root:Loss: 1.2022 +/- 0.3512
INFO:root:Epoch no. 389 of 500 (samples: 99009)
INFO:root:Loss: 1.0288 +/- 0.3125
INFO:root:Epoch no. 390 of 500 (samples: 99009)
INFO:root:Loss: 1.1329 +/- 0.2479
INFO:root:Epoch no. 391 of 500 (samples: 99009)
INFO:root:Loss: 1.1163 +/- 0.3791
INFO:root:Epoch no. 392 of 500 (samples: 99009)
INFO:root:Loss: 1.1717 +/- 0.3145
INFO:root:Epoch no. 393 of 500 (samples: 99009)
INFO:root:Loss: 0.9343 +/- 0.3432
INFO:root:Epoch no. 394 of 500 (samples: 99009)
INFO:root:Loss: 1.0563 +/- 0.337
INFO:root:Epoch no. 395 of 500 (samples: 99009)
INFO:root:Loss: 0.9647 +/- 0.3092
INFO:root:Epoch no. 396 of 500 (samples: 99009)
INFO:root:Loss: 1.2071 +/- 0.5682
INFO:root:Epoch no. 397 of 500 (samples: 99009)
INFO:root:Loss: 1.1484 +/- 0.425
INFO:root:Epoch no. 398 of 500 (samples: 99009)
INFO:root:Loss: 1.027 +/- 0.2987
INFO:root:Epoch no. 399 of 500 (samples: 99009)
INFO:root:Loss: 1.3121 +/- 0.6065
INFO:root:Epoch no. 400 of 500 (samples: 99009)
INFO:root:Loss: 1.1009 +/- 0.388
INFO:root:Epoch no. 401 of 500 (samples: 99009)
INFO:root:Loss: 0.8337 +/- 0.3837
INFO:root:Epoch no. 402 of 500 (samples: 99009)
INFO:root:Loss: 1.1532 +/- 0.327
INFO:root:Epoch no. 403 of 500 (samples: 99009)
INFO:root:Loss: 1.2965 +/- 0.5365
INFO:root:Epoch no. 404 of 500 (samples: 99009)
INFO:root:Loss: 0.9131 +/- 0.4897
INFO:root:Epoch no. 405 of 500 (samples: 99009)
INFO:root:Loss: 0.9913 +/- 0.184
INFO:root:Epoch no. 406 of 500 (samples: 99009)
INFO:root:Loss: 1.0406 +/- 0.3758
INFO:root:Epoch no. 407 of 500 (samples: 99009)
INFO:root:Loss: 0.9331 +/- 0.2815
INFO:root:Epoch no. 408 of 500 (samples: 99009)
INFO:root:Loss: 1.3922 +/- 0.4297
INFO:root:Epoch no. 409 of 500 (samples: 99009)
INFO:root:Loss: 0.7255 +/- 0.1651
INFO:root:Epoch no. 410 of 500 (samples: 99009)
INFO:root:Loss: 1.1669 +/- 0.5566
INFO:root:Epoch no. 411 of 500 (samples: 99009)
INFO:root:Loss: 1.0892 +/- 0.2779
INFO:root:Epoch no. 412 of 500 (samples: 99009)
INFO:root:Loss: 1.0105 +/- 0.3502
INFO:root:Epoch no. 413 of 500 (samples: 99009)
INFO:root:Loss: 0.916 +/- 0.5379
INFO:root:Epoch no. 414 of 500 (samples: 99009)
INFO:root:Loss: 1.1341 +/- 0.3121
INFO:root:Epoch no. 415 of 500 (samples: 99009)
INFO:root:Loss: 1.1005 +/- 0.4057
INFO:root:Epoch no. 416 of 500 (samples: 99009)
INFO:root:Loss: 1.1003 +/- 0.5339
INFO:root:Epoch no. 417 of 500 (samples: 99009)
INFO:root:Loss: 1.1202 +/- 0.455
INFO:root:Epoch no. 418 of 500 (samples: 99009)
INFO:root:Loss: 1.1312 +/- 0.3362
INFO:root:Epoch no. 419 of 500 (samples: 99009)
INFO:root:Loss: 1.1181 +/- 0.3332
INFO:root:Epoch no. 420 of 500 (samples: 99009)
INFO:root:Loss: 0.9632 +/- 0.3449
INFO:root:Epoch no. 421 of 500 (samples: 99009)
INFO:root:Loss: 1.0098 +/- 0.294
INFO:root:Epoch no. 422 of 500 (samples: 99009)
INFO:root:Loss: 0.7906 +/- 0.2179
INFO:root:Epoch no. 423 of 500 (samples: 99009)
INFO:root:Loss: 1.0559 +/- 0.2279
INFO:root:Epoch no. 424 of 500 (samples: 99009)
INFO:root:Loss: 1.1347 +/- 0.3258
INFO:root:Epoch no. 425 of 500 (samples: 99009)
INFO:root:Loss: 1.1493 +/- 0.3191
INFO:root:Epoch no. 426 of 500 (samples: 99009)
INFO:root:Loss: 1.1514 +/- 0.3366
INFO:root:Epoch no. 427 of 500 (samples: 99009)
INFO:root:Loss: 1.0176 +/- 0.32
INFO:root:Epoch no. 428 of 500 (samples: 99009)
INFO:root:Loss: 0.928 +/- 0.3948
INFO:root:Epoch no. 429 of 500 (samples: 99009)
INFO:root:Loss: 1.0396 +/- 0.3013
INFO:root:Epoch no. 430 of 500 (samples: 99009)
INFO:root:Loss: 1.0619 +/- 0.2923
INFO:root:Epoch no. 431 of 500 (samples: 99009)
INFO:root:Loss: 1.234 +/- 0.339
INFO:root:Epoch no. 432 of 500 (samples: 99009)
INFO:root:Loss: 1.0096 +/- 0.5186
INFO:root:Epoch no. 433 of 500 (samples: 99009)
INFO:root:Loss: 0.998 +/- 0.3392
INFO:root:Epoch no. 434 of 500 (samples: 99009)
INFO:root:Loss: 0.9734 +/- 0.3519
INFO:root:Epoch no. 435 of 500 (samples: 99009)
INFO:root:Loss: 1.2275 +/- 0.3483
INFO:root:Epoch no. 436 of 500 (samples: 99009)
INFO:root:Loss: 0.9507 +/- 0.3228
INFO:root:Epoch no. 437 of 500 (samples: 99009)
INFO:root:Loss: 1.0443 +/- 0.2732
INFO:root:Epoch no. 438 of 500 (samples: 99009)
INFO:root:Loss: 1.1351 +/- 0.3552
INFO:root:Epoch no. 439 of 500 (samples: 99009)
INFO:root:Loss: 1.3207 +/- 0.3844
INFO:root:Epoch no. 440 of 500 (samples: 99009)
INFO:root:Loss: 1.1178 +/- 0.3219
INFO:root:Epoch no. 441 of 500 (samples: 99009)
INFO:root:Loss: 1.0282 +/- 0.4487
INFO:root:Epoch no. 442 of 500 (samples: 99009)
INFO:root:Loss: 1.1091 +/- 0.2264
INFO:root:Epoch no. 443 of 500 (samples: 99009)
INFO:root:Loss: 0.9284 +/- 0.3169
INFO:root:Epoch no. 444 of 500 (samples: 99009)
INFO:root:Loss: 0.9652 +/- 0.4075
INFO:root:Epoch no. 445 of 500 (samples: 99009)
INFO:root:Loss: 1.2847 +/- 0.42
INFO:root:Epoch no. 446 of 500 (samples: 99009)
INFO:root:Loss: 0.8245 +/- 0.2838
INFO:root:Epoch no. 447 of 500 (samples: 99009)
INFO:root:Loss: 1.0992 +/- 0.3524
INFO:root:Epoch no. 448 of 500 (samples: 99009)
INFO:root:Loss: 1.0585 +/- 0.4571
INFO:root:Epoch no. 449 of 500 (samples: 99009)
INFO:root:Loss: 1.1275 +/- 0.5351
INFO:root:Epoch no. 450 of 500 (samples: 99009)
INFO:root:Loss: 0.904 +/- 0.3472
INFO:root:Epoch no. 451 of 500 (samples: 99009)
INFO:root:Loss: 1.0626 +/- 0.3755
INFO:root:Epoch no. 452 of 500 (samples: 99009)
INFO:root:Loss: 1.2028 +/- 0.3962
INFO:root:Epoch no. 453 of 500 (samples: 99009)
INFO:root:Loss: 1.2413 +/- 0.4589
INFO:root:Epoch no. 454 of 500 (samples: 99009)
INFO:root:Loss: 0.939 +/- 0.2653
INFO:root:Epoch no. 455 of 500 (samples: 99009)
INFO:root:Loss: 0.9346 +/- 0.2578
INFO:root:Epoch no. 456 of 500 (samples: 99009)
INFO:root:Loss: 1.175 +/- 0.3942
INFO:root:Epoch no. 457 of 500 (samples: 99009)
INFO:root:Loss: 1.2238 +/- 0.3854
INFO:root:Epoch no. 458 of 500 (samples: 99009)
INFO:root:Loss: 1.1288 +/- 0.334
INFO:root:Epoch no. 459 of 500 (samples: 99009)
INFO:root:Loss: 1.0568 +/- 0.3298
INFO:root:Epoch no. 460 of 500 (samples: 99009)
INFO:root:Loss: 1.124 +/- 0.3753
INFO:root:Epoch no. 461 of 500 (samples: 99009)
INFO:root:Loss: 1.0611 +/- 0.5442
INFO:root:Epoch no. 462 of 500 (samples: 99009)
INFO:root:Loss: 0.9807 +/- 0.4568
INFO:root:Epoch no. 463 of 500 (samples: 99009)
INFO:root:Loss: 1.1279 +/- 0.3451
INFO:root:Epoch no. 464 of 500 (samples: 99009)
INFO:root:Loss: 1.0872 +/- 0.3539
INFO:root:Epoch no. 465 of 500 (samples: 99009)
INFO:root:Loss: 1.1132 +/- 0.357
INFO:root:Epoch no. 466 of 500 (samples: 99009)
INFO:root:Loss: 1.3008 +/- 0.4817
INFO:root:Epoch no. 467 of 500 (samples: 99009)
INFO:root:Loss: 1.0554 +/- 0.3705
INFO:root:Epoch no. 468 of 500 (samples: 99009)
INFO:root:Loss: 1.055 +/- 0.3341
INFO:root:Epoch no. 469 of 500 (samples: 99009)
INFO:root:Loss: 1.1065 +/- 0.2645
INFO:root:Epoch no. 470 of 500 (samples: 99009)
INFO:root:Loss: 0.9686 +/- 0.1369
INFO:root:Epoch no. 471 of 500 (samples: 99009)
INFO:root:Loss: 1.0771 +/- 0.3774
INFO:root:Epoch no. 472 of 500 (samples: 99009)
INFO:root:Loss: 1.189 +/- 0.5144
INFO:root:Epoch no. 473 of 500 (samples: 99009)
INFO:root:Loss: 1.0506 +/- 0.3459
INFO:root:Epoch no. 474 of 500 (samples: 99009)
INFO:root:Loss: 1.1425 +/- 0.3204
INFO:root:Epoch no. 475 of 500 (samples: 99009)
INFO:root:Loss: 0.9221 +/- 0.3951
INFO:root:Epoch no. 476 of 500 (samples: 99009)
INFO:root:Loss: 1.0538 +/- 0.4675
INFO:root:Epoch no. 477 of 500 (samples: 99009)
INFO:root:Loss: 1.012 +/- 0.3883
INFO:root:Epoch no. 478 of 500 (samples: 99009)
INFO:root:Loss: 1.1211 +/- 0.3395
INFO:root:Epoch no. 479 of 500 (samples: 99009)
INFO:root:Loss: 1.2844 +/- 0.2922
INFO:root:Epoch no. 480 of 500 (samples: 99009)
INFO:root:Loss: 1.0006 +/- 0.2688
INFO:root:Epoch no. 481 of 500 (samples: 99009)
INFO:root:Loss: 1.001 +/- 0.4408
INFO:root:Epoch no. 482 of 500 (samples: 99009)
INFO:root:Loss: 0.9027 +/- 0.3765
INFO:root:Epoch no. 483 of 500 (samples: 99009)
INFO:root:Loss: 1.099 +/- 0.236
INFO:root:Epoch no. 484 of 500 (samples: 99009)
INFO:root:Loss: 1.0513 +/- 0.3074
INFO:root:Epoch no. 485 of 500 (samples: 99009)
INFO:root:Loss: 1.155 +/- 0.4541
INFO:root:Epoch no. 486 of 500 (samples: 99009)
INFO:root:Loss: 0.9559 +/- 0.3556
INFO:root:Epoch no. 487 of 500 (samples: 99009)
INFO:root:Loss: 0.9836 +/- 0.3459
INFO:root:Epoch no. 488 of 500 (samples: 99009)
INFO:root:Loss: 1.091 +/- 0.4023
INFO:root:Epoch no. 489 of 500 (samples: 99009)
INFO:root:Loss: 0.8426 +/- 0.3691
INFO:root:Epoch no. 490 of 500 (samples: 99009)
INFO:root:Loss: 0.936 +/- 0.3137
INFO:root:Epoch no. 491 of 500 (samples: 99009)
INFO:root:Loss: 1.0721 +/- 0.3719
INFO:root:Epoch no. 492 of 500 (samples: 99009)
INFO:root:Loss: 0.8477 +/- 0.2811
INFO:root:Epoch no. 493 of 500 (samples: 99009)
INFO:root:Loss: 1.0078 +/- 0.4081
INFO:root:Epoch no. 494 of 500 (samples: 99009)
INFO:root:Loss: 1.1418 +/- 0.4339
INFO:root:Epoch no. 495 of 500 (samples: 99009)
INFO:root:Loss: 0.9253 +/- 0.3007
INFO:root:Epoch no. 496 of 500 (samples: 99009)
INFO:root:Loss: 1.0788 +/- 0.4775
INFO:root:Epoch no. 497 of 500 (samples: 99009)
INFO:root:Loss: 0.8955 +/- 0.3792
INFO:root:Epoch no. 498 of 500 (samples: 99009)
INFO:root:Loss: 1.1213 +/- 0.2662
INFO:root:Epoch no. 499 of 500 (samples: 99009)
INFO:root:Loss: 1.0474 +/- 0.3339
INFO:root:Epoch no. 500 of 500 (samples: 99009)
INFO:root:Loss: 1.2207 +/- 0.4545
/usr/local/lib/python3.5/dist-packages/keras/backend/theano_backend.py:527: UserWarning: theano.function was asked to create a function computing outputs given certain inputs, but the provided input variable at index 2 is not part of the computational graph needed to compute the outputs: keras_learning_phase.
To make this warning into an error, you can pass the parameter on_unused_input='raise' to theano.function. To disable it completely, use on_unused_input='ignore'.
  **kwargs)
INFO:root:### MICRO (validation raw):
INFO:root:	-- left   >> mean: 3111.5906, median: 5.0, mrr: 0.239, hits@1: 2.62%
INFO:root:	-- right  >> mean: 3187.8338, median: 6.0, mrr: 0.237, hits@1: 2.6%
INFO:root:	-- global >> mean: 3149.7122, median: 6.0, mrr: 0.238, hits@1: 2.61%
INFO:root:### MICRO (validation raw):
INFO:root:	-- left   >> mean: 3111.5906, median: 5.0, mrr: 0.239, hits@3: 40.6%
INFO:root:	-- right  >> mean: 3187.8338, median: 6.0, mrr: 0.237, hits@3: 40.22%
INFO:root:	-- global >> mean: 3149.7122, median: 6.0, mrr: 0.238, hits@3: 40.41%
INFO:root:### MICRO (validation raw):
INFO:root:	-- left   >> mean: 3111.5906, median: 5.0, mrr: 0.239, hits@5: 50.08%
INFO:root:	-- right  >> mean: 3187.8338, median: 6.0, mrr: 0.237, hits@5: 49.86%
INFO:root:	-- global >> mean: 3149.7122, median: 6.0, mrr: 0.238, hits@5: 49.97%
INFO:root:### MICRO (validation raw):
INFO:root:	-- left   >> mean: 3111.5906, median: 5.0, mrr: 0.239, hits@10: 58.18%
INFO:root:	-- right  >> mean: 3187.8338, median: 6.0, mrr: 0.237, hits@10: 58.48%
INFO:root:	-- global >> mean: 3149.7122, median: 6.0, mrr: 0.238, hits@10: 58.33%
INFO:root:### MICRO (validation filtered):
INFO:root:	-- left   >> mean: 3102.943, median: 4.0, mrr: 0.274, hits@1: 3.28%
INFO:root:	-- right  >> mean: 3178.6914, median: 4.0, mrr: 0.274, hits@1: 3.36%
INFO:root:	-- global >> mean: 3140.8172, median: 4.0, mrr: 0.274, hits@1: 3.32%
INFO:root:### MICRO (validation filtered):
INFO:root:	-- left   >> mean: 3102.943, median: 4.0, mrr: 0.274, hits@3: 48.4%
INFO:root:	-- right  >> mean: 3178.6914, median: 4.0, mrr: 0.274, hits@3: 47.96%
INFO:root:	-- global >> mean: 3140.8172, median: 4.0, mrr: 0.274, hits@3: 48.18%
INFO:root:### MICRO (validation filtered):
INFO:root:	-- left   >> mean: 3102.943, median: 4.0, mrr: 0.274, hits@5: 57.12%
INFO:root:	-- right  >> mean: 3178.6914, median: 4.0, mrr: 0.274, hits@5: 57.22%
INFO:root:	-- global >> mean: 3140.8172, median: 4.0, mrr: 0.274, hits@5: 57.17%
INFO:root:### MICRO (validation filtered):
INFO:root:	-- left   >> mean: 3102.943, median: 4.0, mrr: 0.274, hits@10: 64.0%
INFO:root:	-- right  >> mean: 3178.6914, median: 4.0, mrr: 0.274, hits@10: 63.98%
INFO:root:	-- global >> mean: 3140.8172, median: 4.0, mrr: 0.274, hits@10: 63.99%
INFO:root:### MICRO (test raw):
INFO:root:	-- left   >> mean: 3124.2076, median: 6.0, mrr: 0.233, hits@1: 2.38%
INFO:root:	-- right  >> mean: 2967.1188, median: 5.0, mrr: 0.239, hits@1: 2.22%
INFO:root:	-- global >> mean: 3045.6632, median: 6.0, mrr: 0.236, hits@1: 2.3%
INFO:root:### MICRO (test raw):
INFO:root:	-- left   >> mean: 3124.2076, median: 6.0, mrr: 0.233, hits@3: 40.14%
INFO:root:	-- right  >> mean: 2967.1188, median: 5.0, mrr: 0.239, hits@3: 41.46%
INFO:root:	-- global >> mean: 3045.6632, median: 6.0, mrr: 0.236, hits@3: 40.8%
INFO:root:### MICRO (test raw):
INFO:root:	-- left   >> mean: 3124.2076, median: 6.0, mrr: 0.233, hits@5: 48.96%
INFO:root:	-- right  >> mean: 2967.1188, median: 5.0, mrr: 0.239, hits@5: 50.82%
INFO:root:	-- global >> mean: 3045.6632, median: 6.0, mrr: 0.236, hits@5: 49.89%
INFO:root:### MICRO (test raw):
INFO:root:	-- left   >> mean: 3124.2076, median: 6.0, mrr: 0.233, hits@10: 58.52%
INFO:root:	-- right  >> mean: 2967.1188, median: 5.0, mrr: 0.239, hits@10: 59.08%
INFO:root:	-- global >> mean: 3045.6632, median: 6.0, mrr: 0.236, hits@10: 58.8%
INFO:root:### MICRO (test filtered):
INFO:root:	-- left   >> mean: 3114.4384, median: 4.0, mrr: 0.271, hits@1: 3.18%
INFO:root:	-- right  >> mean: 2958.287, median: 4.0, mrr: 0.272, hits@1: 2.78%
INFO:root:	-- global >> mean: 3036.3627, median: 4.0, mrr: 0.272, hits@1: 2.98%
INFO:root:### MICRO (test filtered):
INFO:root:	-- left   >> mean: 3114.4384, median: 4.0, mrr: 0.271, hits@3: 48.14%
INFO:root:	-- right  >> mean: 2958.287, median: 4.0, mrr: 0.272, hits@3: 48.52%
INFO:root:	-- global >> mean: 3036.3627, median: 4.0, mrr: 0.272, hits@3: 48.33%
INFO:root:### MICRO (test filtered):
INFO:root:	-- left   >> mean: 3114.4384, median: 4.0, mrr: 0.271, hits@5: 57.1%
INFO:root:	-- right  >> mean: 2958.287, median: 4.0, mrr: 0.272, hits@5: 57.54%
INFO:root:	-- global >> mean: 3036.3627, median: 4.0, mrr: 0.272, hits@5: 57.32%
INFO:root:### MICRO (test filtered):
INFO:root:	-- left   >> mean: 3114.4384, median: 4.0, mrr: 0.271, hits@10: 63.56%
INFO:root:	-- right  >> mean: 2958.287, median: 4.0, mrr: 0.272, hits@10: 63.9%
INFO:root:	-- global >> mean: 3036.3627, median: 4.0, mrr: 0.272, hits@10: 63.73%
