Using Theano backend.
Using gpu device 0: GeForce GTX TITAN X (CNMeM is disabled, cuDNN not available)
INFO:root:Acquiring data/wn18/wordnet-mlj12-train.txt ..
INFO:root:Acquiring data/wn18/wordnet-mlj12-valid.txt ..
INFO:root:Acquiring data/wn18/wordnet-mlj12-test.txt ..
INFO:root:[Rules] Adding Head: 15, Tail: [(10, True)]
INFO:root:[Rules] Adding Head: 12, Tail: [(17, True)]
INFO:root:[Rules] Adding Head: 4, Tail: [(5, True)]
INFO:root:[Rules] Adding Head: 13, Tail: [(3, True)]
INFO:root:[Rules] Adding Head: 5, Tail: [(4, True)]
INFO:root:[Rules] Adding Head: 16, Tail: [(11, True)]
INFO:root:[Rules] Adding Head: 17, Tail: [(12, True)]
INFO:root:[Rules] Adding Head: 11, Tail: [(16, True)]
INFO:root:[Rules] Adding Head: 8, Tail: [(9, True)]
INFO:root:[Rules] Adding Head: 2, Tail: [(2, True)]
INFO:root:Samples: 127298, no. batches: 10 -> batch size: 12730
INFO:root:Epoch no. 1 of 500 (samples: 127298)
INFO:root:Loss: 1300.4812 +/- 254.903
INFO:root:Epoch no. 2 of 500 (samples: 127298)
INFO:root:Loss: 398.7448 +/- 81.5305
INFO:root:Epoch no. 3 of 500 (samples: 127298)
INFO:root:Loss: 76.1716 +/- 6.2441
INFO:root:Epoch no. 4 of 500 (samples: 127298)
INFO:root:Loss: 28.1803 +/- 1.0554
INFO:root:Epoch no. 5 of 500 (samples: 127298)
INFO:root:Loss: 16.7016 +/- 1.062
INFO:root:Epoch no. 6 of 500 (samples: 127298)
INFO:root:Loss: 11.4872 +/- 0.9357
INFO:root:Epoch no. 7 of 500 (samples: 127298)
INFO:root:Loss: 8.9766 +/- 0.5682
INFO:root:Epoch no. 8 of 500 (samples: 127298)
INFO:root:Loss: 7.4986 +/- 0.5942
INFO:root:Epoch no. 9 of 500 (samples: 127298)
INFO:root:Loss: 6.5461 +/- 0.359
INFO:root:Epoch no. 10 of 500 (samples: 127298)
INFO:root:Loss: 5.8311 +/- 0.8697
INFO:root:Epoch no. 11 of 500 (samples: 127298)
INFO:root:Loss: 4.9113 +/- 0.3976
INFO:root:Epoch no. 12 of 500 (samples: 127298)
INFO:root:Loss: 4.661 +/- 0.4919
INFO:root:Epoch no. 13 of 500 (samples: 127298)
INFO:root:Loss: 3.9638 +/- 0.3079
INFO:root:Epoch no. 14 of 500 (samples: 127298)
INFO:root:Loss: 3.7344 +/- 0.5295
INFO:root:Epoch no. 15 of 500 (samples: 127298)
INFO:root:Loss: 3.6139 +/- 0.2781
INFO:root:Epoch no. 16 of 500 (samples: 127298)
INFO:root:Loss: 3.2277 +/- 0.3709
INFO:root:Epoch no. 17 of 500 (samples: 127298)
INFO:root:Loss: 3.2355 +/- 0.2411
INFO:root:Epoch no. 18 of 500 (samples: 127298)
INFO:root:Loss: 2.8994 +/- 0.3181
INFO:root:Epoch no. 19 of 500 (samples: 127298)
INFO:root:Loss: 2.7708 +/- 0.3429
INFO:root:Epoch no. 20 of 500 (samples: 127298)
INFO:root:Loss: 3.0114 +/- 0.3507
INFO:root:Epoch no. 21 of 500 (samples: 127298)
INFO:root:Loss: 2.5533 +/- 0.4218
INFO:root:Epoch no. 22 of 500 (samples: 127298)
INFO:root:Loss: 2.5959 +/- 0.3908
INFO:root:Epoch no. 23 of 500 (samples: 127298)
INFO:root:Loss: 2.5347 +/- 0.3595
INFO:root:Epoch no. 24 of 500 (samples: 127298)
INFO:root:Loss: 2.4483 +/- 0.4835
INFO:root:Epoch no. 25 of 500 (samples: 127298)
INFO:root:Loss: 2.3863 +/- 0.5278
INFO:root:Epoch no. 26 of 500 (samples: 127298)
INFO:root:Loss: 2.3128 +/- 0.3199
INFO:root:Epoch no. 27 of 500 (samples: 127298)
INFO:root:Loss: 2.1578 +/- 0.4191
INFO:root:Epoch no. 28 of 500 (samples: 127298)
INFO:root:Loss: 1.9428 +/- 0.2739
INFO:root:Epoch no. 29 of 500 (samples: 127298)
INFO:root:Loss: 1.8923 +/- 0.4717
INFO:root:Epoch no. 30 of 500 (samples: 127298)
INFO:root:Loss: 2.0657 +/- 0.496
INFO:root:Epoch no. 31 of 500 (samples: 127298)
INFO:root:Loss: 1.9165 +/- 0.2698
INFO:root:Epoch no. 32 of 500 (samples: 127298)
INFO:root:Loss: 1.8907 +/- 0.4871
INFO:root:Epoch no. 33 of 500 (samples: 127298)
INFO:root:Loss: 1.9619 +/- 0.2671
INFO:root:Epoch no. 34 of 500 (samples: 127298)
INFO:root:Loss: 1.9351 +/- 0.3533
INFO:root:Epoch no. 35 of 500 (samples: 127298)
INFO:root:Loss: 1.772 +/- 0.2533
INFO:root:Epoch no. 36 of 500 (samples: 127298)
INFO:root:Loss: 1.969 +/- 0.2413
INFO:root:Epoch no. 37 of 500 (samples: 127298)
INFO:root:Loss: 1.7873 +/- 0.303
INFO:root:Epoch no. 38 of 500 (samples: 127298)
INFO:root:Loss: 1.8906 +/- 0.2938
INFO:root:Epoch no. 39 of 500 (samples: 127298)
INFO:root:Loss: 1.7041 +/- 0.2836
INFO:root:Epoch no. 40 of 500 (samples: 127298)
INFO:root:Loss: 2.072 +/- 0.2737
INFO:root:Epoch no. 41 of 500 (samples: 127298)
INFO:root:Loss: 1.7122 +/- 0.3142
INFO:root:Epoch no. 42 of 500 (samples: 127298)
INFO:root:Loss: 1.7613 +/- 0.2902
INFO:root:Epoch no. 43 of 500 (samples: 127298)
INFO:root:Loss: 1.667 +/- 0.3664
INFO:root:Epoch no. 44 of 500 (samples: 127298)
INFO:root:Loss: 1.5507 +/- 0.2559
INFO:root:Epoch no. 45 of 500 (samples: 127298)
INFO:root:Loss: 1.5538 +/- 0.2996
INFO:root:Epoch no. 46 of 500 (samples: 127298)
INFO:root:Loss: 1.4765 +/- 0.2489
INFO:root:Epoch no. 47 of 500 (samples: 127298)
INFO:root:Loss: 1.5411 +/- 0.2571
INFO:root:Epoch no. 48 of 500 (samples: 127298)
INFO:root:Loss: 1.5987 +/- 0.3856
INFO:root:Epoch no. 49 of 500 (samples: 127298)
INFO:root:Loss: 1.4559 +/- 0.221
INFO:root:Epoch no. 50 of 500 (samples: 127298)
INFO:root:Loss: 1.5134 +/- 0.2201
INFO:root:Epoch no. 51 of 500 (samples: 127298)
INFO:root:Loss: 1.5846 +/- 0.3338
INFO:root:Epoch no. 52 of 500 (samples: 127298)
INFO:root:Loss: 1.4382 +/- 0.2701
INFO:root:Epoch no. 53 of 500 (samples: 127298)
INFO:root:Loss: 1.7026 +/- 0.3132
INFO:root:Epoch no. 54 of 500 (samples: 127298)
INFO:root:Loss: 1.5377 +/- 0.2671
INFO:root:Epoch no. 55 of 500 (samples: 127298)
INFO:root:Loss: 1.2995 +/- 0.2867
INFO:root:Epoch no. 56 of 500 (samples: 127298)
INFO:root:Loss: 1.5516 +/- 0.2792
INFO:root:Epoch no. 57 of 500 (samples: 127298)
INFO:root:Loss: 1.5044 +/- 0.3477
INFO:root:Epoch no. 58 of 500 (samples: 127298)
INFO:root:Loss: 1.4355 +/- 0.2416
INFO:root:Epoch no. 59 of 500 (samples: 127298)
INFO:root:Loss: 1.3155 +/- 0.3338
INFO:root:Epoch no. 60 of 500 (samples: 127298)
INFO:root:Loss: 1.5436 +/- 0.298
INFO:root:Epoch no. 61 of 500 (samples: 127298)
INFO:root:Loss: 1.3883 +/- 0.3487
INFO:root:Epoch no. 62 of 500 (samples: 127298)
INFO:root:Loss: 1.3921 +/- 0.2726
INFO:root:Epoch no. 63 of 500 (samples: 127298)
INFO:root:Loss: 1.5249 +/- 0.4279
INFO:root:Epoch no. 64 of 500 (samples: 127298)
INFO:root:Loss: 1.6063 +/- 0.4039
INFO:root:Epoch no. 65 of 500 (samples: 127298)
INFO:root:Loss: 1.5563 +/- 0.3215
INFO:root:Epoch no. 66 of 500 (samples: 127298)
INFO:root:Loss: 1.3199 +/- 0.1729
INFO:root:Epoch no. 67 of 500 (samples: 127298)
INFO:root:Loss: 1.5468 +/- 0.4159
INFO:root:Epoch no. 68 of 500 (samples: 127298)
INFO:root:Loss: 1.4992 +/- 0.1805
INFO:root:Epoch no. 69 of 500 (samples: 127298)
INFO:root:Loss: 1.3752 +/- 0.2444
INFO:root:Epoch no. 70 of 500 (samples: 127298)
INFO:root:Loss: 1.3861 +/- 0.2439
INFO:root:Epoch no. 71 of 500 (samples: 127298)
INFO:root:Loss: 1.4527 +/- 0.4252
INFO:root:Epoch no. 72 of 500 (samples: 127298)
INFO:root:Loss: 1.3775 +/- 0.2719
INFO:root:Epoch no. 73 of 500 (samples: 127298)
INFO:root:Loss: 1.3847 +/- 0.3043
INFO:root:Epoch no. 74 of 500 (samples: 127298)
INFO:root:Loss: 1.32 +/- 0.2603
INFO:root:Epoch no. 75 of 500 (samples: 127298)
INFO:root:Loss: 1.3632 +/- 0.2384
INFO:root:Epoch no. 76 of 500 (samples: 127298)
INFO:root:Loss: 1.2795 +/- 0.2402
INFO:root:Epoch no. 77 of 500 (samples: 127298)
INFO:root:Loss: 1.4753 +/- 0.2806
INFO:root:Epoch no. 78 of 500 (samples: 127298)
INFO:root:Loss: 1.1704 +/- 0.1711
INFO:root:Epoch no. 79 of 500 (samples: 127298)
INFO:root:Loss: 1.3312 +/- 0.3736
INFO:root:Epoch no. 80 of 500 (samples: 127298)
INFO:root:Loss: 1.2891 +/- 0.2628
INFO:root:Epoch no. 81 of 500 (samples: 127298)
INFO:root:Loss: 1.3919 +/- 0.3761
INFO:root:Epoch no. 82 of 500 (samples: 127298)
INFO:root:Loss: 1.2589 +/- 0.2042
INFO:root:Epoch no. 83 of 500 (samples: 127298)
INFO:root:Loss: 1.2719 +/- 0.2806
INFO:root:Epoch no. 84 of 500 (samples: 127298)
INFO:root:Loss: 1.4128 +/- 0.3627
INFO:root:Epoch no. 85 of 500 (samples: 127298)
INFO:root:Loss: 1.2778 +/- 0.3345
INFO:root:Epoch no. 86 of 500 (samples: 127298)
INFO:root:Loss: 1.1527 +/- 0.2169
INFO:root:Epoch no. 87 of 500 (samples: 127298)
INFO:root:Loss: 1.0443 +/- 0.2241
INFO:root:Epoch no. 88 of 500 (samples: 127298)
INFO:root:Loss: 1.4391 +/- 0.2632
INFO:root:Epoch no. 89 of 500 (samples: 127298)
INFO:root:Loss: 1.2086 +/- 0.3478
INFO:root:Epoch no. 90 of 500 (samples: 127298)
INFO:root:Loss: 1.3032 +/- 0.4819
INFO:root:Epoch no. 91 of 500 (samples: 127298)
INFO:root:Loss: 1.0937 +/- 0.3402
INFO:root:Epoch no. 92 of 500 (samples: 127298)
INFO:root:Loss: 1.3042 +/- 0.2529
INFO:root:Epoch no. 93 of 500 (samples: 127298)
INFO:root:Loss: 1.3918 +/- 0.376
INFO:root:Epoch no. 94 of 500 (samples: 127298)
INFO:root:Loss: 1.2438 +/- 0.3806
INFO:root:Epoch no. 95 of 500 (samples: 127298)
INFO:root:Loss: 1.2244 +/- 0.3389
INFO:root:Epoch no. 96 of 500 (samples: 127298)
INFO:root:Loss: 1.0889 +/- 0.2272
INFO:root:Epoch no. 97 of 500 (samples: 127298)
INFO:root:Loss: 1.131 +/- 0.4034
INFO:root:Epoch no. 98 of 500 (samples: 127298)
INFO:root:Loss: 1.1762 +/- 0.2566
INFO:root:Epoch no. 99 of 500 (samples: 127298)
INFO:root:Loss: 1.374 +/- 0.4462
INFO:root:Epoch no. 100 of 500 (samples: 127298)
INFO:root:Loss: 1.2148 +/- 0.3012
INFO:root:Epoch no. 101 of 500 (samples: 127298)
INFO:root:Loss: 1.4557 +/- 0.2899
INFO:root:Epoch no. 102 of 500 (samples: 127298)
INFO:root:Loss: 1.3482 +/- 0.3744
INFO:root:Epoch no. 103 of 500 (samples: 127298)
INFO:root:Loss: 1.3039 +/- 0.3128
INFO:root:Epoch no. 104 of 500 (samples: 127298)
INFO:root:Loss: 1.2183 +/- 0.2452
INFO:root:Epoch no. 105 of 500 (samples: 127298)
INFO:root:Loss: 1.1787 +/- 0.1933
INFO:root:Epoch no. 106 of 500 (samples: 127298)
INFO:root:Loss: 1.157 +/- 0.2414
INFO:root:Epoch no. 107 of 500 (samples: 127298)
INFO:root:Loss: 1.1483 +/- 0.2268
INFO:root:Epoch no. 108 of 500 (samples: 127298)
INFO:root:Loss: 1.2589 +/- 0.2855
INFO:root:Epoch no. 109 of 500 (samples: 127298)
INFO:root:Loss: 1.3887 +/- 0.4552
INFO:root:Epoch no. 110 of 500 (samples: 127298)
INFO:root:Loss: 1.0181 +/- 0.1844
INFO:root:Epoch no. 111 of 500 (samples: 127298)
INFO:root:Loss: 1.0805 +/- 0.2931
INFO:root:Epoch no. 112 of 500 (samples: 127298)
INFO:root:Loss: 1.2598 +/- 0.2793
INFO:root:Epoch no. 113 of 500 (samples: 127298)
INFO:root:Loss: 1.1001 +/- 0.3706
INFO:root:Epoch no. 114 of 500 (samples: 127298)
INFO:root:Loss: 1.3572 +/- 0.3227
INFO:root:Epoch no. 115 of 500 (samples: 127298)
INFO:root:Loss: 1.2023 +/- 0.3684
INFO:root:Epoch no. 116 of 500 (samples: 127298)
INFO:root:Loss: 1.3194 +/- 0.3006
INFO:root:Epoch no. 117 of 500 (samples: 127298)
INFO:root:Loss: 1.1676 +/- 0.3322
INFO:root:Epoch no. 118 of 500 (samples: 127298)
INFO:root:Loss: 1.2399 +/- 0.2158
INFO:root:Epoch no. 119 of 500 (samples: 127298)
INFO:root:Loss: 1.2488 +/- 0.2348
INFO:root:Epoch no. 120 of 500 (samples: 127298)
INFO:root:Loss: 0.9858 +/- 0.244
INFO:root:Epoch no. 121 of 500 (samples: 127298)
INFO:root:Loss: 1.1189 +/- 0.3334
INFO:root:Epoch no. 122 of 500 (samples: 127298)
INFO:root:Loss: 1.1378 +/- 0.2449
INFO:root:Epoch no. 123 of 500 (samples: 127298)
INFO:root:Loss: 1.1595 +/- 0.2573
INFO:root:Epoch no. 124 of 500 (samples: 127298)
INFO:root:Loss: 1.1291 +/- 0.2899
INFO:root:Epoch no. 125 of 500 (samples: 127298)
INFO:root:Loss: 1.1168 +/- 0.3154
INFO:root:Epoch no. 126 of 500 (samples: 127298)
INFO:root:Loss: 1.1043 +/- 0.4822
INFO:root:Epoch no. 127 of 500 (samples: 127298)
INFO:root:Loss: 1.0796 +/- 0.2821
INFO:root:Epoch no. 128 of 500 (samples: 127298)
INFO:root:Loss: 1.2845 +/- 0.3438
INFO:root:Epoch no. 129 of 500 (samples: 127298)
INFO:root:Loss: 1.2632 +/- 0.3128
INFO:root:Epoch no. 130 of 500 (samples: 127298)
INFO:root:Loss: 1.1293 +/- 0.1981
INFO:root:Epoch no. 131 of 500 (samples: 127298)
INFO:root:Loss: 1.0802 +/- 0.2907
INFO:root:Epoch no. 132 of 500 (samples: 127298)
INFO:root:Loss: 1.011 +/- 0.273
INFO:root:Epoch no. 133 of 500 (samples: 127298)
INFO:root:Loss: 1.1335 +/- 0.3053
INFO:root:Epoch no. 134 of 500 (samples: 127298)
INFO:root:Loss: 1.1281 +/- 0.3815
INFO:root:Epoch no. 135 of 500 (samples: 127298)
INFO:root:Loss: 1.2015 +/- 0.3164
INFO:root:Epoch no. 136 of 500 (samples: 127298)
INFO:root:Loss: 1.2362 +/- 0.2746
INFO:root:Epoch no. 137 of 500 (samples: 127298)
INFO:root:Loss: 1.1493 +/- 0.3175
INFO:root:Epoch no. 138 of 500 (samples: 127298)
INFO:root:Loss: 1.2165 +/- 0.3588
INFO:root:Epoch no. 139 of 500 (samples: 127298)
INFO:root:Loss: 1.1885 +/- 0.311
INFO:root:Epoch no. 140 of 500 (samples: 127298)
INFO:root:Loss: 1.0391 +/- 0.3256
INFO:root:Epoch no. 141 of 500 (samples: 127298)
INFO:root:Loss: 1.1609 +/- 0.2872
INFO:root:Epoch no. 142 of 500 (samples: 127298)
INFO:root:Loss: 1.1408 +/- 0.2249
INFO:root:Epoch no. 143 of 500 (samples: 127298)
INFO:root:Loss: 1.2449 +/- 0.3947
INFO:root:Epoch no. 144 of 500 (samples: 127298)
INFO:root:Loss: 1.1362 +/- 0.3049
INFO:root:Epoch no. 145 of 500 (samples: 127298)
INFO:root:Loss: 1.0927 +/- 0.3817
INFO:root:Epoch no. 146 of 500 (samples: 127298)
INFO:root:Loss: 0.9511 +/- 0.3299
INFO:root:Epoch no. 147 of 500 (samples: 127298)
INFO:root:Loss: 1.0676 +/- 0.3317
INFO:root:Epoch no. 148 of 500 (samples: 127298)
INFO:root:Loss: 1.2734 +/- 0.2977
INFO:root:Epoch no. 149 of 500 (samples: 127298)
INFO:root:Loss: 1.1351 +/- 0.3255
INFO:root:Epoch no. 150 of 500 (samples: 127298)
INFO:root:Loss: 0.9194 +/- 0.3334
INFO:root:Epoch no. 151 of 500 (samples: 127298)
INFO:root:Loss: 1.0524 +/- 0.2384
INFO:root:Epoch no. 152 of 500 (samples: 127298)
INFO:root:Loss: 1.1402 +/- 0.3546
INFO:root:Epoch no. 153 of 500 (samples: 127298)
INFO:root:Loss: 1.1552 +/- 0.2733
INFO:root:Epoch no. 154 of 500 (samples: 127298)
INFO:root:Loss: 1.1198 +/- 0.2933
INFO:root:Epoch no. 155 of 500 (samples: 127298)
INFO:root:Loss: 1.1721 +/- 0.3038
INFO:root:Epoch no. 156 of 500 (samples: 127298)
INFO:root:Loss: 1.0765 +/- 0.4019
INFO:root:Epoch no. 157 of 500 (samples: 127298)
INFO:root:Loss: 1.1055 +/- 0.1739
INFO:root:Epoch no. 158 of 500 (samples: 127298)
INFO:root:Loss: 0.9157 +/- 0.3058
INFO:root:Epoch no. 159 of 500 (samples: 127298)
INFO:root:Loss: 1.1591 +/- 0.3325
INFO:root:Epoch no. 160 of 500 (samples: 127298)
INFO:root:Loss: 1.0474 +/- 0.2172
INFO:root:Epoch no. 161 of 500 (samples: 127298)
INFO:root:Loss: 1.0142 +/- 0.2343
INFO:root:Epoch no. 162 of 500 (samples: 127298)
INFO:root:Loss: 1.0157 +/- 0.2373
INFO:root:Epoch no. 163 of 500 (samples: 127298)
INFO:root:Loss: 1.027 +/- 0.2851
INFO:root:Epoch no. 164 of 500 (samples: 127298)
INFO:root:Loss: 1.073 +/- 0.3437
INFO:root:Epoch no. 165 of 500 (samples: 127298)
INFO:root:Loss: 0.9711 +/- 0.239
INFO:root:Epoch no. 166 of 500 (samples: 127298)
INFO:root:Loss: 1.1718 +/- 0.2803
INFO:root:Epoch no. 167 of 500 (samples: 127298)
INFO:root:Loss: 1.0775 +/- 0.2091
INFO:root:Epoch no. 168 of 500 (samples: 127298)
INFO:root:Loss: 1.0247 +/- 0.2902
INFO:root:Epoch no. 169 of 500 (samples: 127298)
INFO:root:Loss: 1.179 +/- 0.2675
INFO:root:Epoch no. 170 of 500 (samples: 127298)
INFO:root:Loss: 1.0863 +/- 0.2752
INFO:root:Epoch no. 171 of 500 (samples: 127298)
INFO:root:Loss: 0.9468 +/- 0.3219
INFO:root:Epoch no. 172 of 500 (samples: 127298)
INFO:root:Loss: 1.2432 +/- 0.4313
INFO:root:Epoch no. 173 of 500 (samples: 127298)
INFO:root:Loss: 1.0781 +/- 0.2505
INFO:root:Epoch no. 174 of 500 (samples: 127298)
INFO:root:Loss: 1.2173 +/- 0.2325
INFO:root:Epoch no. 175 of 500 (samples: 127298)
INFO:root:Loss: 1.1384 +/- 0.258
INFO:root:Epoch no. 176 of 500 (samples: 127298)
INFO:root:Loss: 0.9798 +/- 0.2046
INFO:root:Epoch no. 177 of 500 (samples: 127298)
INFO:root:Loss: 1.0785 +/- 0.3188
INFO:root:Epoch no. 178 of 500 (samples: 127298)
INFO:root:Loss: 1.0555 +/- 0.2022
INFO:root:Epoch no. 179 of 500 (samples: 127298)
INFO:root:Loss: 0.8601 +/- 0.1784
INFO:root:Epoch no. 180 of 500 (samples: 127298)
INFO:root:Loss: 0.9246 +/- 0.2531
INFO:root:Epoch no. 181 of 500 (samples: 127298)
INFO:root:Loss: 1.1836 +/- 0.1806
INFO:root:Epoch no. 182 of 500 (samples: 127298)
INFO:root:Loss: 0.8823 +/- 0.2279
INFO:root:Epoch no. 183 of 500 (samples: 127298)
INFO:root:Loss: 1.1478 +/- 0.2185
INFO:root:Epoch no. 184 of 500 (samples: 127298)
INFO:root:Loss: 1.064 +/- 0.2903
INFO:root:Epoch no. 185 of 500 (samples: 127298)
INFO:root:Loss: 1.2729 +/- 0.2265
INFO:root:Epoch no. 186 of 500 (samples: 127298)
INFO:root:Loss: 1.2398 +/- 0.3761
INFO:root:Epoch no. 187 of 500 (samples: 127298)
INFO:root:Loss: 0.9906 +/- 0.2133
INFO:root:Epoch no. 188 of 500 (samples: 127298)
INFO:root:Loss: 1.0814 +/- 0.2699
INFO:root:Epoch no. 189 of 500 (samples: 127298)
INFO:root:Loss: 1.1649 +/- 0.2282
INFO:root:Epoch no. 190 of 500 (samples: 127298)
INFO:root:Loss: 1.182 +/- 0.4104
INFO:root:Epoch no. 191 of 500 (samples: 127298)
INFO:root:Loss: 0.8791 +/- 0.2298
INFO:root:Epoch no. 192 of 500 (samples: 127298)
INFO:root:Loss: 0.8454 +/- 0.2794
INFO:root:Epoch no. 193 of 500 (samples: 127298)
INFO:root:Loss: 1.0222 +/- 0.1924
INFO:root:Epoch no. 194 of 500 (samples: 127298)
INFO:root:Loss: 0.936 +/- 0.2081
INFO:root:Epoch no. 195 of 500 (samples: 127298)
INFO:root:Loss: 1.2392 +/- 0.4371
INFO:root:Epoch no. 196 of 500 (samples: 127298)
INFO:root:Loss: 1.214 +/- 0.2682
INFO:root:Epoch no. 197 of 500 (samples: 127298)
INFO:root:Loss: 1.0207 +/- 0.2874
INFO:root:Epoch no. 198 of 500 (samples: 127298)
INFO:root:Loss: 0.987 +/- 0.2394
INFO:root:Epoch no. 199 of 500 (samples: 127298)
INFO:root:Loss: 1.0732 +/- 0.3217
INFO:root:Epoch no. 200 of 500 (samples: 127298)
INFO:root:Loss: 1.0306 +/- 0.4352
INFO:root:Epoch no. 201 of 500 (samples: 127298)
INFO:root:Loss: 0.9135 +/- 0.3062
INFO:root:Epoch no. 202 of 500 (samples: 127298)
INFO:root:Loss: 1.239 +/- 0.2778
INFO:root:Epoch no. 203 of 500 (samples: 127298)
INFO:root:Loss: 1.065 +/- 0.2517
INFO:root:Epoch no. 204 of 500 (samples: 127298)
INFO:root:Loss: 0.9757 +/- 0.247
INFO:root:Epoch no. 205 of 500 (samples: 127298)
INFO:root:Loss: 1.1172 +/- 0.2418
INFO:root:Epoch no. 206 of 500 (samples: 127298)
INFO:root:Loss: 1.0139 +/- 0.2133
INFO:root:Epoch no. 207 of 500 (samples: 127298)
INFO:root:Loss: 1.0751 +/- 0.2854
INFO:root:Epoch no. 208 of 500 (samples: 127298)
INFO:root:Loss: 1.0643 +/- 0.2363
INFO:root:Epoch no. 209 of 500 (samples: 127298)
INFO:root:Loss: 1.0723 +/- 0.2384
INFO:root:Epoch no. 210 of 500 (samples: 127298)
INFO:root:Loss: 1.0762 +/- 0.2861
INFO:root:Epoch no. 211 of 500 (samples: 127298)
INFO:root:Loss: 0.9083 +/- 0.2472
INFO:root:Epoch no. 212 of 500 (samples: 127298)
INFO:root:Loss: 1.0399 +/- 0.2162
INFO:root:Epoch no. 213 of 500 (samples: 127298)
INFO:root:Loss: 0.9901 +/- 0.2936
INFO:root:Epoch no. 214 of 500 (samples: 127298)
INFO:root:Loss: 1.0473 +/- 0.3237
INFO:root:Epoch no. 215 of 500 (samples: 127298)
INFO:root:Loss: 1.0222 +/- 0.1831
INFO:root:Epoch no. 216 of 500 (samples: 127298)
INFO:root:Loss: 1.0136 +/- 0.2312
INFO:root:Epoch no. 217 of 500 (samples: 127298)
INFO:root:Loss: 1.2568 +/- 0.3279
INFO:root:Epoch no. 218 of 500 (samples: 127298)
INFO:root:Loss: 1.117 +/- 0.1683
INFO:root:Epoch no. 219 of 500 (samples: 127298)
INFO:root:Loss: 1.0236 +/- 0.2679
INFO:root:Epoch no. 220 of 500 (samples: 127298)
INFO:root:Loss: 1.1283 +/- 0.3905
INFO:root:Epoch no. 221 of 500 (samples: 127298)
INFO:root:Loss: 1.0022 +/- 0.3139
INFO:root:Epoch no. 222 of 500 (samples: 127298)
INFO:root:Loss: 1.082 +/- 0.4311
INFO:root:Epoch no. 223 of 500 (samples: 127298)
INFO:root:Loss: 1.1533 +/- 0.2515
INFO:root:Epoch no. 224 of 500 (samples: 127298)
INFO:root:Loss: 1.0919 +/- 0.3766
INFO:root:Epoch no. 225 of 500 (samples: 127298)
INFO:root:Loss: 0.9773 +/- 0.2148
INFO:root:Epoch no. 226 of 500 (samples: 127298)
INFO:root:Loss: 0.909 +/- 0.2921
INFO:root:Epoch no. 227 of 500 (samples: 127298)
INFO:root:Loss: 1.114 +/- 0.164
INFO:root:Epoch no. 228 of 500 (samples: 127298)
INFO:root:Loss: 0.9415 +/- 0.1925
INFO:root:Epoch no. 229 of 500 (samples: 127298)
INFO:root:Loss: 1.0966 +/- 0.2714
INFO:root:Epoch no. 230 of 500 (samples: 127298)
INFO:root:Loss: 0.9864 +/- 0.3047
INFO:root:Epoch no. 231 of 500 (samples: 127298)
INFO:root:Loss: 1.0918 +/- 0.3419
INFO:root:Epoch no. 232 of 500 (samples: 127298)
INFO:root:Loss: 1.076 +/- 0.3041
INFO:root:Epoch no. 233 of 500 (samples: 127298)
INFO:root:Loss: 1.1147 +/- 0.2888
INFO:root:Epoch no. 234 of 500 (samples: 127298)
INFO:root:Loss: 1.2227 +/- 0.2879
INFO:root:Epoch no. 235 of 500 (samples: 127298)
INFO:root:Loss: 1.0931 +/- 0.3232
INFO:root:Epoch no. 236 of 500 (samples: 127298)
INFO:root:Loss: 1.149 +/- 0.362
INFO:root:Epoch no. 237 of 500 (samples: 127298)
INFO:root:Loss: 0.9688 +/- 0.2963
INFO:root:Epoch no. 238 of 500 (samples: 127298)
INFO:root:Loss: 1.0336 +/- 0.2361
INFO:root:Epoch no. 239 of 500 (samples: 127298)
INFO:root:Loss: 1.3254 +/- 0.3362
INFO:root:Epoch no. 240 of 500 (samples: 127298)
INFO:root:Loss: 1.1471 +/- 0.3005
INFO:root:Epoch no. 241 of 500 (samples: 127298)
INFO:root:Loss: 1.1402 +/- 0.3659
INFO:root:Epoch no. 242 of 500 (samples: 127298)
INFO:root:Loss: 1.2399 +/- 0.2732
INFO:root:Epoch no. 243 of 500 (samples: 127298)
INFO:root:Loss: 0.9688 +/- 0.2581
INFO:root:Epoch no. 244 of 500 (samples: 127298)
INFO:root:Loss: 1.1586 +/- 0.3776
INFO:root:Epoch no. 245 of 500 (samples: 127298)
INFO:root:Loss: 1.092 +/- 0.3479
INFO:root:Epoch no. 246 of 500 (samples: 127298)
INFO:root:Loss: 0.925 +/- 0.327
INFO:root:Epoch no. 247 of 500 (samples: 127298)
INFO:root:Loss: 1.031 +/- 0.2375
INFO:root:Epoch no. 248 of 500 (samples: 127298)
INFO:root:Loss: 1.0543 +/- 0.2745
INFO:root:Epoch no. 249 of 500 (samples: 127298)
INFO:root:Loss: 1.0191 +/- 0.1368
INFO:root:Epoch no. 250 of 500 (samples: 127298)
INFO:root:Loss: 1.1338 +/- 0.2633
INFO:root:Epoch no. 251 of 500 (samples: 127298)
INFO:root:Loss: 0.9358 +/- 0.2163
INFO:root:Epoch no. 252 of 500 (samples: 127298)
INFO:root:Loss: 1.0834 +/- 0.2401
INFO:root:Epoch no. 253 of 500 (samples: 127298)
INFO:root:Loss: 0.9404 +/- 0.2013
INFO:root:Epoch no. 254 of 500 (samples: 127298)
INFO:root:Loss: 0.9186 +/- 0.2142
INFO:root:Epoch no. 255 of 500 (samples: 127298)
INFO:root:Loss: 1.0358 +/- 0.288
INFO:root:Epoch no. 256 of 500 (samples: 127298)
INFO:root:Loss: 0.904 +/- 0.3359
INFO:root:Epoch no. 257 of 500 (samples: 127298)
INFO:root:Loss: 0.8511 +/- 0.4173
INFO:root:Epoch no. 258 of 500 (samples: 127298)
INFO:root:Loss: 0.802 +/- 0.1992
INFO:root:Epoch no. 259 of 500 (samples: 127298)
INFO:root:Loss: 1.0528 +/- 0.1083
INFO:root:Epoch no. 260 of 500 (samples: 127298)
INFO:root:Loss: 0.9608 +/- 0.2007
INFO:root:Epoch no. 261 of 500 (samples: 127298)
INFO:root:Loss: 1.016 +/- 0.2793
INFO:root:Epoch no. 262 of 500 (samples: 127298)
INFO:root:Loss: 0.9075 +/- 0.2489
INFO:root:Epoch no. 263 of 500 (samples: 127298)
INFO:root:Loss: 1.183 +/- 0.3429
INFO:root:Epoch no. 264 of 500 (samples: 127298)
INFO:root:Loss: 1.189 +/- 0.3071
INFO:root:Epoch no. 265 of 500 (samples: 127298)
INFO:root:Loss: 0.9435 +/- 0.2066
INFO:root:Epoch no. 266 of 500 (samples: 127298)
INFO:root:Loss: 0.9012 +/- 0.1935
INFO:root:Epoch no. 267 of 500 (samples: 127298)
INFO:root:Loss: 0.9748 +/- 0.3212
INFO:root:Epoch no. 268 of 500 (samples: 127298)
INFO:root:Loss: 1.0213 +/- 0.3063
INFO:root:Epoch no. 269 of 500 (samples: 127298)
INFO:root:Loss: 1.0137 +/- 0.1866
INFO:root:Epoch no. 270 of 500 (samples: 127298)
INFO:root:Loss: 1.1876 +/- 0.4116
INFO:root:Epoch no. 271 of 500 (samples: 127298)
INFO:root:Loss: 0.8901 +/- 0.1896
INFO:root:Epoch no. 272 of 500 (samples: 127298)
INFO:root:Loss: 1.1063 +/- 0.1805
INFO:root:Epoch no. 273 of 500 (samples: 127298)
INFO:root:Loss: 0.9006 +/- 0.253
INFO:root:Epoch no. 274 of 500 (samples: 127298)
INFO:root:Loss: 1.0569 +/- 0.3259
INFO:root:Epoch no. 275 of 500 (samples: 127298)
INFO:root:Loss: 0.9668 +/- 0.1674
INFO:root:Epoch no. 276 of 500 (samples: 127298)
INFO:root:Loss: 1.0956 +/- 0.3237
INFO:root:Epoch no. 277 of 500 (samples: 127298)
INFO:root:Loss: 0.8632 +/- 0.2346
INFO:root:Epoch no. 278 of 500 (samples: 127298)
INFO:root:Loss: 0.9211 +/- 0.2768
INFO:root:Epoch no. 279 of 500 (samples: 127298)
INFO:root:Loss: 0.8941 +/- 0.2245
INFO:root:Epoch no. 280 of 500 (samples: 127298)
INFO:root:Loss: 0.9878 +/- 0.3832
INFO:root:Epoch no. 281 of 500 (samples: 127298)
INFO:root:Loss: 0.8824 +/- 0.1917
INFO:root:Epoch no. 282 of 500 (samples: 127298)
INFO:root:Loss: 0.9552 +/- 0.3592
INFO:root:Epoch no. 283 of 500 (samples: 127298)
INFO:root:Loss: 1.117 +/- 0.2934
INFO:root:Epoch no. 284 of 500 (samples: 127298)
INFO:root:Loss: 1.0366 +/- 0.3534
INFO:root:Epoch no. 285 of 500 (samples: 127298)
INFO:root:Loss: 0.8728 +/- 0.3629
INFO:root:Epoch no. 286 of 500 (samples: 127298)
INFO:root:Loss: 1.038 +/- 0.182
INFO:root:Epoch no. 287 of 500 (samples: 127298)
INFO:root:Loss: 0.931 +/- 0.182
INFO:root:Epoch no. 288 of 500 (samples: 127298)
INFO:root:Loss: 1.0126 +/- 0.1511
INFO:root:Epoch no. 289 of 500 (samples: 127298)
INFO:root:Loss: 0.9928 +/- 0.3158
INFO:root:Epoch no. 290 of 500 (samples: 127298)
INFO:root:Loss: 1.0232 +/- 0.2927
INFO:root:Epoch no. 291 of 500 (samples: 127298)
INFO:root:Loss: 1.0457 +/- 0.2975
INFO:root:Epoch no. 292 of 500 (samples: 127298)
INFO:root:Loss: 0.9494 +/- 0.2308
INFO:root:Epoch no. 293 of 500 (samples: 127298)
INFO:root:Loss: 0.9827 +/- 0.2201
INFO:root:Epoch no. 294 of 500 (samples: 127298)
INFO:root:Loss: 1.0742 +/- 0.2085
INFO:root:Epoch no. 295 of 500 (samples: 127298)
INFO:root:Loss: 0.9973 +/- 0.2816
INFO:root:Epoch no. 296 of 500 (samples: 127298)
INFO:root:Loss: 0.8713 +/- 0.2483
INFO:root:Epoch no. 297 of 500 (samples: 127298)
INFO:root:Loss: 1.0055 +/- 0.1882
INFO:root:Epoch no. 298 of 500 (samples: 127298)
INFO:root:Loss: 1.1133 +/- 0.3757
INFO:root:Epoch no. 299 of 500 (samples: 127298)
INFO:root:Loss: 1.0765 +/- 0.3029
INFO:root:Epoch no. 300 of 500 (samples: 127298)
INFO:root:Loss: 1.0252 +/- 0.3557
INFO:root:Epoch no. 301 of 500 (samples: 127298)
INFO:root:Loss: 0.9252 +/- 0.2986
INFO:root:Epoch no. 302 of 500 (samples: 127298)
INFO:root:Loss: 1.0734 +/- 0.2302
INFO:root:Epoch no. 303 of 500 (samples: 127298)
INFO:root:Loss: 0.8553 +/- 0.1908
INFO:root:Epoch no. 304 of 500 (samples: 127298)
INFO:root:Loss: 0.9082 +/- 0.1735
INFO:root:Epoch no. 305 of 500 (samples: 127298)
INFO:root:Loss: 1.0241 +/- 0.3024
INFO:root:Epoch no. 306 of 500 (samples: 127298)
INFO:root:Loss: 0.8804 +/- 0.3098
INFO:root:Epoch no. 307 of 500 (samples: 127298)
INFO:root:Loss: 1.1463 +/- 0.2425
INFO:root:Epoch no. 308 of 500 (samples: 127298)
INFO:root:Loss: 1.059 +/- 0.35
INFO:root:Epoch no. 309 of 500 (samples: 127298)
INFO:root:Loss: 1.0983 +/- 0.3035
INFO:root:Epoch no. 310 of 500 (samples: 127298)
INFO:root:Loss: 1.0576 +/- 0.34
INFO:root:Epoch no. 311 of 500 (samples: 127298)
INFO:root:Loss: 0.9102 +/- 0.2664
INFO:root:Epoch no. 312 of 500 (samples: 127298)
INFO:root:Loss: 1.1481 +/- 0.4131
INFO:root:Epoch no. 313 of 500 (samples: 127298)
INFO:root:Loss: 1.0356 +/- 0.4356
INFO:root:Epoch no. 314 of 500 (samples: 127298)
INFO:root:Loss: 1.0478 +/- 0.3347
INFO:root:Epoch no. 315 of 500 (samples: 127298)
INFO:root:Loss: 1.0225 +/- 0.2582
INFO:root:Epoch no. 316 of 500 (samples: 127298)
INFO:root:Loss: 1.0036 +/- 0.2669
INFO:root:Epoch no. 317 of 500 (samples: 127298)
INFO:root:Loss: 0.9722 +/- 0.2146
INFO:root:Epoch no. 318 of 500 (samples: 127298)
INFO:root:Loss: 1.0346 +/- 0.2124
INFO:root:Epoch no. 319 of 500 (samples: 127298)
INFO:root:Loss: 1.0308 +/- 0.264
INFO:root:Epoch no. 320 of 500 (samples: 127298)
INFO:root:Loss: 0.9725 +/- 0.2088
INFO:root:Epoch no. 321 of 500 (samples: 127298)
INFO:root:Loss: 1.0908 +/- 0.195
INFO:root:Epoch no. 322 of 500 (samples: 127298)
INFO:root:Loss: 1.1455 +/- 0.3075
INFO:root:Epoch no. 323 of 500 (samples: 127298)
INFO:root:Loss: 0.8738 +/- 0.3451
INFO:root:Epoch no. 324 of 500 (samples: 127298)
INFO:root:Loss: 0.9958 +/- 0.3399
INFO:root:Epoch no. 325 of 500 (samples: 127298)
INFO:root:Loss: 1.0027 +/- 0.3089
INFO:root:Epoch no. 326 of 500 (samples: 127298)
INFO:root:Loss: 0.8543 +/- 0.3241
INFO:root:Epoch no. 327 of 500 (samples: 127298)
INFO:root:Loss: 0.9521 +/- 0.3002
INFO:root:Epoch no. 328 of 500 (samples: 127298)
INFO:root:Loss: 0.992 +/- 0.2653
INFO:root:Epoch no. 329 of 500 (samples: 127298)
INFO:root:Loss: 1.0677 +/- 0.4201
INFO:root:Epoch no. 330 of 500 (samples: 127298)
INFO:root:Loss: 1.2761 +/- 0.3476
INFO:root:Epoch no. 331 of 500 (samples: 127298)
INFO:root:Loss: 1.1073 +/- 0.2088
INFO:root:Epoch no. 332 of 500 (samples: 127298)
INFO:root:Loss: 0.9725 +/- 0.3223
INFO:root:Epoch no. 333 of 500 (samples: 127298)
INFO:root:Loss: 1.077 +/- 0.1736
INFO:root:Epoch no. 334 of 500 (samples: 127298)
INFO:root:Loss: 0.9639 +/- 0.248
INFO:root:Epoch no. 335 of 500 (samples: 127298)
INFO:root:Loss: 1.2327 +/- 0.2587
INFO:root:Epoch no. 336 of 500 (samples: 127298)
INFO:root:Loss: 0.9673 +/- 0.2525
INFO:root:Epoch no. 337 of 500 (samples: 127298)
INFO:root:Loss: 0.994 +/- 0.2154
INFO:root:Epoch no. 338 of 500 (samples: 127298)
INFO:root:Loss: 0.9843 +/- 0.2138
INFO:root:Epoch no. 339 of 500 (samples: 127298)
INFO:root:Loss: 0.8608 +/- 0.3031
INFO:root:Epoch no. 340 of 500 (samples: 127298)
INFO:root:Loss: 0.9037 +/- 0.1855
INFO:root:Epoch no. 341 of 500 (samples: 127298)
INFO:root:Loss: 1.0856 +/- 0.2923
INFO:root:Epoch no. 342 of 500 (samples: 127298)
INFO:root:Loss: 1.039 +/- 0.3056
INFO:root:Epoch no. 343 of 500 (samples: 127298)
INFO:root:Loss: 0.9467 +/- 0.3225
INFO:root:Epoch no. 344 of 500 (samples: 127298)
INFO:root:Loss: 1.0316 +/- 0.3093
INFO:root:Epoch no. 345 of 500 (samples: 127298)
INFO:root:Loss: 1.0118 +/- 0.2375
INFO:root:Epoch no. 346 of 500 (samples: 127298)
INFO:root:Loss: 1.0237 +/- 0.2563
INFO:root:Epoch no. 347 of 500 (samples: 127298)
INFO:root:Loss: 0.7472 +/- 0.1462
INFO:root:Epoch no. 348 of 500 (samples: 127298)
INFO:root:Loss: 1.0574 +/- 0.2253
INFO:root:Epoch no. 349 of 500 (samples: 127298)
INFO:root:Loss: 0.9152 +/- 0.2542
INFO:root:Epoch no. 350 of 500 (samples: 127298)
INFO:root:Loss: 0.9727 +/- 0.2584
INFO:root:Epoch no. 351 of 500 (samples: 127298)
INFO:root:Loss: 0.9852 +/- 0.2545
INFO:root:Epoch no. 352 of 500 (samples: 127298)
INFO:root:Loss: 0.9524 +/- 0.334
INFO:root:Epoch no. 353 of 500 (samples: 127298)
INFO:root:Loss: 0.9096 +/- 0.1878
INFO:root:Epoch no. 354 of 500 (samples: 127298)
INFO:root:Loss: 1.1528 +/- 0.2791
INFO:root:Epoch no. 355 of 500 (samples: 127298)
INFO:root:Loss: 1.0447 +/- 0.332
INFO:root:Epoch no. 356 of 500 (samples: 127298)
INFO:root:Loss: 1.0021 +/- 0.2428
INFO:root:Epoch no. 357 of 500 (samples: 127298)
INFO:root:Loss: 1.1016 +/- 0.2533
INFO:root:Epoch no. 358 of 500 (samples: 127298)
INFO:root:Loss: 0.9015 +/- 0.2928
INFO:root:Epoch no. 359 of 500 (samples: 127298)
INFO:root:Loss: 0.8039 +/- 0.2179
INFO:root:Epoch no. 360 of 500 (samples: 127298)
INFO:root:Loss: 0.9244 +/- 0.3338
INFO:root:Epoch no. 361 of 500 (samples: 127298)
INFO:root:Loss: 0.9315 +/- 0.3758
INFO:root:Epoch no. 362 of 500 (samples: 127298)
INFO:root:Loss: 0.8626 +/- 0.2289
INFO:root:Epoch no. 363 of 500 (samples: 127298)
INFO:root:Loss: 1.0439 +/- 0.3354
INFO:root:Epoch no. 364 of 500 (samples: 127298)
INFO:root:Loss: 0.832 +/- 0.1882
INFO:root:Epoch no. 365 of 500 (samples: 127298)
INFO:root:Loss: 0.9408 +/- 0.286
INFO:root:Epoch no. 366 of 500 (samples: 127298)
INFO:root:Loss: 1.2526 +/- 0.4398
INFO:root:Epoch no. 367 of 500 (samples: 127298)
INFO:root:Loss: 0.9804 +/- 0.3171
INFO:root:Epoch no. 368 of 500 (samples: 127298)
INFO:root:Loss: 0.8815 +/- 0.1855
INFO:root:Epoch no. 369 of 500 (samples: 127298)
INFO:root:Loss: 0.9386 +/- 0.2492
INFO:root:Epoch no. 370 of 500 (samples: 127298)
INFO:root:Loss: 1.0939 +/- 0.3232
INFO:root:Epoch no. 371 of 500 (samples: 127298)
INFO:root:Loss: 0.9928 +/- 0.3846
INFO:root:Epoch no. 372 of 500 (samples: 127298)
INFO:root:Loss: 0.9779 +/- 0.4372
INFO:root:Epoch no. 373 of 500 (samples: 127298)
INFO:root:Loss: 0.9236 +/- 0.131
INFO:root:Epoch no. 374 of 500 (samples: 127298)
INFO:root:Loss: 0.8083 +/- 0.1319
INFO:root:Epoch no. 375 of 500 (samples: 127298)
INFO:root:Loss: 0.9576 +/- 0.3557
INFO:root:Epoch no. 376 of 500 (samples: 127298)
INFO:root:Loss: 0.7908 +/- 0.1663
INFO:root:Epoch no. 377 of 500 (samples: 127298)
INFO:root:Loss: 0.9275 +/- 0.2408
INFO:root:Epoch no. 378 of 500 (samples: 127298)
INFO:root:Loss: 0.9132 +/- 0.2858
INFO:root:Epoch no. 379 of 500 (samples: 127298)
INFO:root:Loss: 0.9927 +/- 0.2373
INFO:root:Epoch no. 380 of 500 (samples: 127298)
INFO:root:Loss: 0.9118 +/- 0.2297
INFO:root:Epoch no. 381 of 500 (samples: 127298)
INFO:root:Loss: 0.9471 +/- 0.2083
INFO:root:Epoch no. 382 of 500 (samples: 127298)
INFO:root:Loss: 0.8636 +/- 0.3119
INFO:root:Epoch no. 383 of 500 (samples: 127298)
INFO:root:Loss: 0.9342 +/- 0.2921
INFO:root:Epoch no. 384 of 500 (samples: 127298)
INFO:root:Loss: 1.0055 +/- 0.1828
INFO:root:Epoch no. 385 of 500 (samples: 127298)
INFO:root:Loss: 1.0389 +/- 0.3871
INFO:root:Epoch no. 386 of 500 (samples: 127298)
INFO:root:Loss: 0.785 +/- 0.1667
INFO:root:Epoch no. 387 of 500 (samples: 127298)
INFO:root:Loss: 0.8205 +/- 0.1892
INFO:root:Epoch no. 388 of 500 (samples: 127298)
INFO:root:Loss: 0.9002 +/- 0.284
INFO:root:Epoch no. 389 of 500 (samples: 127298)
INFO:root:Loss: 1.0704 +/- 0.4366
INFO:root:Epoch no. 390 of 500 (samples: 127298)
INFO:root:Loss: 0.8744 +/- 0.1967
INFO:root:Epoch no. 391 of 500 (samples: 127298)
INFO:root:Loss: 1.0994 +/- 0.2349
INFO:root:Epoch no. 392 of 500 (samples: 127298)
INFO:root:Loss: 0.8666 +/- 0.2194
INFO:root:Epoch no. 393 of 500 (samples: 127298)
INFO:root:Loss: 0.9619 +/- 0.232
INFO:root:Epoch no. 394 of 500 (samples: 127298)
INFO:root:Loss: 1.0751 +/- 0.389
INFO:root:Epoch no. 395 of 500 (samples: 127298)
INFO:root:Loss: 0.9658 +/- 0.3433
INFO:root:Epoch no. 396 of 500 (samples: 127298)
INFO:root:Loss: 0.8398 +/- 0.3449
INFO:root:Epoch no. 397 of 500 (samples: 127298)
INFO:root:Loss: 0.8506 +/- 0.2903
INFO:root:Epoch no. 398 of 500 (samples: 127298)
INFO:root:Loss: 0.9649 +/- 0.2736
INFO:root:Epoch no. 399 of 500 (samples: 127298)
INFO:root:Loss: 0.8667 +/- 0.2391
INFO:root:Epoch no. 400 of 500 (samples: 127298)
INFO:root:Loss: 0.9646 +/- 0.2169
INFO:root:Epoch no. 401 of 500 (samples: 127298)
INFO:root:Loss: 1.0335 +/- 0.2631
INFO:root:Epoch no. 402 of 500 (samples: 127298)
INFO:root:Loss: 0.8654 +/- 0.2514
INFO:root:Epoch no. 403 of 500 (samples: 127298)
INFO:root:Loss: 0.9961 +/- 0.2403
INFO:root:Epoch no. 404 of 500 (samples: 127298)
INFO:root:Loss: 1.1904 +/- 0.3312
INFO:root:Epoch no. 405 of 500 (samples: 127298)
INFO:root:Loss: 1.0255 +/- 0.2789
INFO:root:Epoch no. 406 of 500 (samples: 127298)
INFO:root:Loss: 0.9804 +/- 0.243
INFO:root:Epoch no. 407 of 500 (samples: 127298)
INFO:root:Loss: 0.9627 +/- 0.2759
INFO:root:Epoch no. 408 of 500 (samples: 127298)
INFO:root:Loss: 0.8754 +/- 0.2314
INFO:root:Epoch no. 409 of 500 (samples: 127298)
INFO:root:Loss: 1.0175 +/- 0.3889
INFO:root:Epoch no. 410 of 500 (samples: 127298)
INFO:root:Loss: 0.8679 +/- 0.2639
INFO:root:Epoch no. 411 of 500 (samples: 127298)
INFO:root:Loss: 0.9393 +/- 0.1908
INFO:root:Epoch no. 412 of 500 (samples: 127298)
INFO:root:Loss: 0.886 +/- 0.2018
INFO:root:Epoch no. 413 of 500 (samples: 127298)
INFO:root:Loss: 1.1088 +/- 0.1922
INFO:root:Epoch no. 414 of 500 (samples: 127298)
INFO:root:Loss: 0.8427 +/- 0.209
INFO:root:Epoch no. 415 of 500 (samples: 127298)
INFO:root:Loss: 0.8849 +/- 0.2466
INFO:root:Epoch no. 416 of 500 (samples: 127298)
INFO:root:Loss: 0.8992 +/- 0.2582
INFO:root:Epoch no. 417 of 500 (samples: 127298)
INFO:root:Loss: 1.0646 +/- 0.2818
INFO:root:Epoch no. 418 of 500 (samples: 127298)
INFO:root:Loss: 1.0933 +/- 0.2235
INFO:root:Epoch no. 419 of 500 (samples: 127298)
INFO:root:Loss: 1.0144 +/- 0.394
INFO:root:Epoch no. 420 of 500 (samples: 127298)
INFO:root:Loss: 1.002 +/- 0.2239
INFO:root:Epoch no. 421 of 500 (samples: 127298)
INFO:root:Loss: 1.2052 +/- 0.2119
INFO:root:Epoch no. 422 of 500 (samples: 127298)
INFO:root:Loss: 1.1193 +/- 0.2604
INFO:root:Epoch no. 423 of 500 (samples: 127298)
INFO:root:Loss: 0.9816 +/- 0.3532
INFO:root:Epoch no. 424 of 500 (samples: 127298)
INFO:root:Loss: 0.933 +/- 0.1987
INFO:root:Epoch no. 425 of 500 (samples: 127298)
INFO:root:Loss: 0.9261 +/- 0.3118
INFO:root:Epoch no. 426 of 500 (samples: 127298)
INFO:root:Loss: 0.8583 +/- 0.2264
INFO:root:Epoch no. 427 of 500 (samples: 127298)
INFO:root:Loss: 0.7408 +/- 0.1754
INFO:root:Epoch no. 428 of 500 (samples: 127298)
INFO:root:Loss: 1.0503 +/- 0.3633
INFO:root:Epoch no. 429 of 500 (samples: 127298)
INFO:root:Loss: 0.9491 +/- 0.2687
INFO:root:Epoch no. 430 of 500 (samples: 127298)
INFO:root:Loss: 0.9025 +/- 0.3392
INFO:root:Epoch no. 431 of 500 (samples: 127298)
INFO:root:Loss: 0.9457 +/- 0.1618
INFO:root:Epoch no. 432 of 500 (samples: 127298)
INFO:root:Loss: 0.9836 +/- 0.2691
INFO:root:Epoch no. 433 of 500 (samples: 127298)
INFO:root:Loss: 0.9539 +/- 0.1731
INFO:root:Epoch no. 434 of 500 (samples: 127298)
INFO:root:Loss: 0.9019 +/- 0.3655
INFO:root:Epoch no. 435 of 500 (samples: 127298)
INFO:root:Loss: 0.9142 +/- 0.2303
INFO:root:Epoch no. 436 of 500 (samples: 127298)
INFO:root:Loss: 0.981 +/- 0.2253
INFO:root:Epoch no. 437 of 500 (samples: 127298)
INFO:root:Loss: 0.6981 +/- 0.1725
INFO:root:Epoch no. 438 of 500 (samples: 127298)
INFO:root:Loss: 0.9725 +/- 0.2892
INFO:root:Epoch no. 439 of 500 (samples: 127298)
INFO:root:Loss: 1.1027 +/- 0.1671
INFO:root:Epoch no. 440 of 500 (samples: 127298)
INFO:root:Loss: 0.8811 +/- 0.1874
INFO:root:Epoch no. 441 of 500 (samples: 127298)
INFO:root:Loss: 0.855 +/- 0.2761
INFO:root:Epoch no. 442 of 500 (samples: 127298)
INFO:root:Loss: 0.9786 +/- 0.2924
INFO:root:Epoch no. 443 of 500 (samples: 127298)
INFO:root:Loss: 1.0869 +/- 0.3191
INFO:root:Epoch no. 444 of 500 (samples: 127298)
INFO:root:Loss: 0.8531 +/- 0.2431
INFO:root:Epoch no. 445 of 500 (samples: 127298)
INFO:root:Loss: 0.9769 +/- 0.3818
INFO:root:Epoch no. 446 of 500 (samples: 127298)
INFO:root:Loss: 0.9093 +/- 0.2494
INFO:root:Epoch no. 447 of 500 (samples: 127298)
INFO:root:Loss: 0.8767 +/- 0.1952
INFO:root:Epoch no. 448 of 500 (samples: 127298)
INFO:root:Loss: 1.0338 +/- 0.4032
INFO:root:Epoch no. 449 of 500 (samples: 127298)
INFO:root:Loss: 0.919 +/- 0.1675
INFO:root:Epoch no. 450 of 500 (samples: 127298)
INFO:root:Loss: 0.8268 +/- 0.2597
INFO:root:Epoch no. 451 of 500 (samples: 127298)
INFO:root:Loss: 1.0017 +/- 0.3013
INFO:root:Epoch no. 452 of 500 (samples: 127298)
INFO:root:Loss: 0.8968 +/- 0.2209
INFO:root:Epoch no. 453 of 500 (samples: 127298)
INFO:root:Loss: 0.9606 +/- 0.1763
INFO:root:Epoch no. 454 of 500 (samples: 127298)
INFO:root:Loss: 0.9084 +/- 0.162
INFO:root:Epoch no. 455 of 500 (samples: 127298)
INFO:root:Loss: 0.8952 +/- 0.1863
INFO:root:Epoch no. 456 of 500 (samples: 127298)
INFO:root:Loss: 0.8714 +/- 0.2293
INFO:root:Epoch no. 457 of 500 (samples: 127298)
INFO:root:Loss: 1.0623 +/- 0.3537
INFO:root:Epoch no. 458 of 500 (samples: 127298)
INFO:root:Loss: 0.9687 +/- 0.2605
INFO:root:Epoch no. 459 of 500 (samples: 127298)
INFO:root:Loss: 1.0608 +/- 0.3239
INFO:root:Epoch no. 460 of 500 (samples: 127298)
INFO:root:Loss: 1.0198 +/- 0.2304
INFO:root:Epoch no. 461 of 500 (samples: 127298)
INFO:root:Loss: 1.084 +/- 0.3123
INFO:root:Epoch no. 462 of 500 (samples: 127298)
INFO:root:Loss: 0.8019 +/- 0.2411
INFO:root:Epoch no. 463 of 500 (samples: 127298)
INFO:root:Loss: 1.0018 +/- 0.2121
INFO:root:Epoch no. 464 of 500 (samples: 127298)
INFO:root:Loss: 1.0125 +/- 0.2218
INFO:root:Epoch no. 465 of 500 (samples: 127298)
INFO:root:Loss: 0.9259 +/- 0.2077
INFO:root:Epoch no. 466 of 500 (samples: 127298)
INFO:root:Loss: 0.8933 +/- 0.2456
INFO:root:Epoch no. 467 of 500 (samples: 127298)
INFO:root:Loss: 1.0291 +/- 0.3006
INFO:root:Epoch no. 468 of 500 (samples: 127298)
INFO:root:Loss: 0.8805 +/- 0.2476
INFO:root:Epoch no. 469 of 500 (samples: 127298)
INFO:root:Loss: 0.9059 +/- 0.3045
INFO:root:Epoch no. 470 of 500 (samples: 127298)
INFO:root:Loss: 0.8678 +/- 0.226
INFO:root:Epoch no. 471 of 500 (samples: 127298)
INFO:root:Loss: 0.9157 +/- 0.2064
INFO:root:Epoch no. 472 of 500 (samples: 127298)
INFO:root:Loss: 0.9497 +/- 0.1273
INFO:root:Epoch no. 473 of 500 (samples: 127298)
INFO:root:Loss: 1.0074 +/- 0.3727
INFO:root:Epoch no. 474 of 500 (samples: 127298)
INFO:root:Loss: 0.9791 +/- 0.2588
INFO:root:Epoch no. 475 of 500 (samples: 127298)
INFO:root:Loss: 1.0513 +/- 0.2816
INFO:root:Epoch no. 476 of 500 (samples: 127298)
INFO:root:Loss: 1.0026 +/- 0.2801
INFO:root:Epoch no. 477 of 500 (samples: 127298)
INFO:root:Loss: 0.9366 +/- 0.1554
INFO:root:Epoch no. 478 of 500 (samples: 127298)
INFO:root:Loss: 1.0074 +/- 0.2152
INFO:root:Epoch no. 479 of 500 (samples: 127298)
INFO:root:Loss: 0.9369 +/- 0.2143
INFO:root:Epoch no. 480 of 500 (samples: 127298)
INFO:root:Loss: 0.8183 +/- 0.2527
INFO:root:Epoch no. 481 of 500 (samples: 127298)
INFO:root:Loss: 0.9986 +/- 0.3959
INFO:root:Epoch no. 482 of 500 (samples: 127298)
INFO:root:Loss: 1.1093 +/- 0.3626
INFO:root:Epoch no. 483 of 500 (samples: 127298)
INFO:root:Loss: 1.0815 +/- 0.2731
INFO:root:Epoch no. 484 of 500 (samples: 127298)
INFO:root:Loss: 0.8778 +/- 0.2535
INFO:root:Epoch no. 485 of 500 (samples: 127298)
INFO:root:Loss: 0.8592 +/- 0.184
INFO:root:Epoch no. 486 of 500 (samples: 127298)
INFO:root:Loss: 0.8427 +/- 0.2542
INFO:root:Epoch no. 487 of 500 (samples: 127298)
INFO:root:Loss: 0.939 +/- 0.1537
INFO:root:Epoch no. 488 of 500 (samples: 127298)
INFO:root:Loss: 0.9667 +/- 0.2136
INFO:root:Epoch no. 489 of 500 (samples: 127298)
INFO:root:Loss: 0.9818 +/- 0.3402
INFO:root:Epoch no. 490 of 500 (samples: 127298)
INFO:root:Loss: 0.9512 +/- 0.2633
INFO:root:Epoch no. 491 of 500 (samples: 127298)
INFO:root:Loss: 0.8734 +/- 0.1948
INFO:root:Epoch no. 492 of 500 (samples: 127298)
INFO:root:Loss: 1.08 +/- 0.3146
INFO:root:Epoch no. 493 of 500 (samples: 127298)
INFO:root:Loss: 0.83 +/- 0.2168
INFO:root:Epoch no. 494 of 500 (samples: 127298)
INFO:root:Loss: 0.9449 +/- 0.2372
INFO:root:Epoch no. 495 of 500 (samples: 127298)
INFO:root:Loss: 0.8931 +/- 0.2915
INFO:root:Epoch no. 496 of 500 (samples: 127298)
INFO:root:Loss: 0.9958 +/- 0.3638
INFO:root:Epoch no. 497 of 500 (samples: 127298)
INFO:root:Loss: 0.8768 +/- 0.2487
INFO:root:Epoch no. 498 of 500 (samples: 127298)
INFO:root:Loss: 0.9141 +/- 0.3447
INFO:root:Epoch no. 499 of 500 (samples: 127298)
INFO:root:Loss: 0.8371 +/- 0.3114
INFO:root:Epoch no. 500 of 500 (samples: 127298)
INFO:root:Loss: 0.9427 +/- 0.2802
/usr/local/lib/python3.5/dist-packages/keras/backend/theano_backend.py:527: UserWarning: theano.function was asked to create a function computing outputs given certain inputs, but the provided input variable at index 2 is not part of the computational graph needed to compute the outputs: keras_learning_phase.
To make this warning into an error, you can pass the parameter on_unused_input='raise' to theano.function. To disable it completely, use on_unused_input='ignore'.
  **kwargs)
INFO:root:### MICRO (validation raw):
INFO:root:	-- left   >> mean: 1156.5074, median: 3.0, mrr: 0.299, hits@1: 3.9%
INFO:root:	-- right  >> mean: 1253.1482, median: 3.0, mrr: 0.297, hits@1: 3.88%
INFO:root:	-- global >> mean: 1204.8278, median: 3.0, mrr: 0.298, hits@1: 3.89%
INFO:root:### MICRO (validation raw):
INFO:root:	-- left   >> mean: 1156.5074, median: 3.0, mrr: 0.299, hits@3: 50.88%
INFO:root:	-- right  >> mean: 1253.1482, median: 3.0, mrr: 0.297, hits@3: 50.36%
INFO:root:	-- global >> mean: 1204.8278, median: 3.0, mrr: 0.298, hits@3: 50.62%
INFO:root:### MICRO (validation raw):
INFO:root:	-- left   >> mean: 1156.5074, median: 3.0, mrr: 0.299, hits@5: 62.44%
INFO:root:	-- right  >> mean: 1253.1482, median: 3.0, mrr: 0.297, hits@5: 61.8%
INFO:root:	-- global >> mean: 1204.8278, median: 3.0, mrr: 0.298, hits@5: 62.12%
INFO:root:### MICRO (validation raw):
INFO:root:	-- left   >> mean: 1156.5074, median: 3.0, mrr: 0.299, hits@10: 72.76%
INFO:root:	-- right  >> mean: 1253.1482, median: 3.0, mrr: 0.297, hits@10: 72.66%
INFO:root:	-- global >> mean: 1204.8278, median: 3.0, mrr: 0.298, hits@10: 72.71%
INFO:root:### MICRO (validation filtered):
INFO:root:	-- left   >> mean: 1145.5302, median: 2.0, mrr: 0.366, hits@1: 5.26%
INFO:root:	-- right  >> mean: 1241.8702, median: 2.0, mrr: 0.368, hits@1: 5.66%
INFO:root:	-- global >> mean: 1193.7002, median: 2.0, mrr: 0.367, hits@1: 5.46%
INFO:root:### MICRO (validation filtered):
INFO:root:	-- left   >> mean: 1145.5302, median: 2.0, mrr: 0.366, hits@3: 65.82%
INFO:root:	-- right  >> mean: 1241.8702, median: 2.0, mrr: 0.368, hits@3: 65.56%
INFO:root:	-- global >> mean: 1193.7002, median: 2.0, mrr: 0.367, hits@3: 65.69%
INFO:root:### MICRO (validation filtered):
INFO:root:	-- left   >> mean: 1145.5302, median: 2.0, mrr: 0.366, hits@5: 75.72%
INFO:root:	-- right  >> mean: 1241.8702, median: 2.0, mrr: 0.368, hits@5: 75.52%
INFO:root:	-- global >> mean: 1193.7002, median: 2.0, mrr: 0.367, hits@5: 75.62%
INFO:root:### MICRO (validation filtered):
INFO:root:	-- left   >> mean: 1145.5302, median: 2.0, mrr: 0.366, hits@10: 82.18%
INFO:root:	-- right  >> mean: 1241.8702, median: 2.0, mrr: 0.368, hits@10: 82.1%
INFO:root:	-- global >> mean: 1193.7002, median: 2.0, mrr: 0.367, hits@10: 82.14%
INFO:root:### MICRO (test raw):
INFO:root:	-- left   >> mean: 1151.2566, median: 4.0, mrr: 0.294, hits@1: 3.38%
INFO:root:	-- right  >> mean: 1131.1758, median: 3.0, mrr: 0.301, hits@1: 3.72%
INFO:root:	-- global >> mean: 1141.2162, median: 3.0, mrr: 0.297, hits@1: 3.55%
INFO:root:### MICRO (test raw):
INFO:root:	-- left   >> mean: 1151.2566, median: 4.0, mrr: 0.294, hits@3: 49.32%
INFO:root:	-- right  >> mean: 1131.1758, median: 3.0, mrr: 0.301, hits@3: 51.14%
INFO:root:	-- global >> mean: 1141.2162, median: 3.0, mrr: 0.297, hits@3: 50.23%
INFO:root:### MICRO (test raw):
INFO:root:	-- left   >> mean: 1151.2566, median: 4.0, mrr: 0.294, hits@5: 61.8%
INFO:root:	-- right  >> mean: 1131.1758, median: 3.0, mrr: 0.301, hits@5: 63.48%
INFO:root:	-- global >> mean: 1141.2162, median: 3.0, mrr: 0.297, hits@5: 62.64%
INFO:root:### MICRO (test raw):
INFO:root:	-- left   >> mean: 1151.2566, median: 4.0, mrr: 0.294, hits@10: 73.14%
INFO:root:	-- right  >> mean: 1131.1758, median: 3.0, mrr: 0.301, hits@10: 73.6%
INFO:root:	-- global >> mean: 1141.2162, median: 3.0, mrr: 0.297, hits@10: 73.37%
INFO:root:### MICRO (test filtered):
INFO:root:	-- left   >> mean: 1139.978, median: 2.0, mrr: 0.366, hits@1: 5.16%
INFO:root:	-- right  >> mean: 1120.45, median: 2.0, mrr: 0.37, hits@1: 5.3%
INFO:root:	-- global >> mean: 1130.214, median: 2.0, mrr: 0.368, hits@1: 5.23%
INFO:root:### MICRO (test filtered):
INFO:root:	-- left   >> mean: 1139.978, median: 2.0, mrr: 0.366, hits@3: 65.66%
INFO:root:	-- right  >> mean: 1120.45, median: 2.0, mrr: 0.37, hits@3: 66.66%
INFO:root:	-- global >> mean: 1130.214, median: 2.0, mrr: 0.368, hits@3: 66.16%
INFO:root:### MICRO (test filtered):
INFO:root:	-- left   >> mean: 1139.978, median: 2.0, mrr: 0.366, hits@5: 75.94%
INFO:root:	-- right  >> mean: 1120.45, median: 2.0, mrr: 0.37, hits@5: 76.4%
INFO:root:	-- global >> mean: 1130.214, median: 2.0, mrr: 0.368, hits@5: 76.17%
INFO:root:### MICRO (test filtered):
INFO:root:	-- left   >> mean: 1139.978, median: 2.0, mrr: 0.366, hits@10: 82.6%
INFO:root:	-- right  >> mean: 1120.45, median: 2.0, mrr: 0.37, hits@10: 82.86%
INFO:root:	-- global >> mean: 1130.214, median: 2.0, mrr: 0.368, hits@10: 82.73%
