Using Theano backend.
Using gpu device 0: GeForce GTX TITAN X (CNMeM is disabled, cuDNN not available)
INFO:root:Acquiring data/wn18/wordnet-mlj12-train.txt ..
INFO:root:Acquiring data/wn18/wordnet-mlj12-valid.txt ..
INFO:root:Acquiring data/wn18/wordnet-mlj12-test.txt ..
INFO:root:[Rules] Adding Head: 15, Tail: [(10, True)]
INFO:root:[Rules] Adding Head: 12, Tail: [(17, True)]
INFO:root:[Rules] Adding Head: 4, Tail: [(5, True)]
INFO:root:[Rules] Adding Head: 13, Tail: [(3, True)]
INFO:root:[Rules] Adding Head: 5, Tail: [(4, True)]
INFO:root:[Rules] Adding Head: 16, Tail: [(11, True)]
INFO:root:[Rules] Adding Head: 17, Tail: [(12, True)]
INFO:root:[Rules] Adding Head: 11, Tail: [(16, True)]
INFO:root:[Rules] Adding Head: 8, Tail: [(9, True)]
INFO:root:[Rules] Adding Head: 2, Tail: [(2, True)]
INFO:root:Samples: 70721, no. batches: 10 -> batch size: 7073
INFO:root:Epoch no. 1 of 500 (samples: 70721)
INFO:root:Loss: 1282.7321 +/- 112.5444
INFO:root:Epoch no. 2 of 500 (samples: 70721)
INFO:root:Loss: 1046.3442 +/- 5.1128
INFO:root:Epoch no. 3 of 500 (samples: 70721)
INFO:root:Loss: 946.5667 +/- 12.5575
INFO:root:Epoch no. 4 of 500 (samples: 70721)
INFO:root:Loss: 888.0342 +/- 15.0962
INFO:root:Epoch no. 5 of 500 (samples: 70721)
INFO:root:Loss: 846.9709 +/- 15.0319
INFO:root:Epoch no. 6 of 500 (samples: 70721)
INFO:root:Loss: 814.5431 +/- 15.6767
INFO:root:Epoch no. 7 of 500 (samples: 70721)
INFO:root:Loss: 788.1766 +/- 15.6127
INFO:root:Epoch no. 8 of 500 (samples: 70721)
INFO:root:Loss: 765.5694 +/- 15.7055
INFO:root:Epoch no. 9 of 500 (samples: 70721)
INFO:root:Loss: 746.0389 +/- 13.0559
INFO:root:Epoch no. 10 of 500 (samples: 70721)
INFO:root:Loss: 729.5184 +/- 13.3625
INFO:root:Epoch no. 11 of 500 (samples: 70721)
INFO:root:Loss: 714.2972 +/- 13.2907
INFO:root:Epoch no. 12 of 500 (samples: 70721)
INFO:root:Loss: 701.8515 +/- 11.8972
INFO:root:Epoch no. 13 of 500 (samples: 70721)
INFO:root:Loss: 691.0341 +/- 12.551
INFO:root:Epoch no. 14 of 500 (samples: 70721)
INFO:root:Loss: 681.764 +/- 12.1371
INFO:root:Epoch no. 15 of 500 (samples: 70721)
INFO:root:Loss: 672.5737 +/- 11.7815
INFO:root:Epoch no. 16 of 500 (samples: 70721)
INFO:root:Loss: 665.4534 +/- 10.9432
INFO:root:Epoch no. 17 of 500 (samples: 70721)
INFO:root:Loss: 658.5327 +/- 10.7494
INFO:root:Epoch no. 18 of 500 (samples: 70721)
INFO:root:Loss: 651.533 +/- 10.5831
INFO:root:Epoch no. 19 of 500 (samples: 70721)
INFO:root:Loss: 646.2954 +/- 10.9254
INFO:root:Epoch no. 20 of 500 (samples: 70721)
INFO:root:Loss: 641.2196 +/- 10.2897
INFO:root:Epoch no. 21 of 500 (samples: 70721)
INFO:root:Loss: 636.8638 +/- 10.0382
INFO:root:Epoch no. 22 of 500 (samples: 70721)
INFO:root:Loss: 632.606 +/- 9.3879
INFO:root:Epoch no. 23 of 500 (samples: 70721)
INFO:root:Loss: 628.3803 +/- 10.8587
INFO:root:Epoch no. 24 of 500 (samples: 70721)
INFO:root:Loss: 624.5884 +/- 10.5459
INFO:root:Epoch no. 25 of 500 (samples: 70721)
INFO:root:Loss: 620.3985 +/- 9.3248
INFO:root:Epoch no. 26 of 500 (samples: 70721)
INFO:root:Loss: 616.9434 +/- 7.7763
INFO:root:Epoch no. 27 of 500 (samples: 70721)
INFO:root:Loss: 614.6273 +/- 9.4563
INFO:root:Epoch no. 28 of 500 (samples: 70721)
INFO:root:Loss: 611.5931 +/- 7.5943
INFO:root:Epoch no. 29 of 500 (samples: 70721)
INFO:root:Loss: 609.1398 +/- 8.0319
INFO:root:Epoch no. 30 of 500 (samples: 70721)
INFO:root:Loss: 606.9421 +/- 7.4464
INFO:root:Epoch no. 31 of 500 (samples: 70721)
INFO:root:Loss: 604.7481 +/- 8.8432
INFO:root:Epoch no. 32 of 500 (samples: 70721)
INFO:root:Loss: 601.9009 +/- 7.501
INFO:root:Epoch no. 33 of 500 (samples: 70721)
INFO:root:Loss: 598.977 +/- 7.332
INFO:root:Epoch no. 34 of 500 (samples: 70721)
INFO:root:Loss: 598.1513 +/- 8.518
INFO:root:Epoch no. 35 of 500 (samples: 70721)
INFO:root:Loss: 595.9937 +/- 8.2954
INFO:root:Epoch no. 36 of 500 (samples: 70721)
INFO:root:Loss: 594.9147 +/- 6.6695
INFO:root:Epoch no. 37 of 500 (samples: 70721)
INFO:root:Loss: 593.3585 +/- 7.2509
INFO:root:Epoch no. 38 of 500 (samples: 70721)
INFO:root:Loss: 591.153 +/- 7.0502
INFO:root:Epoch no. 39 of 500 (samples: 70721)
INFO:root:Loss: 589.4557 +/- 7.6024
INFO:root:Epoch no. 40 of 500 (samples: 70721)
INFO:root:Loss: 588.0859 +/- 7.374
INFO:root:Epoch no. 41 of 500 (samples: 70721)
INFO:root:Loss: 586.8586 +/- 6.5056
INFO:root:Epoch no. 42 of 500 (samples: 70721)
INFO:root:Loss: 584.6606 +/- 6.5857
INFO:root:Epoch no. 43 of 500 (samples: 70721)
INFO:root:Loss: 583.6678 +/- 6.965
INFO:root:Epoch no. 44 of 500 (samples: 70721)
INFO:root:Loss: 582.19 +/- 6.5809
INFO:root:Epoch no. 45 of 500 (samples: 70721)
INFO:root:Loss: 581.147 +/- 5.448
INFO:root:Epoch no. 46 of 500 (samples: 70721)
INFO:root:Loss: 579.5351 +/- 6.7325
INFO:root:Epoch no. 47 of 500 (samples: 70721)
INFO:root:Loss: 578.3126 +/- 7.3725
INFO:root:Epoch no. 48 of 500 (samples: 70721)
INFO:root:Loss: 577.7624 +/- 6.8004
INFO:root:Epoch no. 49 of 500 (samples: 70721)
INFO:root:Loss: 576.5386 +/- 7.3872
INFO:root:Epoch no. 50 of 500 (samples: 70721)
INFO:root:Loss: 575.8764 +/- 7.5511
INFO:root:Epoch no. 51 of 500 (samples: 70721)
INFO:root:Loss: 574.6545 +/- 8.1694
INFO:root:Epoch no. 52 of 500 (samples: 70721)
INFO:root:Loss: 573.6429 +/- 6.2369
INFO:root:Epoch no. 53 of 500 (samples: 70721)
INFO:root:Loss: 572.993 +/- 6.3963
INFO:root:Epoch no. 54 of 500 (samples: 70721)
INFO:root:Loss: 571.3641 +/- 6.1862
INFO:root:Epoch no. 55 of 500 (samples: 70721)
INFO:root:Loss: 571.1083 +/- 5.8531
INFO:root:Epoch no. 56 of 500 (samples: 70721)
INFO:root:Loss: 570.4227 +/- 5.2669
INFO:root:Epoch no. 57 of 500 (samples: 70721)
INFO:root:Loss: 568.9232 +/- 6.7186
INFO:root:Epoch no. 58 of 500 (samples: 70721)
INFO:root:Loss: 567.832 +/- 6.1397
INFO:root:Epoch no. 59 of 500 (samples: 70721)
INFO:root:Loss: 567.0216 +/- 7.6928
INFO:root:Epoch no. 60 of 500 (samples: 70721)
INFO:root:Loss: 566.5906 +/- 5.5239
INFO:root:Epoch no. 61 of 500 (samples: 70721)
INFO:root:Loss: 566.1581 +/- 5.4891
INFO:root:Epoch no. 62 of 500 (samples: 70721)
INFO:root:Loss: 565.2567 +/- 5.1396
INFO:root:Epoch no. 63 of 500 (samples: 70721)
INFO:root:Loss: 563.9022 +/- 6.6183
INFO:root:Epoch no. 64 of 500 (samples: 70721)
INFO:root:Loss: 563.5359 +/- 7.3284
INFO:root:Epoch no. 65 of 500 (samples: 70721)
INFO:root:Loss: 562.9157 +/- 5.9604
INFO:root:Epoch no. 66 of 500 (samples: 70721)
INFO:root:Loss: 562.074 +/- 6.3638
INFO:root:Epoch no. 67 of 500 (samples: 70721)
INFO:root:Loss: 562.1016 +/- 6.0954
INFO:root:Epoch no. 68 of 500 (samples: 70721)
INFO:root:Loss: 561.4453 +/- 4.9496
INFO:root:Epoch no. 69 of 500 (samples: 70721)
INFO:root:Loss: 560.0648 +/- 5.0361
INFO:root:Epoch no. 70 of 500 (samples: 70721)
INFO:root:Loss: 560.0871 +/- 4.9566
INFO:root:Epoch no. 71 of 500 (samples: 70721)
INFO:root:Loss: 559.205 +/- 5.7623
INFO:root:Epoch no. 72 of 500 (samples: 70721)
INFO:root:Loss: 558.5437 +/- 6.848
INFO:root:Epoch no. 73 of 500 (samples: 70721)
INFO:root:Loss: 557.6786 +/- 5.1217
INFO:root:Epoch no. 74 of 500 (samples: 70721)
INFO:root:Loss: 558.0529 +/- 5.3852
INFO:root:Epoch no. 75 of 500 (samples: 70721)
INFO:root:Loss: 557.4417 +/- 5.1475
INFO:root:Epoch no. 76 of 500 (samples: 70721)
INFO:root:Loss: 556.5359 +/- 5.3669
INFO:root:Epoch no. 77 of 500 (samples: 70721)
INFO:root:Loss: 556.3048 +/- 5.4898
INFO:root:Epoch no. 78 of 500 (samples: 70721)
INFO:root:Loss: 555.9465 +/- 4.7409
INFO:root:Epoch no. 79 of 500 (samples: 70721)
INFO:root:Loss: 555.1602 +/- 4.4752
INFO:root:Epoch no. 80 of 500 (samples: 70721)
INFO:root:Loss: 554.5114 +/- 5.5567
INFO:root:Epoch no. 81 of 500 (samples: 70721)
INFO:root:Loss: 554.5067 +/- 5.1813
INFO:root:Epoch no. 82 of 500 (samples: 70721)
INFO:root:Loss: 553.7836 +/- 6.5108
INFO:root:Epoch no. 83 of 500 (samples: 70721)
INFO:root:Loss: 553.3578 +/- 6.416
INFO:root:Epoch no. 84 of 500 (samples: 70721)
INFO:root:Loss: 553.1496 +/- 4.8733
INFO:root:Epoch no. 85 of 500 (samples: 70721)
INFO:root:Loss: 552.4212 +/- 4.2543
INFO:root:Epoch no. 86 of 500 (samples: 70721)
INFO:root:Loss: 551.6036 +/- 4.9531
INFO:root:Epoch no. 87 of 500 (samples: 70721)
INFO:root:Loss: 551.6463 +/- 5.251
INFO:root:Epoch no. 88 of 500 (samples: 70721)
INFO:root:Loss: 551.228 +/- 5.9323
INFO:root:Epoch no. 89 of 500 (samples: 70721)
INFO:root:Loss: 551.0893 +/- 4.9009
INFO:root:Epoch no. 90 of 500 (samples: 70721)
INFO:root:Loss: 551.1406 +/- 5.3524
INFO:root:Epoch no. 91 of 500 (samples: 70721)
INFO:root:Loss: 549.9565 +/- 4.554
INFO:root:Epoch no. 92 of 500 (samples: 70721)
INFO:root:Loss: 549.2979 +/- 5.2261
INFO:root:Epoch no. 93 of 500 (samples: 70721)
INFO:root:Loss: 549.1116 +/- 4.2504
INFO:root:Epoch no. 94 of 500 (samples: 70721)
INFO:root:Loss: 548.8865 +/- 4.8698
INFO:root:Epoch no. 95 of 500 (samples: 70721)
INFO:root:Loss: 548.2364 +/- 4.5793
INFO:root:Epoch no. 96 of 500 (samples: 70721)
INFO:root:Loss: 548.1864 +/- 4.8575
INFO:root:Epoch no. 97 of 500 (samples: 70721)
INFO:root:Loss: 547.5621 +/- 4.1499
INFO:root:Epoch no. 98 of 500 (samples: 70721)
INFO:root:Loss: 546.7192 +/- 5.3121
INFO:root:Epoch no. 99 of 500 (samples: 70721)
INFO:root:Loss: 546.6977 +/- 4.5003
INFO:root:Epoch no. 100 of 500 (samples: 70721)
INFO:root:Loss: 546.6908 +/- 5.9064
INFO:root:Epoch no. 101 of 500 (samples: 70721)
INFO:root:Loss: 545.5416 +/- 5.5152
INFO:root:Epoch no. 102 of 500 (samples: 70721)
INFO:root:Loss: 545.7363 +/- 4.8539
INFO:root:Epoch no. 103 of 500 (samples: 70721)
INFO:root:Loss: 545.5452 +/- 3.742
INFO:root:Epoch no. 104 of 500 (samples: 70721)
INFO:root:Loss: 545.9007 +/- 4.7058
INFO:root:Epoch no. 105 of 500 (samples: 70721)
INFO:root:Loss: 544.7065 +/- 4.6853
INFO:root:Epoch no. 106 of 500 (samples: 70721)
INFO:root:Loss: 544.6543 +/- 4.927
INFO:root:Epoch no. 107 of 500 (samples: 70721)
INFO:root:Loss: 544.1076 +/- 3.4998
INFO:root:Epoch no. 108 of 500 (samples: 70721)
INFO:root:Loss: 543.5467 +/- 5.2666
INFO:root:Epoch no. 109 of 500 (samples: 70721)
INFO:root:Loss: 544.8776 +/- 5.1708
INFO:root:Epoch no. 110 of 500 (samples: 70721)
INFO:root:Loss: 542.9545 +/- 4.5658
INFO:root:Epoch no. 111 of 500 (samples: 70721)
INFO:root:Loss: 543.0971 +/- 4.7175
INFO:root:Epoch no. 112 of 500 (samples: 70721)
INFO:root:Loss: 542.7355 +/- 5.0071
INFO:root:Epoch no. 113 of 500 (samples: 70721)
INFO:root:Loss: 542.1739 +/- 4.8395
INFO:root:Epoch no. 114 of 500 (samples: 70721)
INFO:root:Loss: 542.1884 +/- 5.9924
INFO:root:Epoch no. 115 of 500 (samples: 70721)
INFO:root:Loss: 541.5747 +/- 4.0887
INFO:root:Epoch no. 116 of 500 (samples: 70721)
INFO:root:Loss: 541.3067 +/- 5.2583
INFO:root:Epoch no. 117 of 500 (samples: 70721)
INFO:root:Loss: 541.0444 +/- 4.4236
INFO:root:Epoch no. 118 of 500 (samples: 70721)
INFO:root:Loss: 540.9402 +/- 3.1632
INFO:root:Epoch no. 119 of 500 (samples: 70721)
INFO:root:Loss: 541.0794 +/- 5.7217
INFO:root:Epoch no. 120 of 500 (samples: 70721)
INFO:root:Loss: 540.5981 +/- 4.8452
INFO:root:Epoch no. 121 of 500 (samples: 70721)
INFO:root:Loss: 540.2086 +/- 3.493
INFO:root:Epoch no. 122 of 500 (samples: 70721)
INFO:root:Loss: 539.8952 +/- 4.2764
INFO:root:Epoch no. 123 of 500 (samples: 70721)
INFO:root:Loss: 540.3006 +/- 5.4138
INFO:root:Epoch no. 124 of 500 (samples: 70721)
INFO:root:Loss: 539.769 +/- 3.1093
INFO:root:Epoch no. 125 of 500 (samples: 70721)
INFO:root:Loss: 539.7157 +/- 3.9202
INFO:root:Epoch no. 126 of 500 (samples: 70721)
INFO:root:Loss: 538.9356 +/- 3.4615
INFO:root:Epoch no. 127 of 500 (samples: 70721)
INFO:root:Loss: 539.2024 +/- 3.5238
INFO:root:Epoch no. 128 of 500 (samples: 70721)
INFO:root:Loss: 538.1034 +/- 4.5911
INFO:root:Epoch no. 129 of 500 (samples: 70721)
INFO:root:Loss: 539.1458 +/- 4.0327
INFO:root:Epoch no. 130 of 500 (samples: 70721)
INFO:root:Loss: 538.2681 +/- 4.7009
INFO:root:Epoch no. 131 of 500 (samples: 70721)
INFO:root:Loss: 537.8361 +/- 5.3085
INFO:root:Epoch no. 132 of 500 (samples: 70721)
INFO:root:Loss: 537.4699 +/- 3.5027
INFO:root:Epoch no. 133 of 500 (samples: 70721)
INFO:root:Loss: 537.907 +/- 4.9846
INFO:root:Epoch no. 134 of 500 (samples: 70721)
INFO:root:Loss: 537.1169 +/- 4.4858
INFO:root:Epoch no. 135 of 500 (samples: 70721)
INFO:root:Loss: 536.381 +/- 4.9084
INFO:root:Epoch no. 136 of 500 (samples: 70721)
INFO:root:Loss: 537.0115 +/- 3.8115
INFO:root:Epoch no. 137 of 500 (samples: 70721)
INFO:root:Loss: 536.4627 +/- 3.2069
INFO:root:Epoch no. 138 of 500 (samples: 70721)
INFO:root:Loss: 536.5024 +/- 3.8271
INFO:root:Epoch no. 139 of 500 (samples: 70721)
INFO:root:Loss: 536.6174 +/- 4.3532
INFO:root:Epoch no. 140 of 500 (samples: 70721)
INFO:root:Loss: 535.7103 +/- 2.7911
INFO:root:Epoch no. 141 of 500 (samples: 70721)
INFO:root:Loss: 535.2651 +/- 4.3458
INFO:root:Epoch no. 142 of 500 (samples: 70721)
INFO:root:Loss: 535.4554 +/- 4.9031
INFO:root:Epoch no. 143 of 500 (samples: 70721)
INFO:root:Loss: 535.1632 +/- 4.2572
INFO:root:Epoch no. 144 of 500 (samples: 70721)
INFO:root:Loss: 535.257 +/- 5.6187
INFO:root:Epoch no. 145 of 500 (samples: 70721)
INFO:root:Loss: 535.7578 +/- 3.8474
INFO:root:Epoch no. 146 of 500 (samples: 70721)
INFO:root:Loss: 534.7386 +/- 4.3024
INFO:root:Epoch no. 147 of 500 (samples: 70721)
INFO:root:Loss: 535.6492 +/- 5.5195
INFO:root:Epoch no. 148 of 500 (samples: 70721)
INFO:root:Loss: 534.629 +/- 3.7934
INFO:root:Epoch no. 149 of 500 (samples: 70721)
INFO:root:Loss: 534.9764 +/- 3.9566
INFO:root:Epoch no. 150 of 500 (samples: 70721)
INFO:root:Loss: 533.5493 +/- 3.324
INFO:root:Epoch no. 151 of 500 (samples: 70721)
INFO:root:Loss: 533.9072 +/- 3.816
INFO:root:Epoch no. 152 of 500 (samples: 70721)
INFO:root:Loss: 533.8214 +/- 4.3103
INFO:root:Epoch no. 153 of 500 (samples: 70721)
INFO:root:Loss: 533.276 +/- 4.1118
INFO:root:Epoch no. 154 of 500 (samples: 70721)
INFO:root:Loss: 533.2844 +/- 5.2805
INFO:root:Epoch no. 155 of 500 (samples: 70721)
INFO:root:Loss: 533.1826 +/- 5.2154
INFO:root:Epoch no. 156 of 500 (samples: 70721)
INFO:root:Loss: 533.1868 +/- 4.1729
INFO:root:Epoch no. 157 of 500 (samples: 70721)
INFO:root:Loss: 532.4267 +/- 4.4406
INFO:root:Epoch no. 158 of 500 (samples: 70721)
INFO:root:Loss: 533.4266 +/- 4.2781
INFO:root:Epoch no. 159 of 500 (samples: 70721)
INFO:root:Loss: 532.3932 +/- 5.9261
INFO:root:Epoch no. 160 of 500 (samples: 70721)
INFO:root:Loss: 531.8576 +/- 3.947
INFO:root:Epoch no. 161 of 500 (samples: 70721)
INFO:root:Loss: 532.6665 +/- 4.2656
INFO:root:Epoch no. 162 of 500 (samples: 70721)
INFO:root:Loss: 532.4259 +/- 4.422
INFO:root:Epoch no. 163 of 500 (samples: 70721)
INFO:root:Loss: 532.1368 +/- 4.0249
INFO:root:Epoch no. 164 of 500 (samples: 70721)
INFO:root:Loss: 531.961 +/- 4.0883
INFO:root:Epoch no. 165 of 500 (samples: 70721)
INFO:root:Loss: 531.7683 +/- 4.6643
INFO:root:Epoch no. 166 of 500 (samples: 70721)
INFO:root:Loss: 531.0803 +/- 4.3342
INFO:root:Epoch no. 167 of 500 (samples: 70721)
INFO:root:Loss: 531.0186 +/- 3.6356
INFO:root:Epoch no. 168 of 500 (samples: 70721)
INFO:root:Loss: 531.1683 +/- 4.5107
INFO:root:Epoch no. 169 of 500 (samples: 70721)
INFO:root:Loss: 531.6906 +/- 3.1382
INFO:root:Epoch no. 170 of 500 (samples: 70721)
INFO:root:Loss: 530.4235 +/- 4.2474
INFO:root:Epoch no. 171 of 500 (samples: 70721)
INFO:root:Loss: 529.8793 +/- 4.5055
INFO:root:Epoch no. 172 of 500 (samples: 70721)
INFO:root:Loss: 530.2413 +/- 4.2149
INFO:root:Epoch no. 173 of 500 (samples: 70721)
INFO:root:Loss: 530.4018 +/- 2.6901
INFO:root:Epoch no. 174 of 500 (samples: 70721)
INFO:root:Loss: 530.4449 +/- 4.2199
INFO:root:Epoch no. 175 of 500 (samples: 70721)
INFO:root:Loss: 529.7823 +/- 4.2743
INFO:root:Epoch no. 176 of 500 (samples: 70721)
INFO:root:Loss: 529.8294 +/- 3.9942
INFO:root:Epoch no. 177 of 500 (samples: 70721)
INFO:root:Loss: 529.5091 +/- 4.7548
INFO:root:Epoch no. 178 of 500 (samples: 70721)
INFO:root:Loss: 529.4104 +/- 4.1356
INFO:root:Epoch no. 179 of 500 (samples: 70721)
INFO:root:Loss: 529.4427 +/- 5.1563
INFO:root:Epoch no. 180 of 500 (samples: 70721)
INFO:root:Loss: 530.1505 +/- 4.3469
INFO:root:Epoch no. 181 of 500 (samples: 70721)
INFO:root:Loss: 528.8753 +/- 3.8976
INFO:root:Epoch no. 182 of 500 (samples: 70721)
INFO:root:Loss: 529.6441 +/- 3.8012
INFO:root:Epoch no. 183 of 500 (samples: 70721)
INFO:root:Loss: 528.4959 +/- 4.9645
INFO:root:Epoch no. 184 of 500 (samples: 70721)
INFO:root:Loss: 528.777 +/- 3.983
INFO:root:Epoch no. 185 of 500 (samples: 70721)
INFO:root:Loss: 528.6791 +/- 4.8024
INFO:root:Epoch no. 186 of 500 (samples: 70721)
INFO:root:Loss: 528.9631 +/- 3.3604
INFO:root:Epoch no. 187 of 500 (samples: 70721)
INFO:root:Loss: 527.9688 +/- 4.5518
INFO:root:Epoch no. 188 of 500 (samples: 70721)
INFO:root:Loss: 527.4067 +/- 3.9826
INFO:root:Epoch no. 189 of 500 (samples: 70721)
INFO:root:Loss: 528.6457 +/- 3.7442
INFO:root:Epoch no. 190 of 500 (samples: 70721)
INFO:root:Loss: 528.0403 +/- 3.2142
INFO:root:Epoch no. 191 of 500 (samples: 70721)
INFO:root:Loss: 527.928 +/- 3.2732
INFO:root:Epoch no. 192 of 500 (samples: 70721)
INFO:root:Loss: 527.4145 +/- 5.2169
INFO:root:Epoch no. 193 of 500 (samples: 70721)
INFO:root:Loss: 527.3023 +/- 4.3346
INFO:root:Epoch no. 194 of 500 (samples: 70721)
INFO:root:Loss: 527.2591 +/- 4.5596
INFO:root:Epoch no. 195 of 500 (samples: 70721)
INFO:root:Loss: 526.8862 +/- 2.8865
INFO:root:Epoch no. 196 of 500 (samples: 70721)
INFO:root:Loss: 526.4134 +/- 4.095
INFO:root:Epoch no. 197 of 500 (samples: 70721)
INFO:root:Loss: 527.0858 +/- 4.3623
INFO:root:Epoch no. 198 of 500 (samples: 70721)
INFO:root:Loss: 526.9714 +/- 5.0372
INFO:root:Epoch no. 199 of 500 (samples: 70721)
INFO:root:Loss: 527.24 +/- 4.5081
INFO:root:Epoch no. 200 of 500 (samples: 70721)
INFO:root:Loss: 526.3246 +/- 3.3803
INFO:root:Epoch no. 201 of 500 (samples: 70721)
INFO:root:Loss: 526.5258 +/- 2.8109
INFO:root:Epoch no. 202 of 500 (samples: 70721)
INFO:root:Loss: 525.931 +/- 4.0388
INFO:root:Epoch no. 203 of 500 (samples: 70721)
INFO:root:Loss: 526.1875 +/- 3.4807
INFO:root:Epoch no. 204 of 500 (samples: 70721)
INFO:root:Loss: 527.0183 +/- 3.0938
INFO:root:Epoch no. 205 of 500 (samples: 70721)
INFO:root:Loss: 526.7082 +/- 4.7412
INFO:root:Epoch no. 206 of 500 (samples: 70721)
INFO:root:Loss: 526.1154 +/- 3.5605
INFO:root:Epoch no. 207 of 500 (samples: 70721)
INFO:root:Loss: 526.0771 +/- 3.5194
INFO:root:Epoch no. 208 of 500 (samples: 70721)
INFO:root:Loss: 525.6027 +/- 3.3124
INFO:root:Epoch no. 209 of 500 (samples: 70721)
INFO:root:Loss: 525.9047 +/- 4.5815
INFO:root:Epoch no. 210 of 500 (samples: 70721)
INFO:root:Loss: 525.6272 +/- 3.5376
INFO:root:Epoch no. 211 of 500 (samples: 70721)
INFO:root:Loss: 525.4758 +/- 3.9849
INFO:root:Epoch no. 212 of 500 (samples: 70721)
INFO:root:Loss: 525.716 +/- 3.2053
INFO:root:Epoch no. 213 of 500 (samples: 70721)
INFO:root:Loss: 524.6975 +/- 4.6849
INFO:root:Epoch no. 214 of 500 (samples: 70721)
INFO:root:Loss: 524.156 +/- 3.4661
INFO:root:Epoch no. 215 of 500 (samples: 70721)
INFO:root:Loss: 524.847 +/- 3.9129
INFO:root:Epoch no. 216 of 500 (samples: 70721)
INFO:root:Loss: 525.3221 +/- 4.0499
INFO:root:Epoch no. 217 of 500 (samples: 70721)
INFO:root:Loss: 525.2311 +/- 4.2642
INFO:root:Epoch no. 218 of 500 (samples: 70721)
INFO:root:Loss: 523.9934 +/- 3.4033
INFO:root:Epoch no. 219 of 500 (samples: 70721)
INFO:root:Loss: 525.0543 +/- 3.6884
INFO:root:Epoch no. 220 of 500 (samples: 70721)
INFO:root:Loss: 524.4374 +/- 4.4462
INFO:root:Epoch no. 221 of 500 (samples: 70721)
INFO:root:Loss: 524.1845 +/- 3.5412
INFO:root:Epoch no. 222 of 500 (samples: 70721)
INFO:root:Loss: 524.3616 +/- 3.6077
INFO:root:Epoch no. 223 of 500 (samples: 70721)
INFO:root:Loss: 524.8179 +/- 4.5366
INFO:root:Epoch no. 224 of 500 (samples: 70721)
INFO:root:Loss: 524.6492 +/- 5.0053
INFO:root:Epoch no. 225 of 500 (samples: 70721)
INFO:root:Loss: 523.8277 +/- 4.394
INFO:root:Epoch no. 226 of 500 (samples: 70721)
INFO:root:Loss: 524.1299 +/- 3.5854
INFO:root:Epoch no. 227 of 500 (samples: 70721)
INFO:root:Loss: 523.3133 +/- 4.1302
INFO:root:Epoch no. 228 of 500 (samples: 70721)
INFO:root:Loss: 523.4149 +/- 3.6149
INFO:root:Epoch no. 229 of 500 (samples: 70721)
INFO:root:Loss: 523.3413 +/- 3.3166
INFO:root:Epoch no. 230 of 500 (samples: 70721)
INFO:root:Loss: 524.144 +/- 3.4672
INFO:root:Epoch no. 231 of 500 (samples: 70721)
INFO:root:Loss: 523.12 +/- 4.2872
INFO:root:Epoch no. 232 of 500 (samples: 70721)
INFO:root:Loss: 522.7362 +/- 2.8069
INFO:root:Epoch no. 233 of 500 (samples: 70721)
INFO:root:Loss: 522.7161 +/- 4.6291
INFO:root:Epoch no. 234 of 500 (samples: 70721)
INFO:root:Loss: 522.7248 +/- 3.428
INFO:root:Epoch no. 235 of 500 (samples: 70721)
INFO:root:Loss: 523.3931 +/- 4.2351
INFO:root:Epoch no. 236 of 500 (samples: 70721)
INFO:root:Loss: 522.3941 +/- 4.6473
INFO:root:Epoch no. 237 of 500 (samples: 70721)
INFO:root:Loss: 522.425 +/- 4.1698
INFO:root:Epoch no. 238 of 500 (samples: 70721)
INFO:root:Loss: 522.3784 +/- 4.6175
INFO:root:Epoch no. 239 of 500 (samples: 70721)
INFO:root:Loss: 522.1381 +/- 4.4407
INFO:root:Epoch no. 240 of 500 (samples: 70721)
INFO:root:Loss: 522.4854 +/- 4.706
INFO:root:Epoch no. 241 of 500 (samples: 70721)
INFO:root:Loss: 522.932 +/- 4.1374
INFO:root:Epoch no. 242 of 500 (samples: 70721)
INFO:root:Loss: 522.0308 +/- 4.4198
INFO:root:Epoch no. 243 of 500 (samples: 70721)
INFO:root:Loss: 521.8566 +/- 3.6746
INFO:root:Epoch no. 244 of 500 (samples: 70721)
INFO:root:Loss: 521.9056 +/- 2.9783
INFO:root:Epoch no. 245 of 500 (samples: 70721)
INFO:root:Loss: 521.5573 +/- 3.2871
INFO:root:Epoch no. 246 of 500 (samples: 70721)
INFO:root:Loss: 522.3997 +/- 4.1721
INFO:root:Epoch no. 247 of 500 (samples: 70721)
INFO:root:Loss: 521.7842 +/- 2.9548
INFO:root:Epoch no. 248 of 500 (samples: 70721)
INFO:root:Loss: 521.2932 +/- 5.1091
INFO:root:Epoch no. 249 of 500 (samples: 70721)
INFO:root:Loss: 521.9001 +/- 3.1206
INFO:root:Epoch no. 250 of 500 (samples: 70721)
INFO:root:Loss: 522.1429 +/- 4.0339
INFO:root:Epoch no. 251 of 500 (samples: 70721)
INFO:root:Loss: 521.5406 +/- 3.3939
INFO:root:Epoch no. 252 of 500 (samples: 70721)
INFO:root:Loss: 521.1279 +/- 3.0321
INFO:root:Epoch no. 253 of 500 (samples: 70721)
INFO:root:Loss: 521.7238 +/- 2.4809
INFO:root:Epoch no. 254 of 500 (samples: 70721)
INFO:root:Loss: 520.9786 +/- 4.2153
INFO:root:Epoch no. 255 of 500 (samples: 70721)
INFO:root:Loss: 521.573 +/- 2.896
INFO:root:Epoch no. 256 of 500 (samples: 70721)
INFO:root:Loss: 520.99 +/- 3.8875
INFO:root:Epoch no. 257 of 500 (samples: 70721)
INFO:root:Loss: 521.5669 +/- 3.4679
INFO:root:Epoch no. 258 of 500 (samples: 70721)
INFO:root:Loss: 520.6136 +/- 2.9085
INFO:root:Epoch no. 259 of 500 (samples: 70721)
INFO:root:Loss: 521.1899 +/- 3.0042
INFO:root:Epoch no. 260 of 500 (samples: 70721)
INFO:root:Loss: 520.8591 +/- 3.4482
INFO:root:Epoch no. 261 of 500 (samples: 70721)
INFO:root:Loss: 520.4245 +/- 3.9402
INFO:root:Epoch no. 262 of 500 (samples: 70721)
INFO:root:Loss: 520.9718 +/- 3.2331
INFO:root:Epoch no. 263 of 500 (samples: 70721)
INFO:root:Loss: 521.2869 +/- 3.1053
INFO:root:Epoch no. 264 of 500 (samples: 70721)
INFO:root:Loss: 519.99 +/- 4.8906
INFO:root:Epoch no. 265 of 500 (samples: 70721)
INFO:root:Loss: 520.2259 +/- 4.0082
INFO:root:Epoch no. 266 of 500 (samples: 70721)
INFO:root:Loss: 520.0902 +/- 3.7074
INFO:root:Epoch no. 267 of 500 (samples: 70721)
INFO:root:Loss: 520.8135 +/- 2.351
INFO:root:Epoch no. 268 of 500 (samples: 70721)
INFO:root:Loss: 520.5266 +/- 4.413
INFO:root:Epoch no. 269 of 500 (samples: 70721)
INFO:root:Loss: 519.5612 +/- 3.1163
INFO:root:Epoch no. 270 of 500 (samples: 70721)
INFO:root:Loss: 520.0754 +/- 3.5114
INFO:root:Epoch no. 271 of 500 (samples: 70721)
INFO:root:Loss: 519.8692 +/- 3.7769
INFO:root:Epoch no. 272 of 500 (samples: 70721)
INFO:root:Loss: 520.2554 +/- 4.0935
INFO:root:Epoch no. 273 of 500 (samples: 70721)
INFO:root:Loss: 519.6648 +/- 3.583
INFO:root:Epoch no. 274 of 500 (samples: 70721)
INFO:root:Loss: 519.6126 +/- 2.8034
INFO:root:Epoch no. 275 of 500 (samples: 70721)
INFO:root:Loss: 519.7155 +/- 4.2392
INFO:root:Epoch no. 276 of 500 (samples: 70721)
INFO:root:Loss: 519.2565 +/- 2.7333
INFO:root:Epoch no. 277 of 500 (samples: 70721)
INFO:root:Loss: 519.6664 +/- 5.1287
INFO:root:Epoch no. 278 of 500 (samples: 70721)
INFO:root:Loss: 518.9128 +/- 2.8877
INFO:root:Epoch no. 279 of 500 (samples: 70721)
INFO:root:Loss: 520.1435 +/- 4.4346
INFO:root:Epoch no. 280 of 500 (samples: 70721)
INFO:root:Loss: 519.2299 +/- 2.5036
INFO:root:Epoch no. 281 of 500 (samples: 70721)
INFO:root:Loss: 518.3312 +/- 3.7713
INFO:root:Epoch no. 282 of 500 (samples: 70721)
INFO:root:Loss: 519.0874 +/- 4.2207
INFO:root:Epoch no. 283 of 500 (samples: 70721)
INFO:root:Loss: 518.8629 +/- 3.0288
INFO:root:Epoch no. 284 of 500 (samples: 70721)
INFO:root:Loss: 519.7211 +/- 4.7858
INFO:root:Epoch no. 285 of 500 (samples: 70721)
INFO:root:Loss: 519.1111 +/- 2.9648
INFO:root:Epoch no. 286 of 500 (samples: 70721)
INFO:root:Loss: 519.146 +/- 3.2424
INFO:root:Epoch no. 287 of 500 (samples: 70721)
INFO:root:Loss: 518.4964 +/- 3.8421
INFO:root:Epoch no. 288 of 500 (samples: 70721)
INFO:root:Loss: 518.265 +/- 4.0029
INFO:root:Epoch no. 289 of 500 (samples: 70721)
INFO:root:Loss: 519.4964 +/- 3.8748
INFO:root:Epoch no. 290 of 500 (samples: 70721)
INFO:root:Loss: 518.858 +/- 2.9435
INFO:root:Epoch no. 291 of 500 (samples: 70721)
INFO:root:Loss: 518.7651 +/- 2.521
INFO:root:Epoch no. 292 of 500 (samples: 70721)
INFO:root:Loss: 517.8166 +/- 2.9272
INFO:root:Epoch no. 293 of 500 (samples: 70721)
INFO:root:Loss: 518.1275 +/- 4.0242
INFO:root:Epoch no. 294 of 500 (samples: 70721)
INFO:root:Loss: 519.0287 +/- 1.9434
INFO:root:Epoch no. 295 of 500 (samples: 70721)
INFO:root:Loss: 517.8686 +/- 4.14
INFO:root:Epoch no. 296 of 500 (samples: 70721)
INFO:root:Loss: 517.9882 +/- 4.4947
INFO:root:Epoch no. 297 of 500 (samples: 70721)
INFO:root:Loss: 518.1733 +/- 2.2612
INFO:root:Epoch no. 298 of 500 (samples: 70721)
INFO:root:Loss: 518.3044 +/- 3.7258
INFO:root:Epoch no. 299 of 500 (samples: 70721)
INFO:root:Loss: 517.9948 +/- 3.146
INFO:root:Epoch no. 300 of 500 (samples: 70721)
INFO:root:Loss: 518.7038 +/- 3.0939
INFO:root:Epoch no. 301 of 500 (samples: 70721)
INFO:root:Loss: 518.2707 +/- 3.2765
INFO:root:Epoch no. 302 of 500 (samples: 70721)
INFO:root:Loss: 517.7535 +/- 2.6533
INFO:root:Epoch no. 303 of 500 (samples: 70721)
INFO:root:Loss: 517.6535 +/- 3.2978
INFO:root:Epoch no. 304 of 500 (samples: 70721)
INFO:root:Loss: 516.6941 +/- 2.5041
INFO:root:Epoch no. 305 of 500 (samples: 70721)
INFO:root:Loss: 517.142 +/- 3.6225
INFO:root:Epoch no. 306 of 500 (samples: 70721)
INFO:root:Loss: 517.518 +/- 3.2929
INFO:root:Epoch no. 307 of 500 (samples: 70721)
INFO:root:Loss: 518.1801 +/- 2.979
INFO:root:Epoch no. 308 of 500 (samples: 70721)
INFO:root:Loss: 517.7762 +/- 3.6474
INFO:root:Epoch no. 309 of 500 (samples: 70721)
INFO:root:Loss: 517.136 +/- 3.8838
INFO:root:Epoch no. 310 of 500 (samples: 70721)
INFO:root:Loss: 517.9494 +/- 3.0315
INFO:root:Epoch no. 311 of 500 (samples: 70721)
INFO:root:Loss: 516.9182 +/- 4.1414
INFO:root:Epoch no. 312 of 500 (samples: 70721)
INFO:root:Loss: 516.9295 +/- 3.9289
INFO:root:Epoch no. 313 of 500 (samples: 70721)
INFO:root:Loss: 516.298 +/- 2.9801
INFO:root:Epoch no. 314 of 500 (samples: 70721)
INFO:root:Loss: 517.2569 +/- 3.9123
INFO:root:Epoch no. 315 of 500 (samples: 70721)
INFO:root:Loss: 517.7002 +/- 3.5512
INFO:root:Epoch no. 316 of 500 (samples: 70721)
INFO:root:Loss: 516.3758 +/- 3.1294
INFO:root:Epoch no. 317 of 500 (samples: 70721)
INFO:root:Loss: 516.8678 +/- 2.2162
INFO:root:Epoch no. 318 of 500 (samples: 70721)
INFO:root:Loss: 516.7676 +/- 2.4077
INFO:root:Epoch no. 319 of 500 (samples: 70721)
INFO:root:Loss: 517.2894 +/- 3.2963
INFO:root:Epoch no. 320 of 500 (samples: 70721)
INFO:root:Loss: 516.4537 +/- 3.2175
INFO:root:Epoch no. 321 of 500 (samples: 70721)
INFO:root:Loss: 517.0691 +/- 3.8413
INFO:root:Epoch no. 322 of 500 (samples: 70721)
INFO:root:Loss: 516.669 +/- 3.4808
INFO:root:Epoch no. 323 of 500 (samples: 70721)
INFO:root:Loss: 517.2508 +/- 3.2873
INFO:root:Epoch no. 324 of 500 (samples: 70721)
INFO:root:Loss: 516.8574 +/- 3.4958
INFO:root:Epoch no. 325 of 500 (samples: 70721)
INFO:root:Loss: 515.9686 +/- 3.5941
INFO:root:Epoch no. 326 of 500 (samples: 70721)
INFO:root:Loss: 517.7878 +/- 2.821
INFO:root:Epoch no. 327 of 500 (samples: 70721)
INFO:root:Loss: 516.0434 +/- 3.0384
INFO:root:Epoch no. 328 of 500 (samples: 70721)
INFO:root:Loss: 516.8329 +/- 2.8147
INFO:root:Epoch no. 329 of 500 (samples: 70721)
INFO:root:Loss: 517.0129 +/- 3.3055
INFO:root:Epoch no. 330 of 500 (samples: 70721)
INFO:root:Loss: 516.1184 +/- 2.358
INFO:root:Epoch no. 331 of 500 (samples: 70721)
INFO:root:Loss: 516.18 +/- 2.709
INFO:root:Epoch no. 332 of 500 (samples: 70721)
INFO:root:Loss: 515.9954 +/- 3.6308
INFO:root:Epoch no. 333 of 500 (samples: 70721)
INFO:root:Loss: 516.0105 +/- 2.9429
INFO:root:Epoch no. 334 of 500 (samples: 70721)
INFO:root:Loss: 516.2 +/- 3.5737
INFO:root:Epoch no. 335 of 500 (samples: 70721)
INFO:root:Loss: 515.3317 +/- 3.8109
INFO:root:Epoch no. 336 of 500 (samples: 70721)
INFO:root:Loss: 515.5142 +/- 3.6892
INFO:root:Epoch no. 337 of 500 (samples: 70721)
INFO:root:Loss: 515.7023 +/- 2.8601
INFO:root:Epoch no. 338 of 500 (samples: 70721)
INFO:root:Loss: 515.582 +/- 3.5877
INFO:root:Epoch no. 339 of 500 (samples: 70721)
INFO:root:Loss: 515.5167 +/- 2.8605
INFO:root:Epoch no. 340 of 500 (samples: 70721)
INFO:root:Loss: 515.0132 +/- 2.8981
INFO:root:Epoch no. 341 of 500 (samples: 70721)
INFO:root:Loss: 515.7234 +/- 3.5891
INFO:root:Epoch no. 342 of 500 (samples: 70721)
INFO:root:Loss: 515.4578 +/- 3.7205
INFO:root:Epoch no. 343 of 500 (samples: 70721)
INFO:root:Loss: 515.4037 +/- 3.546
INFO:root:Epoch no. 344 of 500 (samples: 70721)
INFO:root:Loss: 516.0555 +/- 3.3118
INFO:root:Epoch no. 345 of 500 (samples: 70721)
INFO:root:Loss: 514.9978 +/- 2.1434
INFO:root:Epoch no. 346 of 500 (samples: 70721)
INFO:root:Loss: 516.242 +/- 3.3848
INFO:root:Epoch no. 347 of 500 (samples: 70721)
INFO:root:Loss: 515.0969 +/- 1.489
INFO:root:Epoch no. 348 of 500 (samples: 70721)
INFO:root:Loss: 515.7412 +/- 2.7665
INFO:root:Epoch no. 349 of 500 (samples: 70721)
INFO:root:Loss: 514.7481 +/- 4.2001
INFO:root:Epoch no. 350 of 500 (samples: 70721)
INFO:root:Loss: 515.5759 +/- 3.0754
INFO:root:Epoch no. 351 of 500 (samples: 70721)
INFO:root:Loss: 515.4492 +/- 3.5116
INFO:root:Epoch no. 352 of 500 (samples: 70721)
INFO:root:Loss: 515.0854 +/- 2.8353
INFO:root:Epoch no. 353 of 500 (samples: 70721)
INFO:root:Loss: 515.3539 +/- 3.1237
INFO:root:Epoch no. 354 of 500 (samples: 70721)
INFO:root:Loss: 515.7023 +/- 2.882
INFO:root:Epoch no. 355 of 500 (samples: 70721)
INFO:root:Loss: 515.2494 +/- 3.6909
INFO:root:Epoch no. 356 of 500 (samples: 70721)
INFO:root:Loss: 514.9375 +/- 3.5152
INFO:root:Epoch no. 357 of 500 (samples: 70721)
INFO:root:Loss: 514.2309 +/- 2.4663
INFO:root:Epoch no. 358 of 500 (samples: 70721)
INFO:root:Loss: 514.8656 +/- 2.8792
INFO:root:Epoch no. 359 of 500 (samples: 70721)
INFO:root:Loss: 515.4762 +/- 2.9974
INFO:root:Epoch no. 360 of 500 (samples: 70721)
INFO:root:Loss: 514.9282 +/- 3.7247
INFO:root:Epoch no. 361 of 500 (samples: 70721)
INFO:root:Loss: 514.661 +/- 3.7449
INFO:root:Epoch no. 362 of 500 (samples: 70721)
INFO:root:Loss: 514.4298 +/- 3.8926
INFO:root:Epoch no. 363 of 500 (samples: 70721)
INFO:root:Loss: 514.2065 +/- 3.2562
INFO:root:Epoch no. 364 of 500 (samples: 70721)
INFO:root:Loss: 513.8157 +/- 2.756
INFO:root:Epoch no. 365 of 500 (samples: 70721)
INFO:root:Loss: 514.9983 +/- 1.825
INFO:root:Epoch no. 366 of 500 (samples: 70721)
INFO:root:Loss: 514.9086 +/- 3.4238
INFO:root:Epoch no. 367 of 500 (samples: 70721)
INFO:root:Loss: 514.5532 +/- 3.189
INFO:root:Epoch no. 368 of 500 (samples: 70721)
INFO:root:Loss: 514.2538 +/- 2.7474
INFO:root:Epoch no. 369 of 500 (samples: 70721)
INFO:root:Loss: 514.8295 +/- 3.4035
INFO:root:Epoch no. 370 of 500 (samples: 70721)
INFO:root:Loss: 513.9012 +/- 3.5887
INFO:root:Epoch no. 371 of 500 (samples: 70721)
INFO:root:Loss: 513.578 +/- 3.8594
INFO:root:Epoch no. 372 of 500 (samples: 70721)
INFO:root:Loss: 514.6182 +/- 2.7719
INFO:root:Epoch no. 373 of 500 (samples: 70721)
INFO:root:Loss: 514.783 +/- 2.6022
INFO:root:Epoch no. 374 of 500 (samples: 70721)
INFO:root:Loss: 513.9456 +/- 3.3615
INFO:root:Epoch no. 375 of 500 (samples: 70721)
INFO:root:Loss: 514.9386 +/- 4.1618
INFO:root:Epoch no. 376 of 500 (samples: 70721)
INFO:root:Loss: 514.408 +/- 2.9999
INFO:root:Epoch no. 377 of 500 (samples: 70721)
INFO:root:Loss: 514.3053 +/- 3.4076
INFO:root:Epoch no. 378 of 500 (samples: 70721)
INFO:root:Loss: 513.4246 +/- 4.191
INFO:root:Epoch no. 379 of 500 (samples: 70721)
INFO:root:Loss: 514.4235 +/- 1.8098
INFO:root:Epoch no. 380 of 500 (samples: 70721)
INFO:root:Loss: 514.1031 +/- 3.3456
INFO:root:Epoch no. 381 of 500 (samples: 70721)
INFO:root:Loss: 513.845 +/- 3.4818
INFO:root:Epoch no. 382 of 500 (samples: 70721)
INFO:root:Loss: 513.5519 +/- 2.228
INFO:root:Epoch no. 383 of 500 (samples: 70721)
INFO:root:Loss: 514.2034 +/- 2.4466
INFO:root:Epoch no. 384 of 500 (samples: 70721)
INFO:root:Loss: 514.1248 +/- 3.9583
INFO:root:Epoch no. 385 of 500 (samples: 70721)
INFO:root:Loss: 513.0561 +/- 3.3254
INFO:root:Epoch no. 386 of 500 (samples: 70721)
INFO:root:Loss: 513.0646 +/- 2.7217
INFO:root:Epoch no. 387 of 500 (samples: 70721)
INFO:root:Loss: 513.5548 +/- 2.9813
INFO:root:Epoch no. 388 of 500 (samples: 70721)
INFO:root:Loss: 513.5001 +/- 3.1402
INFO:root:Epoch no. 389 of 500 (samples: 70721)
INFO:root:Loss: 514.0617 +/- 3.7439
INFO:root:Epoch no. 390 of 500 (samples: 70721)
INFO:root:Loss: 514.0471 +/- 2.9479
INFO:root:Epoch no. 391 of 500 (samples: 70721)
INFO:root:Loss: 513.2603 +/- 3.6249
INFO:root:Epoch no. 392 of 500 (samples: 70721)
INFO:root:Loss: 513.5842 +/- 3.2226
INFO:root:Epoch no. 393 of 500 (samples: 70721)
INFO:root:Loss: 513.5829 +/- 4.0759
INFO:root:Epoch no. 394 of 500 (samples: 70721)
INFO:root:Loss: 513.3277 +/- 1.7775
INFO:root:Epoch no. 395 of 500 (samples: 70721)
INFO:root:Loss: 513.5984 +/- 2.2536
INFO:root:Epoch no. 396 of 500 (samples: 70721)
INFO:root:Loss: 513.3415 +/- 1.929
INFO:root:Epoch no. 397 of 500 (samples: 70721)
INFO:root:Loss: 513.5253 +/- 4.1647
INFO:root:Epoch no. 398 of 500 (samples: 70721)
INFO:root:Loss: 513.5316 +/- 3.2743
INFO:root:Epoch no. 399 of 500 (samples: 70721)
INFO:root:Loss: 513.1428 +/- 3.4627
INFO:root:Epoch no. 400 of 500 (samples: 70721)
INFO:root:Loss: 513.2324 +/- 1.6381
INFO:root:Epoch no. 401 of 500 (samples: 70721)
INFO:root:Loss: 512.9833 +/- 2.8538
INFO:root:Epoch no. 402 of 500 (samples: 70721)
INFO:root:Loss: 512.7485 +/- 5.1438
INFO:root:Epoch no. 403 of 500 (samples: 70721)
INFO:root:Loss: 512.7088 +/- 3.1533
INFO:root:Epoch no. 404 of 500 (samples: 70721)
INFO:root:Loss: 513.5484 +/- 2.7181
INFO:root:Epoch no. 405 of 500 (samples: 70721)
INFO:root:Loss: 512.3247 +/- 3.5494
INFO:root:Epoch no. 406 of 500 (samples: 70721)
INFO:root:Loss: 512.9562 +/- 3.1687
INFO:root:Epoch no. 407 of 500 (samples: 70721)
INFO:root:Loss: 513.2492 +/- 3.4583
INFO:root:Epoch no. 408 of 500 (samples: 70721)
INFO:root:Loss: 512.5478 +/- 3.7788
INFO:root:Epoch no. 409 of 500 (samples: 70721)
INFO:root:Loss: 512.8405 +/- 4.5803
INFO:root:Epoch no. 410 of 500 (samples: 70721)
INFO:root:Loss: 512.5029 +/- 2.9225
INFO:root:Epoch no. 411 of 500 (samples: 70721)
INFO:root:Loss: 512.6238 +/- 2.8854
INFO:root:Epoch no. 412 of 500 (samples: 70721)
INFO:root:Loss: 512.8519 +/- 1.9819
INFO:root:Epoch no. 413 of 500 (samples: 70721)
INFO:root:Loss: 513.5129 +/- 3.5759
INFO:root:Epoch no. 414 of 500 (samples: 70721)
INFO:root:Loss: 512.9356 +/- 3.9149
INFO:root:Epoch no. 415 of 500 (samples: 70721)
INFO:root:Loss: 512.207 +/- 4.0425
INFO:root:Epoch no. 416 of 500 (samples: 70721)
INFO:root:Loss: 512.9809 +/- 2.8435
INFO:root:Epoch no. 417 of 500 (samples: 70721)
INFO:root:Loss: 512.916 +/- 3.2029
INFO:root:Epoch no. 418 of 500 (samples: 70721)
INFO:root:Loss: 512.3645 +/- 3.3096
INFO:root:Epoch no. 419 of 500 (samples: 70721)
INFO:root:Loss: 512.3256 +/- 3.6921
INFO:root:Epoch no. 420 of 500 (samples: 70721)
INFO:root:Loss: 512.5054 +/- 3.137
INFO:root:Epoch no. 421 of 500 (samples: 70721)
INFO:root:Loss: 512.5185 +/- 4.3838
INFO:root:Epoch no. 422 of 500 (samples: 70721)
INFO:root:Loss: 512.2617 +/- 2.596
INFO:root:Epoch no. 423 of 500 (samples: 70721)
INFO:root:Loss: 511.4101 +/- 4.1915
INFO:root:Epoch no. 424 of 500 (samples: 70721)
INFO:root:Loss: 512.5068 +/- 2.2899
INFO:root:Epoch no. 425 of 500 (samples: 70721)
INFO:root:Loss: 513.1467 +/- 2.6301
INFO:root:Epoch no. 426 of 500 (samples: 70721)
INFO:root:Loss: 511.635 +/- 2.3196
INFO:root:Epoch no. 427 of 500 (samples: 70721)
INFO:root:Loss: 510.7719 +/- 2.5124
INFO:root:Epoch no. 428 of 500 (samples: 70721)
INFO:root:Loss: 511.7904 +/- 3.1475
INFO:root:Epoch no. 429 of 500 (samples: 70721)
INFO:root:Loss: 511.1218 +/- 2.6708
INFO:root:Epoch no. 430 of 500 (samples: 70721)
INFO:root:Loss: 512.4975 +/- 2.8458
INFO:root:Epoch no. 431 of 500 (samples: 70721)
INFO:root:Loss: 512.5952 +/- 3.0498
INFO:root:Epoch no. 432 of 500 (samples: 70721)
INFO:root:Loss: 511.6247 +/- 3.9239
INFO:root:Epoch no. 433 of 500 (samples: 70721)
INFO:root:Loss: 512.4094 +/- 2.3215
INFO:root:Epoch no. 434 of 500 (samples: 70721)
INFO:root:Loss: 512.6221 +/- 3.4557
INFO:root:Epoch no. 435 of 500 (samples: 70721)
INFO:root:Loss: 511.1805 +/- 3.0862
INFO:root:Epoch no. 436 of 500 (samples: 70721)
INFO:root:Loss: 511.7838 +/- 3.2552
INFO:root:Epoch no. 437 of 500 (samples: 70721)
INFO:root:Loss: 512.1761 +/- 2.772
INFO:root:Epoch no. 438 of 500 (samples: 70721)
INFO:root:Loss: 511.4382 +/- 2.1988
INFO:root:Epoch no. 439 of 500 (samples: 70721)
INFO:root:Loss: 511.4986 +/- 3.1776
INFO:root:Epoch no. 440 of 500 (samples: 70721)
INFO:root:Loss: 511.2685 +/- 4.3957
INFO:root:Epoch no. 441 of 500 (samples: 70721)
INFO:root:Loss: 511.8822 +/- 2.3786
INFO:root:Epoch no. 442 of 500 (samples: 70721)
INFO:root:Loss: 511.4817 +/- 2.6894
INFO:root:Epoch no. 443 of 500 (samples: 70721)
INFO:root:Loss: 512.2791 +/- 2.6565
INFO:root:Epoch no. 444 of 500 (samples: 70721)
INFO:root:Loss: 512.3521 +/- 2.9749
INFO:root:Epoch no. 445 of 500 (samples: 70721)
INFO:root:Loss: 511.6594 +/- 1.9537
INFO:root:Epoch no. 446 of 500 (samples: 70721)
INFO:root:Loss: 511.493 +/- 2.3762
INFO:root:Epoch no. 447 of 500 (samples: 70721)
INFO:root:Loss: 511.2163 +/- 1.9504
INFO:root:Epoch no. 448 of 500 (samples: 70721)
INFO:root:Loss: 511.325 +/- 2.5433
INFO:root:Epoch no. 449 of 500 (samples: 70721)
INFO:root:Loss: 510.755 +/- 2.2288
INFO:root:Epoch no. 450 of 500 (samples: 70721)
INFO:root:Loss: 511.3789 +/- 3.6969
INFO:root:Epoch no. 451 of 500 (samples: 70721)
INFO:root:Loss: 511.4414 +/- 2.5708
INFO:root:Epoch no. 452 of 500 (samples: 70721)
INFO:root:Loss: 510.841 +/- 3.3811
INFO:root:Epoch no. 453 of 500 (samples: 70721)
INFO:root:Loss: 511.2033 +/- 3.6019
INFO:root:Epoch no. 454 of 500 (samples: 70721)
INFO:root:Loss: 511.2166 +/- 2.6177
INFO:root:Epoch no. 455 of 500 (samples: 70721)
INFO:root:Loss: 511.3128 +/- 3.8657
INFO:root:Epoch no. 456 of 500 (samples: 70721)
INFO:root:Loss: 511.0879 +/- 3.047
INFO:root:Epoch no. 457 of 500 (samples: 70721)
INFO:root:Loss: 511.782 +/- 2.8858
INFO:root:Epoch no. 458 of 500 (samples: 70721)
INFO:root:Loss: 510.1772 +/- 2.5635
INFO:root:Epoch no. 459 of 500 (samples: 70721)
INFO:root:Loss: 510.9737 +/- 2.2416
INFO:root:Epoch no. 460 of 500 (samples: 70721)
INFO:root:Loss: 511.3852 +/- 3.2553
INFO:root:Epoch no. 461 of 500 (samples: 70721)
INFO:root:Loss: 511.2257 +/- 2.7494
INFO:root:Epoch no. 462 of 500 (samples: 70721)
INFO:root:Loss: 510.5398 +/- 2.2603
INFO:root:Epoch no. 463 of 500 (samples: 70721)
INFO:root:Loss: 510.5484 +/- 3.1996
INFO:root:Epoch no. 464 of 500 (samples: 70721)
INFO:root:Loss: 510.6938 +/- 2.3788
INFO:root:Epoch no. 465 of 500 (samples: 70721)
INFO:root:Loss: 510.6923 +/- 3.2509
INFO:root:Epoch no. 466 of 500 (samples: 70721)
INFO:root:Loss: 510.3978 +/- 1.9526
INFO:root:Epoch no. 467 of 500 (samples: 70721)
INFO:root:Loss: 511.5668 +/- 2.7409
INFO:root:Epoch no. 468 of 500 (samples: 70721)
INFO:root:Loss: 511.1256 +/- 3.358
INFO:root:Epoch no. 469 of 500 (samples: 70721)
INFO:root:Loss: 510.0379 +/- 2.8696
INFO:root:Epoch no. 470 of 500 (samples: 70721)
INFO:root:Loss: 511.0777 +/- 2.5774
INFO:root:Epoch no. 471 of 500 (samples: 70721)
INFO:root:Loss: 510.7997 +/- 2.0226
INFO:root:Epoch no. 472 of 500 (samples: 70721)
INFO:root:Loss: 510.9706 +/- 2.4227
INFO:root:Epoch no. 473 of 500 (samples: 70721)
INFO:root:Loss: 510.4075 +/- 2.4786
INFO:root:Epoch no. 474 of 500 (samples: 70721)
INFO:root:Loss: 510.1904 +/- 2.8276
INFO:root:Epoch no. 475 of 500 (samples: 70721)
INFO:root:Loss: 511.0445 +/- 2.5342
INFO:root:Epoch no. 476 of 500 (samples: 70721)
INFO:root:Loss: 511.2424 +/- 3.3708
INFO:root:Epoch no. 477 of 500 (samples: 70721)
INFO:root:Loss: 510.6642 +/- 3.1309
INFO:root:Epoch no. 478 of 500 (samples: 70721)
INFO:root:Loss: 510.9794 +/- 2.3761
INFO:root:Epoch no. 479 of 500 (samples: 70721)
INFO:root:Loss: 510.1479 +/- 3.2757
INFO:root:Epoch no. 480 of 500 (samples: 70721)
INFO:root:Loss: 510.6841 +/- 3.2728
INFO:root:Epoch no. 481 of 500 (samples: 70721)
INFO:root:Loss: 510.7496 +/- 2.4286
INFO:root:Epoch no. 482 of 500 (samples: 70721)
INFO:root:Loss: 510.1727 +/- 2.9941
INFO:root:Epoch no. 483 of 500 (samples: 70721)
INFO:root:Loss: 510.4755 +/- 2.3517
INFO:root:Epoch no. 484 of 500 (samples: 70721)
INFO:root:Loss: 510.265 +/- 2.1988
INFO:root:Epoch no. 485 of 500 (samples: 70721)
INFO:root:Loss: 510.395 +/- 2.8373
INFO:root:Epoch no. 486 of 500 (samples: 70721)
INFO:root:Loss: 510.72 +/- 2.284
INFO:root:Epoch no. 487 of 500 (samples: 70721)
INFO:root:Loss: 510.4635 +/- 3.3168
INFO:root:Epoch no. 488 of 500 (samples: 70721)
INFO:root:Loss: 510.1915 +/- 3.3005
INFO:root:Epoch no. 489 of 500 (samples: 70721)
INFO:root:Loss: 510.479 +/- 2.2555
INFO:root:Epoch no. 490 of 500 (samples: 70721)
INFO:root:Loss: 510.1662 +/- 3.4586
INFO:root:Epoch no. 491 of 500 (samples: 70721)
INFO:root:Loss: 509.4039 +/- 2.9993
INFO:root:Epoch no. 492 of 500 (samples: 70721)
INFO:root:Loss: 510.2464 +/- 3.1947
INFO:root:Epoch no. 493 of 500 (samples: 70721)
INFO:root:Loss: 510.9621 +/- 2.5943
INFO:root:Epoch no. 494 of 500 (samples: 70721)
INFO:root:Loss: 509.534 +/- 2.5155
INFO:root:Epoch no. 495 of 500 (samples: 70721)
INFO:root:Loss: 509.1216 +/- 2.9333
INFO:root:Epoch no. 496 of 500 (samples: 70721)
INFO:root:Loss: 510.0684 +/- 2.4396
INFO:root:Epoch no. 497 of 500 (samples: 70721)
INFO:root:Loss: 509.623 +/- 2.599
INFO:root:Epoch no. 498 of 500 (samples: 70721)
INFO:root:Loss: 510.3132 +/- 2.933
INFO:root:Epoch no. 499 of 500 (samples: 70721)
INFO:root:Loss: 510.0396 +/- 2.6357
INFO:root:Epoch no. 500 of 500 (samples: 70721)
INFO:root:Loss: 510.7119 +/- 3.1105
/usr/local/lib/python3.5/dist-packages/keras/backend/theano_backend.py:527: UserWarning: theano.function was asked to create a function computing outputs given certain inputs, but the provided input variable at index 2 is not part of the computational graph needed to compute the outputs: keras_learning_phase.
To make this warning into an error, you can pass the parameter on_unused_input='raise' to theano.function. To disable it completely, use on_unused_input='ignore'.
  **kwargs)
INFO:root:### MICRO (validation raw):
INFO:root:	-- left   >> mean: 3963.957, median: 105.5, mrr: 0.111, hits@1: 2.34%
INFO:root:	-- right  >> mean: 3922.1122, median: 105.0, mrr: 0.112, hits@1: 2.5%
INFO:root:	-- global >> mean: 3943.0346, median: 105.0, mrr: 0.111, hits@1: 2.42%
INFO:root:### MICRO (validation raw):
INFO:root:	-- left   >> mean: 3963.957, median: 105.5, mrr: 0.111, hits@3: 15.24%
INFO:root:	-- right  >> mean: 3922.1122, median: 105.0, mrr: 0.112, hits@3: 15.04%
INFO:root:	-- global >> mean: 3943.0346, median: 105.0, mrr: 0.111, hits@3: 15.14%
INFO:root:### MICRO (validation raw):
INFO:root:	-- left   >> mean: 3963.957, median: 105.5, mrr: 0.111, hits@5: 20.84%
INFO:root:	-- right  >> mean: 3922.1122, median: 105.0, mrr: 0.112, hits@5: 20.88%
INFO:root:	-- global >> mean: 3943.0346, median: 105.0, mrr: 0.111, hits@5: 20.86%
INFO:root:### MICRO (validation raw):
INFO:root:	-- left   >> mean: 3963.957, median: 105.5, mrr: 0.111, hits@10: 28.12%
INFO:root:	-- right  >> mean: 3922.1122, median: 105.0, mrr: 0.112, hits@10: 28.22%
INFO:root:	-- global >> mean: 3943.0346, median: 105.0, mrr: 0.111, hits@10: 28.17%
INFO:root:### MICRO (validation filtered):
INFO:root:	-- left   >> mean: 3957.7978, median: 94.0, mrr: 0.12, hits@1: 2.72%
INFO:root:	-- right  >> mean: 3915.8252, median: 96.0, mrr: 0.121, hits@1: 2.7%
INFO:root:	-- global >> mean: 3936.8115, median: 95.0, mrr: 0.121, hits@1: 2.71%
INFO:root:### MICRO (validation filtered):
INFO:root:	-- left   >> mean: 3957.7978, median: 94.0, mrr: 0.12, hits@3: 16.7%
INFO:root:	-- right  >> mean: 3915.8252, median: 96.0, mrr: 0.121, hits@3: 17.14%
INFO:root:	-- global >> mean: 3936.8115, median: 95.0, mrr: 0.121, hits@3: 16.92%
INFO:root:### MICRO (validation filtered):
INFO:root:	-- left   >> mean: 3957.7978, median: 94.0, mrr: 0.12, hits@5: 22.38%
INFO:root:	-- right  >> mean: 3915.8252, median: 96.0, mrr: 0.121, hits@5: 22.94%
INFO:root:	-- global >> mean: 3936.8115, median: 95.0, mrr: 0.121, hits@5: 22.66%
INFO:root:### MICRO (validation filtered):
INFO:root:	-- left   >> mean: 3957.7978, median: 94.0, mrr: 0.12, hits@10: 29.32%
INFO:root:	-- right  >> mean: 3915.8252, median: 96.0, mrr: 0.121, hits@10: 29.62%
INFO:root:	-- global >> mean: 3936.8115, median: 95.0, mrr: 0.121, hits@10: 29.47%
INFO:root:### MICRO (test raw):
INFO:root:	-- left   >> mean: 3820.729, median: 107.5, mrr: 0.108, hits@1: 2.12%
INFO:root:	-- right  >> mean: 3829.9348, median: 106.0, mrr: 0.108, hits@1: 2.02%
INFO:root:	-- global >> mean: 3825.3319, median: 107.0, mrr: 0.108, hits@1: 2.07%
INFO:root:### MICRO (test raw):
INFO:root:	-- left   >> mean: 3820.729, median: 107.5, mrr: 0.108, hits@3: 14.58%
INFO:root:	-- right  >> mean: 3829.9348, median: 106.0, mrr: 0.108, hits@3: 14.4%
INFO:root:	-- global >> mean: 3825.3319, median: 107.0, mrr: 0.108, hits@3: 14.49%
INFO:root:### MICRO (test raw):
INFO:root:	-- left   >> mean: 3820.729, median: 107.5, mrr: 0.108, hits@5: 20.1%
INFO:root:	-- right  >> mean: 3829.9348, median: 106.0, mrr: 0.108, hits@5: 20.48%
INFO:root:	-- global >> mean: 3825.3319, median: 107.0, mrr: 0.108, hits@5: 20.29%
INFO:root:### MICRO (test raw):
INFO:root:	-- left   >> mean: 3820.729, median: 107.5, mrr: 0.108, hits@10: 27.42%
INFO:root:	-- right  >> mean: 3829.9348, median: 106.0, mrr: 0.108, hits@10: 28.08%
INFO:root:	-- global >> mean: 3825.3319, median: 107.0, mrr: 0.108, hits@10: 27.75%
INFO:root:### MICRO (test filtered):
INFO:root:	-- left   >> mean: 3814.0754, median: 98.5, mrr: 0.117, hits@1: 2.3%
INFO:root:	-- right  >> mean: 3824.064, median: 97.0, mrr: 0.116, hits@1: 2.2%
INFO:root:	-- global >> mean: 3819.0697, median: 98.0, mrr: 0.116, hits@1: 2.25%
INFO:root:### MICRO (test filtered):
INFO:root:	-- left   >> mean: 3814.0754, median: 98.5, mrr: 0.117, hits@3: 16.18%
INFO:root:	-- right  >> mean: 3824.064, median: 97.0, mrr: 0.116, hits@3: 16.2%
INFO:root:	-- global >> mean: 3819.0697, median: 98.0, mrr: 0.116, hits@3: 16.19%
INFO:root:### MICRO (test filtered):
INFO:root:	-- left   >> mean: 3814.0754, median: 98.5, mrr: 0.117, hits@5: 22.12%
INFO:root:	-- right  >> mean: 3824.064, median: 97.0, mrr: 0.116, hits@5: 22.08%
INFO:root:	-- global >> mean: 3819.0697, median: 98.0, mrr: 0.116, hits@5: 22.1%
INFO:root:### MICRO (test filtered):
INFO:root:	-- left   >> mean: 3814.0754, median: 98.5, mrr: 0.117, hits@10: 28.82%
INFO:root:	-- right  >> mean: 3824.064, median: 97.0, mrr: 0.116, hits@10: 29.34%
INFO:root:	-- global >> mean: 3819.0697, median: 98.0, mrr: 0.116, hits@10: 29.08%
