Using Theano backend.
Using gpu device 0: GeForce GTX TITAN X (CNMeM is disabled, cuDNN not available)
INFO:root:Acquiring data/wn18/wordnet-mlj12-train.txt ..
INFO:root:Acquiring data/wn18/wordnet-mlj12-valid.txt ..
INFO:root:Acquiring data/wn18/wordnet-mlj12-test.txt ..
INFO:root:[Rules] Adding Head: 15, Tail: [(10, True)]
INFO:root:[Rules] Adding Head: 12, Tail: [(17, True)]
INFO:root:[Rules] Adding Head: 4, Tail: [(5, True)]
INFO:root:[Rules] Adding Head: 13, Tail: [(3, True)]
INFO:root:[Rules] Adding Head: 5, Tail: [(4, True)]
INFO:root:[Rules] Adding Head: 16, Tail: [(11, True)]
INFO:root:[Rules] Adding Head: 17, Tail: [(12, True)]
INFO:root:[Rules] Adding Head: 11, Tail: [(16, True)]
INFO:root:[Rules] Adding Head: 8, Tail: [(9, True)]
INFO:root:[Rules] Adding Head: 2, Tail: [(2, True)]
INFO:root:Samples: 141442, no. batches: 10 -> batch size: 14145
INFO:root:Epoch no. 1 of 500 (samples: 141442)
INFO:root:Loss: 2115.5464 +/- 3091.347
INFO:root:Epoch no. 2 of 500 (samples: 141442)
INFO:root:Loss: 323.9838 +/- 15.1859
INFO:root:Epoch no. 3 of 500 (samples: 141442)
INFO:root:Loss: 220.7991 +/- 4.2695
INFO:root:Epoch no. 4 of 500 (samples: 141442)
INFO:root:Loss: 165.2882 +/- 4.4519
INFO:root:Epoch no. 5 of 500 (samples: 141442)
INFO:root:Loss: 132.8554 +/- 6.544
INFO:root:Epoch no. 6 of 500 (samples: 141442)
INFO:root:Loss: 112.5212 +/- 7.0555
INFO:root:Epoch no. 7 of 500 (samples: 141442)
INFO:root:Loss: 98.4617 +/- 6.9873
INFO:root:Epoch no. 8 of 500 (samples: 141442)
INFO:root:Loss: 87.4526 +/- 6.4054
INFO:root:Epoch no. 9 of 500 (samples: 141442)
INFO:root:Loss: 80.115 +/- 6.5736
INFO:root:Epoch no. 10 of 500 (samples: 141442)
INFO:root:Loss: 74.2045 +/- 6.3724
INFO:root:Epoch no. 11 of 500 (samples: 141442)
INFO:root:Loss: 69.5704 +/- 5.802
INFO:root:Epoch no. 12 of 500 (samples: 141442)
INFO:root:Loss: 65.4695 +/- 5.6295
INFO:root:Epoch no. 13 of 500 (samples: 141442)
INFO:root:Loss: 62.3766 +/- 5.4489
INFO:root:Epoch no. 14 of 500 (samples: 141442)
INFO:root:Loss: 59.8018 +/- 5.6037
INFO:root:Epoch no. 15 of 500 (samples: 141442)
INFO:root:Loss: 57.4494 +/- 5.1435
INFO:root:Epoch no. 16 of 500 (samples: 141442)
INFO:root:Loss: 55.5455 +/- 4.8972
INFO:root:Epoch no. 17 of 500 (samples: 141442)
INFO:root:Loss: 53.8699 +/- 4.6749
INFO:root:Epoch no. 18 of 500 (samples: 141442)
INFO:root:Loss: 52.5067 +/- 4.5867
INFO:root:Epoch no. 19 of 500 (samples: 141442)
INFO:root:Loss: 51.2879 +/- 4.2484
INFO:root:Epoch no. 20 of 500 (samples: 141442)
INFO:root:Loss: 50.2628 +/- 4.4195
INFO:root:Epoch no. 21 of 500 (samples: 141442)
INFO:root:Loss: 49.2793 +/- 4.2673
INFO:root:Epoch no. 22 of 500 (samples: 141442)
INFO:root:Loss: 48.7297 +/- 3.9147
INFO:root:Epoch no. 23 of 500 (samples: 141442)
INFO:root:Loss: 47.8102 +/- 3.9822
INFO:root:Epoch no. 24 of 500 (samples: 141442)
INFO:root:Loss: 47.1353 +/- 3.9248
INFO:root:Epoch no. 25 of 500 (samples: 141442)
INFO:root:Loss: 46.5321 +/- 4.4092
INFO:root:Epoch no. 26 of 500 (samples: 141442)
INFO:root:Loss: 46.0286 +/- 3.8079
INFO:root:Epoch no. 27 of 500 (samples: 141442)
INFO:root:Loss: 45.5549 +/- 3.6783
INFO:root:Epoch no. 28 of 500 (samples: 141442)
INFO:root:Loss: 44.9593 +/- 3.8812
INFO:root:Epoch no. 29 of 500 (samples: 141442)
INFO:root:Loss: 44.4307 +/- 3.3777
INFO:root:Epoch no. 30 of 500 (samples: 141442)
INFO:root:Loss: 44.5212 +/- 3.7601
INFO:root:Epoch no. 31 of 500 (samples: 141442)
INFO:root:Loss: 43.7217 +/- 3.6487
INFO:root:Epoch no. 32 of 500 (samples: 141442)
INFO:root:Loss: 43.3323 +/- 3.1088
INFO:root:Epoch no. 33 of 500 (samples: 141442)
INFO:root:Loss: 43.0879 +/- 3.2423
INFO:root:Epoch no. 34 of 500 (samples: 141442)
INFO:root:Loss: 42.6052 +/- 3.0203
INFO:root:Epoch no. 35 of 500 (samples: 141442)
INFO:root:Loss: 42.6117 +/- 3.3262
INFO:root:Epoch no. 36 of 500 (samples: 141442)
INFO:root:Loss: 42.1879 +/- 3.306
INFO:root:Epoch no. 37 of 500 (samples: 141442)
INFO:root:Loss: 41.8645 +/- 3.5547
INFO:root:Epoch no. 38 of 500 (samples: 141442)
INFO:root:Loss: 41.6896 +/- 3.1982
INFO:root:Epoch no. 39 of 500 (samples: 141442)
INFO:root:Loss: 41.3774 +/- 3.5155
INFO:root:Epoch no. 40 of 500 (samples: 141442)
INFO:root:Loss: 41.1968 +/- 3.4705
INFO:root:Epoch no. 41 of 500 (samples: 141442)
INFO:root:Loss: 40.9623 +/- 3.1703
INFO:root:Epoch no. 42 of 500 (samples: 141442)
INFO:root:Loss: 40.7135 +/- 3.152
INFO:root:Epoch no. 43 of 500 (samples: 141442)
INFO:root:Loss: 40.6539 +/- 3.2198
INFO:root:Epoch no. 44 of 500 (samples: 141442)
INFO:root:Loss: 40.3038 +/- 2.9361
INFO:root:Epoch no. 45 of 500 (samples: 141442)
INFO:root:Loss: 40.3647 +/- 3.2955
INFO:root:Epoch no. 46 of 500 (samples: 141442)
INFO:root:Loss: 40.0126 +/- 3.1212
INFO:root:Epoch no. 47 of 500 (samples: 141442)
INFO:root:Loss: 39.8989 +/- 3.1797
INFO:root:Epoch no. 48 of 500 (samples: 141442)
INFO:root:Loss: 39.5546 +/- 3.0439
INFO:root:Epoch no. 49 of 500 (samples: 141442)
INFO:root:Loss: 39.3863 +/- 3.0645
INFO:root:Epoch no. 50 of 500 (samples: 141442)
INFO:root:Loss: 39.4691 +/- 2.8235
INFO:root:Epoch no. 51 of 500 (samples: 141442)
INFO:root:Loss: 39.2698 +/- 3.2064
INFO:root:Epoch no. 52 of 500 (samples: 141442)
INFO:root:Loss: 38.7399 +/- 2.932
INFO:root:Epoch no. 53 of 500 (samples: 141442)
INFO:root:Loss: 38.7961 +/- 2.8443
INFO:root:Epoch no. 54 of 500 (samples: 141442)
INFO:root:Loss: 38.7042 +/- 2.5888
INFO:root:Epoch no. 55 of 500 (samples: 141442)
INFO:root:Loss: 38.4613 +/- 3.2328
INFO:root:Epoch no. 56 of 500 (samples: 141442)
INFO:root:Loss: 38.4331 +/- 2.5333
INFO:root:Epoch no. 57 of 500 (samples: 141442)
INFO:root:Loss: 38.5257 +/- 2.9442
INFO:root:Epoch no. 58 of 500 (samples: 141442)
INFO:root:Loss: 38.4466 +/- 2.5728
INFO:root:Epoch no. 59 of 500 (samples: 141442)
INFO:root:Loss: 38.1781 +/- 2.678
INFO:root:Epoch no. 60 of 500 (samples: 141442)
INFO:root:Loss: 38.1644 +/- 2.4586
INFO:root:Epoch no. 61 of 500 (samples: 141442)
INFO:root:Loss: 37.9491 +/- 2.725
INFO:root:Epoch no. 62 of 500 (samples: 141442)
INFO:root:Loss: 37.8732 +/- 2.4224
INFO:root:Epoch no. 63 of 500 (samples: 141442)
INFO:root:Loss: 37.6061 +/- 2.6888
INFO:root:Epoch no. 64 of 500 (samples: 141442)
INFO:root:Loss: 37.6738 +/- 2.7578
INFO:root:Epoch no. 65 of 500 (samples: 141442)
INFO:root:Loss: 37.4137 +/- 2.6627
INFO:root:Epoch no. 66 of 500 (samples: 141442)
INFO:root:Loss: 37.4765 +/- 2.196
INFO:root:Epoch no. 67 of 500 (samples: 141442)
INFO:root:Loss: 37.2269 +/- 2.4522
INFO:root:Epoch no. 68 of 500 (samples: 141442)
INFO:root:Loss: 37.1662 +/- 2.2667
INFO:root:Epoch no. 69 of 500 (samples: 141442)
INFO:root:Loss: 37.238 +/- 2.4736
INFO:root:Epoch no. 70 of 500 (samples: 141442)
INFO:root:Loss: 37.3472 +/- 2.3404
INFO:root:Epoch no. 71 of 500 (samples: 141442)
INFO:root:Loss: 36.902 +/- 2.449
INFO:root:Epoch no. 72 of 500 (samples: 141442)
INFO:root:Loss: 37.1107 +/- 2.3347
INFO:root:Epoch no. 73 of 500 (samples: 141442)
INFO:root:Loss: 36.9429 +/- 2.451
INFO:root:Epoch no. 74 of 500 (samples: 141442)
INFO:root:Loss: 36.6913 +/- 2.5411
INFO:root:Epoch no. 75 of 500 (samples: 141442)
INFO:root:Loss: 36.7826 +/- 2.6117
INFO:root:Epoch no. 76 of 500 (samples: 141442)
INFO:root:Loss: 36.5485 +/- 2.7547
INFO:root:Epoch no. 77 of 500 (samples: 141442)
INFO:root:Loss: 36.7331 +/- 2.3377
INFO:root:Epoch no. 78 of 500 (samples: 141442)
INFO:root:Loss: 36.5939 +/- 2.2522
INFO:root:Epoch no. 79 of 500 (samples: 141442)
INFO:root:Loss: 36.5323 +/- 2.7011
INFO:root:Epoch no. 80 of 500 (samples: 141442)
INFO:root:Loss: 36.2881 +/- 2.4547
INFO:root:Epoch no. 81 of 500 (samples: 141442)
INFO:root:Loss: 36.2343 +/- 2.6122
INFO:root:Epoch no. 82 of 500 (samples: 141442)
INFO:root:Loss: 36.3671 +/- 2.9003
INFO:root:Epoch no. 83 of 500 (samples: 141442)
INFO:root:Loss: 36.142 +/- 2.229
INFO:root:Epoch no. 84 of 500 (samples: 141442)
INFO:root:Loss: 35.9942 +/- 2.3908
INFO:root:Epoch no. 85 of 500 (samples: 141442)
INFO:root:Loss: 36.0988 +/- 2.2254
INFO:root:Epoch no. 86 of 500 (samples: 141442)
INFO:root:Loss: 36.1087 +/- 2.1805
INFO:root:Epoch no. 87 of 500 (samples: 141442)
INFO:root:Loss: 36.0879 +/- 2.4553
INFO:root:Epoch no. 88 of 500 (samples: 141442)
INFO:root:Loss: 35.8849 +/- 2.5087
INFO:root:Epoch no. 89 of 500 (samples: 141442)
INFO:root:Loss: 36.0446 +/- 2.7611
INFO:root:Epoch no. 90 of 500 (samples: 141442)
INFO:root:Loss: 35.7157 +/- 2.6424
INFO:root:Epoch no. 91 of 500 (samples: 141442)
INFO:root:Loss: 35.7785 +/- 2.1393
INFO:root:Epoch no. 92 of 500 (samples: 141442)
INFO:root:Loss: 35.7636 +/- 2.6253
INFO:root:Epoch no. 93 of 500 (samples: 141442)
INFO:root:Loss: 35.9428 +/- 2.4698
INFO:root:Epoch no. 94 of 500 (samples: 141442)
INFO:root:Loss: 35.5782 +/- 1.9501
INFO:root:Epoch no. 95 of 500 (samples: 141442)
INFO:root:Loss: 35.4804 +/- 2.7661
INFO:root:Epoch no. 96 of 500 (samples: 141442)
INFO:root:Loss: 35.5461 +/- 2.0451
INFO:root:Epoch no. 97 of 500 (samples: 141442)
INFO:root:Loss: 35.5735 +/- 2.2886
INFO:root:Epoch no. 98 of 500 (samples: 141442)
INFO:root:Loss: 35.5192 +/- 2.0261
INFO:root:Epoch no. 99 of 500 (samples: 141442)
INFO:root:Loss: 35.4571 +/- 2.305
INFO:root:Epoch no. 100 of 500 (samples: 141442)
INFO:root:Loss: 35.0481 +/- 1.8913
INFO:root:Epoch no. 101 of 500 (samples: 141442)
INFO:root:Loss: 35.2338 +/- 2.3848
INFO:root:Epoch no. 102 of 500 (samples: 141442)
INFO:root:Loss: 35.2749 +/- 2.2799
INFO:root:Epoch no. 103 of 500 (samples: 141442)
INFO:root:Loss: 35.3292 +/- 2.0941
INFO:root:Epoch no. 104 of 500 (samples: 141442)
INFO:root:Loss: 35.1317 +/- 2.0012
INFO:root:Epoch no. 105 of 500 (samples: 141442)
INFO:root:Loss: 35.1347 +/- 2.0466
INFO:root:Epoch no. 106 of 500 (samples: 141442)
INFO:root:Loss: 35.06 +/- 2.322
INFO:root:Epoch no. 107 of 500 (samples: 141442)
INFO:root:Loss: 34.8432 +/- 2.1317
INFO:root:Epoch no. 108 of 500 (samples: 141442)
INFO:root:Loss: 35.0464 +/- 2.483
INFO:root:Epoch no. 109 of 500 (samples: 141442)
INFO:root:Loss: 34.9568 +/- 2.2457
INFO:root:Epoch no. 110 of 500 (samples: 141442)
INFO:root:Loss: 34.8962 +/- 2.1349
INFO:root:Epoch no. 111 of 500 (samples: 141442)
INFO:root:Loss: 34.9696 +/- 2.2095
INFO:root:Epoch no. 112 of 500 (samples: 141442)
INFO:root:Loss: 34.9214 +/- 1.812
INFO:root:Epoch no. 113 of 500 (samples: 141442)
INFO:root:Loss: 34.9771 +/- 2.1717
INFO:root:Epoch no. 114 of 500 (samples: 141442)
INFO:root:Loss: 34.6858 +/- 2.0992
INFO:root:Epoch no. 115 of 500 (samples: 141442)
INFO:root:Loss: 34.7867 +/- 1.9847
INFO:root:Epoch no. 116 of 500 (samples: 141442)
INFO:root:Loss: 34.7091 +/- 2.2611
INFO:root:Epoch no. 117 of 500 (samples: 141442)
INFO:root:Loss: 34.6938 +/- 2.1416
INFO:root:Epoch no. 118 of 500 (samples: 141442)
INFO:root:Loss: 34.6726 +/- 2.1628
INFO:root:Epoch no. 119 of 500 (samples: 141442)
INFO:root:Loss: 34.4507 +/- 1.9497
INFO:root:Epoch no. 120 of 500 (samples: 141442)
INFO:root:Loss: 34.4579 +/- 1.9002
INFO:root:Epoch no. 121 of 500 (samples: 141442)
INFO:root:Loss: 34.383 +/- 1.8981
INFO:root:Epoch no. 122 of 500 (samples: 141442)
INFO:root:Loss: 34.3475 +/- 2.1537
INFO:root:Epoch no. 123 of 500 (samples: 141442)
INFO:root:Loss: 34.4438 +/- 1.8031
INFO:root:Epoch no. 124 of 500 (samples: 141442)
INFO:root:Loss: 34.4797 +/- 2.0303
INFO:root:Epoch no. 125 of 500 (samples: 141442)
INFO:root:Loss: 34.5264 +/- 2.2216
INFO:root:Epoch no. 126 of 500 (samples: 141442)
INFO:root:Loss: 34.4645 +/- 1.9511
INFO:root:Epoch no. 127 of 500 (samples: 141442)
INFO:root:Loss: 34.2645 +/- 2.1258
INFO:root:Epoch no. 128 of 500 (samples: 141442)
INFO:root:Loss: 34.2122 +/- 1.8802
INFO:root:Epoch no. 129 of 500 (samples: 141442)
INFO:root:Loss: 34.0625 +/- 1.9127
INFO:root:Epoch no. 130 of 500 (samples: 141442)
INFO:root:Loss: 34.0461 +/- 2.401
INFO:root:Epoch no. 131 of 500 (samples: 141442)
INFO:root:Loss: 34.0474 +/- 2.0881
INFO:root:Epoch no. 132 of 500 (samples: 141442)
INFO:root:Loss: 34.3165 +/- 2.3275
INFO:root:Epoch no. 133 of 500 (samples: 141442)
INFO:root:Loss: 34.2057 +/- 2.1234
INFO:root:Epoch no. 134 of 500 (samples: 141442)
INFO:root:Loss: 33.9924 +/- 1.8419
INFO:root:Epoch no. 135 of 500 (samples: 141442)
INFO:root:Loss: 34.1729 +/- 1.8331
INFO:root:Epoch no. 136 of 500 (samples: 141442)
INFO:root:Loss: 34.1451 +/- 1.7171
INFO:root:Epoch no. 137 of 500 (samples: 141442)
INFO:root:Loss: 33.8167 +/- 2.0349
INFO:root:Epoch no. 138 of 500 (samples: 141442)
INFO:root:Loss: 33.7875 +/- 2.2403
INFO:root:Epoch no. 139 of 500 (samples: 141442)
INFO:root:Loss: 33.9231 +/- 2.2367
INFO:root:Epoch no. 140 of 500 (samples: 141442)
INFO:root:Loss: 33.8381 +/- 1.7077
INFO:root:Epoch no. 141 of 500 (samples: 141442)
INFO:root:Loss: 33.8428 +/- 1.9075
INFO:root:Epoch no. 142 of 500 (samples: 141442)
INFO:root:Loss: 33.9469 +/- 2.0437
INFO:root:Epoch no. 143 of 500 (samples: 141442)
INFO:root:Loss: 34.0966 +/- 2.0393
INFO:root:Epoch no. 144 of 500 (samples: 141442)
INFO:root:Loss: 33.8436 +/- 1.7971
INFO:root:Epoch no. 145 of 500 (samples: 141442)
INFO:root:Loss: 33.7769 +/- 1.9448
INFO:root:Epoch no. 146 of 500 (samples: 141442)
INFO:root:Loss: 33.5512 +/- 1.5876
INFO:root:Epoch no. 147 of 500 (samples: 141442)
INFO:root:Loss: 33.6897 +/- 2.0612
INFO:root:Epoch no. 148 of 500 (samples: 141442)
INFO:root:Loss: 33.7628 +/- 1.89
INFO:root:Epoch no. 149 of 500 (samples: 141442)
INFO:root:Loss: 33.7156 +/- 2.0162
INFO:root:Epoch no. 150 of 500 (samples: 141442)
INFO:root:Loss: 33.6608 +/- 1.8652
INFO:root:Epoch no. 151 of 500 (samples: 141442)
INFO:root:Loss: 33.649 +/- 1.6532
INFO:root:Epoch no. 152 of 500 (samples: 141442)
INFO:root:Loss: 33.5616 +/- 2.25
INFO:root:Epoch no. 153 of 500 (samples: 141442)
INFO:root:Loss: 33.5826 +/- 1.8241
INFO:root:Epoch no. 154 of 500 (samples: 141442)
INFO:root:Loss: 33.6101 +/- 2.0382
INFO:root:Epoch no. 155 of 500 (samples: 141442)
INFO:root:Loss: 33.4191 +/- 1.7711
INFO:root:Epoch no. 156 of 500 (samples: 141442)
INFO:root:Loss: 33.6496 +/- 1.5961
INFO:root:Epoch no. 157 of 500 (samples: 141442)
INFO:root:Loss: 33.3504 +/- 1.8723
INFO:root:Epoch no. 158 of 500 (samples: 141442)
INFO:root:Loss: 33.3758 +/- 1.7731
INFO:root:Epoch no. 159 of 500 (samples: 141442)
INFO:root:Loss: 33.4419 +/- 2.0058
INFO:root:Epoch no. 160 of 500 (samples: 141442)
INFO:root:Loss: 33.5892 +/- 1.6183
INFO:root:Epoch no. 161 of 500 (samples: 141442)
INFO:root:Loss: 33.4179 +/- 2.059
INFO:root:Epoch no. 162 of 500 (samples: 141442)
INFO:root:Loss: 33.2569 +/- 1.5161
INFO:root:Epoch no. 163 of 500 (samples: 141442)
INFO:root:Loss: 33.3666 +/- 2.1078
INFO:root:Epoch no. 164 of 500 (samples: 141442)
INFO:root:Loss: 33.2468 +/- 1.4871
INFO:root:Epoch no. 165 of 500 (samples: 141442)
INFO:root:Loss: 33.4855 +/- 2.144
INFO:root:Epoch no. 166 of 500 (samples: 141442)
INFO:root:Loss: 33.2939 +/- 1.9202
INFO:root:Epoch no. 167 of 500 (samples: 141442)
INFO:root:Loss: 33.3703 +/- 1.7493
INFO:root:Epoch no. 168 of 500 (samples: 141442)
INFO:root:Loss: 33.2073 +/- 1.9678
INFO:root:Epoch no. 169 of 500 (samples: 141442)
INFO:root:Loss: 33.2038 +/- 1.9047
INFO:root:Epoch no. 170 of 500 (samples: 141442)
INFO:root:Loss: 33.234 +/- 1.7158
INFO:root:Epoch no. 171 of 500 (samples: 141442)
INFO:root:Loss: 33.3761 +/- 1.9467
INFO:root:Epoch no. 172 of 500 (samples: 141442)
INFO:root:Loss: 33.1599 +/- 1.701
INFO:root:Epoch no. 173 of 500 (samples: 141442)
INFO:root:Loss: 33.3996 +/- 1.7791
INFO:root:Epoch no. 174 of 500 (samples: 141442)
INFO:root:Loss: 33.2976 +/- 2.124
INFO:root:Epoch no. 175 of 500 (samples: 141442)
INFO:root:Loss: 32.9795 +/- 1.8105
INFO:root:Epoch no. 176 of 500 (samples: 141442)
INFO:root:Loss: 33.1132 +/- 1.8613
INFO:root:Epoch no. 177 of 500 (samples: 141442)
INFO:root:Loss: 32.99 +/- 2.0126
INFO:root:Epoch no. 178 of 500 (samples: 141442)
INFO:root:Loss: 33.3121 +/- 1.8438
INFO:root:Epoch no. 179 of 500 (samples: 141442)
INFO:root:Loss: 33.2593 +/- 1.9541
INFO:root:Epoch no. 180 of 500 (samples: 141442)
INFO:root:Loss: 32.9241 +/- 1.7415
INFO:root:Epoch no. 181 of 500 (samples: 141442)
INFO:root:Loss: 32.8259 +/- 1.9327
INFO:root:Epoch no. 182 of 500 (samples: 141442)
INFO:root:Loss: 32.8639 +/- 1.8515
INFO:root:Epoch no. 183 of 500 (samples: 141442)
INFO:root:Loss: 33.0452 +/- 1.6285
INFO:root:Epoch no. 184 of 500 (samples: 141442)
INFO:root:Loss: 33.1237 +/- 2.0046
INFO:root:Epoch no. 185 of 500 (samples: 141442)
INFO:root:Loss: 33.2002 +/- 1.8039
INFO:root:Epoch no. 186 of 500 (samples: 141442)
INFO:root:Loss: 33.0291 +/- 1.4413
INFO:root:Epoch no. 187 of 500 (samples: 141442)
INFO:root:Loss: 32.878 +/- 1.8057
INFO:root:Epoch no. 188 of 500 (samples: 141442)
INFO:root:Loss: 32.9789 +/- 1.5199
INFO:root:Epoch no. 189 of 500 (samples: 141442)
INFO:root:Loss: 32.8121 +/- 1.6248
INFO:root:Epoch no. 190 of 500 (samples: 141442)
INFO:root:Loss: 32.7966 +/- 1.9127
INFO:root:Epoch no. 191 of 500 (samples: 141442)
INFO:root:Loss: 33.0057 +/- 1.7074
INFO:root:Epoch no. 192 of 500 (samples: 141442)
INFO:root:Loss: 33.0013 +/- 2.0389
INFO:root:Epoch no. 193 of 500 (samples: 141442)
INFO:root:Loss: 33.0904 +/- 2.1951
INFO:root:Epoch no. 194 of 500 (samples: 141442)
INFO:root:Loss: 32.951 +/- 1.8531
INFO:root:Epoch no. 195 of 500 (samples: 141442)
INFO:root:Loss: 32.5168 +/- 1.9157
INFO:root:Epoch no. 196 of 500 (samples: 141442)
INFO:root:Loss: 32.6204 +/- 1.7295
INFO:root:Epoch no. 197 of 500 (samples: 141442)
INFO:root:Loss: 32.5638 +/- 1.3558
INFO:root:Epoch no. 198 of 500 (samples: 141442)
INFO:root:Loss: 32.7655 +/- 1.7396
INFO:root:Epoch no. 199 of 500 (samples: 141442)
INFO:root:Loss: 32.5535 +/- 1.7255
INFO:root:Epoch no. 200 of 500 (samples: 141442)
INFO:root:Loss: 32.599 +/- 1.4213
INFO:root:Epoch no. 201 of 500 (samples: 141442)
INFO:root:Loss: 32.653 +/- 1.8375
INFO:root:Epoch no. 202 of 500 (samples: 141442)
INFO:root:Loss: 32.7452 +/- 1.4992
INFO:root:Epoch no. 203 of 500 (samples: 141442)
INFO:root:Loss: 32.7425 +/- 1.6364
INFO:root:Epoch no. 204 of 500 (samples: 141442)
INFO:root:Loss: 32.5505 +/- 1.748
INFO:root:Epoch no. 205 of 500 (samples: 141442)
INFO:root:Loss: 32.5329 +/- 1.7525
INFO:root:Epoch no. 206 of 500 (samples: 141442)
INFO:root:Loss: 32.5343 +/- 2.0766
INFO:root:Epoch no. 207 of 500 (samples: 141442)
INFO:root:Loss: 32.7052 +/- 1.7216
INFO:root:Epoch no. 208 of 500 (samples: 141442)
INFO:root:Loss: 32.6654 +/- 1.5526
INFO:root:Epoch no. 209 of 500 (samples: 141442)
INFO:root:Loss: 32.3324 +/- 1.7339
INFO:root:Epoch no. 210 of 500 (samples: 141442)
INFO:root:Loss: 32.3705 +/- 1.7188
INFO:root:Epoch no. 211 of 500 (samples: 141442)
INFO:root:Loss: 32.5391 +/- 1.6002
INFO:root:Epoch no. 212 of 500 (samples: 141442)
INFO:root:Loss: 32.2347 +/- 1.7168
INFO:root:Epoch no. 213 of 500 (samples: 141442)
INFO:root:Loss: 32.3334 +/- 1.6537
INFO:root:Epoch no. 214 of 500 (samples: 141442)
INFO:root:Loss: 32.4756 +/- 1.6395
INFO:root:Epoch no. 215 of 500 (samples: 141442)
INFO:root:Loss: 32.5441 +/- 1.7172
INFO:root:Epoch no. 216 of 500 (samples: 141442)
INFO:root:Loss: 32.3517 +/- 1.6659
INFO:root:Epoch no. 217 of 500 (samples: 141442)
INFO:root:Loss: 32.5 +/- 1.672
INFO:root:Epoch no. 218 of 500 (samples: 141442)
INFO:root:Loss: 32.6079 +/- 1.6068
INFO:root:Epoch no. 219 of 500 (samples: 141442)
INFO:root:Loss: 32.4234 +/- 1.2459
INFO:root:Epoch no. 220 of 500 (samples: 141442)
INFO:root:Loss: 32.3471 +/- 1.7927
INFO:root:Epoch no. 221 of 500 (samples: 141442)
INFO:root:Loss: 32.4719 +/- 1.4637
INFO:root:Epoch no. 222 of 500 (samples: 141442)
INFO:root:Loss: 32.6135 +/- 1.6513
INFO:root:Epoch no. 223 of 500 (samples: 141442)
INFO:root:Loss: 32.4005 +/- 1.2248
INFO:root:Epoch no. 224 of 500 (samples: 141442)
INFO:root:Loss: 32.2431 +/- 1.6344
INFO:root:Epoch no. 225 of 500 (samples: 141442)
INFO:root:Loss: 32.1548 +/- 1.7259
INFO:root:Epoch no. 226 of 500 (samples: 141442)
INFO:root:Loss: 32.6272 +/- 1.5882
INFO:root:Epoch no. 227 of 500 (samples: 141442)
INFO:root:Loss: 32.2722 +/- 1.721
INFO:root:Epoch no. 228 of 500 (samples: 141442)
INFO:root:Loss: 32.3622 +/- 1.5753
INFO:root:Epoch no. 229 of 500 (samples: 141442)
INFO:root:Loss: 32.3559 +/- 1.5841
INFO:root:Epoch no. 230 of 500 (samples: 141442)
INFO:root:Loss: 32.2135 +/- 1.7832
INFO:root:Epoch no. 231 of 500 (samples: 141442)
INFO:root:Loss: 32.2766 +/- 1.8486
INFO:root:Epoch no. 232 of 500 (samples: 141442)
INFO:root:Loss: 32.3294 +/- 1.7777
INFO:root:Epoch no. 233 of 500 (samples: 141442)
INFO:root:Loss: 32.2143 +/- 1.5891
INFO:root:Epoch no. 234 of 500 (samples: 141442)
INFO:root:Loss: 32.1774 +/- 1.6339
INFO:root:Epoch no. 235 of 500 (samples: 141442)
INFO:root:Loss: 32.1117 +/- 1.4463
INFO:root:Epoch no. 236 of 500 (samples: 141442)
INFO:root:Loss: 32.1453 +/- 1.5102
INFO:root:Epoch no. 237 of 500 (samples: 141442)
INFO:root:Loss: 32.2309 +/- 1.6141
INFO:root:Epoch no. 238 of 500 (samples: 141442)
INFO:root:Loss: 32.2097 +/- 1.8923
INFO:root:Epoch no. 239 of 500 (samples: 141442)
INFO:root:Loss: 32.2539 +/- 1.4016
INFO:root:Epoch no. 240 of 500 (samples: 141442)
INFO:root:Loss: 32.0311 +/- 1.5493
INFO:root:Epoch no. 241 of 500 (samples: 141442)
INFO:root:Loss: 32.0165 +/- 1.5758
INFO:root:Epoch no. 242 of 500 (samples: 141442)
INFO:root:Loss: 32.0348 +/- 1.5434
INFO:root:Epoch no. 243 of 500 (samples: 141442)
INFO:root:Loss: 32.0706 +/- 1.4932
INFO:root:Epoch no. 244 of 500 (samples: 141442)
INFO:root:Loss: 32.0531 +/- 1.4765
INFO:root:Epoch no. 245 of 500 (samples: 141442)
INFO:root:Loss: 32.1123 +/- 1.7389
INFO:root:Epoch no. 246 of 500 (samples: 141442)
INFO:root:Loss: 32.1466 +/- 1.4244
INFO:root:Epoch no. 247 of 500 (samples: 141442)
INFO:root:Loss: 32.1974 +/- 1.3254
INFO:root:Epoch no. 248 of 500 (samples: 141442)
INFO:root:Loss: 31.9946 +/- 1.4719
INFO:root:Epoch no. 249 of 500 (samples: 141442)
INFO:root:Loss: 31.9387 +/- 1.6535
INFO:root:Epoch no. 250 of 500 (samples: 141442)
INFO:root:Loss: 32.0642 +/- 1.3663
INFO:root:Epoch no. 251 of 500 (samples: 141442)
INFO:root:Loss: 32.1169 +/- 1.5473
INFO:root:Epoch no. 252 of 500 (samples: 141442)
INFO:root:Loss: 31.934 +/- 1.6439
INFO:root:Epoch no. 253 of 500 (samples: 141442)
INFO:root:Loss: 32.1038 +/- 1.7401
INFO:root:Epoch no. 254 of 500 (samples: 141442)
INFO:root:Loss: 31.8025 +/- 1.6596
INFO:root:Epoch no. 255 of 500 (samples: 141442)
INFO:root:Loss: 31.7882 +/- 1.4678
INFO:root:Epoch no. 256 of 500 (samples: 141442)
INFO:root:Loss: 31.8717 +/- 1.5508
INFO:root:Epoch no. 257 of 500 (samples: 141442)
INFO:root:Loss: 31.9781 +/- 1.5043
INFO:root:Epoch no. 258 of 500 (samples: 141442)
INFO:root:Loss: 31.9601 +/- 1.8361
INFO:root:Epoch no. 259 of 500 (samples: 141442)
INFO:root:Loss: 31.8532 +/- 1.6152
INFO:root:Epoch no. 260 of 500 (samples: 141442)
INFO:root:Loss: 31.6477 +/- 1.5162
INFO:root:Epoch no. 261 of 500 (samples: 141442)
INFO:root:Loss: 31.7123 +/- 1.7992
INFO:root:Epoch no. 262 of 500 (samples: 141442)
INFO:root:Loss: 31.8644 +/- 1.4073
INFO:root:Epoch no. 263 of 500 (samples: 141442)
INFO:root:Loss: 31.8716 +/- 1.3049
INFO:root:Epoch no. 264 of 500 (samples: 141442)
INFO:root:Loss: 31.7706 +/- 1.7832
INFO:root:Epoch no. 265 of 500 (samples: 141442)
INFO:root:Loss: 31.8295 +/- 1.6902
INFO:root:Epoch no. 266 of 500 (samples: 141442)
INFO:root:Loss: 31.894 +/- 1.5244
INFO:root:Epoch no. 267 of 500 (samples: 141442)
INFO:root:Loss: 31.9064 +/- 1.4674
INFO:root:Epoch no. 268 of 500 (samples: 141442)
INFO:root:Loss: 31.8515 +/- 1.5119
INFO:root:Epoch no. 269 of 500 (samples: 141442)
INFO:root:Loss: 31.8151 +/- 1.5558
INFO:root:Epoch no. 270 of 500 (samples: 141442)
INFO:root:Loss: 31.7671 +/- 1.3281
INFO:root:Epoch no. 271 of 500 (samples: 141442)
INFO:root:Loss: 31.5942 +/- 1.4044
INFO:root:Epoch no. 272 of 500 (samples: 141442)
INFO:root:Loss: 31.7117 +/- 1.2734
INFO:root:Epoch no. 273 of 500 (samples: 141442)
INFO:root:Loss: 31.8149 +/- 1.1858
INFO:root:Epoch no. 274 of 500 (samples: 141442)
INFO:root:Loss: 31.788 +/- 1.5273
INFO:root:Epoch no. 275 of 500 (samples: 141442)
INFO:root:Loss: 31.7933 +/- 1.3704
INFO:root:Epoch no. 276 of 500 (samples: 141442)
INFO:root:Loss: 31.6992 +/- 1.2457
INFO:root:Epoch no. 277 of 500 (samples: 141442)
INFO:root:Loss: 31.6512 +/- 1.5026
INFO:root:Epoch no. 278 of 500 (samples: 141442)
INFO:root:Loss: 31.7204 +/- 1.7943
INFO:root:Epoch no. 279 of 500 (samples: 141442)
INFO:root:Loss: 31.7095 +/- 1.5287
INFO:root:Epoch no. 280 of 500 (samples: 141442)
INFO:root:Loss: 31.6116 +/- 1.3893
INFO:root:Epoch no. 281 of 500 (samples: 141442)
INFO:root:Loss: 31.5867 +/- 1.5467
INFO:root:Epoch no. 282 of 500 (samples: 141442)
INFO:root:Loss: 31.5432 +/- 1.0564
INFO:root:Epoch no. 283 of 500 (samples: 141442)
INFO:root:Loss: 31.7246 +/- 1.6705
INFO:root:Epoch no. 284 of 500 (samples: 141442)
INFO:root:Loss: 31.6807 +/- 1.7229
INFO:root:Epoch no. 285 of 500 (samples: 141442)
INFO:root:Loss: 31.485 +/- 1.585
INFO:root:Epoch no. 286 of 500 (samples: 141442)
INFO:root:Loss: 31.6277 +/- 1.5636
INFO:root:Epoch no. 287 of 500 (samples: 141442)
INFO:root:Loss: 31.8159 +/- 1.6103
INFO:root:Epoch no. 288 of 500 (samples: 141442)
INFO:root:Loss: 31.7127 +/- 1.6382
INFO:root:Epoch no. 289 of 500 (samples: 141442)
INFO:root:Loss: 31.4959 +/- 1.4919
INFO:root:Epoch no. 290 of 500 (samples: 141442)
INFO:root:Loss: 31.8691 +/- 1.5468
INFO:root:Epoch no. 291 of 500 (samples: 141442)
INFO:root:Loss: 31.6343 +/- 1.085
INFO:root:Epoch no. 292 of 500 (samples: 141442)
INFO:root:Loss: 31.5539 +/- 1.6416
INFO:root:Epoch no. 293 of 500 (samples: 141442)
INFO:root:Loss: 31.4702 +/- 1.3462
INFO:root:Epoch no. 294 of 500 (samples: 141442)
INFO:root:Loss: 31.5556 +/- 1.3955
INFO:root:Epoch no. 295 of 500 (samples: 141442)
INFO:root:Loss: 31.6286 +/- 1.4178
INFO:root:Epoch no. 296 of 500 (samples: 141442)
INFO:root:Loss: 31.5356 +/- 1.639
INFO:root:Epoch no. 297 of 500 (samples: 141442)
INFO:root:Loss: 31.5597 +/- 1.542
INFO:root:Epoch no. 298 of 500 (samples: 141442)
INFO:root:Loss: 31.5762 +/- 1.5094
INFO:root:Epoch no. 299 of 500 (samples: 141442)
INFO:root:Loss: 31.5 +/- 1.1425
INFO:root:Epoch no. 300 of 500 (samples: 141442)
INFO:root:Loss: 31.392 +/- 1.2023
INFO:root:Epoch no. 301 of 500 (samples: 141442)
INFO:root:Loss: 31.7141 +/- 1.5282
INFO:root:Epoch no. 302 of 500 (samples: 141442)
INFO:root:Loss: 31.6552 +/- 1.4302
INFO:root:Epoch no. 303 of 500 (samples: 141442)
INFO:root:Loss: 31.3736 +/- 1.8293
INFO:root:Epoch no. 304 of 500 (samples: 141442)
INFO:root:Loss: 31.3996 +/- 1.2177
INFO:root:Epoch no. 305 of 500 (samples: 141442)
INFO:root:Loss: 31.2033 +/- 1.4544
INFO:root:Epoch no. 306 of 500 (samples: 141442)
INFO:root:Loss: 31.3502 +/- 1.3296
INFO:root:Epoch no. 307 of 500 (samples: 141442)
INFO:root:Loss: 31.2692 +/- 1.626
INFO:root:Epoch no. 308 of 500 (samples: 141442)
INFO:root:Loss: 31.5713 +/- 1.6276
INFO:root:Epoch no. 309 of 500 (samples: 141442)
INFO:root:Loss: 31.4554 +/- 1.2327
INFO:root:Epoch no. 310 of 500 (samples: 141442)
INFO:root:Loss: 31.5774 +/- 1.4041
INFO:root:Epoch no. 311 of 500 (samples: 141442)
INFO:root:Loss: 31.5072 +/- 1.3741
INFO:root:Epoch no. 312 of 500 (samples: 141442)
INFO:root:Loss: 31.7111 +/- 1.5673
INFO:root:Epoch no. 313 of 500 (samples: 141442)
INFO:root:Loss: 31.6443 +/- 1.4849
INFO:root:Epoch no. 314 of 500 (samples: 141442)
INFO:root:Loss: 31.2856 +/- 1.359
INFO:root:Epoch no. 315 of 500 (samples: 141442)
INFO:root:Loss: 31.306 +/- 1.5694
INFO:root:Epoch no. 316 of 500 (samples: 141442)
INFO:root:Loss: 31.3787 +/- 1.1271
INFO:root:Epoch no. 317 of 500 (samples: 141442)
INFO:root:Loss: 31.4704 +/- 1.6152
INFO:root:Epoch no. 318 of 500 (samples: 141442)
INFO:root:Loss: 31.4816 +/- 1.464
INFO:root:Epoch no. 319 of 500 (samples: 141442)
INFO:root:Loss: 31.2618 +/- 1.51
INFO:root:Epoch no. 320 of 500 (samples: 141442)
INFO:root:Loss: 31.4085 +/- 1.7048
INFO:root:Epoch no. 321 of 500 (samples: 141442)
INFO:root:Loss: 31.5189 +/- 1.7618
INFO:root:Epoch no. 322 of 500 (samples: 141442)
INFO:root:Loss: 31.4383 +/- 1.2991
INFO:root:Epoch no. 323 of 500 (samples: 141442)
INFO:root:Loss: 31.1436 +/- 1.5956
INFO:root:Epoch no. 324 of 500 (samples: 141442)
INFO:root:Loss: 31.361 +/- 1.3506
INFO:root:Epoch no. 325 of 500 (samples: 141442)
INFO:root:Loss: 31.3891 +/- 1.5904
INFO:root:Epoch no. 326 of 500 (samples: 141442)
INFO:root:Loss: 31.1633 +/- 1.285
INFO:root:Epoch no. 327 of 500 (samples: 141442)
INFO:root:Loss: 31.4669 +/- 1.5843
INFO:root:Epoch no. 328 of 500 (samples: 141442)
INFO:root:Loss: 31.5044 +/- 1.305
INFO:root:Epoch no. 329 of 500 (samples: 141442)
INFO:root:Loss: 31.3807 +/- 1.5506
INFO:root:Epoch no. 330 of 500 (samples: 141442)
INFO:root:Loss: 31.3802 +/- 1.4636
INFO:root:Epoch no. 331 of 500 (samples: 141442)
INFO:root:Loss: 31.2518 +/- 1.2337
INFO:root:Epoch no. 332 of 500 (samples: 141442)
INFO:root:Loss: 31.1962 +/- 1.3403
INFO:root:Epoch no. 333 of 500 (samples: 141442)
INFO:root:Loss: 31.2066 +/- 1.5369
INFO:root:Epoch no. 334 of 500 (samples: 141442)
INFO:root:Loss: 31.0933 +/- 1.1399
INFO:root:Epoch no. 335 of 500 (samples: 141442)
INFO:root:Loss: 31.2027 +/- 1.301
INFO:root:Epoch no. 336 of 500 (samples: 141442)
INFO:root:Loss: 31.0361 +/- 1.379
INFO:root:Epoch no. 337 of 500 (samples: 141442)
INFO:root:Loss: 31.4258 +/- 1.1376
INFO:root:Epoch no. 338 of 500 (samples: 141442)
INFO:root:Loss: 31.155 +/- 1.6714
INFO:root:Epoch no. 339 of 500 (samples: 141442)
INFO:root:Loss: 31.3706 +/- 1.5469
INFO:root:Epoch no. 340 of 500 (samples: 141442)
INFO:root:Loss: 31.2901 +/- 1.3525
INFO:root:Epoch no. 341 of 500 (samples: 141442)
INFO:root:Loss: 31.2173 +/- 1.2596
INFO:root:Epoch no. 342 of 500 (samples: 141442)
INFO:root:Loss: 31.2093 +/- 1.1036
INFO:root:Epoch no. 343 of 500 (samples: 141442)
INFO:root:Loss: 31.2869 +/- 1.3563
INFO:root:Epoch no. 344 of 500 (samples: 141442)
INFO:root:Loss: 31.2367 +/- 1.3012
INFO:root:Epoch no. 345 of 500 (samples: 141442)
INFO:root:Loss: 31.1883 +/- 1.7089
INFO:root:Epoch no. 346 of 500 (samples: 141442)
INFO:root:Loss: 31.2589 +/- 1.2525
INFO:root:Epoch no. 347 of 500 (samples: 141442)
INFO:root:Loss: 31.0105 +/- 1.356
INFO:root:Epoch no. 348 of 500 (samples: 141442)
INFO:root:Loss: 31.0743 +/- 1.288
INFO:root:Epoch no. 349 of 500 (samples: 141442)
INFO:root:Loss: 31.186 +/- 1.1198
INFO:root:Epoch no. 350 of 500 (samples: 141442)
INFO:root:Loss: 31.1182 +/- 1.5883
INFO:root:Epoch no. 351 of 500 (samples: 141442)
INFO:root:Loss: 31.2508 +/- 1.4673
INFO:root:Epoch no. 352 of 500 (samples: 141442)
INFO:root:Loss: 31.0386 +/- 1.4246
INFO:root:Epoch no. 353 of 500 (samples: 141442)
INFO:root:Loss: 31.0271 +/- 1.44
INFO:root:Epoch no. 354 of 500 (samples: 141442)
INFO:root:Loss: 31.1022 +/- 1.5826
INFO:root:Epoch no. 355 of 500 (samples: 141442)
INFO:root:Loss: 31.0605 +/- 1.2619
INFO:root:Epoch no. 356 of 500 (samples: 141442)
INFO:root:Loss: 31.054 +/- 1.1506
INFO:root:Epoch no. 357 of 500 (samples: 141442)
INFO:root:Loss: 31.1283 +/- 1.3087
INFO:root:Epoch no. 358 of 500 (samples: 141442)
INFO:root:Loss: 30.9976 +/- 1.4321
INFO:root:Epoch no. 359 of 500 (samples: 141442)
INFO:root:Loss: 31.0566 +/- 1.5637
INFO:root:Epoch no. 360 of 500 (samples: 141442)
INFO:root:Loss: 31.1734 +/- 1.3291
INFO:root:Epoch no. 361 of 500 (samples: 141442)
INFO:root:Loss: 30.7495 +/- 1.0007
INFO:root:Epoch no. 362 of 500 (samples: 141442)
INFO:root:Loss: 30.8977 +/- 1.4383
INFO:root:Epoch no. 363 of 500 (samples: 141442)
INFO:root:Loss: 31.0409 +/- 1.3553
INFO:root:Epoch no. 364 of 500 (samples: 141442)
INFO:root:Loss: 31.0277 +/- 1.5226
INFO:root:Epoch no. 365 of 500 (samples: 141442)
INFO:root:Loss: 30.9132 +/- 1.3116
INFO:root:Epoch no. 366 of 500 (samples: 141442)
INFO:root:Loss: 30.9239 +/- 1.4345
INFO:root:Epoch no. 367 of 500 (samples: 141442)
INFO:root:Loss: 31.2517 +/- 1.2346
INFO:root:Epoch no. 368 of 500 (samples: 141442)
INFO:root:Loss: 30.8347 +/- 1.3618
INFO:root:Epoch no. 369 of 500 (samples: 141442)
INFO:root:Loss: 31.168 +/- 1.3656
INFO:root:Epoch no. 370 of 500 (samples: 141442)
INFO:root:Loss: 30.9642 +/- 1.5226
INFO:root:Epoch no. 371 of 500 (samples: 141442)
INFO:root:Loss: 30.9289 +/- 1.4413
INFO:root:Epoch no. 372 of 500 (samples: 141442)
INFO:root:Loss: 31.0247 +/- 1.3317
INFO:root:Epoch no. 373 of 500 (samples: 141442)
INFO:root:Loss: 30.9281 +/- 1.011
INFO:root:Epoch no. 374 of 500 (samples: 141442)
INFO:root:Loss: 31.1829 +/- 1.383
INFO:root:Epoch no. 375 of 500 (samples: 141442)
INFO:root:Loss: 31.0398 +/- 1.2371
INFO:root:Epoch no. 376 of 500 (samples: 141442)
INFO:root:Loss: 30.8038 +/- 1.6779
INFO:root:Epoch no. 377 of 500 (samples: 141442)
INFO:root:Loss: 30.9121 +/- 1.1749
INFO:root:Epoch no. 378 of 500 (samples: 141442)
INFO:root:Loss: 30.9872 +/- 1.1392
INFO:root:Epoch no. 379 of 500 (samples: 141442)
INFO:root:Loss: 31.0625 +/- 1.2597
INFO:root:Epoch no. 380 of 500 (samples: 141442)
INFO:root:Loss: 30.9718 +/- 1.246
INFO:root:Epoch no. 381 of 500 (samples: 141442)
INFO:root:Loss: 31.0138 +/- 1.2588
INFO:root:Epoch no. 382 of 500 (samples: 141442)
INFO:root:Loss: 30.9522 +/- 1.2873
INFO:root:Epoch no. 383 of 500 (samples: 141442)
INFO:root:Loss: 31.061 +/- 1.1114
INFO:root:Epoch no. 384 of 500 (samples: 141442)
INFO:root:Loss: 30.9642 +/- 1.8222
INFO:root:Epoch no. 385 of 500 (samples: 141442)
INFO:root:Loss: 30.8498 +/- 1.1631
INFO:root:Epoch no. 386 of 500 (samples: 141442)
INFO:root:Loss: 31.1166 +/- 1.2412
INFO:root:Epoch no. 387 of 500 (samples: 141442)
INFO:root:Loss: 30.9794 +/- 1.2873
INFO:root:Epoch no. 388 of 500 (samples: 141442)
INFO:root:Loss: 31.0134 +/- 1.3338
INFO:root:Epoch no. 389 of 500 (samples: 141442)
INFO:root:Loss: 30.9338 +/- 1.2662
INFO:root:Epoch no. 390 of 500 (samples: 141442)
INFO:root:Loss: 30.8238 +/- 1.2882
INFO:root:Epoch no. 391 of 500 (samples: 141442)
INFO:root:Loss: 30.9779 +/- 1.4469
INFO:root:Epoch no. 392 of 500 (samples: 141442)
INFO:root:Loss: 30.7974 +/- 1.5668
INFO:root:Epoch no. 393 of 500 (samples: 141442)
INFO:root:Loss: 30.9069 +/- 1.0696
INFO:root:Epoch no. 394 of 500 (samples: 141442)
INFO:root:Loss: 30.6507 +/- 1.5957
INFO:root:Epoch no. 395 of 500 (samples: 141442)
INFO:root:Loss: 30.6472 +/- 0.9442
INFO:root:Epoch no. 396 of 500 (samples: 141442)
INFO:root:Loss: 30.844 +/- 1.5465
INFO:root:Epoch no. 397 of 500 (samples: 141442)
INFO:root:Loss: 30.8832 +/- 1.3324
INFO:root:Epoch no. 398 of 500 (samples: 141442)
INFO:root:Loss: 30.8427 +/- 1.5795
INFO:root:Epoch no. 399 of 500 (samples: 141442)
INFO:root:Loss: 30.7901 +/- 1.0969
INFO:root:Epoch no. 400 of 500 (samples: 141442)
INFO:root:Loss: 30.89 +/- 1.3271
INFO:root:Epoch no. 401 of 500 (samples: 141442)
INFO:root:Loss: 30.9246 +/- 1.1061
INFO:root:Epoch no. 402 of 500 (samples: 141442)
INFO:root:Loss: 30.7413 +/- 1.0468
INFO:root:Epoch no. 403 of 500 (samples: 141442)
INFO:root:Loss: 30.6874 +/- 1.2231
INFO:root:Epoch no. 404 of 500 (samples: 141442)
INFO:root:Loss: 30.8861 +/- 1.3497
INFO:root:Epoch no. 405 of 500 (samples: 141442)
INFO:root:Loss: 30.8248 +/- 1.4234
INFO:root:Epoch no. 406 of 500 (samples: 141442)
INFO:root:Loss: 30.9518 +/- 1.3267
INFO:root:Epoch no. 407 of 500 (samples: 141442)
INFO:root:Loss: 30.7227 +/- 1.3351
INFO:root:Epoch no. 408 of 500 (samples: 141442)
INFO:root:Loss: 30.7671 +/- 1.2488
INFO:root:Epoch no. 409 of 500 (samples: 141442)
INFO:root:Loss: 30.9352 +/- 1.292
INFO:root:Epoch no. 410 of 500 (samples: 141442)
INFO:root:Loss: 30.7123 +/- 1.3565
INFO:root:Epoch no. 411 of 500 (samples: 141442)
INFO:root:Loss: 30.9814 +/- 1.353
INFO:root:Epoch no. 412 of 500 (samples: 141442)
INFO:root:Loss: 30.67 +/- 1.145
INFO:root:Epoch no. 413 of 500 (samples: 141442)
INFO:root:Loss: 30.7404 +/- 1.1568
INFO:root:Epoch no. 414 of 500 (samples: 141442)
INFO:root:Loss: 30.7676 +/- 0.9677
INFO:root:Epoch no. 415 of 500 (samples: 141442)
INFO:root:Loss: 30.4768 +/- 1.2625
INFO:root:Epoch no. 416 of 500 (samples: 141442)
INFO:root:Loss: 30.9278 +/- 1.3241
INFO:root:Epoch no. 417 of 500 (samples: 141442)
INFO:root:Loss: 30.5849 +/- 1.0688
INFO:root:Epoch no. 418 of 500 (samples: 141442)
INFO:root:Loss: 30.9098 +/- 1.2361
INFO:root:Epoch no. 419 of 500 (samples: 141442)
INFO:root:Loss: 30.8874 +/- 1.1204
INFO:root:Epoch no. 420 of 500 (samples: 141442)
INFO:root:Loss: 30.7727 +/- 1.2974
INFO:root:Epoch no. 421 of 500 (samples: 141442)
INFO:root:Loss: 30.7317 +/- 1.225
INFO:root:Epoch no. 422 of 500 (samples: 141442)
INFO:root:Loss: 30.6438 +/- 1.1768
INFO:root:Epoch no. 423 of 500 (samples: 141442)
INFO:root:Loss: 30.3707 +/- 1.1692
INFO:root:Epoch no. 424 of 500 (samples: 141442)
INFO:root:Loss: 30.5959 +/- 1.4415
INFO:root:Epoch no. 425 of 500 (samples: 141442)
INFO:root:Loss: 30.5927 +/- 1.6837
INFO:root:Epoch no. 426 of 500 (samples: 141442)
INFO:root:Loss: 30.6801 +/- 1.5109
INFO:root:Epoch no. 427 of 500 (samples: 141442)
INFO:root:Loss: 30.8363 +/- 1.4601
INFO:root:Epoch no. 428 of 500 (samples: 141442)
INFO:root:Loss: 30.6597 +/- 1.2203
INFO:root:Epoch no. 429 of 500 (samples: 141442)
INFO:root:Loss: 30.6237 +/- 1.47
INFO:root:Epoch no. 430 of 500 (samples: 141442)
INFO:root:Loss: 30.7696 +/- 1.4385
INFO:root:Epoch no. 431 of 500 (samples: 141442)
INFO:root:Loss: 30.5671 +/- 1.3762
INFO:root:Epoch no. 432 of 500 (samples: 141442)
INFO:root:Loss: 30.5121 +/- 1.1554
INFO:root:Epoch no. 433 of 500 (samples: 141442)
INFO:root:Loss: 30.6276 +/- 1.1552
INFO:root:Epoch no. 434 of 500 (samples: 141442)
INFO:root:Loss: 30.4396 +/- 1.2796
INFO:root:Epoch no. 435 of 500 (samples: 141442)
INFO:root:Loss: 30.7473 +/- 1.2725
INFO:root:Epoch no. 436 of 500 (samples: 141442)
INFO:root:Loss: 30.6199 +/- 1.3017
INFO:root:Epoch no. 437 of 500 (samples: 141442)
INFO:root:Loss: 30.5004 +/- 1.239
INFO:root:Epoch no. 438 of 500 (samples: 141442)
INFO:root:Loss: 30.6371 +/- 1.0707
INFO:root:Epoch no. 439 of 500 (samples: 141442)
INFO:root:Loss: 30.494 +/- 0.9741
INFO:root:Epoch no. 440 of 500 (samples: 141442)
INFO:root:Loss: 30.765 +/- 1.393
INFO:root:Epoch no. 441 of 500 (samples: 141442)
INFO:root:Loss: 30.6126 +/- 1.2486
INFO:root:Epoch no. 442 of 500 (samples: 141442)
INFO:root:Loss: 30.6834 +/- 1.2755
INFO:root:Epoch no. 443 of 500 (samples: 141442)
INFO:root:Loss: 30.7821 +/- 1.2725
INFO:root:Epoch no. 444 of 500 (samples: 141442)
INFO:root:Loss: 30.7392 +/- 1.157
INFO:root:Epoch no. 445 of 500 (samples: 141442)
INFO:root:Loss: 30.7522 +/- 1.1306
INFO:root:Epoch no. 446 of 500 (samples: 141442)
INFO:root:Loss: 30.6747 +/- 1.625
INFO:root:Epoch no. 447 of 500 (samples: 141442)
INFO:root:Loss: 30.568 +/- 1.2254
INFO:root:Epoch no. 448 of 500 (samples: 141442)
INFO:root:Loss: 30.5459 +/- 1.172
INFO:root:Epoch no. 449 of 500 (samples: 141442)
INFO:root:Loss: 30.6129 +/- 1.2643
INFO:root:Epoch no. 450 of 500 (samples: 141442)
INFO:root:Loss: 30.5109 +/- 1.1726
INFO:root:Epoch no. 451 of 500 (samples: 141442)
INFO:root:Loss: 30.5885 +/- 1.1061
INFO:root:Epoch no. 452 of 500 (samples: 141442)
INFO:root:Loss: 30.6302 +/- 1.5185
INFO:root:Epoch no. 453 of 500 (samples: 141442)
INFO:root:Loss: 30.5595 +/- 1.1603
INFO:root:Epoch no. 454 of 500 (samples: 141442)
INFO:root:Loss: 30.6043 +/- 1.0033
INFO:root:Epoch no. 455 of 500 (samples: 141442)
INFO:root:Loss: 30.496 +/- 1.2815
INFO:root:Epoch no. 456 of 500 (samples: 141442)
INFO:root:Loss: 30.6247 +/- 1.3567
INFO:root:Epoch no. 457 of 500 (samples: 141442)
INFO:root:Loss: 30.5605 +/- 1.2784
INFO:root:Epoch no. 458 of 500 (samples: 141442)
INFO:root:Loss: 30.5986 +/- 1.2309
INFO:root:Epoch no. 459 of 500 (samples: 141442)
INFO:root:Loss: 30.4722 +/- 1.3181
INFO:root:Epoch no. 460 of 500 (samples: 141442)
INFO:root:Loss: 30.5934 +/- 1.2286
INFO:root:Epoch no. 461 of 500 (samples: 141442)
INFO:root:Loss: 30.5366 +/- 0.8131
INFO:root:Epoch no. 462 of 500 (samples: 141442)
INFO:root:Loss: 30.6215 +/- 1.2231
INFO:root:Epoch no. 463 of 500 (samples: 141442)
INFO:root:Loss: 30.5121 +/- 1.3005
INFO:root:Epoch no. 464 of 500 (samples: 141442)
INFO:root:Loss: 30.3495 +/- 0.996
INFO:root:Epoch no. 465 of 500 (samples: 141442)
INFO:root:Loss: 30.5189 +/- 1.2772
INFO:root:Epoch no. 466 of 500 (samples: 141442)
INFO:root:Loss: 30.4629 +/- 0.905
INFO:root:Epoch no. 467 of 500 (samples: 141442)
INFO:root:Loss: 30.5372 +/- 1.1874
INFO:root:Epoch no. 468 of 500 (samples: 141442)
INFO:root:Loss: 30.3587 +/- 1.4031
INFO:root:Epoch no. 469 of 500 (samples: 141442)
INFO:root:Loss: 30.5471 +/- 1.5742
INFO:root:Epoch no. 470 of 500 (samples: 141442)
INFO:root:Loss: 30.6948 +/- 1.3484
INFO:root:Epoch no. 471 of 500 (samples: 141442)
INFO:root:Loss: 30.5687 +/- 1.1818
INFO:root:Epoch no. 472 of 500 (samples: 141442)
INFO:root:Loss: 30.4379 +/- 1.245
INFO:root:Epoch no. 473 of 500 (samples: 141442)
INFO:root:Loss: 30.4762 +/- 1.3595
INFO:root:Epoch no. 474 of 500 (samples: 141442)
INFO:root:Loss: 30.5082 +/- 0.999
INFO:root:Epoch no. 475 of 500 (samples: 141442)
INFO:root:Loss: 30.2733 +/- 0.8821
INFO:root:Epoch no. 476 of 500 (samples: 141442)
INFO:root:Loss: 30.3341 +/- 1.2602
INFO:root:Epoch no. 477 of 500 (samples: 141442)
INFO:root:Loss: 30.3974 +/- 0.9396
INFO:root:Epoch no. 478 of 500 (samples: 141442)
INFO:root:Loss: 30.34 +/- 0.9965
INFO:root:Epoch no. 479 of 500 (samples: 141442)
INFO:root:Loss: 30.4905 +/- 1.2405
INFO:root:Epoch no. 480 of 500 (samples: 141442)
INFO:root:Loss: 30.4881 +/- 1.2384
INFO:root:Epoch no. 481 of 500 (samples: 141442)
INFO:root:Loss: 30.4195 +/- 1.1707
INFO:root:Epoch no. 482 of 500 (samples: 141442)
INFO:root:Loss: 30.3464 +/- 1.4329
INFO:root:Epoch no. 483 of 500 (samples: 141442)
INFO:root:Loss: 30.4538 +/- 0.8092
INFO:root:Epoch no. 484 of 500 (samples: 141442)
INFO:root:Loss: 30.1891 +/- 1.1124
INFO:root:Epoch no. 485 of 500 (samples: 141442)
INFO:root:Loss: 30.3694 +/- 1.2645
INFO:root:Epoch no. 486 of 500 (samples: 141442)
INFO:root:Loss: 30.3849 +/- 1.3677
INFO:root:Epoch no. 487 of 500 (samples: 141442)
INFO:root:Loss: 30.0735 +/- 1.0873
INFO:root:Epoch no. 488 of 500 (samples: 141442)
INFO:root:Loss: 30.3041 +/- 1.2456
INFO:root:Epoch no. 489 of 500 (samples: 141442)
INFO:root:Loss: 30.2634 +/- 1.2105
INFO:root:Epoch no. 490 of 500 (samples: 141442)
INFO:root:Loss: 30.4588 +/- 1.4489
INFO:root:Epoch no. 491 of 500 (samples: 141442)
INFO:root:Loss: 30.3528 +/- 1.4962
INFO:root:Epoch no. 492 of 500 (samples: 141442)
INFO:root:Loss: 30.3227 +/- 1.3585
INFO:root:Epoch no. 493 of 500 (samples: 141442)
INFO:root:Loss: 30.3964 +/- 1.2291
INFO:root:Epoch no. 494 of 500 (samples: 141442)
INFO:root:Loss: 30.3739 +/- 1.2135
INFO:root:Epoch no. 495 of 500 (samples: 141442)
INFO:root:Loss: 30.3683 +/- 1.3442
INFO:root:Epoch no. 496 of 500 (samples: 141442)
INFO:root:Loss: 30.2584 +/- 1.0312
INFO:root:Epoch no. 497 of 500 (samples: 141442)
INFO:root:Loss: 30.5163 +/- 1.2723
INFO:root:Epoch no. 498 of 500 (samples: 141442)
INFO:root:Loss: 30.313 +/- 1.2297
INFO:root:Epoch no. 499 of 500 (samples: 141442)
INFO:root:Loss: 30.3551 +/- 1.2245
INFO:root:Epoch no. 500 of 500 (samples: 141442)
INFO:root:Loss: 30.3595 +/- 0.8843
/usr/local/lib/python3.5/dist-packages/keras/backend/theano_backend.py:527: UserWarning: theano.function was asked to create a function computing outputs given certain inputs, but the provided input variable at index 2 is not part of the computational graph needed to compute the outputs: keras_learning_phase.
To make this warning into an error, you can pass the parameter on_unused_input='raise' to theano.function. To disable it completely, use on_unused_input='ignore'.
  **kwargs)
INFO:root:### MICRO (validation raw):
INFO:root:	-- left   >> mean: 187.4042, median: 7.0, mrr: 0.214, hits@1: 4.26%
INFO:root:	-- right  >> mean: 175.8808, median: 7.0, mrr: 0.211, hits@1: 4.36%
INFO:root:	-- global >> mean: 181.6425, median: 7.0, mrr: 0.212, hits@1: 4.31%
INFO:root:### MICRO (validation raw):
INFO:root:	-- left   >> mean: 187.4042, median: 7.0, mrr: 0.214, hits@3: 28.68%
INFO:root:	-- right  >> mean: 175.8808, median: 7.0, mrr: 0.211, hits@3: 27.22%
INFO:root:	-- global >> mean: 181.6425, median: 7.0, mrr: 0.212, hits@3: 27.95%
INFO:root:### MICRO (validation raw):
INFO:root:	-- left   >> mean: 187.4042, median: 7.0, mrr: 0.214, hits@5: 43.76%
INFO:root:	-- right  >> mean: 175.8808, median: 7.0, mrr: 0.211, hits@5: 42.54%
INFO:root:	-- global >> mean: 181.6425, median: 7.0, mrr: 0.212, hits@5: 43.15%
INFO:root:### MICRO (validation raw):
INFO:root:	-- left   >> mean: 187.4042, median: 7.0, mrr: 0.214, hits@10: 59.56%
INFO:root:	-- right  >> mean: 175.8808, median: 7.0, mrr: 0.211, hits@10: 59.72%
INFO:root:	-- global >> mean: 181.6425, median: 7.0, mrr: 0.212, hits@10: 59.64%
INFO:root:### MICRO (validation filtered):
INFO:root:	-- left   >> mean: 176.0994, median: 5.0, mrr: 0.269, hits@1: 6.16%
INFO:root:	-- right  >> mean: 164.1296, median: 5.0, mrr: 0.269, hits@1: 6.22%
INFO:root:	-- global >> mean: 170.1145, median: 5.0, mrr: 0.269, hits@1: 6.19%
INFO:root:### MICRO (validation filtered):
INFO:root:	-- left   >> mean: 176.0994, median: 5.0, mrr: 0.269, hits@3: 39.54%
INFO:root:	-- right  >> mean: 164.1296, median: 5.0, mrr: 0.269, hits@3: 38.76%
INFO:root:	-- global >> mean: 170.1145, median: 5.0, mrr: 0.269, hits@3: 39.15%
INFO:root:### MICRO (validation filtered):
INFO:root:	-- left   >> mean: 176.0994, median: 5.0, mrr: 0.269, hits@5: 53.34%
INFO:root:	-- right  >> mean: 164.1296, median: 5.0, mrr: 0.269, hits@5: 53.52%
INFO:root:	-- global >> mean: 170.1145, median: 5.0, mrr: 0.269, hits@5: 53.43%
INFO:root:### MICRO (validation filtered):
INFO:root:	-- left   >> mean: 176.0994, median: 5.0, mrr: 0.269, hits@10: 68.08%
INFO:root:	-- right  >> mean: 164.1296, median: 5.0, mrr: 0.269, hits@10: 68.68%
INFO:root:	-- global >> mean: 170.1145, median: 5.0, mrr: 0.269, hits@10: 68.38%
INFO:root:### MICRO (test raw):
INFO:root:	-- left   >> mean: 145.422, median: 7.0, mrr: 0.211, hits@1: 3.82%
INFO:root:	-- right  >> mean: 158.9474, median: 7.0, mrr: 0.217, hits@1: 4.24%
INFO:root:	-- global >> mean: 152.1847, median: 7.0, mrr: 0.214, hits@1: 4.03%
INFO:root:### MICRO (test raw):
INFO:root:	-- left   >> mean: 145.422, median: 7.0, mrr: 0.211, hits@3: 27.58%
INFO:root:	-- right  >> mean: 158.9474, median: 7.0, mrr: 0.217, hits@3: 28.82%
INFO:root:	-- global >> mean: 152.1847, median: 7.0, mrr: 0.214, hits@3: 28.2%
INFO:root:### MICRO (test raw):
INFO:root:	-- left   >> mean: 145.422, median: 7.0, mrr: 0.211, hits@5: 42.9%
INFO:root:	-- right  >> mean: 158.9474, median: 7.0, mrr: 0.217, hits@5: 44.12%
INFO:root:	-- global >> mean: 152.1847, median: 7.0, mrr: 0.214, hits@5: 43.51%
INFO:root:### MICRO (test raw):
INFO:root:	-- left   >> mean: 145.422, median: 7.0, mrr: 0.211, hits@10: 60.38%
INFO:root:	-- right  >> mean: 158.9474, median: 7.0, mrr: 0.217, hits@10: 61.52%
INFO:root:	-- global >> mean: 152.1847, median: 7.0, mrr: 0.214, hits@10: 60.95%
INFO:root:### MICRO (test filtered):
INFO:root:	-- left   >> mean: 133.3638, median: 5.0, mrr: 0.272, hits@1: 5.94%
INFO:root:	-- right  >> mean: 148.239, median: 5.0, mrr: 0.274, hits@1: 6.36%
INFO:root:	-- global >> mean: 140.8014, median: 5.0, mrr: 0.273, hits@1: 6.15%
INFO:root:### MICRO (test filtered):
INFO:root:	-- left   >> mean: 133.3638, median: 5.0, mrr: 0.272, hits@3: 39.34%
INFO:root:	-- right  >> mean: 148.239, median: 5.0, mrr: 0.274, hits@3: 39.84%
INFO:root:	-- global >> mean: 140.8014, median: 5.0, mrr: 0.273, hits@3: 39.59%
INFO:root:### MICRO (test filtered):
INFO:root:	-- left   >> mean: 133.3638, median: 5.0, mrr: 0.272, hits@5: 54.96%
INFO:root:	-- right  >> mean: 148.239, median: 5.0, mrr: 0.274, hits@5: 54.86%
INFO:root:	-- global >> mean: 140.8014, median: 5.0, mrr: 0.273, hits@5: 54.91%
INFO:root:### MICRO (test filtered):
INFO:root:	-- left   >> mean: 133.3638, median: 5.0, mrr: 0.272, hits@10: 69.46%
INFO:root:	-- right  >> mean: 148.239, median: 5.0, mrr: 0.274, hits@10: 70.06%
INFO:root:	-- global >> mean: 140.8014, median: 5.0, mrr: 0.273, hits@10: 69.76%
