Using Theano backend.
Using gpu device 0: GeForce GTX TITAN X (CNMeM is disabled, cuDNN not available)
INFO:root:Acquiring data/wn18/wordnet-mlj12-train.txt ..
INFO:root:Acquiring data/wn18/wordnet-mlj12-valid.txt ..
INFO:root:Acquiring data/wn18/wordnet-mlj12-test.txt ..
INFO:root:[Rules] Adding Head: 15, Tail: [(10, True)]
INFO:root:[Rules] Adding Head: 12, Tail: [(17, True)]
INFO:root:[Rules] Adding Head: 4, Tail: [(5, True)]
INFO:root:[Rules] Adding Head: 13, Tail: [(3, True)]
INFO:root:[Rules] Adding Head: 5, Tail: [(4, True)]
INFO:root:[Rules] Adding Head: 16, Tail: [(11, True)]
INFO:root:[Rules] Adding Head: 17, Tail: [(12, True)]
INFO:root:[Rules] Adding Head: 11, Tail: [(16, True)]
INFO:root:[Rules] Adding Head: 8, Tail: [(9, True)]
INFO:root:[Rules] Adding Head: 2, Tail: [(2, True)]
INFO:root:Samples: 141442, no. batches: 10 -> batch size: 14145
INFO:root:Epoch no. 1 of 500 (samples: 141442)
INFO:root:Loss: 1232.1121 +/- 76.9955
INFO:root:Epoch no. 2 of 500 (samples: 141442)
INFO:root:Loss: 1034.9165 +/- 8.5418
INFO:root:Epoch no. 3 of 500 (samples: 141442)
INFO:root:Loss: 952.4756 +/- 6.7479
INFO:root:Epoch no. 4 of 500 (samples: 141442)
INFO:root:Loss: 892.5208 +/- 6.4364
INFO:root:Epoch no. 5 of 500 (samples: 141442)
INFO:root:Loss: 846.6481 +/- 5.7397
INFO:root:Epoch no. 6 of 500 (samples: 141442)
INFO:root:Loss: 811.4291 +/- 6.1841
INFO:root:Epoch no. 7 of 500 (samples: 141442)
INFO:root:Loss: 783.2248 +/- 6.8756
INFO:root:Epoch no. 8 of 500 (samples: 141442)
INFO:root:Loss: 759.5025 +/- 7.7961
INFO:root:Epoch no. 9 of 500 (samples: 141442)
INFO:root:Loss: 741.309 +/- 8.2529
INFO:root:Epoch no. 10 of 500 (samples: 141442)
INFO:root:Loss: 726.5887 +/- 7.8461
INFO:root:Epoch no. 11 of 500 (samples: 141442)
INFO:root:Loss: 713.7001 +/- 8.2143
INFO:root:Epoch no. 12 of 500 (samples: 141442)
INFO:root:Loss: 702.7538 +/- 7.831
INFO:root:Epoch no. 13 of 500 (samples: 141442)
INFO:root:Loss: 693.0412 +/- 7.8473
INFO:root:Epoch no. 14 of 500 (samples: 141442)
INFO:root:Loss: 684.6257 +/- 8.2228
INFO:root:Epoch no. 15 of 500 (samples: 141442)
INFO:root:Loss: 677.5426 +/- 8.0677
INFO:root:Epoch no. 16 of 500 (samples: 141442)
INFO:root:Loss: 670.7436 +/- 8.2997
INFO:root:Epoch no. 17 of 500 (samples: 141442)
INFO:root:Loss: 664.7017 +/- 7.4482
INFO:root:Epoch no. 18 of 500 (samples: 141442)
INFO:root:Loss: 659.4191 +/- 7.5917
INFO:root:Epoch no. 19 of 500 (samples: 141442)
INFO:root:Loss: 654.8654 +/- 6.5851
INFO:root:Epoch no. 20 of 500 (samples: 141442)
INFO:root:Loss: 650.1682 +/- 6.9367
INFO:root:Epoch no. 21 of 500 (samples: 141442)
INFO:root:Loss: 646.1763 +/- 7.4991
INFO:root:Epoch no. 22 of 500 (samples: 141442)
INFO:root:Loss: 643.5241 +/- 6.7179
INFO:root:Epoch no. 23 of 500 (samples: 141442)
INFO:root:Loss: 639.5335 +/- 7.3751
INFO:root:Epoch no. 24 of 500 (samples: 141442)
INFO:root:Loss: 636.5093 +/- 5.8263
INFO:root:Epoch no. 25 of 500 (samples: 141442)
INFO:root:Loss: 633.2037 +/- 7.3409
INFO:root:Epoch no. 26 of 500 (samples: 141442)
INFO:root:Loss: 630.6593 +/- 5.7896
INFO:root:Epoch no. 27 of 500 (samples: 141442)
INFO:root:Loss: 628.0128 +/- 5.8471
INFO:root:Epoch no. 28 of 500 (samples: 141442)
INFO:root:Loss: 625.882 +/- 6.736
INFO:root:Epoch no. 29 of 500 (samples: 141442)
INFO:root:Loss: 623.6153 +/- 5.6258
INFO:root:Epoch no. 30 of 500 (samples: 141442)
INFO:root:Loss: 622.4004 +/- 6.3991
INFO:root:Epoch no. 31 of 500 (samples: 141442)
INFO:root:Loss: 619.2569 +/- 6.3381
INFO:root:Epoch no. 32 of 500 (samples: 141442)
INFO:root:Loss: 617.7644 +/- 6.1108
INFO:root:Epoch no. 33 of 500 (samples: 141442)
INFO:root:Loss: 615.9716 +/- 5.3222
INFO:root:Epoch no. 34 of 500 (samples: 141442)
INFO:root:Loss: 614.3643 +/- 5.3198
INFO:root:Epoch no. 35 of 500 (samples: 141442)
INFO:root:Loss: 613.1414 +/- 6.0003
INFO:root:Epoch no. 36 of 500 (samples: 141442)
INFO:root:Loss: 611.2116 +/- 5.5858
INFO:root:Epoch no. 37 of 500 (samples: 141442)
INFO:root:Loss: 609.6912 +/- 6.2921
INFO:root:Epoch no. 38 of 500 (samples: 141442)
INFO:root:Loss: 608.6033 +/- 5.9847
INFO:root:Epoch no. 39 of 500 (samples: 141442)
INFO:root:Loss: 606.7336 +/- 6.1827
INFO:root:Epoch no. 40 of 500 (samples: 141442)
INFO:root:Loss: 605.8337 +/- 6.2697
INFO:root:Epoch no. 41 of 500 (samples: 141442)
INFO:root:Loss: 604.7828 +/- 5.8356
INFO:root:Epoch no. 42 of 500 (samples: 141442)
INFO:root:Loss: 603.4148 +/- 6.3178
INFO:root:Epoch no. 43 of 500 (samples: 141442)
INFO:root:Loss: 602.5359 +/- 6.2324
INFO:root:Epoch no. 44 of 500 (samples: 141442)
INFO:root:Loss: 601.0924 +/- 4.905
INFO:root:Epoch no. 45 of 500 (samples: 141442)
INFO:root:Loss: 600.5454 +/- 6.0649
INFO:root:Epoch no. 46 of 500 (samples: 141442)
INFO:root:Loss: 599.1121 +/- 5.4513
INFO:root:Epoch no. 47 of 500 (samples: 141442)
INFO:root:Loss: 598.4753 +/- 5.4585
INFO:root:Epoch no. 48 of 500 (samples: 141442)
INFO:root:Loss: 596.9086 +/- 5.7616
INFO:root:Epoch no. 49 of 500 (samples: 141442)
INFO:root:Loss: 595.9476 +/- 5.8804
INFO:root:Epoch no. 50 of 500 (samples: 141442)
INFO:root:Loss: 595.5747 +/- 5.3187
INFO:root:Epoch no. 51 of 500 (samples: 141442)
INFO:root:Loss: 595.2213 +/- 6.1286
INFO:root:Epoch no. 52 of 500 (samples: 141442)
INFO:root:Loss: 593.3511 +/- 5.4674
INFO:root:Epoch no. 53 of 500 (samples: 141442)
INFO:root:Loss: 592.4933 +/- 5.1221
INFO:root:Epoch no. 54 of 500 (samples: 141442)
INFO:root:Loss: 592.3236 +/- 4.4886
INFO:root:Epoch no. 55 of 500 (samples: 141442)
INFO:root:Loss: 591.5414 +/- 6.2852
INFO:root:Epoch no. 56 of 500 (samples: 141442)
INFO:root:Loss: 590.5784 +/- 4.7944
INFO:root:Epoch no. 57 of 500 (samples: 141442)
INFO:root:Loss: 590.2184 +/- 5.2646
INFO:root:Epoch no. 58 of 500 (samples: 141442)
INFO:root:Loss: 589.6515 +/- 5.2637
INFO:root:Epoch no. 59 of 500 (samples: 141442)
INFO:root:Loss: 588.7917 +/- 4.7591
INFO:root:Epoch no. 60 of 500 (samples: 141442)
INFO:root:Loss: 588.6058 +/- 4.4925
INFO:root:Epoch no. 61 of 500 (samples: 141442)
INFO:root:Loss: 587.4912 +/- 5.6405
INFO:root:Epoch no. 62 of 500 (samples: 141442)
INFO:root:Loss: 587.1936 +/- 5.4716
INFO:root:Epoch no. 63 of 500 (samples: 141442)
INFO:root:Loss: 585.7219 +/- 5.628
INFO:root:Epoch no. 64 of 500 (samples: 141442)
INFO:root:Loss: 585.4501 +/- 4.7253
INFO:root:Epoch no. 65 of 500 (samples: 141442)
INFO:root:Loss: 584.9376 +/- 4.9065
INFO:root:Epoch no. 66 of 500 (samples: 141442)
INFO:root:Loss: 585.0502 +/- 3.489
INFO:root:Epoch no. 67 of 500 (samples: 141442)
INFO:root:Loss: 583.8246 +/- 4.5929
INFO:root:Epoch no. 68 of 500 (samples: 141442)
INFO:root:Loss: 583.4506 +/- 4.4161
INFO:root:Epoch no. 69 of 500 (samples: 141442)
INFO:root:Loss: 582.6557 +/- 4.3696
INFO:root:Epoch no. 70 of 500 (samples: 141442)
INFO:root:Loss: 582.5076 +/- 4.9093
INFO:root:Epoch no. 71 of 500 (samples: 141442)
INFO:root:Loss: 581.7063 +/- 4.6863
INFO:root:Epoch no. 72 of 500 (samples: 141442)
INFO:root:Loss: 581.3257 +/- 3.7348
INFO:root:Epoch no. 73 of 500 (samples: 141442)
INFO:root:Loss: 581.3743 +/- 5.4639
INFO:root:Epoch no. 74 of 500 (samples: 141442)
INFO:root:Loss: 580.6588 +/- 4.4901
INFO:root:Epoch no. 75 of 500 (samples: 141442)
INFO:root:Loss: 580.7672 +/- 4.7828
INFO:root:Epoch no. 76 of 500 (samples: 141442)
INFO:root:Loss: 579.2269 +/- 5.0387
INFO:root:Epoch no. 77 of 500 (samples: 141442)
INFO:root:Loss: 579.8669 +/- 4.5729
INFO:root:Epoch no. 78 of 500 (samples: 141442)
INFO:root:Loss: 579.1965 +/- 3.3243
INFO:root:Epoch no. 79 of 500 (samples: 141442)
INFO:root:Loss: 578.654 +/- 4.2081
INFO:root:Epoch no. 80 of 500 (samples: 141442)
INFO:root:Loss: 577.7308 +/- 4.0984
INFO:root:Epoch no. 81 of 500 (samples: 141442)
INFO:root:Loss: 577.3067 +/- 5.1651
INFO:root:Epoch no. 82 of 500 (samples: 141442)
INFO:root:Loss: 577.5961 +/- 5.6886
INFO:root:Epoch no. 83 of 500 (samples: 141442)
INFO:root:Loss: 577.1547 +/- 4.1395
INFO:root:Epoch no. 84 of 500 (samples: 141442)
INFO:root:Loss: 576.6964 +/- 4.2647
INFO:root:Epoch no. 85 of 500 (samples: 141442)
INFO:root:Loss: 576.1691 +/- 4.5705
INFO:root:Epoch no. 86 of 500 (samples: 141442)
INFO:root:Loss: 575.8617 +/- 4.3256
INFO:root:Epoch no. 87 of 500 (samples: 141442)
INFO:root:Loss: 575.5443 +/- 4.9502
INFO:root:Epoch no. 88 of 500 (samples: 141442)
INFO:root:Loss: 574.5419 +/- 4.5084
INFO:root:Epoch no. 89 of 500 (samples: 141442)
INFO:root:Loss: 574.5674 +/- 5.451
INFO:root:Epoch no. 90 of 500 (samples: 141442)
INFO:root:Loss: 573.8086 +/- 5.2376
INFO:root:Epoch no. 91 of 500 (samples: 141442)
INFO:root:Loss: 574.2417 +/- 3.9655
INFO:root:Epoch no. 92 of 500 (samples: 141442)
INFO:root:Loss: 573.76 +/- 4.8594
INFO:root:Epoch no. 93 of 500 (samples: 141442)
INFO:root:Loss: 574.0802 +/- 4.5512
INFO:root:Epoch no. 94 of 500 (samples: 141442)
INFO:root:Loss: 572.8223 +/- 3.4955
INFO:root:Epoch no. 95 of 500 (samples: 141442)
INFO:root:Loss: 572.9524 +/- 5.9099
INFO:root:Epoch no. 96 of 500 (samples: 141442)
INFO:root:Loss: 572.1004 +/- 3.7172
INFO:root:Epoch no. 97 of 500 (samples: 141442)
INFO:root:Loss: 572.484 +/- 2.7726
INFO:root:Epoch no. 98 of 500 (samples: 141442)
INFO:root:Loss: 571.7643 +/- 3.71
INFO:root:Epoch no. 99 of 500 (samples: 141442)
INFO:root:Loss: 572.1796 +/- 3.8844
INFO:root:Epoch no. 100 of 500 (samples: 141442)
INFO:root:Loss: 570.8581 +/- 3.8342
INFO:root:Epoch no. 101 of 500 (samples: 141442)
INFO:root:Loss: 571.318 +/- 4.8587
INFO:root:Epoch no. 102 of 500 (samples: 141442)
INFO:root:Loss: 570.8511 +/- 4.0954
INFO:root:Epoch no. 103 of 500 (samples: 141442)
INFO:root:Loss: 570.8569 +/- 3.7622
INFO:root:Epoch no. 104 of 500 (samples: 141442)
INFO:root:Loss: 569.891 +/- 3.7876
INFO:root:Epoch no. 105 of 500 (samples: 141442)
INFO:root:Loss: 570.5863 +/- 3.9943
INFO:root:Epoch no. 106 of 500 (samples: 141442)
INFO:root:Loss: 569.7273 +/- 4.2601
INFO:root:Epoch no. 107 of 500 (samples: 141442)
INFO:root:Loss: 569.8429 +/- 4.7005
INFO:root:Epoch no. 108 of 500 (samples: 141442)
INFO:root:Loss: 569.6959 +/- 5.5277
INFO:root:Epoch no. 109 of 500 (samples: 141442)
INFO:root:Loss: 568.8885 +/- 4.9857
INFO:root:Epoch no. 110 of 500 (samples: 141442)
INFO:root:Loss: 568.8634 +/- 4.0983
INFO:root:Epoch no. 111 of 500 (samples: 141442)
INFO:root:Loss: 569.6305 +/- 4.1895
INFO:root:Epoch no. 112 of 500 (samples: 141442)
INFO:root:Loss: 568.1626 +/- 3.7419
INFO:root:Epoch no. 113 of 500 (samples: 141442)
INFO:root:Loss: 568.5709 +/- 4.0528
INFO:root:Epoch no. 114 of 500 (samples: 141442)
INFO:root:Loss: 567.6173 +/- 4.1507
INFO:root:Epoch no. 115 of 500 (samples: 141442)
INFO:root:Loss: 568.0651 +/- 3.273
INFO:root:Epoch no. 116 of 500 (samples: 141442)
INFO:root:Loss: 568.0767 +/- 3.9048
INFO:root:Epoch no. 117 of 500 (samples: 141442)
INFO:root:Loss: 567.5315 +/- 4.718
INFO:root:Epoch no. 118 of 500 (samples: 141442)
INFO:root:Loss: 567.6009 +/- 3.7668
INFO:root:Epoch no. 119 of 500 (samples: 141442)
INFO:root:Loss: 566.6345 +/- 3.4381
INFO:root:Epoch no. 120 of 500 (samples: 141442)
INFO:root:Loss: 566.7928 +/- 3.174
INFO:root:Epoch no. 121 of 500 (samples: 141442)
INFO:root:Loss: 566.0385 +/- 4.7185
INFO:root:Epoch no. 122 of 500 (samples: 141442)
INFO:root:Loss: 566.2301 +/- 3.8647
INFO:root:Epoch no. 123 of 500 (samples: 141442)
INFO:root:Loss: 567.1071 +/- 3.6828
INFO:root:Epoch no. 124 of 500 (samples: 141442)
INFO:root:Loss: 565.9676 +/- 4.1562
INFO:root:Epoch no. 125 of 500 (samples: 141442)
INFO:root:Loss: 566.3258 +/- 3.9099
INFO:root:Epoch no. 126 of 500 (samples: 141442)
INFO:root:Loss: 565.215 +/- 3.4316
INFO:root:Epoch no. 127 of 500 (samples: 141442)
INFO:root:Loss: 565.3482 +/- 3.478
INFO:root:Epoch no. 128 of 500 (samples: 141442)
INFO:root:Loss: 565.3385 +/- 3.5215
INFO:root:Epoch no. 129 of 500 (samples: 141442)
INFO:root:Loss: 564.4181 +/- 3.5278
INFO:root:Epoch no. 130 of 500 (samples: 141442)
INFO:root:Loss: 564.8577 +/- 4.9327
INFO:root:Epoch no. 131 of 500 (samples: 141442)
INFO:root:Loss: 563.7976 +/- 3.5646
INFO:root:Epoch no. 132 of 500 (samples: 141442)
INFO:root:Loss: 564.8254 +/- 4.346
INFO:root:Epoch no. 133 of 500 (samples: 141442)
INFO:root:Loss: 564.0477 +/- 3.7557
INFO:root:Epoch no. 134 of 500 (samples: 141442)
INFO:root:Loss: 563.7854 +/- 3.8989
INFO:root:Epoch no. 135 of 500 (samples: 141442)
INFO:root:Loss: 563.7638 +/- 3.643
INFO:root:Epoch no. 136 of 500 (samples: 141442)
INFO:root:Loss: 564.2614 +/- 2.6821
INFO:root:Epoch no. 137 of 500 (samples: 141442)
INFO:root:Loss: 563.5791 +/- 3.7468
INFO:root:Epoch no. 138 of 500 (samples: 141442)
INFO:root:Loss: 562.7927 +/- 4.2782
INFO:root:Epoch no. 139 of 500 (samples: 141442)
INFO:root:Loss: 562.7089 +/- 4.2481
INFO:root:Epoch no. 140 of 500 (samples: 141442)
INFO:root:Loss: 562.8976 +/- 3.3717
INFO:root:Epoch no. 141 of 500 (samples: 141442)
INFO:root:Loss: 563.0967 +/- 2.9594
INFO:root:Epoch no. 142 of 500 (samples: 141442)
INFO:root:Loss: 563.4874 +/- 4.0055
INFO:root:Epoch no. 143 of 500 (samples: 141442)
INFO:root:Loss: 563.0004 +/- 4.1301
INFO:root:Epoch no. 144 of 500 (samples: 141442)
INFO:root:Loss: 562.5512 +/- 3.131
INFO:root:Epoch no. 145 of 500 (samples: 141442)
INFO:root:Loss: 562.3011 +/- 3.7846
INFO:root:Epoch no. 146 of 500 (samples: 141442)
INFO:root:Loss: 561.9265 +/- 3.0083
INFO:root:Epoch no. 147 of 500 (samples: 141442)
INFO:root:Loss: 561.2128 +/- 3.9706
INFO:root:Epoch no. 148 of 500 (samples: 141442)
INFO:root:Loss: 561.7781 +/- 4.0556
INFO:root:Epoch no. 149 of 500 (samples: 141442)
INFO:root:Loss: 561.8132 +/- 3.5923
INFO:root:Epoch no. 150 of 500 (samples: 141442)
INFO:root:Loss: 561.6102 +/- 3.3837
INFO:root:Epoch no. 151 of 500 (samples: 141442)
INFO:root:Loss: 561.561 +/- 3.6637
INFO:root:Epoch no. 152 of 500 (samples: 141442)
INFO:root:Loss: 561.5474 +/- 3.7987
INFO:root:Epoch no. 153 of 500 (samples: 141442)
INFO:root:Loss: 561.4194 +/- 3.7189
INFO:root:Epoch no. 154 of 500 (samples: 141442)
INFO:root:Loss: 561.3709 +/- 4.1417
INFO:root:Epoch no. 155 of 500 (samples: 141442)
INFO:root:Loss: 560.5082 +/- 3.001
INFO:root:Epoch no. 156 of 500 (samples: 141442)
INFO:root:Loss: 561.1202 +/- 2.6256
INFO:root:Epoch no. 157 of 500 (samples: 141442)
INFO:root:Loss: 560.5955 +/- 3.1837
INFO:root:Epoch no. 158 of 500 (samples: 141442)
INFO:root:Loss: 559.7957 +/- 3.4195
INFO:root:Epoch no. 159 of 500 (samples: 141442)
INFO:root:Loss: 560.4839 +/- 4.4237
INFO:root:Epoch no. 160 of 500 (samples: 141442)
INFO:root:Loss: 560.2024 +/- 3.4146
INFO:root:Epoch no. 161 of 500 (samples: 141442)
INFO:root:Loss: 560.1389 +/- 4.4875
INFO:root:Epoch no. 162 of 500 (samples: 141442)
INFO:root:Loss: 560.0448 +/- 2.8091
INFO:root:Epoch no. 163 of 500 (samples: 141442)
INFO:root:Loss: 559.76 +/- 3.9037
INFO:root:Epoch no. 164 of 500 (samples: 141442)
INFO:root:Loss: 559.604 +/- 2.4905
INFO:root:Epoch no. 165 of 500 (samples: 141442)
INFO:root:Loss: 559.9467 +/- 4.5392
INFO:root:Epoch no. 166 of 500 (samples: 141442)
INFO:root:Loss: 559.3711 +/- 4.4516
INFO:root:Epoch no. 167 of 500 (samples: 141442)
INFO:root:Loss: 559.18 +/- 3.5499
INFO:root:Epoch no. 168 of 500 (samples: 141442)
INFO:root:Loss: 559.3884 +/- 3.9465
INFO:root:Epoch no. 169 of 500 (samples: 141442)
INFO:root:Loss: 558.8398 +/- 4.025
INFO:root:Epoch no. 170 of 500 (samples: 141442)
INFO:root:Loss: 559.4616 +/- 3.6602
INFO:root:Epoch no. 171 of 500 (samples: 141442)
INFO:root:Loss: 558.6583 +/- 3.9377
INFO:root:Epoch no. 172 of 500 (samples: 141442)
INFO:root:Loss: 558.7556 +/- 3.2373
INFO:root:Epoch no. 173 of 500 (samples: 141442)
INFO:root:Loss: 558.7652 +/- 3.2515
INFO:root:Epoch no. 174 of 500 (samples: 141442)
INFO:root:Loss: 558.5377 +/- 4.9297
INFO:root:Epoch no. 175 of 500 (samples: 141442)
INFO:root:Loss: 558.1155 +/- 3.658
INFO:root:Epoch no. 176 of 500 (samples: 141442)
INFO:root:Loss: 558.4572 +/- 3.8148
INFO:root:Epoch no. 177 of 500 (samples: 141442)
INFO:root:Loss: 558.5935 +/- 3.911
INFO:root:Epoch no. 178 of 500 (samples: 141442)
INFO:root:Loss: 558.7213 +/- 3.9777
INFO:root:Epoch no. 179 of 500 (samples: 141442)
INFO:root:Loss: 558.1347 +/- 3.9905
INFO:root:Epoch no. 180 of 500 (samples: 141442)
INFO:root:Loss: 557.6808 +/- 3.4623
INFO:root:Epoch no. 181 of 500 (samples: 141442)
INFO:root:Loss: 557.2025 +/- 3.7037
INFO:root:Epoch no. 182 of 500 (samples: 141442)
INFO:root:Loss: 556.9496 +/- 4.2069
INFO:root:Epoch no. 183 of 500 (samples: 141442)
INFO:root:Loss: 557.5383 +/- 2.93
INFO:root:Epoch no. 184 of 500 (samples: 141442)
INFO:root:Loss: 557.2784 +/- 3.7099
INFO:root:Epoch no. 185 of 500 (samples: 141442)
INFO:root:Loss: 558.1902 +/- 3.8494
INFO:root:Epoch no. 186 of 500 (samples: 141442)
INFO:root:Loss: 557.2042 +/- 2.8199
INFO:root:Epoch no. 187 of 500 (samples: 141442)
INFO:root:Loss: 557.1995 +/- 3.7827
INFO:root:Epoch no. 188 of 500 (samples: 141442)
INFO:root:Loss: 557.1431 +/- 3.0596
INFO:root:Epoch no. 189 of 500 (samples: 141442)
INFO:root:Loss: 557.5837 +/- 2.7117
INFO:root:Epoch no. 190 of 500 (samples: 141442)
INFO:root:Loss: 556.5657 +/- 3.469
INFO:root:Epoch no. 191 of 500 (samples: 141442)
INFO:root:Loss: 557.039 +/- 3.1573
INFO:root:Epoch no. 192 of 500 (samples: 141442)
INFO:root:Loss: 557.1429 +/- 3.5642
INFO:root:Epoch no. 193 of 500 (samples: 141442)
INFO:root:Loss: 557.2391 +/- 3.4462
INFO:root:Epoch no. 194 of 500 (samples: 141442)
INFO:root:Loss: 556.9205 +/- 3.1696
INFO:root:Epoch no. 195 of 500 (samples: 141442)
INFO:root:Loss: 556.1362 +/- 3.4594
INFO:root:Epoch no. 196 of 500 (samples: 141442)
INFO:root:Loss: 556.3102 +/- 3.0889
INFO:root:Epoch no. 197 of 500 (samples: 141442)
INFO:root:Loss: 556.3045 +/- 2.3431
INFO:root:Epoch no. 198 of 500 (samples: 141442)
INFO:root:Loss: 556.1761 +/- 2.7138
INFO:root:Epoch no. 199 of 500 (samples: 141442)
INFO:root:Loss: 555.9748 +/- 3.3211
INFO:root:Epoch no. 200 of 500 (samples: 141442)
INFO:root:Loss: 556.3848 +/- 2.9068
INFO:root:Epoch no. 201 of 500 (samples: 141442)
INFO:root:Loss: 555.6658 +/- 4.0248
INFO:root:Epoch no. 202 of 500 (samples: 141442)
INFO:root:Loss: 555.8253 +/- 2.2275
INFO:root:Epoch no. 203 of 500 (samples: 141442)
INFO:root:Loss: 555.4163 +/- 3.2404
INFO:root:Epoch no. 204 of 500 (samples: 141442)
INFO:root:Loss: 555.2593 +/- 3.032
INFO:root:Epoch no. 205 of 500 (samples: 141442)
INFO:root:Loss: 555.1278 +/- 3.612
INFO:root:Epoch no. 206 of 500 (samples: 141442)
INFO:root:Loss: 555.2151 +/- 4.3126
INFO:root:Epoch no. 207 of 500 (samples: 141442)
INFO:root:Loss: 555.0816 +/- 3.2437
INFO:root:Epoch no. 208 of 500 (samples: 141442)
INFO:root:Loss: 556.0316 +/- 3.5495
INFO:root:Epoch no. 209 of 500 (samples: 141442)
INFO:root:Loss: 554.9202 +/- 4.189
INFO:root:Epoch no. 210 of 500 (samples: 141442)
INFO:root:Loss: 555.1627 +/- 3.2975
INFO:root:Epoch no. 211 of 500 (samples: 141442)
INFO:root:Loss: 554.6507 +/- 3.3837
INFO:root:Epoch no. 212 of 500 (samples: 141442)
INFO:root:Loss: 554.2123 +/- 3.666
INFO:root:Epoch no. 213 of 500 (samples: 141442)
INFO:root:Loss: 555.2023 +/- 3.7102
INFO:root:Epoch no. 214 of 500 (samples: 141442)
INFO:root:Loss: 554.4768 +/- 2.9506
INFO:root:Epoch no. 215 of 500 (samples: 141442)
INFO:root:Loss: 554.9022 +/- 3.1221
INFO:root:Epoch no. 216 of 500 (samples: 141442)
INFO:root:Loss: 554.4399 +/- 3.1854
INFO:root:Epoch no. 217 of 500 (samples: 141442)
INFO:root:Loss: 554.9122 +/- 4.3643
INFO:root:Epoch no. 218 of 500 (samples: 141442)
INFO:root:Loss: 554.7198 +/- 2.3035
INFO:root:Epoch no. 219 of 500 (samples: 141442)
INFO:root:Loss: 554.6025 +/- 2.478
INFO:root:Epoch no. 220 of 500 (samples: 141442)
INFO:root:Loss: 553.9806 +/- 3.3654
INFO:root:Epoch no. 221 of 500 (samples: 141442)
INFO:root:Loss: 555.1184 +/- 2.3971
INFO:root:Epoch no. 222 of 500 (samples: 141442)
INFO:root:Loss: 555.0851 +/- 3.7126
INFO:root:Epoch no. 223 of 500 (samples: 141442)
INFO:root:Loss: 554.3683 +/- 2.8054
INFO:root:Epoch no. 224 of 500 (samples: 141442)
INFO:root:Loss: 554.495 +/- 3.1559
INFO:root:Epoch no. 225 of 500 (samples: 141442)
INFO:root:Loss: 553.4879 +/- 4.6949
INFO:root:Epoch no. 226 of 500 (samples: 141442)
INFO:root:Loss: 554.1355 +/- 3.2983
INFO:root:Epoch no. 227 of 500 (samples: 141442)
INFO:root:Loss: 553.9895 +/- 3.7005
INFO:root:Epoch no. 228 of 500 (samples: 141442)
INFO:root:Loss: 553.8954 +/- 3.0646
INFO:root:Epoch no. 229 of 500 (samples: 141442)
INFO:root:Loss: 553.6044 +/- 2.9198
INFO:root:Epoch no. 230 of 500 (samples: 141442)
INFO:root:Loss: 553.413 +/- 3.5137
INFO:root:Epoch no. 231 of 500 (samples: 141442)
INFO:root:Loss: 553.3997 +/- 3.5809
INFO:root:Epoch no. 232 of 500 (samples: 141442)
INFO:root:Loss: 553.3908 +/- 4.1507
INFO:root:Epoch no. 233 of 500 (samples: 141442)
INFO:root:Loss: 553.4867 +/- 3.5883
INFO:root:Epoch no. 234 of 500 (samples: 141442)
INFO:root:Loss: 553.8484 +/- 3.4076
INFO:root:Epoch no. 235 of 500 (samples: 141442)
INFO:root:Loss: 552.7521 +/- 3.1869
INFO:root:Epoch no. 236 of 500 (samples: 141442)
INFO:root:Loss: 553.1712 +/- 2.713
INFO:root:Epoch no. 237 of 500 (samples: 141442)
INFO:root:Loss: 553.053 +/- 2.9442
INFO:root:Epoch no. 238 of 500 (samples: 141442)
INFO:root:Loss: 553.4703 +/- 3.4887
INFO:root:Epoch no. 239 of 500 (samples: 141442)
INFO:root:Loss: 553.2274 +/- 2.4032
INFO:root:Epoch no. 240 of 500 (samples: 141442)
INFO:root:Loss: 552.5403 +/- 2.7246
INFO:root:Epoch no. 241 of 500 (samples: 141442)
INFO:root:Loss: 552.3953 +/- 3.675
INFO:root:Epoch no. 242 of 500 (samples: 141442)
INFO:root:Loss: 552.8153 +/- 3.0557
INFO:root:Epoch no. 243 of 500 (samples: 141442)
INFO:root:Loss: 552.8041 +/- 2.4943
INFO:root:Epoch no. 244 of 500 (samples: 141442)
INFO:root:Loss: 552.42 +/- 2.8212
INFO:root:Epoch no. 245 of 500 (samples: 141442)
INFO:root:Loss: 552.7752 +/- 3.2286
INFO:root:Epoch no. 246 of 500 (samples: 141442)
INFO:root:Loss: 552.8221 +/- 3.1474
INFO:root:Epoch no. 247 of 500 (samples: 141442)
INFO:root:Loss: 552.486 +/- 1.9709
INFO:root:Epoch no. 248 of 500 (samples: 141442)
INFO:root:Loss: 551.8732 +/- 2.3061
INFO:root:Epoch no. 249 of 500 (samples: 141442)
INFO:root:Loss: 552.0335 +/- 4.4158
INFO:root:Epoch no. 250 of 500 (samples: 141442)
INFO:root:Loss: 552.4256 +/- 2.6265
INFO:root:Epoch no. 251 of 500 (samples: 141442)
INFO:root:Loss: 551.9938 +/- 3.1565
INFO:root:Epoch no. 252 of 500 (samples: 141442)
INFO:root:Loss: 552.1144 +/- 3.0635
INFO:root:Epoch no. 253 of 500 (samples: 141442)
INFO:root:Loss: 552.3193 +/- 3.755
INFO:root:Epoch no. 254 of 500 (samples: 141442)
INFO:root:Loss: 551.3932 +/- 3.152
INFO:root:Epoch no. 255 of 500 (samples: 141442)
INFO:root:Loss: 551.7583 +/- 2.254
INFO:root:Epoch no. 256 of 500 (samples: 141442)
INFO:root:Loss: 551.7171 +/- 2.3201
INFO:root:Epoch no. 257 of 500 (samples: 141442)
INFO:root:Loss: 552.0995 +/- 4.3645
INFO:root:Epoch no. 258 of 500 (samples: 141442)
INFO:root:Loss: 551.8178 +/- 3.9019
INFO:root:Epoch no. 259 of 500 (samples: 141442)
INFO:root:Loss: 550.9195 +/- 4.0367
INFO:root:Epoch no. 260 of 500 (samples: 141442)
INFO:root:Loss: 550.9259 +/- 3.1134
INFO:root:Epoch no. 261 of 500 (samples: 141442)
INFO:root:Loss: 551.0941 +/- 3.744
INFO:root:Epoch no. 262 of 500 (samples: 141442)
INFO:root:Loss: 551.5395 +/- 2.1853
INFO:root:Epoch no. 263 of 500 (samples: 141442)
INFO:root:Loss: 552.088 +/- 2.5879
INFO:root:Epoch no. 264 of 500 (samples: 141442)
INFO:root:Loss: 550.7915 +/- 3.2014
INFO:root:Epoch no. 265 of 500 (samples: 141442)
INFO:root:Loss: 551.4215 +/- 3.3404
INFO:root:Epoch no. 266 of 500 (samples: 141442)
INFO:root:Loss: 551.4018 +/- 3.3106
INFO:root:Epoch no. 267 of 500 (samples: 141442)
INFO:root:Loss: 550.7811 +/- 2.5315
INFO:root:Epoch no. 268 of 500 (samples: 141442)
INFO:root:Loss: 550.7132 +/- 3.4158
INFO:root:Epoch no. 269 of 500 (samples: 141442)
INFO:root:Loss: 550.6942 +/- 4.1351
INFO:root:Epoch no. 270 of 500 (samples: 141442)
INFO:root:Loss: 550.9684 +/- 2.2626
INFO:root:Epoch no. 271 of 500 (samples: 141442)
INFO:root:Loss: 550.9614 +/- 2.9583
INFO:root:Epoch no. 272 of 500 (samples: 141442)
INFO:root:Loss: 550.2517 +/- 3.032
INFO:root:Epoch no. 273 of 500 (samples: 141442)
INFO:root:Loss: 550.9228 +/- 3.4973
INFO:root:Epoch no. 274 of 500 (samples: 141442)
INFO:root:Loss: 551.099 +/- 3.3465
INFO:root:Epoch no. 275 of 500 (samples: 141442)
INFO:root:Loss: 550.8938 +/- 2.7728
INFO:root:Epoch no. 276 of 500 (samples: 141442)
INFO:root:Loss: 550.7449 +/- 2.5691
INFO:root:Epoch no. 277 of 500 (samples: 141442)
INFO:root:Loss: 550.4918 +/- 2.9216
INFO:root:Epoch no. 278 of 500 (samples: 141442)
INFO:root:Loss: 550.7515 +/- 3.3394
INFO:root:Epoch no. 279 of 500 (samples: 141442)
INFO:root:Loss: 550.8462 +/- 3.0118
INFO:root:Epoch no. 280 of 500 (samples: 141442)
INFO:root:Loss: 550.4434 +/- 3.4175
INFO:root:Epoch no. 281 of 500 (samples: 141442)
INFO:root:Loss: 550.4392 +/- 2.7056
INFO:root:Epoch no. 282 of 500 (samples: 141442)
INFO:root:Loss: 550.1937 +/- 2.5568
INFO:root:Epoch no. 283 of 500 (samples: 141442)
INFO:root:Loss: 550.1909 +/- 3.6734
INFO:root:Epoch no. 284 of 500 (samples: 141442)
INFO:root:Loss: 550.3416 +/- 3.8214
INFO:root:Epoch no. 285 of 500 (samples: 141442)
INFO:root:Loss: 549.925 +/- 3.7071
INFO:root:Epoch no. 286 of 500 (samples: 141442)
INFO:root:Loss: 550.7653 +/- 2.8118
INFO:root:Epoch no. 287 of 500 (samples: 141442)
INFO:root:Loss: 550.2409 +/- 3.5639
INFO:root:Epoch no. 288 of 500 (samples: 141442)
INFO:root:Loss: 550.8715 +/- 3.8306
INFO:root:Epoch no. 289 of 500 (samples: 141442)
INFO:root:Loss: 550.1168 +/- 2.7543
INFO:root:Epoch no. 290 of 500 (samples: 141442)
INFO:root:Loss: 550.5302 +/- 3.401
INFO:root:Epoch no. 291 of 500 (samples: 141442)
INFO:root:Loss: 550.1614 +/- 2.9288
INFO:root:Epoch no. 292 of 500 (samples: 141442)
INFO:root:Loss: 549.6013 +/- 3.303
INFO:root:Epoch no. 293 of 500 (samples: 141442)
INFO:root:Loss: 549.6284 +/- 3.0681
INFO:root:Epoch no. 294 of 500 (samples: 141442)
INFO:root:Loss: 549.9922 +/- 2.1802
INFO:root:Epoch no. 295 of 500 (samples: 141442)
INFO:root:Loss: 549.8484 +/- 2.9287
INFO:root:Epoch no. 296 of 500 (samples: 141442)
INFO:root:Loss: 549.8215 +/- 3.3586
INFO:root:Epoch no. 297 of 500 (samples: 141442)
INFO:root:Loss: 550.1892 +/- 3.3817
INFO:root:Epoch no. 298 of 500 (samples: 141442)
INFO:root:Loss: 549.8515 +/- 3.0481
INFO:root:Epoch no. 299 of 500 (samples: 141442)
INFO:root:Loss: 549.901 +/- 2.1373
INFO:root:Epoch no. 300 of 500 (samples: 141442)
INFO:root:Loss: 548.8638 +/- 2.4563
INFO:root:Epoch no. 301 of 500 (samples: 141442)
INFO:root:Loss: 550.3182 +/- 3.5183
INFO:root:Epoch no. 302 of 500 (samples: 141442)
INFO:root:Loss: 549.4135 +/- 1.9721
INFO:root:Epoch no. 303 of 500 (samples: 141442)
INFO:root:Loss: 549.644 +/- 3.8747
INFO:root:Epoch no. 304 of 500 (samples: 141442)
INFO:root:Loss: 549.7198 +/- 2.2648
INFO:root:Epoch no. 305 of 500 (samples: 141442)
INFO:root:Loss: 548.7953 +/- 2.6829
INFO:root:Epoch no. 306 of 500 (samples: 141442)
INFO:root:Loss: 549.2707 +/- 2.7008
INFO:root:Epoch no. 307 of 500 (samples: 141442)
INFO:root:Loss: 548.9265 +/- 3.5836
INFO:root:Epoch no. 308 of 500 (samples: 141442)
INFO:root:Loss: 549.3161 +/- 3.8981
INFO:root:Epoch no. 309 of 500 (samples: 141442)
INFO:root:Loss: 549.0434 +/- 2.3312
INFO:root:Epoch no. 310 of 500 (samples: 141442)
INFO:root:Loss: 549.3734 +/- 3.9438
INFO:root:Epoch no. 311 of 500 (samples: 141442)
INFO:root:Loss: 548.9388 +/- 2.1718
INFO:root:Epoch no. 312 of 500 (samples: 141442)
INFO:root:Loss: 550.1806 +/- 3.3864
INFO:root:Epoch no. 313 of 500 (samples: 141442)
INFO:root:Loss: 549.0299 +/- 2.603
INFO:root:Epoch no. 314 of 500 (samples: 141442)
INFO:root:Loss: 548.7968 +/- 2.1825
INFO:root:Epoch no. 315 of 500 (samples: 141442)
INFO:root:Loss: 548.9708 +/- 3.4927
INFO:root:Epoch no. 316 of 500 (samples: 141442)
INFO:root:Loss: 548.7115 +/- 1.6318
INFO:root:Epoch no. 317 of 500 (samples: 141442)
INFO:root:Loss: 548.7498 +/- 3.3992
INFO:root:Epoch no. 318 of 500 (samples: 141442)
INFO:root:Loss: 548.7072 +/- 2.5366
INFO:root:Epoch no. 319 of 500 (samples: 141442)
INFO:root:Loss: 548.3642 +/- 4.204
INFO:root:Epoch no. 320 of 500 (samples: 141442)
INFO:root:Loss: 548.5187 +/- 3.3546
INFO:root:Epoch no. 321 of 500 (samples: 141442)
INFO:root:Loss: 548.9016 +/- 3.4957
INFO:root:Epoch no. 322 of 500 (samples: 141442)
INFO:root:Loss: 548.3975 +/- 3.107
INFO:root:Epoch no. 323 of 500 (samples: 141442)
INFO:root:Loss: 548.3445 +/- 3.9529
INFO:root:Epoch no. 324 of 500 (samples: 141442)
INFO:root:Loss: 548.9013 +/- 2.9993
INFO:root:Epoch no. 325 of 500 (samples: 141442)
INFO:root:Loss: 548.6678 +/- 3.4367
INFO:root:Epoch no. 326 of 500 (samples: 141442)
INFO:root:Loss: 548.1632 +/- 2.5482
INFO:root:Epoch no. 327 of 500 (samples: 141442)
INFO:root:Loss: 548.6278 +/- 3.6396
INFO:root:Epoch no. 328 of 500 (samples: 141442)
INFO:root:Loss: 548.627 +/- 3.379
INFO:root:Epoch no. 329 of 500 (samples: 141442)
INFO:root:Loss: 548.8434 +/- 4.0023
INFO:root:Epoch no. 330 of 500 (samples: 141442)
INFO:root:Loss: 548.4129 +/- 3.0003
INFO:root:Epoch no. 331 of 500 (samples: 141442)
INFO:root:Loss: 548.5987 +/- 3.0453
INFO:root:Epoch no. 332 of 500 (samples: 141442)
INFO:root:Loss: 548.0075 +/- 3.019
INFO:root:Epoch no. 333 of 500 (samples: 141442)
INFO:root:Loss: 548.0447 +/- 3.3493
INFO:root:Epoch no. 334 of 500 (samples: 141442)
INFO:root:Loss: 548.0529 +/- 2.196
INFO:root:Epoch no. 335 of 500 (samples: 141442)
INFO:root:Loss: 547.8363 +/- 2.999
INFO:root:Epoch no. 336 of 500 (samples: 141442)
INFO:root:Loss: 546.9938 +/- 3.2341
INFO:root:Epoch no. 337 of 500 (samples: 141442)
INFO:root:Loss: 548.3943 +/- 2.123
INFO:root:Epoch no. 338 of 500 (samples: 141442)
INFO:root:Loss: 548.1546 +/- 3.088
INFO:root:Epoch no. 339 of 500 (samples: 141442)
INFO:root:Loss: 548.5368 +/- 2.3029
INFO:root:Epoch no. 340 of 500 (samples: 141442)
INFO:root:Loss: 547.8407 +/- 2.0218
INFO:root:Epoch no. 341 of 500 (samples: 141442)
INFO:root:Loss: 548.2068 +/- 2.9252
INFO:root:Epoch no. 342 of 500 (samples: 141442)
INFO:root:Loss: 547.8281 +/- 2.7534
INFO:root:Epoch no. 343 of 500 (samples: 141442)
INFO:root:Loss: 547.9821 +/- 3.3504
INFO:root:Epoch no. 344 of 500 (samples: 141442)
INFO:root:Loss: 547.747 +/- 3.8069
INFO:root:Epoch no. 345 of 500 (samples: 141442)
INFO:root:Loss: 548.0144 +/- 3.7766
INFO:root:Epoch no. 346 of 500 (samples: 141442)
INFO:root:Loss: 547.7034 +/- 3.6791
INFO:root:Epoch no. 347 of 500 (samples: 141442)
INFO:root:Loss: 547.1845 +/- 2.3458
INFO:root:Epoch no. 348 of 500 (samples: 141442)
INFO:root:Loss: 547.2489 +/- 2.5506
INFO:root:Epoch no. 349 of 500 (samples: 141442)
INFO:root:Loss: 546.6216 +/- 2.8216
INFO:root:Epoch no. 350 of 500 (samples: 141442)
INFO:root:Loss: 547.3811 +/- 3.6785
INFO:root:Epoch no. 351 of 500 (samples: 141442)
INFO:root:Loss: 547.7073 +/- 2.6561
INFO:root:Epoch no. 352 of 500 (samples: 141442)
INFO:root:Loss: 547.2034 +/- 3.8358
INFO:root:Epoch no. 353 of 500 (samples: 141442)
INFO:root:Loss: 547.4993 +/- 3.2549
INFO:root:Epoch no. 354 of 500 (samples: 141442)
INFO:root:Loss: 547.2782 +/- 2.7992
INFO:root:Epoch no. 355 of 500 (samples: 141442)
INFO:root:Loss: 547.4505 +/- 2.3752
INFO:root:Epoch no. 356 of 500 (samples: 141442)
INFO:root:Loss: 546.9213 +/- 2.0458
INFO:root:Epoch no. 357 of 500 (samples: 141442)
INFO:root:Loss: 547.8594 +/- 3.5035
INFO:root:Epoch no. 358 of 500 (samples: 141442)
INFO:root:Loss: 546.7692 +/- 3.2247
INFO:root:Epoch no. 359 of 500 (samples: 141442)
INFO:root:Loss: 547.1055 +/- 3.2732
INFO:root:Epoch no. 360 of 500 (samples: 141442)
INFO:root:Loss: 547.3477 +/- 2.7925
INFO:root:Epoch no. 361 of 500 (samples: 141442)
INFO:root:Loss: 546.6318 +/- 3.0865
INFO:root:Epoch no. 362 of 500 (samples: 141442)
INFO:root:Loss: 546.3934 +/- 3.4082
INFO:root:Epoch no. 363 of 500 (samples: 141442)
INFO:root:Loss: 547.4622 +/- 3.6679
INFO:root:Epoch no. 364 of 500 (samples: 141442)
INFO:root:Loss: 546.4785 +/- 3.2451
INFO:root:Epoch no. 365 of 500 (samples: 141442)
INFO:root:Loss: 546.3372 +/- 2.4396
INFO:root:Epoch no. 366 of 500 (samples: 141442)
INFO:root:Loss: 546.533 +/- 2.5825
INFO:root:Epoch no. 367 of 500 (samples: 141442)
INFO:root:Loss: 547.9492 +/- 2.1249
INFO:root:Epoch no. 368 of 500 (samples: 141442)
INFO:root:Loss: 546.5086 +/- 2.0923
INFO:root:Epoch no. 369 of 500 (samples: 141442)
INFO:root:Loss: 547.0488 +/- 3.2108
INFO:root:Epoch no. 370 of 500 (samples: 141442)
INFO:root:Loss: 546.5488 +/- 2.1767
INFO:root:Epoch no. 371 of 500 (samples: 141442)
INFO:root:Loss: 547.2013 +/- 3.2391
INFO:root:Epoch no. 372 of 500 (samples: 141442)
INFO:root:Loss: 546.6767 +/- 2.5626
INFO:root:Epoch no. 373 of 500 (samples: 141442)
INFO:root:Loss: 546.9997 +/- 3.1179
INFO:root:Epoch no. 374 of 500 (samples: 141442)
INFO:root:Loss: 546.8513 +/- 2.8108
INFO:root:Epoch no. 375 of 500 (samples: 141442)
INFO:root:Loss: 546.1473 +/- 2.5265
INFO:root:Epoch no. 376 of 500 (samples: 141442)
INFO:root:Loss: 545.8262 +/- 3.7434
INFO:root:Epoch no. 377 of 500 (samples: 141442)
INFO:root:Loss: 546.1866 +/- 3.1085
INFO:root:Epoch no. 378 of 500 (samples: 141442)
INFO:root:Loss: 546.8503 +/- 3.2746
INFO:root:Epoch no. 379 of 500 (samples: 141442)
INFO:root:Loss: 546.4823 +/- 2.8845
INFO:root:Epoch no. 380 of 500 (samples: 141442)
INFO:root:Loss: 546.6293 +/- 3.3001
INFO:root:Epoch no. 381 of 500 (samples: 141442)
INFO:root:Loss: 546.6466 +/- 2.9513
INFO:root:Epoch no. 382 of 500 (samples: 141442)
INFO:root:Loss: 545.9822 +/- 3.3718
INFO:root:Epoch no. 383 of 500 (samples: 141442)
INFO:root:Loss: 546.4364 +/- 2.4125
INFO:root:Epoch no. 384 of 500 (samples: 141442)
INFO:root:Loss: 546.2995 +/- 4.8108
INFO:root:Epoch no. 385 of 500 (samples: 141442)
INFO:root:Loss: 546.4804 +/- 2.798
INFO:root:Epoch no. 386 of 500 (samples: 141442)
INFO:root:Loss: 546.3784 +/- 2.0115
INFO:root:Epoch no. 387 of 500 (samples: 141442)
INFO:root:Loss: 546.1493 +/- 2.5742
INFO:root:Epoch no. 388 of 500 (samples: 141442)
INFO:root:Loss: 546.419 +/- 2.5987
INFO:root:Epoch no. 389 of 500 (samples: 141442)
INFO:root:Loss: 546.2628 +/- 2.5851
INFO:root:Epoch no. 390 of 500 (samples: 141442)
INFO:root:Loss: 546.1391 +/- 2.4424
INFO:root:Epoch no. 391 of 500 (samples: 141442)
INFO:root:Loss: 546.2992 +/- 2.5912
INFO:root:Epoch no. 392 of 500 (samples: 141442)
INFO:root:Loss: 545.9522 +/- 3.5962
INFO:root:Epoch no. 393 of 500 (samples: 141442)
INFO:root:Loss: 545.8004 +/- 2.683
INFO:root:Epoch no. 394 of 500 (samples: 141442)
INFO:root:Loss: 545.9109 +/- 3.8453
INFO:root:Epoch no. 395 of 500 (samples: 141442)
INFO:root:Loss: 545.3034 +/- 2.0146
INFO:root:Epoch no. 396 of 500 (samples: 141442)
INFO:root:Loss: 545.9313 +/- 3.0442
INFO:root:Epoch no. 397 of 500 (samples: 141442)
INFO:root:Loss: 546.1566 +/- 3.1276
INFO:root:Epoch no. 398 of 500 (samples: 141442)
INFO:root:Loss: 546.1069 +/- 3.8517
INFO:root:Epoch no. 399 of 500 (samples: 141442)
INFO:root:Loss: 545.6444 +/- 2.7052
INFO:root:Epoch no. 400 of 500 (samples: 141442)
INFO:root:Loss: 545.8156 +/- 2.3116
INFO:root:Epoch no. 401 of 500 (samples: 141442)
INFO:root:Loss: 546.3486 +/- 2.5533
INFO:root:Epoch no. 402 of 500 (samples: 141442)
INFO:root:Loss: 545.5922 +/- 2.458
INFO:root:Epoch no. 403 of 500 (samples: 141442)
INFO:root:Loss: 544.9673 +/- 3.6235
INFO:root:Epoch no. 404 of 500 (samples: 141442)
INFO:root:Loss: 546.0795 +/- 1.9984
INFO:root:Epoch no. 405 of 500 (samples: 141442)
INFO:root:Loss: 545.3872 +/- 4.4287
INFO:root:Epoch no. 406 of 500 (samples: 141442)
INFO:root:Loss: 546.8892 +/- 3.1197
INFO:root:Epoch no. 407 of 500 (samples: 141442)
INFO:root:Loss: 545.698 +/- 2.3549
INFO:root:Epoch no. 408 of 500 (samples: 141442)
INFO:root:Loss: 545.7195 +/- 2.6046
INFO:root:Epoch no. 409 of 500 (samples: 141442)
INFO:root:Loss: 546.029 +/- 2.5308
INFO:root:Epoch no. 410 of 500 (samples: 141442)
INFO:root:Loss: 545.4757 +/- 2.6319
INFO:root:Epoch no. 411 of 500 (samples: 141442)
INFO:root:Loss: 546.0676 +/- 2.9663
INFO:root:Epoch no. 412 of 500 (samples: 141442)
INFO:root:Loss: 544.5681 +/- 2.3334
INFO:root:Epoch no. 413 of 500 (samples: 141442)
INFO:root:Loss: 545.2673 +/- 2.4742
INFO:root:Epoch no. 414 of 500 (samples: 141442)
INFO:root:Loss: 545.4744 +/- 2.8841
INFO:root:Epoch no. 415 of 500 (samples: 141442)
INFO:root:Loss: 544.9477 +/- 2.8199
INFO:root:Epoch no. 416 of 500 (samples: 141442)
INFO:root:Loss: 546.1178 +/- 2.6978
INFO:root:Epoch no. 417 of 500 (samples: 141442)
INFO:root:Loss: 545.395 +/- 2.7318
INFO:root:Epoch no. 418 of 500 (samples: 141442)
INFO:root:Loss: 545.6606 +/- 2.6116
INFO:root:Epoch no. 419 of 500 (samples: 141442)
INFO:root:Loss: 545.6364 +/- 2.2729
INFO:root:Epoch no. 420 of 500 (samples: 141442)
INFO:root:Loss: 545.6564 +/- 1.6743
INFO:root:Epoch no. 421 of 500 (samples: 141442)
INFO:root:Loss: 545.4873 +/- 3.1576
INFO:root:Epoch no. 422 of 500 (samples: 141442)
INFO:root:Loss: 544.7854 +/- 2.4994
INFO:root:Epoch no. 423 of 500 (samples: 141442)
INFO:root:Loss: 544.3645 +/- 2.8194
INFO:root:Epoch no. 424 of 500 (samples: 141442)
INFO:root:Loss: 545.0136 +/- 2.9926
INFO:root:Epoch no. 425 of 500 (samples: 141442)
INFO:root:Loss: 545.2355 +/- 4.1614
INFO:root:Epoch no. 426 of 500 (samples: 141442)
INFO:root:Loss: 545.6212 +/- 3.17
INFO:root:Epoch no. 427 of 500 (samples: 141442)
INFO:root:Loss: 545.4846 +/- 3.8062
INFO:root:Epoch no. 428 of 500 (samples: 141442)
INFO:root:Loss: 545.5881 +/- 2.3032
INFO:root:Epoch no. 429 of 500 (samples: 141442)
INFO:root:Loss: 544.6772 +/- 3.8882
INFO:root:Epoch no. 430 of 500 (samples: 141442)
INFO:root:Loss: 545.2504 +/- 2.4111
INFO:root:Epoch no. 431 of 500 (samples: 141442)
INFO:root:Loss: 544.1049 +/- 2.8983
INFO:root:Epoch no. 432 of 500 (samples: 141442)
INFO:root:Loss: 544.4031 +/- 2.7551
INFO:root:Epoch no. 433 of 500 (samples: 141442)
INFO:root:Loss: 544.7516 +/- 2.3761
INFO:root:Epoch no. 434 of 500 (samples: 141442)
INFO:root:Loss: 544.844 +/- 2.5359
INFO:root:Epoch no. 435 of 500 (samples: 141442)
INFO:root:Loss: 544.7484 +/- 3.1664
INFO:root:Epoch no. 436 of 500 (samples: 141442)
INFO:root:Loss: 544.809 +/- 2.986
INFO:root:Epoch no. 437 of 500 (samples: 141442)
INFO:root:Loss: 544.8078 +/- 2.7234
INFO:root:Epoch no. 438 of 500 (samples: 141442)
INFO:root:Loss: 544.6126 +/- 3.2115
INFO:root:Epoch no. 439 of 500 (samples: 141442)
INFO:root:Loss: 543.87 +/- 1.9166
INFO:root:Epoch no. 440 of 500 (samples: 141442)
INFO:root:Loss: 544.9936 +/- 3.0477
INFO:root:Epoch no. 441 of 500 (samples: 141442)
INFO:root:Loss: 544.7466 +/- 2.7821
INFO:root:Epoch no. 442 of 500 (samples: 141442)
INFO:root:Loss: 544.7537 +/- 3.0362
INFO:root:Epoch no. 443 of 500 (samples: 141442)
INFO:root:Loss: 545.1831 +/- 2.4075
INFO:root:Epoch no. 444 of 500 (samples: 141442)
INFO:root:Loss: 545.868 +/- 2.4895
INFO:root:Epoch no. 445 of 500 (samples: 141442)
INFO:root:Loss: 545.5846 +/- 2.422
INFO:root:Epoch no. 446 of 500 (samples: 141442)
INFO:root:Loss: 544.6957 +/- 3.9605
INFO:root:Epoch no. 447 of 500 (samples: 141442)
INFO:root:Loss: 544.3559 +/- 2.0661
INFO:root:Epoch no. 448 of 500 (samples: 141442)
INFO:root:Loss: 544.567 +/- 2.6175
INFO:root:Epoch no. 449 of 500 (samples: 141442)
INFO:root:Loss: 545.1015 +/- 3.0861
INFO:root:Epoch no. 450 of 500 (samples: 141442)
INFO:root:Loss: 543.8289 +/- 2.2913
INFO:root:Epoch no. 451 of 500 (samples: 141442)
INFO:root:Loss: 544.8135 +/- 2.2993
INFO:root:Epoch no. 452 of 500 (samples: 141442)
INFO:root:Loss: 544.5903 +/- 3.2315
INFO:root:Epoch no. 453 of 500 (samples: 141442)
INFO:root:Loss: 544.3577 +/- 1.8416
INFO:root:Epoch no. 454 of 500 (samples: 141442)
INFO:root:Loss: 544.2079 +/- 1.9512
INFO:root:Epoch no. 455 of 500 (samples: 141442)
INFO:root:Loss: 543.9864 +/- 2.9284
INFO:root:Epoch no. 456 of 500 (samples: 141442)
INFO:root:Loss: 544.2801 +/- 2.7926
INFO:root:Epoch no. 457 of 500 (samples: 141442)
INFO:root:Loss: 544.4362 +/- 2.6769
INFO:root:Epoch no. 458 of 500 (samples: 141442)
INFO:root:Loss: 545.0428 +/- 1.9713
INFO:root:Epoch no. 459 of 500 (samples: 141442)
INFO:root:Loss: 544.2738 +/- 2.7509
INFO:root:Epoch no. 460 of 500 (samples: 141442)
INFO:root:Loss: 544.5915 +/- 3.0198
INFO:root:Epoch no. 461 of 500 (samples: 141442)
INFO:root:Loss: 543.6305 +/- 1.9146
INFO:root:Epoch no. 462 of 500 (samples: 141442)
INFO:root:Loss: 544.1046 +/- 2.3499
INFO:root:Epoch no. 463 of 500 (samples: 141442)
INFO:root:Loss: 544.3315 +/- 4.0801
INFO:root:Epoch no. 464 of 500 (samples: 141442)
INFO:root:Loss: 543.9646 +/- 1.6305
INFO:root:Epoch no. 465 of 500 (samples: 141442)
INFO:root:Loss: 544.2214 +/- 3.1634
INFO:root:Epoch no. 466 of 500 (samples: 141442)
INFO:root:Loss: 543.8107 +/- 1.4011
INFO:root:Epoch no. 467 of 500 (samples: 141442)
INFO:root:Loss: 544.1692 +/- 3.0827
INFO:root:Epoch no. 468 of 500 (samples: 141442)
INFO:root:Loss: 543.8989 +/- 3.3552
INFO:root:Epoch no. 469 of 500 (samples: 141442)
INFO:root:Loss: 543.7492 +/- 2.9339
INFO:root:Epoch no. 470 of 500 (samples: 141442)
INFO:root:Loss: 544.2816 +/- 3.2931
INFO:root:Epoch no. 471 of 500 (samples: 141442)
INFO:root:Loss: 543.7559 +/- 2.0768
INFO:root:Epoch no. 472 of 500 (samples: 141442)
INFO:root:Loss: 543.3557 +/- 3.3056
INFO:root:Epoch no. 473 of 500 (samples: 141442)
INFO:root:Loss: 544.6706 +/- 2.4376
INFO:root:Epoch no. 474 of 500 (samples: 141442)
INFO:root:Loss: 543.9863 +/- 3.2875
INFO:root:Epoch no. 475 of 500 (samples: 141442)
INFO:root:Loss: 543.4699 +/- 2.1442
INFO:root:Epoch no. 476 of 500 (samples: 141442)
INFO:root:Loss: 544.23 +/- 2.1304
INFO:root:Epoch no. 477 of 500 (samples: 141442)
INFO:root:Loss: 543.4893 +/- 2.9522
INFO:root:Epoch no. 478 of 500 (samples: 141442)
INFO:root:Loss: 543.2887 +/- 2.7441
INFO:root:Epoch no. 479 of 500 (samples: 141442)
INFO:root:Loss: 543.8139 +/- 2.887
INFO:root:Epoch no. 480 of 500 (samples: 141442)
INFO:root:Loss: 543.4682 +/- 2.3427
INFO:root:Epoch no. 481 of 500 (samples: 141442)
INFO:root:Loss: 543.5485 +/- 2.5012
INFO:root:Epoch no. 482 of 500 (samples: 141442)
INFO:root:Loss: 544.0983 +/- 3.2894
INFO:root:Epoch no. 483 of 500 (samples: 141442)
INFO:root:Loss: 544.0041 +/- 1.2843
INFO:root:Epoch no. 484 of 500 (samples: 141442)
INFO:root:Loss: 543.7218 +/- 2.3198
INFO:root:Epoch no. 485 of 500 (samples: 141442)
INFO:root:Loss: 543.2873 +/- 2.9837
INFO:root:Epoch no. 486 of 500 (samples: 141442)
INFO:root:Loss: 543.7965 +/- 2.5051
INFO:root:Epoch no. 487 of 500 (samples: 141442)
INFO:root:Loss: 543.2149 +/- 2.0564
INFO:root:Epoch no. 488 of 500 (samples: 141442)
INFO:root:Loss: 543.1621 +/- 3.4497
INFO:root:Epoch no. 489 of 500 (samples: 141442)
INFO:root:Loss: 543.1926 +/- 2.5961
INFO:root:Epoch no. 490 of 500 (samples: 141442)
INFO:root:Loss: 543.6511 +/- 3.2177
INFO:root:Epoch no. 491 of 500 (samples: 141442)
INFO:root:Loss: 543.4703 +/- 3.1127
INFO:root:Epoch no. 492 of 500 (samples: 141442)
INFO:root:Loss: 542.8629 +/- 2.0265
INFO:root:Epoch no. 493 of 500 (samples: 141442)
INFO:root:Loss: 543.3199 +/- 2.3466
INFO:root:Epoch no. 494 of 500 (samples: 141442)
INFO:root:Loss: 543.6264 +/- 3.25
INFO:root:Epoch no. 495 of 500 (samples: 141442)
INFO:root:Loss: 543.654 +/- 3.3594
INFO:root:Epoch no. 496 of 500 (samples: 141442)
INFO:root:Loss: 543.4995 +/- 1.9016
INFO:root:Epoch no. 497 of 500 (samples: 141442)
INFO:root:Loss: 544.3026 +/- 3.4001
INFO:root:Epoch no. 498 of 500 (samples: 141442)
INFO:root:Loss: 543.0736 +/- 2.4281
INFO:root:Epoch no. 499 of 500 (samples: 141442)
INFO:root:Loss: 543.6521 +/- 2.9426
INFO:root:Epoch no. 500 of 500 (samples: 141442)
INFO:root:Loss: 543.2511 +/- 2.0537
/usr/local/lib/python3.5/dist-packages/keras/backend/theano_backend.py:527: UserWarning: theano.function was asked to create a function computing outputs given certain inputs, but the provided input variable at index 2 is not part of the computational graph needed to compute the outputs: keras_learning_phase.
To make this warning into an error, you can pass the parameter on_unused_input='raise' to theano.function. To disable it completely, use on_unused_input='ignore'.
  **kwargs)
INFO:root:### MICRO (validation raw):
INFO:root:	-- left   >> mean: 1577.7954, median: 77.5, mrr: 0.095, hits@1: 1.42%
INFO:root:	-- right  >> mean: 1562.4066, median: 75.0, mrr: 0.096, hits@1: 1.46%
INFO:root:	-- global >> mean: 1570.101, median: 76.0, mrr: 0.096, hits@1: 1.44%
INFO:root:### MICRO (validation raw):
INFO:root:	-- left   >> mean: 1577.7954, median: 77.5, mrr: 0.095, hits@3: 11.66%
INFO:root:	-- right  >> mean: 1562.4066, median: 75.0, mrr: 0.096, hits@3: 11.92%
INFO:root:	-- global >> mean: 1570.101, median: 76.0, mrr: 0.096, hits@3: 11.79%
INFO:root:### MICRO (validation raw):
INFO:root:	-- left   >> mean: 1577.7954, median: 77.5, mrr: 0.095, hits@5: 17.92%
INFO:root:	-- right  >> mean: 1562.4066, median: 75.0, mrr: 0.096, hits@5: 18.0%
INFO:root:	-- global >> mean: 1570.101, median: 76.0, mrr: 0.096, hits@5: 17.96%
INFO:root:### MICRO (validation raw):
INFO:root:	-- left   >> mean: 1577.7954, median: 77.5, mrr: 0.095, hits@10: 26.1%
INFO:root:	-- right  >> mean: 1562.4066, median: 75.0, mrr: 0.096, hits@10: 26.6%
INFO:root:	-- global >> mean: 1570.101, median: 76.0, mrr: 0.096, hits@10: 26.35%
INFO:root:### MICRO (validation filtered):
INFO:root:	-- left   >> mean: 1567.6236, median: 71.0, mrr: 0.111, hits@1: 1.98%
INFO:root:	-- right  >> mean: 1551.991, median: 68.0, mrr: 0.113, hits@1: 2.04%
INFO:root:	-- global >> mean: 1559.8073, median: 69.0, mrr: 0.112, hits@1: 2.01%
INFO:root:### MICRO (validation filtered):
INFO:root:	-- left   >> mean: 1567.6236, median: 71.0, mrr: 0.111, hits@3: 14.76%
INFO:root:	-- right  >> mean: 1551.991, median: 68.0, mrr: 0.113, hits@3: 15.08%
INFO:root:	-- global >> mean: 1559.8073, median: 69.0, mrr: 0.112, hits@3: 14.92%
INFO:root:### MICRO (validation filtered):
INFO:root:	-- left   >> mean: 1567.6236, median: 71.0, mrr: 0.111, hits@5: 20.86%
INFO:root:	-- right  >> mean: 1551.991, median: 68.0, mrr: 0.113, hits@5: 21.18%
INFO:root:	-- global >> mean: 1559.8073, median: 69.0, mrr: 0.112, hits@5: 21.02%
INFO:root:### MICRO (validation filtered):
INFO:root:	-- left   >> mean: 1567.6236, median: 71.0, mrr: 0.111, hits@10: 28.72%
INFO:root:	-- right  >> mean: 1551.991, median: 68.0, mrr: 0.113, hits@10: 29.48%
INFO:root:	-- global >> mean: 1559.8073, median: 69.0, mrr: 0.112, hits@10: 29.1%
INFO:root:### MICRO (test raw):
INFO:root:	-- left   >> mean: 1420.3074, median: 73.0, mrr: 0.091, hits@1: 1.08%
INFO:root:	-- right  >> mean: 1409.8882, median: 69.0, mrr: 0.093, hits@1: 1.2%
INFO:root:	-- global >> mean: 1415.0978, median: 71.0, mrr: 0.092, hits@1: 1.14%
INFO:root:### MICRO (test raw):
INFO:root:	-- left   >> mean: 1420.3074, median: 73.0, mrr: 0.091, hits@3: 10.66%
INFO:root:	-- right  >> mean: 1409.8882, median: 69.0, mrr: 0.093, hits@3: 11.28%
INFO:root:	-- global >> mean: 1415.0978, median: 71.0, mrr: 0.092, hits@3: 10.97%
INFO:root:### MICRO (test raw):
INFO:root:	-- left   >> mean: 1420.3074, median: 73.0, mrr: 0.091, hits@5: 17.04%
INFO:root:	-- right  >> mean: 1409.8882, median: 69.0, mrr: 0.093, hits@5: 17.36%
INFO:root:	-- global >> mean: 1415.0978, median: 71.0, mrr: 0.092, hits@5: 17.2%
INFO:root:### MICRO (test raw):
INFO:root:	-- left   >> mean: 1420.3074, median: 73.0, mrr: 0.091, hits@10: 26.12%
INFO:root:	-- right  >> mean: 1409.8882, median: 69.0, mrr: 0.093, hits@10: 26.28%
INFO:root:	-- global >> mean: 1415.0978, median: 71.0, mrr: 0.092, hits@10: 26.2%
INFO:root:### MICRO (test filtered):
INFO:root:	-- left   >> mean: 1410.1668, median: 64.0, mrr: 0.107, hits@1: 1.58%
INFO:root:	-- right  >> mean: 1400.0476, median: 63.0, mrr: 0.107, hits@1: 1.7%
INFO:root:	-- global >> mean: 1405.1072, median: 63.0, mrr: 0.107, hits@1: 1.64%
INFO:root:### MICRO (test filtered):
INFO:root:	-- left   >> mean: 1410.1668, median: 64.0, mrr: 0.107, hits@3: 14.08%
INFO:root:	-- right  >> mean: 1400.0476, median: 63.0, mrr: 0.107, hits@3: 14.06%
INFO:root:	-- global >> mean: 1405.1072, median: 63.0, mrr: 0.107, hits@3: 14.07%
INFO:root:### MICRO (test filtered):
INFO:root:	-- left   >> mean: 1410.1668, median: 64.0, mrr: 0.107, hits@5: 20.28%
INFO:root:	-- right  >> mean: 1400.0476, median: 63.0, mrr: 0.107, hits@5: 20.08%
INFO:root:	-- global >> mean: 1405.1072, median: 63.0, mrr: 0.107, hits@5: 20.18%
INFO:root:### MICRO (test filtered):
INFO:root:	-- left   >> mean: 1410.1668, median: 64.0, mrr: 0.107, hits@10: 28.68%
INFO:root:	-- right  >> mean: 1400.0476, median: 63.0, mrr: 0.107, hits@10: 28.86%
INFO:root:	-- global >> mean: 1405.1072, median: 63.0, mrr: 0.107, hits@10: 28.77%
