Using Theano backend.
Using gpu device 0: GeForce GTX TITAN X (CNMeM is disabled, cuDNN not available)
INFO:root:Acquiring data/wn18/wordnet-mlj12-train.txt ..
INFO:root:Acquiring data/wn18/wordnet-mlj12-valid.txt ..
INFO:root:Acquiring data/wn18/wordnet-mlj12-test.txt ..
INFO:root:Samples: 127298, no. batches: 10 -> batch size: 12730
INFO:root:Epoch no. 1 of 500 (samples: 127298)
INFO:root:Loss: 6.5406 +/- 0.0735
INFO:root:Epoch no. 2 of 500 (samples: 127298)
INFO:root:Loss: 6.3294 +/- 0.0111
INFO:root:Epoch no. 3 of 500 (samples: 127298)
INFO:root:Loss: 6.2322 +/- 0.0027
INFO:root:Epoch no. 4 of 500 (samples: 127298)
INFO:root:Loss: 6.1745 +/- 0.0056
INFO:root:Epoch no. 5 of 500 (samples: 127298)
INFO:root:Loss: 6.1338 +/- 0.0051
INFO:root:Epoch no. 6 of 500 (samples: 127298)
INFO:root:Loss: 6.1039 +/- 0.0059
INFO:root:Epoch no. 7 of 500 (samples: 127298)
INFO:root:Loss: 6.0806 +/- 0.0066
INFO:root:Epoch no. 8 of 500 (samples: 127298)
INFO:root:Loss: 6.0604 +/- 0.0056
INFO:root:Epoch no. 9 of 500 (samples: 127298)
INFO:root:Loss: 6.0443 +/- 0.0059
INFO:root:Epoch no. 10 of 500 (samples: 127298)
INFO:root:Loss: 6.0309 +/- 0.0071
INFO:root:Epoch no. 11 of 500 (samples: 127298)
INFO:root:Loss: 6.0186 +/- 0.0053
INFO:root:Epoch no. 12 of 500 (samples: 127298)
INFO:root:Loss: 6.009 +/- 0.0057
INFO:root:Epoch no. 13 of 500 (samples: 127298)
INFO:root:Loss: 5.9995 +/- 0.0067
INFO:root:Epoch no. 14 of 500 (samples: 127298)
INFO:root:Loss: 5.9915 +/- 0.0059
INFO:root:Epoch no. 15 of 500 (samples: 127298)
INFO:root:Loss: 5.9846 +/- 0.0053
INFO:root:Epoch no. 16 of 500 (samples: 127298)
INFO:root:Loss: 5.9777 +/- 0.0054
INFO:root:Epoch no. 17 of 500 (samples: 127298)
INFO:root:Loss: 5.9722 +/- 0.0053
INFO:root:Epoch no. 18 of 500 (samples: 127298)
INFO:root:Loss: 5.9668 +/- 0.0044
INFO:root:Epoch no. 19 of 500 (samples: 127298)
INFO:root:Loss: 5.9625 +/- 0.0055
INFO:root:Epoch no. 20 of 500 (samples: 127298)
INFO:root:Loss: 5.9577 +/- 0.0056
INFO:root:Epoch no. 21 of 500 (samples: 127298)
INFO:root:Loss: 5.9535 +/- 0.0046
INFO:root:Epoch no. 22 of 500 (samples: 127298)
INFO:root:Loss: 5.9497 +/- 0.0052
INFO:root:Epoch no. 23 of 500 (samples: 127298)
INFO:root:Loss: 5.9461 +/- 0.006
INFO:root:Epoch no. 24 of 500 (samples: 127298)
INFO:root:Loss: 5.9432 +/- 0.0053
INFO:root:Epoch no. 25 of 500 (samples: 127298)
INFO:root:Loss: 5.9401 +/- 0.0051
INFO:root:Epoch no. 26 of 500 (samples: 127298)
INFO:root:Loss: 5.9369 +/- 0.0046
INFO:root:Epoch no. 27 of 500 (samples: 127298)
INFO:root:Loss: 5.9347 +/- 0.0046
INFO:root:Epoch no. 28 of 500 (samples: 127298)
INFO:root:Loss: 5.9323 +/- 0.0057
INFO:root:Epoch no. 29 of 500 (samples: 127298)
INFO:root:Loss: 5.9301 +/- 0.005
INFO:root:Epoch no. 30 of 500 (samples: 127298)
INFO:root:Loss: 5.9278 +/- 0.0038
INFO:root:Epoch no. 31 of 500 (samples: 127298)
INFO:root:Loss: 5.9255 +/- 0.0054
INFO:root:Epoch no. 32 of 500 (samples: 127298)
INFO:root:Loss: 5.9234 +/- 0.0053
INFO:root:Epoch no. 33 of 500 (samples: 127298)
INFO:root:Loss: 5.9218 +/- 0.0055
INFO:root:Epoch no. 34 of 500 (samples: 127298)
INFO:root:Loss: 5.9197 +/- 0.0051
INFO:root:Epoch no. 35 of 500 (samples: 127298)
INFO:root:Loss: 5.9181 +/- 0.0043
INFO:root:Epoch no. 36 of 500 (samples: 127298)
INFO:root:Loss: 5.9169 +/- 0.0041
INFO:root:Epoch no. 37 of 500 (samples: 127298)
INFO:root:Loss: 5.9162 +/- 0.0031
INFO:root:Epoch no. 38 of 500 (samples: 127298)
INFO:root:Loss: 5.914 +/- 0.0045
INFO:root:Epoch no. 39 of 500 (samples: 127298)
INFO:root:Loss: 5.913 +/- 0.0044
INFO:root:Epoch no. 40 of 500 (samples: 127298)
INFO:root:Loss: 5.9114 +/- 0.0046
INFO:root:Epoch no. 41 of 500 (samples: 127298)
INFO:root:Loss: 5.9095 +/- 0.0036
INFO:root:Epoch no. 42 of 500 (samples: 127298)
INFO:root:Loss: 5.9087 +/- 0.0043
INFO:root:Epoch no. 43 of 500 (samples: 127298)
INFO:root:Loss: 5.9071 +/- 0.0036
INFO:root:Epoch no. 44 of 500 (samples: 127298)
INFO:root:Loss: 5.9064 +/- 0.0037
INFO:root:Epoch no. 45 of 500 (samples: 127298)
INFO:root:Loss: 5.9055 +/- 0.0039
INFO:root:Epoch no. 46 of 500 (samples: 127298)
INFO:root:Loss: 5.9045 +/- 0.0035
INFO:root:Epoch no. 47 of 500 (samples: 127298)
INFO:root:Loss: 5.9029 +/- 0.003
INFO:root:Epoch no. 48 of 500 (samples: 127298)
INFO:root:Loss: 5.9024 +/- 0.004
INFO:root:Epoch no. 49 of 500 (samples: 127298)
INFO:root:Loss: 5.9017 +/- 0.0044
INFO:root:Epoch no. 50 of 500 (samples: 127298)
INFO:root:Loss: 5.9003 +/- 0.0042
INFO:root:Epoch no. 51 of 500 (samples: 127298)
INFO:root:Loss: 5.8995 +/- 0.0032
INFO:root:Epoch no. 52 of 500 (samples: 127298)
INFO:root:Loss: 5.8987 +/- 0.0038
INFO:root:Epoch no. 53 of 500 (samples: 127298)
INFO:root:Loss: 5.8978 +/- 0.0035
INFO:root:Epoch no. 54 of 500 (samples: 127298)
INFO:root:Loss: 5.8978 +/- 0.0026
INFO:root:Epoch no. 55 of 500 (samples: 127298)
INFO:root:Loss: 5.8963 +/- 0.0043
INFO:root:Epoch no. 56 of 500 (samples: 127298)
INFO:root:Loss: 5.8954 +/- 0.0039
INFO:root:Epoch no. 57 of 500 (samples: 127298)
INFO:root:Loss: 5.8954 +/- 0.004
INFO:root:Epoch no. 58 of 500 (samples: 127298)
INFO:root:Loss: 5.8948 +/- 0.0034
INFO:root:Epoch no. 59 of 500 (samples: 127298)
INFO:root:Loss: 5.8939 +/- 0.0035
INFO:root:Epoch no. 60 of 500 (samples: 127298)
INFO:root:Loss: 5.8935 +/- 0.005
INFO:root:Epoch no. 61 of 500 (samples: 127298)
INFO:root:Loss: 5.8922 +/- 0.0039
INFO:root:Epoch no. 62 of 500 (samples: 127298)
INFO:root:Loss: 5.8922 +/- 0.0029
INFO:root:Epoch no. 63 of 500 (samples: 127298)
INFO:root:Loss: 5.8919 +/- 0.0029
INFO:root:Epoch no. 64 of 500 (samples: 127298)
INFO:root:Loss: 5.8906 +/- 0.0037
INFO:root:Epoch no. 65 of 500 (samples: 127298)
INFO:root:Loss: 5.8908 +/- 0.0038
INFO:root:Epoch no. 66 of 500 (samples: 127298)
INFO:root:Loss: 5.8901 +/- 0.0028
INFO:root:Epoch no. 67 of 500 (samples: 127298)
INFO:root:Loss: 5.8892 +/- 0.0027
INFO:root:Epoch no. 68 of 500 (samples: 127298)
INFO:root:Loss: 5.8884 +/- 0.0031
INFO:root:Epoch no. 69 of 500 (samples: 127298)
INFO:root:Loss: 5.8881 +/- 0.0037
INFO:root:Epoch no. 70 of 500 (samples: 127298)
INFO:root:Loss: 5.8875 +/- 0.0037
INFO:root:Epoch no. 71 of 500 (samples: 127298)
INFO:root:Loss: 5.8874 +/- 0.003
INFO:root:Epoch no. 72 of 500 (samples: 127298)
INFO:root:Loss: 5.8868 +/- 0.0038
INFO:root:Epoch no. 73 of 500 (samples: 127298)
INFO:root:Loss: 5.8866 +/- 0.003
INFO:root:Epoch no. 74 of 500 (samples: 127298)
INFO:root:Loss: 5.8859 +/- 0.0022
INFO:root:Epoch no. 75 of 500 (samples: 127298)
INFO:root:Loss: 5.8855 +/- 0.003
INFO:root:Epoch no. 76 of 500 (samples: 127298)
INFO:root:Loss: 5.8849 +/- 0.003
INFO:root:Epoch no. 77 of 500 (samples: 127298)
INFO:root:Loss: 5.8846 +/- 0.0019
INFO:root:Epoch no. 78 of 500 (samples: 127298)
INFO:root:Loss: 5.8842 +/- 0.0041
INFO:root:Epoch no. 79 of 500 (samples: 127298)
INFO:root:Loss: 5.8835 +/- 0.0027
INFO:root:Epoch no. 80 of 500 (samples: 127298)
INFO:root:Loss: 5.883 +/- 0.0035
INFO:root:Epoch no. 81 of 500 (samples: 127298)
INFO:root:Loss: 5.8834 +/- 0.0036
INFO:root:Epoch no. 82 of 500 (samples: 127298)
INFO:root:Loss: 5.8822 +/- 0.0039
INFO:root:Epoch no. 83 of 500 (samples: 127298)
INFO:root:Loss: 5.8819 +/- 0.0028
INFO:root:Epoch no. 84 of 500 (samples: 127298)
INFO:root:Loss: 5.8823 +/- 0.0028
INFO:root:Epoch no. 85 of 500 (samples: 127298)
INFO:root:Loss: 5.8815 +/- 0.0039
INFO:root:Epoch no. 86 of 500 (samples: 127298)
INFO:root:Loss: 5.8814 +/- 0.0032
INFO:root:Epoch no. 87 of 500 (samples: 127298)
INFO:root:Loss: 5.8802 +/- 0.0043
INFO:root:Epoch no. 88 of 500 (samples: 127298)
INFO:root:Loss: 5.8809 +/- 0.0028
INFO:root:Epoch no. 89 of 500 (samples: 127298)
INFO:root:Loss: 5.8802 +/- 0.0025
INFO:root:Epoch no. 90 of 500 (samples: 127298)
INFO:root:Loss: 5.88 +/- 0.0025
INFO:root:Epoch no. 91 of 500 (samples: 127298)
INFO:root:Loss: 5.8792 +/- 0.0023
INFO:root:Epoch no. 92 of 500 (samples: 127298)
INFO:root:Loss: 5.8787 +/- 0.0027
INFO:root:Epoch no. 93 of 500 (samples: 127298)
INFO:root:Loss: 5.8794 +/- 0.0025
INFO:root:Epoch no. 94 of 500 (samples: 127298)
INFO:root:Loss: 5.8789 +/- 0.0027
INFO:root:Epoch no. 95 of 500 (samples: 127298)
INFO:root:Loss: 5.8782 +/- 0.0026
INFO:root:Epoch no. 96 of 500 (samples: 127298)
INFO:root:Loss: 5.8785 +/- 0.0032
INFO:root:Epoch no. 97 of 500 (samples: 127298)
INFO:root:Loss: 5.8778 +/- 0.0027
INFO:root:Epoch no. 98 of 500 (samples: 127298)
INFO:root:Loss: 5.8773 +/- 0.0027
INFO:root:Epoch no. 99 of 500 (samples: 127298)
INFO:root:Loss: 5.8779 +/- 0.0035
INFO:root:Epoch no. 100 of 500 (samples: 127298)
INFO:root:Loss: 5.8771 +/- 0.0031
INFO:root:Epoch no. 101 of 500 (samples: 127298)
INFO:root:Loss: 5.8774 +/- 0.0026
INFO:root:Epoch no. 102 of 500 (samples: 127298)
INFO:root:Loss: 5.8769 +/- 0.0028
INFO:root:Epoch no. 103 of 500 (samples: 127298)
INFO:root:Loss: 5.8767 +/- 0.0028
INFO:root:Epoch no. 104 of 500 (samples: 127298)
INFO:root:Loss: 5.8761 +/- 0.0028
INFO:root:Epoch no. 105 of 500 (samples: 127298)
INFO:root:Loss: 5.8754 +/- 0.0017
INFO:root:Epoch no. 106 of 500 (samples: 127298)
INFO:root:Loss: 5.8755 +/- 0.0026
INFO:root:Epoch no. 107 of 500 (samples: 127298)
INFO:root:Loss: 5.8759 +/- 0.0041
INFO:root:Epoch no. 108 of 500 (samples: 127298)
INFO:root:Loss: 5.8752 +/- 0.002
INFO:root:Epoch no. 109 of 500 (samples: 127298)
INFO:root:Loss: 5.8745 +/- 0.0028
INFO:root:Epoch no. 110 of 500 (samples: 127298)
INFO:root:Loss: 5.8752 +/- 0.003
INFO:root:Epoch no. 111 of 500 (samples: 127298)
INFO:root:Loss: 5.8742 +/- 0.0023
INFO:root:Epoch no. 112 of 500 (samples: 127298)
INFO:root:Loss: 5.8743 +/- 0.0025
INFO:root:Epoch no. 113 of 500 (samples: 127298)
INFO:root:Loss: 5.8736 +/- 0.0019
INFO:root:Epoch no. 114 of 500 (samples: 127298)
INFO:root:Loss: 5.874 +/- 0.0027
INFO:root:Epoch no. 115 of 500 (samples: 127298)
INFO:root:Loss: 5.8735 +/- 0.0026
INFO:root:Epoch no. 116 of 500 (samples: 127298)
INFO:root:Loss: 5.8735 +/- 0.0026
INFO:root:Epoch no. 117 of 500 (samples: 127298)
INFO:root:Loss: 5.8733 +/- 0.0016
INFO:root:Epoch no. 118 of 500 (samples: 127298)
INFO:root:Loss: 5.8731 +/- 0.0031
INFO:root:Epoch no. 119 of 500 (samples: 127298)
INFO:root:Loss: 5.8733 +/- 0.0015
INFO:root:Epoch no. 120 of 500 (samples: 127298)
INFO:root:Loss: 5.8728 +/- 0.0029
INFO:root:Epoch no. 121 of 500 (samples: 127298)
INFO:root:Loss: 5.8724 +/- 0.0029
INFO:root:Epoch no. 122 of 500 (samples: 127298)
INFO:root:Loss: 5.8718 +/- 0.0022
INFO:root:Epoch no. 123 of 500 (samples: 127298)
INFO:root:Loss: 5.8724 +/- 0.0027
INFO:root:Epoch no. 124 of 500 (samples: 127298)
INFO:root:Loss: 5.8721 +/- 0.0026
INFO:root:Epoch no. 125 of 500 (samples: 127298)
INFO:root:Loss: 5.8712 +/- 0.0023
INFO:root:Epoch no. 126 of 500 (samples: 127298)
INFO:root:Loss: 5.8708 +/- 0.0029
INFO:root:Epoch no. 127 of 500 (samples: 127298)
INFO:root:Loss: 5.8711 +/- 0.0039
INFO:root:Epoch no. 128 of 500 (samples: 127298)
INFO:root:Loss: 5.8706 +/- 0.0026
INFO:root:Epoch no. 129 of 500 (samples: 127298)
INFO:root:Loss: 5.8711 +/- 0.0026
INFO:root:Epoch no. 130 of 500 (samples: 127298)
INFO:root:Loss: 5.8708 +/- 0.0016
INFO:root:Epoch no. 131 of 500 (samples: 127298)
INFO:root:Loss: 5.8708 +/- 0.004
INFO:root:Epoch no. 132 of 500 (samples: 127298)
INFO:root:Loss: 5.8701 +/- 0.0023
INFO:root:Epoch no. 133 of 500 (samples: 127298)
INFO:root:Loss: 5.871 +/- 0.0028
INFO:root:Epoch no. 134 of 500 (samples: 127298)
INFO:root:Loss: 5.8706 +/- 0.0026
INFO:root:Epoch no. 135 of 500 (samples: 127298)
INFO:root:Loss: 5.8697 +/- 0.0016
INFO:root:Epoch no. 136 of 500 (samples: 127298)
INFO:root:Loss: 5.8698 +/- 0.0034
INFO:root:Epoch no. 137 of 500 (samples: 127298)
INFO:root:Loss: 5.8699 +/- 0.0029
INFO:root:Epoch no. 138 of 500 (samples: 127298)
INFO:root:Loss: 5.8689 +/- 0.0028
INFO:root:Epoch no. 139 of 500 (samples: 127298)
INFO:root:Loss: 5.8692 +/- 0.0031
INFO:root:Epoch no. 140 of 500 (samples: 127298)
INFO:root:Loss: 5.8694 +/- 0.0022
INFO:root:Epoch no. 141 of 500 (samples: 127298)
INFO:root:Loss: 5.8688 +/- 0.0019
INFO:root:Epoch no. 142 of 500 (samples: 127298)
INFO:root:Loss: 5.8689 +/- 0.0024
INFO:root:Epoch no. 143 of 500 (samples: 127298)
INFO:root:Loss: 5.868 +/- 0.0024
INFO:root:Epoch no. 144 of 500 (samples: 127298)
INFO:root:Loss: 5.8681 +/- 0.002
INFO:root:Epoch no. 145 of 500 (samples: 127298)
INFO:root:Loss: 5.8685 +/- 0.0019
INFO:root:Epoch no. 146 of 500 (samples: 127298)
INFO:root:Loss: 5.8684 +/- 0.0022
INFO:root:Epoch no. 147 of 500 (samples: 127298)
INFO:root:Loss: 5.8678 +/- 0.0015
INFO:root:Epoch no. 148 of 500 (samples: 127298)
INFO:root:Loss: 5.8677 +/- 0.0021
INFO:root:Epoch no. 149 of 500 (samples: 127298)
INFO:root:Loss: 5.8682 +/- 0.0025
INFO:root:Epoch no. 150 of 500 (samples: 127298)
INFO:root:Loss: 5.8673 +/- 0.0025
INFO:root:Epoch no. 151 of 500 (samples: 127298)
INFO:root:Loss: 5.8675 +/- 0.0029
INFO:root:Epoch no. 152 of 500 (samples: 127298)
INFO:root:Loss: 5.8675 +/- 0.002
INFO:root:Epoch no. 153 of 500 (samples: 127298)
INFO:root:Loss: 5.8677 +/- 0.0023
INFO:root:Epoch no. 154 of 500 (samples: 127298)
INFO:root:Loss: 5.8675 +/- 0.003
INFO:root:Epoch no. 155 of 500 (samples: 127298)
INFO:root:Loss: 5.8671 +/- 0.0024
INFO:root:Epoch no. 156 of 500 (samples: 127298)
INFO:root:Loss: 5.8669 +/- 0.0025
INFO:root:Epoch no. 157 of 500 (samples: 127298)
INFO:root:Loss: 5.868 +/- 0.0021
INFO:root:Epoch no. 158 of 500 (samples: 127298)
INFO:root:Loss: 5.8666 +/- 0.0016
INFO:root:Epoch no. 159 of 500 (samples: 127298)
INFO:root:Loss: 5.8667 +/- 0.0024
INFO:root:Epoch no. 160 of 500 (samples: 127298)
INFO:root:Loss: 5.8668 +/- 0.0018
INFO:root:Epoch no. 161 of 500 (samples: 127298)
INFO:root:Loss: 5.8666 +/- 0.002
INFO:root:Epoch no. 162 of 500 (samples: 127298)
INFO:root:Loss: 5.8663 +/- 0.002
INFO:root:Epoch no. 163 of 500 (samples: 127298)
INFO:root:Loss: 5.8658 +/- 0.0029
INFO:root:Epoch no. 164 of 500 (samples: 127298)
INFO:root:Loss: 5.8659 +/- 0.0025
INFO:root:Epoch no. 165 of 500 (samples: 127298)
INFO:root:Loss: 5.8667 +/- 0.003
INFO:root:Epoch no. 166 of 500 (samples: 127298)
INFO:root:Loss: 5.8664 +/- 0.0017
INFO:root:Epoch no. 167 of 500 (samples: 127298)
INFO:root:Loss: 5.8661 +/- 0.002
INFO:root:Epoch no. 168 of 500 (samples: 127298)
INFO:root:Loss: 5.8653 +/- 0.0019
INFO:root:Epoch no. 169 of 500 (samples: 127298)
INFO:root:Loss: 5.8653 +/- 0.0018
INFO:root:Epoch no. 170 of 500 (samples: 127298)
INFO:root:Loss: 5.8651 +/- 0.002
INFO:root:Epoch no. 171 of 500 (samples: 127298)
INFO:root:Loss: 5.8653 +/- 0.0019
INFO:root:Epoch no. 172 of 500 (samples: 127298)
INFO:root:Loss: 5.8652 +/- 0.0026
INFO:root:Epoch no. 173 of 500 (samples: 127298)
INFO:root:Loss: 5.8649 +/- 0.0022
INFO:root:Epoch no. 174 of 500 (samples: 127298)
INFO:root:Loss: 5.8656 +/- 0.003
INFO:root:Epoch no. 175 of 500 (samples: 127298)
INFO:root:Loss: 5.8649 +/- 0.0024
INFO:root:Epoch no. 176 of 500 (samples: 127298)
INFO:root:Loss: 5.8647 +/- 0.0025
INFO:root:Epoch no. 177 of 500 (samples: 127298)
INFO:root:Loss: 5.864 +/- 0.003
INFO:root:Epoch no. 178 of 500 (samples: 127298)
INFO:root:Loss: 5.8646 +/- 0.0022
INFO:root:Epoch no. 179 of 500 (samples: 127298)
INFO:root:Loss: 5.8635 +/- 0.0025
INFO:root:Epoch no. 180 of 500 (samples: 127298)
INFO:root:Loss: 5.8648 +/- 0.0016
INFO:root:Epoch no. 181 of 500 (samples: 127298)
INFO:root:Loss: 5.8646 +/- 0.002
INFO:root:Epoch no. 182 of 500 (samples: 127298)
INFO:root:Loss: 5.8641 +/- 0.0034
INFO:root:Epoch no. 183 of 500 (samples: 127298)
INFO:root:Loss: 5.864 +/- 0.0034
INFO:root:Epoch no. 184 of 500 (samples: 127298)
INFO:root:Loss: 5.8636 +/- 0.0018
INFO:root:Epoch no. 185 of 500 (samples: 127298)
INFO:root:Loss: 5.8645 +/- 0.0023
INFO:root:Epoch no. 186 of 500 (samples: 127298)
INFO:root:Loss: 5.8634 +/- 0.0024
INFO:root:Epoch no. 187 of 500 (samples: 127298)
INFO:root:Loss: 5.8639 +/- 0.003
INFO:root:Epoch no. 188 of 500 (samples: 127298)
INFO:root:Loss: 5.8633 +/- 0.0024
INFO:root:Epoch no. 189 of 500 (samples: 127298)
INFO:root:Loss: 5.8635 +/- 0.0027
INFO:root:Epoch no. 190 of 500 (samples: 127298)
INFO:root:Loss: 5.8632 +/- 0.0032
INFO:root:Epoch no. 191 of 500 (samples: 127298)
INFO:root:Loss: 5.863 +/- 0.003
INFO:root:Epoch no. 192 of 500 (samples: 127298)
INFO:root:Loss: 5.8634 +/- 0.0033
INFO:root:Epoch no. 193 of 500 (samples: 127298)
INFO:root:Loss: 5.8627 +/- 0.0018
INFO:root:Epoch no. 194 of 500 (samples: 127298)
INFO:root:Loss: 5.863 +/- 0.0016
INFO:root:Epoch no. 195 of 500 (samples: 127298)
INFO:root:Loss: 5.8633 +/- 0.0034
INFO:root:Epoch no. 196 of 500 (samples: 127298)
INFO:root:Loss: 5.8625 +/- 0.0028
INFO:root:Epoch no. 197 of 500 (samples: 127298)
INFO:root:Loss: 5.8621 +/- 0.0019
INFO:root:Epoch no. 198 of 500 (samples: 127298)
INFO:root:Loss: 5.8619 +/- 0.0021
INFO:root:Epoch no. 199 of 500 (samples: 127298)
INFO:root:Loss: 5.862 +/- 0.0026
INFO:root:Epoch no. 200 of 500 (samples: 127298)
INFO:root:Loss: 5.8616 +/- 0.0029
INFO:root:Epoch no. 201 of 500 (samples: 127298)
INFO:root:Loss: 5.8629 +/- 0.0039
INFO:root:Epoch no. 202 of 500 (samples: 127298)
INFO:root:Loss: 5.8621 +/- 0.0029
INFO:root:Epoch no. 203 of 500 (samples: 127298)
INFO:root:Loss: 5.8617 +/- 0.0024
INFO:root:Epoch no. 204 of 500 (samples: 127298)
INFO:root:Loss: 5.862 +/- 0.0022
INFO:root:Epoch no. 205 of 500 (samples: 127298)
INFO:root:Loss: 5.8618 +/- 0.0032
INFO:root:Epoch no. 206 of 500 (samples: 127298)
INFO:root:Loss: 5.8616 +/- 0.0023
INFO:root:Epoch no. 207 of 500 (samples: 127298)
INFO:root:Loss: 5.862 +/- 0.0024
INFO:root:Epoch no. 208 of 500 (samples: 127298)
INFO:root:Loss: 5.8615 +/- 0.0021
INFO:root:Epoch no. 209 of 500 (samples: 127298)
INFO:root:Loss: 5.8621 +/- 0.0028
INFO:root:Epoch no. 210 of 500 (samples: 127298)
INFO:root:Loss: 5.8616 +/- 0.0029
INFO:root:Epoch no. 211 of 500 (samples: 127298)
INFO:root:Loss: 5.8607 +/- 0.0033
INFO:root:Epoch no. 212 of 500 (samples: 127298)
INFO:root:Loss: 5.8615 +/- 0.0027
INFO:root:Epoch no. 213 of 500 (samples: 127298)
INFO:root:Loss: 5.8614 +/- 0.0033
INFO:root:Epoch no. 214 of 500 (samples: 127298)
INFO:root:Loss: 5.8605 +/- 0.002
INFO:root:Epoch no. 215 of 500 (samples: 127298)
INFO:root:Loss: 5.8614 +/- 0.0019
INFO:root:Epoch no. 216 of 500 (samples: 127298)
INFO:root:Loss: 5.8611 +/- 0.0029
INFO:root:Epoch no. 217 of 500 (samples: 127298)
INFO:root:Loss: 5.8611 +/- 0.0026
INFO:root:Epoch no. 218 of 500 (samples: 127298)
INFO:root:Loss: 5.8608 +/- 0.0033
INFO:root:Epoch no. 219 of 500 (samples: 127298)
INFO:root:Loss: 5.8604 +/- 0.002
INFO:root:Epoch no. 220 of 500 (samples: 127298)
INFO:root:Loss: 5.8608 +/- 0.0017
INFO:root:Epoch no. 221 of 500 (samples: 127298)
INFO:root:Loss: 5.8601 +/- 0.0022
INFO:root:Epoch no. 222 of 500 (samples: 127298)
INFO:root:Loss: 5.8605 +/- 0.0016
INFO:root:Epoch no. 223 of 500 (samples: 127298)
INFO:root:Loss: 5.8611 +/- 0.0024
INFO:root:Epoch no. 224 of 500 (samples: 127298)
INFO:root:Loss: 5.8603 +/- 0.0018
INFO:root:Epoch no. 225 of 500 (samples: 127298)
INFO:root:Loss: 5.8603 +/- 0.002
INFO:root:Epoch no. 226 of 500 (samples: 127298)
INFO:root:Loss: 5.861 +/- 0.0011
INFO:root:Epoch no. 227 of 500 (samples: 127298)
INFO:root:Loss: 5.8597 +/- 0.0018
INFO:root:Epoch no. 228 of 500 (samples: 127298)
INFO:root:Loss: 5.8602 +/- 0.0023
INFO:root:Epoch no. 229 of 500 (samples: 127298)
INFO:root:Loss: 5.8603 +/- 0.0022
INFO:root:Epoch no. 230 of 500 (samples: 127298)
INFO:root:Loss: 5.8603 +/- 0.0018
INFO:root:Epoch no. 231 of 500 (samples: 127298)
INFO:root:Loss: 5.8598 +/- 0.0019
INFO:root:Epoch no. 232 of 500 (samples: 127298)
INFO:root:Loss: 5.8598 +/- 0.0019
INFO:root:Epoch no. 233 of 500 (samples: 127298)
INFO:root:Loss: 5.8595 +/- 0.0026
INFO:root:Epoch no. 234 of 500 (samples: 127298)
INFO:root:Loss: 5.86 +/- 0.0028
INFO:root:Epoch no. 235 of 500 (samples: 127298)
INFO:root:Loss: 5.8596 +/- 0.0031
INFO:root:Epoch no. 236 of 500 (samples: 127298)
INFO:root:Loss: 5.8592 +/- 0.0016
INFO:root:Epoch no. 237 of 500 (samples: 127298)
INFO:root:Loss: 5.8601 +/- 0.0028
INFO:root:Epoch no. 238 of 500 (samples: 127298)
INFO:root:Loss: 5.8602 +/- 0.0027
INFO:root:Epoch no. 239 of 500 (samples: 127298)
INFO:root:Loss: 5.8591 +/- 0.002
INFO:root:Epoch no. 240 of 500 (samples: 127298)
INFO:root:Loss: 5.8595 +/- 0.0027
INFO:root:Epoch no. 241 of 500 (samples: 127298)
INFO:root:Loss: 5.8599 +/- 0.0021
INFO:root:Epoch no. 242 of 500 (samples: 127298)
INFO:root:Loss: 5.8594 +/- 0.0024
INFO:root:Epoch no. 243 of 500 (samples: 127298)
INFO:root:Loss: 5.8587 +/- 0.0017
INFO:root:Epoch no. 244 of 500 (samples: 127298)
INFO:root:Loss: 5.8587 +/- 0.0025
INFO:root:Epoch no. 245 of 500 (samples: 127298)
INFO:root:Loss: 5.8584 +/- 0.0019
INFO:root:Epoch no. 246 of 500 (samples: 127298)
INFO:root:Loss: 5.859 +/- 0.0031
INFO:root:Epoch no. 247 of 500 (samples: 127298)
INFO:root:Loss: 5.859 +/- 0.003
INFO:root:Epoch no. 248 of 500 (samples: 127298)
INFO:root:Loss: 5.8595 +/- 0.0018
INFO:root:Epoch no. 249 of 500 (samples: 127298)
INFO:root:Loss: 5.8588 +/- 0.0016
INFO:root:Epoch no. 250 of 500 (samples: 127298)
INFO:root:Loss: 5.8589 +/- 0.0019
INFO:root:Epoch no. 251 of 500 (samples: 127298)
INFO:root:Loss: 5.8588 +/- 0.0025
INFO:root:Epoch no. 252 of 500 (samples: 127298)
INFO:root:Loss: 5.859 +/- 0.0024
INFO:root:Epoch no. 253 of 500 (samples: 127298)
INFO:root:Loss: 5.8584 +/- 0.0028
INFO:root:Epoch no. 254 of 500 (samples: 127298)
INFO:root:Loss: 5.8592 +/- 0.0023
INFO:root:Epoch no. 255 of 500 (samples: 127298)
INFO:root:Loss: 5.8588 +/- 0.0029
INFO:root:Epoch no. 256 of 500 (samples: 127298)
INFO:root:Loss: 5.8586 +/- 0.0029
INFO:root:Epoch no. 257 of 500 (samples: 127298)
INFO:root:Loss: 5.8581 +/- 0.0027
INFO:root:Epoch no. 258 of 500 (samples: 127298)
INFO:root:Loss: 5.8583 +/- 0.0021
INFO:root:Epoch no. 259 of 500 (samples: 127298)
INFO:root:Loss: 5.8581 +/- 0.0024
INFO:root:Epoch no. 260 of 500 (samples: 127298)
INFO:root:Loss: 5.8577 +/- 0.0019
INFO:root:Epoch no. 261 of 500 (samples: 127298)
INFO:root:Loss: 5.8581 +/- 0.0032
INFO:root:Epoch no. 262 of 500 (samples: 127298)
INFO:root:Loss: 5.8577 +/- 0.002
INFO:root:Epoch no. 263 of 500 (samples: 127298)
INFO:root:Loss: 5.858 +/- 0.002
INFO:root:Epoch no. 264 of 500 (samples: 127298)
INFO:root:Loss: 5.8576 +/- 0.0031
INFO:root:Epoch no. 265 of 500 (samples: 127298)
INFO:root:Loss: 5.8581 +/- 0.0022
INFO:root:Epoch no. 266 of 500 (samples: 127298)
INFO:root:Loss: 5.8577 +/- 0.0021
INFO:root:Epoch no. 267 of 500 (samples: 127298)
INFO:root:Loss: 5.8576 +/- 0.0023
INFO:root:Epoch no. 268 of 500 (samples: 127298)
INFO:root:Loss: 5.8576 +/- 0.0015
INFO:root:Epoch no. 269 of 500 (samples: 127298)
INFO:root:Loss: 5.8571 +/- 0.0019
INFO:root:Epoch no. 270 of 500 (samples: 127298)
INFO:root:Loss: 5.8581 +/- 0.003
INFO:root:Epoch no. 271 of 500 (samples: 127298)
INFO:root:Loss: 5.8572 +/- 0.0023
INFO:root:Epoch no. 272 of 500 (samples: 127298)
INFO:root:Loss: 5.8566 +/- 0.0027
INFO:root:Epoch no. 273 of 500 (samples: 127298)
INFO:root:Loss: 5.8575 +/- 0.0028
INFO:root:Epoch no. 274 of 500 (samples: 127298)
INFO:root:Loss: 5.857 +/- 0.0022
INFO:root:Epoch no. 275 of 500 (samples: 127298)
INFO:root:Loss: 5.8574 +/- 0.0023
INFO:root:Epoch no. 276 of 500 (samples: 127298)
INFO:root:Loss: 5.8575 +/- 0.0017
INFO:root:Epoch no. 277 of 500 (samples: 127298)
INFO:root:Loss: 5.8572 +/- 0.0019
INFO:root:Epoch no. 278 of 500 (samples: 127298)
INFO:root:Loss: 5.8573 +/- 0.0021
INFO:root:Epoch no. 279 of 500 (samples: 127298)
INFO:root:Loss: 5.8566 +/- 0.0032
INFO:root:Epoch no. 280 of 500 (samples: 127298)
INFO:root:Loss: 5.8568 +/- 0.0023
INFO:root:Epoch no. 281 of 500 (samples: 127298)
INFO:root:Loss: 5.8568 +/- 0.0019
INFO:root:Epoch no. 282 of 500 (samples: 127298)
INFO:root:Loss: 5.8568 +/- 0.0024
INFO:root:Epoch no. 283 of 500 (samples: 127298)
INFO:root:Loss: 5.8569 +/- 0.0017
INFO:root:Epoch no. 284 of 500 (samples: 127298)
INFO:root:Loss: 5.8572 +/- 0.0018
INFO:root:Epoch no. 285 of 500 (samples: 127298)
INFO:root:Loss: 5.8569 +/- 0.0022
INFO:root:Epoch no. 286 of 500 (samples: 127298)
INFO:root:Loss: 5.8567 +/- 0.0025
INFO:root:Epoch no. 287 of 500 (samples: 127298)
INFO:root:Loss: 5.8563 +/- 0.0026
INFO:root:Epoch no. 288 of 500 (samples: 127298)
INFO:root:Loss: 5.8572 +/- 0.0029
INFO:root:Epoch no. 289 of 500 (samples: 127298)
INFO:root:Loss: 5.8562 +/- 0.0017
INFO:root:Epoch no. 290 of 500 (samples: 127298)
INFO:root:Loss: 5.8567 +/- 0.0014
INFO:root:Epoch no. 291 of 500 (samples: 127298)
INFO:root:Loss: 5.8563 +/- 0.0022
INFO:root:Epoch no. 292 of 500 (samples: 127298)
INFO:root:Loss: 5.8562 +/- 0.0022
INFO:root:Epoch no. 293 of 500 (samples: 127298)
INFO:root:Loss: 5.8562 +/- 0.0023
INFO:root:Epoch no. 294 of 500 (samples: 127298)
INFO:root:Loss: 5.8563 +/- 0.0025
INFO:root:Epoch no. 295 of 500 (samples: 127298)
INFO:root:Loss: 5.8568 +/- 0.0024
INFO:root:Epoch no. 296 of 500 (samples: 127298)
INFO:root:Loss: 5.8562 +/- 0.0021
INFO:root:Epoch no. 297 of 500 (samples: 127298)
INFO:root:Loss: 5.8567 +/- 0.0024
INFO:root:Epoch no. 298 of 500 (samples: 127298)
INFO:root:Loss: 5.8558 +/- 0.0018
INFO:root:Epoch no. 299 of 500 (samples: 127298)
INFO:root:Loss: 5.8557 +/- 0.0017
INFO:root:Epoch no. 300 of 500 (samples: 127298)
INFO:root:Loss: 5.8563 +/- 0.0028
INFO:root:Epoch no. 301 of 500 (samples: 127298)
INFO:root:Loss: 5.8564 +/- 0.0026
INFO:root:Epoch no. 302 of 500 (samples: 127298)
INFO:root:Loss: 5.8565 +/- 0.0025
INFO:root:Epoch no. 303 of 500 (samples: 127298)
INFO:root:Loss: 5.8553 +/- 0.0023
INFO:root:Epoch no. 304 of 500 (samples: 127298)
INFO:root:Loss: 5.8557 +/- 0.0024
INFO:root:Epoch no. 305 of 500 (samples: 127298)
INFO:root:Loss: 5.856 +/- 0.0018
INFO:root:Epoch no. 306 of 500 (samples: 127298)
INFO:root:Loss: 5.8557 +/- 0.0025
INFO:root:Epoch no. 307 of 500 (samples: 127298)
INFO:root:Loss: 5.8559 +/- 0.0018
INFO:root:Epoch no. 308 of 500 (samples: 127298)
INFO:root:Loss: 5.856 +/- 0.0018
INFO:root:Epoch no. 309 of 500 (samples: 127298)
INFO:root:Loss: 5.8553 +/- 0.0022
INFO:root:Epoch no. 310 of 500 (samples: 127298)
INFO:root:Loss: 5.855 +/- 0.0018
INFO:root:Epoch no. 311 of 500 (samples: 127298)
INFO:root:Loss: 5.8552 +/- 0.0022
INFO:root:Epoch no. 312 of 500 (samples: 127298)
INFO:root:Loss: 5.8547 +/- 0.0028
INFO:root:Epoch no. 313 of 500 (samples: 127298)
INFO:root:Loss: 5.8553 +/- 0.0026
INFO:root:Epoch no. 314 of 500 (samples: 127298)
INFO:root:Loss: 5.8558 +/- 0.0023
INFO:root:Epoch no. 315 of 500 (samples: 127298)
INFO:root:Loss: 5.8558 +/- 0.0016
INFO:root:Epoch no. 316 of 500 (samples: 127298)
INFO:root:Loss: 5.8558 +/- 0.0021
INFO:root:Epoch no. 317 of 500 (samples: 127298)
INFO:root:Loss: 5.8554 +/- 0.0032
INFO:root:Epoch no. 318 of 500 (samples: 127298)
INFO:root:Loss: 5.8552 +/- 0.0023
INFO:root:Epoch no. 319 of 500 (samples: 127298)
INFO:root:Loss: 5.8555 +/- 0.0021
INFO:root:Epoch no. 320 of 500 (samples: 127298)
INFO:root:Loss: 5.8553 +/- 0.0016
INFO:root:Epoch no. 321 of 500 (samples: 127298)
INFO:root:Loss: 5.8547 +/- 0.0023
INFO:root:Epoch no. 322 of 500 (samples: 127298)
INFO:root:Loss: 5.8548 +/- 0.0015
INFO:root:Epoch no. 323 of 500 (samples: 127298)
INFO:root:Loss: 5.8548 +/- 0.0024
INFO:root:Epoch no. 324 of 500 (samples: 127298)
INFO:root:Loss: 5.8553 +/- 0.0024
INFO:root:Epoch no. 325 of 500 (samples: 127298)
INFO:root:Loss: 5.855 +/- 0.0028
INFO:root:Epoch no. 326 of 500 (samples: 127298)
INFO:root:Loss: 5.8549 +/- 0.0031
INFO:root:Epoch no. 327 of 500 (samples: 127298)
INFO:root:Loss: 5.8553 +/- 0.0023
INFO:root:Epoch no. 328 of 500 (samples: 127298)
INFO:root:Loss: 5.8545 +/- 0.0026
INFO:root:Epoch no. 329 of 500 (samples: 127298)
INFO:root:Loss: 5.8554 +/- 0.002
INFO:root:Epoch no. 330 of 500 (samples: 127298)
INFO:root:Loss: 5.8546 +/- 0.0018
INFO:root:Epoch no. 331 of 500 (samples: 127298)
INFO:root:Loss: 5.8546 +/- 0.002
INFO:root:Epoch no. 332 of 500 (samples: 127298)
INFO:root:Loss: 5.8545 +/- 0.0014
INFO:root:Epoch no. 333 of 500 (samples: 127298)
INFO:root:Loss: 5.8554 +/- 0.0024
INFO:root:Epoch no. 334 of 500 (samples: 127298)
INFO:root:Loss: 5.8544 +/- 0.0021
INFO:root:Epoch no. 335 of 500 (samples: 127298)
INFO:root:Loss: 5.8544 +/- 0.0026
INFO:root:Epoch no. 336 of 500 (samples: 127298)
INFO:root:Loss: 5.8551 +/- 0.002
INFO:root:Epoch no. 337 of 500 (samples: 127298)
INFO:root:Loss: 5.855 +/- 0.0018
INFO:root:Epoch no. 338 of 500 (samples: 127298)
INFO:root:Loss: 5.8552 +/- 0.0029
INFO:root:Epoch no. 339 of 500 (samples: 127298)
INFO:root:Loss: 5.8553 +/- 0.0026
INFO:root:Epoch no. 340 of 500 (samples: 127298)
INFO:root:Loss: 5.8541 +/- 0.0014
INFO:root:Epoch no. 341 of 500 (samples: 127298)
INFO:root:Loss: 5.8539 +/- 0.0021
INFO:root:Epoch no. 342 of 500 (samples: 127298)
INFO:root:Loss: 5.8546 +/- 0.0014
INFO:root:Epoch no. 343 of 500 (samples: 127298)
INFO:root:Loss: 5.8544 +/- 0.0017
INFO:root:Epoch no. 344 of 500 (samples: 127298)
INFO:root:Loss: 5.8546 +/- 0.0016
INFO:root:Epoch no. 345 of 500 (samples: 127298)
INFO:root:Loss: 5.8544 +/- 0.0022
INFO:root:Epoch no. 346 of 500 (samples: 127298)
INFO:root:Loss: 5.8549 +/- 0.0022
INFO:root:Epoch no. 347 of 500 (samples: 127298)
INFO:root:Loss: 5.8539 +/- 0.0014
INFO:root:Epoch no. 348 of 500 (samples: 127298)
INFO:root:Loss: 5.8538 +/- 0.0014
INFO:root:Epoch no. 349 of 500 (samples: 127298)
INFO:root:Loss: 5.8543 +/- 0.0018
INFO:root:Epoch no. 350 of 500 (samples: 127298)
INFO:root:Loss: 5.8541 +/- 0.0028
INFO:root:Epoch no. 351 of 500 (samples: 127298)
INFO:root:Loss: 5.8538 +/- 0.0026
INFO:root:Epoch no. 352 of 500 (samples: 127298)
INFO:root:Loss: 5.8545 +/- 0.0039
INFO:root:Epoch no. 353 of 500 (samples: 127298)
INFO:root:Loss: 5.8535 +/- 0.0021
INFO:root:Epoch no. 354 of 500 (samples: 127298)
INFO:root:Loss: 5.854 +/- 0.0022
INFO:root:Epoch no. 355 of 500 (samples: 127298)
INFO:root:Loss: 5.8533 +/- 0.0016
INFO:root:Epoch no. 356 of 500 (samples: 127298)
INFO:root:Loss: 5.8541 +/- 0.0021
INFO:root:Epoch no. 357 of 500 (samples: 127298)
INFO:root:Loss: 5.8536 +/- 0.0025
INFO:root:Epoch no. 358 of 500 (samples: 127298)
INFO:root:Loss: 5.853 +/- 0.0018
INFO:root:Epoch no. 359 of 500 (samples: 127298)
INFO:root:Loss: 5.854 +/- 0.0013
INFO:root:Epoch no. 360 of 500 (samples: 127298)
INFO:root:Loss: 5.8533 +/- 0.0014
INFO:root:Epoch no. 361 of 500 (samples: 127298)
INFO:root:Loss: 5.8537 +/- 0.002
INFO:root:Epoch no. 362 of 500 (samples: 127298)
INFO:root:Loss: 5.8534 +/- 0.0021
INFO:root:Epoch no. 363 of 500 (samples: 127298)
INFO:root:Loss: 5.854 +/- 0.0022
INFO:root:Epoch no. 364 of 500 (samples: 127298)
INFO:root:Loss: 5.8531 +/- 0.0024
INFO:root:Epoch no. 365 of 500 (samples: 127298)
INFO:root:Loss: 5.8531 +/- 0.0018
INFO:root:Epoch no. 366 of 500 (samples: 127298)
INFO:root:Loss: 5.8541 +/- 0.0019
INFO:root:Epoch no. 367 of 500 (samples: 127298)
INFO:root:Loss: 5.8532 +/- 0.0017
INFO:root:Epoch no. 368 of 500 (samples: 127298)
INFO:root:Loss: 5.8536 +/- 0.0022
INFO:root:Epoch no. 369 of 500 (samples: 127298)
INFO:root:Loss: 5.8529 +/- 0.003
INFO:root:Epoch no. 370 of 500 (samples: 127298)
INFO:root:Loss: 5.8538 +/- 0.0014
INFO:root:Epoch no. 371 of 500 (samples: 127298)
INFO:root:Loss: 5.854 +/- 0.002
INFO:root:Epoch no. 372 of 500 (samples: 127298)
INFO:root:Loss: 5.8535 +/- 0.0037
INFO:root:Epoch no. 373 of 500 (samples: 127298)
INFO:root:Loss: 5.8533 +/- 0.002
INFO:root:Epoch no. 374 of 500 (samples: 127298)
INFO:root:Loss: 5.8531 +/- 0.0039
INFO:root:Epoch no. 375 of 500 (samples: 127298)
INFO:root:Loss: 5.8531 +/- 0.0014
INFO:root:Epoch no. 376 of 500 (samples: 127298)
INFO:root:Loss: 5.8528 +/- 0.0014
INFO:root:Epoch no. 377 of 500 (samples: 127298)
INFO:root:Loss: 5.8532 +/- 0.0019
INFO:root:Epoch no. 378 of 500 (samples: 127298)
INFO:root:Loss: 5.8533 +/- 0.003
INFO:root:Epoch no. 379 of 500 (samples: 127298)
INFO:root:Loss: 5.8534 +/- 0.0019
INFO:root:Epoch no. 380 of 500 (samples: 127298)
INFO:root:Loss: 5.8527 +/- 0.0029
INFO:root:Epoch no. 381 of 500 (samples: 127298)
INFO:root:Loss: 5.8534 +/- 0.0026
INFO:root:Epoch no. 382 of 500 (samples: 127298)
INFO:root:Loss: 5.8534 +/- 0.0021
INFO:root:Epoch no. 383 of 500 (samples: 127298)
INFO:root:Loss: 5.8529 +/- 0.0017
INFO:root:Epoch no. 384 of 500 (samples: 127298)
INFO:root:Loss: 5.8533 +/- 0.0025
INFO:root:Epoch no. 385 of 500 (samples: 127298)
INFO:root:Loss: 5.853 +/- 0.0024
INFO:root:Epoch no. 386 of 500 (samples: 127298)
INFO:root:Loss: 5.8527 +/- 0.0023
INFO:root:Epoch no. 387 of 500 (samples: 127298)
INFO:root:Loss: 5.8518 +/- 0.0027
INFO:root:Epoch no. 388 of 500 (samples: 127298)
INFO:root:Loss: 5.853 +/- 0.0019
INFO:root:Epoch no. 389 of 500 (samples: 127298)
INFO:root:Loss: 5.8529 +/- 0.0022
INFO:root:Epoch no. 390 of 500 (samples: 127298)
INFO:root:Loss: 5.8527 +/- 0.002
INFO:root:Epoch no. 391 of 500 (samples: 127298)
INFO:root:Loss: 5.8534 +/- 0.0025
INFO:root:Epoch no. 392 of 500 (samples: 127298)
INFO:root:Loss: 5.8525 +/- 0.0026
INFO:root:Epoch no. 393 of 500 (samples: 127298)
INFO:root:Loss: 5.853 +/- 0.0016
INFO:root:Epoch no. 394 of 500 (samples: 127298)
INFO:root:Loss: 5.8526 +/- 0.0024
INFO:root:Epoch no. 395 of 500 (samples: 127298)
INFO:root:Loss: 5.8533 +/- 0.0029
INFO:root:Epoch no. 396 of 500 (samples: 127298)
INFO:root:Loss: 5.8522 +/- 0.0021
INFO:root:Epoch no. 397 of 500 (samples: 127298)
INFO:root:Loss: 5.8527 +/- 0.0024
INFO:root:Epoch no. 398 of 500 (samples: 127298)
INFO:root:Loss: 5.8527 +/- 0.0025
INFO:root:Epoch no. 399 of 500 (samples: 127298)
INFO:root:Loss: 5.8531 +/- 0.0023
INFO:root:Epoch no. 400 of 500 (samples: 127298)
INFO:root:Loss: 5.8534 +/- 0.0021
INFO:root:Epoch no. 401 of 500 (samples: 127298)
INFO:root:Loss: 5.8521 +/- 0.0013
INFO:root:Epoch no. 402 of 500 (samples: 127298)
INFO:root:Loss: 5.8523 +/- 0.0032
INFO:root:Epoch no. 403 of 500 (samples: 127298)
INFO:root:Loss: 5.8525 +/- 0.002
INFO:root:Epoch no. 404 of 500 (samples: 127298)
INFO:root:Loss: 5.8522 +/- 0.0012
INFO:root:Epoch no. 405 of 500 (samples: 127298)
INFO:root:Loss: 5.8526 +/- 0.0018
INFO:root:Epoch no. 406 of 500 (samples: 127298)
INFO:root:Loss: 5.8527 +/- 0.0029
INFO:root:Epoch no. 407 of 500 (samples: 127298)
INFO:root:Loss: 5.8516 +/- 0.0019
INFO:root:Epoch no. 408 of 500 (samples: 127298)
INFO:root:Loss: 5.8529 +/- 0.0028
INFO:root:Epoch no. 409 of 500 (samples: 127298)
INFO:root:Loss: 5.8524 +/- 0.0025
INFO:root:Epoch no. 410 of 500 (samples: 127298)
INFO:root:Loss: 5.8526 +/- 0.0025
INFO:root:Epoch no. 411 of 500 (samples: 127298)
INFO:root:Loss: 5.8521 +/- 0.0026
INFO:root:Epoch no. 412 of 500 (samples: 127298)
INFO:root:Loss: 5.8525 +/- 0.0017
INFO:root:Epoch no. 413 of 500 (samples: 127298)
INFO:root:Loss: 5.8519 +/- 0.0017
INFO:root:Epoch no. 414 of 500 (samples: 127298)
INFO:root:Loss: 5.852 +/- 0.0025
INFO:root:Epoch no. 415 of 500 (samples: 127298)
INFO:root:Loss: 5.8517 +/- 0.0018
INFO:root:Epoch no. 416 of 500 (samples: 127298)
INFO:root:Loss: 5.8521 +/- 0.0026
INFO:root:Epoch no. 417 of 500 (samples: 127298)
INFO:root:Loss: 5.8523 +/- 0.0024
INFO:root:Epoch no. 418 of 500 (samples: 127298)
INFO:root:Loss: 5.8517 +/- 0.0038
INFO:root:Epoch no. 419 of 500 (samples: 127298)
INFO:root:Loss: 5.8521 +/- 0.0019
INFO:root:Epoch no. 420 of 500 (samples: 127298)
INFO:root:Loss: 5.8517 +/- 0.0025
INFO:root:Epoch no. 421 of 500 (samples: 127298)
INFO:root:Loss: 5.8523 +/- 0.0011
INFO:root:Epoch no. 422 of 500 (samples: 127298)
INFO:root:Loss: 5.8522 +/- 0.0028
INFO:root:Epoch no. 423 of 500 (samples: 127298)
INFO:root:Loss: 5.852 +/- 0.0022
INFO:root:Epoch no. 424 of 500 (samples: 127298)
INFO:root:Loss: 5.8525 +/- 0.0017
INFO:root:Epoch no. 425 of 500 (samples: 127298)
INFO:root:Loss: 5.8518 +/- 0.0029
INFO:root:Epoch no. 426 of 500 (samples: 127298)
INFO:root:Loss: 5.8522 +/- 0.0028
INFO:root:Epoch no. 427 of 500 (samples: 127298)
INFO:root:Loss: 5.8518 +/- 0.0022
INFO:root:Epoch no. 428 of 500 (samples: 127298)
INFO:root:Loss: 5.8519 +/- 0.0021
INFO:root:Epoch no. 429 of 500 (samples: 127298)
INFO:root:Loss: 5.8521 +/- 0.0029
INFO:root:Epoch no. 430 of 500 (samples: 127298)
INFO:root:Loss: 5.8525 +/- 0.0026
INFO:root:Epoch no. 431 of 500 (samples: 127298)
INFO:root:Loss: 5.8515 +/- 0.0019
INFO:root:Epoch no. 432 of 500 (samples: 127298)
INFO:root:Loss: 5.8514 +/- 0.0019
INFO:root:Epoch no. 433 of 500 (samples: 127298)
INFO:root:Loss: 5.8514 +/- 0.0026
INFO:root:Epoch no. 434 of 500 (samples: 127298)
INFO:root:Loss: 5.8521 +/- 0.0025
INFO:root:Epoch no. 435 of 500 (samples: 127298)
INFO:root:Loss: 5.8513 +/- 0.0024
INFO:root:Epoch no. 436 of 500 (samples: 127298)
INFO:root:Loss: 5.8517 +/- 0.0025
INFO:root:Epoch no. 437 of 500 (samples: 127298)
INFO:root:Loss: 5.852 +/- 0.0028
INFO:root:Epoch no. 438 of 500 (samples: 127298)
INFO:root:Loss: 5.8514 +/- 0.0033
INFO:root:Epoch no. 439 of 500 (samples: 127298)
INFO:root:Loss: 5.8518 +/- 0.0027
INFO:root:Epoch no. 440 of 500 (samples: 127298)
INFO:root:Loss: 5.8517 +/- 0.0027
INFO:root:Epoch no. 441 of 500 (samples: 127298)
INFO:root:Loss: 5.8516 +/- 0.0019
INFO:root:Epoch no. 442 of 500 (samples: 127298)
INFO:root:Loss: 5.8514 +/- 0.0028
INFO:root:Epoch no. 443 of 500 (samples: 127298)
INFO:root:Loss: 5.852 +/- 0.0012
INFO:root:Epoch no. 444 of 500 (samples: 127298)
INFO:root:Loss: 5.8512 +/- 0.0016
INFO:root:Epoch no. 445 of 500 (samples: 127298)
INFO:root:Loss: 5.8519 +/- 0.0026
INFO:root:Epoch no. 446 of 500 (samples: 127298)
INFO:root:Loss: 5.8513 +/- 0.0019
INFO:root:Epoch no. 447 of 500 (samples: 127298)
INFO:root:Loss: 5.8515 +/- 0.002
INFO:root:Epoch no. 448 of 500 (samples: 127298)
INFO:root:Loss: 5.8522 +/- 0.0024
INFO:root:Epoch no. 449 of 500 (samples: 127298)
INFO:root:Loss: 5.852 +/- 0.0016
INFO:root:Epoch no. 450 of 500 (samples: 127298)
INFO:root:Loss: 5.8517 +/- 0.0017
INFO:root:Epoch no. 451 of 500 (samples: 127298)
INFO:root:Loss: 5.8517 +/- 0.0025
INFO:root:Epoch no. 452 of 500 (samples: 127298)
INFO:root:Loss: 5.8514 +/- 0.0033
INFO:root:Epoch no. 453 of 500 (samples: 127298)
INFO:root:Loss: 5.8517 +/- 0.0019
INFO:root:Epoch no. 454 of 500 (samples: 127298)
INFO:root:Loss: 5.8521 +/- 0.0032
INFO:root:Epoch no. 455 of 500 (samples: 127298)
INFO:root:Loss: 5.8518 +/- 0.002
INFO:root:Epoch no. 456 of 500 (samples: 127298)
INFO:root:Loss: 5.8511 +/- 0.0014
INFO:root:Epoch no. 457 of 500 (samples: 127298)
INFO:root:Loss: 5.8515 +/- 0.0015
INFO:root:Epoch no. 458 of 500 (samples: 127298)
INFO:root:Loss: 5.8512 +/- 0.0028
INFO:root:Epoch no. 459 of 500 (samples: 127298)
INFO:root:Loss: 5.8505 +/- 0.0024
INFO:root:Epoch no. 460 of 500 (samples: 127298)
INFO:root:Loss: 5.8515 +/- 0.0026
INFO:root:Epoch no. 461 of 500 (samples: 127298)
INFO:root:Loss: 5.8512 +/- 0.0026
INFO:root:Epoch no. 462 of 500 (samples: 127298)
INFO:root:Loss: 5.8516 +/- 0.0031
INFO:root:Epoch no. 463 of 500 (samples: 127298)
INFO:root:Loss: 5.8511 +/- 0.0022
INFO:root:Epoch no. 464 of 500 (samples: 127298)
INFO:root:Loss: 5.8514 +/- 0.0029
INFO:root:Epoch no. 465 of 500 (samples: 127298)
INFO:root:Loss: 5.851 +/- 0.0023
INFO:root:Epoch no. 466 of 500 (samples: 127298)
INFO:root:Loss: 5.8514 +/- 0.0033
INFO:root:Epoch no. 467 of 500 (samples: 127298)
INFO:root:Loss: 5.8516 +/- 0.0024
INFO:root:Epoch no. 468 of 500 (samples: 127298)
INFO:root:Loss: 5.8511 +/- 0.0024
INFO:root:Epoch no. 469 of 500 (samples: 127298)
INFO:root:Loss: 5.8516 +/- 0.0017
INFO:root:Epoch no. 470 of 500 (samples: 127298)
INFO:root:Loss: 5.8512 +/- 0.0027
INFO:root:Epoch no. 471 of 500 (samples: 127298)
INFO:root:Loss: 5.8515 +/- 0.0018
INFO:root:Epoch no. 472 of 500 (samples: 127298)
INFO:root:Loss: 5.8512 +/- 0.0023
INFO:root:Epoch no. 473 of 500 (samples: 127298)
INFO:root:Loss: 5.8512 +/- 0.0023
INFO:root:Epoch no. 474 of 500 (samples: 127298)
INFO:root:Loss: 5.8514 +/- 0.0018
INFO:root:Epoch no. 475 of 500 (samples: 127298)
INFO:root:Loss: 5.8515 +/- 0.0023
INFO:root:Epoch no. 476 of 500 (samples: 127298)
INFO:root:Loss: 5.8504 +/- 0.0025
INFO:root:Epoch no. 477 of 500 (samples: 127298)
INFO:root:Loss: 5.8508 +/- 0.0016
INFO:root:Epoch no. 478 of 500 (samples: 127298)
INFO:root:Loss: 5.8511 +/- 0.0015
INFO:root:Epoch no. 479 of 500 (samples: 127298)
INFO:root:Loss: 5.8508 +/- 0.0022
INFO:root:Epoch no. 480 of 500 (samples: 127298)
INFO:root:Loss: 5.8507 +/- 0.0019
INFO:root:Epoch no. 481 of 500 (samples: 127298)
INFO:root:Loss: 5.8515 +/- 0.0021
INFO:root:Epoch no. 482 of 500 (samples: 127298)
INFO:root:Loss: 5.8504 +/- 0.0011
INFO:root:Epoch no. 483 of 500 (samples: 127298)
INFO:root:Loss: 5.8506 +/- 0.0029
INFO:root:Epoch no. 484 of 500 (samples: 127298)
INFO:root:Loss: 5.8501 +/- 0.0022
INFO:root:Epoch no. 485 of 500 (samples: 127298)
INFO:root:Loss: 5.8505 +/- 0.0025
INFO:root:Epoch no. 486 of 500 (samples: 127298)
INFO:root:Loss: 5.8505 +/- 0.0016
INFO:root:Epoch no. 487 of 500 (samples: 127298)
INFO:root:Loss: 5.8503 +/- 0.0023
INFO:root:Epoch no. 488 of 500 (samples: 127298)
INFO:root:Loss: 5.851 +/- 0.0018
INFO:root:Epoch no. 489 of 500 (samples: 127298)
INFO:root:Loss: 5.8505 +/- 0.002
INFO:root:Epoch no. 490 of 500 (samples: 127298)
INFO:root:Loss: 5.85 +/- 0.0026
INFO:root:Epoch no. 491 of 500 (samples: 127298)
INFO:root:Loss: 5.851 +/- 0.002
INFO:root:Epoch no. 492 of 500 (samples: 127298)
INFO:root:Loss: 5.8505 +/- 0.0016
INFO:root:Epoch no. 493 of 500 (samples: 127298)
INFO:root:Loss: 5.8504 +/- 0.002
INFO:root:Epoch no. 494 of 500 (samples: 127298)
INFO:root:Loss: 5.8514 +/- 0.0024
INFO:root:Epoch no. 495 of 500 (samples: 127298)
INFO:root:Loss: 5.8509 +/- 0.0025
INFO:root:Epoch no. 496 of 500 (samples: 127298)
INFO:root:Loss: 5.8511 +/- 0.003
INFO:root:Epoch no. 497 of 500 (samples: 127298)
INFO:root:Loss: 5.85 +/- 0.003
INFO:root:Epoch no. 498 of 500 (samples: 127298)
INFO:root:Loss: 5.8509 +/- 0.0021
INFO:root:Epoch no. 499 of 500 (samples: 127298)
INFO:root:Loss: 5.8499 +/- 0.0021
INFO:root:Epoch no. 500 of 500 (samples: 127298)
INFO:root:Loss: 5.8506 +/- 0.0016
INFO:root:### MICRO (validation raw):
INFO:root:	-- left   >> mean: 1844.5084, median: 73.0, mrr: 0.1, hits@1: 1.56%
INFO:root:	-- right  >> mean: 1841.0824, median: 70.5, mrr: 0.102, hits@1: 1.7%
INFO:root:	-- global >> mean: 1842.7954, median: 72.0, mrr: 0.101, hits@1: 1.63%
INFO:root:### MICRO (validation raw):
INFO:root:	-- left   >> mean: 1844.5084, median: 73.0, mrr: 0.1, hits@3: 12.46%
INFO:root:	-- right  >> mean: 1841.0824, median: 70.5, mrr: 0.102, hits@3: 12.84%
INFO:root:	-- global >> mean: 1842.7954, median: 72.0, mrr: 0.101, hits@3: 12.65%
INFO:root:### MICRO (validation raw):
INFO:root:	-- left   >> mean: 1844.5084, median: 73.0, mrr: 0.1, hits@5: 18.9%
INFO:root:	-- right  >> mean: 1841.0824, median: 70.5, mrr: 0.102, hits@5: 19.78%
INFO:root:	-- global >> mean: 1842.7954, median: 72.0, mrr: 0.101, hits@5: 19.34%
INFO:root:### MICRO (validation raw):
INFO:root:	-- left   >> mean: 1844.5084, median: 73.0, mrr: 0.1, hits@10: 27.94%
INFO:root:	-- right  >> mean: 1841.0824, median: 70.5, mrr: 0.102, hits@10: 28.26%
INFO:root:	-- global >> mean: 1842.7954, median: 72.0, mrr: 0.101, hits@10: 28.1%
INFO:root:### MICRO (validation filtered):
INFO:root:	-- left   >> mean: 1834.8742, median: 64.5, mrr: 0.116, hits@1: 2.1%
INFO:root:	-- right  >> mean: 1831.458, median: 61.0, mrr: 0.118, hits@1: 2.14%
INFO:root:	-- global >> mean: 1833.1661, median: 63.0, mrr: 0.117, hits@1: 2.12%
INFO:root:### MICRO (validation filtered):
INFO:root:	-- left   >> mean: 1834.8742, median: 64.5, mrr: 0.116, hits@3: 15.62%
INFO:root:	-- right  >> mean: 1831.458, median: 61.0, mrr: 0.118, hits@3: 16.22%
INFO:root:	-- global >> mean: 1833.1661, median: 63.0, mrr: 0.117, hits@3: 15.92%
INFO:root:### MICRO (validation filtered):
INFO:root:	-- left   >> mean: 1834.8742, median: 64.5, mrr: 0.116, hits@5: 22.12%
INFO:root:	-- right  >> mean: 1831.458, median: 61.0, mrr: 0.118, hits@5: 22.72%
INFO:root:	-- global >> mean: 1833.1661, median: 63.0, mrr: 0.117, hits@5: 22.42%
INFO:root:### MICRO (validation filtered):
INFO:root:	-- left   >> mean: 1834.8742, median: 64.5, mrr: 0.116, hits@10: 30.12%
INFO:root:	-- right  >> mean: 1831.458, median: 61.0, mrr: 0.118, hits@10: 30.66%
INFO:root:	-- global >> mean: 1833.1661, median: 63.0, mrr: 0.117, hits@10: 30.39%
INFO:root:### MICRO (test raw):
INFO:root:	-- left   >> mean: 1620.875, median: 69.0, mrr: 0.095, hits@1: 1.2%
INFO:root:	-- right  >> mean: 1590.605, median: 68.5, mrr: 0.099, hits@1: 1.36%
INFO:root:	-- global >> mean: 1605.74, median: 69.0, mrr: 0.097, hits@1: 1.28%
INFO:root:### MICRO (test raw):
INFO:root:	-- left   >> mean: 1620.875, median: 69.0, mrr: 0.095, hits@3: 11.72%
INFO:root:	-- right  >> mean: 1590.605, median: 68.5, mrr: 0.099, hits@3: 12.16%
INFO:root:	-- global >> mean: 1605.74, median: 69.0, mrr: 0.097, hits@3: 11.94%
INFO:root:### MICRO (test raw):
INFO:root:	-- left   >> mean: 1620.875, median: 69.0, mrr: 0.095, hits@5: 17.92%
INFO:root:	-- right  >> mean: 1590.605, median: 68.5, mrr: 0.099, hits@5: 18.7%
INFO:root:	-- global >> mean: 1605.74, median: 69.0, mrr: 0.097, hits@5: 18.31%
INFO:root:### MICRO (test raw):
INFO:root:	-- left   >> mean: 1620.875, median: 69.0, mrr: 0.095, hits@10: 26.56%
INFO:root:	-- right  >> mean: 1590.605, median: 68.5, mrr: 0.099, hits@10: 28.02%
INFO:root:	-- global >> mean: 1605.74, median: 69.0, mrr: 0.097, hits@10: 27.29%
INFO:root:### MICRO (test filtered):
INFO:root:	-- left   >> mean: 1611.0164, median: 61.0, mrr: 0.111, hits@1: 1.52%
INFO:root:	-- right  >> mean: 1581.606, median: 61.5, mrr: 0.113, hits@1: 1.78%
INFO:root:	-- global >> mean: 1596.3112, median: 61.0, mrr: 0.112, hits@1: 1.65%
INFO:root:### MICRO (test filtered):
INFO:root:	-- left   >> mean: 1611.0164, median: 61.0, mrr: 0.111, hits@3: 15.02%
INFO:root:	-- right  >> mean: 1581.606, median: 61.5, mrr: 0.113, hits@3: 15.02%
INFO:root:	-- global >> mean: 1596.3112, median: 61.0, mrr: 0.112, hits@3: 15.02%
INFO:root:### MICRO (test filtered):
INFO:root:	-- left   >> mean: 1611.0164, median: 61.0, mrr: 0.111, hits@5: 21.04%
INFO:root:	-- right  >> mean: 1581.606, median: 61.5, mrr: 0.113, hits@5: 21.78%
INFO:root:	-- global >> mean: 1596.3112, median: 61.0, mrr: 0.112, hits@5: 21.41%
INFO:root:### MICRO (test filtered):
INFO:root:	-- left   >> mean: 1611.0164, median: 61.0, mrr: 0.111, hits@10: 29.5%
INFO:root:	-- right  >> mean: 1581.606, median: 61.5, mrr: 0.113, hits@10: 30.42%
INFO:root:	-- global >> mean: 1596.3112, median: 61.0, mrr: 0.112, hits@10: 29.96%
