Using Theano backend.
Using gpu device 0: GeForce GTX TITAN X (CNMeM is disabled, cuDNN not available)
INFO:root:Acquiring data/wn18/wordnet-mlj12-train.txt ..
INFO:root:Acquiring data/wn18/wordnet-mlj12-valid.txt ..
INFO:root:Acquiring data/wn18/wordnet-mlj12-test.txt ..
INFO:root:[Rules] Adding Head: 15, Tail: [(10, True)]
INFO:root:[Rules] Adding Head: 12, Tail: [(17, True)]
INFO:root:[Rules] Adding Head: 4, Tail: [(5, True)]
INFO:root:[Rules] Adding Head: 13, Tail: [(3, True)]
INFO:root:[Rules] Adding Head: 5, Tail: [(4, True)]
INFO:root:[Rules] Adding Head: 16, Tail: [(11, True)]
INFO:root:[Rules] Adding Head: 17, Tail: [(12, True)]
INFO:root:[Rules] Adding Head: 11, Tail: [(16, True)]
INFO:root:[Rules] Adding Head: 8, Tail: [(9, True)]
INFO:root:[Rules] Adding Head: 2, Tail: [(2, True)]
INFO:root:Samples: 99009, no. batches: 10 -> batch size: 9901
INFO:root:Epoch no. 1 of 500 (samples: 99009)
INFO:root:Loss: 3305.7574 +/- 105.9017
INFO:root:Epoch no. 2 of 500 (samples: 99009)
INFO:root:Loss: 3079.4993 +/- 5.4033
INFO:root:Epoch no. 3 of 500 (samples: 99009)
INFO:root:Loss: 2984.8538 +/- 9.1277
INFO:root:Epoch no. 4 of 500 (samples: 99009)
INFO:root:Loss: 2928.3835 +/- 10.8594
INFO:root:Epoch no. 5 of 500 (samples: 99009)
INFO:root:Loss: 2885.4529 +/- 10.6979
INFO:root:Epoch no. 6 of 500 (samples: 99009)
INFO:root:Loss: 2850.4805 +/- 11.2293
INFO:root:Epoch no. 7 of 500 (samples: 99009)
INFO:root:Loss: 2822.6062 +/- 10.8708
INFO:root:Epoch no. 8 of 500 (samples: 99009)
INFO:root:Loss: 2800.6067 +/- 11.2872
INFO:root:Epoch no. 9 of 500 (samples: 99009)
INFO:root:Loss: 2782.4806 +/- 10.6799
INFO:root:Epoch no. 10 of 500 (samples: 99009)
INFO:root:Loss: 2765.8591 +/- 9.8457
INFO:root:Epoch no. 11 of 500 (samples: 99009)
INFO:root:Loss: 2752.4268 +/- 11.1307
INFO:root:Epoch no. 12 of 500 (samples: 99009)
INFO:root:Loss: 2741.7974 +/- 11.1452
INFO:root:Epoch no. 13 of 500 (samples: 99009)
INFO:root:Loss: 2731.3617 +/- 10.2103
INFO:root:Epoch no. 14 of 500 (samples: 99009)
INFO:root:Loss: 2722.9707 +/- 9.6329
INFO:root:Epoch no. 15 of 500 (samples: 99009)
INFO:root:Loss: 2715.9695 +/- 8.7602
INFO:root:Epoch no. 16 of 500 (samples: 99009)
INFO:root:Loss: 2709.4599 +/- 9.7395
INFO:root:Epoch no. 17 of 500 (samples: 99009)
INFO:root:Loss: 2703.344 +/- 10.4944
INFO:root:Epoch no. 18 of 500 (samples: 99009)
INFO:root:Loss: 2697.9808 +/- 8.6654
INFO:root:Epoch no. 19 of 500 (samples: 99009)
INFO:root:Loss: 2692.5535 +/- 8.35
INFO:root:Epoch no. 20 of 500 (samples: 99009)
INFO:root:Loss: 2688.5706 +/- 8.833
INFO:root:Epoch no. 21 of 500 (samples: 99009)
INFO:root:Loss: 2684.454 +/- 7.461
INFO:root:Epoch no. 22 of 500 (samples: 99009)
INFO:root:Loss: 2680.6349 +/- 7.2536
INFO:root:Epoch no. 23 of 500 (samples: 99009)
INFO:root:Loss: 2677.4968 +/- 7.689
INFO:root:Epoch no. 24 of 500 (samples: 99009)
INFO:root:Loss: 2674.5376 +/- 7.8853
INFO:root:Epoch no. 25 of 500 (samples: 99009)
INFO:root:Loss: 2671.6227 +/- 7.3055
INFO:root:Epoch no. 26 of 500 (samples: 99009)
INFO:root:Loss: 2669.2601 +/- 6.5367
INFO:root:Epoch no. 27 of 500 (samples: 99009)
INFO:root:Loss: 2665.3494 +/- 7.3194
INFO:root:Epoch no. 28 of 500 (samples: 99009)
INFO:root:Loss: 2663.5029 +/- 7.0202
INFO:root:Epoch no. 29 of 500 (samples: 99009)
INFO:root:Loss: 2661.2776 +/- 8.3502
INFO:root:Epoch no. 30 of 500 (samples: 99009)
INFO:root:Loss: 2658.4025 +/- 6.3356
INFO:root:Epoch no. 31 of 500 (samples: 99009)
INFO:root:Loss: 2656.6615 +/- 7.071
INFO:root:Epoch no. 32 of 500 (samples: 99009)
INFO:root:Loss: 2654.1648 +/- 5.9484
INFO:root:Epoch no. 33 of 500 (samples: 99009)
INFO:root:Loss: 2652.5391 +/- 7.1508
INFO:root:Epoch no. 34 of 500 (samples: 99009)
INFO:root:Loss: 2650.8394 +/- 7.9515
INFO:root:Epoch no. 35 of 500 (samples: 99009)
INFO:root:Loss: 2648.2754 +/- 6.2135
INFO:root:Epoch no. 36 of 500 (samples: 99009)
INFO:root:Loss: 2647.7777 +/- 6.3491
INFO:root:Epoch no. 37 of 500 (samples: 99009)
INFO:root:Loss: 2646.12 +/- 5.1971
INFO:root:Epoch no. 38 of 500 (samples: 99009)
INFO:root:Loss: 2644.5519 +/- 5.6703
INFO:root:Epoch no. 39 of 500 (samples: 99009)
INFO:root:Loss: 2642.563 +/- 6.2528
INFO:root:Epoch no. 40 of 500 (samples: 99009)
INFO:root:Loss: 2641.0238 +/- 7.0682
INFO:root:Epoch no. 41 of 500 (samples: 99009)
INFO:root:Loss: 2639.8904 +/- 5.7421
INFO:root:Epoch no. 42 of 500 (samples: 99009)
INFO:root:Loss: 2638.8474 +/- 6.6944
INFO:root:Epoch no. 43 of 500 (samples: 99009)
INFO:root:Loss: 2637.6606 +/- 5.317
INFO:root:Epoch no. 44 of 500 (samples: 99009)
INFO:root:Loss: 2636.596 +/- 6.0119
INFO:root:Epoch no. 45 of 500 (samples: 99009)
INFO:root:Loss: 2635.8788 +/- 6.1355
INFO:root:Epoch no. 46 of 500 (samples: 99009)
INFO:root:Loss: 2634.6908 +/- 6.6463
INFO:root:Epoch no. 47 of 500 (samples: 99009)
INFO:root:Loss: 2633.6081 +/- 5.5562
INFO:root:Epoch no. 48 of 500 (samples: 99009)
INFO:root:Loss: 2632.8535 +/- 5.8403
INFO:root:Epoch no. 49 of 500 (samples: 99009)
INFO:root:Loss: 2631.9549 +/- 6.1869
INFO:root:Epoch no. 50 of 500 (samples: 99009)
INFO:root:Loss: 2631.0171 +/- 5.1623
INFO:root:Epoch no. 51 of 500 (samples: 99009)
INFO:root:Loss: 2629.4233 +/- 5.5413
INFO:root:Epoch no. 52 of 500 (samples: 99009)
INFO:root:Loss: 2629.1928 +/- 5.7396
INFO:root:Epoch no. 53 of 500 (samples: 99009)
INFO:root:Loss: 2627.3969 +/- 4.3759
INFO:root:Epoch no. 54 of 500 (samples: 99009)
INFO:root:Loss: 2626.7867 +/- 6.1554
INFO:root:Epoch no. 55 of 500 (samples: 99009)
INFO:root:Loss: 2626.5239 +/- 5.616
INFO:root:Epoch no. 56 of 500 (samples: 99009)
INFO:root:Loss: 2624.4742 +/- 5.6463
INFO:root:Epoch no. 57 of 500 (samples: 99009)
INFO:root:Loss: 2624.8022 +/- 4.8519
INFO:root:Epoch no. 58 of 500 (samples: 99009)
INFO:root:Loss: 2624.3731 +/- 4.6099
INFO:root:Epoch no. 59 of 500 (samples: 99009)
INFO:root:Loss: 2622.8149 +/- 4.4087
INFO:root:Epoch no. 60 of 500 (samples: 99009)
INFO:root:Loss: 2622.4413 +/- 5.1133
INFO:root:Epoch no. 61 of 500 (samples: 99009)
INFO:root:Loss: 2621.6341 +/- 4.6885
INFO:root:Epoch no. 62 of 500 (samples: 99009)
INFO:root:Loss: 2620.8835 +/- 5.7771
INFO:root:Epoch no. 63 of 500 (samples: 99009)
INFO:root:Loss: 2620.4937 +/- 4.888
INFO:root:Epoch no. 64 of 500 (samples: 99009)
INFO:root:Loss: 2620.2958 +/- 4.9487
INFO:root:Epoch no. 65 of 500 (samples: 99009)
INFO:root:Loss: 2619.2804 +/- 4.9913
INFO:root:Epoch no. 66 of 500 (samples: 99009)
INFO:root:Loss: 2618.9359 +/- 4.7656
INFO:root:Epoch no. 67 of 500 (samples: 99009)
INFO:root:Loss: 2617.5777 +/- 4.8344
INFO:root:Epoch no. 68 of 500 (samples: 99009)
INFO:root:Loss: 2617.2588 +/- 5.3395
INFO:root:Epoch no. 69 of 500 (samples: 99009)
INFO:root:Loss: 2616.9143 +/- 5.3957
INFO:root:Epoch no. 70 of 500 (samples: 99009)
INFO:root:Loss: 2616.6892 +/- 5.6473
INFO:root:Epoch no. 71 of 500 (samples: 99009)
INFO:root:Loss: 2615.8156 +/- 5.2509
INFO:root:Epoch no. 72 of 500 (samples: 99009)
INFO:root:Loss: 2615.3583 +/- 4.8768
INFO:root:Epoch no. 73 of 500 (samples: 99009)
INFO:root:Loss: 2615.172 +/- 5.5116
INFO:root:Epoch no. 74 of 500 (samples: 99009)
INFO:root:Loss: 2614.6573 +/- 3.984
INFO:root:Epoch no. 75 of 500 (samples: 99009)
INFO:root:Loss: 2614.175 +/- 4.628
INFO:root:Epoch no. 76 of 500 (samples: 99009)
INFO:root:Loss: 2613.385 +/- 4.4187
INFO:root:Epoch no. 77 of 500 (samples: 99009)
INFO:root:Loss: 2612.3904 +/- 4.1206
INFO:root:Epoch no. 78 of 500 (samples: 99009)
INFO:root:Loss: 2612.8435 +/- 4.9969
INFO:root:Epoch no. 79 of 500 (samples: 99009)
INFO:root:Loss: 2612.1506 +/- 5.1407
INFO:root:Epoch no. 80 of 500 (samples: 99009)
INFO:root:Loss: 2612.236 +/- 5.579
INFO:root:Epoch no. 81 of 500 (samples: 99009)
INFO:root:Loss: 2611.646 +/- 5.2177
INFO:root:Epoch no. 82 of 500 (samples: 99009)
INFO:root:Loss: 2611.1289 +/- 4.5419
INFO:root:Epoch no. 83 of 500 (samples: 99009)
INFO:root:Loss: 2611.0653 +/- 4.9031
INFO:root:Epoch no. 84 of 500 (samples: 99009)
INFO:root:Loss: 2609.7276 +/- 4.6238
INFO:root:Epoch no. 85 of 500 (samples: 99009)
INFO:root:Loss: 2609.9653 +/- 4.7295
INFO:root:Epoch no. 86 of 500 (samples: 99009)
INFO:root:Loss: 2609.3489 +/- 4.8477
INFO:root:Epoch no. 87 of 500 (samples: 99009)
INFO:root:Loss: 2608.7261 +/- 3.9936
INFO:root:Epoch no. 88 of 500 (samples: 99009)
INFO:root:Loss: 2608.4789 +/- 5.3384
INFO:root:Epoch no. 89 of 500 (samples: 99009)
INFO:root:Loss: 2608.3885 +/- 4.3787
INFO:root:Epoch no. 90 of 500 (samples: 99009)
INFO:root:Loss: 2608.5964 +/- 3.7694
INFO:root:Epoch no. 91 of 500 (samples: 99009)
INFO:root:Loss: 2607.9536 +/- 4.3481
INFO:root:Epoch no. 92 of 500 (samples: 99009)
INFO:root:Loss: 2607.6081 +/- 5.1092
INFO:root:Epoch no. 93 of 500 (samples: 99009)
INFO:root:Loss: 2607.4284 +/- 4.1045
INFO:root:Epoch no. 94 of 500 (samples: 99009)
INFO:root:Loss: 2606.5309 +/- 5.1266
INFO:root:Epoch no. 95 of 500 (samples: 99009)
INFO:root:Loss: 2605.687 +/- 5.1359
INFO:root:Epoch no. 96 of 500 (samples: 99009)
INFO:root:Loss: 2606.3865 +/- 3.599
INFO:root:Epoch no. 97 of 500 (samples: 99009)
INFO:root:Loss: 2605.4162 +/- 3.5813
INFO:root:Epoch no. 98 of 500 (samples: 99009)
INFO:root:Loss: 2604.8532 +/- 4.9159
INFO:root:Epoch no. 99 of 500 (samples: 99009)
INFO:root:Loss: 2603.9993 +/- 3.5929
INFO:root:Epoch no. 100 of 500 (samples: 99009)
INFO:root:Loss: 2604.6928 +/- 4.6936
INFO:root:Epoch no. 101 of 500 (samples: 99009)
INFO:root:Loss: 2603.6781 +/- 4.3874
INFO:root:Epoch no. 102 of 500 (samples: 99009)
INFO:root:Loss: 2604.6438 +/- 3.6062
INFO:root:Epoch no. 103 of 500 (samples: 99009)
INFO:root:Loss: 2603.5955 +/- 5.1239
INFO:root:Epoch no. 104 of 500 (samples: 99009)
INFO:root:Loss: 2603.1096 +/- 3.7106
INFO:root:Epoch no. 105 of 500 (samples: 99009)
INFO:root:Loss: 2603.8568 +/- 4.7087
INFO:root:Epoch no. 106 of 500 (samples: 99009)
INFO:root:Loss: 2602.8561 +/- 4.8636
INFO:root:Epoch no. 107 of 500 (samples: 99009)
INFO:root:Loss: 2603.1713 +/- 3.0835
INFO:root:Epoch no. 108 of 500 (samples: 99009)
INFO:root:Loss: 2601.8343 +/- 4.8051
INFO:root:Epoch no. 109 of 500 (samples: 99009)
INFO:root:Loss: 2601.7352 +/- 3.3416
INFO:root:Epoch no. 110 of 500 (samples: 99009)
INFO:root:Loss: 2602.3402 +/- 4.7978
INFO:root:Epoch no. 111 of 500 (samples: 99009)
INFO:root:Loss: 2600.9893 +/- 3.5977
INFO:root:Epoch no. 112 of 500 (samples: 99009)
INFO:root:Loss: 2601.2563 +/- 4.9756
INFO:root:Epoch no. 113 of 500 (samples: 99009)
INFO:root:Loss: 2600.4753 +/- 4.4854
INFO:root:Epoch no. 114 of 500 (samples: 99009)
INFO:root:Loss: 2600.3797 +/- 4.924
INFO:root:Epoch no. 115 of 500 (samples: 99009)
INFO:root:Loss: 2600.252 +/- 3.3705
INFO:root:Epoch no. 116 of 500 (samples: 99009)
INFO:root:Loss: 2600.1497 +/- 4.6775
INFO:root:Epoch no. 117 of 500 (samples: 99009)
INFO:root:Loss: 2599.2882 +/- 4.8054
INFO:root:Epoch no. 118 of 500 (samples: 99009)
INFO:root:Loss: 2599.8925 +/- 4.486
INFO:root:Epoch no. 119 of 500 (samples: 99009)
INFO:root:Loss: 2599.7518 +/- 4.122
INFO:root:Epoch no. 120 of 500 (samples: 99009)
INFO:root:Loss: 2599.2591 +/- 4.2747
INFO:root:Epoch no. 121 of 500 (samples: 99009)
INFO:root:Loss: 2598.5705 +/- 4.0562
INFO:root:Epoch no. 122 of 500 (samples: 99009)
INFO:root:Loss: 2598.7205 +/- 3.5825
INFO:root:Epoch no. 123 of 500 (samples: 99009)
INFO:root:Loss: 2598.0905 +/- 4.7619
INFO:root:Epoch no. 124 of 500 (samples: 99009)
INFO:root:Loss: 2598.2111 +/- 3.7184
INFO:root:Epoch no. 125 of 500 (samples: 99009)
INFO:root:Loss: 2598.3002 +/- 4.2458
INFO:root:Epoch no. 126 of 500 (samples: 99009)
INFO:root:Loss: 2597.6073 +/- 4.2829
INFO:root:Epoch no. 127 of 500 (samples: 99009)
INFO:root:Loss: 2597.8344 +/- 4.1864
INFO:root:Epoch no. 128 of 500 (samples: 99009)
INFO:root:Loss: 2597.9679 +/- 3.0436
INFO:root:Epoch no. 129 of 500 (samples: 99009)
INFO:root:Loss: 2597.2246 +/- 4.4986
INFO:root:Epoch no. 130 of 500 (samples: 99009)
INFO:root:Loss: 2596.9089 +/- 4.1773
INFO:root:Epoch no. 131 of 500 (samples: 99009)
INFO:root:Loss: 2596.8479 +/- 4.8385
INFO:root:Epoch no. 132 of 500 (samples: 99009)
INFO:root:Loss: 2596.8607 +/- 4.6643
INFO:root:Epoch no. 133 of 500 (samples: 99009)
INFO:root:Loss: 2596.6585 +/- 2.4177
INFO:root:Epoch no. 134 of 500 (samples: 99009)
INFO:root:Loss: 2596.5792 +/- 3.5817
INFO:root:Epoch no. 135 of 500 (samples: 99009)
INFO:root:Loss: 2596.4558 +/- 3.1154
INFO:root:Epoch no. 136 of 500 (samples: 99009)
INFO:root:Loss: 2595.8145 +/- 3.4415
INFO:root:Epoch no. 137 of 500 (samples: 99009)
INFO:root:Loss: 2596.0516 +/- 3.2087
INFO:root:Epoch no. 138 of 500 (samples: 99009)
INFO:root:Loss: 2595.2944 +/- 3.9937
INFO:root:Epoch no. 139 of 500 (samples: 99009)
INFO:root:Loss: 2595.06 +/- 3.895
INFO:root:Epoch no. 140 of 500 (samples: 99009)
INFO:root:Loss: 2595.8828 +/- 4.3842
INFO:root:Epoch no. 141 of 500 (samples: 99009)
INFO:root:Loss: 2595.0626 +/- 2.9074
INFO:root:Epoch no. 142 of 500 (samples: 99009)
INFO:root:Loss: 2595.2747 +/- 4.1044
INFO:root:Epoch no. 143 of 500 (samples: 99009)
INFO:root:Loss: 2594.661 +/- 3.3731
INFO:root:Epoch no. 144 of 500 (samples: 99009)
INFO:root:Loss: 2594.8032 +/- 4.2401
INFO:root:Epoch no. 145 of 500 (samples: 99009)
INFO:root:Loss: 2593.9381 +/- 4.9549
INFO:root:Epoch no. 146 of 500 (samples: 99009)
INFO:root:Loss: 2594.1714 +/- 4.0738
INFO:root:Epoch no. 147 of 500 (samples: 99009)
INFO:root:Loss: 2594.4863 +/- 3.7011
INFO:root:Epoch no. 148 of 500 (samples: 99009)
INFO:root:Loss: 2594.0221 +/- 4.3685
INFO:root:Epoch no. 149 of 500 (samples: 99009)
INFO:root:Loss: 2593.431 +/- 3.1786
INFO:root:Epoch no. 150 of 500 (samples: 99009)
INFO:root:Loss: 2593.8922 +/- 3.5943
INFO:root:Epoch no. 151 of 500 (samples: 99009)
INFO:root:Loss: 2593.993 +/- 3.7636
INFO:root:Epoch no. 152 of 500 (samples: 99009)
INFO:root:Loss: 2593.4284 +/- 4.7996
INFO:root:Epoch no. 153 of 500 (samples: 99009)
INFO:root:Loss: 2592.6339 +/- 2.899
INFO:root:Epoch no. 154 of 500 (samples: 99009)
INFO:root:Loss: 2592.2986 +/- 3.7451
INFO:root:Epoch no. 155 of 500 (samples: 99009)
INFO:root:Loss: 2592.5204 +/- 3.7913
INFO:root:Epoch no. 156 of 500 (samples: 99009)
INFO:root:Loss: 2592.7602 +/- 3.7978
INFO:root:Epoch no. 157 of 500 (samples: 99009)
INFO:root:Loss: 2592.1972 +/- 4.3525
INFO:root:Epoch no. 158 of 500 (samples: 99009)
INFO:root:Loss: 2592.231 +/- 3.1681
INFO:root:Epoch no. 159 of 500 (samples: 99009)
INFO:root:Loss: 2592.4687 +/- 4.5022
INFO:root:Epoch no. 160 of 500 (samples: 99009)
INFO:root:Loss: 2592.31 +/- 4.6357
INFO:root:Epoch no. 161 of 500 (samples: 99009)
INFO:root:Loss: 2592.0842 +/- 3.8993
INFO:root:Epoch no. 162 of 500 (samples: 99009)
INFO:root:Loss: 2591.8623 +/- 4.9002
INFO:root:Epoch no. 163 of 500 (samples: 99009)
INFO:root:Loss: 2592.4325 +/- 3.287
INFO:root:Epoch no. 164 of 500 (samples: 99009)
INFO:root:Loss: 2591.7406 +/- 4.7417
INFO:root:Epoch no. 165 of 500 (samples: 99009)
INFO:root:Loss: 2591.7909 +/- 3.409
INFO:root:Epoch no. 166 of 500 (samples: 99009)
INFO:root:Loss: 2591.0423 +/- 4.6104
INFO:root:Epoch no. 167 of 500 (samples: 99009)
INFO:root:Loss: 2590.4597 +/- 3.5375
INFO:root:Epoch no. 168 of 500 (samples: 99009)
INFO:root:Loss: 2591.3939 +/- 3.2364
INFO:root:Epoch no. 169 of 500 (samples: 99009)
INFO:root:Loss: 2591.0883 +/- 3.9889
INFO:root:Epoch no. 170 of 500 (samples: 99009)
INFO:root:Loss: 2590.1473 +/- 4.067
INFO:root:Epoch no. 171 of 500 (samples: 99009)
INFO:root:Loss: 2590.9365 +/- 3.4912
INFO:root:Epoch no. 172 of 500 (samples: 99009)
INFO:root:Loss: 2590.4982 +/- 3.0459
INFO:root:Epoch no. 173 of 500 (samples: 99009)
INFO:root:Loss: 2590.5538 +/- 2.9644
INFO:root:Epoch no. 174 of 500 (samples: 99009)
INFO:root:Loss: 2590.2701 +/- 2.8921
INFO:root:Epoch no. 175 of 500 (samples: 99009)
INFO:root:Loss: 2589.2566 +/- 3.4087
INFO:root:Epoch no. 176 of 500 (samples: 99009)
INFO:root:Loss: 2590.1162 +/- 3.361
INFO:root:Epoch no. 177 of 500 (samples: 99009)
INFO:root:Loss: 2590.458 +/- 4.3922
INFO:root:Epoch no. 178 of 500 (samples: 99009)
INFO:root:Loss: 2590.2572 +/- 4.1916
INFO:root:Epoch no. 179 of 500 (samples: 99009)
INFO:root:Loss: 2590.0367 +/- 4.7491
INFO:root:Epoch no. 180 of 500 (samples: 99009)
INFO:root:Loss: 2589.1266 +/- 3.6749
INFO:root:Epoch no. 181 of 500 (samples: 99009)
INFO:root:Loss: 2588.6906 +/- 3.2731
INFO:root:Epoch no. 182 of 500 (samples: 99009)
INFO:root:Loss: 2588.7855 +/- 3.3609
INFO:root:Epoch no. 183 of 500 (samples: 99009)
INFO:root:Loss: 2589.1249 +/- 3.0615
INFO:root:Epoch no. 184 of 500 (samples: 99009)
INFO:root:Loss: 2588.8738 +/- 3.5463
INFO:root:Epoch no. 185 of 500 (samples: 99009)
INFO:root:Loss: 2588.7234 +/- 2.4606
INFO:root:Epoch no. 186 of 500 (samples: 99009)
INFO:root:Loss: 2588.4704 +/- 2.6507
INFO:root:Epoch no. 187 of 500 (samples: 99009)
INFO:root:Loss: 2589.4228 +/- 3.8254
INFO:root:Epoch no. 188 of 500 (samples: 99009)
INFO:root:Loss: 2588.6351 +/- 4.1595
INFO:root:Epoch no. 189 of 500 (samples: 99009)
INFO:root:Loss: 2588.5746 +/- 3.4805
INFO:root:Epoch no. 190 of 500 (samples: 99009)
INFO:root:Loss: 2588.5153 +/- 3.213
INFO:root:Epoch no. 191 of 500 (samples: 99009)
INFO:root:Loss: 2588.384 +/- 2.181
INFO:root:Epoch no. 192 of 500 (samples: 99009)
INFO:root:Loss: 2588.1483 +/- 4.6132
INFO:root:Epoch no. 193 of 500 (samples: 99009)
INFO:root:Loss: 2587.6508 +/- 4.4168
INFO:root:Epoch no. 194 of 500 (samples: 99009)
INFO:root:Loss: 2588.0949 +/- 3.6035
INFO:root:Epoch no. 195 of 500 (samples: 99009)
INFO:root:Loss: 2586.9589 +/- 3.6043
INFO:root:Epoch no. 196 of 500 (samples: 99009)
INFO:root:Loss: 2588.1116 +/- 2.0804
INFO:root:Epoch no. 197 of 500 (samples: 99009)
INFO:root:Loss: 2587.4126 +/- 3.371
INFO:root:Epoch no. 198 of 500 (samples: 99009)
INFO:root:Loss: 2587.7012 +/- 3.7672
INFO:root:Epoch no. 199 of 500 (samples: 99009)
INFO:root:Loss: 2587.8574 +/- 4.6865
INFO:root:Epoch no. 200 of 500 (samples: 99009)
INFO:root:Loss: 2587.6571 +/- 2.6338
INFO:root:Epoch no. 201 of 500 (samples: 99009)
INFO:root:Loss: 2587.2167 +/- 2.741
INFO:root:Epoch no. 202 of 500 (samples: 99009)
INFO:root:Loss: 2586.8911 +/- 3.173
INFO:root:Epoch no. 203 of 500 (samples: 99009)
INFO:root:Loss: 2587.6487 +/- 2.5311
INFO:root:Epoch no. 204 of 500 (samples: 99009)
INFO:root:Loss: 2587.2645 +/- 3.1369
INFO:root:Epoch no. 205 of 500 (samples: 99009)
INFO:root:Loss: 2587.1967 +/- 3.7445
INFO:root:Epoch no. 206 of 500 (samples: 99009)
INFO:root:Loss: 2587.3013 +/- 1.9629
INFO:root:Epoch no. 207 of 500 (samples: 99009)
INFO:root:Loss: 2587.2515 +/- 2.8121
INFO:root:Epoch no. 208 of 500 (samples: 99009)
INFO:root:Loss: 2586.3281 +/- 3.5545
INFO:root:Epoch no. 209 of 500 (samples: 99009)
INFO:root:Loss: 2586.5487 +/- 2.6235
INFO:root:Epoch no. 210 of 500 (samples: 99009)
INFO:root:Loss: 2586.5174 +/- 4.3442
INFO:root:Epoch no. 211 of 500 (samples: 99009)
INFO:root:Loss: 2587.1084 +/- 4.7169
INFO:root:Epoch no. 212 of 500 (samples: 99009)
INFO:root:Loss: 2586.0459 +/- 3.4846
INFO:root:Epoch no. 213 of 500 (samples: 99009)
INFO:root:Loss: 2585.9538 +/- 3.3217
INFO:root:Epoch no. 214 of 500 (samples: 99009)
INFO:root:Loss: 2586.1428 +/- 3.3398
INFO:root:Epoch no. 215 of 500 (samples: 99009)
INFO:root:Loss: 2586.5117 +/- 3.2048
INFO:root:Epoch no. 216 of 500 (samples: 99009)
INFO:root:Loss: 2585.8932 +/- 2.9578
INFO:root:Epoch no. 217 of 500 (samples: 99009)
INFO:root:Loss: 2585.0648 +/- 2.738
INFO:root:Epoch no. 218 of 500 (samples: 99009)
INFO:root:Loss: 2586.1803 +/- 3.0663
INFO:root:Epoch no. 219 of 500 (samples: 99009)
INFO:root:Loss: 2585.1937 +/- 2.7826
INFO:root:Epoch no. 220 of 500 (samples: 99009)
INFO:root:Loss: 2585.2537 +/- 4.6252
INFO:root:Epoch no. 221 of 500 (samples: 99009)
INFO:root:Loss: 2586.108 +/- 3.8389
INFO:root:Epoch no. 222 of 500 (samples: 99009)
INFO:root:Loss: 2586.3521 +/- 2.5547
INFO:root:Epoch no. 223 of 500 (samples: 99009)
INFO:root:Loss: 2585.2812 +/- 3.4131
INFO:root:Epoch no. 224 of 500 (samples: 99009)
INFO:root:Loss: 2585.4204 +/- 3.5317
INFO:root:Epoch no. 225 of 500 (samples: 99009)
INFO:root:Loss: 2585.3823 +/- 2.9886
INFO:root:Epoch no. 226 of 500 (samples: 99009)
INFO:root:Loss: 2585.0278 +/- 4.4171
INFO:root:Epoch no. 227 of 500 (samples: 99009)
INFO:root:Loss: 2584.9538 +/- 3.6372
INFO:root:Epoch no. 228 of 500 (samples: 99009)
INFO:root:Loss: 2584.7916 +/- 3.912
INFO:root:Epoch no. 229 of 500 (samples: 99009)
INFO:root:Loss: 2585.4914 +/- 3.5185
INFO:root:Epoch no. 230 of 500 (samples: 99009)
INFO:root:Loss: 2584.7033 +/- 3.4989
INFO:root:Epoch no. 231 of 500 (samples: 99009)
INFO:root:Loss: 2584.6084 +/- 3.6366
INFO:root:Epoch no. 232 of 500 (samples: 99009)
INFO:root:Loss: 2584.3465 +/- 4.0196
INFO:root:Epoch no. 233 of 500 (samples: 99009)
INFO:root:Loss: 2585.3686 +/- 2.8616
INFO:root:Epoch no. 234 of 500 (samples: 99009)
INFO:root:Loss: 2585.2403 +/- 3.6215
INFO:root:Epoch no. 235 of 500 (samples: 99009)
INFO:root:Loss: 2583.8175 +/- 3.2384
INFO:root:Epoch no. 236 of 500 (samples: 99009)
INFO:root:Loss: 2584.1411 +/- 2.7325
INFO:root:Epoch no. 237 of 500 (samples: 99009)
INFO:root:Loss: 2584.9557 +/- 4.198
INFO:root:Epoch no. 238 of 500 (samples: 99009)
INFO:root:Loss: 2584.5344 +/- 2.8622
INFO:root:Epoch no. 239 of 500 (samples: 99009)
INFO:root:Loss: 2584.0192 +/- 3.3002
INFO:root:Epoch no. 240 of 500 (samples: 99009)
INFO:root:Loss: 2584.6589 +/- 2.5132
INFO:root:Epoch no. 241 of 500 (samples: 99009)
INFO:root:Loss: 2584.3651 +/- 3.5067
INFO:root:Epoch no. 242 of 500 (samples: 99009)
INFO:root:Loss: 2583.25 +/- 3.1847
INFO:root:Epoch no. 243 of 500 (samples: 99009)
INFO:root:Loss: 2583.5117 +/- 3.7649
INFO:root:Epoch no. 244 of 500 (samples: 99009)
INFO:root:Loss: 2583.6588 +/- 3.8248
INFO:root:Epoch no. 245 of 500 (samples: 99009)
INFO:root:Loss: 2583.9876 +/- 2.2926
INFO:root:Epoch no. 246 of 500 (samples: 99009)
INFO:root:Loss: 2583.7109 +/- 2.8572
INFO:root:Epoch no. 247 of 500 (samples: 99009)
INFO:root:Loss: 2583.7255 +/- 2.5108
INFO:root:Epoch no. 248 of 500 (samples: 99009)
INFO:root:Loss: 2583.9937 +/- 3.4569
INFO:root:Epoch no. 249 of 500 (samples: 99009)
INFO:root:Loss: 2583.2283 +/- 3.0401
INFO:root:Epoch no. 250 of 500 (samples: 99009)
INFO:root:Loss: 2583.3053 +/- 3.48
INFO:root:Epoch no. 251 of 500 (samples: 99009)
INFO:root:Loss: 2582.7642 +/- 2.7001
INFO:root:Epoch no. 252 of 500 (samples: 99009)
INFO:root:Loss: 2583.0414 +/- 2.7289
INFO:root:Epoch no. 253 of 500 (samples: 99009)
INFO:root:Loss: 2583.6262 +/- 2.8944
INFO:root:Epoch no. 254 of 500 (samples: 99009)
INFO:root:Loss: 2582.8055 +/- 3.4537
INFO:root:Epoch no. 255 of 500 (samples: 99009)
INFO:root:Loss: 2583.0913 +/- 2.637
INFO:root:Epoch no. 256 of 500 (samples: 99009)
INFO:root:Loss: 2582.2569 +/- 2.1022
INFO:root:Epoch no. 257 of 500 (samples: 99009)
INFO:root:Loss: 2582.6769 +/- 3.4884
INFO:root:Epoch no. 258 of 500 (samples: 99009)
INFO:root:Loss: 2582.2122 +/- 3.061
INFO:root:Epoch no. 259 of 500 (samples: 99009)
INFO:root:Loss: 2583.4312 +/- 3.3528
INFO:root:Epoch no. 260 of 500 (samples: 99009)
INFO:root:Loss: 2582.7993 +/- 3.3732
INFO:root:Epoch no. 261 of 500 (samples: 99009)
INFO:root:Loss: 2582.7882 +/- 2.9224
INFO:root:Epoch no. 262 of 500 (samples: 99009)
INFO:root:Loss: 2582.8031 +/- 3.6915
INFO:root:Epoch no. 263 of 500 (samples: 99009)
INFO:root:Loss: 2582.8445 +/- 2.7647
INFO:root:Epoch no. 264 of 500 (samples: 99009)
INFO:root:Loss: 2582.1397 +/- 2.2335
INFO:root:Epoch no. 265 of 500 (samples: 99009)
INFO:root:Loss: 2582.8649 +/- 3.5056
INFO:root:Epoch no. 266 of 500 (samples: 99009)
INFO:root:Loss: 2582.1915 +/- 3.2298
INFO:root:Epoch no. 267 of 500 (samples: 99009)
INFO:root:Loss: 2581.6369 +/- 4.1801
INFO:root:Epoch no. 268 of 500 (samples: 99009)
INFO:root:Loss: 2582.4606 +/- 3.0901
INFO:root:Epoch no. 269 of 500 (samples: 99009)
INFO:root:Loss: 2581.8693 +/- 3.8591
INFO:root:Epoch no. 270 of 500 (samples: 99009)
INFO:root:Loss: 2582.5187 +/- 4.1118
INFO:root:Epoch no. 271 of 500 (samples: 99009)
INFO:root:Loss: 2581.5808 +/- 3.076
INFO:root:Epoch no. 272 of 500 (samples: 99009)
INFO:root:Loss: 2581.1744 +/- 3.3463
INFO:root:Epoch no. 273 of 500 (samples: 99009)
INFO:root:Loss: 2581.2621 +/- 2.7446
INFO:root:Epoch no. 274 of 500 (samples: 99009)
INFO:root:Loss: 2581.7989 +/- 3.2687
INFO:root:Epoch no. 275 of 500 (samples: 99009)
INFO:root:Loss: 2581.7962 +/- 2.512
INFO:root:Epoch no. 276 of 500 (samples: 99009)
INFO:root:Loss: 2581.7232 +/- 3.1429
INFO:root:Epoch no. 277 of 500 (samples: 99009)
INFO:root:Loss: 2581.1486 +/- 3.6059
INFO:root:Epoch no. 278 of 500 (samples: 99009)
INFO:root:Loss: 2581.3262 +/- 3.9581
INFO:root:Epoch no. 279 of 500 (samples: 99009)
INFO:root:Loss: 2581.3997 +/- 4.1931
INFO:root:Epoch no. 280 of 500 (samples: 99009)
INFO:root:Loss: 2581.5407 +/- 3.3591
INFO:root:Epoch no. 281 of 500 (samples: 99009)
INFO:root:Loss: 2581.7274 +/- 2.0784
INFO:root:Epoch no. 282 of 500 (samples: 99009)
INFO:root:Loss: 2580.9438 +/- 2.5007
INFO:root:Epoch no. 283 of 500 (samples: 99009)
INFO:root:Loss: 2581.1628 +/- 2.5695
INFO:root:Epoch no. 284 of 500 (samples: 99009)
INFO:root:Loss: 2581.0152 +/- 4.3981
INFO:root:Epoch no. 285 of 500 (samples: 99009)
INFO:root:Loss: 2580.6298 +/- 3.9432
INFO:root:Epoch no. 286 of 500 (samples: 99009)
INFO:root:Loss: 2581.2269 +/- 3.6933
INFO:root:Epoch no. 287 of 500 (samples: 99009)
INFO:root:Loss: 2581.0328 +/- 3.3952
INFO:root:Epoch no. 288 of 500 (samples: 99009)
INFO:root:Loss: 2581.488 +/- 3.8018
INFO:root:Epoch no. 289 of 500 (samples: 99009)
INFO:root:Loss: 2581.4279 +/- 3.3463
INFO:root:Epoch no. 290 of 500 (samples: 99009)
INFO:root:Loss: 2581.3116 +/- 2.7422
INFO:root:Epoch no. 291 of 500 (samples: 99009)
INFO:root:Loss: 2580.5139 +/- 3.1039
INFO:root:Epoch no. 292 of 500 (samples: 99009)
INFO:root:Loss: 2581.2871 +/- 3.8636
INFO:root:Epoch no. 293 of 500 (samples: 99009)
INFO:root:Loss: 2580.404 +/- 2.9646
INFO:root:Epoch no. 294 of 500 (samples: 99009)
INFO:root:Loss: 2581.0348 +/- 3.6214
INFO:root:Epoch no. 295 of 500 (samples: 99009)
INFO:root:Loss: 2580.6079 +/- 2.8612
INFO:root:Epoch no. 296 of 500 (samples: 99009)
INFO:root:Loss: 2580.6773 +/- 2.8799
INFO:root:Epoch no. 297 of 500 (samples: 99009)
INFO:root:Loss: 2580.575 +/- 2.9214
INFO:root:Epoch no. 298 of 500 (samples: 99009)
INFO:root:Loss: 2580.8343 +/- 1.9645
INFO:root:Epoch no. 299 of 500 (samples: 99009)
INFO:root:Loss: 2579.4245 +/- 2.585
INFO:root:Epoch no. 300 of 500 (samples: 99009)
INFO:root:Loss: 2580.148 +/- 1.8397
INFO:root:Epoch no. 301 of 500 (samples: 99009)
INFO:root:Loss: 2580.9033 +/- 3.4637
INFO:root:Epoch no. 302 of 500 (samples: 99009)
INFO:root:Loss: 2580.1297 +/- 3.5202
INFO:root:Epoch no. 303 of 500 (samples: 99009)
INFO:root:Loss: 2579.4818 +/- 3.5911
INFO:root:Epoch no. 304 of 500 (samples: 99009)
INFO:root:Loss: 2580.4255 +/- 2.1747
INFO:root:Epoch no. 305 of 500 (samples: 99009)
INFO:root:Loss: 2580.5202 +/- 2.8514
INFO:root:Epoch no. 306 of 500 (samples: 99009)
INFO:root:Loss: 2580.4575 +/- 3.2997
INFO:root:Epoch no. 307 of 500 (samples: 99009)
INFO:root:Loss: 2580.1404 +/- 3.4526
INFO:root:Epoch no. 308 of 500 (samples: 99009)
INFO:root:Loss: 2580.6366 +/- 3.5231
INFO:root:Epoch no. 309 of 500 (samples: 99009)
INFO:root:Loss: 2579.3565 +/- 2.5102
INFO:root:Epoch no. 310 of 500 (samples: 99009)
INFO:root:Loss: 2580.1789 +/- 3.5225
INFO:root:Epoch no. 311 of 500 (samples: 99009)
INFO:root:Loss: 2578.8993 +/- 2.8699
INFO:root:Epoch no. 312 of 500 (samples: 99009)
INFO:root:Loss: 2580.0325 +/- 2.6024
INFO:root:Epoch no. 313 of 500 (samples: 99009)
INFO:root:Loss: 2579.2964 +/- 4.6051
INFO:root:Epoch no. 314 of 500 (samples: 99009)
INFO:root:Loss: 2580.063 +/- 2.6061
INFO:root:Epoch no. 315 of 500 (samples: 99009)
INFO:root:Loss: 2579.5189 +/- 3.0455
INFO:root:Epoch no. 316 of 500 (samples: 99009)
INFO:root:Loss: 2579.0201 +/- 2.2628
INFO:root:Epoch no. 317 of 500 (samples: 99009)
INFO:root:Loss: 2579.4059 +/- 2.3163
INFO:root:Epoch no. 318 of 500 (samples: 99009)
INFO:root:Loss: 2579.2936 +/- 3.3966
INFO:root:Epoch no. 319 of 500 (samples: 99009)
INFO:root:Loss: 2579.6721 +/- 1.9716
INFO:root:Epoch no. 320 of 500 (samples: 99009)
INFO:root:Loss: 2579.8174 +/- 2.426
INFO:root:Epoch no. 321 of 500 (samples: 99009)
INFO:root:Loss: 2578.5732 +/- 2.6263
INFO:root:Epoch no. 322 of 500 (samples: 99009)
INFO:root:Loss: 2579.6533 +/- 3.3408
INFO:root:Epoch no. 323 of 500 (samples: 99009)
INFO:root:Loss: 2579.2583 +/- 2.0636
INFO:root:Epoch no. 324 of 500 (samples: 99009)
INFO:root:Loss: 2579.2319 +/- 2.2891
INFO:root:Epoch no. 325 of 500 (samples: 99009)
INFO:root:Loss: 2578.6279 +/- 2.2317
INFO:root:Epoch no. 326 of 500 (samples: 99009)
INFO:root:Loss: 2579.8335 +/- 2.9014
INFO:root:Epoch no. 327 of 500 (samples: 99009)
INFO:root:Loss: 2579.25 +/- 3.0907
INFO:root:Epoch no. 328 of 500 (samples: 99009)
INFO:root:Loss: 2578.5361 +/- 2.5105
INFO:root:Epoch no. 329 of 500 (samples: 99009)
INFO:root:Loss: 2578.6788 +/- 3.5613
INFO:root:Epoch no. 330 of 500 (samples: 99009)
INFO:root:Loss: 2579.6482 +/- 4.5829
INFO:root:Epoch no. 331 of 500 (samples: 99009)
INFO:root:Loss: 2579.9386 +/- 2.6689
INFO:root:Epoch no. 332 of 500 (samples: 99009)
INFO:root:Loss: 2578.9932 +/- 4.7199
INFO:root:Epoch no. 333 of 500 (samples: 99009)
INFO:root:Loss: 2579.2097 +/- 3.2399
INFO:root:Epoch no. 334 of 500 (samples: 99009)
INFO:root:Loss: 2579.0734 +/- 2.3746
INFO:root:Epoch no. 335 of 500 (samples: 99009)
INFO:root:Loss: 2578.5983 +/- 2.1231
INFO:root:Epoch no. 336 of 500 (samples: 99009)
INFO:root:Loss: 2579.4243 +/- 2.6663
INFO:root:Epoch no. 337 of 500 (samples: 99009)
INFO:root:Loss: 2578.2812 +/- 3.2598
INFO:root:Epoch no. 338 of 500 (samples: 99009)
INFO:root:Loss: 2578.2427 +/- 3.1715
INFO:root:Epoch no. 339 of 500 (samples: 99009)
INFO:root:Loss: 2579.1384 +/- 3.3096
INFO:root:Epoch no. 340 of 500 (samples: 99009)
INFO:root:Loss: 2578.6066 +/- 2.7827
INFO:root:Epoch no. 341 of 500 (samples: 99009)
INFO:root:Loss: 2578.5704 +/- 4.4378
INFO:root:Epoch no. 342 of 500 (samples: 99009)
INFO:root:Loss: 2579.0729 +/- 3.2185
INFO:root:Epoch no. 343 of 500 (samples: 99009)
INFO:root:Loss: 2579.1646 +/- 2.196
INFO:root:Epoch no. 344 of 500 (samples: 99009)
INFO:root:Loss: 2578.805 +/- 3.8968
INFO:root:Epoch no. 345 of 500 (samples: 99009)
INFO:root:Loss: 2578.5403 +/- 2.8867
INFO:root:Epoch no. 346 of 500 (samples: 99009)
INFO:root:Loss: 2577.9127 +/- 2.7426
INFO:root:Epoch no. 347 of 500 (samples: 99009)
INFO:root:Loss: 2577.7536 +/- 3.1902
INFO:root:Epoch no. 348 of 500 (samples: 99009)
INFO:root:Loss: 2577.3094 +/- 2.4866
INFO:root:Epoch no. 349 of 500 (samples: 99009)
INFO:root:Loss: 2577.9514 +/- 2.1005
INFO:root:Epoch no. 350 of 500 (samples: 99009)
INFO:root:Loss: 2577.8466 +/- 3.1525
INFO:root:Epoch no. 351 of 500 (samples: 99009)
INFO:root:Loss: 2578.6078 +/- 3.714
INFO:root:Epoch no. 352 of 500 (samples: 99009)
INFO:root:Loss: 2578.1752 +/- 2.7042
INFO:root:Epoch no. 353 of 500 (samples: 99009)
INFO:root:Loss: 2577.6844 +/- 2.7592
INFO:root:Epoch no. 354 of 500 (samples: 99009)
INFO:root:Loss: 2578.3023 +/- 2.2941
INFO:root:Epoch no. 355 of 500 (samples: 99009)
INFO:root:Loss: 2578.4068 +/- 2.5311
INFO:root:Epoch no. 356 of 500 (samples: 99009)
INFO:root:Loss: 2578.5551 +/- 2.9446
INFO:root:Epoch no. 357 of 500 (samples: 99009)
INFO:root:Loss: 2577.6968 +/- 2.8591
INFO:root:Epoch no. 358 of 500 (samples: 99009)
INFO:root:Loss: 2578.1717 +/- 3.678
INFO:root:Epoch no. 359 of 500 (samples: 99009)
INFO:root:Loss: 2578.2705 +/- 2.6834
INFO:root:Epoch no. 360 of 500 (samples: 99009)
INFO:root:Loss: 2577.7726 +/- 2.6613
INFO:root:Epoch no. 361 of 500 (samples: 99009)
INFO:root:Loss: 2578.0764 +/- 3.525
INFO:root:Epoch no. 362 of 500 (samples: 99009)
INFO:root:Loss: 2577.8187 +/- 3.2696
INFO:root:Epoch no. 363 of 500 (samples: 99009)
INFO:root:Loss: 2578.1876 +/- 3.0981
INFO:root:Epoch no. 364 of 500 (samples: 99009)
INFO:root:Loss: 2578.0591 +/- 3.0771
INFO:root:Epoch no. 365 of 500 (samples: 99009)
INFO:root:Loss: 2577.6207 +/- 3.5721
INFO:root:Epoch no. 366 of 500 (samples: 99009)
INFO:root:Loss: 2577.2423 +/- 1.8754
INFO:root:Epoch no. 367 of 500 (samples: 99009)
INFO:root:Loss: 2577.6219 +/- 3.5649
INFO:root:Epoch no. 368 of 500 (samples: 99009)
INFO:root:Loss: 2577.7822 +/- 2.3706
INFO:root:Epoch no. 369 of 500 (samples: 99009)
INFO:root:Loss: 2577.7989 +/- 4.1998
INFO:root:Epoch no. 370 of 500 (samples: 99009)
INFO:root:Loss: 2577.8935 +/- 1.3724
INFO:root:Epoch no. 371 of 500 (samples: 99009)
INFO:root:Loss: 2577.9112 +/- 1.71
INFO:root:Epoch no. 372 of 500 (samples: 99009)
INFO:root:Loss: 2577.7661 +/- 2.4223
INFO:root:Epoch no. 373 of 500 (samples: 99009)
INFO:root:Loss: 2576.8375 +/- 3.315
INFO:root:Epoch no. 374 of 500 (samples: 99009)
INFO:root:Loss: 2577.3875 +/- 3.745
INFO:root:Epoch no. 375 of 500 (samples: 99009)
INFO:root:Loss: 2577.1706 +/- 3.4238
INFO:root:Epoch no. 376 of 500 (samples: 99009)
INFO:root:Loss: 2577.5213 +/- 3.5059
INFO:root:Epoch no. 377 of 500 (samples: 99009)
INFO:root:Loss: 2577.1867 +/- 2.8268
INFO:root:Epoch no. 378 of 500 (samples: 99009)
INFO:root:Loss: 2577.6221 +/- 2.1345
INFO:root:Epoch no. 379 of 500 (samples: 99009)
INFO:root:Loss: 2576.9892 +/- 2.4147
INFO:root:Epoch no. 380 of 500 (samples: 99009)
INFO:root:Loss: 2576.6004 +/- 2.5033
INFO:root:Epoch no. 381 of 500 (samples: 99009)
INFO:root:Loss: 2577.109 +/- 2.7676
INFO:root:Epoch no. 382 of 500 (samples: 99009)
INFO:root:Loss: 2576.9035 +/- 3.2661
INFO:root:Epoch no. 383 of 500 (samples: 99009)
INFO:root:Loss: 2577.2734 +/- 2.3211
INFO:root:Epoch no. 384 of 500 (samples: 99009)
INFO:root:Loss: 2576.7171 +/- 3.5735
INFO:root:Epoch no. 385 of 500 (samples: 99009)
INFO:root:Loss: 2577.0056 +/- 2.5896
INFO:root:Epoch no. 386 of 500 (samples: 99009)
INFO:root:Loss: 2576.8344 +/- 2.1954
INFO:root:Epoch no. 387 of 500 (samples: 99009)
INFO:root:Loss: 2577.6242 +/- 2.5109
INFO:root:Epoch no. 388 of 500 (samples: 99009)
INFO:root:Loss: 2576.7457 +/- 2.1376
INFO:root:Epoch no. 389 of 500 (samples: 99009)
INFO:root:Loss: 2576.6602 +/- 4.0076
INFO:root:Epoch no. 390 of 500 (samples: 99009)
INFO:root:Loss: 2577.4756 +/- 3.5011
INFO:root:Epoch no. 391 of 500 (samples: 99009)
INFO:root:Loss: 2576.8378 +/- 2.7421
INFO:root:Epoch no. 392 of 500 (samples: 99009)
INFO:root:Loss: 2576.3276 +/- 2.1881
INFO:root:Epoch no. 393 of 500 (samples: 99009)
INFO:root:Loss: 2576.2961 +/- 3.0075
INFO:root:Epoch no. 394 of 500 (samples: 99009)
INFO:root:Loss: 2576.7127 +/- 2.6968
INFO:root:Epoch no. 395 of 500 (samples: 99009)
INFO:root:Loss: 2576.7039 +/- 3.0026
INFO:root:Epoch no. 396 of 500 (samples: 99009)
INFO:root:Loss: 2576.5169 +/- 2.9375
INFO:root:Epoch no. 397 of 500 (samples: 99009)
INFO:root:Loss: 2576.5792 +/- 2.4981
INFO:root:Epoch no. 398 of 500 (samples: 99009)
INFO:root:Loss: 2576.5328 +/- 3.0829
INFO:root:Epoch no. 399 of 500 (samples: 99009)
INFO:root:Loss: 2576.5273 +/- 3.0534
INFO:root:Epoch no. 400 of 500 (samples: 99009)
INFO:root:Loss: 2576.0869 +/- 2.361
INFO:root:Epoch no. 401 of 500 (samples: 99009)
INFO:root:Loss: 2576.3561 +/- 3.4729
INFO:root:Epoch no. 402 of 500 (samples: 99009)
INFO:root:Loss: 2576.3935 +/- 2.624
INFO:root:Epoch no. 403 of 500 (samples: 99009)
INFO:root:Loss: 2577.0251 +/- 3.1058
INFO:root:Epoch no. 404 of 500 (samples: 99009)
INFO:root:Loss: 2576.4806 +/- 2.8921
INFO:root:Epoch no. 405 of 500 (samples: 99009)
INFO:root:Loss: 2575.9971 +/- 2.6627
INFO:root:Epoch no. 406 of 500 (samples: 99009)
INFO:root:Loss: 2576.233 +/- 2.543
INFO:root:Epoch no. 407 of 500 (samples: 99009)
INFO:root:Loss: 2575.8126 +/- 2.5124
INFO:root:Epoch no. 408 of 500 (samples: 99009)
INFO:root:Loss: 2575.8893 +/- 5.4598
INFO:root:Epoch no. 409 of 500 (samples: 99009)
INFO:root:Loss: 2576.7491 +/- 3.6201
INFO:root:Epoch no. 410 of 500 (samples: 99009)
INFO:root:Loss: 2576.5932 +/- 3.5917
INFO:root:Epoch no. 411 of 500 (samples: 99009)
INFO:root:Loss: 2575.1458 +/- 3.2328
INFO:root:Epoch no. 412 of 500 (samples: 99009)
INFO:root:Loss: 2576.1374 +/- 2.9851
INFO:root:Epoch no. 413 of 500 (samples: 99009)
INFO:root:Loss: 2576.2424 +/- 2.9663
INFO:root:Epoch no. 414 of 500 (samples: 99009)
INFO:root:Loss: 2576.2231 +/- 2.4984
INFO:root:Epoch no. 415 of 500 (samples: 99009)
INFO:root:Loss: 2576.136 +/- 3.4106
INFO:root:Epoch no. 416 of 500 (samples: 99009)
INFO:root:Loss: 2575.2943 +/- 2.4837
INFO:root:Epoch no. 417 of 500 (samples: 99009)
INFO:root:Loss: 2575.1549 +/- 3.6333
INFO:root:Epoch no. 418 of 500 (samples: 99009)
INFO:root:Loss: 2576.4167 +/- 3.7058
INFO:root:Epoch no. 419 of 500 (samples: 99009)
INFO:root:Loss: 2576.2026 +/- 2.9624
INFO:root:Epoch no. 420 of 500 (samples: 99009)
INFO:root:Loss: 2576.3572 +/- 1.9931
INFO:root:Epoch no. 421 of 500 (samples: 99009)
INFO:root:Loss: 2575.7797 +/- 1.7666
INFO:root:Epoch no. 422 of 500 (samples: 99009)
INFO:root:Loss: 2576.4031 +/- 3.2595
INFO:root:Epoch no. 423 of 500 (samples: 99009)
INFO:root:Loss: 2576.0708 +/- 2.5545
INFO:root:Epoch no. 424 of 500 (samples: 99009)
INFO:root:Loss: 2576.0386 +/- 2.5261
INFO:root:Epoch no. 425 of 500 (samples: 99009)
INFO:root:Loss: 2575.5899 +/- 2.6837
INFO:root:Epoch no. 426 of 500 (samples: 99009)
INFO:root:Loss: 2575.6244 +/- 3.0928
INFO:root:Epoch no. 427 of 500 (samples: 99009)
INFO:root:Loss: 2576.144 +/- 3.9501
INFO:root:Epoch no. 428 of 500 (samples: 99009)
INFO:root:Loss: 2575.2009 +/- 3.9126
INFO:root:Epoch no. 429 of 500 (samples: 99009)
INFO:root:Loss: 2575.9521 +/- 3.9353
INFO:root:Epoch no. 430 of 500 (samples: 99009)
INFO:root:Loss: 2575.5448 +/- 3.282
INFO:root:Epoch no. 431 of 500 (samples: 99009)
INFO:root:Loss: 2575.775 +/- 2.8683
INFO:root:Epoch no. 432 of 500 (samples: 99009)
INFO:root:Loss: 2575.6855 +/- 3.7785
INFO:root:Epoch no. 433 of 500 (samples: 99009)
INFO:root:Loss: 2575.8294 +/- 3.0124
INFO:root:Epoch no. 434 of 500 (samples: 99009)
INFO:root:Loss: 2574.9896 +/- 2.9005
INFO:root:Epoch no. 435 of 500 (samples: 99009)
INFO:root:Loss: 2575.3688 +/- 2.3678
INFO:root:Epoch no. 436 of 500 (samples: 99009)
INFO:root:Loss: 2575.5124 +/- 3.5113
INFO:root:Epoch no. 437 of 500 (samples: 99009)
INFO:root:Loss: 2575.1815 +/- 3.6936
INFO:root:Epoch no. 438 of 500 (samples: 99009)
INFO:root:Loss: 2575.7021 +/- 3.018
INFO:root:Epoch no. 439 of 500 (samples: 99009)
INFO:root:Loss: 2575.7323 +/- 2.358
INFO:root:Epoch no. 440 of 500 (samples: 99009)
INFO:root:Loss: 2575.3357 +/- 2.5693
INFO:root:Epoch no. 441 of 500 (samples: 99009)
INFO:root:Loss: 2575.3079 +/- 3.9044
INFO:root:Epoch no. 442 of 500 (samples: 99009)
INFO:root:Loss: 2574.7717 +/- 3.6884
INFO:root:Epoch no. 443 of 500 (samples: 99009)
INFO:root:Loss: 2575.631 +/- 1.7631
INFO:root:Epoch no. 444 of 500 (samples: 99009)
INFO:root:Loss: 2574.8232 +/- 3.9624
INFO:root:Epoch no. 445 of 500 (samples: 99009)
INFO:root:Loss: 2575.2014 +/- 3.3907
INFO:root:Epoch no. 446 of 500 (samples: 99009)
INFO:root:Loss: 2575.2519 +/- 3.3816
INFO:root:Epoch no. 447 of 500 (samples: 99009)
INFO:root:Loss: 2574.9657 +/- 2.5351
INFO:root:Epoch no. 448 of 500 (samples: 99009)
INFO:root:Loss: 2575.3054 +/- 3.8455
INFO:root:Epoch no. 449 of 500 (samples: 99009)
INFO:root:Loss: 2574.1316 +/- 3.3941
INFO:root:Epoch no. 450 of 500 (samples: 99009)
INFO:root:Loss: 2574.6154 +/- 2.202
INFO:root:Epoch no. 451 of 500 (samples: 99009)
INFO:root:Loss: 2574.8814 +/- 3.1993
INFO:root:Epoch no. 452 of 500 (samples: 99009)
INFO:root:Loss: 2575.5546 +/- 5.3059
INFO:root:Epoch no. 453 of 500 (samples: 99009)
INFO:root:Loss: 2575.0675 +/- 2.0377
INFO:root:Epoch no. 454 of 500 (samples: 99009)
INFO:root:Loss: 2574.7632 +/- 1.6541
INFO:root:Epoch no. 455 of 500 (samples: 99009)
INFO:root:Loss: 2575.1615 +/- 3.4783
INFO:root:Epoch no. 456 of 500 (samples: 99009)
INFO:root:Loss: 2574.7097 +/- 2.105
INFO:root:Epoch no. 457 of 500 (samples: 99009)
INFO:root:Loss: 2574.884 +/- 3.7782
INFO:root:Epoch no. 458 of 500 (samples: 99009)
INFO:root:Loss: 2574.5656 +/- 1.7864
INFO:root:Epoch no. 459 of 500 (samples: 99009)
INFO:root:Loss: 2574.8862 +/- 3.1047
INFO:root:Epoch no. 460 of 500 (samples: 99009)
INFO:root:Loss: 2574.3266 +/- 3.7281
INFO:root:Epoch no. 461 of 500 (samples: 99009)
INFO:root:Loss: 2575.4272 +/- 3.3359
INFO:root:Epoch no. 462 of 500 (samples: 99009)
INFO:root:Loss: 2574.3628 +/- 2.1832
INFO:root:Epoch no. 463 of 500 (samples: 99009)
INFO:root:Loss: 2575.4567 +/- 2.3797
INFO:root:Epoch no. 464 of 500 (samples: 99009)
INFO:root:Loss: 2575.1213 +/- 1.2816
INFO:root:Epoch no. 465 of 500 (samples: 99009)
INFO:root:Loss: 2574.9853 +/- 2.831
INFO:root:Epoch no. 466 of 500 (samples: 99009)
INFO:root:Loss: 2574.4977 +/- 4.2539
INFO:root:Epoch no. 467 of 500 (samples: 99009)
INFO:root:Loss: 2575.6825 +/- 3.0669
INFO:root:Epoch no. 468 of 500 (samples: 99009)
INFO:root:Loss: 2574.9967 +/- 2.043
INFO:root:Epoch no. 469 of 500 (samples: 99009)
INFO:root:Loss: 2574.8523 +/- 3.7798
INFO:root:Epoch no. 470 of 500 (samples: 99009)
INFO:root:Loss: 2574.3615 +/- 2.896
INFO:root:Epoch no. 471 of 500 (samples: 99009)
INFO:root:Loss: 2574.9576 +/- 2.5671
INFO:root:Epoch no. 472 of 500 (samples: 99009)
INFO:root:Loss: 2574.3601 +/- 3.2313
INFO:root:Epoch no. 473 of 500 (samples: 99009)
INFO:root:Loss: 2574.9902 +/- 1.7404
INFO:root:Epoch no. 474 of 500 (samples: 99009)
INFO:root:Loss: 2575.1021 +/- 2.2514
INFO:root:Epoch no. 475 of 500 (samples: 99009)
INFO:root:Loss: 2574.4536 +/- 3.767
INFO:root:Epoch no. 476 of 500 (samples: 99009)
INFO:root:Loss: 2574.5549 +/- 2.7953
INFO:root:Epoch no. 477 of 500 (samples: 99009)
INFO:root:Loss: 2573.8889 +/- 2.3934
INFO:root:Epoch no. 478 of 500 (samples: 99009)
INFO:root:Loss: 2574.3839 +/- 2.4644
INFO:root:Epoch no. 479 of 500 (samples: 99009)
INFO:root:Loss: 2574.3541 +/- 2.3025
INFO:root:Epoch no. 480 of 500 (samples: 99009)
INFO:root:Loss: 2574.2871 +/- 3.2351
INFO:root:Epoch no. 481 of 500 (samples: 99009)
INFO:root:Loss: 2573.5687 +/- 3.1625
INFO:root:Epoch no. 482 of 500 (samples: 99009)
INFO:root:Loss: 2574.7255 +/- 2.3769
INFO:root:Epoch no. 483 of 500 (samples: 99009)
INFO:root:Loss: 2573.9353 +/- 2.0346
INFO:root:Epoch no. 484 of 500 (samples: 99009)
INFO:root:Loss: 2574.206 +/- 2.7196
INFO:root:Epoch no. 485 of 500 (samples: 99009)
INFO:root:Loss: 2574.2655 +/- 2.4023
INFO:root:Epoch no. 486 of 500 (samples: 99009)
INFO:root:Loss: 2574.0638 +/- 2.6353
INFO:root:Epoch no. 487 of 500 (samples: 99009)
INFO:root:Loss: 2574.4395 +/- 2.0554
INFO:root:Epoch no. 488 of 500 (samples: 99009)
INFO:root:Loss: 2573.7845 +/- 2.9283
INFO:root:Epoch no. 489 of 500 (samples: 99009)
INFO:root:Loss: 2574.5373 +/- 1.9618
INFO:root:Epoch no. 490 of 500 (samples: 99009)
INFO:root:Loss: 2574.308 +/- 2.2224
INFO:root:Epoch no. 491 of 500 (samples: 99009)
INFO:root:Loss: 2573.8086 +/- 2.5154
INFO:root:Epoch no. 492 of 500 (samples: 99009)
INFO:root:Loss: 2573.5965 +/- 2.6932
INFO:root:Epoch no. 493 of 500 (samples: 99009)
INFO:root:Loss: 2574.4279 +/- 2.5979
INFO:root:Epoch no. 494 of 500 (samples: 99009)
INFO:root:Loss: 2573.8317 +/- 3.9554
INFO:root:Epoch no. 495 of 500 (samples: 99009)
INFO:root:Loss: 2574.1197 +/- 2.6
INFO:root:Epoch no. 496 of 500 (samples: 99009)
INFO:root:Loss: 2574.7033 +/- 2.3243
INFO:root:Epoch no. 497 of 500 (samples: 99009)
INFO:root:Loss: 2573.7188 +/- 2.1189
INFO:root:Epoch no. 498 of 500 (samples: 99009)
INFO:root:Loss: 2573.6047 +/- 1.6904
INFO:root:Epoch no. 499 of 500 (samples: 99009)
INFO:root:Loss: 2573.4611 +/- 3.0689
INFO:root:Epoch no. 500 of 500 (samples: 99009)
INFO:root:Loss: 2573.3622 +/- 2.8169
/usr/local/lib/python3.5/dist-packages/keras/backend/theano_backend.py:527: UserWarning: theano.function was asked to create a function computing outputs given certain inputs, but the provided input variable at index 2 is not part of the computational graph needed to compute the outputs: keras_learning_phase.
To make this warning into an error, you can pass the parameter on_unused_input='raise' to theano.function. To disable it completely, use on_unused_input='ignore'.
  **kwargs)
INFO:root:### MICRO (validation raw):
INFO:root:	-- left   >> mean: 2246.3104, median: 78.0, mrr: 0.098, hits@1: 1.22%
INFO:root:	-- right  >> mean: 2265.7654, median: 80.0, mrr: 0.098, hits@1: 1.32%
INFO:root:	-- global >> mean: 2256.0379, median: 79.0, mrr: 0.098, hits@1: 1.27%
INFO:root:### MICRO (validation raw):
INFO:root:	-- left   >> mean: 2246.3104, median: 78.0, mrr: 0.098, hits@3: 12.74%
INFO:root:	-- right  >> mean: 2265.7654, median: 80.0, mrr: 0.098, hits@3: 12.78%
INFO:root:	-- global >> mean: 2256.0379, median: 79.0, mrr: 0.098, hits@3: 12.76%
INFO:root:### MICRO (validation raw):
INFO:root:	-- left   >> mean: 2246.3104, median: 78.0, mrr: 0.098, hits@5: 19.24%
INFO:root:	-- right  >> mean: 2265.7654, median: 80.0, mrr: 0.098, hits@5: 18.82%
INFO:root:	-- global >> mean: 2256.0379, median: 79.0, mrr: 0.098, hits@5: 19.03%
INFO:root:### MICRO (validation raw):
INFO:root:	-- left   >> mean: 2246.3104, median: 78.0, mrr: 0.098, hits@10: 27.5%
INFO:root:	-- right  >> mean: 2265.7654, median: 80.0, mrr: 0.098, hits@10: 27.5%
INFO:root:	-- global >> mean: 2256.0379, median: 79.0, mrr: 0.098, hits@10: 27.5%
INFO:root:### MICRO (validation filtered):
INFO:root:	-- left   >> mean: 2238.5436, median: 70.0, mrr: 0.108, hits@1: 1.44%
INFO:root:	-- right  >> mean: 2257.557, median: 72.0, mrr: 0.109, hits@1: 1.56%
INFO:root:	-- global >> mean: 2248.0503, median: 71.0, mrr: 0.109, hits@1: 1.5%
INFO:root:### MICRO (validation filtered):
INFO:root:	-- left   >> mean: 2238.5436, median: 70.0, mrr: 0.108, hits@3: 14.94%
INFO:root:	-- right  >> mean: 2257.557, median: 72.0, mrr: 0.109, hits@3: 15.1%
INFO:root:	-- global >> mean: 2248.0503, median: 71.0, mrr: 0.109, hits@3: 15.02%
INFO:root:### MICRO (validation filtered):
INFO:root:	-- left   >> mean: 2238.5436, median: 70.0, mrr: 0.108, hits@5: 21.18%
INFO:root:	-- right  >> mean: 2257.557, median: 72.0, mrr: 0.109, hits@5: 20.9%
INFO:root:	-- global >> mean: 2248.0503, median: 71.0, mrr: 0.109, hits@5: 21.04%
INFO:root:### MICRO (validation filtered):
INFO:root:	-- left   >> mean: 2238.5436, median: 70.0, mrr: 0.108, hits@10: 29.34%
INFO:root:	-- right  >> mean: 2257.557, median: 72.0, mrr: 0.109, hits@10: 29.24%
INFO:root:	-- global >> mean: 2248.0503, median: 71.0, mrr: 0.109, hits@10: 29.29%
INFO:root:### MICRO (test raw):
INFO:root:	-- left   >> mean: 2116.9654, median: 73.5, mrr: 0.099, hits@1: 1.18%
INFO:root:	-- right  >> mean: 2115.637, median: 66.0, mrr: 0.1, hits@1: 1.06%
INFO:root:	-- global >> mean: 2116.3012, median: 70.0, mrr: 0.1, hits@1: 1.12%
INFO:root:### MICRO (test raw):
INFO:root:	-- left   >> mean: 2116.9654, median: 73.5, mrr: 0.099, hits@3: 12.76%
INFO:root:	-- right  >> mean: 2115.637, median: 66.0, mrr: 0.1, hits@3: 13.0%
INFO:root:	-- global >> mean: 2116.3012, median: 70.0, mrr: 0.1, hits@3: 12.88%
INFO:root:### MICRO (test raw):
INFO:root:	-- left   >> mean: 2116.9654, median: 73.5, mrr: 0.099, hits@5: 18.96%
INFO:root:	-- right  >> mean: 2115.637, median: 66.0, mrr: 0.1, hits@5: 20.22%
INFO:root:	-- global >> mean: 2116.3012, median: 70.0, mrr: 0.1, hits@5: 19.59%
INFO:root:### MICRO (test raw):
INFO:root:	-- left   >> mean: 2116.9654, median: 73.5, mrr: 0.099, hits@10: 27.68%
INFO:root:	-- right  >> mean: 2115.637, median: 66.0, mrr: 0.1, hits@10: 28.08%
INFO:root:	-- global >> mean: 2116.3012, median: 70.0, mrr: 0.1, hits@10: 27.88%
INFO:root:### MICRO (test filtered):
INFO:root:	-- left   >> mean: 2108.7564, median: 67.0, mrr: 0.11, hits@1: 1.4%
INFO:root:	-- right  >> mean: 2108.1528, median: 62.0, mrr: 0.111, hits@1: 1.4%
INFO:root:	-- global >> mean: 2108.4546, median: 64.0, mrr: 0.11, hits@1: 1.4%
INFO:root:### MICRO (test filtered):
INFO:root:	-- left   >> mean: 2108.7564, median: 67.0, mrr: 0.11, hits@3: 14.9%
INFO:root:	-- right  >> mean: 2108.1528, median: 62.0, mrr: 0.111, hits@3: 15.26%
INFO:root:	-- global >> mean: 2108.4546, median: 64.0, mrr: 0.11, hits@3: 15.08%
INFO:root:### MICRO (test filtered):
INFO:root:	-- left   >> mean: 2108.7564, median: 67.0, mrr: 0.11, hits@5: 21.02%
INFO:root:	-- right  >> mean: 2108.1528, median: 62.0, mrr: 0.111, hits@5: 22.14%
INFO:root:	-- global >> mean: 2108.4546, median: 64.0, mrr: 0.11, hits@5: 21.58%
INFO:root:### MICRO (test filtered):
INFO:root:	-- left   >> mean: 2108.7564, median: 67.0, mrr: 0.11, hits@10: 29.34%
INFO:root:	-- right  >> mean: 2108.1528, median: 62.0, mrr: 0.111, hits@10: 29.92%
INFO:root:	-- global >> mean: 2108.4546, median: 64.0, mrr: 0.11, hits@10: 29.63%
