Using Theano backend.
Using gpu device 0: GeForce GTX TITAN X (CNMeM is disabled, cuDNN not available)
INFO:root:Acquiring data/wn18/wordnet-mlj12-train.txt ..
INFO:root:Acquiring data/wn18/wordnet-mlj12-valid.txt ..
INFO:root:Acquiring data/wn18/wordnet-mlj12-test.txt ..
INFO:root:[Rules] Adding Head: 15, Tail: [(10, True)]
INFO:root:[Rules] Adding Head: 12, Tail: [(17, True)]
INFO:root:[Rules] Adding Head: 4, Tail: [(5, True)]
INFO:root:[Rules] Adding Head: 13, Tail: [(3, True)]
INFO:root:[Rules] Adding Head: 5, Tail: [(4, True)]
INFO:root:[Rules] Adding Head: 16, Tail: [(11, True)]
INFO:root:[Rules] Adding Head: 17, Tail: [(12, True)]
INFO:root:[Rules] Adding Head: 11, Tail: [(16, True)]
INFO:root:[Rules] Adding Head: 8, Tail: [(9, True)]
INFO:root:[Rules] Adding Head: 2, Tail: [(2, True)]
INFO:root:Samples: 127298, no. batches: 10 -> batch size: 12730
INFO:root:Epoch no. 1 of 500 (samples: 127298)
INFO:root:Loss: 6677.6276 +/- 79.9587
INFO:root:Epoch no. 2 of 500 (samples: 127298)
INFO:root:Loss: 6461.1361 +/- 8.8199
INFO:root:Epoch no. 3 of 500 (samples: 127298)
INFO:root:Loss: 6366.0216 +/- 4.7912
INFO:root:Epoch no. 4 of 500 (samples: 127298)
INFO:root:Loss: 6308.9825 +/- 7.1993
INFO:root:Epoch no. 5 of 500 (samples: 127298)
INFO:root:Loss: 6267.1542 +/- 7.0561
INFO:root:Epoch no. 6 of 500 (samples: 127298)
INFO:root:Loss: 6235.3791 +/- 7.0118
INFO:root:Epoch no. 7 of 500 (samples: 127298)
INFO:root:Loss: 6210.6451 +/- 8.2166
INFO:root:Epoch no. 8 of 500 (samples: 127298)
INFO:root:Loss: 6190.3761 +/- 7.1905
INFO:root:Epoch no. 9 of 500 (samples: 127298)
INFO:root:Loss: 6174.0618 +/- 7.5316
INFO:root:Epoch no. 10 of 500 (samples: 127298)
INFO:root:Loss: 6160.0509 +/- 8.4767
INFO:root:Epoch no. 11 of 500 (samples: 127298)
INFO:root:Loss: 6148.2764 +/- 7.3129
INFO:root:Epoch no. 12 of 500 (samples: 127298)
INFO:root:Loss: 6138.3402 +/- 7.1602
INFO:root:Epoch no. 13 of 500 (samples: 127298)
INFO:root:Loss: 6129.6868 +/- 8.0115
INFO:root:Epoch no. 14 of 500 (samples: 127298)
INFO:root:Loss: 6121.6937 +/- 7.3709
INFO:root:Epoch no. 15 of 500 (samples: 127298)
INFO:root:Loss: 6115.1231 +/- 6.7981
INFO:root:Epoch no. 16 of 500 (samples: 127298)
INFO:root:Loss: 6108.7488 +/- 6.4486
INFO:root:Epoch no. 17 of 500 (samples: 127298)
INFO:root:Loss: 6103.9537 +/- 6.7236
INFO:root:Epoch no. 18 of 500 (samples: 127298)
INFO:root:Loss: 6098.7384 +/- 5.8202
INFO:root:Epoch no. 19 of 500 (samples: 127298)
INFO:root:Loss: 6094.8699 +/- 6.6006
INFO:root:Epoch no. 20 of 500 (samples: 127298)
INFO:root:Loss: 6090.7515 +/- 6.4054
INFO:root:Epoch no. 21 of 500 (samples: 127298)
INFO:root:Loss: 6087.3157 +/- 5.398
INFO:root:Epoch no. 22 of 500 (samples: 127298)
INFO:root:Loss: 6083.8994 +/- 6.2307
INFO:root:Epoch no. 23 of 500 (samples: 127298)
INFO:root:Loss: 6080.4864 +/- 6.4943
INFO:root:Epoch no. 24 of 500 (samples: 127298)
INFO:root:Loss: 6077.9808 +/- 6.1709
INFO:root:Epoch no. 25 of 500 (samples: 127298)
INFO:root:Loss: 6075.1725 +/- 6.0526
INFO:root:Epoch no. 26 of 500 (samples: 127298)
INFO:root:Loss: 6072.4503 +/- 5.3664
INFO:root:Epoch no. 27 of 500 (samples: 127298)
INFO:root:Loss: 6070.2139 +/- 5.3866
INFO:root:Epoch no. 28 of 500 (samples: 127298)
INFO:root:Loss: 6068.5014 +/- 6.3435
INFO:root:Epoch no. 29 of 500 (samples: 127298)
INFO:root:Loss: 6066.2486 +/- 5.709
INFO:root:Epoch no. 30 of 500 (samples: 127298)
INFO:root:Loss: 6064.1038 +/- 4.7411
INFO:root:Epoch no. 31 of 500 (samples: 127298)
INFO:root:Loss: 6061.9518 +/- 5.2632
INFO:root:Epoch no. 32 of 500 (samples: 127298)
INFO:root:Loss: 6059.9055 +/- 5.6232
INFO:root:Epoch no. 33 of 500 (samples: 127298)
INFO:root:Loss: 6058.594 +/- 6.4699
INFO:root:Epoch no. 34 of 500 (samples: 127298)
INFO:root:Loss: 6056.7936 +/- 5.3863
INFO:root:Epoch no. 35 of 500 (samples: 127298)
INFO:root:Loss: 6055.3773 +/- 5.1904
INFO:root:Epoch no. 36 of 500 (samples: 127298)
INFO:root:Loss: 6054.205 +/- 4.4521
INFO:root:Epoch no. 37 of 500 (samples: 127298)
INFO:root:Loss: 6054.0704 +/- 3.4
INFO:root:Epoch no. 38 of 500 (samples: 127298)
INFO:root:Loss: 6052.1685 +/- 5.5359
INFO:root:Epoch no. 39 of 500 (samples: 127298)
INFO:root:Loss: 6051.0513 +/- 4.9756
INFO:root:Epoch no. 40 of 500 (samples: 127298)
INFO:root:Loss: 6049.5613 +/- 5.1284
INFO:root:Epoch no. 41 of 500 (samples: 127298)
INFO:root:Loss: 6047.4181 +/- 3.9959
INFO:root:Epoch no. 42 of 500 (samples: 127298)
INFO:root:Loss: 6047.1536 +/- 4.8878
INFO:root:Epoch no. 43 of 500 (samples: 127298)
INFO:root:Loss: 6045.4415 +/- 4.4159
INFO:root:Epoch no. 44 of 500 (samples: 127298)
INFO:root:Loss: 6044.8876 +/- 4.4294
INFO:root:Epoch no. 45 of 500 (samples: 127298)
INFO:root:Loss: 6044.0247 +/- 4.3417
INFO:root:Epoch no. 46 of 500 (samples: 127298)
INFO:root:Loss: 6042.8758 +/- 4.1622
INFO:root:Epoch no. 47 of 500 (samples: 127298)
INFO:root:Loss: 6041.8198 +/- 4.2265
INFO:root:Epoch no. 48 of 500 (samples: 127298)
INFO:root:Loss: 6041.0801 +/- 3.9461
INFO:root:Epoch no. 49 of 500 (samples: 127298)
INFO:root:Loss: 6040.5981 +/- 5.2051
INFO:root:Epoch no. 50 of 500 (samples: 127298)
INFO:root:Loss: 6039.4008 +/- 4.9508
INFO:root:Epoch no. 51 of 500 (samples: 127298)
INFO:root:Loss: 6038.3699 +/- 3.7359
INFO:root:Epoch no. 52 of 500 (samples: 127298)
INFO:root:Loss: 6038.0082 +/- 4.5658
INFO:root:Epoch no. 53 of 500 (samples: 127298)
INFO:root:Loss: 6036.5943 +/- 3.9681
INFO:root:Epoch no. 54 of 500 (samples: 127298)
INFO:root:Loss: 6036.883 +/- 3.625
INFO:root:Epoch no. 55 of 500 (samples: 127298)
INFO:root:Loss: 6035.381 +/- 4.8721
INFO:root:Epoch no. 56 of 500 (samples: 127298)
INFO:root:Loss: 6034.3925 +/- 4.4908
INFO:root:Epoch no. 57 of 500 (samples: 127298)
INFO:root:Loss: 6034.8379 +/- 4.9049
INFO:root:Epoch no. 58 of 500 (samples: 127298)
INFO:root:Loss: 6034.3492 +/- 3.8778
INFO:root:Epoch no. 59 of 500 (samples: 127298)
INFO:root:Loss: 6033.3297 +/- 4.5335
INFO:root:Epoch no. 60 of 500 (samples: 127298)
INFO:root:Loss: 6033.0857 +/- 5.357
INFO:root:Epoch no. 61 of 500 (samples: 127298)
INFO:root:Loss: 6031.4698 +/- 4.5507
INFO:root:Epoch no. 62 of 500 (samples: 127298)
INFO:root:Loss: 6031.7715 +/- 3.5449
INFO:root:Epoch no. 63 of 500 (samples: 127298)
INFO:root:Loss: 6031.5899 +/- 3.8874
INFO:root:Epoch no. 64 of 500 (samples: 127298)
INFO:root:Loss: 6030.3279 +/- 4.2979
INFO:root:Epoch no. 65 of 500 (samples: 127298)
INFO:root:Loss: 6030.455 +/- 4.3502
INFO:root:Epoch no. 66 of 500 (samples: 127298)
INFO:root:Loss: 6029.9886 +/- 3.4212
INFO:root:Epoch no. 67 of 500 (samples: 127298)
INFO:root:Loss: 6029.044 +/- 3.3959
INFO:root:Epoch no. 68 of 500 (samples: 127298)
INFO:root:Loss: 6028.259 +/- 3.7407
INFO:root:Epoch no. 69 of 500 (samples: 127298)
INFO:root:Loss: 6027.8832 +/- 4.2305
INFO:root:Epoch no. 70 of 500 (samples: 127298)
INFO:root:Loss: 6027.746 +/- 3.7856
INFO:root:Epoch no. 71 of 500 (samples: 127298)
INFO:root:Loss: 6027.3979 +/- 3.8444
INFO:root:Epoch no. 72 of 500 (samples: 127298)
INFO:root:Loss: 6026.731 +/- 4.2977
INFO:root:Epoch no. 73 of 500 (samples: 127298)
INFO:root:Loss: 6026.6025 +/- 3.4886
INFO:root:Epoch no. 74 of 500 (samples: 127298)
INFO:root:Loss: 6025.8485 +/- 2.7494
INFO:root:Epoch no. 75 of 500 (samples: 127298)
INFO:root:Loss: 6025.6266 +/- 3.7145
INFO:root:Epoch no. 76 of 500 (samples: 127298)
INFO:root:Loss: 6024.8169 +/- 3.3426
INFO:root:Epoch no. 77 of 500 (samples: 127298)
INFO:root:Loss: 6024.697 +/- 2.7092
INFO:root:Epoch no. 78 of 500 (samples: 127298)
INFO:root:Loss: 6024.5204 +/- 4.6523
INFO:root:Epoch no. 79 of 500 (samples: 127298)
INFO:root:Loss: 6023.8631 +/- 3.6003
INFO:root:Epoch no. 80 of 500 (samples: 127298)
INFO:root:Loss: 6023.2151 +/- 4.2422
INFO:root:Epoch no. 81 of 500 (samples: 127298)
INFO:root:Loss: 6023.8067 +/- 4.2062
INFO:root:Epoch no. 82 of 500 (samples: 127298)
INFO:root:Loss: 6022.6429 +/- 4.455
INFO:root:Epoch no. 83 of 500 (samples: 127298)
INFO:root:Loss: 6022.1899 +/- 3.5437
INFO:root:Epoch no. 84 of 500 (samples: 127298)
INFO:root:Loss: 6022.4826 +/- 3.2292
INFO:root:Epoch no. 85 of 500 (samples: 127298)
INFO:root:Loss: 6021.9285 +/- 4.3701
INFO:root:Epoch no. 86 of 500 (samples: 127298)
INFO:root:Loss: 6021.7684 +/- 3.5899
INFO:root:Epoch no. 87 of 500 (samples: 127298)
INFO:root:Loss: 6020.1824 +/- 4.5852
INFO:root:Epoch no. 88 of 500 (samples: 127298)
INFO:root:Loss: 6021.3442 +/- 3.588
INFO:root:Epoch no. 89 of 500 (samples: 127298)
INFO:root:Loss: 6020.6042 +/- 3.0871
INFO:root:Epoch no. 90 of 500 (samples: 127298)
INFO:root:Loss: 6020.4055 +/- 3.2284
INFO:root:Epoch no. 91 of 500 (samples: 127298)
INFO:root:Loss: 6019.3968 +/- 3.1857
INFO:root:Epoch no. 92 of 500 (samples: 127298)
INFO:root:Loss: 6019.1295 +/- 2.934
INFO:root:Epoch no. 93 of 500 (samples: 127298)
INFO:root:Loss: 6019.6477 +/- 2.7941
INFO:root:Epoch no. 94 of 500 (samples: 127298)
INFO:root:Loss: 6019.1665 +/- 3.4248
INFO:root:Epoch no. 95 of 500 (samples: 127298)
INFO:root:Loss: 6018.4663 +/- 2.9347
INFO:root:Epoch no. 96 of 500 (samples: 127298)
INFO:root:Loss: 6018.9281 +/- 3.7078
INFO:root:Epoch no. 97 of 500 (samples: 127298)
INFO:root:Loss: 6018.2963 +/- 3.3207
INFO:root:Epoch no. 98 of 500 (samples: 127298)
INFO:root:Loss: 6017.6969 +/- 3.2546
INFO:root:Epoch no. 99 of 500 (samples: 127298)
INFO:root:Loss: 6018.6294 +/- 4.1004
INFO:root:Epoch no. 100 of 500 (samples: 127298)
INFO:root:Loss: 6017.7033 +/- 3.4717
INFO:root:Epoch no. 101 of 500 (samples: 127298)
INFO:root:Loss: 6017.928 +/- 3.1345
INFO:root:Epoch no. 102 of 500 (samples: 127298)
INFO:root:Loss: 6017.4856 +/- 3.0876
INFO:root:Epoch no. 103 of 500 (samples: 127298)
INFO:root:Loss: 6017.1785 +/- 3.1041
INFO:root:Epoch no. 104 of 500 (samples: 127298)
INFO:root:Loss: 6016.714 +/- 3.3536
INFO:root:Epoch no. 105 of 500 (samples: 127298)
INFO:root:Loss: 6015.9119 +/- 2.7563
INFO:root:Epoch no. 106 of 500 (samples: 127298)
INFO:root:Loss: 6015.8488 +/- 2.8765
INFO:root:Epoch no. 107 of 500 (samples: 127298)
INFO:root:Loss: 6016.3036 +/- 4.7677
INFO:root:Epoch no. 108 of 500 (samples: 127298)
INFO:root:Loss: 6015.444 +/- 2.4459
INFO:root:Epoch no. 109 of 500 (samples: 127298)
INFO:root:Loss: 6015.1381 +/- 3.2733
INFO:root:Epoch no. 110 of 500 (samples: 127298)
INFO:root:Loss: 6015.5644 +/- 3.4274
INFO:root:Epoch no. 111 of 500 (samples: 127298)
INFO:root:Loss: 6014.6576 +/- 2.9772
INFO:root:Epoch no. 112 of 500 (samples: 127298)
INFO:root:Loss: 6014.4643 +/- 2.8335
INFO:root:Epoch no. 113 of 500 (samples: 127298)
INFO:root:Loss: 6013.9762 +/- 2.3063
INFO:root:Epoch no. 114 of 500 (samples: 127298)
INFO:root:Loss: 6014.3357 +/- 3.0144
INFO:root:Epoch no. 115 of 500 (samples: 127298)
INFO:root:Loss: 6013.9608 +/- 3.0969
INFO:root:Epoch no. 116 of 500 (samples: 127298)
INFO:root:Loss: 6013.8632 +/- 3.0092
INFO:root:Epoch no. 117 of 500 (samples: 127298)
INFO:root:Loss: 6013.8568 +/- 2.5992
INFO:root:Epoch no. 118 of 500 (samples: 127298)
INFO:root:Loss: 6013.4898 +/- 3.4754
INFO:root:Epoch no. 119 of 500 (samples: 127298)
INFO:root:Loss: 6013.5714 +/- 1.761
INFO:root:Epoch no. 120 of 500 (samples: 127298)
INFO:root:Loss: 6013.1599 +/- 3.3215
INFO:root:Epoch no. 121 of 500 (samples: 127298)
INFO:root:Loss: 6012.9714 +/- 2.9076
INFO:root:Epoch no. 122 of 500 (samples: 127298)
INFO:root:Loss: 6011.9049 +/- 2.8725
INFO:root:Epoch no. 123 of 500 (samples: 127298)
INFO:root:Loss: 6012.7835 +/- 3.4817
INFO:root:Epoch no. 124 of 500 (samples: 127298)
INFO:root:Loss: 6012.4558 +/- 3.4896
INFO:root:Epoch no. 125 of 500 (samples: 127298)
INFO:root:Loss: 6011.5297 +/- 2.917
INFO:root:Epoch no. 126 of 500 (samples: 127298)
INFO:root:Loss: 6011.2697 +/- 3.2243
INFO:root:Epoch no. 127 of 500 (samples: 127298)
INFO:root:Loss: 6011.4831 +/- 4.1752
INFO:root:Epoch no. 128 of 500 (samples: 127298)
INFO:root:Loss: 6011.0316 +/- 3.0968
INFO:root:Epoch no. 129 of 500 (samples: 127298)
INFO:root:Loss: 6011.2854 +/- 3.3819
INFO:root:Epoch no. 130 of 500 (samples: 127298)
INFO:root:Loss: 6011.2866 +/- 2.3779
INFO:root:Epoch no. 131 of 500 (samples: 127298)
INFO:root:Loss: 6010.9707 +/- 3.7825
INFO:root:Epoch no. 132 of 500 (samples: 127298)
INFO:root:Loss: 6010.3483 +/- 2.7381
INFO:root:Epoch no. 133 of 500 (samples: 127298)
INFO:root:Loss: 6011.2004 +/- 3.2433
INFO:root:Epoch no. 134 of 500 (samples: 127298)
INFO:root:Loss: 6011.1032 +/- 3.4674
INFO:root:Epoch no. 135 of 500 (samples: 127298)
INFO:root:Loss: 6010.0513 +/- 1.8547
INFO:root:Epoch no. 136 of 500 (samples: 127298)
INFO:root:Loss: 6010.2317 +/- 4.0837
INFO:root:Epoch no. 137 of 500 (samples: 127298)
INFO:root:Loss: 6010.2527 +/- 3.6569
INFO:root:Epoch no. 138 of 500 (samples: 127298)
INFO:root:Loss: 6009.262 +/- 3.2276
INFO:root:Epoch no. 139 of 500 (samples: 127298)
INFO:root:Loss: 6009.5854 +/- 3.595
INFO:root:Epoch no. 140 of 500 (samples: 127298)
INFO:root:Loss: 6009.806 +/- 2.4207
INFO:root:Epoch no. 141 of 500 (samples: 127298)
INFO:root:Loss: 6009.3596 +/- 2.5444
INFO:root:Epoch no. 142 of 500 (samples: 127298)
INFO:root:Loss: 6009.0277 +/- 2.9717
INFO:root:Epoch no. 143 of 500 (samples: 127298)
INFO:root:Loss: 6008.465 +/- 2.8309
INFO:root:Epoch no. 144 of 500 (samples: 127298)
INFO:root:Loss: 6008.2258 +/- 2.4121
INFO:root:Epoch no. 145 of 500 (samples: 127298)
INFO:root:Loss: 6009.0011 +/- 2.2138
INFO:root:Epoch no. 146 of 500 (samples: 127298)
INFO:root:Loss: 6008.7667 +/- 2.4559
INFO:root:Epoch no. 147 of 500 (samples: 127298)
INFO:root:Loss: 6008.4178 +/- 2.1282
INFO:root:Epoch no. 148 of 500 (samples: 127298)
INFO:root:Loss: 6008.3864 +/- 2.6596
INFO:root:Epoch no. 149 of 500 (samples: 127298)
INFO:root:Loss: 6008.3265 +/- 2.6014
INFO:root:Epoch no. 150 of 500 (samples: 127298)
INFO:root:Loss: 6007.6095 +/- 3.1633
INFO:root:Epoch no. 151 of 500 (samples: 127298)
INFO:root:Loss: 6007.7014 +/- 3.52
INFO:root:Epoch no. 152 of 500 (samples: 127298)
INFO:root:Loss: 6008.0333 +/- 2.0118
INFO:root:Epoch no. 153 of 500 (samples: 127298)
INFO:root:Loss: 6008.1564 +/- 2.514
INFO:root:Epoch no. 154 of 500 (samples: 127298)
INFO:root:Loss: 6007.9242 +/- 2.965
INFO:root:Epoch no. 155 of 500 (samples: 127298)
INFO:root:Loss: 6007.4155 +/- 2.9974
INFO:root:Epoch no. 156 of 500 (samples: 127298)
INFO:root:Loss: 6007.1278 +/- 3.0955
INFO:root:Epoch no. 157 of 500 (samples: 127298)
INFO:root:Loss: 6008.4475 +/- 2.5569
INFO:root:Epoch no. 158 of 500 (samples: 127298)
INFO:root:Loss: 6006.8117 +/- 1.9989
INFO:root:Epoch no. 159 of 500 (samples: 127298)
INFO:root:Loss: 6006.8813 +/- 2.3743
INFO:root:Epoch no. 160 of 500 (samples: 127298)
INFO:root:Loss: 6007.2477 +/- 2.3494
INFO:root:Epoch no. 161 of 500 (samples: 127298)
INFO:root:Loss: 6006.8414 +/- 2.344
INFO:root:Epoch no. 162 of 500 (samples: 127298)
INFO:root:Loss: 6006.6798 +/- 2.7848
INFO:root:Epoch no. 163 of 500 (samples: 127298)
INFO:root:Loss: 6006.1966 +/- 3.5899
INFO:root:Epoch no. 164 of 500 (samples: 127298)
INFO:root:Loss: 6006.4351 +/- 2.3128
INFO:root:Epoch no. 165 of 500 (samples: 127298)
INFO:root:Loss: 6007.048 +/- 3.4207
INFO:root:Epoch no. 166 of 500 (samples: 127298)
INFO:root:Loss: 6006.8702 +/- 2.7077
INFO:root:Epoch no. 167 of 500 (samples: 127298)
INFO:root:Loss: 6006.2723 +/- 2.4236
INFO:root:Epoch no. 168 of 500 (samples: 127298)
INFO:root:Loss: 6005.734 +/- 2.276
INFO:root:Epoch no. 169 of 500 (samples: 127298)
INFO:root:Loss: 6005.826 +/- 2.2328
INFO:root:Epoch no. 170 of 500 (samples: 127298)
INFO:root:Loss: 6005.4595 +/- 2.1119
INFO:root:Epoch no. 171 of 500 (samples: 127298)
INFO:root:Loss: 6005.8523 +/- 2.7321
INFO:root:Epoch no. 172 of 500 (samples: 127298)
INFO:root:Loss: 6005.785 +/- 2.6144
INFO:root:Epoch no. 173 of 500 (samples: 127298)
INFO:root:Loss: 6005.5205 +/- 2.3488
INFO:root:Epoch no. 174 of 500 (samples: 127298)
INFO:root:Loss: 6006.083 +/- 3.0213
INFO:root:Epoch no. 175 of 500 (samples: 127298)
INFO:root:Loss: 6005.2047 +/- 2.7686
INFO:root:Epoch no. 176 of 500 (samples: 127298)
INFO:root:Loss: 6005.0683 +/- 3.3944
INFO:root:Epoch no. 177 of 500 (samples: 127298)
INFO:root:Loss: 6004.4581 +/- 3.5479
INFO:root:Epoch no. 178 of 500 (samples: 127298)
INFO:root:Loss: 6005.1108 +/- 2.5385
INFO:root:Epoch no. 179 of 500 (samples: 127298)
INFO:root:Loss: 6003.6433 +/- 2.9138
INFO:root:Epoch no. 180 of 500 (samples: 127298)
INFO:root:Loss: 6005.3502 +/- 2.1628
INFO:root:Epoch no. 181 of 500 (samples: 127298)
INFO:root:Loss: 6004.8458 +/- 2.5882
INFO:root:Epoch no. 182 of 500 (samples: 127298)
INFO:root:Loss: 6004.7226 +/- 3.672
INFO:root:Epoch no. 183 of 500 (samples: 127298)
INFO:root:Loss: 6004.7869 +/- 3.9206
INFO:root:Epoch no. 184 of 500 (samples: 127298)
INFO:root:Loss: 6003.9362 +/- 1.8012
INFO:root:Epoch no. 185 of 500 (samples: 127298)
INFO:root:Loss: 6005.0956 +/- 2.8888
INFO:root:Epoch no. 186 of 500 (samples: 127298)
INFO:root:Loss: 6003.8099 +/- 3.2501
INFO:root:Epoch no. 187 of 500 (samples: 127298)
INFO:root:Loss: 6004.234 +/- 2.9001
INFO:root:Epoch no. 188 of 500 (samples: 127298)
INFO:root:Loss: 6003.6513 +/- 2.6496
INFO:root:Epoch no. 189 of 500 (samples: 127298)
INFO:root:Loss: 6003.6505 +/- 3.0613
INFO:root:Epoch no. 190 of 500 (samples: 127298)
INFO:root:Loss: 6003.6768 +/- 3.8196
INFO:root:Epoch no. 191 of 500 (samples: 127298)
INFO:root:Loss: 6003.4114 +/- 3.3784
INFO:root:Epoch no. 192 of 500 (samples: 127298)
INFO:root:Loss: 6003.9106 +/- 3.7567
INFO:root:Epoch no. 193 of 500 (samples: 127298)
INFO:root:Loss: 6003.1784 +/- 1.5876
INFO:root:Epoch no. 194 of 500 (samples: 127298)
INFO:root:Loss: 6003.579 +/- 1.8993
INFO:root:Epoch no. 195 of 500 (samples: 127298)
INFO:root:Loss: 6003.9056 +/- 3.6597
INFO:root:Epoch no. 196 of 500 (samples: 127298)
INFO:root:Loss: 6003.0054 +/- 2.8094
INFO:root:Epoch no. 197 of 500 (samples: 127298)
INFO:root:Loss: 6002.7212 +/- 2.5792
INFO:root:Epoch no. 198 of 500 (samples: 127298)
INFO:root:Loss: 6002.2983 +/- 2.4186
INFO:root:Epoch no. 199 of 500 (samples: 127298)
INFO:root:Loss: 6002.7876 +/- 2.7014
INFO:root:Epoch no. 200 of 500 (samples: 127298)
INFO:root:Loss: 6002.2979 +/- 3.0633
INFO:root:Epoch no. 201 of 500 (samples: 127298)
INFO:root:Loss: 6003.5205 +/- 4.3044
INFO:root:Epoch no. 202 of 500 (samples: 127298)
INFO:root:Loss: 6002.7185 +/- 3.1698
INFO:root:Epoch no. 203 of 500 (samples: 127298)
INFO:root:Loss: 6002.2711 +/- 2.556
INFO:root:Epoch no. 204 of 500 (samples: 127298)
INFO:root:Loss: 6002.496 +/- 2.5802
INFO:root:Epoch no. 205 of 500 (samples: 127298)
INFO:root:Loss: 6002.4299 +/- 3.3215
INFO:root:Epoch no. 206 of 500 (samples: 127298)
INFO:root:Loss: 6002.3499 +/- 2.7349
INFO:root:Epoch no. 207 of 500 (samples: 127298)
INFO:root:Loss: 6002.5421 +/- 2.7508
INFO:root:Epoch no. 208 of 500 (samples: 127298)
INFO:root:Loss: 6001.9874 +/- 2.4082
INFO:root:Epoch no. 209 of 500 (samples: 127298)
INFO:root:Loss: 6002.9064 +/- 2.8816
INFO:root:Epoch no. 210 of 500 (samples: 127298)
INFO:root:Loss: 6002.2207 +/- 3.3603
INFO:root:Epoch no. 211 of 500 (samples: 127298)
INFO:root:Loss: 6001.0561 +/- 3.6265
INFO:root:Epoch no. 212 of 500 (samples: 127298)
INFO:root:Loss: 6002.176 +/- 2.8761
INFO:root:Epoch no. 213 of 500 (samples: 127298)
INFO:root:Loss: 6002.0036 +/- 3.4229
INFO:root:Epoch no. 214 of 500 (samples: 127298)
INFO:root:Loss: 6001.0471 +/- 2.5977
INFO:root:Epoch no. 215 of 500 (samples: 127298)
INFO:root:Loss: 6002.177 +/- 2.4125
INFO:root:Epoch no. 216 of 500 (samples: 127298)
INFO:root:Loss: 6002.0801 +/- 2.8728
INFO:root:Epoch no. 217 of 500 (samples: 127298)
INFO:root:Loss: 6001.8603 +/- 2.7647
INFO:root:Epoch no. 218 of 500 (samples: 127298)
INFO:root:Loss: 6001.5732 +/- 3.9255
INFO:root:Epoch no. 219 of 500 (samples: 127298)
INFO:root:Loss: 6001.3029 +/- 2.4949
INFO:root:Epoch no. 220 of 500 (samples: 127298)
INFO:root:Loss: 6001.523 +/- 2.283
INFO:root:Epoch no. 221 of 500 (samples: 127298)
INFO:root:Loss: 6000.926 +/- 2.3669
INFO:root:Epoch no. 222 of 500 (samples: 127298)
INFO:root:Loss: 6001.3333 +/- 2.2786
INFO:root:Epoch no. 223 of 500 (samples: 127298)
INFO:root:Loss: 6001.9795 +/- 2.5133
INFO:root:Epoch no. 224 of 500 (samples: 127298)
INFO:root:Loss: 6001.0353 +/- 2.1883
INFO:root:Epoch no. 225 of 500 (samples: 127298)
INFO:root:Loss: 6001.1501 +/- 1.8807
INFO:root:Epoch no. 226 of 500 (samples: 127298)
INFO:root:Loss: 6001.954 +/- 1.792
INFO:root:Epoch no. 227 of 500 (samples: 127298)
INFO:root:Loss: 6000.4719 +/- 2.1277
INFO:root:Epoch no. 228 of 500 (samples: 127298)
INFO:root:Loss: 6000.9863 +/- 2.3638
INFO:root:Epoch no. 229 of 500 (samples: 127298)
INFO:root:Loss: 6001.0175 +/- 2.4826
INFO:root:Epoch no. 230 of 500 (samples: 127298)
INFO:root:Loss: 6000.9731 +/- 2.1106
INFO:root:Epoch no. 231 of 500 (samples: 127298)
INFO:root:Loss: 6000.6283 +/- 1.9198
INFO:root:Epoch no. 232 of 500 (samples: 127298)
INFO:root:Loss: 6000.7304 +/- 2.7257
INFO:root:Epoch no. 233 of 500 (samples: 127298)
INFO:root:Loss: 6000.4901 +/- 2.845
INFO:root:Epoch no. 234 of 500 (samples: 127298)
INFO:root:Loss: 6001.009 +/- 3.4976
INFO:root:Epoch no. 235 of 500 (samples: 127298)
INFO:root:Loss: 6000.5271 +/- 3.1988
INFO:root:Epoch no. 236 of 500 (samples: 127298)
INFO:root:Loss: 5999.8354 +/- 1.3774
INFO:root:Epoch no. 237 of 500 (samples: 127298)
INFO:root:Loss: 6000.9395 +/- 3.2547
INFO:root:Epoch no. 238 of 500 (samples: 127298)
INFO:root:Loss: 6001.1333 +/- 2.3929
INFO:root:Epoch no. 239 of 500 (samples: 127298)
INFO:root:Loss: 6000.0873 +/- 2.1414
INFO:root:Epoch no. 240 of 500 (samples: 127298)
INFO:root:Loss: 6000.601 +/- 2.8525
INFO:root:Epoch no. 241 of 500 (samples: 127298)
INFO:root:Loss: 6000.9431 +/- 2.2461
INFO:root:Epoch no. 242 of 500 (samples: 127298)
INFO:root:Loss: 6000.2112 +/- 2.9281
INFO:root:Epoch no. 243 of 500 (samples: 127298)
INFO:root:Loss: 5999.6011 +/- 1.4339
INFO:root:Epoch no. 244 of 500 (samples: 127298)
INFO:root:Loss: 5999.8624 +/- 2.5637
INFO:root:Epoch no. 245 of 500 (samples: 127298)
INFO:root:Loss: 5999.2873 +/- 2.3185
INFO:root:Epoch no. 246 of 500 (samples: 127298)
INFO:root:Loss: 5999.8373 +/- 3.3336
INFO:root:Epoch no. 247 of 500 (samples: 127298)
INFO:root:Loss: 5999.9344 +/- 3.1458
INFO:root:Epoch no. 248 of 500 (samples: 127298)
INFO:root:Loss: 6000.5177 +/- 1.872
INFO:root:Epoch no. 249 of 500 (samples: 127298)
INFO:root:Loss: 5999.8142 +/- 2.3128
INFO:root:Epoch no. 250 of 500 (samples: 127298)
INFO:root:Loss: 5999.8007 +/- 2.327
INFO:root:Epoch no. 251 of 500 (samples: 127298)
INFO:root:Loss: 6000.0021 +/- 2.7627
INFO:root:Epoch no. 252 of 500 (samples: 127298)
INFO:root:Loss: 6000.0091 +/- 2.4983
INFO:root:Epoch no. 253 of 500 (samples: 127298)
INFO:root:Loss: 5999.3858 +/- 3.1044
INFO:root:Epoch no. 254 of 500 (samples: 127298)
INFO:root:Loss: 6000.158 +/- 2.2913
INFO:root:Epoch no. 255 of 500 (samples: 127298)
INFO:root:Loss: 5999.8562 +/- 3.3304
INFO:root:Epoch no. 256 of 500 (samples: 127298)
INFO:root:Loss: 5999.5364 +/- 3.0384
INFO:root:Epoch no. 257 of 500 (samples: 127298)
INFO:root:Loss: 5999.1203 +/- 2.9748
INFO:root:Epoch no. 258 of 500 (samples: 127298)
INFO:root:Loss: 5999.5268 +/- 2.511
INFO:root:Epoch no. 259 of 500 (samples: 127298)
INFO:root:Loss: 5999.1605 +/- 2.7803
INFO:root:Epoch no. 260 of 500 (samples: 127298)
INFO:root:Loss: 5998.8932 +/- 1.9972
INFO:root:Epoch no. 261 of 500 (samples: 127298)
INFO:root:Loss: 5999.1851 +/- 3.2553
INFO:root:Epoch no. 262 of 500 (samples: 127298)
INFO:root:Loss: 5998.9527 +/- 2.2847
INFO:root:Epoch no. 263 of 500 (samples: 127298)
INFO:root:Loss: 5999.1468 +/- 2.4817
INFO:root:Epoch no. 264 of 500 (samples: 127298)
INFO:root:Loss: 5998.9836 +/- 3.4042
INFO:root:Epoch no. 265 of 500 (samples: 127298)
INFO:root:Loss: 5999.3168 +/- 2.3745
INFO:root:Epoch no. 266 of 500 (samples: 127298)
INFO:root:Loss: 5998.9576 +/- 2.2772
INFO:root:Epoch no. 267 of 500 (samples: 127298)
INFO:root:Loss: 5998.8515 +/- 2.8221
INFO:root:Epoch no. 268 of 500 (samples: 127298)
INFO:root:Loss: 5998.7764 +/- 1.1923
INFO:root:Epoch no. 269 of 500 (samples: 127298)
INFO:root:Loss: 5998.3381 +/- 1.9652
INFO:root:Epoch no. 270 of 500 (samples: 127298)
INFO:root:Loss: 5999.2014 +/- 3.0789
INFO:root:Epoch no. 271 of 500 (samples: 127298)
INFO:root:Loss: 5998.3674 +/- 2.1567
INFO:root:Epoch no. 272 of 500 (samples: 127298)
INFO:root:Loss: 5997.8308 +/- 2.9432
INFO:root:Epoch no. 273 of 500 (samples: 127298)
INFO:root:Loss: 5998.7661 +/- 2.6795
INFO:root:Epoch no. 274 of 500 (samples: 127298)
INFO:root:Loss: 5998.1653 +/- 2.7933
INFO:root:Epoch no. 275 of 500 (samples: 127298)
INFO:root:Loss: 5998.5482 +/- 2.5711
INFO:root:Epoch no. 276 of 500 (samples: 127298)
INFO:root:Loss: 5998.8049 +/- 1.7796
INFO:root:Epoch no. 277 of 500 (samples: 127298)
INFO:root:Loss: 5998.6424 +/- 2.095
INFO:root:Epoch no. 278 of 500 (samples: 127298)
INFO:root:Loss: 5998.6404 +/- 2.3716
INFO:root:Epoch no. 279 of 500 (samples: 127298)
INFO:root:Loss: 5998.0747 +/- 3.3843
INFO:root:Epoch no. 280 of 500 (samples: 127298)
INFO:root:Loss: 5998.0383 +/- 2.2818
INFO:root:Epoch no. 281 of 500 (samples: 127298)
INFO:root:Loss: 5998.2379 +/- 2.0449
INFO:root:Epoch no. 282 of 500 (samples: 127298)
INFO:root:Loss: 5998.2547 +/- 2.6766
INFO:root:Epoch no. 283 of 500 (samples: 127298)
INFO:root:Loss: 5998.0972 +/- 2.0997
INFO:root:Epoch no. 284 of 500 (samples: 127298)
INFO:root:Loss: 5998.2039 +/- 2.0569
INFO:root:Epoch no. 285 of 500 (samples: 127298)
INFO:root:Loss: 5998.4271 +/- 2.4476
INFO:root:Epoch no. 286 of 500 (samples: 127298)
INFO:root:Loss: 5997.9832 +/- 2.8189
INFO:root:Epoch no. 287 of 500 (samples: 127298)
INFO:root:Loss: 5997.7954 +/- 3.2745
INFO:root:Epoch no. 288 of 500 (samples: 127298)
INFO:root:Loss: 5998.5082 +/- 3.18
INFO:root:Epoch no. 289 of 500 (samples: 127298)
INFO:root:Loss: 5997.6066 +/- 2.1124
INFO:root:Epoch no. 290 of 500 (samples: 127298)
INFO:root:Loss: 5998.1145 +/- 1.7237
INFO:root:Epoch no. 291 of 500 (samples: 127298)
INFO:root:Loss: 5997.681 +/- 2.5511
INFO:root:Epoch no. 292 of 500 (samples: 127298)
INFO:root:Loss: 5997.582 +/- 2.4794
INFO:root:Epoch no. 293 of 500 (samples: 127298)
INFO:root:Loss: 5997.557 +/- 2.2592
INFO:root:Epoch no. 294 of 500 (samples: 127298)
INFO:root:Loss: 5997.812 +/- 2.407
INFO:root:Epoch no. 295 of 500 (samples: 127298)
INFO:root:Loss: 5998.3352 +/- 2.3925
INFO:root:Epoch no. 296 of 500 (samples: 127298)
INFO:root:Loss: 5997.4862 +/- 2.3043
INFO:root:Epoch no. 297 of 500 (samples: 127298)
INFO:root:Loss: 5998.0804 +/- 2.6072
INFO:root:Epoch no. 298 of 500 (samples: 127298)
INFO:root:Loss: 5997.4114 +/- 2.3592
INFO:root:Epoch no. 299 of 500 (samples: 127298)
INFO:root:Loss: 5997.1256 +/- 2.2201
INFO:root:Epoch no. 300 of 500 (samples: 127298)
INFO:root:Loss: 5998.0082 +/- 2.6409
INFO:root:Epoch no. 301 of 500 (samples: 127298)
INFO:root:Loss: 5997.8783 +/- 2.9408
INFO:root:Epoch no. 302 of 500 (samples: 127298)
INFO:root:Loss: 5997.9944 +/- 2.6287
INFO:root:Epoch no. 303 of 500 (samples: 127298)
INFO:root:Loss: 5996.9253 +/- 2.4109
INFO:root:Epoch no. 304 of 500 (samples: 127298)
INFO:root:Loss: 5997.3476 +/- 2.7099
INFO:root:Epoch no. 305 of 500 (samples: 127298)
INFO:root:Loss: 5997.6433 +/- 1.7544
INFO:root:Epoch no. 306 of 500 (samples: 127298)
INFO:root:Loss: 5997.1686 +/- 2.9065
INFO:root:Epoch no. 307 of 500 (samples: 127298)
INFO:root:Loss: 5997.6313 +/- 2.1531
INFO:root:Epoch no. 308 of 500 (samples: 127298)
INFO:root:Loss: 5997.7014 +/- 1.8248
INFO:root:Epoch no. 309 of 500 (samples: 127298)
INFO:root:Loss: 5996.8695 +/- 2.3914
INFO:root:Epoch no. 310 of 500 (samples: 127298)
INFO:root:Loss: 5996.7639 +/- 1.9614
INFO:root:Epoch no. 311 of 500 (samples: 127298)
INFO:root:Loss: 5996.7617 +/- 2.6757
INFO:root:Epoch no. 312 of 500 (samples: 127298)
INFO:root:Loss: 5996.1637 +/- 3.2487
INFO:root:Epoch no. 313 of 500 (samples: 127298)
INFO:root:Loss: 5997.092 +/- 3.0139
INFO:root:Epoch no. 314 of 500 (samples: 127298)
INFO:root:Loss: 5997.6057 +/- 2.5548
INFO:root:Epoch no. 315 of 500 (samples: 127298)
INFO:root:Loss: 5997.4687 +/- 1.9848
INFO:root:Epoch no. 316 of 500 (samples: 127298)
INFO:root:Loss: 5997.5389 +/- 2.2157
INFO:root:Epoch no. 317 of 500 (samples: 127298)
INFO:root:Loss: 5996.8797 +/- 3.3581
INFO:root:Epoch no. 318 of 500 (samples: 127298)
INFO:root:Loss: 5996.8159 +/- 2.5581
INFO:root:Epoch no. 319 of 500 (samples: 127298)
INFO:root:Loss: 5996.9679 +/- 2.2585
INFO:root:Epoch no. 320 of 500 (samples: 127298)
INFO:root:Loss: 5997.1159 +/- 1.6502
INFO:root:Epoch no. 321 of 500 (samples: 127298)
INFO:root:Loss: 5996.2282 +/- 2.6737
INFO:root:Epoch no. 322 of 500 (samples: 127298)
INFO:root:Loss: 5996.3186 +/- 1.6406
INFO:root:Epoch no. 323 of 500 (samples: 127298)
INFO:root:Loss: 5996.4527 +/- 2.5481
INFO:root:Epoch no. 324 of 500 (samples: 127298)
INFO:root:Loss: 5997.0929 +/- 2.5304
INFO:root:Epoch no. 325 of 500 (samples: 127298)
INFO:root:Loss: 5996.7591 +/- 3.0559
INFO:root:Epoch no. 326 of 500 (samples: 127298)
INFO:root:Loss: 5996.7738 +/- 3.2933
INFO:root:Epoch no. 327 of 500 (samples: 127298)
INFO:root:Loss: 5996.812 +/- 2.3829
INFO:root:Epoch no. 328 of 500 (samples: 127298)
INFO:root:Loss: 5996.0207 +/- 2.8109
INFO:root:Epoch no. 329 of 500 (samples: 127298)
INFO:root:Loss: 5997.1907 +/- 2.0741
INFO:root:Epoch no. 330 of 500 (samples: 127298)
INFO:root:Loss: 5996.4326 +/- 1.6457
INFO:root:Epoch no. 331 of 500 (samples: 127298)
INFO:root:Loss: 5996.3216 +/- 2.2572
INFO:root:Epoch no. 332 of 500 (samples: 127298)
INFO:root:Loss: 5996.2069 +/- 1.4253
INFO:root:Epoch no. 333 of 500 (samples: 127298)
INFO:root:Loss: 5997.2648 +/- 2.5711
INFO:root:Epoch no. 334 of 500 (samples: 127298)
INFO:root:Loss: 5996.2312 +/- 2.4781
INFO:root:Epoch no. 335 of 500 (samples: 127298)
INFO:root:Loss: 5996.2564 +/- 2.9939
INFO:root:Epoch no. 336 of 500 (samples: 127298)
INFO:root:Loss: 5996.9529 +/- 2.2125
INFO:root:Epoch no. 337 of 500 (samples: 127298)
INFO:root:Loss: 5996.7888 +/- 2.0134
INFO:root:Epoch no. 338 of 500 (samples: 127298)
INFO:root:Loss: 5997.0801 +/- 3.1087
INFO:root:Epoch no. 339 of 500 (samples: 127298)
INFO:root:Loss: 5997.0491 +/- 2.9962
INFO:root:Epoch no. 340 of 500 (samples: 127298)
INFO:root:Loss: 5996.035 +/- 1.7626
INFO:root:Epoch no. 341 of 500 (samples: 127298)
INFO:root:Loss: 5995.663 +/- 2.2336
INFO:root:Epoch no. 342 of 500 (samples: 127298)
INFO:root:Loss: 5996.4231 +/- 1.7625
INFO:root:Epoch no. 343 of 500 (samples: 127298)
INFO:root:Loss: 5996.2942 +/- 1.8367
INFO:root:Epoch no. 344 of 500 (samples: 127298)
INFO:root:Loss: 5996.5023 +/- 1.961
INFO:root:Epoch no. 345 of 500 (samples: 127298)
INFO:root:Loss: 5996.2706 +/- 2.0932
INFO:root:Epoch no. 346 of 500 (samples: 127298)
INFO:root:Loss: 5996.8743 +/- 2.3079
INFO:root:Epoch no. 347 of 500 (samples: 127298)
INFO:root:Loss: 5995.7685 +/- 1.6493
INFO:root:Epoch no. 348 of 500 (samples: 127298)
INFO:root:Loss: 5995.6672 +/- 1.4781
INFO:root:Epoch no. 349 of 500 (samples: 127298)
INFO:root:Loss: 5996.2833 +/- 2.3535
INFO:root:Epoch no. 350 of 500 (samples: 127298)
INFO:root:Loss: 5995.8854 +/- 2.9869
INFO:root:Epoch no. 351 of 500 (samples: 127298)
INFO:root:Loss: 5995.6683 +/- 2.6376
INFO:root:Epoch no. 352 of 500 (samples: 127298)
INFO:root:Loss: 5996.3984 +/- 4.0005
INFO:root:Epoch no. 353 of 500 (samples: 127298)
INFO:root:Loss: 5995.4208 +/- 1.8919
INFO:root:Epoch no. 354 of 500 (samples: 127298)
INFO:root:Loss: 5995.9937 +/- 2.5636
INFO:root:Epoch no. 355 of 500 (samples: 127298)
INFO:root:Loss: 5995.3312 +/- 1.6046
INFO:root:Epoch no. 356 of 500 (samples: 127298)
INFO:root:Loss: 5996.245 +/- 2.1494
INFO:root:Epoch no. 357 of 500 (samples: 127298)
INFO:root:Loss: 5995.858 +/- 2.904
INFO:root:Epoch no. 358 of 500 (samples: 127298)
INFO:root:Loss: 5994.999 +/- 1.7953
INFO:root:Epoch no. 359 of 500 (samples: 127298)
INFO:root:Loss: 5995.8294 +/- 1.5558
INFO:root:Epoch no. 360 of 500 (samples: 127298)
INFO:root:Loss: 5995.2542 +/- 1.3779
INFO:root:Epoch no. 361 of 500 (samples: 127298)
INFO:root:Loss: 5995.7538 +/- 2.0269
INFO:root:Epoch no. 362 of 500 (samples: 127298)
INFO:root:Loss: 5995.4931 +/- 2.6737
INFO:root:Epoch no. 363 of 500 (samples: 127298)
INFO:root:Loss: 5996.0104 +/- 2.357
INFO:root:Epoch no. 364 of 500 (samples: 127298)
INFO:root:Loss: 5995.077 +/- 2.3762
INFO:root:Epoch no. 365 of 500 (samples: 127298)
INFO:root:Loss: 5994.9729 +/- 2.0277
INFO:root:Epoch no. 366 of 500 (samples: 127298)
INFO:root:Loss: 5996.1851 +/- 2.1599
INFO:root:Epoch no. 367 of 500 (samples: 127298)
INFO:root:Loss: 5995.2206 +/- 1.9869
INFO:root:Epoch no. 368 of 500 (samples: 127298)
INFO:root:Loss: 5995.6837 +/- 2.6291
INFO:root:Epoch no. 369 of 500 (samples: 127298)
INFO:root:Loss: 5995.0097 +/- 3.2576
INFO:root:Epoch no. 370 of 500 (samples: 127298)
INFO:root:Loss: 5995.7423 +/- 1.6443
INFO:root:Epoch no. 371 of 500 (samples: 127298)
INFO:root:Loss: 5995.9918 +/- 2.1403
INFO:root:Epoch no. 372 of 500 (samples: 127298)
INFO:root:Loss: 5995.5003 +/- 3.9053
INFO:root:Epoch no. 373 of 500 (samples: 127298)
INFO:root:Loss: 5995.3381 +/- 2.3203
INFO:root:Epoch no. 374 of 500 (samples: 127298)
INFO:root:Loss: 5995.144 +/- 4.2881
INFO:root:Epoch no. 375 of 500 (samples: 127298)
INFO:root:Loss: 5995.0399 +/- 1.6208
INFO:root:Epoch no. 376 of 500 (samples: 127298)
INFO:root:Loss: 5994.8317 +/- 1.6653
INFO:root:Epoch no. 377 of 500 (samples: 127298)
INFO:root:Loss: 5995.2348 +/- 2.0454
INFO:root:Epoch no. 378 of 500 (samples: 127298)
INFO:root:Loss: 5995.3161 +/- 3.3767
INFO:root:Epoch no. 379 of 500 (samples: 127298)
INFO:root:Loss: 5995.549 +/- 2.1405
INFO:root:Epoch no. 380 of 500 (samples: 127298)
INFO:root:Loss: 5994.8259 +/- 3.0419
INFO:root:Epoch no. 381 of 500 (samples: 127298)
INFO:root:Loss: 5995.2827 +/- 2.6329
INFO:root:Epoch no. 382 of 500 (samples: 127298)
INFO:root:Loss: 5995.479 +/- 2.227
INFO:root:Epoch no. 383 of 500 (samples: 127298)
INFO:root:Loss: 5994.9707 +/- 1.6739
INFO:root:Epoch no. 384 of 500 (samples: 127298)
INFO:root:Loss: 5995.3307 +/- 2.4769
INFO:root:Epoch no. 385 of 500 (samples: 127298)
INFO:root:Loss: 5995.076 +/- 2.4971
INFO:root:Epoch no. 386 of 500 (samples: 127298)
INFO:root:Loss: 5994.4953 +/- 2.5682
INFO:root:Epoch no. 387 of 500 (samples: 127298)
INFO:root:Loss: 5993.9314 +/- 2.9384
INFO:root:Epoch no. 388 of 500 (samples: 127298)
INFO:root:Loss: 5994.9949 +/- 2.1506
INFO:root:Epoch no. 389 of 500 (samples: 127298)
INFO:root:Loss: 5994.9272 +/- 2.1417
INFO:root:Epoch no. 390 of 500 (samples: 127298)
INFO:root:Loss: 5994.6222 +/- 1.8333
INFO:root:Epoch no. 391 of 500 (samples: 127298)
INFO:root:Loss: 5995.3672 +/- 2.1444
INFO:root:Epoch no. 392 of 500 (samples: 127298)
INFO:root:Loss: 5994.493 +/- 2.8452
INFO:root:Epoch no. 393 of 500 (samples: 127298)
INFO:root:Loss: 5995.1797 +/- 1.7709
INFO:root:Epoch no. 394 of 500 (samples: 127298)
INFO:root:Loss: 5994.7049 +/- 2.0362
INFO:root:Epoch no. 395 of 500 (samples: 127298)
INFO:root:Loss: 5995.5262 +/- 2.9668
INFO:root:Epoch no. 396 of 500 (samples: 127298)
INFO:root:Loss: 5994.3949 +/- 2.4564
INFO:root:Epoch no. 397 of 500 (samples: 127298)
INFO:root:Loss: 5994.7064 +/- 2.6826
INFO:root:Epoch no. 398 of 500 (samples: 127298)
INFO:root:Loss: 5994.6307 +/- 3.0092
INFO:root:Epoch no. 399 of 500 (samples: 127298)
INFO:root:Loss: 5995.0449 +/- 2.529
INFO:root:Epoch no. 400 of 500 (samples: 127298)
INFO:root:Loss: 5995.5106 +/- 2.4705
INFO:root:Epoch no. 401 of 500 (samples: 127298)
INFO:root:Loss: 5994.3747 +/- 1.6434
INFO:root:Epoch no. 402 of 500 (samples: 127298)
INFO:root:Loss: 5994.3469 +/- 3.2602
INFO:root:Epoch no. 403 of 500 (samples: 127298)
INFO:root:Loss: 5994.4882 +/- 2.2622
INFO:root:Epoch no. 404 of 500 (samples: 127298)
INFO:root:Loss: 5994.2951 +/- 1.3874
INFO:root:Epoch no. 405 of 500 (samples: 127298)
INFO:root:Loss: 5994.6683 +/- 2.3601
INFO:root:Epoch no. 406 of 500 (samples: 127298)
INFO:root:Loss: 5994.9076 +/- 3.1185
INFO:root:Epoch no. 407 of 500 (samples: 127298)
INFO:root:Loss: 5993.8923 +/- 2.3707
INFO:root:Epoch no. 408 of 500 (samples: 127298)
INFO:root:Loss: 5994.9788 +/- 3.2482
INFO:root:Epoch no. 409 of 500 (samples: 127298)
INFO:root:Loss: 5994.482 +/- 2.4449
INFO:root:Epoch no. 410 of 500 (samples: 127298)
INFO:root:Loss: 5994.8373 +/- 2.1358
INFO:root:Epoch no. 411 of 500 (samples: 127298)
INFO:root:Loss: 5994.388 +/- 2.9085
INFO:root:Epoch no. 412 of 500 (samples: 127298)
INFO:root:Loss: 5994.6239 +/- 1.9176
INFO:root:Epoch no. 413 of 500 (samples: 127298)
INFO:root:Loss: 5994.0184 +/- 1.8761
INFO:root:Epoch no. 414 of 500 (samples: 127298)
INFO:root:Loss: 5994.3333 +/- 2.6624
INFO:root:Epoch no. 415 of 500 (samples: 127298)
INFO:root:Loss: 5993.7508 +/- 1.8775
INFO:root:Epoch no. 416 of 500 (samples: 127298)
INFO:root:Loss: 5994.3602 +/- 2.9001
INFO:root:Epoch no. 417 of 500 (samples: 127298)
INFO:root:Loss: 5994.406 +/- 2.7922
INFO:root:Epoch no. 418 of 500 (samples: 127298)
INFO:root:Loss: 5993.8229 +/- 3.9997
INFO:root:Epoch no. 419 of 500 (samples: 127298)
INFO:root:Loss: 5994.4765 +/- 1.9075
INFO:root:Epoch no. 420 of 500 (samples: 127298)
INFO:root:Loss: 5993.5163 +/- 2.8303
INFO:root:Epoch no. 421 of 500 (samples: 127298)
INFO:root:Loss: 5994.4823 +/- 1.4129
INFO:root:Epoch no. 422 of 500 (samples: 127298)
INFO:root:Loss: 5994.3853 +/- 3.0373
INFO:root:Epoch no. 423 of 500 (samples: 127298)
INFO:root:Loss: 5994.1302 +/- 2.5143
INFO:root:Epoch no. 424 of 500 (samples: 127298)
INFO:root:Loss: 5994.6272 +/- 2.188
INFO:root:Epoch no. 425 of 500 (samples: 127298)
INFO:root:Loss: 5994.195 +/- 2.9253
INFO:root:Epoch no. 426 of 500 (samples: 127298)
INFO:root:Loss: 5994.1234 +/- 3.1226
INFO:root:Epoch no. 427 of 500 (samples: 127298)
INFO:root:Loss: 5993.8821 +/- 2.2284
INFO:root:Epoch no. 428 of 500 (samples: 127298)
INFO:root:Loss: 5993.8953 +/- 2.592
INFO:root:Epoch no. 429 of 500 (samples: 127298)
INFO:root:Loss: 5994.25 +/- 2.896
INFO:root:Epoch no. 430 of 500 (samples: 127298)
INFO:root:Loss: 5994.6211 +/- 2.809
INFO:root:Epoch no. 431 of 500 (samples: 127298)
INFO:root:Loss: 5993.6558 +/- 2.1177
INFO:root:Epoch no. 432 of 500 (samples: 127298)
INFO:root:Loss: 5993.3914 +/- 1.6771
INFO:root:Epoch no. 433 of 500 (samples: 127298)
INFO:root:Loss: 5993.5055 +/- 2.9428
INFO:root:Epoch no. 434 of 500 (samples: 127298)
INFO:root:Loss: 5994.2473 +/- 2.9275
INFO:root:Epoch no. 435 of 500 (samples: 127298)
INFO:root:Loss: 5993.4002 +/- 2.3787
INFO:root:Epoch no. 436 of 500 (samples: 127298)
INFO:root:Loss: 5993.8735 +/- 2.503
INFO:root:Epoch no. 437 of 500 (samples: 127298)
INFO:root:Loss: 5994.1745 +/- 3.1069
INFO:root:Epoch no. 438 of 500 (samples: 127298)
INFO:root:Loss: 5993.5884 +/- 3.2888
INFO:root:Epoch no. 439 of 500 (samples: 127298)
INFO:root:Loss: 5994.1039 +/- 3.054
INFO:root:Epoch no. 440 of 500 (samples: 127298)
INFO:root:Loss: 5994.061 +/- 2.7035
INFO:root:Epoch no. 441 of 500 (samples: 127298)
INFO:root:Loss: 5993.7415 +/- 1.9291
INFO:root:Epoch no. 442 of 500 (samples: 127298)
INFO:root:Loss: 5993.3935 +/- 2.9443
INFO:root:Epoch no. 443 of 500 (samples: 127298)
INFO:root:Loss: 5994.275 +/- 1.5339
INFO:root:Epoch no. 444 of 500 (samples: 127298)
INFO:root:Loss: 5993.3626 +/- 1.8705
INFO:root:Epoch no. 445 of 500 (samples: 127298)
INFO:root:Loss: 5994.1907 +/- 2.8719
INFO:root:Epoch no. 446 of 500 (samples: 127298)
INFO:root:Loss: 5993.4748 +/- 2.2408
INFO:root:Epoch no. 447 of 500 (samples: 127298)
INFO:root:Loss: 5993.6774 +/- 2.2125
INFO:root:Epoch no. 448 of 500 (samples: 127298)
INFO:root:Loss: 5994.5113 +/- 2.4448
INFO:root:Epoch no. 449 of 500 (samples: 127298)
INFO:root:Loss: 5994.0923 +/- 1.6649
INFO:root:Epoch no. 450 of 500 (samples: 127298)
INFO:root:Loss: 5993.7933 +/- 1.7827
INFO:root:Epoch no. 451 of 500 (samples: 127298)
INFO:root:Loss: 5993.7522 +/- 2.5934
INFO:root:Epoch no. 452 of 500 (samples: 127298)
INFO:root:Loss: 5993.7864 +/- 3.2594
INFO:root:Epoch no. 453 of 500 (samples: 127298)
INFO:root:Loss: 5993.9622 +/- 2.3973
INFO:root:Epoch no. 454 of 500 (samples: 127298)
INFO:root:Loss: 5994.2408 +/- 3.5371
INFO:root:Epoch no. 455 of 500 (samples: 127298)
INFO:root:Loss: 5994.2382 +/- 2.2746
INFO:root:Epoch no. 456 of 500 (samples: 127298)
INFO:root:Loss: 5993.1357 +/- 1.4601
INFO:root:Epoch no. 457 of 500 (samples: 127298)
INFO:root:Loss: 5993.5253 +/- 1.2771
INFO:root:Epoch no. 458 of 500 (samples: 127298)
INFO:root:Loss: 5993.4535 +/- 2.9768
INFO:root:Epoch no. 459 of 500 (samples: 127298)
INFO:root:Loss: 5992.6644 +/- 2.4249
INFO:root:Epoch no. 460 of 500 (samples: 127298)
INFO:root:Loss: 5993.4152 +/- 2.8926
INFO:root:Epoch no. 461 of 500 (samples: 127298)
INFO:root:Loss: 5993.3717 +/- 2.7251
INFO:root:Epoch no. 462 of 500 (samples: 127298)
INFO:root:Loss: 5993.7781 +/- 3.2448
INFO:root:Epoch no. 463 of 500 (samples: 127298)
INFO:root:Loss: 5993.3245 +/- 2.134
INFO:root:Epoch no. 464 of 500 (samples: 127298)
INFO:root:Loss: 5993.524 +/- 2.884
INFO:root:Epoch no. 465 of 500 (samples: 127298)
INFO:root:Loss: 5993.2054 +/- 2.6473
INFO:root:Epoch no. 466 of 500 (samples: 127298)
INFO:root:Loss: 5993.5653 +/- 3.6377
INFO:root:Epoch no. 467 of 500 (samples: 127298)
INFO:root:Loss: 5993.997 +/- 2.3804
INFO:root:Epoch no. 468 of 500 (samples: 127298)
INFO:root:Loss: 5993.3428 +/- 2.683
INFO:root:Epoch no. 469 of 500 (samples: 127298)
INFO:root:Loss: 5993.783 +/- 1.7906
INFO:root:Epoch no. 470 of 500 (samples: 127298)
INFO:root:Loss: 5993.3598 +/- 2.9587
INFO:root:Epoch no. 471 of 500 (samples: 127298)
INFO:root:Loss: 5993.9572 +/- 2.0803
INFO:root:Epoch no. 472 of 500 (samples: 127298)
INFO:root:Loss: 5993.4877 +/- 2.5583
INFO:root:Epoch no. 473 of 500 (samples: 127298)
INFO:root:Loss: 5993.2021 +/- 2.8839
INFO:root:Epoch no. 474 of 500 (samples: 127298)
INFO:root:Loss: 5993.5621 +/- 1.9633
INFO:root:Epoch no. 475 of 500 (samples: 127298)
INFO:root:Loss: 5993.5481 +/- 2.7286
INFO:root:Epoch no. 476 of 500 (samples: 127298)
INFO:root:Loss: 5992.4833 +/- 2.8148
INFO:root:Epoch no. 477 of 500 (samples: 127298)
INFO:root:Loss: 5993.0387 +/- 1.7326
INFO:root:Epoch no. 478 of 500 (samples: 127298)
INFO:root:Loss: 5993.2772 +/- 1.6756
INFO:root:Epoch no. 479 of 500 (samples: 127298)
INFO:root:Loss: 5993.0451 +/- 2.1724
INFO:root:Epoch no. 480 of 500 (samples: 127298)
INFO:root:Loss: 5992.871 +/- 2.0452
INFO:root:Epoch no. 481 of 500 (samples: 127298)
INFO:root:Loss: 5993.6204 +/- 2.0726
INFO:root:Epoch no. 482 of 500 (samples: 127298)
INFO:root:Loss: 5992.606 +/- 0.9306
INFO:root:Epoch no. 483 of 500 (samples: 127298)
INFO:root:Loss: 5992.7515 +/- 3.057
INFO:root:Epoch no. 484 of 500 (samples: 127298)
INFO:root:Loss: 5992.2663 +/- 1.9625
INFO:root:Epoch no. 485 of 500 (samples: 127298)
INFO:root:Loss: 5992.8137 +/- 2.4167
INFO:root:Epoch no. 486 of 500 (samples: 127298)
INFO:root:Loss: 5992.6765 +/- 1.9715
INFO:root:Epoch no. 487 of 500 (samples: 127298)
INFO:root:Loss: 5992.7098 +/- 2.491
INFO:root:Epoch no. 488 of 500 (samples: 127298)
INFO:root:Loss: 5993.0643 +/- 1.9187
INFO:root:Epoch no. 489 of 500 (samples: 127298)
INFO:root:Loss: 5992.6364 +/- 2.2154
INFO:root:Epoch no. 490 of 500 (samples: 127298)
INFO:root:Loss: 5992.2938 +/- 2.7158
INFO:root:Epoch no. 491 of 500 (samples: 127298)
INFO:root:Loss: 5993.1283 +/- 2.489
INFO:root:Epoch no. 492 of 500 (samples: 127298)
INFO:root:Loss: 5992.7062 +/- 1.7391
INFO:root:Epoch no. 493 of 500 (samples: 127298)
INFO:root:Loss: 5992.7247 +/- 2.3324
INFO:root:Epoch no. 494 of 500 (samples: 127298)
INFO:root:Loss: 5993.6576 +/- 2.6174
INFO:root:Epoch no. 495 of 500 (samples: 127298)
INFO:root:Loss: 5993.1883 +/- 2.6341
INFO:root:Epoch no. 496 of 500 (samples: 127298)
INFO:root:Loss: 5993.1639 +/- 2.8943
INFO:root:Epoch no. 497 of 500 (samples: 127298)
INFO:root:Loss: 5992.2228 +/- 3.0454
INFO:root:Epoch no. 498 of 500 (samples: 127298)
INFO:root:Loss: 5993.0338 +/- 2.2182
INFO:root:Epoch no. 499 of 500 (samples: 127298)
INFO:root:Loss: 5992.1083 +/- 2.1964
INFO:root:Epoch no. 500 of 500 (samples: 127298)
INFO:root:Loss: 5992.6731 +/- 1.9547
/usr/local/lib/python3.5/dist-packages/keras/backend/theano_backend.py:527: UserWarning: theano.function was asked to create a function computing outputs given certain inputs, but the provided input variable at index 2 is not part of the computational graph needed to compute the outputs: keras_learning_phase.
To make this warning into an error, you can pass the parameter on_unused_input='raise' to theano.function. To disable it completely, use on_unused_input='ignore'.
  **kwargs)
INFO:root:### MICRO (validation raw):
INFO:root:	-- left   >> mean: 1770.4076, median: 75.5, mrr: 0.095, hits@1: 1.06%
INFO:root:	-- right  >> mean: 1794.1894, median: 76.0, mrr: 0.098, hits@1: 1.26%
INFO:root:	-- global >> mean: 1782.2985, median: 76.0, mrr: 0.097, hits@1: 1.16%
INFO:root:### MICRO (validation raw):
INFO:root:	-- left   >> mean: 1770.4076, median: 75.5, mrr: 0.095, hits@3: 12.12%
INFO:root:	-- right  >> mean: 1794.1894, median: 76.0, mrr: 0.098, hits@3: 12.68%
INFO:root:	-- global >> mean: 1782.2985, median: 76.0, mrr: 0.097, hits@3: 12.4%
INFO:root:### MICRO (validation raw):
INFO:root:	-- left   >> mean: 1770.4076, median: 75.5, mrr: 0.095, hits@5: 18.5%
INFO:root:	-- right  >> mean: 1794.1894, median: 76.0, mrr: 0.098, hits@5: 19.28%
INFO:root:	-- global >> mean: 1782.2985, median: 76.0, mrr: 0.097, hits@5: 18.89%
INFO:root:### MICRO (validation raw):
INFO:root:	-- left   >> mean: 1770.4076, median: 75.5, mrr: 0.095, hits@10: 27.04%
INFO:root:	-- right  >> mean: 1794.1894, median: 76.0, mrr: 0.098, hits@10: 28.08%
INFO:root:	-- global >> mean: 1782.2985, median: 76.0, mrr: 0.097, hits@10: 27.56%
INFO:root:### MICRO (validation filtered):
INFO:root:	-- left   >> mean: 1760.812, median: 66.0, mrr: 0.109, hits@1: 1.4%
INFO:root:	-- right  >> mean: 1784.5548, median: 66.0, mrr: 0.112, hits@1: 1.52%
INFO:root:	-- global >> mean: 1772.6834, median: 66.0, mrr: 0.111, hits@1: 1.46%
INFO:root:### MICRO (validation filtered):
INFO:root:	-- left   >> mean: 1760.812, median: 66.0, mrr: 0.109, hits@3: 15.22%
INFO:root:	-- right  >> mean: 1784.5548, median: 66.0, mrr: 0.112, hits@3: 15.44%
INFO:root:	-- global >> mean: 1772.6834, median: 66.0, mrr: 0.111, hits@3: 15.33%
INFO:root:### MICRO (validation filtered):
INFO:root:	-- left   >> mean: 1760.812, median: 66.0, mrr: 0.109, hits@5: 21.2%
INFO:root:	-- right  >> mean: 1784.5548, median: 66.0, mrr: 0.112, hits@5: 22.18%
INFO:root:	-- global >> mean: 1772.6834, median: 66.0, mrr: 0.111, hits@5: 21.69%
INFO:root:### MICRO (validation filtered):
INFO:root:	-- left   >> mean: 1760.812, median: 66.0, mrr: 0.109, hits@10: 29.5%
INFO:root:	-- right  >> mean: 1784.5548, median: 66.0, mrr: 0.112, hits@10: 30.46%
INFO:root:	-- global >> mean: 1772.6834, median: 66.0, mrr: 0.111, hits@10: 29.98%
INFO:root:### MICRO (test raw):
INFO:root:	-- left   >> mean: 1549.8548, median: 77.0, mrr: 0.089, hits@1: 0.8%
INFO:root:	-- right  >> mean: 1532.28, median: 71.5, mrr: 0.093, hits@1: 0.9%
INFO:root:	-- global >> mean: 1541.0674, median: 75.0, mrr: 0.091, hits@1: 0.85%
INFO:root:### MICRO (test raw):
INFO:root:	-- left   >> mean: 1549.8548, median: 77.0, mrr: 0.089, hits@3: 11.2%
INFO:root:	-- right  >> mean: 1532.28, median: 71.5, mrr: 0.093, hits@3: 11.82%
INFO:root:	-- global >> mean: 1541.0674, median: 75.0, mrr: 0.091, hits@3: 11.51%
INFO:root:### MICRO (test raw):
INFO:root:	-- left   >> mean: 1549.8548, median: 77.0, mrr: 0.089, hits@5: 17.14%
INFO:root:	-- right  >> mean: 1532.28, median: 71.5, mrr: 0.093, hits@5: 17.92%
INFO:root:	-- global >> mean: 1541.0674, median: 75.0, mrr: 0.091, hits@5: 17.53%
INFO:root:### MICRO (test raw):
INFO:root:	-- left   >> mean: 1549.8548, median: 77.0, mrr: 0.089, hits@10: 25.78%
INFO:root:	-- right  >> mean: 1532.28, median: 71.5, mrr: 0.093, hits@10: 27.06%
INFO:root:	-- global >> mean: 1541.0674, median: 75.0, mrr: 0.091, hits@10: 26.42%
INFO:root:### MICRO (test filtered):
INFO:root:	-- left   >> mean: 1540.0584, median: 68.5, mrr: 0.103, hits@1: 1.02%
INFO:root:	-- right  >> mean: 1523.2516, median: 63.0, mrr: 0.106, hits@1: 1.22%
INFO:root:	-- global >> mean: 1531.655, median: 66.0, mrr: 0.105, hits@1: 1.12%
INFO:root:### MICRO (test filtered):
INFO:root:	-- left   >> mean: 1540.0584, median: 68.5, mrr: 0.103, hits@3: 14.0%
INFO:root:	-- right  >> mean: 1523.2516, median: 63.0, mrr: 0.106, hits@3: 14.3%
INFO:root:	-- global >> mean: 1531.655, median: 66.0, mrr: 0.105, hits@3: 14.15%
INFO:root:### MICRO (test filtered):
INFO:root:	-- left   >> mean: 1540.0584, median: 68.5, mrr: 0.103, hits@5: 20.02%
INFO:root:	-- right  >> mean: 1523.2516, median: 63.0, mrr: 0.106, hits@5: 20.96%
INFO:root:	-- global >> mean: 1531.655, median: 66.0, mrr: 0.105, hits@5: 20.49%
INFO:root:### MICRO (test filtered):
INFO:root:	-- left   >> mean: 1540.0584, median: 68.5, mrr: 0.103, hits@10: 28.4%
INFO:root:	-- right  >> mean: 1523.2516, median: 63.0, mrr: 0.106, hits@10: 29.42%
INFO:root:	-- global >> mean: 1531.655, median: 66.0, mrr: 0.105, hits@10: 28.91%
