Using Theano backend.
Using gpu device 0: GeForce GTX TITAN X (CNMeM is disabled, cuDNN not available)
INFO:root:Acquiring data/wn18/wordnet-mlj12-train.txt ..
INFO:root:Acquiring data/wn18/wordnet-mlj12-valid.txt ..
INFO:root:Acquiring data/wn18/wordnet-mlj12-test.txt ..
INFO:root:[Rules] Adding Head: 15, Tail: [(10, True)]
INFO:root:[Rules] Adding Head: 12, Tail: [(17, True)]
INFO:root:[Rules] Adding Head: 4, Tail: [(5, True)]
INFO:root:[Rules] Adding Head: 13, Tail: [(3, True)]
INFO:root:[Rules] Adding Head: 5, Tail: [(4, True)]
INFO:root:[Rules] Adding Head: 16, Tail: [(11, True)]
INFO:root:[Rules] Adding Head: 17, Tail: [(12, True)]
INFO:root:[Rules] Adding Head: 11, Tail: [(16, True)]
INFO:root:[Rules] Adding Head: 8, Tail: [(9, True)]
INFO:root:[Rules] Adding Head: 2, Tail: [(2, True)]
INFO:root:Samples: 141442, no. batches: 10 -> batch size: 14145
INFO:root:Epoch no. 1 of 500 (samples: 141442)
INFO:root:Loss: 6674.7937 +/- 81.6323
INFO:root:Epoch no. 2 of 500 (samples: 141442)
INFO:root:Loss: 6456.147 +/- 10.4087
INFO:root:Epoch no. 3 of 500 (samples: 141442)
INFO:root:Loss: 6361.9546 +/- 4.4563
INFO:root:Epoch no. 4 of 500 (samples: 141442)
INFO:root:Loss: 6302.7308 +/- 5.4356
INFO:root:Epoch no. 5 of 500 (samples: 141442)
INFO:root:Loss: 6260.7497 +/- 5.8485
INFO:root:Epoch no. 6 of 500 (samples: 141442)
INFO:root:Loss: 6229.4612 +/- 6.4609
INFO:root:Epoch no. 7 of 500 (samples: 141442)
INFO:root:Loss: 6205.1803 +/- 6.7006
INFO:root:Epoch no. 8 of 500 (samples: 141442)
INFO:root:Loss: 6184.5112 +/- 6.721
INFO:root:Epoch no. 9 of 500 (samples: 141442)
INFO:root:Loss: 6168.9393 +/- 7.3013
INFO:root:Epoch no. 10 of 500 (samples: 141442)
INFO:root:Loss: 6156.1815 +/- 6.8104
INFO:root:Epoch no. 11 of 500 (samples: 141442)
INFO:root:Loss: 6144.4361 +/- 7.3495
INFO:root:Epoch no. 12 of 500 (samples: 141442)
INFO:root:Loss: 6135.0429 +/- 7.778
INFO:root:Epoch no. 13 of 500 (samples: 141442)
INFO:root:Loss: 6126.7925 +/- 7.0591
INFO:root:Epoch no. 14 of 500 (samples: 141442)
INFO:root:Loss: 6119.5251 +/- 8.0543
INFO:root:Epoch no. 15 of 500 (samples: 141442)
INFO:root:Loss: 6113.6183 +/- 7.559
INFO:root:Epoch no. 16 of 500 (samples: 141442)
INFO:root:Loss: 6107.6189 +/- 7.4838
INFO:root:Epoch no. 17 of 500 (samples: 141442)
INFO:root:Loss: 6102.0163 +/- 6.5613
INFO:root:Epoch no. 18 of 500 (samples: 141442)
INFO:root:Loss: 6097.8221 +/- 6.9267
INFO:root:Epoch no. 19 of 500 (samples: 141442)
INFO:root:Loss: 6093.6339 +/- 5.6985
INFO:root:Epoch no. 20 of 500 (samples: 141442)
INFO:root:Loss: 6089.7564 +/- 6.0312
INFO:root:Epoch no. 21 of 500 (samples: 141442)
INFO:root:Loss: 6085.9975 +/- 6.9062
INFO:root:Epoch no. 22 of 500 (samples: 141442)
INFO:root:Loss: 6083.347 +/- 6.0378
INFO:root:Epoch no. 23 of 500 (samples: 141442)
INFO:root:Loss: 6080.0583 +/- 6.1023
INFO:root:Epoch no. 24 of 500 (samples: 141442)
INFO:root:Loss: 6077.3617 +/- 5.0468
INFO:root:Epoch no. 25 of 500 (samples: 141442)
INFO:root:Loss: 6074.3417 +/- 6.4133
INFO:root:Epoch no. 26 of 500 (samples: 141442)
INFO:root:Loss: 6072.1141 +/- 5.1291
INFO:root:Epoch no. 27 of 500 (samples: 141442)
INFO:root:Loss: 6069.8963 +/- 4.7351
INFO:root:Epoch no. 28 of 500 (samples: 141442)
INFO:root:Loss: 6067.8187 +/- 5.281
INFO:root:Epoch no. 29 of 500 (samples: 141442)
INFO:root:Loss: 6065.906 +/- 4.2656
INFO:root:Epoch no. 30 of 500 (samples: 141442)
INFO:root:Loss: 6064.5019 +/- 5.4125
INFO:root:Epoch no. 31 of 500 (samples: 141442)
INFO:root:Loss: 6062.0421 +/- 5.1789
INFO:root:Epoch no. 32 of 500 (samples: 141442)
INFO:root:Loss: 6060.5577 +/- 5.0711
INFO:root:Epoch no. 33 of 500 (samples: 141442)
INFO:root:Loss: 6058.9908 +/- 3.8546
INFO:root:Epoch no. 34 of 500 (samples: 141442)
INFO:root:Loss: 6057.3421 +/- 3.9601
INFO:root:Epoch no. 35 of 500 (samples: 141442)
INFO:root:Loss: 6056.4791 +/- 4.8677
INFO:root:Epoch no. 36 of 500 (samples: 141442)
INFO:root:Loss: 6054.3746 +/- 4.5655
INFO:root:Epoch no. 37 of 500 (samples: 141442)
INFO:root:Loss: 6053.0945 +/- 5.1387
INFO:root:Epoch no. 38 of 500 (samples: 141442)
INFO:root:Loss: 6052.001 +/- 4.6219
INFO:root:Epoch no. 39 of 500 (samples: 141442)
INFO:root:Loss: 6050.4809 +/- 4.9695
INFO:root:Epoch no. 40 of 500 (samples: 141442)
INFO:root:Loss: 6049.581 +/- 5.1816
INFO:root:Epoch no. 41 of 500 (samples: 141442)
INFO:root:Loss: 6048.7035 +/- 4.6464
INFO:root:Epoch no. 42 of 500 (samples: 141442)
INFO:root:Loss: 6047.4745 +/- 5.1313
INFO:root:Epoch no. 43 of 500 (samples: 141442)
INFO:root:Loss: 6046.8028 +/- 5.1385
INFO:root:Epoch no. 44 of 500 (samples: 141442)
INFO:root:Loss: 6045.3982 +/- 3.1658
INFO:root:Epoch no. 45 of 500 (samples: 141442)
INFO:root:Loss: 6044.9515 +/- 4.9655
INFO:root:Epoch no. 46 of 500 (samples: 141442)
INFO:root:Loss: 6043.6519 +/- 4.0707
INFO:root:Epoch no. 47 of 500 (samples: 141442)
INFO:root:Loss: 6043.3034 +/- 4.5448
INFO:root:Epoch no. 48 of 500 (samples: 141442)
INFO:root:Loss: 6041.684 +/- 4.5336
INFO:root:Epoch no. 49 of 500 (samples: 141442)
INFO:root:Loss: 6040.9181 +/- 4.6689
INFO:root:Epoch no. 50 of 500 (samples: 141442)
INFO:root:Loss: 6040.4068 +/- 3.9812
INFO:root:Epoch no. 51 of 500 (samples: 141442)
INFO:root:Loss: 6040.3075 +/- 5.272
INFO:root:Epoch no. 52 of 500 (samples: 141442)
INFO:root:Loss: 6038.654 +/- 4.2071
INFO:root:Epoch no. 53 of 500 (samples: 141442)
INFO:root:Loss: 6037.9344 +/- 4.3907
INFO:root:Epoch no. 54 of 500 (samples: 141442)
INFO:root:Loss: 6037.6372 +/- 3.3467
INFO:root:Epoch no. 55 of 500 (samples: 141442)
INFO:root:Loss: 6036.931 +/- 4.9091
INFO:root:Epoch no. 56 of 500 (samples: 141442)
INFO:root:Loss: 6036.3043 +/- 3.4744
INFO:root:Epoch no. 57 of 500 (samples: 141442)
INFO:root:Loss: 6035.8697 +/- 3.7734
INFO:root:Epoch no. 58 of 500 (samples: 141442)
INFO:root:Loss: 6035.3501 +/- 4.1636
INFO:root:Epoch no. 59 of 500 (samples: 141442)
INFO:root:Loss: 6034.4504 +/- 3.3542
INFO:root:Epoch no. 60 of 500 (samples: 141442)
INFO:root:Loss: 6034.5014 +/- 3.3804
INFO:root:Epoch no. 61 of 500 (samples: 141442)
INFO:root:Loss: 6033.4475 +/- 4.3979
INFO:root:Epoch no. 62 of 500 (samples: 141442)
INFO:root:Loss: 6033.3444 +/- 3.7487
INFO:root:Epoch no. 63 of 500 (samples: 141442)
INFO:root:Loss: 6031.9468 +/- 4.5454
INFO:root:Epoch no. 64 of 500 (samples: 141442)
INFO:root:Loss: 6031.6295 +/- 3.5516
INFO:root:Epoch no. 65 of 500 (samples: 141442)
INFO:root:Loss: 6031.4403 +/- 3.571
INFO:root:Epoch no. 66 of 500 (samples: 141442)
INFO:root:Loss: 6031.3329 +/- 2.5398
INFO:root:Epoch no. 67 of 500 (samples: 141442)
INFO:root:Loss: 6030.5057 +/- 3.6937
INFO:root:Epoch no. 68 of 500 (samples: 141442)
INFO:root:Loss: 6029.9157 +/- 3.4967
INFO:root:Epoch no. 69 of 500 (samples: 141442)
INFO:root:Loss: 6029.2394 +/- 3.7136
INFO:root:Epoch no. 70 of 500 (samples: 141442)
INFO:root:Loss: 6029.1649 +/- 3.834
INFO:root:Epoch no. 71 of 500 (samples: 141442)
INFO:root:Loss: 6028.5948 +/- 3.7523
INFO:root:Epoch no. 72 of 500 (samples: 141442)
INFO:root:Loss: 6028.219 +/- 3.0277
INFO:root:Epoch no. 73 of 500 (samples: 141442)
INFO:root:Loss: 6028.4683 +/- 4.0296
INFO:root:Epoch no. 74 of 500 (samples: 141442)
INFO:root:Loss: 6027.6183 +/- 3.629
INFO:root:Epoch no. 75 of 500 (samples: 141442)
INFO:root:Loss: 6027.6991 +/- 3.6477
INFO:root:Epoch no. 76 of 500 (samples: 141442)
INFO:root:Loss: 6026.2227 +/- 3.6836
INFO:root:Epoch no. 77 of 500 (samples: 141442)
INFO:root:Loss: 6026.9576 +/- 3.5144
INFO:root:Epoch no. 78 of 500 (samples: 141442)
INFO:root:Loss: 6026.2927 +/- 2.1506
INFO:root:Epoch no. 79 of 500 (samples: 141442)
INFO:root:Loss: 6026.0474 +/- 3.3018
INFO:root:Epoch no. 80 of 500 (samples: 141442)
INFO:root:Loss: 6025.0795 +/- 3.0155
INFO:root:Epoch no. 81 of 500 (samples: 141442)
INFO:root:Loss: 6024.7104 +/- 3.8764
INFO:root:Epoch no. 82 of 500 (samples: 141442)
INFO:root:Loss: 6024.8208 +/- 4.9248
INFO:root:Epoch no. 83 of 500 (samples: 141442)
INFO:root:Loss: 6024.5879 +/- 3.4725
INFO:root:Epoch no. 84 of 500 (samples: 141442)
INFO:root:Loss: 6024.293 +/- 3.2271
INFO:root:Epoch no. 85 of 500 (samples: 141442)
INFO:root:Loss: 6023.8235 +/- 3.5941
INFO:root:Epoch no. 86 of 500 (samples: 141442)
INFO:root:Loss: 6023.5761 +/- 3.4584
INFO:root:Epoch no. 87 of 500 (samples: 141442)
INFO:root:Loss: 6023.2995 +/- 3.6273
INFO:root:Epoch no. 88 of 500 (samples: 141442)
INFO:root:Loss: 6022.3727 +/- 3.7335
INFO:root:Epoch no. 89 of 500 (samples: 141442)
INFO:root:Loss: 6022.5014 +/- 4.3681
INFO:root:Epoch no. 90 of 500 (samples: 141442)
INFO:root:Loss: 6021.7446 +/- 4.2275
INFO:root:Epoch no. 91 of 500 (samples: 141442)
INFO:root:Loss: 6022.0627 +/- 3.0683
INFO:root:Epoch no. 92 of 500 (samples: 141442)
INFO:root:Loss: 6021.5519 +/- 3.974
INFO:root:Epoch no. 93 of 500 (samples: 141442)
INFO:root:Loss: 6022.2909 +/- 3.1616
INFO:root:Epoch no. 94 of 500 (samples: 141442)
INFO:root:Loss: 6020.9086 +/- 2.8927
INFO:root:Epoch no. 95 of 500 (samples: 141442)
INFO:root:Loss: 6020.9872 +/- 4.9336
INFO:root:Epoch no. 96 of 500 (samples: 141442)
INFO:root:Loss: 6020.1308 +/- 2.8964
INFO:root:Epoch no. 97 of 500 (samples: 141442)
INFO:root:Loss: 6020.5355 +/- 1.6922
INFO:root:Epoch no. 98 of 500 (samples: 141442)
INFO:root:Loss: 6019.8729 +/- 2.462
INFO:root:Epoch no. 99 of 500 (samples: 141442)
INFO:root:Loss: 6020.3399 +/- 2.604
INFO:root:Epoch no. 100 of 500 (samples: 141442)
INFO:root:Loss: 6019.2144 +/- 2.9296
INFO:root:Epoch no. 101 of 500 (samples: 141442)
INFO:root:Loss: 6019.5866 +/- 4.0007
INFO:root:Epoch no. 102 of 500 (samples: 141442)
INFO:root:Loss: 6019.3153 +/- 3.1374
INFO:root:Epoch no. 103 of 500 (samples: 141442)
INFO:root:Loss: 6019.3938 +/- 2.9363
INFO:root:Epoch no. 104 of 500 (samples: 141442)
INFO:root:Loss: 6018.3521 +/- 2.9628
INFO:root:Epoch no. 105 of 500 (samples: 141442)
INFO:root:Loss: 6018.8269 +/- 2.9235
INFO:root:Epoch no. 106 of 500 (samples: 141442)
INFO:root:Loss: 6018.2866 +/- 3.198
INFO:root:Epoch no. 107 of 500 (samples: 141442)
INFO:root:Loss: 6018.4421 +/- 3.9589
INFO:root:Epoch no. 108 of 500 (samples: 141442)
INFO:root:Loss: 6018.3431 +/- 4.533
INFO:root:Epoch no. 109 of 500 (samples: 141442)
INFO:root:Loss: 6017.3924 +/- 3.9334
INFO:root:Epoch no. 110 of 500 (samples: 141442)
INFO:root:Loss: 6017.4312 +/- 2.9837
INFO:root:Epoch no. 111 of 500 (samples: 141442)
INFO:root:Loss: 6018.2363 +/- 3.0277
INFO:root:Epoch no. 112 of 500 (samples: 141442)
INFO:root:Loss: 6016.8776 +/- 2.9066
INFO:root:Epoch no. 113 of 500 (samples: 141442)
INFO:root:Loss: 6017.1961 +/- 3.1351
INFO:root:Epoch no. 114 of 500 (samples: 141442)
INFO:root:Loss: 6016.5223 +/- 3.1868
INFO:root:Epoch no. 115 of 500 (samples: 141442)
INFO:root:Loss: 6016.7984 +/- 2.9307
INFO:root:Epoch no. 116 of 500 (samples: 141442)
INFO:root:Loss: 6016.9312 +/- 2.9213
INFO:root:Epoch no. 117 of 500 (samples: 141442)
INFO:root:Loss: 6016.3702 +/- 3.6417
INFO:root:Epoch no. 118 of 500 (samples: 141442)
INFO:root:Loss: 6016.4943 +/- 2.6816
INFO:root:Epoch no. 119 of 500 (samples: 141442)
INFO:root:Loss: 6015.6176 +/- 2.8164
INFO:root:Epoch no. 120 of 500 (samples: 141442)
INFO:root:Loss: 6015.6531 +/- 2.6745
INFO:root:Epoch no. 121 of 500 (samples: 141442)
INFO:root:Loss: 6014.9974 +/- 3.8131
INFO:root:Epoch no. 122 of 500 (samples: 141442)
INFO:root:Loss: 6015.2417 +/- 3.0847
INFO:root:Epoch no. 123 of 500 (samples: 141442)
INFO:root:Loss: 6015.9669 +/- 2.9248
INFO:root:Epoch no. 124 of 500 (samples: 141442)
INFO:root:Loss: 6015.1466 +/- 3.0786
INFO:root:Epoch no. 125 of 500 (samples: 141442)
INFO:root:Loss: 6015.4206 +/- 3.3421
INFO:root:Epoch no. 126 of 500 (samples: 141442)
INFO:root:Loss: 6014.344 +/- 2.6101
INFO:root:Epoch no. 127 of 500 (samples: 141442)
INFO:root:Loss: 6014.5088 +/- 2.4807
INFO:root:Epoch no. 128 of 500 (samples: 141442)
INFO:root:Loss: 6014.4052 +/- 2.8459
INFO:root:Epoch no. 129 of 500 (samples: 141442)
INFO:root:Loss: 6013.5893 +/- 2.9837
INFO:root:Epoch no. 130 of 500 (samples: 141442)
INFO:root:Loss: 6013.8593 +/- 4.0868
INFO:root:Epoch no. 131 of 500 (samples: 141442)
INFO:root:Loss: 6013.2154 +/- 2.4737
INFO:root:Epoch no. 132 of 500 (samples: 141442)
INFO:root:Loss: 6014.0904 +/- 3.4786
INFO:root:Epoch no. 133 of 500 (samples: 141442)
INFO:root:Loss: 6013.3894 +/- 2.6587
INFO:root:Epoch no. 134 of 500 (samples: 141442)
INFO:root:Loss: 6013.124 +/- 2.7805
INFO:root:Epoch no. 135 of 500 (samples: 141442)
INFO:root:Loss: 6013.0406 +/- 2.7654
INFO:root:Epoch no. 136 of 500 (samples: 141442)
INFO:root:Loss: 6013.7813 +/- 2.1814
INFO:root:Epoch no. 137 of 500 (samples: 141442)
INFO:root:Loss: 6012.7794 +/- 2.8168
INFO:root:Epoch no. 138 of 500 (samples: 141442)
INFO:root:Loss: 6012.1584 +/- 3.4661
INFO:root:Epoch no. 139 of 500 (samples: 141442)
INFO:root:Loss: 6012.2343 +/- 3.494
INFO:root:Epoch no. 140 of 500 (samples: 141442)
INFO:root:Loss: 6012.2497 +/- 2.806
INFO:root:Epoch no. 141 of 500 (samples: 141442)
INFO:root:Loss: 6012.5276 +/- 2.2451
INFO:root:Epoch no. 142 of 500 (samples: 141442)
INFO:root:Loss: 6012.9449 +/- 3.5357
INFO:root:Epoch no. 143 of 500 (samples: 141442)
INFO:root:Loss: 6012.4578 +/- 3.4309
INFO:root:Epoch no. 144 of 500 (samples: 141442)
INFO:root:Loss: 6011.9809 +/- 2.1173
INFO:root:Epoch no. 145 of 500 (samples: 141442)
INFO:root:Loss: 6011.7032 +/- 3.2071
INFO:root:Epoch no. 146 of 500 (samples: 141442)
INFO:root:Loss: 6011.368 +/- 2.2762
INFO:root:Epoch no. 147 of 500 (samples: 141442)
INFO:root:Loss: 6010.8613 +/- 3.4235
INFO:root:Epoch no. 148 of 500 (samples: 141442)
INFO:root:Loss: 6011.4934 +/- 3.4258
INFO:root:Epoch no. 149 of 500 (samples: 141442)
INFO:root:Loss: 6011.4566 +/- 2.9516
INFO:root:Epoch no. 150 of 500 (samples: 141442)
INFO:root:Loss: 6011.172 +/- 2.5334
INFO:root:Epoch no. 151 of 500 (samples: 141442)
INFO:root:Loss: 6011.1915 +/- 3.0737
INFO:root:Epoch no. 152 of 500 (samples: 141442)
INFO:root:Loss: 6011.1922 +/- 2.7028
INFO:root:Epoch no. 153 of 500 (samples: 141442)
INFO:root:Loss: 6011.1211 +/- 3.0924
INFO:root:Epoch no. 154 of 500 (samples: 141442)
INFO:root:Loss: 6010.8443 +/- 3.433
INFO:root:Epoch no. 155 of 500 (samples: 141442)
INFO:root:Loss: 6010.1961 +/- 2.162
INFO:root:Epoch no. 156 of 500 (samples: 141442)
INFO:root:Loss: 6010.9567 +/- 1.7453
INFO:root:Epoch no. 157 of 500 (samples: 141442)
INFO:root:Loss: 6010.3732 +/- 2.4973
INFO:root:Epoch no. 158 of 500 (samples: 141442)
INFO:root:Loss: 6009.562 +/- 2.5587
INFO:root:Epoch no. 159 of 500 (samples: 141442)
INFO:root:Loss: 6010.2379 +/- 3.4407
INFO:root:Epoch no. 160 of 500 (samples: 141442)
INFO:root:Loss: 6010.0791 +/- 2.8557
INFO:root:Epoch no. 161 of 500 (samples: 141442)
INFO:root:Loss: 6010.1366 +/- 3.6499
INFO:root:Epoch no. 162 of 500 (samples: 141442)
INFO:root:Loss: 6009.7373 +/- 1.807
INFO:root:Epoch no. 163 of 500 (samples: 141442)
INFO:root:Loss: 6009.7239 +/- 3.0902
INFO:root:Epoch no. 164 of 500 (samples: 141442)
INFO:root:Loss: 6009.3237 +/- 1.6686
INFO:root:Epoch no. 165 of 500 (samples: 141442)
INFO:root:Loss: 6009.9263 +/- 3.6229
INFO:root:Epoch no. 166 of 500 (samples: 141442)
INFO:root:Loss: 6009.4284 +/- 3.8155
INFO:root:Epoch no. 167 of 500 (samples: 141442)
INFO:root:Loss: 6009.206 +/- 2.8047
INFO:root:Epoch no. 168 of 500 (samples: 141442)
INFO:root:Loss: 6009.3372 +/- 3.3412
INFO:root:Epoch no. 169 of 500 (samples: 141442)
INFO:root:Loss: 6008.8329 +/- 3.3369
INFO:root:Epoch no. 170 of 500 (samples: 141442)
INFO:root:Loss: 6009.3744 +/- 2.9885
INFO:root:Epoch no. 171 of 500 (samples: 141442)
INFO:root:Loss: 6008.6035 +/- 2.9639
INFO:root:Epoch no. 172 of 500 (samples: 141442)
INFO:root:Loss: 6008.9118 +/- 2.5209
INFO:root:Epoch no. 173 of 500 (samples: 141442)
INFO:root:Loss: 6008.8398 +/- 2.4164
INFO:root:Epoch no. 174 of 500 (samples: 141442)
INFO:root:Loss: 6008.841 +/- 4.0634
INFO:root:Epoch no. 175 of 500 (samples: 141442)
INFO:root:Loss: 6008.1946 +/- 2.7219
INFO:root:Epoch no. 176 of 500 (samples: 141442)
INFO:root:Loss: 6008.4459 +/- 2.7495
INFO:root:Epoch no. 177 of 500 (samples: 141442)
INFO:root:Loss: 6008.7727 +/- 2.9849
INFO:root:Epoch no. 178 of 500 (samples: 141442)
INFO:root:Loss: 6008.9869 +/- 3.0977
INFO:root:Epoch no. 179 of 500 (samples: 141442)
INFO:root:Loss: 6008.2823 +/- 2.9716
INFO:root:Epoch no. 180 of 500 (samples: 141442)
INFO:root:Loss: 6007.9363 +/- 2.5908
INFO:root:Epoch no. 181 of 500 (samples: 141442)
INFO:root:Loss: 6007.6587 +/- 2.8255
INFO:root:Epoch no. 182 of 500 (samples: 141442)
INFO:root:Loss: 6007.259 +/- 3.4692
INFO:root:Epoch no. 183 of 500 (samples: 141442)
INFO:root:Loss: 6007.7785 +/- 2.2532
INFO:root:Epoch no. 184 of 500 (samples: 141442)
INFO:root:Loss: 6007.6058 +/- 3.1996
INFO:root:Epoch no. 185 of 500 (samples: 141442)
INFO:root:Loss: 6008.5916 +/- 2.89
INFO:root:Epoch no. 186 of 500 (samples: 141442)
INFO:root:Loss: 6007.3665 +/- 2.3791
INFO:root:Epoch no. 187 of 500 (samples: 141442)
INFO:root:Loss: 6007.46 +/- 2.9058
INFO:root:Epoch no. 188 of 500 (samples: 141442)
INFO:root:Loss: 6007.5536 +/- 2.2357
INFO:root:Epoch no. 189 of 500 (samples: 141442)
INFO:root:Loss: 6008.0312 +/- 1.9106
INFO:root:Epoch no. 190 of 500 (samples: 141442)
INFO:root:Loss: 6006.9889 +/- 2.5496
INFO:root:Epoch no. 191 of 500 (samples: 141442)
INFO:root:Loss: 6007.4989 +/- 2.638
INFO:root:Epoch no. 192 of 500 (samples: 141442)
INFO:root:Loss: 6007.568 +/- 2.7809
INFO:root:Epoch no. 193 of 500 (samples: 141442)
INFO:root:Loss: 6007.8843 +/- 2.3101
INFO:root:Epoch no. 194 of 500 (samples: 141442)
INFO:root:Loss: 6007.279 +/- 2.6682
INFO:root:Epoch no. 195 of 500 (samples: 141442)
INFO:root:Loss: 6006.6959 +/- 2.5665
INFO:root:Epoch no. 196 of 500 (samples: 141442)
INFO:root:Loss: 6006.669 +/- 2.3909
INFO:root:Epoch no. 197 of 500 (samples: 141442)
INFO:root:Loss: 6006.8918 +/- 1.8322
INFO:root:Epoch no. 198 of 500 (samples: 141442)
INFO:root:Loss: 6006.6474 +/- 2.2288
INFO:root:Epoch no. 199 of 500 (samples: 141442)
INFO:root:Loss: 6006.6439 +/- 2.8476
INFO:root:Epoch no. 200 of 500 (samples: 141442)
INFO:root:Loss: 6007.0646 +/- 2.6428
INFO:root:Epoch no. 201 of 500 (samples: 141442)
INFO:root:Loss: 6006.2082 +/- 3.284
INFO:root:Epoch no. 202 of 500 (samples: 141442)
INFO:root:Loss: 6006.4794 +/- 1.7348
INFO:root:Epoch no. 203 of 500 (samples: 141442)
INFO:root:Loss: 6006.1736 +/- 2.8161
INFO:root:Epoch no. 204 of 500 (samples: 141442)
INFO:root:Loss: 6005.9143 +/- 2.3106
INFO:root:Epoch no. 205 of 500 (samples: 141442)
INFO:root:Loss: 6005.8696 +/- 2.8207
INFO:root:Epoch no. 206 of 500 (samples: 141442)
INFO:root:Loss: 6005.9237 +/- 3.4656
INFO:root:Epoch no. 207 of 500 (samples: 141442)
INFO:root:Loss: 6005.8502 +/- 2.6864
INFO:root:Epoch no. 208 of 500 (samples: 141442)
INFO:root:Loss: 6006.605 +/- 2.4987
INFO:root:Epoch no. 209 of 500 (samples: 141442)
INFO:root:Loss: 6005.6945 +/- 3.3306
INFO:root:Epoch no. 210 of 500 (samples: 141442)
INFO:root:Loss: 6005.8913 +/- 2.7211
INFO:root:Epoch no. 211 of 500 (samples: 141442)
INFO:root:Loss: 6005.409 +/- 2.647
INFO:root:Epoch no. 212 of 500 (samples: 141442)
INFO:root:Loss: 6005.0983 +/- 2.8246
INFO:root:Epoch no. 213 of 500 (samples: 141442)
INFO:root:Loss: 6006.0484 +/- 2.9888
INFO:root:Epoch no. 214 of 500 (samples: 141442)
INFO:root:Loss: 6005.4048 +/- 2.1615
INFO:root:Epoch no. 215 of 500 (samples: 141442)
INFO:root:Loss: 6005.9035 +/- 2.3593
INFO:root:Epoch no. 216 of 500 (samples: 141442)
INFO:root:Loss: 6005.4597 +/- 2.6805
INFO:root:Epoch no. 217 of 500 (samples: 141442)
INFO:root:Loss: 6005.7502 +/- 3.5365
INFO:root:Epoch no. 218 of 500 (samples: 141442)
INFO:root:Loss: 6005.5671 +/- 1.491
INFO:root:Epoch no. 219 of 500 (samples: 141442)
INFO:root:Loss: 6005.4732 +/- 1.9705
INFO:root:Epoch no. 220 of 500 (samples: 141442)
INFO:root:Loss: 6005.0079 +/- 2.5039
INFO:root:Epoch no. 221 of 500 (samples: 141442)
INFO:root:Loss: 6006.15 +/- 1.5271
INFO:root:Epoch no. 222 of 500 (samples: 141442)
INFO:root:Loss: 6006.1381 +/- 2.8921
INFO:root:Epoch no. 223 of 500 (samples: 141442)
INFO:root:Loss: 6005.408 +/- 1.9513
INFO:root:Epoch no. 224 of 500 (samples: 141442)
INFO:root:Loss: 6005.4605 +/- 2.4361
INFO:root:Epoch no. 225 of 500 (samples: 141442)
INFO:root:Loss: 6004.5425 +/- 3.6551
INFO:root:Epoch no. 226 of 500 (samples: 141442)
INFO:root:Loss: 6005.296 +/- 2.6143
INFO:root:Epoch no. 227 of 500 (samples: 141442)
INFO:root:Loss: 6005.1005 +/- 2.8733
INFO:root:Epoch no. 228 of 500 (samples: 141442)
INFO:root:Loss: 6005.0182 +/- 2.0154
INFO:root:Epoch no. 229 of 500 (samples: 141442)
INFO:root:Loss: 6004.7058 +/- 2.2431
INFO:root:Epoch no. 230 of 500 (samples: 141442)
INFO:root:Loss: 6004.5289 +/- 2.7542
INFO:root:Epoch no. 231 of 500 (samples: 141442)
INFO:root:Loss: 6004.526 +/- 3.0595
INFO:root:Epoch no. 232 of 500 (samples: 141442)
INFO:root:Loss: 6004.5606 +/- 3.5247
INFO:root:Epoch no. 233 of 500 (samples: 141442)
INFO:root:Loss: 6004.6624 +/- 2.7896
INFO:root:Epoch no. 234 of 500 (samples: 141442)
INFO:root:Loss: 6004.9934 +/- 2.5579
INFO:root:Epoch no. 235 of 500 (samples: 141442)
INFO:root:Loss: 6003.9988 +/- 2.4568
INFO:root:Epoch no. 236 of 500 (samples: 141442)
INFO:root:Loss: 6004.3278 +/- 1.9667
INFO:root:Epoch no. 237 of 500 (samples: 141442)
INFO:root:Loss: 6004.2503 +/- 2.2864
INFO:root:Epoch no. 238 of 500 (samples: 141442)
INFO:root:Loss: 6004.7607 +/- 2.9126
INFO:root:Epoch no. 239 of 500 (samples: 141442)
INFO:root:Loss: 6004.5015 +/- 1.6688
INFO:root:Epoch no. 240 of 500 (samples: 141442)
INFO:root:Loss: 6003.9181 +/- 2.3467
INFO:root:Epoch no. 241 of 500 (samples: 141442)
INFO:root:Loss: 6003.6288 +/- 3.0304
INFO:root:Epoch no. 242 of 500 (samples: 141442)
INFO:root:Loss: 6004.1194 +/- 2.5584
INFO:root:Epoch no. 243 of 500 (samples: 141442)
INFO:root:Loss: 6004.1926 +/- 1.9621
INFO:root:Epoch no. 244 of 500 (samples: 141442)
INFO:root:Loss: 6003.7191 +/- 2.0786
INFO:root:Epoch no. 245 of 500 (samples: 141442)
INFO:root:Loss: 6003.9298 +/- 2.5321
INFO:root:Epoch no. 246 of 500 (samples: 141442)
INFO:root:Loss: 6004.1924 +/- 2.4844
INFO:root:Epoch no. 247 of 500 (samples: 141442)
INFO:root:Loss: 6004.1044 +/- 1.9984
INFO:root:Epoch no. 248 of 500 (samples: 141442)
INFO:root:Loss: 6003.285 +/- 2.0385
INFO:root:Epoch no. 249 of 500 (samples: 141442)
INFO:root:Loss: 6003.452 +/- 3.7312
INFO:root:Epoch no. 250 of 500 (samples: 141442)
INFO:root:Loss: 6003.7807 +/- 2.2879
INFO:root:Epoch no. 251 of 500 (samples: 141442)
INFO:root:Loss: 6003.4122 +/- 2.518
INFO:root:Epoch no. 252 of 500 (samples: 141442)
INFO:root:Loss: 6003.5743 +/- 2.5718
INFO:root:Epoch no. 253 of 500 (samples: 141442)
INFO:root:Loss: 6003.8711 +/- 3.2263
INFO:root:Epoch no. 254 of 500 (samples: 141442)
INFO:root:Loss: 6003.0087 +/- 2.3954
INFO:root:Epoch no. 255 of 500 (samples: 141442)
INFO:root:Loss: 6003.285 +/- 1.8596
INFO:root:Epoch no. 256 of 500 (samples: 141442)
INFO:root:Loss: 6003.2123 +/- 1.6909
INFO:root:Epoch no. 257 of 500 (samples: 141442)
INFO:root:Loss: 6003.6772 +/- 3.694
INFO:root:Epoch no. 258 of 500 (samples: 141442)
INFO:root:Loss: 6003.3074 +/- 3.1712
INFO:root:Epoch no. 259 of 500 (samples: 141442)
INFO:root:Loss: 6002.6448 +/- 3.1127
INFO:root:Epoch no. 260 of 500 (samples: 141442)
INFO:root:Loss: 6002.5666 +/- 2.3717
INFO:root:Epoch no. 261 of 500 (samples: 141442)
INFO:root:Loss: 6002.6386 +/- 2.9466
INFO:root:Epoch no. 262 of 500 (samples: 141442)
INFO:root:Loss: 6003.0293 +/- 1.4964
INFO:root:Epoch no. 263 of 500 (samples: 141442)
INFO:root:Loss: 6003.6488 +/- 2.0112
INFO:root:Epoch no. 264 of 500 (samples: 141442)
INFO:root:Loss: 6002.4455 +/- 2.5086
INFO:root:Epoch no. 265 of 500 (samples: 141442)
INFO:root:Loss: 6003.0123 +/- 2.9481
INFO:root:Epoch no. 266 of 500 (samples: 141442)
INFO:root:Loss: 6003.0025 +/- 2.6753
INFO:root:Epoch no. 267 of 500 (samples: 141442)
INFO:root:Loss: 6002.5415 +/- 1.9223
INFO:root:Epoch no. 268 of 500 (samples: 141442)
INFO:root:Loss: 6002.3651 +/- 3.0845
INFO:root:Epoch no. 269 of 500 (samples: 141442)
INFO:root:Loss: 6002.4512 +/- 3.7182
INFO:root:Epoch no. 270 of 500 (samples: 141442)
INFO:root:Loss: 6002.7025 +/- 1.4537
INFO:root:Epoch no. 271 of 500 (samples: 141442)
INFO:root:Loss: 6002.7048 +/- 2.6073
INFO:root:Epoch no. 272 of 500 (samples: 141442)
INFO:root:Loss: 6002.0192 +/- 2.5092
INFO:root:Epoch no. 273 of 500 (samples: 141442)
INFO:root:Loss: 6002.601 +/- 2.8428
INFO:root:Epoch no. 274 of 500 (samples: 141442)
INFO:root:Loss: 6002.8076 +/- 2.727
INFO:root:Epoch no. 275 of 500 (samples: 141442)
INFO:root:Loss: 6002.6535 +/- 2.1385
INFO:root:Epoch no. 276 of 500 (samples: 141442)
INFO:root:Loss: 6002.4117 +/- 2.1725
INFO:root:Epoch no. 277 of 500 (samples: 141442)
INFO:root:Loss: 6002.182 +/- 2.4686
INFO:root:Epoch no. 278 of 500 (samples: 141442)
INFO:root:Loss: 6002.606 +/- 2.5547
INFO:root:Epoch no. 279 of 500 (samples: 141442)
INFO:root:Loss: 6002.6731 +/- 2.559
INFO:root:Epoch no. 280 of 500 (samples: 141442)
INFO:root:Loss: 6002.2761 +/- 2.7453
INFO:root:Epoch no. 281 of 500 (samples: 141442)
INFO:root:Loss: 6002.2564 +/- 2.2683
INFO:root:Epoch no. 282 of 500 (samples: 141442)
INFO:root:Loss: 6002.0972 +/- 2.2857
INFO:root:Epoch no. 283 of 500 (samples: 141442)
INFO:root:Loss: 6002.2065 +/- 3.2
INFO:root:Epoch no. 284 of 500 (samples: 141442)
INFO:root:Loss: 6002.1769 +/- 3.0479
INFO:root:Epoch no. 285 of 500 (samples: 141442)
INFO:root:Loss: 6001.8252 +/- 3.4091
INFO:root:Epoch no. 286 of 500 (samples: 141442)
INFO:root:Loss: 6002.613 +/- 2.1222
INFO:root:Epoch no. 287 of 500 (samples: 141442)
INFO:root:Loss: 6002.145 +/- 2.732
INFO:root:Epoch no. 288 of 500 (samples: 141442)
INFO:root:Loss: 6002.7655 +/- 3.147
INFO:root:Epoch no. 289 of 500 (samples: 141442)
INFO:root:Loss: 6001.9416 +/- 2.083
INFO:root:Epoch no. 290 of 500 (samples: 141442)
INFO:root:Loss: 6002.5051 +/- 2.7202
INFO:root:Epoch no. 291 of 500 (samples: 141442)
INFO:root:Loss: 6002.2267 +/- 2.6397
INFO:root:Epoch no. 292 of 500 (samples: 141442)
INFO:root:Loss: 6001.6014 +/- 2.8153
INFO:root:Epoch no. 293 of 500 (samples: 141442)
INFO:root:Loss: 6001.5418 +/- 2.7068
INFO:root:Epoch no. 294 of 500 (samples: 141442)
INFO:root:Loss: 6002.0227 +/- 1.6626
INFO:root:Epoch no. 295 of 500 (samples: 141442)
INFO:root:Loss: 6001.8885 +/- 2.4559
INFO:root:Epoch no. 296 of 500 (samples: 141442)
INFO:root:Loss: 6001.8994 +/- 2.4688
INFO:root:Epoch no. 297 of 500 (samples: 141442)
INFO:root:Loss: 6002.3017 +/- 2.7209
INFO:root:Epoch no. 298 of 500 (samples: 141442)
INFO:root:Loss: 6001.96 +/- 2.3126
INFO:root:Epoch no. 299 of 500 (samples: 141442)
INFO:root:Loss: 6001.9993 +/- 2.2451
INFO:root:Epoch no. 300 of 500 (samples: 141442)
INFO:root:Loss: 6000.9866 +/- 1.6679
INFO:root:Epoch no. 301 of 500 (samples: 141442)
INFO:root:Loss: 6002.3774 +/- 3.317
INFO:root:Epoch no. 302 of 500 (samples: 141442)
INFO:root:Loss: 6001.6358 +/- 1.3911
INFO:root:Epoch no. 303 of 500 (samples: 141442)
INFO:root:Loss: 6001.8432 +/- 2.9642
INFO:root:Epoch no. 304 of 500 (samples: 141442)
INFO:root:Loss: 6001.8719 +/- 1.6358
INFO:root:Epoch no. 305 of 500 (samples: 141442)
INFO:root:Loss: 6001.0317 +/- 2.2533
INFO:root:Epoch no. 306 of 500 (samples: 141442)
INFO:root:Loss: 6001.4435 +/- 1.9803
INFO:root:Epoch no. 307 of 500 (samples: 141442)
INFO:root:Loss: 6001.1137 +/- 2.9484
INFO:root:Epoch no. 308 of 500 (samples: 141442)
INFO:root:Loss: 6001.5455 +/- 3.0246
INFO:root:Epoch no. 309 of 500 (samples: 141442)
INFO:root:Loss: 6001.3528 +/- 1.8744
INFO:root:Epoch no. 310 of 500 (samples: 141442)
INFO:root:Loss: 6001.5695 +/- 3.254
INFO:root:Epoch no. 311 of 500 (samples: 141442)
INFO:root:Loss: 6001.2569 +/- 1.5019
INFO:root:Epoch no. 312 of 500 (samples: 141442)
INFO:root:Loss: 6002.4709 +/- 2.8338
INFO:root:Epoch no. 313 of 500 (samples: 141442)
INFO:root:Loss: 6001.3546 +/- 2.0849
INFO:root:Epoch no. 314 of 500 (samples: 141442)
INFO:root:Loss: 6001.0277 +/- 1.7451
INFO:root:Epoch no. 315 of 500 (samples: 141442)
INFO:root:Loss: 6001.1896 +/- 3.235
INFO:root:Epoch no. 316 of 500 (samples: 141442)
INFO:root:Loss: 6001.0235 +/- 1.3841
INFO:root:Epoch no. 317 of 500 (samples: 141442)
INFO:root:Loss: 6001.0845 +/- 2.5573
INFO:root:Epoch no. 318 of 500 (samples: 141442)
INFO:root:Loss: 6001.0633 +/- 1.8048
INFO:root:Epoch no. 319 of 500 (samples: 141442)
INFO:root:Loss: 6000.6845 +/- 3.432
INFO:root:Epoch no. 320 of 500 (samples: 141442)
INFO:root:Loss: 6000.9345 +/- 2.7268
INFO:root:Epoch no. 321 of 500 (samples: 141442)
INFO:root:Loss: 6001.2757 +/- 2.9279
INFO:root:Epoch no. 322 of 500 (samples: 141442)
INFO:root:Loss: 6000.7727 +/- 2.5011
INFO:root:Epoch no. 323 of 500 (samples: 141442)
INFO:root:Loss: 6000.7143 +/- 3.1563
INFO:root:Epoch no. 324 of 500 (samples: 141442)
INFO:root:Loss: 6001.3638 +/- 2.2977
INFO:root:Epoch no. 325 of 500 (samples: 141442)
INFO:root:Loss: 6000.9681 +/- 2.8234
INFO:root:Epoch no. 326 of 500 (samples: 141442)
INFO:root:Loss: 6000.5592 +/- 2.1027
INFO:root:Epoch no. 327 of 500 (samples: 141442)
INFO:root:Loss: 6001.0406 +/- 2.7165
INFO:root:Epoch no. 328 of 500 (samples: 141442)
INFO:root:Loss: 6001.107 +/- 2.8403
INFO:root:Epoch no. 329 of 500 (samples: 141442)
INFO:root:Loss: 6001.1695 +/- 3.309
INFO:root:Epoch no. 330 of 500 (samples: 141442)
INFO:root:Loss: 6000.8831 +/- 2.5579
INFO:root:Epoch no. 331 of 500 (samples: 141442)
INFO:root:Loss: 6001.1931 +/- 2.4738
INFO:root:Epoch no. 332 of 500 (samples: 141442)
INFO:root:Loss: 6000.5373 +/- 2.1955
INFO:root:Epoch no. 333 of 500 (samples: 141442)
INFO:root:Loss: 6000.5903 +/- 2.6267
INFO:root:Epoch no. 334 of 500 (samples: 141442)
INFO:root:Loss: 6000.7354 +/- 1.4617
INFO:root:Epoch no. 335 of 500 (samples: 141442)
INFO:root:Loss: 6000.3862 +/- 2.6119
INFO:root:Epoch no. 336 of 500 (samples: 141442)
INFO:root:Loss: 5999.7603 +/- 2.774
INFO:root:Epoch no. 337 of 500 (samples: 141442)
INFO:root:Loss: 6000.8576 +/- 1.5266
INFO:root:Epoch no. 338 of 500 (samples: 141442)
INFO:root:Loss: 6000.6549 +/- 2.184
INFO:root:Epoch no. 339 of 500 (samples: 141442)
INFO:root:Loss: 6001.0706 +/- 1.9778
INFO:root:Epoch no. 340 of 500 (samples: 141442)
INFO:root:Loss: 6000.2099 +/- 1.4437
INFO:root:Epoch no. 341 of 500 (samples: 141442)
INFO:root:Loss: 6000.7096 +/- 2.4932
INFO:root:Epoch no. 342 of 500 (samples: 141442)
INFO:root:Loss: 6000.4542 +/- 2.1812
INFO:root:Epoch no. 343 of 500 (samples: 141442)
INFO:root:Loss: 6000.6593 +/- 2.6118
INFO:root:Epoch no. 344 of 500 (samples: 141442)
INFO:root:Loss: 6000.4702 +/- 3.2034
INFO:root:Epoch no. 345 of 500 (samples: 141442)
INFO:root:Loss: 6000.7271 +/- 2.8936
INFO:root:Epoch no. 346 of 500 (samples: 141442)
INFO:root:Loss: 6000.2675 +/- 2.9166
INFO:root:Epoch no. 347 of 500 (samples: 141442)
INFO:root:Loss: 5999.7219 +/- 1.4465
INFO:root:Epoch no. 348 of 500 (samples: 141442)
INFO:root:Loss: 5999.9656 +/- 2.7727
INFO:root:Epoch no. 349 of 500 (samples: 141442)
INFO:root:Loss: 5999.3964 +/- 2.1812
INFO:root:Epoch no. 350 of 500 (samples: 141442)
INFO:root:Loss: 5999.9952 +/- 3.0647
INFO:root:Epoch no. 351 of 500 (samples: 141442)
INFO:root:Loss: 6000.4127 +/- 1.9874
INFO:root:Epoch no. 352 of 500 (samples: 141442)
INFO:root:Loss: 5999.9039 +/- 3.2588
INFO:root:Epoch no. 353 of 500 (samples: 141442)
INFO:root:Loss: 6000.2086 +/- 2.8177
INFO:root:Epoch no. 354 of 500 (samples: 141442)
INFO:root:Loss: 6000.1315 +/- 2.2083
INFO:root:Epoch no. 355 of 500 (samples: 141442)
INFO:root:Loss: 6000.219 +/- 1.9077
INFO:root:Epoch no. 356 of 500 (samples: 141442)
INFO:root:Loss: 5999.8 +/- 2.0694
INFO:root:Epoch no. 357 of 500 (samples: 141442)
INFO:root:Loss: 6000.6775 +/- 2.9487
INFO:root:Epoch no. 358 of 500 (samples: 141442)
INFO:root:Loss: 5999.5345 +/- 2.5416
INFO:root:Epoch no. 359 of 500 (samples: 141442)
INFO:root:Loss: 5999.9514 +/- 2.8021
INFO:root:Epoch no. 360 of 500 (samples: 141442)
INFO:root:Loss: 6000.1769 +/- 2.3917
INFO:root:Epoch no. 361 of 500 (samples: 141442)
INFO:root:Loss: 5999.363 +/- 2.7631
INFO:root:Epoch no. 362 of 500 (samples: 141442)
INFO:root:Loss: 5999.2279 +/- 2.6789
INFO:root:Epoch no. 363 of 500 (samples: 141442)
INFO:root:Loss: 6000.2427 +/- 2.9311
INFO:root:Epoch no. 364 of 500 (samples: 141442)
INFO:root:Loss: 5999.4318 +/- 2.6491
INFO:root:Epoch no. 365 of 500 (samples: 141442)
INFO:root:Loss: 5999.1668 +/- 1.7701
INFO:root:Epoch no. 366 of 500 (samples: 141442)
INFO:root:Loss: 5999.3616 +/- 2.116
INFO:root:Epoch no. 367 of 500 (samples: 141442)
INFO:root:Loss: 6000.714 +/- 1.8251
INFO:root:Epoch no. 368 of 500 (samples: 141442)
INFO:root:Loss: 5999.3809 +/- 1.4727
INFO:root:Epoch no. 369 of 500 (samples: 141442)
INFO:root:Loss: 5999.9092 +/- 2.5039
INFO:root:Epoch no. 370 of 500 (samples: 141442)
INFO:root:Loss: 5999.4736 +/- 1.5009
INFO:root:Epoch no. 371 of 500 (samples: 141442)
INFO:root:Loss: 5999.9424 +/- 2.902
INFO:root:Epoch no. 372 of 500 (samples: 141442)
INFO:root:Loss: 5999.5551 +/- 1.9756
INFO:root:Epoch no. 373 of 500 (samples: 141442)
INFO:root:Loss: 5999.8068 +/- 2.7324
INFO:root:Epoch no. 374 of 500 (samples: 141442)
INFO:root:Loss: 5999.8138 +/- 2.6401
INFO:root:Epoch no. 375 of 500 (samples: 141442)
INFO:root:Loss: 5999.0355 +/- 1.7096
INFO:root:Epoch no. 376 of 500 (samples: 141442)
INFO:root:Loss: 5998.8337 +/- 3.1204
INFO:root:Epoch no. 377 of 500 (samples: 141442)
INFO:root:Loss: 5999.1656 +/- 2.5672
INFO:root:Epoch no. 378 of 500 (samples: 141442)
INFO:root:Loss: 5999.8639 +/- 2.9004
INFO:root:Epoch no. 379 of 500 (samples: 141442)
INFO:root:Loss: 5999.4707 +/- 2.3883
INFO:root:Epoch no. 380 of 500 (samples: 141442)
INFO:root:Loss: 5999.577 +/- 2.6256
INFO:root:Epoch no. 381 of 500 (samples: 141442)
INFO:root:Loss: 5999.6019 +/- 2.4758
INFO:root:Epoch no. 382 of 500 (samples: 141442)
INFO:root:Loss: 5999.0361 +/- 3.1173
INFO:root:Epoch no. 383 of 500 (samples: 141442)
INFO:root:Loss: 5999.3965 +/- 1.9684
INFO:root:Epoch no. 384 of 500 (samples: 141442)
INFO:root:Loss: 5999.3819 +/- 4.1693
INFO:root:Epoch no. 385 of 500 (samples: 141442)
INFO:root:Loss: 5999.473 +/- 1.9313
INFO:root:Epoch no. 386 of 500 (samples: 141442)
INFO:root:Loss: 5999.5209 +/- 1.5271
INFO:root:Epoch no. 387 of 500 (samples: 141442)
INFO:root:Loss: 5999.2715 +/- 2.0135
INFO:root:Epoch no. 388 of 500 (samples: 141442)
INFO:root:Loss: 5999.4945 +/- 2.2386
INFO:root:Epoch no. 389 of 500 (samples: 141442)
INFO:root:Loss: 5999.3152 +/- 2.2622
INFO:root:Epoch no. 390 of 500 (samples: 141442)
INFO:root:Loss: 5999.3196 +/- 2.2604
INFO:root:Epoch no. 391 of 500 (samples: 141442)
INFO:root:Loss: 5999.3968 +/- 1.7529
INFO:root:Epoch no. 392 of 500 (samples: 141442)
INFO:root:Loss: 5999.0545 +/- 3.2696
INFO:root:Epoch no. 393 of 500 (samples: 141442)
INFO:root:Loss: 5999.002 +/- 2.0225
INFO:root:Epoch no. 394 of 500 (samples: 141442)
INFO:root:Loss: 5999.0042 +/- 3.3222
INFO:root:Epoch no. 395 of 500 (samples: 141442)
INFO:root:Loss: 5998.3769 +/- 1.7123
INFO:root:Epoch no. 396 of 500 (samples: 141442)
INFO:root:Loss: 5998.9989 +/- 2.6107
INFO:root:Epoch no. 397 of 500 (samples: 141442)
INFO:root:Loss: 5999.2951 +/- 2.4366
INFO:root:Epoch no. 398 of 500 (samples: 141442)
INFO:root:Loss: 5999.1427 +/- 3.2012
INFO:root:Epoch no. 399 of 500 (samples: 141442)
INFO:root:Loss: 5998.7304 +/- 2.2355
INFO:root:Epoch no. 400 of 500 (samples: 141442)
INFO:root:Loss: 5999.0312 +/- 1.8586
INFO:root:Epoch no. 401 of 500 (samples: 141442)
INFO:root:Loss: 5999.4008 +/- 2.5142
INFO:root:Epoch no. 402 of 500 (samples: 141442)
INFO:root:Loss: 5998.6597 +/- 2.1717
INFO:root:Epoch no. 403 of 500 (samples: 141442)
INFO:root:Loss: 5998.0627 +/- 3.3471
INFO:root:Epoch no. 404 of 500 (samples: 141442)
INFO:root:Loss: 5999.3247 +/- 1.9538
INFO:root:Epoch no. 405 of 500 (samples: 141442)
INFO:root:Loss: 5998.5148 +/- 3.7861
INFO:root:Epoch no. 406 of 500 (samples: 141442)
INFO:root:Loss: 5999.9975 +/- 2.7852
INFO:root:Epoch no. 407 of 500 (samples: 141442)
INFO:root:Loss: 5998.8803 +/- 1.8834
INFO:root:Epoch no. 408 of 500 (samples: 141442)
INFO:root:Loss: 5998.7718 +/- 2.0251
INFO:root:Epoch no. 409 of 500 (samples: 141442)
INFO:root:Loss: 5999.1118 +/- 2.1511
INFO:root:Epoch no. 410 of 500 (samples: 141442)
INFO:root:Loss: 5998.8562 +/- 2.4386
INFO:root:Epoch no. 411 of 500 (samples: 141442)
INFO:root:Loss: 5999.3238 +/- 2.6392
INFO:root:Epoch no. 412 of 500 (samples: 141442)
INFO:root:Loss: 5997.9367 +/- 1.7835
INFO:root:Epoch no. 413 of 500 (samples: 141442)
INFO:root:Loss: 5998.6279 +/- 1.7025
INFO:root:Epoch no. 414 of 500 (samples: 141442)
INFO:root:Loss: 5998.7788 +/- 2.5522
INFO:root:Epoch no. 415 of 500 (samples: 141442)
INFO:root:Loss: 5998.219 +/- 2.1403
INFO:root:Epoch no. 416 of 500 (samples: 141442)
INFO:root:Loss: 5999.3971 +/- 2.3187
INFO:root:Epoch no. 417 of 500 (samples: 141442)
INFO:root:Loss: 5998.7504 +/- 2.0635
INFO:root:Epoch no. 418 of 500 (samples: 141442)
INFO:root:Loss: 5999.054 +/- 2.1395
INFO:root:Epoch no. 419 of 500 (samples: 141442)
INFO:root:Loss: 5999.0021 +/- 2.2628
INFO:root:Epoch no. 420 of 500 (samples: 141442)
INFO:root:Loss: 5999.0066 +/- 1.5193
INFO:root:Epoch no. 421 of 500 (samples: 141442)
INFO:root:Loss: 5998.8598 +/- 2.6178
INFO:root:Epoch no. 422 of 500 (samples: 141442)
INFO:root:Loss: 5998.3003 +/- 1.8888
INFO:root:Epoch no. 423 of 500 (samples: 141442)
INFO:root:Loss: 5997.6391 +/- 2.3495
INFO:root:Epoch no. 424 of 500 (samples: 141442)
INFO:root:Loss: 5998.4232 +/- 2.6187
INFO:root:Epoch no. 425 of 500 (samples: 141442)
INFO:root:Loss: 5998.6895 +/- 3.7245
INFO:root:Epoch no. 426 of 500 (samples: 141442)
INFO:root:Loss: 5999.0848 +/- 2.8748
INFO:root:Epoch no. 427 of 500 (samples: 141442)
INFO:root:Loss: 5998.9311 +/- 3.2911
INFO:root:Epoch no. 428 of 500 (samples: 141442)
INFO:root:Loss: 5998.9723 +/- 1.8669
INFO:root:Epoch no. 429 of 500 (samples: 141442)
INFO:root:Loss: 5998.0784 +/- 3.2918
INFO:root:Epoch no. 430 of 500 (samples: 141442)
INFO:root:Loss: 5998.6494 +/- 2.2793
INFO:root:Epoch no. 431 of 500 (samples: 141442)
INFO:root:Loss: 5997.5259 +/- 2.4702
INFO:root:Epoch no. 432 of 500 (samples: 141442)
INFO:root:Loss: 5997.7911 +/- 2.0648
INFO:root:Epoch no. 433 of 500 (samples: 141442)
INFO:root:Loss: 5998.2175 +/- 1.7125
INFO:root:Epoch no. 434 of 500 (samples: 141442)
INFO:root:Loss: 5998.233 +/- 1.9715
INFO:root:Epoch no. 435 of 500 (samples: 141442)
INFO:root:Loss: 5998.2259 +/- 2.7357
INFO:root:Epoch no. 436 of 500 (samples: 141442)
INFO:root:Loss: 5998.3357 +/- 2.2188
INFO:root:Epoch no. 437 of 500 (samples: 141442)
INFO:root:Loss: 5998.1354 +/- 2.1308
INFO:root:Epoch no. 438 of 500 (samples: 141442)
INFO:root:Loss: 5998.0683 +/- 2.904
INFO:root:Epoch no. 439 of 500 (samples: 141442)
INFO:root:Loss: 5997.3785 +/- 1.7949
INFO:root:Epoch no. 440 of 500 (samples: 141442)
INFO:root:Loss: 5998.3634 +/- 2.4643
INFO:root:Epoch no. 441 of 500 (samples: 141442)
INFO:root:Loss: 5998.2555 +/- 2.1052
INFO:root:Epoch no. 442 of 500 (samples: 141442)
INFO:root:Loss: 5998.2704 +/- 2.4856
INFO:root:Epoch no. 443 of 500 (samples: 141442)
INFO:root:Loss: 5998.7018 +/- 2.0617
INFO:root:Epoch no. 444 of 500 (samples: 141442)
INFO:root:Loss: 5999.3901 +/- 1.8213
INFO:root:Epoch no. 445 of 500 (samples: 141442)
INFO:root:Loss: 5999.136 +/- 2.2115
INFO:root:Epoch no. 446 of 500 (samples: 141442)
INFO:root:Loss: 5998.1641 +/- 3.2379
INFO:root:Epoch no. 447 of 500 (samples: 141442)
INFO:root:Loss: 5997.8877 +/- 1.5345
INFO:root:Epoch no. 448 of 500 (samples: 141442)
INFO:root:Loss: 5998.0866 +/- 2.3259
INFO:root:Epoch no. 449 of 500 (samples: 141442)
INFO:root:Loss: 5998.5943 +/- 2.7454
INFO:root:Epoch no. 450 of 500 (samples: 141442)
INFO:root:Loss: 5997.4135 +/- 1.6406
INFO:root:Epoch no. 451 of 500 (samples: 141442)
INFO:root:Loss: 5998.3531 +/- 1.9155
INFO:root:Epoch no. 452 of 500 (samples: 141442)
INFO:root:Loss: 5998.173 +/- 2.8597
INFO:root:Epoch no. 453 of 500 (samples: 141442)
INFO:root:Loss: 5998.0788 +/- 1.7288
INFO:root:Epoch no. 454 of 500 (samples: 141442)
INFO:root:Loss: 5997.796 +/- 1.6521
INFO:root:Epoch no. 455 of 500 (samples: 141442)
INFO:root:Loss: 5997.6121 +/- 2.6469
INFO:root:Epoch no. 456 of 500 (samples: 141442)
INFO:root:Loss: 5997.9016 +/- 2.3954
INFO:root:Epoch no. 457 of 500 (samples: 141442)
INFO:root:Loss: 5998.0559 +/- 2.2579
INFO:root:Epoch no. 458 of 500 (samples: 141442)
INFO:root:Loss: 5998.6349 +/- 1.338
INFO:root:Epoch no. 459 of 500 (samples: 141442)
INFO:root:Loss: 5997.966 +/- 2.3924
INFO:root:Epoch no. 460 of 500 (samples: 141442)
INFO:root:Loss: 5998.2673 +/- 2.5774
INFO:root:Epoch no. 461 of 500 (samples: 141442)
INFO:root:Loss: 5997.3947 +/- 2.2841
INFO:root:Epoch no. 462 of 500 (samples: 141442)
INFO:root:Loss: 5997.5854 +/- 1.5114
INFO:root:Epoch no. 463 of 500 (samples: 141442)
INFO:root:Loss: 5997.888 +/- 3.6147
INFO:root:Epoch no. 464 of 500 (samples: 141442)
INFO:root:Loss: 5997.751 +/- 1.2304
INFO:root:Epoch no. 465 of 500 (samples: 141442)
INFO:root:Loss: 5997.9523 +/- 2.5103
INFO:root:Epoch no. 466 of 500 (samples: 141442)
INFO:root:Loss: 5997.5386 +/- 1.232
INFO:root:Epoch no. 467 of 500 (samples: 141442)
INFO:root:Loss: 5997.9408 +/- 2.758
INFO:root:Epoch no. 468 of 500 (samples: 141442)
INFO:root:Loss: 5997.6103 +/- 2.5718
INFO:root:Epoch no. 469 of 500 (samples: 141442)
INFO:root:Loss: 5997.3591 +/- 2.335
INFO:root:Epoch no. 470 of 500 (samples: 141442)
INFO:root:Loss: 5998.1052 +/- 2.6399
INFO:root:Epoch no. 471 of 500 (samples: 141442)
INFO:root:Loss: 5997.5247 +/- 1.8328
INFO:root:Epoch no. 472 of 500 (samples: 141442)
INFO:root:Loss: 5996.9705 +/- 2.8373
INFO:root:Epoch no. 473 of 500 (samples: 141442)
INFO:root:Loss: 5998.3477 +/- 2.0296
INFO:root:Epoch no. 474 of 500 (samples: 141442)
INFO:root:Loss: 5997.7413 +/- 2.9819
INFO:root:Epoch no. 475 of 500 (samples: 141442)
INFO:root:Loss: 5997.409 +/- 1.9843
INFO:root:Epoch no. 476 of 500 (samples: 141442)
INFO:root:Loss: 5997.9514 +/- 1.806
INFO:root:Epoch no. 477 of 500 (samples: 141442)
INFO:root:Loss: 5997.3245 +/- 3.028
INFO:root:Epoch no. 478 of 500 (samples: 141442)
INFO:root:Loss: 5997.063 +/- 2.1213
INFO:root:Epoch no. 479 of 500 (samples: 141442)
INFO:root:Loss: 5997.6488 +/- 2.6405
INFO:root:Epoch no. 480 of 500 (samples: 141442)
INFO:root:Loss: 5997.179 +/- 2.2373
INFO:root:Epoch no. 481 of 500 (samples: 141442)
INFO:root:Loss: 5997.3807 +/- 2.0877
INFO:root:Epoch no. 482 of 500 (samples: 141442)
INFO:root:Loss: 5997.7169 +/- 2.5947
INFO:root:Epoch no. 483 of 500 (samples: 141442)
INFO:root:Loss: 5997.782 +/- 1.2227
INFO:root:Epoch no. 484 of 500 (samples: 141442)
INFO:root:Loss: 5997.4665 +/- 1.6621
INFO:root:Epoch no. 485 of 500 (samples: 141442)
INFO:root:Loss: 5997.054 +/- 2.6682
INFO:root:Epoch no. 486 of 500 (samples: 141442)
INFO:root:Loss: 5997.5763 +/- 2.0344
INFO:root:Epoch no. 487 of 500 (samples: 141442)
INFO:root:Loss: 5997.0363 +/- 1.819
INFO:root:Epoch no. 488 of 500 (samples: 141442)
INFO:root:Loss: 5996.9847 +/- 3.0002
INFO:root:Epoch no. 489 of 500 (samples: 141442)
INFO:root:Loss: 5997.0946 +/- 2.2704
INFO:root:Epoch no. 490 of 500 (samples: 141442)
INFO:root:Loss: 5997.5192 +/- 2.662
INFO:root:Epoch no. 491 of 500 (samples: 141442)
INFO:root:Loss: 5997.4033 +/- 2.3749
INFO:root:Epoch no. 492 of 500 (samples: 141442)
INFO:root:Loss: 5996.6499 +/- 1.7214
INFO:root:Epoch no. 493 of 500 (samples: 141442)
INFO:root:Loss: 5997.233 +/- 1.8661
INFO:root:Epoch no. 494 of 500 (samples: 141442)
INFO:root:Loss: 5997.5171 +/- 2.9937
INFO:root:Epoch no. 495 of 500 (samples: 141442)
INFO:root:Loss: 5997.6283 +/- 2.9743
INFO:root:Epoch no. 496 of 500 (samples: 141442)
INFO:root:Loss: 5997.4407 +/- 1.5804
INFO:root:Epoch no. 497 of 500 (samples: 141442)
INFO:root:Loss: 5998.2196 +/- 3.0339
INFO:root:Epoch no. 498 of 500 (samples: 141442)
INFO:root:Loss: 5996.9915 +/- 1.8855
INFO:root:Epoch no. 499 of 500 (samples: 141442)
INFO:root:Loss: 5997.4946 +/- 2.7863
INFO:root:Epoch no. 500 of 500 (samples: 141442)
INFO:root:Loss: 5997.245 +/- 2.1255
/usr/local/lib/python3.5/dist-packages/keras/backend/theano_backend.py:527: UserWarning: theano.function was asked to create a function computing outputs given certain inputs, but the provided input variable at index 2 is not part of the computational graph needed to compute the outputs: keras_learning_phase.
To make this warning into an error, you can pass the parameter on_unused_input='raise' to theano.function. To disable it completely, use on_unused_input='ignore'.
  **kwargs)
INFO:root:### MICRO (validation raw):
INFO:root:	-- left   >> mean: 1650.065, median: 71.0, mrr: 0.099, hits@1: 1.58%
INFO:root:	-- right  >> mean: 1637.4204, median: 72.0, mrr: 0.099, hits@1: 1.48%
INFO:root:	-- global >> mean: 1643.7427, median: 72.0, mrr: 0.099, hits@1: 1.53%
INFO:root:### MICRO (validation raw):
INFO:root:	-- left   >> mean: 1650.065, median: 71.0, mrr: 0.099, hits@3: 11.9%
INFO:root:	-- right  >> mean: 1637.4204, median: 72.0, mrr: 0.099, hits@3: 12.42%
INFO:root:	-- global >> mean: 1643.7427, median: 72.0, mrr: 0.099, hits@3: 12.16%
INFO:root:### MICRO (validation raw):
INFO:root:	-- left   >> mean: 1650.065, median: 71.0, mrr: 0.099, hits@5: 18.46%
INFO:root:	-- right  >> mean: 1637.4204, median: 72.0, mrr: 0.099, hits@5: 18.7%
INFO:root:	-- global >> mean: 1643.7427, median: 72.0, mrr: 0.099, hits@5: 18.58%
INFO:root:### MICRO (validation raw):
INFO:root:	-- left   >> mean: 1650.065, median: 71.0, mrr: 0.099, hits@10: 27.44%
INFO:root:	-- right  >> mean: 1637.4204, median: 72.0, mrr: 0.099, hits@10: 27.28%
INFO:root:	-- global >> mean: 1643.7427, median: 72.0, mrr: 0.099, hits@10: 27.36%
INFO:root:### MICRO (validation filtered):
INFO:root:	-- left   >> mean: 1639.9158, median: 62.0, mrr: 0.116, hits@1: 2.28%
INFO:root:	-- right  >> mean: 1626.9382, median: 62.0, mrr: 0.118, hits@1: 2.16%
INFO:root:	-- global >> mean: 1633.427, median: 62.0, mrr: 0.117, hits@1: 2.22%
INFO:root:### MICRO (validation filtered):
INFO:root:	-- left   >> mean: 1639.9158, median: 62.0, mrr: 0.116, hits@3: 15.52%
INFO:root:	-- right  >> mean: 1626.9382, median: 62.0, mrr: 0.118, hits@3: 15.82%
INFO:root:	-- global >> mean: 1633.427, median: 62.0, mrr: 0.117, hits@3: 15.67%
INFO:root:### MICRO (validation filtered):
INFO:root:	-- left   >> mean: 1639.9158, median: 62.0, mrr: 0.116, hits@5: 21.68%
INFO:root:	-- right  >> mean: 1626.9382, median: 62.0, mrr: 0.118, hits@5: 22.14%
INFO:root:	-- global >> mean: 1633.427, median: 62.0, mrr: 0.117, hits@5: 21.91%
INFO:root:### MICRO (validation filtered):
INFO:root:	-- left   >> mean: 1639.9158, median: 62.0, mrr: 0.116, hits@10: 30.0%
INFO:root:	-- right  >> mean: 1626.9382, median: 62.0, mrr: 0.118, hits@10: 30.42%
INFO:root:	-- global >> mean: 1633.427, median: 62.0, mrr: 0.117, hits@10: 30.21%
INFO:root:### MICRO (test raw):
INFO:root:	-- left   >> mean: 1511.3538, median: 69.0, mrr: 0.095, hits@1: 1.38%
INFO:root:	-- right  >> mean: 1491.7602, median: 66.0, mrr: 0.097, hits@1: 1.42%
INFO:root:	-- global >> mean: 1501.557, median: 67.0, mrr: 0.096, hits@1: 1.4%
INFO:root:### MICRO (test raw):
INFO:root:	-- left   >> mean: 1511.3538, median: 69.0, mrr: 0.095, hits@3: 11.14%
INFO:root:	-- right  >> mean: 1491.7602, median: 66.0, mrr: 0.097, hits@3: 11.86%
INFO:root:	-- global >> mean: 1501.557, median: 67.0, mrr: 0.096, hits@3: 11.5%
INFO:root:### MICRO (test raw):
INFO:root:	-- left   >> mean: 1511.3538, median: 69.0, mrr: 0.095, hits@5: 17.58%
INFO:root:	-- right  >> mean: 1491.7602, median: 66.0, mrr: 0.097, hits@5: 18.08%
INFO:root:	-- global >> mean: 1501.557, median: 67.0, mrr: 0.096, hits@5: 17.83%
INFO:root:### MICRO (test raw):
INFO:root:	-- left   >> mean: 1511.3538, median: 69.0, mrr: 0.095, hits@10: 26.98%
INFO:root:	-- right  >> mean: 1491.7602, median: 66.0, mrr: 0.097, hits@10: 27.3%
INFO:root:	-- global >> mean: 1501.557, median: 67.0, mrr: 0.096, hits@10: 27.14%
INFO:root:### MICRO (test filtered):
INFO:root:	-- left   >> mean: 1501.1364, median: 58.0, mrr: 0.113, hits@1: 1.94%
INFO:root:	-- right  >> mean: 1481.8704, median: 59.0, mrr: 0.112, hits@1: 1.92%
INFO:root:	-- global >> mean: 1491.5034, median: 59.0, mrr: 0.113, hits@1: 1.93%
INFO:root:### MICRO (test filtered):
INFO:root:	-- left   >> mean: 1501.1364, median: 58.0, mrr: 0.113, hits@3: 14.96%
INFO:root:	-- right  >> mean: 1481.8704, median: 59.0, mrr: 0.112, hits@3: 14.86%
INFO:root:	-- global >> mean: 1491.5034, median: 59.0, mrr: 0.113, hits@3: 14.91%
INFO:root:### MICRO (test filtered):
INFO:root:	-- left   >> mean: 1501.1364, median: 58.0, mrr: 0.113, hits@5: 21.32%
INFO:root:	-- right  >> mean: 1481.8704, median: 59.0, mrr: 0.112, hits@5: 21.1%
INFO:root:	-- global >> mean: 1491.5034, median: 59.0, mrr: 0.113, hits@5: 21.21%
INFO:root:### MICRO (test filtered):
INFO:root:	-- left   >> mean: 1501.1364, median: 58.0, mrr: 0.113, hits@10: 29.7%
INFO:root:	-- right  >> mean: 1481.8704, median: 59.0, mrr: 0.112, hits@10: 30.04%
INFO:root:	-- global >> mean: 1491.5034, median: 59.0, mrr: 0.113, hits@10: 29.87%
