Using Theano backend.
Using gpu device 0: GeForce GTX TITAN X (CNMeM is disabled, cuDNN not available)
INFO:root:Acquiring data/wn18/wordnet-mlj12-train.txt ..
INFO:root:Acquiring data/wn18/wordnet-mlj12-valid.txt ..
INFO:root:Acquiring data/wn18/wordnet-mlj12-test.txt ..
INFO:root:[Rules] Adding Head: 15, Tail: [(10, True)]
INFO:root:[Rules] Adding Head: 12, Tail: [(17, True)]
INFO:root:[Rules] Adding Head: 4, Tail: [(5, True)]
INFO:root:[Rules] Adding Head: 13, Tail: [(3, True)]
INFO:root:[Rules] Adding Head: 5, Tail: [(4, True)]
INFO:root:[Rules] Adding Head: 16, Tail: [(11, True)]
INFO:root:[Rules] Adding Head: 17, Tail: [(12, True)]
INFO:root:[Rules] Adding Head: 11, Tail: [(16, True)]
INFO:root:[Rules] Adding Head: 8, Tail: [(9, True)]
INFO:root:[Rules] Adding Head: 2, Tail: [(2, True)]
INFO:root:Samples: 141442, no. batches: 10 -> batch size: 14145
INFO:root:Epoch no. 1 of 500 (samples: 141442)
INFO:root:Loss: 1117.3297 +/- 270.257
INFO:root:Epoch no. 2 of 500 (samples: 141442)
INFO:root:Loss: 316.3718 +/- 104.8121
INFO:root:Epoch no. 3 of 500 (samples: 141442)
INFO:root:Loss: 53.6918 +/- 7.3579
INFO:root:Epoch no. 4 of 500 (samples: 141442)
INFO:root:Loss: 20.1727 +/- 1.0699
INFO:root:Epoch no. 5 of 500 (samples: 141442)
INFO:root:Loss: 12.3086 +/- 0.7195
INFO:root:Epoch no. 6 of 500 (samples: 141442)
INFO:root:Loss: 8.9992 +/- 0.4605
INFO:root:Epoch no. 7 of 500 (samples: 141442)
INFO:root:Loss: 6.857 +/- 0.3503
INFO:root:Epoch no. 8 of 500 (samples: 141442)
INFO:root:Loss: 5.5961 +/- 0.5412
INFO:root:Epoch no. 9 of 500 (samples: 141442)
INFO:root:Loss: 4.6853 +/- 0.5109
INFO:root:Epoch no. 10 of 500 (samples: 141442)
INFO:root:Loss: 4.318 +/- 0.4206
INFO:root:Epoch no. 11 of 500 (samples: 141442)
INFO:root:Loss: 4.1188 +/- 0.3766
INFO:root:Epoch no. 12 of 500 (samples: 141442)
INFO:root:Loss: 3.4554 +/- 0.3114
INFO:root:Epoch no. 13 of 500 (samples: 141442)
INFO:root:Loss: 3.2639 +/- 0.3326
INFO:root:Epoch no. 14 of 500 (samples: 141442)
INFO:root:Loss: 3.0107 +/- 0.2302
INFO:root:Epoch no. 15 of 500 (samples: 141442)
INFO:root:Loss: 2.715 +/- 0.3896
INFO:root:Epoch no. 16 of 500 (samples: 141442)
INFO:root:Loss: 2.63 +/- 0.5105
INFO:root:Epoch no. 17 of 500 (samples: 141442)
INFO:root:Loss: 2.2303 +/- 0.4313
INFO:root:Epoch no. 18 of 500 (samples: 141442)
INFO:root:Loss: 2.3721 +/- 0.236
INFO:root:Epoch no. 19 of 500 (samples: 141442)
INFO:root:Loss: 2.2163 +/- 0.3422
INFO:root:Epoch no. 20 of 500 (samples: 141442)
INFO:root:Loss: 2.2165 +/- 0.4622
INFO:root:Epoch no. 21 of 500 (samples: 141442)
INFO:root:Loss: 2.2276 +/- 0.4274
INFO:root:Epoch no. 22 of 500 (samples: 141442)
INFO:root:Loss: 2.2643 +/- 0.4275
INFO:root:Epoch no. 23 of 500 (samples: 141442)
INFO:root:Loss: 1.8148 +/- 0.3242
INFO:root:Epoch no. 24 of 500 (samples: 141442)
INFO:root:Loss: 1.7431 +/- 0.4248
INFO:root:Epoch no. 25 of 500 (samples: 141442)
INFO:root:Loss: 1.5477 +/- 0.3356
INFO:root:Epoch no. 26 of 500 (samples: 141442)
INFO:root:Loss: 1.8197 +/- 0.3873
INFO:root:Epoch no. 27 of 500 (samples: 141442)
INFO:root:Loss: 1.7315 +/- 0.2745
INFO:root:Epoch no. 28 of 500 (samples: 141442)
INFO:root:Loss: 1.6277 +/- 0.2622
INFO:root:Epoch no. 29 of 500 (samples: 141442)
INFO:root:Loss: 1.8557 +/- 0.325
INFO:root:Epoch no. 30 of 500 (samples: 141442)
INFO:root:Loss: 1.7338 +/- 0.3942
INFO:root:Epoch no. 31 of 500 (samples: 141442)
INFO:root:Loss: 1.7142 +/- 0.2957
INFO:root:Epoch no. 32 of 500 (samples: 141442)
INFO:root:Loss: 1.4366 +/- 0.1629
INFO:root:Epoch no. 33 of 500 (samples: 141442)
INFO:root:Loss: 1.4561 +/- 0.2425
INFO:root:Epoch no. 34 of 500 (samples: 141442)
INFO:root:Loss: 1.3913 +/- 0.3865
INFO:root:Epoch no. 35 of 500 (samples: 141442)
INFO:root:Loss: 1.5203 +/- 0.3402
INFO:root:Epoch no. 36 of 500 (samples: 141442)
INFO:root:Loss: 1.4913 +/- 0.3153
INFO:root:Epoch no. 37 of 500 (samples: 141442)
INFO:root:Loss: 1.0277 +/- 0.2382
INFO:root:Epoch no. 38 of 500 (samples: 141442)
INFO:root:Loss: 1.4111 +/- 0.3589
INFO:root:Epoch no. 39 of 500 (samples: 141442)
INFO:root:Loss: 1.2639 +/- 0.3958
INFO:root:Epoch no. 40 of 500 (samples: 141442)
INFO:root:Loss: 1.2931 +/- 0.3994
INFO:root:Epoch no. 41 of 500 (samples: 141442)
INFO:root:Loss: 1.2561 +/- 0.328
INFO:root:Epoch no. 42 of 500 (samples: 141442)
INFO:root:Loss: 1.2703 +/- 0.4586
INFO:root:Epoch no. 43 of 500 (samples: 141442)
INFO:root:Loss: 1.3746 +/- 0.2926
INFO:root:Epoch no. 44 of 500 (samples: 141442)
INFO:root:Loss: 1.2442 +/- 0.3407
INFO:root:Epoch no. 45 of 500 (samples: 141442)
INFO:root:Loss: 1.2067 +/- 0.2499
INFO:root:Epoch no. 46 of 500 (samples: 141442)
INFO:root:Loss: 1.2767 +/- 0.2557
INFO:root:Epoch no. 47 of 500 (samples: 141442)
INFO:root:Loss: 1.3832 +/- 0.2986
INFO:root:Epoch no. 48 of 500 (samples: 141442)
INFO:root:Loss: 1.1414 +/- 0.3185
INFO:root:Epoch no. 49 of 500 (samples: 141442)
INFO:root:Loss: 1.1569 +/- 0.3307
INFO:root:Epoch no. 50 of 500 (samples: 141442)
INFO:root:Loss: 1.1579 +/- 0.2196
INFO:root:Epoch no. 51 of 500 (samples: 141442)
INFO:root:Loss: 1.0731 +/- 0.2708
INFO:root:Epoch no. 52 of 500 (samples: 141442)
INFO:root:Loss: 1.0114 +/- 0.3252
INFO:root:Epoch no. 53 of 500 (samples: 141442)
INFO:root:Loss: 1.0965 +/- 0.1854
INFO:root:Epoch no. 54 of 500 (samples: 141442)
INFO:root:Loss: 1.117 +/- 0.2626
INFO:root:Epoch no. 55 of 500 (samples: 141442)
INFO:root:Loss: 1.2079 +/- 0.2722
INFO:root:Epoch no. 56 of 500 (samples: 141442)
INFO:root:Loss: 1.1391 +/- 0.3133
INFO:root:Epoch no. 57 of 500 (samples: 141442)
INFO:root:Loss: 1.1067 +/- 0.2991
INFO:root:Epoch no. 58 of 500 (samples: 141442)
INFO:root:Loss: 1.1341 +/- 0.3241
INFO:root:Epoch no. 59 of 500 (samples: 141442)
INFO:root:Loss: 1.0464 +/- 0.405
INFO:root:Epoch no. 60 of 500 (samples: 141442)
INFO:root:Loss: 1.2969 +/- 0.3085
INFO:root:Epoch no. 61 of 500 (samples: 141442)
INFO:root:Loss: 1.264 +/- 0.4117
INFO:root:Epoch no. 62 of 500 (samples: 141442)
INFO:root:Loss: 1.2698 +/- 0.3852
INFO:root:Epoch no. 63 of 500 (samples: 141442)
INFO:root:Loss: 1.1863 +/- 0.3506
INFO:root:Epoch no. 64 of 500 (samples: 141442)
INFO:root:Loss: 1.1964 +/- 0.249
INFO:root:Epoch no. 65 of 500 (samples: 141442)
INFO:root:Loss: 1.192 +/- 0.3289
INFO:root:Epoch no. 66 of 500 (samples: 141442)
INFO:root:Loss: 1.0324 +/- 0.2695
INFO:root:Epoch no. 67 of 500 (samples: 141442)
INFO:root:Loss: 1.049 +/- 0.292
INFO:root:Epoch no. 68 of 500 (samples: 141442)
INFO:root:Loss: 1.0348 +/- 0.2878
INFO:root:Epoch no. 69 of 500 (samples: 141442)
INFO:root:Loss: 1.0467 +/- 0.3609
INFO:root:Epoch no. 70 of 500 (samples: 141442)
INFO:root:Loss: 1.1406 +/- 0.211
INFO:root:Epoch no. 71 of 500 (samples: 141442)
INFO:root:Loss: 1.2477 +/- 0.362
INFO:root:Epoch no. 72 of 500 (samples: 141442)
INFO:root:Loss: 1.1496 +/- 0.2899
INFO:root:Epoch no. 73 of 500 (samples: 141442)
INFO:root:Loss: 0.9828 +/- 0.2466
INFO:root:Epoch no. 74 of 500 (samples: 141442)
INFO:root:Loss: 1.1188 +/- 0.2687
INFO:root:Epoch no. 75 of 500 (samples: 141442)
INFO:root:Loss: 1.0266 +/- 0.2162
INFO:root:Epoch no. 76 of 500 (samples: 141442)
INFO:root:Loss: 1.0906 +/- 0.3342
INFO:root:Epoch no. 77 of 500 (samples: 141442)
INFO:root:Loss: 1.0111 +/- 0.301
INFO:root:Epoch no. 78 of 500 (samples: 141442)
INFO:root:Loss: 1.1766 +/- 0.236
INFO:root:Epoch no. 79 of 500 (samples: 141442)
INFO:root:Loss: 1.2105 +/- 0.3414
INFO:root:Epoch no. 80 of 500 (samples: 141442)
INFO:root:Loss: 1.3191 +/- 0.3003
INFO:root:Epoch no. 81 of 500 (samples: 141442)
INFO:root:Loss: 1.0329 +/- 0.3691
INFO:root:Epoch no. 82 of 500 (samples: 141442)
INFO:root:Loss: 0.9717 +/- 0.287
INFO:root:Epoch no. 83 of 500 (samples: 141442)
INFO:root:Loss: 0.9945 +/- 0.3155
INFO:root:Epoch no. 84 of 500 (samples: 141442)
INFO:root:Loss: 0.9499 +/- 0.3247
INFO:root:Epoch no. 85 of 500 (samples: 141442)
INFO:root:Loss: 1.0878 +/- 0.3463
INFO:root:Epoch no. 86 of 500 (samples: 141442)
INFO:root:Loss: 1.0362 +/- 0.2846
INFO:root:Epoch no. 87 of 500 (samples: 141442)
INFO:root:Loss: 1.1891 +/- 0.3305
INFO:root:Epoch no. 88 of 500 (samples: 141442)
INFO:root:Loss: 0.9685 +/- 0.2909
INFO:root:Epoch no. 89 of 500 (samples: 141442)
INFO:root:Loss: 1.0999 +/- 0.1444
INFO:root:Epoch no. 90 of 500 (samples: 141442)
INFO:root:Loss: 1.0468 +/- 0.3394
INFO:root:Epoch no. 91 of 500 (samples: 141442)
INFO:root:Loss: 1.1425 +/- 0.2695
INFO:root:Epoch no. 92 of 500 (samples: 141442)
INFO:root:Loss: 1.2188 +/- 0.2323
INFO:root:Epoch no. 93 of 500 (samples: 141442)
INFO:root:Loss: 1.0778 +/- 0.3373
INFO:root:Epoch no. 94 of 500 (samples: 141442)
INFO:root:Loss: 0.919 +/- 0.3229
INFO:root:Epoch no. 95 of 500 (samples: 141442)
INFO:root:Loss: 0.984 +/- 0.3239
INFO:root:Epoch no. 96 of 500 (samples: 141442)
INFO:root:Loss: 1.194 +/- 0.1714
INFO:root:Epoch no. 97 of 500 (samples: 141442)
INFO:root:Loss: 0.9934 +/- 0.2305
INFO:root:Epoch no. 98 of 500 (samples: 141442)
INFO:root:Loss: 1.1988 +/- 0.2296
INFO:root:Epoch no. 99 of 500 (samples: 141442)
INFO:root:Loss: 0.926 +/- 0.2833
INFO:root:Epoch no. 100 of 500 (samples: 141442)
INFO:root:Loss: 0.9119 +/- 0.1749
INFO:root:Epoch no. 101 of 500 (samples: 141442)
INFO:root:Loss: 0.7808 +/- 0.2697
INFO:root:Epoch no. 102 of 500 (samples: 141442)
INFO:root:Loss: 0.9527 +/- 0.28
INFO:root:Epoch no. 103 of 500 (samples: 141442)
INFO:root:Loss: 1.0697 +/- 0.2772
INFO:root:Epoch no. 104 of 500 (samples: 141442)
INFO:root:Loss: 0.9757 +/- 0.1737
INFO:root:Epoch no. 105 of 500 (samples: 141442)
INFO:root:Loss: 0.9375 +/- 0.2419
INFO:root:Epoch no. 106 of 500 (samples: 141442)
INFO:root:Loss: 1.0161 +/- 0.4217
INFO:root:Epoch no. 107 of 500 (samples: 141442)
INFO:root:Loss: 0.9791 +/- 0.1999
INFO:root:Epoch no. 108 of 500 (samples: 141442)
INFO:root:Loss: 1.0747 +/- 0.2138
INFO:root:Epoch no. 109 of 500 (samples: 141442)
INFO:root:Loss: 0.9966 +/- 0.2448
INFO:root:Epoch no. 110 of 500 (samples: 141442)
INFO:root:Loss: 0.9932 +/- 0.3349
INFO:root:Epoch no. 111 of 500 (samples: 141442)
INFO:root:Loss: 0.9117 +/- 0.2221
INFO:root:Epoch no. 112 of 500 (samples: 141442)
INFO:root:Loss: 0.9672 +/- 0.3248
INFO:root:Epoch no. 113 of 500 (samples: 141442)
INFO:root:Loss: 0.9042 +/- 0.2022
INFO:root:Epoch no. 114 of 500 (samples: 141442)
INFO:root:Loss: 1.0848 +/- 0.3308
INFO:root:Epoch no. 115 of 500 (samples: 141442)
INFO:root:Loss: 0.9017 +/- 0.2787
INFO:root:Epoch no. 116 of 500 (samples: 141442)
INFO:root:Loss: 1.0655 +/- 0.3761
INFO:root:Epoch no. 117 of 500 (samples: 141442)
INFO:root:Loss: 0.9188 +/- 0.2125
INFO:root:Epoch no. 118 of 500 (samples: 141442)
INFO:root:Loss: 1.0067 +/- 0.3143
INFO:root:Epoch no. 119 of 500 (samples: 141442)
INFO:root:Loss: 0.9562 +/- 0.2731
INFO:root:Epoch no. 120 of 500 (samples: 141442)
INFO:root:Loss: 0.8934 +/- 0.2927
INFO:root:Epoch no. 121 of 500 (samples: 141442)
INFO:root:Loss: 1.1023 +/- 0.2326
INFO:root:Epoch no. 122 of 500 (samples: 141442)
INFO:root:Loss: 1.0031 +/- 0.2685
INFO:root:Epoch no. 123 of 500 (samples: 141442)
INFO:root:Loss: 0.996 +/- 0.2605
INFO:root:Epoch no. 124 of 500 (samples: 141442)
INFO:root:Loss: 0.8814 +/- 0.2134
INFO:root:Epoch no. 125 of 500 (samples: 141442)
INFO:root:Loss: 0.8683 +/- 0.1815
INFO:root:Epoch no. 126 of 500 (samples: 141442)
INFO:root:Loss: 0.9782 +/- 0.1588
INFO:root:Epoch no. 127 of 500 (samples: 141442)
INFO:root:Loss: 0.9333 +/- 0.2055
INFO:root:Epoch no. 128 of 500 (samples: 141442)
INFO:root:Loss: 0.7908 +/- 0.2432
INFO:root:Epoch no. 129 of 500 (samples: 141442)
INFO:root:Loss: 0.7742 +/- 0.3107
INFO:root:Epoch no. 130 of 500 (samples: 141442)
INFO:root:Loss: 1.0082 +/- 0.2784
INFO:root:Epoch no. 131 of 500 (samples: 141442)
INFO:root:Loss: 0.9217 +/- 0.243
INFO:root:Epoch no. 132 of 500 (samples: 141442)
INFO:root:Loss: 1.0787 +/- 0.3105
INFO:root:Epoch no. 133 of 500 (samples: 141442)
INFO:root:Loss: 0.8731 +/- 0.281
INFO:root:Epoch no. 134 of 500 (samples: 141442)
INFO:root:Loss: 0.9547 +/- 0.3107
INFO:root:Epoch no. 135 of 500 (samples: 141442)
INFO:root:Loss: 0.9298 +/- 0.2853
INFO:root:Epoch no. 136 of 500 (samples: 141442)
INFO:root:Loss: 0.9416 +/- 0.2312
INFO:root:Epoch no. 137 of 500 (samples: 141442)
INFO:root:Loss: 0.9261 +/- 0.3676
INFO:root:Epoch no. 138 of 500 (samples: 141442)
INFO:root:Loss: 1.0707 +/- 0.2231
INFO:root:Epoch no. 139 of 500 (samples: 141442)
INFO:root:Loss: 0.9515 +/- 0.1304
INFO:root:Epoch no. 140 of 500 (samples: 141442)
INFO:root:Loss: 1.0227 +/- 0.3714
INFO:root:Epoch no. 141 of 500 (samples: 141442)
INFO:root:Loss: 0.8793 +/- 0.3368
INFO:root:Epoch no. 142 of 500 (samples: 141442)
INFO:root:Loss: 1.0829 +/- 0.2705
INFO:root:Epoch no. 143 of 500 (samples: 141442)
INFO:root:Loss: 0.8177 +/- 0.2883
INFO:root:Epoch no. 144 of 500 (samples: 141442)
INFO:root:Loss: 0.9531 +/- 0.3018
INFO:root:Epoch no. 145 of 500 (samples: 141442)
INFO:root:Loss: 0.9487 +/- 0.2167
INFO:root:Epoch no. 146 of 500 (samples: 141442)
INFO:root:Loss: 1.1708 +/- 0.3041
INFO:root:Epoch no. 147 of 500 (samples: 141442)
INFO:root:Loss: 0.9512 +/- 0.2797
INFO:root:Epoch no. 148 of 500 (samples: 141442)
INFO:root:Loss: 1.0334 +/- 0.4813
INFO:root:Epoch no. 149 of 500 (samples: 141442)
INFO:root:Loss: 0.9385 +/- 0.2698
INFO:root:Epoch no. 150 of 500 (samples: 141442)
INFO:root:Loss: 1.122 +/- 0.3702
INFO:root:Epoch no. 151 of 500 (samples: 141442)
INFO:root:Loss: 0.867 +/- 0.271
INFO:root:Epoch no. 152 of 500 (samples: 141442)
INFO:root:Loss: 0.8863 +/- 0.2348
INFO:root:Epoch no. 153 of 500 (samples: 141442)
INFO:root:Loss: 0.9815 +/- 0.1516
INFO:root:Epoch no. 154 of 500 (samples: 141442)
INFO:root:Loss: 0.9261 +/- 0.215
INFO:root:Epoch no. 155 of 500 (samples: 141442)
INFO:root:Loss: 0.8996 +/- 0.2697
INFO:root:Epoch no. 156 of 500 (samples: 141442)
INFO:root:Loss: 0.9905 +/- 0.2248
INFO:root:Epoch no. 157 of 500 (samples: 141442)
INFO:root:Loss: 1.0363 +/- 0.3373
INFO:root:Epoch no. 158 of 500 (samples: 141442)
INFO:root:Loss: 0.8554 +/- 0.2326
INFO:root:Epoch no. 159 of 500 (samples: 141442)
INFO:root:Loss: 1.0254 +/- 0.2159
INFO:root:Epoch no. 160 of 500 (samples: 141442)
INFO:root:Loss: 0.994 +/- 0.4289
INFO:root:Epoch no. 161 of 500 (samples: 141442)
INFO:root:Loss: 0.8435 +/- 0.281
INFO:root:Epoch no. 162 of 500 (samples: 141442)
INFO:root:Loss: 0.9072 +/- 0.3905
INFO:root:Epoch no. 163 of 500 (samples: 141442)
INFO:root:Loss: 0.8856 +/- 0.36
INFO:root:Epoch no. 164 of 500 (samples: 141442)
INFO:root:Loss: 0.9575 +/- 0.2918
INFO:root:Epoch no. 165 of 500 (samples: 141442)
INFO:root:Loss: 0.9296 +/- 0.2164
INFO:root:Epoch no. 166 of 500 (samples: 141442)
INFO:root:Loss: 0.8868 +/- 0.2159
INFO:root:Epoch no. 167 of 500 (samples: 141442)
INFO:root:Loss: 1.0046 +/- 0.3057
INFO:root:Epoch no. 168 of 500 (samples: 141442)
INFO:root:Loss: 0.9263 +/- 0.2781
INFO:root:Epoch no. 169 of 500 (samples: 141442)
INFO:root:Loss: 0.96 +/- 0.3953
INFO:root:Epoch no. 170 of 500 (samples: 141442)
INFO:root:Loss: 0.9215 +/- 0.2487
INFO:root:Epoch no. 171 of 500 (samples: 141442)
INFO:root:Loss: 1.1379 +/- 0.3147
INFO:root:Epoch no. 172 of 500 (samples: 141442)
INFO:root:Loss: 0.9514 +/- 0.2766
INFO:root:Epoch no. 173 of 500 (samples: 141442)
INFO:root:Loss: 0.8716 +/- 0.382
INFO:root:Epoch no. 174 of 500 (samples: 141442)
INFO:root:Loss: 0.9275 +/- 0.2426
INFO:root:Epoch no. 175 of 500 (samples: 141442)
INFO:root:Loss: 0.7614 +/- 0.316
INFO:root:Epoch no. 176 of 500 (samples: 141442)
INFO:root:Loss: 0.7734 +/- 0.1894
INFO:root:Epoch no. 177 of 500 (samples: 141442)
INFO:root:Loss: 0.9727 +/- 0.2597
INFO:root:Epoch no. 178 of 500 (samples: 141442)
INFO:root:Loss: 0.8369 +/- 0.2977
INFO:root:Epoch no. 179 of 500 (samples: 141442)
INFO:root:Loss: 0.9276 +/- 0.2968
INFO:root:Epoch no. 180 of 500 (samples: 141442)
INFO:root:Loss: 0.8618 +/- 0.2209
INFO:root:Epoch no. 181 of 500 (samples: 141442)
INFO:root:Loss: 0.8128 +/- 0.3058
INFO:root:Epoch no. 182 of 500 (samples: 141442)
INFO:root:Loss: 0.9642 +/- 0.2631
INFO:root:Epoch no. 183 of 500 (samples: 141442)
INFO:root:Loss: 0.6776 +/- 0.1589
INFO:root:Epoch no. 184 of 500 (samples: 141442)
INFO:root:Loss: 0.966 +/- 0.2345
INFO:root:Epoch no. 185 of 500 (samples: 141442)
INFO:root:Loss: 1.039 +/- 0.3458
INFO:root:Epoch no. 186 of 500 (samples: 141442)
INFO:root:Loss: 0.9106 +/- 0.1728
INFO:root:Epoch no. 187 of 500 (samples: 141442)
INFO:root:Loss: 0.9314 +/- 0.2549
INFO:root:Epoch no. 188 of 500 (samples: 141442)
INFO:root:Loss: 0.7974 +/- 0.2466
INFO:root:Epoch no. 189 of 500 (samples: 141442)
INFO:root:Loss: 0.7533 +/- 0.1759
INFO:root:Epoch no. 190 of 500 (samples: 141442)
INFO:root:Loss: 0.7355 +/- 0.2187
INFO:root:Epoch no. 191 of 500 (samples: 141442)
INFO:root:Loss: 0.9347 +/- 0.2469
INFO:root:Epoch no. 192 of 500 (samples: 141442)
INFO:root:Loss: 0.6981 +/- 0.11
INFO:root:Epoch no. 193 of 500 (samples: 141442)
INFO:root:Loss: 0.946 +/- 0.2555
INFO:root:Epoch no. 194 of 500 (samples: 141442)
INFO:root:Loss: 0.8867 +/- 0.3524
INFO:root:Epoch no. 195 of 500 (samples: 141442)
INFO:root:Loss: 0.9325 +/- 0.4169
INFO:root:Epoch no. 196 of 500 (samples: 141442)
INFO:root:Loss: 0.8366 +/- 0.256
INFO:root:Epoch no. 197 of 500 (samples: 141442)
INFO:root:Loss: 0.7833 +/- 0.1687
INFO:root:Epoch no. 198 of 500 (samples: 141442)
INFO:root:Loss: 0.5763 +/- 0.1351
INFO:root:Epoch no. 199 of 500 (samples: 141442)
INFO:root:Loss: 0.6842 +/- 0.2824
INFO:root:Epoch no. 200 of 500 (samples: 141442)
INFO:root:Loss: 0.6694 +/- 0.1932
INFO:root:Epoch no. 201 of 500 (samples: 141442)
INFO:root:Loss: 0.6999 +/- 0.2685
INFO:root:Epoch no. 202 of 500 (samples: 141442)
INFO:root:Loss: 0.8024 +/- 0.2416
INFO:root:Epoch no. 203 of 500 (samples: 141442)
INFO:root:Loss: 0.9622 +/- 0.2761
INFO:root:Epoch no. 204 of 500 (samples: 141442)
INFO:root:Loss: 0.904 +/- 0.2004
INFO:root:Epoch no. 205 of 500 (samples: 141442)
INFO:root:Loss: 1.0226 +/- 0.2836
INFO:root:Epoch no. 206 of 500 (samples: 141442)
INFO:root:Loss: 0.8524 +/- 0.3523
INFO:root:Epoch no. 207 of 500 (samples: 141442)
INFO:root:Loss: 0.9189 +/- 0.2766
INFO:root:Epoch no. 208 of 500 (samples: 141442)
INFO:root:Loss: 0.7461 +/- 0.1425
INFO:root:Epoch no. 209 of 500 (samples: 141442)
INFO:root:Loss: 0.7464 +/- 0.1919
INFO:root:Epoch no. 210 of 500 (samples: 141442)
INFO:root:Loss: 0.8407 +/- 0.144
INFO:root:Epoch no. 211 of 500 (samples: 141442)
INFO:root:Loss: 0.7408 +/- 0.1956
INFO:root:Epoch no. 212 of 500 (samples: 141442)
INFO:root:Loss: 0.8135 +/- 0.22
INFO:root:Epoch no. 213 of 500 (samples: 141442)
INFO:root:Loss: 1.0288 +/- 0.2478
INFO:root:Epoch no. 214 of 500 (samples: 141442)
INFO:root:Loss: 0.8594 +/- 0.2
INFO:root:Epoch no. 215 of 500 (samples: 141442)
INFO:root:Loss: 1.0025 +/- 0.2882
INFO:root:Epoch no. 216 of 500 (samples: 141442)
INFO:root:Loss: 0.8419 +/- 0.288
INFO:root:Epoch no. 217 of 500 (samples: 141442)
INFO:root:Loss: 0.8837 +/- 0.1915
INFO:root:Epoch no. 218 of 500 (samples: 141442)
INFO:root:Loss: 0.8998 +/- 0.3126
INFO:root:Epoch no. 219 of 500 (samples: 141442)
INFO:root:Loss: 0.9587 +/- 0.3968
INFO:root:Epoch no. 220 of 500 (samples: 141442)
INFO:root:Loss: 0.8397 +/- 0.2103
INFO:root:Epoch no. 221 of 500 (samples: 141442)
INFO:root:Loss: 0.6924 +/- 0.2592
INFO:root:Epoch no. 222 of 500 (samples: 141442)
INFO:root:Loss: 0.793 +/- 0.2708
INFO:root:Epoch no. 223 of 500 (samples: 141442)
INFO:root:Loss: 0.7574 +/- 0.4104
INFO:root:Epoch no. 224 of 500 (samples: 141442)
INFO:root:Loss: 0.7627 +/- 0.242
INFO:root:Epoch no. 225 of 500 (samples: 141442)
INFO:root:Loss: 0.7836 +/- 0.3585
INFO:root:Epoch no. 226 of 500 (samples: 141442)
INFO:root:Loss: 0.8944 +/- 0.1635
INFO:root:Epoch no. 227 of 500 (samples: 141442)
INFO:root:Loss: 0.7423 +/- 0.309
INFO:root:Epoch no. 228 of 500 (samples: 141442)
INFO:root:Loss: 0.9661 +/- 0.3039
INFO:root:Epoch no. 229 of 500 (samples: 141442)
INFO:root:Loss: 0.8625 +/- 0.2295
INFO:root:Epoch no. 230 of 500 (samples: 141442)
INFO:root:Loss: 1.0511 +/- 0.23
INFO:root:Epoch no. 231 of 500 (samples: 141442)
INFO:root:Loss: 0.9799 +/- 0.1616
INFO:root:Epoch no. 232 of 500 (samples: 141442)
INFO:root:Loss: 0.747 +/- 0.2319
INFO:root:Epoch no. 233 of 500 (samples: 141442)
INFO:root:Loss: 0.708 +/- 0.2442
INFO:root:Epoch no. 234 of 500 (samples: 141442)
INFO:root:Loss: 0.894 +/- 0.3146
INFO:root:Epoch no. 235 of 500 (samples: 141442)
INFO:root:Loss: 0.9083 +/- 0.2714
INFO:root:Epoch no. 236 of 500 (samples: 141442)
INFO:root:Loss: 0.7447 +/- 0.2297
INFO:root:Epoch no. 237 of 500 (samples: 141442)
INFO:root:Loss: 0.7908 +/- 0.2541
INFO:root:Epoch no. 238 of 500 (samples: 141442)
INFO:root:Loss: 0.7818 +/- 0.2441
INFO:root:Epoch no. 239 of 500 (samples: 141442)
INFO:root:Loss: 0.7368 +/- 0.1486
INFO:root:Epoch no. 240 of 500 (samples: 141442)
INFO:root:Loss: 0.8662 +/- 0.2704
INFO:root:Epoch no. 241 of 500 (samples: 141442)
INFO:root:Loss: 0.8095 +/- 0.2441
INFO:root:Epoch no. 242 of 500 (samples: 141442)
INFO:root:Loss: 0.906 +/- 0.3477
INFO:root:Epoch no. 243 of 500 (samples: 141442)
INFO:root:Loss: 0.7231 +/- 0.1508
INFO:root:Epoch no. 244 of 500 (samples: 141442)
INFO:root:Loss: 0.7812 +/- 0.2622
INFO:root:Epoch no. 245 of 500 (samples: 141442)
INFO:root:Loss: 0.7197 +/- 0.1808
INFO:root:Epoch no. 246 of 500 (samples: 141442)
INFO:root:Loss: 0.8877 +/- 0.1949
INFO:root:Epoch no. 247 of 500 (samples: 141442)
INFO:root:Loss: 0.731 +/- 0.2961
INFO:root:Epoch no. 248 of 500 (samples: 141442)
INFO:root:Loss: 0.7887 +/- 0.2123
INFO:root:Epoch no. 249 of 500 (samples: 141442)
INFO:root:Loss: 0.7945 +/- 0.2585
INFO:root:Epoch no. 250 of 500 (samples: 141442)
INFO:root:Loss: 0.7123 +/- 0.2089
INFO:root:Epoch no. 251 of 500 (samples: 141442)
INFO:root:Loss: 0.8237 +/- 0.2222
INFO:root:Epoch no. 252 of 500 (samples: 141442)
INFO:root:Loss: 0.7732 +/- 0.2128
INFO:root:Epoch no. 253 of 500 (samples: 141442)
INFO:root:Loss: 1.0129 +/- 0.3347
INFO:root:Epoch no. 254 of 500 (samples: 141442)
INFO:root:Loss: 0.7424 +/- 0.1783
INFO:root:Epoch no. 255 of 500 (samples: 141442)
INFO:root:Loss: 0.8641 +/- 0.3634
INFO:root:Epoch no. 256 of 500 (samples: 141442)
INFO:root:Loss: 0.9288 +/- 0.2649
INFO:root:Epoch no. 257 of 500 (samples: 141442)
INFO:root:Loss: 0.7593 +/- 0.2196
INFO:root:Epoch no. 258 of 500 (samples: 141442)
INFO:root:Loss: 0.7046 +/- 0.2281
INFO:root:Epoch no. 259 of 500 (samples: 141442)
INFO:root:Loss: 0.7544 +/- 0.2612
INFO:root:Epoch no. 260 of 500 (samples: 141442)
INFO:root:Loss: 0.6792 +/- 0.2236
INFO:root:Epoch no. 261 of 500 (samples: 141442)
INFO:root:Loss: 0.9278 +/- 0.3364
INFO:root:Epoch no. 262 of 500 (samples: 141442)
INFO:root:Loss: 0.8525 +/- 0.2414
INFO:root:Epoch no. 263 of 500 (samples: 141442)
INFO:root:Loss: 0.7193 +/- 0.1941
INFO:root:Epoch no. 264 of 500 (samples: 141442)
INFO:root:Loss: 0.8981 +/- 0.3063
INFO:root:Epoch no. 265 of 500 (samples: 141442)
INFO:root:Loss: 0.6637 +/- 0.2107
INFO:root:Epoch no. 266 of 500 (samples: 141442)
INFO:root:Loss: 0.9049 +/- 0.2062
INFO:root:Epoch no. 267 of 500 (samples: 141442)
INFO:root:Loss: 0.865 +/- 0.192
INFO:root:Epoch no. 268 of 500 (samples: 141442)
INFO:root:Loss: 0.947 +/- 0.3259
INFO:root:Epoch no. 269 of 500 (samples: 141442)
INFO:root:Loss: 0.7707 +/- 0.2252
INFO:root:Epoch no. 270 of 500 (samples: 141442)
INFO:root:Loss: 0.7252 +/- 0.1676
INFO:root:Epoch no. 271 of 500 (samples: 141442)
INFO:root:Loss: 0.6361 +/- 0.2211
INFO:root:Epoch no. 272 of 500 (samples: 141442)
INFO:root:Loss: 0.8219 +/- 0.2321
INFO:root:Epoch no. 273 of 500 (samples: 141442)
INFO:root:Loss: 0.7099 +/- 0.2201
INFO:root:Epoch no. 274 of 500 (samples: 141442)
INFO:root:Loss: 0.7981 +/- 0.2937
INFO:root:Epoch no. 275 of 500 (samples: 141442)
INFO:root:Loss: 0.9448 +/- 0.2759
INFO:root:Epoch no. 276 of 500 (samples: 141442)
INFO:root:Loss: 0.9741 +/- 0.3398
INFO:root:Epoch no. 277 of 500 (samples: 141442)
INFO:root:Loss: 0.8181 +/- 0.2063
INFO:root:Epoch no. 278 of 500 (samples: 141442)
INFO:root:Loss: 0.7697 +/- 0.2505
INFO:root:Epoch no. 279 of 500 (samples: 141442)
INFO:root:Loss: 0.8476 +/- 0.3094
INFO:root:Epoch no. 280 of 500 (samples: 141442)
INFO:root:Loss: 0.8024 +/- 0.3448
INFO:root:Epoch no. 281 of 500 (samples: 141442)
INFO:root:Loss: 0.8062 +/- 0.3396
INFO:root:Epoch no. 282 of 500 (samples: 141442)
INFO:root:Loss: 0.7936 +/- 0.2064
INFO:root:Epoch no. 283 of 500 (samples: 141442)
INFO:root:Loss: 0.8153 +/- 0.3046
INFO:root:Epoch no. 284 of 500 (samples: 141442)
INFO:root:Loss: 0.8736 +/- 0.2374
INFO:root:Epoch no. 285 of 500 (samples: 141442)
INFO:root:Loss: 0.6502 +/- 0.171
INFO:root:Epoch no. 286 of 500 (samples: 141442)
INFO:root:Loss: 0.7967 +/- 0.2314
INFO:root:Epoch no. 287 of 500 (samples: 141442)
INFO:root:Loss: 0.8381 +/- 0.238
INFO:root:Epoch no. 288 of 500 (samples: 141442)
INFO:root:Loss: 0.7546 +/- 0.3683
INFO:root:Epoch no. 289 of 500 (samples: 141442)
INFO:root:Loss: 0.7307 +/- 0.2067
INFO:root:Epoch no. 290 of 500 (samples: 141442)
INFO:root:Loss: 0.8775 +/- 0.2913
INFO:root:Epoch no. 291 of 500 (samples: 141442)
INFO:root:Loss: 0.9097 +/- 0.326
INFO:root:Epoch no. 292 of 500 (samples: 141442)
INFO:root:Loss: 0.7377 +/- 0.1794
INFO:root:Epoch no. 293 of 500 (samples: 141442)
INFO:root:Loss: 0.79 +/- 0.2299
INFO:root:Epoch no. 294 of 500 (samples: 141442)
INFO:root:Loss: 0.7308 +/- 0.3002
INFO:root:Epoch no. 295 of 500 (samples: 141442)
INFO:root:Loss: 0.8023 +/- 0.2805
INFO:root:Epoch no. 296 of 500 (samples: 141442)
INFO:root:Loss: 0.8117 +/- 0.1445
INFO:root:Epoch no. 297 of 500 (samples: 141442)
INFO:root:Loss: 0.7963 +/- 0.2207
INFO:root:Epoch no. 298 of 500 (samples: 141442)
INFO:root:Loss: 0.906 +/- 0.1957
INFO:root:Epoch no. 299 of 500 (samples: 141442)
INFO:root:Loss: 0.9801 +/- 0.1939
INFO:root:Epoch no. 300 of 500 (samples: 141442)
INFO:root:Loss: 0.8417 +/- 0.2275
INFO:root:Epoch no. 301 of 500 (samples: 141442)
INFO:root:Loss: 0.7637 +/- 0.2708
INFO:root:Epoch no. 302 of 500 (samples: 141442)
INFO:root:Loss: 0.9281 +/- 0.2741
INFO:root:Epoch no. 303 of 500 (samples: 141442)
INFO:root:Loss: 0.7717 +/- 0.2317
INFO:root:Epoch no. 304 of 500 (samples: 141442)
INFO:root:Loss: 0.9276 +/- 0.4289
INFO:root:Epoch no. 305 of 500 (samples: 141442)
INFO:root:Loss: 0.8473 +/- 0.1651
INFO:root:Epoch no. 306 of 500 (samples: 141442)
INFO:root:Loss: 0.7584 +/- 0.2205
INFO:root:Epoch no. 307 of 500 (samples: 141442)
INFO:root:Loss: 0.8606 +/- 0.2112
INFO:root:Epoch no. 308 of 500 (samples: 141442)
INFO:root:Loss: 0.8158 +/- 0.2191
INFO:root:Epoch no. 309 of 500 (samples: 141442)
INFO:root:Loss: 0.8952 +/- 0.2694
INFO:root:Epoch no. 310 of 500 (samples: 141442)
INFO:root:Loss: 0.8115 +/- 0.2696
INFO:root:Epoch no. 311 of 500 (samples: 141442)
INFO:root:Loss: 0.8639 +/- 0.3855
INFO:root:Epoch no. 312 of 500 (samples: 141442)
INFO:root:Loss: 0.9454 +/- 0.2996
INFO:root:Epoch no. 313 of 500 (samples: 141442)
INFO:root:Loss: 0.8514 +/- 0.2524
INFO:root:Epoch no. 314 of 500 (samples: 141442)
INFO:root:Loss: 0.8371 +/- 0.2521
INFO:root:Epoch no. 315 of 500 (samples: 141442)
INFO:root:Loss: 0.6489 +/- 0.1812
INFO:root:Epoch no. 316 of 500 (samples: 141442)
INFO:root:Loss: 0.7777 +/- 0.0949
INFO:root:Epoch no. 317 of 500 (samples: 141442)
INFO:root:Loss: 0.6983 +/- 0.2915
INFO:root:Epoch no. 318 of 500 (samples: 141442)
INFO:root:Loss: 0.9289 +/- 0.2745
INFO:root:Epoch no. 319 of 500 (samples: 141442)
INFO:root:Loss: 0.8253 +/- 0.314
INFO:root:Epoch no. 320 of 500 (samples: 141442)
INFO:root:Loss: 0.6786 +/- 0.2787
INFO:root:Epoch no. 321 of 500 (samples: 141442)
INFO:root:Loss: 0.7929 +/- 0.4022
INFO:root:Epoch no. 322 of 500 (samples: 141442)
INFO:root:Loss: 0.7606 +/- 0.2692
INFO:root:Epoch no. 323 of 500 (samples: 141442)
INFO:root:Loss: 0.8029 +/- 0.3339
INFO:root:Epoch no. 324 of 500 (samples: 141442)
INFO:root:Loss: 0.8035 +/- 0.3673
INFO:root:Epoch no. 325 of 500 (samples: 141442)
INFO:root:Loss: 0.6773 +/- 0.1042
INFO:root:Epoch no. 326 of 500 (samples: 141442)
INFO:root:Loss: 0.603 +/- 0.129
INFO:root:Epoch no. 327 of 500 (samples: 141442)
INFO:root:Loss: 0.8038 +/- 0.2961
INFO:root:Epoch no. 328 of 500 (samples: 141442)
INFO:root:Loss: 1.0087 +/- 0.2354
INFO:root:Epoch no. 329 of 500 (samples: 141442)
INFO:root:Loss: 0.818 +/- 0.2
INFO:root:Epoch no. 330 of 500 (samples: 141442)
INFO:root:Loss: 1.0327 +/- 0.283
INFO:root:Epoch no. 331 of 500 (samples: 141442)
INFO:root:Loss: 0.7881 +/- 0.2348
INFO:root:Epoch no. 332 of 500 (samples: 141442)
INFO:root:Loss: 0.7757 +/- 0.347
INFO:root:Epoch no. 333 of 500 (samples: 141442)
INFO:root:Loss: 0.7999 +/- 0.2957
INFO:root:Epoch no. 334 of 500 (samples: 141442)
INFO:root:Loss: 0.6453 +/- 0.1692
INFO:root:Epoch no. 335 of 500 (samples: 141442)
INFO:root:Loss: 0.8069 +/- 0.2234
INFO:root:Epoch no. 336 of 500 (samples: 141442)
INFO:root:Loss: 0.8989 +/- 0.3283
INFO:root:Epoch no. 337 of 500 (samples: 141442)
INFO:root:Loss: 0.9077 +/- 0.1931
INFO:root:Epoch no. 338 of 500 (samples: 141442)
INFO:root:Loss: 0.6353 +/- 0.1278
INFO:root:Epoch no. 339 of 500 (samples: 141442)
INFO:root:Loss: 0.8404 +/- 0.2936
INFO:root:Epoch no. 340 of 500 (samples: 141442)
INFO:root:Loss: 0.7671 +/- 0.194
INFO:root:Epoch no. 341 of 500 (samples: 141442)
INFO:root:Loss: 0.7515 +/- 0.2172
INFO:root:Epoch no. 342 of 500 (samples: 141442)
INFO:root:Loss: 0.8309 +/- 0.2897
INFO:root:Epoch no. 343 of 500 (samples: 141442)
INFO:root:Loss: 0.7648 +/- 0.2271
INFO:root:Epoch no. 344 of 500 (samples: 141442)
INFO:root:Loss: 0.8389 +/- 0.3324
INFO:root:Epoch no. 345 of 500 (samples: 141442)
INFO:root:Loss: 0.8254 +/- 0.2179
INFO:root:Epoch no. 346 of 500 (samples: 141442)
INFO:root:Loss: 0.6551 +/- 0.2065
INFO:root:Epoch no. 347 of 500 (samples: 141442)
INFO:root:Loss: 0.7282 +/- 0.1684
INFO:root:Epoch no. 348 of 500 (samples: 141442)
INFO:root:Loss: 0.6626 +/- 0.1799
INFO:root:Epoch no. 349 of 500 (samples: 141442)
INFO:root:Loss: 0.809 +/- 0.1827
INFO:root:Epoch no. 350 of 500 (samples: 141442)
INFO:root:Loss: 0.7835 +/- 0.1991
INFO:root:Epoch no. 351 of 500 (samples: 141442)
INFO:root:Loss: 0.9172 +/- 0.2769
INFO:root:Epoch no. 352 of 500 (samples: 141442)
INFO:root:Loss: 0.6749 +/- 0.1658
INFO:root:Epoch no. 353 of 500 (samples: 141442)
INFO:root:Loss: 0.7543 +/- 0.2834
INFO:root:Epoch no. 354 of 500 (samples: 141442)
INFO:root:Loss: 0.8508 +/- 0.1833
INFO:root:Epoch no. 355 of 500 (samples: 141442)
INFO:root:Loss: 0.8283 +/- 0.3117
INFO:root:Epoch no. 356 of 500 (samples: 141442)
INFO:root:Loss: 0.674 +/- 0.2847
INFO:root:Epoch no. 357 of 500 (samples: 141442)
INFO:root:Loss: 0.7653 +/- 0.2354
INFO:root:Epoch no. 358 of 500 (samples: 141442)
INFO:root:Loss: 0.7451 +/- 0.3179
INFO:root:Epoch no. 359 of 500 (samples: 141442)
INFO:root:Loss: 0.7396 +/- 0.1649
INFO:root:Epoch no. 360 of 500 (samples: 141442)
INFO:root:Loss: 0.7338 +/- 0.181
INFO:root:Epoch no. 361 of 500 (samples: 141442)
INFO:root:Loss: 0.7553 +/- 0.1207
INFO:root:Epoch no. 362 of 500 (samples: 141442)
INFO:root:Loss: 0.7173 +/- 0.1748
INFO:root:Epoch no. 363 of 500 (samples: 141442)
INFO:root:Loss: 0.725 +/- 0.1527
INFO:root:Epoch no. 364 of 500 (samples: 141442)
INFO:root:Loss: 0.9014 +/- 0.2675
INFO:root:Epoch no. 365 of 500 (samples: 141442)
INFO:root:Loss: 0.9425 +/- 0.2863
INFO:root:Epoch no. 366 of 500 (samples: 141442)
INFO:root:Loss: 0.7393 +/- 0.2504
INFO:root:Epoch no. 367 of 500 (samples: 141442)
INFO:root:Loss: 0.7226 +/- 0.2515
INFO:root:Epoch no. 368 of 500 (samples: 141442)
INFO:root:Loss: 0.7949 +/- 0.3401
INFO:root:Epoch no. 369 of 500 (samples: 141442)
INFO:root:Loss: 0.8416 +/- 0.3333
INFO:root:Epoch no. 370 of 500 (samples: 141442)
INFO:root:Loss: 0.8782 +/- 0.2838
INFO:root:Epoch no. 371 of 500 (samples: 141442)
INFO:root:Loss: 0.8358 +/- 0.2915
INFO:root:Epoch no. 372 of 500 (samples: 141442)
INFO:root:Loss: 0.8737 +/- 0.218
INFO:root:Epoch no. 373 of 500 (samples: 141442)
INFO:root:Loss: 0.8534 +/- 0.227
INFO:root:Epoch no. 374 of 500 (samples: 141442)
INFO:root:Loss: 0.8595 +/- 0.3035
INFO:root:Epoch no. 375 of 500 (samples: 141442)
INFO:root:Loss: 0.7205 +/- 0.2661
INFO:root:Epoch no. 376 of 500 (samples: 141442)
INFO:root:Loss: 0.6559 +/- 0.2098
INFO:root:Epoch no. 377 of 500 (samples: 141442)
INFO:root:Loss: 0.7707 +/- 0.2398
INFO:root:Epoch no. 378 of 500 (samples: 141442)
INFO:root:Loss: 0.8447 +/- 0.2269
INFO:root:Epoch no. 379 of 500 (samples: 141442)
INFO:root:Loss: 0.8868 +/- 0.2674
INFO:root:Epoch no. 380 of 500 (samples: 141442)
INFO:root:Loss: 0.8239 +/- 0.3543
INFO:root:Epoch no. 381 of 500 (samples: 141442)
INFO:root:Loss: 0.7768 +/- 0.2651
INFO:root:Epoch no. 382 of 500 (samples: 141442)
INFO:root:Loss: 0.8978 +/- 0.1762
INFO:root:Epoch no. 383 of 500 (samples: 141442)
INFO:root:Loss: 0.9453 +/- 0.2642
INFO:root:Epoch no. 384 of 500 (samples: 141442)
INFO:root:Loss: 0.6638 +/- 0.2589
INFO:root:Epoch no. 385 of 500 (samples: 141442)
INFO:root:Loss: 0.8438 +/- 0.3428
INFO:root:Epoch no. 386 of 500 (samples: 141442)
INFO:root:Loss: 0.7483 +/- 0.2742
INFO:root:Epoch no. 387 of 500 (samples: 141442)
INFO:root:Loss: 0.8968 +/- 0.2542
INFO:root:Epoch no. 388 of 500 (samples: 141442)
INFO:root:Loss: 0.677 +/- 0.2573
INFO:root:Epoch no. 389 of 500 (samples: 141442)
INFO:root:Loss: 0.9171 +/- 0.2596
INFO:root:Epoch no. 390 of 500 (samples: 141442)
INFO:root:Loss: 0.6089 +/- 0.2446
INFO:root:Epoch no. 391 of 500 (samples: 141442)
INFO:root:Loss: 0.7896 +/- 0.2682
INFO:root:Epoch no. 392 of 500 (samples: 141442)
INFO:root:Loss: 0.7432 +/- 0.3289
INFO:root:Epoch no. 393 of 500 (samples: 141442)
INFO:root:Loss: 0.9068 +/- 0.176
INFO:root:Epoch no. 394 of 500 (samples: 141442)
INFO:root:Loss: 0.6673 +/- 0.1291
INFO:root:Epoch no. 395 of 500 (samples: 141442)
INFO:root:Loss: 0.7084 +/- 0.2082
INFO:root:Epoch no. 396 of 500 (samples: 141442)
INFO:root:Loss: 0.8335 +/- 0.1476
INFO:root:Epoch no. 397 of 500 (samples: 141442)
INFO:root:Loss: 0.5863 +/- 0.2309
INFO:root:Epoch no. 398 of 500 (samples: 141442)
INFO:root:Loss: 0.6995 +/- 0.3495
INFO:root:Epoch no. 399 of 500 (samples: 141442)
INFO:root:Loss: 0.7217 +/- 0.2936
INFO:root:Epoch no. 400 of 500 (samples: 141442)
INFO:root:Loss: 0.8558 +/- 0.3491
INFO:root:Epoch no. 401 of 500 (samples: 141442)
INFO:root:Loss: 0.8658 +/- 0.3029
INFO:root:Epoch no. 402 of 500 (samples: 141442)
INFO:root:Loss: 0.8108 +/- 0.3066
INFO:root:Epoch no. 403 of 500 (samples: 141442)
INFO:root:Loss: 0.6683 +/- 0.1744
INFO:root:Epoch no. 404 of 500 (samples: 141442)
INFO:root:Loss: 0.6641 +/- 0.2178
INFO:root:Epoch no. 405 of 500 (samples: 141442)
INFO:root:Loss: 0.738 +/- 0.299
INFO:root:Epoch no. 406 of 500 (samples: 141442)
INFO:root:Loss: 0.7684 +/- 0.2459
INFO:root:Epoch no. 407 of 500 (samples: 141442)
INFO:root:Loss: 0.711 +/- 0.1892
INFO:root:Epoch no. 408 of 500 (samples: 141442)
INFO:root:Loss: 0.6872 +/- 0.3086
INFO:root:Epoch no. 409 of 500 (samples: 141442)
INFO:root:Loss: 0.8335 +/- 0.175
INFO:root:Epoch no. 410 of 500 (samples: 141442)
INFO:root:Loss: 0.7286 +/- 0.2006
INFO:root:Epoch no. 411 of 500 (samples: 141442)
INFO:root:Loss: 0.813 +/- 0.1953
INFO:root:Epoch no. 412 of 500 (samples: 141442)
INFO:root:Loss: 0.6878 +/- 0.2881
INFO:root:Epoch no. 413 of 500 (samples: 141442)
INFO:root:Loss: 0.8316 +/- 0.2753
INFO:root:Epoch no. 414 of 500 (samples: 141442)
INFO:root:Loss: 0.8197 +/- 0.2377
INFO:root:Epoch no. 415 of 500 (samples: 141442)
INFO:root:Loss: 0.7177 +/- 0.2419
INFO:root:Epoch no. 416 of 500 (samples: 141442)
INFO:root:Loss: 0.8467 +/- 0.2202
INFO:root:Epoch no. 417 of 500 (samples: 141442)
INFO:root:Loss: 0.7663 +/- 0.2336
INFO:root:Epoch no. 418 of 500 (samples: 141442)
INFO:root:Loss: 0.933 +/- 0.3419
INFO:root:Epoch no. 419 of 500 (samples: 141442)
INFO:root:Loss: 0.8051 +/- 0.2651
INFO:root:Epoch no. 420 of 500 (samples: 141442)
INFO:root:Loss: 0.8292 +/- 0.2152
INFO:root:Epoch no. 421 of 500 (samples: 141442)
INFO:root:Loss: 0.7756 +/- 0.3034
INFO:root:Epoch no. 422 of 500 (samples: 141442)
INFO:root:Loss: 0.7358 +/- 0.245
INFO:root:Epoch no. 423 of 500 (samples: 141442)
INFO:root:Loss: 0.7412 +/- 0.1853
INFO:root:Epoch no. 424 of 500 (samples: 141442)
INFO:root:Loss: 0.7642 +/- 0.2244
INFO:root:Epoch no. 425 of 500 (samples: 141442)
INFO:root:Loss: 0.8101 +/- 0.3112
INFO:root:Epoch no. 426 of 500 (samples: 141442)
INFO:root:Loss: 0.75 +/- 0.2689
INFO:root:Epoch no. 427 of 500 (samples: 141442)
INFO:root:Loss: 0.8374 +/- 0.2185
INFO:root:Epoch no. 428 of 500 (samples: 141442)
INFO:root:Loss: 0.9857 +/- 0.348
INFO:root:Epoch no. 429 of 500 (samples: 141442)
INFO:root:Loss: 0.6392 +/- 0.2536
INFO:root:Epoch no. 430 of 500 (samples: 141442)
INFO:root:Loss: 0.7826 +/- 0.291
INFO:root:Epoch no. 431 of 500 (samples: 141442)
INFO:root:Loss: 0.6101 +/- 0.1373
INFO:root:Epoch no. 432 of 500 (samples: 141442)
INFO:root:Loss: 0.7316 +/- 0.2036
INFO:root:Epoch no. 433 of 500 (samples: 141442)
INFO:root:Loss: 0.8569 +/- 0.3262
INFO:root:Epoch no. 434 of 500 (samples: 141442)
INFO:root:Loss: 0.8666 +/- 0.2132
INFO:root:Epoch no. 435 of 500 (samples: 141442)
INFO:root:Loss: 0.784 +/- 0.3003
INFO:root:Epoch no. 436 of 500 (samples: 141442)
INFO:root:Loss: 0.8605 +/- 0.2451
INFO:root:Epoch no. 437 of 500 (samples: 141442)
INFO:root:Loss: 0.7827 +/- 0.1818
INFO:root:Epoch no. 438 of 500 (samples: 141442)
INFO:root:Loss: 0.7391 +/- 0.1987
INFO:root:Epoch no. 439 of 500 (samples: 141442)
INFO:root:Loss: 0.8403 +/- 0.2476
INFO:root:Epoch no. 440 of 500 (samples: 141442)
INFO:root:Loss: 0.7037 +/- 0.2006
INFO:root:Epoch no. 441 of 500 (samples: 141442)
INFO:root:Loss: 0.7836 +/- 0.2424
INFO:root:Epoch no. 442 of 500 (samples: 141442)
INFO:root:Loss: 0.9646 +/- 0.2516
INFO:root:Epoch no. 443 of 500 (samples: 141442)
INFO:root:Loss: 0.8953 +/- 0.2712
INFO:root:Epoch no. 444 of 500 (samples: 141442)
INFO:root:Loss: 0.6969 +/- 0.2046
INFO:root:Epoch no. 445 of 500 (samples: 141442)
INFO:root:Loss: 0.6914 +/- 0.2786
INFO:root:Epoch no. 446 of 500 (samples: 141442)
INFO:root:Loss: 0.809 +/- 0.1654
INFO:root:Epoch no. 447 of 500 (samples: 141442)
INFO:root:Loss: 0.6573 +/- 0.2109
INFO:root:Epoch no. 448 of 500 (samples: 141442)
INFO:root:Loss: 0.7611 +/- 0.2104
INFO:root:Epoch no. 449 of 500 (samples: 141442)
INFO:root:Loss: 0.8246 +/- 0.3076
INFO:root:Epoch no. 450 of 500 (samples: 141442)
INFO:root:Loss: 0.8893 +/- 0.2183
INFO:root:Epoch no. 451 of 500 (samples: 141442)
INFO:root:Loss: 0.7383 +/- 0.1756
INFO:root:Epoch no. 452 of 500 (samples: 141442)
INFO:root:Loss: 0.7476 +/- 0.2552
INFO:root:Epoch no. 453 of 500 (samples: 141442)
INFO:root:Loss: 0.7598 +/- 0.2004
INFO:root:Epoch no. 454 of 500 (samples: 141442)
INFO:root:Loss: 0.7114 +/- 0.2036
INFO:root:Epoch no. 455 of 500 (samples: 141442)
INFO:root:Loss: 0.757 +/- 0.1953
INFO:root:Epoch no. 456 of 500 (samples: 141442)
INFO:root:Loss: 0.5951 +/- 0.1637
INFO:root:Epoch no. 457 of 500 (samples: 141442)
INFO:root:Loss: 0.713 +/- 0.2507
INFO:root:Epoch no. 458 of 500 (samples: 141442)
INFO:root:Loss: 0.6446 +/- 0.1999
INFO:root:Epoch no. 459 of 500 (samples: 141442)
INFO:root:Loss: 0.5201 +/- 0.1288
INFO:root:Epoch no. 460 of 500 (samples: 141442)
INFO:root:Loss: 0.8881 +/- 0.2465
INFO:root:Epoch no. 461 of 500 (samples: 141442)
INFO:root:Loss: 0.8649 +/- 0.2355
INFO:root:Epoch no. 462 of 500 (samples: 141442)
INFO:root:Loss: 0.8149 +/- 0.2365
INFO:root:Epoch no. 463 of 500 (samples: 141442)
INFO:root:Loss: 0.7087 +/- 0.303
INFO:root:Epoch no. 464 of 500 (samples: 141442)
INFO:root:Loss: 0.8207 +/- 0.3946
INFO:root:Epoch no. 465 of 500 (samples: 141442)
INFO:root:Loss: 0.7911 +/- 0.2677
INFO:root:Epoch no. 466 of 500 (samples: 141442)
INFO:root:Loss: 0.6935 +/- 0.2252
INFO:root:Epoch no. 467 of 500 (samples: 141442)
INFO:root:Loss: 0.8385 +/- 0.2731
INFO:root:Epoch no. 468 of 500 (samples: 141442)
INFO:root:Loss: 0.7507 +/- 0.1725
INFO:root:Epoch no. 469 of 500 (samples: 141442)
INFO:root:Loss: 0.5459 +/- 0.2188
INFO:root:Epoch no. 470 of 500 (samples: 141442)
INFO:root:Loss: 0.7557 +/- 0.181
INFO:root:Epoch no. 471 of 500 (samples: 141442)
INFO:root:Loss: 0.7988 +/- 0.1744
INFO:root:Epoch no. 472 of 500 (samples: 141442)
INFO:root:Loss: 0.7816 +/- 0.2133
INFO:root:Epoch no. 473 of 500 (samples: 141442)
INFO:root:Loss: 0.752 +/- 0.303
INFO:root:Epoch no. 474 of 500 (samples: 141442)
INFO:root:Loss: 0.909 +/- 0.2065
INFO:root:Epoch no. 475 of 500 (samples: 141442)
INFO:root:Loss: 0.8424 +/- 0.1575
INFO:root:Epoch no. 476 of 500 (samples: 141442)
INFO:root:Loss: 0.7541 +/- 0.1548
INFO:root:Epoch no. 477 of 500 (samples: 141442)
INFO:root:Loss: 0.7238 +/- 0.2419
INFO:root:Epoch no. 478 of 500 (samples: 141442)
INFO:root:Loss: 0.8218 +/- 0.3068
INFO:root:Epoch no. 479 of 500 (samples: 141442)
INFO:root:Loss: 0.7749 +/- 0.2645
INFO:root:Epoch no. 480 of 500 (samples: 141442)
INFO:root:Loss: 0.6642 +/- 0.2646
INFO:root:Epoch no. 481 of 500 (samples: 141442)
INFO:root:Loss: 0.7287 +/- 0.1262
INFO:root:Epoch no. 482 of 500 (samples: 141442)
INFO:root:Loss: 0.7225 +/- 0.2398
INFO:root:Epoch no. 483 of 500 (samples: 141442)
INFO:root:Loss: 0.6912 +/- 0.2378
INFO:root:Epoch no. 484 of 500 (samples: 141442)
INFO:root:Loss: 0.6652 +/- 0.2771
INFO:root:Epoch no. 485 of 500 (samples: 141442)
INFO:root:Loss: 0.7051 +/- 0.3017
INFO:root:Epoch no. 486 of 500 (samples: 141442)
INFO:root:Loss: 0.7995 +/- 0.2209
INFO:root:Epoch no. 487 of 500 (samples: 141442)
INFO:root:Loss: 0.7682 +/- 0.2938
INFO:root:Epoch no. 488 of 500 (samples: 141442)
INFO:root:Loss: 0.7701 +/- 0.2752
INFO:root:Epoch no. 489 of 500 (samples: 141442)
INFO:root:Loss: 0.771 +/- 0.2038
INFO:root:Epoch no. 490 of 500 (samples: 141442)
INFO:root:Loss: 0.7181 +/- 0.2241
INFO:root:Epoch no. 491 of 500 (samples: 141442)
INFO:root:Loss: 0.8669 +/- 0.26
INFO:root:Epoch no. 492 of 500 (samples: 141442)
INFO:root:Loss: 0.7618 +/- 0.2184
INFO:root:Epoch no. 493 of 500 (samples: 141442)
INFO:root:Loss: 0.8057 +/- 0.2399
INFO:root:Epoch no. 494 of 500 (samples: 141442)
INFO:root:Loss: 1.0121 +/- 0.3772
INFO:root:Epoch no. 495 of 500 (samples: 141442)
INFO:root:Loss: 0.602 +/- 0.1601
INFO:root:Epoch no. 496 of 500 (samples: 141442)
INFO:root:Loss: 0.7179 +/- 0.2524
INFO:root:Epoch no. 497 of 500 (samples: 141442)
INFO:root:Loss: 0.7223 +/- 0.2781
INFO:root:Epoch no. 498 of 500 (samples: 141442)
INFO:root:Loss: 0.8653 +/- 0.3333
INFO:root:Epoch no. 499 of 500 (samples: 141442)
INFO:root:Loss: 0.6559 +/- 0.2924
INFO:root:Epoch no. 500 of 500 (samples: 141442)
INFO:root:Loss: 0.7976 +/- 0.1902
/usr/local/lib/python3.5/dist-packages/keras/backend/theano_backend.py:527: UserWarning: theano.function was asked to create a function computing outputs given certain inputs, but the provided input variable at index 2 is not part of the computational graph needed to compute the outputs: keras_learning_phase.
To make this warning into an error, you can pass the parameter on_unused_input='raise' to theano.function. To disable it completely, use on_unused_input='ignore'.
  **kwargs)
INFO:root:### MICRO (validation raw):
INFO:root:	-- left   >> mean: 565.8352, median: 4.0, mrr: 0.287, hits@1: 2.22%
INFO:root:	-- right  >> mean: 616.438, median: 4.0, mrr: 0.286, hits@1: 2.28%
INFO:root:	-- global >> mean: 591.1366, median: 4.0, mrr: 0.287, hits@1: 2.25%
INFO:root:### MICRO (validation raw):
INFO:root:	-- left   >> mean: 565.8352, median: 4.0, mrr: 0.287, hits@3: 49.32%
INFO:root:	-- right  >> mean: 616.438, median: 4.0, mrr: 0.286, hits@3: 48.4%
INFO:root:	-- global >> mean: 591.1366, median: 4.0, mrr: 0.287, hits@3: 48.86%
INFO:root:### MICRO (validation raw):
INFO:root:	-- left   >> mean: 565.8352, median: 4.0, mrr: 0.287, hits@5: 62.46%
INFO:root:	-- right  >> mean: 616.438, median: 4.0, mrr: 0.286, hits@5: 60.82%
INFO:root:	-- global >> mean: 591.1366, median: 4.0, mrr: 0.287, hits@5: 61.64%
INFO:root:### MICRO (validation raw):
INFO:root:	-- left   >> mean: 565.8352, median: 4.0, mrr: 0.287, hits@10: 74.12%
INFO:root:	-- right  >> mean: 616.438, median: 4.0, mrr: 0.286, hits@10: 73.7%
INFO:root:	-- global >> mean: 591.1366, median: 4.0, mrr: 0.287, hits@10: 73.91%
INFO:root:### MICRO (validation filtered):
INFO:root:	-- left   >> mean: 553.9828, median: 2.0, mrr: 0.371, hits@1: 3.96%
INFO:root:	-- right  >> mean: 604.3982, median: 2.0, mrr: 0.37, hits@1: 4.04%
INFO:root:	-- global >> mean: 579.1905, median: 2.0, mrr: 0.37, hits@1: 4.0%
INFO:root:### MICRO (validation filtered):
INFO:root:	-- left   >> mean: 553.9828, median: 2.0, mrr: 0.371, hits@3: 67.24%
INFO:root:	-- right  >> mean: 604.3982, median: 2.0, mrr: 0.37, hits@3: 66.42%
INFO:root:	-- global >> mean: 579.1905, median: 2.0, mrr: 0.37, hits@3: 66.83%
INFO:root:### MICRO (validation filtered):
INFO:root:	-- left   >> mean: 553.9828, median: 2.0, mrr: 0.371, hits@5: 78.76%
INFO:root:	-- right  >> mean: 604.3982, median: 2.0, mrr: 0.37, hits@5: 77.82%
INFO:root:	-- global >> mean: 579.1905, median: 2.0, mrr: 0.37, hits@5: 78.29%
INFO:root:### MICRO (validation filtered):
INFO:root:	-- left   >> mean: 553.9828, median: 2.0, mrr: 0.371, hits@10: 85.62%
INFO:root:	-- right  >> mean: 604.3982, median: 2.0, mrr: 0.37, hits@10: 86.22%
INFO:root:	-- global >> mean: 579.1905, median: 2.0, mrr: 0.37, hits@10: 85.92%
INFO:root:### MICRO (test raw):
INFO:root:	-- left   >> mean: 524.7264, median: 4.0, mrr: 0.281, hits@1: 1.78%
INFO:root:	-- right  >> mean: 502.8922, median: 4.0, mrr: 0.291, hits@1: 2.22%
INFO:root:	-- global >> mean: 513.8093, median: 4.0, mrr: 0.286, hits@1: 2.0%
INFO:root:### MICRO (test raw):
INFO:root:	-- left   >> mean: 524.7264, median: 4.0, mrr: 0.281, hits@3: 47.4%
INFO:root:	-- right  >> mean: 502.8922, median: 4.0, mrr: 0.291, hits@3: 49.44%
INFO:root:	-- global >> mean: 513.8093, median: 4.0, mrr: 0.286, hits@3: 48.42%
INFO:root:### MICRO (test raw):
INFO:root:	-- left   >> mean: 524.7264, median: 4.0, mrr: 0.281, hits@5: 60.96%
INFO:root:	-- right  >> mean: 502.8922, median: 4.0, mrr: 0.291, hits@5: 62.98%
INFO:root:	-- global >> mean: 513.8093, median: 4.0, mrr: 0.286, hits@5: 61.97%
INFO:root:### MICRO (test raw):
INFO:root:	-- left   >> mean: 524.7264, median: 4.0, mrr: 0.281, hits@10: 74.04%
INFO:root:	-- right  >> mean: 502.8922, median: 4.0, mrr: 0.291, hits@10: 74.84%
INFO:root:	-- global >> mean: 513.8093, median: 4.0, mrr: 0.286, hits@10: 74.44%
INFO:root:### MICRO (test filtered):
INFO:root:	-- left   >> mean: 512.2346, median: 2.0, mrr: 0.369, hits@1: 3.72%
INFO:root:	-- right  >> mean: 491.1588, median: 2.0, mrr: 0.369, hits@1: 3.74%
INFO:root:	-- global >> mean: 501.6967, median: 2.0, mrr: 0.369, hits@1: 3.73%
INFO:root:### MICRO (test filtered):
INFO:root:	-- left   >> mean: 512.2346, median: 2.0, mrr: 0.369, hits@3: 66.84%
INFO:root:	-- right  >> mean: 491.1588, median: 2.0, mrr: 0.369, hits@3: 66.58%
INFO:root:	-- global >> mean: 501.6967, median: 2.0, mrr: 0.369, hits@3: 66.71%
INFO:root:### MICRO (test filtered):
INFO:root:	-- left   >> mean: 512.2346, median: 2.0, mrr: 0.369, hits@5: 78.5%
INFO:root:	-- right  >> mean: 491.1588, median: 2.0, mrr: 0.369, hits@5: 77.96%
INFO:root:	-- global >> mean: 501.6967, median: 2.0, mrr: 0.369, hits@5: 78.23%
INFO:root:### MICRO (test filtered):
INFO:root:	-- left   >> mean: 512.2346, median: 2.0, mrr: 0.369, hits@10: 86.64%
INFO:root:	-- right  >> mean: 491.1588, median: 2.0, mrr: 0.369, hits@10: 86.06%
INFO:root:	-- global >> mean: 501.6967, median: 2.0, mrr: 0.369, hits@10: 86.35%
