Using Theano backend.
Using gpu device 0: GeForce GTX TITAN X (CNMeM is disabled, cuDNN not available)
INFO:root:Acquiring data/wn18/wordnet-mlj12-train.txt ..
INFO:root:Acquiring data/wn18/wordnet-mlj12-valid.txt ..
INFO:root:Acquiring data/wn18/wordnet-mlj12-test.txt ..
INFO:root:[Rules] Adding Head: 15, Tail: [(10, True)]
INFO:root:[Rules] Adding Head: 12, Tail: [(17, True)]
INFO:root:[Rules] Adding Head: 4, Tail: [(5, True)]
INFO:root:[Rules] Adding Head: 13, Tail: [(3, True)]
INFO:root:[Rules] Adding Head: 5, Tail: [(4, True)]
INFO:root:[Rules] Adding Head: 16, Tail: [(11, True)]
INFO:root:[Rules] Adding Head: 17, Tail: [(12, True)]
INFO:root:[Rules] Adding Head: 11, Tail: [(16, True)]
INFO:root:[Rules] Adding Head: 8, Tail: [(9, True)]
INFO:root:[Rules] Adding Head: 2, Tail: [(2, True)]
INFO:root:Samples: 70721, no. batches: 10 -> batch size: 7073
INFO:root:Epoch no. 1 of 500 (samples: 70721)
INFO:root:Loss: 3292.8707 +/- 60.0776
INFO:root:Epoch no. 2 of 500 (samples: 70721)
INFO:root:Loss: 3076.1736 +/- 3.2999
INFO:root:Epoch no. 3 of 500 (samples: 70721)
INFO:root:Loss: 2974.8398 +/- 9.8048
INFO:root:Epoch no. 4 of 500 (samples: 70721)
INFO:root:Loss: 2916.0908 +/- 12.5463
INFO:root:Epoch no. 5 of 500 (samples: 70721)
INFO:root:Loss: 2875.6926 +/- 12.755
INFO:root:Epoch no. 6 of 500 (samples: 70721)
INFO:root:Loss: 2845.4765 +/- 13.7213
INFO:root:Epoch no. 7 of 500 (samples: 70721)
INFO:root:Loss: 2820.7972 +/- 12.8123
INFO:root:Epoch no. 8 of 500 (samples: 70721)
INFO:root:Loss: 2799.2097 +/- 12.996
INFO:root:Epoch no. 9 of 500 (samples: 70721)
INFO:root:Loss: 2781.3739 +/- 11.121
INFO:root:Epoch no. 10 of 500 (samples: 70721)
INFO:root:Loss: 2766.3911 +/- 10.797
INFO:root:Epoch no. 11 of 500 (samples: 70721)
INFO:root:Loss: 2752.2734 +/- 10.6643
INFO:root:Epoch no. 12 of 500 (samples: 70721)
INFO:root:Loss: 2741.1313 +/- 10.1117
INFO:root:Epoch no. 13 of 500 (samples: 70721)
INFO:root:Loss: 2730.4388 +/- 10.0987
INFO:root:Epoch no. 14 of 500 (samples: 70721)
INFO:root:Loss: 2721.7518 +/- 9.6667
INFO:root:Epoch no. 15 of 500 (samples: 70721)
INFO:root:Loss: 2713.5894 +/- 10.0577
INFO:root:Epoch no. 16 of 500 (samples: 70721)
INFO:root:Loss: 2705.6741 +/- 9.0471
INFO:root:Epoch no. 17 of 500 (samples: 70721)
INFO:root:Loss: 2699.0406 +/- 8.8166
INFO:root:Epoch no. 18 of 500 (samples: 70721)
INFO:root:Loss: 2691.8712 +/- 8.7472
INFO:root:Epoch no. 19 of 500 (samples: 70721)
INFO:root:Loss: 2686.6936 +/- 9.9841
INFO:root:Epoch no. 20 of 500 (samples: 70721)
INFO:root:Loss: 2681.3431 +/- 8.6668
INFO:root:Epoch no. 21 of 500 (samples: 70721)
INFO:root:Loss: 2676.3386 +/- 8.7306
INFO:root:Epoch no. 22 of 500 (samples: 70721)
INFO:root:Loss: 2672.3742 +/- 8.2352
INFO:root:Epoch no. 23 of 500 (samples: 70721)
INFO:root:Loss: 2667.5706 +/- 9.6953
INFO:root:Epoch no. 24 of 500 (samples: 70721)
INFO:root:Loss: 2663.7552 +/- 9.6063
INFO:root:Epoch no. 25 of 500 (samples: 70721)
INFO:root:Loss: 2659.5602 +/- 7.8769
INFO:root:Epoch no. 26 of 500 (samples: 70721)
INFO:root:Loss: 2655.7699 +/- 6.6008
INFO:root:Epoch no. 27 of 500 (samples: 70721)
INFO:root:Loss: 2653.0489 +/- 8.0515
INFO:root:Epoch no. 28 of 500 (samples: 70721)
INFO:root:Loss: 2650.3485 +/- 6.5731
INFO:root:Epoch no. 29 of 500 (samples: 70721)
INFO:root:Loss: 2647.8725 +/- 7.1515
INFO:root:Epoch no. 30 of 500 (samples: 70721)
INFO:root:Loss: 2645.1245 +/- 6.6308
INFO:root:Epoch no. 31 of 500 (samples: 70721)
INFO:root:Loss: 2642.9872 +/- 7.5679
INFO:root:Epoch no. 32 of 500 (samples: 70721)
INFO:root:Loss: 2640.0671 +/- 6.3697
INFO:root:Epoch no. 33 of 500 (samples: 70721)
INFO:root:Loss: 2637.3134 +/- 6.1714
INFO:root:Epoch no. 34 of 500 (samples: 70721)
INFO:root:Loss: 2635.8566 +/- 7.4986
INFO:root:Epoch no. 35 of 500 (samples: 70721)
INFO:root:Loss: 2634.2968 +/- 7.5323
INFO:root:Epoch no. 36 of 500 (samples: 70721)
INFO:root:Loss: 2632.7117 +/- 5.6847
INFO:root:Epoch no. 37 of 500 (samples: 70721)
INFO:root:Loss: 2631.4719 +/- 5.9816
INFO:root:Epoch no. 38 of 500 (samples: 70721)
INFO:root:Loss: 2628.6147 +/- 5.7198
INFO:root:Epoch no. 39 of 500 (samples: 70721)
INFO:root:Loss: 2627.6991 +/- 6.3526
INFO:root:Epoch no. 40 of 500 (samples: 70721)
INFO:root:Loss: 2626.1149 +/- 6.4252
INFO:root:Epoch no. 41 of 500 (samples: 70721)
INFO:root:Loss: 2625.2429 +/- 5.6594
INFO:root:Epoch no. 42 of 500 (samples: 70721)
INFO:root:Loss: 2622.7294 +/- 5.341
INFO:root:Epoch no. 43 of 500 (samples: 70721)
INFO:root:Loss: 2621.9005 +/- 6.109
INFO:root:Epoch no. 44 of 500 (samples: 70721)
INFO:root:Loss: 2620.3589 +/- 5.5288
INFO:root:Epoch no. 45 of 500 (samples: 70721)
INFO:root:Loss: 2619.5971 +/- 4.3703
INFO:root:Epoch no. 46 of 500 (samples: 70721)
INFO:root:Loss: 2617.6075 +/- 5.6782
INFO:root:Epoch no. 47 of 500 (samples: 70721)
INFO:root:Loss: 2616.9811 +/- 6.2177
INFO:root:Epoch no. 48 of 500 (samples: 70721)
INFO:root:Loss: 2616.2356 +/- 6.1697
INFO:root:Epoch no. 49 of 500 (samples: 70721)
INFO:root:Loss: 2615.1083 +/- 6.176
INFO:root:Epoch no. 50 of 500 (samples: 70721)
INFO:root:Loss: 2614.5808 +/- 6.4234
INFO:root:Epoch no. 51 of 500 (samples: 70721)
INFO:root:Loss: 2613.5011 +/- 7.0236
INFO:root:Epoch no. 52 of 500 (samples: 70721)
INFO:root:Loss: 2612.2756 +/- 5.1146
INFO:root:Epoch no. 53 of 500 (samples: 70721)
INFO:root:Loss: 2611.4996 +/- 5.7858
INFO:root:Epoch no. 54 of 500 (samples: 70721)
INFO:root:Loss: 2609.751 +/- 5.0883
INFO:root:Epoch no. 55 of 500 (samples: 70721)
INFO:root:Loss: 2609.8822 +/- 4.5887
INFO:root:Epoch no. 56 of 500 (samples: 70721)
INFO:root:Loss: 2609.4506 +/- 4.3469
INFO:root:Epoch no. 57 of 500 (samples: 70721)
INFO:root:Loss: 2607.8299 +/- 5.2963
INFO:root:Epoch no. 58 of 500 (samples: 70721)
INFO:root:Loss: 2606.8834 +/- 5.5513
INFO:root:Epoch no. 59 of 500 (samples: 70721)
INFO:root:Loss: 2605.958 +/- 6.6103
INFO:root:Epoch no. 60 of 500 (samples: 70721)
INFO:root:Loss: 2605.3959 +/- 4.7987
INFO:root:Epoch no. 61 of 500 (samples: 70721)
INFO:root:Loss: 2605.3745 +/- 4.3548
INFO:root:Epoch no. 62 of 500 (samples: 70721)
INFO:root:Loss: 2604.4952 +/- 3.5241
INFO:root:Epoch no. 63 of 500 (samples: 70721)
INFO:root:Loss: 2602.5565 +/- 5.7347
INFO:root:Epoch no. 64 of 500 (samples: 70721)
INFO:root:Loss: 2602.8362 +/- 6.8815
INFO:root:Epoch no. 65 of 500 (samples: 70721)
INFO:root:Loss: 2602.0045 +/- 5.1959
INFO:root:Epoch no. 66 of 500 (samples: 70721)
INFO:root:Loss: 2601.5217 +/- 5.1368
INFO:root:Epoch no. 67 of 500 (samples: 70721)
INFO:root:Loss: 2601.2114 +/- 4.7586
INFO:root:Epoch no. 68 of 500 (samples: 70721)
INFO:root:Loss: 2600.6645 +/- 4.1714
INFO:root:Epoch no. 69 of 500 (samples: 70721)
INFO:root:Loss: 2599.4512 +/- 4.2937
INFO:root:Epoch no. 70 of 500 (samples: 70721)
INFO:root:Loss: 2599.4358 +/- 3.8727
INFO:root:Epoch no. 71 of 500 (samples: 70721)
INFO:root:Loss: 2598.6165 +/- 5.0512
INFO:root:Epoch no. 72 of 500 (samples: 70721)
INFO:root:Loss: 2598.0425 +/- 5.8077
INFO:root:Epoch no. 73 of 500 (samples: 70721)
INFO:root:Loss: 2597.3905 +/- 4.0608
INFO:root:Epoch no. 74 of 500 (samples: 70721)
INFO:root:Loss: 2597.5793 +/- 4.7804
INFO:root:Epoch no. 75 of 500 (samples: 70721)
INFO:root:Loss: 2597.136 +/- 4.1997
INFO:root:Epoch no. 76 of 500 (samples: 70721)
INFO:root:Loss: 2596.1394 +/- 4.4638
INFO:root:Epoch no. 77 of 500 (samples: 70721)
INFO:root:Loss: 2595.9532 +/- 4.8666
INFO:root:Epoch no. 78 of 500 (samples: 70721)
INFO:root:Loss: 2595.7806 +/- 3.6581
INFO:root:Epoch no. 79 of 500 (samples: 70721)
INFO:root:Loss: 2594.9669 +/- 3.8458
INFO:root:Epoch no. 80 of 500 (samples: 70721)
INFO:root:Loss: 2594.5482 +/- 4.747
INFO:root:Epoch no. 81 of 500 (samples: 70721)
INFO:root:Loss: 2594.3849 +/- 4.0756
INFO:root:Epoch no. 82 of 500 (samples: 70721)
INFO:root:Loss: 2593.6673 +/- 5.3852
INFO:root:Epoch no. 83 of 500 (samples: 70721)
INFO:root:Loss: 2593.1262 +/- 5.709
INFO:root:Epoch no. 84 of 500 (samples: 70721)
INFO:root:Loss: 2593.3242 +/- 4.1302
INFO:root:Epoch no. 85 of 500 (samples: 70721)
INFO:root:Loss: 2592.6152 +/- 3.4048
INFO:root:Epoch no. 86 of 500 (samples: 70721)
INFO:root:Loss: 2592.0488 +/- 3.9871
INFO:root:Epoch no. 87 of 500 (samples: 70721)
INFO:root:Loss: 2591.5421 +/- 4.1472
INFO:root:Epoch no. 88 of 500 (samples: 70721)
INFO:root:Loss: 2591.2086 +/- 4.9917
INFO:root:Epoch no. 89 of 500 (samples: 70721)
INFO:root:Loss: 2591.241 +/- 3.8966
INFO:root:Epoch no. 90 of 500 (samples: 70721)
INFO:root:Loss: 2591.4175 +/- 4.5021
INFO:root:Epoch no. 91 of 500 (samples: 70721)
INFO:root:Loss: 2590.2454 +/- 3.7879
INFO:root:Epoch no. 92 of 500 (samples: 70721)
INFO:root:Loss: 2589.4792 +/- 4.5086
INFO:root:Epoch no. 93 of 500 (samples: 70721)
INFO:root:Loss: 2589.2056 +/- 3.3759
INFO:root:Epoch no. 94 of 500 (samples: 70721)
INFO:root:Loss: 2589.2645 +/- 4.1707
INFO:root:Epoch no. 95 of 500 (samples: 70721)
INFO:root:Loss: 2588.7503 +/- 3.864
INFO:root:Epoch no. 96 of 500 (samples: 70721)
INFO:root:Loss: 2588.5658 +/- 4.0971
INFO:root:Epoch no. 97 of 500 (samples: 70721)
INFO:root:Loss: 2587.8241 +/- 3.1923
INFO:root:Epoch no. 98 of 500 (samples: 70721)
INFO:root:Loss: 2587.5028 +/- 4.4113
INFO:root:Epoch no. 99 of 500 (samples: 70721)
INFO:root:Loss: 2587.1916 +/- 3.8335
INFO:root:Epoch no. 100 of 500 (samples: 70721)
INFO:root:Loss: 2587.5514 +/- 4.8871
INFO:root:Epoch no. 101 of 500 (samples: 70721)
INFO:root:Loss: 2586.2203 +/- 4.546
INFO:root:Epoch no. 102 of 500 (samples: 70721)
INFO:root:Loss: 2586.2862 +/- 3.9632
INFO:root:Epoch no. 103 of 500 (samples: 70721)
INFO:root:Loss: 2586.2276 +/- 2.7425
INFO:root:Epoch no. 104 of 500 (samples: 70721)
INFO:root:Loss: 2586.3652 +/- 3.8842
INFO:root:Epoch no. 105 of 500 (samples: 70721)
INFO:root:Loss: 2585.1177 +/- 3.8877
INFO:root:Epoch no. 106 of 500 (samples: 70721)
INFO:root:Loss: 2585.4037 +/- 3.5575
INFO:root:Epoch no. 107 of 500 (samples: 70721)
INFO:root:Loss: 2584.862 +/- 2.629
INFO:root:Epoch no. 108 of 500 (samples: 70721)
INFO:root:Loss: 2584.4708 +/- 4.2942
INFO:root:Epoch no. 109 of 500 (samples: 70721)
INFO:root:Loss: 2585.7004 +/- 4.2997
INFO:root:Epoch no. 110 of 500 (samples: 70721)
INFO:root:Loss: 2583.8828 +/- 3.507
INFO:root:Epoch no. 111 of 500 (samples: 70721)
INFO:root:Loss: 2583.9483 +/- 4.2839
INFO:root:Epoch no. 112 of 500 (samples: 70721)
INFO:root:Loss: 2583.5871 +/- 4.2295
INFO:root:Epoch no. 113 of 500 (samples: 70721)
INFO:root:Loss: 2583.3647 +/- 3.841
INFO:root:Epoch no. 114 of 500 (samples: 70721)
INFO:root:Loss: 2582.9876 +/- 5.5028
INFO:root:Epoch no. 115 of 500 (samples: 70721)
INFO:root:Loss: 2582.4946 +/- 3.3952
INFO:root:Epoch no. 116 of 500 (samples: 70721)
INFO:root:Loss: 2582.2784 +/- 4.5042
INFO:root:Epoch no. 117 of 500 (samples: 70721)
INFO:root:Loss: 2581.9981 +/- 3.2981
INFO:root:Epoch no. 118 of 500 (samples: 70721)
INFO:root:Loss: 2582.0038 +/- 2.3275
INFO:root:Epoch no. 119 of 500 (samples: 70721)
INFO:root:Loss: 2581.9617 +/- 4.8739
INFO:root:Epoch no. 120 of 500 (samples: 70721)
INFO:root:Loss: 2581.7082 +/- 4.2235
INFO:root:Epoch no. 121 of 500 (samples: 70721)
INFO:root:Loss: 2581.4681 +/- 2.602
INFO:root:Epoch no. 122 of 500 (samples: 70721)
INFO:root:Loss: 2581.2578 +/- 3.5335
INFO:root:Epoch no. 123 of 500 (samples: 70721)
INFO:root:Loss: 2581.6187 +/- 4.615
INFO:root:Epoch no. 124 of 500 (samples: 70721)
INFO:root:Loss: 2581.0554 +/- 2.8947
INFO:root:Epoch no. 125 of 500 (samples: 70721)
INFO:root:Loss: 2580.7007 +/- 3.0923
INFO:root:Epoch no. 126 of 500 (samples: 70721)
INFO:root:Loss: 2580.0337 +/- 2.6996
INFO:root:Epoch no. 127 of 500 (samples: 70721)
INFO:root:Loss: 2580.4081 +/- 2.6953
INFO:root:Epoch no. 128 of 500 (samples: 70721)
INFO:root:Loss: 2579.7933 +/- 3.9312
INFO:root:Epoch no. 129 of 500 (samples: 70721)
INFO:root:Loss: 2580.4535 +/- 3.2732
INFO:root:Epoch no. 130 of 500 (samples: 70721)
INFO:root:Loss: 2579.688 +/- 3.6818
INFO:root:Epoch no. 131 of 500 (samples: 70721)
INFO:root:Loss: 2579.0972 +/- 5.007
INFO:root:Epoch no. 132 of 500 (samples: 70721)
INFO:root:Loss: 2579.1144 +/- 2.7828
INFO:root:Epoch no. 133 of 500 (samples: 70721)
INFO:root:Loss: 2579.3357 +/- 4.5077
INFO:root:Epoch no. 134 of 500 (samples: 70721)
INFO:root:Loss: 2578.6059 +/- 3.5592
INFO:root:Epoch no. 135 of 500 (samples: 70721)
INFO:root:Loss: 2577.8596 +/- 3.8574
INFO:root:Epoch no. 136 of 500 (samples: 70721)
INFO:root:Loss: 2578.5488 +/- 2.8869
INFO:root:Epoch no. 137 of 500 (samples: 70721)
INFO:root:Loss: 2577.8802 +/- 2.3167
INFO:root:Epoch no. 138 of 500 (samples: 70721)
INFO:root:Loss: 2578.2918 +/- 2.7587
INFO:root:Epoch no. 139 of 500 (samples: 70721)
INFO:root:Loss: 2578.1911 +/- 3.5389
INFO:root:Epoch no. 140 of 500 (samples: 70721)
INFO:root:Loss: 2576.9035 +/- 2.1749
INFO:root:Epoch no. 141 of 500 (samples: 70721)
INFO:root:Loss: 2576.9139 +/- 3.6213
INFO:root:Epoch no. 142 of 500 (samples: 70721)
INFO:root:Loss: 2577.065 +/- 4.1595
INFO:root:Epoch no. 143 of 500 (samples: 70721)
INFO:root:Loss: 2576.6998 +/- 3.3318
INFO:root:Epoch no. 144 of 500 (samples: 70721)
INFO:root:Loss: 2577.0974 +/- 4.9444
INFO:root:Epoch no. 145 of 500 (samples: 70721)
INFO:root:Loss: 2577.3844 +/- 3.7025
INFO:root:Epoch no. 146 of 500 (samples: 70721)
INFO:root:Loss: 2576.3877 +/- 3.5587
INFO:root:Epoch no. 147 of 500 (samples: 70721)
INFO:root:Loss: 2577.1141 +/- 4.8609
INFO:root:Epoch no. 148 of 500 (samples: 70721)
INFO:root:Loss: 2576.3128 +/- 3.2457
INFO:root:Epoch no. 149 of 500 (samples: 70721)
INFO:root:Loss: 2576.8973 +/- 3.31
INFO:root:Epoch no. 150 of 500 (samples: 70721)
INFO:root:Loss: 2575.4953 +/- 2.6296
INFO:root:Epoch no. 151 of 500 (samples: 70721)
INFO:root:Loss: 2575.7091 +/- 3.1142
INFO:root:Epoch no. 152 of 500 (samples: 70721)
INFO:root:Loss: 2575.4161 +/- 3.491
INFO:root:Epoch no. 153 of 500 (samples: 70721)
INFO:root:Loss: 2575.1294 +/- 2.6673
INFO:root:Epoch no. 154 of 500 (samples: 70721)
INFO:root:Loss: 2575.0423 +/- 4.7172
INFO:root:Epoch no. 155 of 500 (samples: 70721)
INFO:root:Loss: 2575.105 +/- 4.7694
INFO:root:Epoch no. 156 of 500 (samples: 70721)
INFO:root:Loss: 2575.2013 +/- 3.5834
INFO:root:Epoch no. 157 of 500 (samples: 70721)
INFO:root:Loss: 2574.5158 +/- 3.7805
INFO:root:Epoch no. 158 of 500 (samples: 70721)
INFO:root:Loss: 2575.489 +/- 3.5908
INFO:root:Epoch no. 159 of 500 (samples: 70721)
INFO:root:Loss: 2574.2362 +/- 5.0922
INFO:root:Epoch no. 160 of 500 (samples: 70721)
INFO:root:Loss: 2573.9709 +/- 3.2697
INFO:root:Epoch no. 161 of 500 (samples: 70721)
INFO:root:Loss: 2574.3123 +/- 2.8213
INFO:root:Epoch no. 162 of 500 (samples: 70721)
INFO:root:Loss: 2574.6612 +/- 3.7925
INFO:root:Epoch no. 163 of 500 (samples: 70721)
INFO:root:Loss: 2574.1415 +/- 3.6792
INFO:root:Epoch no. 164 of 500 (samples: 70721)
INFO:root:Loss: 2573.6654 +/- 3.7119
INFO:root:Epoch no. 165 of 500 (samples: 70721)
INFO:root:Loss: 2573.7143 +/- 3.7307
INFO:root:Epoch no. 166 of 500 (samples: 70721)
INFO:root:Loss: 2573.2771 +/- 3.6975
INFO:root:Epoch no. 167 of 500 (samples: 70721)
INFO:root:Loss: 2573.2512 +/- 3.0663
INFO:root:Epoch no. 168 of 500 (samples: 70721)
INFO:root:Loss: 2573.3453 +/- 3.4306
INFO:root:Epoch no. 169 of 500 (samples: 70721)
INFO:root:Loss: 2573.7596 +/- 2.6133
INFO:root:Epoch no. 170 of 500 (samples: 70721)
INFO:root:Loss: 2572.5422 +/- 3.5642
INFO:root:Epoch no. 171 of 500 (samples: 70721)
INFO:root:Loss: 2571.8417 +/- 3.8313
INFO:root:Epoch no. 172 of 500 (samples: 70721)
INFO:root:Loss: 2572.2797 +/- 3.6564
INFO:root:Epoch no. 173 of 500 (samples: 70721)
INFO:root:Loss: 2572.6143 +/- 1.8847
INFO:root:Epoch no. 174 of 500 (samples: 70721)
INFO:root:Loss: 2572.7044 +/- 3.6584
INFO:root:Epoch no. 175 of 500 (samples: 70721)
INFO:root:Loss: 2571.951 +/- 3.6404
INFO:root:Epoch no. 176 of 500 (samples: 70721)
INFO:root:Loss: 2571.9752 +/- 2.9801
INFO:root:Epoch no. 177 of 500 (samples: 70721)
INFO:root:Loss: 2571.6144 +/- 4.1584
INFO:root:Epoch no. 178 of 500 (samples: 70721)
INFO:root:Loss: 2571.6107 +/- 3.1478
INFO:root:Epoch no. 179 of 500 (samples: 70721)
INFO:root:Loss: 2571.7372 +/- 4.4083
INFO:root:Epoch no. 180 of 500 (samples: 70721)
INFO:root:Loss: 2572.4471 +/- 3.892
INFO:root:Epoch no. 181 of 500 (samples: 70721)
INFO:root:Loss: 2571.4033 +/- 3.4198
INFO:root:Epoch no. 182 of 500 (samples: 70721)
INFO:root:Loss: 2571.7909 +/- 3.5353
INFO:root:Epoch no. 183 of 500 (samples: 70721)
INFO:root:Loss: 2571.0876 +/- 4.0598
INFO:root:Epoch no. 184 of 500 (samples: 70721)
INFO:root:Loss: 2571.1801 +/- 3.3297
INFO:root:Epoch no. 185 of 500 (samples: 70721)
INFO:root:Loss: 2570.7605 +/- 4.0828
INFO:root:Epoch no. 186 of 500 (samples: 70721)
INFO:root:Loss: 2571.3124 +/- 3.0456
INFO:root:Epoch no. 187 of 500 (samples: 70721)
INFO:root:Loss: 2570.0928 +/- 3.9474
INFO:root:Epoch no. 188 of 500 (samples: 70721)
INFO:root:Loss: 2569.7904 +/- 3.2077
INFO:root:Epoch no. 189 of 500 (samples: 70721)
INFO:root:Loss: 2571.0103 +/- 3.0599
INFO:root:Epoch no. 190 of 500 (samples: 70721)
INFO:root:Loss: 2570.5017 +/- 2.6389
INFO:root:Epoch no. 191 of 500 (samples: 70721)
INFO:root:Loss: 2570.1091 +/- 2.5505
INFO:root:Epoch no. 192 of 500 (samples: 70721)
INFO:root:Loss: 2569.7357 +/- 4.2368
INFO:root:Epoch no. 193 of 500 (samples: 70721)
INFO:root:Loss: 2569.8244 +/- 3.5461
INFO:root:Epoch no. 194 of 500 (samples: 70721)
INFO:root:Loss: 2569.4857 +/- 3.6962
INFO:root:Epoch no. 195 of 500 (samples: 70721)
INFO:root:Loss: 2569.308 +/- 2.3153
INFO:root:Epoch no. 196 of 500 (samples: 70721)
INFO:root:Loss: 2568.9089 +/- 3.6346
INFO:root:Epoch no. 197 of 500 (samples: 70721)
INFO:root:Loss: 2569.6183 +/- 3.9871
INFO:root:Epoch no. 198 of 500 (samples: 70721)
INFO:root:Loss: 2569.3762 +/- 4.4671
INFO:root:Epoch no. 199 of 500 (samples: 70721)
INFO:root:Loss: 2569.3946 +/- 3.7138
INFO:root:Epoch no. 200 of 500 (samples: 70721)
INFO:root:Loss: 2568.6769 +/- 2.7997
INFO:root:Epoch no. 201 of 500 (samples: 70721)
INFO:root:Loss: 2568.9915 +/- 2.1893
INFO:root:Epoch no. 202 of 500 (samples: 70721)
INFO:root:Loss: 2568.5191 +/- 3.8815
INFO:root:Epoch no. 203 of 500 (samples: 70721)
INFO:root:Loss: 2568.9558 +/- 2.9133
INFO:root:Epoch no. 204 of 500 (samples: 70721)
INFO:root:Loss: 2569.5847 +/- 2.7645
INFO:root:Epoch no. 205 of 500 (samples: 70721)
INFO:root:Loss: 2569.2685 +/- 3.9945
INFO:root:Epoch no. 206 of 500 (samples: 70721)
INFO:root:Loss: 2568.8462 +/- 2.9081
INFO:root:Epoch no. 207 of 500 (samples: 70721)
INFO:root:Loss: 2568.9785 +/- 3.5424
INFO:root:Epoch no. 208 of 500 (samples: 70721)
INFO:root:Loss: 2568.3494 +/- 2.8098
INFO:root:Epoch no. 209 of 500 (samples: 70721)
INFO:root:Loss: 2568.403 +/- 3.8066
INFO:root:Epoch no. 210 of 500 (samples: 70721)
INFO:root:Loss: 2568.2416 +/- 3.1296
INFO:root:Epoch no. 211 of 500 (samples: 70721)
INFO:root:Loss: 2568.2132 +/- 3.0288
INFO:root:Epoch no. 212 of 500 (samples: 70721)
INFO:root:Loss: 2568.3615 +/- 2.7771
INFO:root:Epoch no. 213 of 500 (samples: 70721)
INFO:root:Loss: 2567.4183 +/- 4.1011
INFO:root:Epoch no. 214 of 500 (samples: 70721)
INFO:root:Loss: 2566.9671 +/- 2.7469
INFO:root:Epoch no. 215 of 500 (samples: 70721)
INFO:root:Loss: 2567.5913 +/- 3.4674
INFO:root:Epoch no. 216 of 500 (samples: 70721)
INFO:root:Loss: 2568.1383 +/- 3.5608
INFO:root:Epoch no. 217 of 500 (samples: 70721)
INFO:root:Loss: 2567.7094 +/- 4.0667
INFO:root:Epoch no. 218 of 500 (samples: 70721)
INFO:root:Loss: 2566.8101 +/- 2.8844
INFO:root:Epoch no. 219 of 500 (samples: 70721)
INFO:root:Loss: 2568.0634 +/- 3.3073
INFO:root:Epoch no. 220 of 500 (samples: 70721)
INFO:root:Loss: 2567.3006 +/- 4.2149
INFO:root:Epoch no. 221 of 500 (samples: 70721)
INFO:root:Loss: 2567.122 +/- 3.2359
INFO:root:Epoch no. 222 of 500 (samples: 70721)
INFO:root:Loss: 2567.1467 +/- 3.1487
INFO:root:Epoch no. 223 of 500 (samples: 70721)
INFO:root:Loss: 2567.6929 +/- 3.5909
INFO:root:Epoch no. 224 of 500 (samples: 70721)
INFO:root:Loss: 2567.5768 +/- 4.5395
INFO:root:Epoch no. 225 of 500 (samples: 70721)
INFO:root:Loss: 2566.6419 +/- 3.5819
INFO:root:Epoch no. 226 of 500 (samples: 70721)
INFO:root:Loss: 2567.111 +/- 3.3804
INFO:root:Epoch no. 227 of 500 (samples: 70721)
INFO:root:Loss: 2566.2121 +/- 3.3142
INFO:root:Epoch no. 228 of 500 (samples: 70721)
INFO:root:Loss: 2566.4551 +/- 3.404
INFO:root:Epoch no. 229 of 500 (samples: 70721)
INFO:root:Loss: 2566.3916 +/- 3.0258
INFO:root:Epoch no. 230 of 500 (samples: 70721)
INFO:root:Loss: 2566.8824 +/- 2.9939
INFO:root:Epoch no. 231 of 500 (samples: 70721)
INFO:root:Loss: 2566.2263 +/- 3.7961
INFO:root:Epoch no. 232 of 500 (samples: 70721)
INFO:root:Loss: 2565.7223 +/- 2.5854
INFO:root:Epoch no. 233 of 500 (samples: 70721)
INFO:root:Loss: 2565.7187 +/- 3.937
INFO:root:Epoch no. 234 of 500 (samples: 70721)
INFO:root:Loss: 2565.968 +/- 2.6574
INFO:root:Epoch no. 235 of 500 (samples: 70721)
INFO:root:Loss: 2566.4951 +/- 3.3091
INFO:root:Epoch no. 236 of 500 (samples: 70721)
INFO:root:Loss: 2565.2405 +/- 4.0702
INFO:root:Epoch no. 237 of 500 (samples: 70721)
INFO:root:Loss: 2565.6146 +/- 3.3827
INFO:root:Epoch no. 238 of 500 (samples: 70721)
INFO:root:Loss: 2565.418 +/- 3.6757
INFO:root:Epoch no. 239 of 500 (samples: 70721)
INFO:root:Loss: 2565.3056 +/- 3.8574
INFO:root:Epoch no. 240 of 500 (samples: 70721)
INFO:root:Loss: 2565.2858 +/- 4.097
INFO:root:Epoch no. 241 of 500 (samples: 70721)
INFO:root:Loss: 2565.9848 +/- 3.2157
INFO:root:Epoch no. 242 of 500 (samples: 70721)
INFO:root:Loss: 2565.1609 +/- 3.2544
INFO:root:Epoch no. 243 of 500 (samples: 70721)
INFO:root:Loss: 2565.2146 +/- 3.0651
INFO:root:Epoch no. 244 of 500 (samples: 70721)
INFO:root:Loss: 2564.9332 +/- 2.7244
INFO:root:Epoch no. 245 of 500 (samples: 70721)
INFO:root:Loss: 2564.743 +/- 2.8803
INFO:root:Epoch no. 246 of 500 (samples: 70721)
INFO:root:Loss: 2565.4431 +/- 3.5282
INFO:root:Epoch no. 247 of 500 (samples: 70721)
INFO:root:Loss: 2564.9715 +/- 2.9169
INFO:root:Epoch no. 248 of 500 (samples: 70721)
INFO:root:Loss: 2564.5041 +/- 4.6239
INFO:root:Epoch no. 249 of 500 (samples: 70721)
INFO:root:Loss: 2564.9691 +/- 2.9693
INFO:root:Epoch no. 250 of 500 (samples: 70721)
INFO:root:Loss: 2565.1917 +/- 3.4532
INFO:root:Epoch no. 251 of 500 (samples: 70721)
INFO:root:Loss: 2564.7976 +/- 3.1255
INFO:root:Epoch no. 252 of 500 (samples: 70721)
INFO:root:Loss: 2564.2871 +/- 2.6364
INFO:root:Epoch no. 253 of 500 (samples: 70721)
INFO:root:Loss: 2564.9474 +/- 2.2501
INFO:root:Epoch no. 254 of 500 (samples: 70721)
INFO:root:Loss: 2563.9484 +/- 3.5158
INFO:root:Epoch no. 255 of 500 (samples: 70721)
INFO:root:Loss: 2564.5612 +/- 2.3259
INFO:root:Epoch no. 256 of 500 (samples: 70721)
INFO:root:Loss: 2563.971 +/- 3.1544
INFO:root:Epoch no. 257 of 500 (samples: 70721)
INFO:root:Loss: 2564.7585 +/- 3.186
INFO:root:Epoch no. 258 of 500 (samples: 70721)
INFO:root:Loss: 2563.7216 +/- 2.3813
INFO:root:Epoch no. 259 of 500 (samples: 70721)
INFO:root:Loss: 2564.2366 +/- 2.6856
INFO:root:Epoch no. 260 of 500 (samples: 70721)
INFO:root:Loss: 2564.0102 +/- 3.3455
INFO:root:Epoch no. 261 of 500 (samples: 70721)
INFO:root:Loss: 2563.8194 +/- 3.8323
INFO:root:Epoch no. 262 of 500 (samples: 70721)
INFO:root:Loss: 2564.1641 +/- 2.3038
INFO:root:Epoch no. 263 of 500 (samples: 70721)
INFO:root:Loss: 2564.5014 +/- 2.9141
INFO:root:Epoch no. 264 of 500 (samples: 70721)
INFO:root:Loss: 2563.3008 +/- 4.2717
INFO:root:Epoch no. 265 of 500 (samples: 70721)
INFO:root:Loss: 2563.525 +/- 4.3404
INFO:root:Epoch no. 266 of 500 (samples: 70721)
INFO:root:Loss: 2563.2548 +/- 3.4192
INFO:root:Epoch no. 267 of 500 (samples: 70721)
INFO:root:Loss: 2564.166 +/- 2.161
INFO:root:Epoch no. 268 of 500 (samples: 70721)
INFO:root:Loss: 2563.9797 +/- 3.8101
INFO:root:Epoch no. 269 of 500 (samples: 70721)
INFO:root:Loss: 2562.6356 +/- 2.8175
INFO:root:Epoch no. 270 of 500 (samples: 70721)
INFO:root:Loss: 2563.4181 +/- 3.0525
INFO:root:Epoch no. 271 of 500 (samples: 70721)
INFO:root:Loss: 2563.3335 +/- 3.3722
INFO:root:Epoch no. 272 of 500 (samples: 70721)
INFO:root:Loss: 2563.5994 +/- 3.8412
INFO:root:Epoch no. 273 of 500 (samples: 70721)
INFO:root:Loss: 2563.0427 +/- 3.0564
INFO:root:Epoch no. 274 of 500 (samples: 70721)
INFO:root:Loss: 2563.0706 +/- 2.3436
INFO:root:Epoch no. 275 of 500 (samples: 70721)
INFO:root:Loss: 2563.0425 +/- 3.3162
INFO:root:Epoch no. 276 of 500 (samples: 70721)
INFO:root:Loss: 2562.4907 +/- 2.2792
INFO:root:Epoch no. 277 of 500 (samples: 70721)
INFO:root:Loss: 2563.0357 +/- 4.743
INFO:root:Epoch no. 278 of 500 (samples: 70721)
INFO:root:Loss: 2562.5033 +/- 2.5141
INFO:root:Epoch no. 279 of 500 (samples: 70721)
INFO:root:Loss: 2563.7146 +/- 3.413
INFO:root:Epoch no. 280 of 500 (samples: 70721)
INFO:root:Loss: 2563.0238 +/- 2.3914
INFO:root:Epoch no. 281 of 500 (samples: 70721)
INFO:root:Loss: 2561.8526 +/- 3.1921
INFO:root:Epoch no. 282 of 500 (samples: 70721)
INFO:root:Loss: 2562.4462 +/- 3.793
INFO:root:Epoch no. 283 of 500 (samples: 70721)
INFO:root:Loss: 2562.7227 +/- 2.4693
INFO:root:Epoch no. 284 of 500 (samples: 70721)
INFO:root:Loss: 2563.2582 +/- 4.0924
INFO:root:Epoch no. 285 of 500 (samples: 70721)
INFO:root:Loss: 2562.3929 +/- 2.5463
INFO:root:Epoch no. 286 of 500 (samples: 70721)
INFO:root:Loss: 2562.5475 +/- 2.8265
INFO:root:Epoch no. 287 of 500 (samples: 70721)
INFO:root:Loss: 2562.1635 +/- 3.8342
INFO:root:Epoch no. 288 of 500 (samples: 70721)
INFO:root:Loss: 2561.849 +/- 3.7181
INFO:root:Epoch no. 289 of 500 (samples: 70721)
INFO:root:Loss: 2563.1671 +/- 3.0214
INFO:root:Epoch no. 290 of 500 (samples: 70721)
INFO:root:Loss: 2562.3737 +/- 2.5773
INFO:root:Epoch no. 291 of 500 (samples: 70721)
INFO:root:Loss: 2562.2368 +/- 2.2054
INFO:root:Epoch no. 292 of 500 (samples: 70721)
INFO:root:Loss: 2561.2879 +/- 2.4654
INFO:root:Epoch no. 293 of 500 (samples: 70721)
INFO:root:Loss: 2561.7822 +/- 3.3406
INFO:root:Epoch no. 294 of 500 (samples: 70721)
INFO:root:Loss: 2562.647 +/- 1.7021
INFO:root:Epoch no. 295 of 500 (samples: 70721)
INFO:root:Loss: 2561.7102 +/- 3.3311
INFO:root:Epoch no. 296 of 500 (samples: 70721)
INFO:root:Loss: 2561.6402 +/- 3.899
INFO:root:Epoch no. 297 of 500 (samples: 70721)
INFO:root:Loss: 2561.7647 +/- 2.7224
INFO:root:Epoch no. 298 of 500 (samples: 70721)
INFO:root:Loss: 2562.0516 +/- 2.9484
INFO:root:Epoch no. 299 of 500 (samples: 70721)
INFO:root:Loss: 2561.6961 +/- 2.7122
INFO:root:Epoch no. 300 of 500 (samples: 70721)
INFO:root:Loss: 2562.2204 +/- 2.8446
INFO:root:Epoch no. 301 of 500 (samples: 70721)
INFO:root:Loss: 2561.7833 +/- 3.2059
INFO:root:Epoch no. 302 of 500 (samples: 70721)
INFO:root:Loss: 2561.2174 +/- 2.2702
INFO:root:Epoch no. 303 of 500 (samples: 70721)
INFO:root:Loss: 2561.5527 +/- 2.8999
INFO:root:Epoch no. 304 of 500 (samples: 70721)
INFO:root:Loss: 2560.6047 +/- 1.8281
INFO:root:Epoch no. 305 of 500 (samples: 70721)
INFO:root:Loss: 2560.9829 +/- 3.157
INFO:root:Epoch no. 306 of 500 (samples: 70721)
INFO:root:Loss: 2561.2072 +/- 2.5331
INFO:root:Epoch no. 307 of 500 (samples: 70721)
INFO:root:Loss: 2561.6539 +/- 2.7159
INFO:root:Epoch no. 308 of 500 (samples: 70721)
INFO:root:Loss: 2561.4952 +/- 2.9957
INFO:root:Epoch no. 309 of 500 (samples: 70721)
INFO:root:Loss: 2560.5446 +/- 3.1961
INFO:root:Epoch no. 310 of 500 (samples: 70721)
INFO:root:Loss: 2561.5041 +/- 2.4535
INFO:root:Epoch no. 311 of 500 (samples: 70721)
INFO:root:Loss: 2560.5048 +/- 3.7191
INFO:root:Epoch no. 312 of 500 (samples: 70721)
INFO:root:Loss: 2560.6985 +/- 3.6844
INFO:root:Epoch no. 313 of 500 (samples: 70721)
INFO:root:Loss: 2559.9822 +/- 2.4567
INFO:root:Epoch no. 314 of 500 (samples: 70721)
INFO:root:Loss: 2560.8429 +/- 3.2831
INFO:root:Epoch no. 315 of 500 (samples: 70721)
INFO:root:Loss: 2561.4282 +/- 2.9385
INFO:root:Epoch no. 316 of 500 (samples: 70721)
INFO:root:Loss: 2559.9338 +/- 2.7698
INFO:root:Epoch no. 317 of 500 (samples: 70721)
INFO:root:Loss: 2560.643 +/- 2.053
INFO:root:Epoch no. 318 of 500 (samples: 70721)
INFO:root:Loss: 2560.3821 +/- 2.0312
INFO:root:Epoch no. 319 of 500 (samples: 70721)
INFO:root:Loss: 2560.8877 +/- 2.5914
INFO:root:Epoch no. 320 of 500 (samples: 70721)
INFO:root:Loss: 2560.2423 +/- 2.5624
INFO:root:Epoch no. 321 of 500 (samples: 70721)
INFO:root:Loss: 2560.7304 +/- 3.3967
INFO:root:Epoch no. 322 of 500 (samples: 70721)
INFO:root:Loss: 2560.5889 +/- 3.2902
INFO:root:Epoch no. 323 of 500 (samples: 70721)
INFO:root:Loss: 2560.9934 +/- 3.1057
INFO:root:Epoch no. 324 of 500 (samples: 70721)
INFO:root:Loss: 2560.575 +/- 2.931
INFO:root:Epoch no. 325 of 500 (samples: 70721)
INFO:root:Loss: 2559.8341 +/- 3.0652
INFO:root:Epoch no. 326 of 500 (samples: 70721)
INFO:root:Loss: 2561.4316 +/- 2.2465
INFO:root:Epoch no. 327 of 500 (samples: 70721)
INFO:root:Loss: 2559.5855 +/- 2.8797
INFO:root:Epoch no. 328 of 500 (samples: 70721)
INFO:root:Loss: 2560.7355 +/- 2.4065
INFO:root:Epoch no. 329 of 500 (samples: 70721)
INFO:root:Loss: 2560.8557 +/- 2.5345
INFO:root:Epoch no. 330 of 500 (samples: 70721)
INFO:root:Loss: 2559.8474 +/- 2.3346
INFO:root:Epoch no. 331 of 500 (samples: 70721)
INFO:root:Loss: 2559.7063 +/- 2.2186
INFO:root:Epoch no. 332 of 500 (samples: 70721)
INFO:root:Loss: 2559.7268 +/- 3.2463
INFO:root:Epoch no. 333 of 500 (samples: 70721)
INFO:root:Loss: 2560.0042 +/- 2.6162
INFO:root:Epoch no. 334 of 500 (samples: 70721)
INFO:root:Loss: 2559.9001 +/- 3.0262
INFO:root:Epoch no. 335 of 500 (samples: 70721)
INFO:root:Loss: 2559.2656 +/- 3.6452
INFO:root:Epoch no. 336 of 500 (samples: 70721)
INFO:root:Loss: 2559.3059 +/- 3.3195
INFO:root:Epoch no. 337 of 500 (samples: 70721)
INFO:root:Loss: 2559.5425 +/- 2.341
INFO:root:Epoch no. 338 of 500 (samples: 70721)
INFO:root:Loss: 2559.6101 +/- 3.2605
INFO:root:Epoch no. 339 of 500 (samples: 70721)
INFO:root:Loss: 2559.4319 +/- 2.6818
INFO:root:Epoch no. 340 of 500 (samples: 70721)
INFO:root:Loss: 2558.8612 +/- 2.4394
INFO:root:Epoch no. 341 of 500 (samples: 70721)
INFO:root:Loss: 2559.7142 +/- 3.5035
INFO:root:Epoch no. 342 of 500 (samples: 70721)
INFO:root:Loss: 2559.3929 +/- 3.0842
INFO:root:Epoch no. 343 of 500 (samples: 70721)
INFO:root:Loss: 2559.4634 +/- 3.036
INFO:root:Epoch no. 344 of 500 (samples: 70721)
INFO:root:Loss: 2559.6619 +/- 3.1832
INFO:root:Epoch no. 345 of 500 (samples: 70721)
INFO:root:Loss: 2558.5597 +/- 1.6614
INFO:root:Epoch no. 346 of 500 (samples: 70721)
INFO:root:Loss: 2560.0926 +/- 3.1065
INFO:root:Epoch no. 347 of 500 (samples: 70721)
INFO:root:Loss: 2559.02 +/- 1.5877
INFO:root:Epoch no. 348 of 500 (samples: 70721)
INFO:root:Loss: 2559.5073 +/- 2.2462
INFO:root:Epoch no. 349 of 500 (samples: 70721)
INFO:root:Loss: 2559.0636 +/- 4.0333
INFO:root:Epoch no. 350 of 500 (samples: 70721)
INFO:root:Loss: 2559.4267 +/- 2.6462
INFO:root:Epoch no. 351 of 500 (samples: 70721)
INFO:root:Loss: 2559.3249 +/- 3.5233
INFO:root:Epoch no. 352 of 500 (samples: 70721)
INFO:root:Loss: 2559.042 +/- 2.8832
INFO:root:Epoch no. 353 of 500 (samples: 70721)
INFO:root:Loss: 2559.0489 +/- 2.4618
INFO:root:Epoch no. 354 of 500 (samples: 70721)
INFO:root:Loss: 2559.5212 +/- 2.6712
INFO:root:Epoch no. 355 of 500 (samples: 70721)
INFO:root:Loss: 2559.2262 +/- 3.0194
INFO:root:Epoch no. 356 of 500 (samples: 70721)
INFO:root:Loss: 2558.598 +/- 2.8397
INFO:root:Epoch no. 357 of 500 (samples: 70721)
INFO:root:Loss: 2558.0768 +/- 1.8301
INFO:root:Epoch no. 358 of 500 (samples: 70721)
INFO:root:Loss: 2558.3813 +/- 2.9347
INFO:root:Epoch no. 359 of 500 (samples: 70721)
INFO:root:Loss: 2559.5375 +/- 2.7379
INFO:root:Epoch no. 360 of 500 (samples: 70721)
INFO:root:Loss: 2558.7606 +/- 3.3397
INFO:root:Epoch no. 361 of 500 (samples: 70721)
INFO:root:Loss: 2558.6478 +/- 3.4247
INFO:root:Epoch no. 362 of 500 (samples: 70721)
INFO:root:Loss: 2558.2037 +/- 3.5553
INFO:root:Epoch no. 363 of 500 (samples: 70721)
INFO:root:Loss: 2557.9095 +/- 2.5266
INFO:root:Epoch no. 364 of 500 (samples: 70721)
INFO:root:Loss: 2557.8362 +/- 2.6134
INFO:root:Epoch no. 365 of 500 (samples: 70721)
INFO:root:Loss: 2558.6515 +/- 1.6036
INFO:root:Epoch no. 366 of 500 (samples: 70721)
INFO:root:Loss: 2558.7761 +/- 3.1379
INFO:root:Epoch no. 367 of 500 (samples: 70721)
INFO:root:Loss: 2558.4131 +/- 2.7137
INFO:root:Epoch no. 368 of 500 (samples: 70721)
INFO:root:Loss: 2558.0214 +/- 2.6463
INFO:root:Epoch no. 369 of 500 (samples: 70721)
INFO:root:Loss: 2558.7666 +/- 3.0682
INFO:root:Epoch no. 370 of 500 (samples: 70721)
INFO:root:Loss: 2557.9012 +/- 2.9514
INFO:root:Epoch no. 371 of 500 (samples: 70721)
INFO:root:Loss: 2557.5066 +/- 3.4244
INFO:root:Epoch no. 372 of 500 (samples: 70721)
INFO:root:Loss: 2558.4175 +/- 2.4409
INFO:root:Epoch no. 373 of 500 (samples: 70721)
INFO:root:Loss: 2558.6769 +/- 2.1121
INFO:root:Epoch no. 374 of 500 (samples: 70721)
INFO:root:Loss: 2557.7433 +/- 3.2232
INFO:root:Epoch no. 375 of 500 (samples: 70721)
INFO:root:Loss: 2558.8365 +/- 3.3754
INFO:root:Epoch no. 376 of 500 (samples: 70721)
INFO:root:Loss: 2558.1176 +/- 2.7551
INFO:root:Epoch no. 377 of 500 (samples: 70721)
INFO:root:Loss: 2558.0919 +/- 2.9464
INFO:root:Epoch no. 378 of 500 (samples: 70721)
INFO:root:Loss: 2557.2073 +/- 3.4231
INFO:root:Epoch no. 379 of 500 (samples: 70721)
INFO:root:Loss: 2558.418 +/- 1.4848
INFO:root:Epoch no. 380 of 500 (samples: 70721)
INFO:root:Loss: 2558.0359 +/- 3.0197
INFO:root:Epoch no. 381 of 500 (samples: 70721)
INFO:root:Loss: 2557.532 +/- 3.678
INFO:root:Epoch no. 382 of 500 (samples: 70721)
INFO:root:Loss: 2557.5099 +/- 1.9571
INFO:root:Epoch no. 383 of 500 (samples: 70721)
INFO:root:Loss: 2558.2521 +/- 2.017
INFO:root:Epoch no. 384 of 500 (samples: 70721)
INFO:root:Loss: 2557.9207 +/- 3.6479
INFO:root:Epoch no. 385 of 500 (samples: 70721)
INFO:root:Loss: 2556.8553 +/- 2.6977
INFO:root:Epoch no. 386 of 500 (samples: 70721)
INFO:root:Loss: 2556.9902 +/- 2.5064
INFO:root:Epoch no. 387 of 500 (samples: 70721)
INFO:root:Loss: 2557.6859 +/- 2.9855
INFO:root:Epoch no. 388 of 500 (samples: 70721)
INFO:root:Loss: 2557.5336 +/- 2.778
INFO:root:Epoch no. 389 of 500 (samples: 70721)
INFO:root:Loss: 2557.7999 +/- 3.0581
INFO:root:Epoch no. 390 of 500 (samples: 70721)
INFO:root:Loss: 2557.953 +/- 2.6103
INFO:root:Epoch no. 391 of 500 (samples: 70721)
INFO:root:Loss: 2557.0436 +/- 3.2435
INFO:root:Epoch no. 392 of 500 (samples: 70721)
INFO:root:Loss: 2557.662 +/- 3.1207
INFO:root:Epoch no. 393 of 500 (samples: 70721)
INFO:root:Loss: 2557.368 +/- 3.6093
INFO:root:Epoch no. 394 of 500 (samples: 70721)
INFO:root:Loss: 2557.0312 +/- 1.6027
INFO:root:Epoch no. 395 of 500 (samples: 70721)
INFO:root:Loss: 2557.6344 +/- 1.8161
INFO:root:Epoch no. 396 of 500 (samples: 70721)
INFO:root:Loss: 2557.2948 +/- 1.6448
INFO:root:Epoch no. 397 of 500 (samples: 70721)
INFO:root:Loss: 2557.4045 +/- 3.6175
INFO:root:Epoch no. 398 of 500 (samples: 70721)
INFO:root:Loss: 2557.4378 +/- 2.8744
INFO:root:Epoch no. 399 of 500 (samples: 70721)
INFO:root:Loss: 2556.9188 +/- 3.5126
INFO:root:Epoch no. 400 of 500 (samples: 70721)
INFO:root:Loss: 2557.0438 +/- 1.2443
INFO:root:Epoch no. 401 of 500 (samples: 70721)
INFO:root:Loss: 2556.7946 +/- 2.3742
INFO:root:Epoch no. 402 of 500 (samples: 70721)
INFO:root:Loss: 2556.5356 +/- 4.525
INFO:root:Epoch no. 403 of 500 (samples: 70721)
INFO:root:Loss: 2556.7267 +/- 2.8823
INFO:root:Epoch no. 404 of 500 (samples: 70721)
INFO:root:Loss: 2557.4191 +/- 2.5526
INFO:root:Epoch no. 405 of 500 (samples: 70721)
INFO:root:Loss: 2556.2522 +/- 3.1181
INFO:root:Epoch no. 406 of 500 (samples: 70721)
INFO:root:Loss: 2556.9949 +/- 2.9146
INFO:root:Epoch no. 407 of 500 (samples: 70721)
INFO:root:Loss: 2557.2143 +/- 3.0701
INFO:root:Epoch no. 408 of 500 (samples: 70721)
INFO:root:Loss: 2556.359 +/- 3.4338
INFO:root:Epoch no. 409 of 500 (samples: 70721)
INFO:root:Loss: 2556.663 +/- 4.2795
INFO:root:Epoch no. 410 of 500 (samples: 70721)
INFO:root:Loss: 2556.2988 +/- 2.6954
INFO:root:Epoch no. 411 of 500 (samples: 70721)
INFO:root:Loss: 2556.754 +/- 2.8534
INFO:root:Epoch no. 412 of 500 (samples: 70721)
INFO:root:Loss: 2556.6002 +/- 1.9824
INFO:root:Epoch no. 413 of 500 (samples: 70721)
INFO:root:Loss: 2557.511 +/- 2.9873
INFO:root:Epoch no. 414 of 500 (samples: 70721)
INFO:root:Loss: 2556.7662 +/- 3.2473
INFO:root:Epoch no. 415 of 500 (samples: 70721)
INFO:root:Loss: 2556.1103 +/- 3.7621
INFO:root:Epoch no. 416 of 500 (samples: 70721)
INFO:root:Loss: 2556.8722 +/- 2.1634
INFO:root:Epoch no. 417 of 500 (samples: 70721)
INFO:root:Loss: 2556.8388 +/- 3.0363
INFO:root:Epoch no. 418 of 500 (samples: 70721)
INFO:root:Loss: 2556.3238 +/- 2.9806
INFO:root:Epoch no. 419 of 500 (samples: 70721)
INFO:root:Loss: 2556.0493 +/- 3.232
INFO:root:Epoch no. 420 of 500 (samples: 70721)
INFO:root:Loss: 2556.1827 +/- 2.8611
INFO:root:Epoch no. 421 of 500 (samples: 70721)
INFO:root:Loss: 2556.1569 +/- 4.4291
INFO:root:Epoch no. 422 of 500 (samples: 70721)
INFO:root:Loss: 2556.1828 +/- 2.2722
INFO:root:Epoch no. 423 of 500 (samples: 70721)
INFO:root:Loss: 2555.3465 +/- 3.8124
INFO:root:Epoch no. 424 of 500 (samples: 70721)
INFO:root:Loss: 2556.4276 +/- 2.0486
INFO:root:Epoch no. 425 of 500 (samples: 70721)
INFO:root:Loss: 2557.0158 +/- 2.4437
INFO:root:Epoch no. 426 of 500 (samples: 70721)
INFO:root:Loss: 2555.5947 +/- 2.2894
INFO:root:Epoch no. 427 of 500 (samples: 70721)
INFO:root:Loss: 2554.8189 +/- 2.3179
INFO:root:Epoch no. 428 of 500 (samples: 70721)
INFO:root:Loss: 2555.4992 +/- 2.9757
INFO:root:Epoch no. 429 of 500 (samples: 70721)
INFO:root:Loss: 2555.1267 +/- 2.8502
INFO:root:Epoch no. 430 of 500 (samples: 70721)
INFO:root:Loss: 2556.5119 +/- 2.0639
INFO:root:Epoch no. 431 of 500 (samples: 70721)
INFO:root:Loss: 2556.6089 +/- 2.784
INFO:root:Epoch no. 432 of 500 (samples: 70721)
INFO:root:Loss: 2555.3834 +/- 3.6522
INFO:root:Epoch no. 433 of 500 (samples: 70721)
INFO:root:Loss: 2556.3137 +/- 2.2401
INFO:root:Epoch no. 434 of 500 (samples: 70721)
INFO:root:Loss: 2556.387 +/- 3.315
INFO:root:Epoch no. 435 of 500 (samples: 70721)
INFO:root:Loss: 2555.0597 +/- 2.8189
INFO:root:Epoch no. 436 of 500 (samples: 70721)
INFO:root:Loss: 2555.607 +/- 3.0338
INFO:root:Epoch no. 437 of 500 (samples: 70721)
INFO:root:Loss: 2555.921 +/- 2.9016
INFO:root:Epoch no. 438 of 500 (samples: 70721)
INFO:root:Loss: 2555.0173 +/- 2.5322
INFO:root:Epoch no. 439 of 500 (samples: 70721)
INFO:root:Loss: 2555.6079 +/- 2.9877
INFO:root:Epoch no. 440 of 500 (samples: 70721)
INFO:root:Loss: 2554.9454 +/- 3.8008
INFO:root:Epoch no. 441 of 500 (samples: 70721)
INFO:root:Loss: 2555.7713 +/- 2.1289
INFO:root:Epoch no. 442 of 500 (samples: 70721)
INFO:root:Loss: 2555.2745 +/- 2.8396
INFO:root:Epoch no. 443 of 500 (samples: 70721)
INFO:root:Loss: 2556.1349 +/- 2.3127
INFO:root:Epoch no. 444 of 500 (samples: 70721)
INFO:root:Loss: 2556.2325 +/- 2.3769
INFO:root:Epoch no. 445 of 500 (samples: 70721)
INFO:root:Loss: 2555.4666 +/- 2.0297
INFO:root:Epoch no. 446 of 500 (samples: 70721)
INFO:root:Loss: 2555.2834 +/- 2.0669
INFO:root:Epoch no. 447 of 500 (samples: 70721)
INFO:root:Loss: 2555.0657 +/- 1.8294
INFO:root:Epoch no. 448 of 500 (samples: 70721)
INFO:root:Loss: 2555.0933 +/- 2.6226
INFO:root:Epoch no. 449 of 500 (samples: 70721)
INFO:root:Loss: 2554.6639 +/- 1.7708
INFO:root:Epoch no. 450 of 500 (samples: 70721)
INFO:root:Loss: 2555.0072 +/- 3.1972
INFO:root:Epoch no. 451 of 500 (samples: 70721)
INFO:root:Loss: 2555.2897 +/- 2.3189
INFO:root:Epoch no. 452 of 500 (samples: 70721)
INFO:root:Loss: 2554.5571 +/- 3.2059
INFO:root:Epoch no. 453 of 500 (samples: 70721)
INFO:root:Loss: 2555.0824 +/- 3.3036
INFO:root:Epoch no. 454 of 500 (samples: 70721)
INFO:root:Loss: 2555.1366 +/- 2.3578
INFO:root:Epoch no. 455 of 500 (samples: 70721)
INFO:root:Loss: 2555.1477 +/- 3.6794
INFO:root:Epoch no. 456 of 500 (samples: 70721)
INFO:root:Loss: 2555.1325 +/- 2.7504
INFO:root:Epoch no. 457 of 500 (samples: 70721)
INFO:root:Loss: 2555.6193 +/- 2.5223
INFO:root:Epoch no. 458 of 500 (samples: 70721)
INFO:root:Loss: 2554.1133 +/- 2.2728
INFO:root:Epoch no. 459 of 500 (samples: 70721)
INFO:root:Loss: 2554.9087 +/- 2.1659
INFO:root:Epoch no. 460 of 500 (samples: 70721)
INFO:root:Loss: 2555.1688 +/- 2.8524
INFO:root:Epoch no. 461 of 500 (samples: 70721)
INFO:root:Loss: 2555.0747 +/- 2.2659
INFO:root:Epoch no. 462 of 500 (samples: 70721)
INFO:root:Loss: 2554.4216 +/- 2.2225
INFO:root:Epoch no. 463 of 500 (samples: 70721)
INFO:root:Loss: 2554.45 +/- 2.6009
INFO:root:Epoch no. 464 of 500 (samples: 70721)
INFO:root:Loss: 2554.8021 +/- 2.0195
INFO:root:Epoch no. 465 of 500 (samples: 70721)
INFO:root:Loss: 2554.5343 +/- 3.213
INFO:root:Epoch no. 466 of 500 (samples: 70721)
INFO:root:Loss: 2554.3336 +/- 1.4245
INFO:root:Epoch no. 467 of 500 (samples: 70721)
INFO:root:Loss: 2555.5344 +/- 2.3879
INFO:root:Epoch no. 468 of 500 (samples: 70721)
INFO:root:Loss: 2555.1829 +/- 3.3332
INFO:root:Epoch no. 469 of 500 (samples: 70721)
INFO:root:Loss: 2553.967 +/- 2.6824
INFO:root:Epoch no. 470 of 500 (samples: 70721)
INFO:root:Loss: 2555.0019 +/- 2.8713
INFO:root:Epoch no. 471 of 500 (samples: 70721)
INFO:root:Loss: 2554.7044 +/- 1.8896
INFO:root:Epoch no. 472 of 500 (samples: 70721)
INFO:root:Loss: 2554.6525 +/- 2.0308
INFO:root:Epoch no. 473 of 500 (samples: 70721)
INFO:root:Loss: 2554.1925 +/- 2.2502
INFO:root:Epoch no. 474 of 500 (samples: 70721)
INFO:root:Loss: 2554.1024 +/- 2.4876
INFO:root:Epoch no. 475 of 500 (samples: 70721)
INFO:root:Loss: 2554.683 +/- 2.5539
INFO:root:Epoch no. 476 of 500 (samples: 70721)
INFO:root:Loss: 2554.9906 +/- 2.856
INFO:root:Epoch no. 477 of 500 (samples: 70721)
INFO:root:Loss: 2554.4377 +/- 2.8086
INFO:root:Epoch no. 478 of 500 (samples: 70721)
INFO:root:Loss: 2554.8729 +/- 2.0497
INFO:root:Epoch no. 479 of 500 (samples: 70721)
INFO:root:Loss: 2553.9456 +/- 2.9483
INFO:root:Epoch no. 480 of 500 (samples: 70721)
INFO:root:Loss: 2554.459 +/- 2.8786
INFO:root:Epoch no. 481 of 500 (samples: 70721)
INFO:root:Loss: 2554.4049 +/- 2.1331
INFO:root:Epoch no. 482 of 500 (samples: 70721)
INFO:root:Loss: 2554.0044 +/- 2.8333
INFO:root:Epoch no. 483 of 500 (samples: 70721)
INFO:root:Loss: 2554.3958 +/- 1.9749
INFO:root:Epoch no. 484 of 500 (samples: 70721)
INFO:root:Loss: 2554.0974 +/- 2.0552
INFO:root:Epoch no. 485 of 500 (samples: 70721)
INFO:root:Loss: 2554.3435 +/- 2.391
INFO:root:Epoch no. 486 of 500 (samples: 70721)
INFO:root:Loss: 2554.7218 +/- 2.1291
INFO:root:Epoch no. 487 of 500 (samples: 70721)
INFO:root:Loss: 2554.1667 +/- 2.9415
INFO:root:Epoch no. 488 of 500 (samples: 70721)
INFO:root:Loss: 2554.172 +/- 2.8118
INFO:root:Epoch no. 489 of 500 (samples: 70721)
INFO:root:Loss: 2554.3202 +/- 1.9989
INFO:root:Epoch no. 490 of 500 (samples: 70721)
INFO:root:Loss: 2554.0475 +/- 2.9289
INFO:root:Epoch no. 491 of 500 (samples: 70721)
INFO:root:Loss: 2553.2644 +/- 2.7981
INFO:root:Epoch no. 492 of 500 (samples: 70721)
INFO:root:Loss: 2554.0713 +/- 2.8167
INFO:root:Epoch no. 493 of 500 (samples: 70721)
INFO:root:Loss: 2554.7334 +/- 2.0491
INFO:root:Epoch no. 494 of 500 (samples: 70721)
INFO:root:Loss: 2553.1104 +/- 2.2602
INFO:root:Epoch no. 495 of 500 (samples: 70721)
INFO:root:Loss: 2552.9889 +/- 2.7709
INFO:root:Epoch no. 496 of 500 (samples: 70721)
INFO:root:Loss: 2554.0711 +/- 2.2115
INFO:root:Epoch no. 497 of 500 (samples: 70721)
INFO:root:Loss: 2553.396 +/- 2.0515
INFO:root:Epoch no. 498 of 500 (samples: 70721)
INFO:root:Loss: 2554.233 +/- 2.8686
INFO:root:Epoch no. 499 of 500 (samples: 70721)
INFO:root:Loss: 2553.8405 +/- 2.7243
INFO:root:Epoch no. 500 of 500 (samples: 70721)
INFO:root:Loss: 2554.5004 +/- 2.9383
/usr/local/lib/python3.5/dist-packages/keras/backend/theano_backend.py:527: UserWarning: theano.function was asked to create a function computing outputs given certain inputs, but the provided input variable at index 2 is not part of the computational graph needed to compute the outputs: keras_learning_phase.
To make this warning into an error, you can pass the parameter on_unused_input='raise' to theano.function. To disable it completely, use on_unused_input='ignore'.
  **kwargs)
INFO:root:### MICRO (validation raw):
INFO:root:	-- left   >> mean: 3987.7758, median: 94.0, mrr: 0.118, hits@1: 2.96%
INFO:root:	-- right  >> mean: 3946.8952, median: 97.0, mrr: 0.118, hits@1: 3.12%
INFO:root:	-- global >> mean: 3967.3355, median: 96.0, mrr: 0.118, hits@1: 3.04%
INFO:root:### MICRO (validation raw):
INFO:root:	-- left   >> mean: 3987.7758, median: 94.0, mrr: 0.118, hits@3: 15.98%
INFO:root:	-- right  >> mean: 3946.8952, median: 97.0, mrr: 0.118, hits@3: 15.5%
INFO:root:	-- global >> mean: 3967.3355, median: 96.0, mrr: 0.118, hits@3: 15.74%
INFO:root:### MICRO (validation raw):
INFO:root:	-- left   >> mean: 3987.7758, median: 94.0, mrr: 0.118, hits@5: 21.78%
INFO:root:	-- right  >> mean: 3946.8952, median: 97.0, mrr: 0.118, hits@5: 21.82%
INFO:root:	-- global >> mean: 3967.3355, median: 96.0, mrr: 0.118, hits@5: 21.8%
INFO:root:### MICRO (validation raw):
INFO:root:	-- left   >> mean: 3987.7758, median: 94.0, mrr: 0.118, hits@10: 28.86%
INFO:root:	-- right  >> mean: 3946.8952, median: 97.0, mrr: 0.118, hits@10: 28.86%
INFO:root:	-- global >> mean: 3967.3355, median: 96.0, mrr: 0.118, hits@10: 28.86%
INFO:root:### MICRO (validation filtered):
INFO:root:	-- left   >> mean: 3981.6384, median: 84.5, mrr: 0.128, hits@1: 3.44%
INFO:root:	-- right  >> mean: 3940.589, median: 89.5, mrr: 0.128, hits@1: 3.44%
INFO:root:	-- global >> mean: 3961.1137, median: 87.0, mrr: 0.128, hits@1: 3.44%
INFO:root:### MICRO (validation filtered):
INFO:root:	-- left   >> mean: 3981.6384, median: 84.5, mrr: 0.128, hits@3: 17.72%
INFO:root:	-- right  >> mean: 3940.589, median: 89.5, mrr: 0.128, hits@3: 17.5%
INFO:root:	-- global >> mean: 3961.1137, median: 87.0, mrr: 0.128, hits@3: 17.61%
INFO:root:### MICRO (validation filtered):
INFO:root:	-- left   >> mean: 3981.6384, median: 84.5, mrr: 0.128, hits@5: 23.18%
INFO:root:	-- right  >> mean: 3940.589, median: 89.5, mrr: 0.128, hits@5: 23.78%
INFO:root:	-- global >> mean: 3961.1137, median: 87.0, mrr: 0.128, hits@5: 23.48%
INFO:root:### MICRO (validation filtered):
INFO:root:	-- left   >> mean: 3981.6384, median: 84.5, mrr: 0.128, hits@10: 30.16%
INFO:root:	-- right  >> mean: 3940.589, median: 89.5, mrr: 0.128, hits@10: 30.44%
INFO:root:	-- global >> mean: 3961.1137, median: 87.0, mrr: 0.128, hits@10: 30.3%
INFO:root:### MICRO (test raw):
INFO:root:	-- left   >> mean: 3929.7308, median: 107.0, mrr: 0.115, hits@1: 2.66%
INFO:root:	-- right  >> mean: 3921.1112, median: 105.0, mrr: 0.115, hits@1: 2.68%
INFO:root:	-- global >> mean: 3925.421, median: 105.0, mrr: 0.115, hits@1: 2.67%
INFO:root:### MICRO (test raw):
INFO:root:	-- left   >> mean: 3929.7308, median: 107.0, mrr: 0.115, hits@3: 15.42%
INFO:root:	-- right  >> mean: 3921.1112, median: 105.0, mrr: 0.115, hits@3: 15.3%
INFO:root:	-- global >> mean: 3925.421, median: 105.0, mrr: 0.115, hits@3: 15.36%
INFO:root:### MICRO (test raw):
INFO:root:	-- left   >> mean: 3929.7308, median: 107.0, mrr: 0.115, hits@5: 21.4%
INFO:root:	-- right  >> mean: 3921.1112, median: 105.0, mrr: 0.115, hits@5: 21.32%
INFO:root:	-- global >> mean: 3925.421, median: 105.0, mrr: 0.115, hits@5: 21.36%
INFO:root:### MICRO (test raw):
INFO:root:	-- left   >> mean: 3929.7308, median: 107.0, mrr: 0.115, hits@10: 28.82%
INFO:root:	-- right  >> mean: 3921.1112, median: 105.0, mrr: 0.115, hits@10: 28.86%
INFO:root:	-- global >> mean: 3925.421, median: 105.0, mrr: 0.115, hits@10: 28.84%
INFO:root:### MICRO (test filtered):
INFO:root:	-- left   >> mean: 3923.0702, median: 94.0, mrr: 0.125, hits@1: 2.9%
INFO:root:	-- right  >> mean: 3915.2466, median: 95.0, mrr: 0.123, hits@1: 2.86%
INFO:root:	-- global >> mean: 3919.1584, median: 95.0, mrr: 0.124, hits@1: 2.88%
INFO:root:### MICRO (test filtered):
INFO:root:	-- left   >> mean: 3923.0702, median: 94.0, mrr: 0.125, hits@3: 17.56%
INFO:root:	-- right  >> mean: 3915.2466, median: 95.0, mrr: 0.123, hits@3: 17.14%
INFO:root:	-- global >> mean: 3919.1584, median: 95.0, mrr: 0.124, hits@3: 17.35%
INFO:root:### MICRO (test filtered):
INFO:root:	-- left   >> mean: 3923.0702, median: 94.0, mrr: 0.125, hits@5: 23.4%
INFO:root:	-- right  >> mean: 3915.2466, median: 95.0, mrr: 0.123, hits@5: 22.74%
INFO:root:	-- global >> mean: 3919.1584, median: 95.0, mrr: 0.124, hits@5: 23.07%
INFO:root:### MICRO (test filtered):
INFO:root:	-- left   >> mean: 3923.0702, median: 94.0, mrr: 0.125, hits@10: 30.08%
INFO:root:	-- right  >> mean: 3915.2466, median: 95.0, mrr: 0.123, hits@10: 30.3%
INFO:root:	-- global >> mean: 3919.1584, median: 95.0, mrr: 0.124, hits@10: 30.19%
