Using Theano backend.
Using gpu device 0: GeForce GTX TITAN X (CNMeM is disabled, cuDNN not available)
INFO:root:Acquiring data/wn18/wordnet-mlj12-train.txt ..
INFO:root:Acquiring data/wn18/wordnet-mlj12-valid.txt ..
INFO:root:Acquiring data/wn18/wordnet-mlj12-test.txt ..
INFO:root:[Rules] Adding Head: 15, Tail: [(10, True)]
INFO:root:[Rules] Adding Head: 12, Tail: [(17, True)]
INFO:root:[Rules] Adding Head: 4, Tail: [(5, True)]
INFO:root:[Rules] Adding Head: 13, Tail: [(3, True)]
INFO:root:[Rules] Adding Head: 5, Tail: [(4, True)]
INFO:root:[Rules] Adding Head: 16, Tail: [(11, True)]
INFO:root:[Rules] Adding Head: 17, Tail: [(12, True)]
INFO:root:[Rules] Adding Head: 11, Tail: [(16, True)]
INFO:root:[Rules] Adding Head: 8, Tail: [(9, True)]
INFO:root:[Rules] Adding Head: 2, Tail: [(2, True)]
INFO:root:Samples: 141442, no. batches: 10 -> batch size: 14145
INFO:root:Epoch no. 1 of 500 (samples: 141442)
INFO:root:Loss: 6105.1864 +/- 421.5602
INFO:root:Epoch no. 2 of 500 (samples: 141442)
INFO:root:Loss: 4912.2727 +/- 85.2116
INFO:root:Epoch no. 3 of 500 (samples: 141442)
INFO:root:Loss: 4350.8518 +/- 16.6384
INFO:root:Epoch no. 4 of 500 (samples: 141442)
INFO:root:Loss: 4025.7342 +/- 16.1573
INFO:root:Epoch no. 5 of 500 (samples: 141442)
INFO:root:Loss: 3813.9113 +/- 18.0202
INFO:root:Epoch no. 6 of 500 (samples: 141442)
INFO:root:Loss: 3657.4483 +/- 26.2301
INFO:root:Epoch no. 7 of 500 (samples: 141442)
INFO:root:Loss: 3539.5391 +/- 27.1515
INFO:root:Epoch no. 8 of 500 (samples: 141442)
INFO:root:Loss: 3425.3451 +/- 18.4664
INFO:root:Epoch no. 9 of 500 (samples: 141442)
INFO:root:Loss: 3350.66 +/- 30.671
INFO:root:Epoch no. 10 of 500 (samples: 141442)
INFO:root:Loss: 3284.631 +/- 28.3486
INFO:root:Epoch no. 11 of 500 (samples: 141442)
INFO:root:Loss: 3221.5711 +/- 28.1803
INFO:root:Epoch no. 12 of 500 (samples: 141442)
INFO:root:Loss: 3173.2157 +/- 28.8108
INFO:root:Epoch no. 13 of 500 (samples: 141442)
INFO:root:Loss: 3126.2808 +/- 17.0532
INFO:root:Epoch no. 14 of 500 (samples: 141442)
INFO:root:Loss: 3084.2718 +/- 30.2695
INFO:root:Epoch no. 15 of 500 (samples: 141442)
INFO:root:Loss: 3044.0463 +/- 23.132
INFO:root:Epoch no. 16 of 500 (samples: 141442)
INFO:root:Loss: 3008.1439 +/- 25.1366
INFO:root:Epoch no. 17 of 500 (samples: 141442)
INFO:root:Loss: 2973.1152 +/- 24.6106
INFO:root:Epoch no. 18 of 500 (samples: 141442)
INFO:root:Loss: 2940.488 +/- 27.6427
INFO:root:Epoch no. 19 of 500 (samples: 141442)
INFO:root:Loss: 2918.8695 +/- 24.5893
INFO:root:Epoch no. 20 of 500 (samples: 141442)
INFO:root:Loss: 2898.3985 +/- 17.778
INFO:root:Epoch no. 21 of 500 (samples: 141442)
INFO:root:Loss: 2866.9801 +/- 25.2694
INFO:root:Epoch no. 22 of 500 (samples: 141442)
INFO:root:Loss: 2846.7933 +/- 15.9896
INFO:root:Epoch no. 23 of 500 (samples: 141442)
INFO:root:Loss: 2823.9094 +/- 23.0848
INFO:root:Epoch no. 24 of 500 (samples: 141442)
INFO:root:Loss: 2803.0921 +/- 25.1596
INFO:root:Epoch no. 25 of 500 (samples: 141442)
INFO:root:Loss: 2785.8211 +/- 27.259
INFO:root:Epoch no. 26 of 500 (samples: 141442)
INFO:root:Loss: 2769.8499 +/- 26.2403
INFO:root:Epoch no. 27 of 500 (samples: 141442)
INFO:root:Loss: 2752.8039 +/- 17.6787
INFO:root:Epoch no. 28 of 500 (samples: 141442)
INFO:root:Loss: 2739.0896 +/- 23.633
INFO:root:Epoch no. 29 of 500 (samples: 141442)
INFO:root:Loss: 2724.1873 +/- 17.6768
INFO:root:Epoch no. 30 of 500 (samples: 141442)
INFO:root:Loss: 2713.8592 +/- 27.759
INFO:root:Epoch no. 31 of 500 (samples: 141442)
INFO:root:Loss: 2692.2873 +/- 20.6986
INFO:root:Epoch no. 32 of 500 (samples: 141442)
INFO:root:Loss: 2677.1223 +/- 22.9939
INFO:root:Epoch no. 33 of 500 (samples: 141442)
INFO:root:Loss: 2671.8013 +/- 14.3196
INFO:root:Epoch no. 34 of 500 (samples: 141442)
INFO:root:Loss: 2655.6952 +/- 17.2491
INFO:root:Epoch no. 35 of 500 (samples: 141442)
INFO:root:Loss: 2644.6514 +/- 17.9433
INFO:root:Epoch no. 36 of 500 (samples: 141442)
INFO:root:Loss: 2632.2407 +/- 21.407
INFO:root:Epoch no. 37 of 500 (samples: 141442)
INFO:root:Loss: 2625.2673 +/- 19.3226
INFO:root:Epoch no. 38 of 500 (samples: 141442)
INFO:root:Loss: 2609.4792 +/- 16.3957
INFO:root:Epoch no. 39 of 500 (samples: 141442)
INFO:root:Loss: 2597.4101 +/- 23.0879
INFO:root:Epoch no. 40 of 500 (samples: 141442)
INFO:root:Loss: 2589.3223 +/- 19.6458
INFO:root:Epoch no. 41 of 500 (samples: 141442)
INFO:root:Loss: 2578.5936 +/- 18.1529
INFO:root:Epoch no. 42 of 500 (samples: 141442)
INFO:root:Loss: 2571.447 +/- 19.2285
INFO:root:Epoch no. 43 of 500 (samples: 141442)
INFO:root:Loss: 2563.4313 +/- 20.8943
INFO:root:Epoch no. 44 of 500 (samples: 141442)
INFO:root:Loss: 2553.6181 +/- 15.0974
INFO:root:Epoch no. 45 of 500 (samples: 141442)
INFO:root:Loss: 2549.4275 +/- 23.051
INFO:root:Epoch no. 46 of 500 (samples: 141442)
INFO:root:Loss: 2541.6713 +/- 15.7951
INFO:root:Epoch no. 47 of 500 (samples: 141442)
INFO:root:Loss: 2534.7077 +/- 17.1794
INFO:root:Epoch no. 48 of 500 (samples: 141442)
INFO:root:Loss: 2520.3208 +/- 18.4237
INFO:root:Epoch no. 49 of 500 (samples: 141442)
INFO:root:Loss: 2519.1342 +/- 15.6226
INFO:root:Epoch no. 50 of 500 (samples: 141442)
INFO:root:Loss: 2511.7316 +/- 18.8805
INFO:root:Epoch no. 51 of 500 (samples: 141442)
INFO:root:Loss: 2504.9028 +/- 21.4181
INFO:root:Epoch no. 52 of 500 (samples: 141442)
INFO:root:Loss: 2493.9211 +/- 21.1299
INFO:root:Epoch no. 53 of 500 (samples: 141442)
INFO:root:Loss: 2488.5561 +/- 18.573
INFO:root:Epoch no. 54 of 500 (samples: 141442)
INFO:root:Loss: 2485.9563 +/- 15.279
INFO:root:Epoch no. 55 of 500 (samples: 141442)
INFO:root:Loss: 2479.2379 +/- 23.7559
INFO:root:Epoch no. 56 of 500 (samples: 141442)
INFO:root:Loss: 2472.3882 +/- 21.9202
INFO:root:Epoch no. 57 of 500 (samples: 141442)
INFO:root:Loss: 2464.5733 +/- 21.0655
INFO:root:Epoch no. 58 of 500 (samples: 141442)
INFO:root:Loss: 2463.8387 +/- 14.9081
INFO:root:Epoch no. 59 of 500 (samples: 141442)
INFO:root:Loss: 2454.36 +/- 13.3455
INFO:root:Epoch no. 60 of 500 (samples: 141442)
INFO:root:Loss: 2447.4498 +/- 15.1962
INFO:root:Epoch no. 61 of 500 (samples: 141442)
INFO:root:Loss: 2441.9362 +/- 19.2372
INFO:root:Epoch no. 62 of 500 (samples: 141442)
INFO:root:Loss: 2442.1534 +/- 8.3245
INFO:root:Epoch no. 63 of 500 (samples: 141442)
INFO:root:Loss: 2433.4983 +/- 17.1941
INFO:root:Epoch no. 64 of 500 (samples: 141442)
INFO:root:Loss: 2428.7748 +/- 15.6927
INFO:root:Epoch no. 65 of 500 (samples: 141442)
INFO:root:Loss: 2423.175 +/- 17.669
INFO:root:Epoch no. 66 of 500 (samples: 141442)
INFO:root:Loss: 2419.1451 +/- 12.9193
INFO:root:Epoch no. 67 of 500 (samples: 141442)
INFO:root:Loss: 2415.7482 +/- 16.0342
INFO:root:Epoch no. 68 of 500 (samples: 141442)
INFO:root:Loss: 2406.4373 +/- 16.7396
INFO:root:Epoch no. 69 of 500 (samples: 141442)
INFO:root:Loss: 2404.01 +/- 14.6776
INFO:root:Epoch no. 70 of 500 (samples: 141442)
INFO:root:Loss: 2403.875 +/- 18.0989
INFO:root:Epoch no. 71 of 500 (samples: 141442)
INFO:root:Loss: 2395.861 +/- 21.9389
INFO:root:Epoch no. 72 of 500 (samples: 141442)
INFO:root:Loss: 2392.1891 +/- 12.1263
INFO:root:Epoch no. 73 of 500 (samples: 141442)
INFO:root:Loss: 2391.3464 +/- 16.2215
INFO:root:Epoch no. 74 of 500 (samples: 141442)
INFO:root:Loss: 2383.15 +/- 17.1813
INFO:root:Epoch no. 75 of 500 (samples: 141442)
INFO:root:Loss: 2379.043 +/- 13.4946
INFO:root:Epoch no. 76 of 500 (samples: 141442)
INFO:root:Loss: 2371.6998 +/- 16.871
INFO:root:Epoch no. 77 of 500 (samples: 141442)
INFO:root:Loss: 2374.3965 +/- 12.9157
INFO:root:Epoch no. 78 of 500 (samples: 141442)
INFO:root:Loss: 2368.7419 +/- 10.3647
INFO:root:Epoch no. 79 of 500 (samples: 141442)
INFO:root:Loss: 2366.7617 +/- 13.4806
INFO:root:Epoch no. 80 of 500 (samples: 141442)
INFO:root:Loss: 2359.8104 +/- 16.1515
INFO:root:Epoch no. 81 of 500 (samples: 141442)
INFO:root:Loss: 2355.3455 +/- 14.9374
INFO:root:Epoch no. 82 of 500 (samples: 141442)
INFO:root:Loss: 2352.3546 +/- 16.4819
INFO:root:Epoch no. 83 of 500 (samples: 141442)
INFO:root:Loss: 2353.4586 +/- 13.397
INFO:root:Epoch no. 84 of 500 (samples: 141442)
INFO:root:Loss: 2349.3994 +/- 12.9495
INFO:root:Epoch no. 85 of 500 (samples: 141442)
INFO:root:Loss: 2345.613 +/- 15.1371
INFO:root:Epoch no. 86 of 500 (samples: 141442)
INFO:root:Loss: 2343.349 +/- 14.6771
INFO:root:Epoch no. 87 of 500 (samples: 141442)
INFO:root:Loss: 2337.0144 +/- 16.2587
INFO:root:Epoch no. 88 of 500 (samples: 141442)
INFO:root:Loss: 2332.7775 +/- 15.8389
INFO:root:Epoch no. 89 of 500 (samples: 141442)
INFO:root:Loss: 2332.2463 +/- 19.1751
INFO:root:Epoch no. 90 of 500 (samples: 141442)
INFO:root:Loss: 2325.9673 +/- 17.1821
INFO:root:Epoch no. 91 of 500 (samples: 141442)
INFO:root:Loss: 2324.1813 +/- 12.1307
INFO:root:Epoch no. 92 of 500 (samples: 141442)
INFO:root:Loss: 2324.5545 +/- 16.1389
INFO:root:Epoch no. 93 of 500 (samples: 141442)
INFO:root:Loss: 2326.6346 +/- 17.3238
INFO:root:Epoch no. 94 of 500 (samples: 141442)
INFO:root:Loss: 2316.8638 +/- 14.6254
INFO:root:Epoch no. 95 of 500 (samples: 141442)
INFO:root:Loss: 2315.3971 +/- 22.2622
INFO:root:Epoch no. 96 of 500 (samples: 141442)
INFO:root:Loss: 2308.2825 +/- 14.0661
INFO:root:Epoch no. 97 of 500 (samples: 141442)
INFO:root:Loss: 2305.2218 +/- 8.6511
INFO:root:Epoch no. 98 of 500 (samples: 141442)
INFO:root:Loss: 2304.3116 +/- 12.1021
INFO:root:Epoch no. 99 of 500 (samples: 141442)
INFO:root:Loss: 2303.9764 +/- 14.0905
INFO:root:Epoch no. 100 of 500 (samples: 141442)
INFO:root:Loss: 2297.539 +/- 16.1258
INFO:root:Epoch no. 101 of 500 (samples: 141442)
INFO:root:Loss: 2296.3508 +/- 17.9904
INFO:root:Epoch no. 102 of 500 (samples: 141442)
INFO:root:Loss: 2295.8921 +/- 16.2376
INFO:root:Epoch no. 103 of 500 (samples: 141442)
INFO:root:Loss: 2291.8954 +/- 13.4571
INFO:root:Epoch no. 104 of 500 (samples: 141442)
INFO:root:Loss: 2287.3827 +/- 13.0593
INFO:root:Epoch no. 105 of 500 (samples: 141442)
INFO:root:Loss: 2286.5838 +/- 13.1371
INFO:root:Epoch no. 106 of 500 (samples: 141442)
INFO:root:Loss: 2284.3411 +/- 15.5094
INFO:root:Epoch no. 107 of 500 (samples: 141442)
INFO:root:Loss: 2279.6748 +/- 16.27
INFO:root:Epoch no. 108 of 500 (samples: 141442)
INFO:root:Loss: 2280.6122 +/- 21.7227
INFO:root:Epoch no. 109 of 500 (samples: 141442)
INFO:root:Loss: 2276.1686 +/- 19.0225
INFO:root:Epoch no. 110 of 500 (samples: 141442)
INFO:root:Loss: 2272.2173 +/- 16.9621
INFO:root:Epoch no. 111 of 500 (samples: 141442)
INFO:root:Loss: 2274.7723 +/- 13.1363
INFO:root:Epoch no. 112 of 500 (samples: 141442)
INFO:root:Loss: 2268.6528 +/- 10.519
INFO:root:Epoch no. 113 of 500 (samples: 141442)
INFO:root:Loss: 2269.8815 +/- 14.6317
INFO:root:Epoch no. 114 of 500 (samples: 141442)
INFO:root:Loss: 2266.1823 +/- 15.9268
INFO:root:Epoch no. 115 of 500 (samples: 141442)
INFO:root:Loss: 2262.252 +/- 14.0427
INFO:root:Epoch no. 116 of 500 (samples: 141442)
INFO:root:Loss: 2263.0196 +/- 15.5306
INFO:root:Epoch no. 117 of 500 (samples: 141442)
INFO:root:Loss: 2258.6759 +/- 16.6209
INFO:root:Epoch no. 118 of 500 (samples: 141442)
INFO:root:Loss: 2258.6438 +/- 14.9238
INFO:root:Epoch no. 119 of 500 (samples: 141442)
INFO:root:Loss: 2251.1898 +/- 16.3134
INFO:root:Epoch no. 120 of 500 (samples: 141442)
INFO:root:Loss: 2252.0603 +/- 11.7504
INFO:root:Epoch no. 121 of 500 (samples: 141442)
INFO:root:Loss: 2245.5804 +/- 16.7069
INFO:root:Epoch no. 122 of 500 (samples: 141442)
INFO:root:Loss: 2246.7282 +/- 12.4859
INFO:root:Epoch no. 123 of 500 (samples: 141442)
INFO:root:Loss: 2248.4674 +/- 13.1033
INFO:root:Epoch no. 124 of 500 (samples: 141442)
INFO:root:Loss: 2243.1036 +/- 10.8008
INFO:root:Epoch no. 125 of 500 (samples: 141442)
INFO:root:Loss: 2245.7778 +/- 15.9325
INFO:root:Epoch no. 126 of 500 (samples: 141442)
INFO:root:Loss: 2239.4009 +/- 13.4415
INFO:root:Epoch no. 127 of 500 (samples: 141442)
INFO:root:Loss: 2240.4015 +/- 11.3838
INFO:root:Epoch no. 128 of 500 (samples: 141442)
INFO:root:Loss: 2231.9254 +/- 12.3186
INFO:root:Epoch no. 129 of 500 (samples: 141442)
INFO:root:Loss: 2231.2038 +/- 13.9424
INFO:root:Epoch no. 130 of 500 (samples: 141442)
INFO:root:Loss: 2232.9899 +/- 15.738
INFO:root:Epoch no. 131 of 500 (samples: 141442)
INFO:root:Loss: 2223.7123 +/- 15.5897
INFO:root:Epoch no. 132 of 500 (samples: 141442)
INFO:root:Loss: 2229.4248 +/- 17.4697
INFO:root:Epoch no. 133 of 500 (samples: 141442)
INFO:root:Loss: 2224.9065 +/- 11.9102
INFO:root:Epoch no. 134 of 500 (samples: 141442)
INFO:root:Loss: 2222.7724 +/- 14.3334
INFO:root:Epoch no. 135 of 500 (samples: 141442)
INFO:root:Loss: 2223.4667 +/- 11.2636
INFO:root:Epoch no. 136 of 500 (samples: 141442)
INFO:root:Loss: 2222.7406 +/- 9.3581
INFO:root:Epoch no. 137 of 500 (samples: 141442)
INFO:root:Loss: 2221.971 +/- 16.1644
INFO:root:Epoch no. 138 of 500 (samples: 141442)
INFO:root:Loss: 2213.639 +/- 15.5853
INFO:root:Epoch no. 139 of 500 (samples: 141442)
INFO:root:Loss: 2215.6108 +/- 16.9494
INFO:root:Epoch no. 140 of 500 (samples: 141442)
INFO:root:Loss: 2209.3154 +/- 16.0178
INFO:root:Epoch no. 141 of 500 (samples: 141442)
INFO:root:Loss: 2213.1596 +/- 10.5155
INFO:root:Epoch no. 142 of 500 (samples: 141442)
INFO:root:Loss: 2215.005 +/- 13.2373
INFO:root:Epoch no. 143 of 500 (samples: 141442)
INFO:root:Loss: 2209.2271 +/- 11.4142
INFO:root:Epoch no. 144 of 500 (samples: 141442)
INFO:root:Loss: 2205.6228 +/- 7.7932
INFO:root:Epoch no. 145 of 500 (samples: 141442)
INFO:root:Loss: 2207.3642 +/- 13.3159
INFO:root:Epoch no. 146 of 500 (samples: 141442)
INFO:root:Loss: 2200.7784 +/- 9.9697
INFO:root:Epoch no. 147 of 500 (samples: 141442)
INFO:root:Loss: 2201.6602 +/- 14.5357
INFO:root:Epoch no. 148 of 500 (samples: 141442)
INFO:root:Loss: 2201.1533 +/- 16.7695
INFO:root:Epoch no. 149 of 500 (samples: 141442)
INFO:root:Loss: 2198.1071 +/- 13.0897
INFO:root:Epoch no. 150 of 500 (samples: 141442)
INFO:root:Loss: 2194.2099 +/- 12.1773
INFO:root:Epoch no. 151 of 500 (samples: 141442)
INFO:root:Loss: 2195.0555 +/- 12.3346
INFO:root:Epoch no. 152 of 500 (samples: 141442)
INFO:root:Loss: 2197.8297 +/- 14.1723
INFO:root:Epoch no. 153 of 500 (samples: 141442)
INFO:root:Loss: 2199.0618 +/- 14.4658
INFO:root:Epoch no. 154 of 500 (samples: 141442)
INFO:root:Loss: 2191.2667 +/- 12.1805
INFO:root:Epoch no. 155 of 500 (samples: 141442)
INFO:root:Loss: 2189.587 +/- 7.1384
INFO:root:Epoch no. 156 of 500 (samples: 141442)
INFO:root:Loss: 2191.2837 +/- 8.7774
INFO:root:Epoch no. 157 of 500 (samples: 141442)
INFO:root:Loss: 2189.087 +/- 9.4996
INFO:root:Epoch no. 158 of 500 (samples: 141442)
INFO:root:Loss: 2183.2525 +/- 10.1769
INFO:root:Epoch no. 159 of 500 (samples: 141442)
INFO:root:Loss: 2185.6043 +/- 16.0704
INFO:root:Epoch no. 160 of 500 (samples: 141442)
INFO:root:Loss: 2183.4595 +/- 9.7285
INFO:root:Epoch no. 161 of 500 (samples: 141442)
INFO:root:Loss: 2183.5456 +/- 18.4826
INFO:root:Epoch no. 162 of 500 (samples: 141442)
INFO:root:Loss: 2181.8771 +/- 13.2893
INFO:root:Epoch no. 163 of 500 (samples: 141442)
INFO:root:Loss: 2179.0498 +/- 13.776
INFO:root:Epoch no. 164 of 500 (samples: 141442)
INFO:root:Loss: 2177.0379 +/- 9.3528
INFO:root:Epoch no. 165 of 500 (samples: 141442)
INFO:root:Loss: 2180.8792 +/- 15.4897
INFO:root:Epoch no. 166 of 500 (samples: 141442)
INFO:root:Loss: 2177.6712 +/- 14.7205
INFO:root:Epoch no. 167 of 500 (samples: 141442)
INFO:root:Loss: 2176.0305 +/- 12.6402
INFO:root:Epoch no. 168 of 500 (samples: 141442)
INFO:root:Loss: 2170.9224 +/- 15.6941
INFO:root:Epoch no. 169 of 500 (samples: 141442)
INFO:root:Loss: 2169.0717 +/- 14.2175
INFO:root:Epoch no. 170 of 500 (samples: 141442)
INFO:root:Loss: 2171.9098 +/- 12.4658
INFO:root:Epoch no. 171 of 500 (samples: 141442)
INFO:root:Loss: 2169.4464 +/- 15.2732
INFO:root:Epoch no. 172 of 500 (samples: 141442)
INFO:root:Loss: 2168.8903 +/- 10.844
INFO:root:Epoch no. 173 of 500 (samples: 141442)
INFO:root:Loss: 2167.9348 +/- 9.6856
INFO:root:Epoch no. 174 of 500 (samples: 141442)
INFO:root:Loss: 2166.3607 +/- 17.6544
INFO:root:Epoch no. 175 of 500 (samples: 141442)
INFO:root:Loss: 2163.6576 +/- 13.3147
INFO:root:Epoch no. 176 of 500 (samples: 141442)
INFO:root:Loss: 2164.6965 +/- 15.611
INFO:root:Epoch no. 177 of 500 (samples: 141442)
INFO:root:Loss: 2162.1567 +/- 11.4471
INFO:root:Epoch no. 178 of 500 (samples: 141442)
INFO:root:Loss: 2165.2893 +/- 12.9902
INFO:root:Epoch no. 179 of 500 (samples: 141442)
INFO:root:Loss: 2158.7151 +/- 11.3033
INFO:root:Epoch no. 180 of 500 (samples: 141442)
INFO:root:Loss: 2159.0587 +/- 13.7583
INFO:root:Epoch no. 181 of 500 (samples: 141442)
INFO:root:Loss: 2156.1982 +/- 14.2983
INFO:root:Epoch no. 182 of 500 (samples: 141442)
INFO:root:Loss: 2155.9069 +/- 14.1538
INFO:root:Epoch no. 183 of 500 (samples: 141442)
INFO:root:Loss: 2155.714 +/- 10.8807
INFO:root:Epoch no. 184 of 500 (samples: 141442)
INFO:root:Loss: 2154.4185 +/- 14.4799
INFO:root:Epoch no. 185 of 500 (samples: 141442)
INFO:root:Loss: 2160.5877 +/- 11.2
INFO:root:Epoch no. 186 of 500 (samples: 141442)
INFO:root:Loss: 2152.3081 +/- 10.2873
INFO:root:Epoch no. 187 of 500 (samples: 141442)
INFO:root:Loss: 2150.4039 +/- 13.6076
INFO:root:Epoch no. 188 of 500 (samples: 141442)
INFO:root:Loss: 2150.1301 +/- 12.7996
INFO:root:Epoch no. 189 of 500 (samples: 141442)
INFO:root:Loss: 2154.3588 +/- 11.0463
INFO:root:Epoch no. 190 of 500 (samples: 141442)
INFO:root:Loss: 2147.8789 +/- 12.3743
INFO:root:Epoch no. 191 of 500 (samples: 141442)
INFO:root:Loss: 2148.6874 +/- 12.7194
INFO:root:Epoch no. 192 of 500 (samples: 141442)
INFO:root:Loss: 2145.9319 +/- 13.0287
INFO:root:Epoch no. 193 of 500 (samples: 141442)
INFO:root:Loss: 2149.1355 +/- 11.4573
INFO:root:Epoch no. 194 of 500 (samples: 141442)
INFO:root:Loss: 2146.661 +/- 11.5547
INFO:root:Epoch no. 195 of 500 (samples: 141442)
INFO:root:Loss: 2142.0295 +/- 15.1778
INFO:root:Epoch no. 196 of 500 (samples: 141442)
INFO:root:Loss: 2141.6869 +/- 8.5092
INFO:root:Epoch no. 197 of 500 (samples: 141442)
INFO:root:Loss: 2142.9968 +/- 7.3837
INFO:root:Epoch no. 198 of 500 (samples: 141442)
INFO:root:Loss: 2143.405 +/- 9.1823
INFO:root:Epoch no. 199 of 500 (samples: 141442)
INFO:root:Loss: 2140.4367 +/- 13.0662
INFO:root:Epoch no. 200 of 500 (samples: 141442)
INFO:root:Loss: 2142.0298 +/- 9.31
INFO:root:Epoch no. 201 of 500 (samples: 141442)
INFO:root:Loss: 2135.2565 +/- 13.0537
INFO:root:Epoch no. 202 of 500 (samples: 141442)
INFO:root:Loss: 2135.487 +/- 10.5283
INFO:root:Epoch no. 203 of 500 (samples: 141442)
INFO:root:Loss: 2136.2603 +/- 14.4209
INFO:root:Epoch no. 204 of 500 (samples: 141442)
INFO:root:Loss: 2132.5694 +/- 12.9878
INFO:root:Epoch no. 205 of 500 (samples: 141442)
INFO:root:Loss: 2131.1332 +/- 14.0741
INFO:root:Epoch no. 206 of 500 (samples: 141442)
INFO:root:Loss: 2129.9881 +/- 14.8181
INFO:root:Epoch no. 207 of 500 (samples: 141442)
INFO:root:Loss: 2133.2089 +/- 10.932
INFO:root:Epoch no. 208 of 500 (samples: 141442)
INFO:root:Loss: 2132.9802 +/- 11.2868
INFO:root:Epoch no. 209 of 500 (samples: 141442)
INFO:root:Loss: 2130.2065 +/- 16.3028
INFO:root:Epoch no. 210 of 500 (samples: 141442)
INFO:root:Loss: 2129.4966 +/- 13.0907
INFO:root:Epoch no. 211 of 500 (samples: 141442)
INFO:root:Loss: 2124.4183 +/- 9.7926
INFO:root:Epoch no. 212 of 500 (samples: 141442)
INFO:root:Loss: 2125.9246 +/- 12.2016
INFO:root:Epoch no. 213 of 500 (samples: 141442)
INFO:root:Loss: 2127.918 +/- 11.6056
INFO:root:Epoch no. 214 of 500 (samples: 141442)
INFO:root:Loss: 2122.6482 +/- 10.4912
INFO:root:Epoch no. 215 of 500 (samples: 141442)
INFO:root:Loss: 2126.2985 +/- 10.9116
INFO:root:Epoch no. 216 of 500 (samples: 141442)
INFO:root:Loss: 2124.8211 +/- 10.8553
INFO:root:Epoch no. 217 of 500 (samples: 141442)
INFO:root:Loss: 2125.8967 +/- 13.3255
INFO:root:Epoch no. 218 of 500 (samples: 141442)
INFO:root:Loss: 2125.7625 +/- 9.0443
INFO:root:Epoch no. 219 of 500 (samples: 141442)
INFO:root:Loss: 2124.9357 +/- 8.6849
INFO:root:Epoch no. 220 of 500 (samples: 141442)
INFO:root:Loss: 2119.9794 +/- 13.6191
INFO:root:Epoch no. 221 of 500 (samples: 141442)
INFO:root:Loss: 2122.3916 +/- 6.2772
INFO:root:Epoch no. 222 of 500 (samples: 141442)
INFO:root:Loss: 2126.7869 +/- 13.2025
INFO:root:Epoch no. 223 of 500 (samples: 141442)
INFO:root:Loss: 2118.5213 +/- 7.2902
INFO:root:Epoch no. 224 of 500 (samples: 141442)
INFO:root:Loss: 2116.8948 +/- 13.6758
INFO:root:Epoch no. 225 of 500 (samples: 141442)
INFO:root:Loss: 2114.6088 +/- 14.9923
INFO:root:Epoch no. 226 of 500 (samples: 141442)
INFO:root:Loss: 2120.326 +/- 10.1647
INFO:root:Epoch no. 227 of 500 (samples: 141442)
INFO:root:Loss: 2119.4185 +/- 11.3974
INFO:root:Epoch no. 228 of 500 (samples: 141442)
INFO:root:Loss: 2116.5568 +/- 8.4767
INFO:root:Epoch no. 229 of 500 (samples: 141442)
INFO:root:Loss: 2113.4803 +/- 10.6946
INFO:root:Epoch no. 230 of 500 (samples: 141442)
INFO:root:Loss: 2111.5213 +/- 11.2647
INFO:root:Epoch no. 231 of 500 (samples: 141442)
INFO:root:Loss: 2112.3872 +/- 14.4164
INFO:root:Epoch no. 232 of 500 (samples: 141442)
INFO:root:Loss: 2112.019 +/- 16.5062
INFO:root:Epoch no. 233 of 500 (samples: 141442)
INFO:root:Loss: 2110.9403 +/- 12.7898
INFO:root:Epoch no. 234 of 500 (samples: 141442)
INFO:root:Loss: 2111.3932 +/- 12.2178
INFO:root:Epoch no. 235 of 500 (samples: 141442)
INFO:root:Loss: 2106.9446 +/- 11.0549
INFO:root:Epoch no. 236 of 500 (samples: 141442)
INFO:root:Loss: 2108.9474 +/- 10.2383
INFO:root:Epoch no. 237 of 500 (samples: 141442)
INFO:root:Loss: 2106.6134 +/- 11.4802
INFO:root:Epoch no. 238 of 500 (samples: 141442)
INFO:root:Loss: 2111.3269 +/- 13.9872
INFO:root:Epoch no. 239 of 500 (samples: 141442)
INFO:root:Loss: 2108.6181 +/- 10.4928
INFO:root:Epoch no. 240 of 500 (samples: 141442)
INFO:root:Loss: 2106.0324 +/- 11.0277
INFO:root:Epoch no. 241 of 500 (samples: 141442)
INFO:root:Loss: 2100.8402 +/- 10.3435
INFO:root:Epoch no. 242 of 500 (samples: 141442)
INFO:root:Loss: 2104.7877 +/- 9.2444
INFO:root:Epoch no. 243 of 500 (samples: 141442)
INFO:root:Loss: 2106.9537 +/- 9.9238
INFO:root:Epoch no. 244 of 500 (samples: 141442)
INFO:root:Loss: 2102.8193 +/- 12.2254
INFO:root:Epoch no. 245 of 500 (samples: 141442)
INFO:root:Loss: 2103.7521 +/- 7.3225
INFO:root:Epoch no. 246 of 500 (samples: 141442)
INFO:root:Loss: 2102.5196 +/- 11.9917
INFO:root:Epoch no. 247 of 500 (samples: 141442)
INFO:root:Loss: 2101.5901 +/- 8.7525
INFO:root:Epoch no. 248 of 500 (samples: 141442)
INFO:root:Loss: 2097.6702 +/- 11.6335
INFO:root:Epoch no. 249 of 500 (samples: 141442)
INFO:root:Loss: 2100.4217 +/- 19.3034
INFO:root:Epoch no. 250 of 500 (samples: 141442)
INFO:root:Loss: 2098.0953 +/- 10.9505
INFO:root:Epoch no. 251 of 500 (samples: 141442)
INFO:root:Loss: 2095.6421 +/- 10.8885
INFO:root:Epoch no. 252 of 500 (samples: 141442)
INFO:root:Loss: 2095.5152 +/- 8.3783
INFO:root:Epoch no. 253 of 500 (samples: 141442)
INFO:root:Loss: 2100.2562 +/- 10.4778
INFO:root:Epoch no. 254 of 500 (samples: 141442)
INFO:root:Loss: 2094.4585 +/- 11.6169
INFO:root:Epoch no. 255 of 500 (samples: 141442)
INFO:root:Loss: 2095.8872 +/- 7.2476
INFO:root:Epoch no. 256 of 500 (samples: 141442)
INFO:root:Loss: 2091.5432 +/- 8.0706
INFO:root:Epoch no. 257 of 500 (samples: 141442)
INFO:root:Loss: 2095.345 +/- 15.6735
INFO:root:Epoch no. 258 of 500 (samples: 141442)
INFO:root:Loss: 2094.9655 +/- 15.5751
INFO:root:Epoch no. 259 of 500 (samples: 141442)
INFO:root:Loss: 2090.6515 +/- 14.5238
INFO:root:Epoch no. 260 of 500 (samples: 141442)
INFO:root:Loss: 2088.1805 +/- 12.3532
INFO:root:Epoch no. 261 of 500 (samples: 141442)
INFO:root:Loss: 2089.6487 +/- 14.9031
INFO:root:Epoch no. 262 of 500 (samples: 141442)
INFO:root:Loss: 2088.6148 +/- 10.1027
INFO:root:Epoch no. 263 of 500 (samples: 141442)
INFO:root:Loss: 2094.6311 +/- 9.5461
INFO:root:Epoch no. 264 of 500 (samples: 141442)
INFO:root:Loss: 2088.637 +/- 12.4064
INFO:root:Epoch no. 265 of 500 (samples: 141442)
INFO:root:Loss: 2085.2688 +/- 10.2882
INFO:root:Epoch no. 266 of 500 (samples: 141442)
INFO:root:Loss: 2087.1241 +/- 10.7617
INFO:root:Epoch no. 267 of 500 (samples: 141442)
INFO:root:Loss: 2087.6141 +/- 12.8253
INFO:root:Epoch no. 268 of 500 (samples: 141442)
INFO:root:Loss: 2086.032 +/- 12.3326
INFO:root:Epoch no. 269 of 500 (samples: 141442)
INFO:root:Loss: 2083.6177 +/- 15.8251
INFO:root:Epoch no. 270 of 500 (samples: 141442)
INFO:root:Loss: 2082.1924 +/- 8.7339
INFO:root:Epoch no. 271 of 500 (samples: 141442)
INFO:root:Loss: 2084.5655 +/- 10.5083
INFO:root:Epoch no. 272 of 500 (samples: 141442)
INFO:root:Loss: 2082.7084 +/- 10.1247
INFO:root:Epoch no. 273 of 500 (samples: 141442)
INFO:root:Loss: 2082.2687 +/- 10.3625
INFO:root:Epoch no. 274 of 500 (samples: 141442)
INFO:root:Loss: 2084.9808 +/- 12.6021
INFO:root:Epoch no. 275 of 500 (samples: 141442)
INFO:root:Loss: 2084.3692 +/- 11.2628
INFO:root:Epoch no. 276 of 500 (samples: 141442)
INFO:root:Loss: 2081.4944 +/- 11.1543
INFO:root:Epoch no. 277 of 500 (samples: 141442)
INFO:root:Loss: 2081.8095 +/- 10.6897
INFO:root:Epoch no. 278 of 500 (samples: 141442)
INFO:root:Loss: 2084.3649 +/- 9.7577
INFO:root:Epoch no. 279 of 500 (samples: 141442)
INFO:root:Loss: 2081.736 +/- 11.5816
INFO:root:Epoch no. 280 of 500 (samples: 141442)
INFO:root:Loss: 2078.3587 +/- 12.0236
INFO:root:Epoch no. 281 of 500 (samples: 141442)
INFO:root:Loss: 2078.0609 +/- 9.2396
INFO:root:Epoch no. 282 of 500 (samples: 141442)
INFO:root:Loss: 2079.0343 +/- 9.9926
INFO:root:Epoch no. 283 of 500 (samples: 141442)
INFO:root:Loss: 2078.2832 +/- 12.7768
INFO:root:Epoch no. 284 of 500 (samples: 141442)
INFO:root:Loss: 2077.8893 +/- 11.2094
INFO:root:Epoch no. 285 of 500 (samples: 141442)
INFO:root:Loss: 2075.4513 +/- 16.7027
INFO:root:Epoch no. 286 of 500 (samples: 141442)
INFO:root:Loss: 2080.0946 +/- 13.291
INFO:root:Epoch no. 287 of 500 (samples: 141442)
INFO:root:Loss: 2075.8529 +/- 15.4023
INFO:root:Epoch no. 288 of 500 (samples: 141442)
INFO:root:Loss: 2080.1362 +/- 14.5678
INFO:root:Epoch no. 289 of 500 (samples: 141442)
INFO:root:Loss: 2074.2853 +/- 9.9173
INFO:root:Epoch no. 290 of 500 (samples: 141442)
INFO:root:Loss: 2081.3521 +/- 12.5445
INFO:root:Epoch no. 291 of 500 (samples: 141442)
INFO:root:Loss: 2075.3721 +/- 10.903
INFO:root:Epoch no. 292 of 500 (samples: 141442)
INFO:root:Loss: 2073.5985 +/- 16.1799
INFO:root:Epoch no. 293 of 500 (samples: 141442)
INFO:root:Loss: 2074.7206 +/- 12.1979
INFO:root:Epoch no. 294 of 500 (samples: 141442)
INFO:root:Loss: 2076.9156 +/- 8.3745
INFO:root:Epoch no. 295 of 500 (samples: 141442)
INFO:root:Loss: 2072.1919 +/- 11.8104
INFO:root:Epoch no. 296 of 500 (samples: 141442)
INFO:root:Loss: 2074.071 +/- 12.6709
INFO:root:Epoch no. 297 of 500 (samples: 141442)
INFO:root:Loss: 2077.2498 +/- 11.0314
INFO:root:Epoch no. 298 of 500 (samples: 141442)
INFO:root:Loss: 2072.4306 +/- 11.8718
INFO:root:Epoch no. 299 of 500 (samples: 141442)
INFO:root:Loss: 2071.2969 +/- 8.0835
INFO:root:Epoch no. 300 of 500 (samples: 141442)
INFO:root:Loss: 2068.5756 +/- 8.667
INFO:root:Epoch no. 301 of 500 (samples: 141442)
INFO:root:Loss: 2073.0488 +/- 13.0197
INFO:root:Epoch no. 302 of 500 (samples: 141442)
INFO:root:Loss: 2071.4422 +/- 9.9068
INFO:root:Epoch no. 303 of 500 (samples: 141442)
INFO:root:Loss: 2072.984 +/- 13.146
INFO:root:Epoch no. 304 of 500 (samples: 141442)
INFO:root:Loss: 2073.178 +/- 8.0423
INFO:root:Epoch no. 305 of 500 (samples: 141442)
INFO:root:Loss: 2065.2159 +/- 16.8001
INFO:root:Epoch no. 306 of 500 (samples: 141442)
INFO:root:Loss: 2066.5141 +/- 8.5059
INFO:root:Epoch no. 307 of 500 (samples: 141442)
INFO:root:Loss: 2064.6093 +/- 15.0121
INFO:root:Epoch no. 308 of 500 (samples: 141442)
INFO:root:Loss: 2065.6199 +/- 13.1337
INFO:root:Epoch no. 309 of 500 (samples: 141442)
INFO:root:Loss: 2065.419 +/- 14.3869
INFO:root:Epoch no. 310 of 500 (samples: 141442)
INFO:root:Loss: 2066.1775 +/- 14.7075
INFO:root:Epoch no. 311 of 500 (samples: 141442)
INFO:root:Loss: 2063.8048 +/- 9.3727
INFO:root:Epoch no. 312 of 500 (samples: 141442)
INFO:root:Loss: 2069.9205 +/- 15.2212
INFO:root:Epoch no. 313 of 500 (samples: 141442)
INFO:root:Loss: 2063.5374 +/- 11.8196
INFO:root:Epoch no. 314 of 500 (samples: 141442)
INFO:root:Loss: 2063.5524 +/- 8.4185
INFO:root:Epoch no. 315 of 500 (samples: 141442)
INFO:root:Loss: 2066.3592 +/- 14.1773
INFO:root:Epoch no. 316 of 500 (samples: 141442)
INFO:root:Loss: 2060.2571 +/- 6.6858
INFO:root:Epoch no. 317 of 500 (samples: 141442)
INFO:root:Loss: 2063.5845 +/- 12.7176
INFO:root:Epoch no. 318 of 500 (samples: 141442)
INFO:root:Loss: 2061.4174 +/- 9.4439
INFO:root:Epoch no. 319 of 500 (samples: 141442)
INFO:root:Loss: 2059.2344 +/- 16.4048
INFO:root:Epoch no. 320 of 500 (samples: 141442)
INFO:root:Loss: 2059.6288 +/- 12.5174
INFO:root:Epoch no. 321 of 500 (samples: 141442)
INFO:root:Loss: 2061.8422 +/- 14.6343
INFO:root:Epoch no. 322 of 500 (samples: 141442)
INFO:root:Loss: 2059.6364 +/- 13.702
INFO:root:Epoch no. 323 of 500 (samples: 141442)
INFO:root:Loss: 2057.7416 +/- 12.292
INFO:root:Epoch no. 324 of 500 (samples: 141442)
INFO:root:Loss: 2060.9561 +/- 11.0609
INFO:root:Epoch no. 325 of 500 (samples: 141442)
INFO:root:Loss: 2059.3943 +/- 15.0243
INFO:root:Epoch no. 326 of 500 (samples: 141442)
INFO:root:Loss: 2057.0901 +/- 11.576
INFO:root:Epoch no. 327 of 500 (samples: 141442)
INFO:root:Loss: 2058.2049 +/- 13.982
INFO:root:Epoch no. 328 of 500 (samples: 141442)
INFO:root:Loss: 2061.6961 +/- 11.7871
INFO:root:Epoch no. 329 of 500 (samples: 141442)
INFO:root:Loss: 2057.9865 +/- 15.1082
INFO:root:Epoch no. 330 of 500 (samples: 141442)
INFO:root:Loss: 2058.5768 +/- 12.7887
INFO:root:Epoch no. 331 of 500 (samples: 141442)
INFO:root:Loss: 2058.9297 +/- 11.3769
INFO:root:Epoch no. 332 of 500 (samples: 141442)
INFO:root:Loss: 2054.1782 +/- 10.4468
INFO:root:Epoch no. 333 of 500 (samples: 141442)
INFO:root:Loss: 2053.9383 +/- 10.5728
INFO:root:Epoch no. 334 of 500 (samples: 141442)
INFO:root:Loss: 2054.6758 +/- 5.1749
INFO:root:Epoch no. 335 of 500 (samples: 141442)
INFO:root:Loss: 2053.5627 +/- 13.6371
INFO:root:Epoch no. 336 of 500 (samples: 141442)
INFO:root:Loss: 2051.4153 +/- 13.8203
INFO:root:Epoch no. 337 of 500 (samples: 141442)
INFO:root:Loss: 2055.9722 +/- 9.6443
INFO:root:Epoch no. 338 of 500 (samples: 141442)
INFO:root:Loss: 2055.6358 +/- 11.489
INFO:root:Epoch no. 339 of 500 (samples: 141442)
INFO:root:Loss: 2057.6178 +/- 7.6515
INFO:root:Epoch no. 340 of 500 (samples: 141442)
INFO:root:Loss: 2051.8599 +/- 5.6107
INFO:root:Epoch no. 341 of 500 (samples: 141442)
INFO:root:Loss: 2054.6464 +/- 10.3576
INFO:root:Epoch no. 342 of 500 (samples: 141442)
INFO:root:Loss: 2052.6099 +/- 11.4485
INFO:root:Epoch no. 343 of 500 (samples: 141442)
INFO:root:Loss: 2055.7644 +/- 11.3823
INFO:root:Epoch no. 344 of 500 (samples: 141442)
INFO:root:Loss: 2052.4474 +/- 12.2643
INFO:root:Epoch no. 345 of 500 (samples: 141442)
INFO:root:Loss: 2054.2936 +/- 12.0501
INFO:root:Epoch no. 346 of 500 (samples: 141442)
INFO:root:Loss: 2049.1391 +/- 11.4113
INFO:root:Epoch no. 347 of 500 (samples: 141442)
INFO:root:Loss: 2046.3698 +/- 8.4694
INFO:root:Epoch no. 348 of 500 (samples: 141442)
INFO:root:Loss: 2045.4572 +/- 12.0237
INFO:root:Epoch no. 349 of 500 (samples: 141442)
INFO:root:Loss: 2047.382 +/- 8.2498
INFO:root:Epoch no. 350 of 500 (samples: 141442)
INFO:root:Loss: 2048.4671 +/- 17.2788
INFO:root:Epoch no. 351 of 500 (samples: 141442)
INFO:root:Loss: 2047.0267 +/- 8.9661
INFO:root:Epoch no. 352 of 500 (samples: 141442)
INFO:root:Loss: 2048.89 +/- 14.0074
INFO:root:Epoch no. 353 of 500 (samples: 141442)
INFO:root:Loss: 2048.3336 +/- 12.0397
INFO:root:Epoch no. 354 of 500 (samples: 141442)
INFO:root:Loss: 2049.7254 +/- 10.9019
INFO:root:Epoch no. 355 of 500 (samples: 141442)
INFO:root:Loss: 2049.6793 +/- 8.7403
INFO:root:Epoch no. 356 of 500 (samples: 141442)
INFO:root:Loss: 2044.5514 +/- 8.7187
INFO:root:Epoch no. 357 of 500 (samples: 141442)
INFO:root:Loss: 2050.7374 +/- 12.719
INFO:root:Epoch no. 358 of 500 (samples: 141442)
INFO:root:Loss: 2044.7044 +/- 12.5634
INFO:root:Epoch no. 359 of 500 (samples: 141442)
INFO:root:Loss: 2045.9664 +/- 13.385
INFO:root:Epoch no. 360 of 500 (samples: 141442)
INFO:root:Loss: 2046.3456 +/- 14.6178
INFO:root:Epoch no. 361 of 500 (samples: 141442)
INFO:root:Loss: 2045.2884 +/- 13.8202
INFO:root:Epoch no. 362 of 500 (samples: 141442)
INFO:root:Loss: 2040.3533 +/- 13.7429
INFO:root:Epoch no. 363 of 500 (samples: 141442)
INFO:root:Loss: 2047.9317 +/- 13.906
INFO:root:Epoch no. 364 of 500 (samples: 141442)
INFO:root:Loss: 2043.1411 +/- 10.5019
INFO:root:Epoch no. 365 of 500 (samples: 141442)
INFO:root:Loss: 2039.871 +/- 13.2297
INFO:root:Epoch no. 366 of 500 (samples: 141442)
INFO:root:Loss: 2037.6966 +/- 9.1189
INFO:root:Epoch no. 367 of 500 (samples: 141442)
INFO:root:Loss: 2047.6276 +/- 9.7044
INFO:root:Epoch no. 368 of 500 (samples: 141442)
INFO:root:Loss: 2038.0154 +/- 9.6066
INFO:root:Epoch no. 369 of 500 (samples: 141442)
INFO:root:Loss: 2041.3185 +/- 13.5476
INFO:root:Epoch no. 370 of 500 (samples: 141442)
INFO:root:Loss: 2041.3305 +/- 8.516
INFO:root:Epoch no. 371 of 500 (samples: 141442)
INFO:root:Loss: 2040.9165 +/- 8.9242
INFO:root:Epoch no. 372 of 500 (samples: 141442)
INFO:root:Loss: 2040.1262 +/- 9.7908
INFO:root:Epoch no. 373 of 500 (samples: 141442)
INFO:root:Loss: 2040.9987 +/- 13.1606
INFO:root:Epoch no. 374 of 500 (samples: 141442)
INFO:root:Loss: 2041.9921 +/- 13.7609
INFO:root:Epoch no. 375 of 500 (samples: 141442)
INFO:root:Loss: 2038.9078 +/- 8.4837
INFO:root:Epoch no. 376 of 500 (samples: 141442)
INFO:root:Loss: 2035.9075 +/- 15.7643
INFO:root:Epoch no. 377 of 500 (samples: 141442)
INFO:root:Loss: 2037.1927 +/- 11.8557
INFO:root:Epoch no. 378 of 500 (samples: 141442)
INFO:root:Loss: 2039.0598 +/- 14.8898
INFO:root:Epoch no. 379 of 500 (samples: 141442)
INFO:root:Loss: 2039.8006 +/- 8.7131
INFO:root:Epoch no. 380 of 500 (samples: 141442)
INFO:root:Loss: 2038.2093 +/- 12.6499
INFO:root:Epoch no. 381 of 500 (samples: 141442)
INFO:root:Loss: 2039.042 +/- 9.7493
INFO:root:Epoch no. 382 of 500 (samples: 141442)
INFO:root:Loss: 2035.233 +/- 13.382
INFO:root:Epoch no. 383 of 500 (samples: 141442)
INFO:root:Loss: 2037.3634 +/- 9.0974
INFO:root:Epoch no. 384 of 500 (samples: 141442)
INFO:root:Loss: 2034.7708 +/- 15.6203
INFO:root:Epoch no. 385 of 500 (samples: 141442)
INFO:root:Loss: 2036.9158 +/- 7.4466
INFO:root:Epoch no. 386 of 500 (samples: 141442)
INFO:root:Loss: 2038.5748 +/- 7.6018
INFO:root:Epoch no. 387 of 500 (samples: 141442)
INFO:root:Loss: 2035.5681 +/- 9.3341
INFO:root:Epoch no. 388 of 500 (samples: 141442)
INFO:root:Loss: 2035.2479 +/- 12.7206
INFO:root:Epoch no. 389 of 500 (samples: 141442)
INFO:root:Loss: 2034.5784 +/- 10.9814
INFO:root:Epoch no. 390 of 500 (samples: 141442)
INFO:root:Loss: 2035.9679 +/- 7.3164
INFO:root:Epoch no. 391 of 500 (samples: 141442)
INFO:root:Loss: 2035.1131 +/- 11.4819
INFO:root:Epoch no. 392 of 500 (samples: 141442)
INFO:root:Loss: 2032.2673 +/- 14.5718
INFO:root:Epoch no. 393 of 500 (samples: 141442)
INFO:root:Loss: 2034.871 +/- 11.5629
INFO:root:Epoch no. 394 of 500 (samples: 141442)
INFO:root:Loss: 2031.5663 +/- 13.8294
INFO:root:Epoch no. 395 of 500 (samples: 141442)
INFO:root:Loss: 2029.5284 +/- 8.6078
INFO:root:Epoch no. 396 of 500 (samples: 141442)
INFO:root:Loss: 2031.4964 +/- 10.0067
INFO:root:Epoch no. 397 of 500 (samples: 141442)
INFO:root:Loss: 2033.4337 +/- 7.3397
INFO:root:Epoch no. 398 of 500 (samples: 141442)
INFO:root:Loss: 2029.4299 +/- 13.2033
INFO:root:Epoch no. 399 of 500 (samples: 141442)
INFO:root:Loss: 2029.4611 +/- 11.0451
INFO:root:Epoch no. 400 of 500 (samples: 141442)
INFO:root:Loss: 2030.9345 +/- 8.523
INFO:root:Epoch no. 401 of 500 (samples: 141442)
INFO:root:Loss: 2031.5221 +/- 11.4419
INFO:root:Epoch no. 402 of 500 (samples: 141442)
INFO:root:Loss: 2028.2988 +/- 10.2479
INFO:root:Epoch no. 403 of 500 (samples: 141442)
INFO:root:Loss: 2025.8536 +/- 13.6676
INFO:root:Epoch no. 404 of 500 (samples: 141442)
INFO:root:Loss: 2031.2924 +/- 8.9963
INFO:root:Epoch no. 405 of 500 (samples: 141442)
INFO:root:Loss: 2027.5689 +/- 15.2086
INFO:root:Epoch no. 406 of 500 (samples: 141442)
INFO:root:Loss: 2033.8635 +/- 13.9206
INFO:root:Epoch no. 407 of 500 (samples: 141442)
INFO:root:Loss: 2028.4529 +/- 13.0739
INFO:root:Epoch no. 408 of 500 (samples: 141442)
INFO:root:Loss: 2025.612 +/- 11.3645
INFO:root:Epoch no. 409 of 500 (samples: 141442)
INFO:root:Loss: 2029.4005 +/- 10.6379
INFO:root:Epoch no. 410 of 500 (samples: 141442)
INFO:root:Loss: 2027.01 +/- 14.1233
INFO:root:Epoch no. 411 of 500 (samples: 141442)
INFO:root:Loss: 2029.8883 +/- 12.121
INFO:root:Epoch no. 412 of 500 (samples: 141442)
INFO:root:Loss: 2023.6742 +/- 10.4727
INFO:root:Epoch no. 413 of 500 (samples: 141442)
INFO:root:Loss: 2027.5 +/- 10.6745
INFO:root:Epoch no. 414 of 500 (samples: 141442)
INFO:root:Loss: 2027.9785 +/- 13.0657
INFO:root:Epoch no. 415 of 500 (samples: 141442)
INFO:root:Loss: 2022.3051 +/- 11.0363
INFO:root:Epoch no. 416 of 500 (samples: 141442)
INFO:root:Loss: 2028.6939 +/- 10.4771
INFO:root:Epoch no. 417 of 500 (samples: 141442)
INFO:root:Loss: 2027.1353 +/- 7.5484
INFO:root:Epoch no. 418 of 500 (samples: 141442)
INFO:root:Loss: 2029.2765 +/- 13.0053
INFO:root:Epoch no. 419 of 500 (samples: 141442)
INFO:root:Loss: 2028.9776 +/- 11.7172
INFO:root:Epoch no. 420 of 500 (samples: 141442)
INFO:root:Loss: 2026.9802 +/- 5.5811
INFO:root:Epoch no. 421 of 500 (samples: 141442)
INFO:root:Loss: 2027.5872 +/- 10.8328
INFO:root:Epoch no. 422 of 500 (samples: 141442)
INFO:root:Loss: 2021.6855 +/- 8.8929
INFO:root:Epoch no. 423 of 500 (samples: 141442)
INFO:root:Loss: 2021.3137 +/- 12.0843
INFO:root:Epoch no. 424 of 500 (samples: 141442)
INFO:root:Loss: 2022.5473 +/- 12.2672
INFO:root:Epoch no. 425 of 500 (samples: 141442)
INFO:root:Loss: 2024.3362 +/- 15.2107
INFO:root:Epoch no. 426 of 500 (samples: 141442)
INFO:root:Loss: 2024.9469 +/- 13.0059
INFO:root:Epoch no. 427 of 500 (samples: 141442)
INFO:root:Loss: 2023.5067 +/- 10.538
INFO:root:Epoch no. 428 of 500 (samples: 141442)
INFO:root:Loss: 2021.0948 +/- 9.3953
INFO:root:Epoch no. 429 of 500 (samples: 141442)
INFO:root:Loss: 2018.828 +/- 13.313
INFO:root:Epoch no. 430 of 500 (samples: 141442)
INFO:root:Loss: 2020.8754 +/- 7.1995
INFO:root:Epoch no. 431 of 500 (samples: 141442)
INFO:root:Loss: 2014.7374 +/- 10.7276
INFO:root:Epoch no. 432 of 500 (samples: 141442)
INFO:root:Loss: 2015.8596 +/- 11.486
INFO:root:Epoch no. 433 of 500 (samples: 141442)
INFO:root:Loss: 2018.677 +/- 8.7069
INFO:root:Epoch no. 434 of 500 (samples: 141442)
INFO:root:Loss: 2018.7369 +/- 9.9019
INFO:root:Epoch no. 435 of 500 (samples: 141442)
INFO:root:Loss: 2019.6528 +/- 12.626
INFO:root:Epoch no. 436 of 500 (samples: 141442)
INFO:root:Loss: 2019.0867 +/- 13.3189
INFO:root:Epoch no. 437 of 500 (samples: 141442)
INFO:root:Loss: 2017.9785 +/- 10.6712
INFO:root:Epoch no. 438 of 500 (samples: 141442)
INFO:root:Loss: 2015.9138 +/- 10.5705
INFO:root:Epoch no. 439 of 500 (samples: 141442)
INFO:root:Loss: 2014.2381 +/- 11.3868
INFO:root:Epoch no. 440 of 500 (samples: 141442)
INFO:root:Loss: 2015.4346 +/- 16.265
INFO:root:Epoch no. 441 of 500 (samples: 141442)
INFO:root:Loss: 2015.7974 +/- 8.5476
INFO:root:Epoch no. 442 of 500 (samples: 141442)
INFO:root:Loss: 2020.489 +/- 8.8506
INFO:root:Epoch no. 443 of 500 (samples: 141442)
INFO:root:Loss: 2020.6718 +/- 9.4984
INFO:root:Epoch no. 444 of 500 (samples: 141442)
INFO:root:Loss: 2020.9504 +/- 5.3649
INFO:root:Epoch no. 445 of 500 (samples: 141442)
INFO:root:Loss: 2020.0906 +/- 10.5964
INFO:root:Epoch no. 446 of 500 (samples: 141442)
INFO:root:Loss: 2017.5614 +/- 15.0592
INFO:root:Epoch no. 447 of 500 (samples: 141442)
INFO:root:Loss: 2015.8848 +/- 8.4449
INFO:root:Epoch no. 448 of 500 (samples: 141442)
INFO:root:Loss: 2014.2897 +/- 10.1368
INFO:root:Epoch no. 449 of 500 (samples: 141442)
INFO:root:Loss: 2017.1115 +/- 13.4905
INFO:root:Epoch no. 450 of 500 (samples: 141442)
INFO:root:Loss: 2011.4195 +/- 6.6097
INFO:root:Epoch no. 451 of 500 (samples: 141442)
INFO:root:Loss: 2016.7676 +/- 6.0027
INFO:root:Epoch no. 452 of 500 (samples: 141442)
INFO:root:Loss: 2015.0743 +/- 11.7143
INFO:root:Epoch no. 453 of 500 (samples: 141442)
INFO:root:Loss: 2014.618 +/- 9.2479
INFO:root:Epoch no. 454 of 500 (samples: 141442)
INFO:root:Loss: 2010.7069 +/- 9.8095
INFO:root:Epoch no. 455 of 500 (samples: 141442)
INFO:root:Loss: 2010.218 +/- 13.6439
INFO:root:Epoch no. 456 of 500 (samples: 141442)
INFO:root:Loss: 2011.3009 +/- 11.7639
INFO:root:Epoch no. 457 of 500 (samples: 141442)
INFO:root:Loss: 2013.1255 +/- 12.9592
INFO:root:Epoch no. 458 of 500 (samples: 141442)
INFO:root:Loss: 2013.0437 +/- 7.915
INFO:root:Epoch no. 459 of 500 (samples: 141442)
INFO:root:Loss: 2012.4671 +/- 12.4023
INFO:root:Epoch no. 460 of 500 (samples: 141442)
INFO:root:Loss: 2010.3464 +/- 9.9797
INFO:root:Epoch no. 461 of 500 (samples: 141442)
INFO:root:Loss: 2007.8774 +/- 13.1716
INFO:root:Epoch no. 462 of 500 (samples: 141442)
INFO:root:Loss: 2013.4523 +/- 7.9443
INFO:root:Epoch no. 463 of 500 (samples: 141442)
INFO:root:Loss: 2011.299 +/- 14.087
INFO:root:Epoch no. 464 of 500 (samples: 141442)
INFO:root:Loss: 2010.3909 +/- 9.4766
INFO:root:Epoch no. 465 of 500 (samples: 141442)
INFO:root:Loss: 2010.2887 +/- 13.7872
INFO:root:Epoch no. 466 of 500 (samples: 141442)
INFO:root:Loss: 2010.195 +/- 5.4697
INFO:root:Epoch no. 467 of 500 (samples: 141442)
INFO:root:Loss: 2012.0781 +/- 12.5806
INFO:root:Epoch no. 468 of 500 (samples: 141442)
INFO:root:Loss: 2009.0778 +/- 10.5325
INFO:root:Epoch no. 469 of 500 (samples: 141442)
INFO:root:Loss: 2008.7237 +/- 10.3668
INFO:root:Epoch no. 470 of 500 (samples: 141442)
INFO:root:Loss: 2009.8526 +/- 10.9493
INFO:root:Epoch no. 471 of 500 (samples: 141442)
INFO:root:Loss: 2007.4954 +/- 10.6405
INFO:root:Epoch no. 472 of 500 (samples: 141442)
INFO:root:Loss: 2003.1984 +/- 10.7659
INFO:root:Epoch no. 473 of 500 (samples: 141442)
INFO:root:Loss: 2014.0918 +/- 9.6759
INFO:root:Epoch no. 474 of 500 (samples: 141442)
INFO:root:Loss: 2006.7962 +/- 15.4426
INFO:root:Epoch no. 475 of 500 (samples: 141442)
INFO:root:Loss: 2008.0315 +/- 5.8257
INFO:root:Epoch no. 476 of 500 (samples: 141442)
INFO:root:Loss: 2007.3916 +/- 10.0182
INFO:root:Epoch no. 477 of 500 (samples: 141442)
INFO:root:Loss: 2004.5907 +/- 11.2947
INFO:root:Epoch no. 478 of 500 (samples: 141442)
INFO:root:Loss: 2003.5247 +/- 7.1006
INFO:root:Epoch no. 479 of 500 (samples: 141442)
INFO:root:Loss: 2007.5582 +/- 16.375
INFO:root:Epoch no. 480 of 500 (samples: 141442)
INFO:root:Loss: 2004.5829 +/- 9.5083
INFO:root:Epoch no. 481 of 500 (samples: 141442)
INFO:root:Loss: 2004.5159 +/- 12.4454
INFO:root:Epoch no. 482 of 500 (samples: 141442)
INFO:root:Loss: 2008.8694 +/- 12.7186
INFO:root:Epoch no. 483 of 500 (samples: 141442)
INFO:root:Loss: 2009.3817 +/- 5.6869
INFO:root:Epoch no. 484 of 500 (samples: 141442)
INFO:root:Loss: 2006.0734 +/- 9.3569
INFO:root:Epoch no. 485 of 500 (samples: 141442)
INFO:root:Loss: 2001.7357 +/- 12.6637
INFO:root:Epoch no. 486 of 500 (samples: 141442)
INFO:root:Loss: 2006.6588 +/- 8.5663
INFO:root:Epoch no. 487 of 500 (samples: 141442)
INFO:root:Loss: 2001.3025 +/- 8.9612
INFO:root:Epoch no. 488 of 500 (samples: 141442)
INFO:root:Loss: 1999.4764 +/- 9.1866
INFO:root:Epoch no. 489 of 500 (samples: 141442)
INFO:root:Loss: 2003.4846 +/- 12.6359
INFO:root:Epoch no. 490 of 500 (samples: 141442)
INFO:root:Loss: 2004.1674 +/- 12.542
INFO:root:Epoch no. 491 of 500 (samples: 141442)
INFO:root:Loss: 2004.3215 +/- 11.7034
INFO:root:Epoch no. 492 of 500 (samples: 141442)
INFO:root:Loss: 2000.9325 +/- 9.1611
INFO:root:Epoch no. 493 of 500 (samples: 141442)
INFO:root:Loss: 2001.7857 +/- 9.0251
INFO:root:Epoch no. 494 of 500 (samples: 141442)
INFO:root:Loss: 2005.0049 +/- 13.1704
INFO:root:Epoch no. 495 of 500 (samples: 141442)
INFO:root:Loss: 2005.363 +/- 14.6431
INFO:root:Epoch no. 496 of 500 (samples: 141442)
INFO:root:Loss: 2002.2966 +/- 6.5082
INFO:root:Epoch no. 497 of 500 (samples: 141442)
INFO:root:Loss: 2007.4339 +/- 16.4496
INFO:root:Epoch no. 498 of 500 (samples: 141442)
INFO:root:Loss: 1998.7062 +/- 12.1664
INFO:root:Epoch no. 499 of 500 (samples: 141442)
INFO:root:Loss: 2002.1087 +/- 18.3335
INFO:root:Epoch no. 500 of 500 (samples: 141442)
INFO:root:Loss: 2002.1213 +/- 8.704
/usr/local/lib/python3.5/dist-packages/keras/backend/theano_backend.py:527: UserWarning: theano.function was asked to create a function computing outputs given certain inputs, but the provided input variable at index 2 is not part of the computational graph needed to compute the outputs: keras_learning_phase.
To make this warning into an error, you can pass the parameter on_unused_input='raise' to theano.function. To disable it completely, use on_unused_input='ignore'.
  **kwargs)
INFO:root:### MICRO (validation raw):
INFO:root:	-- left   >> mean: 1018.0024, median: 26.0, mrr: 0.202, hits@1: 10.96%
INFO:root:	-- right  >> mean: 1007.2848, median: 25.0, mrr: 0.202, hits@1: 10.88%
INFO:root:	-- global >> mean: 1012.6436, median: 25.0, mrr: 0.202, hits@1: 10.92%
INFO:root:### MICRO (validation raw):
INFO:root:	-- left   >> mean: 1018.0024, median: 26.0, mrr: 0.202, hits@3: 23.24%
INFO:root:	-- right  >> mean: 1007.2848, median: 25.0, mrr: 0.202, hits@3: 23.88%
INFO:root:	-- global >> mean: 1012.6436, median: 25.0, mrr: 0.202, hits@3: 23.56%
INFO:root:### MICRO (validation raw):
INFO:root:	-- left   >> mean: 1018.0024, median: 26.0, mrr: 0.202, hits@5: 31.3%
INFO:root:	-- right  >> mean: 1007.2848, median: 25.0, mrr: 0.202, hits@5: 30.88%
INFO:root:	-- global >> mean: 1012.6436, median: 25.0, mrr: 0.202, hits@5: 31.09%
INFO:root:### MICRO (validation raw):
INFO:root:	-- left   >> mean: 1018.0024, median: 26.0, mrr: 0.202, hits@10: 40.04%
INFO:root:	-- right  >> mean: 1007.2848, median: 25.0, mrr: 0.202, hits@10: 39.9%
INFO:root:	-- global >> mean: 1012.6436, median: 25.0, mrr: 0.202, hits@10: 39.97%
INFO:root:### MICRO (validation filtered):
INFO:root:	-- left   >> mean: 1006.5134, median: 19.0, mrr: 0.25, hits@1: 15.12%
INFO:root:	-- right  >> mean: 995.1884, median: 18.0, mrr: 0.26, hits@1: 16.26%
INFO:root:	-- global >> mean: 1000.8509, median: 19.0, mrr: 0.255, hits@1: 15.69%
INFO:root:### MICRO (validation filtered):
INFO:root:	-- left   >> mean: 1006.5134, median: 19.0, mrr: 0.25, hits@3: 30.06%
INFO:root:	-- right  >> mean: 995.1884, median: 18.0, mrr: 0.26, hits@3: 31.06%
INFO:root:	-- global >> mean: 1000.8509, median: 19.0, mrr: 0.255, hits@3: 30.56%
INFO:root:### MICRO (validation filtered):
INFO:root:	-- left   >> mean: 1006.5134, median: 19.0, mrr: 0.25, hits@5: 36.54%
INFO:root:	-- right  >> mean: 995.1884, median: 18.0, mrr: 0.26, hits@5: 37.34%
INFO:root:	-- global >> mean: 1000.8509, median: 19.0, mrr: 0.255, hits@5: 36.94%
INFO:root:### MICRO (validation filtered):
INFO:root:	-- left   >> mean: 1006.5134, median: 19.0, mrr: 0.25, hits@10: 44.08%
INFO:root:	-- right  >> mean: 995.1884, median: 18.0, mrr: 0.26, hits@10: 44.62%
INFO:root:	-- global >> mean: 1000.8509, median: 19.0, mrr: 0.255, hits@10: 44.35%
INFO:root:### MICRO (test raw):
INFO:root:	-- left   >> mean: 908.1546, median: 25.0, mrr: 0.193, hits@1: 10.0%
INFO:root:	-- right  >> mean: 880.5684, median: 23.0, mrr: 0.204, hits@1: 10.9%
INFO:root:	-- global >> mean: 894.3615, median: 24.0, mrr: 0.199, hits@1: 10.45%
INFO:root:### MICRO (test raw):
INFO:root:	-- left   >> mean: 908.1546, median: 25.0, mrr: 0.193, hits@3: 22.1%
INFO:root:	-- right  >> mean: 880.5684, median: 23.0, mrr: 0.204, hits@3: 23.78%
INFO:root:	-- global >> mean: 894.3615, median: 24.0, mrr: 0.199, hits@3: 22.94%
INFO:root:### MICRO (test raw):
INFO:root:	-- left   >> mean: 908.1546, median: 25.0, mrr: 0.193, hits@5: 29.74%
INFO:root:	-- right  >> mean: 880.5684, median: 23.0, mrr: 0.204, hits@5: 31.06%
INFO:root:	-- global >> mean: 894.3615, median: 24.0, mrr: 0.199, hits@5: 30.4%
INFO:root:### MICRO (test raw):
INFO:root:	-- left   >> mean: 908.1546, median: 25.0, mrr: 0.193, hits@10: 39.4%
INFO:root:	-- right  >> mean: 880.5684, median: 23.0, mrr: 0.204, hits@10: 40.34%
INFO:root:	-- global >> mean: 894.3615, median: 24.0, mrr: 0.199, hits@10: 39.87%
INFO:root:### MICRO (test filtered):
INFO:root:	-- left   >> mean: 895.7568, median: 19.0, mrr: 0.246, hits@1: 14.7%
INFO:root:	-- right  >> mean: 869.511, median: 17.0, mrr: 0.252, hits@1: 15.26%
INFO:root:	-- global >> mean: 882.6339, median: 18.0, mrr: 0.249, hits@1: 14.98%
INFO:root:### MICRO (test filtered):
INFO:root:	-- left   >> mean: 895.7568, median: 19.0, mrr: 0.246, hits@3: 29.22%
INFO:root:	-- right  >> mean: 869.511, median: 17.0, mrr: 0.252, hits@3: 30.16%
INFO:root:	-- global >> mean: 882.6339, median: 18.0, mrr: 0.249, hits@3: 29.69%
INFO:root:### MICRO (test filtered):
INFO:root:	-- left   >> mean: 895.7568, median: 19.0, mrr: 0.246, hits@5: 36.1%
INFO:root:	-- right  >> mean: 869.511, median: 17.0, mrr: 0.252, hits@5: 36.42%
INFO:root:	-- global >> mean: 882.6339, median: 18.0, mrr: 0.249, hits@5: 36.26%
INFO:root:### MICRO (test filtered):
INFO:root:	-- left   >> mean: 895.7568, median: 19.0, mrr: 0.246, hits@10: 43.62%
INFO:root:	-- right  >> mean: 869.511, median: 17.0, mrr: 0.252, hits@10: 44.46%
INFO:root:	-- global >> mean: 882.6339, median: 18.0, mrr: 0.249, hits@10: 44.04%
