Using Theano backend.
Using gpu device 0: GeForce GTX TITAN X (CNMeM is disabled, cuDNN not available)
INFO:root:Acquiring data/yago3_mte10_5k/yago3_mte10-train.tsv.gz ..
INFO:root:Acquiring data/yago3_mte10_5k/yago3_mte10-valid.tsv.gz ..
INFO:root:Acquiring data/yago3_mte10_5k/yago3_mte10-test.tsv.gz ..
INFO:root:[Rules] Adding Head: 16, Tail: [(16, True)]
INFO:root:[Rules] Adding Head: 16, Tail: [(16, True), (16, True)]
INFO:root:[Rules] Adding Head: 16, Tail: [(16, False), (16, True)]
INFO:root:[Rules] Adding Head: 16, Tail: [(16, False), (16, False)]
INFO:root:[Rules] Adding Head: 16, Tail: [(16, True), (16, False)]
INFO:root:[Rules] Adding Head: 34, Tail: [(22, False)]
INFO:root:[Rules] Adding Head: 29, Tail: [(29, True)]
INFO:root:Samples: 539520, no. batches: 10 -> batch size: 53952
INFO:root:Epoch no. 1 of 500 (samples: 539520)
INFO:root:Loss: 63.3328 +/- 19.3349
INFO:root:Epoch no. 2 of 500 (samples: 539520)
INFO:root:Loss: 28.4096 +/- 1.7679
INFO:root:Epoch no. 3 of 500 (samples: 539520)
INFO:root:Loss: 19.7785 +/- 0.2989
INFO:root:Epoch no. 4 of 500 (samples: 539520)
INFO:root:Loss: 16.1016 +/- 0.2311
INFO:root:Epoch no. 5 of 500 (samples: 539520)
INFO:root:Loss: 14.0678 +/- 0.2243
INFO:root:Epoch no. 6 of 500 (samples: 539520)
INFO:root:Loss: 12.5088 +/- 0.2072
INFO:root:Epoch no. 7 of 500 (samples: 539520)
INFO:root:Loss: 11.369 +/- 0.1825
INFO:root:Epoch no. 8 of 500 (samples: 539520)
INFO:root:Loss: 10.427 +/- 0.1743
INFO:root:Epoch no. 9 of 500 (samples: 539520)
INFO:root:Loss: 9.6347 +/- 0.1743
INFO:root:Epoch no. 10 of 500 (samples: 539520)
INFO:root:Loss: 8.9204 +/- 0.1046
INFO:root:Epoch no. 11 of 500 (samples: 539520)
INFO:root:Loss: 8.3205 +/- 0.1145
INFO:root:Epoch no. 12 of 500 (samples: 539520)
INFO:root:Loss: 7.8326 +/- 0.1183
INFO:root:Epoch no. 13 of 500 (samples: 539520)
INFO:root:Loss: 7.3047 +/- 0.1344
INFO:root:Epoch no. 14 of 500 (samples: 539520)
INFO:root:Loss: 6.8628 +/- 0.1052
INFO:root:Epoch no. 15 of 500 (samples: 539520)
INFO:root:Loss: 6.4776 +/- 0.1225
INFO:root:Epoch no. 16 of 500 (samples: 539520)
INFO:root:Loss: 6.1302 +/- 0.1169
INFO:root:Epoch no. 17 of 500 (samples: 539520)
INFO:root:Loss: 5.806 +/- 0.106
INFO:root:Epoch no. 18 of 500 (samples: 539520)
INFO:root:Loss: 5.5043 +/- 0.0933
INFO:root:Epoch no. 19 of 500 (samples: 539520)
INFO:root:Loss: 5.2821 +/- 0.0897
INFO:root:Epoch no. 20 of 500 (samples: 539520)
INFO:root:Loss: 5.0237 +/- 0.0971
INFO:root:Epoch no. 21 of 500 (samples: 539520)
INFO:root:Loss: 4.8185 +/- 0.0961
INFO:root:Epoch no. 22 of 500 (samples: 539520)
INFO:root:Loss: 4.6433 +/- 0.0504
INFO:root:Epoch no. 23 of 500 (samples: 539520)
INFO:root:Loss: 4.4566 +/- 0.0736
INFO:root:Epoch no. 24 of 500 (samples: 539520)
INFO:root:Loss: 4.3099 +/- 0.0732
INFO:root:Epoch no. 25 of 500 (samples: 539520)
INFO:root:Loss: 4.1944 +/- 0.0839
INFO:root:Epoch no. 26 of 500 (samples: 539520)
INFO:root:Loss: 4.0168 +/- 0.066
INFO:root:Epoch no. 27 of 500 (samples: 539520)
INFO:root:Loss: 3.9351 +/- 0.0829
INFO:root:Epoch no. 28 of 500 (samples: 539520)
INFO:root:Loss: 3.8129 +/- 0.0826
INFO:root:Epoch no. 29 of 500 (samples: 539520)
INFO:root:Loss: 3.7079 +/- 0.0789
INFO:root:Epoch no. 30 of 500 (samples: 539520)
INFO:root:Loss: 3.6125 +/- 0.0502
INFO:root:Epoch no. 31 of 500 (samples: 539520)
INFO:root:Loss: 3.5382 +/- 0.071
INFO:root:Epoch no. 32 of 500 (samples: 539520)
INFO:root:Loss: 3.4561 +/- 0.0685
INFO:root:Epoch no. 33 of 500 (samples: 539520)
INFO:root:Loss: 3.3734 +/- 0.0738
INFO:root:Epoch no. 34 of 500 (samples: 539520)
INFO:root:Loss: 3.2938 +/- 0.0539
INFO:root:Epoch no. 35 of 500 (samples: 539520)
INFO:root:Loss: 3.2331 +/- 0.0512
INFO:root:Epoch no. 36 of 500 (samples: 539520)
INFO:root:Loss: 3.1787 +/- 0.0761
INFO:root:Epoch no. 37 of 500 (samples: 539520)
INFO:root:Loss: 3.1049 +/- 0.0571
INFO:root:Epoch no. 38 of 500 (samples: 539520)
INFO:root:Loss: 3.0566 +/- 0.045
INFO:root:Epoch no. 39 of 500 (samples: 539520)
INFO:root:Loss: 2.9903 +/- 0.0461
INFO:root:Epoch no. 40 of 500 (samples: 539520)
INFO:root:Loss: 2.958 +/- 0.0654
INFO:root:Epoch no. 41 of 500 (samples: 539520)
INFO:root:Loss: 2.905 +/- 0.047
INFO:root:Epoch no. 42 of 500 (samples: 539520)
INFO:root:Loss: 2.8686 +/- 0.0638
INFO:root:Epoch no. 43 of 500 (samples: 539520)
INFO:root:Loss: 2.8038 +/- 0.0559
INFO:root:Epoch no. 44 of 500 (samples: 539520)
INFO:root:Loss: 2.7767 +/- 0.044
INFO:root:Epoch no. 45 of 500 (samples: 539520)
INFO:root:Loss: 2.7136 +/- 0.062
INFO:root:Epoch no. 46 of 500 (samples: 539520)
INFO:root:Loss: 2.6901 +/- 0.0456
INFO:root:Epoch no. 47 of 500 (samples: 539520)
INFO:root:Loss: 2.6355 +/- 0.0421
INFO:root:Epoch no. 48 of 500 (samples: 539520)
INFO:root:Loss: 2.6042 +/- 0.0577
INFO:root:Epoch no. 49 of 500 (samples: 539520)
INFO:root:Loss: 2.5903 +/- 0.049
INFO:root:Epoch no. 50 of 500 (samples: 539520)
INFO:root:Loss: 2.5475 +/- 0.0458
INFO:root:Epoch no. 51 of 500 (samples: 539520)
INFO:root:Loss: 2.526 +/- 0.0405
INFO:root:Epoch no. 52 of 500 (samples: 539520)
INFO:root:Loss: 2.4847 +/- 0.047
INFO:root:Epoch no. 53 of 500 (samples: 539520)
INFO:root:Loss: 2.4794 +/- 0.0524
INFO:root:Epoch no. 54 of 500 (samples: 539520)
INFO:root:Loss: 2.4414 +/- 0.0283
INFO:root:Epoch no. 55 of 500 (samples: 539520)
INFO:root:Loss: 2.4346 +/- 0.0374
INFO:root:Epoch no. 56 of 500 (samples: 539520)
INFO:root:Loss: 2.3929 +/- 0.032
INFO:root:Epoch no. 57 of 500 (samples: 539520)
INFO:root:Loss: 2.3685 +/- 0.0401
INFO:root:Epoch no. 58 of 500 (samples: 539520)
INFO:root:Loss: 2.331 +/- 0.0489
INFO:root:Epoch no. 59 of 500 (samples: 539520)
INFO:root:Loss: 2.3126 +/- 0.0443
INFO:root:Epoch no. 60 of 500 (samples: 539520)
INFO:root:Loss: 2.2897 +/- 0.04
INFO:root:Epoch no. 61 of 500 (samples: 539520)
INFO:root:Loss: 2.2838 +/- 0.0458
INFO:root:Epoch no. 62 of 500 (samples: 539520)
INFO:root:Loss: 2.2702 +/- 0.0441
INFO:root:Epoch no. 63 of 500 (samples: 539520)
INFO:root:Loss: 2.2063 +/- 0.0366
INFO:root:Epoch no. 64 of 500 (samples: 539520)
INFO:root:Loss: 2.2081 +/- 0.0523
INFO:root:Epoch no. 65 of 500 (samples: 539520)
INFO:root:Loss: 2.2177 +/- 0.0439
INFO:root:Epoch no. 66 of 500 (samples: 539520)
INFO:root:Loss: 2.1809 +/- 0.0468
INFO:root:Epoch no. 67 of 500 (samples: 539520)
INFO:root:Loss: 2.177 +/- 0.0506
INFO:root:Epoch no. 68 of 500 (samples: 539520)
INFO:root:Loss: 2.16 +/- 0.0467
INFO:root:Epoch no. 69 of 500 (samples: 539520)
INFO:root:Loss: 2.1402 +/- 0.0345
INFO:root:Epoch no. 70 of 500 (samples: 539520)
INFO:root:Loss: 2.1251 +/- 0.0416
INFO:root:Epoch no. 71 of 500 (samples: 539520)
INFO:root:Loss: 2.1052 +/- 0.0297
INFO:root:Epoch no. 72 of 500 (samples: 539520)
INFO:root:Loss: 2.088 +/- 0.021
INFO:root:Epoch no. 73 of 500 (samples: 539520)
INFO:root:Loss: 2.0724 +/- 0.0389
INFO:root:Epoch no. 74 of 500 (samples: 539520)
INFO:root:Loss: 2.0684 +/- 0.0336
INFO:root:Epoch no. 75 of 500 (samples: 539520)
INFO:root:Loss: 2.0511 +/- 0.0349
INFO:root:Epoch no. 76 of 500 (samples: 539520)
INFO:root:Loss: 2.0313 +/- 0.0417
INFO:root:Epoch no. 77 of 500 (samples: 539520)
INFO:root:Loss: 2.0451 +/- 0.0293
INFO:root:Epoch no. 78 of 500 (samples: 539520)
INFO:root:Loss: 2.0114 +/- 0.0307
INFO:root:Epoch no. 79 of 500 (samples: 539520)
INFO:root:Loss: 1.9893 +/- 0.0416
INFO:root:Epoch no. 80 of 500 (samples: 539520)
INFO:root:Loss: 1.9839 +/- 0.0507
INFO:root:Epoch no. 81 of 500 (samples: 539520)
INFO:root:Loss: 1.9634 +/- 0.044
INFO:root:Epoch no. 82 of 500 (samples: 539520)
INFO:root:Loss: 1.9547 +/- 0.0246
INFO:root:Epoch no. 83 of 500 (samples: 539520)
INFO:root:Loss: 1.954 +/- 0.027
INFO:root:Epoch no. 84 of 500 (samples: 539520)
INFO:root:Loss: 1.9399 +/- 0.03
INFO:root:Epoch no. 85 of 500 (samples: 539520)
INFO:root:Loss: 1.9075 +/- 0.0229
INFO:root:Epoch no. 86 of 500 (samples: 539520)
INFO:root:Loss: 1.9324 +/- 0.0426
INFO:root:Epoch no. 87 of 500 (samples: 539520)
INFO:root:Loss: 1.907 +/- 0.0414
INFO:root:Epoch no. 88 of 500 (samples: 539520)
INFO:root:Loss: 1.8825 +/- 0.0453
INFO:root:Epoch no. 89 of 500 (samples: 539520)
INFO:root:Loss: 1.8788 +/- 0.0289
INFO:root:Epoch no. 90 of 500 (samples: 539520)
INFO:root:Loss: 1.8967 +/- 0.047
INFO:root:Epoch no. 91 of 500 (samples: 539520)
INFO:root:Loss: 1.8715 +/- 0.048
INFO:root:Epoch no. 92 of 500 (samples: 539520)
INFO:root:Loss: 1.8633 +/- 0.0395
INFO:root:Epoch no. 93 of 500 (samples: 539520)
INFO:root:Loss: 1.8427 +/- 0.0382
INFO:root:Epoch no. 94 of 500 (samples: 539520)
INFO:root:Loss: 1.8481 +/- 0.0282
INFO:root:Epoch no. 95 of 500 (samples: 539520)
INFO:root:Loss: 1.8205 +/- 0.0319
INFO:root:Epoch no. 96 of 500 (samples: 539520)
INFO:root:Loss: 1.8208 +/- 0.0333
INFO:root:Epoch no. 97 of 500 (samples: 539520)
INFO:root:Loss: 1.821 +/- 0.0411
INFO:root:Epoch no. 98 of 500 (samples: 539520)
INFO:root:Loss: 1.8022 +/- 0.0218
INFO:root:Epoch no. 99 of 500 (samples: 539520)
INFO:root:Loss: 1.7933 +/- 0.03
INFO:root:Epoch no. 100 of 500 (samples: 539520)
INFO:root:Loss: 1.7919 +/- 0.0407
INFO:root:Epoch no. 101 of 500 (samples: 539520)
INFO:root:Loss: 1.7813 +/- 0.0314
INFO:root:Epoch no. 102 of 500 (samples: 539520)
INFO:root:Loss: 1.783 +/- 0.0367
INFO:root:Epoch no. 103 of 500 (samples: 539520)
INFO:root:Loss: 1.7813 +/- 0.0422
INFO:root:Epoch no. 104 of 500 (samples: 539520)
INFO:root:Loss: 1.7771 +/- 0.0529
INFO:root:Epoch no. 105 of 500 (samples: 539520)
INFO:root:Loss: 1.761 +/- 0.0348
INFO:root:Epoch no. 106 of 500 (samples: 539520)
INFO:root:Loss: 1.7581 +/- 0.0187
INFO:root:Epoch no. 107 of 500 (samples: 539520)
INFO:root:Loss: 1.7567 +/- 0.0278
INFO:root:Epoch no. 108 of 500 (samples: 539520)
INFO:root:Loss: 1.7392 +/- 0.0393
INFO:root:Epoch no. 109 of 500 (samples: 539520)
INFO:root:Loss: 1.7538 +/- 0.0416
INFO:root:Epoch no. 110 of 500 (samples: 539520)
INFO:root:Loss: 1.7356 +/- 0.0272
INFO:root:Epoch no. 111 of 500 (samples: 539520)
INFO:root:Loss: 1.7255 +/- 0.0341
INFO:root:Epoch no. 112 of 500 (samples: 539520)
INFO:root:Loss: 1.71 +/- 0.0296
INFO:root:Epoch no. 113 of 500 (samples: 539520)
INFO:root:Loss: 1.7031 +/- 0.0327
INFO:root:Epoch no. 114 of 500 (samples: 539520)
INFO:root:Loss: 1.7009 +/- 0.0424
INFO:root:Epoch no. 115 of 500 (samples: 539520)
INFO:root:Loss: 1.7022 +/- 0.0301
INFO:root:Epoch no. 116 of 500 (samples: 539520)
INFO:root:Loss: 1.7163 +/- 0.0283
INFO:root:Epoch no. 117 of 500 (samples: 539520)
INFO:root:Loss: 1.6786 +/- 0.0318
INFO:root:Epoch no. 118 of 500 (samples: 539520)
INFO:root:Loss: 1.6739 +/- 0.0532
INFO:root:Epoch no. 119 of 500 (samples: 539520)
INFO:root:Loss: 1.6772 +/- 0.0366
INFO:root:Epoch no. 120 of 500 (samples: 539520)
INFO:root:Loss: 1.6822 +/- 0.0375
INFO:root:Epoch no. 121 of 500 (samples: 539520)
INFO:root:Loss: 1.6585 +/- 0.0506
INFO:root:Epoch no. 122 of 500 (samples: 539520)
INFO:root:Loss: 1.6838 +/- 0.0221
INFO:root:Epoch no. 123 of 500 (samples: 539520)
INFO:root:Loss: 1.6505 +/- 0.044
INFO:root:Epoch no. 124 of 500 (samples: 539520)
INFO:root:Loss: 1.6365 +/- 0.0457
INFO:root:Epoch no. 125 of 500 (samples: 539520)
INFO:root:Loss: 1.6342 +/- 0.0402
INFO:root:Epoch no. 126 of 500 (samples: 539520)
INFO:root:Loss: 1.6255 +/- 0.0388
INFO:root:Epoch no. 127 of 500 (samples: 539520)
INFO:root:Loss: 1.6268 +/- 0.036
INFO:root:Epoch no. 128 of 500 (samples: 539520)
INFO:root:Loss: 1.634 +/- 0.0275
INFO:root:Epoch no. 129 of 500 (samples: 539520)
INFO:root:Loss: 1.6251 +/- 0.0323
INFO:root:Epoch no. 130 of 500 (samples: 539520)
INFO:root:Loss: 1.6331 +/- 0.0342
INFO:root:Epoch no. 131 of 500 (samples: 539520)
INFO:root:Loss: 1.6174 +/- 0.0347
INFO:root:Epoch no. 132 of 500 (samples: 539520)
INFO:root:Loss: 1.6158 +/- 0.0252
INFO:root:Epoch no. 133 of 500 (samples: 539520)
INFO:root:Loss: 1.6139 +/- 0.0398
INFO:root:Epoch no. 134 of 500 (samples: 539520)
INFO:root:Loss: 1.6003 +/- 0.0323
INFO:root:Epoch no. 135 of 500 (samples: 539520)
INFO:root:Loss: 1.5838 +/- 0.0285
INFO:root:Epoch no. 136 of 500 (samples: 539520)
INFO:root:Loss: 1.5851 +/- 0.0282
INFO:root:Epoch no. 137 of 500 (samples: 539520)
INFO:root:Loss: 1.5986 +/- 0.025
INFO:root:Epoch no. 138 of 500 (samples: 539520)
INFO:root:Loss: 1.5875 +/- 0.0338
INFO:root:Epoch no. 139 of 500 (samples: 539520)
INFO:root:Loss: 1.5691 +/- 0.0392
INFO:root:Epoch no. 140 of 500 (samples: 539520)
INFO:root:Loss: 1.5871 +/- 0.0342
INFO:root:Epoch no. 141 of 500 (samples: 539520)
INFO:root:Loss: 1.5729 +/- 0.0254
INFO:root:Epoch no. 142 of 500 (samples: 539520)
INFO:root:Loss: 1.5835 +/- 0.0322
INFO:root:Epoch no. 143 of 500 (samples: 539520)
INFO:root:Loss: 1.5719 +/- 0.0449
INFO:root:Epoch no. 144 of 500 (samples: 539520)
INFO:root:Loss: 1.5734 +/- 0.0396
INFO:root:Epoch no. 145 of 500 (samples: 539520)
INFO:root:Loss: 1.566 +/- 0.0325
INFO:root:Epoch no. 146 of 500 (samples: 539520)
INFO:root:Loss: 1.5592 +/- 0.0331
INFO:root:Epoch no. 147 of 500 (samples: 539520)
INFO:root:Loss: 1.5553 +/- 0.0369
INFO:root:Epoch no. 148 of 500 (samples: 539520)
INFO:root:Loss: 1.5346 +/- 0.0298
INFO:root:Epoch no. 149 of 500 (samples: 539520)
INFO:root:Loss: 1.5371 +/- 0.0225
INFO:root:Epoch no. 150 of 500 (samples: 539520)
INFO:root:Loss: 1.5349 +/- 0.0383
INFO:root:Epoch no. 151 of 500 (samples: 539520)
INFO:root:Loss: 1.5525 +/- 0.022
INFO:root:Epoch no. 152 of 500 (samples: 539520)
INFO:root:Loss: 1.5298 +/- 0.0205
INFO:root:Epoch no. 153 of 500 (samples: 539520)
INFO:root:Loss: 1.5299 +/- 0.0334
INFO:root:Epoch no. 154 of 500 (samples: 539520)
INFO:root:Loss: 1.5195 +/- 0.0369
INFO:root:Epoch no. 155 of 500 (samples: 539520)
INFO:root:Loss: 1.5072 +/- 0.0193
INFO:root:Epoch no. 156 of 500 (samples: 539520)
INFO:root:Loss: 1.5247 +/- 0.0319
INFO:root:Epoch no. 157 of 500 (samples: 539520)
INFO:root:Loss: 1.5258 +/- 0.0246
INFO:root:Epoch no. 158 of 500 (samples: 539520)
INFO:root:Loss: 1.5249 +/- 0.0369
INFO:root:Epoch no. 159 of 500 (samples: 539520)
INFO:root:Loss: 1.5095 +/- 0.0396
INFO:root:Epoch no. 160 of 500 (samples: 539520)
INFO:root:Loss: 1.5112 +/- 0.0363
INFO:root:Epoch no. 161 of 500 (samples: 539520)
INFO:root:Loss: 1.526 +/- 0.0263
INFO:root:Epoch no. 162 of 500 (samples: 539520)
INFO:root:Loss: 1.5166 +/- 0.0349
INFO:root:Epoch no. 163 of 500 (samples: 539520)
INFO:root:Loss: 1.4802 +/- 0.0194
INFO:root:Epoch no. 164 of 500 (samples: 539520)
INFO:root:Loss: 1.4874 +/- 0.0337
INFO:root:Epoch no. 165 of 500 (samples: 539520)
INFO:root:Loss: 1.4844 +/- 0.0259
INFO:root:Epoch no. 166 of 500 (samples: 539520)
INFO:root:Loss: 1.4952 +/- 0.0144
INFO:root:Epoch no. 167 of 500 (samples: 539520)
INFO:root:Loss: 1.4826 +/- 0.0469
INFO:root:Epoch no. 168 of 500 (samples: 539520)
INFO:root:Loss: 1.489 +/- 0.0239
INFO:root:Epoch no. 169 of 500 (samples: 539520)
INFO:root:Loss: 1.4689 +/- 0.0415
INFO:root:Epoch no. 170 of 500 (samples: 539520)
INFO:root:Loss: 1.4803 +/- 0.0383
INFO:root:Epoch no. 171 of 500 (samples: 539520)
INFO:root:Loss: 1.4691 +/- 0.0311
INFO:root:Epoch no. 172 of 500 (samples: 539520)
INFO:root:Loss: 1.4747 +/- 0.0356
INFO:root:Epoch no. 173 of 500 (samples: 539520)
INFO:root:Loss: 1.4704 +/- 0.0331
INFO:root:Epoch no. 174 of 500 (samples: 539520)
INFO:root:Loss: 1.4882 +/- 0.0281
INFO:root:Epoch no. 175 of 500 (samples: 539520)
INFO:root:Loss: 1.457 +/- 0.0304
INFO:root:Epoch no. 176 of 500 (samples: 539520)
INFO:root:Loss: 1.4624 +/- 0.027
INFO:root:Epoch no. 177 of 500 (samples: 539520)
INFO:root:Loss: 1.4608 +/- 0.0241
INFO:root:Epoch no. 178 of 500 (samples: 539520)
INFO:root:Loss: 1.4621 +/- 0.0276
INFO:root:Epoch no. 179 of 500 (samples: 539520)
INFO:root:Loss: 1.4632 +/- 0.0204
INFO:root:Epoch no. 180 of 500 (samples: 539520)
INFO:root:Loss: 1.4581 +/- 0.0361
INFO:root:Epoch no. 181 of 500 (samples: 539520)
INFO:root:Loss: 1.4479 +/- 0.0223
INFO:root:Epoch no. 182 of 500 (samples: 539520)
INFO:root:Loss: 1.4501 +/- 0.026
INFO:root:Epoch no. 183 of 500 (samples: 539520)
INFO:root:Loss: 1.4362 +/- 0.0187
INFO:root:Epoch no. 184 of 500 (samples: 539520)
INFO:root:Loss: 1.4536 +/- 0.0208
INFO:root:Epoch no. 185 of 500 (samples: 539520)
INFO:root:Loss: 1.4527 +/- 0.0322
INFO:root:Epoch no. 186 of 500 (samples: 539520)
INFO:root:Loss: 1.4406 +/- 0.0317
INFO:root:Epoch no. 187 of 500 (samples: 539520)
INFO:root:Loss: 1.4323 +/- 0.044
INFO:root:Epoch no. 188 of 500 (samples: 539520)
INFO:root:Loss: 1.4209 +/- 0.029
INFO:root:Epoch no. 189 of 500 (samples: 539520)
INFO:root:Loss: 1.4351 +/- 0.0252
INFO:root:Epoch no. 190 of 500 (samples: 539520)
INFO:root:Loss: 1.4311 +/- 0.0321
INFO:root:Epoch no. 191 of 500 (samples: 539520)
INFO:root:Loss: 1.4279 +/- 0.0209
INFO:root:Epoch no. 192 of 500 (samples: 539520)
INFO:root:Loss: 1.4313 +/- 0.0368
INFO:root:Epoch no. 193 of 500 (samples: 539520)
INFO:root:Loss: 1.4249 +/- 0.0329
INFO:root:Epoch no. 194 of 500 (samples: 539520)
INFO:root:Loss: 1.4062 +/- 0.0323
INFO:root:Epoch no. 195 of 500 (samples: 539520)
INFO:root:Loss: 1.415 +/- 0.0322
INFO:root:Epoch no. 196 of 500 (samples: 539520)
INFO:root:Loss: 1.4186 +/- 0.0284
INFO:root:Epoch no. 197 of 500 (samples: 539520)
INFO:root:Loss: 1.419 +/- 0.0384
INFO:root:Epoch no. 198 of 500 (samples: 539520)
INFO:root:Loss: 1.4258 +/- 0.0325
INFO:root:Epoch no. 199 of 500 (samples: 539520)
INFO:root:Loss: 1.4021 +/- 0.0374
INFO:root:Epoch no. 200 of 500 (samples: 539520)
INFO:root:Loss: 1.402 +/- 0.016
INFO:root:Epoch no. 201 of 500 (samples: 539520)
INFO:root:Loss: 1.4083 +/- 0.0274
INFO:root:Epoch no. 202 of 500 (samples: 539520)
INFO:root:Loss: 1.4004 +/- 0.034
INFO:root:Epoch no. 203 of 500 (samples: 539520)
INFO:root:Loss: 1.3879 +/- 0.0307
INFO:root:Epoch no. 204 of 500 (samples: 539520)
INFO:root:Loss: 1.408 +/- 0.0358
INFO:root:Epoch no. 205 of 500 (samples: 539520)
INFO:root:Loss: 1.394 +/- 0.0439
INFO:root:Epoch no. 206 of 500 (samples: 539520)
INFO:root:Loss: 1.3905 +/- 0.0368
INFO:root:Epoch no. 207 of 500 (samples: 539520)
INFO:root:Loss: 1.3749 +/- 0.0289
INFO:root:Epoch no. 208 of 500 (samples: 539520)
INFO:root:Loss: 1.4015 +/- 0.0239
INFO:root:Epoch no. 209 of 500 (samples: 539520)
INFO:root:Loss: 1.387 +/- 0.0219
INFO:root:Epoch no. 210 of 500 (samples: 539520)
INFO:root:Loss: 1.3816 +/- 0.0167
INFO:root:Epoch no. 211 of 500 (samples: 539520)
INFO:root:Loss: 1.3889 +/- 0.0281
INFO:root:Epoch no. 212 of 500 (samples: 539520)
INFO:root:Loss: 1.3977 +/- 0.0148
INFO:root:Epoch no. 213 of 500 (samples: 539520)
INFO:root:Loss: 1.3716 +/- 0.0229
INFO:root:Epoch no. 214 of 500 (samples: 539520)
INFO:root:Loss: 1.3881 +/- 0.0313
INFO:root:Epoch no. 215 of 500 (samples: 539520)
INFO:root:Loss: 1.3716 +/- 0.0332
INFO:root:Epoch no. 216 of 500 (samples: 539520)
INFO:root:Loss: 1.3849 +/- 0.0307
INFO:root:Epoch no. 217 of 500 (samples: 539520)
INFO:root:Loss: 1.3935 +/- 0.0404
INFO:root:Epoch no. 218 of 500 (samples: 539520)
INFO:root:Loss: 1.3626 +/- 0.0303
INFO:root:Epoch no. 219 of 500 (samples: 539520)
INFO:root:Loss: 1.3561 +/- 0.0158
INFO:root:Epoch no. 220 of 500 (samples: 539520)
INFO:root:Loss: 1.3796 +/- 0.0315
INFO:root:Epoch no. 221 of 500 (samples: 539520)
INFO:root:Loss: 1.3749 +/- 0.0366
INFO:root:Epoch no. 222 of 500 (samples: 539520)
INFO:root:Loss: 1.3485 +/- 0.0223
INFO:root:Epoch no. 223 of 500 (samples: 539520)
INFO:root:Loss: 1.3758 +/- 0.0248
INFO:root:Epoch no. 224 of 500 (samples: 539520)
INFO:root:Loss: 1.3669 +/- 0.026
INFO:root:Epoch no. 225 of 500 (samples: 539520)
INFO:root:Loss: 1.3457 +/- 0.0226
INFO:root:Epoch no. 226 of 500 (samples: 539520)
INFO:root:Loss: 1.3535 +/- 0.0278
INFO:root:Epoch no. 227 of 500 (samples: 539520)
INFO:root:Loss: 1.3641 +/- 0.0372
INFO:root:Epoch no. 228 of 500 (samples: 539520)
INFO:root:Loss: 1.3722 +/- 0.0347
INFO:root:Epoch no. 229 of 500 (samples: 539520)
INFO:root:Loss: 1.3631 +/- 0.0267
INFO:root:Epoch no. 230 of 500 (samples: 539520)
INFO:root:Loss: 1.3615 +/- 0.0218
INFO:root:Epoch no. 231 of 500 (samples: 539520)
INFO:root:Loss: 1.3468 +/- 0.0269
INFO:root:Epoch no. 232 of 500 (samples: 539520)
INFO:root:Loss: 1.3508 +/- 0.0301
INFO:root:Epoch no. 233 of 500 (samples: 539520)
INFO:root:Loss: 1.3484 +/- 0.0318
INFO:root:Epoch no. 234 of 500 (samples: 539520)
INFO:root:Loss: 1.36 +/- 0.0366
INFO:root:Epoch no. 235 of 500 (samples: 539520)
INFO:root:Loss: 1.3418 +/- 0.0216
INFO:root:Epoch no. 236 of 500 (samples: 539520)
INFO:root:Loss: 1.3481 +/- 0.0266
INFO:root:Epoch no. 237 of 500 (samples: 539520)
INFO:root:Loss: 1.3294 +/- 0.0455
INFO:root:Epoch no. 238 of 500 (samples: 539520)
INFO:root:Loss: 1.3426 +/- 0.0237
INFO:root:Epoch no. 239 of 500 (samples: 539520)
INFO:root:Loss: 1.3301 +/- 0.0363
INFO:root:Epoch no. 240 of 500 (samples: 539520)
INFO:root:Loss: 1.3324 +/- 0.0223
INFO:root:Epoch no. 241 of 500 (samples: 539520)
INFO:root:Loss: 1.3562 +/- 0.0324
INFO:root:Epoch no. 242 of 500 (samples: 539520)
INFO:root:Loss: 1.3406 +/- 0.0243
INFO:root:Epoch no. 243 of 500 (samples: 539520)
INFO:root:Loss: 1.3296 +/- 0.0321
INFO:root:Epoch no. 244 of 500 (samples: 539520)
INFO:root:Loss: 1.3256 +/- 0.0295
INFO:root:Epoch no. 245 of 500 (samples: 539520)
INFO:root:Loss: 1.3238 +/- 0.0288
INFO:root:Epoch no. 246 of 500 (samples: 539520)
INFO:root:Loss: 1.3349 +/- 0.0186
INFO:root:Epoch no. 247 of 500 (samples: 539520)
INFO:root:Loss: 1.333 +/- 0.0369
INFO:root:Epoch no. 248 of 500 (samples: 539520)
INFO:root:Loss: 1.3315 +/- 0.0275
INFO:root:Epoch no. 249 of 500 (samples: 539520)
INFO:root:Loss: 1.3278 +/- 0.0339
INFO:root:Epoch no. 250 of 500 (samples: 539520)
INFO:root:Loss: 1.3257 +/- 0.0305
INFO:root:Epoch no. 251 of 500 (samples: 539520)
INFO:root:Loss: 1.3249 +/- 0.0185
INFO:root:Epoch no. 252 of 500 (samples: 539520)
INFO:root:Loss: 1.326 +/- 0.0328
INFO:root:Epoch no. 253 of 500 (samples: 539520)
INFO:root:Loss: 1.3025 +/- 0.0234
INFO:root:Epoch no. 254 of 500 (samples: 539520)
INFO:root:Loss: 1.3192 +/- 0.033
INFO:root:Epoch no. 255 of 500 (samples: 539520)
INFO:root:Loss: 1.3067 +/- 0.0369
INFO:root:Epoch no. 256 of 500 (samples: 539520)
INFO:root:Loss: 1.3149 +/- 0.0387
INFO:root:Epoch no. 257 of 500 (samples: 539520)
INFO:root:Loss: 1.3017 +/- 0.0257
INFO:root:Epoch no. 258 of 500 (samples: 539520)
INFO:root:Loss: 1.3136 +/- 0.0274
INFO:root:Epoch no. 259 of 500 (samples: 539520)
INFO:root:Loss: 1.3115 +/- 0.0396
INFO:root:Epoch no. 260 of 500 (samples: 539520)
INFO:root:Loss: 1.3104 +/- 0.0219
INFO:root:Epoch no. 261 of 500 (samples: 539520)
INFO:root:Loss: 1.3073 +/- 0.0306
INFO:root:Epoch no. 262 of 500 (samples: 539520)
INFO:root:Loss: 1.3177 +/- 0.032
INFO:root:Epoch no. 263 of 500 (samples: 539520)
INFO:root:Loss: 1.3081 +/- 0.025
INFO:root:Epoch no. 264 of 500 (samples: 539520)
INFO:root:Loss: 1.3034 +/- 0.0277
INFO:root:Epoch no. 265 of 500 (samples: 539520)
INFO:root:Loss: 1.3054 +/- 0.0299
INFO:root:Epoch no. 266 of 500 (samples: 539520)
INFO:root:Loss: 1.2969 +/- 0.0253
INFO:root:Epoch no. 267 of 500 (samples: 539520)
INFO:root:Loss: 1.3065 +/- 0.035
INFO:root:Epoch no. 268 of 500 (samples: 539520)
INFO:root:Loss: 1.3001 +/- 0.0119
INFO:root:Epoch no. 269 of 500 (samples: 539520)
INFO:root:Loss: 1.3118 +/- 0.0216
INFO:root:Epoch no. 270 of 500 (samples: 539520)
INFO:root:Loss: 1.2954 +/- 0.032
INFO:root:Epoch no. 271 of 500 (samples: 539520)
INFO:root:Loss: 1.2861 +/- 0.0313
INFO:root:Epoch no. 272 of 500 (samples: 539520)
INFO:root:Loss: 1.2844 +/- 0.0219
INFO:root:Epoch no. 273 of 500 (samples: 539520)
INFO:root:Loss: 1.3094 +/- 0.028
INFO:root:Epoch no. 274 of 500 (samples: 539520)
INFO:root:Loss: 1.3016 +/- 0.0147
INFO:root:Epoch no. 275 of 500 (samples: 539520)
INFO:root:Loss: 1.2881 +/- 0.0399
INFO:root:Epoch no. 276 of 500 (samples: 539520)
INFO:root:Loss: 1.2953 +/- 0.0273
INFO:root:Epoch no. 277 of 500 (samples: 539520)
INFO:root:Loss: 1.2871 +/- 0.0273
INFO:root:Epoch no. 278 of 500 (samples: 539520)
INFO:root:Loss: 1.2934 +/- 0.0221
INFO:root:Epoch no. 279 of 500 (samples: 539520)
INFO:root:Loss: 1.2705 +/- 0.0327
INFO:root:Epoch no. 280 of 500 (samples: 539520)
INFO:root:Loss: 1.3003 +/- 0.0277
INFO:root:Epoch no. 281 of 500 (samples: 539520)
INFO:root:Loss: 1.3024 +/- 0.0301
INFO:root:Epoch no. 282 of 500 (samples: 539520)
INFO:root:Loss: 1.2792 +/- 0.0337
INFO:root:Epoch no. 283 of 500 (samples: 539520)
INFO:root:Loss: 1.2848 +/- 0.0118
INFO:root:Epoch no. 284 of 500 (samples: 539520)
INFO:root:Loss: 1.2896 +/- 0.026
INFO:root:Epoch no. 285 of 500 (samples: 539520)
INFO:root:Loss: 1.2793 +/- 0.0322
INFO:root:Epoch no. 286 of 500 (samples: 539520)
INFO:root:Loss: 1.2754 +/- 0.0354
INFO:root:Epoch no. 287 of 500 (samples: 539520)
INFO:root:Loss: 1.2638 +/- 0.0309
INFO:root:Epoch no. 288 of 500 (samples: 539520)
INFO:root:Loss: 1.2917 +/- 0.0258
INFO:root:Epoch no. 289 of 500 (samples: 539520)
INFO:root:Loss: 1.2719 +/- 0.0337
INFO:root:Epoch no. 290 of 500 (samples: 539520)
INFO:root:Loss: 1.2721 +/- 0.0313
INFO:root:Epoch no. 291 of 500 (samples: 539520)
INFO:root:Loss: 1.276 +/- 0.0325
INFO:root:Epoch no. 292 of 500 (samples: 539520)
INFO:root:Loss: 1.2694 +/- 0.0313
INFO:root:Epoch no. 293 of 500 (samples: 539520)
INFO:root:Loss: 1.2766 +/- 0.0234
INFO:root:Epoch no. 294 of 500 (samples: 539520)
INFO:root:Loss: 1.2768 +/- 0.0302
INFO:root:Epoch no. 295 of 500 (samples: 539520)
INFO:root:Loss: 1.2688 +/- 0.023
INFO:root:Epoch no. 296 of 500 (samples: 539520)
INFO:root:Loss: 1.2856 +/- 0.0282
INFO:root:Epoch no. 297 of 500 (samples: 539520)
INFO:root:Loss: 1.2725 +/- 0.0183
INFO:root:Epoch no. 298 of 500 (samples: 539520)
INFO:root:Loss: 1.2692 +/- 0.0289
INFO:root:Epoch no. 299 of 500 (samples: 539520)
INFO:root:Loss: 1.2784 +/- 0.0262
INFO:root:Epoch no. 300 of 500 (samples: 539520)
INFO:root:Loss: 1.2712 +/- 0.0404
INFO:root:Epoch no. 301 of 500 (samples: 539520)
INFO:root:Loss: 1.2738 +/- 0.0217
INFO:root:Epoch no. 302 of 500 (samples: 539520)
INFO:root:Loss: 1.2693 +/- 0.0297
INFO:root:Epoch no. 303 of 500 (samples: 539520)
INFO:root:Loss: 1.2807 +/- 0.0313
INFO:root:Epoch no. 304 of 500 (samples: 539520)
INFO:root:Loss: 1.2583 +/- 0.0293
INFO:root:Epoch no. 305 of 500 (samples: 539520)
INFO:root:Loss: 1.2597 +/- 0.028
INFO:root:Epoch no. 306 of 500 (samples: 539520)
INFO:root:Loss: 1.2549 +/- 0.0335
INFO:root:Epoch no. 307 of 500 (samples: 539520)
INFO:root:Loss: 1.2455 +/- 0.0383
INFO:root:Epoch no. 308 of 500 (samples: 539520)
INFO:root:Loss: 1.2544 +/- 0.0351
INFO:root:Epoch no. 309 of 500 (samples: 539520)
INFO:root:Loss: 1.2552 +/- 0.0419
INFO:root:Epoch no. 310 of 500 (samples: 539520)
INFO:root:Loss: 1.2674 +/- 0.0234
INFO:root:Epoch no. 311 of 500 (samples: 539520)
INFO:root:Loss: 1.2599 +/- 0.0336
INFO:root:Epoch no. 312 of 500 (samples: 539520)
INFO:root:Loss: 1.2474 +/- 0.0488
INFO:root:Epoch no. 313 of 500 (samples: 539520)
INFO:root:Loss: 1.2411 +/- 0.0442
INFO:root:Epoch no. 314 of 500 (samples: 539520)
INFO:root:Loss: 1.2541 +/- 0.035
INFO:root:Epoch no. 315 of 500 (samples: 539520)
INFO:root:Loss: 1.2408 +/- 0.0284
INFO:root:Epoch no. 316 of 500 (samples: 539520)
INFO:root:Loss: 1.2438 +/- 0.0429
INFO:root:Epoch no. 317 of 500 (samples: 539520)
INFO:root:Loss: 1.2477 +/- 0.028
INFO:root:Epoch no. 318 of 500 (samples: 539520)
INFO:root:Loss: 1.2582 +/- 0.0301
INFO:root:Epoch no. 319 of 500 (samples: 539520)
INFO:root:Loss: 1.2561 +/- 0.0205
INFO:root:Epoch no. 320 of 500 (samples: 539520)
INFO:root:Loss: 1.2521 +/- 0.0328
INFO:root:Epoch no. 321 of 500 (samples: 539520)
INFO:root:Loss: 1.2462 +/- 0.0375
INFO:root:Epoch no. 322 of 500 (samples: 539520)
INFO:root:Loss: 1.2567 +/- 0.0261
INFO:root:Epoch no. 323 of 500 (samples: 539520)
INFO:root:Loss: 1.2523 +/- 0.0252
INFO:root:Epoch no. 324 of 500 (samples: 539520)
INFO:root:Loss: 1.2445 +/- 0.0458
INFO:root:Epoch no. 325 of 500 (samples: 539520)
INFO:root:Loss: 1.247 +/- 0.0246
INFO:root:Epoch no. 326 of 500 (samples: 539520)
INFO:root:Loss: 1.2657 +/- 0.0228
INFO:root:Epoch no. 327 of 500 (samples: 539520)
INFO:root:Loss: 1.2616 +/- 0.0277
INFO:root:Epoch no. 328 of 500 (samples: 539520)
INFO:root:Loss: 1.2506 +/- 0.0269
INFO:root:Epoch no. 329 of 500 (samples: 539520)
INFO:root:Loss: 1.2299 +/- 0.0242
INFO:root:Epoch no. 330 of 500 (samples: 539520)
INFO:root:Loss: 1.2364 +/- 0.0324
INFO:root:Epoch no. 331 of 500 (samples: 539520)
INFO:root:Loss: 1.2388 +/- 0.0263
INFO:root:Epoch no. 332 of 500 (samples: 539520)
INFO:root:Loss: 1.242 +/- 0.0244
INFO:root:Epoch no. 333 of 500 (samples: 539520)
INFO:root:Loss: 1.2379 +/- 0.0468
INFO:root:Epoch no. 334 of 500 (samples: 539520)
INFO:root:Loss: 1.2534 +/- 0.0341
INFO:root:Epoch no. 335 of 500 (samples: 539520)
INFO:root:Loss: 1.2169 +/- 0.0248
INFO:root:Epoch no. 336 of 500 (samples: 539520)
INFO:root:Loss: 1.2286 +/- 0.0215
INFO:root:Epoch no. 337 of 500 (samples: 539520)
INFO:root:Loss: 1.2421 +/- 0.0451
INFO:root:Epoch no. 338 of 500 (samples: 539520)
INFO:root:Loss: 1.2173 +/- 0.0346
INFO:root:Epoch no. 339 of 500 (samples: 539520)
INFO:root:Loss: 1.2263 +/- 0.0298
INFO:root:Epoch no. 340 of 500 (samples: 539520)
INFO:root:Loss: 1.228 +/- 0.0321
INFO:root:Epoch no. 341 of 500 (samples: 539520)
INFO:root:Loss: 1.2293 +/- 0.0135
INFO:root:Epoch no. 342 of 500 (samples: 539520)
INFO:root:Loss: 1.2284 +/- 0.0237
INFO:root:Epoch no. 343 of 500 (samples: 539520)
INFO:root:Loss: 1.2137 +/- 0.0345
INFO:root:Epoch no. 344 of 500 (samples: 539520)
INFO:root:Loss: 1.2338 +/- 0.0224
INFO:root:Epoch no. 345 of 500 (samples: 539520)
INFO:root:Loss: 1.2158 +/- 0.0125
INFO:root:Epoch no. 346 of 500 (samples: 539520)
INFO:root:Loss: 1.2197 +/- 0.0331
INFO:root:Epoch no. 347 of 500 (samples: 539520)
INFO:root:Loss: 1.2175 +/- 0.0327
INFO:root:Epoch no. 348 of 500 (samples: 539520)
INFO:root:Loss: 1.2184 +/- 0.0272
INFO:root:Epoch no. 349 of 500 (samples: 539520)
INFO:root:Loss: 1.232 +/- 0.0276
INFO:root:Epoch no. 350 of 500 (samples: 539520)
INFO:root:Loss: 1.2183 +/- 0.0377
INFO:root:Epoch no. 351 of 500 (samples: 539520)
INFO:root:Loss: 1.2159 +/- 0.0284
INFO:root:Epoch no. 352 of 500 (samples: 539520)
INFO:root:Loss: 1.2235 +/- 0.0327
INFO:root:Epoch no. 353 of 500 (samples: 539520)
INFO:root:Loss: 1.2308 +/- 0.0226
INFO:root:Epoch no. 354 of 500 (samples: 539520)
INFO:root:Loss: 1.2179 +/- 0.0354
INFO:root:Epoch no. 355 of 500 (samples: 539520)
INFO:root:Loss: 1.2199 +/- 0.0414
INFO:root:Epoch no. 356 of 500 (samples: 539520)
INFO:root:Loss: 1.2155 +/- 0.0228
INFO:root:Epoch no. 357 of 500 (samples: 539520)
INFO:root:Loss: 1.2242 +/- 0.0276
INFO:root:Epoch no. 358 of 500 (samples: 539520)
INFO:root:Loss: 1.2001 +/- 0.032
INFO:root:Epoch no. 359 of 500 (samples: 539520)
INFO:root:Loss: 1.2273 +/- 0.027
INFO:root:Epoch no. 360 of 500 (samples: 539520)
INFO:root:Loss: 1.2116 +/- 0.0321
INFO:root:Epoch no. 361 of 500 (samples: 539520)
INFO:root:Loss: 1.2421 +/- 0.0331
INFO:root:Epoch no. 362 of 500 (samples: 539520)
INFO:root:Loss: 1.2155 +/- 0.0276
INFO:root:Epoch no. 363 of 500 (samples: 539520)
INFO:root:Loss: 1.2079 +/- 0.0342
INFO:root:Epoch no. 364 of 500 (samples: 539520)
INFO:root:Loss: 1.1964 +/- 0.0249
INFO:root:Epoch no. 365 of 500 (samples: 539520)
INFO:root:Loss: 1.216 +/- 0.043
INFO:root:Epoch no. 366 of 500 (samples: 539520)
INFO:root:Loss: 1.2062 +/- 0.0418
INFO:root:Epoch no. 367 of 500 (samples: 539520)
INFO:root:Loss: 1.1991 +/- 0.0162
INFO:root:Epoch no. 368 of 500 (samples: 539520)
INFO:root:Loss: 1.2003 +/- 0.0292
INFO:root:Epoch no. 369 of 500 (samples: 539520)
INFO:root:Loss: 1.2172 +/- 0.0351
INFO:root:Epoch no. 370 of 500 (samples: 539520)
INFO:root:Loss: 1.2077 +/- 0.0338
INFO:root:Epoch no. 371 of 500 (samples: 539520)
INFO:root:Loss: 1.2167 +/- 0.0237
INFO:root:Epoch no. 372 of 500 (samples: 539520)
INFO:root:Loss: 1.1907 +/- 0.036
INFO:root:Epoch no. 373 of 500 (samples: 539520)
INFO:root:Loss: 1.2102 +/- 0.0229
INFO:root:Epoch no. 374 of 500 (samples: 539520)
INFO:root:Loss: 1.2062 +/- 0.0314
INFO:root:Epoch no. 375 of 500 (samples: 539520)
INFO:root:Loss: 1.203 +/- 0.0293
INFO:root:Epoch no. 376 of 500 (samples: 539520)
INFO:root:Loss: 1.191 +/- 0.0299
INFO:root:Epoch no. 377 of 500 (samples: 539520)
INFO:root:Loss: 1.1953 +/- 0.0181
INFO:root:Epoch no. 378 of 500 (samples: 539520)
INFO:root:Loss: 1.2028 +/- 0.0291
INFO:root:Epoch no. 379 of 500 (samples: 539520)
INFO:root:Loss: 1.1984 +/- 0.0202
INFO:root:Epoch no. 380 of 500 (samples: 539520)
INFO:root:Loss: 1.2126 +/- 0.0272
INFO:root:Epoch no. 381 of 500 (samples: 539520)
INFO:root:Loss: 1.2 +/- 0.0247
INFO:root:Epoch no. 382 of 500 (samples: 539520)
INFO:root:Loss: 1.1912 +/- 0.0273
INFO:root:Epoch no. 383 of 500 (samples: 539520)
INFO:root:Loss: 1.1903 +/- 0.0396
INFO:root:Epoch no. 384 of 500 (samples: 539520)
INFO:root:Loss: 1.2024 +/- 0.0301
INFO:root:Epoch no. 385 of 500 (samples: 539520)
INFO:root:Loss: 1.1977 +/- 0.0313
INFO:root:Epoch no. 386 of 500 (samples: 539520)
INFO:root:Loss: 1.208 +/- 0.026
INFO:root:Epoch no. 387 of 500 (samples: 539520)
INFO:root:Loss: 1.1915 +/- 0.0299
INFO:root:Epoch no. 388 of 500 (samples: 539520)
INFO:root:Loss: 1.2179 +/- 0.0339
INFO:root:Epoch no. 389 of 500 (samples: 539520)
INFO:root:Loss: 1.193 +/- 0.0221
INFO:root:Epoch no. 390 of 500 (samples: 539520)
INFO:root:Loss: 1.2073 +/- 0.019
INFO:root:Epoch no. 391 of 500 (samples: 539520)
INFO:root:Loss: 1.1752 +/- 0.0246
INFO:root:Epoch no. 392 of 500 (samples: 539520)
INFO:root:Loss: 1.1864 +/- 0.029
INFO:root:Epoch no. 393 of 500 (samples: 539520)
INFO:root:Loss: 1.1827 +/- 0.0367
INFO:root:Epoch no. 394 of 500 (samples: 539520)
INFO:root:Loss: 1.1937 +/- 0.0272
INFO:root:Epoch no. 395 of 500 (samples: 539520)
INFO:root:Loss: 1.1802 +/- 0.0283
INFO:root:Epoch no. 396 of 500 (samples: 539520)
INFO:root:Loss: 1.1996 +/- 0.0228
INFO:root:Epoch no. 397 of 500 (samples: 539520)
INFO:root:Loss: 1.1846 +/- 0.0228
INFO:root:Epoch no. 398 of 500 (samples: 539520)
INFO:root:Loss: 1.1925 +/- 0.0381
INFO:root:Epoch no. 399 of 500 (samples: 539520)
INFO:root:Loss: 1.1732 +/- 0.0265
INFO:root:Epoch no. 400 of 500 (samples: 539520)
INFO:root:Loss: 1.1863 +/- 0.0432
INFO:root:Epoch no. 401 of 500 (samples: 539520)
INFO:root:Loss: 1.1834 +/- 0.0374
INFO:root:Epoch no. 402 of 500 (samples: 539520)
INFO:root:Loss: 1.1787 +/- 0.0361
INFO:root:Epoch no. 403 of 500 (samples: 539520)
INFO:root:Loss: 1.1839 +/- 0.0283
INFO:root:Epoch no. 404 of 500 (samples: 539520)
INFO:root:Loss: 1.2044 +/- 0.0383
INFO:root:Epoch no. 405 of 500 (samples: 539520)
INFO:root:Loss: 1.1936 +/- 0.0294
INFO:root:Epoch no. 406 of 500 (samples: 539520)
INFO:root:Loss: 1.1815 +/- 0.029
INFO:root:Epoch no. 407 of 500 (samples: 539520)
INFO:root:Loss: 1.1949 +/- 0.0346
INFO:root:Epoch no. 408 of 500 (samples: 539520)
INFO:root:Loss: 1.1968 +/- 0.0159
INFO:root:Epoch no. 409 of 500 (samples: 539520)
INFO:root:Loss: 1.1766 +/- 0.0374
INFO:root:Epoch no. 410 of 500 (samples: 539520)
INFO:root:Loss: 1.1914 +/- 0.0175
INFO:root:Epoch no. 411 of 500 (samples: 539520)
INFO:root:Loss: 1.1773 +/- 0.025
INFO:root:Epoch no. 412 of 500 (samples: 539520)
INFO:root:Loss: 1.1795 +/- 0.028
INFO:root:Epoch no. 413 of 500 (samples: 539520)
INFO:root:Loss: 1.1907 +/- 0.0243
INFO:root:Epoch no. 414 of 500 (samples: 539520)
INFO:root:Loss: 1.1821 +/- 0.0266
INFO:root:Epoch no. 415 of 500 (samples: 539520)
INFO:root:Loss: 1.1802 +/- 0.0372
INFO:root:Epoch no. 416 of 500 (samples: 539520)
INFO:root:Loss: 1.1707 +/- 0.0336
INFO:root:Epoch no. 417 of 500 (samples: 539520)
INFO:root:Loss: 1.1765 +/- 0.0168
INFO:root:Epoch no. 418 of 500 (samples: 539520)
INFO:root:Loss: 1.1779 +/- 0.0208
INFO:root:Epoch no. 419 of 500 (samples: 539520)
INFO:root:Loss: 1.1847 +/- 0.0235
INFO:root:Epoch no. 420 of 500 (samples: 539520)
INFO:root:Loss: 1.1818 +/- 0.0323
INFO:root:Epoch no. 421 of 500 (samples: 539520)
INFO:root:Loss: 1.1556 +/- 0.0319
INFO:root:Epoch no. 422 of 500 (samples: 539520)
INFO:root:Loss: 1.174 +/- 0.0186
INFO:root:Epoch no. 423 of 500 (samples: 539520)
INFO:root:Loss: 1.1725 +/- 0.0216
INFO:root:Epoch no. 424 of 500 (samples: 539520)
INFO:root:Loss: 1.168 +/- 0.0391
INFO:root:Epoch no. 425 of 500 (samples: 539520)
INFO:root:Loss: 1.1666 +/- 0.0301
INFO:root:Epoch no. 426 of 500 (samples: 539520)
INFO:root:Loss: 1.1858 +/- 0.0203
INFO:root:Epoch no. 427 of 500 (samples: 539520)
INFO:root:Loss: 1.1663 +/- 0.0335
INFO:root:Epoch no. 428 of 500 (samples: 539520)
INFO:root:Loss: 1.1756 +/- 0.023
INFO:root:Epoch no. 429 of 500 (samples: 539520)
INFO:root:Loss: 1.1622 +/- 0.023
INFO:root:Epoch no. 430 of 500 (samples: 539520)
INFO:root:Loss: 1.1882 +/- 0.0262
INFO:root:Epoch no. 431 of 500 (samples: 539520)
INFO:root:Loss: 1.1795 +/- 0.0284
INFO:root:Epoch no. 432 of 500 (samples: 539520)
INFO:root:Loss: 1.1651 +/- 0.0221
INFO:root:Epoch no. 433 of 500 (samples: 539520)
INFO:root:Loss: 1.1657 +/- 0.0324
INFO:root:Epoch no. 434 of 500 (samples: 539520)
INFO:root:Loss: 1.173 +/- 0.0246
INFO:root:Epoch no. 435 of 500 (samples: 539520)
INFO:root:Loss: 1.1717 +/- 0.0329
INFO:root:Epoch no. 436 of 500 (samples: 539520)
INFO:root:Loss: 1.169 +/- 0.0259
INFO:root:Epoch no. 437 of 500 (samples: 539520)
INFO:root:Loss: 1.1753 +/- 0.0237
INFO:root:Epoch no. 438 of 500 (samples: 539520)
INFO:root:Loss: 1.1752 +/- 0.0194
INFO:root:Epoch no. 439 of 500 (samples: 539520)
INFO:root:Loss: 1.1591 +/- 0.0299
INFO:root:Epoch no. 440 of 500 (samples: 539520)
INFO:root:Loss: 1.1696 +/- 0.0292
INFO:root:Epoch no. 441 of 500 (samples: 539520)
INFO:root:Loss: 1.1538 +/- 0.0341
INFO:root:Epoch no. 442 of 500 (samples: 539520)
INFO:root:Loss: 1.1564 +/- 0.0345
INFO:root:Epoch no. 443 of 500 (samples: 539520)
INFO:root:Loss: 1.1609 +/- 0.0383
INFO:root:Epoch no. 444 of 500 (samples: 539520)
INFO:root:Loss: 1.1761 +/- 0.0365
INFO:root:Epoch no. 445 of 500 (samples: 539520)
INFO:root:Loss: 1.1639 +/- 0.0285
INFO:root:Epoch no. 446 of 500 (samples: 539520)
INFO:root:Loss: 1.1676 +/- 0.0306
INFO:root:Epoch no. 447 of 500 (samples: 539520)
INFO:root:Loss: 1.1607 +/- 0.0255
INFO:root:Epoch no. 448 of 500 (samples: 539520)
INFO:root:Loss: 1.1677 +/- 0.0113
INFO:root:Epoch no. 449 of 500 (samples: 539520)
INFO:root:Loss: 1.1686 +/- 0.0221
INFO:root:Epoch no. 450 of 500 (samples: 539520)
INFO:root:Loss: 1.151 +/- 0.0173
INFO:root:Epoch no. 451 of 500 (samples: 539520)
INFO:root:Loss: 1.1638 +/- 0.0227
INFO:root:Epoch no. 452 of 500 (samples: 539520)
INFO:root:Loss: 1.1556 +/- 0.0215
INFO:root:Epoch no. 453 of 500 (samples: 539520)
INFO:root:Loss: 1.1588 +/- 0.0294
INFO:root:Epoch no. 454 of 500 (samples: 539520)
INFO:root:Loss: 1.1694 +/- 0.0283
INFO:root:Epoch no. 455 of 500 (samples: 539520)
INFO:root:Loss: 1.1744 +/- 0.0312
INFO:root:Epoch no. 456 of 500 (samples: 539520)
INFO:root:Loss: 1.1677 +/- 0.0263
INFO:root:Epoch no. 457 of 500 (samples: 539520)
INFO:root:Loss: 1.1391 +/- 0.0287
INFO:root:Epoch no. 458 of 500 (samples: 539520)
INFO:root:Loss: 1.1615 +/- 0.032
INFO:root:Epoch no. 459 of 500 (samples: 539520)
INFO:root:Loss: 1.1586 +/- 0.0501
INFO:root:Epoch no. 460 of 500 (samples: 539520)
INFO:root:Loss: 1.1553 +/- 0.0314
INFO:root:Epoch no. 461 of 500 (samples: 539520)
INFO:root:Loss: 1.1498 +/- 0.0225
INFO:root:Epoch no. 462 of 500 (samples: 539520)
INFO:root:Loss: 1.1407 +/- 0.0245
INFO:root:Epoch no. 463 of 500 (samples: 539520)
INFO:root:Loss: 1.1538 +/- 0.0232
INFO:root:Epoch no. 464 of 500 (samples: 539520)
INFO:root:Loss: 1.1622 +/- 0.0356
INFO:root:Epoch no. 465 of 500 (samples: 539520)
INFO:root:Loss: 1.1569 +/- 0.0227
INFO:root:Epoch no. 466 of 500 (samples: 539520)
INFO:root:Loss: 1.1599 +/- 0.0268
INFO:root:Epoch no. 467 of 500 (samples: 539520)
INFO:root:Loss: 1.1695 +/- 0.0357
INFO:root:Epoch no. 468 of 500 (samples: 539520)
INFO:root:Loss: 1.1487 +/- 0.0322
INFO:root:Epoch no. 469 of 500 (samples: 539520)
INFO:root:Loss: 1.1623 +/- 0.0298
INFO:root:Epoch no. 470 of 500 (samples: 539520)
INFO:root:Loss: 1.1391 +/- 0.0355
INFO:root:Epoch no. 471 of 500 (samples: 539520)
INFO:root:Loss: 1.1517 +/- 0.0319
INFO:root:Epoch no. 472 of 500 (samples: 539520)
INFO:root:Loss: 1.1441 +/- 0.0269
INFO:root:Epoch no. 473 of 500 (samples: 539520)
INFO:root:Loss: 1.1479 +/- 0.0312
INFO:root:Epoch no. 474 of 500 (samples: 539520)
INFO:root:Loss: 1.1428 +/- 0.0299
INFO:root:Epoch no. 475 of 500 (samples: 539520)
INFO:root:Loss: 1.1428 +/- 0.0284
INFO:root:Epoch no. 476 of 500 (samples: 539520)
INFO:root:Loss: 1.1636 +/- 0.0278
INFO:root:Epoch no. 477 of 500 (samples: 539520)
INFO:root:Loss: 1.1297 +/- 0.0379
INFO:root:Epoch no. 478 of 500 (samples: 539520)
INFO:root:Loss: 1.1408 +/- 0.0244
INFO:root:Epoch no. 479 of 500 (samples: 539520)
INFO:root:Loss: 1.1466 +/- 0.0275
INFO:root:Epoch no. 480 of 500 (samples: 539520)
INFO:root:Loss: 1.1494 +/- 0.0278
INFO:root:Epoch no. 481 of 500 (samples: 539520)
INFO:root:Loss: 1.1485 +/- 0.0311
INFO:root:Epoch no. 482 of 500 (samples: 539520)
INFO:root:Loss: 1.1675 +/- 0.0188
INFO:root:Epoch no. 483 of 500 (samples: 539520)
INFO:root:Loss: 1.1367 +/- 0.0214
INFO:root:Epoch no. 484 of 500 (samples: 539520)
INFO:root:Loss: 1.1502 +/- 0.0249
INFO:root:Epoch no. 485 of 500 (samples: 539520)
INFO:root:Loss: 1.1458 +/- 0.0179
INFO:root:Epoch no. 486 of 500 (samples: 539520)
INFO:root:Loss: 1.1387 +/- 0.0249
INFO:root:Epoch no. 487 of 500 (samples: 539520)
INFO:root:Loss: 1.1694 +/- 0.0334
INFO:root:Epoch no. 488 of 500 (samples: 539520)
INFO:root:Loss: 1.1464 +/- 0.0235
INFO:root:Epoch no. 489 of 500 (samples: 539520)
INFO:root:Loss: 1.151 +/- 0.0222
INFO:root:Epoch no. 490 of 500 (samples: 539520)
INFO:root:Loss: 1.143 +/- 0.0299
INFO:root:Epoch no. 491 of 500 (samples: 539520)
INFO:root:Loss: 1.1488 +/- 0.0362
INFO:root:Epoch no. 492 of 500 (samples: 539520)
INFO:root:Loss: 1.1358 +/- 0.024
INFO:root:Epoch no. 493 of 500 (samples: 539520)
INFO:root:Loss: 1.1457 +/- 0.0333
INFO:root:Epoch no. 494 of 500 (samples: 539520)
INFO:root:Loss: 1.1577 +/- 0.0282
INFO:root:Epoch no. 495 of 500 (samples: 539520)
INFO:root:Loss: 1.1413 +/- 0.0146
INFO:root:Epoch no. 496 of 500 (samples: 539520)
INFO:root:Loss: 1.1301 +/- 0.0302
INFO:root:Epoch no. 497 of 500 (samples: 539520)
INFO:root:Loss: 1.133 +/- 0.0215
INFO:root:Epoch no. 498 of 500 (samples: 539520)
INFO:root:Loss: 1.1388 +/- 0.0287
INFO:root:Epoch no. 499 of 500 (samples: 539520)
INFO:root:Loss: 1.1592 +/- 0.0338
INFO:root:Epoch no. 500 of 500 (samples: 539520)
INFO:root:Loss: 1.1436 +/- 0.0341
/usr/local/lib/python3.5/dist-packages/keras/backend/theano_backend.py:527: UserWarning: theano.function was asked to create a function computing outputs given certain inputs, but the provided input variable at index 2 is not part of the computational graph needed to compute the outputs: keras_learning_phase.
To make this warning into an error, you can pass the parameter on_unused_input='raise' to theano.function. To disable it completely, use on_unused_input='ignore'.
  **kwargs)
INFO:root:### MICRO (validation raw):
INFO:root:	-- left   >> mean: 10781.5574, median: 1123.5, mrr: 0.012, hits@1: 0.14%
INFO:root:	-- right  >> mean: 3075.242, median: 63.5, mrr: 0.091, hits@1: 3.6%
INFO:root:	-- global >> mean: 6928.3997, median: 330.5, mrr: 0.051, hits@1: 1.87%
INFO:root:### MICRO (validation raw):
INFO:root:	-- left   >> mean: 10781.5574, median: 1123.5, mrr: 0.012, hits@3: 0.66%
INFO:root:	-- right  >> mean: 3075.242, median: 63.5, mrr: 0.091, hits@3: 8.6%
INFO:root:	-- global >> mean: 6928.3997, median: 330.5, mrr: 0.051, hits@3: 4.63%
INFO:root:### MICRO (validation raw):
INFO:root:	-- left   >> mean: 10781.5574, median: 1123.5, mrr: 0.012, hits@5: 1.34%
INFO:root:	-- right  >> mean: 3075.242, median: 63.5, mrr: 0.091, hits@5: 12.74%
INFO:root:	-- global >> mean: 6928.3997, median: 330.5, mrr: 0.051, hits@5: 7.04%
INFO:root:### MICRO (validation raw):
INFO:root:	-- left   >> mean: 10781.5574, median: 1123.5, mrr: 0.012, hits@10: 2.74%
INFO:root:	-- right  >> mean: 3075.242, median: 63.5, mrr: 0.091, hits@10: 19.78%
INFO:root:	-- global >> mean: 6928.3997, median: 330.5, mrr: 0.051, hits@10: 11.26%
INFO:root:### MICRO (validation filtered):
INFO:root:	-- left   >> mean: 8911.8726, median: 1014.0, mrr: 0.015, hits@1: 0.24%
INFO:root:	-- right  >> mean: 3072.4382, median: 59.5, mrr: 0.103, hits@1: 4.52%
INFO:root:	-- global >> mean: 5992.1554, median: 302.0, mrr: 0.059, hits@1: 2.38%
INFO:root:### MICRO (validation filtered):
INFO:root:	-- left   >> mean: 8911.8726, median: 1014.0, mrr: 0.015, hits@3: 1.04%
INFO:root:	-- right  >> mean: 3072.4382, median: 59.5, mrr: 0.103, hits@3: 10.24%
INFO:root:	-- global >> mean: 5992.1554, median: 302.0, mrr: 0.059, hits@3: 5.64%
INFO:root:### MICRO (validation filtered):
INFO:root:	-- left   >> mean: 8911.8726, median: 1014.0, mrr: 0.015, hits@5: 1.84%
INFO:root:	-- right  >> mean: 3072.4382, median: 59.5, mrr: 0.103, hits@5: 14.54%
INFO:root:	-- global >> mean: 5992.1554, median: 302.0, mrr: 0.059, hits@5: 8.19%
INFO:root:### MICRO (validation filtered):
INFO:root:	-- left   >> mean: 8911.8726, median: 1014.0, mrr: 0.015, hits@10: 3.56%
INFO:root:	-- right  >> mean: 3072.4382, median: 59.5, mrr: 0.103, hits@10: 21.9%
INFO:root:	-- global >> mean: 5992.1554, median: 302.0, mrr: 0.059, hits@10: 12.73%
INFO:root:### MICRO (test raw):
INFO:root:	-- left   >> mean: 10152.3252, median: 1020.5, mrr: 0.012, hits@1: 0.18%
INFO:root:	-- right  >> mean: 3185.93, median: 68.0, mrr: 0.093, hits@1: 3.92%
INFO:root:	-- global >> mean: 6669.1276, median: 321.0, mrr: 0.052, hits@1: 2.05%
INFO:root:### MICRO (test raw):
INFO:root:	-- left   >> mean: 10152.3252, median: 1020.5, mrr: 0.012, hits@3: 0.86%
INFO:root:	-- right  >> mean: 3185.93, median: 68.0, mrr: 0.093, hits@3: 9.02%
INFO:root:	-- global >> mean: 6669.1276, median: 321.0, mrr: 0.052, hits@3: 4.94%
INFO:root:### MICRO (test raw):
INFO:root:	-- left   >> mean: 10152.3252, median: 1020.5, mrr: 0.012, hits@5: 1.4%
INFO:root:	-- right  >> mean: 3185.93, median: 68.0, mrr: 0.093, hits@5: 12.88%
INFO:root:	-- global >> mean: 6669.1276, median: 321.0, mrr: 0.052, hits@5: 7.14%
INFO:root:### MICRO (test raw):
INFO:root:	-- left   >> mean: 10152.3252, median: 1020.5, mrr: 0.012, hits@10: 2.46%
INFO:root:	-- right  >> mean: 3185.93, median: 68.0, mrr: 0.093, hits@10: 20.16%
INFO:root:	-- global >> mean: 6669.1276, median: 321.0, mrr: 0.052, hits@10: 11.31%
INFO:root:### MICRO (test filtered):
INFO:root:	-- left   >> mean: 8335.1548, median: 926.0, mrr: 0.015, hits@1: 0.28%
INFO:root:	-- right  >> mean: 3182.9724, median: 64.0, mrr: 0.106, hits@1: 4.86%
INFO:root:	-- global >> mean: 5759.0636, median: 287.5, mrr: 0.061, hits@1: 2.57%
INFO:root:### MICRO (test filtered):
INFO:root:	-- left   >> mean: 8335.1548, median: 926.0, mrr: 0.015, hits@3: 1.06%
INFO:root:	-- right  >> mean: 3182.9724, median: 64.0, mrr: 0.106, hits@3: 10.7%
INFO:root:	-- global >> mean: 5759.0636, median: 287.5, mrr: 0.061, hits@3: 5.88%
INFO:root:### MICRO (test filtered):
INFO:root:	-- left   >> mean: 8335.1548, median: 926.0, mrr: 0.015, hits@5: 1.82%
INFO:root:	-- right  >> mean: 3182.9724, median: 64.0, mrr: 0.106, hits@5: 14.82%
INFO:root:	-- global >> mean: 5759.0636, median: 287.5, mrr: 0.061, hits@5: 8.32%
INFO:root:### MICRO (test filtered):
INFO:root:	-- left   >> mean: 8335.1548, median: 926.0, mrr: 0.015, hits@10: 3.28%
INFO:root:	-- right  >> mean: 3182.9724, median: 64.0, mrr: 0.106, hits@10: 22.08%
INFO:root:	-- global >> mean: 5759.0636, median: 287.5, mrr: 0.061, hits@10: 12.68%
