Using Theano backend.
Using gpu device 0: GeForce GTX TITAN X (CNMeM is disabled, cuDNN not available)
INFO:root:Acquiring data/yago3_mte10_5k/yago3_mte10-train.tsv.gz ..
INFO:root:Acquiring data/yago3_mte10_5k/yago3_mte10-valid.tsv.gz ..
INFO:root:Acquiring data/yago3_mte10_5k/yago3_mte10-test.tsv.gz ..
INFO:root:[Rules] Adding Head: 16, Tail: [(16, True)]
INFO:root:[Rules] Adding Head: 16, Tail: [(16, True), (16, True)]
INFO:root:[Rules] Adding Head: 16, Tail: [(16, False), (16, True)]
INFO:root:[Rules] Adding Head: 16, Tail: [(16, False), (16, False)]
INFO:root:[Rules] Adding Head: 16, Tail: [(16, True), (16, False)]
INFO:root:[Rules] Adding Head: 34, Tail: [(22, False)]
INFO:root:[Rules] Adding Head: 29, Tail: [(29, True)]
INFO:root:Samples: 971136, no. batches: 10 -> batch size: 97114
INFO:root:Epoch no. 1 of 500 (samples: 971136)
INFO:root:Loss: 54.4669 +/- 29.545
INFO:root:Epoch no. 2 of 500 (samples: 971136)
INFO:root:Loss: 25.3993 +/- 0.7618
INFO:root:Epoch no. 3 of 500 (samples: 971136)
INFO:root:Loss: 22.3235 +/- 0.963
INFO:root:Epoch no. 4 of 500 (samples: 971136)
INFO:root:Loss: 19.2009 +/- 1.1614
INFO:root:Epoch no. 5 of 500 (samples: 971136)
INFO:root:Loss: 16.8117 +/- 0.7669
INFO:root:Epoch no. 6 of 500 (samples: 971136)
INFO:root:Loss: 14.3299 +/- 0.1682
INFO:root:Epoch no. 7 of 500 (samples: 971136)
INFO:root:Loss: 13.2282 +/- 0.2889
INFO:root:Epoch no. 8 of 500 (samples: 971136)
INFO:root:Loss: 12.5242 +/- 0.3151
INFO:root:Epoch no. 9 of 500 (samples: 971136)
INFO:root:Loss: 12.0545 +/- 0.3744
INFO:root:Epoch no. 10 of 500 (samples: 971136)
INFO:root:Loss: 11.7995 +/- 0.3806
INFO:root:Epoch no. 11 of 500 (samples: 971136)
INFO:root:Loss: 11.5251 +/- 0.3463
INFO:root:Epoch no. 12 of 500 (samples: 971136)
INFO:root:Loss: 11.2971 +/- 0.3609
INFO:root:Epoch no. 13 of 500 (samples: 971136)
INFO:root:Loss: 11.104 +/- 0.3565
INFO:root:Epoch no. 14 of 500 (samples: 971136)
INFO:root:Loss: 10.9635 +/- 0.3511
INFO:root:Epoch no. 15 of 500 (samples: 971136)
INFO:root:Loss: 10.8523 +/- 0.3807
INFO:root:Epoch no. 16 of 500 (samples: 971136)
INFO:root:Loss: 10.755 +/- 0.3432
INFO:root:Epoch no. 17 of 500 (samples: 971136)
INFO:root:Loss: 10.6872 +/- 0.3479
INFO:root:Epoch no. 18 of 500 (samples: 971136)
INFO:root:Loss: 10.5899 +/- 0.3632
INFO:root:Epoch no. 19 of 500 (samples: 971136)
INFO:root:Loss: 10.5172 +/- 0.3513
INFO:root:Epoch no. 20 of 500 (samples: 971136)
INFO:root:Loss: 10.4388 +/- 0.3542
INFO:root:Epoch no. 21 of 500 (samples: 971136)
INFO:root:Loss: 10.3989 +/- 0.3415
INFO:root:Epoch no. 22 of 500 (samples: 971136)
INFO:root:Loss: 10.3651 +/- 0.3058
INFO:root:Epoch no. 23 of 500 (samples: 971136)
INFO:root:Loss: 10.3081 +/- 0.3047
INFO:root:Epoch no. 24 of 500 (samples: 971136)
INFO:root:Loss: 10.2693 +/- 0.3343
INFO:root:Epoch no. 25 of 500 (samples: 971136)
INFO:root:Loss: 10.2334 +/- 0.3132
INFO:root:Epoch no. 26 of 500 (samples: 971136)
INFO:root:Loss: 10.1955 +/- 0.3166
INFO:root:Epoch no. 27 of 500 (samples: 971136)
INFO:root:Loss: 10.1635 +/- 0.3266
INFO:root:Epoch no. 28 of 500 (samples: 971136)
INFO:root:Loss: 10.1296 +/- 0.2931
INFO:root:Epoch no. 29 of 500 (samples: 971136)
INFO:root:Loss: 10.0927 +/- 0.3049
INFO:root:Epoch no. 30 of 500 (samples: 971136)
INFO:root:Loss: 10.0637 +/- 0.2966
INFO:root:Epoch no. 31 of 500 (samples: 971136)
INFO:root:Loss: 10.0481 +/- 0.2988
INFO:root:Epoch no. 32 of 500 (samples: 971136)
INFO:root:Loss: 10.0097 +/- 0.2988
INFO:root:Epoch no. 33 of 500 (samples: 971136)
INFO:root:Loss: 9.9765 +/- 0.2949
INFO:root:Epoch no. 34 of 500 (samples: 971136)
INFO:root:Loss: 9.9549 +/- 0.2884
INFO:root:Epoch no. 35 of 500 (samples: 971136)
INFO:root:Loss: 9.9383 +/- 0.2962
INFO:root:Epoch no. 36 of 500 (samples: 971136)
INFO:root:Loss: 9.9097 +/- 0.265
INFO:root:Epoch no. 37 of 500 (samples: 971136)
INFO:root:Loss: 9.8887 +/- 0.285
INFO:root:Epoch no. 38 of 500 (samples: 971136)
INFO:root:Loss: 9.8793 +/- 0.2824
INFO:root:Epoch no. 39 of 500 (samples: 971136)
INFO:root:Loss: 9.8705 +/- 0.2802
INFO:root:Epoch no. 40 of 500 (samples: 971136)
INFO:root:Loss: 9.8365 +/- 0.2782
INFO:root:Epoch no. 41 of 500 (samples: 971136)
INFO:root:Loss: 9.8247 +/- 0.2772
INFO:root:Epoch no. 42 of 500 (samples: 971136)
INFO:root:Loss: 9.8101 +/- 0.2885
INFO:root:Epoch no. 43 of 500 (samples: 971136)
INFO:root:Loss: 9.8024 +/- 0.2771
INFO:root:Epoch no. 44 of 500 (samples: 971136)
INFO:root:Loss: 9.7772 +/- 0.2981
INFO:root:Epoch no. 45 of 500 (samples: 971136)
INFO:root:Loss: 9.7562 +/- 0.2719
INFO:root:Epoch no. 46 of 500 (samples: 971136)
INFO:root:Loss: 9.7459 +/- 0.2767
INFO:root:Epoch no. 47 of 500 (samples: 971136)
INFO:root:Loss: 9.7492 +/- 0.2712
INFO:root:Epoch no. 48 of 500 (samples: 971136)
INFO:root:Loss: 9.7159 +/- 0.2751
INFO:root:Epoch no. 49 of 500 (samples: 971136)
INFO:root:Loss: 9.6998 +/- 0.2521
INFO:root:Epoch no. 50 of 500 (samples: 971136)
INFO:root:Loss: 9.6984 +/- 0.255
INFO:root:Epoch no. 51 of 500 (samples: 971136)
INFO:root:Loss: 9.6748 +/- 0.2461
INFO:root:Epoch no. 52 of 500 (samples: 971136)
INFO:root:Loss: 9.6662 +/- 0.273
INFO:root:Epoch no. 53 of 500 (samples: 971136)
INFO:root:Loss: 9.641 +/- 0.2617
INFO:root:Epoch no. 54 of 500 (samples: 971136)
INFO:root:Loss: 9.6528 +/- 0.2626
INFO:root:Epoch no. 55 of 500 (samples: 971136)
INFO:root:Loss: 9.6321 +/- 0.2296
INFO:root:Epoch no. 56 of 500 (samples: 971136)
INFO:root:Loss: 9.6323 +/- 0.2311
INFO:root:Epoch no. 57 of 500 (samples: 971136)
INFO:root:Loss: 9.6191 +/- 0.2722
INFO:root:Epoch no. 58 of 500 (samples: 971136)
INFO:root:Loss: 9.5965 +/- 0.2505
INFO:root:Epoch no. 59 of 500 (samples: 971136)
INFO:root:Loss: 9.5829 +/- 0.2499
INFO:root:Epoch no. 60 of 500 (samples: 971136)
INFO:root:Loss: 9.5837 +/- 0.2513
INFO:root:Epoch no. 61 of 500 (samples: 971136)
INFO:root:Loss: 9.5773 +/- 0.2623
INFO:root:Epoch no. 62 of 500 (samples: 971136)
INFO:root:Loss: 9.5686 +/- 0.2475
INFO:root:Epoch no. 63 of 500 (samples: 971136)
INFO:root:Loss: 9.5498 +/- 0.2549
INFO:root:Epoch no. 64 of 500 (samples: 971136)
INFO:root:Loss: 9.5667 +/- 0.2441
INFO:root:Epoch no. 65 of 500 (samples: 971136)
INFO:root:Loss: 9.5399 +/- 0.2384
INFO:root:Epoch no. 66 of 500 (samples: 971136)
INFO:root:Loss: 9.5351 +/- 0.2322
INFO:root:Epoch no. 67 of 500 (samples: 971136)
INFO:root:Loss: 9.5288 +/- 0.2756
INFO:root:Epoch no. 68 of 500 (samples: 971136)
INFO:root:Loss: 9.5088 +/- 0.2521
INFO:root:Epoch no. 69 of 500 (samples: 971136)
INFO:root:Loss: 9.5004 +/- 0.2376
INFO:root:Epoch no. 70 of 500 (samples: 971136)
INFO:root:Loss: 9.5058 +/- 0.2207
INFO:root:Epoch no. 71 of 500 (samples: 971136)
INFO:root:Loss: 9.4956 +/- 0.2268
INFO:root:Epoch no. 72 of 500 (samples: 971136)
INFO:root:Loss: 9.4802 +/- 0.2181
INFO:root:Epoch no. 73 of 500 (samples: 971136)
INFO:root:Loss: 9.4992 +/- 0.214
INFO:root:Epoch no. 74 of 500 (samples: 971136)
INFO:root:Loss: 9.4606 +/- 0.2333
INFO:root:Epoch no. 75 of 500 (samples: 971136)
INFO:root:Loss: 9.4635 +/- 0.2474
INFO:root:Epoch no. 76 of 500 (samples: 971136)
INFO:root:Loss: 9.458 +/- 0.2542
INFO:root:Epoch no. 77 of 500 (samples: 971136)
INFO:root:Loss: 9.4625 +/- 0.2333
INFO:root:Epoch no. 78 of 500 (samples: 971136)
INFO:root:Loss: 9.4547 +/- 0.2389
INFO:root:Epoch no. 79 of 500 (samples: 971136)
INFO:root:Loss: 9.4397 +/- 0.2132
INFO:root:Epoch no. 80 of 500 (samples: 971136)
INFO:root:Loss: 9.4467 +/- 0.2381
INFO:root:Epoch no. 81 of 500 (samples: 971136)
INFO:root:Loss: 9.4521 +/- 0.2251
INFO:root:Epoch no. 82 of 500 (samples: 971136)
INFO:root:Loss: 9.432 +/- 0.2443
INFO:root:Epoch no. 83 of 500 (samples: 971136)
INFO:root:Loss: 9.4084 +/- 0.2289
INFO:root:Epoch no. 84 of 500 (samples: 971136)
INFO:root:Loss: 9.4244 +/- 0.2193
INFO:root:Epoch no. 85 of 500 (samples: 971136)
INFO:root:Loss: 9.3942 +/- 0.2198
INFO:root:Epoch no. 86 of 500 (samples: 971136)
INFO:root:Loss: 9.4168 +/- 0.2374
INFO:root:Epoch no. 87 of 500 (samples: 971136)
INFO:root:Loss: 9.3906 +/- 0.2287
INFO:root:Epoch no. 88 of 500 (samples: 971136)
INFO:root:Loss: 9.41 +/- 0.2197
INFO:root:Epoch no. 89 of 500 (samples: 971136)
INFO:root:Loss: 9.3811 +/- 0.2256
INFO:root:Epoch no. 90 of 500 (samples: 971136)
INFO:root:Loss: 9.3883 +/- 0.2153
INFO:root:Epoch no. 91 of 500 (samples: 971136)
INFO:root:Loss: 9.3793 +/- 0.2123
INFO:root:Epoch no. 92 of 500 (samples: 971136)
INFO:root:Loss: 9.3674 +/- 0.2196
INFO:root:Epoch no. 93 of 500 (samples: 971136)
INFO:root:Loss: 9.3785 +/- 0.212
INFO:root:Epoch no. 94 of 500 (samples: 971136)
INFO:root:Loss: 9.3769 +/- 0.1899
INFO:root:Epoch no. 95 of 500 (samples: 971136)
INFO:root:Loss: 9.3444 +/- 0.2234
INFO:root:Epoch no. 96 of 500 (samples: 971136)
INFO:root:Loss: 9.3403 +/- 0.2343
INFO:root:Epoch no. 97 of 500 (samples: 971136)
INFO:root:Loss: 9.3478 +/- 0.2334
INFO:root:Epoch no. 98 of 500 (samples: 971136)
INFO:root:Loss: 9.3396 +/- 0.2362
INFO:root:Epoch no. 99 of 500 (samples: 971136)
INFO:root:Loss: 9.3288 +/- 0.1942
INFO:root:Epoch no. 100 of 500 (samples: 971136)
INFO:root:Loss: 9.3382 +/- 0.1997
INFO:root:Epoch no. 101 of 500 (samples: 971136)
INFO:root:Loss: 9.3432 +/- 0.2094
INFO:root:Epoch no. 102 of 500 (samples: 971136)
INFO:root:Loss: 9.3369 +/- 0.2076
INFO:root:Epoch no. 103 of 500 (samples: 971136)
INFO:root:Loss: 9.3102 +/- 0.2012
INFO:root:Epoch no. 104 of 500 (samples: 971136)
INFO:root:Loss: 9.303 +/- 0.2161
INFO:root:Epoch no. 105 of 500 (samples: 971136)
INFO:root:Loss: 9.3121 +/- 0.2058
INFO:root:Epoch no. 106 of 500 (samples: 971136)
INFO:root:Loss: 9.31 +/- 0.204
INFO:root:Epoch no. 107 of 500 (samples: 971136)
INFO:root:Loss: 9.2943 +/- 0.2277
INFO:root:Epoch no. 108 of 500 (samples: 971136)
INFO:root:Loss: 9.3121 +/- 0.2155
INFO:root:Epoch no. 109 of 500 (samples: 971136)
INFO:root:Loss: 9.3211 +/- 0.2113
INFO:root:Epoch no. 110 of 500 (samples: 971136)
INFO:root:Loss: 9.2966 +/- 0.201
INFO:root:Epoch no. 111 of 500 (samples: 971136)
INFO:root:Loss: 9.2922 +/- 0.1873
INFO:root:Epoch no. 112 of 500 (samples: 971136)
INFO:root:Loss: 9.2862 +/- 0.2086
INFO:root:Epoch no. 113 of 500 (samples: 971136)
INFO:root:Loss: 9.2877 +/- 0.2015
INFO:root:Epoch no. 114 of 500 (samples: 971136)
INFO:root:Loss: 9.2714 +/- 0.2058
INFO:root:Epoch no. 115 of 500 (samples: 971136)
INFO:root:Loss: 9.2773 +/- 0.2058
INFO:root:Epoch no. 116 of 500 (samples: 971136)
INFO:root:Loss: 9.2801 +/- 0.1883
INFO:root:Epoch no. 117 of 500 (samples: 971136)
INFO:root:Loss: 9.2795 +/- 0.1948
INFO:root:Epoch no. 118 of 500 (samples: 971136)
INFO:root:Loss: 9.2695 +/- 0.2036
INFO:root:Epoch no. 119 of 500 (samples: 971136)
INFO:root:Loss: 9.2549 +/- 0.2283
INFO:root:Epoch no. 120 of 500 (samples: 971136)
INFO:root:Loss: 9.2574 +/- 0.197
INFO:root:Epoch no. 121 of 500 (samples: 971136)
INFO:root:Loss: 9.2635 +/- 0.1904
INFO:root:Epoch no. 122 of 500 (samples: 971136)
INFO:root:Loss: 9.2372 +/- 0.2008
INFO:root:Epoch no. 123 of 500 (samples: 971136)
INFO:root:Loss: 9.2602 +/- 0.1824
INFO:root:Epoch no. 124 of 500 (samples: 971136)
INFO:root:Loss: 9.2528 +/- 0.1785
INFO:root:Epoch no. 125 of 500 (samples: 971136)
INFO:root:Loss: 9.2499 +/- 0.2009
INFO:root:Epoch no. 126 of 500 (samples: 971136)
INFO:root:Loss: 9.2448 +/- 0.1875
INFO:root:Epoch no. 127 of 500 (samples: 971136)
INFO:root:Loss: 9.2457 +/- 0.2097
INFO:root:Epoch no. 128 of 500 (samples: 971136)
INFO:root:Loss: 9.2455 +/- 0.1987
INFO:root:Epoch no. 129 of 500 (samples: 971136)
INFO:root:Loss: 9.2234 +/- 0.1708
INFO:root:Epoch no. 130 of 500 (samples: 971136)
INFO:root:Loss: 9.215 +/- 0.1932
INFO:root:Epoch no. 131 of 500 (samples: 971136)
INFO:root:Loss: 9.2352 +/- 0.1854
INFO:root:Epoch no. 132 of 500 (samples: 971136)
INFO:root:Loss: 9.2246 +/- 0.1969
INFO:root:Epoch no. 133 of 500 (samples: 971136)
INFO:root:Loss: 9.2342 +/- 0.2078
INFO:root:Epoch no. 134 of 500 (samples: 971136)
INFO:root:Loss: 9.2199 +/- 0.1936
INFO:root:Epoch no. 135 of 500 (samples: 971136)
INFO:root:Loss: 9.1986 +/- 0.194
INFO:root:Epoch no. 136 of 500 (samples: 971136)
INFO:root:Loss: 9.2129 +/- 0.1698
INFO:root:Epoch no. 137 of 500 (samples: 971136)
INFO:root:Loss: 9.2075 +/- 0.2147
INFO:root:Epoch no. 138 of 500 (samples: 971136)
INFO:root:Loss: 9.1911 +/- 0.2086
INFO:root:Epoch no. 139 of 500 (samples: 971136)
INFO:root:Loss: 9.2103 +/- 0.1804
INFO:root:Epoch no. 140 of 500 (samples: 971136)
INFO:root:Loss: 9.1975 +/- 0.2037
INFO:root:Epoch no. 141 of 500 (samples: 971136)
INFO:root:Loss: 9.2018 +/- 0.1687
INFO:root:Epoch no. 142 of 500 (samples: 971136)
INFO:root:Loss: 9.1572 +/- 0.1744
INFO:root:Epoch no. 143 of 500 (samples: 971136)
INFO:root:Loss: 9.1985 +/- 0.1801
INFO:root:Epoch no. 144 of 500 (samples: 971136)
INFO:root:Loss: 9.1925 +/- 0.1915
INFO:root:Epoch no. 145 of 500 (samples: 971136)
INFO:root:Loss: 9.174 +/- 0.1834
INFO:root:Epoch no. 146 of 500 (samples: 971136)
INFO:root:Loss: 9.2002 +/- 0.1845
INFO:root:Epoch no. 147 of 500 (samples: 971136)
INFO:root:Loss: 9.1976 +/- 0.199
INFO:root:Epoch no. 148 of 500 (samples: 971136)
INFO:root:Loss: 9.1811 +/- 0.2055
INFO:root:Epoch no. 149 of 500 (samples: 971136)
INFO:root:Loss: 9.1827 +/- 0.1872
INFO:root:Epoch no. 150 of 500 (samples: 971136)
INFO:root:Loss: 9.1685 +/- 0.1926
INFO:root:Epoch no. 151 of 500 (samples: 971136)
INFO:root:Loss: 9.1701 +/- 0.1971
INFO:root:Epoch no. 152 of 500 (samples: 971136)
INFO:root:Loss: 9.1835 +/- 0.1692
INFO:root:Epoch no. 153 of 500 (samples: 971136)
INFO:root:Loss: 9.1705 +/- 0.1711
INFO:root:Epoch no. 154 of 500 (samples: 971136)
INFO:root:Loss: 9.1663 +/- 0.1965
INFO:root:Epoch no. 155 of 500 (samples: 971136)
INFO:root:Loss: 9.1539 +/- 0.19
INFO:root:Epoch no. 156 of 500 (samples: 971136)
INFO:root:Loss: 9.1808 +/- 0.204
INFO:root:Epoch no. 157 of 500 (samples: 971136)
INFO:root:Loss: 9.1499 +/- 0.1821
INFO:root:Epoch no. 158 of 500 (samples: 971136)
INFO:root:Loss: 9.1668 +/- 0.1659
INFO:root:Epoch no. 159 of 500 (samples: 971136)
INFO:root:Loss: 9.1594 +/- 0.1884
INFO:root:Epoch no. 160 of 500 (samples: 971136)
INFO:root:Loss: 9.163 +/- 0.1872
INFO:root:Epoch no. 161 of 500 (samples: 971136)
INFO:root:Loss: 9.1682 +/- 0.1848
INFO:root:Epoch no. 162 of 500 (samples: 971136)
INFO:root:Loss: 9.1413 +/- 0.1787
INFO:root:Epoch no. 163 of 500 (samples: 971136)
INFO:root:Loss: 9.1424 +/- 0.1901
INFO:root:Epoch no. 164 of 500 (samples: 971136)
INFO:root:Loss: 9.1446 +/- 0.1686
INFO:root:Epoch no. 165 of 500 (samples: 971136)
INFO:root:Loss: 9.1513 +/- 0.1615
INFO:root:Epoch no. 166 of 500 (samples: 971136)
INFO:root:Loss: 9.122 +/- 0.1791
INFO:root:Epoch no. 167 of 500 (samples: 971136)
INFO:root:Loss: 9.1447 +/- 0.1697
INFO:root:Epoch no. 168 of 500 (samples: 971136)
INFO:root:Loss: 9.142 +/- 0.1691
INFO:root:Epoch no. 169 of 500 (samples: 971136)
INFO:root:Loss: 9.1438 +/- 0.1918
INFO:root:Epoch no. 170 of 500 (samples: 971136)
INFO:root:Loss: 9.1345 +/- 0.1587
INFO:root:Epoch no. 171 of 500 (samples: 971136)
INFO:root:Loss: 9.136 +/- 0.1798
INFO:root:Epoch no. 172 of 500 (samples: 971136)
INFO:root:Loss: 9.1362 +/- 0.1649
INFO:root:Epoch no. 173 of 500 (samples: 971136)
INFO:root:Loss: 9.1254 +/- 0.184
INFO:root:Epoch no. 174 of 500 (samples: 971136)
INFO:root:Loss: 9.1405 +/- 0.1601
INFO:root:Epoch no. 175 of 500 (samples: 971136)
INFO:root:Loss: 9.1114 +/- 0.1913
INFO:root:Epoch no. 176 of 500 (samples: 971136)
INFO:root:Loss: 9.1207 +/- 0.1761
INFO:root:Epoch no. 177 of 500 (samples: 971136)
INFO:root:Loss: 9.0971 +/- 0.1662
INFO:root:Epoch no. 178 of 500 (samples: 971136)
INFO:root:Loss: 9.1048 +/- 0.1804
INFO:root:Epoch no. 179 of 500 (samples: 971136)
INFO:root:Loss: 9.1253 +/- 0.1811
INFO:root:Epoch no. 180 of 500 (samples: 971136)
INFO:root:Loss: 9.1323 +/- 0.1765
INFO:root:Epoch no. 181 of 500 (samples: 971136)
INFO:root:Loss: 9.1147 +/- 0.2046
INFO:root:Epoch no. 182 of 500 (samples: 971136)
INFO:root:Loss: 9.1099 +/- 0.1707
INFO:root:Epoch no. 183 of 500 (samples: 971136)
INFO:root:Loss: 9.1108 +/- 0.1816
INFO:root:Epoch no. 184 of 500 (samples: 971136)
INFO:root:Loss: 9.1094 +/- 0.1738
INFO:root:Epoch no. 185 of 500 (samples: 971136)
INFO:root:Loss: 9.0996 +/- 0.1642
INFO:root:Epoch no. 186 of 500 (samples: 971136)
INFO:root:Loss: 9.0843 +/- 0.1658
INFO:root:Epoch no. 187 of 500 (samples: 971136)
INFO:root:Loss: 9.1074 +/- 0.1853
INFO:root:Epoch no. 188 of 500 (samples: 971136)
INFO:root:Loss: 9.0874 +/- 0.1428
INFO:root:Epoch no. 189 of 500 (samples: 971136)
INFO:root:Loss: 9.1026 +/- 0.1625
INFO:root:Epoch no. 190 of 500 (samples: 971136)
INFO:root:Loss: 9.1236 +/- 0.198
INFO:root:Epoch no. 191 of 500 (samples: 971136)
INFO:root:Loss: 9.0901 +/- 0.1792
INFO:root:Epoch no. 192 of 500 (samples: 971136)
INFO:root:Loss: 9.0806 +/- 0.1586
INFO:root:Epoch no. 193 of 500 (samples: 971136)
INFO:root:Loss: 9.0867 +/- 0.1636
INFO:root:Epoch no. 194 of 500 (samples: 971136)
INFO:root:Loss: 9.0833 +/- 0.1971
INFO:root:Epoch no. 195 of 500 (samples: 971136)
INFO:root:Loss: 9.083 +/- 0.1677
INFO:root:Epoch no. 196 of 500 (samples: 971136)
INFO:root:Loss: 9.1008 +/- 0.1877
INFO:root:Epoch no. 197 of 500 (samples: 971136)
INFO:root:Loss: 9.092 +/- 0.1787
INFO:root:Epoch no. 198 of 500 (samples: 971136)
INFO:root:Loss: 9.0892 +/- 0.1485
INFO:root:Epoch no. 199 of 500 (samples: 971136)
INFO:root:Loss: 9.0806 +/- 0.1656
INFO:root:Epoch no. 200 of 500 (samples: 971136)
INFO:root:Loss: 9.0742 +/- 0.1794
INFO:root:Epoch no. 201 of 500 (samples: 971136)
INFO:root:Loss: 9.0937 +/- 0.1531
INFO:root:Epoch no. 202 of 500 (samples: 971136)
INFO:root:Loss: 9.0736 +/- 0.1553
INFO:root:Epoch no. 203 of 500 (samples: 971136)
INFO:root:Loss: 9.0854 +/- 0.1663
INFO:root:Epoch no. 204 of 500 (samples: 971136)
INFO:root:Loss: 9.0666 +/- 0.1716
INFO:root:Epoch no. 205 of 500 (samples: 971136)
INFO:root:Loss: 9.059 +/- 0.1663
INFO:root:Epoch no. 206 of 500 (samples: 971136)
INFO:root:Loss: 9.0559 +/- 0.1345
INFO:root:Epoch no. 207 of 500 (samples: 971136)
INFO:root:Loss: 9.0807 +/- 0.1858
INFO:root:Epoch no. 208 of 500 (samples: 971136)
INFO:root:Loss: 9.0694 +/- 0.1789
INFO:root:Epoch no. 209 of 500 (samples: 971136)
INFO:root:Loss: 9.0568 +/- 0.1702
INFO:root:Epoch no. 210 of 500 (samples: 971136)
INFO:root:Loss: 9.0811 +/- 0.1648
INFO:root:Epoch no. 211 of 500 (samples: 971136)
INFO:root:Loss: 9.0651 +/- 0.1541
INFO:root:Epoch no. 212 of 500 (samples: 971136)
INFO:root:Loss: 9.0576 +/- 0.1871
INFO:root:Epoch no. 213 of 500 (samples: 971136)
INFO:root:Loss: 9.0635 +/- 0.1623
INFO:root:Epoch no. 214 of 500 (samples: 971136)
INFO:root:Loss: 9.0522 +/- 0.1761
INFO:root:Epoch no. 215 of 500 (samples: 971136)
INFO:root:Loss: 9.0643 +/- 0.1569
INFO:root:Epoch no. 216 of 500 (samples: 971136)
INFO:root:Loss: 9.0525 +/- 0.1452
INFO:root:Epoch no. 217 of 500 (samples: 971136)
INFO:root:Loss: 9.0582 +/- 0.151
INFO:root:Epoch no. 218 of 500 (samples: 971136)
INFO:root:Loss: 9.05 +/- 0.1427
INFO:root:Epoch no. 219 of 500 (samples: 971136)
INFO:root:Loss: 9.066 +/- 0.1763
INFO:root:Epoch no. 220 of 500 (samples: 971136)
INFO:root:Loss: 9.046 +/- 0.1561
INFO:root:Epoch no. 221 of 500 (samples: 971136)
INFO:root:Loss: 9.0349 +/- 0.1364
INFO:root:Epoch no. 222 of 500 (samples: 971136)
INFO:root:Loss: 9.0461 +/- 0.1563
INFO:root:Epoch no. 223 of 500 (samples: 971136)
INFO:root:Loss: 9.0498 +/- 0.1575
INFO:root:Epoch no. 224 of 500 (samples: 971136)
INFO:root:Loss: 9.0326 +/- 0.1328
INFO:root:Epoch no. 225 of 500 (samples: 971136)
INFO:root:Loss: 9.0491 +/- 0.1689
INFO:root:Epoch no. 226 of 500 (samples: 971136)
INFO:root:Loss: 9.0462 +/- 0.1647
INFO:root:Epoch no. 227 of 500 (samples: 971136)
INFO:root:Loss: 9.0529 +/- 0.1352
INFO:root:Epoch no. 228 of 500 (samples: 971136)
INFO:root:Loss: 9.0471 +/- 0.1505
INFO:root:Epoch no. 229 of 500 (samples: 971136)
INFO:root:Loss: 9.0304 +/- 0.1433
INFO:root:Epoch no. 230 of 500 (samples: 971136)
INFO:root:Loss: 9.0295 +/- 0.1492
INFO:root:Epoch no. 231 of 500 (samples: 971136)
INFO:root:Loss: 9.0362 +/- 0.1467
INFO:root:Epoch no. 232 of 500 (samples: 971136)
INFO:root:Loss: 9.048 +/- 0.1442
INFO:root:Epoch no. 233 of 500 (samples: 971136)
INFO:root:Loss: 9.0276 +/- 0.1668
INFO:root:Epoch no. 234 of 500 (samples: 971136)
INFO:root:Loss: 9.0487 +/- 0.1523
INFO:root:Epoch no. 235 of 500 (samples: 971136)
INFO:root:Loss: 9.0664 +/- 0.1627
INFO:root:Epoch no. 236 of 500 (samples: 971136)
INFO:root:Loss: 9.0235 +/- 0.1779
INFO:root:Epoch no. 237 of 500 (samples: 971136)
INFO:root:Loss: 9.0366 +/- 0.1321
INFO:root:Epoch no. 238 of 500 (samples: 971136)
INFO:root:Loss: 9.0342 +/- 0.1333
INFO:root:Epoch no. 239 of 500 (samples: 971136)
INFO:root:Loss: 9.0373 +/- 0.1696
INFO:root:Epoch no. 240 of 500 (samples: 971136)
INFO:root:Loss: 9.0115 +/- 0.1642
INFO:root:Epoch no. 241 of 500 (samples: 971136)
INFO:root:Loss: 9.0326 +/- 0.1768
INFO:root:Epoch no. 242 of 500 (samples: 971136)
INFO:root:Loss: 9.0302 +/- 0.1703
INFO:root:Epoch no. 243 of 500 (samples: 971136)
INFO:root:Loss: 9.0472 +/- 0.1524
INFO:root:Epoch no. 244 of 500 (samples: 971136)
INFO:root:Loss: 9.0133 +/- 0.1596
INFO:root:Epoch no. 245 of 500 (samples: 971136)
INFO:root:Loss: 9.0323 +/- 0.1588
INFO:root:Epoch no. 246 of 500 (samples: 971136)
INFO:root:Loss: 9.015 +/- 0.1712
INFO:root:Epoch no. 247 of 500 (samples: 971136)
INFO:root:Loss: 9.0128 +/- 0.1426
INFO:root:Epoch no. 248 of 500 (samples: 971136)
INFO:root:Loss: 9.02 +/- 0.1506
INFO:root:Epoch no. 249 of 500 (samples: 971136)
INFO:root:Loss: 8.9938 +/- 0.1774
INFO:root:Epoch no. 250 of 500 (samples: 971136)
INFO:root:Loss: 9.0314 +/- 0.1409
INFO:root:Epoch no. 251 of 500 (samples: 971136)
INFO:root:Loss: 9.0221 +/- 0.1616
INFO:root:Epoch no. 252 of 500 (samples: 971136)
INFO:root:Loss: 9.0311 +/- 0.1503
INFO:root:Epoch no. 253 of 500 (samples: 971136)
INFO:root:Loss: 9.01 +/- 0.1316
INFO:root:Epoch no. 254 of 500 (samples: 971136)
INFO:root:Loss: 9.0232 +/- 0.1696
INFO:root:Epoch no. 255 of 500 (samples: 971136)
INFO:root:Loss: 9.0043 +/- 0.1525
INFO:root:Epoch no. 256 of 500 (samples: 971136)
INFO:root:Loss: 9.0177 +/- 0.1488
INFO:root:Epoch no. 257 of 500 (samples: 971136)
INFO:root:Loss: 8.9865 +/- 0.1468
INFO:root:Epoch no. 258 of 500 (samples: 971136)
INFO:root:Loss: 8.9967 +/- 0.1447
INFO:root:Epoch no. 259 of 500 (samples: 971136)
INFO:root:Loss: 9.0136 +/- 0.1213
INFO:root:Epoch no. 260 of 500 (samples: 971136)
INFO:root:Loss: 8.995 +/- 0.1407
INFO:root:Epoch no. 261 of 500 (samples: 971136)
INFO:root:Loss: 9.0028 +/- 0.1529
INFO:root:Epoch no. 262 of 500 (samples: 971136)
INFO:root:Loss: 9.0082 +/- 0.1346
INFO:root:Epoch no. 263 of 500 (samples: 971136)
INFO:root:Loss: 8.998 +/- 0.1576
INFO:root:Epoch no. 264 of 500 (samples: 971136)
INFO:root:Loss: 9.0048 +/- 0.1509
INFO:root:Epoch no. 265 of 500 (samples: 971136)
INFO:root:Loss: 8.9953 +/- 0.1414
INFO:root:Epoch no. 266 of 500 (samples: 971136)
INFO:root:Loss: 8.9896 +/- 0.1624
INFO:root:Epoch no. 267 of 500 (samples: 971136)
INFO:root:Loss: 9.0013 +/- 0.1439
INFO:root:Epoch no. 268 of 500 (samples: 971136)
INFO:root:Loss: 9.0038 +/- 0.1747
INFO:root:Epoch no. 269 of 500 (samples: 971136)
INFO:root:Loss: 8.9948 +/- 0.1499
INFO:root:Epoch no. 270 of 500 (samples: 971136)
INFO:root:Loss: 8.9891 +/- 0.1423
INFO:root:Epoch no. 271 of 500 (samples: 971136)
INFO:root:Loss: 8.9937 +/- 0.1728
INFO:root:Epoch no. 272 of 500 (samples: 971136)
INFO:root:Loss: 8.9988 +/- 0.1301
INFO:root:Epoch no. 273 of 500 (samples: 971136)
INFO:root:Loss: 8.9938 +/- 0.1334
INFO:root:Epoch no. 274 of 500 (samples: 971136)
INFO:root:Loss: 8.9869 +/- 0.1464
INFO:root:Epoch no. 275 of 500 (samples: 971136)
INFO:root:Loss: 8.9863 +/- 0.1526
INFO:root:Epoch no. 276 of 500 (samples: 971136)
INFO:root:Loss: 8.9798 +/- 0.1334
INFO:root:Epoch no. 277 of 500 (samples: 971136)
INFO:root:Loss: 8.973 +/- 0.1725
INFO:root:Epoch no. 278 of 500 (samples: 971136)
INFO:root:Loss: 9.004 +/- 0.1499
INFO:root:Epoch no. 279 of 500 (samples: 971136)
INFO:root:Loss: 8.9758 +/- 0.1104
INFO:root:Epoch no. 280 of 500 (samples: 971136)
INFO:root:Loss: 8.9794 +/- 0.1336
INFO:root:Epoch no. 281 of 500 (samples: 971136)
INFO:root:Loss: 8.9853 +/- 0.1682
INFO:root:Epoch no. 282 of 500 (samples: 971136)
INFO:root:Loss: 8.9873 +/- 0.1604
INFO:root:Epoch no. 283 of 500 (samples: 971136)
INFO:root:Loss: 8.9827 +/- 0.145
INFO:root:Epoch no. 284 of 500 (samples: 971136)
INFO:root:Loss: 8.9937 +/- 0.1603
INFO:root:Epoch no. 285 of 500 (samples: 971136)
INFO:root:Loss: 8.9644 +/- 0.1359
INFO:root:Epoch no. 286 of 500 (samples: 971136)
INFO:root:Loss: 8.9793 +/- 0.1248
INFO:root:Epoch no. 287 of 500 (samples: 971136)
INFO:root:Loss: 8.9924 +/- 0.1668
INFO:root:Epoch no. 288 of 500 (samples: 971136)
INFO:root:Loss: 8.9876 +/- 0.1178
INFO:root:Epoch no. 289 of 500 (samples: 971136)
INFO:root:Loss: 8.9829 +/- 0.1445
INFO:root:Epoch no. 290 of 500 (samples: 971136)
INFO:root:Loss: 8.9843 +/- 0.1429
INFO:root:Epoch no. 291 of 500 (samples: 971136)
INFO:root:Loss: 8.9641 +/- 0.1483
INFO:root:Epoch no. 292 of 500 (samples: 971136)
INFO:root:Loss: 8.983 +/- 0.1464
INFO:root:Epoch no. 293 of 500 (samples: 971136)
INFO:root:Loss: 8.9827 +/- 0.139
INFO:root:Epoch no. 294 of 500 (samples: 971136)
INFO:root:Loss: 8.9651 +/- 0.1368
INFO:root:Epoch no. 295 of 500 (samples: 971136)
INFO:root:Loss: 8.97 +/- 0.1385
INFO:root:Epoch no. 296 of 500 (samples: 971136)
INFO:root:Loss: 8.9968 +/- 0.1339
INFO:root:Epoch no. 297 of 500 (samples: 971136)
INFO:root:Loss: 8.962 +/- 0.1453
INFO:root:Epoch no. 298 of 500 (samples: 971136)
INFO:root:Loss: 8.9763 +/- 0.1689
INFO:root:Epoch no. 299 of 500 (samples: 971136)
INFO:root:Loss: 8.9676 +/- 0.1371
INFO:root:Epoch no. 300 of 500 (samples: 971136)
INFO:root:Loss: 8.9541 +/- 0.123
INFO:root:Epoch no. 301 of 500 (samples: 971136)
INFO:root:Loss: 8.9611 +/- 0.1347
INFO:root:Epoch no. 302 of 500 (samples: 971136)
INFO:root:Loss: 8.971 +/- 0.1487
INFO:root:Epoch no. 303 of 500 (samples: 971136)
INFO:root:Loss: 8.9636 +/- 0.1319
INFO:root:Epoch no. 304 of 500 (samples: 971136)
INFO:root:Loss: 8.9612 +/- 0.1383
INFO:root:Epoch no. 305 of 500 (samples: 971136)
INFO:root:Loss: 8.9727 +/- 0.1512
INFO:root:Epoch no. 306 of 500 (samples: 971136)
INFO:root:Loss: 8.9693 +/- 0.1544
INFO:root:Epoch no. 307 of 500 (samples: 971136)
INFO:root:Loss: 8.9536 +/- 0.1378
INFO:root:Epoch no. 308 of 500 (samples: 971136)
INFO:root:Loss: 8.9578 +/- 0.1477
INFO:root:Epoch no. 309 of 500 (samples: 971136)
INFO:root:Loss: 8.946 +/- 0.1452
INFO:root:Epoch no. 310 of 500 (samples: 971136)
INFO:root:Loss: 8.943 +/- 0.1382
INFO:root:Epoch no. 311 of 500 (samples: 971136)
INFO:root:Loss: 8.9491 +/- 0.1281
INFO:root:Epoch no. 312 of 500 (samples: 971136)
INFO:root:Loss: 8.9597 +/- 0.1473
INFO:root:Epoch no. 313 of 500 (samples: 971136)
INFO:root:Loss: 8.9734 +/- 0.1218
INFO:root:Epoch no. 314 of 500 (samples: 971136)
INFO:root:Loss: 8.96 +/- 0.1372
INFO:root:Epoch no. 315 of 500 (samples: 971136)
INFO:root:Loss: 8.9524 +/- 0.1215
INFO:root:Epoch no. 316 of 500 (samples: 971136)
INFO:root:Loss: 8.9688 +/- 0.1142
INFO:root:Epoch no. 317 of 500 (samples: 971136)
INFO:root:Loss: 8.9359 +/- 0.1297
INFO:root:Epoch no. 318 of 500 (samples: 971136)
INFO:root:Loss: 8.9543 +/- 0.1298
INFO:root:Epoch no. 319 of 500 (samples: 971136)
INFO:root:Loss: 8.954 +/- 0.1597
INFO:root:Epoch no. 320 of 500 (samples: 971136)
INFO:root:Loss: 8.9481 +/- 0.137
INFO:root:Epoch no. 321 of 500 (samples: 971136)
INFO:root:Loss: 8.9746 +/- 0.1356
INFO:root:Epoch no. 322 of 500 (samples: 971136)
INFO:root:Loss: 8.9596 +/- 0.1412
INFO:root:Epoch no. 323 of 500 (samples: 971136)
INFO:root:Loss: 8.9433 +/- 0.146
INFO:root:Epoch no. 324 of 500 (samples: 971136)
INFO:root:Loss: 8.941 +/- 0.1653
INFO:root:Epoch no. 325 of 500 (samples: 971136)
INFO:root:Loss: 8.9503 +/- 0.1479
INFO:root:Epoch no. 326 of 500 (samples: 971136)
INFO:root:Loss: 8.9491 +/- 0.1442
INFO:root:Epoch no. 327 of 500 (samples: 971136)
INFO:root:Loss: 8.9364 +/- 0.1392
INFO:root:Epoch no. 328 of 500 (samples: 971136)
INFO:root:Loss: 8.9391 +/- 0.1222
INFO:root:Epoch no. 329 of 500 (samples: 971136)
INFO:root:Loss: 8.9492 +/- 0.159
INFO:root:Epoch no. 330 of 500 (samples: 971136)
INFO:root:Loss: 8.9485 +/- 0.1477
INFO:root:Epoch no. 331 of 500 (samples: 971136)
INFO:root:Loss: 8.9447 +/- 0.1247
INFO:root:Epoch no. 332 of 500 (samples: 971136)
INFO:root:Loss: 8.9402 +/- 0.1351
INFO:root:Epoch no. 333 of 500 (samples: 971136)
INFO:root:Loss: 8.9249 +/- 0.1355
INFO:root:Epoch no. 334 of 500 (samples: 971136)
INFO:root:Loss: 8.9548 +/- 0.1187
INFO:root:Epoch no. 335 of 500 (samples: 971136)
INFO:root:Loss: 8.9368 +/- 0.124
INFO:root:Epoch no. 336 of 500 (samples: 971136)
INFO:root:Loss: 8.9356 +/- 0.131
INFO:root:Epoch no. 337 of 500 (samples: 971136)
INFO:root:Loss: 8.9484 +/- 0.1362
INFO:root:Epoch no. 338 of 500 (samples: 971136)
INFO:root:Loss: 8.9291 +/- 0.1604
INFO:root:Epoch no. 339 of 500 (samples: 971136)
INFO:root:Loss: 8.9403 +/- 0.1478
INFO:root:Epoch no. 340 of 500 (samples: 971136)
INFO:root:Loss: 8.9338 +/- 0.124
INFO:root:Epoch no. 341 of 500 (samples: 971136)
INFO:root:Loss: 8.9356 +/- 0.1293
INFO:root:Epoch no. 342 of 500 (samples: 971136)
INFO:root:Loss: 8.9428 +/- 0.1301
INFO:root:Epoch no. 343 of 500 (samples: 971136)
INFO:root:Loss: 8.9308 +/- 0.1354
INFO:root:Epoch no. 344 of 500 (samples: 971136)
INFO:root:Loss: 8.9423 +/- 0.1266
INFO:root:Epoch no. 345 of 500 (samples: 971136)
INFO:root:Loss: 8.9304 +/- 0.1641
INFO:root:Epoch no. 346 of 500 (samples: 971136)
INFO:root:Loss: 8.9133 +/- 0.1322
INFO:root:Epoch no. 347 of 500 (samples: 971136)
INFO:root:Loss: 8.924 +/- 0.142
INFO:root:Epoch no. 348 of 500 (samples: 971136)
INFO:root:Loss: 8.9345 +/- 0.1426
INFO:root:Epoch no. 349 of 500 (samples: 971136)
INFO:root:Loss: 8.9421 +/- 0.134
INFO:root:Epoch no. 350 of 500 (samples: 971136)
INFO:root:Loss: 8.9253 +/- 0.1309
INFO:root:Epoch no. 351 of 500 (samples: 971136)
INFO:root:Loss: 8.9316 +/- 0.1131
INFO:root:Epoch no. 352 of 500 (samples: 971136)
INFO:root:Loss: 8.9331 +/- 0.1613
INFO:root:Epoch no. 353 of 500 (samples: 971136)
INFO:root:Loss: 8.92 +/- 0.1701
INFO:root:Epoch no. 354 of 500 (samples: 971136)
INFO:root:Loss: 8.9167 +/- 0.115
INFO:root:Epoch no. 355 of 500 (samples: 971136)
INFO:root:Loss: 8.9355 +/- 0.1585
INFO:root:Epoch no. 356 of 500 (samples: 971136)
INFO:root:Loss: 8.9287 +/- 0.1167
INFO:root:Epoch no. 357 of 500 (samples: 971136)
INFO:root:Loss: 8.9038 +/- 0.1504
INFO:root:Epoch no. 358 of 500 (samples: 971136)
INFO:root:Loss: 8.9357 +/- 0.1271
INFO:root:Epoch no. 359 of 500 (samples: 971136)
INFO:root:Loss: 8.9177 +/- 0.1594
INFO:root:Epoch no. 360 of 500 (samples: 971136)
INFO:root:Loss: 8.9196 +/- 0.1299
INFO:root:Epoch no. 361 of 500 (samples: 971136)
INFO:root:Loss: 8.9154 +/- 0.1165
INFO:root:Epoch no. 362 of 500 (samples: 971136)
INFO:root:Loss: 8.9131 +/- 0.1397
INFO:root:Epoch no. 363 of 500 (samples: 971136)
INFO:root:Loss: 8.91 +/- 0.1272
INFO:root:Epoch no. 364 of 500 (samples: 971136)
INFO:root:Loss: 8.9217 +/- 0.13
INFO:root:Epoch no. 365 of 500 (samples: 971136)
INFO:root:Loss: 8.9238 +/- 0.1311
INFO:root:Epoch no. 366 of 500 (samples: 971136)
INFO:root:Loss: 8.9137 +/- 0.1231
INFO:root:Epoch no. 367 of 500 (samples: 971136)
INFO:root:Loss: 8.9335 +/- 0.1163
INFO:root:Epoch no. 368 of 500 (samples: 971136)
INFO:root:Loss: 8.9159 +/- 0.1305
INFO:root:Epoch no. 369 of 500 (samples: 971136)
INFO:root:Loss: 8.9118 +/- 0.1167
INFO:root:Epoch no. 370 of 500 (samples: 971136)
INFO:root:Loss: 8.906 +/- 0.1639
INFO:root:Epoch no. 371 of 500 (samples: 971136)
INFO:root:Loss: 8.9225 +/- 0.1501
INFO:root:Epoch no. 372 of 500 (samples: 971136)
INFO:root:Loss: 8.9038 +/- 0.134
INFO:root:Epoch no. 373 of 500 (samples: 971136)
INFO:root:Loss: 8.9144 +/- 0.1144
INFO:root:Epoch no. 374 of 500 (samples: 971136)
INFO:root:Loss: 8.9262 +/- 0.1172
INFO:root:Epoch no. 375 of 500 (samples: 971136)
INFO:root:Loss: 8.9202 +/- 0.1076
INFO:root:Epoch no. 376 of 500 (samples: 971136)
INFO:root:Loss: 8.9056 +/- 0.1553
INFO:root:Epoch no. 377 of 500 (samples: 971136)
INFO:root:Loss: 8.9189 +/- 0.152
INFO:root:Epoch no. 378 of 500 (samples: 971136)
INFO:root:Loss: 8.9137 +/- 0.1212
INFO:root:Epoch no. 379 of 500 (samples: 971136)
INFO:root:Loss: 8.9144 +/- 0.1116
INFO:root:Epoch no. 380 of 500 (samples: 971136)
INFO:root:Loss: 8.8979 +/- 0.1443
INFO:root:Epoch no. 381 of 500 (samples: 971136)
INFO:root:Loss: 8.9154 +/- 0.1223
INFO:root:Epoch no. 382 of 500 (samples: 971136)
INFO:root:Loss: 8.9102 +/- 0.1408
INFO:root:Epoch no. 383 of 500 (samples: 971136)
INFO:root:Loss: 8.8994 +/- 0.1181
INFO:root:Epoch no. 384 of 500 (samples: 971136)
INFO:root:Loss: 8.9081 +/- 0.1235
INFO:root:Epoch no. 385 of 500 (samples: 971136)
INFO:root:Loss: 8.9121 +/- 0.1335
INFO:root:Epoch no. 386 of 500 (samples: 971136)
INFO:root:Loss: 8.9095 +/- 0.1357
INFO:root:Epoch no. 387 of 500 (samples: 971136)
INFO:root:Loss: 8.8974 +/- 0.1542
INFO:root:Epoch no. 388 of 500 (samples: 971136)
INFO:root:Loss: 8.9136 +/- 0.1396
INFO:root:Epoch no. 389 of 500 (samples: 971136)
INFO:root:Loss: 8.906 +/- 0.1176
INFO:root:Epoch no. 390 of 500 (samples: 971136)
INFO:root:Loss: 8.9113 +/- 0.1101
INFO:root:Epoch no. 391 of 500 (samples: 971136)
INFO:root:Loss: 8.8989 +/- 0.1362
INFO:root:Epoch no. 392 of 500 (samples: 971136)
INFO:root:Loss: 8.9033 +/- 0.1406
INFO:root:Epoch no. 393 of 500 (samples: 971136)
INFO:root:Loss: 8.9209 +/- 0.1174
INFO:root:Epoch no. 394 of 500 (samples: 971136)
INFO:root:Loss: 8.9153 +/- 0.1406
INFO:root:Epoch no. 395 of 500 (samples: 971136)
INFO:root:Loss: 8.8993 +/- 0.1299
INFO:root:Epoch no. 396 of 500 (samples: 971136)
INFO:root:Loss: 8.8808 +/- 0.1343
INFO:root:Epoch no. 397 of 500 (samples: 971136)
INFO:root:Loss: 8.9059 +/- 0.156
INFO:root:Epoch no. 398 of 500 (samples: 971136)
INFO:root:Loss: 8.896 +/- 0.1034
INFO:root:Epoch no. 399 of 500 (samples: 971136)
INFO:root:Loss: 8.8988 +/- 0.1375
INFO:root:Epoch no. 400 of 500 (samples: 971136)
INFO:root:Loss: 8.898 +/- 0.1604
INFO:root:Epoch no. 401 of 500 (samples: 971136)
INFO:root:Loss: 8.9218 +/- 0.1135
INFO:root:Epoch no. 402 of 500 (samples: 971136)
INFO:root:Loss: 8.9065 +/- 0.1291
INFO:root:Epoch no. 403 of 500 (samples: 971136)
INFO:root:Loss: 8.9008 +/- 0.1337
INFO:root:Epoch no. 404 of 500 (samples: 971136)
INFO:root:Loss: 8.9067 +/- 0.1284
INFO:root:Epoch no. 405 of 500 (samples: 971136)
INFO:root:Loss: 8.9115 +/- 0.1457
INFO:root:Epoch no. 406 of 500 (samples: 971136)
INFO:root:Loss: 8.8822 +/- 0.1269
INFO:root:Epoch no. 407 of 500 (samples: 971136)
INFO:root:Loss: 8.885 +/- 0.1489
INFO:root:Epoch no. 408 of 500 (samples: 971136)
INFO:root:Loss: 8.893 +/- 0.1346
INFO:root:Epoch no. 409 of 500 (samples: 971136)
INFO:root:Loss: 8.9207 +/- 0.1181
INFO:root:Epoch no. 410 of 500 (samples: 971136)
INFO:root:Loss: 8.8918 +/- 0.1371
INFO:root:Epoch no. 411 of 500 (samples: 971136)
INFO:root:Loss: 8.9028 +/- 0.115
INFO:root:Epoch no. 412 of 500 (samples: 971136)
INFO:root:Loss: 8.8958 +/- 0.1177
INFO:root:Epoch no. 413 of 500 (samples: 971136)
INFO:root:Loss: 8.8949 +/- 0.1138
INFO:root:Epoch no. 414 of 500 (samples: 971136)
INFO:root:Loss: 8.8948 +/- 0.1504
INFO:root:Epoch no. 415 of 500 (samples: 971136)
INFO:root:Loss: 8.8974 +/- 0.1353
INFO:root:Epoch no. 416 of 500 (samples: 971136)
INFO:root:Loss: 8.898 +/- 0.1346
INFO:root:Epoch no. 417 of 500 (samples: 971136)
INFO:root:Loss: 8.8947 +/- 0.114
INFO:root:Epoch no. 418 of 500 (samples: 971136)
INFO:root:Loss: 8.8841 +/- 0.1262
INFO:root:Epoch no. 419 of 500 (samples: 971136)
INFO:root:Loss: 8.8831 +/- 0.1341
INFO:root:Epoch no. 420 of 500 (samples: 971136)
INFO:root:Loss: 8.8822 +/- 0.1346
INFO:root:Epoch no. 421 of 500 (samples: 971136)
INFO:root:Loss: 8.8911 +/- 0.1172
INFO:root:Epoch no. 422 of 500 (samples: 971136)
INFO:root:Loss: 8.8904 +/- 0.1125
INFO:root:Epoch no. 423 of 500 (samples: 971136)
INFO:root:Loss: 8.8747 +/- 0.108
INFO:root:Epoch no. 424 of 500 (samples: 971136)
INFO:root:Loss: 8.8733 +/- 0.117
INFO:root:Epoch no. 425 of 500 (samples: 971136)
INFO:root:Loss: 8.8665 +/- 0.1141
INFO:root:Epoch no. 426 of 500 (samples: 971136)
INFO:root:Loss: 8.8924 +/- 0.1318
INFO:root:Epoch no. 427 of 500 (samples: 971136)
INFO:root:Loss: 8.8858 +/- 0.1391
INFO:root:Epoch no. 428 of 500 (samples: 971136)
INFO:root:Loss: 8.8898 +/- 0.1091
INFO:root:Epoch no. 429 of 500 (samples: 971136)
INFO:root:Loss: 8.888 +/- 0.1239
INFO:root:Epoch no. 430 of 500 (samples: 971136)
INFO:root:Loss: 8.868 +/- 0.1226
INFO:root:Epoch no. 431 of 500 (samples: 971136)
INFO:root:Loss: 8.8747 +/- 0.1134
INFO:root:Epoch no. 432 of 500 (samples: 971136)
INFO:root:Loss: 8.8765 +/- 0.0968
INFO:root:Epoch no. 433 of 500 (samples: 971136)
INFO:root:Loss: 8.8878 +/- 0.1124
INFO:root:Epoch no. 434 of 500 (samples: 971136)
INFO:root:Loss: 8.8922 +/- 0.1294
INFO:root:Epoch no. 435 of 500 (samples: 971136)
INFO:root:Loss: 8.8829 +/- 0.1168
INFO:root:Epoch no. 436 of 500 (samples: 971136)
INFO:root:Loss: 8.8757 +/- 0.1206
INFO:root:Epoch no. 437 of 500 (samples: 971136)
INFO:root:Loss: 8.8792 +/- 0.1046
INFO:root:Epoch no. 438 of 500 (samples: 971136)
INFO:root:Loss: 8.8832 +/- 0.1132
INFO:root:Epoch no. 439 of 500 (samples: 971136)
INFO:root:Loss: 8.8807 +/- 0.1128
INFO:root:Epoch no. 440 of 500 (samples: 971136)
INFO:root:Loss: 8.8799 +/- 0.1166
INFO:root:Epoch no. 441 of 500 (samples: 971136)
INFO:root:Loss: 8.8803 +/- 0.1077
INFO:root:Epoch no. 442 of 500 (samples: 971136)
INFO:root:Loss: 8.8746 +/- 0.1347
INFO:root:Epoch no. 443 of 500 (samples: 971136)
INFO:root:Loss: 8.8842 +/- 0.1153
INFO:root:Epoch no. 444 of 500 (samples: 971136)
INFO:root:Loss: 8.8792 +/- 0.1199
INFO:root:Epoch no. 445 of 500 (samples: 971136)
INFO:root:Loss: 8.8905 +/- 0.1318
INFO:root:Epoch no. 446 of 500 (samples: 971136)
INFO:root:Loss: 8.8738 +/- 0.1237
INFO:root:Epoch no. 447 of 500 (samples: 971136)
INFO:root:Loss: 8.8804 +/- 0.1359
INFO:root:Epoch no. 448 of 500 (samples: 971136)
INFO:root:Loss: 8.8926 +/- 0.119
INFO:root:Epoch no. 449 of 500 (samples: 971136)
INFO:root:Loss: 8.8691 +/- 0.1112
INFO:root:Epoch no. 450 of 500 (samples: 971136)
INFO:root:Loss: 8.8745 +/- 0.1476
INFO:root:Epoch no. 451 of 500 (samples: 971136)
INFO:root:Loss: 8.878 +/- 0.1128
INFO:root:Epoch no. 452 of 500 (samples: 971136)
INFO:root:Loss: 8.883 +/- 0.1246
INFO:root:Epoch no. 453 of 500 (samples: 971136)
INFO:root:Loss: 8.8683 +/- 0.126
INFO:root:Epoch no. 454 of 500 (samples: 971136)
INFO:root:Loss: 8.8696 +/- 0.1196
INFO:root:Epoch no. 455 of 500 (samples: 971136)
INFO:root:Loss: 8.8725 +/- 0.1343
INFO:root:Epoch no. 456 of 500 (samples: 971136)
INFO:root:Loss: 8.8664 +/- 0.1011
INFO:root:Epoch no. 457 of 500 (samples: 971136)
INFO:root:Loss: 8.8823 +/- 0.1092
INFO:root:Epoch no. 458 of 500 (samples: 971136)
INFO:root:Loss: 8.85 +/- 0.1425
INFO:root:Epoch no. 459 of 500 (samples: 971136)
INFO:root:Loss: 8.8864 +/- 0.1209
INFO:root:Epoch no. 460 of 500 (samples: 971136)
INFO:root:Loss: 8.8803 +/- 0.1522
INFO:root:Epoch no. 461 of 500 (samples: 971136)
INFO:root:Loss: 8.862 +/- 0.1127
INFO:root:Epoch no. 462 of 500 (samples: 971136)
INFO:root:Loss: 8.855 +/- 0.1209
INFO:root:Epoch no. 463 of 500 (samples: 971136)
INFO:root:Loss: 8.8658 +/- 0.1247
INFO:root:Epoch no. 464 of 500 (samples: 971136)
INFO:root:Loss: 8.8706 +/- 0.1403
INFO:root:Epoch no. 465 of 500 (samples: 971136)
INFO:root:Loss: 8.8589 +/- 0.1333
INFO:root:Epoch no. 466 of 500 (samples: 971136)
INFO:root:Loss: 8.8728 +/- 0.1454
INFO:root:Epoch no. 467 of 500 (samples: 971136)
INFO:root:Loss: 8.8703 +/- 0.1021
INFO:root:Epoch no. 468 of 500 (samples: 971136)
INFO:root:Loss: 8.8587 +/- 0.1499
INFO:root:Epoch no. 469 of 500 (samples: 971136)
INFO:root:Loss: 8.8703 +/- 0.1043
INFO:root:Epoch no. 470 of 500 (samples: 971136)
INFO:root:Loss: 8.8628 +/- 0.1222
INFO:root:Epoch no. 471 of 500 (samples: 971136)
INFO:root:Loss: 8.8685 +/- 0.1268
INFO:root:Epoch no. 472 of 500 (samples: 971136)
INFO:root:Loss: 8.8837 +/- 0.0984
INFO:root:Epoch no. 473 of 500 (samples: 971136)
INFO:root:Loss: 8.8626 +/- 0.1079
INFO:root:Epoch no. 474 of 500 (samples: 971136)
INFO:root:Loss: 8.862 +/- 0.1276
INFO:root:Epoch no. 475 of 500 (samples: 971136)
INFO:root:Loss: 8.8465 +/- 0.1034
INFO:root:Epoch no. 476 of 500 (samples: 971136)
INFO:root:Loss: 8.8826 +/- 0.1305
INFO:root:Epoch no. 477 of 500 (samples: 971136)
INFO:root:Loss: 8.8683 +/- 0.1275
INFO:root:Epoch no. 478 of 500 (samples: 971136)
INFO:root:Loss: 8.8619 +/- 0.1088
INFO:root:Epoch no. 479 of 500 (samples: 971136)
INFO:root:Loss: 8.8579 +/- 0.1332
INFO:root:Epoch no. 480 of 500 (samples: 971136)
INFO:root:Loss: 8.8687 +/- 0.1208
INFO:root:Epoch no. 481 of 500 (samples: 971136)
INFO:root:Loss: 8.8547 +/- 0.1295
INFO:root:Epoch no. 482 of 500 (samples: 971136)
INFO:root:Loss: 8.8586 +/- 0.1196
INFO:root:Epoch no. 483 of 500 (samples: 971136)
INFO:root:Loss: 8.8586 +/- 0.1311
INFO:root:Epoch no. 484 of 500 (samples: 971136)
INFO:root:Loss: 8.8623 +/- 0.0977
INFO:root:Epoch no. 485 of 500 (samples: 971136)
INFO:root:Loss: 8.8522 +/- 0.1274
INFO:root:Epoch no. 486 of 500 (samples: 971136)
INFO:root:Loss: 8.8674 +/- 0.1152
INFO:root:Epoch no. 487 of 500 (samples: 971136)
INFO:root:Loss: 8.861 +/- 0.1376
INFO:root:Epoch no. 488 of 500 (samples: 971136)
INFO:root:Loss: 8.8417 +/- 0.1136
INFO:root:Epoch no. 489 of 500 (samples: 971136)
INFO:root:Loss: 8.8521 +/- 0.1061
INFO:root:Epoch no. 490 of 500 (samples: 971136)
INFO:root:Loss: 8.8547 +/- 0.1063
INFO:root:Epoch no. 491 of 500 (samples: 971136)
INFO:root:Loss: 8.8642 +/- 0.1055
INFO:root:Epoch no. 492 of 500 (samples: 971136)
INFO:root:Loss: 8.85 +/- 0.0895
INFO:root:Epoch no. 493 of 500 (samples: 971136)
INFO:root:Loss: 8.854 +/- 0.1009
INFO:root:Epoch no. 494 of 500 (samples: 971136)
INFO:root:Loss: 8.8432 +/- 0.1099
INFO:root:Epoch no. 495 of 500 (samples: 971136)
INFO:root:Loss: 8.8739 +/- 0.1062
INFO:root:Epoch no. 496 of 500 (samples: 971136)
INFO:root:Loss: 8.859 +/- 0.1227
INFO:root:Epoch no. 497 of 500 (samples: 971136)
INFO:root:Loss: 8.8649 +/- 0.1116
INFO:root:Epoch no. 498 of 500 (samples: 971136)
INFO:root:Loss: 8.849 +/- 0.1142
INFO:root:Epoch no. 499 of 500 (samples: 971136)
INFO:root:Loss: 8.8487 +/- 0.1135
INFO:root:Epoch no. 500 of 500 (samples: 971136)
INFO:root:Loss: 8.8428 +/- 0.1151
/usr/local/lib/python3.5/dist-packages/keras/backend/theano_backend.py:527: UserWarning: theano.function was asked to create a function computing outputs given certain inputs, but the provided input variable at index 2 is not part of the computational graph needed to compute the outputs: keras_learning_phase.
To make this warning into an error, you can pass the parameter on_unused_input='raise' to theano.function. To disable it completely, use on_unused_input='ignore'.
  **kwargs)
INFO:root:### MICRO (validation raw):
INFO:root:	-- left   >> mean: 5076.6682, median: 733.5, mrr: 0.019, hits@1: 0.48%
INFO:root:	-- right  >> mean: 546.7482, median: 55.0, mrr: 0.132, hits@1: 8.04%
INFO:root:	-- global >> mean: 2811.7082, median: 186.0, mrr: 0.076, hits@1: 4.26%
INFO:root:### MICRO (validation raw):
INFO:root:	-- left   >> mean: 5076.6682, median: 733.5, mrr: 0.019, hits@3: 1.58%
INFO:root:	-- right  >> mean: 546.7482, median: 55.0, mrr: 0.132, hits@3: 12.9%
INFO:root:	-- global >> mean: 2811.7082, median: 186.0, mrr: 0.076, hits@3: 7.24%
INFO:root:### MICRO (validation raw):
INFO:root:	-- left   >> mean: 5076.6682, median: 733.5, mrr: 0.019, hits@5: 2.58%
INFO:root:	-- right  >> mean: 546.7482, median: 55.0, mrr: 0.132, hits@5: 16.14%
INFO:root:	-- global >> mean: 2811.7082, median: 186.0, mrr: 0.076, hits@5: 9.36%
INFO:root:### MICRO (validation raw):
INFO:root:	-- left   >> mean: 5076.6682, median: 733.5, mrr: 0.019, hits@10: 4.16%
INFO:root:	-- right  >> mean: 546.7482, median: 55.0, mrr: 0.132, hits@10: 22.6%
INFO:root:	-- global >> mean: 2811.7082, median: 186.0, mrr: 0.076, hits@10: 13.38%
INFO:root:### MICRO (validation filtered):
INFO:root:	-- left   >> mean: 2754.2374, median: 644.0, mrr: 0.028, hits@1: 0.88%
INFO:root:	-- right  >> mean: 542.8372, median: 51.0, mrr: 0.143, hits@1: 8.7%
INFO:root:	-- global >> mean: 1648.5373, median: 168.0, mrr: 0.086, hits@1: 4.79%
INFO:root:### MICRO (validation filtered):
INFO:root:	-- left   >> mean: 2754.2374, median: 644.0, mrr: 0.028, hits@3: 2.64%
INFO:root:	-- right  >> mean: 542.8372, median: 51.0, mrr: 0.143, hits@3: 14.2%
INFO:root:	-- global >> mean: 1648.5373, median: 168.0, mrr: 0.086, hits@3: 8.42%
INFO:root:### MICRO (validation filtered):
INFO:root:	-- left   >> mean: 2754.2374, median: 644.0, mrr: 0.028, hits@5: 3.8%
INFO:root:	-- right  >> mean: 542.8372, median: 51.0, mrr: 0.143, hits@5: 17.68%
INFO:root:	-- global >> mean: 1648.5373, median: 168.0, mrr: 0.086, hits@5: 10.74%
INFO:root:### MICRO (validation filtered):
INFO:root:	-- left   >> mean: 2754.2374, median: 644.0, mrr: 0.028, hits@10: 5.84%
INFO:root:	-- right  >> mean: 542.8372, median: 51.0, mrr: 0.143, hits@10: 24.5%
INFO:root:	-- global >> mean: 1648.5373, median: 168.0, mrr: 0.086, hits@10: 15.17%
INFO:root:### MICRO (test raw):
INFO:root:	-- left   >> mean: 5001.7568, median: 660.0, mrr: 0.022, hits@1: 0.64%
INFO:root:	-- right  >> mean: 523.7032, median: 57.0, mrr: 0.126, hits@1: 7.46%
INFO:root:	-- global >> mean: 2762.73, median: 178.0, mrr: 0.074, hits@1: 4.05%
INFO:root:### MICRO (test raw):
INFO:root:	-- left   >> mean: 5001.7568, median: 660.0, mrr: 0.022, hits@3: 1.74%
INFO:root:	-- right  >> mean: 523.7032, median: 57.0, mrr: 0.126, hits@3: 12.14%
INFO:root:	-- global >> mean: 2762.73, median: 178.0, mrr: 0.074, hits@3: 6.94%
INFO:root:### MICRO (test raw):
INFO:root:	-- left   >> mean: 5001.7568, median: 660.0, mrr: 0.022, hits@5: 2.66%
INFO:root:	-- right  >> mean: 523.7032, median: 57.0, mrr: 0.126, hits@5: 15.9%
INFO:root:	-- global >> mean: 2762.73, median: 178.0, mrr: 0.074, hits@5: 9.28%
INFO:root:### MICRO (test raw):
INFO:root:	-- left   >> mean: 5001.7568, median: 660.0, mrr: 0.022, hits@10: 4.9%
INFO:root:	-- right  >> mean: 523.7032, median: 57.0, mrr: 0.126, hits@10: 22.14%
INFO:root:	-- global >> mean: 2762.73, median: 178.0, mrr: 0.074, hits@10: 13.52%
INFO:root:### MICRO (test filtered):
INFO:root:	-- left   >> mean: 2803.3822, median: 573.5, mrr: 0.031, hits@1: 1.08%
INFO:root:	-- right  >> mean: 519.721, median: 52.0, mrr: 0.138, hits@1: 8.24%
INFO:root:	-- global >> mean: 1661.5516, median: 161.0, mrr: 0.085, hits@1: 4.66%
INFO:root:### MICRO (test filtered):
INFO:root:	-- left   >> mean: 2803.3822, median: 573.5, mrr: 0.031, hits@3: 2.8%
INFO:root:	-- right  >> mean: 519.721, median: 52.0, mrr: 0.138, hits@3: 13.88%
INFO:root:	-- global >> mean: 1661.5516, median: 161.0, mrr: 0.085, hits@3: 8.34%
INFO:root:### MICRO (test filtered):
INFO:root:	-- left   >> mean: 2803.3822, median: 573.5, mrr: 0.031, hits@5: 4.14%
INFO:root:	-- right  >> mean: 519.721, median: 52.0, mrr: 0.138, hits@5: 17.56%
INFO:root:	-- global >> mean: 1661.5516, median: 161.0, mrr: 0.085, hits@5: 10.85%
INFO:root:### MICRO (test filtered):
INFO:root:	-- left   >> mean: 2803.3822, median: 573.5, mrr: 0.031, hits@10: 6.78%
INFO:root:	-- right  >> mean: 519.721, median: 52.0, mrr: 0.138, hits@10: 24.1%
INFO:root:	-- global >> mean: 1661.5516, median: 161.0, mrr: 0.085, hits@10: 15.44%
