Using Theano backend.
Using gpu device 0: GeForce GTX TITAN X (CNMeM is disabled, cuDNN not available)
INFO:root:Acquiring data/yago3_mte10_5k/yago3_mte10-train.tsv.gz ..
INFO:root:Acquiring data/yago3_mte10_5k/yago3_mte10-valid.tsv.gz ..
INFO:root:Acquiring data/yago3_mte10_5k/yago3_mte10-test.tsv.gz ..
INFO:root:[Rules] Adding Head: 22, Tail: [(34, False)]
INFO:root:[Rules] Adding Head: 16, Tail: [(16, True)]
INFO:root:[Rules] Adding Head: 16, Tail: [(16, True), (16, True)]
INFO:root:[Rules] Adding Head: 16, Tail: [(16, False), (16, True)]
INFO:root:[Rules] Adding Head: 16, Tail: [(16, False), (16, False)]
INFO:root:[Rules] Adding Head: 16, Tail: [(16, True), (16, False)]
INFO:root:[Rules] Adding Head: 34, Tail: [(22, False)]
INFO:root:[Rules] Adding Head: 29, Tail: [(29, True)]
INFO:root:[Rules] Adding Head: 3, Tail: [(3, False), (3, False)]
INFO:root:Samples: 971136, no. batches: 10 -> batch size: 97114
INFO:root:Epoch no. 1 of 500 (samples: 971136)
INFO:root:Loss: 188.2301 +/- 73.7353
INFO:root:Epoch no. 2 of 500 (samples: 971136)
INFO:root:Loss: 93.723 +/- 3.1311
INFO:root:Epoch no. 3 of 500 (samples: 971136)
INFO:root:Loss: 76.8944 +/- 1.7802
INFO:root:Epoch no. 4 of 500 (samples: 971136)
INFO:root:Loss: 64.4834 +/- 0.9428
INFO:root:Epoch no. 5 of 500 (samples: 971136)
INFO:root:Loss: 56.0473 +/- 0.6266
INFO:root:Epoch no. 6 of 500 (samples: 971136)
INFO:root:Loss: 50.6855 +/- 0.748
INFO:root:Epoch no. 7 of 500 (samples: 971136)
INFO:root:Loss: 47.7486 +/- 1.0231
INFO:root:Epoch no. 8 of 500 (samples: 971136)
INFO:root:Loss: 46.0526 +/- 1.0743
INFO:root:Epoch no. 9 of 500 (samples: 971136)
INFO:root:Loss: 44.756 +/- 1.2109
INFO:root:Epoch no. 10 of 500 (samples: 971136)
INFO:root:Loss: 43.8623 +/- 1.1796
INFO:root:Epoch no. 11 of 500 (samples: 971136)
INFO:root:Loss: 43.0106 +/- 1.0372
INFO:root:Epoch no. 12 of 500 (samples: 971136)
INFO:root:Loss: 42.2992 +/- 1.0783
INFO:root:Epoch no. 13 of 500 (samples: 971136)
INFO:root:Loss: 41.6137 +/- 1.0602
INFO:root:Epoch no. 14 of 500 (samples: 971136)
INFO:root:Loss: 41.0828 +/- 1.0686
INFO:root:Epoch no. 15 of 500 (samples: 971136)
INFO:root:Loss: 40.6928 +/- 1.1516
INFO:root:Epoch no. 16 of 500 (samples: 971136)
INFO:root:Loss: 40.3426 +/- 0.9951
INFO:root:Epoch no. 17 of 500 (samples: 971136)
INFO:root:Loss: 40.0666 +/- 1.0091
INFO:root:Epoch no. 18 of 500 (samples: 971136)
INFO:root:Loss: 39.7291 +/- 1.0865
INFO:root:Epoch no. 19 of 500 (samples: 971136)
INFO:root:Loss: 39.4643 +/- 1.0611
INFO:root:Epoch no. 20 of 500 (samples: 971136)
INFO:root:Loss: 39.2022 +/- 1.0332
INFO:root:Epoch no. 21 of 500 (samples: 971136)
INFO:root:Loss: 39.0624 +/- 0.9888
INFO:root:Epoch no. 22 of 500 (samples: 971136)
INFO:root:Loss: 38.9521 +/- 0.8464
INFO:root:Epoch no. 23 of 500 (samples: 971136)
INFO:root:Loss: 38.7557 +/- 0.8511
INFO:root:Epoch no. 24 of 500 (samples: 971136)
INFO:root:Loss: 38.6575 +/- 0.9926
INFO:root:Epoch no. 25 of 500 (samples: 971136)
INFO:root:Loss: 38.5348 +/- 0.8889
INFO:root:Epoch no. 26 of 500 (samples: 971136)
INFO:root:Loss: 38.419 +/- 0.8868
INFO:root:Epoch no. 27 of 500 (samples: 971136)
INFO:root:Loss: 38.3186 +/- 0.9489
INFO:root:Epoch no. 28 of 500 (samples: 971136)
INFO:root:Loss: 38.2274 +/- 0.7978
INFO:root:Epoch no. 29 of 500 (samples: 971136)
INFO:root:Loss: 38.1227 +/- 0.8629
INFO:root:Epoch no. 30 of 500 (samples: 971136)
INFO:root:Loss: 38.0479 +/- 0.8131
INFO:root:Epoch no. 31 of 500 (samples: 971136)
INFO:root:Loss: 38.0141 +/- 0.8552
INFO:root:Epoch no. 32 of 500 (samples: 971136)
INFO:root:Loss: 37.8937 +/- 0.8361
INFO:root:Epoch no. 33 of 500 (samples: 971136)
INFO:root:Loss: 37.7712 +/- 0.8396
INFO:root:Epoch no. 34 of 500 (samples: 971136)
INFO:root:Loss: 37.7236 +/- 0.7995
INFO:root:Epoch no. 35 of 500 (samples: 971136)
INFO:root:Loss: 37.6916 +/- 0.8335
INFO:root:Epoch no. 36 of 500 (samples: 971136)
INFO:root:Loss: 37.5969 +/- 0.7085
INFO:root:Epoch no. 37 of 500 (samples: 971136)
INFO:root:Loss: 37.5274 +/- 0.7921
INFO:root:Epoch no. 38 of 500 (samples: 971136)
INFO:root:Loss: 37.5186 +/- 0.773
INFO:root:Epoch no. 39 of 500 (samples: 971136)
INFO:root:Loss: 37.5073 +/- 0.7736
INFO:root:Epoch no. 40 of 500 (samples: 971136)
INFO:root:Loss: 37.3906 +/- 0.764
INFO:root:Epoch no. 41 of 500 (samples: 971136)
INFO:root:Loss: 37.3673 +/- 0.7455
INFO:root:Epoch no. 42 of 500 (samples: 971136)
INFO:root:Loss: 37.3173 +/- 0.795
INFO:root:Epoch no. 43 of 500 (samples: 971136)
INFO:root:Loss: 37.3071 +/- 0.766
INFO:root:Epoch no. 44 of 500 (samples: 971136)
INFO:root:Loss: 37.2073 +/- 0.843
INFO:root:Epoch no. 45 of 500 (samples: 971136)
INFO:root:Loss: 37.1602 +/- 0.7377
INFO:root:Epoch no. 46 of 500 (samples: 971136)
INFO:root:Loss: 37.1281 +/- 0.7585
INFO:root:Epoch no. 47 of 500 (samples: 971136)
INFO:root:Loss: 37.1613 +/- 0.7395
INFO:root:Epoch no. 48 of 500 (samples: 971136)
INFO:root:Loss: 37.0395 +/- 0.7709
INFO:root:Epoch no. 49 of 500 (samples: 971136)
INFO:root:Loss: 36.9924 +/- 0.667
INFO:root:Epoch no. 50 of 500 (samples: 971136)
INFO:root:Loss: 37.0065 +/- 0.6945
INFO:root:Epoch no. 51 of 500 (samples: 971136)
INFO:root:Loss: 36.9221 +/- 0.6425
INFO:root:Epoch no. 52 of 500 (samples: 971136)
INFO:root:Loss: 36.8883 +/- 0.7439
INFO:root:Epoch no. 53 of 500 (samples: 971136)
INFO:root:Loss: 36.8109 +/- 0.7076
INFO:root:Epoch no. 54 of 500 (samples: 971136)
INFO:root:Loss: 36.8932 +/- 0.7182
INFO:root:Epoch no. 55 of 500 (samples: 971136)
INFO:root:Loss: 36.8039 +/- 0.5954
INFO:root:Epoch no. 56 of 500 (samples: 971136)
INFO:root:Loss: 36.8236 +/- 0.6138
INFO:root:Epoch no. 57 of 500 (samples: 971136)
INFO:root:Loss: 36.7789 +/- 0.755
INFO:root:Epoch no. 58 of 500 (samples: 971136)
INFO:root:Loss: 36.7173 +/- 0.6843
INFO:root:Epoch no. 59 of 500 (samples: 971136)
INFO:root:Loss: 36.6575 +/- 0.6806
INFO:root:Epoch no. 60 of 500 (samples: 971136)
INFO:root:Loss: 36.6896 +/- 0.6818
INFO:root:Epoch no. 61 of 500 (samples: 971136)
INFO:root:Loss: 36.6727 +/- 0.723
INFO:root:Epoch no. 62 of 500 (samples: 971136)
INFO:root:Loss: 36.6454 +/- 0.6599
INFO:root:Epoch no. 63 of 500 (samples: 971136)
INFO:root:Loss: 36.5866 +/- 0.6951
INFO:root:Epoch no. 64 of 500 (samples: 971136)
INFO:root:Loss: 36.6519 +/- 0.6612
INFO:root:Epoch no. 65 of 500 (samples: 971136)
INFO:root:Loss: 36.5661 +/- 0.6338
INFO:root:Epoch no. 66 of 500 (samples: 971136)
INFO:root:Loss: 36.5511 +/- 0.6113
INFO:root:Epoch no. 67 of 500 (samples: 971136)
INFO:root:Loss: 36.5356 +/- 0.7802
INFO:root:Epoch no. 68 of 500 (samples: 971136)
INFO:root:Loss: 36.4727 +/- 0.6903
INFO:root:Epoch no. 69 of 500 (samples: 971136)
INFO:root:Loss: 36.4486 +/- 0.6463
INFO:root:Epoch no. 70 of 500 (samples: 971136)
INFO:root:Loss: 36.4822 +/- 0.5874
INFO:root:Epoch no. 71 of 500 (samples: 971136)
INFO:root:Loss: 36.4476 +/- 0.5983
INFO:root:Epoch no. 72 of 500 (samples: 971136)
INFO:root:Loss: 36.3873 +/- 0.5763
INFO:root:Epoch no. 73 of 500 (samples: 971136)
INFO:root:Loss: 36.488 +/- 0.5577
INFO:root:Epoch no. 74 of 500 (samples: 971136)
INFO:root:Loss: 36.3276 +/- 0.635
INFO:root:Epoch no. 75 of 500 (samples: 971136)
INFO:root:Loss: 36.3598 +/- 0.6876
INFO:root:Epoch no. 76 of 500 (samples: 971136)
INFO:root:Loss: 36.3351 +/- 0.7125
INFO:root:Epoch no. 77 of 500 (samples: 971136)
INFO:root:Loss: 36.3861 +/- 0.6433
INFO:root:Epoch no. 78 of 500 (samples: 971136)
INFO:root:Loss: 36.3471 +/- 0.6437
INFO:root:Epoch no. 79 of 500 (samples: 971136)
INFO:root:Loss: 36.3083 +/- 0.5582
INFO:root:Epoch no. 80 of 500 (samples: 971136)
INFO:root:Loss: 36.3509 +/- 0.6438
INFO:root:Epoch no. 81 of 500 (samples: 971136)
INFO:root:Loss: 36.3713 +/- 0.6066
INFO:root:Epoch no. 82 of 500 (samples: 971136)
INFO:root:Loss: 36.3039 +/- 0.6784
INFO:root:Epoch no. 83 of 500 (samples: 971136)
INFO:root:Loss: 36.2287 +/- 0.624
INFO:root:Epoch no. 84 of 500 (samples: 971136)
INFO:root:Loss: 36.2946 +/- 0.5716
INFO:root:Epoch no. 85 of 500 (samples: 971136)
INFO:root:Loss: 36.1798 +/- 0.5723
INFO:root:Epoch no. 86 of 500 (samples: 971136)
INFO:root:Loss: 36.2783 +/- 0.6597
INFO:root:Epoch no. 87 of 500 (samples: 971136)
INFO:root:Loss: 36.1703 +/- 0.6149
INFO:root:Epoch no. 88 of 500 (samples: 971136)
INFO:root:Loss: 36.2693 +/- 0.5832
INFO:root:Epoch no. 89 of 500 (samples: 971136)
INFO:root:Loss: 36.1524 +/- 0.6074
INFO:root:Epoch no. 90 of 500 (samples: 971136)
INFO:root:Loss: 36.1921 +/- 0.5667
INFO:root:Epoch no. 91 of 500 (samples: 971136)
INFO:root:Loss: 36.1727 +/- 0.5587
INFO:root:Epoch no. 92 of 500 (samples: 971136)
INFO:root:Loss: 36.1293 +/- 0.598
INFO:root:Epoch no. 93 of 500 (samples: 971136)
INFO:root:Loss: 36.1758 +/- 0.563
INFO:root:Epoch no. 94 of 500 (samples: 971136)
INFO:root:Loss: 36.185 +/- 0.487
INFO:root:Epoch no. 95 of 500 (samples: 971136)
INFO:root:Loss: 36.0595 +/- 0.6177
INFO:root:Epoch no. 96 of 500 (samples: 971136)
INFO:root:Loss: 36.0548 +/- 0.638
INFO:root:Epoch no. 97 of 500 (samples: 971136)
INFO:root:Loss: 36.0843 +/- 0.6497
INFO:root:Epoch no. 98 of 500 (samples: 971136)
INFO:root:Loss: 36.0582 +/- 0.6694
INFO:root:Epoch no. 99 of 500 (samples: 971136)
INFO:root:Loss: 36.021 +/- 0.4995
INFO:root:Epoch no. 100 of 500 (samples: 971136)
INFO:root:Loss: 36.0563 +/- 0.518
INFO:root:Epoch no. 101 of 500 (samples: 971136)
INFO:root:Loss: 36.0874 +/- 0.5622
INFO:root:Epoch no. 102 of 500 (samples: 971136)
INFO:root:Loss: 36.0643 +/- 0.5616
INFO:root:Epoch no. 103 of 500 (samples: 971136)
INFO:root:Loss: 35.9661 +/- 0.527
INFO:root:Epoch no. 104 of 500 (samples: 971136)
INFO:root:Loss: 35.9517 +/- 0.5931
INFO:root:Epoch no. 105 of 500 (samples: 971136)
INFO:root:Loss: 35.9843 +/- 0.5399
INFO:root:Epoch no. 106 of 500 (samples: 971136)
INFO:root:Loss: 35.9896 +/- 0.5405
INFO:root:Epoch no. 107 of 500 (samples: 971136)
INFO:root:Loss: 35.9256 +/- 0.6283
INFO:root:Epoch no. 108 of 500 (samples: 971136)
INFO:root:Loss: 36.0027 +/- 0.5855
INFO:root:Epoch no. 109 of 500 (samples: 971136)
INFO:root:Loss: 36.0404 +/- 0.5824
INFO:root:Epoch no. 110 of 500 (samples: 971136)
INFO:root:Loss: 35.963 +/- 0.5257
INFO:root:Epoch no. 111 of 500 (samples: 971136)
INFO:root:Loss: 35.9304 +/- 0.4722
INFO:root:Epoch no. 112 of 500 (samples: 971136)
INFO:root:Loss: 35.9231 +/- 0.5785
INFO:root:Epoch no. 113 of 500 (samples: 971136)
INFO:root:Loss: 35.9393 +/- 0.5328
INFO:root:Epoch no. 114 of 500 (samples: 971136)
INFO:root:Loss: 35.8737 +/- 0.5531
INFO:root:Epoch no. 115 of 500 (samples: 971136)
INFO:root:Loss: 35.8991 +/- 0.5476
INFO:root:Epoch no. 116 of 500 (samples: 971136)
INFO:root:Loss: 35.9095 +/- 0.4836
INFO:root:Epoch no. 117 of 500 (samples: 971136)
INFO:root:Loss: 35.9212 +/- 0.5116
INFO:root:Epoch no. 118 of 500 (samples: 971136)
INFO:root:Loss: 35.8807 +/- 0.5513
INFO:root:Epoch no. 119 of 500 (samples: 971136)
INFO:root:Loss: 35.8333 +/- 0.6448
INFO:root:Epoch no. 120 of 500 (samples: 971136)
INFO:root:Loss: 35.8409 +/- 0.5358
INFO:root:Epoch no. 121 of 500 (samples: 971136)
INFO:root:Loss: 35.8701 +/- 0.4947
INFO:root:Epoch no. 122 of 500 (samples: 971136)
INFO:root:Loss: 35.7795 +/- 0.5389
INFO:root:Epoch no. 123 of 500 (samples: 971136)
INFO:root:Loss: 35.8646 +/- 0.4682
INFO:root:Epoch no. 124 of 500 (samples: 971136)
INFO:root:Loss: 35.8518 +/- 0.4623
INFO:root:Epoch no. 125 of 500 (samples: 971136)
INFO:root:Loss: 35.8342 +/- 0.5447
INFO:root:Epoch no. 126 of 500 (samples: 971136)
INFO:root:Loss: 35.8229 +/- 0.49
INFO:root:Epoch no. 127 of 500 (samples: 971136)
INFO:root:Loss: 35.8371 +/- 0.5749
INFO:root:Epoch no. 128 of 500 (samples: 971136)
INFO:root:Loss: 35.8399 +/- 0.5271
INFO:root:Epoch no. 129 of 500 (samples: 971136)
INFO:root:Loss: 35.7562 +/- 0.4283
INFO:root:Epoch no. 130 of 500 (samples: 971136)
INFO:root:Loss: 35.7287 +/- 0.5203
INFO:root:Epoch no. 131 of 500 (samples: 971136)
INFO:root:Loss: 35.8078 +/- 0.482
INFO:root:Epoch no. 132 of 500 (samples: 971136)
INFO:root:Loss: 35.7723 +/- 0.5282
INFO:root:Epoch no. 133 of 500 (samples: 971136)
INFO:root:Loss: 35.818 +/- 0.5686
INFO:root:Epoch no. 134 of 500 (samples: 971136)
INFO:root:Loss: 35.7771 +/- 0.5154
INFO:root:Epoch no. 135 of 500 (samples: 971136)
INFO:root:Loss: 35.6795 +/- 0.5213
INFO:root:Epoch no. 136 of 500 (samples: 971136)
INFO:root:Loss: 35.7384 +/- 0.4263
INFO:root:Epoch no. 137 of 500 (samples: 971136)
INFO:root:Loss: 35.7202 +/- 0.6069
INFO:root:Epoch no. 138 of 500 (samples: 971136)
INFO:root:Loss: 35.6694 +/- 0.5862
INFO:root:Epoch no. 139 of 500 (samples: 971136)
INFO:root:Loss: 35.746 +/- 0.4675
INFO:root:Epoch no. 140 of 500 (samples: 971136)
INFO:root:Loss: 35.6907 +/- 0.5614
INFO:root:Epoch no. 141 of 500 (samples: 971136)
INFO:root:Loss: 35.7194 +/- 0.4233
INFO:root:Epoch no. 142 of 500 (samples: 971136)
INFO:root:Loss: 35.5472 +/- 0.4505
INFO:root:Epoch no. 143 of 500 (samples: 971136)
INFO:root:Loss: 35.7114 +/- 0.4692
INFO:root:Epoch no. 144 of 500 (samples: 971136)
INFO:root:Loss: 35.6865 +/- 0.5225
INFO:root:Epoch no. 145 of 500 (samples: 971136)
INFO:root:Loss: 35.6283 +/- 0.497
INFO:root:Epoch no. 146 of 500 (samples: 971136)
INFO:root:Loss: 35.7264 +/- 0.4899
INFO:root:Epoch no. 147 of 500 (samples: 971136)
INFO:root:Loss: 35.7189 +/- 0.5528
INFO:root:Epoch no. 148 of 500 (samples: 971136)
INFO:root:Loss: 35.6648 +/- 0.5684
INFO:root:Epoch no. 149 of 500 (samples: 971136)
INFO:root:Loss: 35.669 +/- 0.4976
INFO:root:Epoch no. 150 of 500 (samples: 971136)
INFO:root:Loss: 35.6216 +/- 0.5262
INFO:root:Epoch no. 151 of 500 (samples: 971136)
INFO:root:Loss: 35.6419 +/- 0.5432
INFO:root:Epoch no. 152 of 500 (samples: 971136)
INFO:root:Loss: 35.6975 +/- 0.4409
INFO:root:Epoch no. 153 of 500 (samples: 971136)
INFO:root:Loss: 35.6424 +/- 0.4397
INFO:root:Epoch no. 154 of 500 (samples: 971136)
INFO:root:Loss: 35.6325 +/- 0.5515
INFO:root:Epoch no. 155 of 500 (samples: 971136)
INFO:root:Loss: 35.5862 +/- 0.5179
INFO:root:Epoch no. 156 of 500 (samples: 971136)
INFO:root:Loss: 35.7043 +/- 0.5597
INFO:root:Epoch no. 157 of 500 (samples: 971136)
INFO:root:Loss: 35.5814 +/- 0.4954
INFO:root:Epoch no. 158 of 500 (samples: 971136)
INFO:root:Loss: 35.6583 +/- 0.4168
INFO:root:Epoch no. 159 of 500 (samples: 971136)
INFO:root:Loss: 35.6308 +/- 0.5126
INFO:root:Epoch no. 160 of 500 (samples: 971136)
INFO:root:Loss: 35.644 +/- 0.5036
INFO:root:Epoch no. 161 of 500 (samples: 971136)
INFO:root:Loss: 35.671 +/- 0.5093
INFO:root:Epoch no. 162 of 500 (samples: 971136)
INFO:root:Loss: 35.5741 +/- 0.4811
INFO:root:Epoch no. 163 of 500 (samples: 971136)
INFO:root:Loss: 35.5731 +/- 0.5155
INFO:root:Epoch no. 164 of 500 (samples: 971136)
INFO:root:Loss: 35.5844 +/- 0.4378
INFO:root:Epoch no. 165 of 500 (samples: 971136)
INFO:root:Loss: 35.6148 +/- 0.4038
INFO:root:Epoch no. 166 of 500 (samples: 971136)
INFO:root:Loss: 35.5069 +/- 0.4775
INFO:root:Epoch no. 167 of 500 (samples: 971136)
INFO:root:Loss: 35.5966 +/- 0.4289
INFO:root:Epoch no. 168 of 500 (samples: 971136)
INFO:root:Loss: 35.5888 +/- 0.4467
INFO:root:Epoch no. 169 of 500 (samples: 971136)
INFO:root:Loss: 35.6028 +/- 0.5206
INFO:root:Epoch no. 170 of 500 (samples: 971136)
INFO:root:Loss: 35.5611 +/- 0.4005
INFO:root:Epoch no. 171 of 500 (samples: 971136)
INFO:root:Loss: 35.5728 +/- 0.4722
INFO:root:Epoch no. 172 of 500 (samples: 971136)
INFO:root:Loss: 35.5726 +/- 0.4269
INFO:root:Epoch no. 173 of 500 (samples: 971136)
INFO:root:Loss: 35.5317 +/- 0.4963
INFO:root:Epoch no. 174 of 500 (samples: 971136)
INFO:root:Loss: 35.5924 +/- 0.3996
INFO:root:Epoch no. 175 of 500 (samples: 971136)
INFO:root:Loss: 35.4802 +/- 0.5368
INFO:root:Epoch no. 176 of 500 (samples: 971136)
INFO:root:Loss: 35.5208 +/- 0.4717
INFO:root:Epoch no. 177 of 500 (samples: 971136)
INFO:root:Loss: 35.424 +/- 0.4309
INFO:root:Epoch no. 178 of 500 (samples: 971136)
INFO:root:Loss: 35.4579 +/- 0.4846
INFO:root:Epoch no. 179 of 500 (samples: 971136)
INFO:root:Loss: 35.5397 +/- 0.4924
INFO:root:Epoch no. 180 of 500 (samples: 971136)
INFO:root:Loss: 35.5786 +/- 0.4671
INFO:root:Epoch no. 181 of 500 (samples: 971136)
INFO:root:Loss: 35.5022 +/- 0.5844
INFO:root:Epoch no. 182 of 500 (samples: 971136)
INFO:root:Loss: 35.487 +/- 0.4502
INFO:root:Epoch no. 183 of 500 (samples: 971136)
INFO:root:Loss: 35.4973 +/- 0.4842
INFO:root:Epoch no. 184 of 500 (samples: 971136)
INFO:root:Loss: 35.4972 +/- 0.4602
INFO:root:Epoch no. 185 of 500 (samples: 971136)
INFO:root:Loss: 35.4597 +/- 0.4088
INFO:root:Epoch no. 186 of 500 (samples: 971136)
INFO:root:Loss: 35.3985 +/- 0.4364
INFO:root:Epoch no. 187 of 500 (samples: 971136)
INFO:root:Loss: 35.4945 +/- 0.5074
INFO:root:Epoch no. 188 of 500 (samples: 971136)
INFO:root:Loss: 35.4119 +/- 0.3651
INFO:root:Epoch no. 189 of 500 (samples: 971136)
INFO:root:Loss: 35.4866 +/- 0.4284
INFO:root:Epoch no. 190 of 500 (samples: 971136)
INFO:root:Loss: 35.564 +/- 0.5529
INFO:root:Epoch no. 191 of 500 (samples: 971136)
INFO:root:Loss: 35.4351 +/- 0.4851
INFO:root:Epoch no. 192 of 500 (samples: 971136)
INFO:root:Loss: 35.3968 +/- 0.4135
INFO:root:Epoch no. 193 of 500 (samples: 971136)
INFO:root:Loss: 35.4302 +/- 0.4316
INFO:root:Epoch no. 194 of 500 (samples: 971136)
INFO:root:Loss: 35.4097 +/- 0.5675
INFO:root:Epoch no. 195 of 500 (samples: 971136)
INFO:root:Loss: 35.4128 +/- 0.4535
INFO:root:Epoch no. 196 of 500 (samples: 971136)
INFO:root:Loss: 35.4915 +/- 0.5179
INFO:root:Epoch no. 197 of 500 (samples: 971136)
INFO:root:Loss: 35.4515 +/- 0.4815
INFO:root:Epoch no. 198 of 500 (samples: 971136)
INFO:root:Loss: 35.4467 +/- 0.3844
INFO:root:Epoch no. 199 of 500 (samples: 971136)
INFO:root:Loss: 35.4234 +/- 0.4333
INFO:root:Epoch no. 200 of 500 (samples: 971136)
INFO:root:Loss: 35.3841 +/- 0.4909
INFO:root:Epoch no. 201 of 500 (samples: 971136)
INFO:root:Loss: 35.466 +/- 0.389
INFO:root:Epoch no. 202 of 500 (samples: 971136)
INFO:root:Loss: 35.3919 +/- 0.3974
INFO:root:Epoch no. 203 of 500 (samples: 971136)
INFO:root:Loss: 35.4416 +/- 0.4487
INFO:root:Epoch no. 204 of 500 (samples: 971136)
INFO:root:Loss: 35.3734 +/- 0.4548
INFO:root:Epoch no. 205 of 500 (samples: 971136)
INFO:root:Loss: 35.3451 +/- 0.4281
INFO:root:Epoch no. 206 of 500 (samples: 971136)
INFO:root:Loss: 35.3274 +/- 0.3235
INFO:root:Epoch no. 207 of 500 (samples: 971136)
INFO:root:Loss: 35.435 +/- 0.5218
INFO:root:Epoch no. 208 of 500 (samples: 971136)
INFO:root:Loss: 35.3908 +/- 0.4986
INFO:root:Epoch no. 209 of 500 (samples: 971136)
INFO:root:Loss: 35.3408 +/- 0.4485
INFO:root:Epoch no. 210 of 500 (samples: 971136)
INFO:root:Loss: 35.436 +/- 0.4304
INFO:root:Epoch no. 211 of 500 (samples: 971136)
INFO:root:Loss: 35.38 +/- 0.3988
INFO:root:Epoch no. 212 of 500 (samples: 971136)
INFO:root:Loss: 35.3477 +/- 0.5255
INFO:root:Epoch no. 213 of 500 (samples: 971136)
INFO:root:Loss: 35.3761 +/- 0.422
INFO:root:Epoch no. 214 of 500 (samples: 971136)
INFO:root:Loss: 35.3395 +/- 0.4809
INFO:root:Epoch no. 215 of 500 (samples: 971136)
INFO:root:Loss: 35.382 +/- 0.4058
INFO:root:Epoch no. 216 of 500 (samples: 971136)
INFO:root:Loss: 35.3428 +/- 0.3688
INFO:root:Epoch no. 217 of 500 (samples: 971136)
INFO:root:Loss: 35.3638 +/- 0.3881
INFO:root:Epoch no. 218 of 500 (samples: 971136)
INFO:root:Loss: 35.3329 +/- 0.3462
INFO:root:Epoch no. 219 of 500 (samples: 971136)
INFO:root:Loss: 35.3914 +/- 0.4861
INFO:root:Epoch no. 220 of 500 (samples: 971136)
INFO:root:Loss: 35.3169 +/- 0.4013
INFO:root:Epoch no. 221 of 500 (samples: 971136)
INFO:root:Loss: 35.2749 +/- 0.3337
INFO:root:Epoch no. 222 of 500 (samples: 971136)
INFO:root:Loss: 35.3284 +/- 0.4249
INFO:root:Epoch no. 223 of 500 (samples: 971136)
INFO:root:Loss: 35.3398 +/- 0.413
INFO:root:Epoch no. 224 of 500 (samples: 971136)
INFO:root:Loss: 35.2773 +/- 0.325
INFO:root:Epoch no. 225 of 500 (samples: 971136)
INFO:root:Loss: 35.3449 +/- 0.4563
INFO:root:Epoch no. 226 of 500 (samples: 971136)
INFO:root:Loss: 35.336 +/- 0.4528
INFO:root:Epoch no. 227 of 500 (samples: 971136)
INFO:root:Loss: 35.3583 +/- 0.3429
INFO:root:Epoch no. 228 of 500 (samples: 971136)
INFO:root:Loss: 35.3354 +/- 0.3797
INFO:root:Epoch no. 229 of 500 (samples: 971136)
INFO:root:Loss: 35.2667 +/- 0.3542
INFO:root:Epoch no. 230 of 500 (samples: 971136)
INFO:root:Loss: 35.2731 +/- 0.3767
INFO:root:Epoch no. 231 of 500 (samples: 971136)
INFO:root:Loss: 35.2997 +/- 0.3757
INFO:root:Epoch no. 232 of 500 (samples: 971136)
INFO:root:Loss: 35.3497 +/- 0.3667
INFO:root:Epoch no. 233 of 500 (samples: 971136)
INFO:root:Loss: 35.2766 +/- 0.4627
INFO:root:Epoch no. 234 of 500 (samples: 971136)
INFO:root:Loss: 35.3616 +/- 0.4027
INFO:root:Epoch no. 235 of 500 (samples: 971136)
INFO:root:Loss: 35.4255 +/- 0.4436
INFO:root:Epoch no. 236 of 500 (samples: 971136)
INFO:root:Loss: 35.2639 +/- 0.499
INFO:root:Epoch no. 237 of 500 (samples: 971136)
INFO:root:Loss: 35.31 +/- 0.3158
INFO:root:Epoch no. 238 of 500 (samples: 971136)
INFO:root:Loss: 35.3031 +/- 0.3444
INFO:root:Epoch no. 239 of 500 (samples: 971136)
INFO:root:Loss: 35.3185 +/- 0.478
INFO:root:Epoch no. 240 of 500 (samples: 971136)
INFO:root:Loss: 35.2201 +/- 0.4384
INFO:root:Epoch no. 241 of 500 (samples: 971136)
INFO:root:Loss: 35.3066 +/- 0.495
INFO:root:Epoch no. 242 of 500 (samples: 971136)
INFO:root:Loss: 35.2975 +/- 0.4777
INFO:root:Epoch no. 243 of 500 (samples: 971136)
INFO:root:Loss: 35.3715 +/- 0.4052
INFO:root:Epoch no. 244 of 500 (samples: 971136)
INFO:root:Loss: 35.2347 +/- 0.4258
INFO:root:Epoch no. 245 of 500 (samples: 971136)
INFO:root:Loss: 35.3121 +/- 0.4235
INFO:root:Epoch no. 246 of 500 (samples: 971136)
INFO:root:Loss: 35.2432 +/- 0.4764
INFO:root:Epoch no. 247 of 500 (samples: 971136)
INFO:root:Loss: 35.2385 +/- 0.3625
INFO:root:Epoch no. 248 of 500 (samples: 971136)
INFO:root:Loss: 35.2654 +/- 0.3827
INFO:root:Epoch no. 249 of 500 (samples: 971136)
INFO:root:Loss: 35.1683 +/- 0.497
INFO:root:Epoch no. 250 of 500 (samples: 971136)
INFO:root:Loss: 35.3196 +/- 0.3628
INFO:root:Epoch no. 251 of 500 (samples: 971136)
INFO:root:Loss: 35.2825 +/- 0.4443
INFO:root:Epoch no. 252 of 500 (samples: 971136)
INFO:root:Loss: 35.3142 +/- 0.4077
INFO:root:Epoch no. 253 of 500 (samples: 971136)
INFO:root:Loss: 35.2387 +/- 0.3237
INFO:root:Epoch no. 254 of 500 (samples: 971136)
INFO:root:Loss: 35.2958 +/- 0.4659
INFO:root:Epoch no. 255 of 500 (samples: 971136)
INFO:root:Loss: 35.2146 +/- 0.3983
INFO:root:Epoch no. 256 of 500 (samples: 971136)
INFO:root:Loss: 35.2741 +/- 0.3968
INFO:root:Epoch no. 257 of 500 (samples: 971136)
INFO:root:Loss: 35.1476 +/- 0.386
INFO:root:Epoch no. 258 of 500 (samples: 971136)
INFO:root:Loss: 35.1934 +/- 0.3809
INFO:root:Epoch no. 259 of 500 (samples: 971136)
INFO:root:Loss: 35.2567 +/- 0.2764
INFO:root:Epoch no. 260 of 500 (samples: 971136)
INFO:root:Loss: 35.1903 +/- 0.363
INFO:root:Epoch no. 261 of 500 (samples: 971136)
INFO:root:Loss: 35.2236 +/- 0.4147
INFO:root:Epoch no. 262 of 500 (samples: 971136)
INFO:root:Loss: 35.2461 +/- 0.3385
INFO:root:Epoch no. 263 of 500 (samples: 971136)
INFO:root:Loss: 35.2029 +/- 0.4208
INFO:root:Epoch no. 264 of 500 (samples: 971136)
INFO:root:Loss: 35.2356 +/- 0.4026
INFO:root:Epoch no. 265 of 500 (samples: 971136)
INFO:root:Loss: 35.1956 +/- 0.3648
INFO:root:Epoch no. 266 of 500 (samples: 971136)
INFO:root:Loss: 35.1725 +/- 0.4574
INFO:root:Epoch no. 267 of 500 (samples: 971136)
INFO:root:Loss: 35.2245 +/- 0.3771
INFO:root:Epoch no. 268 of 500 (samples: 971136)
INFO:root:Loss: 35.2379 +/- 0.497
INFO:root:Epoch no. 269 of 500 (samples: 971136)
INFO:root:Loss: 35.1946 +/- 0.4102
INFO:root:Epoch no. 270 of 500 (samples: 971136)
INFO:root:Loss: 35.1754 +/- 0.3722
INFO:root:Epoch no. 271 of 500 (samples: 971136)
INFO:root:Loss: 35.2002 +/- 0.489
INFO:root:Epoch no. 272 of 500 (samples: 971136)
INFO:root:Loss: 35.2204 +/- 0.3261
INFO:root:Epoch no. 273 of 500 (samples: 971136)
INFO:root:Loss: 35.2019 +/- 0.3281
INFO:root:Epoch no. 274 of 500 (samples: 971136)
INFO:root:Loss: 35.178 +/- 0.3756
INFO:root:Epoch no. 275 of 500 (samples: 971136)
INFO:root:Loss: 35.167 +/- 0.4147
INFO:root:Epoch no. 276 of 500 (samples: 971136)
INFO:root:Loss: 35.1505 +/- 0.3394
INFO:root:Epoch no. 277 of 500 (samples: 971136)
INFO:root:Loss: 35.1202 +/- 0.4913
INFO:root:Epoch no. 278 of 500 (samples: 971136)
INFO:root:Loss: 35.2515 +/- 0.4022
INFO:root:Epoch no. 279 of 500 (samples: 971136)
INFO:root:Loss: 35.1394 +/- 0.2694
INFO:root:Epoch no. 280 of 500 (samples: 971136)
INFO:root:Loss: 35.1499 +/- 0.3286
INFO:root:Epoch no. 281 of 500 (samples: 971136)
INFO:root:Loss: 35.1721 +/- 0.473
INFO:root:Epoch no. 282 of 500 (samples: 971136)
INFO:root:Loss: 35.1863 +/- 0.4443
INFO:root:Epoch no. 283 of 500 (samples: 971136)
INFO:root:Loss: 35.1703 +/- 0.3991
INFO:root:Epoch no. 284 of 500 (samples: 971136)
INFO:root:Loss: 35.2172 +/- 0.4361
INFO:root:Epoch no. 285 of 500 (samples: 971136)
INFO:root:Loss: 35.1027 +/- 0.3596
INFO:root:Epoch no. 286 of 500 (samples: 971136)
INFO:root:Loss: 35.1537 +/- 0.3071
INFO:root:Epoch no. 287 of 500 (samples: 971136)
INFO:root:Loss: 35.2172 +/- 0.4631
INFO:root:Epoch no. 288 of 500 (samples: 971136)
INFO:root:Loss: 35.1881 +/- 0.2834
INFO:root:Epoch no. 289 of 500 (samples: 971136)
INFO:root:Loss: 35.1757 +/- 0.3874
INFO:root:Epoch no. 290 of 500 (samples: 971136)
INFO:root:Loss: 35.184 +/- 0.3784
INFO:root:Epoch no. 291 of 500 (samples: 971136)
INFO:root:Loss: 35.101 +/- 0.3945
INFO:root:Epoch no. 292 of 500 (samples: 971136)
INFO:root:Loss: 35.1737 +/- 0.3858
INFO:root:Epoch no. 293 of 500 (samples: 971136)
INFO:root:Loss: 35.1844 +/- 0.3579
INFO:root:Epoch no. 294 of 500 (samples: 971136)
INFO:root:Loss: 35.116 +/- 0.3575
INFO:root:Epoch no. 295 of 500 (samples: 971136)
INFO:root:Loss: 35.1299 +/- 0.3715
INFO:root:Epoch no. 296 of 500 (samples: 971136)
INFO:root:Loss: 35.2396 +/- 0.3535
INFO:root:Epoch no. 297 of 500 (samples: 971136)
INFO:root:Loss: 35.103 +/- 0.3897
INFO:root:Epoch no. 298 of 500 (samples: 971136)
INFO:root:Loss: 35.1557 +/- 0.4849
INFO:root:Epoch no. 299 of 500 (samples: 971136)
INFO:root:Loss: 35.1321 +/- 0.3512
INFO:root:Epoch no. 300 of 500 (samples: 971136)
INFO:root:Loss: 35.0829 +/- 0.3041
INFO:root:Epoch no. 301 of 500 (samples: 971136)
INFO:root:Loss: 35.1046 +/- 0.3413
INFO:root:Epoch no. 302 of 500 (samples: 971136)
INFO:root:Loss: 35.1461 +/- 0.4043
INFO:root:Epoch no. 303 of 500 (samples: 971136)
INFO:root:Loss: 35.1183 +/- 0.3236
INFO:root:Epoch no. 304 of 500 (samples: 971136)
INFO:root:Loss: 35.103 +/- 0.3676
INFO:root:Epoch no. 305 of 500 (samples: 971136)
INFO:root:Loss: 35.1526 +/- 0.4218
INFO:root:Epoch no. 306 of 500 (samples: 971136)
INFO:root:Loss: 35.141 +/- 0.4288
INFO:root:Epoch no. 307 of 500 (samples: 971136)
INFO:root:Loss: 35.0774 +/- 0.3768
INFO:root:Epoch no. 308 of 500 (samples: 971136)
INFO:root:Loss: 35.1005 +/- 0.3889
INFO:root:Epoch no. 309 of 500 (samples: 971136)
INFO:root:Loss: 35.0522 +/- 0.3907
INFO:root:Epoch no. 310 of 500 (samples: 971136)
INFO:root:Loss: 35.0459 +/- 0.3648
INFO:root:Epoch no. 311 of 500 (samples: 971136)
INFO:root:Loss: 35.0696 +/- 0.3208
INFO:root:Epoch no. 312 of 500 (samples: 971136)
INFO:root:Loss: 35.1093 +/- 0.3941
INFO:root:Epoch no. 313 of 500 (samples: 971136)
INFO:root:Loss: 35.1688 +/- 0.3067
INFO:root:Epoch no. 314 of 500 (samples: 971136)
INFO:root:Loss: 35.1109 +/- 0.3652
INFO:root:Epoch no. 315 of 500 (samples: 971136)
INFO:root:Loss: 35.0831 +/- 0.3
INFO:root:Epoch no. 316 of 500 (samples: 971136)
INFO:root:Loss: 35.1509 +/- 0.2671
INFO:root:Epoch no. 317 of 500 (samples: 971136)
INFO:root:Loss: 35.0303 +/- 0.3291
INFO:root:Epoch no. 318 of 500 (samples: 971136)
INFO:root:Loss: 35.0954 +/- 0.3419
INFO:root:Epoch no. 319 of 500 (samples: 971136)
INFO:root:Loss: 35.0958 +/- 0.4411
INFO:root:Epoch no. 320 of 500 (samples: 971136)
INFO:root:Loss: 35.0758 +/- 0.3588
INFO:root:Epoch no. 321 of 500 (samples: 971136)
INFO:root:Loss: 35.1823 +/- 0.3678
INFO:root:Epoch no. 322 of 500 (samples: 971136)
INFO:root:Loss: 35.1236 +/- 0.3959
INFO:root:Epoch no. 323 of 500 (samples: 971136)
INFO:root:Loss: 35.0579 +/- 0.3962
INFO:root:Epoch no. 324 of 500 (samples: 971136)
INFO:root:Loss: 35.0541 +/- 0.4683
INFO:root:Epoch no. 325 of 500 (samples: 971136)
INFO:root:Loss: 35.0882 +/- 0.4132
INFO:root:Epoch no. 326 of 500 (samples: 971136)
INFO:root:Loss: 35.0847 +/- 0.3846
INFO:root:Epoch no. 327 of 500 (samples: 971136)
INFO:root:Loss: 35.0327 +/- 0.3658
INFO:root:Epoch no. 328 of 500 (samples: 971136)
INFO:root:Loss: 35.0493 +/- 0.3112
INFO:root:Epoch no. 329 of 500 (samples: 971136)
INFO:root:Loss: 35.0908 +/- 0.4393
INFO:root:Epoch no. 330 of 500 (samples: 971136)
INFO:root:Loss: 35.0879 +/- 0.3962
INFO:root:Epoch no. 331 of 500 (samples: 971136)
INFO:root:Loss: 35.0682 +/- 0.3198
INFO:root:Epoch no. 332 of 500 (samples: 971136)
INFO:root:Loss: 35.0565 +/- 0.3595
INFO:root:Epoch no. 333 of 500 (samples: 971136)
INFO:root:Loss: 34.9954 +/- 0.3571
INFO:root:Epoch no. 334 of 500 (samples: 971136)
INFO:root:Loss: 35.1133 +/- 0.3134
INFO:root:Epoch no. 335 of 500 (samples: 971136)
INFO:root:Loss: 35.047 +/- 0.3144
INFO:root:Epoch no. 336 of 500 (samples: 971136)
INFO:root:Loss: 35.0439 +/- 0.3349
INFO:root:Epoch no. 337 of 500 (samples: 971136)
INFO:root:Loss: 35.0998 +/- 0.3664
INFO:root:Epoch no. 338 of 500 (samples: 971136)
INFO:root:Loss: 35.0202 +/- 0.4533
INFO:root:Epoch no. 339 of 500 (samples: 971136)
INFO:root:Loss: 35.0675 +/- 0.4116
INFO:root:Epoch no. 340 of 500 (samples: 971136)
INFO:root:Loss: 35.036 +/- 0.3358
INFO:root:Epoch no. 341 of 500 (samples: 971136)
INFO:root:Loss: 35.0461 +/- 0.3339
INFO:root:Epoch no. 342 of 500 (samples: 971136)
INFO:root:Loss: 35.0737 +/- 0.3377
INFO:root:Epoch no. 343 of 500 (samples: 971136)
INFO:root:Loss: 35.0321 +/- 0.3724
INFO:root:Epoch no. 344 of 500 (samples: 971136)
INFO:root:Loss: 35.0746 +/- 0.3301
INFO:root:Epoch no. 345 of 500 (samples: 971136)
INFO:root:Loss: 35.0254 +/- 0.4762
INFO:root:Epoch no. 346 of 500 (samples: 971136)
INFO:root:Loss: 34.9669 +/- 0.3448
INFO:root:Epoch no. 347 of 500 (samples: 971136)
INFO:root:Loss: 35.0121 +/- 0.3831
INFO:root:Epoch no. 348 of 500 (samples: 971136)
INFO:root:Loss: 35.0521 +/- 0.374
INFO:root:Epoch no. 349 of 500 (samples: 971136)
INFO:root:Loss: 35.0802 +/- 0.3515
INFO:root:Epoch no. 350 of 500 (samples: 971136)
INFO:root:Loss: 35.0198 +/- 0.3429
INFO:root:Epoch no. 351 of 500 (samples: 971136)
INFO:root:Loss: 35.0406 +/- 0.2912
INFO:root:Epoch no. 352 of 500 (samples: 971136)
INFO:root:Loss: 35.0509 +/- 0.4646
INFO:root:Epoch no. 353 of 500 (samples: 971136)
INFO:root:Loss: 34.9968 +/- 0.489
INFO:root:Epoch no. 354 of 500 (samples: 971136)
INFO:root:Loss: 34.9864 +/- 0.2859
INFO:root:Epoch no. 355 of 500 (samples: 971136)
INFO:root:Loss: 35.0648 +/- 0.4549
INFO:root:Epoch no. 356 of 500 (samples: 971136)
INFO:root:Loss: 35.0461 +/- 0.2992
INFO:root:Epoch no. 357 of 500 (samples: 971136)
INFO:root:Loss: 34.936 +/- 0.4174
INFO:root:Epoch no. 358 of 500 (samples: 971136)
INFO:root:Loss: 35.0705 +/- 0.3502
INFO:root:Epoch no. 359 of 500 (samples: 971136)
INFO:root:Loss: 35.0015 +/- 0.4581
INFO:root:Epoch no. 360 of 500 (samples: 971136)
INFO:root:Loss: 35.0055 +/- 0.3456
INFO:root:Epoch no. 361 of 500 (samples: 971136)
INFO:root:Loss: 34.9944 +/- 0.2792
INFO:root:Epoch no. 362 of 500 (samples: 971136)
INFO:root:Loss: 34.9824 +/- 0.3762
INFO:root:Epoch no. 363 of 500 (samples: 971136)
INFO:root:Loss: 34.978 +/- 0.3422
INFO:root:Epoch no. 364 of 500 (samples: 971136)
INFO:root:Loss: 35.0282 +/- 0.3484
INFO:root:Epoch no. 365 of 500 (samples: 971136)
INFO:root:Loss: 35.0221 +/- 0.3471
INFO:root:Epoch no. 366 of 500 (samples: 971136)
INFO:root:Loss: 34.9873 +/- 0.328
INFO:root:Epoch no. 367 of 500 (samples: 971136)
INFO:root:Loss: 35.0714 +/- 0.2796
INFO:root:Epoch no. 368 of 500 (samples: 971136)
INFO:root:Loss: 34.9996 +/- 0.3392
INFO:root:Epoch no. 369 of 500 (samples: 971136)
INFO:root:Loss: 34.9882 +/- 0.285
INFO:root:Epoch no. 370 of 500 (samples: 971136)
INFO:root:Loss: 34.9643 +/- 0.4698
INFO:root:Epoch no. 371 of 500 (samples: 971136)
INFO:root:Loss: 35.0264 +/- 0.4315
INFO:root:Epoch no. 372 of 500 (samples: 971136)
INFO:root:Loss: 34.9598 +/- 0.3645
INFO:root:Epoch no. 373 of 500 (samples: 971136)
INFO:root:Loss: 35.0001 +/- 0.2782
INFO:root:Epoch no. 374 of 500 (samples: 971136)
INFO:root:Loss: 35.0479 +/- 0.2825
INFO:root:Epoch no. 375 of 500 (samples: 971136)
INFO:root:Loss: 35.0314 +/- 0.2549
INFO:root:Epoch no. 376 of 500 (samples: 971136)
INFO:root:Loss: 34.9689 +/- 0.4371
INFO:root:Epoch no. 377 of 500 (samples: 971136)
INFO:root:Loss: 35.0265 +/- 0.4402
INFO:root:Epoch no. 378 of 500 (samples: 971136)
INFO:root:Loss: 35.0021 +/- 0.3047
INFO:root:Epoch no. 379 of 500 (samples: 971136)
INFO:root:Loss: 35.0015 +/- 0.2921
INFO:root:Epoch no. 380 of 500 (samples: 971136)
INFO:root:Loss: 34.9417 +/- 0.4082
INFO:root:Epoch no. 381 of 500 (samples: 971136)
INFO:root:Loss: 35.0162 +/- 0.3227
INFO:root:Epoch no. 382 of 500 (samples: 971136)
INFO:root:Loss: 34.9964 +/- 0.3761
INFO:root:Epoch no. 383 of 500 (samples: 971136)
INFO:root:Loss: 34.95 +/- 0.3
INFO:root:Epoch no. 384 of 500 (samples: 971136)
INFO:root:Loss: 34.9838 +/- 0.332
INFO:root:Epoch no. 385 of 500 (samples: 971136)
INFO:root:Loss: 35.0008 +/- 0.3519
INFO:root:Epoch no. 386 of 500 (samples: 971136)
INFO:root:Loss: 34.9972 +/- 0.3659
INFO:root:Epoch no. 387 of 500 (samples: 971136)
INFO:root:Loss: 34.9573 +/- 0.4336
INFO:root:Epoch no. 388 of 500 (samples: 971136)
INFO:root:Loss: 35.0115 +/- 0.3783
INFO:root:Epoch no. 389 of 500 (samples: 971136)
INFO:root:Loss: 34.9796 +/- 0.2995
INFO:root:Epoch no. 390 of 500 (samples: 971136)
INFO:root:Loss: 35.0058 +/- 0.2746
INFO:root:Epoch no. 391 of 500 (samples: 971136)
INFO:root:Loss: 34.9577 +/- 0.3758
INFO:root:Epoch no. 392 of 500 (samples: 971136)
INFO:root:Loss: 34.9754 +/- 0.3877
INFO:root:Epoch no. 393 of 500 (samples: 971136)
INFO:root:Loss: 35.0454 +/- 0.3043
INFO:root:Epoch no. 394 of 500 (samples: 971136)
INFO:root:Loss: 35.0264 +/- 0.4081
INFO:root:Epoch no. 395 of 500 (samples: 971136)
INFO:root:Loss: 34.9628 +/- 0.3524
INFO:root:Epoch no. 396 of 500 (samples: 971136)
INFO:root:Loss: 34.8959 +/- 0.3612
INFO:root:Epoch no. 397 of 500 (samples: 971136)
INFO:root:Loss: 34.9894 +/- 0.4472
INFO:root:Epoch no. 398 of 500 (samples: 971136)
INFO:root:Loss: 34.9454 +/- 0.2533
INFO:root:Epoch no. 399 of 500 (samples: 971136)
INFO:root:Loss: 34.9718 +/- 0.38
INFO:root:Epoch no. 400 of 500 (samples: 971136)
INFO:root:Loss: 34.9659 +/- 0.4655
INFO:root:Epoch no. 401 of 500 (samples: 971136)
INFO:root:Loss: 35.059 +/- 0.2904
INFO:root:Epoch no. 402 of 500 (samples: 971136)
INFO:root:Loss: 34.9962 +/- 0.3519
INFO:root:Epoch no. 403 of 500 (samples: 971136)
INFO:root:Loss: 34.9744 +/- 0.3802
INFO:root:Epoch no. 404 of 500 (samples: 971136)
INFO:root:Loss: 34.9933 +/- 0.3415
INFO:root:Epoch no. 405 of 500 (samples: 971136)
INFO:root:Loss: 35.0232 +/- 0.4161
INFO:root:Epoch no. 406 of 500 (samples: 971136)
INFO:root:Loss: 34.906 +/- 0.3378
INFO:root:Epoch no. 407 of 500 (samples: 971136)
INFO:root:Loss: 34.9094 +/- 0.4253
INFO:root:Epoch no. 408 of 500 (samples: 971136)
INFO:root:Loss: 34.9447 +/- 0.3639
INFO:root:Epoch no. 409 of 500 (samples: 971136)
INFO:root:Loss: 35.0597 +/- 0.3036
INFO:root:Epoch no. 410 of 500 (samples: 971136)
INFO:root:Loss: 34.9489 +/- 0.3896
INFO:root:Epoch no. 411 of 500 (samples: 971136)
INFO:root:Loss: 34.9944 +/- 0.3061
INFO:root:Epoch no. 412 of 500 (samples: 971136)
INFO:root:Loss: 34.9627 +/- 0.3114
INFO:root:Epoch no. 413 of 500 (samples: 971136)
INFO:root:Loss: 34.9573 +/- 0.278
INFO:root:Epoch no. 414 of 500 (samples: 971136)
INFO:root:Loss: 34.9614 +/- 0.4315
INFO:root:Epoch no. 415 of 500 (samples: 971136)
INFO:root:Loss: 34.9733 +/- 0.3795
INFO:root:Epoch no. 416 of 500 (samples: 971136)
INFO:root:Loss: 34.9679 +/- 0.3735
INFO:root:Epoch no. 417 of 500 (samples: 971136)
INFO:root:Loss: 34.9697 +/- 0.293
INFO:root:Epoch no. 418 of 500 (samples: 971136)
INFO:root:Loss: 34.9174 +/- 0.3272
INFO:root:Epoch no. 419 of 500 (samples: 971136)
INFO:root:Loss: 34.9166 +/- 0.3749
INFO:root:Epoch no. 420 of 500 (samples: 971136)
INFO:root:Loss: 34.9094 +/- 0.3545
INFO:root:Epoch no. 421 of 500 (samples: 971136)
INFO:root:Loss: 34.9506 +/- 0.2967
INFO:root:Epoch no. 422 of 500 (samples: 971136)
INFO:root:Loss: 34.9509 +/- 0.2916
INFO:root:Epoch no. 423 of 500 (samples: 971136)
INFO:root:Loss: 34.8845 +/- 0.2697
INFO:root:Epoch no. 424 of 500 (samples: 971136)
INFO:root:Loss: 34.8815 +/- 0.3032
INFO:root:Epoch no. 425 of 500 (samples: 971136)
INFO:root:Loss: 34.8556 +/- 0.2936
INFO:root:Epoch no. 426 of 500 (samples: 971136)
INFO:root:Loss: 34.9546 +/- 0.3637
INFO:root:Epoch no. 427 of 500 (samples: 971136)
INFO:root:Loss: 34.9371 +/- 0.406
INFO:root:Epoch no. 428 of 500 (samples: 971136)
INFO:root:Loss: 34.9499 +/- 0.2644
INFO:root:Epoch no. 429 of 500 (samples: 971136)
INFO:root:Loss: 34.9446 +/- 0.3337
INFO:root:Epoch no. 430 of 500 (samples: 971136)
INFO:root:Loss: 34.8643 +/- 0.3319
INFO:root:Epoch no. 431 of 500 (samples: 971136)
INFO:root:Loss: 34.8928 +/- 0.2892
INFO:root:Epoch no. 432 of 500 (samples: 971136)
INFO:root:Loss: 34.9037 +/- 0.2291
INFO:root:Epoch no. 433 of 500 (samples: 971136)
INFO:root:Loss: 34.9459 +/- 0.294
INFO:root:Epoch no. 434 of 500 (samples: 971136)
INFO:root:Loss: 34.9654 +/- 0.3449
INFO:root:Epoch no. 435 of 500 (samples: 971136)
INFO:root:Loss: 34.9321 +/- 0.2986
INFO:root:Epoch no. 436 of 500 (samples: 971136)
INFO:root:Loss: 34.8973 +/- 0.3136
INFO:root:Epoch no. 437 of 500 (samples: 971136)
INFO:root:Loss: 34.9173 +/- 0.2663
INFO:root:Epoch no. 438 of 500 (samples: 971136)
INFO:root:Loss: 34.936 +/- 0.2969
INFO:root:Epoch no. 439 of 500 (samples: 971136)
INFO:root:Loss: 34.9261 +/- 0.2914
INFO:root:Epoch no. 440 of 500 (samples: 971136)
INFO:root:Loss: 34.915 +/- 0.3015
INFO:root:Epoch no. 441 of 500 (samples: 971136)
INFO:root:Loss: 34.9167 +/- 0.2672
INFO:root:Epoch no. 442 of 500 (samples: 971136)
INFO:root:Loss: 34.8936 +/- 0.3632
INFO:root:Epoch no. 443 of 500 (samples: 971136)
INFO:root:Loss: 34.9432 +/- 0.3059
INFO:root:Epoch no. 444 of 500 (samples: 971136)
INFO:root:Loss: 34.9154 +/- 0.3155
INFO:root:Epoch no. 445 of 500 (samples: 971136)
INFO:root:Loss: 34.9685 +/- 0.3559
INFO:root:Epoch no. 446 of 500 (samples: 971136)
INFO:root:Loss: 34.8951 +/- 0.3462
INFO:root:Epoch no. 447 of 500 (samples: 971136)
INFO:root:Loss: 34.9262 +/- 0.3889
INFO:root:Epoch no. 448 of 500 (samples: 971136)
INFO:root:Loss: 34.9698 +/- 0.3079
INFO:root:Epoch no. 449 of 500 (samples: 971136)
INFO:root:Loss: 34.8835 +/- 0.2848
INFO:root:Epoch no. 450 of 500 (samples: 971136)
INFO:root:Loss: 34.8963 +/- 0.4204
INFO:root:Epoch no. 451 of 500 (samples: 971136)
INFO:root:Loss: 34.919 +/- 0.287
INFO:root:Epoch no. 452 of 500 (samples: 971136)
INFO:root:Loss: 34.9426 +/- 0.3542
INFO:root:Epoch no. 453 of 500 (samples: 971136)
INFO:root:Loss: 34.8826 +/- 0.3399
INFO:root:Epoch no. 454 of 500 (samples: 971136)
INFO:root:Loss: 34.8879 +/- 0.3155
INFO:root:Epoch no. 455 of 500 (samples: 971136)
INFO:root:Loss: 34.8991 +/- 0.3629
INFO:root:Epoch no. 456 of 500 (samples: 971136)
INFO:root:Loss: 34.8705 +/- 0.255
INFO:root:Epoch no. 457 of 500 (samples: 971136)
INFO:root:Loss: 34.9405 +/- 0.2693
INFO:root:Epoch no. 458 of 500 (samples: 971136)
INFO:root:Loss: 34.8106 +/- 0.4046
INFO:root:Epoch no. 459 of 500 (samples: 971136)
INFO:root:Loss: 34.9553 +/- 0.3243
INFO:root:Epoch no. 460 of 500 (samples: 971136)
INFO:root:Loss: 34.9281 +/- 0.4503
INFO:root:Epoch no. 461 of 500 (samples: 971136)
INFO:root:Loss: 34.8614 +/- 0.2885
INFO:root:Epoch no. 462 of 500 (samples: 971136)
INFO:root:Loss: 34.8335 +/- 0.3235
INFO:root:Epoch no. 463 of 500 (samples: 971136)
INFO:root:Loss: 34.8761 +/- 0.3385
INFO:root:Epoch no. 464 of 500 (samples: 971136)
INFO:root:Loss: 34.8995 +/- 0.395
INFO:root:Epoch no. 465 of 500 (samples: 971136)
INFO:root:Loss: 34.8536 +/- 0.3679
INFO:root:Epoch no. 466 of 500 (samples: 971136)
INFO:root:Loss: 34.9013 +/- 0.4177
INFO:root:Epoch no. 467 of 500 (samples: 971136)
INFO:root:Loss: 34.8975 +/- 0.2522
INFO:root:Epoch no. 468 of 500 (samples: 971136)
INFO:root:Loss: 34.8514 +/- 0.4345
INFO:root:Epoch no. 469 of 500 (samples: 971136)
INFO:root:Loss: 34.9046 +/- 0.2647
INFO:root:Epoch no. 470 of 500 (samples: 971136)
INFO:root:Loss: 34.8687 +/- 0.3275
INFO:root:Epoch no. 471 of 500 (samples: 971136)
INFO:root:Loss: 34.8887 +/- 0.3476
INFO:root:Epoch no. 472 of 500 (samples: 971136)
INFO:root:Loss: 34.9471 +/- 0.2629
INFO:root:Epoch no. 473 of 500 (samples: 971136)
INFO:root:Loss: 34.8739 +/- 0.276
INFO:root:Epoch no. 474 of 500 (samples: 971136)
INFO:root:Loss: 34.8698 +/- 0.3502
INFO:root:Epoch no. 475 of 500 (samples: 971136)
INFO:root:Loss: 34.8065 +/- 0.2607
INFO:root:Epoch no. 476 of 500 (samples: 971136)
INFO:root:Loss: 34.9543 +/- 0.3612
INFO:root:Epoch no. 477 of 500 (samples: 971136)
INFO:root:Loss: 34.899 +/- 0.3673
INFO:root:Epoch no. 478 of 500 (samples: 971136)
INFO:root:Loss: 34.8682 +/- 0.2724
INFO:root:Epoch no. 479 of 500 (samples: 971136)
INFO:root:Loss: 34.8557 +/- 0.3644
INFO:root:Epoch no. 480 of 500 (samples: 971136)
INFO:root:Loss: 34.9018 +/- 0.3309
INFO:root:Epoch no. 481 of 500 (samples: 971136)
INFO:root:Loss: 34.8407 +/- 0.3762
INFO:root:Epoch no. 482 of 500 (samples: 971136)
INFO:root:Loss: 34.8576 +/- 0.3177
INFO:root:Epoch no. 483 of 500 (samples: 971136)
INFO:root:Loss: 34.8612 +/- 0.3701
INFO:root:Epoch no. 484 of 500 (samples: 971136)
INFO:root:Loss: 34.8728 +/- 0.2333
INFO:root:Epoch no. 485 of 500 (samples: 971136)
INFO:root:Loss: 34.8412 +/- 0.3536
INFO:root:Epoch no. 486 of 500 (samples: 971136)
INFO:root:Loss: 34.8945 +/- 0.3085
INFO:root:Epoch no. 487 of 500 (samples: 971136)
INFO:root:Loss: 34.8719 +/- 0.3878
INFO:root:Epoch no. 488 of 500 (samples: 971136)
INFO:root:Loss: 34.7963 +/- 0.297
INFO:root:Epoch no. 489 of 500 (samples: 971136)
INFO:root:Loss: 34.8414 +/- 0.2718
INFO:root:Epoch no. 490 of 500 (samples: 971136)
INFO:root:Loss: 34.8483 +/- 0.2755
INFO:root:Epoch no. 491 of 500 (samples: 971136)
INFO:root:Loss: 34.8905 +/- 0.2609
INFO:root:Epoch no. 492 of 500 (samples: 971136)
INFO:root:Loss: 34.8297 +/- 0.1945
INFO:root:Epoch no. 493 of 500 (samples: 971136)
INFO:root:Loss: 34.8481 +/- 0.2565
INFO:root:Epoch no. 494 of 500 (samples: 971136)
INFO:root:Loss: 34.8038 +/- 0.3126
INFO:root:Epoch no. 495 of 500 (samples: 971136)
INFO:root:Loss: 34.9312 +/- 0.2756
INFO:root:Epoch no. 496 of 500 (samples: 971136)
INFO:root:Loss: 34.8727 +/- 0.3298
INFO:root:Epoch no. 497 of 500 (samples: 971136)
INFO:root:Loss: 34.8943 +/- 0.2921
INFO:root:Epoch no. 498 of 500 (samples: 971136)
INFO:root:Loss: 34.8333 +/- 0.307
INFO:root:Epoch no. 499 of 500 (samples: 971136)
INFO:root:Loss: 34.8338 +/- 0.2939
INFO:root:Epoch no. 500 of 500 (samples: 971136)
INFO:root:Loss: 34.8122 +/- 0.2997
/usr/local/lib/python3.5/dist-packages/keras/backend/theano_backend.py:527: UserWarning: theano.function was asked to create a function computing outputs given certain inputs, but the provided input variable at index 2 is not part of the computational graph needed to compute the outputs: keras_learning_phase.
To make this warning into an error, you can pass the parameter on_unused_input='raise' to theano.function. To disable it completely, use on_unused_input='ignore'.
  **kwargs)
INFO:root:### MICRO (validation raw):
INFO:root:	-- left   >> mean: 5087.3346, median: 718.0, mrr: 0.02, hits@1: 0.42%
INFO:root:	-- right  >> mean: 522.067, median: 55.0, mrr: 0.134, hits@1: 8.36%
INFO:root:	-- global >> mean: 2804.7008, median: 182.0, mrr: 0.077, hits@1: 4.39%
INFO:root:### MICRO (validation raw):
INFO:root:	-- left   >> mean: 5087.3346, median: 718.0, mrr: 0.02, hits@3: 1.6%
INFO:root:	-- right  >> mean: 522.067, median: 55.0, mrr: 0.134, hits@3: 13.02%
INFO:root:	-- global >> mean: 2804.7008, median: 182.0, mrr: 0.077, hits@3: 7.31%
INFO:root:### MICRO (validation raw):
INFO:root:	-- left   >> mean: 5087.3346, median: 718.0, mrr: 0.02, hits@5: 2.68%
INFO:root:	-- right  >> mean: 522.067, median: 55.0, mrr: 0.134, hits@5: 16.02%
INFO:root:	-- global >> mean: 2804.7008, median: 182.0, mrr: 0.077, hits@5: 9.35%
INFO:root:### MICRO (validation raw):
INFO:root:	-- left   >> mean: 5087.3346, median: 718.0, mrr: 0.02, hits@10: 4.28%
INFO:root:	-- right  >> mean: 522.067, median: 55.0, mrr: 0.134, hits@10: 22.16%
INFO:root:	-- global >> mean: 2804.7008, median: 182.0, mrr: 0.077, hits@10: 13.22%
INFO:root:### MICRO (validation filtered):
INFO:root:	-- left   >> mean: 2719.5218, median: 633.5, mrr: 0.029, hits@1: 0.84%
INFO:root:	-- right  >> mean: 518.1646, median: 51.0, mrr: 0.144, hits@1: 8.92%
INFO:root:	-- global >> mean: 1618.8432, median: 163.5, mrr: 0.086, hits@1: 4.88%
INFO:root:### MICRO (validation filtered):
INFO:root:	-- left   >> mean: 2719.5218, median: 633.5, mrr: 0.029, hits@3: 2.7%
INFO:root:	-- right  >> mean: 518.1646, median: 51.0, mrr: 0.144, hits@3: 14.12%
INFO:root:	-- global >> mean: 1618.8432, median: 163.5, mrr: 0.086, hits@3: 8.41%
INFO:root:### MICRO (validation filtered):
INFO:root:	-- left   >> mean: 2719.5218, median: 633.5, mrr: 0.029, hits@5: 3.94%
INFO:root:	-- right  >> mean: 518.1646, median: 51.0, mrr: 0.144, hits@5: 17.78%
INFO:root:	-- global >> mean: 1618.8432, median: 163.5, mrr: 0.086, hits@5: 10.86%
INFO:root:### MICRO (validation filtered):
INFO:root:	-- left   >> mean: 2719.5218, median: 633.5, mrr: 0.029, hits@10: 6.22%
INFO:root:	-- right  >> mean: 518.1646, median: 51.0, mrr: 0.144, hits@10: 24.1%
INFO:root:	-- global >> mean: 1618.8432, median: 163.5, mrr: 0.086, hits@10: 15.16%
INFO:root:### MICRO (test raw):
INFO:root:	-- left   >> mean: 5035.2424, median: 640.5, mrr: 0.023, hits@1: 0.54%
INFO:root:	-- right  >> mean: 503.633, median: 56.0, mrr: 0.129, hits@1: 7.68%
INFO:root:	-- global >> mean: 2769.4377, median: 175.0, mrr: 0.076, hits@1: 4.11%
INFO:root:### MICRO (test raw):
INFO:root:	-- left   >> mean: 5035.2424, median: 640.5, mrr: 0.023, hits@3: 2.0%
INFO:root:	-- right  >> mean: 503.633, median: 56.0, mrr: 0.129, hits@3: 12.46%
INFO:root:	-- global >> mean: 2769.4377, median: 175.0, mrr: 0.076, hits@3: 7.23%
INFO:root:### MICRO (test raw):
INFO:root:	-- left   >> mean: 5035.2424, median: 640.5, mrr: 0.023, hits@5: 2.92%
INFO:root:	-- right  >> mean: 503.633, median: 56.0, mrr: 0.129, hits@5: 15.94%
INFO:root:	-- global >> mean: 2769.4377, median: 175.0, mrr: 0.076, hits@5: 9.43%
INFO:root:### MICRO (test raw):
INFO:root:	-- left   >> mean: 5035.2424, median: 640.5, mrr: 0.023, hits@10: 4.82%
INFO:root:	-- right  >> mean: 503.633, median: 56.0, mrr: 0.129, hits@10: 22.46%
INFO:root:	-- global >> mean: 2769.4377, median: 175.0, mrr: 0.076, hits@10: 13.64%
INFO:root:### MICRO (test filtered):
INFO:root:	-- left   >> mean: 2778.8256, median: 556.0, mrr: 0.033, hits@1: 1.14%
INFO:root:	-- right  >> mean: 499.6472, median: 51.0, mrr: 0.141, hits@1: 8.58%
INFO:root:	-- global >> mean: 1639.2364, median: 157.0, mrr: 0.087, hits@1: 4.86%
INFO:root:### MICRO (test filtered):
INFO:root:	-- left   >> mean: 2778.8256, median: 556.0, mrr: 0.033, hits@3: 3.08%
INFO:root:	-- right  >> mean: 499.6472, median: 51.0, mrr: 0.141, hits@3: 14.08%
INFO:root:	-- global >> mean: 1639.2364, median: 157.0, mrr: 0.087, hits@3: 8.58%
INFO:root:### MICRO (test filtered):
INFO:root:	-- left   >> mean: 2778.8256, median: 556.0, mrr: 0.033, hits@5: 4.26%
INFO:root:	-- right  >> mean: 499.6472, median: 51.0, mrr: 0.141, hits@5: 17.82%
INFO:root:	-- global >> mean: 1639.2364, median: 157.0, mrr: 0.087, hits@5: 11.04%
INFO:root:### MICRO (test filtered):
INFO:root:	-- left   >> mean: 2778.8256, median: 556.0, mrr: 0.033, hits@10: 6.78%
INFO:root:	-- right  >> mean: 499.6472, median: 51.0, mrr: 0.141, hits@10: 24.54%
INFO:root:	-- global >> mean: 1639.2364, median: 157.0, mrr: 0.087, hits@10: 15.66%
