Using Theano backend.
Using gpu device 0: GeForce GTX TITAN X (CNMeM is disabled, cuDNN not available)
INFO:root:Acquiring data/yago3_mte10_5k/yago3_mte10-train.tsv.gz ..
INFO:root:Acquiring data/yago3_mte10_5k/yago3_mte10-valid.tsv.gz ..
INFO:root:Acquiring data/yago3_mte10_5k/yago3_mte10-test.tsv.gz ..
INFO:root:[Rules] Adding Head: 16, Tail: [(16, True)]
INFO:root:[Rules] Adding Head: 16, Tail: [(16, True), (16, True)]
INFO:root:[Rules] Adding Head: 16, Tail: [(16, False), (16, True)]
INFO:root:[Rules] Adding Head: 16, Tail: [(16, False), (16, False)]
INFO:root:[Rules] Adding Head: 16, Tail: [(16, True), (16, False)]
INFO:root:[Rules] Adding Head: 34, Tail: [(22, False)]
INFO:root:[Rules] Adding Head: 29, Tail: [(29, True)]
INFO:root:Samples: 755328, no. batches: 10 -> batch size: 75533
INFO:root:Epoch no. 1 of 500 (samples: 755328)
INFO:root:Loss: 55.2464 +/- 22.0438
INFO:root:Epoch no. 2 of 500 (samples: 755328)
INFO:root:Loss: 26.4015 +/- 1.3919
INFO:root:Epoch no. 3 of 500 (samples: 755328)
INFO:root:Loss: 21.221 +/- 0.2015
INFO:root:Epoch no. 4 of 500 (samples: 755328)
INFO:root:Loss: 18.712 +/- 0.1602
INFO:root:Epoch no. 5 of 500 (samples: 755328)
INFO:root:Loss: 16.5972 +/- 0.1626
INFO:root:Epoch no. 6 of 500 (samples: 755328)
INFO:root:Loss: 14.8457 +/- 0.0917
INFO:root:Epoch no. 7 of 500 (samples: 755328)
INFO:root:Loss: 13.4986 +/- 0.119
INFO:root:Epoch no. 8 of 500 (samples: 755328)
INFO:root:Loss: 12.5399 +/- 0.1671
INFO:root:Epoch no. 9 of 500 (samples: 755328)
INFO:root:Loss: 11.8581 +/- 0.2068
INFO:root:Epoch no. 10 of 500 (samples: 755328)
INFO:root:Loss: 11.4137 +/- 0.2654
INFO:root:Epoch no. 11 of 500 (samples: 755328)
INFO:root:Loss: 11.1029 +/- 0.2336
INFO:root:Epoch no. 12 of 500 (samples: 755328)
INFO:root:Loss: 10.8469 +/- 0.2634
INFO:root:Epoch no. 13 of 500 (samples: 755328)
INFO:root:Loss: 10.6518 +/- 0.2445
INFO:root:Epoch no. 14 of 500 (samples: 755328)
INFO:root:Loss: 10.4967 +/- 0.233
INFO:root:Epoch no. 15 of 500 (samples: 755328)
INFO:root:Loss: 10.3402 +/- 0.2525
INFO:root:Epoch no. 16 of 500 (samples: 755328)
INFO:root:Loss: 10.2122 +/- 0.2311
INFO:root:Epoch no. 17 of 500 (samples: 755328)
INFO:root:Loss: 10.1393 +/- 0.1982
INFO:root:Epoch no. 18 of 500 (samples: 755328)
INFO:root:Loss: 10.029 +/- 0.2489
INFO:root:Epoch no. 19 of 500 (samples: 755328)
INFO:root:Loss: 9.9233 +/- 0.2236
INFO:root:Epoch no. 20 of 500 (samples: 755328)
INFO:root:Loss: 9.8492 +/- 0.225
INFO:root:Epoch no. 21 of 500 (samples: 755328)
INFO:root:Loss: 9.7611 +/- 0.2328
INFO:root:Epoch no. 22 of 500 (samples: 755328)
INFO:root:Loss: 9.745 +/- 0.2295
INFO:root:Epoch no. 23 of 500 (samples: 755328)
INFO:root:Loss: 9.6264 +/- 0.2376
INFO:root:Epoch no. 24 of 500 (samples: 755328)
INFO:root:Loss: 9.5942 +/- 0.2115
INFO:root:Epoch no. 25 of 500 (samples: 755328)
INFO:root:Loss: 9.5655 +/- 0.2055
INFO:root:Epoch no. 26 of 500 (samples: 755328)
INFO:root:Loss: 9.4889 +/- 0.2081
INFO:root:Epoch no. 27 of 500 (samples: 755328)
INFO:root:Loss: 9.4577 +/- 0.187
INFO:root:Epoch no. 28 of 500 (samples: 755328)
INFO:root:Loss: 9.4077 +/- 0.1907
INFO:root:Epoch no. 29 of 500 (samples: 755328)
INFO:root:Loss: 9.3685 +/- 0.1862
INFO:root:Epoch no. 30 of 500 (samples: 755328)
INFO:root:Loss: 9.3347 +/- 0.2003
INFO:root:Epoch no. 31 of 500 (samples: 755328)
INFO:root:Loss: 9.3092 +/- 0.2047
INFO:root:Epoch no. 32 of 500 (samples: 755328)
INFO:root:Loss: 9.2502 +/- 0.177
INFO:root:Epoch no. 33 of 500 (samples: 755328)
INFO:root:Loss: 9.2262 +/- 0.1384
INFO:root:Epoch no. 34 of 500 (samples: 755328)
INFO:root:Loss: 9.199 +/- 0.1717
INFO:root:Epoch no. 35 of 500 (samples: 755328)
INFO:root:Loss: 9.184 +/- 0.1722
INFO:root:Epoch no. 36 of 500 (samples: 755328)
INFO:root:Loss: 9.1627 +/- 0.208
INFO:root:Epoch no. 37 of 500 (samples: 755328)
INFO:root:Loss: 9.1403 +/- 0.2096
INFO:root:Epoch no. 38 of 500 (samples: 755328)
INFO:root:Loss: 9.1224 +/- 0.1927
INFO:root:Epoch no. 39 of 500 (samples: 755328)
INFO:root:Loss: 9.0877 +/- 0.1675
INFO:root:Epoch no. 40 of 500 (samples: 755328)
INFO:root:Loss: 9.1018 +/- 0.1561
INFO:root:Epoch no. 41 of 500 (samples: 755328)
INFO:root:Loss: 9.0799 +/- 0.168
INFO:root:Epoch no. 42 of 500 (samples: 755328)
INFO:root:Loss: 9.0547 +/- 0.148
INFO:root:Epoch no. 43 of 500 (samples: 755328)
INFO:root:Loss: 9.0112 +/- 0.17
INFO:root:Epoch no. 44 of 500 (samples: 755328)
INFO:root:Loss: 9.0186 +/- 0.1694
INFO:root:Epoch no. 45 of 500 (samples: 755328)
INFO:root:Loss: 9.0041 +/- 0.1646
INFO:root:Epoch no. 46 of 500 (samples: 755328)
INFO:root:Loss: 8.9904 +/- 0.1667
INFO:root:Epoch no. 47 of 500 (samples: 755328)
INFO:root:Loss: 8.9877 +/- 0.145
INFO:root:Epoch no. 48 of 500 (samples: 755328)
INFO:root:Loss: 8.9579 +/- 0.1653
INFO:root:Epoch no. 49 of 500 (samples: 755328)
INFO:root:Loss: 8.9697 +/- 0.1771
INFO:root:Epoch no. 50 of 500 (samples: 755328)
INFO:root:Loss: 8.9634 +/- 0.1479
INFO:root:Epoch no. 51 of 500 (samples: 755328)
INFO:root:Loss: 8.9472 +/- 0.1471
INFO:root:Epoch no. 52 of 500 (samples: 755328)
INFO:root:Loss: 8.9217 +/- 0.1404
INFO:root:Epoch no. 53 of 500 (samples: 755328)
INFO:root:Loss: 8.9071 +/- 0.1596
INFO:root:Epoch no. 54 of 500 (samples: 755328)
INFO:root:Loss: 8.903 +/- 0.1613
INFO:root:Epoch no. 55 of 500 (samples: 755328)
INFO:root:Loss: 8.8985 +/- 0.1544
INFO:root:Epoch no. 56 of 500 (samples: 755328)
INFO:root:Loss: 8.8747 +/- 0.164
INFO:root:Epoch no. 57 of 500 (samples: 755328)
INFO:root:Loss: 8.871 +/- 0.1654
INFO:root:Epoch no. 58 of 500 (samples: 755328)
INFO:root:Loss: 8.8626 +/- 0.1444
INFO:root:Epoch no. 59 of 500 (samples: 755328)
INFO:root:Loss: 8.8603 +/- 0.1314
INFO:root:Epoch no. 60 of 500 (samples: 755328)
INFO:root:Loss: 8.856 +/- 0.1403
INFO:root:Epoch no. 61 of 500 (samples: 755328)
INFO:root:Loss: 8.8442 +/- 0.1257
INFO:root:Epoch no. 62 of 500 (samples: 755328)
INFO:root:Loss: 8.8442 +/- 0.1545
INFO:root:Epoch no. 63 of 500 (samples: 755328)
INFO:root:Loss: 8.8324 +/- 0.1718
INFO:root:Epoch no. 64 of 500 (samples: 755328)
INFO:root:Loss: 8.8091 +/- 0.1511
INFO:root:Epoch no. 65 of 500 (samples: 755328)
INFO:root:Loss: 8.8069 +/- 0.155
INFO:root:Epoch no. 66 of 500 (samples: 755328)
INFO:root:Loss: 8.8154 +/- 0.136
INFO:root:Epoch no. 67 of 500 (samples: 755328)
INFO:root:Loss: 8.8242 +/- 0.1669
INFO:root:Epoch no. 68 of 500 (samples: 755328)
INFO:root:Loss: 8.7846 +/- 0.149
INFO:root:Epoch no. 69 of 500 (samples: 755328)
INFO:root:Loss: 8.8146 +/- 0.1326
INFO:root:Epoch no. 70 of 500 (samples: 755328)
INFO:root:Loss: 8.7866 +/- 0.1531
INFO:root:Epoch no. 71 of 500 (samples: 755328)
INFO:root:Loss: 8.8017 +/- 0.1507
INFO:root:Epoch no. 72 of 500 (samples: 755328)
INFO:root:Loss: 8.7759 +/- 0.1349
INFO:root:Epoch no. 73 of 500 (samples: 755328)
INFO:root:Loss: 8.7927 +/- 0.1313
INFO:root:Epoch no. 74 of 500 (samples: 755328)
INFO:root:Loss: 8.7778 +/- 0.1282
INFO:root:Epoch no. 75 of 500 (samples: 755328)
INFO:root:Loss: 8.7826 +/- 0.1152
INFO:root:Epoch no. 76 of 500 (samples: 755328)
INFO:root:Loss: 8.7571 +/- 0.1441
INFO:root:Epoch no. 77 of 500 (samples: 755328)
INFO:root:Loss: 8.7777 +/- 0.1478
INFO:root:Epoch no. 78 of 500 (samples: 755328)
INFO:root:Loss: 8.7545 +/- 0.1488
INFO:root:Epoch no. 79 of 500 (samples: 755328)
INFO:root:Loss: 8.7503 +/- 0.1301
INFO:root:Epoch no. 80 of 500 (samples: 755328)
INFO:root:Loss: 8.7454 +/- 0.0952
INFO:root:Epoch no. 81 of 500 (samples: 755328)
INFO:root:Loss: 8.7297 +/- 0.1073
INFO:root:Epoch no. 82 of 500 (samples: 755328)
INFO:root:Loss: 8.745 +/- 0.162
INFO:root:Epoch no. 83 of 500 (samples: 755328)
INFO:root:Loss: 8.7416 +/- 0.126
INFO:root:Epoch no. 84 of 500 (samples: 755328)
INFO:root:Loss: 8.7326 +/- 0.1338
INFO:root:Epoch no. 85 of 500 (samples: 755328)
INFO:root:Loss: 8.7363 +/- 0.0991
INFO:root:Epoch no. 86 of 500 (samples: 755328)
INFO:root:Loss: 8.7286 +/- 0.1239
INFO:root:Epoch no. 87 of 500 (samples: 755328)
INFO:root:Loss: 8.7142 +/- 0.1205
INFO:root:Epoch no. 88 of 500 (samples: 755328)
INFO:root:Loss: 8.7142 +/- 0.1409
INFO:root:Epoch no. 89 of 500 (samples: 755328)
INFO:root:Loss: 8.6992 +/- 0.1089
INFO:root:Epoch no. 90 of 500 (samples: 755328)
INFO:root:Loss: 8.7211 +/- 0.1174
INFO:root:Epoch no. 91 of 500 (samples: 755328)
INFO:root:Loss: 8.7033 +/- 0.148
INFO:root:Epoch no. 92 of 500 (samples: 755328)
INFO:root:Loss: 8.7154 +/- 0.1116
INFO:root:Epoch no. 93 of 500 (samples: 755328)
INFO:root:Loss: 8.6907 +/- 0.1342
INFO:root:Epoch no. 94 of 500 (samples: 755328)
INFO:root:Loss: 8.6984 +/- 0.1284
INFO:root:Epoch no. 95 of 500 (samples: 755328)
INFO:root:Loss: 8.6914 +/- 0.1408
INFO:root:Epoch no. 96 of 500 (samples: 755328)
INFO:root:Loss: 8.6814 +/- 0.1169
INFO:root:Epoch no. 97 of 500 (samples: 755328)
INFO:root:Loss: 8.7123 +/- 0.1376
INFO:root:Epoch no. 98 of 500 (samples: 755328)
INFO:root:Loss: 8.6784 +/- 0.1307
INFO:root:Epoch no. 99 of 500 (samples: 755328)
INFO:root:Loss: 8.692 +/- 0.1112
INFO:root:Epoch no. 100 of 500 (samples: 755328)
INFO:root:Loss: 8.6772 +/- 0.1179
INFO:root:Epoch no. 101 of 500 (samples: 755328)
INFO:root:Loss: 8.6523 +/- 0.1139
INFO:root:Epoch no. 102 of 500 (samples: 755328)
INFO:root:Loss: 8.6736 +/- 0.1389
INFO:root:Epoch no. 103 of 500 (samples: 755328)
INFO:root:Loss: 8.6652 +/- 0.156
INFO:root:Epoch no. 104 of 500 (samples: 755328)
INFO:root:Loss: 8.666 +/- 0.1269
INFO:root:Epoch no. 105 of 500 (samples: 755328)
INFO:root:Loss: 8.6662 +/- 0.1277
INFO:root:Epoch no. 106 of 500 (samples: 755328)
INFO:root:Loss: 8.6572 +/- 0.1085
INFO:root:Epoch no. 107 of 500 (samples: 755328)
INFO:root:Loss: 8.6742 +/- 0.1161
INFO:root:Epoch no. 108 of 500 (samples: 755328)
INFO:root:Loss: 8.6592 +/- 0.1157
INFO:root:Epoch no. 109 of 500 (samples: 755328)
INFO:root:Loss: 8.6583 +/- 0.1224
INFO:root:Epoch no. 110 of 500 (samples: 755328)
INFO:root:Loss: 8.657 +/- 0.1187
INFO:root:Epoch no. 111 of 500 (samples: 755328)
INFO:root:Loss: 8.6398 +/- 0.1194
INFO:root:Epoch no. 112 of 500 (samples: 755328)
INFO:root:Loss: 8.6487 +/- 0.1103
INFO:root:Epoch no. 113 of 500 (samples: 755328)
INFO:root:Loss: 8.6617 +/- 0.1188
INFO:root:Epoch no. 114 of 500 (samples: 755328)
INFO:root:Loss: 8.619 +/- 0.1307
INFO:root:Epoch no. 115 of 500 (samples: 755328)
INFO:root:Loss: 8.6548 +/- 0.1352
INFO:root:Epoch no. 116 of 500 (samples: 755328)
INFO:root:Loss: 8.6578 +/- 0.0987
INFO:root:Epoch no. 117 of 500 (samples: 755328)
INFO:root:Loss: 8.6384 +/- 0.114
INFO:root:Epoch no. 118 of 500 (samples: 755328)
INFO:root:Loss: 8.6446 +/- 0.1152
INFO:root:Epoch no. 119 of 500 (samples: 755328)
INFO:root:Loss: 8.6392 +/- 0.1233
INFO:root:Epoch no. 120 of 500 (samples: 755328)
INFO:root:Loss: 8.638 +/- 0.1269
INFO:root:Epoch no. 121 of 500 (samples: 755328)
INFO:root:Loss: 8.6391 +/- 0.0836
INFO:root:Epoch no. 122 of 500 (samples: 755328)
INFO:root:Loss: 8.6129 +/- 0.1125
INFO:root:Epoch no. 123 of 500 (samples: 755328)
INFO:root:Loss: 8.6434 +/- 0.1085
INFO:root:Epoch no. 124 of 500 (samples: 755328)
INFO:root:Loss: 8.635 +/- 0.1371
INFO:root:Epoch no. 125 of 500 (samples: 755328)
INFO:root:Loss: 8.6318 +/- 0.1227
INFO:root:Epoch no. 126 of 500 (samples: 755328)
INFO:root:Loss: 8.6217 +/- 0.1142
INFO:root:Epoch no. 127 of 500 (samples: 755328)
INFO:root:Loss: 8.6095 +/- 0.1235
INFO:root:Epoch no. 128 of 500 (samples: 755328)
INFO:root:Loss: 8.6173 +/- 0.1243
INFO:root:Epoch no. 129 of 500 (samples: 755328)
INFO:root:Loss: 8.612 +/- 0.1215
INFO:root:Epoch no. 130 of 500 (samples: 755328)
INFO:root:Loss: 8.6242 +/- 0.1133
INFO:root:Epoch no. 131 of 500 (samples: 755328)
INFO:root:Loss: 8.6321 +/- 0.1417
INFO:root:Epoch no. 132 of 500 (samples: 755328)
INFO:root:Loss: 8.6125 +/- 0.088
INFO:root:Epoch no. 133 of 500 (samples: 755328)
INFO:root:Loss: 8.6087 +/- 0.1194
INFO:root:Epoch no. 134 of 500 (samples: 755328)
INFO:root:Loss: 8.6019 +/- 0.0975
INFO:root:Epoch no. 135 of 500 (samples: 755328)
INFO:root:Loss: 8.6341 +/- 0.0972
INFO:root:Epoch no. 136 of 500 (samples: 755328)
INFO:root:Loss: 8.6181 +/- 0.1361
INFO:root:Epoch no. 137 of 500 (samples: 755328)
INFO:root:Loss: 8.6231 +/- 0.1067
INFO:root:Epoch no. 138 of 500 (samples: 755328)
INFO:root:Loss: 8.6049 +/- 0.0899
INFO:root:Epoch no. 139 of 500 (samples: 755328)
INFO:root:Loss: 8.6023 +/- 0.0996
INFO:root:Epoch no. 140 of 500 (samples: 755328)
INFO:root:Loss: 8.5993 +/- 0.1289
INFO:root:Epoch no. 141 of 500 (samples: 755328)
INFO:root:Loss: 8.62 +/- 0.1087
INFO:root:Epoch no. 142 of 500 (samples: 755328)
INFO:root:Loss: 8.6136 +/- 0.1131
INFO:root:Epoch no. 143 of 500 (samples: 755328)
INFO:root:Loss: 8.601 +/- 0.1211
INFO:root:Epoch no. 144 of 500 (samples: 755328)
INFO:root:Loss: 8.6045 +/- 0.1011
INFO:root:Epoch no. 145 of 500 (samples: 755328)
INFO:root:Loss: 8.5762 +/- 0.1092
INFO:root:Epoch no. 146 of 500 (samples: 755328)
INFO:root:Loss: 8.6073 +/- 0.1089
INFO:root:Epoch no. 147 of 500 (samples: 755328)
INFO:root:Loss: 8.6014 +/- 0.1357
INFO:root:Epoch no. 148 of 500 (samples: 755328)
INFO:root:Loss: 8.6054 +/- 0.1031
INFO:root:Epoch no. 149 of 500 (samples: 755328)
INFO:root:Loss: 8.5668 +/- 0.1227
INFO:root:Epoch no. 150 of 500 (samples: 755328)
INFO:root:Loss: 8.5871 +/- 0.108
INFO:root:Epoch no. 151 of 500 (samples: 755328)
INFO:root:Loss: 8.5917 +/- 0.0913
INFO:root:Epoch no. 152 of 500 (samples: 755328)
INFO:root:Loss: 8.6107 +/- 0.1074
INFO:root:Epoch no. 153 of 500 (samples: 755328)
INFO:root:Loss: 8.5958 +/- 0.1095
INFO:root:Epoch no. 154 of 500 (samples: 755328)
INFO:root:Loss: 8.574 +/- 0.1134
INFO:root:Epoch no. 155 of 500 (samples: 755328)
INFO:root:Loss: 8.6003 +/- 0.1247
INFO:root:Epoch no. 156 of 500 (samples: 755328)
INFO:root:Loss: 8.5678 +/- 0.1018
INFO:root:Epoch no. 157 of 500 (samples: 755328)
INFO:root:Loss: 8.5751 +/- 0.1087
INFO:root:Epoch no. 158 of 500 (samples: 755328)
INFO:root:Loss: 8.5679 +/- 0.1053
INFO:root:Epoch no. 159 of 500 (samples: 755328)
INFO:root:Loss: 8.6032 +/- 0.1244
INFO:root:Epoch no. 160 of 500 (samples: 755328)
INFO:root:Loss: 8.5872 +/- 0.073
INFO:root:Epoch no. 161 of 500 (samples: 755328)
INFO:root:Loss: 8.5931 +/- 0.0708
INFO:root:Epoch no. 162 of 500 (samples: 755328)
INFO:root:Loss: 8.5842 +/- 0.1166
INFO:root:Epoch no. 163 of 500 (samples: 755328)
INFO:root:Loss: 8.5754 +/- 0.1024
INFO:root:Epoch no. 164 of 500 (samples: 755328)
INFO:root:Loss: 8.5739 +/- 0.0907
INFO:root:Epoch no. 165 of 500 (samples: 755328)
INFO:root:Loss: 8.5698 +/- 0.0803
INFO:root:Epoch no. 166 of 500 (samples: 755328)
INFO:root:Loss: 8.5868 +/- 0.1108
INFO:root:Epoch no. 167 of 500 (samples: 755328)
INFO:root:Loss: 8.5818 +/- 0.1096
INFO:root:Epoch no. 168 of 500 (samples: 755328)
INFO:root:Loss: 8.5807 +/- 0.0855
INFO:root:Epoch no. 169 of 500 (samples: 755328)
INFO:root:Loss: 8.556 +/- 0.0971
INFO:root:Epoch no. 170 of 500 (samples: 755328)
INFO:root:Loss: 8.5573 +/- 0.0996
INFO:root:Epoch no. 171 of 500 (samples: 755328)
INFO:root:Loss: 8.5697 +/- 0.1057
INFO:root:Epoch no. 172 of 500 (samples: 755328)
INFO:root:Loss: 8.56 +/- 0.1047
INFO:root:Epoch no. 173 of 500 (samples: 755328)
INFO:root:Loss: 8.5916 +/- 0.1172
INFO:root:Epoch no. 174 of 500 (samples: 755328)
INFO:root:Loss: 8.5687 +/- 0.1211
INFO:root:Epoch no. 175 of 500 (samples: 755328)
INFO:root:Loss: 8.5497 +/- 0.0917
INFO:root:Epoch no. 176 of 500 (samples: 755328)
INFO:root:Loss: 8.5604 +/- 0.0875
INFO:root:Epoch no. 177 of 500 (samples: 755328)
INFO:root:Loss: 8.536 +/- 0.1305
INFO:root:Epoch no. 178 of 500 (samples: 755328)
INFO:root:Loss: 8.5553 +/- 0.1055
INFO:root:Epoch no. 179 of 500 (samples: 755328)
INFO:root:Loss: 8.555 +/- 0.0886
INFO:root:Epoch no. 180 of 500 (samples: 755328)
INFO:root:Loss: 8.556 +/- 0.1322
INFO:root:Epoch no. 181 of 500 (samples: 755328)
INFO:root:Loss: 8.5601 +/- 0.1055
INFO:root:Epoch no. 182 of 500 (samples: 755328)
INFO:root:Loss: 8.545 +/- 0.0877
INFO:root:Epoch no. 183 of 500 (samples: 755328)
INFO:root:Loss: 8.5398 +/- 0.0975
INFO:root:Epoch no. 184 of 500 (samples: 755328)
INFO:root:Loss: 8.5716 +/- 0.1088
INFO:root:Epoch no. 185 of 500 (samples: 755328)
INFO:root:Loss: 8.5368 +/- 0.0738
INFO:root:Epoch no. 186 of 500 (samples: 755328)
INFO:root:Loss: 8.545 +/- 0.1258
INFO:root:Epoch no. 187 of 500 (samples: 755328)
INFO:root:Loss: 8.5584 +/- 0.0972
INFO:root:Epoch no. 188 of 500 (samples: 755328)
INFO:root:Loss: 8.5387 +/- 0.0939
INFO:root:Epoch no. 189 of 500 (samples: 755328)
INFO:root:Loss: 8.5409 +/- 0.1
INFO:root:Epoch no. 190 of 500 (samples: 755328)
INFO:root:Loss: 8.5483 +/- 0.1145
INFO:root:Epoch no. 191 of 500 (samples: 755328)
INFO:root:Loss: 8.5483 +/- 0.0743
INFO:root:Epoch no. 192 of 500 (samples: 755328)
INFO:root:Loss: 8.5445 +/- 0.0805
INFO:root:Epoch no. 193 of 500 (samples: 755328)
INFO:root:Loss: 8.5416 +/- 0.1109
INFO:root:Epoch no. 194 of 500 (samples: 755328)
INFO:root:Loss: 8.5393 +/- 0.0974
INFO:root:Epoch no. 195 of 500 (samples: 755328)
INFO:root:Loss: 8.5395 +/- 0.0814
INFO:root:Epoch no. 196 of 500 (samples: 755328)
INFO:root:Loss: 8.5342 +/- 0.1019
INFO:root:Epoch no. 197 of 500 (samples: 755328)
INFO:root:Loss: 8.542 +/- 0.0895
INFO:root:Epoch no. 198 of 500 (samples: 755328)
INFO:root:Loss: 8.5446 +/- 0.0912
INFO:root:Epoch no. 199 of 500 (samples: 755328)
INFO:root:Loss: 8.5298 +/- 0.0924
INFO:root:Epoch no. 200 of 500 (samples: 755328)
INFO:root:Loss: 8.5537 +/- 0.0999
INFO:root:Epoch no. 201 of 500 (samples: 755328)
INFO:root:Loss: 8.5223 +/- 0.0841
INFO:root:Epoch no. 202 of 500 (samples: 755328)
INFO:root:Loss: 8.5457 +/- 0.1374
INFO:root:Epoch no. 203 of 500 (samples: 755328)
INFO:root:Loss: 8.5323 +/- 0.098
INFO:root:Epoch no. 204 of 500 (samples: 755328)
INFO:root:Loss: 8.5253 +/- 0.0986
INFO:root:Epoch no. 205 of 500 (samples: 755328)
INFO:root:Loss: 8.5325 +/- 0.1214
INFO:root:Epoch no. 206 of 500 (samples: 755328)
INFO:root:Loss: 8.526 +/- 0.0874
INFO:root:Epoch no. 207 of 500 (samples: 755328)
INFO:root:Loss: 8.5362 +/- 0.0876
INFO:root:Epoch no. 208 of 500 (samples: 755328)
INFO:root:Loss: 8.5193 +/- 0.1242
INFO:root:Epoch no. 209 of 500 (samples: 755328)
INFO:root:Loss: 8.5382 +/- 0.1328
INFO:root:Epoch no. 210 of 500 (samples: 755328)
INFO:root:Loss: 8.5037 +/- 0.0862
INFO:root:Epoch no. 211 of 500 (samples: 755328)
INFO:root:Loss: 8.5456 +/- 0.06
INFO:root:Epoch no. 212 of 500 (samples: 755328)
INFO:root:Loss: 8.5365 +/- 0.1232
INFO:root:Epoch no. 213 of 500 (samples: 755328)
INFO:root:Loss: 8.5152 +/- 0.0797
INFO:root:Epoch no. 214 of 500 (samples: 755328)
INFO:root:Loss: 8.5297 +/- 0.0985
INFO:root:Epoch no. 215 of 500 (samples: 755328)
INFO:root:Loss: 8.5111 +/- 0.0796
INFO:root:Epoch no. 216 of 500 (samples: 755328)
INFO:root:Loss: 8.5128 +/- 0.1074
INFO:root:Epoch no. 217 of 500 (samples: 755328)
INFO:root:Loss: 8.5197 +/- 0.1027
INFO:root:Epoch no. 218 of 500 (samples: 755328)
INFO:root:Loss: 8.5073 +/- 0.0671
INFO:root:Epoch no. 219 of 500 (samples: 755328)
INFO:root:Loss: 8.5061 +/- 0.1174
INFO:root:Epoch no. 220 of 500 (samples: 755328)
INFO:root:Loss: 8.4865 +/- 0.1123
INFO:root:Epoch no. 221 of 500 (samples: 755328)
INFO:root:Loss: 8.5313 +/- 0.1019
INFO:root:Epoch no. 222 of 500 (samples: 755328)
INFO:root:Loss: 8.4996 +/- 0.0969
INFO:root:Epoch no. 223 of 500 (samples: 755328)
INFO:root:Loss: 8.5123 +/- 0.0812
INFO:root:Epoch no. 224 of 500 (samples: 755328)
INFO:root:Loss: 8.5151 +/- 0.0909
INFO:root:Epoch no. 225 of 500 (samples: 755328)
INFO:root:Loss: 8.524 +/- 0.1009
INFO:root:Epoch no. 226 of 500 (samples: 755328)
INFO:root:Loss: 8.5258 +/- 0.0965
INFO:root:Epoch no. 227 of 500 (samples: 755328)
INFO:root:Loss: 8.5147 +/- 0.0894
INFO:root:Epoch no. 228 of 500 (samples: 755328)
INFO:root:Loss: 8.5322 +/- 0.0895
INFO:root:Epoch no. 229 of 500 (samples: 755328)
INFO:root:Loss: 8.509 +/- 0.0999
INFO:root:Epoch no. 230 of 500 (samples: 755328)
INFO:root:Loss: 8.5137 +/- 0.0824
INFO:root:Epoch no. 231 of 500 (samples: 755328)
INFO:root:Loss: 8.5107 +/- 0.0935
INFO:root:Epoch no. 232 of 500 (samples: 755328)
INFO:root:Loss: 8.5206 +/- 0.1252
INFO:root:Epoch no. 233 of 500 (samples: 755328)
INFO:root:Loss: 8.5085 +/- 0.0893
INFO:root:Epoch no. 234 of 500 (samples: 755328)
INFO:root:Loss: 8.5049 +/- 0.1121
INFO:root:Epoch no. 235 of 500 (samples: 755328)
INFO:root:Loss: 8.5061 +/- 0.1071
INFO:root:Epoch no. 236 of 500 (samples: 755328)
INFO:root:Loss: 8.5148 +/- 0.0957
INFO:root:Epoch no. 237 of 500 (samples: 755328)
INFO:root:Loss: 8.467 +/- 0.092
INFO:root:Epoch no. 238 of 500 (samples: 755328)
INFO:root:Loss: 8.4929 +/- 0.1214
INFO:root:Epoch no. 239 of 500 (samples: 755328)
INFO:root:Loss: 8.5076 +/- 0.091
INFO:root:Epoch no. 240 of 500 (samples: 755328)
INFO:root:Loss: 8.4957 +/- 0.0764
INFO:root:Epoch no. 241 of 500 (samples: 755328)
INFO:root:Loss: 8.4912 +/- 0.1036
INFO:root:Epoch no. 242 of 500 (samples: 755328)
INFO:root:Loss: 8.5053 +/- 0.0802
INFO:root:Epoch no. 243 of 500 (samples: 755328)
INFO:root:Loss: 8.5288 +/- 0.0924
INFO:root:Epoch no. 244 of 500 (samples: 755328)
INFO:root:Loss: 8.4966 +/- 0.0967
INFO:root:Epoch no. 245 of 500 (samples: 755328)
INFO:root:Loss: 8.5038 +/- 0.0973
INFO:root:Epoch no. 246 of 500 (samples: 755328)
INFO:root:Loss: 8.5038 +/- 0.095
INFO:root:Epoch no. 247 of 500 (samples: 755328)
INFO:root:Loss: 8.5035 +/- 0.0857
INFO:root:Epoch no. 248 of 500 (samples: 755328)
INFO:root:Loss: 8.5012 +/- 0.0837
INFO:root:Epoch no. 249 of 500 (samples: 755328)
INFO:root:Loss: 8.4851 +/- 0.0774
INFO:root:Epoch no. 250 of 500 (samples: 755328)
INFO:root:Loss: 8.507 +/- 0.0872
INFO:root:Epoch no. 251 of 500 (samples: 755328)
INFO:root:Loss: 8.4938 +/- 0.0952
INFO:root:Epoch no. 252 of 500 (samples: 755328)
INFO:root:Loss: 8.5027 +/- 0.0569
INFO:root:Epoch no. 253 of 500 (samples: 755328)
INFO:root:Loss: 8.4989 +/- 0.0738
INFO:root:Epoch no. 254 of 500 (samples: 755328)
INFO:root:Loss: 8.4923 +/- 0.073
INFO:root:Epoch no. 255 of 500 (samples: 755328)
INFO:root:Loss: 8.4972 +/- 0.0928
INFO:root:Epoch no. 256 of 500 (samples: 755328)
INFO:root:Loss: 8.4888 +/- 0.1163
INFO:root:Epoch no. 257 of 500 (samples: 755328)
INFO:root:Loss: 8.5051 +/- 0.0695
INFO:root:Epoch no. 258 of 500 (samples: 755328)
INFO:root:Loss: 8.5081 +/- 0.0836
INFO:root:Epoch no. 259 of 500 (samples: 755328)
INFO:root:Loss: 8.5035 +/- 0.1008
INFO:root:Epoch no. 260 of 500 (samples: 755328)
INFO:root:Loss: 8.4943 +/- 0.0734
INFO:root:Epoch no. 261 of 500 (samples: 755328)
INFO:root:Loss: 8.4889 +/- 0.0744
INFO:root:Epoch no. 262 of 500 (samples: 755328)
INFO:root:Loss: 8.4986 +/- 0.0929
INFO:root:Epoch no. 263 of 500 (samples: 755328)
INFO:root:Loss: 8.4924 +/- 0.0723
INFO:root:Epoch no. 264 of 500 (samples: 755328)
INFO:root:Loss: 8.4783 +/- 0.0941
INFO:root:Epoch no. 265 of 500 (samples: 755328)
INFO:root:Loss: 8.5044 +/- 0.1171
INFO:root:Epoch no. 266 of 500 (samples: 755328)
INFO:root:Loss: 8.4795 +/- 0.0989
INFO:root:Epoch no. 267 of 500 (samples: 755328)
INFO:root:Loss: 8.5081 +/- 0.0938
INFO:root:Epoch no. 268 of 500 (samples: 755328)
INFO:root:Loss: 8.4711 +/- 0.0708
INFO:root:Epoch no. 269 of 500 (samples: 755328)
INFO:root:Loss: 8.4887 +/- 0.0964
INFO:root:Epoch no. 270 of 500 (samples: 755328)
INFO:root:Loss: 8.4782 +/- 0.0873
INFO:root:Epoch no. 271 of 500 (samples: 755328)
INFO:root:Loss: 8.484 +/- 0.0972
INFO:root:Epoch no. 272 of 500 (samples: 755328)
INFO:root:Loss: 8.5009 +/- 0.0693
INFO:root:Epoch no. 273 of 500 (samples: 755328)
INFO:root:Loss: 8.4689 +/- 0.0792
INFO:root:Epoch no. 274 of 500 (samples: 755328)
INFO:root:Loss: 8.4851 +/- 0.0773
INFO:root:Epoch no. 275 of 500 (samples: 755328)
INFO:root:Loss: 8.4992 +/- 0.0878
INFO:root:Epoch no. 276 of 500 (samples: 755328)
INFO:root:Loss: 8.4822 +/- 0.0909
INFO:root:Epoch no. 277 of 500 (samples: 755328)
INFO:root:Loss: 8.4794 +/- 0.0847
INFO:root:Epoch no. 278 of 500 (samples: 755328)
INFO:root:Loss: 8.4825 +/- 0.0677
INFO:root:Epoch no. 279 of 500 (samples: 755328)
INFO:root:Loss: 8.4887 +/- 0.0819
INFO:root:Epoch no. 280 of 500 (samples: 755328)
INFO:root:Loss: 8.4613 +/- 0.0808
INFO:root:Epoch no. 281 of 500 (samples: 755328)
INFO:root:Loss: 8.4701 +/- 0.0932
INFO:root:Epoch no. 282 of 500 (samples: 755328)
INFO:root:Loss: 8.4827 +/- 0.079
INFO:root:Epoch no. 283 of 500 (samples: 755328)
INFO:root:Loss: 8.4887 +/- 0.0747
INFO:root:Epoch no. 284 of 500 (samples: 755328)
INFO:root:Loss: 8.479 +/- 0.0909
INFO:root:Epoch no. 285 of 500 (samples: 755328)
INFO:root:Loss: 8.4867 +/- 0.071
INFO:root:Epoch no. 286 of 500 (samples: 755328)
INFO:root:Loss: 8.5036 +/- 0.1038
INFO:root:Epoch no. 287 of 500 (samples: 755328)
INFO:root:Loss: 8.4823 +/- 0.0739
INFO:root:Epoch no. 288 of 500 (samples: 755328)
INFO:root:Loss: 8.4943 +/- 0.081
INFO:root:Epoch no. 289 of 500 (samples: 755328)
INFO:root:Loss: 8.4801 +/- 0.0675
INFO:root:Epoch no. 290 of 500 (samples: 755328)
INFO:root:Loss: 8.4825 +/- 0.0913
INFO:root:Epoch no. 291 of 500 (samples: 755328)
INFO:root:Loss: 8.4683 +/- 0.0802
INFO:root:Epoch no. 292 of 500 (samples: 755328)
INFO:root:Loss: 8.468 +/- 0.0756
INFO:root:Epoch no. 293 of 500 (samples: 755328)
INFO:root:Loss: 8.4863 +/- 0.0989
INFO:root:Epoch no. 294 of 500 (samples: 755328)
INFO:root:Loss: 8.4951 +/- 0.0849
INFO:root:Epoch no. 295 of 500 (samples: 755328)
INFO:root:Loss: 8.4676 +/- 0.0945
INFO:root:Epoch no. 296 of 500 (samples: 755328)
INFO:root:Loss: 8.4762 +/- 0.0706
INFO:root:Epoch no. 297 of 500 (samples: 755328)
INFO:root:Loss: 8.4778 +/- 0.0949
INFO:root:Epoch no. 298 of 500 (samples: 755328)
INFO:root:Loss: 8.4657 +/- 0.0917
INFO:root:Epoch no. 299 of 500 (samples: 755328)
INFO:root:Loss: 8.4845 +/- 0.0545
INFO:root:Epoch no. 300 of 500 (samples: 755328)
INFO:root:Loss: 8.463 +/- 0.0946
INFO:root:Epoch no. 301 of 500 (samples: 755328)
INFO:root:Loss: 8.4631 +/- 0.0795
INFO:root:Epoch no. 302 of 500 (samples: 755328)
INFO:root:Loss: 8.4854 +/- 0.0567
INFO:root:Epoch no. 303 of 500 (samples: 755328)
INFO:root:Loss: 8.4772 +/- 0.0864
INFO:root:Epoch no. 304 of 500 (samples: 755328)
INFO:root:Loss: 8.4826 +/- 0.0731
INFO:root:Epoch no. 305 of 500 (samples: 755328)
INFO:root:Loss: 8.4705 +/- 0.075
INFO:root:Epoch no. 306 of 500 (samples: 755328)
INFO:root:Loss: 8.4953 +/- 0.0836
INFO:root:Epoch no. 307 of 500 (samples: 755328)
INFO:root:Loss: 8.4755 +/- 0.0818
INFO:root:Epoch no. 308 of 500 (samples: 755328)
INFO:root:Loss: 8.4699 +/- 0.1065
INFO:root:Epoch no. 309 of 500 (samples: 755328)
INFO:root:Loss: 8.4674 +/- 0.082
INFO:root:Epoch no. 310 of 500 (samples: 755328)
INFO:root:Loss: 8.4666 +/- 0.0895
INFO:root:Epoch no. 311 of 500 (samples: 755328)
INFO:root:Loss: 8.4691 +/- 0.0795
INFO:root:Epoch no. 312 of 500 (samples: 755328)
INFO:root:Loss: 8.4684 +/- 0.0699
INFO:root:Epoch no. 313 of 500 (samples: 755328)
INFO:root:Loss: 8.453 +/- 0.0743
INFO:root:Epoch no. 314 of 500 (samples: 755328)
INFO:root:Loss: 8.4399 +/- 0.0851
INFO:root:Epoch no. 315 of 500 (samples: 755328)
INFO:root:Loss: 8.4558 +/- 0.0757
INFO:root:Epoch no. 316 of 500 (samples: 755328)
INFO:root:Loss: 8.4547 +/- 0.1007
INFO:root:Epoch no. 317 of 500 (samples: 755328)
INFO:root:Loss: 8.447 +/- 0.0601
INFO:root:Epoch no. 318 of 500 (samples: 755328)
INFO:root:Loss: 8.4528 +/- 0.0811
INFO:root:Epoch no. 319 of 500 (samples: 755328)
INFO:root:Loss: 8.4739 +/- 0.0722
INFO:root:Epoch no. 320 of 500 (samples: 755328)
INFO:root:Loss: 8.468 +/- 0.0962
INFO:root:Epoch no. 321 of 500 (samples: 755328)
INFO:root:Loss: 8.4372 +/- 0.0767
INFO:root:Epoch no. 322 of 500 (samples: 755328)
INFO:root:Loss: 8.4662 +/- 0.0829
INFO:root:Epoch no. 323 of 500 (samples: 755328)
INFO:root:Loss: 8.4545 +/- 0.0873
INFO:root:Epoch no. 324 of 500 (samples: 755328)
INFO:root:Loss: 8.4643 +/- 0.0997
INFO:root:Epoch no. 325 of 500 (samples: 755328)
INFO:root:Loss: 8.4544 +/- 0.0864
INFO:root:Epoch no. 326 of 500 (samples: 755328)
INFO:root:Loss: 8.4392 +/- 0.0725
INFO:root:Epoch no. 327 of 500 (samples: 755328)
INFO:root:Loss: 8.4651 +/- 0.0925
INFO:root:Epoch no. 328 of 500 (samples: 755328)
INFO:root:Loss: 8.4475 +/- 0.0618
INFO:root:Epoch no. 329 of 500 (samples: 755328)
INFO:root:Loss: 8.461 +/- 0.0754
INFO:root:Epoch no. 330 of 500 (samples: 755328)
INFO:root:Loss: 8.4794 +/- 0.0767
INFO:root:Epoch no. 331 of 500 (samples: 755328)
INFO:root:Loss: 8.4576 +/- 0.0691
INFO:root:Epoch no. 332 of 500 (samples: 755328)
INFO:root:Loss: 8.4553 +/- 0.089
INFO:root:Epoch no. 333 of 500 (samples: 755328)
INFO:root:Loss: 8.4598 +/- 0.1006
INFO:root:Epoch no. 334 of 500 (samples: 755328)
INFO:root:Loss: 8.4636 +/- 0.0675
INFO:root:Epoch no. 335 of 500 (samples: 755328)
INFO:root:Loss: 8.4463 +/- 0.0762
INFO:root:Epoch no. 336 of 500 (samples: 755328)
INFO:root:Loss: 8.4751 +/- 0.088
INFO:root:Epoch no. 337 of 500 (samples: 755328)
INFO:root:Loss: 8.4723 +/- 0.0824
INFO:root:Epoch no. 338 of 500 (samples: 755328)
INFO:root:Loss: 8.4607 +/- 0.0759
INFO:root:Epoch no. 339 of 500 (samples: 755328)
INFO:root:Loss: 8.4398 +/- 0.0991
INFO:root:Epoch no. 340 of 500 (samples: 755328)
INFO:root:Loss: 8.4569 +/- 0.0774
INFO:root:Epoch no. 341 of 500 (samples: 755328)
INFO:root:Loss: 8.4455 +/- 0.1068
INFO:root:Epoch no. 342 of 500 (samples: 755328)
INFO:root:Loss: 8.4443 +/- 0.0794
INFO:root:Epoch no. 343 of 500 (samples: 755328)
INFO:root:Loss: 8.4333 +/- 0.0734
INFO:root:Epoch no. 344 of 500 (samples: 755328)
INFO:root:Loss: 8.478 +/- 0.1106
INFO:root:Epoch no. 345 of 500 (samples: 755328)
INFO:root:Loss: 8.4445 +/- 0.0998
INFO:root:Epoch no. 346 of 500 (samples: 755328)
INFO:root:Loss: 8.4711 +/- 0.0834
INFO:root:Epoch no. 347 of 500 (samples: 755328)
INFO:root:Loss: 8.4347 +/- 0.0674
INFO:root:Epoch no. 348 of 500 (samples: 755328)
INFO:root:Loss: 8.4445 +/- 0.0773
INFO:root:Epoch no. 349 of 500 (samples: 755328)
INFO:root:Loss: 8.4602 +/- 0.0726
INFO:root:Epoch no. 350 of 500 (samples: 755328)
INFO:root:Loss: 8.4506 +/- 0.1122
INFO:root:Epoch no. 351 of 500 (samples: 755328)
INFO:root:Loss: 8.4553 +/- 0.0888
INFO:root:Epoch no. 352 of 500 (samples: 755328)
INFO:root:Loss: 8.4523 +/- 0.0986
INFO:root:Epoch no. 353 of 500 (samples: 755328)
INFO:root:Loss: 8.4472 +/- 0.075
INFO:root:Epoch no. 354 of 500 (samples: 755328)
INFO:root:Loss: 8.4611 +/- 0.0769
INFO:root:Epoch no. 355 of 500 (samples: 755328)
INFO:root:Loss: 8.4718 +/- 0.1037
INFO:root:Epoch no. 356 of 500 (samples: 755328)
INFO:root:Loss: 8.4456 +/- 0.0667
INFO:root:Epoch no. 357 of 500 (samples: 755328)
INFO:root:Loss: 8.4605 +/- 0.055
INFO:root:Epoch no. 358 of 500 (samples: 755328)
INFO:root:Loss: 8.4503 +/- 0.0691
INFO:root:Epoch no. 359 of 500 (samples: 755328)
INFO:root:Loss: 8.4423 +/- 0.0929
INFO:root:Epoch no. 360 of 500 (samples: 755328)
INFO:root:Loss: 8.4628 +/- 0.0902
INFO:root:Epoch no. 361 of 500 (samples: 755328)
INFO:root:Loss: 8.4572 +/- 0.0934
INFO:root:Epoch no. 362 of 500 (samples: 755328)
INFO:root:Loss: 8.4567 +/- 0.09
INFO:root:Epoch no. 363 of 500 (samples: 755328)
INFO:root:Loss: 8.4623 +/- 0.0838
INFO:root:Epoch no. 364 of 500 (samples: 755328)
INFO:root:Loss: 8.4376 +/- 0.0842
INFO:root:Epoch no. 365 of 500 (samples: 755328)
INFO:root:Loss: 8.4398 +/- 0.0832
INFO:root:Epoch no. 366 of 500 (samples: 755328)
INFO:root:Loss: 8.4626 +/- 0.0657
INFO:root:Epoch no. 367 of 500 (samples: 755328)
INFO:root:Loss: 8.4464 +/- 0.0893
INFO:root:Epoch no. 368 of 500 (samples: 755328)
INFO:root:Loss: 8.4279 +/- 0.0522
INFO:root:Epoch no. 369 of 500 (samples: 755328)
INFO:root:Loss: 8.4602 +/- 0.0663
INFO:root:Epoch no. 370 of 500 (samples: 755328)
INFO:root:Loss: 8.4565 +/- 0.0746
INFO:root:Epoch no. 371 of 500 (samples: 755328)
INFO:root:Loss: 8.4451 +/- 0.0949
INFO:root:Epoch no. 372 of 500 (samples: 755328)
INFO:root:Loss: 8.4328 +/- 0.0737
INFO:root:Epoch no. 373 of 500 (samples: 755328)
INFO:root:Loss: 8.4445 +/- 0.0964
INFO:root:Epoch no. 374 of 500 (samples: 755328)
INFO:root:Loss: 8.4435 +/- 0.0568
INFO:root:Epoch no. 375 of 500 (samples: 755328)
INFO:root:Loss: 8.4372 +/- 0.0724
INFO:root:Epoch no. 376 of 500 (samples: 755328)
INFO:root:Loss: 8.4491 +/- 0.1131
INFO:root:Epoch no. 377 of 500 (samples: 755328)
INFO:root:Loss: 8.4543 +/- 0.087
INFO:root:Epoch no. 378 of 500 (samples: 755328)
INFO:root:Loss: 8.4467 +/- 0.0724
INFO:root:Epoch no. 379 of 500 (samples: 755328)
INFO:root:Loss: 8.4329 +/- 0.0974
INFO:root:Epoch no. 380 of 500 (samples: 755328)
INFO:root:Loss: 8.4401 +/- 0.0553
INFO:root:Epoch no. 381 of 500 (samples: 755328)
INFO:root:Loss: 8.4345 +/- 0.101
INFO:root:Epoch no. 382 of 500 (samples: 755328)
INFO:root:Loss: 8.4372 +/- 0.0701
INFO:root:Epoch no. 383 of 500 (samples: 755328)
INFO:root:Loss: 8.4488 +/- 0.0952
INFO:root:Epoch no. 384 of 500 (samples: 755328)
INFO:root:Loss: 8.4268 +/- 0.0732
INFO:root:Epoch no. 385 of 500 (samples: 755328)
INFO:root:Loss: 8.4547 +/- 0.087
INFO:root:Epoch no. 386 of 500 (samples: 755328)
INFO:root:Loss: 8.4365 +/- 0.0722
INFO:root:Epoch no. 387 of 500 (samples: 755328)
INFO:root:Loss: 8.4332 +/- 0.0644
INFO:root:Epoch no. 388 of 500 (samples: 755328)
INFO:root:Loss: 8.4456 +/- 0.0559
INFO:root:Epoch no. 389 of 500 (samples: 755328)
INFO:root:Loss: 8.4392 +/- 0.0981
INFO:root:Epoch no. 390 of 500 (samples: 755328)
INFO:root:Loss: 8.4381 +/- 0.0916
INFO:root:Epoch no. 391 of 500 (samples: 755328)
INFO:root:Loss: 8.429 +/- 0.0817
INFO:root:Epoch no. 392 of 500 (samples: 755328)
INFO:root:Loss: 8.4244 +/- 0.079
INFO:root:Epoch no. 393 of 500 (samples: 755328)
INFO:root:Loss: 8.4227 +/- 0.058
INFO:root:Epoch no. 394 of 500 (samples: 755328)
INFO:root:Loss: 8.4303 +/- 0.0715
INFO:root:Epoch no. 395 of 500 (samples: 755328)
INFO:root:Loss: 8.4366 +/- 0.0968
INFO:root:Epoch no. 396 of 500 (samples: 755328)
INFO:root:Loss: 8.4278 +/- 0.0807
INFO:root:Epoch no. 397 of 500 (samples: 755328)
INFO:root:Loss: 8.4352 +/- 0.0554
INFO:root:Epoch no. 398 of 500 (samples: 755328)
INFO:root:Loss: 8.4354 +/- 0.0869
INFO:root:Epoch no. 399 of 500 (samples: 755328)
INFO:root:Loss: 8.4388 +/- 0.062
INFO:root:Epoch no. 400 of 500 (samples: 755328)
INFO:root:Loss: 8.4173 +/- 0.1067
INFO:root:Epoch no. 401 of 500 (samples: 755328)
INFO:root:Loss: 8.4372 +/- 0.0788
INFO:root:Epoch no. 402 of 500 (samples: 755328)
INFO:root:Loss: 8.4673 +/- 0.0544
INFO:root:Epoch no. 403 of 500 (samples: 755328)
INFO:root:Loss: 8.441 +/- 0.0698
INFO:root:Epoch no. 404 of 500 (samples: 755328)
INFO:root:Loss: 8.4389 +/- 0.0736
INFO:root:Epoch no. 405 of 500 (samples: 755328)
INFO:root:Loss: 8.4408 +/- 0.0895
INFO:root:Epoch no. 406 of 500 (samples: 755328)
INFO:root:Loss: 8.4219 +/- 0.0674
INFO:root:Epoch no. 407 of 500 (samples: 755328)
INFO:root:Loss: 8.4315 +/- 0.0744
INFO:root:Epoch no. 408 of 500 (samples: 755328)
INFO:root:Loss: 8.4471 +/- 0.0689
INFO:root:Epoch no. 409 of 500 (samples: 755328)
INFO:root:Loss: 8.4362 +/- 0.0943
INFO:root:Epoch no. 410 of 500 (samples: 755328)
INFO:root:Loss: 8.4206 +/- 0.0734
INFO:root:Epoch no. 411 of 500 (samples: 755328)
INFO:root:Loss: 8.4465 +/- 0.0814
INFO:root:Epoch no. 412 of 500 (samples: 755328)
INFO:root:Loss: 8.4341 +/- 0.0652
INFO:root:Epoch no. 413 of 500 (samples: 755328)
INFO:root:Loss: 8.4278 +/- 0.0682
INFO:root:Epoch no. 414 of 500 (samples: 755328)
INFO:root:Loss: 8.4341 +/- 0.0568
INFO:root:Epoch no. 415 of 500 (samples: 755328)
INFO:root:Loss: 8.4302 +/- 0.0667
INFO:root:Epoch no. 416 of 500 (samples: 755328)
INFO:root:Loss: 8.4353 +/- 0.0876
INFO:root:Epoch no. 417 of 500 (samples: 755328)
INFO:root:Loss: 8.4272 +/- 0.077
INFO:root:Epoch no. 418 of 500 (samples: 755328)
INFO:root:Loss: 8.4334 +/- 0.0812
INFO:root:Epoch no. 419 of 500 (samples: 755328)
INFO:root:Loss: 8.4315 +/- 0.0872
INFO:root:Epoch no. 420 of 500 (samples: 755328)
INFO:root:Loss: 8.4268 +/- 0.0862
INFO:root:Epoch no. 421 of 500 (samples: 755328)
INFO:root:Loss: 8.4287 +/- 0.0748
INFO:root:Epoch no. 422 of 500 (samples: 755328)
INFO:root:Loss: 8.4406 +/- 0.0792
INFO:root:Epoch no. 423 of 500 (samples: 755328)
INFO:root:Loss: 8.4238 +/- 0.0937
INFO:root:Epoch no. 424 of 500 (samples: 755328)
INFO:root:Loss: 8.429 +/- 0.0737
INFO:root:Epoch no. 425 of 500 (samples: 755328)
INFO:root:Loss: 8.4235 +/- 0.0794
INFO:root:Epoch no. 426 of 500 (samples: 755328)
INFO:root:Loss: 8.447 +/- 0.0799
INFO:root:Epoch no. 427 of 500 (samples: 755328)
INFO:root:Loss: 8.4219 +/- 0.0763
INFO:root:Epoch no. 428 of 500 (samples: 755328)
INFO:root:Loss: 8.3965 +/- 0.094
INFO:root:Epoch no. 429 of 500 (samples: 755328)
INFO:root:Loss: 8.4305 +/- 0.0867
INFO:root:Epoch no. 430 of 500 (samples: 755328)
INFO:root:Loss: 8.4326 +/- 0.076
INFO:root:Epoch no. 431 of 500 (samples: 755328)
INFO:root:Loss: 8.4205 +/- 0.0884
INFO:root:Epoch no. 432 of 500 (samples: 755328)
INFO:root:Loss: 8.4261 +/- 0.0453
INFO:root:Epoch no. 433 of 500 (samples: 755328)
INFO:root:Loss: 8.4115 +/- 0.0675
INFO:root:Epoch no. 434 of 500 (samples: 755328)
INFO:root:Loss: 8.4145 +/- 0.0774
INFO:root:Epoch no. 435 of 500 (samples: 755328)
INFO:root:Loss: 8.4299 +/- 0.0798
INFO:root:Epoch no. 436 of 500 (samples: 755328)
INFO:root:Loss: 8.4298 +/- 0.0648
INFO:root:Epoch no. 437 of 500 (samples: 755328)
INFO:root:Loss: 8.4373 +/- 0.078
INFO:root:Epoch no. 438 of 500 (samples: 755328)
INFO:root:Loss: 8.4348 +/- 0.0737
INFO:root:Epoch no. 439 of 500 (samples: 755328)
INFO:root:Loss: 8.4244 +/- 0.0659
INFO:root:Epoch no. 440 of 500 (samples: 755328)
INFO:root:Loss: 8.4227 +/- 0.0768
INFO:root:Epoch no. 441 of 500 (samples: 755328)
INFO:root:Loss: 8.4152 +/- 0.0618
INFO:root:Epoch no. 442 of 500 (samples: 755328)
INFO:root:Loss: 8.4295 +/- 0.0558
INFO:root:Epoch no. 443 of 500 (samples: 755328)
INFO:root:Loss: 8.4327 +/- 0.0604
INFO:root:Epoch no. 444 of 500 (samples: 755328)
INFO:root:Loss: 8.3942 +/- 0.0731
INFO:root:Epoch no. 445 of 500 (samples: 755328)
INFO:root:Loss: 8.4196 +/- 0.0826
INFO:root:Epoch no. 446 of 500 (samples: 755328)
INFO:root:Loss: 8.4188 +/- 0.0832
INFO:root:Epoch no. 447 of 500 (samples: 755328)
INFO:root:Loss: 8.4222 +/- 0.0687
INFO:root:Epoch no. 448 of 500 (samples: 755328)
INFO:root:Loss: 8.4082 +/- 0.0582
INFO:root:Epoch no. 449 of 500 (samples: 755328)
INFO:root:Loss: 8.4261 +/- 0.0778
INFO:root:Epoch no. 450 of 500 (samples: 755328)
INFO:root:Loss: 8.4165 +/- 0.0887
INFO:root:Epoch no. 451 of 500 (samples: 755328)
INFO:root:Loss: 8.4228 +/- 0.0896
INFO:root:Epoch no. 452 of 500 (samples: 755328)
INFO:root:Loss: 8.4205 +/- 0.0891
INFO:root:Epoch no. 453 of 500 (samples: 755328)
INFO:root:Loss: 8.4156 +/- 0.0751
INFO:root:Epoch no. 454 of 500 (samples: 755328)
INFO:root:Loss: 8.4173 +/- 0.0709
INFO:root:Epoch no. 455 of 500 (samples: 755328)
INFO:root:Loss: 8.4303 +/- 0.0812
INFO:root:Epoch no. 456 of 500 (samples: 755328)
INFO:root:Loss: 8.4208 +/- 0.0946
INFO:root:Epoch no. 457 of 500 (samples: 755328)
INFO:root:Loss: 8.409 +/- 0.0907
INFO:root:Epoch no. 458 of 500 (samples: 755328)
INFO:root:Loss: 8.4326 +/- 0.0855
INFO:root:Epoch no. 459 of 500 (samples: 755328)
INFO:root:Loss: 8.4068 +/- 0.0515
INFO:root:Epoch no. 460 of 500 (samples: 755328)
INFO:root:Loss: 8.4276 +/- 0.0438
INFO:root:Epoch no. 461 of 500 (samples: 755328)
INFO:root:Loss: 8.4056 +/- 0.1007
INFO:root:Epoch no. 462 of 500 (samples: 755328)
INFO:root:Loss: 8.4106 +/- 0.0552
INFO:root:Epoch no. 463 of 500 (samples: 755328)
INFO:root:Loss: 8.4149 +/- 0.0838
INFO:root:Epoch no. 464 of 500 (samples: 755328)
INFO:root:Loss: 8.4305 +/- 0.0549
INFO:root:Epoch no. 465 of 500 (samples: 755328)
INFO:root:Loss: 8.4219 +/- 0.0853
INFO:root:Epoch no. 466 of 500 (samples: 755328)
INFO:root:Loss: 8.4161 +/- 0.0625
INFO:root:Epoch no. 467 of 500 (samples: 755328)
INFO:root:Loss: 8.4183 +/- 0.0731
INFO:root:Epoch no. 468 of 500 (samples: 755328)
INFO:root:Loss: 8.4081 +/- 0.0811
INFO:root:Epoch no. 469 of 500 (samples: 755328)
INFO:root:Loss: 8.4198 +/- 0.0744
INFO:root:Epoch no. 470 of 500 (samples: 755328)
INFO:root:Loss: 8.4248 +/- 0.0778
INFO:root:Epoch no. 471 of 500 (samples: 755328)
INFO:root:Loss: 8.4026 +/- 0.0548
INFO:root:Epoch no. 472 of 500 (samples: 755328)
INFO:root:Loss: 8.4194 +/- 0.067
INFO:root:Epoch no. 473 of 500 (samples: 755328)
INFO:root:Loss: 8.4159 +/- 0.0782
INFO:root:Epoch no. 474 of 500 (samples: 755328)
INFO:root:Loss: 8.4153 +/- 0.0566
INFO:root:Epoch no. 475 of 500 (samples: 755328)
INFO:root:Loss: 8.4311 +/- 0.0781
INFO:root:Epoch no. 476 of 500 (samples: 755328)
INFO:root:Loss: 8.398 +/- 0.0863
INFO:root:Epoch no. 477 of 500 (samples: 755328)
INFO:root:Loss: 8.4217 +/- 0.0929
INFO:root:Epoch no. 478 of 500 (samples: 755328)
INFO:root:Loss: 8.4165 +/- 0.1073
INFO:root:Epoch no. 479 of 500 (samples: 755328)
INFO:root:Loss: 8.4055 +/- 0.0778
INFO:root:Epoch no. 480 of 500 (samples: 755328)
INFO:root:Loss: 8.4429 +/- 0.0984
INFO:root:Epoch no. 481 of 500 (samples: 755328)
INFO:root:Loss: 8.4158 +/- 0.086
INFO:root:Epoch no. 482 of 500 (samples: 755328)
INFO:root:Loss: 8.4087 +/- 0.0938
INFO:root:Epoch no. 483 of 500 (samples: 755328)
INFO:root:Loss: 8.4178 +/- 0.069
INFO:root:Epoch no. 484 of 500 (samples: 755328)
INFO:root:Loss: 8.4381 +/- 0.0787
INFO:root:Epoch no. 485 of 500 (samples: 755328)
INFO:root:Loss: 8.4175 +/- 0.0598
INFO:root:Epoch no. 486 of 500 (samples: 755328)
INFO:root:Loss: 8.4071 +/- 0.0614
INFO:root:Epoch no. 487 of 500 (samples: 755328)
INFO:root:Loss: 8.4123 +/- 0.053
INFO:root:Epoch no. 488 of 500 (samples: 755328)
INFO:root:Loss: 8.4256 +/- 0.0698
INFO:root:Epoch no. 489 of 500 (samples: 755328)
INFO:root:Loss: 8.4123 +/- 0.0857
INFO:root:Epoch no. 490 of 500 (samples: 755328)
INFO:root:Loss: 8.416 +/- 0.0806
INFO:root:Epoch no. 491 of 500 (samples: 755328)
INFO:root:Loss: 8.427 +/- 0.0666
INFO:root:Epoch no. 492 of 500 (samples: 755328)
INFO:root:Loss: 8.4088 +/- 0.0845
INFO:root:Epoch no. 493 of 500 (samples: 755328)
INFO:root:Loss: 8.4176 +/- 0.0727
INFO:root:Epoch no. 494 of 500 (samples: 755328)
INFO:root:Loss: 8.398 +/- 0.0671
INFO:root:Epoch no. 495 of 500 (samples: 755328)
INFO:root:Loss: 8.402 +/- 0.0732
INFO:root:Epoch no. 496 of 500 (samples: 755328)
INFO:root:Loss: 8.434 +/- 0.0837
INFO:root:Epoch no. 497 of 500 (samples: 755328)
INFO:root:Loss: 8.3974 +/- 0.0904
INFO:root:Epoch no. 498 of 500 (samples: 755328)
INFO:root:Loss: 8.4062 +/- 0.0837
INFO:root:Epoch no. 499 of 500 (samples: 755328)
INFO:root:Loss: 8.3912 +/- 0.0766
INFO:root:Epoch no. 500 of 500 (samples: 755328)
INFO:root:Loss: 8.399 +/- 0.0721
/usr/local/lib/python3.5/dist-packages/keras/backend/theano_backend.py:527: UserWarning: theano.function was asked to create a function computing outputs given certain inputs, but the provided input variable at index 2 is not part of the computational graph needed to compute the outputs: keras_learning_phase.
To make this warning into an error, you can pass the parameter on_unused_input='raise' to theano.function. To disable it completely, use on_unused_input='ignore'.
  **kwargs)
INFO:root:### MICRO (validation raw):
INFO:root:	-- left   >> mean: 5387.1468, median: 781.0, mrr: 0.019, hits@1: 0.46%
INFO:root:	-- right  >> mean: 691.8374, median: 58.0, mrr: 0.128, hits@1: 7.72%
INFO:root:	-- global >> mean: 3039.4921, median: 192.5, mrr: 0.074, hits@1: 4.09%
INFO:root:### MICRO (validation raw):
INFO:root:	-- left   >> mean: 5387.1468, median: 781.0, mrr: 0.019, hits@3: 1.44%
INFO:root:	-- right  >> mean: 691.8374, median: 58.0, mrr: 0.128, hits@3: 12.7%
INFO:root:	-- global >> mean: 3039.4921, median: 192.5, mrr: 0.074, hits@3: 7.07%
INFO:root:### MICRO (validation raw):
INFO:root:	-- left   >> mean: 5387.1468, median: 781.0, mrr: 0.019, hits@5: 2.12%
INFO:root:	-- right  >> mean: 691.8374, median: 58.0, mrr: 0.128, hits@5: 15.92%
INFO:root:	-- global >> mean: 3039.4921, median: 192.5, mrr: 0.074, hits@5: 9.02%
INFO:root:### MICRO (validation raw):
INFO:root:	-- left   >> mean: 5387.1468, median: 781.0, mrr: 0.019, hits@10: 3.92%
INFO:root:	-- right  >> mean: 691.8374, median: 58.0, mrr: 0.128, hits@10: 21.48%
INFO:root:	-- global >> mean: 3039.4921, median: 192.5, mrr: 0.074, hits@10: 12.7%
INFO:root:### MICRO (validation filtered):
INFO:root:	-- left   >> mean: 3371.2088, median: 706.0, mrr: 0.025, hits@1: 0.86%
INFO:root:	-- right  >> mean: 688.6772, median: 55.0, mrr: 0.137, hits@1: 8.3%
INFO:root:	-- global >> mean: 2029.943, median: 178.0, mrr: 0.081, hits@1: 4.58%
INFO:root:### MICRO (validation filtered):
INFO:root:	-- left   >> mean: 3371.2088, median: 706.0, mrr: 0.025, hits@3: 2.08%
INFO:root:	-- right  >> mean: 688.6772, median: 55.0, mrr: 0.137, hits@3: 13.7%
INFO:root:	-- global >> mean: 2029.943, median: 178.0, mrr: 0.081, hits@3: 7.89%
INFO:root:### MICRO (validation filtered):
INFO:root:	-- left   >> mean: 3371.2088, median: 706.0, mrr: 0.025, hits@5: 3.14%
INFO:root:	-- right  >> mean: 688.6772, median: 55.0, mrr: 0.137, hits@5: 17.1%
INFO:root:	-- global >> mean: 2029.943, median: 178.0, mrr: 0.081, hits@5: 10.12%
INFO:root:### MICRO (validation filtered):
INFO:root:	-- left   >> mean: 3371.2088, median: 706.0, mrr: 0.025, hits@10: 5.26%
INFO:root:	-- right  >> mean: 688.6772, median: 55.0, mrr: 0.137, hits@10: 23.14%
INFO:root:	-- global >> mean: 2029.943, median: 178.0, mrr: 0.081, hits@10: 14.2%
INFO:root:### MICRO (test raw):
INFO:root:	-- left   >> mean: 5444.181, median: 670.0, mrr: 0.022, hits@1: 0.66%
INFO:root:	-- right  >> mean: 768.528, median: 57.0, mrr: 0.125, hits@1: 7.74%
INFO:root:	-- global >> mean: 3106.3545, median: 187.0, mrr: 0.074, hits@1: 4.2%
INFO:root:### MICRO (test raw):
INFO:root:	-- left   >> mean: 5444.181, median: 670.0, mrr: 0.022, hits@3: 1.74%
INFO:root:	-- right  >> mean: 768.528, median: 57.0, mrr: 0.125, hits@3: 12.0%
INFO:root:	-- global >> mean: 3106.3545, median: 187.0, mrr: 0.074, hits@3: 6.87%
INFO:root:### MICRO (test raw):
INFO:root:	-- left   >> mean: 5444.181, median: 670.0, mrr: 0.022, hits@5: 2.76%
INFO:root:	-- right  >> mean: 768.528, median: 57.0, mrr: 0.125, hits@5: 15.0%
INFO:root:	-- global >> mean: 3106.3545, median: 187.0, mrr: 0.074, hits@5: 8.88%
INFO:root:### MICRO (test raw):
INFO:root:	-- left   >> mean: 5444.181, median: 670.0, mrr: 0.022, hits@10: 4.76%
INFO:root:	-- right  >> mean: 768.528, median: 57.0, mrr: 0.125, hits@10: 21.34%
INFO:root:	-- global >> mean: 3106.3545, median: 187.0, mrr: 0.074, hits@10: 13.05%
INFO:root:### MICRO (test filtered):
INFO:root:	-- left   >> mean: 3510.7512, median: 596.5, mrr: 0.028, hits@1: 0.94%
INFO:root:	-- right  >> mean: 765.3268, median: 53.5, mrr: 0.134, hits@1: 8.3%
INFO:root:	-- global >> mean: 2138.039, median: 171.0, mrr: 0.081, hits@1: 4.62%
INFO:root:### MICRO (test filtered):
INFO:root:	-- left   >> mean: 3510.7512, median: 596.5, mrr: 0.028, hits@3: 2.46%
INFO:root:	-- right  >> mean: 765.3268, median: 53.5, mrr: 0.134, hits@3: 12.98%
INFO:root:	-- global >> mean: 2138.039, median: 171.0, mrr: 0.081, hits@3: 7.72%
INFO:root:### MICRO (test filtered):
INFO:root:	-- left   >> mean: 3510.7512, median: 596.5, mrr: 0.028, hits@5: 3.86%
INFO:root:	-- right  >> mean: 765.3268, median: 53.5, mrr: 0.134, hits@5: 16.24%
INFO:root:	-- global >> mean: 2138.039, median: 171.0, mrr: 0.081, hits@5: 10.05%
INFO:root:### MICRO (test filtered):
INFO:root:	-- left   >> mean: 3510.7512, median: 596.5, mrr: 0.028, hits@10: 5.98%
INFO:root:	-- right  >> mean: 765.3268, median: 53.5, mrr: 0.134, hits@10: 22.62%
INFO:root:	-- global >> mean: 2138.039, median: 171.0, mrr: 0.081, hits@10: 14.3%
