Using Theano backend.
Using gpu device 0: GeForce GTX TITAN X (CNMeM is disabled, cuDNN not available)
INFO:root:Acquiring data/yago3_mte10_5k/yago3_mte10-train.tsv.gz ..
INFO:root:Acquiring data/yago3_mte10_5k/yago3_mte10-valid.tsv.gz ..
INFO:root:Acquiring data/yago3_mte10_5k/yago3_mte10-test.tsv.gz ..
INFO:root:[Rules] Adding Head: 22, Tail: [(34, False)]
INFO:root:[Rules] Adding Head: 16, Tail: [(16, True)]
INFO:root:[Rules] Adding Head: 16, Tail: [(16, True), (16, True)]
INFO:root:[Rules] Adding Head: 16, Tail: [(16, False), (16, True)]
INFO:root:[Rules] Adding Head: 16, Tail: [(16, False), (16, False)]
INFO:root:[Rules] Adding Head: 16, Tail: [(16, True), (16, False)]
INFO:root:[Rules] Adding Head: 34, Tail: [(22, False)]
INFO:root:[Rules] Adding Head: 29, Tail: [(29, True)]
INFO:root:[Rules] Adding Head: 3, Tail: [(3, False), (3, False)]
INFO:root:Samples: 1079040, no. batches: 10 -> batch size: 107904
INFO:root:Epoch no. 1 of 500 (samples: 1079040)
INFO:root:Loss: 200.0212 +/- 115.5712
INFO:root:Epoch no. 2 of 500 (samples: 1079040)
INFO:root:Loss: 72.8341 +/- 2.1869
INFO:root:Epoch no. 3 of 500 (samples: 1079040)
INFO:root:Loss: 52.8666 +/- 0.7244
INFO:root:Epoch no. 4 of 500 (samples: 1079040)
INFO:root:Loss: 40.6648 +/- 0.7073
INFO:root:Epoch no. 5 of 500 (samples: 1079040)
INFO:root:Loss: 31.9672 +/- 0.4147
INFO:root:Epoch no. 6 of 500 (samples: 1079040)
INFO:root:Loss: 25.6939 +/- 0.192
INFO:root:Epoch no. 7 of 500 (samples: 1079040)
INFO:root:Loss: 21.4496 +/- 0.1389
INFO:root:Epoch no. 8 of 500 (samples: 1079040)
INFO:root:Loss: 18.5647 +/- 0.2162
INFO:root:Epoch no. 9 of 500 (samples: 1079040)
INFO:root:Loss: 16.5901 +/- 0.3019
INFO:root:Epoch no. 10 of 500 (samples: 1079040)
INFO:root:Loss: 15.1572 +/- 0.2779
INFO:root:Epoch no. 11 of 500 (samples: 1079040)
INFO:root:Loss: 14.0276 +/- 0.279
INFO:root:Epoch no. 12 of 500 (samples: 1079040)
INFO:root:Loss: 13.1067 +/- 0.2891
INFO:root:Epoch no. 13 of 500 (samples: 1079040)
INFO:root:Loss: 12.4598 +/- 0.2364
INFO:root:Epoch no. 14 of 500 (samples: 1079040)
INFO:root:Loss: 11.9031 +/- 0.26
INFO:root:Epoch no. 15 of 500 (samples: 1079040)
INFO:root:Loss: 11.4471 +/- 0.3909
INFO:root:Epoch no. 16 of 500 (samples: 1079040)
INFO:root:Loss: 11.1151 +/- 0.2995
INFO:root:Epoch no. 17 of 500 (samples: 1079040)
INFO:root:Loss: 10.7407 +/- 0.3072
INFO:root:Epoch no. 18 of 500 (samples: 1079040)
INFO:root:Loss: 10.497 +/- 0.2752
INFO:root:Epoch no. 19 of 500 (samples: 1079040)
INFO:root:Loss: 10.2041 +/- 0.256
INFO:root:Epoch no. 20 of 500 (samples: 1079040)
INFO:root:Loss: 10.0071 +/- 0.2356
INFO:root:Epoch no. 21 of 500 (samples: 1079040)
INFO:root:Loss: 9.7675 +/- 0.2582
INFO:root:Epoch no. 22 of 500 (samples: 1079040)
INFO:root:Loss: 9.5656 +/- 0.2074
INFO:root:Epoch no. 23 of 500 (samples: 1079040)
INFO:root:Loss: 9.4222 +/- 0.2015
INFO:root:Epoch no. 24 of 500 (samples: 1079040)
INFO:root:Loss: 9.2907 +/- 0.2864
INFO:root:Epoch no. 25 of 500 (samples: 1079040)
INFO:root:Loss: 9.0982 +/- 0.2114
INFO:root:Epoch no. 26 of 500 (samples: 1079040)
INFO:root:Loss: 8.9535 +/- 0.1415
INFO:root:Epoch no. 27 of 500 (samples: 1079040)
INFO:root:Loss: 8.8836 +/- 0.2582
INFO:root:Epoch no. 28 of 500 (samples: 1079040)
INFO:root:Loss: 8.7607 +/- 0.2206
INFO:root:Epoch no. 29 of 500 (samples: 1079040)
INFO:root:Loss: 8.6859 +/- 0.1816
INFO:root:Epoch no. 30 of 500 (samples: 1079040)
INFO:root:Loss: 8.584 +/- 0.2422
INFO:root:Epoch no. 31 of 500 (samples: 1079040)
INFO:root:Loss: 8.5256 +/- 0.2101
INFO:root:Epoch no. 32 of 500 (samples: 1079040)
INFO:root:Loss: 8.4168 +/- 0.2549
INFO:root:Epoch no. 33 of 500 (samples: 1079040)
INFO:root:Loss: 8.389 +/- 0.1835
INFO:root:Epoch no. 34 of 500 (samples: 1079040)
INFO:root:Loss: 8.2916 +/- 0.2189
INFO:root:Epoch no. 35 of 500 (samples: 1079040)
INFO:root:Loss: 8.2556 +/- 0.1889
INFO:root:Epoch no. 36 of 500 (samples: 1079040)
INFO:root:Loss: 8.1623 +/- 0.2556
INFO:root:Epoch no. 37 of 500 (samples: 1079040)
INFO:root:Loss: 8.109 +/- 0.2643
INFO:root:Epoch no. 38 of 500 (samples: 1079040)
INFO:root:Loss: 8.0381 +/- 0.1846
INFO:root:Epoch no. 39 of 500 (samples: 1079040)
INFO:root:Loss: 7.9482 +/- 0.1776
INFO:root:Epoch no. 40 of 500 (samples: 1079040)
INFO:root:Loss: 7.928 +/- 0.1382
INFO:root:Epoch no. 41 of 500 (samples: 1079040)
INFO:root:Loss: 7.9053 +/- 0.2468
INFO:root:Epoch no. 42 of 500 (samples: 1079040)
INFO:root:Loss: 7.862 +/- 0.1885
INFO:root:Epoch no. 43 of 500 (samples: 1079040)
INFO:root:Loss: 7.7695 +/- 0.2068
INFO:root:Epoch no. 44 of 500 (samples: 1079040)
INFO:root:Loss: 7.7747 +/- 0.1741
INFO:root:Epoch no. 45 of 500 (samples: 1079040)
INFO:root:Loss: 7.7399 +/- 0.1669
INFO:root:Epoch no. 46 of 500 (samples: 1079040)
INFO:root:Loss: 7.7102 +/- 0.1798
INFO:root:Epoch no. 47 of 500 (samples: 1079040)
INFO:root:Loss: 7.6343 +/- 0.1948
INFO:root:Epoch no. 48 of 500 (samples: 1079040)
INFO:root:Loss: 7.602 +/- 0.2228
INFO:root:Epoch no. 49 of 500 (samples: 1079040)
INFO:root:Loss: 7.5524 +/- 0.1447
INFO:root:Epoch no. 50 of 500 (samples: 1079040)
INFO:root:Loss: 7.5508 +/- 0.2181
INFO:root:Epoch no. 51 of 500 (samples: 1079040)
INFO:root:Loss: 7.4367 +/- 0.2204
INFO:root:Epoch no. 52 of 500 (samples: 1079040)
INFO:root:Loss: 7.4514 +/- 0.1801
INFO:root:Epoch no. 53 of 500 (samples: 1079040)
INFO:root:Loss: 7.4176 +/- 0.1178
INFO:root:Epoch no. 54 of 500 (samples: 1079040)
INFO:root:Loss: 7.361 +/- 0.1937
INFO:root:Epoch no. 55 of 500 (samples: 1079040)
INFO:root:Loss: 7.3713 +/- 0.1444
INFO:root:Epoch no. 56 of 500 (samples: 1079040)
INFO:root:Loss: 7.3801 +/- 0.1682
INFO:root:Epoch no. 57 of 500 (samples: 1079040)
INFO:root:Loss: 7.3115 +/- 0.1831
INFO:root:Epoch no. 58 of 500 (samples: 1079040)
INFO:root:Loss: 7.3312 +/- 0.2418
INFO:root:Epoch no. 59 of 500 (samples: 1079040)
INFO:root:Loss: 7.2796 +/- 0.1412
INFO:root:Epoch no. 60 of 500 (samples: 1079040)
INFO:root:Loss: 7.2458 +/- 0.1797
INFO:root:Epoch no. 61 of 500 (samples: 1079040)
INFO:root:Loss: 7.2305 +/- 0.1419
INFO:root:Epoch no. 62 of 500 (samples: 1079040)
INFO:root:Loss: 7.1619 +/- 0.2408
INFO:root:Epoch no. 63 of 500 (samples: 1079040)
INFO:root:Loss: 7.1807 +/- 0.2175
INFO:root:Epoch no. 64 of 500 (samples: 1079040)
INFO:root:Loss: 7.0932 +/- 0.2101
INFO:root:Epoch no. 65 of 500 (samples: 1079040)
INFO:root:Loss: 7.1186 +/- 0.237
INFO:root:Epoch no. 66 of 500 (samples: 1079040)
INFO:root:Loss: 7.0773 +/- 0.1727
INFO:root:Epoch no. 67 of 500 (samples: 1079040)
INFO:root:Loss: 7.1127 +/- 0.1562
INFO:root:Epoch no. 68 of 500 (samples: 1079040)
INFO:root:Loss: 7.0885 +/- 0.2024
INFO:root:Epoch no. 69 of 500 (samples: 1079040)
INFO:root:Loss: 7.0099 +/- 0.183
INFO:root:Epoch no. 70 of 500 (samples: 1079040)
INFO:root:Loss: 6.982 +/- 0.2057
INFO:root:Epoch no. 71 of 500 (samples: 1079040)
INFO:root:Loss: 6.9489 +/- 0.233
INFO:root:Epoch no. 72 of 500 (samples: 1079040)
INFO:root:Loss: 6.9808 +/- 0.1594
INFO:root:Epoch no. 73 of 500 (samples: 1079040)
INFO:root:Loss: 6.9083 +/- 0.2111
INFO:root:Epoch no. 74 of 500 (samples: 1079040)
INFO:root:Loss: 6.9873 +/- 0.1231
INFO:root:Epoch no. 75 of 500 (samples: 1079040)
INFO:root:Loss: 7.0033 +/- 0.1373
INFO:root:Epoch no. 76 of 500 (samples: 1079040)
INFO:root:Loss: 6.9496 +/- 0.1737
INFO:root:Epoch no. 77 of 500 (samples: 1079040)
INFO:root:Loss: 6.8962 +/- 0.1545
INFO:root:Epoch no. 78 of 500 (samples: 1079040)
INFO:root:Loss: 6.9132 +/- 0.1348
INFO:root:Epoch no. 79 of 500 (samples: 1079040)
INFO:root:Loss: 6.9035 +/- 0.2137
INFO:root:Epoch no. 80 of 500 (samples: 1079040)
INFO:root:Loss: 6.8946 +/- 0.161
INFO:root:Epoch no. 81 of 500 (samples: 1079040)
INFO:root:Loss: 6.8337 +/- 0.1551
INFO:root:Epoch no. 82 of 500 (samples: 1079040)
INFO:root:Loss: 6.8211 +/- 0.1636
INFO:root:Epoch no. 83 of 500 (samples: 1079040)
INFO:root:Loss: 6.8605 +/- 0.0761
INFO:root:Epoch no. 84 of 500 (samples: 1079040)
INFO:root:Loss: 6.8303 +/- 0.2785
INFO:root:Epoch no. 85 of 500 (samples: 1079040)
INFO:root:Loss: 6.8403 +/- 0.2173
INFO:root:Epoch no. 86 of 500 (samples: 1079040)
INFO:root:Loss: 6.8135 +/- 0.1787
INFO:root:Epoch no. 87 of 500 (samples: 1079040)
INFO:root:Loss: 6.8187 +/- 0.1399
INFO:root:Epoch no. 88 of 500 (samples: 1079040)
INFO:root:Loss: 6.7647 +/- 0.1069
INFO:root:Epoch no. 89 of 500 (samples: 1079040)
INFO:root:Loss: 6.7593 +/- 0.2015
INFO:root:Epoch no. 90 of 500 (samples: 1079040)
INFO:root:Loss: 6.7139 +/- 0.18
INFO:root:Epoch no. 91 of 500 (samples: 1079040)
INFO:root:Loss: 6.6924 +/- 0.1779
INFO:root:Epoch no. 92 of 500 (samples: 1079040)
INFO:root:Loss: 6.6643 +/- 0.1795
INFO:root:Epoch no. 93 of 500 (samples: 1079040)
INFO:root:Loss: 6.701 +/- 0.1075
INFO:root:Epoch no. 94 of 500 (samples: 1079040)
INFO:root:Loss: 6.658 +/- 0.1129
INFO:root:Epoch no. 95 of 500 (samples: 1079040)
INFO:root:Loss: 6.6605 +/- 0.1502
INFO:root:Epoch no. 96 of 500 (samples: 1079040)
INFO:root:Loss: 6.6721 +/- 0.1628
INFO:root:Epoch no. 97 of 500 (samples: 1079040)
INFO:root:Loss: 6.6473 +/- 0.1413
INFO:root:Epoch no. 98 of 500 (samples: 1079040)
INFO:root:Loss: 6.6294 +/- 0.1679
INFO:root:Epoch no. 99 of 500 (samples: 1079040)
INFO:root:Loss: 6.6402 +/- 0.1585
INFO:root:Epoch no. 100 of 500 (samples: 1079040)
INFO:root:Loss: 6.657 +/- 0.1422
INFO:root:Epoch no. 101 of 500 (samples: 1079040)
INFO:root:Loss: 6.6005 +/- 0.1123
INFO:root:Epoch no. 102 of 500 (samples: 1079040)
INFO:root:Loss: 6.6087 +/- 0.0741
INFO:root:Epoch no. 103 of 500 (samples: 1079040)
INFO:root:Loss: 6.5977 +/- 0.1681
INFO:root:Epoch no. 104 of 500 (samples: 1079040)
INFO:root:Loss: 6.6066 +/- 0.1848
INFO:root:Epoch no. 105 of 500 (samples: 1079040)
INFO:root:Loss: 6.6416 +/- 0.1679
INFO:root:Epoch no. 106 of 500 (samples: 1079040)
INFO:root:Loss: 6.5674 +/- 0.1684
INFO:root:Epoch no. 107 of 500 (samples: 1079040)
INFO:root:Loss: 6.6235 +/- 0.1702
INFO:root:Epoch no. 108 of 500 (samples: 1079040)
INFO:root:Loss: 6.5668 +/- 0.1632
INFO:root:Epoch no. 109 of 500 (samples: 1079040)
INFO:root:Loss: 6.6051 +/- 0.2343
INFO:root:Epoch no. 110 of 500 (samples: 1079040)
INFO:root:Loss: 6.5228 +/- 0.1445
INFO:root:Epoch no. 111 of 500 (samples: 1079040)
INFO:root:Loss: 6.566 +/- 0.1329
INFO:root:Epoch no. 112 of 500 (samples: 1079040)
INFO:root:Loss: 6.5398 +/- 0.187
INFO:root:Epoch no. 113 of 500 (samples: 1079040)
INFO:root:Loss: 6.5259 +/- 0.0823
INFO:root:Epoch no. 114 of 500 (samples: 1079040)
INFO:root:Loss: 6.4896 +/- 0.1318
INFO:root:Epoch no. 115 of 500 (samples: 1079040)
INFO:root:Loss: 6.5308 +/- 0.1588
INFO:root:Epoch no. 116 of 500 (samples: 1079040)
INFO:root:Loss: 6.4721 +/- 0.1815
INFO:root:Epoch no. 117 of 500 (samples: 1079040)
INFO:root:Loss: 6.474 +/- 0.155
INFO:root:Epoch no. 118 of 500 (samples: 1079040)
INFO:root:Loss: 6.5065 +/- 0.1105
INFO:root:Epoch no. 119 of 500 (samples: 1079040)
INFO:root:Loss: 6.511 +/- 0.0953
INFO:root:Epoch no. 120 of 500 (samples: 1079040)
INFO:root:Loss: 6.4929 +/- 0.0719
INFO:root:Epoch no. 121 of 500 (samples: 1079040)
INFO:root:Loss: 6.4676 +/- 0.1188
INFO:root:Epoch no. 122 of 500 (samples: 1079040)
INFO:root:Loss: 6.4271 +/- 0.1625
INFO:root:Epoch no. 123 of 500 (samples: 1079040)
INFO:root:Loss: 6.4617 +/- 0.1881
INFO:root:Epoch no. 124 of 500 (samples: 1079040)
INFO:root:Loss: 6.4302 +/- 0.1088
INFO:root:Epoch no. 125 of 500 (samples: 1079040)
INFO:root:Loss: 6.4757 +/- 0.09
INFO:root:Epoch no. 126 of 500 (samples: 1079040)
INFO:root:Loss: 6.4561 +/- 0.2075
INFO:root:Epoch no. 127 of 500 (samples: 1079040)
INFO:root:Loss: 6.4485 +/- 0.1388
INFO:root:Epoch no. 128 of 500 (samples: 1079040)
INFO:root:Loss: 6.43 +/- 0.1289
INFO:root:Epoch no. 129 of 500 (samples: 1079040)
INFO:root:Loss: 6.4547 +/- 0.1826
INFO:root:Epoch no. 130 of 500 (samples: 1079040)
INFO:root:Loss: 6.4129 +/- 0.1517
INFO:root:Epoch no. 131 of 500 (samples: 1079040)
INFO:root:Loss: 6.3762 +/- 0.1594
INFO:root:Epoch no. 132 of 500 (samples: 1079040)
INFO:root:Loss: 6.3761 +/- 0.1226
INFO:root:Epoch no. 133 of 500 (samples: 1079040)
INFO:root:Loss: 6.3967 +/- 0.0711
INFO:root:Epoch no. 134 of 500 (samples: 1079040)
INFO:root:Loss: 6.3539 +/- 0.1814
INFO:root:Epoch no. 135 of 500 (samples: 1079040)
INFO:root:Loss: 6.3969 +/- 0.1318
INFO:root:Epoch no. 136 of 500 (samples: 1079040)
INFO:root:Loss: 6.3999 +/- 0.1427
INFO:root:Epoch no. 137 of 500 (samples: 1079040)
INFO:root:Loss: 6.3455 +/- 0.1454
INFO:root:Epoch no. 138 of 500 (samples: 1079040)
INFO:root:Loss: 6.3439 +/- 0.1389
INFO:root:Epoch no. 139 of 500 (samples: 1079040)
INFO:root:Loss: 6.3958 +/- 0.2085
INFO:root:Epoch no. 140 of 500 (samples: 1079040)
INFO:root:Loss: 6.3342 +/- 0.1687
INFO:root:Epoch no. 141 of 500 (samples: 1079040)
INFO:root:Loss: 6.3392 +/- 0.151
INFO:root:Epoch no. 142 of 500 (samples: 1079040)
INFO:root:Loss: 6.3549 +/- 0.1291
INFO:root:Epoch no. 143 of 500 (samples: 1079040)
INFO:root:Loss: 6.3381 +/- 0.0871
INFO:root:Epoch no. 144 of 500 (samples: 1079040)
INFO:root:Loss: 6.3384 +/- 0.1214
INFO:root:Epoch no. 145 of 500 (samples: 1079040)
INFO:root:Loss: 6.367 +/- 0.1664
INFO:root:Epoch no. 146 of 500 (samples: 1079040)
INFO:root:Loss: 6.3041 +/- 0.1398
INFO:root:Epoch no. 147 of 500 (samples: 1079040)
INFO:root:Loss: 6.3295 +/- 0.1585
INFO:root:Epoch no. 148 of 500 (samples: 1079040)
INFO:root:Loss: 6.3398 +/- 0.1046
INFO:root:Epoch no. 149 of 500 (samples: 1079040)
INFO:root:Loss: 6.2488 +/- 0.1324
INFO:root:Epoch no. 150 of 500 (samples: 1079040)
INFO:root:Loss: 6.3084 +/- 0.1317
INFO:root:Epoch no. 151 of 500 (samples: 1079040)
INFO:root:Loss: 6.3038 +/- 0.0844
INFO:root:Epoch no. 152 of 500 (samples: 1079040)
INFO:root:Loss: 6.265 +/- 0.1385
INFO:root:Epoch no. 153 of 500 (samples: 1079040)
INFO:root:Loss: 6.2883 +/- 0.1396
INFO:root:Epoch no. 154 of 500 (samples: 1079040)
INFO:root:Loss: 6.2875 +/- 0.1221
INFO:root:Epoch no. 155 of 500 (samples: 1079040)
INFO:root:Loss: 6.3156 +/- 0.1028
INFO:root:Epoch no. 156 of 500 (samples: 1079040)
INFO:root:Loss: 6.27 +/- 0.1609
INFO:root:Epoch no. 157 of 500 (samples: 1079040)
INFO:root:Loss: 6.2713 +/- 0.149
INFO:root:Epoch no. 158 of 500 (samples: 1079040)
INFO:root:Loss: 6.2601 +/- 0.1551
INFO:root:Epoch no. 159 of 500 (samples: 1079040)
INFO:root:Loss: 6.2313 +/- 0.1111
INFO:root:Epoch no. 160 of 500 (samples: 1079040)
INFO:root:Loss: 6.2538 +/- 0.1422
INFO:root:Epoch no. 161 of 500 (samples: 1079040)
INFO:root:Loss: 6.2494 +/- 0.1629
INFO:root:Epoch no. 162 of 500 (samples: 1079040)
INFO:root:Loss: 6.2337 +/- 0.1472
INFO:root:Epoch no. 163 of 500 (samples: 1079040)
INFO:root:Loss: 6.2713 +/- 0.1333
INFO:root:Epoch no. 164 of 500 (samples: 1079040)
INFO:root:Loss: 6.2795 +/- 0.1338
INFO:root:Epoch no. 165 of 500 (samples: 1079040)
INFO:root:Loss: 6.31 +/- 0.1238
INFO:root:Epoch no. 166 of 500 (samples: 1079040)
INFO:root:Loss: 6.2071 +/- 0.1231
INFO:root:Epoch no. 167 of 500 (samples: 1079040)
INFO:root:Loss: 6.2276 +/- 0.1595
INFO:root:Epoch no. 168 of 500 (samples: 1079040)
INFO:root:Loss: 6.2203 +/- 0.1234
INFO:root:Epoch no. 169 of 500 (samples: 1079040)
INFO:root:Loss: 6.247 +/- 0.1203
INFO:root:Epoch no. 170 of 500 (samples: 1079040)
INFO:root:Loss: 6.2251 +/- 0.1452
INFO:root:Epoch no. 171 of 500 (samples: 1079040)
INFO:root:Loss: 6.2216 +/- 0.0878
INFO:root:Epoch no. 172 of 500 (samples: 1079040)
INFO:root:Loss: 6.2006 +/- 0.1454
INFO:root:Epoch no. 173 of 500 (samples: 1079040)
INFO:root:Loss: 6.223 +/- 0.1686
INFO:root:Epoch no. 174 of 500 (samples: 1079040)
INFO:root:Loss: 6.2096 +/- 0.1436
INFO:root:Epoch no. 175 of 500 (samples: 1079040)
INFO:root:Loss: 6.2024 +/- 0.1589
INFO:root:Epoch no. 176 of 500 (samples: 1079040)
INFO:root:Loss: 6.2186 +/- 0.1217
INFO:root:Epoch no. 177 of 500 (samples: 1079040)
INFO:root:Loss: 6.2596 +/- 0.1407
INFO:root:Epoch no. 178 of 500 (samples: 1079040)
INFO:root:Loss: 6.2161 +/- 0.1141
INFO:root:Epoch no. 179 of 500 (samples: 1079040)
INFO:root:Loss: 6.1926 +/- 0.1397
INFO:root:Epoch no. 180 of 500 (samples: 1079040)
INFO:root:Loss: 6.1868 +/- 0.143
INFO:root:Epoch no. 181 of 500 (samples: 1079040)
INFO:root:Loss: 6.1642 +/- 0.1542
INFO:root:Epoch no. 182 of 500 (samples: 1079040)
INFO:root:Loss: 6.2089 +/- 0.1271
INFO:root:Epoch no. 183 of 500 (samples: 1079040)
INFO:root:Loss: 6.2228 +/- 0.1044
INFO:root:Epoch no. 184 of 500 (samples: 1079040)
INFO:root:Loss: 6.194 +/- 0.1372
INFO:root:Epoch no. 185 of 500 (samples: 1079040)
INFO:root:Loss: 6.151 +/- 0.1642
INFO:root:Epoch no. 186 of 500 (samples: 1079040)
INFO:root:Loss: 6.1629 +/- 0.1125
INFO:root:Epoch no. 187 of 500 (samples: 1079040)
INFO:root:Loss: 6.163 +/- 0.1787
INFO:root:Epoch no. 188 of 500 (samples: 1079040)
INFO:root:Loss: 6.2149 +/- 0.1741
INFO:root:Epoch no. 189 of 500 (samples: 1079040)
INFO:root:Loss: 6.1518 +/- 0.0973
INFO:root:Epoch no. 190 of 500 (samples: 1079040)
INFO:root:Loss: 6.1387 +/- 0.1322
INFO:root:Epoch no. 191 of 500 (samples: 1079040)
INFO:root:Loss: 6.0942 +/- 0.1271
INFO:root:Epoch no. 192 of 500 (samples: 1079040)
INFO:root:Loss: 6.1375 +/- 0.1301
INFO:root:Epoch no. 193 of 500 (samples: 1079040)
INFO:root:Loss: 6.1694 +/- 0.0946
INFO:root:Epoch no. 194 of 500 (samples: 1079040)
INFO:root:Loss: 6.1582 +/- 0.1294
INFO:root:Epoch no. 195 of 500 (samples: 1079040)
INFO:root:Loss: 6.1799 +/- 0.0939
INFO:root:Epoch no. 196 of 500 (samples: 1079040)
INFO:root:Loss: 6.1061 +/- 0.13
INFO:root:Epoch no. 197 of 500 (samples: 1079040)
INFO:root:Loss: 6.0978 +/- 0.0556
INFO:root:Epoch no. 198 of 500 (samples: 1079040)
INFO:root:Loss: 6.127 +/- 0.1163
INFO:root:Epoch no. 199 of 500 (samples: 1079040)
INFO:root:Loss: 6.1378 +/- 0.1199
INFO:root:Epoch no. 200 of 500 (samples: 1079040)
INFO:root:Loss: 6.1567 +/- 0.1691
INFO:root:Epoch no. 201 of 500 (samples: 1079040)
INFO:root:Loss: 6.1111 +/- 0.0868
INFO:root:Epoch no. 202 of 500 (samples: 1079040)
INFO:root:Loss: 6.1341 +/- 0.1867
INFO:root:Epoch no. 203 of 500 (samples: 1079040)
INFO:root:Loss: 6.1726 +/- 0.1483
INFO:root:Epoch no. 204 of 500 (samples: 1079040)
INFO:root:Loss: 6.1645 +/- 0.0919
INFO:root:Epoch no. 205 of 500 (samples: 1079040)
INFO:root:Loss: 6.0675 +/- 0.1263
INFO:root:Epoch no. 206 of 500 (samples: 1079040)
INFO:root:Loss: 6.156 +/- 0.1394
INFO:root:Epoch no. 207 of 500 (samples: 1079040)
INFO:root:Loss: 6.1299 +/- 0.0895
INFO:root:Epoch no. 208 of 500 (samples: 1079040)
INFO:root:Loss: 6.128 +/- 0.1361
INFO:root:Epoch no. 209 of 500 (samples: 1079040)
INFO:root:Loss: 6.1214 +/- 0.1696
INFO:root:Epoch no. 210 of 500 (samples: 1079040)
INFO:root:Loss: 6.0944 +/- 0.1484
INFO:root:Epoch no. 211 of 500 (samples: 1079040)
INFO:root:Loss: 6.072 +/- 0.1752
INFO:root:Epoch no. 212 of 500 (samples: 1079040)
INFO:root:Loss: 6.11 +/- 0.1644
INFO:root:Epoch no. 213 of 500 (samples: 1079040)
INFO:root:Loss: 6.0932 +/- 0.1286
INFO:root:Epoch no. 214 of 500 (samples: 1079040)
INFO:root:Loss: 6.1347 +/- 0.0868
INFO:root:Epoch no. 215 of 500 (samples: 1079040)
INFO:root:Loss: 6.0998 +/- 0.0857
INFO:root:Epoch no. 216 of 500 (samples: 1079040)
INFO:root:Loss: 6.0505 +/- 0.1265
INFO:root:Epoch no. 217 of 500 (samples: 1079040)
INFO:root:Loss: 6.1067 +/- 0.1163
INFO:root:Epoch no. 218 of 500 (samples: 1079040)
INFO:root:Loss: 6.0724 +/- 0.1183
INFO:root:Epoch no. 219 of 500 (samples: 1079040)
INFO:root:Loss: 6.097 +/- 0.1452
INFO:root:Epoch no. 220 of 500 (samples: 1079040)
INFO:root:Loss: 6.0624 +/- 0.1381
INFO:root:Epoch no. 221 of 500 (samples: 1079040)
INFO:root:Loss: 6.0622 +/- 0.1187
INFO:root:Epoch no. 222 of 500 (samples: 1079040)
INFO:root:Loss: 6.0639 +/- 0.1053
INFO:root:Epoch no. 223 of 500 (samples: 1079040)
INFO:root:Loss: 6.0595 +/- 0.1113
INFO:root:Epoch no. 224 of 500 (samples: 1079040)
INFO:root:Loss: 6.0453 +/- 0.1423
INFO:root:Epoch no. 225 of 500 (samples: 1079040)
INFO:root:Loss: 6.0877 +/- 0.1178
INFO:root:Epoch no. 226 of 500 (samples: 1079040)
INFO:root:Loss: 6.0549 +/- 0.0928
INFO:root:Epoch no. 227 of 500 (samples: 1079040)
INFO:root:Loss: 6.0724 +/- 0.1514
INFO:root:Epoch no. 228 of 500 (samples: 1079040)
INFO:root:Loss: 6.0232 +/- 0.0664
INFO:root:Epoch no. 229 of 500 (samples: 1079040)
INFO:root:Loss: 6.0138 +/- 0.148
INFO:root:Epoch no. 230 of 500 (samples: 1079040)
INFO:root:Loss: 6.0646 +/- 0.0967
INFO:root:Epoch no. 231 of 500 (samples: 1079040)
INFO:root:Loss: 6.0262 +/- 0.1285
INFO:root:Epoch no. 232 of 500 (samples: 1079040)
INFO:root:Loss: 6.1004 +/- 0.1519
INFO:root:Epoch no. 233 of 500 (samples: 1079040)
INFO:root:Loss: 6.0759 +/- 0.1742
INFO:root:Epoch no. 234 of 500 (samples: 1079040)
INFO:root:Loss: 6.0147 +/- 0.1417
INFO:root:Epoch no. 235 of 500 (samples: 1079040)
INFO:root:Loss: 6.0536 +/- 0.1093
INFO:root:Epoch no. 236 of 500 (samples: 1079040)
INFO:root:Loss: 5.9913 +/- 0.0984
INFO:root:Epoch no. 237 of 500 (samples: 1079040)
INFO:root:Loss: 6.0602 +/- 0.1418
INFO:root:Epoch no. 238 of 500 (samples: 1079040)
INFO:root:Loss: 6.0101 +/- 0.0913
INFO:root:Epoch no. 239 of 500 (samples: 1079040)
INFO:root:Loss: 6.0532 +/- 0.111
INFO:root:Epoch no. 240 of 500 (samples: 1079040)
INFO:root:Loss: 6.0222 +/- 0.1225
INFO:root:Epoch no. 241 of 500 (samples: 1079040)
INFO:root:Loss: 5.9991 +/- 0.1013
INFO:root:Epoch no. 242 of 500 (samples: 1079040)
INFO:root:Loss: 6.0172 +/- 0.1519
INFO:root:Epoch no. 243 of 500 (samples: 1079040)
INFO:root:Loss: 6.058 +/- 0.1645
INFO:root:Epoch no. 244 of 500 (samples: 1079040)
INFO:root:Loss: 6.0144 +/- 0.1548
INFO:root:Epoch no. 245 of 500 (samples: 1079040)
INFO:root:Loss: 6.0417 +/- 0.1007
INFO:root:Epoch no. 246 of 500 (samples: 1079040)
INFO:root:Loss: 6.0035 +/- 0.1482
INFO:root:Epoch no. 247 of 500 (samples: 1079040)
INFO:root:Loss: 6.0547 +/- 0.0936
INFO:root:Epoch no. 248 of 500 (samples: 1079040)
INFO:root:Loss: 5.9909 +/- 0.0786
INFO:root:Epoch no. 249 of 500 (samples: 1079040)
INFO:root:Loss: 5.9661 +/- 0.1222
INFO:root:Epoch no. 250 of 500 (samples: 1079040)
INFO:root:Loss: 6.0102 +/- 0.1645
INFO:root:Epoch no. 251 of 500 (samples: 1079040)
INFO:root:Loss: 5.9879 +/- 0.1661
INFO:root:Epoch no. 252 of 500 (samples: 1079040)
INFO:root:Loss: 6.0148 +/- 0.1105
INFO:root:Epoch no. 253 of 500 (samples: 1079040)
INFO:root:Loss: 6.0094 +/- 0.1104
INFO:root:Epoch no. 254 of 500 (samples: 1079040)
INFO:root:Loss: 6.0046 +/- 0.2237
INFO:root:Epoch no. 255 of 500 (samples: 1079040)
INFO:root:Loss: 5.9384 +/- 0.1521
INFO:root:Epoch no. 256 of 500 (samples: 1079040)
INFO:root:Loss: 5.9696 +/- 0.1594
INFO:root:Epoch no. 257 of 500 (samples: 1079040)
INFO:root:Loss: 5.997 +/- 0.1281
INFO:root:Epoch no. 258 of 500 (samples: 1079040)
INFO:root:Loss: 6.0163 +/- 0.1018
INFO:root:Epoch no. 259 of 500 (samples: 1079040)
INFO:root:Loss: 6.0061 +/- 0.1779
INFO:root:Epoch no. 260 of 500 (samples: 1079040)
INFO:root:Loss: 5.9962 +/- 0.1023
INFO:root:Epoch no. 261 of 500 (samples: 1079040)
INFO:root:Loss: 6.0358 +/- 0.1834
INFO:root:Epoch no. 262 of 500 (samples: 1079040)
INFO:root:Loss: 5.9488 +/- 0.1703
INFO:root:Epoch no. 263 of 500 (samples: 1079040)
INFO:root:Loss: 5.9417 +/- 0.0873
INFO:root:Epoch no. 264 of 500 (samples: 1079040)
INFO:root:Loss: 5.9934 +/- 0.1047
INFO:root:Epoch no. 265 of 500 (samples: 1079040)
INFO:root:Loss: 5.9992 +/- 0.125
INFO:root:Epoch no. 266 of 500 (samples: 1079040)
INFO:root:Loss: 5.9983 +/- 0.1123
INFO:root:Epoch no. 267 of 500 (samples: 1079040)
INFO:root:Loss: 5.964 +/- 0.102
INFO:root:Epoch no. 268 of 500 (samples: 1079040)
INFO:root:Loss: 5.9627 +/- 0.0704
INFO:root:Epoch no. 269 of 500 (samples: 1079040)
INFO:root:Loss: 5.9695 +/- 0.1133
INFO:root:Epoch no. 270 of 500 (samples: 1079040)
INFO:root:Loss: 5.9656 +/- 0.1034
INFO:root:Epoch no. 271 of 500 (samples: 1079040)
INFO:root:Loss: 5.9462 +/- 0.0392
INFO:root:Epoch no. 272 of 500 (samples: 1079040)
INFO:root:Loss: 5.9785 +/- 0.1251
INFO:root:Epoch no. 273 of 500 (samples: 1079040)
INFO:root:Loss: 5.9941 +/- 0.1699
INFO:root:Epoch no. 274 of 500 (samples: 1079040)
INFO:root:Loss: 5.9011 +/- 0.1406
INFO:root:Epoch no. 275 of 500 (samples: 1079040)
INFO:root:Loss: 5.9279 +/- 0.0943
INFO:root:Epoch no. 276 of 500 (samples: 1079040)
INFO:root:Loss: 5.968 +/- 0.0578
INFO:root:Epoch no. 277 of 500 (samples: 1079040)
INFO:root:Loss: 5.969 +/- 0.1351
INFO:root:Epoch no. 278 of 500 (samples: 1079040)
INFO:root:Loss: 5.9447 +/- 0.1491
INFO:root:Epoch no. 279 of 500 (samples: 1079040)
INFO:root:Loss: 5.9411 +/- 0.1155
INFO:root:Epoch no. 280 of 500 (samples: 1079040)
INFO:root:Loss: 5.9342 +/- 0.1112
INFO:root:Epoch no. 281 of 500 (samples: 1079040)
INFO:root:Loss: 5.9548 +/- 0.1227
INFO:root:Epoch no. 282 of 500 (samples: 1079040)
INFO:root:Loss: 5.9524 +/- 0.0769
INFO:root:Epoch no. 283 of 500 (samples: 1079040)
INFO:root:Loss: 5.9246 +/- 0.1249
INFO:root:Epoch no. 284 of 500 (samples: 1079040)
INFO:root:Loss: 5.9051 +/- 0.1414
INFO:root:Epoch no. 285 of 500 (samples: 1079040)
INFO:root:Loss: 5.9098 +/- 0.114
INFO:root:Epoch no. 286 of 500 (samples: 1079040)
INFO:root:Loss: 5.9566 +/- 0.1145
INFO:root:Epoch no. 287 of 500 (samples: 1079040)
INFO:root:Loss: 5.9619 +/- 0.1201
INFO:root:Epoch no. 288 of 500 (samples: 1079040)
INFO:root:Loss: 5.9457 +/- 0.1114
INFO:root:Epoch no. 289 of 500 (samples: 1079040)
INFO:root:Loss: 5.9191 +/- 0.0896
INFO:root:Epoch no. 290 of 500 (samples: 1079040)
INFO:root:Loss: 5.9831 +/- 0.1386
INFO:root:Epoch no. 291 of 500 (samples: 1079040)
INFO:root:Loss: 5.9416 +/- 0.1471
INFO:root:Epoch no. 292 of 500 (samples: 1079040)
INFO:root:Loss: 5.8955 +/- 0.1449
INFO:root:Epoch no. 293 of 500 (samples: 1079040)
INFO:root:Loss: 5.919 +/- 0.126
INFO:root:Epoch no. 294 of 500 (samples: 1079040)
INFO:root:Loss: 5.9426 +/- 0.129
INFO:root:Epoch no. 295 of 500 (samples: 1079040)
INFO:root:Loss: 5.9104 +/- 0.0812
INFO:root:Epoch no. 296 of 500 (samples: 1079040)
INFO:root:Loss: 5.8843 +/- 0.0958
INFO:root:Epoch no. 297 of 500 (samples: 1079040)
INFO:root:Loss: 5.9868 +/- 0.1132
INFO:root:Epoch no. 298 of 500 (samples: 1079040)
INFO:root:Loss: 5.9281 +/- 0.1463
INFO:root:Epoch no. 299 of 500 (samples: 1079040)
INFO:root:Loss: 5.8887 +/- 0.1477
INFO:root:Epoch no. 300 of 500 (samples: 1079040)
INFO:root:Loss: 5.8915 +/- 0.0963
INFO:root:Epoch no. 301 of 500 (samples: 1079040)
INFO:root:Loss: 5.941 +/- 0.1174
INFO:root:Epoch no. 302 of 500 (samples: 1079040)
INFO:root:Loss: 5.9571 +/- 0.1353
INFO:root:Epoch no. 303 of 500 (samples: 1079040)
INFO:root:Loss: 5.9461 +/- 0.14
INFO:root:Epoch no. 304 of 500 (samples: 1079040)
INFO:root:Loss: 5.9066 +/- 0.1141
INFO:root:Epoch no. 305 of 500 (samples: 1079040)
INFO:root:Loss: 5.925 +/- 0.0805
INFO:root:Epoch no. 306 of 500 (samples: 1079040)
INFO:root:Loss: 5.9269 +/- 0.1274
INFO:root:Epoch no. 307 of 500 (samples: 1079040)
INFO:root:Loss: 5.8886 +/- 0.0994
INFO:root:Epoch no. 308 of 500 (samples: 1079040)
INFO:root:Loss: 5.9612 +/- 0.1228
INFO:root:Epoch no. 309 of 500 (samples: 1079040)
INFO:root:Loss: 5.8592 +/- 0.1026
INFO:root:Epoch no. 310 of 500 (samples: 1079040)
INFO:root:Loss: 5.9075 +/- 0.1458
INFO:root:Epoch no. 311 of 500 (samples: 1079040)
INFO:root:Loss: 5.94 +/- 0.1081
INFO:root:Epoch no. 312 of 500 (samples: 1079040)
INFO:root:Loss: 5.9165 +/- 0.1243
INFO:root:Epoch no. 313 of 500 (samples: 1079040)
INFO:root:Loss: 5.9097 +/- 0.104
INFO:root:Epoch no. 314 of 500 (samples: 1079040)
INFO:root:Loss: 5.9179 +/- 0.1649
INFO:root:Epoch no. 315 of 500 (samples: 1079040)
INFO:root:Loss: 5.8902 +/- 0.0851
INFO:root:Epoch no. 316 of 500 (samples: 1079040)
INFO:root:Loss: 5.9424 +/- 0.107
INFO:root:Epoch no. 317 of 500 (samples: 1079040)
INFO:root:Loss: 5.9044 +/- 0.1517
INFO:root:Epoch no. 318 of 500 (samples: 1079040)
INFO:root:Loss: 5.8603 +/- 0.1042
INFO:root:Epoch no. 319 of 500 (samples: 1079040)
INFO:root:Loss: 5.8864 +/- 0.0964
INFO:root:Epoch no. 320 of 500 (samples: 1079040)
INFO:root:Loss: 5.9113 +/- 0.1643
INFO:root:Epoch no. 321 of 500 (samples: 1079040)
INFO:root:Loss: 5.9249 +/- 0.1132
INFO:root:Epoch no. 322 of 500 (samples: 1079040)
INFO:root:Loss: 5.9337 +/- 0.1493
INFO:root:Epoch no. 323 of 500 (samples: 1079040)
INFO:root:Loss: 5.8735 +/- 0.0788
INFO:root:Epoch no. 324 of 500 (samples: 1079040)
INFO:root:Loss: 5.9043 +/- 0.1364
INFO:root:Epoch no. 325 of 500 (samples: 1079040)
INFO:root:Loss: 5.9232 +/- 0.1088
INFO:root:Epoch no. 326 of 500 (samples: 1079040)
INFO:root:Loss: 5.9161 +/- 0.1499
INFO:root:Epoch no. 327 of 500 (samples: 1079040)
INFO:root:Loss: 5.9092 +/- 0.1123
INFO:root:Epoch no. 328 of 500 (samples: 1079040)
INFO:root:Loss: 5.9033 +/- 0.1468
INFO:root:Epoch no. 329 of 500 (samples: 1079040)
INFO:root:Loss: 5.9096 +/- 0.0899
INFO:root:Epoch no. 330 of 500 (samples: 1079040)
INFO:root:Loss: 5.8865 +/- 0.1277
INFO:root:Epoch no. 331 of 500 (samples: 1079040)
INFO:root:Loss: 5.9036 +/- 0.1233
INFO:root:Epoch no. 332 of 500 (samples: 1079040)
INFO:root:Loss: 5.8703 +/- 0.1324
INFO:root:Epoch no. 333 of 500 (samples: 1079040)
INFO:root:Loss: 5.84 +/- 0.1523
INFO:root:Epoch no. 334 of 500 (samples: 1079040)
INFO:root:Loss: 5.9174 +/- 0.135
INFO:root:Epoch no. 335 of 500 (samples: 1079040)
INFO:root:Loss: 5.8943 +/- 0.1151
INFO:root:Epoch no. 336 of 500 (samples: 1079040)
INFO:root:Loss: 5.8944 +/- 0.1479
INFO:root:Epoch no. 337 of 500 (samples: 1079040)
INFO:root:Loss: 5.8849 +/- 0.1371
INFO:root:Epoch no. 338 of 500 (samples: 1079040)
INFO:root:Loss: 5.8231 +/- 0.108
INFO:root:Epoch no. 339 of 500 (samples: 1079040)
INFO:root:Loss: 5.8679 +/- 0.1042
INFO:root:Epoch no. 340 of 500 (samples: 1079040)
INFO:root:Loss: 5.8735 +/- 0.1013
INFO:root:Epoch no. 341 of 500 (samples: 1079040)
INFO:root:Loss: 5.8656 +/- 0.0978
INFO:root:Epoch no. 342 of 500 (samples: 1079040)
INFO:root:Loss: 5.8673 +/- 0.1029
INFO:root:Epoch no. 343 of 500 (samples: 1079040)
INFO:root:Loss: 5.8822 +/- 0.1027
INFO:root:Epoch no. 344 of 500 (samples: 1079040)
INFO:root:Loss: 5.829 +/- 0.0987
INFO:root:Epoch no. 345 of 500 (samples: 1079040)
INFO:root:Loss: 5.8876 +/- 0.0923
INFO:root:Epoch no. 346 of 500 (samples: 1079040)
INFO:root:Loss: 5.8737 +/- 0.158
INFO:root:Epoch no. 347 of 500 (samples: 1079040)
INFO:root:Loss: 5.888 +/- 0.0817
INFO:root:Epoch no. 348 of 500 (samples: 1079040)
INFO:root:Loss: 5.8451 +/- 0.1328
INFO:root:Epoch no. 349 of 500 (samples: 1079040)
INFO:root:Loss: 5.905 +/- 0.097
INFO:root:Epoch no. 350 of 500 (samples: 1079040)
INFO:root:Loss: 5.8901 +/- 0.1007
INFO:root:Epoch no. 351 of 500 (samples: 1079040)
INFO:root:Loss: 5.844 +/- 0.0938
INFO:root:Epoch no. 352 of 500 (samples: 1079040)
INFO:root:Loss: 5.8447 +/- 0.0966
INFO:root:Epoch no. 353 of 500 (samples: 1079040)
INFO:root:Loss: 5.8657 +/- 0.1653
INFO:root:Epoch no. 354 of 500 (samples: 1079040)
INFO:root:Loss: 5.842 +/- 0.1015
INFO:root:Epoch no. 355 of 500 (samples: 1079040)
INFO:root:Loss: 5.8862 +/- 0.1364
INFO:root:Epoch no. 356 of 500 (samples: 1079040)
INFO:root:Loss: 5.8805 +/- 0.0851
INFO:root:Epoch no. 357 of 500 (samples: 1079040)
INFO:root:Loss: 5.87 +/- 0.1229
INFO:root:Epoch no. 358 of 500 (samples: 1079040)
INFO:root:Loss: 5.8329 +/- 0.0793
INFO:root:Epoch no. 359 of 500 (samples: 1079040)
INFO:root:Loss: 5.892 +/- 0.0662
INFO:root:Epoch no. 360 of 500 (samples: 1079040)
INFO:root:Loss: 5.8923 +/- 0.1213
INFO:root:Epoch no. 361 of 500 (samples: 1079040)
INFO:root:Loss: 5.8419 +/- 0.1186
INFO:root:Epoch no. 362 of 500 (samples: 1079040)
INFO:root:Loss: 5.8814 +/- 0.0856
INFO:root:Epoch no. 363 of 500 (samples: 1079040)
INFO:root:Loss: 5.8343 +/- 0.1303
INFO:root:Epoch no. 364 of 500 (samples: 1079040)
INFO:root:Loss: 5.8328 +/- 0.1084
INFO:root:Epoch no. 365 of 500 (samples: 1079040)
INFO:root:Loss: 5.846 +/- 0.1355
INFO:root:Epoch no. 366 of 500 (samples: 1079040)
INFO:root:Loss: 5.842 +/- 0.0969
INFO:root:Epoch no. 367 of 500 (samples: 1079040)
INFO:root:Loss: 5.8897 +/- 0.1232
INFO:root:Epoch no. 368 of 500 (samples: 1079040)
INFO:root:Loss: 5.8473 +/- 0.1231
INFO:root:Epoch no. 369 of 500 (samples: 1079040)
INFO:root:Loss: 5.8955 +/- 0.0819
INFO:root:Epoch no. 370 of 500 (samples: 1079040)
INFO:root:Loss: 5.8146 +/- 0.1007
INFO:root:Epoch no. 371 of 500 (samples: 1079040)
INFO:root:Loss: 5.8245 +/- 0.1565
INFO:root:Epoch no. 372 of 500 (samples: 1079040)
INFO:root:Loss: 5.8579 +/- 0.0721
INFO:root:Epoch no. 373 of 500 (samples: 1079040)
INFO:root:Loss: 5.8381 +/- 0.0682
INFO:root:Epoch no. 374 of 500 (samples: 1079040)
INFO:root:Loss: 5.8178 +/- 0.0967
INFO:root:Epoch no. 375 of 500 (samples: 1079040)
INFO:root:Loss: 5.8092 +/- 0.1034
INFO:root:Epoch no. 376 of 500 (samples: 1079040)
INFO:root:Loss: 5.8655 +/- 0.1394
INFO:root:Epoch no. 377 of 500 (samples: 1079040)
INFO:root:Loss: 5.8414 +/- 0.1357
INFO:root:Epoch no. 378 of 500 (samples: 1079040)
INFO:root:Loss: 5.8716 +/- 0.1408
INFO:root:Epoch no. 379 of 500 (samples: 1079040)
INFO:root:Loss: 5.8222 +/- 0.1047
INFO:root:Epoch no. 380 of 500 (samples: 1079040)
INFO:root:Loss: 5.8607 +/- 0.1356
INFO:root:Epoch no. 381 of 500 (samples: 1079040)
INFO:root:Loss: 5.8192 +/- 0.0829
INFO:root:Epoch no. 382 of 500 (samples: 1079040)
INFO:root:Loss: 5.8078 +/- 0.1216
INFO:root:Epoch no. 383 of 500 (samples: 1079040)
INFO:root:Loss: 5.886 +/- 0.0917
INFO:root:Epoch no. 384 of 500 (samples: 1079040)
INFO:root:Loss: 5.8288 +/- 0.1406
INFO:root:Epoch no. 385 of 500 (samples: 1079040)
INFO:root:Loss: 5.8121 +/- 0.0711
INFO:root:Epoch no. 386 of 500 (samples: 1079040)
INFO:root:Loss: 5.8249 +/- 0.1708
INFO:root:Epoch no. 387 of 500 (samples: 1079040)
INFO:root:Loss: 5.8282 +/- 0.1316
INFO:root:Epoch no. 388 of 500 (samples: 1079040)
INFO:root:Loss: 5.8286 +/- 0.0935
INFO:root:Epoch no. 389 of 500 (samples: 1079040)
INFO:root:Loss: 5.847 +/- 0.1084
INFO:root:Epoch no. 390 of 500 (samples: 1079040)
INFO:root:Loss: 5.823 +/- 0.1204
INFO:root:Epoch no. 391 of 500 (samples: 1079040)
INFO:root:Loss: 5.8356 +/- 0.1053
INFO:root:Epoch no. 392 of 500 (samples: 1079040)
INFO:root:Loss: 5.8684 +/- 0.1692
INFO:root:Epoch no. 393 of 500 (samples: 1079040)
INFO:root:Loss: 5.8698 +/- 0.1386
INFO:root:Epoch no. 394 of 500 (samples: 1079040)
INFO:root:Loss: 5.8186 +/- 0.1343
INFO:root:Epoch no. 395 of 500 (samples: 1079040)
INFO:root:Loss: 5.8171 +/- 0.1304
INFO:root:Epoch no. 396 of 500 (samples: 1079040)
INFO:root:Loss: 5.8691 +/- 0.0949
INFO:root:Epoch no. 397 of 500 (samples: 1079040)
INFO:root:Loss: 5.8272 +/- 0.109
INFO:root:Epoch no. 398 of 500 (samples: 1079040)
INFO:root:Loss: 5.8049 +/- 0.1297
INFO:root:Epoch no. 399 of 500 (samples: 1079040)
INFO:root:Loss: 5.7749 +/- 0.0729
INFO:root:Epoch no. 400 of 500 (samples: 1079040)
INFO:root:Loss: 5.8314 +/- 0.107
INFO:root:Epoch no. 401 of 500 (samples: 1079040)
INFO:root:Loss: 5.8206 +/- 0.1208
INFO:root:Epoch no. 402 of 500 (samples: 1079040)
INFO:root:Loss: 5.7551 +/- 0.1547
INFO:root:Epoch no. 403 of 500 (samples: 1079040)
INFO:root:Loss: 5.7779 +/- 0.1336
INFO:root:Epoch no. 404 of 500 (samples: 1079040)
INFO:root:Loss: 5.8513 +/- 0.1346
INFO:root:Epoch no. 405 of 500 (samples: 1079040)
INFO:root:Loss: 5.8061 +/- 0.1323
INFO:root:Epoch no. 406 of 500 (samples: 1079040)
INFO:root:Loss: 5.8101 +/- 0.1241
INFO:root:Epoch no. 407 of 500 (samples: 1079040)
INFO:root:Loss: 5.793 +/- 0.0741
INFO:root:Epoch no. 408 of 500 (samples: 1079040)
INFO:root:Loss: 5.8192 +/- 0.1614
INFO:root:Epoch no. 409 of 500 (samples: 1079040)
INFO:root:Loss: 5.8315 +/- 0.1073
INFO:root:Epoch no. 410 of 500 (samples: 1079040)
INFO:root:Loss: 5.8086 +/- 0.1089
INFO:root:Epoch no. 411 of 500 (samples: 1079040)
INFO:root:Loss: 5.7967 +/- 0.1516
INFO:root:Epoch no. 412 of 500 (samples: 1079040)
INFO:root:Loss: 5.7985 +/- 0.117
INFO:root:Epoch no. 413 of 500 (samples: 1079040)
INFO:root:Loss: 5.809 +/- 0.1587
INFO:root:Epoch no. 414 of 500 (samples: 1079040)
INFO:root:Loss: 5.7903 +/- 0.1252
INFO:root:Epoch no. 415 of 500 (samples: 1079040)
INFO:root:Loss: 5.7919 +/- 0.1045
INFO:root:Epoch no. 416 of 500 (samples: 1079040)
INFO:root:Loss: 5.7974 +/- 0.16
INFO:root:Epoch no. 417 of 500 (samples: 1079040)
INFO:root:Loss: 5.7995 +/- 0.1467
INFO:root:Epoch no. 418 of 500 (samples: 1079040)
INFO:root:Loss: 5.7915 +/- 0.0976
INFO:root:Epoch no. 419 of 500 (samples: 1079040)
INFO:root:Loss: 5.7338 +/- 0.0958
INFO:root:Epoch no. 420 of 500 (samples: 1079040)
INFO:root:Loss: 5.8202 +/- 0.1061
INFO:root:Epoch no. 421 of 500 (samples: 1079040)
INFO:root:Loss: 5.798 +/- 0.1172
INFO:root:Epoch no. 422 of 500 (samples: 1079040)
INFO:root:Loss: 5.7638 +/- 0.1277
INFO:root:Epoch no. 423 of 500 (samples: 1079040)
INFO:root:Loss: 5.7873 +/- 0.1364
INFO:root:Epoch no. 424 of 500 (samples: 1079040)
INFO:root:Loss: 5.8059 +/- 0.1335
INFO:root:Epoch no. 425 of 500 (samples: 1079040)
INFO:root:Loss: 5.8483 +/- 0.0992
INFO:root:Epoch no. 426 of 500 (samples: 1079040)
INFO:root:Loss: 5.7864 +/- 0.0951
INFO:root:Epoch no. 427 of 500 (samples: 1079040)
INFO:root:Loss: 5.8008 +/- 0.1398
INFO:root:Epoch no. 428 of 500 (samples: 1079040)
INFO:root:Loss: 5.8205 +/- 0.0797
INFO:root:Epoch no. 429 of 500 (samples: 1079040)
INFO:root:Loss: 5.7811 +/- 0.15
INFO:root:Epoch no. 430 of 500 (samples: 1079040)
INFO:root:Loss: 5.8006 +/- 0.1358
INFO:root:Epoch no. 431 of 500 (samples: 1079040)
INFO:root:Loss: 5.7948 +/- 0.0815
INFO:root:Epoch no. 432 of 500 (samples: 1079040)
INFO:root:Loss: 5.7628 +/- 0.1258
INFO:root:Epoch no. 433 of 500 (samples: 1079040)
INFO:root:Loss: 5.7477 +/- 0.0995
INFO:root:Epoch no. 434 of 500 (samples: 1079040)
INFO:root:Loss: 5.7645 +/- 0.0824
INFO:root:Epoch no. 435 of 500 (samples: 1079040)
INFO:root:Loss: 5.7689 +/- 0.1132
INFO:root:Epoch no. 436 of 500 (samples: 1079040)
INFO:root:Loss: 5.773 +/- 0.1162
INFO:root:Epoch no. 437 of 500 (samples: 1079040)
INFO:root:Loss: 5.8035 +/- 0.1631
INFO:root:Epoch no. 438 of 500 (samples: 1079040)
INFO:root:Loss: 5.7776 +/- 0.1057
INFO:root:Epoch no. 439 of 500 (samples: 1079040)
INFO:root:Loss: 5.7475 +/- 0.1054
INFO:root:Epoch no. 440 of 500 (samples: 1079040)
INFO:root:Loss: 5.7934 +/- 0.1155
INFO:root:Epoch no. 441 of 500 (samples: 1079040)
INFO:root:Loss: 5.7521 +/- 0.1002
INFO:root:Epoch no. 442 of 500 (samples: 1079040)
INFO:root:Loss: 5.76 +/- 0.0672
INFO:root:Epoch no. 443 of 500 (samples: 1079040)
INFO:root:Loss: 5.8071 +/- 0.1106
INFO:root:Epoch no. 444 of 500 (samples: 1079040)
INFO:root:Loss: 5.7852 +/- 0.1358
INFO:root:Epoch no. 445 of 500 (samples: 1079040)
INFO:root:Loss: 5.768 +/- 0.091
INFO:root:Epoch no. 446 of 500 (samples: 1079040)
INFO:root:Loss: 5.7928 +/- 0.107
INFO:root:Epoch no. 447 of 500 (samples: 1079040)
INFO:root:Loss: 5.7586 +/- 0.1112
INFO:root:Epoch no. 448 of 500 (samples: 1079040)
INFO:root:Loss: 5.775 +/- 0.1103
INFO:root:Epoch no. 449 of 500 (samples: 1079040)
INFO:root:Loss: 5.7461 +/- 0.1132
INFO:root:Epoch no. 450 of 500 (samples: 1079040)
INFO:root:Loss: 5.765 +/- 0.096
INFO:root:Epoch no. 451 of 500 (samples: 1079040)
INFO:root:Loss: 5.7517 +/- 0.0799
INFO:root:Epoch no. 452 of 500 (samples: 1079040)
INFO:root:Loss: 5.822 +/- 0.083
INFO:root:Epoch no. 453 of 500 (samples: 1079040)
INFO:root:Loss: 5.7808 +/- 0.176
INFO:root:Epoch no. 454 of 500 (samples: 1079040)
INFO:root:Loss: 5.8107 +/- 0.0948
INFO:root:Epoch no. 455 of 500 (samples: 1079040)
INFO:root:Loss: 5.8051 +/- 0.1426
INFO:root:Epoch no. 456 of 500 (samples: 1079040)
INFO:root:Loss: 5.7871 +/- 0.1068
INFO:root:Epoch no. 457 of 500 (samples: 1079040)
INFO:root:Loss: 5.7535 +/- 0.1188
INFO:root:Epoch no. 458 of 500 (samples: 1079040)
INFO:root:Loss: 5.8129 +/- 0.1067
INFO:root:Epoch no. 459 of 500 (samples: 1079040)
INFO:root:Loss: 5.7653 +/- 0.1025
INFO:root:Epoch no. 460 of 500 (samples: 1079040)
INFO:root:Loss: 5.7734 +/- 0.1149
INFO:root:Epoch no. 461 of 500 (samples: 1079040)
INFO:root:Loss: 5.7638 +/- 0.1056
INFO:root:Epoch no. 462 of 500 (samples: 1079040)
INFO:root:Loss: 5.7784 +/- 0.1134
INFO:root:Epoch no. 463 of 500 (samples: 1079040)
INFO:root:Loss: 5.7656 +/- 0.0883
INFO:root:Epoch no. 464 of 500 (samples: 1079040)
INFO:root:Loss: 5.7716 +/- 0.1342
INFO:root:Epoch no. 465 of 500 (samples: 1079040)
INFO:root:Loss: 5.783 +/- 0.1343
INFO:root:Epoch no. 466 of 500 (samples: 1079040)
INFO:root:Loss: 5.7463 +/- 0.0682
INFO:root:Epoch no. 467 of 500 (samples: 1079040)
INFO:root:Loss: 5.8235 +/- 0.1595
INFO:root:Epoch no. 468 of 500 (samples: 1079040)
INFO:root:Loss: 5.7358 +/- 0.1148
INFO:root:Epoch no. 469 of 500 (samples: 1079040)
INFO:root:Loss: 5.8051 +/- 0.1112
INFO:root:Epoch no. 470 of 500 (samples: 1079040)
INFO:root:Loss: 5.7653 +/- 0.1307
INFO:root:Epoch no. 471 of 500 (samples: 1079040)
INFO:root:Loss: 5.7248 +/- 0.1006
INFO:root:Epoch no. 472 of 500 (samples: 1079040)
INFO:root:Loss: 5.7455 +/- 0.072
INFO:root:Epoch no. 473 of 500 (samples: 1079040)
INFO:root:Loss: 5.7556 +/- 0.1035
INFO:root:Epoch no. 474 of 500 (samples: 1079040)
INFO:root:Loss: 5.7238 +/- 0.1381
INFO:root:Epoch no. 475 of 500 (samples: 1079040)
INFO:root:Loss: 5.7434 +/- 0.1036
INFO:root:Epoch no. 476 of 500 (samples: 1079040)
INFO:root:Loss: 5.7632 +/- 0.1288
INFO:root:Epoch no. 477 of 500 (samples: 1079040)
INFO:root:Loss: 5.7777 +/- 0.0959
INFO:root:Epoch no. 478 of 500 (samples: 1079040)
INFO:root:Loss: 5.7586 +/- 0.1009
INFO:root:Epoch no. 479 of 500 (samples: 1079040)
INFO:root:Loss: 5.7081 +/- 0.1206
INFO:root:Epoch no. 480 of 500 (samples: 1079040)
INFO:root:Loss: 5.7035 +/- 0.1032
INFO:root:Epoch no. 481 of 500 (samples: 1079040)
INFO:root:Loss: 5.7139 +/- 0.0697
INFO:root:Epoch no. 482 of 500 (samples: 1079040)
INFO:root:Loss: 5.7293 +/- 0.142
INFO:root:Epoch no. 483 of 500 (samples: 1079040)
INFO:root:Loss: 5.7233 +/- 0.1755
INFO:root:Epoch no. 484 of 500 (samples: 1079040)
INFO:root:Loss: 5.7792 +/- 0.0924
INFO:root:Epoch no. 485 of 500 (samples: 1079040)
INFO:root:Loss: 5.747 +/- 0.1358
INFO:root:Epoch no. 486 of 500 (samples: 1079040)
INFO:root:Loss: 5.7167 +/- 0.1178
INFO:root:Epoch no. 487 of 500 (samples: 1079040)
INFO:root:Loss: 5.7496 +/- 0.094
INFO:root:Epoch no. 488 of 500 (samples: 1079040)
INFO:root:Loss: 5.7522 +/- 0.1407
INFO:root:Epoch no. 489 of 500 (samples: 1079040)
INFO:root:Loss: 5.7163 +/- 0.0955
INFO:root:Epoch no. 490 of 500 (samples: 1079040)
INFO:root:Loss: 5.6976 +/- 0.1482
INFO:root:Epoch no. 491 of 500 (samples: 1079040)
INFO:root:Loss: 5.704 +/- 0.1362
INFO:root:Epoch no. 492 of 500 (samples: 1079040)
INFO:root:Loss: 5.7794 +/- 0.0936
INFO:root:Epoch no. 493 of 500 (samples: 1079040)
INFO:root:Loss: 5.7532 +/- 0.1226
INFO:root:Epoch no. 494 of 500 (samples: 1079040)
INFO:root:Loss: 5.7702 +/- 0.1047
INFO:root:Epoch no. 495 of 500 (samples: 1079040)
INFO:root:Loss: 5.749 +/- 0.1401
INFO:root:Epoch no. 496 of 500 (samples: 1079040)
INFO:root:Loss: 5.7337 +/- 0.1718
INFO:root:Epoch no. 497 of 500 (samples: 1079040)
INFO:root:Loss: 5.733 +/- 0.132
INFO:root:Epoch no. 498 of 500 (samples: 1079040)
INFO:root:Loss: 5.77 +/- 0.0936
INFO:root:Epoch no. 499 of 500 (samples: 1079040)
INFO:root:Loss: 5.7698 +/- 0.1572
INFO:root:Epoch no. 500 of 500 (samples: 1079040)
INFO:root:Loss: 5.6859 +/- 0.0982
/usr/local/lib/python3.5/dist-packages/keras/backend/theano_backend.py:527: UserWarning: theano.function was asked to create a function computing outputs given certain inputs, but the provided input variable at index 2 is not part of the computational graph needed to compute the outputs: keras_learning_phase.
To make this warning into an error, you can pass the parameter on_unused_input='raise' to theano.function. To disable it completely, use on_unused_input='ignore'.
  **kwargs)
INFO:root:### MICRO (validation raw):
INFO:root:	-- left   >> mean: 6553.9632, median: 251.5, mrr: 0.029, hits@1: 0.6%
INFO:root:	-- right  >> mean: 877.532, median: 14.0, mrr: 0.171, hits@1: 7.08%
INFO:root:	-- global >> mean: 3715.7476, median: 63.0, mrr: 0.1, hits@1: 3.84%
INFO:root:### MICRO (validation raw):
INFO:root:	-- left   >> mean: 6553.9632, median: 251.5, mrr: 0.029, hits@3: 2.22%
INFO:root:	-- right  >> mean: 877.532, median: 14.0, mrr: 0.171, hits@3: 15.84%
INFO:root:	-- global >> mean: 3715.7476, median: 63.0, mrr: 0.1, hits@3: 9.03%
INFO:root:### MICRO (validation raw):
INFO:root:	-- left   >> mean: 6553.9632, median: 251.5, mrr: 0.029, hits@5: 3.62%
INFO:root:	-- right  >> mean: 877.532, median: 14.0, mrr: 0.171, hits@5: 25.82%
INFO:root:	-- global >> mean: 3715.7476, median: 63.0, mrr: 0.1, hits@5: 14.72%
INFO:root:### MICRO (validation raw):
INFO:root:	-- left   >> mean: 6553.9632, median: 251.5, mrr: 0.029, hits@10: 6.64%
INFO:root:	-- right  >> mean: 877.532, median: 14.0, mrr: 0.171, hits@10: 43.24%
INFO:root:	-- global >> mean: 3715.7476, median: 63.0, mrr: 0.1, hits@10: 24.94%
INFO:root:### MICRO (validation filtered):
INFO:root:	-- left   >> mean: 2847.7526, median: 104.0, mrr: 0.065, hits@1: 2.18%
INFO:root:	-- right  >> mean: 872.0882, median: 8.0, mrr: 0.292, hits@1: 16.76%
INFO:root:	-- global >> mean: 1859.9204, median: 32.0, mrr: 0.178, hits@1: 9.47%
INFO:root:### MICRO (validation filtered):
INFO:root:	-- left   >> mean: 2847.7526, median: 104.0, mrr: 0.065, hits@3: 6.18%
INFO:root:	-- right  >> mean: 872.0882, median: 8.0, mrr: 0.292, hits@3: 33.72%
INFO:root:	-- global >> mean: 1859.9204, median: 32.0, mrr: 0.178, hits@3: 19.95%
INFO:root:### MICRO (validation filtered):
INFO:root:	-- left   >> mean: 2847.7526, median: 104.0, mrr: 0.065, hits@5: 8.94%
INFO:root:	-- right  >> mean: 872.0882, median: 8.0, mrr: 0.292, hits@5: 43.28%
INFO:root:	-- global >> mean: 1859.9204, median: 32.0, mrr: 0.178, hits@5: 26.11%
INFO:root:### MICRO (validation filtered):
INFO:root:	-- left   >> mean: 2847.7526, median: 104.0, mrr: 0.065, hits@10: 14.18%
INFO:root:	-- right  >> mean: 872.0882, median: 8.0, mrr: 0.292, hits@10: 56.38%
INFO:root:	-- global >> mean: 1859.9204, median: 32.0, mrr: 0.178, hits@10: 35.28%
INFO:root:### MICRO (test raw):
INFO:root:	-- left   >> mean: 6520.9902, median: 245.0, mrr: 0.03, hits@1: 0.52%
INFO:root:	-- right  >> mean: 1044.4224, median: 15.0, mrr: 0.165, hits@1: 6.86%
INFO:root:	-- global >> mean: 3782.7063, median: 64.0, mrr: 0.098, hits@1: 3.69%
INFO:root:### MICRO (test raw):
INFO:root:	-- left   >> mean: 6520.9902, median: 245.0, mrr: 0.03, hits@3: 2.38%
INFO:root:	-- right  >> mean: 1044.4224, median: 15.0, mrr: 0.165, hits@3: 15.36%
INFO:root:	-- global >> mean: 3782.7063, median: 64.0, mrr: 0.098, hits@3: 8.87%
INFO:root:### MICRO (test raw):
INFO:root:	-- left   >> mean: 6520.9902, median: 245.0, mrr: 0.03, hits@5: 3.76%
INFO:root:	-- right  >> mean: 1044.4224, median: 15.0, mrr: 0.165, hits@5: 24.16%
INFO:root:	-- global >> mean: 3782.7063, median: 64.0, mrr: 0.098, hits@5: 13.96%
INFO:root:### MICRO (test raw):
INFO:root:	-- left   >> mean: 6520.9902, median: 245.0, mrr: 0.03, hits@10: 7.1%
INFO:root:	-- right  >> mean: 1044.4224, median: 15.0, mrr: 0.165, hits@10: 41.36%
INFO:root:	-- global >> mean: 3782.7063, median: 64.0, mrr: 0.098, hits@10: 24.23%
INFO:root:### MICRO (test filtered):
INFO:root:	-- left   >> mean: 2918.6206, median: 104.0, mrr: 0.067, hits@1: 2.3%
INFO:root:	-- right  >> mean: 1038.709, median: 9.0, mrr: 0.282, hits@1: 16.22%
INFO:root:	-- global >> mean: 1978.6648, median: 33.0, mrr: 0.175, hits@1: 9.26%
INFO:root:### MICRO (test filtered):
INFO:root:	-- left   >> mean: 2918.6206, median: 104.0, mrr: 0.067, hits@3: 6.26%
INFO:root:	-- right  >> mean: 1038.709, median: 9.0, mrr: 0.282, hits@3: 32.6%
INFO:root:	-- global >> mean: 1978.6648, median: 33.0, mrr: 0.175, hits@3: 19.43%
INFO:root:### MICRO (test filtered):
INFO:root:	-- left   >> mean: 2918.6206, median: 104.0, mrr: 0.067, hits@5: 9.58%
INFO:root:	-- right  >> mean: 1038.709, median: 9.0, mrr: 0.282, hits@5: 41.06%
INFO:root:	-- global >> mean: 1978.6648, median: 33.0, mrr: 0.175, hits@5: 25.32%
INFO:root:### MICRO (test filtered):
INFO:root:	-- left   >> mean: 2918.6206, median: 104.0, mrr: 0.067, hits@10: 15.34%
INFO:root:	-- right  >> mean: 1038.709, median: 9.0, mrr: 0.282, hits@10: 54.08%
INFO:root:	-- global >> mean: 1978.6648, median: 33.0, mrr: 0.175, hits@10: 34.71%
