Using Theano backend.
Using gpu device 0: GeForce GTX TITAN X (CNMeM is disabled, cuDNN not available)
INFO:root:Acquiring data/yago3_mte10_5k/yago3_mte10-train.tsv.gz ..
INFO:root:Acquiring data/yago3_mte10_5k/yago3_mte10-valid.tsv.gz ..
INFO:root:Acquiring data/yago3_mte10_5k/yago3_mte10-test.tsv.gz ..
INFO:root:[Rules] Adding Head: 22, Tail: [(34, False)]
INFO:root:[Rules] Adding Head: 16, Tail: [(16, True)]
INFO:root:[Rules] Adding Head: 16, Tail: [(16, True), (16, True)]
INFO:root:[Rules] Adding Head: 16, Tail: [(16, False), (16, True)]
INFO:root:[Rules] Adding Head: 16, Tail: [(16, False), (16, False)]
INFO:root:[Rules] Adding Head: 16, Tail: [(16, True), (16, False)]
INFO:root:[Rules] Adding Head: 34, Tail: [(22, False)]
INFO:root:[Rules] Adding Head: 29, Tail: [(29, True)]
INFO:root:[Rules] Adding Head: 3, Tail: [(3, False), (3, False)]
INFO:root:Samples: 539520, no. batches: 10 -> batch size: 53952
INFO:root:Epoch no. 1 of 500 (samples: 539520)
INFO:root:Loss: 241.1742 +/- 108.9611
INFO:root:Epoch no. 2 of 500 (samples: 539520)
INFO:root:Loss: 81.2637 +/- 2.4093
INFO:root:Epoch no. 3 of 500 (samples: 539520)
INFO:root:Loss: 55.0335 +/- 1.1053
INFO:root:Epoch no. 4 of 500 (samples: 539520)
INFO:root:Loss: 42.3295 +/- 1.1442
INFO:root:Epoch no. 5 of 500 (samples: 539520)
INFO:root:Loss: 34.0054 +/- 0.7549
INFO:root:Epoch no. 6 of 500 (samples: 539520)
INFO:root:Loss: 27.9037 +/- 0.6889
INFO:root:Epoch no. 7 of 500 (samples: 539520)
INFO:root:Loss: 23.3116 +/- 0.5553
INFO:root:Epoch no. 8 of 500 (samples: 539520)
INFO:root:Loss: 19.7778 +/- 0.5458
INFO:root:Epoch no. 9 of 500 (samples: 539520)
INFO:root:Loss: 17.1699 +/- 0.5758
INFO:root:Epoch no. 10 of 500 (samples: 539520)
INFO:root:Loss: 15.1421 +/- 0.3137
INFO:root:Epoch no. 11 of 500 (samples: 539520)
INFO:root:Loss: 13.4858 +/- 0.346
INFO:root:Epoch no. 12 of 500 (samples: 539520)
INFO:root:Loss: 12.2997 +/- 0.4134
INFO:root:Epoch no. 13 of 500 (samples: 539520)
INFO:root:Loss: 11.2824 +/- 0.3732
INFO:root:Epoch no. 14 of 500 (samples: 539520)
INFO:root:Loss: 10.4035 +/- 0.3379
INFO:root:Epoch no. 15 of 500 (samples: 539520)
INFO:root:Loss: 9.8437 +/- 0.4001
INFO:root:Epoch no. 16 of 500 (samples: 539520)
INFO:root:Loss: 9.2343 +/- 0.2202
INFO:root:Epoch no. 17 of 500 (samples: 539520)
INFO:root:Loss: 8.7562 +/- 0.2455
INFO:root:Epoch no. 18 of 500 (samples: 539520)
INFO:root:Loss: 8.368 +/- 0.2707
INFO:root:Epoch no. 19 of 500 (samples: 539520)
INFO:root:Loss: 8.0641 +/- 0.2067
INFO:root:Epoch no. 20 of 500 (samples: 539520)
INFO:root:Loss: 7.6427 +/- 0.2428
INFO:root:Epoch no. 21 of 500 (samples: 539520)
INFO:root:Loss: 7.3494 +/- 0.1841
INFO:root:Epoch no. 22 of 500 (samples: 539520)
INFO:root:Loss: 7.2373 +/- 0.2059
INFO:root:Epoch no. 23 of 500 (samples: 539520)
INFO:root:Loss: 6.9438 +/- 0.252
INFO:root:Epoch no. 24 of 500 (samples: 539520)
INFO:root:Loss: 6.8136 +/- 0.1824
INFO:root:Epoch no. 25 of 500 (samples: 539520)
INFO:root:Loss: 6.7029 +/- 0.2025
INFO:root:Epoch no. 26 of 500 (samples: 539520)
INFO:root:Loss: 6.4618 +/- 0.1639
INFO:root:Epoch no. 27 of 500 (samples: 539520)
INFO:root:Loss: 6.3195 +/- 0.2069
INFO:root:Epoch no. 28 of 500 (samples: 539520)
INFO:root:Loss: 6.1827 +/- 0.1566
INFO:root:Epoch no. 29 of 500 (samples: 539520)
INFO:root:Loss: 6.0897 +/- 0.28
INFO:root:Epoch no. 30 of 500 (samples: 539520)
INFO:root:Loss: 5.9552 +/- 0.2097
INFO:root:Epoch no. 31 of 500 (samples: 539520)
INFO:root:Loss: 5.8717 +/- 0.1656
INFO:root:Epoch no. 32 of 500 (samples: 539520)
INFO:root:Loss: 5.7776 +/- 0.1831
INFO:root:Epoch no. 33 of 500 (samples: 539520)
INFO:root:Loss: 5.6601 +/- 0.1657
INFO:root:Epoch no. 34 of 500 (samples: 539520)
INFO:root:Loss: 5.5773 +/- 0.1198
INFO:root:Epoch no. 35 of 500 (samples: 539520)
INFO:root:Loss: 5.5307 +/- 0.1656
INFO:root:Epoch no. 36 of 500 (samples: 539520)
INFO:root:Loss: 5.4158 +/- 0.1501
INFO:root:Epoch no. 37 of 500 (samples: 539520)
INFO:root:Loss: 5.3751 +/- 0.1822
INFO:root:Epoch no. 38 of 500 (samples: 539520)
INFO:root:Loss: 5.3124 +/- 0.1518
INFO:root:Epoch no. 39 of 500 (samples: 539520)
INFO:root:Loss: 5.2339 +/- 0.1472
INFO:root:Epoch no. 40 of 500 (samples: 539520)
INFO:root:Loss: 5.2116 +/- 0.1075
INFO:root:Epoch no. 41 of 500 (samples: 539520)
INFO:root:Loss: 5.0347 +/- 0.1392
INFO:root:Epoch no. 42 of 500 (samples: 539520)
INFO:root:Loss: 5.0549 +/- 0.2007
INFO:root:Epoch no. 43 of 500 (samples: 539520)
INFO:root:Loss: 5.0105 +/- 0.1775
INFO:root:Epoch no. 44 of 500 (samples: 539520)
INFO:root:Loss: 4.9713 +/- 0.1813
INFO:root:Epoch no. 45 of 500 (samples: 539520)
INFO:root:Loss: 4.8611 +/- 0.1558
INFO:root:Epoch no. 46 of 500 (samples: 539520)
INFO:root:Loss: 4.8781 +/- 0.0738
INFO:root:Epoch no. 47 of 500 (samples: 539520)
INFO:root:Loss: 4.7942 +/- 0.1259
INFO:root:Epoch no. 48 of 500 (samples: 539520)
INFO:root:Loss: 4.8041 +/- 0.1439
INFO:root:Epoch no. 49 of 500 (samples: 539520)
INFO:root:Loss: 4.7918 +/- 0.1941
INFO:root:Epoch no. 50 of 500 (samples: 539520)
INFO:root:Loss: 4.7058 +/- 0.1263
INFO:root:Epoch no. 51 of 500 (samples: 539520)
INFO:root:Loss: 4.7283 +/- 0.1761
INFO:root:Epoch no. 52 of 500 (samples: 539520)
INFO:root:Loss: 4.5779 +/- 0.1952
INFO:root:Epoch no. 53 of 500 (samples: 539520)
INFO:root:Loss: 4.6857 +/- 0.1445
INFO:root:Epoch no. 54 of 500 (samples: 539520)
INFO:root:Loss: 4.5716 +/- 0.0761
INFO:root:Epoch no. 55 of 500 (samples: 539520)
INFO:root:Loss: 4.5889 +/- 0.1141
INFO:root:Epoch no. 56 of 500 (samples: 539520)
INFO:root:Loss: 4.5361 +/- 0.1617
INFO:root:Epoch no. 57 of 500 (samples: 539520)
INFO:root:Loss: 4.4913 +/- 0.0982
INFO:root:Epoch no. 58 of 500 (samples: 539520)
INFO:root:Loss: 4.4715 +/- 0.1768
INFO:root:Epoch no. 59 of 500 (samples: 539520)
INFO:root:Loss: 4.4708 +/- 0.0858
INFO:root:Epoch no. 60 of 500 (samples: 539520)
INFO:root:Loss: 4.4104 +/- 0.073
INFO:root:Epoch no. 61 of 500 (samples: 539520)
INFO:root:Loss: 4.4109 +/- 0.1486
INFO:root:Epoch no. 62 of 500 (samples: 539520)
INFO:root:Loss: 4.4186 +/- 0.1041
INFO:root:Epoch no. 63 of 500 (samples: 539520)
INFO:root:Loss: 4.3191 +/- 0.1203
INFO:root:Epoch no. 64 of 500 (samples: 539520)
INFO:root:Loss: 4.2719 +/- 0.1639
INFO:root:Epoch no. 65 of 500 (samples: 539520)
INFO:root:Loss: 4.3088 +/- 0.1308
INFO:root:Epoch no. 66 of 500 (samples: 539520)
INFO:root:Loss: 4.2891 +/- 0.1288
INFO:root:Epoch no. 67 of 500 (samples: 539520)
INFO:root:Loss: 4.2746 +/- 0.1613
INFO:root:Epoch no. 68 of 500 (samples: 539520)
INFO:root:Loss: 4.2557 +/- 0.1072
INFO:root:Epoch no. 69 of 500 (samples: 539520)
INFO:root:Loss: 4.2479 +/- 0.1997
INFO:root:Epoch no. 70 of 500 (samples: 539520)
INFO:root:Loss: 4.2612 +/- 0.1497
INFO:root:Epoch no. 71 of 500 (samples: 539520)
INFO:root:Loss: 4.2097 +/- 0.112
INFO:root:Epoch no. 72 of 500 (samples: 539520)
INFO:root:Loss: 4.2175 +/- 0.096
INFO:root:Epoch no. 73 of 500 (samples: 539520)
INFO:root:Loss: 4.1212 +/- 0.1181
INFO:root:Epoch no. 74 of 500 (samples: 539520)
INFO:root:Loss: 4.1508 +/- 0.0613
INFO:root:Epoch no. 75 of 500 (samples: 539520)
INFO:root:Loss: 4.1229 +/- 0.0983
INFO:root:Epoch no. 76 of 500 (samples: 539520)
INFO:root:Loss: 4.1658 +/- 0.1129
INFO:root:Epoch no. 77 of 500 (samples: 539520)
INFO:root:Loss: 4.0897 +/- 0.074
INFO:root:Epoch no. 78 of 500 (samples: 539520)
INFO:root:Loss: 4.0373 +/- 0.1433
INFO:root:Epoch no. 79 of 500 (samples: 539520)
INFO:root:Loss: 4.0411 +/- 0.1191
INFO:root:Epoch no. 80 of 500 (samples: 539520)
INFO:root:Loss: 4.0677 +/- 0.1273
INFO:root:Epoch no. 81 of 500 (samples: 539520)
INFO:root:Loss: 4.056 +/- 0.1486
INFO:root:Epoch no. 82 of 500 (samples: 539520)
INFO:root:Loss: 4.0138 +/- 0.0932
INFO:root:Epoch no. 83 of 500 (samples: 539520)
INFO:root:Loss: 4.0345 +/- 0.1061
INFO:root:Epoch no. 84 of 500 (samples: 539520)
INFO:root:Loss: 3.9571 +/- 0.0867
INFO:root:Epoch no. 85 of 500 (samples: 539520)
INFO:root:Loss: 3.9313 +/- 0.0725
INFO:root:Epoch no. 86 of 500 (samples: 539520)
INFO:root:Loss: 3.9896 +/- 0.1473
INFO:root:Epoch no. 87 of 500 (samples: 539520)
INFO:root:Loss: 3.9724 +/- 0.1542
INFO:root:Epoch no. 88 of 500 (samples: 539520)
INFO:root:Loss: 3.9238 +/- 0.1067
INFO:root:Epoch no. 89 of 500 (samples: 539520)
INFO:root:Loss: 3.9166 +/- 0.0696
INFO:root:Epoch no. 90 of 500 (samples: 539520)
INFO:root:Loss: 3.9573 +/- 0.1351
INFO:root:Epoch no. 91 of 500 (samples: 539520)
INFO:root:Loss: 3.9318 +/- 0.1277
INFO:root:Epoch no. 92 of 500 (samples: 539520)
INFO:root:Loss: 3.9065 +/- 0.1377
INFO:root:Epoch no. 93 of 500 (samples: 539520)
INFO:root:Loss: 3.876 +/- 0.0972
INFO:root:Epoch no. 94 of 500 (samples: 539520)
INFO:root:Loss: 3.9137 +/- 0.1467
INFO:root:Epoch no. 95 of 500 (samples: 539520)
INFO:root:Loss: 3.7728 +/- 0.1245
INFO:root:Epoch no. 96 of 500 (samples: 539520)
INFO:root:Loss: 3.8426 +/- 0.1201
INFO:root:Epoch no. 97 of 500 (samples: 539520)
INFO:root:Loss: 3.8113 +/- 0.1098
INFO:root:Epoch no. 98 of 500 (samples: 539520)
INFO:root:Loss: 3.8305 +/- 0.1117
INFO:root:Epoch no. 99 of 500 (samples: 539520)
INFO:root:Loss: 3.8005 +/- 0.1191
INFO:root:Epoch no. 100 of 500 (samples: 539520)
INFO:root:Loss: 3.7793 +/- 0.1556
INFO:root:Epoch no. 101 of 500 (samples: 539520)
INFO:root:Loss: 3.7599 +/- 0.0938
INFO:root:Epoch no. 102 of 500 (samples: 539520)
INFO:root:Loss: 3.8711 +/- 0.1552
INFO:root:Epoch no. 103 of 500 (samples: 539520)
INFO:root:Loss: 3.8343 +/- 0.1657
INFO:root:Epoch no. 104 of 500 (samples: 539520)
INFO:root:Loss: 3.8048 +/- 0.1427
INFO:root:Epoch no. 105 of 500 (samples: 539520)
INFO:root:Loss: 3.7829 +/- 0.1662
INFO:root:Epoch no. 106 of 500 (samples: 539520)
INFO:root:Loss: 3.804 +/- 0.062
INFO:root:Epoch no. 107 of 500 (samples: 539520)
INFO:root:Loss: 3.8163 +/- 0.1089
INFO:root:Epoch no. 108 of 500 (samples: 539520)
INFO:root:Loss: 3.7663 +/- 0.1305
INFO:root:Epoch no. 109 of 500 (samples: 539520)
INFO:root:Loss: 3.7879 +/- 0.121
INFO:root:Epoch no. 110 of 500 (samples: 539520)
INFO:root:Loss: 3.7193 +/- 0.1226
INFO:root:Epoch no. 111 of 500 (samples: 539520)
INFO:root:Loss: 3.7078 +/- 0.1401
INFO:root:Epoch no. 112 of 500 (samples: 539520)
INFO:root:Loss: 3.7266 +/- 0.108
INFO:root:Epoch no. 113 of 500 (samples: 539520)
INFO:root:Loss: 3.7081 +/- 0.1515
INFO:root:Epoch no. 114 of 500 (samples: 539520)
INFO:root:Loss: 3.7226 +/- 0.1163
INFO:root:Epoch no. 115 of 500 (samples: 539520)
INFO:root:Loss: 3.7493 +/- 0.1141
INFO:root:Epoch no. 116 of 500 (samples: 539520)
INFO:root:Loss: 3.7812 +/- 0.0761
INFO:root:Epoch no. 117 of 500 (samples: 539520)
INFO:root:Loss: 3.7339 +/- 0.095
INFO:root:Epoch no. 118 of 500 (samples: 539520)
INFO:root:Loss: 3.6629 +/- 0.1826
INFO:root:Epoch no. 119 of 500 (samples: 539520)
INFO:root:Loss: 3.6947 +/- 0.1241
INFO:root:Epoch no. 120 of 500 (samples: 539520)
INFO:root:Loss: 3.7755 +/- 0.1101
INFO:root:Epoch no. 121 of 500 (samples: 539520)
INFO:root:Loss: 3.6409 +/- 0.1186
INFO:root:Epoch no. 122 of 500 (samples: 539520)
INFO:root:Loss: 3.6977 +/- 0.0954
INFO:root:Epoch no. 123 of 500 (samples: 539520)
INFO:root:Loss: 3.6363 +/- 0.1723
INFO:root:Epoch no. 124 of 500 (samples: 539520)
INFO:root:Loss: 3.6326 +/- 0.154
INFO:root:Epoch no. 125 of 500 (samples: 539520)
INFO:root:Loss: 3.6544 +/- 0.1548
INFO:root:Epoch no. 126 of 500 (samples: 539520)
INFO:root:Loss: 3.6358 +/- 0.1329
INFO:root:Epoch no. 127 of 500 (samples: 539520)
INFO:root:Loss: 3.6166 +/- 0.088
INFO:root:Epoch no. 128 of 500 (samples: 539520)
INFO:root:Loss: 3.6455 +/- 0.0867
INFO:root:Epoch no. 129 of 500 (samples: 539520)
INFO:root:Loss: 3.5932 +/- 0.1482
INFO:root:Epoch no. 130 of 500 (samples: 539520)
INFO:root:Loss: 3.6916 +/- 0.0921
INFO:root:Epoch no. 131 of 500 (samples: 539520)
INFO:root:Loss: 3.5982 +/- 0.1039
INFO:root:Epoch no. 132 of 500 (samples: 539520)
INFO:root:Loss: 3.6401 +/- 0.0787
INFO:root:Epoch no. 133 of 500 (samples: 539520)
INFO:root:Loss: 3.5941 +/- 0.1666
INFO:root:Epoch no. 134 of 500 (samples: 539520)
INFO:root:Loss: 3.6023 +/- 0.0975
INFO:root:Epoch no. 135 of 500 (samples: 539520)
INFO:root:Loss: 3.564 +/- 0.0632
INFO:root:Epoch no. 136 of 500 (samples: 539520)
INFO:root:Loss: 3.5575 +/- 0.1281
INFO:root:Epoch no. 137 of 500 (samples: 539520)
INFO:root:Loss: 3.6351 +/- 0.1016
INFO:root:Epoch no. 138 of 500 (samples: 539520)
INFO:root:Loss: 3.592 +/- 0.1516
INFO:root:Epoch no. 139 of 500 (samples: 539520)
INFO:root:Loss: 3.4961 +/- 0.0905
INFO:root:Epoch no. 140 of 500 (samples: 539520)
INFO:root:Loss: 3.5774 +/- 0.1546
INFO:root:Epoch no. 141 of 500 (samples: 539520)
INFO:root:Loss: 3.5367 +/- 0.0925
INFO:root:Epoch no. 142 of 500 (samples: 539520)
INFO:root:Loss: 3.6184 +/- 0.1105
INFO:root:Epoch no. 143 of 500 (samples: 539520)
INFO:root:Loss: 3.5392 +/- 0.103
INFO:root:Epoch no. 144 of 500 (samples: 539520)
INFO:root:Loss: 3.5974 +/- 0.1661
INFO:root:Epoch no. 145 of 500 (samples: 539520)
INFO:root:Loss: 3.5818 +/- 0.1407
INFO:root:Epoch no. 146 of 500 (samples: 539520)
INFO:root:Loss: 3.519 +/- 0.113
INFO:root:Epoch no. 147 of 500 (samples: 539520)
INFO:root:Loss: 3.5835 +/- 0.1185
INFO:root:Epoch no. 148 of 500 (samples: 539520)
INFO:root:Loss: 3.5088 +/- 0.1038
INFO:root:Epoch no. 149 of 500 (samples: 539520)
INFO:root:Loss: 3.4988 +/- 0.0924
INFO:root:Epoch no. 150 of 500 (samples: 539520)
INFO:root:Loss: 3.468 +/- 0.1204
INFO:root:Epoch no. 151 of 500 (samples: 539520)
INFO:root:Loss: 3.5975 +/- 0.1096
INFO:root:Epoch no. 152 of 500 (samples: 539520)
INFO:root:Loss: 3.4994 +/- 0.081
INFO:root:Epoch no. 153 of 500 (samples: 539520)
INFO:root:Loss: 3.4801 +/- 0.1134
INFO:root:Epoch no. 154 of 500 (samples: 539520)
INFO:root:Loss: 3.5074 +/- 0.1463
INFO:root:Epoch no. 155 of 500 (samples: 539520)
INFO:root:Loss: 3.4839 +/- 0.0908
INFO:root:Epoch no. 156 of 500 (samples: 539520)
INFO:root:Loss: 3.5354 +/- 0.0911
INFO:root:Epoch no. 157 of 500 (samples: 539520)
INFO:root:Loss: 3.5138 +/- 0.1213
INFO:root:Epoch no. 158 of 500 (samples: 539520)
INFO:root:Loss: 3.4765 +/- 0.0759
INFO:root:Epoch no. 159 of 500 (samples: 539520)
INFO:root:Loss: 3.5004 +/- 0.1026
INFO:root:Epoch no. 160 of 500 (samples: 539520)
INFO:root:Loss: 3.482 +/- 0.0818
INFO:root:Epoch no. 161 of 500 (samples: 539520)
INFO:root:Loss: 3.5474 +/- 0.112
INFO:root:Epoch no. 162 of 500 (samples: 539520)
INFO:root:Loss: 3.4889 +/- 0.1425
INFO:root:Epoch no. 163 of 500 (samples: 539520)
INFO:root:Loss: 3.3947 +/- 0.0948
INFO:root:Epoch no. 164 of 500 (samples: 539520)
INFO:root:Loss: 3.3964 +/- 0.1531
INFO:root:Epoch no. 165 of 500 (samples: 539520)
INFO:root:Loss: 3.4743 +/- 0.0949
INFO:root:Epoch no. 166 of 500 (samples: 539520)
INFO:root:Loss: 3.496 +/- 0.0706
INFO:root:Epoch no. 167 of 500 (samples: 539520)
INFO:root:Loss: 3.4525 +/- 0.1356
INFO:root:Epoch no. 168 of 500 (samples: 539520)
INFO:root:Loss: 3.4683 +/- 0.1098
INFO:root:Epoch no. 169 of 500 (samples: 539520)
INFO:root:Loss: 3.406 +/- 0.0931
INFO:root:Epoch no. 170 of 500 (samples: 539520)
INFO:root:Loss: 3.4426 +/- 0.0766
INFO:root:Epoch no. 171 of 500 (samples: 539520)
INFO:root:Loss: 3.416 +/- 0.0982
INFO:root:Epoch no. 172 of 500 (samples: 539520)
INFO:root:Loss: 3.4347 +/- 0.1188
INFO:root:Epoch no. 173 of 500 (samples: 539520)
INFO:root:Loss: 3.4347 +/- 0.0782
INFO:root:Epoch no. 174 of 500 (samples: 539520)
INFO:root:Loss: 3.4489 +/- 0.1463
INFO:root:Epoch no. 175 of 500 (samples: 539520)
INFO:root:Loss: 3.3971 +/- 0.0771
INFO:root:Epoch no. 176 of 500 (samples: 539520)
INFO:root:Loss: 3.4031 +/- 0.0924
INFO:root:Epoch no. 177 of 500 (samples: 539520)
INFO:root:Loss: 3.3802 +/- 0.0919
INFO:root:Epoch no. 178 of 500 (samples: 539520)
INFO:root:Loss: 3.4543 +/- 0.1395
INFO:root:Epoch no. 179 of 500 (samples: 539520)
INFO:root:Loss: 3.4369 +/- 0.0955
INFO:root:Epoch no. 180 of 500 (samples: 539520)
INFO:root:Loss: 3.4039 +/- 0.1111
INFO:root:Epoch no. 181 of 500 (samples: 539520)
INFO:root:Loss: 3.4063 +/- 0.1123
INFO:root:Epoch no. 182 of 500 (samples: 539520)
INFO:root:Loss: 3.3821 +/- 0.0618
INFO:root:Epoch no. 183 of 500 (samples: 539520)
INFO:root:Loss: 3.3735 +/- 0.0946
INFO:root:Epoch no. 184 of 500 (samples: 539520)
INFO:root:Loss: 3.4241 +/- 0.0944
INFO:root:Epoch no. 185 of 500 (samples: 539520)
INFO:root:Loss: 3.4285 +/- 0.0712
INFO:root:Epoch no. 186 of 500 (samples: 539520)
INFO:root:Loss: 3.4067 +/- 0.079
INFO:root:Epoch no. 187 of 500 (samples: 539520)
INFO:root:Loss: 3.3806 +/- 0.1305
INFO:root:Epoch no. 188 of 500 (samples: 539520)
INFO:root:Loss: 3.3574 +/- 0.0666
INFO:root:Epoch no. 189 of 500 (samples: 539520)
INFO:root:Loss: 3.369 +/- 0.0954
INFO:root:Epoch no. 190 of 500 (samples: 539520)
INFO:root:Loss: 3.3511 +/- 0.1039
INFO:root:Epoch no. 191 of 500 (samples: 539520)
INFO:root:Loss: 3.3544 +/- 0.1193
INFO:root:Epoch no. 192 of 500 (samples: 539520)
INFO:root:Loss: 3.4214 +/- 0.1679
INFO:root:Epoch no. 193 of 500 (samples: 539520)
INFO:root:Loss: 3.3461 +/- 0.1285
INFO:root:Epoch no. 194 of 500 (samples: 539520)
INFO:root:Loss: 3.3624 +/- 0.0876
INFO:root:Epoch no. 195 of 500 (samples: 539520)
INFO:root:Loss: 3.3385 +/- 0.1263
INFO:root:Epoch no. 196 of 500 (samples: 539520)
INFO:root:Loss: 3.382 +/- 0.1158
INFO:root:Epoch no. 197 of 500 (samples: 539520)
INFO:root:Loss: 3.3859 +/- 0.1161
INFO:root:Epoch no. 198 of 500 (samples: 539520)
INFO:root:Loss: 3.3959 +/- 0.0864
INFO:root:Epoch no. 199 of 500 (samples: 539520)
INFO:root:Loss: 3.3663 +/- 0.1123
INFO:root:Epoch no. 200 of 500 (samples: 539520)
INFO:root:Loss: 3.3464 +/- 0.0675
INFO:root:Epoch no. 201 of 500 (samples: 539520)
INFO:root:Loss: 3.3681 +/- 0.1198
INFO:root:Epoch no. 202 of 500 (samples: 539520)
INFO:root:Loss: 3.3113 +/- 0.1121
INFO:root:Epoch no. 203 of 500 (samples: 539520)
INFO:root:Loss: 3.3359 +/- 0.1018
INFO:root:Epoch no. 204 of 500 (samples: 539520)
INFO:root:Loss: 3.3751 +/- 0.1146
INFO:root:Epoch no. 205 of 500 (samples: 539520)
INFO:root:Loss: 3.3362 +/- 0.1432
INFO:root:Epoch no. 206 of 500 (samples: 539520)
INFO:root:Loss: 3.3164 +/- 0.1256
INFO:root:Epoch no. 207 of 500 (samples: 539520)
INFO:root:Loss: 3.2956 +/- 0.112
INFO:root:Epoch no. 208 of 500 (samples: 539520)
INFO:root:Loss: 3.3733 +/- 0.097
INFO:root:Epoch no. 209 of 500 (samples: 539520)
INFO:root:Loss: 3.309 +/- 0.0756
INFO:root:Epoch no. 210 of 500 (samples: 539520)
INFO:root:Loss: 3.3217 +/- 0.0852
INFO:root:Epoch no. 211 of 500 (samples: 539520)
INFO:root:Loss: 3.3116 +/- 0.1032
INFO:root:Epoch no. 212 of 500 (samples: 539520)
INFO:root:Loss: 3.3434 +/- 0.063
INFO:root:Epoch no. 213 of 500 (samples: 539520)
INFO:root:Loss: 3.3026 +/- 0.1042
INFO:root:Epoch no. 214 of 500 (samples: 539520)
INFO:root:Loss: 3.343 +/- 0.1144
INFO:root:Epoch no. 215 of 500 (samples: 539520)
INFO:root:Loss: 3.3059 +/- 0.1298
INFO:root:Epoch no. 216 of 500 (samples: 539520)
INFO:root:Loss: 3.3568 +/- 0.1617
INFO:root:Epoch no. 217 of 500 (samples: 539520)
INFO:root:Loss: 3.355 +/- 0.1397
INFO:root:Epoch no. 218 of 500 (samples: 539520)
INFO:root:Loss: 3.2691 +/- 0.103
INFO:root:Epoch no. 219 of 500 (samples: 539520)
INFO:root:Loss: 3.2878 +/- 0.0983
INFO:root:Epoch no. 220 of 500 (samples: 539520)
INFO:root:Loss: 3.3426 +/- 0.1119
INFO:root:Epoch no. 221 of 500 (samples: 539520)
INFO:root:Loss: 3.3512 +/- 0.1561
INFO:root:Epoch no. 222 of 500 (samples: 539520)
INFO:root:Loss: 3.268 +/- 0.1101
INFO:root:Epoch no. 223 of 500 (samples: 539520)
INFO:root:Loss: 3.3128 +/- 0.0684
INFO:root:Epoch no. 224 of 500 (samples: 539520)
INFO:root:Loss: 3.3082 +/- 0.0779
INFO:root:Epoch no. 225 of 500 (samples: 539520)
INFO:root:Loss: 3.2333 +/- 0.1094
INFO:root:Epoch no. 226 of 500 (samples: 539520)
INFO:root:Loss: 3.2491 +/- 0.1035
INFO:root:Epoch no. 227 of 500 (samples: 539520)
INFO:root:Loss: 3.3223 +/- 0.1509
INFO:root:Epoch no. 228 of 500 (samples: 539520)
INFO:root:Loss: 3.3288 +/- 0.1294
INFO:root:Epoch no. 229 of 500 (samples: 539520)
INFO:root:Loss: 3.3284 +/- 0.0945
INFO:root:Epoch no. 230 of 500 (samples: 539520)
INFO:root:Loss: 3.2965 +/- 0.1069
INFO:root:Epoch no. 231 of 500 (samples: 539520)
INFO:root:Loss: 3.2747 +/- 0.0952
INFO:root:Epoch no. 232 of 500 (samples: 539520)
INFO:root:Loss: 3.2869 +/- 0.1345
INFO:root:Epoch no. 233 of 500 (samples: 539520)
INFO:root:Loss: 3.2646 +/- 0.0927
INFO:root:Epoch no. 234 of 500 (samples: 539520)
INFO:root:Loss: 3.317 +/- 0.1322
INFO:root:Epoch no. 235 of 500 (samples: 539520)
INFO:root:Loss: 3.2891 +/- 0.0813
INFO:root:Epoch no. 236 of 500 (samples: 539520)
INFO:root:Loss: 3.302 +/- 0.101
INFO:root:Epoch no. 237 of 500 (samples: 539520)
INFO:root:Loss: 3.2231 +/- 0.1178
INFO:root:Epoch no. 238 of 500 (samples: 539520)
INFO:root:Loss: 3.2382 +/- 0.0611
INFO:root:Epoch no. 239 of 500 (samples: 539520)
INFO:root:Loss: 3.2216 +/- 0.1105
INFO:root:Epoch no. 240 of 500 (samples: 539520)
INFO:root:Loss: 3.2501 +/- 0.1074
INFO:root:Epoch no. 241 of 500 (samples: 539520)
INFO:root:Loss: 3.3482 +/- 0.1029
INFO:root:Epoch no. 242 of 500 (samples: 539520)
INFO:root:Loss: 3.2434 +/- 0.0951
INFO:root:Epoch no. 243 of 500 (samples: 539520)
INFO:root:Loss: 3.2506 +/- 0.078
INFO:root:Epoch no. 244 of 500 (samples: 539520)
INFO:root:Loss: 3.1892 +/- 0.0869
INFO:root:Epoch no. 245 of 500 (samples: 539520)
INFO:root:Loss: 3.2261 +/- 0.1338
INFO:root:Epoch no. 246 of 500 (samples: 539520)
INFO:root:Loss: 3.2849 +/- 0.0902
INFO:root:Epoch no. 247 of 500 (samples: 539520)
INFO:root:Loss: 3.2688 +/- 0.0932
INFO:root:Epoch no. 248 of 500 (samples: 539520)
INFO:root:Loss: 3.2407 +/- 0.0928
INFO:root:Epoch no. 249 of 500 (samples: 539520)
INFO:root:Loss: 3.2711 +/- 0.1072
INFO:root:Epoch no. 250 of 500 (samples: 539520)
INFO:root:Loss: 3.277 +/- 0.1626
INFO:root:Epoch no. 251 of 500 (samples: 539520)
INFO:root:Loss: 3.2694 +/- 0.0957
INFO:root:Epoch no. 252 of 500 (samples: 539520)
INFO:root:Loss: 3.2865 +/- 0.129
INFO:root:Epoch no. 253 of 500 (samples: 539520)
INFO:root:Loss: 3.2101 +/- 0.0855
INFO:root:Epoch no. 254 of 500 (samples: 539520)
INFO:root:Loss: 3.2446 +/- 0.124
INFO:root:Epoch no. 255 of 500 (samples: 539520)
INFO:root:Loss: 3.2706 +/- 0.1175
INFO:root:Epoch no. 256 of 500 (samples: 539520)
INFO:root:Loss: 3.2526 +/- 0.104
INFO:root:Epoch no. 257 of 500 (samples: 539520)
INFO:root:Loss: 3.195 +/- 0.1262
INFO:root:Epoch no. 258 of 500 (samples: 539520)
INFO:root:Loss: 3.204 +/- 0.0522
INFO:root:Epoch no. 259 of 500 (samples: 539520)
INFO:root:Loss: 3.2363 +/- 0.1681
INFO:root:Epoch no. 260 of 500 (samples: 539520)
INFO:root:Loss: 3.2394 +/- 0.0747
INFO:root:Epoch no. 261 of 500 (samples: 539520)
INFO:root:Loss: 3.227 +/- 0.1202
INFO:root:Epoch no. 262 of 500 (samples: 539520)
INFO:root:Loss: 3.2714 +/- 0.0622
INFO:root:Epoch no. 263 of 500 (samples: 539520)
INFO:root:Loss: 3.2112 +/- 0.111
INFO:root:Epoch no. 264 of 500 (samples: 539520)
INFO:root:Loss: 3.2115 +/- 0.1215
INFO:root:Epoch no. 265 of 500 (samples: 539520)
INFO:root:Loss: 3.2233 +/- 0.0914
INFO:root:Epoch no. 266 of 500 (samples: 539520)
INFO:root:Loss: 3.2121 +/- 0.0903
INFO:root:Epoch no. 267 of 500 (samples: 539520)
INFO:root:Loss: 3.2306 +/- 0.1283
INFO:root:Epoch no. 268 of 500 (samples: 539520)
INFO:root:Loss: 3.2266 +/- 0.0965
INFO:root:Epoch no. 269 of 500 (samples: 539520)
INFO:root:Loss: 3.2875 +/- 0.1022
INFO:root:Epoch no. 270 of 500 (samples: 539520)
INFO:root:Loss: 3.2152 +/- 0.1103
INFO:root:Epoch no. 271 of 500 (samples: 539520)
INFO:root:Loss: 3.2141 +/- 0.1236
INFO:root:Epoch no. 272 of 500 (samples: 539520)
INFO:root:Loss: 3.2043 +/- 0.0978
INFO:root:Epoch no. 273 of 500 (samples: 539520)
INFO:root:Loss: 3.3129 +/- 0.126
INFO:root:Epoch no. 274 of 500 (samples: 539520)
INFO:root:Loss: 3.2645 +/- 0.0852
INFO:root:Epoch no. 275 of 500 (samples: 539520)
INFO:root:Loss: 3.1963 +/- 0.1514
INFO:root:Epoch no. 276 of 500 (samples: 539520)
INFO:root:Loss: 3.2037 +/- 0.1071
INFO:root:Epoch no. 277 of 500 (samples: 539520)
INFO:root:Loss: 3.1726 +/- 0.0914
INFO:root:Epoch no. 278 of 500 (samples: 539520)
INFO:root:Loss: 3.2053 +/- 0.0899
INFO:root:Epoch no. 279 of 500 (samples: 539520)
INFO:root:Loss: 3.155 +/- 0.0965
INFO:root:Epoch no. 280 of 500 (samples: 539520)
INFO:root:Loss: 3.2338 +/- 0.1096
INFO:root:Epoch no. 281 of 500 (samples: 539520)
INFO:root:Loss: 3.2568 +/- 0.0972
INFO:root:Epoch no. 282 of 500 (samples: 539520)
INFO:root:Loss: 3.2062 +/- 0.131
INFO:root:Epoch no. 283 of 500 (samples: 539520)
INFO:root:Loss: 3.2199 +/- 0.066
INFO:root:Epoch no. 284 of 500 (samples: 539520)
INFO:root:Loss: 3.2246 +/- 0.1077
INFO:root:Epoch no. 285 of 500 (samples: 539520)
INFO:root:Loss: 3.1964 +/- 0.0934
INFO:root:Epoch no. 286 of 500 (samples: 539520)
INFO:root:Loss: 3.1971 +/- 0.1399
INFO:root:Epoch no. 287 of 500 (samples: 539520)
INFO:root:Loss: 3.164 +/- 0.1361
INFO:root:Epoch no. 288 of 500 (samples: 539520)
INFO:root:Loss: 3.217 +/- 0.0538
INFO:root:Epoch no. 289 of 500 (samples: 539520)
INFO:root:Loss: 3.1879 +/- 0.1043
INFO:root:Epoch no. 290 of 500 (samples: 539520)
INFO:root:Loss: 3.1617 +/- 0.1005
INFO:root:Epoch no. 291 of 500 (samples: 539520)
INFO:root:Loss: 3.2132 +/- 0.0859
INFO:root:Epoch no. 292 of 500 (samples: 539520)
INFO:root:Loss: 3.1799 +/- 0.0764
INFO:root:Epoch no. 293 of 500 (samples: 539520)
INFO:root:Loss: 3.1804 +/- 0.0948
INFO:root:Epoch no. 294 of 500 (samples: 539520)
INFO:root:Loss: 3.202 +/- 0.1179
INFO:root:Epoch no. 295 of 500 (samples: 539520)
INFO:root:Loss: 3.1928 +/- 0.1014
INFO:root:Epoch no. 296 of 500 (samples: 539520)
INFO:root:Loss: 3.219 +/- 0.1385
INFO:root:Epoch no. 297 of 500 (samples: 539520)
INFO:root:Loss: 3.1865 +/- 0.1008
INFO:root:Epoch no. 298 of 500 (samples: 539520)
INFO:root:Loss: 3.1658 +/- 0.089
INFO:root:Epoch no. 299 of 500 (samples: 539520)
INFO:root:Loss: 3.2164 +/- 0.1069
INFO:root:Epoch no. 300 of 500 (samples: 539520)
INFO:root:Loss: 3.2091 +/- 0.1483
INFO:root:Epoch no. 301 of 500 (samples: 539520)
INFO:root:Loss: 3.1716 +/- 0.0807
INFO:root:Epoch no. 302 of 500 (samples: 539520)
INFO:root:Loss: 3.2239 +/- 0.1396
INFO:root:Epoch no. 303 of 500 (samples: 539520)
INFO:root:Loss: 3.2044 +/- 0.083
INFO:root:Epoch no. 304 of 500 (samples: 539520)
INFO:root:Loss: 3.1737 +/- 0.0781
INFO:root:Epoch no. 305 of 500 (samples: 539520)
INFO:root:Loss: 3.183 +/- 0.112
INFO:root:Epoch no. 306 of 500 (samples: 539520)
INFO:root:Loss: 3.1315 +/- 0.1209
INFO:root:Epoch no. 307 of 500 (samples: 539520)
INFO:root:Loss: 3.1047 +/- 0.1489
INFO:root:Epoch no. 308 of 500 (samples: 539520)
INFO:root:Loss: 3.1803 +/- 0.08
INFO:root:Epoch no. 309 of 500 (samples: 539520)
INFO:root:Loss: 3.1664 +/- 0.1032
INFO:root:Epoch no. 310 of 500 (samples: 539520)
INFO:root:Loss: 3.1981 +/- 0.1311
INFO:root:Epoch no. 311 of 500 (samples: 539520)
INFO:root:Loss: 3.2109 +/- 0.1091
INFO:root:Epoch no. 312 of 500 (samples: 539520)
INFO:root:Loss: 3.102 +/- 0.1944
INFO:root:Epoch no. 313 of 500 (samples: 539520)
INFO:root:Loss: 3.1095 +/- 0.1421
INFO:root:Epoch no. 314 of 500 (samples: 539520)
INFO:root:Loss: 3.1421 +/- 0.1547
INFO:root:Epoch no. 315 of 500 (samples: 539520)
INFO:root:Loss: 3.1176 +/- 0.1255
INFO:root:Epoch no. 316 of 500 (samples: 539520)
INFO:root:Loss: 3.145 +/- 0.1246
INFO:root:Epoch no. 317 of 500 (samples: 539520)
INFO:root:Loss: 3.1779 +/- 0.1032
INFO:root:Epoch no. 318 of 500 (samples: 539520)
INFO:root:Loss: 3.2078 +/- 0.1143
INFO:root:Epoch no. 319 of 500 (samples: 539520)
INFO:root:Loss: 3.196 +/- 0.0856
INFO:root:Epoch no. 320 of 500 (samples: 539520)
INFO:root:Loss: 3.199 +/- 0.1437
INFO:root:Epoch no. 321 of 500 (samples: 539520)
INFO:root:Loss: 3.1618 +/- 0.1153
INFO:root:Epoch no. 322 of 500 (samples: 539520)
INFO:root:Loss: 3.1919 +/- 0.097
INFO:root:Epoch no. 323 of 500 (samples: 539520)
INFO:root:Loss: 3.1717 +/- 0.1055
INFO:root:Epoch no. 324 of 500 (samples: 539520)
INFO:root:Loss: 3.1825 +/- 0.1638
INFO:root:Epoch no. 325 of 500 (samples: 539520)
INFO:root:Loss: 3.1051 +/- 0.0982
INFO:root:Epoch no. 326 of 500 (samples: 539520)
INFO:root:Loss: 3.1766 +/- 0.1221
INFO:root:Epoch no. 327 of 500 (samples: 539520)
INFO:root:Loss: 3.2556 +/- 0.0798
INFO:root:Epoch no. 328 of 500 (samples: 539520)
INFO:root:Loss: 3.1488 +/- 0.1218
INFO:root:Epoch no. 329 of 500 (samples: 539520)
INFO:root:Loss: 3.1169 +/- 0.087
INFO:root:Epoch no. 330 of 500 (samples: 539520)
INFO:root:Loss: 3.1549 +/- 0.1415
INFO:root:Epoch no. 331 of 500 (samples: 539520)
INFO:root:Loss: 3.1073 +/- 0.1183
INFO:root:Epoch no. 332 of 500 (samples: 539520)
INFO:root:Loss: 3.1852 +/- 0.1066
INFO:root:Epoch no. 333 of 500 (samples: 539520)
INFO:root:Loss: 3.1383 +/- 0.1654
INFO:root:Epoch no. 334 of 500 (samples: 539520)
INFO:root:Loss: 3.1875 +/- 0.0722
INFO:root:Epoch no. 335 of 500 (samples: 539520)
INFO:root:Loss: 3.1137 +/- 0.1114
INFO:root:Epoch no. 336 of 500 (samples: 539520)
INFO:root:Loss: 3.1449 +/- 0.0602
INFO:root:Epoch no. 337 of 500 (samples: 539520)
INFO:root:Loss: 3.1624 +/- 0.1526
INFO:root:Epoch no. 338 of 500 (samples: 539520)
INFO:root:Loss: 3.1241 +/- 0.1254
INFO:root:Epoch no. 339 of 500 (samples: 539520)
INFO:root:Loss: 3.1026 +/- 0.1204
INFO:root:Epoch no. 340 of 500 (samples: 539520)
INFO:root:Loss: 3.163 +/- 0.0985
INFO:root:Epoch no. 341 of 500 (samples: 539520)
INFO:root:Loss: 3.1679 +/- 0.0681
INFO:root:Epoch no. 342 of 500 (samples: 539520)
INFO:root:Loss: 3.1848 +/- 0.0774
INFO:root:Epoch no. 343 of 500 (samples: 539520)
INFO:root:Loss: 3.0782 +/- 0.1449
INFO:root:Epoch no. 344 of 500 (samples: 539520)
INFO:root:Loss: 3.1507 +/- 0.0734
INFO:root:Epoch no. 345 of 500 (samples: 539520)
INFO:root:Loss: 3.1129 +/- 0.0435
INFO:root:Epoch no. 346 of 500 (samples: 539520)
INFO:root:Loss: 3.1625 +/- 0.1267
INFO:root:Epoch no. 347 of 500 (samples: 539520)
INFO:root:Loss: 3.0804 +/- 0.0919
INFO:root:Epoch no. 348 of 500 (samples: 539520)
INFO:root:Loss: 3.1302 +/- 0.1281
INFO:root:Epoch no. 349 of 500 (samples: 539520)
INFO:root:Loss: 3.1742 +/- 0.103
INFO:root:Epoch no. 350 of 500 (samples: 539520)
INFO:root:Loss: 3.1497 +/- 0.125
INFO:root:Epoch no. 351 of 500 (samples: 539520)
INFO:root:Loss: 3.0955 +/- 0.1358
INFO:root:Epoch no. 352 of 500 (samples: 539520)
INFO:root:Loss: 3.1327 +/- 0.101
INFO:root:Epoch no. 353 of 500 (samples: 539520)
INFO:root:Loss: 3.171 +/- 0.0665
INFO:root:Epoch no. 354 of 500 (samples: 539520)
INFO:root:Loss: 3.1371 +/- 0.1502
INFO:root:Epoch no. 355 of 500 (samples: 539520)
INFO:root:Loss: 3.1174 +/- 0.1108
INFO:root:Epoch no. 356 of 500 (samples: 539520)
INFO:root:Loss: 3.1217 +/- 0.1113
INFO:root:Epoch no. 357 of 500 (samples: 539520)
INFO:root:Loss: 3.1402 +/- 0.1151
INFO:root:Epoch no. 358 of 500 (samples: 539520)
INFO:root:Loss: 3.0802 +/- 0.0747
INFO:root:Epoch no. 359 of 500 (samples: 539520)
INFO:root:Loss: 3.1331 +/- 0.0663
INFO:root:Epoch no. 360 of 500 (samples: 539520)
INFO:root:Loss: 3.1198 +/- 0.1328
INFO:root:Epoch no. 361 of 500 (samples: 539520)
INFO:root:Loss: 3.1847 +/- 0.1256
INFO:root:Epoch no. 362 of 500 (samples: 539520)
INFO:root:Loss: 3.1454 +/- 0.086
INFO:root:Epoch no. 363 of 500 (samples: 539520)
INFO:root:Loss: 3.0956 +/- 0.1545
INFO:root:Epoch no. 364 of 500 (samples: 539520)
INFO:root:Loss: 3.0589 +/- 0.0978
INFO:root:Epoch no. 365 of 500 (samples: 539520)
INFO:root:Loss: 3.109 +/- 0.1759
INFO:root:Epoch no. 366 of 500 (samples: 539520)
INFO:root:Loss: 3.0533 +/- 0.1792
INFO:root:Epoch no. 367 of 500 (samples: 539520)
INFO:root:Loss: 3.0394 +/- 0.12
INFO:root:Epoch no. 368 of 500 (samples: 539520)
INFO:root:Loss: 3.0533 +/- 0.0872
INFO:root:Epoch no. 369 of 500 (samples: 539520)
INFO:root:Loss: 3.1604 +/- 0.1145
INFO:root:Epoch no. 370 of 500 (samples: 539520)
INFO:root:Loss: 3.1422 +/- 0.122
INFO:root:Epoch no. 371 of 500 (samples: 539520)
INFO:root:Loss: 3.1758 +/- 0.1029
INFO:root:Epoch no. 372 of 500 (samples: 539520)
INFO:root:Loss: 3.0427 +/- 0.1015
INFO:root:Epoch no. 373 of 500 (samples: 539520)
INFO:root:Loss: 3.1218 +/- 0.079
INFO:root:Epoch no. 374 of 500 (samples: 539520)
INFO:root:Loss: 3.1139 +/- 0.1325
INFO:root:Epoch no. 375 of 500 (samples: 539520)
INFO:root:Loss: 3.097 +/- 0.0797
INFO:root:Epoch no. 376 of 500 (samples: 539520)
INFO:root:Loss: 3.0375 +/- 0.125
INFO:root:Epoch no. 377 of 500 (samples: 539520)
INFO:root:Loss: 3.0946 +/- 0.0856
INFO:root:Epoch no. 378 of 500 (samples: 539520)
INFO:root:Loss: 3.1188 +/- 0.121
INFO:root:Epoch no. 379 of 500 (samples: 539520)
INFO:root:Loss: 3.0914 +/- 0.0897
INFO:root:Epoch no. 380 of 500 (samples: 539520)
INFO:root:Loss: 3.1318 +/- 0.1068
INFO:root:Epoch no. 381 of 500 (samples: 539520)
INFO:root:Loss: 3.0926 +/- 0.102
INFO:root:Epoch no. 382 of 500 (samples: 539520)
INFO:root:Loss: 3.0712 +/- 0.0942
INFO:root:Epoch no. 383 of 500 (samples: 539520)
INFO:root:Loss: 3.1064 +/- 0.1561
INFO:root:Epoch no. 384 of 500 (samples: 539520)
INFO:root:Loss: 3.1032 +/- 0.1093
INFO:root:Epoch no. 385 of 500 (samples: 539520)
INFO:root:Loss: 3.0882 +/- 0.0983
INFO:root:Epoch no. 386 of 500 (samples: 539520)
INFO:root:Loss: 3.1572 +/- 0.1197
INFO:root:Epoch no. 387 of 500 (samples: 539520)
INFO:root:Loss: 3.1208 +/- 0.0911
INFO:root:Epoch no. 388 of 500 (samples: 539520)
INFO:root:Loss: 3.1269 +/- 0.0847
INFO:root:Epoch no. 389 of 500 (samples: 539520)
INFO:root:Loss: 3.0585 +/- 0.1557
INFO:root:Epoch no. 390 of 500 (samples: 539520)
INFO:root:Loss: 3.1629 +/- 0.1069
INFO:root:Epoch no. 391 of 500 (samples: 539520)
INFO:root:Loss: 3.0436 +/- 0.0921
INFO:root:Epoch no. 392 of 500 (samples: 539520)
INFO:root:Loss: 3.0545 +/- 0.1121
INFO:root:Epoch no. 393 of 500 (samples: 539520)
INFO:root:Loss: 3.0575 +/- 0.1312
INFO:root:Epoch no. 394 of 500 (samples: 539520)
INFO:root:Loss: 3.1022 +/- 0.1108
INFO:root:Epoch no. 395 of 500 (samples: 539520)
INFO:root:Loss: 3.0537 +/- 0.1331
INFO:root:Epoch no. 396 of 500 (samples: 539520)
INFO:root:Loss: 3.1318 +/- 0.1324
INFO:root:Epoch no. 397 of 500 (samples: 539520)
INFO:root:Loss: 3.0797 +/- 0.1178
INFO:root:Epoch no. 398 of 500 (samples: 539520)
INFO:root:Loss: 3.0763 +/- 0.1292
INFO:root:Epoch no. 399 of 500 (samples: 539520)
INFO:root:Loss: 3.0001 +/- 0.0982
INFO:root:Epoch no. 400 of 500 (samples: 539520)
INFO:root:Loss: 3.0716 +/- 0.1418
INFO:root:Epoch no. 401 of 500 (samples: 539520)
INFO:root:Loss: 3.0748 +/- 0.1417
INFO:root:Epoch no. 402 of 500 (samples: 539520)
INFO:root:Loss: 3.0186 +/- 0.1304
INFO:root:Epoch no. 403 of 500 (samples: 539520)
INFO:root:Loss: 3.0657 +/- 0.0943
INFO:root:Epoch no. 404 of 500 (samples: 539520)
INFO:root:Loss: 3.1346 +/- 0.1244
INFO:root:Epoch no. 405 of 500 (samples: 539520)
INFO:root:Loss: 3.1221 +/- 0.1527
INFO:root:Epoch no. 406 of 500 (samples: 539520)
INFO:root:Loss: 3.0572 +/- 0.0719
INFO:root:Epoch no. 407 of 500 (samples: 539520)
INFO:root:Loss: 3.1192 +/- 0.1029
INFO:root:Epoch no. 408 of 500 (samples: 539520)
INFO:root:Loss: 3.1182 +/- 0.0767
INFO:root:Epoch no. 409 of 500 (samples: 539520)
INFO:root:Loss: 3.062 +/- 0.1061
INFO:root:Epoch no. 410 of 500 (samples: 539520)
INFO:root:Loss: 3.0838 +/- 0.1031
INFO:root:Epoch no. 411 of 500 (samples: 539520)
INFO:root:Loss: 3.0603 +/- 0.0782
INFO:root:Epoch no. 412 of 500 (samples: 539520)
INFO:root:Loss: 3.0652 +/- 0.0642
INFO:root:Epoch no. 413 of 500 (samples: 539520)
INFO:root:Loss: 3.1167 +/- 0.1088
INFO:root:Epoch no. 414 of 500 (samples: 539520)
INFO:root:Loss: 3.0935 +/- 0.0895
INFO:root:Epoch no. 415 of 500 (samples: 539520)
INFO:root:Loss: 3.0566 +/- 0.1426
INFO:root:Epoch no. 416 of 500 (samples: 539520)
INFO:root:Loss: 3.0694 +/- 0.1317
INFO:root:Epoch no. 417 of 500 (samples: 539520)
INFO:root:Loss: 3.0272 +/- 0.0887
INFO:root:Epoch no. 418 of 500 (samples: 539520)
INFO:root:Loss: 3.0597 +/- 0.0621
INFO:root:Epoch no. 419 of 500 (samples: 539520)
INFO:root:Loss: 3.0583 +/- 0.1291
INFO:root:Epoch no. 420 of 500 (samples: 539520)
INFO:root:Loss: 3.093 +/- 0.0908
INFO:root:Epoch no. 421 of 500 (samples: 539520)
INFO:root:Loss: 3.0 +/- 0.0928
INFO:root:Epoch no. 422 of 500 (samples: 539520)
INFO:root:Loss: 3.0555 +/- 0.0748
INFO:root:Epoch no. 423 of 500 (samples: 539520)
INFO:root:Loss: 3.0431 +/- 0.0984
INFO:root:Epoch no. 424 of 500 (samples: 539520)
INFO:root:Loss: 3.0602 +/- 0.1244
INFO:root:Epoch no. 425 of 500 (samples: 539520)
INFO:root:Loss: 3.0586 +/- 0.1067
INFO:root:Epoch no. 426 of 500 (samples: 539520)
INFO:root:Loss: 3.1126 +/- 0.0862
INFO:root:Epoch no. 427 of 500 (samples: 539520)
INFO:root:Loss: 3.0415 +/- 0.1053
INFO:root:Epoch no. 428 of 500 (samples: 539520)
INFO:root:Loss: 3.0516 +/- 0.0835
INFO:root:Epoch no. 429 of 500 (samples: 539520)
INFO:root:Loss: 3.0405 +/- 0.1106
INFO:root:Epoch no. 430 of 500 (samples: 539520)
INFO:root:Loss: 3.1401 +/- 0.0925
INFO:root:Epoch no. 431 of 500 (samples: 539520)
INFO:root:Loss: 3.0985 +/- 0.1059
INFO:root:Epoch no. 432 of 500 (samples: 539520)
INFO:root:Loss: 3.0661 +/- 0.0963
INFO:root:Epoch no. 433 of 500 (samples: 539520)
INFO:root:Loss: 3.019 +/- 0.1287
INFO:root:Epoch no. 434 of 500 (samples: 539520)
INFO:root:Loss: 3.0736 +/- 0.059
INFO:root:Epoch no. 435 of 500 (samples: 539520)
INFO:root:Loss: 3.0793 +/- 0.1529
INFO:root:Epoch no. 436 of 500 (samples: 539520)
INFO:root:Loss: 3.0836 +/- 0.1167
INFO:root:Epoch no. 437 of 500 (samples: 539520)
INFO:root:Loss: 3.0586 +/- 0.0818
INFO:root:Epoch no. 438 of 500 (samples: 539520)
INFO:root:Loss: 3.0785 +/- 0.0693
INFO:root:Epoch no. 439 of 500 (samples: 539520)
INFO:root:Loss: 3.0512 +/- 0.1407
INFO:root:Epoch no. 440 of 500 (samples: 539520)
INFO:root:Loss: 3.0736 +/- 0.1177
INFO:root:Epoch no. 441 of 500 (samples: 539520)
INFO:root:Loss: 3.0234 +/- 0.1325
INFO:root:Epoch no. 442 of 500 (samples: 539520)
INFO:root:Loss: 3.0675 +/- 0.1308
INFO:root:Epoch no. 443 of 500 (samples: 539520)
INFO:root:Loss: 3.063 +/- 0.1235
INFO:root:Epoch no. 444 of 500 (samples: 539520)
INFO:root:Loss: 3.0851 +/- 0.1335
INFO:root:Epoch no. 445 of 500 (samples: 539520)
INFO:root:Loss: 3.0657 +/- 0.0945
INFO:root:Epoch no. 446 of 500 (samples: 539520)
INFO:root:Loss: 3.1169 +/- 0.1048
INFO:root:Epoch no. 447 of 500 (samples: 539520)
INFO:root:Loss: 3.0563 +/- 0.1207
INFO:root:Epoch no. 448 of 500 (samples: 539520)
INFO:root:Loss: 3.0525 +/- 0.0793
INFO:root:Epoch no. 449 of 500 (samples: 539520)
INFO:root:Loss: 3.0761 +/- 0.0909
INFO:root:Epoch no. 450 of 500 (samples: 539520)
INFO:root:Loss: 3.0164 +/- 0.0606
INFO:root:Epoch no. 451 of 500 (samples: 539520)
INFO:root:Loss: 3.0624 +/- 0.1013
INFO:root:Epoch no. 452 of 500 (samples: 539520)
INFO:root:Loss: 3.0521 +/- 0.0856
INFO:root:Epoch no. 453 of 500 (samples: 539520)
INFO:root:Loss: 3.0585 +/- 0.072
INFO:root:Epoch no. 454 of 500 (samples: 539520)
INFO:root:Loss: 3.1283 +/- 0.1029
INFO:root:Epoch no. 455 of 500 (samples: 539520)
INFO:root:Loss: 3.0951 +/- 0.0873
INFO:root:Epoch no. 456 of 500 (samples: 539520)
INFO:root:Loss: 3.0495 +/- 0.0714
INFO:root:Epoch no. 457 of 500 (samples: 539520)
INFO:root:Loss: 2.9998 +/- 0.1076
INFO:root:Epoch no. 458 of 500 (samples: 539520)
INFO:root:Loss: 3.0633 +/- 0.1199
INFO:root:Epoch no. 459 of 500 (samples: 539520)
INFO:root:Loss: 3.0733 +/- 0.1777
INFO:root:Epoch no. 460 of 500 (samples: 539520)
INFO:root:Loss: 3.0034 +/- 0.0947
INFO:root:Epoch no. 461 of 500 (samples: 539520)
INFO:root:Loss: 3.0025 +/- 0.0676
INFO:root:Epoch no. 462 of 500 (samples: 539520)
INFO:root:Loss: 2.9704 +/- 0.0673
INFO:root:Epoch no. 463 of 500 (samples: 539520)
INFO:root:Loss: 3.0294 +/- 0.0888
INFO:root:Epoch no. 464 of 500 (samples: 539520)
INFO:root:Loss: 3.1192 +/- 0.1559
INFO:root:Epoch no. 465 of 500 (samples: 539520)
INFO:root:Loss: 3.0958 +/- 0.0816
INFO:root:Epoch no. 466 of 500 (samples: 539520)
INFO:root:Loss: 3.0606 +/- 0.0886
INFO:root:Epoch no. 467 of 500 (samples: 539520)
INFO:root:Loss: 3.0549 +/- 0.107
INFO:root:Epoch no. 468 of 500 (samples: 539520)
INFO:root:Loss: 2.9994 +/- 0.1045
INFO:root:Epoch no. 469 of 500 (samples: 539520)
INFO:root:Loss: 3.0441 +/- 0.0839
INFO:root:Epoch no. 470 of 500 (samples: 539520)
INFO:root:Loss: 3.0013 +/- 0.1035
INFO:root:Epoch no. 471 of 500 (samples: 539520)
INFO:root:Loss: 3.0424 +/- 0.1188
INFO:root:Epoch no. 472 of 500 (samples: 539520)
INFO:root:Loss: 3.0255 +/- 0.0911
INFO:root:Epoch no. 473 of 500 (samples: 539520)
INFO:root:Loss: 3.0308 +/- 0.145
INFO:root:Epoch no. 474 of 500 (samples: 539520)
INFO:root:Loss: 3.0172 +/- 0.1288
INFO:root:Epoch no. 475 of 500 (samples: 539520)
INFO:root:Loss: 3.0364 +/- 0.0806
INFO:root:Epoch no. 476 of 500 (samples: 539520)
INFO:root:Loss: 3.0681 +/- 0.1014
INFO:root:Epoch no. 477 of 500 (samples: 539520)
INFO:root:Loss: 2.9892 +/- 0.1293
INFO:root:Epoch no. 478 of 500 (samples: 539520)
INFO:root:Loss: 3.0062 +/- 0.072
INFO:root:Epoch no. 479 of 500 (samples: 539520)
INFO:root:Loss: 3.0427 +/- 0.1413
INFO:root:Epoch no. 480 of 500 (samples: 539520)
INFO:root:Loss: 3.0324 +/- 0.0762
INFO:root:Epoch no. 481 of 500 (samples: 539520)
INFO:root:Loss: 3.0724 +/- 0.1074
INFO:root:Epoch no. 482 of 500 (samples: 539520)
INFO:root:Loss: 3.0687 +/- 0.0756
INFO:root:Epoch no. 483 of 500 (samples: 539520)
INFO:root:Loss: 3.0184 +/- 0.1285
INFO:root:Epoch no. 484 of 500 (samples: 539520)
INFO:root:Loss: 3.0663 +/- 0.0903
INFO:root:Epoch no. 485 of 500 (samples: 539520)
INFO:root:Loss: 3.0306 +/- 0.0913
INFO:root:Epoch no. 486 of 500 (samples: 539520)
INFO:root:Loss: 2.9853 +/- 0.0603
INFO:root:Epoch no. 487 of 500 (samples: 539520)
INFO:root:Loss: 3.1088 +/- 0.107
INFO:root:Epoch no. 488 of 500 (samples: 539520)
INFO:root:Loss: 3.058 +/- 0.047
INFO:root:Epoch no. 489 of 500 (samples: 539520)
INFO:root:Loss: 3.037 +/- 0.0758
INFO:root:Epoch no. 490 of 500 (samples: 539520)
INFO:root:Loss: 3.0381 +/- 0.087
INFO:root:Epoch no. 491 of 500 (samples: 539520)
INFO:root:Loss: 3.0636 +/- 0.1092
INFO:root:Epoch no. 492 of 500 (samples: 539520)
INFO:root:Loss: 2.9963 +/- 0.0637
INFO:root:Epoch no. 493 of 500 (samples: 539520)
INFO:root:Loss: 3.0339 +/- 0.1191
INFO:root:Epoch no. 494 of 500 (samples: 539520)
INFO:root:Loss: 3.1341 +/- 0.1245
INFO:root:Epoch no. 495 of 500 (samples: 539520)
INFO:root:Loss: 3.0176 +/- 0.0495
INFO:root:Epoch no. 496 of 500 (samples: 539520)
INFO:root:Loss: 2.9972 +/- 0.1408
INFO:root:Epoch no. 497 of 500 (samples: 539520)
INFO:root:Loss: 3.0164 +/- 0.0705
INFO:root:Epoch no. 498 of 500 (samples: 539520)
INFO:root:Loss: 3.0073 +/- 0.0828
INFO:root:Epoch no. 499 of 500 (samples: 539520)
INFO:root:Loss: 3.04 +/- 0.1063
INFO:root:Epoch no. 500 of 500 (samples: 539520)
INFO:root:Loss: 3.0418 +/- 0.1083
/usr/local/lib/python3.5/dist-packages/keras/backend/theano_backend.py:527: UserWarning: theano.function was asked to create a function computing outputs given certain inputs, but the provided input variable at index 2 is not part of the computational graph needed to compute the outputs: keras_learning_phase.
To make this warning into an error, you can pass the parameter on_unused_input='raise' to theano.function. To disable it completely, use on_unused_input='ignore'.
  **kwargs)
INFO:root:### MICRO (validation raw):
INFO:root:	-- left   >> mean: 12123.4204, median: 907.0, mrr: 0.024, hits@1: 0.62%
INFO:root:	-- right  >> mean: 3362.0242, median: 49.0, mrr: 0.157, hits@1: 8.5%
INFO:root:	-- global >> mean: 7742.7223, median: 262.0, mrr: 0.09, hits@1: 4.56%
INFO:root:### MICRO (validation raw):
INFO:root:	-- left   >> mean: 12123.4204, median: 907.0, mrr: 0.024, hits@3: 2.04%
INFO:root:	-- right  >> mean: 3362.0242, median: 49.0, mrr: 0.157, hits@3: 16.76%
INFO:root:	-- global >> mean: 7742.7223, median: 262.0, mrr: 0.09, hits@3: 9.4%
INFO:root:### MICRO (validation raw):
INFO:root:	-- left   >> mean: 12123.4204, median: 907.0, mrr: 0.024, hits@5: 2.92%
INFO:root:	-- right  >> mean: 3362.0242, median: 49.0, mrr: 0.157, hits@5: 23.0%
INFO:root:	-- global >> mean: 7742.7223, median: 262.0, mrr: 0.09, hits@5: 12.96%
INFO:root:### MICRO (validation raw):
INFO:root:	-- left   >> mean: 12123.4204, median: 907.0, mrr: 0.024, hits@10: 5.36%
INFO:root:	-- right  >> mean: 3362.0242, median: 49.0, mrr: 0.157, hits@10: 32.34%
INFO:root:	-- global >> mean: 7742.7223, median: 262.0, mrr: 0.09, hits@10: 18.85%
INFO:root:### MICRO (validation filtered):
INFO:root:	-- left   >> mean: 10249.3854, median: 829.0, mrr: 0.041, hits@1: 1.52%
INFO:root:	-- right  >> mean: 3358.9244, median: 44.0, mrr: 0.211, hits@1: 13.26%
INFO:root:	-- global >> mean: 6804.1549, median: 210.0, mrr: 0.126, hits@1: 7.39%
INFO:root:### MICRO (validation filtered):
INFO:root:	-- left   >> mean: 10249.3854, median: 829.0, mrr: 0.041, hits@3: 3.82%
INFO:root:	-- right  >> mean: 3358.9244, median: 44.0, mrr: 0.211, hits@3: 24.42%
INFO:root:	-- global >> mean: 6804.1549, median: 210.0, mrr: 0.126, hits@3: 14.12%
INFO:root:### MICRO (validation filtered):
INFO:root:	-- left   >> mean: 10249.3854, median: 829.0, mrr: 0.041, hits@5: 5.68%
INFO:root:	-- right  >> mean: 3358.9244, median: 44.0, mrr: 0.211, hits@5: 29.32%
INFO:root:	-- global >> mean: 6804.1549, median: 210.0, mrr: 0.126, hits@5: 17.5%
INFO:root:### MICRO (validation filtered):
INFO:root:	-- left   >> mean: 10249.3854, median: 829.0, mrr: 0.041, hits@10: 9.12%
INFO:root:	-- right  >> mean: 3358.9244, median: 44.0, mrr: 0.211, hits@10: 36.16%
INFO:root:	-- global >> mean: 6804.1549, median: 210.0, mrr: 0.126, hits@10: 22.64%
INFO:root:### MICRO (test raw):
INFO:root:	-- left   >> mean: 11346.4402, median: 809.5, mrr: 0.024, hits@1: 0.62%
INFO:root:	-- right  >> mean: 3497.9808, median: 53.0, mrr: 0.159, hits@1: 8.68%
INFO:root:	-- global >> mean: 7422.2105, median: 242.5, mrr: 0.091, hits@1: 4.65%
INFO:root:### MICRO (test raw):
INFO:root:	-- left   >> mean: 11346.4402, median: 809.5, mrr: 0.024, hits@3: 1.74%
INFO:root:	-- right  >> mean: 3497.9808, median: 53.0, mrr: 0.159, hits@3: 16.8%
INFO:root:	-- global >> mean: 7422.2105, median: 242.5, mrr: 0.091, hits@3: 9.27%
INFO:root:### MICRO (test raw):
INFO:root:	-- left   >> mean: 11346.4402, median: 809.5, mrr: 0.024, hits@5: 2.94%
INFO:root:	-- right  >> mean: 3497.9808, median: 53.0, mrr: 0.159, hits@5: 23.3%
INFO:root:	-- global >> mean: 7422.2105, median: 242.5, mrr: 0.091, hits@5: 13.12%
INFO:root:### MICRO (test raw):
INFO:root:	-- left   >> mean: 11346.4402, median: 809.5, mrr: 0.024, hits@10: 5.38%
INFO:root:	-- right  >> mean: 3497.9808, median: 53.0, mrr: 0.159, hits@10: 32.74%
INFO:root:	-- global >> mean: 7422.2105, median: 242.5, mrr: 0.091, hits@10: 19.06%
INFO:root:### MICRO (test filtered):
INFO:root:	-- left   >> mean: 9525.03, median: 707.5, mrr: 0.041, hits@1: 1.38%
INFO:root:	-- right  >> mean: 3494.7568, median: 47.0, mrr: 0.212, hits@1: 13.6%
INFO:root:	-- global >> mean: 6509.8934, median: 194.5, mrr: 0.127, hits@1: 7.49%
INFO:root:### MICRO (test filtered):
INFO:root:	-- left   >> mean: 9525.03, median: 707.5, mrr: 0.041, hits@3: 3.94%
INFO:root:	-- right  >> mean: 3494.7568, median: 47.0, mrr: 0.212, hits@3: 24.26%
INFO:root:	-- global >> mean: 6509.8934, median: 194.5, mrr: 0.127, hits@3: 14.1%
INFO:root:### MICRO (test filtered):
INFO:root:	-- left   >> mean: 9525.03, median: 707.5, mrr: 0.041, hits@5: 5.62%
INFO:root:	-- right  >> mean: 3494.7568, median: 47.0, mrr: 0.212, hits@5: 29.66%
INFO:root:	-- global >> mean: 6509.8934, median: 194.5, mrr: 0.127, hits@5: 17.64%
INFO:root:### MICRO (test filtered):
INFO:root:	-- left   >> mean: 9525.03, median: 707.5, mrr: 0.041, hits@10: 9.18%
INFO:root:	-- right  >> mean: 3494.7568, median: 47.0, mrr: 0.212, hits@10: 36.44%
INFO:root:	-- global >> mean: 6509.8934, median: 194.5, mrr: 0.127, hits@10: 22.81%
