Using Theano backend.
Using gpu device 0: GeForce GTX TITAN X (CNMeM is disabled, cuDNN not available)
INFO:root:Acquiring data/yago3_mte10_5k/yago3_mte10-train.tsv.gz ..
INFO:root:Acquiring data/yago3_mte10_5k/yago3_mte10-valid.tsv.gz ..
INFO:root:Acquiring data/yago3_mte10_5k/yago3_mte10-test.tsv.gz ..
INFO:root:[Rules] Adding Head: 16, Tail: [(16, True)]
INFO:root:[Rules] Adding Head: 16, Tail: [(16, True), (16, True)]
INFO:root:[Rules] Adding Head: 16, Tail: [(16, False), (16, True)]
INFO:root:[Rules] Adding Head: 16, Tail: [(16, False), (16, False)]
INFO:root:[Rules] Adding Head: 16, Tail: [(16, True), (16, False)]
INFO:root:[Rules] Adding Head: 34, Tail: [(22, False)]
INFO:root:[Rules] Adding Head: 29, Tail: [(29, True)]
INFO:root:Samples: 755328, no. batches: 10 -> batch size: 75533
INFO:root:Epoch no. 1 of 500 (samples: 755328)
INFO:root:Loss: 59.6998 +/- 13.2479
INFO:root:Epoch no. 2 of 500 (samples: 755328)
INFO:root:Loss: 34.483 +/- 2.452
INFO:root:Epoch no. 3 of 500 (samples: 755328)
INFO:root:Loss: 26.1888 +/- 0.8826
INFO:root:Epoch no. 4 of 500 (samples: 755328)
INFO:root:Loss: 22.4696 +/- 0.2753
INFO:root:Epoch no. 5 of 500 (samples: 755328)
INFO:root:Loss: 20.4421 +/- 0.15
INFO:root:Epoch no. 6 of 500 (samples: 755328)
INFO:root:Loss: 18.9577 +/- 0.0824
INFO:root:Epoch no. 7 of 500 (samples: 755328)
INFO:root:Loss: 17.6521 +/- 0.0865
INFO:root:Epoch no. 8 of 500 (samples: 755328)
INFO:root:Loss: 16.4756 +/- 0.0791
INFO:root:Epoch no. 9 of 500 (samples: 755328)
INFO:root:Loss: 15.4063 +/- 0.0894
INFO:root:Epoch no. 10 of 500 (samples: 755328)
INFO:root:Loss: 14.4704 +/- 0.0739
INFO:root:Epoch no. 11 of 500 (samples: 755328)
INFO:root:Loss: 13.6914 +/- 0.0248
INFO:root:Epoch no. 12 of 500 (samples: 755328)
INFO:root:Loss: 13.0197 +/- 0.0801
INFO:root:Epoch no. 13 of 500 (samples: 755328)
INFO:root:Loss: 12.4665 +/- 0.0808
INFO:root:Epoch no. 14 of 500 (samples: 755328)
INFO:root:Loss: 12.0301 +/- 0.0949
INFO:root:Epoch no. 15 of 500 (samples: 755328)
INFO:root:Loss: 11.6645 +/- 0.1186
INFO:root:Epoch no. 16 of 500 (samples: 755328)
INFO:root:Loss: 11.3746 +/- 0.1338
INFO:root:Epoch no. 17 of 500 (samples: 755328)
INFO:root:Loss: 11.1779 +/- 0.0948
INFO:root:Epoch no. 18 of 500 (samples: 755328)
INFO:root:Loss: 10.9789 +/- 0.1453
INFO:root:Epoch no. 19 of 500 (samples: 755328)
INFO:root:Loss: 10.8037 +/- 0.1317
INFO:root:Epoch no. 20 of 500 (samples: 755328)
INFO:root:Loss: 10.6714 +/- 0.1381
INFO:root:Epoch no. 21 of 500 (samples: 755328)
INFO:root:Loss: 10.5341 +/- 0.1466
INFO:root:Epoch no. 22 of 500 (samples: 755328)
INFO:root:Loss: 10.4796 +/- 0.1434
INFO:root:Epoch no. 23 of 500 (samples: 755328)
INFO:root:Loss: 10.3216 +/- 0.1565
INFO:root:Epoch no. 24 of 500 (samples: 755328)
INFO:root:Loss: 10.2619 +/- 0.1359
INFO:root:Epoch no. 25 of 500 (samples: 755328)
INFO:root:Loss: 10.2174 +/- 0.1357
INFO:root:Epoch no. 26 of 500 (samples: 755328)
INFO:root:Loss: 10.1088 +/- 0.1418
INFO:root:Epoch no. 27 of 500 (samples: 755328)
INFO:root:Loss: 10.0582 +/- 0.1203
INFO:root:Epoch no. 28 of 500 (samples: 755328)
INFO:root:Loss: 9.9972 +/- 0.1307
INFO:root:Epoch no. 29 of 500 (samples: 755328)
INFO:root:Loss: 9.9446 +/- 0.1167
INFO:root:Epoch no. 30 of 500 (samples: 755328)
INFO:root:Loss: 9.8916 +/- 0.1366
INFO:root:Epoch no. 31 of 500 (samples: 755328)
INFO:root:Loss: 9.8522 +/- 0.14
INFO:root:Epoch no. 32 of 500 (samples: 755328)
INFO:root:Loss: 9.7807 +/- 0.1121
INFO:root:Epoch no. 33 of 500 (samples: 755328)
INFO:root:Loss: 9.7347 +/- 0.0759
INFO:root:Epoch no. 34 of 500 (samples: 755328)
INFO:root:Loss: 9.7053 +/- 0.113
INFO:root:Epoch no. 35 of 500 (samples: 755328)
INFO:root:Loss: 9.6742 +/- 0.1216
INFO:root:Epoch no. 36 of 500 (samples: 755328)
INFO:root:Loss: 9.6367 +/- 0.1447
INFO:root:Epoch no. 37 of 500 (samples: 755328)
INFO:root:Loss: 9.6077 +/- 0.1485
INFO:root:Epoch no. 38 of 500 (samples: 755328)
INFO:root:Loss: 9.5749 +/- 0.1322
INFO:root:Epoch no. 39 of 500 (samples: 755328)
INFO:root:Loss: 9.5275 +/- 0.1082
INFO:root:Epoch no. 40 of 500 (samples: 755328)
INFO:root:Loss: 9.5327 +/- 0.1027
INFO:root:Epoch no. 41 of 500 (samples: 755328)
INFO:root:Loss: 9.4973 +/- 0.1144
INFO:root:Epoch no. 42 of 500 (samples: 755328)
INFO:root:Loss: 9.4661 +/- 0.1028
INFO:root:Epoch no. 43 of 500 (samples: 755328)
INFO:root:Loss: 9.417 +/- 0.1118
INFO:root:Epoch no. 44 of 500 (samples: 755328)
INFO:root:Loss: 9.4131 +/- 0.1252
INFO:root:Epoch no. 45 of 500 (samples: 755328)
INFO:root:Loss: 9.3819 +/- 0.1221
INFO:root:Epoch no. 46 of 500 (samples: 755328)
INFO:root:Loss: 9.3552 +/- 0.1178
INFO:root:Epoch no. 47 of 500 (samples: 755328)
INFO:root:Loss: 9.3513 +/- 0.0879
INFO:root:Epoch no. 48 of 500 (samples: 755328)
INFO:root:Loss: 9.3116 +/- 0.1076
INFO:root:Epoch no. 49 of 500 (samples: 755328)
INFO:root:Loss: 9.3154 +/- 0.1295
INFO:root:Epoch no. 50 of 500 (samples: 755328)
INFO:root:Loss: 9.2999 +/- 0.1013
INFO:root:Epoch no. 51 of 500 (samples: 755328)
INFO:root:Loss: 9.2762 +/- 0.1055
INFO:root:Epoch no. 52 of 500 (samples: 755328)
INFO:root:Loss: 9.2463 +/- 0.09
INFO:root:Epoch no. 53 of 500 (samples: 755328)
INFO:root:Loss: 9.2229 +/- 0.1137
INFO:root:Epoch no. 54 of 500 (samples: 755328)
INFO:root:Loss: 9.2159 +/- 0.12
INFO:root:Epoch no. 55 of 500 (samples: 755328)
INFO:root:Loss: 9.202 +/- 0.1102
INFO:root:Epoch no. 56 of 500 (samples: 755328)
INFO:root:Loss: 9.1677 +/- 0.1192
INFO:root:Epoch no. 57 of 500 (samples: 755328)
INFO:root:Loss: 9.1644 +/- 0.1147
INFO:root:Epoch no. 58 of 500 (samples: 755328)
INFO:root:Loss: 9.1487 +/- 0.0939
INFO:root:Epoch no. 59 of 500 (samples: 755328)
INFO:root:Loss: 9.139 +/- 0.0833
INFO:root:Epoch no. 60 of 500 (samples: 755328)
INFO:root:Loss: 9.1252 +/- 0.0972
INFO:root:Epoch no. 61 of 500 (samples: 755328)
INFO:root:Loss: 9.1112 +/- 0.0778
INFO:root:Epoch no. 62 of 500 (samples: 755328)
INFO:root:Loss: 9.1035 +/- 0.1091
INFO:root:Epoch no. 63 of 500 (samples: 755328)
INFO:root:Loss: 9.0838 +/- 0.1268
INFO:root:Epoch no. 64 of 500 (samples: 755328)
INFO:root:Loss: 9.0523 +/- 0.1039
INFO:root:Epoch no. 65 of 500 (samples: 755328)
INFO:root:Loss: 9.0451 +/- 0.1117
INFO:root:Epoch no. 66 of 500 (samples: 755328)
INFO:root:Loss: 9.0452 +/- 0.0921
INFO:root:Epoch no. 67 of 500 (samples: 755328)
INFO:root:Loss: 9.044 +/- 0.1309
INFO:root:Epoch no. 68 of 500 (samples: 755328)
INFO:root:Loss: 9.0092 +/- 0.1007
INFO:root:Epoch no. 69 of 500 (samples: 755328)
INFO:root:Loss: 9.0357 +/- 0.0865
INFO:root:Epoch no. 70 of 500 (samples: 755328)
INFO:root:Loss: 9.0022 +/- 0.1002
INFO:root:Epoch no. 71 of 500 (samples: 755328)
INFO:root:Loss: 9.0149 +/- 0.1104
INFO:root:Epoch no. 72 of 500 (samples: 755328)
INFO:root:Loss: 8.9813 +/- 0.0927
INFO:root:Epoch no. 73 of 500 (samples: 755328)
INFO:root:Loss: 8.9951 +/- 0.0894
INFO:root:Epoch no. 74 of 500 (samples: 755328)
INFO:root:Loss: 8.9744 +/- 0.0888
INFO:root:Epoch no. 75 of 500 (samples: 755328)
INFO:root:Loss: 8.9789 +/- 0.074
INFO:root:Epoch no. 76 of 500 (samples: 755328)
INFO:root:Loss: 8.9463 +/- 0.0976
INFO:root:Epoch no. 77 of 500 (samples: 755328)
INFO:root:Loss: 8.9616 +/- 0.1049
INFO:root:Epoch no. 78 of 500 (samples: 755328)
INFO:root:Loss: 8.9419 +/- 0.1168
INFO:root:Epoch no. 79 of 500 (samples: 755328)
INFO:root:Loss: 8.9257 +/- 0.0868
INFO:root:Epoch no. 80 of 500 (samples: 755328)
INFO:root:Loss: 8.9192 +/- 0.0619
INFO:root:Epoch no. 81 of 500 (samples: 755328)
INFO:root:Loss: 8.9059 +/- 0.0694
INFO:root:Epoch no. 82 of 500 (samples: 755328)
INFO:root:Loss: 8.914 +/- 0.125
INFO:root:Epoch no. 83 of 500 (samples: 755328)
INFO:root:Loss: 8.9061 +/- 0.0786
INFO:root:Epoch no. 84 of 500 (samples: 755328)
INFO:root:Loss: 8.8959 +/- 0.0959
INFO:root:Epoch no. 85 of 500 (samples: 755328)
INFO:root:Loss: 8.8988 +/- 0.0611
INFO:root:Epoch no. 86 of 500 (samples: 755328)
INFO:root:Loss: 8.8858 +/- 0.0838
INFO:root:Epoch no. 87 of 500 (samples: 755328)
INFO:root:Loss: 8.8658 +/- 0.0824
INFO:root:Epoch no. 88 of 500 (samples: 755328)
INFO:root:Loss: 8.8705 +/- 0.1083
INFO:root:Epoch no. 89 of 500 (samples: 755328)
INFO:root:Loss: 8.8514 +/- 0.0697
INFO:root:Epoch no. 90 of 500 (samples: 755328)
INFO:root:Loss: 8.8712 +/- 0.0822
INFO:root:Epoch no. 91 of 500 (samples: 755328)
INFO:root:Loss: 8.8494 +/- 0.111
INFO:root:Epoch no. 92 of 500 (samples: 755328)
INFO:root:Loss: 8.8568 +/- 0.0785
INFO:root:Epoch no. 93 of 500 (samples: 755328)
INFO:root:Loss: 8.8368 +/- 0.0961
INFO:root:Epoch no. 94 of 500 (samples: 755328)
INFO:root:Loss: 8.8336 +/- 0.0915
INFO:root:Epoch no. 95 of 500 (samples: 755328)
INFO:root:Loss: 8.8255 +/- 0.0997
INFO:root:Epoch no. 96 of 500 (samples: 755328)
INFO:root:Loss: 8.8136 +/- 0.076
INFO:root:Epoch no. 97 of 500 (samples: 755328)
INFO:root:Loss: 8.8403 +/- 0.1028
INFO:root:Epoch no. 98 of 500 (samples: 755328)
INFO:root:Loss: 8.8029 +/- 0.0897
INFO:root:Epoch no. 99 of 500 (samples: 755328)
INFO:root:Loss: 8.8228 +/- 0.0736
INFO:root:Epoch no. 100 of 500 (samples: 755328)
INFO:root:Loss: 8.803 +/- 0.0837
INFO:root:Epoch no. 101 of 500 (samples: 755328)
INFO:root:Loss: 8.7783 +/- 0.0811
INFO:root:Epoch no. 102 of 500 (samples: 755328)
INFO:root:Loss: 8.7899 +/- 0.0981
INFO:root:Epoch no. 103 of 500 (samples: 755328)
INFO:root:Loss: 8.7829 +/- 0.1234
INFO:root:Epoch no. 104 of 500 (samples: 755328)
INFO:root:Loss: 8.7823 +/- 0.0877
INFO:root:Epoch no. 105 of 500 (samples: 755328)
INFO:root:Loss: 8.7774 +/- 0.0879
INFO:root:Epoch no. 106 of 500 (samples: 755328)
INFO:root:Loss: 8.7663 +/- 0.0729
INFO:root:Epoch no. 107 of 500 (samples: 755328)
INFO:root:Loss: 8.7859 +/- 0.0799
INFO:root:Epoch no. 108 of 500 (samples: 755328)
INFO:root:Loss: 8.7672 +/- 0.0881
INFO:root:Epoch no. 109 of 500 (samples: 755328)
INFO:root:Loss: 8.7678 +/- 0.087
INFO:root:Epoch no. 110 of 500 (samples: 755328)
INFO:root:Loss: 8.7661 +/- 0.0883
INFO:root:Epoch no. 111 of 500 (samples: 755328)
INFO:root:Loss: 8.7411 +/- 0.0829
INFO:root:Epoch no. 112 of 500 (samples: 755328)
INFO:root:Loss: 8.7482 +/- 0.0788
INFO:root:Epoch no. 113 of 500 (samples: 755328)
INFO:root:Loss: 8.7604 +/- 0.0815
INFO:root:Epoch no. 114 of 500 (samples: 755328)
INFO:root:Loss: 8.7202 +/- 0.094
INFO:root:Epoch no. 115 of 500 (samples: 755328)
INFO:root:Loss: 8.7476 +/- 0.1013
INFO:root:Epoch no. 116 of 500 (samples: 755328)
INFO:root:Loss: 8.7542 +/- 0.071
INFO:root:Epoch no. 117 of 500 (samples: 755328)
INFO:root:Loss: 8.7339 +/- 0.0788
INFO:root:Epoch no. 118 of 500 (samples: 755328)
INFO:root:Loss: 8.7339 +/- 0.0834
INFO:root:Epoch no. 119 of 500 (samples: 755328)
INFO:root:Loss: 8.7319 +/- 0.0773
INFO:root:Epoch no. 120 of 500 (samples: 755328)
INFO:root:Loss: 8.7234 +/- 0.0893
INFO:root:Epoch no. 121 of 500 (samples: 755328)
INFO:root:Loss: 8.7296 +/- 0.0494
INFO:root:Epoch no. 122 of 500 (samples: 755328)
INFO:root:Loss: 8.7003 +/- 0.0749
INFO:root:Epoch no. 123 of 500 (samples: 755328)
INFO:root:Loss: 8.7283 +/- 0.0735
INFO:root:Epoch no. 124 of 500 (samples: 755328)
INFO:root:Loss: 8.7194 +/- 0.108
INFO:root:Epoch no. 125 of 500 (samples: 755328)
INFO:root:Loss: 8.7117 +/- 0.0895
INFO:root:Epoch no. 126 of 500 (samples: 755328)
INFO:root:Loss: 8.7054 +/- 0.0813
INFO:root:Epoch no. 127 of 500 (samples: 755328)
INFO:root:Loss: 8.6897 +/- 0.0882
INFO:root:Epoch no. 128 of 500 (samples: 755328)
INFO:root:Loss: 8.6962 +/- 0.0833
INFO:root:Epoch no. 129 of 500 (samples: 755328)
INFO:root:Loss: 8.6851 +/- 0.0891
INFO:root:Epoch no. 130 of 500 (samples: 755328)
INFO:root:Loss: 8.7001 +/- 0.076
INFO:root:Epoch no. 131 of 500 (samples: 755328)
INFO:root:Loss: 8.7056 +/- 0.111
INFO:root:Epoch no. 132 of 500 (samples: 755328)
INFO:root:Loss: 8.6872 +/- 0.0635
INFO:root:Epoch no. 133 of 500 (samples: 755328)
INFO:root:Loss: 8.6818 +/- 0.0892
INFO:root:Epoch no. 134 of 500 (samples: 755328)
INFO:root:Loss: 8.6723 +/- 0.0673
INFO:root:Epoch no. 135 of 500 (samples: 755328)
INFO:root:Loss: 8.7039 +/- 0.0682
INFO:root:Epoch no. 136 of 500 (samples: 755328)
INFO:root:Loss: 8.6858 +/- 0.102
INFO:root:Epoch no. 137 of 500 (samples: 755328)
INFO:root:Loss: 8.6898 +/- 0.0766
INFO:root:Epoch no. 138 of 500 (samples: 755328)
INFO:root:Loss: 8.6715 +/- 0.0599
INFO:root:Epoch no. 139 of 500 (samples: 755328)
INFO:root:Loss: 8.6678 +/- 0.0679
INFO:root:Epoch no. 140 of 500 (samples: 755328)
INFO:root:Loss: 8.6624 +/- 0.0926
INFO:root:Epoch no. 141 of 500 (samples: 755328)
INFO:root:Loss: 8.6822 +/- 0.076
INFO:root:Epoch no. 142 of 500 (samples: 755328)
INFO:root:Loss: 8.6749 +/- 0.0856
INFO:root:Epoch no. 143 of 500 (samples: 755328)
INFO:root:Loss: 8.6628 +/- 0.0832
INFO:root:Epoch no. 144 of 500 (samples: 755328)
INFO:root:Loss: 8.665 +/- 0.0722
INFO:root:Epoch no. 145 of 500 (samples: 755328)
INFO:root:Loss: 8.6356 +/- 0.0731
INFO:root:Epoch no. 146 of 500 (samples: 755328)
INFO:root:Loss: 8.6581 +/- 0.0738
INFO:root:Epoch no. 147 of 500 (samples: 755328)
INFO:root:Loss: 8.6605 +/- 0.1121
INFO:root:Epoch no. 148 of 500 (samples: 755328)
INFO:root:Loss: 8.6634 +/- 0.071
INFO:root:Epoch no. 149 of 500 (samples: 755328)
INFO:root:Loss: 8.6244 +/- 0.0914
INFO:root:Epoch no. 150 of 500 (samples: 755328)
INFO:root:Loss: 8.6478 +/- 0.0819
INFO:root:Epoch no. 151 of 500 (samples: 755328)
INFO:root:Loss: 8.6462 +/- 0.0655
INFO:root:Epoch no. 152 of 500 (samples: 755328)
INFO:root:Loss: 8.6641 +/- 0.0769
INFO:root:Epoch no. 153 of 500 (samples: 755328)
INFO:root:Loss: 8.6521 +/- 0.0817
INFO:root:Epoch no. 154 of 500 (samples: 755328)
INFO:root:Loss: 8.6262 +/- 0.0813
INFO:root:Epoch no. 155 of 500 (samples: 755328)
INFO:root:Loss: 8.6575 +/- 0.0955
INFO:root:Epoch no. 156 of 500 (samples: 755328)
INFO:root:Loss: 8.6216 +/- 0.075
INFO:root:Epoch no. 157 of 500 (samples: 755328)
INFO:root:Loss: 8.6315 +/- 0.0813
INFO:root:Epoch no. 158 of 500 (samples: 755328)
INFO:root:Loss: 8.621 +/- 0.0749
INFO:root:Epoch no. 159 of 500 (samples: 755328)
INFO:root:Loss: 8.6572 +/- 0.092
INFO:root:Epoch no. 160 of 500 (samples: 755328)
INFO:root:Loss: 8.6403 +/- 0.0451
INFO:root:Epoch no. 161 of 500 (samples: 755328)
INFO:root:Loss: 8.6476 +/- 0.0471
INFO:root:Epoch no. 162 of 500 (samples: 755328)
INFO:root:Loss: 8.6353 +/- 0.0857
INFO:root:Epoch no. 163 of 500 (samples: 755328)
INFO:root:Loss: 8.6243 +/- 0.0774
INFO:root:Epoch no. 164 of 500 (samples: 755328)
INFO:root:Loss: 8.6296 +/- 0.0683
INFO:root:Epoch no. 165 of 500 (samples: 755328)
INFO:root:Loss: 8.6223 +/- 0.05
INFO:root:Epoch no. 166 of 500 (samples: 755328)
INFO:root:Loss: 8.6373 +/- 0.0821
INFO:root:Epoch no. 167 of 500 (samples: 755328)
INFO:root:Loss: 8.634 +/- 0.0763
INFO:root:Epoch no. 168 of 500 (samples: 755328)
INFO:root:Loss: 8.6285 +/- 0.0599
INFO:root:Epoch no. 169 of 500 (samples: 755328)
INFO:root:Loss: 8.6038 +/- 0.0814
INFO:root:Epoch no. 170 of 500 (samples: 755328)
INFO:root:Loss: 8.6091 +/- 0.0728
INFO:root:Epoch no. 171 of 500 (samples: 755328)
INFO:root:Loss: 8.6198 +/- 0.0784
INFO:root:Epoch no. 172 of 500 (samples: 755328)
INFO:root:Loss: 8.6153 +/- 0.0796
INFO:root:Epoch no. 173 of 500 (samples: 755328)
INFO:root:Loss: 8.6399 +/- 0.082
INFO:root:Epoch no. 174 of 500 (samples: 755328)
INFO:root:Loss: 8.6191 +/- 0.0924
INFO:root:Epoch no. 175 of 500 (samples: 755328)
INFO:root:Loss: 8.5982 +/- 0.066
INFO:root:Epoch no. 176 of 500 (samples: 755328)
INFO:root:Loss: 8.6098 +/- 0.0555
INFO:root:Epoch no. 177 of 500 (samples: 755328)
INFO:root:Loss: 8.5836 +/- 0.0986
INFO:root:Epoch no. 178 of 500 (samples: 755328)
INFO:root:Loss: 8.6025 +/- 0.0819
INFO:root:Epoch no. 179 of 500 (samples: 755328)
INFO:root:Loss: 8.6036 +/- 0.061
INFO:root:Epoch no. 180 of 500 (samples: 755328)
INFO:root:Loss: 8.6009 +/- 0.1004
INFO:root:Epoch no. 181 of 500 (samples: 755328)
INFO:root:Loss: 8.6072 +/- 0.0766
INFO:root:Epoch no. 182 of 500 (samples: 755328)
INFO:root:Loss: 8.5908 +/- 0.0602
INFO:root:Epoch no. 183 of 500 (samples: 755328)
INFO:root:Loss: 8.5847 +/- 0.0773
INFO:root:Epoch no. 184 of 500 (samples: 755328)
INFO:root:Loss: 8.6131 +/- 0.0861
INFO:root:Epoch no. 185 of 500 (samples: 755328)
INFO:root:Loss: 8.5856 +/- 0.0516
INFO:root:Epoch no. 186 of 500 (samples: 755328)
INFO:root:Loss: 8.59 +/- 0.0997
INFO:root:Epoch no. 187 of 500 (samples: 755328)
INFO:root:Loss: 8.6002 +/- 0.072
INFO:root:Epoch no. 188 of 500 (samples: 755328)
INFO:root:Loss: 8.5827 +/- 0.0637
INFO:root:Epoch no. 189 of 500 (samples: 755328)
INFO:root:Loss: 8.5855 +/- 0.0768
INFO:root:Epoch no. 190 of 500 (samples: 755328)
INFO:root:Loss: 8.5897 +/- 0.0842
INFO:root:Epoch no. 191 of 500 (samples: 755328)
INFO:root:Loss: 8.592 +/- 0.0481
INFO:root:Epoch no. 192 of 500 (samples: 755328)
INFO:root:Loss: 8.5871 +/- 0.0588
INFO:root:Epoch no. 193 of 500 (samples: 755328)
INFO:root:Loss: 8.5825 +/- 0.0796
INFO:root:Epoch no. 194 of 500 (samples: 755328)
INFO:root:Loss: 8.5792 +/- 0.0754
INFO:root:Epoch no. 195 of 500 (samples: 755328)
INFO:root:Loss: 8.583 +/- 0.0572
INFO:root:Epoch no. 196 of 500 (samples: 755328)
INFO:root:Loss: 8.5744 +/- 0.0742
INFO:root:Epoch no. 197 of 500 (samples: 755328)
INFO:root:Loss: 8.5862 +/- 0.0674
INFO:root:Epoch no. 198 of 500 (samples: 755328)
INFO:root:Loss: 8.5867 +/- 0.0614
INFO:root:Epoch no. 199 of 500 (samples: 755328)
INFO:root:Loss: 8.5723 +/- 0.0674
INFO:root:Epoch no. 200 of 500 (samples: 755328)
INFO:root:Loss: 8.5945 +/- 0.0821
INFO:root:Epoch no. 201 of 500 (samples: 755328)
INFO:root:Loss: 8.5616 +/- 0.0564
INFO:root:Epoch no. 202 of 500 (samples: 755328)
INFO:root:Loss: 8.5824 +/- 0.1091
INFO:root:Epoch no. 203 of 500 (samples: 755328)
INFO:root:Loss: 8.5701 +/- 0.0702
INFO:root:Epoch no. 204 of 500 (samples: 755328)
INFO:root:Loss: 8.5661 +/- 0.0715
INFO:root:Epoch no. 205 of 500 (samples: 755328)
INFO:root:Loss: 8.573 +/- 0.0891
INFO:root:Epoch no. 206 of 500 (samples: 755328)
INFO:root:Loss: 8.5663 +/- 0.0562
INFO:root:Epoch no. 207 of 500 (samples: 755328)
INFO:root:Loss: 8.5727 +/- 0.0642
INFO:root:Epoch no. 208 of 500 (samples: 755328)
INFO:root:Loss: 8.5615 +/- 0.0999
INFO:root:Epoch no. 209 of 500 (samples: 755328)
INFO:root:Loss: 8.577 +/- 0.1081
INFO:root:Epoch no. 210 of 500 (samples: 755328)
INFO:root:Loss: 8.5395 +/- 0.0573
INFO:root:Epoch no. 211 of 500 (samples: 755328)
INFO:root:Loss: 8.5845 +/- 0.0399
INFO:root:Epoch no. 212 of 500 (samples: 755328)
INFO:root:Loss: 8.5752 +/- 0.0985
INFO:root:Epoch no. 213 of 500 (samples: 755328)
INFO:root:Loss: 8.5509 +/- 0.0611
INFO:root:Epoch no. 214 of 500 (samples: 755328)
INFO:root:Loss: 8.5631 +/- 0.0762
INFO:root:Epoch no. 215 of 500 (samples: 755328)
INFO:root:Loss: 8.5462 +/- 0.0582
INFO:root:Epoch no. 216 of 500 (samples: 755328)
INFO:root:Loss: 8.5505 +/- 0.0863
INFO:root:Epoch no. 217 of 500 (samples: 755328)
INFO:root:Loss: 8.5566 +/- 0.0764
INFO:root:Epoch no. 218 of 500 (samples: 755328)
INFO:root:Loss: 8.5468 +/- 0.047
INFO:root:Epoch no. 219 of 500 (samples: 755328)
INFO:root:Loss: 8.5418 +/- 0.0899
INFO:root:Epoch no. 220 of 500 (samples: 755328)
INFO:root:Loss: 8.5172 +/- 0.0859
INFO:root:Epoch no. 221 of 500 (samples: 755328)
INFO:root:Loss: 8.5655 +/- 0.0764
INFO:root:Epoch no. 222 of 500 (samples: 755328)
INFO:root:Loss: 8.5379 +/- 0.0793
INFO:root:Epoch no. 223 of 500 (samples: 755328)
INFO:root:Loss: 8.5467 +/- 0.059
INFO:root:Epoch no. 224 of 500 (samples: 755328)
INFO:root:Loss: 8.5567 +/- 0.0608
INFO:root:Epoch no. 225 of 500 (samples: 755328)
INFO:root:Loss: 8.5629 +/- 0.0744
INFO:root:Epoch no. 226 of 500 (samples: 755328)
INFO:root:Loss: 8.5618 +/- 0.0734
INFO:root:Epoch no. 227 of 500 (samples: 755328)
INFO:root:Loss: 8.5493 +/- 0.0606
INFO:root:Epoch no. 228 of 500 (samples: 755328)
INFO:root:Loss: 8.5672 +/- 0.0586
INFO:root:Epoch no. 229 of 500 (samples: 755328)
INFO:root:Loss: 8.5425 +/- 0.0815
INFO:root:Epoch no. 230 of 500 (samples: 755328)
INFO:root:Loss: 8.5488 +/- 0.0566
INFO:root:Epoch no. 231 of 500 (samples: 755328)
INFO:root:Loss: 8.5469 +/- 0.0706
INFO:root:Epoch no. 232 of 500 (samples: 755328)
INFO:root:Loss: 8.5543 +/- 0.1043
INFO:root:Epoch no. 233 of 500 (samples: 755328)
INFO:root:Loss: 8.5439 +/- 0.0599
INFO:root:Epoch no. 234 of 500 (samples: 755328)
INFO:root:Loss: 8.5408 +/- 0.089
INFO:root:Epoch no. 235 of 500 (samples: 755328)
INFO:root:Loss: 8.5435 +/- 0.0778
INFO:root:Epoch no. 236 of 500 (samples: 755328)
INFO:root:Loss: 8.5497 +/- 0.0783
INFO:root:Epoch no. 237 of 500 (samples: 755328)
INFO:root:Loss: 8.5012 +/- 0.0633
INFO:root:Epoch no. 238 of 500 (samples: 755328)
INFO:root:Loss: 8.5296 +/- 0.089
INFO:root:Epoch no. 239 of 500 (samples: 755328)
INFO:root:Loss: 8.5411 +/- 0.0636
INFO:root:Epoch no. 240 of 500 (samples: 755328)
INFO:root:Loss: 8.5295 +/- 0.0556
INFO:root:Epoch no. 241 of 500 (samples: 755328)
INFO:root:Loss: 8.5288 +/- 0.0772
INFO:root:Epoch no. 242 of 500 (samples: 755328)
INFO:root:Loss: 8.5395 +/- 0.0637
INFO:root:Epoch no. 243 of 500 (samples: 755328)
INFO:root:Loss: 8.5585 +/- 0.0721
INFO:root:Epoch no. 244 of 500 (samples: 755328)
INFO:root:Loss: 8.5297 +/- 0.077
INFO:root:Epoch no. 245 of 500 (samples: 755328)
INFO:root:Loss: 8.5367 +/- 0.0704
INFO:root:Epoch no. 246 of 500 (samples: 755328)
INFO:root:Loss: 8.5375 +/- 0.0755
INFO:root:Epoch no. 247 of 500 (samples: 755328)
INFO:root:Loss: 8.5386 +/- 0.0671
INFO:root:Epoch no. 248 of 500 (samples: 755328)
INFO:root:Loss: 8.5347 +/- 0.0674
INFO:root:Epoch no. 249 of 500 (samples: 755328)
INFO:root:Loss: 8.5197 +/- 0.0577
INFO:root:Epoch no. 250 of 500 (samples: 755328)
INFO:root:Loss: 8.5415 +/- 0.0645
INFO:root:Epoch no. 251 of 500 (samples: 755328)
INFO:root:Loss: 8.5283 +/- 0.071
INFO:root:Epoch no. 252 of 500 (samples: 755328)
INFO:root:Loss: 8.5319 +/- 0.0396
INFO:root:Epoch no. 253 of 500 (samples: 755328)
INFO:root:Loss: 8.5324 +/- 0.0462
INFO:root:Epoch no. 254 of 500 (samples: 755328)
INFO:root:Loss: 8.525 +/- 0.0529
INFO:root:Epoch no. 255 of 500 (samples: 755328)
INFO:root:Loss: 8.5339 +/- 0.0777
INFO:root:Epoch no. 256 of 500 (samples: 755328)
INFO:root:Loss: 8.5241 +/- 0.0973
INFO:root:Epoch no. 257 of 500 (samples: 755328)
INFO:root:Loss: 8.5367 +/- 0.044
INFO:root:Epoch no. 258 of 500 (samples: 755328)
INFO:root:Loss: 8.5418 +/- 0.06
INFO:root:Epoch no. 259 of 500 (samples: 755328)
INFO:root:Loss: 8.5361 +/- 0.0815
INFO:root:Epoch no. 260 of 500 (samples: 755328)
INFO:root:Loss: 8.5277 +/- 0.0487
INFO:root:Epoch no. 261 of 500 (samples: 755328)
INFO:root:Loss: 8.5244 +/- 0.0488
INFO:root:Epoch no. 262 of 500 (samples: 755328)
INFO:root:Loss: 8.5328 +/- 0.0734
INFO:root:Epoch no. 263 of 500 (samples: 755328)
INFO:root:Loss: 8.5274 +/- 0.0483
INFO:root:Epoch no. 264 of 500 (samples: 755328)
INFO:root:Loss: 8.509 +/- 0.0779
INFO:root:Epoch no. 265 of 500 (samples: 755328)
INFO:root:Loss: 8.5397 +/- 0.0893
INFO:root:Epoch no. 266 of 500 (samples: 755328)
INFO:root:Loss: 8.5092 +/- 0.0845
INFO:root:Epoch no. 267 of 500 (samples: 755328)
INFO:root:Loss: 8.5425 +/- 0.0692
INFO:root:Epoch no. 268 of 500 (samples: 755328)
INFO:root:Loss: 8.5039 +/- 0.0536
INFO:root:Epoch no. 269 of 500 (samples: 755328)
INFO:root:Loss: 8.5219 +/- 0.0719
INFO:root:Epoch no. 270 of 500 (samples: 755328)
INFO:root:Loss: 8.5117 +/- 0.0667
INFO:root:Epoch no. 271 of 500 (samples: 755328)
INFO:root:Loss: 8.5174 +/- 0.0734
INFO:root:Epoch no. 272 of 500 (samples: 755328)
INFO:root:Loss: 8.5336 +/- 0.05
INFO:root:Epoch no. 273 of 500 (samples: 755328)
INFO:root:Loss: 8.5012 +/- 0.0587
INFO:root:Epoch no. 274 of 500 (samples: 755328)
INFO:root:Loss: 8.5199 +/- 0.0592
INFO:root:Epoch no. 275 of 500 (samples: 755328)
INFO:root:Loss: 8.5328 +/- 0.0651
INFO:root:Epoch no. 276 of 500 (samples: 755328)
INFO:root:Loss: 8.5138 +/- 0.0778
INFO:root:Epoch no. 277 of 500 (samples: 755328)
INFO:root:Loss: 8.5166 +/- 0.0585
INFO:root:Epoch no. 278 of 500 (samples: 755328)
INFO:root:Loss: 8.5129 +/- 0.0494
INFO:root:Epoch no. 279 of 500 (samples: 755328)
INFO:root:Loss: 8.5221 +/- 0.061
INFO:root:Epoch no. 280 of 500 (samples: 755328)
INFO:root:Loss: 8.4939 +/- 0.063
INFO:root:Epoch no. 281 of 500 (samples: 755328)
INFO:root:Loss: 8.503 +/- 0.0688
INFO:root:Epoch no. 282 of 500 (samples: 755328)
INFO:root:Loss: 8.5176 +/- 0.0602
INFO:root:Epoch no. 283 of 500 (samples: 755328)
INFO:root:Loss: 8.5185 +/- 0.052
INFO:root:Epoch no. 284 of 500 (samples: 755328)
INFO:root:Loss: 8.5072 +/- 0.0687
INFO:root:Epoch no. 285 of 500 (samples: 755328)
INFO:root:Loss: 8.5215 +/- 0.0562
INFO:root:Epoch no. 286 of 500 (samples: 755328)
INFO:root:Loss: 8.536 +/- 0.084
INFO:root:Epoch no. 287 of 500 (samples: 755328)
INFO:root:Loss: 8.518 +/- 0.0525
INFO:root:Epoch no. 288 of 500 (samples: 755328)
INFO:root:Loss: 8.5289 +/- 0.0568
INFO:root:Epoch no. 289 of 500 (samples: 755328)
INFO:root:Loss: 8.5129 +/- 0.0454
INFO:root:Epoch no. 290 of 500 (samples: 755328)
INFO:root:Loss: 8.5173 +/- 0.0773
INFO:root:Epoch no. 291 of 500 (samples: 755328)
INFO:root:Loss: 8.5 +/- 0.0659
INFO:root:Epoch no. 292 of 500 (samples: 755328)
INFO:root:Loss: 8.4994 +/- 0.0571
INFO:root:Epoch no. 293 of 500 (samples: 755328)
INFO:root:Loss: 8.518 +/- 0.0761
INFO:root:Epoch no. 294 of 500 (samples: 755328)
INFO:root:Loss: 8.5277 +/- 0.0711
INFO:root:Epoch no. 295 of 500 (samples: 755328)
INFO:root:Loss: 8.4972 +/- 0.0792
INFO:root:Epoch no. 296 of 500 (samples: 755328)
INFO:root:Loss: 8.5105 +/- 0.0474
INFO:root:Epoch no. 297 of 500 (samples: 755328)
INFO:root:Loss: 8.5122 +/- 0.0708
INFO:root:Epoch no. 298 of 500 (samples: 755328)
INFO:root:Loss: 8.5005 +/- 0.0735
INFO:root:Epoch no. 299 of 500 (samples: 755328)
INFO:root:Loss: 8.5185 +/- 0.0389
INFO:root:Epoch no. 300 of 500 (samples: 755328)
INFO:root:Loss: 8.4969 +/- 0.0764
INFO:root:Epoch no. 301 of 500 (samples: 755328)
INFO:root:Loss: 8.4964 +/- 0.0514
INFO:root:Epoch no. 302 of 500 (samples: 755328)
INFO:root:Loss: 8.5223 +/- 0.0465
INFO:root:Epoch no. 303 of 500 (samples: 755328)
INFO:root:Loss: 8.5092 +/- 0.0701
INFO:root:Epoch no. 304 of 500 (samples: 755328)
INFO:root:Loss: 8.5161 +/- 0.0591
INFO:root:Epoch no. 305 of 500 (samples: 755328)
INFO:root:Loss: 8.5035 +/- 0.0536
INFO:root:Epoch no. 306 of 500 (samples: 755328)
INFO:root:Loss: 8.5244 +/- 0.0658
INFO:root:Epoch no. 307 of 500 (samples: 755328)
INFO:root:Loss: 8.5072 +/- 0.0634
INFO:root:Epoch no. 308 of 500 (samples: 755328)
INFO:root:Loss: 8.4998 +/- 0.0857
INFO:root:Epoch no. 309 of 500 (samples: 755328)
INFO:root:Loss: 8.5024 +/- 0.0563
INFO:root:Epoch no. 310 of 500 (samples: 755328)
INFO:root:Loss: 8.4982 +/- 0.0689
INFO:root:Epoch no. 311 of 500 (samples: 755328)
INFO:root:Loss: 8.4995 +/- 0.0645
INFO:root:Epoch no. 312 of 500 (samples: 755328)
INFO:root:Loss: 8.4995 +/- 0.0517
INFO:root:Epoch no. 313 of 500 (samples: 755328)
INFO:root:Loss: 8.4814 +/- 0.0555
INFO:root:Epoch no. 314 of 500 (samples: 755328)
INFO:root:Loss: 8.4712 +/- 0.0679
INFO:root:Epoch no. 315 of 500 (samples: 755328)
INFO:root:Loss: 8.4837 +/- 0.0596
INFO:root:Epoch no. 316 of 500 (samples: 755328)
INFO:root:Loss: 8.4891 +/- 0.0773
INFO:root:Epoch no. 317 of 500 (samples: 755328)
INFO:root:Loss: 8.4783 +/- 0.0358
INFO:root:Epoch no. 318 of 500 (samples: 755328)
INFO:root:Loss: 8.4857 +/- 0.0617
INFO:root:Epoch no. 319 of 500 (samples: 755328)
INFO:root:Loss: 8.5066 +/- 0.05
INFO:root:Epoch no. 320 of 500 (samples: 755328)
INFO:root:Loss: 8.5 +/- 0.0819
INFO:root:Epoch no. 321 of 500 (samples: 755328)
INFO:root:Loss: 8.4659 +/- 0.0569
INFO:root:Epoch no. 322 of 500 (samples: 755328)
INFO:root:Loss: 8.4982 +/- 0.0654
INFO:root:Epoch no. 323 of 500 (samples: 755328)
INFO:root:Loss: 8.4849 +/- 0.0681
INFO:root:Epoch no. 324 of 500 (samples: 755328)
INFO:root:Loss: 8.4941 +/- 0.0813
INFO:root:Epoch no. 325 of 500 (samples: 755328)
INFO:root:Loss: 8.4817 +/- 0.0688
INFO:root:Epoch no. 326 of 500 (samples: 755328)
INFO:root:Loss: 8.4704 +/- 0.0533
INFO:root:Epoch no. 327 of 500 (samples: 755328)
INFO:root:Loss: 8.5001 +/- 0.0751
INFO:root:Epoch no. 328 of 500 (samples: 755328)
INFO:root:Loss: 8.4784 +/- 0.0417
INFO:root:Epoch no. 329 of 500 (samples: 755328)
INFO:root:Loss: 8.4899 +/- 0.0517
INFO:root:Epoch no. 330 of 500 (samples: 755328)
INFO:root:Loss: 8.5085 +/- 0.0543
INFO:root:Epoch no. 331 of 500 (samples: 755328)
INFO:root:Loss: 8.4878 +/- 0.0497
INFO:root:Epoch no. 332 of 500 (samples: 755328)
INFO:root:Loss: 8.4931 +/- 0.0703
INFO:root:Epoch no. 333 of 500 (samples: 755328)
INFO:root:Loss: 8.4902 +/- 0.0784
INFO:root:Epoch no. 334 of 500 (samples: 755328)
INFO:root:Loss: 8.4921 +/- 0.0482
INFO:root:Epoch no. 335 of 500 (samples: 755328)
INFO:root:Loss: 8.4748 +/- 0.0565
INFO:root:Epoch no. 336 of 500 (samples: 755328)
INFO:root:Loss: 8.504 +/- 0.0629
INFO:root:Epoch no. 337 of 500 (samples: 755328)
INFO:root:Loss: 8.4984 +/- 0.0662
INFO:root:Epoch no. 338 of 500 (samples: 755328)
INFO:root:Loss: 8.4885 +/- 0.0589
INFO:root:Epoch no. 339 of 500 (samples: 755328)
INFO:root:Loss: 8.4653 +/- 0.0753
INFO:root:Epoch no. 340 of 500 (samples: 755328)
INFO:root:Loss: 8.4877 +/- 0.0661
INFO:root:Epoch no. 341 of 500 (samples: 755328)
INFO:root:Loss: 8.4785 +/- 0.0944
INFO:root:Epoch no. 342 of 500 (samples: 755328)
INFO:root:Loss: 8.4789 +/- 0.062
INFO:root:Epoch no. 343 of 500 (samples: 755328)
INFO:root:Loss: 8.4648 +/- 0.0496
INFO:root:Epoch no. 344 of 500 (samples: 755328)
INFO:root:Loss: 8.5028 +/- 0.0967
INFO:root:Epoch no. 345 of 500 (samples: 755328)
INFO:root:Loss: 8.476 +/- 0.0803
INFO:root:Epoch no. 346 of 500 (samples: 755328)
INFO:root:Loss: 8.5041 +/- 0.0624
INFO:root:Epoch no. 347 of 500 (samples: 755328)
INFO:root:Loss: 8.4609 +/- 0.0529
INFO:root:Epoch no. 348 of 500 (samples: 755328)
INFO:root:Loss: 8.4737 +/- 0.0609
INFO:root:Epoch no. 349 of 500 (samples: 755328)
INFO:root:Loss: 8.4913 +/- 0.0572
INFO:root:Epoch no. 350 of 500 (samples: 755328)
INFO:root:Loss: 8.4754 +/- 0.0951
INFO:root:Epoch no. 351 of 500 (samples: 755328)
INFO:root:Loss: 8.4853 +/- 0.0722
INFO:root:Epoch no. 352 of 500 (samples: 755328)
INFO:root:Loss: 8.4803 +/- 0.0809
INFO:root:Epoch no. 353 of 500 (samples: 755328)
INFO:root:Loss: 8.4777 +/- 0.057
INFO:root:Epoch no. 354 of 500 (samples: 755328)
INFO:root:Loss: 8.4897 +/- 0.0615
INFO:root:Epoch no. 355 of 500 (samples: 755328)
INFO:root:Loss: 8.5036 +/- 0.0801
INFO:root:Epoch no. 356 of 500 (samples: 755328)
INFO:root:Loss: 8.4726 +/- 0.0466
INFO:root:Epoch no. 357 of 500 (samples: 755328)
INFO:root:Loss: 8.4894 +/- 0.038
INFO:root:Epoch no. 358 of 500 (samples: 755328)
INFO:root:Loss: 8.4789 +/- 0.0499
INFO:root:Epoch no. 359 of 500 (samples: 755328)
INFO:root:Loss: 8.474 +/- 0.0769
INFO:root:Epoch no. 360 of 500 (samples: 755328)
INFO:root:Loss: 8.4932 +/- 0.0709
INFO:root:Epoch no. 361 of 500 (samples: 755328)
INFO:root:Loss: 8.4886 +/- 0.0742
INFO:root:Epoch no. 362 of 500 (samples: 755328)
INFO:root:Loss: 8.4863 +/- 0.0715
INFO:root:Epoch no. 363 of 500 (samples: 755328)
INFO:root:Loss: 8.4887 +/- 0.062
INFO:root:Epoch no. 364 of 500 (samples: 755328)
INFO:root:Loss: 8.4647 +/- 0.0707
INFO:root:Epoch no. 365 of 500 (samples: 755328)
INFO:root:Loss: 8.4671 +/- 0.0681
INFO:root:Epoch no. 366 of 500 (samples: 755328)
INFO:root:Loss: 8.4946 +/- 0.0485
INFO:root:Epoch no. 367 of 500 (samples: 755328)
INFO:root:Loss: 8.4792 +/- 0.0697
INFO:root:Epoch no. 368 of 500 (samples: 755328)
INFO:root:Loss: 8.4575 +/- 0.0408
INFO:root:Epoch no. 369 of 500 (samples: 755328)
INFO:root:Loss: 8.4935 +/- 0.0485
INFO:root:Epoch no. 370 of 500 (samples: 755328)
INFO:root:Loss: 8.4848 +/- 0.0614
INFO:root:Epoch no. 371 of 500 (samples: 755328)
INFO:root:Loss: 8.473 +/- 0.0726
INFO:root:Epoch no. 372 of 500 (samples: 755328)
INFO:root:Loss: 8.4586 +/- 0.0596
INFO:root:Epoch no. 373 of 500 (samples: 755328)
INFO:root:Loss: 8.4689 +/- 0.0772
INFO:root:Epoch no. 374 of 500 (samples: 755328)
INFO:root:Loss: 8.4734 +/- 0.0494
INFO:root:Epoch no. 375 of 500 (samples: 755328)
INFO:root:Loss: 8.4679 +/- 0.0561
INFO:root:Epoch no. 376 of 500 (samples: 755328)
INFO:root:Loss: 8.4747 +/- 0.0932
INFO:root:Epoch no. 377 of 500 (samples: 755328)
INFO:root:Loss: 8.4884 +/- 0.064
INFO:root:Epoch no. 378 of 500 (samples: 755328)
INFO:root:Loss: 8.4727 +/- 0.0565
INFO:root:Epoch no. 379 of 500 (samples: 755328)
INFO:root:Loss: 8.4622 +/- 0.0798
INFO:root:Epoch no. 380 of 500 (samples: 755328)
INFO:root:Loss: 8.4681 +/- 0.0383
INFO:root:Epoch no. 381 of 500 (samples: 755328)
INFO:root:Loss: 8.4628 +/- 0.0779
INFO:root:Epoch no. 382 of 500 (samples: 755328)
INFO:root:Loss: 8.4636 +/- 0.048
INFO:root:Epoch no. 383 of 500 (samples: 755328)
INFO:root:Loss: 8.4763 +/- 0.0815
INFO:root:Epoch no. 384 of 500 (samples: 755328)
INFO:root:Loss: 8.4552 +/- 0.0567
INFO:root:Epoch no. 385 of 500 (samples: 755328)
INFO:root:Loss: 8.4851 +/- 0.0721
INFO:root:Epoch no. 386 of 500 (samples: 755328)
INFO:root:Loss: 8.4705 +/- 0.061
INFO:root:Epoch no. 387 of 500 (samples: 755328)
INFO:root:Loss: 8.459 +/- 0.048
INFO:root:Epoch no. 388 of 500 (samples: 755328)
INFO:root:Loss: 8.4755 +/- 0.0445
INFO:root:Epoch no. 389 of 500 (samples: 755328)
INFO:root:Loss: 8.4629 +/- 0.0766
INFO:root:Epoch no. 390 of 500 (samples: 755328)
INFO:root:Loss: 8.4653 +/- 0.0731
INFO:root:Epoch no. 391 of 500 (samples: 755328)
INFO:root:Loss: 8.4586 +/- 0.0657
INFO:root:Epoch no. 392 of 500 (samples: 755328)
INFO:root:Loss: 8.4567 +/- 0.0649
INFO:root:Epoch no. 393 of 500 (samples: 755328)
INFO:root:Loss: 8.4473 +/- 0.0474
INFO:root:Epoch no. 394 of 500 (samples: 755328)
INFO:root:Loss: 8.459 +/- 0.0635
INFO:root:Epoch no. 395 of 500 (samples: 755328)
INFO:root:Loss: 8.4634 +/- 0.0811
INFO:root:Epoch no. 396 of 500 (samples: 755328)
INFO:root:Loss: 8.4528 +/- 0.0686
INFO:root:Epoch no. 397 of 500 (samples: 755328)
INFO:root:Loss: 8.4639 +/- 0.0447
INFO:root:Epoch no. 398 of 500 (samples: 755328)
INFO:root:Loss: 8.4614 +/- 0.0641
INFO:root:Epoch no. 399 of 500 (samples: 755328)
INFO:root:Loss: 8.4674 +/- 0.0446
INFO:root:Epoch no. 400 of 500 (samples: 755328)
INFO:root:Loss: 8.4467 +/- 0.0928
INFO:root:Epoch no. 401 of 500 (samples: 755328)
INFO:root:Loss: 8.4647 +/- 0.0553
INFO:root:Epoch no. 402 of 500 (samples: 755328)
INFO:root:Loss: 8.5004 +/- 0.0377
INFO:root:Epoch no. 403 of 500 (samples: 755328)
INFO:root:Loss: 8.4679 +/- 0.0505
INFO:root:Epoch no. 404 of 500 (samples: 755328)
INFO:root:Loss: 8.4686 +/- 0.0537
INFO:root:Epoch no. 405 of 500 (samples: 755328)
INFO:root:Loss: 8.4707 +/- 0.0786
INFO:root:Epoch no. 406 of 500 (samples: 755328)
INFO:root:Loss: 8.4486 +/- 0.0557
INFO:root:Epoch no. 407 of 500 (samples: 755328)
INFO:root:Loss: 8.4605 +/- 0.0578
INFO:root:Epoch no. 408 of 500 (samples: 755328)
INFO:root:Loss: 8.4765 +/- 0.0538
INFO:root:Epoch no. 409 of 500 (samples: 755328)
INFO:root:Loss: 8.461 +/- 0.0854
INFO:root:Epoch no. 410 of 500 (samples: 755328)
INFO:root:Loss: 8.4498 +/- 0.0567
INFO:root:Epoch no. 411 of 500 (samples: 755328)
INFO:root:Loss: 8.477 +/- 0.0641
INFO:root:Epoch no. 412 of 500 (samples: 755328)
INFO:root:Loss: 8.4624 +/- 0.0538
INFO:root:Epoch no. 413 of 500 (samples: 755328)
INFO:root:Loss: 8.4565 +/- 0.0507
INFO:root:Epoch no. 414 of 500 (samples: 755328)
INFO:root:Loss: 8.4606 +/- 0.0445
INFO:root:Epoch no. 415 of 500 (samples: 755328)
INFO:root:Loss: 8.4554 +/- 0.0464
INFO:root:Epoch no. 416 of 500 (samples: 755328)
INFO:root:Loss: 8.4619 +/- 0.0712
INFO:root:Epoch no. 417 of 500 (samples: 755328)
INFO:root:Loss: 8.454 +/- 0.0604
INFO:root:Epoch no. 418 of 500 (samples: 755328)
INFO:root:Loss: 8.4638 +/- 0.0627
INFO:root:Epoch no. 419 of 500 (samples: 755328)
INFO:root:Loss: 8.4603 +/- 0.0683
INFO:root:Epoch no. 420 of 500 (samples: 755328)
INFO:root:Loss: 8.4516 +/- 0.0722
INFO:root:Epoch no. 421 of 500 (samples: 755328)
INFO:root:Loss: 8.4569 +/- 0.0563
INFO:root:Epoch no. 422 of 500 (samples: 755328)
INFO:root:Loss: 8.468 +/- 0.06
INFO:root:Epoch no. 423 of 500 (samples: 755328)
INFO:root:Loss: 8.4511 +/- 0.0801
INFO:root:Epoch no. 424 of 500 (samples: 755328)
INFO:root:Loss: 8.4565 +/- 0.0633
INFO:root:Epoch no. 425 of 500 (samples: 755328)
INFO:root:Loss: 8.449 +/- 0.0595
INFO:root:Epoch no. 426 of 500 (samples: 755328)
INFO:root:Loss: 8.4772 +/- 0.0637
INFO:root:Epoch no. 427 of 500 (samples: 755328)
INFO:root:Loss: 8.4481 +/- 0.0589
INFO:root:Epoch no. 428 of 500 (samples: 755328)
INFO:root:Loss: 8.4232 +/- 0.0811
INFO:root:Epoch no. 429 of 500 (samples: 755328)
INFO:root:Loss: 8.4607 +/- 0.0715
INFO:root:Epoch no. 430 of 500 (samples: 755328)
INFO:root:Loss: 8.4597 +/- 0.0604
INFO:root:Epoch no. 431 of 500 (samples: 755328)
INFO:root:Loss: 8.4462 +/- 0.071
INFO:root:Epoch no. 432 of 500 (samples: 755328)
INFO:root:Loss: 8.4535 +/- 0.0319
INFO:root:Epoch no. 433 of 500 (samples: 755328)
INFO:root:Loss: 8.4392 +/- 0.0504
INFO:root:Epoch no. 434 of 500 (samples: 755328)
INFO:root:Loss: 8.442 +/- 0.0608
INFO:root:Epoch no. 435 of 500 (samples: 755328)
INFO:root:Loss: 8.4603 +/- 0.0578
INFO:root:Epoch no. 436 of 500 (samples: 755328)
INFO:root:Loss: 8.4575 +/- 0.0472
INFO:root:Epoch no. 437 of 500 (samples: 755328)
INFO:root:Loss: 8.4655 +/- 0.0566
INFO:root:Epoch no. 438 of 500 (samples: 755328)
INFO:root:Loss: 8.4658 +/- 0.0552
INFO:root:Epoch no. 439 of 500 (samples: 755328)
INFO:root:Loss: 8.4536 +/- 0.0541
INFO:root:Epoch no. 440 of 500 (samples: 755328)
INFO:root:Loss: 8.4559 +/- 0.0579
INFO:root:Epoch no. 441 of 500 (samples: 755328)
INFO:root:Loss: 8.448 +/- 0.0593
INFO:root:Epoch no. 442 of 500 (samples: 755328)
INFO:root:Loss: 8.4656 +/- 0.0378
INFO:root:Epoch no. 443 of 500 (samples: 755328)
INFO:root:Loss: 8.4607 +/- 0.0476
INFO:root:Epoch no. 444 of 500 (samples: 755328)
INFO:root:Loss: 8.4243 +/- 0.059
INFO:root:Epoch no. 445 of 500 (samples: 755328)
INFO:root:Loss: 8.4503 +/- 0.069
INFO:root:Epoch no. 446 of 500 (samples: 755328)
INFO:root:Loss: 8.4507 +/- 0.0666
INFO:root:Epoch no. 447 of 500 (samples: 755328)
INFO:root:Loss: 8.4558 +/- 0.0535
INFO:root:Epoch no. 448 of 500 (samples: 755328)
INFO:root:Loss: 8.4442 +/- 0.043
INFO:root:Epoch no. 449 of 500 (samples: 755328)
INFO:root:Loss: 8.4649 +/- 0.0627
INFO:root:Epoch no. 450 of 500 (samples: 755328)
INFO:root:Loss: 8.4498 +/- 0.078
INFO:root:Epoch no. 451 of 500 (samples: 755328)
INFO:root:Loss: 8.454 +/- 0.0719
INFO:root:Epoch no. 452 of 500 (samples: 755328)
INFO:root:Loss: 8.4558 +/- 0.0783
INFO:root:Epoch no. 453 of 500 (samples: 755328)
INFO:root:Loss: 8.4536 +/- 0.0601
INFO:root:Epoch no. 454 of 500 (samples: 755328)
INFO:root:Loss: 8.4536 +/- 0.0537
INFO:root:Epoch no. 455 of 500 (samples: 755328)
INFO:root:Loss: 8.4638 +/- 0.0685
INFO:root:Epoch no. 456 of 500 (samples: 755328)
INFO:root:Loss: 8.4557 +/- 0.0788
INFO:root:Epoch no. 457 of 500 (samples: 755328)
INFO:root:Loss: 8.4468 +/- 0.0733
INFO:root:Epoch no. 458 of 500 (samples: 755328)
INFO:root:Loss: 8.4722 +/- 0.0721
INFO:root:Epoch no. 459 of 500 (samples: 755328)
INFO:root:Loss: 8.4465 +/- 0.0333
INFO:root:Epoch no. 460 of 500 (samples: 755328)
INFO:root:Loss: 8.4669 +/- 0.0272
INFO:root:Epoch no. 461 of 500 (samples: 755328)
INFO:root:Loss: 8.4426 +/- 0.0802
INFO:root:Epoch no. 462 of 500 (samples: 755328)
INFO:root:Loss: 8.4499 +/- 0.0408
INFO:root:Epoch no. 463 of 500 (samples: 755328)
INFO:root:Loss: 8.4523 +/- 0.0765
INFO:root:Epoch no. 464 of 500 (samples: 755328)
INFO:root:Loss: 8.4728 +/- 0.0527
INFO:root:Epoch no. 465 of 500 (samples: 755328)
INFO:root:Loss: 8.4635 +/- 0.0703
INFO:root:Epoch no. 466 of 500 (samples: 755328)
INFO:root:Loss: 8.4584 +/- 0.0482
INFO:root:Epoch no. 467 of 500 (samples: 755328)
INFO:root:Loss: 8.459 +/- 0.0604
INFO:root:Epoch no. 468 of 500 (samples: 755328)
INFO:root:Loss: 8.4442 +/- 0.0663
INFO:root:Epoch no. 469 of 500 (samples: 755328)
INFO:root:Loss: 8.4629 +/- 0.0567
INFO:root:Epoch no. 470 of 500 (samples: 755328)
INFO:root:Loss: 8.4685 +/- 0.0607
INFO:root:Epoch no. 471 of 500 (samples: 755328)
INFO:root:Loss: 8.4444 +/- 0.0441
INFO:root:Epoch no. 472 of 500 (samples: 755328)
INFO:root:Loss: 8.464 +/- 0.0487
INFO:root:Epoch no. 473 of 500 (samples: 755328)
INFO:root:Loss: 8.4596 +/- 0.0609
INFO:root:Epoch no. 474 of 500 (samples: 755328)
INFO:root:Loss: 8.4563 +/- 0.0448
INFO:root:Epoch no. 475 of 500 (samples: 755328)
INFO:root:Loss: 8.4749 +/- 0.0651
INFO:root:Epoch no. 476 of 500 (samples: 755328)
INFO:root:Loss: 8.4392 +/- 0.0715
INFO:root:Epoch no. 477 of 500 (samples: 755328)
INFO:root:Loss: 8.4687 +/- 0.0686
INFO:root:Epoch no. 478 of 500 (samples: 755328)
INFO:root:Loss: 8.4571 +/- 0.0907
INFO:root:Epoch no. 479 of 500 (samples: 755328)
INFO:root:Loss: 8.4523 +/- 0.0683
INFO:root:Epoch no. 480 of 500 (samples: 755328)
INFO:root:Loss: 8.4857 +/- 0.0836
INFO:root:Epoch no. 481 of 500 (samples: 755328)
INFO:root:Loss: 8.4606 +/- 0.0706
INFO:root:Epoch no. 482 of 500 (samples: 755328)
INFO:root:Loss: 8.4518 +/- 0.0771
INFO:root:Epoch no. 483 of 500 (samples: 755328)
INFO:root:Loss: 8.4617 +/- 0.0514
INFO:root:Epoch no. 484 of 500 (samples: 755328)
INFO:root:Loss: 8.4814 +/- 0.058
INFO:root:Epoch no. 485 of 500 (samples: 755328)
INFO:root:Loss: 8.4641 +/- 0.0498
INFO:root:Epoch no. 486 of 500 (samples: 755328)
INFO:root:Loss: 8.4533 +/- 0.0432
INFO:root:Epoch no. 487 of 500 (samples: 755328)
INFO:root:Loss: 8.4542 +/- 0.0417
INFO:root:Epoch no. 488 of 500 (samples: 755328)
INFO:root:Loss: 8.4716 +/- 0.0558
INFO:root:Epoch no. 489 of 500 (samples: 755328)
INFO:root:Loss: 8.4561 +/- 0.0755
INFO:root:Epoch no. 490 of 500 (samples: 755328)
INFO:root:Loss: 8.4581 +/- 0.0645
INFO:root:Epoch no. 491 of 500 (samples: 755328)
INFO:root:Loss: 8.4723 +/- 0.0552
INFO:root:Epoch no. 492 of 500 (samples: 755328)
INFO:root:Loss: 8.4563 +/- 0.0661
INFO:root:Epoch no. 493 of 500 (samples: 755328)
INFO:root:Loss: 8.4631 +/- 0.0534
INFO:root:Epoch no. 494 of 500 (samples: 755328)
INFO:root:Loss: 8.4375 +/- 0.058
INFO:root:Epoch no. 495 of 500 (samples: 755328)
INFO:root:Loss: 8.444 +/- 0.059
INFO:root:Epoch no. 496 of 500 (samples: 755328)
INFO:root:Loss: 8.481 +/- 0.0704
INFO:root:Epoch no. 497 of 500 (samples: 755328)
INFO:root:Loss: 8.4431 +/- 0.0813
INFO:root:Epoch no. 498 of 500 (samples: 755328)
INFO:root:Loss: 8.4514 +/- 0.0663
INFO:root:Epoch no. 499 of 500 (samples: 755328)
INFO:root:Loss: 8.437 +/- 0.065
INFO:root:Epoch no. 500 of 500 (samples: 755328)
INFO:root:Loss: 8.44 +/- 0.0587
/usr/local/lib/python3.5/dist-packages/keras/backend/theano_backend.py:527: UserWarning: theano.function was asked to create a function computing outputs given certain inputs, but the provided input variable at index 2 is not part of the computational graph needed to compute the outputs: keras_learning_phase.
To make this warning into an error, you can pass the parameter on_unused_input='raise' to theano.function. To disable it completely, use on_unused_input='ignore'.
  **kwargs)
INFO:root:### MICRO (validation raw):
INFO:root:	-- left   >> mean: 5581.1148, median: 794.0, mrr: 0.019, hits@1: 0.48%
INFO:root:	-- right  >> mean: 793.7818, median: 62.5, mrr: 0.125, hits@1: 7.24%
INFO:root:	-- global >> mean: 3187.4483, median: 204.0, mrr: 0.072, hits@1: 3.86%
INFO:root:### MICRO (validation raw):
INFO:root:	-- left   >> mean: 5581.1148, median: 794.0, mrr: 0.019, hits@3: 1.48%
INFO:root:	-- right  >> mean: 793.7818, median: 62.5, mrr: 0.125, hits@3: 12.46%
INFO:root:	-- global >> mean: 3187.4483, median: 204.0, mrr: 0.072, hits@3: 6.97%
INFO:root:### MICRO (validation raw):
INFO:root:	-- left   >> mean: 5581.1148, median: 794.0, mrr: 0.019, hits@5: 2.22%
INFO:root:	-- right  >> mean: 793.7818, median: 62.5, mrr: 0.125, hits@5: 15.44%
INFO:root:	-- global >> mean: 3187.4483, median: 204.0, mrr: 0.072, hits@5: 8.83%
INFO:root:### MICRO (validation raw):
INFO:root:	-- left   >> mean: 5581.1148, median: 794.0, mrr: 0.019, hits@10: 3.9%
INFO:root:	-- right  >> mean: 793.7818, median: 62.5, mrr: 0.125, hits@10: 21.48%
INFO:root:	-- global >> mean: 3187.4483, median: 204.0, mrr: 0.072, hits@10: 12.69%
INFO:root:### MICRO (validation filtered):
INFO:root:	-- left   >> mean: 3440.202, median: 738.5, mrr: 0.025, hits@1: 0.78%
INFO:root:	-- right  >> mean: 790.6574, median: 59.0, mrr: 0.134, hits@1: 7.94%
INFO:root:	-- global >> mean: 2115.4297, median: 190.0, mrr: 0.079, hits@1: 4.36%
INFO:root:### MICRO (validation filtered):
INFO:root:	-- left   >> mean: 3440.202, median: 738.5, mrr: 0.025, hits@3: 2.22%
INFO:root:	-- right  >> mean: 790.6574, median: 59.0, mrr: 0.134, hits@3: 13.46%
INFO:root:	-- global >> mean: 2115.4297, median: 190.0, mrr: 0.079, hits@3: 7.84%
INFO:root:### MICRO (validation filtered):
INFO:root:	-- left   >> mean: 3440.202, median: 738.5, mrr: 0.025, hits@5: 3.08%
INFO:root:	-- right  >> mean: 790.6574, median: 59.0, mrr: 0.134, hits@5: 16.62%
INFO:root:	-- global >> mean: 2115.4297, median: 190.0, mrr: 0.079, hits@5: 9.85%
INFO:root:### MICRO (validation filtered):
INFO:root:	-- left   >> mean: 3440.202, median: 738.5, mrr: 0.025, hits@10: 4.76%
INFO:root:	-- right  >> mean: 790.6574, median: 59.0, mrr: 0.134, hits@10: 23.06%
INFO:root:	-- global >> mean: 2115.4297, median: 190.0, mrr: 0.079, hits@10: 13.91%
INFO:root:### MICRO (test raw):
INFO:root:	-- left   >> mean: 5733.7968, median: 727.0, mrr: 0.021, hits@1: 0.62%
INFO:root:	-- right  >> mean: 906.6796, median: 62.5, mrr: 0.117, hits@1: 6.78%
INFO:root:	-- global >> mean: 3320.2382, median: 205.0, mrr: 0.069, hits@1: 3.7%
INFO:root:### MICRO (test raw):
INFO:root:	-- left   >> mean: 5733.7968, median: 727.0, mrr: 0.021, hits@3: 1.7%
INFO:root:	-- right  >> mean: 906.6796, median: 62.5, mrr: 0.117, hits@3: 11.36%
INFO:root:	-- global >> mean: 3320.2382, median: 205.0, mrr: 0.069, hits@3: 6.53%
INFO:root:### MICRO (test raw):
INFO:root:	-- left   >> mean: 5733.7968, median: 727.0, mrr: 0.021, hits@5: 2.66%
INFO:root:	-- right  >> mean: 906.6796, median: 62.5, mrr: 0.117, hits@5: 13.76%
INFO:root:	-- global >> mean: 3320.2382, median: 205.0, mrr: 0.069, hits@5: 8.21%
INFO:root:### MICRO (test raw):
INFO:root:	-- left   >> mean: 5733.7968, median: 727.0, mrr: 0.021, hits@10: 4.36%
INFO:root:	-- right  >> mean: 906.6796, median: 62.5, mrr: 0.117, hits@10: 20.22%
INFO:root:	-- global >> mean: 3320.2382, median: 205.0, mrr: 0.069, hits@10: 12.29%
INFO:root:### MICRO (test filtered):
INFO:root:	-- left   >> mean: 3658.3838, median: 661.0, mrr: 0.026, hits@1: 0.78%
INFO:root:	-- right  >> mean: 903.4778, median: 58.0, mrr: 0.124, hits@1: 7.26%
INFO:root:	-- global >> mean: 2280.9308, median: 187.5, mrr: 0.075, hits@1: 4.02%
INFO:root:### MICRO (test filtered):
INFO:root:	-- left   >> mean: 3658.3838, median: 661.0, mrr: 0.026, hits@3: 2.28%
INFO:root:	-- right  >> mean: 903.4778, median: 58.0, mrr: 0.124, hits@3: 12.34%
INFO:root:	-- global >> mean: 2280.9308, median: 187.5, mrr: 0.075, hits@3: 7.31%
INFO:root:### MICRO (test filtered):
INFO:root:	-- left   >> mean: 3658.3838, median: 661.0, mrr: 0.026, hits@5: 3.56%
INFO:root:	-- right  >> mean: 903.4778, median: 58.0, mrr: 0.124, hits@5: 14.98%
INFO:root:	-- global >> mean: 2280.9308, median: 187.5, mrr: 0.075, hits@5: 9.27%
INFO:root:### MICRO (test filtered):
INFO:root:	-- left   >> mean: 3658.3838, median: 661.0, mrr: 0.026, hits@10: 5.6%
INFO:root:	-- right  >> mean: 903.4778, median: 58.0, mrr: 0.124, hits@10: 21.62%
INFO:root:	-- global >> mean: 2280.9308, median: 187.5, mrr: 0.075, hits@10: 13.61%
